2024-04-17 11:11 | INFO | Paramaters are: {'dataset': 'ASP-POTASSCO', 'penalty': 10, 'weight': 'No_Weight', 'voting': 'Hard', 'pre_selection_size': 64, 'pre_selection_technique': 'No_pre_selection', 'feature_elimination_threshold': 20, 'imputer_strategy': 'median', 'feature_selection_technique': 'No_feature_selection', 'feature_scaling_technique': 'StandardScaler', 'initial_train_size': 20, 'query_size': 1, 'timeout_predictor_usage': 'No', 'timeout_limit': 3600, 'timeout_increase_rate': 100, 'RANDOM_STATE_SEED': 99, 'n_splits': 10, 'split_number': 2, 'max_timeout': 3600, 'param_grid': {'n_estimators': 100, 'criterion': 'gini', 'max_features': 'sqrt', 'max_depth': 2147483648, 'min_samples_split': 2, 'bootstrap': True}}
2024-04-17 11:11 | INFO | ASP-POTASSCO is current dataset
2024-04-17 11:11 | INFO | DATASETS/ASP-POTASSCO/algorithm_runs.arff is found
2024-04-17 11:11 | INFO | DATASETS/ASP-POTASSCO/algorithm_runs.arff is finished
2024-04-17 11:11 | INFO | DATASETS/ASP-POTASSCO/feature_values.arff is found
2024-04-17 11:11 | INFO | DATASETS/ASP-POTASSCO/feature_values.arff is finished
2024-04-17 11:11 | INFO | DATASETS/ASP-POTASSCO/feature_costs.arff is found
2024-04-17 11:11 | INFO | DATASETS/ASP-POTASSCO/feature_costs.arff is finished
2024-04-17 11:11 | INFO | Virtual best solver time in train = 22701.88
2024-04-17 11:11 | INFO | Single best solver list train = {'clasp/2.1.3/h1-n1': 3258700.49, 'clasp/2.1.3/h10-n1': 5136157.06, 'clasp/2.1.3/h11-n1': 6866586.82, 'clasp/2.1.3/h2-n1': 5314606.47, 'clasp/2.1.3/h3-n1': 5806279.3, 'clasp/2.1.3/h4-n1': 3847479.24, 'clasp/2.1.3/h5-n1': 4989805.06, 'clasp/2.1.3/h6-n1': 4026992.67, 'clasp/2.1.3/h7-n1': 6608634.96, 'clasp/2.1.3/h8-n1': 2994623.75, 'clasp/2.1.3/h9-n1': 4709378.75}
2024-04-17 11:11 | INFO | Single best solver time train = clasp/2.1.3/h8-n1 (2994623.75)
2024-04-17 11:11 | INFO | Virtual best solver time in validation = 3112.14
2024-04-17 11:11 | INFO | Single best solver list validation = {'clasp/2.1.3/h1-n1': 268313.05, 'clasp/2.1.3/h10-n1': 724853.84, 'clasp/2.1.3/h11-n1': 2460929.86, 'clasp/2.1.3/h2-n1': 618498.88, 'clasp/2.1.3/h3-n1': 2138784.19, 'clasp/2.1.3/h4-n1': 842885.6, 'clasp/2.1.3/h5-n1': 295414.08, 'clasp/2.1.3/h6-n1': 617801.1, 'clasp/2.1.3/h7-n1': 842603.16, 'clasp/2.1.3/h8-n1': 1012991.22, 'clasp/2.1.3/h9-n1': 1707214.58}
2024-04-17 11:11 | INFO | Single best solver time validation = clasp/2.1.3/h1-n1 (268313.05)
2024-04-17 11:11 | INFO | Virtual best solver time in test = 1464.29
2024-04-17 11:11 | INFO | Single best solver list test = {'clasp/2.1.3/h1-n1': 149917.76, 'clasp/2.1.3/h10-n1': 471507.1, 'clasp/2.1.3/h11-n1': 940818.7, 'clasp/2.1.3/h2-n1': 507999.25, 'clasp/2.1.3/h3-n1': 908938.53, 'clasp/2.1.3/h4-n1': 294485.04, 'clasp/2.1.3/h5-n1': 364135.58, 'clasp/2.1.3/h6-n1': 506886.72, 'clasp/2.1.3/h7-n1': 615642.77, 'clasp/2.1.3/h8-n1': 187495.14, 'clasp/2.1.3/h9-n1': 617535.31}
2024-04-17 11:11 | INFO | Single best solver time test = clasp/2.1.3/h1-n1 (149917.76)
2024-04-17 11:14 | INFO | Passive Learning Runtime on Validation Set: 437312.11
2024-04-17 11:14 | INFO | Passive Learning Runtime on Test Set: 75514.94
2024-04-17 11:14 | INFO | Passive Learning Instance Cost: 5639644.59
2024-04-17 11:16 | INFO | Initial Active Learning Runtime on Validation Set: 763217.43
2024-04-17 11:16 | INFO | Initial Active Learning Runtime on Test Set: 257059.17
2024-04-17 11:16 | INFO | Initial Active Learning Instance Cost: 101980.26
2024-04-17 11:16 | INFO | Bin size = 394
2024-04-17 11:16 | INFO | Query 1 Size of the uncertainty table is = 39325/39325
2024-04-17 11:16 | INFO | Query 1 Size of the filtered table is = 394
2024-04-17 11:19 | INFO | Query 1 Active Learning Runtime on Validation Set: 259844.75
2024-04-17 11:19 | INFO | Query 1 Active Learning Runtime on Test Set: 41415.24
2024-04-17 11:19 | INFO | Query 1 Active Learning Instance Cost: 662736.52
2024-04-17 11:19 | INFO | Query 2 Size of the uncertainty table is = 38606/39325
2024-04-17 11:19 | INFO | Query 2 Size of the filtered table is = 394
2024-04-17 11:21 | INFO | Query 2 Active Learning Runtime on Validation Set: 438344.74
2024-04-17 11:21 | INFO | Query 2 Active Learning Runtime on Test Set: 40169.4
2024-04-17 11:21 | INFO | Query 2 Active Learning Instance Cost: 1063932.43
2024-04-17 11:21 | INFO | Timeout limit is increased to 3600
2024-04-17 11:21 | INFO | Query 3 Size of the uncertainty table is = 37382/39325
2024-04-17 11:21 | INFO | Query 3 Size of the filtered table is = 394
2024-04-17 11:24 | INFO | Query 3 Active Learning Runtime on Validation Set: 331417.93
2024-04-17 11:24 | INFO | Query 3 Active Learning Runtime on Test Set: 112220.24
2024-04-17 11:24 | INFO | Query 3 Active Learning Instance Cost: 1439168.87
2024-04-17 11:24 | INFO | Query 4 Size of the uncertainty table is = 35774/39325
2024-04-17 11:24 | INFO | Query 4 Size of the filtered table is = 394
2024-04-17 11:27 | INFO | Query 4 Active Learning Runtime on Validation Set: 115544.52
2024-04-17 11:27 | INFO | Query 4 Active Learning Runtime on Test Set: 76736.85
2024-04-17 11:27 | INFO | Query 4 Active Learning Instance Cost: 1783006.3
2024-04-17 11:27 | INFO | Query 5 Size of the uncertainty table is = 33793/39325
2024-04-17 11:27 | INFO | Query 5 Size of the filtered table is = 394
2024-04-17 11:29 | INFO | Query 5 Active Learning Runtime on Validation Set: 152446.33000000002
2024-04-17 11:29 | INFO | Query 5 Active Learning Runtime on Test Set: 40882.77
2024-04-17 11:29 | INFO | Query 5 Active Learning Instance Cost: 2019656.59
2024-04-17 11:29 | INFO | Timeout limit is increased to 3600
2024-04-17 11:29 | INFO | Query 6 Size of the uncertainty table is = 31676/39325
2024-04-17 11:29 | INFO | Query 6 Size of the filtered table is = 394
2024-04-17 11:32 | INFO | Query 6 Active Learning Runtime on Validation Set: 79602.94
2024-04-17 11:32 | INFO | Query 6 Active Learning Runtime on Test Set: 40895.81
2024-04-17 11:32 | INFO | Query 6 Active Learning Instance Cost: 2412684.21
2024-04-17 11:32 | INFO | Query 7 Size of the uncertainty table is = 29176/39325
2024-04-17 11:32 | INFO | Query 7 Size of the filtered table is = 394
2024-04-17 11:35 | INFO | Query 7 Active Learning Runtime on Validation Set: 187933.02000000002
2024-04-17 11:35 | INFO | Query 7 Active Learning Runtime on Test Set: 76349.02
2024-04-17 11:35 | INFO | Query 7 Active Learning Instance Cost: 2656777.46
2024-04-17 11:35 | INFO | Timeout limit is increased to 3600
2024-04-17 11:35 | INFO | Query 8 Size of the uncertainty table is = 26602/39325
2024-04-17 11:35 | INFO | Query 8 Size of the filtered table is = 394
2024-04-17 11:37 | INFO | Query 8 Active Learning Runtime on Validation Set: 187511.15
2024-04-17 11:37 | INFO | Query 8 Active Learning Runtime on Test Set: 75386.68000000001
2024-04-17 11:37 | INFO | Query 8 Active Learning Instance Cost: 2890882.21
2024-04-17 11:37 | INFO | Query 9 Size of the uncertainty table is = 24063/39325
2024-04-17 11:37 | INFO | Query 9 Size of the filtered table is = 394
2024-04-17 11:40 | INFO | Query 9 Active Learning Runtime on Validation Set: 295572.60000000003
2024-04-17 11:40 | INFO | Query 9 Active Learning Runtime on Test Set: 74900.14000000001
2024-04-17 11:40 | INFO | Query 9 Active Learning Instance Cost: 3110083.37
2024-04-17 11:40 | INFO | Timeout limit is increased to 3600
2024-04-17 11:40 | INFO | Query 10 Size of the uncertainty table is = 21311/39325
2024-04-17 11:40 | INFO | Query 10 Size of the filtered table is = 394
2024-04-17 11:43 | INFO | Query 10 Active Learning Runtime on Validation Set: 367698.60000000003
2024-04-17 11:43 | INFO | Query 10 Active Learning Runtime on Test Set: 75110.56000000001
2024-04-17 11:43 | INFO | Query 10 Active Learning Instance Cost: 3325696.59
2024-04-17 11:43 | INFO | Timeout limit is increased to 3600
2024-04-17 11:43 | INFO | Query 11 Size of the uncertainty table is = 18652/39325
2024-04-17 11:43 | INFO | Query 11 Size of the filtered table is = 394
2024-04-17 11:46 | INFO | Query 11 Active Learning Runtime on Validation Set: 474854.04
2024-04-17 11:46 | INFO | Query 11 Active Learning Runtime on Test Set: 74818.74
2024-04-17 11:46 | INFO | Query 11 Active Learning Instance Cost: 3543667.22
2024-04-17 11:46 | INFO | Timeout limit is increased to 3600
2024-04-17 11:46 | INFO | Query 12 Size of the uncertainty table is = 16065/39325
2024-04-17 11:46 | INFO | Query 12 Size of the filtered table is = 394
2024-04-17 11:48 | INFO | Query 12 Active Learning Runtime on Validation Set: 366602.65
2024-04-17 11:48 | INFO | Query 12 Active Learning Runtime on Test Set: 75023.86
2024-04-17 11:48 | INFO | Query 12 Active Learning Instance Cost: 3817621.67
2024-04-17 11:48 | INFO | Query 13 Size of the uncertainty table is = 13513/39325
2024-04-17 11:48 | INFO | Query 13 Size of the filtered table is = 394
2024-04-17 11:51 | INFO | Query 13 Active Learning Runtime on Validation Set: 367078.44
2024-04-17 11:51 | INFO | Query 13 Active Learning Runtime on Test Set: 74640.33
2024-04-17 11:51 | INFO | Query 13 Active Learning Instance Cost: 4178149.41
2024-04-17 11:51 | INFO | Timeout limit is increased to 3600
2024-04-17 11:51 | INFO | Query 14 Size of the uncertainty table is = 10827/39325
2024-04-17 11:51 | INFO | Query 14 Size of the filtered table is = 394
2024-04-17 11:54 | INFO | Query 14 Active Learning Runtime on Validation Set: 402460.52
2024-04-17 11:54 | INFO | Query 14 Active Learning Runtime on Test Set: 75015.42000000001
2024-04-17 11:54 | INFO | Query 14 Active Learning Instance Cost: 4762136.2
2024-04-17 11:54 | INFO | Timeout limit is increased to 3600
2024-04-17 11:54 | INFO | Query 15 Size of the uncertainty table is = 8173/39325
2024-04-17 11:54 | INFO | Query 15 Size of the filtered table is = 394
2024-04-17 11:57 | INFO | Query 15 Active Learning Runtime on Validation Set: 330593.69
2024-04-17 11:57 | INFO | Query 15 Active Learning Runtime on Test Set: 74978.56000000001
2024-04-17 11:57 | INFO | Query 15 Active Learning Instance Cost: 5225039.38
2024-04-17 11:57 | INFO | Query 16 Size of the uncertainty table is = 5848/39325
2024-04-17 11:57 | INFO | Query 16 Size of the filtered table is = 394
2024-04-17 12:00 | INFO | Query 16 Active Learning Runtime on Validation Set: 402257.23
2024-04-17 12:00 | INFO | Query 16 Active Learning Runtime on Test Set: 75034.81000000001
2024-04-17 12:00 | INFO | Query 16 Active Learning Instance Cost: 5441721.63
2024-04-17 12:00 | INFO | Timeout limit is increased to 3600
2024-04-17 12:00 | INFO | Query 17 Size of the uncertainty table is = 3674/39325
2024-04-17 12:00 | INFO | Query 17 Size of the filtered table is = 394
2024-04-17 12:03 | INFO | Query 17 Active Learning Runtime on Validation Set: 475299.66000000003
2024-04-17 12:03 | INFO | Query 17 Active Learning Runtime on Test Set: 75142.81000000001
2024-04-17 12:03 | INFO | Query 17 Active Learning Instance Cost: 5566363.84
2024-04-17 12:03 | INFO | Timeout limit is increased to 3600
2024-04-17 12:03 | INFO | Query 18 Size of the uncertainty table is = 1702/39325
2024-04-17 12:03 | INFO | Query 18 Size of the filtered table is = 394
2024-04-17 12:06 | INFO | Query 18 Active Learning Runtime on Validation Set: 402081.54
2024-04-17 12:06 | INFO | Query 18 Active Learning Runtime on Test Set: 75146.04000000001
2024-04-17 12:06 | INFO | Query 18 Active Learning Instance Cost: 5627642.1
2024-04-17 12:06 | INFO | Query 19 Size of the uncertainty table is = 346/39325
2024-04-17 12:06 | INFO | Query 19 Size of the filtered table is = 346
2024-04-17 12:09 | INFO | Query 19 Active Learning Runtime on Validation Set: 403029.85000000003
2024-04-17 12:09 | INFO | Query 19 Active Learning Runtime on Test Set: 75142.36
2024-04-17 12:09 | INFO | Query 19 Active Learning Instance Cost: 5639644.59
2024-04-17 12:09 | INFO | Timeout limit is increased to 3600
2024-04-17 12:09 | INFO | runtime_test_score is written as json file
2024-04-17 12:09 | INFO | runtime_validation_score is written as json file
2024-04-17 12:09 | INFO | instance_cost is written as json file
2024-04-17 12:09 | INFO | Experiment is finished
