2024-04-17 10:41 | INFO | Paramaters are: {'dataset': 'QBF-2011', 'penalty': 10, 'weight': 'No_Weight', 'voting': 'Hard', 'pre_selection_size': 64, 'pre_selection_technique': 'No_pre_selection', 'feature_elimination_threshold': 20, 'imputer_strategy': 'median', 'feature_selection_technique': 'No_feature_selection', 'feature_scaling_technique': 'StandardScaler', 'initial_train_size': 20, 'query_size': 1, 'timeout_predictor_usage': 'Yes', 'timeout_limit': 3600, 'timeout_increase_rate': 100, 'RANDOM_STATE_SEED': 99, 'n_splits': 10, 'split_number': 0, 'max_timeout': 3600, 'param_grid': {'n_estimators': 100, 'criterion': 'gini', 'max_features': 'sqrt', 'max_depth': 2147483648, 'min_samples_split': 2, 'bootstrap': True}}
2024-04-17 10:41 | INFO | QBF-2011 is current dataset
2024-04-17 10:41 | INFO | DATASETS/QBF-2011/algorithm_runs.csv is found
2024-04-17 10:41 | INFO | DATASETS/QBF-2011/algorithm_runs.csv is finished
2024-04-17 10:41 | INFO | DATASETS/QBF-2011/feature_values.csv is found
2024-04-17 10:41 | INFO | DATASETS/QBF-2011/feature_values.csv is finished
2024-04-17 10:41 | INFO | Virtual best solver time in train = 71082.64
2024-04-17 10:41 | INFO | Single best solver list train = {'2clsQ': 13477070.61, 'QuBE': 10085183.11, 'quantor': 17914582.96, 'sKizzo': 6433585.75, 'sSolve': 8634513.49}
2024-04-17 10:41 | INFO | Single best solver time train = sKizzo (6433585.75)
2024-04-17 10:41 | INFO | Virtual best solver time in validation = 18430.17
2024-04-17 10:41 | INFO | Single best solver list validation = {'2clsQ': 3181452.56, 'QuBE': 2386155.1, 'quantor': 3534343.59, 'sKizzo': 2318764.35, 'sSolve': 2971153.09}
2024-04-17 10:41 | INFO | Single best solver time validation = sKizzo (2318764.35)
2024-04-17 10:41 | INFO | Virtual best solver time in test = 11639.1
2024-04-17 10:41 | INFO | Single best solver list test = {'2clsQ': 1975225.25, 'QuBE': 1448769.0, 'quantor': 2592816.05, 'sKizzo': 915323.5, 'sSolve': 1034518.72}
2024-04-17 10:41 | INFO | Single best solver time test = sKizzo (915323.5)
2024-04-17 10:42 | INFO | Passive Learning Runtime on Validation Set: 1386774.44
2024-04-17 10:42 | INFO | Passive Learning Runtime on Test Set: 262882.89
2024-04-17 10:42 | INFO | Passive Learning Instance Cost: 6098135.92
2024-04-17 10:42 | INFO | Initial Active Learning Runtime on Validation Set: 1348577.18
2024-04-17 10:42 | INFO | Initial Active Learning Runtime on Test Set: 521242.25
2024-04-17 10:42 | INFO | Initial Active Learning Instance Cost: 191507.08
2024-04-17 10:42 | INFO | Bin size = 74
2024-04-17 10:42 | INFO | Query 1 Size of the uncertainty table is = 7380/7380
2024-04-17 10:42 | INFO | Query 1 Size of the filtered table is = 74
2024-04-17 10:42 | INFO | Query 1 Active Learning Runtime on Validation Set: 1567293.73
2024-04-17 10:42 | INFO | Query 1 Active Learning Runtime on Test Set: 415362.9
2024-04-17 10:42 | INFO | Query 1 Active Learning Instance Cost: 317257.2
2024-04-17 10:42 | INFO | Timeout limit is increased to 3600
2024-04-17 10:42 | INFO | Query 2 Size of the uncertainty table is = 7306/7380
2024-04-17 10:42 | INFO | Query 2 Size of the filtered table is = 74
2024-04-17 10:43 | INFO | Query 2 Active Learning Runtime on Validation Set: 1747054.98
2024-04-17 10:43 | INFO | Query 2 Active Learning Runtime on Test Set: 415067.18
2024-04-17 10:43 | INFO | Query 2 Active Learning Instance Cost: 513761.04
2024-04-17 10:43 | INFO | Timeout limit is increased to 3600
2024-04-17 10:43 | INFO | Query 3 Size of the uncertainty table is = 7220/7380
2024-04-17 10:43 | INFO | Query 3 Size of the filtered table is = 74
2024-04-17 10:43 | INFO | Query 3 Active Learning Runtime on Validation Set: 1387052.0
2024-04-17 10:43 | INFO | Query 3 Active Learning Runtime on Test Set: 486975.96
2024-04-17 10:43 | INFO | Query 3 Active Learning Instance Cost: 774520.38
2024-04-17 10:43 | INFO | Query 4 Size of the uncertainty table is = 7132/7380
2024-04-17 10:43 | INFO | Query 4 Size of the filtered table is = 74
2024-04-17 10:43 | INFO | Query 4 Active Learning Runtime on Validation Set: 1535408.0
2024-04-17 10:43 | INFO | Query 4 Active Learning Runtime on Test Set: 415592.76
2024-04-17 10:43 | INFO | Query 4 Active Learning Instance Cost: 899575.89
2024-04-17 10:43 | INFO | Timeout limit is increased to 3600
2024-04-17 10:43 | INFO | Query 5 Size of the uncertainty table is = 6965/7380
2024-04-17 10:43 | INFO | Query 5 Size of the filtered table is = 74
2024-04-17 10:44 | INFO | Query 5 Active Learning Runtime on Validation Set: 2251458.68
2024-04-17 10:44 | INFO | Query 5 Active Learning Runtime on Test Set: 415682.21
2024-04-17 10:44 | INFO | Query 5 Active Learning Instance Cost: 1039488.5
2024-04-17 10:44 | INFO | Timeout limit is increased to 3600
2024-04-17 10:44 | INFO | Query 6 Size of the uncertainty table is = 6845/7380
2024-04-17 10:44 | INFO | Query 6 Size of the filtered table is = 74
2024-04-17 10:44 | INFO | Query 6 Active Learning Runtime on Validation Set: 1603104.37
2024-04-17 10:44 | INFO | Query 6 Active Learning Runtime on Test Set: 343787.29
2024-04-17 10:44 | INFO | Query 6 Active Learning Instance Cost: 1160944.81
2024-04-17 10:44 | INFO | Query 7 Size of the uncertainty table is = 6691/7380
2024-04-17 10:44 | INFO | Query 7 Size of the filtered table is = 74
2024-04-17 10:45 | INFO | Query 7 Active Learning Runtime on Validation Set: 1602737.22
2024-04-17 10:45 | INFO | Query 7 Active Learning Runtime on Test Set: 379054.25
2024-04-17 10:45 | INFO | Query 7 Active Learning Instance Cost: 1279530.23
2024-04-17 10:45 | INFO | Query 8 Size of the uncertainty table is = 6560/7380
2024-04-17 10:45 | INFO | Query 8 Size of the filtered table is = 74
2024-04-17 10:45 | INFO | Query 8 Active Learning Runtime on Validation Set: 1675621.71
2024-04-17 10:45 | INFO | Query 8 Active Learning Runtime on Test Set: 343699.02
2024-04-17 10:45 | INFO | Query 8 Active Learning Instance Cost: 1470712.57
2024-04-17 10:45 | INFO | Timeout limit is increased to 3600
2024-04-17 10:45 | INFO | Query 9 Size of the uncertainty table is = 6371/7380
2024-04-17 10:45 | INFO | Query 9 Size of the filtered table is = 74
2024-04-17 10:46 | INFO | Query 9 Active Learning Runtime on Validation Set: 1639689.84
2024-04-17 10:46 | INFO | Query 9 Active Learning Runtime on Test Set: 343804.15
2024-04-17 10:46 | INFO | Query 9 Active Learning Instance Cost: 1542377.97
2024-04-17 10:46 | INFO | Query 10 Size of the uncertainty table is = 6207/7380
2024-04-17 10:46 | INFO | Query 10 Size of the filtered table is = 74
2024-04-17 10:46 | INFO | Query 10 Active Learning Runtime on Validation Set: 1780112.73
2024-04-17 10:46 | INFO | Query 10 Active Learning Runtime on Test Set: 451845.59
2024-04-17 10:46 | INFO | Query 10 Active Learning Instance Cost: 1694481.4
2024-04-17 10:46 | INFO | Timeout limit is increased to 3600
2024-04-17 10:46 | INFO | Query 11 Size of the uncertainty table is = 6057/7380
2024-04-17 10:46 | INFO | Query 11 Size of the filtered table is = 74
2024-04-17 10:46 | INFO | Query 11 Active Learning Runtime on Validation Set: 1603337.53
2024-04-17 10:46 | INFO | Query 11 Active Learning Runtime on Test Set: 379793.61
2024-04-17 10:46 | INFO | Query 11 Active Learning Instance Cost: 1729421.46
2024-04-17 10:46 | INFO | Query 12 Size of the uncertainty table is = 5919/7380
2024-04-17 10:46 | INFO | Query 12 Size of the filtered table is = 74
2024-04-17 10:47 | INFO | Query 12 Active Learning Runtime on Validation Set: 1603266.25
2024-04-17 10:47 | INFO | Query 12 Active Learning Runtime on Test Set: 344518.0
2024-04-17 10:47 | INFO | Query 12 Active Learning Instance Cost: 1815630.07
2024-04-17 10:47 | INFO | Query 13 Size of the uncertainty table is = 5763/7380
2024-04-17 10:47 | INFO | Query 13 Size of the filtered table is = 74
2024-04-17 10:47 | INFO | Query 13 Active Learning Runtime on Validation Set: 1885901.39
2024-04-17 10:47 | INFO | Query 13 Active Learning Runtime on Test Set: 339052.2
2024-04-17 10:47 | INFO | Query 13 Active Learning Instance Cost: 1921513.03
2024-04-17 10:47 | INFO | Timeout limit is increased to 3600
2024-04-17 10:47 | INFO | Query 14 Size of the uncertainty table is = 5523/7380
2024-04-17 10:47 | INFO | Query 14 Size of the filtered table is = 74
2024-04-17 10:48 | INFO | Query 14 Active Learning Runtime on Validation Set: 1530368.66
2024-04-17 10:48 | INFO | Query 14 Active Learning Runtime on Test Set: 265369.15
2024-04-17 10:48 | INFO | Query 14 Active Learning Instance Cost: 2015372.68
2024-04-17 10:48 | INFO | Query 15 Size of the uncertainty table is = 5333/7380
2024-04-17 10:48 | INFO | Query 15 Size of the filtered table is = 74
2024-04-17 10:48 | INFO | Query 15 Active Learning Runtime on Validation Set: 1494431.43
2024-04-17 10:48 | INFO | Query 15 Active Learning Runtime on Test Set: 267183.39
2024-04-17 10:48 | INFO | Query 15 Active Learning Instance Cost: 2081349.72
2024-04-17 10:48 | INFO | Query 16 Size of the uncertainty table is = 5148/7380
2024-04-17 10:48 | INFO | Query 16 Size of the filtered table is = 74
2024-04-17 10:49 | INFO | Query 16 Active Learning Runtime on Validation Set: 1530819.39
2024-04-17 10:49 | INFO | Query 16 Active Learning Runtime on Test Set: 231167.27
2024-04-17 10:49 | INFO | Query 16 Active Learning Instance Cost: 2223031.74
2024-04-17 10:49 | INFO | Timeout limit is increased to 3600
2024-04-17 10:49 | INFO | Query 17 Size of the uncertainty table is = 4903/7380
2024-04-17 10:49 | INFO | Query 17 Size of the filtered table is = 74
2024-04-17 10:49 | INFO | Query 17 Active Learning Runtime on Validation Set: 1495144.77
2024-04-17 10:49 | INFO | Query 17 Active Learning Runtime on Test Set: 267712.06
2024-04-17 10:49 | INFO | Query 17 Active Learning Instance Cost: 2334669.15
2024-04-17 10:49 | INFO | Query 18 Size of the uncertainty table is = 4711/7380
2024-04-17 10:49 | INFO | Query 18 Size of the filtered table is = 74
2024-04-17 10:49 | INFO | Query 18 Active Learning Runtime on Validation Set: 1422419.27
2024-04-17 10:49 | INFO | Query 18 Active Learning Runtime on Test Set: 230984.67
2024-04-17 10:49 | INFO | Query 18 Active Learning Instance Cost: 2388510.99
2024-04-17 10:49 | INFO | Query 19 Size of the uncertainty table is = 4549/7380
2024-04-17 10:49 | INFO | Query 19 Size of the filtered table is = 74
2024-04-17 10:50 | INFO | Query 19 Active Learning Runtime on Validation Set: 1422415.22
2024-04-17 10:50 | INFO | Query 19 Active Learning Runtime on Test Set: 230846.98
2024-04-17 10:50 | INFO | Query 19 Active Learning Instance Cost: 2550004.09
2024-04-17 10:50 | INFO | Query 20 Size of the uncertainty table is = 4380/7380
2024-04-17 10:50 | INFO | Query 20 Size of the filtered table is = 74
2024-04-17 10:50 | INFO | Query 20 Active Learning Runtime on Validation Set: 1422424.95
2024-04-17 10:50 | INFO | Query 20 Active Learning Runtime on Test Set: 302842.83
2024-04-17 10:50 | INFO | Query 20 Active Learning Instance Cost: 2666871.21
2024-04-17 10:50 | INFO | Timeout limit is increased to 3600
2024-04-17 10:50 | INFO | Query 21 Size of the uncertainty table is = 4228/7380
2024-04-17 10:50 | INFO | Query 21 Size of the filtered table is = 74
2024-04-17 10:51 | INFO | Query 21 Active Learning Runtime on Validation Set: 1386416.92
2024-04-17 10:51 | INFO | Query 21 Active Learning Runtime on Test Set: 266962.37
2024-04-17 10:51 | INFO | Query 21 Active Learning Instance Cost: 2877090.77
2024-04-17 10:51 | INFO | Query 22 Size of the uncertainty table is = 4063/7380
2024-04-17 10:51 | INFO | Query 22 Size of the filtered table is = 74
2024-04-17 10:51 | INFO | Query 22 Active Learning Runtime on Validation Set: 1386501.69
2024-04-17 10:51 | INFO | Query 22 Active Learning Runtime on Test Set: 302963.07
2024-04-17 10:51 | INFO | Query 22 Active Learning Instance Cost: 3030282.68
2024-04-17 10:51 | INFO | Timeout limit is increased to 3600
2024-04-17 10:51 | INFO | Query 23 Size of the uncertainty table is = 3881/7380
2024-04-17 10:51 | INFO | Query 23 Size of the filtered table is = 74
2024-04-17 10:52 | INFO | Query 23 Active Learning Runtime on Validation Set: 1422426.39
2024-04-17 10:52 | INFO | Query 23 Active Learning Runtime on Test Set: 266962.54
2024-04-17 10:52 | INFO | Query 23 Active Learning Instance Cost: 3156628.97
2024-04-17 10:52 | INFO | Timeout limit is increased to 3600
2024-04-17 10:52 | INFO | Query 24 Size of the uncertainty table is = 3680/7380
2024-04-17 10:52 | INFO | Query 24 Size of the filtered table is = 74
2024-04-17 10:52 | INFO | Query 24 Active Learning Runtime on Validation Set: 1422426.4
2024-04-17 10:52 | INFO | Query 24 Active Learning Runtime on Test Set: 266964.3
2024-04-17 10:52 | INFO | Query 24 Active Learning Instance Cost: 3246810.15
2024-04-17 10:52 | INFO | Timeout limit is increased to 3600
2024-04-17 10:52 | INFO | Query 25 Size of the uncertainty table is = 3455/7380
2024-04-17 10:52 | INFO | Query 25 Size of the filtered table is = 74
2024-04-17 10:52 | INFO | Query 25 Active Learning Runtime on Validation Set: 1422426.38
2024-04-17 10:52 | INFO | Query 25 Active Learning Runtime on Test Set: 299521.38
2024-04-17 10:52 | INFO | Query 25 Active Learning Instance Cost: 3376210.59
2024-04-17 10:52 | INFO | Query 26 Size of the uncertainty table is = 3246/7380
2024-04-17 10:52 | INFO | Query 26 Size of the filtered table is = 74
2024-04-17 10:53 | INFO | Query 26 Active Learning Runtime on Validation Set: 1422406.56
2024-04-17 10:53 | INFO | Query 26 Active Learning Runtime on Test Set: 299567.15
2024-04-17 10:53 | INFO | Query 26 Active Learning Instance Cost: 3479627.51
2024-04-17 10:53 | INFO | Query 27 Size of the uncertainty table is = 3044/7380
2024-04-17 10:53 | INFO | Query 27 Size of the filtered table is = 74
2024-04-17 10:53 | INFO | Query 27 Active Learning Runtime on Validation Set: 1386547.31
2024-04-17 10:53 | INFO | Query 27 Active Learning Runtime on Test Set: 263476.56
2024-04-17 10:53 | INFO | Query 27 Active Learning Instance Cost: 3567325.46
2024-04-17 10:53 | INFO | Query 28 Size of the uncertainty table is = 2887/7380
2024-04-17 10:53 | INFO | Query 28 Size of the filtered table is = 74
2024-04-17 10:54 | INFO | Query 28 Active Learning Runtime on Validation Set: 1422426.38
2024-04-17 10:54 | INFO | Query 28 Active Learning Runtime on Test Set: 334711.58
2024-04-17 10:54 | INFO | Query 28 Active Learning Instance Cost: 3701979.06
2024-04-17 10:54 | INFO | Timeout limit is increased to 3600
2024-04-17 10:54 | INFO | Query 29 Size of the uncertainty table is = 2706/7380
2024-04-17 10:54 | INFO | Query 29 Size of the filtered table is = 74
2024-04-17 10:54 | INFO | Query 29 Active Learning Runtime on Validation Set: 1173259.5
2024-04-17 10:54 | INFO | Query 29 Active Learning Runtime on Test Set: 298679.03
2024-04-17 10:54 | INFO | Query 29 Active Learning Instance Cost: 3878283.25
2024-04-17 10:54 | INFO | Query 30 Size of the uncertainty table is = 2494/7380
2024-04-17 10:54 | INFO | Query 30 Size of the filtered table is = 74
2024-04-17 10:55 | INFO | Query 30 Active Learning Runtime on Validation Set: 1422431.64
2024-04-17 10:55 | INFO | Query 30 Active Learning Runtime on Test Set: 334830.18
2024-04-17 10:55 | INFO | Query 30 Active Learning Instance Cost: 4055604.78
2024-04-17 10:55 | INFO | Timeout limit is increased to 3600
2024-04-17 10:55 | INFO | Query 31 Size of the uncertainty table is = 2277/7380
2024-04-17 10:55 | INFO | Query 31 Size of the filtered table is = 74
2024-04-17 10:55 | INFO | Query 31 Active Learning Runtime on Validation Set: 1458425.69
2024-04-17 10:55 | INFO | Query 31 Active Learning Runtime on Test Set: 298830.97
2024-04-17 10:55 | INFO | Query 31 Active Learning Instance Cost: 4237970.45
2024-04-17 10:55 | INFO | Timeout limit is increased to 3600
2024-04-17 10:55 | INFO | Query 32 Size of the uncertainty table is = 2068/7380
2024-04-17 10:55 | INFO | Query 32 Size of the filtered table is = 74
2024-04-17 10:56 | INFO | Query 32 Active Learning Runtime on Validation Set: 1422426.45
2024-04-17 10:56 | INFO | Query 32 Active Learning Runtime on Test Set: 298853.35
2024-04-17 10:56 | INFO | Query 32 Active Learning Instance Cost: 4451914.75
2024-04-17 10:56 | INFO | Query 33 Size of the uncertainty table is = 1855/7380
2024-04-17 10:56 | INFO | Query 33 Size of the filtered table is = 74
2024-04-17 10:56 | INFO | Query 33 Active Learning Runtime on Validation Set: 1422426.39
2024-04-17 10:56 | INFO | Query 33 Active Learning Runtime on Test Set: 298831.19
2024-04-17 10:56 | INFO | Query 33 Active Learning Instance Cost: 4650951.87
2024-04-17 10:56 | INFO | Query 34 Size of the uncertainty table is = 1642/7380
2024-04-17 10:56 | INFO | Query 34 Size of the filtered table is = 74
2024-04-17 10:57 | INFO | Query 34 Active Learning Runtime on Validation Set: 1422406.58
2024-04-17 10:57 | INFO | Query 34 Active Learning Runtime on Test Set: 298832.6
2024-04-17 10:57 | INFO | Query 34 Active Learning Instance Cost: 4878485.71
2024-04-17 10:57 | INFO | Query 35 Size of the uncertainty table is = 1430/7380
2024-04-17 10:57 | INFO | Query 35 Size of the filtered table is = 74
2024-04-17 10:57 | INFO | Query 35 Active Learning Runtime on Validation Set: 1422406.56
2024-04-17 10:57 | INFO | Query 35 Active Learning Runtime on Test Set: 334830.26
2024-04-17 10:57 | INFO | Query 35 Active Learning Instance Cost: 5100477.72
2024-04-17 10:57 | INFO | Query 36 Size of the uncertainty table is = 1218/7380
2024-04-17 10:57 | INFO | Query 36 Size of the filtered table is = 74
2024-04-17 10:57 | INFO | Query 36 Active Learning Runtime on Validation Set: 1422426.41
2024-04-17 10:57 | INFO | Query 36 Active Learning Runtime on Test Set: 298832.66
2024-04-17 10:57 | INFO | Query 36 Active Learning Instance Cost: 5323297.01
2024-04-17 10:57 | INFO | Timeout limit is increased to 3600
2024-04-17 10:57 | INFO | Query 37 Size of the uncertainty table is = 993/7380
2024-04-17 10:57 | INFO | Query 37 Size of the filtered table is = 74
2024-04-17 10:58 | INFO | Query 37 Active Learning Runtime on Validation Set: 1422423.48
2024-04-17 10:58 | INFO | Query 37 Active Learning Runtime on Test Set: 298831.25
2024-04-17 10:58 | INFO | Query 37 Active Learning Instance Cost: 5427300.81
2024-04-17 10:58 | INFO | Query 38 Size of the uncertainty table is = 768/7380
2024-04-17 10:58 | INFO | Query 38 Size of the filtered table is = 74
2024-04-17 10:58 | INFO | Query 38 Active Learning Runtime on Validation Set: 1422417.47
2024-04-17 10:58 | INFO | Query 38 Active Learning Runtime on Test Set: 298935.6
2024-04-17 10:58 | INFO | Query 38 Active Learning Instance Cost: 5633380.69
2024-04-17 10:58 | INFO | Query 39 Size of the uncertainty table is = 516/7380
2024-04-17 10:58 | INFO | Query 39 Size of the filtered table is = 74
2024-04-17 10:59 | INFO | Query 39 Active Learning Runtime on Validation Set: 1422403.65
2024-04-17 10:59 | INFO | Query 39 Active Learning Runtime on Test Set: 298935.6
2024-04-17 10:59 | INFO | Query 39 Active Learning Instance Cost: 5820935.92
2024-04-17 10:59 | INFO | Query 40 Size of the uncertainty table is = 287/7380
2024-04-17 10:59 | INFO | Query 40 Size of the filtered table is = 74
2024-04-17 10:59 | INFO | Query 40 Active Learning Runtime on Validation Set: 1422403.87
2024-04-17 10:59 | INFO | Query 40 Active Learning Runtime on Test Set: 298935.62
2024-04-17 10:59 | INFO | Query 40 Active Learning Instance Cost: 6065735.92
2024-04-17 10:59 | INFO | Timeout limit is increased to 3600
2024-04-17 10:59 | INFO | Query 41 Size of the uncertainty table is = 36/7380
2024-04-17 10:59 | INFO | Query 41 Size of the filtered table is = 9
2024-04-17 11:00 | INFO | Query 41 Active Learning Runtime on Validation Set: 1422396.23
2024-04-17 11:00 | INFO | Query 41 Active Learning Runtime on Test Set: 298831.27
2024-04-17 11:00 | INFO | Query 41 Active Learning Instance Cost: 6098135.92
2024-04-17 11:00 | INFO | runtime_test_score is written as json file
2024-04-17 11:00 | INFO | runtime_validation_score is written as json file
2024-04-17 11:00 | INFO | instance_cost is written as json file
2024-04-17 11:00 | INFO | Experiment is finished
