2024-04-17 18:12 | INFO | Paramaters are: {'dataset': 'CSP-2010', 'penalty': 10, 'weight': 'No_Weight', 'voting': 'Hard', 'pre_selection_size': 64, 'pre_selection_technique': 'No_pre_selection', 'feature_elimination_threshold': 20, 'imputer_strategy': 'median', 'feature_selection_technique': 'No_feature_selection', 'feature_scaling_technique': 'StandardScaler', 'initial_train_size': 20, 'query_size': 1, 'timeout_predictor_usage': 'No', 'timeout_limit': 100, 'timeout_increase_rate': 100, 'RANDOM_STATE_SEED': 123, 'n_splits': 10, 'split_number': 9, 'max_timeout': 3600, 'param_grid': {'n_estimators': 100, 'criterion': 'gini', 'max_features': 'sqrt', 'max_depth': 2147483648, 'min_samples_split': 2, 'bootstrap': True}}
2024-04-17 18:12 | INFO | CSP-2010 is current dataset
2024-04-17 18:12 | INFO | DATASETS/CSP-2010/algorithm_runs.csv is found
2024-04-17 18:12 | INFO | DATASETS/CSP-2010/algorithm_runs.csv is finished
2024-04-17 18:12 | INFO | DATASETS/CSP-2010/feature_values.csv is found
2024-04-17 18:12 | INFO | DATASETS/CSP-2010/feature_values.csv is finished
2024-04-17 18:12 | INFO | Feature cost of train set is 0
2024-04-17 18:12 | INFO | Initial Active Learning Random Query Runtime on Validation Set: 103653.19
2024-04-17 18:12 | INFO | Initial Active Learning Random Query Runtime on Test Set: 160207.23
2024-04-17 18:12 | INFO | Initial Active Learning Random Query Instance Cost: 1051.93
2024-04-17 18:12 | INFO | Bin size = 12
2024-04-17 18:12 | INFO | Query 1 Size of the uncertainty table is = 1204/1201
2024-04-17 18:12 | INFO | Query 1 Size of the filtered table is = 12
2024-04-17 18:13 | INFO | Query 1 Active Learning Random Query Runtime on Validation Set: 103653.19
2024-04-17 18:13 | INFO | Query 1 Active Learning Random Query Runtime on Test Set: 83136.97
2024-04-17 18:13 | INFO | Query 1 Active Learning Random Query Instance Cost: 1612.93
2024-04-17 18:13 | INFO | Timeout limit is increased to 200
2024-04-17 18:13 | INFO | Query 2 Size of the uncertainty table is = 1193/1201
2024-04-17 18:13 | INFO | Query 2 Size of the filtered table is = 12
2024-04-17 18:13 | INFO | Query 2 Active Learning Random Query Runtime on Validation Set: 175548.04
2024-04-17 18:13 | INFO | Query 2 Active Learning Random Query Runtime on Test Set: 159896.48
2024-04-17 18:13 | INFO | Query 2 Active Learning Random Query Instance Cost: 3588.04
2024-04-17 18:13 | INFO | Timeout limit is increased to 300
2024-04-17 18:13 | INFO | Query 3 Size of the uncertainty table is = 1184/1201
2024-04-17 18:13 | INFO | Query 3 Size of the filtered table is = 12
2024-04-17 18:13 | INFO | Query 3 Active Learning Random Query Runtime on Validation Set: 810103.04
2024-04-17 18:13 | INFO | Query 3 Active Learning Random Query Runtime on Test Set: 196587.94
2024-04-17 18:13 | INFO | Query 3 Active Learning Random Query Instance Cost: 4060.39
2024-04-17 18:13 | INFO | Timeout limit is increased to 400
2024-04-17 18:13 | INFO | Query 4 Size of the uncertainty table is = 1172/1201
2024-04-17 18:13 | INFO | Query 4 Size of the filtered table is = 12
2024-04-17 18:13 | INFO | Query 4 Active Learning Random Query Runtime on Validation Set: 175548.04
2024-04-17 18:13 | INFO | Query 4 Active Learning Random Query Runtime on Test Set: 160196.53
2024-04-17 18:13 | INFO | Query 4 Active Learning Random Query Instance Cost: 6305.74
2024-04-17 18:13 | INFO | Query 5 Size of the uncertainty table is = 1160/1201
2024-04-17 18:13 | INFO | Query 5 Size of the filtered table is = 12
2024-04-17 18:13 | INFO | Query 5 Active Learning Random Query Runtime on Validation Set: 139576.56
2024-04-17 18:13 | INFO | Query 5 Active Learning Random Query Runtime on Test Set: 159801.65
2024-04-17 18:13 | INFO | Query 5 Active Learning Random Query Instance Cost: 6386.97
2024-04-17 18:13 | INFO | Query 6 Size of the uncertainty table is = 1148/1201
2024-04-17 18:13 | INFO | Query 6 Size of the filtered table is = 12
2024-04-17 18:13 | INFO | Query 6 Active Learning Random Query Runtime on Validation Set: 103653.19
2024-04-17 18:13 | INFO | Query 6 Active Learning Random Query Runtime on Test Set: 87893.99
2024-04-17 18:13 | INFO | Query 6 Active Learning Random Query Instance Cost: 7800.19
2024-04-17 18:13 | INFO | Query 7 Size of the uncertainty table is = 1136/1201
2024-04-17 18:13 | INFO | Query 7 Size of the filtered table is = 12
2024-04-17 18:13 | INFO | Query 7 Active Learning Random Query Runtime on Validation Set: 103653.18
2024-04-17 18:13 | INFO | Query 7 Active Learning Random Query Runtime on Test Set: 87893.63
2024-04-17 18:13 | INFO | Query 7 Active Learning Random Query Instance Cost: 9206.29
2024-04-17 18:13 | INFO | Query 8 Size of the uncertainty table is = 1125/1201
2024-04-17 18:13 | INFO | Query 8 Size of the filtered table is = 12
2024-04-17 18:13 | INFO | Query 8 Active Learning Random Query Runtime on Validation Set: 103653.2
2024-04-17 18:13 | INFO | Query 8 Active Learning Random Query Runtime on Test Set: 82761.22
2024-04-17 18:13 | INFO | Query 8 Active Learning Random Query Instance Cost: 9814.11
2024-04-17 18:13 | INFO | Timeout limit is increased to 500
2024-04-17 18:13 | INFO | Query 9 Size of the uncertainty table is = 1113/1201
2024-04-17 18:13 | INFO | Query 9 Size of the filtered table is = 12
2024-04-17 18:13 | INFO | Query 9 Active Learning Random Query Runtime on Validation Set: 103653.2
2024-04-17 18:13 | INFO | Query 9 Active Learning Random Query Runtime on Test Set: 82761.48
2024-04-17 18:13 | INFO | Query 9 Active Learning Random Query Instance Cost: 9848.07
2024-04-17 18:13 | INFO | Timeout limit is increased to 600
2024-04-17 18:13 | INFO | Query 10 Size of the uncertainty table is = 1101/1201
2024-04-17 18:13 | INFO | Query 10 Size of the filtered table is = 12
2024-04-17 18:13 | INFO | Query 10 Active Learning Random Query Runtime on Validation Set: 103653.19
2024-04-17 18:13 | INFO | Query 10 Active Learning Random Query Runtime on Test Set: 82761.43
2024-04-17 18:13 | INFO | Query 10 Active Learning Random Query Instance Cost: 12103.84
2024-04-17 18:13 | INFO | Query 11 Size of the uncertainty table is = 1089/1201
2024-04-17 18:13 | INFO | Query 11 Size of the filtered table is = 12
2024-04-17 18:13 | INFO | Query 11 Active Learning Random Query Runtime on Validation Set: 103653.19
2024-04-17 18:13 | INFO | Query 11 Active Learning Random Query Runtime on Test Set: 82761.19
2024-04-17 18:13 | INFO | Query 11 Active Learning Random Query Instance Cost: 14282.12
2024-04-17 18:13 | INFO | Timeout limit is increased to 700
2024-04-17 18:13 | INFO | Query 12 Size of the uncertainty table is = 1078/1201
2024-04-17 18:13 | INFO | Query 12 Size of the filtered table is = 12
2024-04-17 18:13 | INFO | Query 12 Active Learning Random Query Runtime on Validation Set: 103653.19
2024-04-17 18:13 | INFO | Query 12 Active Learning Random Query Runtime on Test Set: 82761.74
2024-04-17 18:13 | INFO | Query 12 Active Learning Random Query Instance Cost: 14592.76
2024-04-17 18:13 | INFO | Timeout limit is increased to 800
2024-04-17 18:13 | INFO | Query 13 Size of the uncertainty table is = 1066/1201
2024-04-17 18:13 | INFO | Query 13 Size of the filtered table is = 12
2024-04-17 18:13 | INFO | Query 13 Active Learning Random Query Runtime on Validation Set: 103653.19
2024-04-17 18:13 | INFO | Query 13 Active Learning Random Query Runtime on Test Set: 82761.28
2024-04-17 18:13 | INFO | Query 13 Active Learning Random Query Instance Cost: 19425.26
2024-04-17 18:13 | INFO | Timeout limit is increased to 900
2024-04-17 18:13 | INFO | Query 14 Size of the uncertainty table is = 1056/1201
2024-04-17 18:13 | INFO | Query 14 Size of the filtered table is = 12
2024-04-17 18:13 | INFO | Query 14 Active Learning Random Query Runtime on Validation Set: 103653.19
2024-04-17 18:13 | INFO | Query 14 Active Learning Random Query Runtime on Test Set: 82761.57
2024-04-17 18:13 | INFO | Query 14 Active Learning Random Query Instance Cost: 22393.44
2024-04-17 18:13 | INFO | Timeout limit is increased to 1000
2024-04-17 18:13 | INFO | Query 15 Size of the uncertainty table is = 1044/1201
2024-04-17 18:13 | INFO | Query 15 Size of the filtered table is = 12
2024-04-17 18:14 | INFO | Query 15 Active Learning Random Query Runtime on Validation Set: 103716.68
2024-04-17 18:14 | INFO | Query 15 Active Learning Random Query Runtime on Test Set: 82763.47
2024-04-17 18:14 | INFO | Query 15 Active Learning Random Query Instance Cost: 27828.2
2024-04-17 18:14 | INFO | Timeout limit is increased to 1100
2024-04-17 18:14 | INFO | Query 16 Size of the uncertainty table is = 1034/1201
2024-04-17 18:14 | INFO | Query 16 Size of the filtered table is = 12
2024-04-17 18:14 | INFO | Query 16 Active Learning Random Query Runtime on Validation Set: 103653.19
2024-04-17 18:14 | INFO | Query 16 Active Learning Random Query Runtime on Test Set: 49704.94
2024-04-17 18:14 | INFO | Query 16 Active Learning Random Query Instance Cost: 32062.06
2024-04-17 18:14 | INFO | Query 17 Size of the uncertainty table is = 1023/1201
2024-04-17 18:14 | INFO | Query 17 Size of the filtered table is = 12
2024-04-17 18:14 | INFO | Query 17 Active Learning Random Query Runtime on Validation Set: 103653.19
2024-04-17 18:14 | INFO | Query 17 Active Learning Random Query Runtime on Test Set: 49704.66
2024-04-17 18:14 | INFO | Query 17 Active Learning Random Query Instance Cost: 36124.63
2024-04-17 18:14 | INFO | Timeout limit is increased to 1200
2024-04-17 18:14 | INFO | Query 18 Size of the uncertainty table is = 1011/1201
2024-04-17 18:14 | INFO | Query 18 Size of the filtered table is = 12
2024-04-17 18:14 | INFO | Query 18 Active Learning Random Query Runtime on Validation Set: 103653.19
2024-04-17 18:14 | INFO | Query 18 Active Learning Random Query Runtime on Test Set: 82761.96
2024-04-17 18:14 | INFO | Query 18 Active Learning Random Query Instance Cost: 40498.1
2024-04-17 18:14 | INFO | Timeout limit is increased to 1300
2024-04-17 18:14 | INFO | Query 19 Size of the uncertainty table is = 999/1201
2024-04-17 18:14 | INFO | Query 19 Size of the filtered table is = 12
2024-04-17 18:14 | INFO | Query 19 Active Learning Random Query Runtime on Validation Set: 103653.19
2024-04-17 18:14 | INFO | Query 19 Active Learning Random Query Runtime on Test Set: 82761.65
2024-04-17 18:14 | INFO | Query 19 Active Learning Random Query Instance Cost: 41817.19
2024-04-17 18:14 | INFO | Timeout limit is increased to 1400
2024-04-17 18:14 | INFO | Query 20 Size of the uncertainty table is = 987/1201
2024-04-17 18:14 | INFO | Query 20 Size of the filtered table is = 12
2024-04-17 18:14 | INFO | Query 20 Active Learning Random Query Runtime on Validation Set: 103653.19
2024-04-17 18:14 | INFO | Query 20 Active Learning Random Query Runtime on Test Set: 49705.36
2024-04-17 18:14 | INFO | Query 20 Active Learning Random Query Instance Cost: 43369.96
2024-04-17 18:14 | INFO | Timeout limit is increased to 1500
2024-04-17 18:14 | INFO | Query 21 Size of the uncertainty table is = 975/1201
2024-04-17 18:14 | INFO | Query 21 Size of the filtered table is = 12
2024-04-17 18:14 | INFO | Query 21 Active Learning Random Query Runtime on Validation Set: 103653.19
2024-04-17 18:14 | INFO | Query 21 Active Learning Random Query Runtime on Test Set: 49705.34
2024-04-17 18:14 | INFO | Query 21 Active Learning Random Query Instance Cost: 45194.76
2024-04-17 18:14 | INFO | Timeout limit is increased to 1600
2024-04-17 18:14 | INFO | Query 22 Size of the uncertainty table is = 963/1201
2024-04-17 18:14 | INFO | Query 22 Size of the filtered table is = 12
2024-04-17 18:14 | INFO | Query 22 Active Learning Random Query Runtime on Validation Set: 103653.19
2024-04-17 18:14 | INFO | Query 22 Active Learning Random Query Runtime on Test Set: 50008.82
2024-04-17 18:14 | INFO | Query 22 Active Learning Random Query Instance Cost: 50732.83
2024-04-17 18:14 | INFO | Timeout limit is increased to 1700
2024-04-17 18:14 | INFO | Query 23 Size of the uncertainty table is = 951/1201
2024-04-17 18:14 | INFO | Query 23 Size of the filtered table is = 12
2024-04-17 18:14 | INFO | Query 23 Active Learning Random Query Runtime on Validation Set: 103653.19
2024-04-17 18:14 | INFO | Query 23 Active Learning Random Query Runtime on Test Set: 49709.5
2024-04-17 18:14 | INFO | Query 23 Active Learning Random Query Instance Cost: 55085.9
2024-04-17 18:14 | INFO | Timeout limit is increased to 1800
2024-04-17 18:14 | INFO | Query 24 Size of the uncertainty table is = 939/1201
2024-04-17 18:14 | INFO | Query 24 Size of the filtered table is = 12
2024-04-17 18:14 | INFO | Query 24 Active Learning Random Query Runtime on Validation Set: 103653.19
2024-04-17 18:14 | INFO | Query 24 Active Learning Random Query Runtime on Test Set: 82761.18
2024-04-17 18:14 | INFO | Query 24 Active Learning Random Query Instance Cost: 58966.34
2024-04-17 18:14 | INFO | Timeout limit is increased to 1900
2024-04-17 18:14 | INFO | Query 25 Size of the uncertainty table is = 927/1201
2024-04-17 18:14 | INFO | Query 25 Size of the filtered table is = 12
2024-04-17 18:14 | INFO | Query 25 Active Learning Random Query Runtime on Validation Set: 103653.19
2024-04-17 18:14 | INFO | Query 25 Active Learning Random Query Runtime on Test Set: 82761.23
2024-04-17 18:14 | INFO | Query 25 Active Learning Random Query Instance Cost: 60953.69
2024-04-17 18:14 | INFO | Timeout limit is increased to 2000
2024-04-17 18:14 | INFO | Query 26 Size of the uncertainty table is = 915/1201
2024-04-17 18:14 | INFO | Query 26 Size of the filtered table is = 12
2024-04-17 18:14 | INFO | Query 26 Active Learning Random Query Runtime on Validation Set: 103653.19
2024-04-17 18:14 | INFO | Query 26 Active Learning Random Query Runtime on Test Set: 82761.24
2024-04-17 18:14 | INFO | Query 26 Active Learning Random Query Instance Cost: 64952.64
2024-04-17 18:14 | INFO | Timeout limit is increased to 2100
2024-04-17 18:14 | INFO | Query 27 Size of the uncertainty table is = 904/1201
2024-04-17 18:14 | INFO | Query 27 Size of the filtered table is = 12
2024-04-17 18:14 | INFO | Query 27 Active Learning Random Query Runtime on Validation Set: 103653.19
2024-04-17 18:14 | INFO | Query 27 Active Learning Random Query Runtime on Test Set: 82338.97
2024-04-17 18:14 | INFO | Query 27 Active Learning Random Query Instance Cost: 67579.48
2024-04-17 18:14 | INFO | Timeout limit is increased to 2200
2024-04-17 18:14 | INFO | Query 28 Size of the uncertainty table is = 892/1201
2024-04-17 18:14 | INFO | Query 28 Size of the filtered table is = 12
2024-04-17 18:14 | INFO | Query 28 Active Learning Random Query Runtime on Validation Set: 103653.19
2024-04-17 18:14 | INFO | Query 28 Active Learning Random Query Runtime on Test Set: 82339.0
2024-04-17 18:14 | INFO | Query 28 Active Learning Random Query Instance Cost: 71212.79
2024-04-17 18:14 | INFO | Timeout limit is increased to 2300
2024-04-17 18:14 | INFO | Query 29 Size of the uncertainty table is = 880/1201
2024-04-17 18:14 | INFO | Query 29 Size of the filtered table is = 12
2024-04-17 18:15 | INFO | Query 29 Active Learning Random Query Runtime on Validation Set: 103653.19
2024-04-17 18:15 | INFO | Query 29 Active Learning Random Query Runtime on Test Set: 82339.01
2024-04-17 18:15 | INFO | Query 29 Active Learning Random Query Instance Cost: 73549.14
2024-04-17 18:15 | INFO | Timeout limit is increased to 2400
2024-04-17 18:15 | INFO | Query 30 Size of the uncertainty table is = 868/1201
2024-04-17 18:15 | INFO | Query 30 Size of the filtered table is = 12
2024-04-17 18:15 | INFO | Query 30 Active Learning Random Query Runtime on Validation Set: 103653.19
2024-04-17 18:15 | INFO | Query 30 Active Learning Random Query Runtime on Test Set: 82338.21
2024-04-17 18:15 | INFO | Query 30 Active Learning Random Query Instance Cost: 77210.04
2024-04-17 18:15 | INFO | Timeout limit is increased to 2500
2024-04-17 18:15 | INFO | Query 31 Size of the uncertainty table is = 856/1201
2024-04-17 18:15 | INFO | Query 31 Size of the filtered table is = 12
2024-04-17 18:15 | INFO | Query 31 Active Learning Random Query Runtime on Validation Set: 103653.19
2024-04-17 18:15 | INFO | Query 31 Active Learning Random Query Runtime on Test Set: 82638.44
2024-04-17 18:15 | INFO | Query 31 Active Learning Random Query Instance Cost: 84952.98
2024-04-17 18:15 | INFO | Timeout limit is increased to 2600
2024-04-17 18:15 | INFO | Query 32 Size of the uncertainty table is = 844/1201
2024-04-17 18:15 | INFO | Query 32 Size of the filtered table is = 12
2024-04-17 18:15 | INFO | Query 32 Active Learning Random Query Runtime on Validation Set: 103653.19
2024-04-17 18:15 | INFO | Query 32 Active Learning Random Query Runtime on Test Set: 82338.22
2024-04-17 18:15 | INFO | Query 32 Active Learning Random Query Instance Cost: 90158.48
2024-04-17 18:15 | INFO | Timeout limit is increased to 2700
2024-04-17 18:15 | INFO | Query 33 Size of the uncertainty table is = 833/1201
2024-04-17 18:15 | INFO | Query 33 Size of the filtered table is = 12
2024-04-17 18:15 | INFO | Query 33 Active Learning Random Query Runtime on Validation Set: 103653.19
2024-04-17 18:15 | INFO | Query 33 Active Learning Random Query Runtime on Test Set: 82338.16
2024-04-17 18:15 | INFO | Query 33 Active Learning Random Query Instance Cost: 98047.21
2024-04-17 18:15 | INFO | Timeout limit is increased to 2800
2024-04-17 18:15 | INFO | Query 34 Size of the uncertainty table is = 821/1201
2024-04-17 18:15 | INFO | Query 34 Size of the filtered table is = 12
2024-04-17 18:15 | INFO | Query 34 Active Learning Random Query Runtime on Validation Set: 103653.19
2024-04-17 18:15 | INFO | Query 34 Active Learning Random Query Runtime on Test Set: 82338.2
2024-04-17 18:15 | INFO | Query 34 Active Learning Random Query Instance Cost: 98083.28
2024-04-17 18:15 | INFO | Timeout limit is increased to 2900
2024-04-17 18:15 | INFO | Query 35 Size of the uncertainty table is = 809/1201
2024-04-17 18:15 | INFO | Query 35 Size of the filtered table is = 12
2024-04-17 18:15 | INFO | Query 35 Active Learning Random Query Runtime on Validation Set: 103653.19
2024-04-17 18:15 | INFO | Query 35 Active Learning Random Query Runtime on Test Set: 82338.19
2024-04-17 18:15 | INFO | Query 35 Active Learning Random Query Instance Cost: 104877.66
2024-04-17 18:15 | INFO | Timeout limit is increased to 3000
2024-04-17 18:15 | INFO | Query 36 Size of the uncertainty table is = 797/1201
2024-04-17 18:15 | INFO | Query 36 Size of the filtered table is = 12
2024-04-17 18:15 | INFO | Query 36 Active Learning Random Query Runtime on Validation Set: 103653.19
2024-04-17 18:15 | INFO | Query 36 Active Learning Random Query Runtime on Test Set: 82338.21
2024-04-17 18:15 | INFO | Query 36 Active Learning Random Query Instance Cost: 116194.33
2024-04-17 18:15 | INFO | Timeout limit is increased to 3100
2024-04-17 18:15 | INFO | Query 37 Size of the uncertainty table is = 785/1201
2024-04-17 18:15 | INFO | Query 37 Size of the filtered table is = 12
2024-04-17 18:15 | INFO | Query 37 Active Learning Random Query Runtime on Validation Set: 103653.19
2024-04-17 18:15 | INFO | Query 37 Active Learning Random Query Runtime on Test Set: 82338.17
2024-04-17 18:15 | INFO | Query 37 Active Learning Random Query Instance Cost: 119347.41
2024-04-17 18:15 | INFO | Timeout limit is increased to 3200
2024-04-17 18:15 | INFO | Query 38 Size of the uncertainty table is = 773/1201
2024-04-17 18:15 | INFO | Query 38 Size of the filtered table is = 12
2024-04-17 18:15 | INFO | Query 38 Active Learning Random Query Runtime on Validation Set: 103653.19
2024-04-17 18:15 | INFO | Query 38 Active Learning Random Query Runtime on Test Set: 82338.13
2024-04-17 18:15 | INFO | Query 38 Active Learning Random Query Instance Cost: 122818.69
2024-04-17 18:15 | INFO | Timeout limit is increased to 3300
2024-04-17 18:15 | INFO | Query 39 Size of the uncertainty table is = 761/1201
2024-04-17 18:15 | INFO | Query 39 Size of the filtered table is = 12
2024-04-17 18:15 | INFO | Query 39 Active Learning Random Query Runtime on Validation Set: 103653.19
2024-04-17 18:15 | INFO | Query 39 Active Learning Random Query Runtime on Test Set: 82338.15
2024-04-17 18:15 | INFO | Query 39 Active Learning Random Query Instance Cost: 126677.24
2024-04-17 18:15 | INFO | Timeout limit is increased to 3400
2024-04-17 18:15 | INFO | Query 40 Size of the uncertainty table is = 749/1201
2024-04-17 18:15 | INFO | Query 40 Size of the filtered table is = 12
2024-04-17 18:15 | INFO | Query 40 Active Learning Random Query Runtime on Validation Set: 103653.19
2024-04-17 18:15 | INFO | Query 40 Active Learning Random Query Runtime on Test Set: 82338.16
2024-04-17 18:15 | INFO | Query 40 Active Learning Random Query Instance Cost: 126997.15
2024-04-17 18:15 | INFO | Timeout limit is increased to 3500
2024-04-17 18:15 | INFO | Query 41 Size of the uncertainty table is = 737/1201
2024-04-17 18:15 | INFO | Query 41 Size of the filtered table is = 12
2024-04-17 18:15 | INFO | Query 41 Active Learning Random Query Runtime on Validation Set: 103653.19
2024-04-17 18:15 | INFO | Query 41 Active Learning Random Query Runtime on Test Set: 82338.14
2024-04-17 18:15 | INFO | Query 41 Active Learning Random Query Instance Cost: 130419.95
2024-04-17 18:15 | INFO | Timeout limit is increased to 3600
2024-04-17 18:15 | INFO | Query 42 Size of the uncertainty table is = 725/1201
2024-04-17 18:15 | INFO | Query 42 Size of the filtered table is = 12
2024-04-17 18:15 | INFO | Query 42 Active Learning Random Query Runtime on Validation Set: 103653.19
2024-04-17 18:15 | INFO | Query 42 Active Learning Random Query Runtime on Test Set: 82338.12
2024-04-17 18:15 | INFO | Query 42 Active Learning Random Query Instance Cost: 145489.04
2024-04-17 18:15 | INFO | Timeout limit is increased to 3600
2024-04-17 18:15 | INFO | Query 43 Size of the uncertainty table is = 702/1201
2024-04-17 18:15 | INFO | Query 43 Size of the filtered table is = 12
2024-04-17 18:16 | INFO | Query 43 Active Learning Random Query Runtime on Validation Set: 103653.19
2024-04-17 18:16 | INFO | Query 43 Active Learning Random Query Runtime on Test Set: 82338.12
2024-04-17 18:16 | INFO | Query 43 Active Learning Random Query Instance Cost: 146599.97
2024-04-17 18:16 | INFO | Timeout limit is increased to 3600
2024-04-17 18:16 | INFO | Query 44 Size of the uncertainty table is = 690/1201
2024-04-17 18:16 | INFO | Query 44 Size of the filtered table is = 12
2024-04-17 18:16 | INFO | Query 44 Active Learning Random Query Runtime on Validation Set: 103653.19
2024-04-17 18:16 | INFO | Query 44 Active Learning Random Query Runtime on Test Set: 49992.88
2024-04-17 18:16 | INFO | Query 44 Active Learning Random Query Instance Cost: 146620.23
2024-04-17 18:16 | INFO | Timeout limit is increased to 3600
2024-04-17 18:16 | INFO | Query 45 Size of the uncertainty table is = 678/1201
2024-04-17 18:16 | INFO | Query 45 Size of the filtered table is = 12
2024-04-17 18:16 | INFO | Query 45 Active Learning Random Query Runtime on Validation Set: 103653.19
2024-04-17 18:16 | INFO | Query 45 Active Learning Random Query Runtime on Test Set: 49992.84
2024-04-17 18:16 | INFO | Query 45 Active Learning Random Query Instance Cost: 147806.78
2024-04-17 18:16 | INFO | Timeout limit is increased to 3600
2024-04-17 18:16 | INFO | Query 46 Size of the uncertainty table is = 666/1201
2024-04-17 18:16 | INFO | Query 46 Size of the filtered table is = 12
2024-04-17 18:16 | INFO | Query 46 Active Learning Random Query Runtime on Validation Set: 103653.19
2024-04-17 18:16 | INFO | Query 46 Active Learning Random Query Runtime on Test Set: 49992.85
2024-04-17 18:16 | INFO | Query 46 Active Learning Random Query Instance Cost: 169227.82
2024-04-17 18:16 | INFO | Timeout limit is increased to 3600
2024-04-17 18:16 | INFO | Query 47 Size of the uncertainty table is = 654/1201
2024-04-17 18:16 | INFO | Query 47 Size of the filtered table is = 12
2024-04-17 18:16 | INFO | Query 47 Active Learning Random Query Runtime on Validation Set: 103653.19
2024-04-17 18:16 | INFO | Query 47 Active Learning Random Query Runtime on Test Set: 49992.84
2024-04-17 18:16 | INFO | Query 47 Active Learning Random Query Instance Cost: 169245.82
2024-04-17 18:16 | INFO | Timeout limit is increased to 3600
2024-04-17 18:16 | INFO | Query 48 Size of the uncertainty table is = 642/1201
2024-04-17 18:16 | INFO | Query 48 Size of the filtered table is = 12
2024-04-17 18:16 | INFO | Query 48 Active Learning Random Query Runtime on Validation Set: 103653.19
2024-04-17 18:16 | INFO | Query 48 Active Learning Random Query Runtime on Test Set: 49992.84
2024-04-17 18:16 | INFO | Query 48 Active Learning Random Query Instance Cost: 183022.4
2024-04-17 18:16 | INFO | Timeout limit is increased to 3600
2024-04-17 18:16 | INFO | Query 49 Size of the uncertainty table is = 630/1201
2024-04-17 18:16 | INFO | Query 49 Size of the filtered table is = 12
2024-04-17 18:16 | INFO | Query 49 Active Learning Random Query Runtime on Validation Set: 103653.19
2024-04-17 18:16 | INFO | Query 49 Active Learning Random Query Runtime on Test Set: 49992.9
2024-04-17 18:16 | INFO | Query 49 Active Learning Random Query Instance Cost: 190938.53
2024-04-17 18:16 | INFO | Timeout limit is increased to 3600
2024-04-17 18:16 | INFO | Query 50 Size of the uncertainty table is = 618/1201
2024-04-17 18:16 | INFO | Query 50 Size of the filtered table is = 12
2024-04-17 18:16 | INFO | Query 50 Active Learning Random Query Runtime on Validation Set: 103653.19
2024-04-17 18:16 | INFO | Query 50 Active Learning Random Query Runtime on Test Set: 49992.85
2024-04-17 18:16 | INFO | Query 50 Active Learning Random Query Instance Cost: 196162.01
2024-04-17 18:16 | INFO | Timeout limit is increased to 3600
2024-04-17 18:16 | INFO | Query 51 Size of the uncertainty table is = 606/1201
2024-04-17 18:16 | INFO | Query 51 Size of the filtered table is = 12
2024-04-17 18:16 | INFO | Query 51 Active Learning Random Query Runtime on Validation Set: 103653.19
2024-04-17 18:16 | INFO | Query 51 Active Learning Random Query Runtime on Test Set: 49992.88
2024-04-17 18:16 | INFO | Query 51 Active Learning Random Query Instance Cost: 201391.33
2024-04-17 18:16 | INFO | Timeout limit is increased to 3600
2024-04-17 18:16 | INFO | Query 52 Size of the uncertainty table is = 594/1201
2024-04-17 18:16 | INFO | Query 52 Size of the filtered table is = 12
2024-04-17 18:16 | INFO | Query 52 Active Learning Random Query Runtime on Validation Set: 103653.19
2024-04-17 18:16 | INFO | Query 52 Active Learning Random Query Runtime on Test Set: 49992.88
2024-04-17 18:16 | INFO | Query 52 Active Learning Random Query Instance Cost: 212146.94
2024-04-17 18:16 | INFO | Timeout limit is increased to 3600
2024-04-17 18:16 | INFO | Query 53 Size of the uncertainty table is = 582/1201
2024-04-17 18:16 | INFO | Query 53 Size of the filtered table is = 12
2024-04-17 18:16 | INFO | Query 53 Active Learning Random Query Runtime on Validation Set: 103653.19
2024-04-17 18:16 | INFO | Query 53 Active Learning Random Query Runtime on Test Set: 49992.84
2024-04-17 18:16 | INFO | Query 53 Active Learning Random Query Instance Cost: 217388.8
2024-04-17 18:16 | INFO | Timeout limit is increased to 3600
2024-04-17 18:16 | INFO | Query 54 Size of the uncertainty table is = 570/1201
2024-04-17 18:16 | INFO | Query 54 Size of the filtered table is = 12
2024-04-17 18:16 | INFO | Query 54 Active Learning Random Query Runtime on Validation Set: 103653.19
2024-04-17 18:16 | INFO | Query 54 Active Learning Random Query Runtime on Test Set: 49999.38
2024-04-17 18:16 | INFO | Query 54 Active Learning Random Query Instance Cost: 226828.14
2024-04-17 18:16 | INFO | Timeout limit is increased to 3600
2024-04-17 18:16 | INFO | Query 55 Size of the uncertainty table is = 558/1201
2024-04-17 18:16 | INFO | Query 55 Size of the filtered table is = 12
2024-04-17 18:16 | INFO | Query 55 Active Learning Random Query Runtime on Validation Set: 103653.19
2024-04-17 18:16 | INFO | Query 55 Active Learning Random Query Runtime on Test Set: 49992.88
2024-04-17 18:16 | INFO | Query 55 Active Learning Random Query Instance Cost: 227941.34
2024-04-17 18:16 | INFO | Timeout limit is increased to 3600
2024-04-17 18:16 | INFO | Query 56 Size of the uncertainty table is = 546/1201
2024-04-17 18:16 | INFO | Query 56 Size of the filtered table is = 12
2024-04-17 18:17 | INFO | Query 56 Active Learning Random Query Runtime on Validation Set: 103653.19
2024-04-17 18:17 | INFO | Query 56 Active Learning Random Query Runtime on Test Set: 49992.88
2024-04-17 18:17 | INFO | Query 56 Active Learning Random Query Instance Cost: 228110.54
2024-04-17 18:17 | INFO | Timeout limit is increased to 3600
2024-04-17 18:17 | INFO | Query 57 Size of the uncertainty table is = 534/1201
2024-04-17 18:17 | INFO | Query 57 Size of the filtered table is = 12
2024-04-17 18:17 | INFO | Query 57 Active Learning Random Query Runtime on Validation Set: 103653.19
2024-04-17 18:17 | INFO | Query 57 Active Learning Random Query Runtime on Test Set: 49992.88
2024-04-17 18:17 | INFO | Query 57 Active Learning Random Query Instance Cost: 239263.24
2024-04-17 18:17 | INFO | Timeout limit is increased to 3600
2024-04-17 18:17 | INFO | Query 58 Size of the uncertainty table is = 522/1201
2024-04-17 18:17 | INFO | Query 58 Size of the filtered table is = 12
2024-04-17 18:17 | INFO | Query 58 Active Learning Random Query Runtime on Validation Set: 103653.19
2024-04-17 18:17 | INFO | Query 58 Active Learning Random Query Runtime on Test Set: 49992.89
2024-04-17 18:17 | INFO | Query 58 Active Learning Random Query Instance Cost: 246019.93
2024-04-17 18:17 | INFO | Timeout limit is increased to 3600
2024-04-17 18:17 | INFO | Query 59 Size of the uncertainty table is = 510/1201
2024-04-17 18:17 | INFO | Query 59 Size of the filtered table is = 12
2024-04-17 18:17 | INFO | Query 59 Active Learning Random Query Runtime on Validation Set: 103653.19
2024-04-17 18:17 | INFO | Query 59 Active Learning Random Query Runtime on Test Set: 49992.88
2024-04-17 18:17 | INFO | Query 59 Active Learning Random Query Instance Cost: 251040.16
2024-04-17 18:17 | INFO | Timeout limit is increased to 3600
2024-04-17 18:17 | INFO | Query 60 Size of the uncertainty table is = 498/1201
2024-04-17 18:17 | INFO | Query 60 Size of the filtered table is = 12
2024-04-17 18:17 | INFO | Query 60 Active Learning Random Query Runtime on Validation Set: 103653.19
2024-04-17 18:17 | INFO | Query 60 Active Learning Random Query Runtime on Test Set: 49992.86
2024-04-17 18:17 | INFO | Query 60 Active Learning Random Query Instance Cost: 254801.97
2024-04-17 18:17 | INFO | Timeout limit is increased to 3600
2024-04-17 18:17 | INFO | Query 61 Size of the uncertainty table is = 486/1201
2024-04-17 18:17 | INFO | Query 61 Size of the filtered table is = 12
2024-04-17 18:17 | INFO | Query 61 Active Learning Random Query Runtime on Validation Set: 103653.19
2024-04-17 18:17 | INFO | Query 61 Active Learning Random Query Runtime on Test Set: 49992.88
2024-04-17 18:17 | INFO | Query 61 Active Learning Random Query Instance Cost: 262065.11
2024-04-17 18:17 | INFO | Timeout limit is increased to 3600
2024-04-17 18:17 | INFO | Query 62 Size of the uncertainty table is = 474/1201
2024-04-17 18:17 | INFO | Query 62 Size of the filtered table is = 12
2024-04-17 18:17 | INFO | Query 62 Active Learning Random Query Runtime on Validation Set: 103653.19
2024-04-17 18:17 | INFO | Query 62 Active Learning Random Query Runtime on Test Set: 49992.84
2024-04-17 18:17 | INFO | Query 62 Active Learning Random Query Instance Cost: 270493.29
2024-04-17 18:17 | INFO | Timeout limit is increased to 3600
2024-04-17 18:17 | INFO | Query 63 Size of the uncertainty table is = 462/1201
2024-04-17 18:17 | INFO | Query 63 Size of the filtered table is = 12
2024-04-17 18:17 | INFO | Query 63 Active Learning Random Query Runtime on Validation Set: 103653.19
2024-04-17 18:17 | INFO | Query 63 Active Learning Random Query Runtime on Test Set: 49691.19
2024-04-17 18:17 | INFO | Query 63 Active Learning Random Query Instance Cost: 276300.33
2024-04-17 18:17 | INFO | Timeout limit is increased to 3600
2024-04-17 18:17 | INFO | Query 64 Size of the uncertainty table is = 450/1201
2024-04-17 18:17 | INFO | Query 64 Size of the filtered table is = 12
2024-04-17 18:17 | INFO | Query 64 Active Learning Random Query Runtime on Validation Set: 103653.19
2024-04-17 18:17 | INFO | Query 64 Active Learning Random Query Runtime on Test Set: 49688.14
2024-04-17 18:17 | INFO | Query 64 Active Learning Random Query Instance Cost: 281094.96
2024-04-17 18:17 | INFO | Timeout limit is increased to 3600
2024-04-17 18:17 | INFO | Query 65 Size of the uncertainty table is = 438/1201
2024-04-17 18:17 | INFO | Query 65 Size of the filtered table is = 12
2024-04-17 18:17 | INFO | Query 65 Active Learning Random Query Runtime on Validation Set: 103653.19
2024-04-17 18:17 | INFO | Query 65 Active Learning Random Query Runtime on Test Set: 49692.19
2024-04-17 18:17 | INFO | Query 65 Active Learning Random Query Instance Cost: 289392.94
2024-04-17 18:17 | INFO | Timeout limit is increased to 3600
2024-04-17 18:17 | INFO | Query 66 Size of the uncertainty table is = 426/1201
2024-04-17 18:17 | INFO | Query 66 Size of the filtered table is = 12
2024-04-17 18:17 | INFO | Query 66 Active Learning Random Query Runtime on Validation Set: 103653.19
2024-04-17 18:17 | INFO | Query 66 Active Learning Random Query Runtime on Test Set: 49688.09
2024-04-17 18:17 | INFO | Query 66 Active Learning Random Query Instance Cost: 296975.15
2024-04-17 18:17 | INFO | Timeout limit is increased to 3600
2024-04-17 18:17 | INFO | Query 67 Size of the uncertainty table is = 414/1201
2024-04-17 18:17 | INFO | Query 67 Size of the filtered table is = 12
2024-04-17 18:17 | INFO | Query 67 Active Learning Random Query Runtime on Validation Set: 103653.19
2024-04-17 18:17 | INFO | Query 67 Active Learning Random Query Runtime on Test Set: 82744.73
2024-04-17 18:17 | INFO | Query 67 Active Learning Random Query Instance Cost: 304301.87
2024-04-17 18:17 | INFO | Timeout limit is increased to 3600
2024-04-17 18:17 | INFO | Query 68 Size of the uncertainty table is = 402/1201
2024-04-17 18:17 | INFO | Query 68 Size of the filtered table is = 12
2024-04-17 18:17 | INFO | Query 68 Active Learning Random Query Runtime on Validation Set: 103653.19
2024-04-17 18:17 | INFO | Query 68 Active Learning Random Query Runtime on Test Set: 49691.35
2024-04-17 18:17 | INFO | Query 68 Active Learning Random Query Instance Cost: 318929.87
2024-04-17 18:17 | INFO | Timeout limit is increased to 3600
2024-04-17 18:17 | INFO | Query 69 Size of the uncertainty table is = 390/1201
2024-04-17 18:17 | INFO | Query 69 Size of the filtered table is = 12
2024-04-17 18:18 | INFO | Query 69 Active Learning Random Query Runtime on Validation Set: 103653.19
2024-04-17 18:18 | INFO | Query 69 Active Learning Random Query Runtime on Test Set: 49691.35
2024-04-17 18:18 | INFO | Query 69 Active Learning Random Query Instance Cost: 318937.27
2024-04-17 18:18 | INFO | Timeout limit is increased to 3600
2024-04-17 18:18 | INFO | Query 70 Size of the uncertainty table is = 378/1201
2024-04-17 18:18 | INFO | Query 70 Size of the filtered table is = 12
2024-04-17 18:18 | INFO | Query 70 Active Learning Random Query Runtime on Validation Set: 103653.19
2024-04-17 18:18 | INFO | Query 70 Active Learning Random Query Runtime on Test Set: 49691.37
2024-04-17 18:18 | INFO | Query 70 Active Learning Random Query Instance Cost: 326237.49
2024-04-17 18:18 | INFO | Timeout limit is increased to 3600
2024-04-17 18:18 | INFO | Query 71 Size of the uncertainty table is = 366/1201
2024-04-17 18:18 | INFO | Query 71 Size of the filtered table is = 12
2024-04-17 18:18 | INFO | Query 71 Active Learning Random Query Runtime on Validation Set: 103653.19
2024-04-17 18:18 | INFO | Query 71 Active Learning Random Query Runtime on Test Set: 49688.38
2024-04-17 18:18 | INFO | Query 71 Active Learning Random Query Instance Cost: 331031.36
2024-04-17 18:18 | INFO | Timeout limit is increased to 3600
2024-04-17 18:18 | INFO | Query 72 Size of the uncertainty table is = 354/1201
2024-04-17 18:18 | INFO | Query 72 Size of the filtered table is = 12
2024-04-17 18:18 | INFO | Query 72 Active Learning Random Query Runtime on Validation Set: 103653.19
2024-04-17 18:18 | INFO | Query 72 Active Learning Random Query Runtime on Test Set: 49691.21
2024-04-17 18:18 | INFO | Query 72 Active Learning Random Query Instance Cost: 338272.17
2024-04-17 18:18 | INFO | Timeout limit is increased to 3600
2024-04-17 18:18 | INFO | Query 73 Size of the uncertainty table is = 342/1201
2024-04-17 18:18 | INFO | Query 73 Size of the filtered table is = 12
2024-04-17 18:18 | INFO | Query 73 Active Learning Random Query Runtime on Validation Set: 103653.19
2024-04-17 18:18 | INFO | Query 73 Active Learning Random Query Runtime on Test Set: 49688.24
2024-04-17 18:18 | INFO | Query 73 Active Learning Random Query Instance Cost: 342166.19
2024-04-17 18:18 | INFO | Timeout limit is increased to 3600
2024-04-17 18:18 | INFO | Query 74 Size of the uncertainty table is = 330/1201
2024-04-17 18:18 | INFO | Query 74 Size of the filtered table is = 12
2024-04-17 18:18 | INFO | Query 74 Active Learning Random Query Runtime on Validation Set: 103653.19
2024-04-17 18:18 | INFO | Query 74 Active Learning Random Query Runtime on Test Set: 49691.21
2024-04-17 18:18 | INFO | Query 74 Active Learning Random Query Instance Cost: 352888.74
2024-04-17 18:18 | INFO | Timeout limit is increased to 3600
2024-04-17 18:18 | INFO | Query 75 Size of the uncertainty table is = 318/1201
2024-04-17 18:18 | INFO | Query 75 Size of the filtered table is = 12
2024-04-17 18:18 | INFO | Query 75 Active Learning Random Query Runtime on Validation Set: 103653.19
2024-04-17 18:18 | INFO | Query 75 Active Learning Random Query Runtime on Test Set: 49691.17
2024-04-17 18:18 | INFO | Query 75 Active Learning Random Query Instance Cost: 352949.21
2024-04-17 18:18 | INFO | Timeout limit is increased to 3600
2024-04-17 18:18 | INFO | Query 76 Size of the uncertainty table is = 306/1201
2024-04-17 18:18 | INFO | Query 76 Size of the filtered table is = 12
2024-04-17 18:18 | INFO | Query 76 Active Learning Random Query Runtime on Validation Set: 103653.19
2024-04-17 18:18 | INFO | Query 76 Active Learning Random Query Runtime on Test Set: 49691.17
2024-04-17 18:18 | INFO | Query 76 Active Learning Random Query Instance Cost: 357923.0
2024-04-17 18:18 | INFO | Timeout limit is increased to 3600
2024-04-17 18:18 | INFO | Query 77 Size of the uncertainty table is = 294/1201
2024-04-17 18:18 | INFO | Query 77 Size of the filtered table is = 12
2024-04-17 18:18 | INFO | Query 77 Active Learning Random Query Runtime on Validation Set: 103653.19
2024-04-17 18:18 | INFO | Query 77 Active Learning Random Query Runtime on Test Set: 49691.17
2024-04-17 18:18 | INFO | Query 77 Active Learning Random Query Instance Cost: 358805.78
2024-04-17 18:18 | INFO | Timeout limit is increased to 3600
2024-04-17 18:18 | INFO | Query 78 Size of the uncertainty table is = 282/1201
2024-04-17 18:18 | INFO | Query 78 Size of the filtered table is = 12
2024-04-17 18:18 | INFO | Query 78 Active Learning Random Query Runtime on Validation Set: 103653.19
2024-04-17 18:18 | INFO | Query 78 Active Learning Random Query Runtime on Test Set: 49688.09
2024-04-17 18:18 | INFO | Query 78 Active Learning Random Query Instance Cost: 362890.89
2024-04-17 18:18 | INFO | Timeout limit is increased to 3600
2024-04-17 18:18 | INFO | Query 79 Size of the uncertainty table is = 270/1201
2024-04-17 18:18 | INFO | Query 79 Size of the filtered table is = 12
2024-04-17 18:18 | INFO | Query 79 Active Learning Random Query Runtime on Validation Set: 103653.19
2024-04-17 18:18 | INFO | Query 79 Active Learning Random Query Runtime on Test Set: 49690.06
2024-04-17 18:18 | INFO | Query 79 Active Learning Random Query Instance Cost: 367867.79
2024-04-17 18:18 | INFO | Timeout limit is increased to 3600
2024-04-17 18:18 | INFO | Query 80 Size of the uncertainty table is = 258/1201
2024-04-17 18:18 | INFO | Query 80 Size of the filtered table is = 12
2024-04-17 18:18 | INFO | Query 80 Active Learning Random Query Runtime on Validation Set: 103653.19
2024-04-17 18:18 | INFO | Query 80 Active Learning Random Query Runtime on Test Set: 49688.11
2024-04-17 18:18 | INFO | Query 80 Active Learning Random Query Instance Cost: 367874.24
2024-04-17 18:18 | INFO | Timeout limit is increased to 3600
2024-04-17 18:18 | INFO | Query 81 Size of the uncertainty table is = 246/1201
2024-04-17 18:18 | INFO | Query 81 Size of the filtered table is = 12
2024-04-17 18:18 | INFO | Query 81 Active Learning Random Query Runtime on Validation Set: 103653.19
2024-04-17 18:18 | INFO | Query 81 Active Learning Random Query Runtime on Test Set: 49688.1
2024-04-17 18:18 | INFO | Query 81 Active Learning Random Query Instance Cost: 368160.05
2024-04-17 18:18 | INFO | Timeout limit is increased to 3600
2024-04-17 18:18 | INFO | Query 82 Size of the uncertainty table is = 234/1201
2024-04-17 18:18 | INFO | Query 82 Size of the filtered table is = 12
2024-04-17 18:19 | INFO | Query 82 Active Learning Random Query Runtime on Validation Set: 103653.19
2024-04-17 18:19 | INFO | Query 82 Active Learning Random Query Runtime on Test Set: 49703.86
2024-04-17 18:19 | INFO | Query 82 Active Learning Random Query Instance Cost: 371611.91
2024-04-17 18:19 | INFO | Timeout limit is increased to 3600
2024-04-17 18:19 | INFO | Query 83 Size of the uncertainty table is = 222/1201
2024-04-17 18:19 | INFO | Query 83 Size of the filtered table is = 12
2024-04-17 18:19 | INFO | Query 83 Active Learning Random Query Runtime on Validation Set: 103653.19
2024-04-17 18:19 | INFO | Query 83 Active Learning Random Query Runtime on Test Set: 49689.99
2024-04-17 18:19 | INFO | Query 83 Active Learning Random Query Instance Cost: 375295.7
2024-04-17 18:19 | INFO | Timeout limit is increased to 3600
2024-04-17 18:19 | INFO | Query 84 Size of the uncertainty table is = 210/1201
2024-04-17 18:19 | INFO | Query 84 Size of the filtered table is = 12
2024-04-17 18:19 | INFO | Query 84 Active Learning Random Query Runtime on Validation Set: 103653.19
2024-04-17 18:19 | INFO | Query 84 Active Learning Random Query Runtime on Test Set: 49690.0
2024-04-17 18:19 | INFO | Query 84 Active Learning Random Query Instance Cost: 375374.16
2024-04-17 18:19 | INFO | Timeout limit is increased to 3600
2024-04-17 18:19 | INFO | Query 85 Size of the uncertainty table is = 198/1201
2024-04-17 18:19 | INFO | Query 85 Size of the filtered table is = 12
2024-04-17 18:19 | INFO | Query 85 Active Learning Random Query Runtime on Validation Set: 103653.19
2024-04-17 18:19 | INFO | Query 85 Active Learning Random Query Runtime on Test Set: 49690.0
2024-04-17 18:19 | INFO | Query 85 Active Learning Random Query Instance Cost: 375421.02
2024-04-17 18:19 | INFO | Timeout limit is increased to 3600
2024-04-17 18:19 | INFO | Query 86 Size of the uncertainty table is = 186/1201
2024-04-17 18:19 | INFO | Query 86 Size of the filtered table is = 12
2024-04-17 18:19 | INFO | Query 86 Active Learning Random Query Runtime on Validation Set: 103653.19
2024-04-17 18:19 | INFO | Query 86 Active Learning Random Query Runtime on Test Set: 49706.65
2024-04-17 18:19 | INFO | Query 86 Active Learning Random Query Instance Cost: 384201.39
2024-04-17 18:19 | INFO | Timeout limit is increased to 3600
2024-04-17 18:19 | INFO | Query 87 Size of the uncertainty table is = 174/1201
2024-04-17 18:19 | INFO | Query 87 Size of the filtered table is = 12
2024-04-17 18:19 | INFO | Query 87 Active Learning Random Query Runtime on Validation Set: 103653.19
2024-04-17 18:19 | INFO | Query 87 Active Learning Random Query Runtime on Test Set: 49708.63
2024-04-17 18:19 | INFO | Query 87 Active Learning Random Query Instance Cost: 388679.37
2024-04-17 18:19 | INFO | Timeout limit is increased to 3600
2024-04-17 18:19 | INFO | Query 88 Size of the uncertainty table is = 162/1201
2024-04-17 18:19 | INFO | Query 88 Size of the filtered table is = 12
2024-04-17 18:19 | INFO | Query 88 Active Learning Random Query Runtime on Validation Set: 103653.19
2024-04-17 18:19 | INFO | Query 88 Active Learning Random Query Runtime on Test Set: 49708.65
2024-04-17 18:19 | INFO | Query 88 Active Learning Random Query Instance Cost: 395968.36
2024-04-17 18:19 | INFO | Timeout limit is increased to 3600
2024-04-17 18:19 | INFO | Query 89 Size of the uncertainty table is = 150/1201
2024-04-17 18:19 | INFO | Query 89 Size of the filtered table is = 12
2024-04-17 18:19 | INFO | Query 89 Active Learning Random Query Runtime on Validation Set: 103653.19
2024-04-17 18:19 | INFO | Query 89 Active Learning Random Query Runtime on Test Set: 49708.75
2024-04-17 18:19 | INFO | Query 89 Active Learning Random Query Instance Cost: 408718.35
2024-04-17 18:19 | INFO | Timeout limit is increased to 3600
2024-04-17 18:19 | INFO | Query 90 Size of the uncertainty table is = 138/1201
2024-04-17 18:19 | INFO | Query 90 Size of the filtered table is = 12
2024-04-17 18:19 | INFO | Query 90 Active Learning Random Query Runtime on Validation Set: 103653.19
2024-04-17 18:19 | INFO | Query 90 Active Learning Random Query Runtime on Test Set: 49708.75
2024-04-17 18:19 | INFO | Query 90 Active Learning Random Query Instance Cost: 425378.61
2024-04-17 18:19 | INFO | Timeout limit is increased to 3600
2024-04-17 18:19 | INFO | Query 91 Size of the uncertainty table is = 126/1201
2024-04-17 18:19 | INFO | Query 91 Size of the filtered table is = 12
2024-04-17 18:19 | INFO | Query 91 Active Learning Random Query Runtime on Validation Set: 103653.19
2024-04-17 18:19 | INFO | Query 91 Active Learning Random Query Runtime on Test Set: 49693.09
2024-04-17 18:19 | INFO | Query 91 Active Learning Random Query Instance Cost: 432869.42
2024-04-17 18:19 | INFO | Timeout limit is increased to 3600
2024-04-17 18:19 | INFO | Query 92 Size of the uncertainty table is = 114/1201
2024-04-17 18:19 | INFO | Query 92 Size of the filtered table is = 12
2024-04-17 18:19 | INFO | Query 92 Active Learning Random Query Runtime on Validation Set: 103653.19
2024-04-17 18:19 | INFO | Query 92 Active Learning Random Query Runtime on Test Set: 49708.63
2024-04-17 18:19 | INFO | Query 92 Active Learning Random Query Instance Cost: 432909.98
2024-04-17 18:19 | INFO | Timeout limit is increased to 3600
2024-04-17 18:19 | INFO | Query 93 Size of the uncertainty table is = 102/1201
2024-04-17 18:19 | INFO | Query 93 Size of the filtered table is = 12
2024-04-17 18:19 | INFO | Query 93 Active Learning Random Query Runtime on Validation Set: 103653.19
2024-04-17 18:19 | INFO | Query 93 Active Learning Random Query Runtime on Test Set: 49708.61
2024-04-17 18:19 | INFO | Query 93 Active Learning Random Query Instance Cost: 438497.86
2024-04-17 18:19 | INFO | Timeout limit is increased to 3600
2024-04-17 18:19 | INFO | Query 94 Size of the uncertainty table is = 90/1201
2024-04-17 18:19 | INFO | Query 94 Size of the filtered table is = 12
2024-04-17 18:19 | INFO | Query 94 Active Learning Random Query Runtime on Validation Set: 103653.19
2024-04-17 18:19 | INFO | Query 94 Active Learning Random Query Runtime on Test Set: 49692.96
2024-04-17 18:19 | INFO | Query 94 Active Learning Random Query Instance Cost: 438611.17
2024-04-17 18:19 | INFO | Timeout limit is increased to 3600
2024-04-17 18:19 | INFO | Query 95 Size of the uncertainty table is = 78/1201
2024-04-17 18:19 | INFO | Query 95 Size of the filtered table is = 12
2024-04-17 18:20 | INFO | Query 95 Active Learning Random Query Runtime on Validation Set: 103653.19
2024-04-17 18:20 | INFO | Query 95 Active Learning Random Query Runtime on Test Set: 82752.65
2024-04-17 18:20 | INFO | Query 95 Active Learning Random Query Instance Cost: 444252.65
2024-04-17 18:20 | INFO | Timeout limit is increased to 3600
2024-04-17 18:20 | INFO | Query 96 Size of the uncertainty table is = 66/1201
2024-04-17 18:20 | INFO | Query 96 Size of the filtered table is = 12
2024-04-17 18:20 | INFO | Query 96 Active Learning Random Query Runtime on Validation Set: 103653.19
2024-04-17 18:20 | INFO | Query 96 Active Learning Random Query Runtime on Test Set: 49696.02
2024-04-17 18:20 | INFO | Query 96 Active Learning Random Query Instance Cost: 448767.45
2024-04-17 18:20 | INFO | Timeout limit is increased to 3600
2024-04-17 18:20 | INFO | Query 97 Size of the uncertainty table is = 54/1201
2024-04-17 18:20 | INFO | Query 97 Size of the filtered table is = 12
2024-04-17 18:20 | INFO | Query 97 Active Learning Random Query Runtime on Validation Set: 103653.19
2024-04-17 18:20 | INFO | Query 97 Active Learning Random Query Runtime on Test Set: 49696.06
2024-04-17 18:20 | INFO | Query 97 Active Learning Random Query Instance Cost: 456483.09
2024-04-17 18:20 | INFO | Timeout limit is increased to 3600
2024-04-17 18:20 | INFO | Query 98 Size of the uncertainty table is = 42/1201
2024-04-17 18:20 | INFO | Query 98 Size of the filtered table is = 12
2024-04-17 18:20 | INFO | Query 98 Active Learning Random Query Runtime on Validation Set: 103653.19
2024-04-17 18:20 | INFO | Query 98 Active Learning Random Query Runtime on Test Set: 49696.07
2024-04-17 18:20 | INFO | Query 98 Active Learning Random Query Instance Cost: 463715.24
2024-04-17 18:20 | INFO | Timeout limit is increased to 3600
2024-04-17 18:20 | INFO | Query 99 Size of the uncertainty table is = 30/1201
2024-04-17 18:20 | INFO | Query 99 Size of the filtered table is = 12
2024-04-17 18:20 | INFO | Query 99 Active Learning Random Query Runtime on Validation Set: 103653.19
2024-04-17 18:20 | INFO | Query 99 Active Learning Random Query Runtime on Test Set: 49695.07
2024-04-17 18:20 | INFO | Query 99 Active Learning Random Query Instance Cost: 468431.68
2024-04-17 18:20 | INFO | Timeout limit is increased to 3600
2024-04-17 18:20 | INFO | Query 100 Size of the uncertainty table is = 18/1201
2024-04-17 18:20 | INFO | Query 100 Size of the filtered table is = 12
2024-04-17 18:20 | INFO | Query 100 Active Learning Random Query Runtime on Validation Set: 103653.19
2024-04-17 18:20 | INFO | Query 100 Active Learning Random Query Runtime on Test Set: 49696.07
2024-04-17 18:20 | INFO | Query 100 Active Learning Random Query Instance Cost: 475745.85
2024-04-17 18:20 | INFO | Timeout limit is increased to 3600
2024-04-17 18:20 | INFO | Query 101 Size of the uncertainty table is = 6/1201
2024-04-17 18:20 | INFO | Query 101 Size of the filtered table is = 6
2024-04-17 18:20 | INFO | Query 101 Active Learning Random Query Runtime on Validation Set: 103653.19
2024-04-17 18:20 | INFO | Query 101 Active Learning Random Query Runtime on Test Set: 49696.08
2024-04-17 18:20 | INFO | Query 101 Active Learning Random Query Instance Cost: 479548.25
2024-04-17 18:20 | INFO | Timeout limit is increased to 3600
2024-04-17 18:20 | INFO | runtime_train_score is written as json file
2024-04-17 18:20 | INFO | runtime_test_score is written as json file
2024-04-17 18:20 | INFO | runtime_validation_score is written as json file
2024-04-17 18:20 | INFO | instance_cost is written as json file
2024-04-17 18:20 | INFO | Experiment is finished
