2024-04-17 10:22 | INFO | Paramaters are: {'dataset': 'MAXSAT19-UCMS', 'penalty': 10, 'weight': 'No_Weight', 'voting': 'Hard', 'pre_selection_size': 64, 'pre_selection_technique': 'No_pre_selection', 'feature_elimination_threshold': 20, 'imputer_strategy': 'median', 'feature_selection_technique': 'No_feature_selection', 'feature_scaling_technique': 'StandardScaler', 'initial_train_size': 20, 'query_size': 1, 'timeout_predictor_usage': 'Yes', 'timeout_limit': 3600, 'timeout_increase_rate': 100, 'RANDOM_STATE_SEED': 7, 'n_splits': 10, 'split_number': 4, 'max_timeout': 3600, 'param_grid': {'n_estimators': 100, 'criterion': 'gini', 'max_features': 'sqrt', 'max_depth': 2147483648, 'min_samples_split': 2, 'bootstrap': True}}
2024-04-17 10:22 | INFO | MAXSAT19-UCMS is current dataset
2024-04-17 10:22 | INFO | DATASETS/MAXSAT19-UCMS/algorithm_runs.arff is found
2024-04-17 10:22 | INFO | DATASETS/MAXSAT19-UCMS/algorithm_runs.arff is finished
2024-04-17 10:22 | INFO | DATASETS/MAXSAT19-UCMS/feature_values.arff is found
2024-04-17 10:22 | INFO | DATASETS/MAXSAT19-UCMS/feature_values.arff is finished
2024-04-17 10:22 | INFO | DATASETS/MAXSAT19-UCMS/feature_costs.arff is found
2024-04-17 10:22 | INFO | DATASETS/MAXSAT19-UCMS/feature_costs.arff is finished
2024-04-17 10:22 | INFO | Virtual best solver time in train = 56303.61
2024-04-17 10:22 | INFO | Single best solver list train = {'MaxHS': 1199683.03, 'Open.WBO.g': 1693242.3, 'Open.WBO.ms': 1516192.47, 'Open.WBO.ms.pre': 1869198.33, 'QMaxSAT2018': 3961234.14, 'UWrMaxSAT': 1387824.7, 'maxino2018': 1721081.1}
2024-04-17 10:22 | INFO | Single best solver time train = MaxHS (1199683.03)
2024-04-17 10:22 | INFO | Virtual best solver time in validation = 8288.39
2024-04-17 10:22 | INFO | Single best solver list validation = {'MaxHS': 294147.95, 'Open.WBO.g': 191805.72, 'Open.WBO.ms': 189211.95, 'Open.WBO.ms.pre': 220649.56, 'QMaxSAT2018': 511869.12, 'UWrMaxSAT': 113878.76, 'maxino2018': 187466.9}
2024-04-17 10:22 | INFO | Single best solver time validation = UWrMaxSAT (113878.76)
2024-04-17 10:22 | INFO | Virtual best solver time in test = 6964.88
2024-04-17 10:22 | INFO | Single best solver list test = {'MaxHS': 76994.88, 'Open.WBO.g': 114027.75, 'Open.WBO.ms': 78017.01, 'Open.WBO.ms.pre': 397885.48, 'QMaxSAT2018': 618505.64, 'UWrMaxSAT': 110177.85, 'maxino2018': 218386.83}
2024-04-17 10:22 | INFO | Single best solver time test = MaxHS (76994.88)
2024-04-17 10:22 | INFO | Passive Learning Runtime on Validation Set: 289862.59
2024-04-17 10:22 | INFO | Passive Learning Runtime on Test Set: 70574.48
2024-04-17 10:22 | INFO | Passive Learning Instance Cost: 1554856.07
2024-04-17 10:22 | INFO | Initial Active Learning Runtime on Validation Set: 221351.29
2024-04-17 10:22 | INFO | Initial Active Learning Runtime on Test Set: 143104.33
2024-04-17 10:22 | INFO | Initial Active Learning Instance Cost: 95289.6
2024-04-17 10:22 | INFO | Bin size = 51
2024-04-17 10:22 | INFO | Query 1 Size of the uncertainty table is = 5040/5040
2024-04-17 10:22 | INFO | Query 1 Size of the filtered table is = 51
2024-04-17 10:23 | INFO | Query 1 Active Learning Runtime on Validation Set: 221391.78999999998
2024-04-17 10:23 | INFO | Query 1 Active Learning Runtime on Test Set: 143104.09
2024-04-17 10:23 | INFO | Query 1 Active Learning Instance Cost: 166637.37
2024-04-17 10:23 | INFO | Timeout limit is increased to 3600
2024-04-17 10:23 | INFO | Query 2 Size of the uncertainty table is = 4972/5040
2024-04-17 10:23 | INFO | Query 2 Size of the filtered table is = 51
2024-04-17 10:23 | INFO | Query 2 Active Learning Runtime on Validation Set: 221390.49
2024-04-17 10:23 | INFO | Query 2 Active Learning Runtime on Test Set: 143333.98
2024-04-17 10:23 | INFO | Query 2 Active Learning Instance Cost: 229858.24
2024-04-17 10:23 | INFO | Query 3 Size of the uncertainty table is = 4881/5040
2024-04-17 10:23 | INFO | Query 3 Size of the filtered table is = 51
2024-04-17 10:24 | INFO | Query 3 Active Learning Runtime on Validation Set: 258235.38
2024-04-17 10:24 | INFO | Query 3 Active Learning Runtime on Test Set: 107378.73999999999
2024-04-17 10:24 | INFO | Query 3 Active Learning Instance Cost: 321296.38
2024-04-17 10:24 | INFO | Timeout limit is increased to 3600
2024-04-17 10:24 | INFO | Query 4 Size of the uncertainty table is = 4760/5040
2024-04-17 10:24 | INFO | Query 4 Size of the filtered table is = 51
2024-04-17 10:24 | INFO | Query 4 Active Learning Runtime on Validation Set: 221741.49
2024-04-17 10:24 | INFO | Query 4 Active Learning Runtime on Test Set: 107469.9
2024-04-17 10:24 | INFO | Query 4 Active Learning Instance Cost: 441601.32
2024-04-17 10:24 | INFO | Query 5 Size of the uncertainty table is = 4662/5040
2024-04-17 10:24 | INFO | Query 5 Size of the filtered table is = 51
2024-04-17 10:24 | INFO | Query 5 Active Learning Runtime on Validation Set: 291337.78
2024-04-17 10:24 | INFO | Query 5 Active Learning Runtime on Test Set: 107432.1
2024-04-17 10:24 | INFO | Query 5 Active Learning Instance Cost: 502800.72
2024-04-17 10:24 | INFO | Timeout limit is increased to 3600
2024-04-17 10:24 | INFO | Query 6 Size of the uncertainty table is = 4520/5040
2024-04-17 10:24 | INFO | Query 6 Size of the filtered table is = 51
2024-04-17 10:25 | INFO | Query 6 Active Learning Runtime on Validation Set: 253418.33
2024-04-17 10:25 | INFO | Query 6 Active Learning Runtime on Test Set: 107502.26999999999
2024-04-17 10:25 | INFO | Query 6 Active Learning Instance Cost: 550786.2
2024-04-17 10:25 | INFO | Query 7 Size of the uncertainty table is = 4360/5040
2024-04-17 10:25 | INFO | Query 7 Size of the filtered table is = 51
2024-04-17 10:25 | INFO | Query 7 Active Learning Runtime on Validation Set: 221724.16999999998
2024-04-17 10:25 | INFO | Query 7 Active Learning Runtime on Test Set: 141833.54
2024-04-17 10:25 | INFO | Query 7 Active Learning Instance Cost: 593286.95
2024-04-17 10:25 | INFO | Query 8 Size of the uncertainty table is = 4193/5040
2024-04-17 10:25 | INFO | Query 8 Size of the filtered table is = 51
2024-04-17 10:26 | INFO | Query 8 Active Learning Runtime on Validation Set: 187355.02
2024-04-17 10:26 | INFO | Query 8 Active Learning Runtime on Test Set: 141782.94
2024-04-17 10:26 | INFO | Query 8 Active Learning Instance Cost: 635380.08
2024-04-17 10:26 | INFO | Query 9 Size of the uncertainty table is = 4022/5040
2024-04-17 10:26 | INFO | Query 9 Size of the filtered table is = 51
2024-04-17 10:26 | INFO | Query 9 Active Learning Runtime on Validation Set: 219930.22999999998
2024-04-17 10:26 | INFO | Query 9 Active Learning Runtime on Test Set: 141798.56
2024-04-17 10:26 | INFO | Query 9 Active Learning Instance Cost: 697344.25
2024-04-17 10:26 | INFO | Timeout limit is increased to 3600
2024-04-17 10:26 | INFO | Query 10 Size of the uncertainty table is = 3831/5040
2024-04-17 10:26 | INFO | Query 10 Size of the filtered table is = 51
2024-04-17 10:26 | INFO | Query 10 Active Learning Runtime on Validation Set: 290393.95
2024-04-17 10:26 | INFO | Query 10 Active Learning Runtime on Test Set: 141796.23
2024-04-17 10:26 | INFO | Query 10 Active Learning Instance Cost: 756150.96
2024-04-17 10:26 | INFO | Timeout limit is increased to 3600
2024-04-17 10:26 | INFO | Query 11 Size of the uncertainty table is = 3632/5040
2024-04-17 10:26 | INFO | Query 11 Size of the filtered table is = 51
2024-04-17 10:27 | INFO | Query 11 Active Learning Runtime on Validation Set: 257530.91999999998
2024-04-17 10:27 | INFO | Query 11 Active Learning Runtime on Test Set: 105827.54000000001
2024-04-17 10:27 | INFO | Query 11 Active Learning Instance Cost: 818575.86
2024-04-17 10:27 | INFO | Query 12 Size of the uncertainty table is = 3441/5040
2024-04-17 10:27 | INFO | Query 12 Size of the filtered table is = 51
2024-04-17 10:27 | INFO | Query 12 Active Learning Runtime on Validation Set: 257718.25999999998
2024-04-17 10:27 | INFO | Query 12 Active Learning Runtime on Test Set: 105923.43
2024-04-17 10:27 | INFO | Query 12 Active Learning Instance Cost: 881977.44
2024-04-17 10:27 | INFO | Timeout limit is increased to 3600
2024-04-17 10:27 | INFO | Query 13 Size of the uncertainty table is = 3206/5040
2024-04-17 10:27 | INFO | Query 13 Size of the filtered table is = 51
2024-04-17 10:28 | INFO | Query 13 Active Learning Runtime on Validation Set: 188554.19999999998
2024-04-17 10:28 | INFO | Query 13 Active Learning Runtime on Test Set: 105872.78
2024-04-17 10:28 | INFO | Query 13 Active Learning Instance Cost: 937768.82
2024-04-17 10:28 | INFO | Query 14 Size of the uncertainty table is = 2962/5040
2024-04-17 10:28 | INFO | Query 14 Size of the filtered table is = 51
2024-04-17 10:28 | INFO | Query 14 Active Learning Runtime on Validation Set: 221308.85
2024-04-17 10:28 | INFO | Query 14 Active Learning Runtime on Test Set: 105913.56
2024-04-17 10:28 | INFO | Query 14 Active Learning Instance Cost: 985507.62
2024-04-17 10:28 | INFO | Timeout limit is increased to 3600
2024-04-17 10:28 | INFO | Query 15 Size of the uncertainty table is = 2740/5040
2024-04-17 10:28 | INFO | Query 15 Size of the filtered table is = 51
2024-04-17 10:29 | INFO | Query 15 Active Learning Runtime on Validation Set: 222301.63999999998
2024-04-17 10:29 | INFO | Query 15 Active Learning Runtime on Test Set: 69826.6
2024-04-17 10:29 | INFO | Query 15 Active Learning Instance Cost: 1052825.93
2024-04-17 10:29 | INFO | Timeout limit is increased to 3600
2024-04-17 10:29 | INFO | Query 16 Size of the uncertainty table is = 2533/5040
2024-04-17 10:29 | INFO | Query 16 Size of the filtered table is = 51
2024-04-17 10:29 | INFO | Query 16 Active Learning Runtime on Validation Set: 293727.11
2024-04-17 10:29 | INFO | Query 16 Active Learning Runtime on Test Set: 70375.65
2024-04-17 10:29 | INFO | Query 16 Active Learning Instance Cost: 1091595.07
2024-04-17 10:29 | INFO | Timeout limit is increased to 3600
2024-04-17 10:29 | INFO | Query 17 Size of the uncertainty table is = 2310/5040
2024-04-17 10:29 | INFO | Query 17 Size of the filtered table is = 51
2024-04-17 10:29 | INFO | Query 17 Active Learning Runtime on Validation Set: 293453.38
2024-04-17 10:29 | INFO | Query 17 Active Learning Runtime on Test Set: 70359.45
2024-04-17 10:29 | INFO | Query 17 Active Learning Instance Cost: 1157197.73
2024-04-17 10:29 | INFO | Query 18 Size of the uncertainty table is = 2101/5040
2024-04-17 10:29 | INFO | Query 18 Size of the filtered table is = 51
2024-04-17 10:30 | INFO | Query 18 Active Learning Runtime on Validation Set: 293405.88
2024-04-17 10:30 | INFO | Query 18 Active Learning Runtime on Test Set: 70359.63
2024-04-17 10:30 | INFO | Query 18 Active Learning Instance Cost: 1193243.2
2024-04-17 10:30 | INFO | Query 19 Size of the uncertainty table is = 1856/5040
2024-04-17 10:30 | INFO | Query 19 Size of the filtered table is = 51
2024-04-17 10:30 | INFO | Query 19 Active Learning Runtime on Validation Set: 293393.45
2024-04-17 10:30 | INFO | Query 19 Active Learning Runtime on Test Set: 70457.81
2024-04-17 10:30 | INFO | Query 19 Active Learning Instance Cost: 1217481.52
2024-04-17 10:30 | INFO | Query 20 Size of the uncertainty table is = 1636/5040
2024-04-17 10:30 | INFO | Query 20 Size of the filtered table is = 51
2024-04-17 10:31 | INFO | Query 20 Active Learning Runtime on Validation Set: 220661.05
2024-04-17 10:31 | INFO | Query 20 Active Learning Runtime on Test Set: 70361.85
2024-04-17 10:31 | INFO | Query 20 Active Learning Instance Cost: 1235518.46
2024-04-17 10:31 | INFO | Query 21 Size of the uncertainty table is = 1447/5040
2024-04-17 10:31 | INFO | Query 21 Size of the filtered table is = 51
2024-04-17 10:31 | INFO | Query 21 Active Learning Runtime on Validation Set: 289976.62
2024-04-17 10:31 | INFO | Query 21 Active Learning Runtime on Test Set: 70358.87
2024-04-17 10:31 | INFO | Query 21 Active Learning Instance Cost: 1267936.05
2024-04-17 10:31 | INFO | Timeout limit is increased to 3600
2024-04-17 10:31 | INFO | Query 22 Size of the uncertainty table is = 1227/5040
2024-04-17 10:31 | INFO | Query 22 Size of the filtered table is = 51
2024-04-17 10:32 | INFO | Query 22 Active Learning Runtime on Validation Set: 325945.47
2024-04-17 10:32 | INFO | Query 22 Active Learning Runtime on Test Set: 70461.78
2024-04-17 10:32 | INFO | Query 22 Active Learning Instance Cost: 1299445.18
2024-04-17 10:32 | INFO | Timeout limit is increased to 3600
2024-04-17 10:32 | INFO | Query 23 Size of the uncertainty table is = 984/5040
2024-04-17 10:32 | INFO | Query 23 Size of the filtered table is = 51
2024-04-17 10:32 | INFO | Query 23 Active Learning Runtime on Validation Set: 325835.46
2024-04-17 10:32 | INFO | Query 23 Active Learning Runtime on Test Set: 70363.38
2024-04-17 10:32 | INFO | Query 23 Active Learning Instance Cost: 1326118.1
2024-04-17 10:32 | INFO | Query 24 Size of the uncertainty table is = 778/5040
2024-04-17 10:32 | INFO | Query 24 Size of the filtered table is = 51
2024-04-17 10:32 | INFO | Query 24 Active Learning Runtime on Validation Set: 326158.83
2024-04-17 10:32 | INFO | Query 24 Active Learning Runtime on Test Set: 70357.84
2024-04-17 10:32 | INFO | Query 24 Active Learning Instance Cost: 1388064.42
2024-04-17 10:32 | INFO | Timeout limit is increased to 3600
2024-04-17 10:32 | INFO | Query 25 Size of the uncertainty table is = 592/5040
2024-04-17 10:32 | INFO | Query 25 Size of the filtered table is = 51
2024-04-17 10:33 | INFO | Query 25 Active Learning Runtime on Validation Set: 289892.21
2024-04-17 10:33 | INFO | Query 25 Active Learning Runtime on Test Set: 70359.63
2024-04-17 10:33 | INFO | Query 25 Active Learning Instance Cost: 1420380.18
2024-04-17 10:33 | INFO | Query 26 Size of the uncertainty table is = 409/5040
2024-04-17 10:33 | INFO | Query 26 Size of the filtered table is = 51
2024-04-17 10:33 | INFO | Query 26 Active Learning Runtime on Validation Set: 289892.79
2024-04-17 10:33 | INFO | Query 26 Active Learning Runtime on Test Set: 70356.94
2024-04-17 10:33 | INFO | Query 26 Active Learning Instance Cost: 1483282.27
2024-04-17 10:33 | INFO | Timeout limit is increased to 3600
2024-04-17 10:33 | INFO | Query 27 Size of the uncertainty table is = 201/5040
2024-04-17 10:33 | INFO | Query 27 Size of the filtered table is = 51
2024-04-17 10:34 | INFO | Query 27 Active Learning Runtime on Validation Set: 289894.06
2024-04-17 10:34 | INFO | Query 27 Active Learning Runtime on Test Set: 70357.54000000001
2024-04-17 10:34 | INFO | Query 27 Active Learning Instance Cost: 1505779.12
2024-04-17 10:34 | INFO | Timeout limit is increased to 3600
2024-04-17 10:34 | INFO | Query 28 Size of the uncertainty table is = 86/5040
2024-04-17 10:34 | INFO | Query 28 Size of the filtered table is = 51
2024-04-17 10:34 | INFO | Query 28 Active Learning Runtime on Validation Set: 289892.21
2024-04-17 10:34 | INFO | Query 28 Active Learning Runtime on Test Set: 70572.58
2024-04-17 10:34 | INFO | Query 28 Active Learning Instance Cost: 1554856.07
2024-04-17 10:34 | INFO | runtime_test_score is written as json file
2024-04-17 10:34 | INFO | runtime_validation_score is written as json file
2024-04-17 10:34 | INFO | instance_cost is written as json file
2024-04-17 10:34 | INFO | Experiment is finished
