2024-04-16 22:14 | INFO | Paramaters are: {'dataset': 'CSP-2010', 'penalty': 10, 'weight': 'No_Weight', 'voting': 'Hard', 'pre_selection_size': 64, 'pre_selection_technique': 'No_pre_selection', 'feature_elimination_threshold': 20, 'imputer_strategy': 'median', 'feature_selection_technique': 'No_feature_selection', 'feature_scaling_technique': 'StandardScaler', 'initial_train_size': 20, 'query_size': 1, 'timeout_predictor_usage': 'Yes', 'timeout_limit': 100, 'timeout_increase_rate': 100, 'RANDOM_STATE_SEED': 12345, 'n_splits': 10, 'split_number': 5, 'max_timeout': 3600, 'param_grid': {'n_estimators': 100, 'criterion': 'gini', 'max_features': 'sqrt', 'max_depth': 2147483648, 'min_samples_split': 2, 'bootstrap': True}}
2024-04-16 22:14 | INFO | CSP-2010 is current dataset
2024-04-16 22:14 | INFO | DATASETS/CSP-2010/algorithm_runs.csv is found
2024-04-16 22:14 | INFO | DATASETS/CSP-2010/algorithm_runs.csv is finished
2024-04-16 22:14 | INFO | DATASETS/CSP-2010/feature_values.csv is found
2024-04-16 22:14 | INFO | DATASETS/CSP-2010/feature_values.csv is finished
2024-04-16 22:14 | INFO | Virtual best solver time in train = 64864.26
2024-04-16 22:14 | INFO | Single best solver list train = {'learning': 3334002.65, 'standard': 1136023.88}
2024-04-16 22:14 | INFO | Single best solver time train = standard (1136023.88)
2024-04-16 22:14 | INFO | Virtual best solver time in validation = 101111.38
2024-04-16 22:14 | INFO | Single best solver list validation = {'learning': 5208332.25, 'standard': 105595.78}
2024-04-16 22:14 | INFO | Single best solver time validation = standard (105595.78)
2024-04-16 22:14 | INFO | Virtual best solver time in test = 17457.72
2024-04-16 22:14 | INFO | Single best solver list test = {'learning': 796819.33, 'standard': 155644.75}
2024-04-16 22:14 | INFO | Single best solver time test = standard (155644.75)
2024-04-16 22:14 | INFO | Passive Learning Runtime on Validation Set: 105595.78
2024-04-16 22:14 | INFO | Passive Learning Runtime on Test Set: 17469.09
2024-04-16 22:14 | INFO | Passive Learning Instance Cost: 646826.53
2024-04-16 22:14 | INFO | Initial Active Learning Runtime on Validation Set: 105596.4
2024-04-16 22:14 | INFO | Initial Active Learning Runtime on Test Set: 121256.14
2024-04-16 22:14 | INFO | Initial Active Learning Instance Cost: 490.03
2024-04-16 22:14 | INFO | Bin size = 12
2024-04-16 22:14 | INFO | Query 1 Size of the uncertainty table is = 1202/1200
2024-04-16 22:14 | INFO | Query 1 Size of the filtered table is = 12
2024-04-16 22:14 | INFO | Query 1 Active Learning Runtime on Validation Set: 105595.78
2024-04-16 22:14 | INFO | Query 1 Active Learning Runtime on Test Set: 121252.33
2024-04-16 22:14 | INFO | Query 1 Active Learning Instance Cost: 1236.57
2024-04-16 22:14 | INFO | Query 2 Size of the uncertainty table is = 1193/1200
2024-04-16 22:14 | INFO | Query 2 Size of the filtered table is = 12
2024-04-16 22:15 | INFO | Query 2 Active Learning Runtime on Validation Set: 344412.36
2024-04-16 22:15 | INFO | Query 2 Active Learning Runtime on Test Set: 235856.01
2024-04-16 22:15 | INFO | Query 2 Active Learning Instance Cost: 1522.4
2024-04-16 22:15 | INFO | Timeout limit is increased to 200
2024-04-16 22:15 | INFO | Query 3 Size of the uncertainty table is = 1182/1200
2024-04-16 22:15 | INFO | Query 3 Size of the filtered table is = 12
2024-04-16 22:15 | INFO | Query 3 Active Learning Runtime on Validation Set: 141539.93
2024-04-16 22:15 | INFO | Query 3 Active Learning Runtime on Test Set: 121252.33
2024-04-16 22:15 | INFO | Query 3 Active Learning Instance Cost: 3543.7
2024-04-16 22:15 | INFO | Query 4 Size of the uncertainty table is = 1172/1200
2024-04-16 22:15 | INFO | Query 4 Size of the filtered table is = 12
2024-04-16 22:15 | INFO | Query 4 Active Learning Runtime on Validation Set: 105595.78
2024-04-16 22:15 | INFO | Query 4 Active Learning Runtime on Test Set: 121255.41
2024-04-16 22:15 | INFO | Query 4 Active Learning Instance Cost: 4611.03
2024-04-16 22:15 | INFO | Query 5 Size of the uncertainty table is = 1163/1200
2024-04-16 22:15 | INFO | Query 5 Size of the filtered table is = 12
2024-04-16 22:15 | INFO | Query 5 Active Learning Runtime on Validation Set: 105595.78
2024-04-16 22:15 | INFO | Query 5 Active Learning Runtime on Test Set: 123618.14
2024-04-16 22:15 | INFO | Query 5 Active Learning Instance Cost: 5019.42
2024-04-16 22:15 | INFO | Timeout limit is increased to 300
2024-04-16 22:15 | INFO | Query 6 Size of the uncertainty table is = 1152/1200
2024-04-16 22:15 | INFO | Query 6 Size of the filtered table is = 12
2024-04-16 22:15 | INFO | Query 6 Active Learning Runtime on Validation Set: 183026.71
2024-04-16 22:15 | INFO | Query 6 Active Learning Runtime on Test Set: 123618.14
2024-04-16 22:15 | INFO | Query 6 Active Learning Instance Cost: 5032.13
2024-04-16 22:15 | INFO | Timeout limit is increased to 400
2024-04-16 22:15 | INFO | Query 7 Size of the uncertainty table is = 1140/1200
2024-04-16 22:15 | INFO | Query 7 Size of the filtered table is = 12
2024-04-16 22:15 | INFO | Query 7 Active Learning Runtime on Validation Set: 105595.78
2024-04-16 22:15 | INFO | Query 7 Active Learning Runtime on Test Set: 121245.74
2024-04-16 22:15 | INFO | Query 7 Active Learning Instance Cost: 5707.37
2024-04-16 22:15 | INFO | Query 8 Size of the uncertainty table is = 1128/1200
2024-04-16 22:15 | INFO | Query 8 Size of the filtered table is = 12
2024-04-16 22:15 | INFO | Query 8 Active Learning Runtime on Validation Set: 144195.69
2024-04-16 22:15 | INFO | Query 8 Active Learning Runtime on Test Set: 121245.74
2024-04-16 22:15 | INFO | Query 8 Active Learning Instance Cost: 5719.21
2024-04-16 22:15 | INFO | Timeout limit is increased to 500
2024-04-16 22:15 | INFO | Query 9 Size of the uncertainty table is = 1116/1200
2024-04-16 22:15 | INFO | Query 9 Size of the filtered table is = 12
2024-04-16 22:15 | INFO | Query 9 Active Learning Runtime on Validation Set: 105595.78
2024-04-16 22:15 | INFO | Query 9 Active Learning Runtime on Test Set: 121245.74
2024-04-16 22:15 | INFO | Query 9 Active Learning Instance Cost: 5769.46
2024-04-16 22:15 | INFO | Query 10 Size of the uncertainty table is = 1104/1200
2024-04-16 22:15 | INFO | Query 10 Size of the filtered table is = 12
2024-04-16 22:15 | INFO | Query 10 Active Learning Runtime on Validation Set: 151786.44
2024-04-16 22:15 | INFO | Query 10 Active Learning Runtime on Test Set: 123611.56
2024-04-16 22:15 | INFO | Query 10 Active Learning Instance Cost: 9515.08
2024-04-16 22:15 | INFO | Timeout limit is increased to 600
2024-04-16 22:15 | INFO | Query 11 Size of the uncertainty table is = 1092/1200
2024-04-16 22:15 | INFO | Query 11 Size of the filtered table is = 12
2024-04-16 22:15 | INFO | Query 11 Active Learning Runtime on Validation Set: 105595.78
2024-04-16 22:15 | INFO | Query 11 Active Learning Runtime on Test Set: 121245.74
2024-04-16 22:15 | INFO | Query 11 Active Learning Instance Cost: 9520.27
2024-04-16 22:15 | INFO | Query 12 Size of the uncertainty table is = 1080/1200
2024-04-16 22:15 | INFO | Query 12 Size of the filtered table is = 12
2024-04-16 22:15 | INFO | Query 12 Active Learning Runtime on Validation Set: 105595.78
2024-04-16 22:15 | INFO | Query 12 Active Learning Runtime on Test Set: 121245.74
2024-04-16 22:15 | INFO | Query 12 Active Learning Instance Cost: 9586.51
2024-04-16 22:15 | INFO | Timeout limit is increased to 700
2024-04-16 22:15 | INFO | Query 13 Size of the uncertainty table is = 1068/1200
2024-04-16 22:15 | INFO | Query 13 Size of the filtered table is = 12
2024-04-16 22:15 | INFO | Query 13 Active Learning Runtime on Validation Set: 105595.78
2024-04-16 22:15 | INFO | Query 13 Active Learning Runtime on Test Set: 121245.76
2024-04-16 22:15 | INFO | Query 13 Active Learning Instance Cost: 16544.01
2024-04-16 22:15 | INFO | Timeout limit is increased to 800
2024-04-16 22:15 | INFO | Query 14 Size of the uncertainty table is = 1060/1200
2024-04-16 22:15 | INFO | Query 14 Size of the filtered table is = 12
2024-04-16 22:16 | INFO | Query 14 Active Learning Runtime on Validation Set: 105595.78
2024-04-16 22:16 | INFO | Query 14 Active Learning Runtime on Test Set: 121245.74
2024-04-16 22:16 | INFO | Query 14 Active Learning Instance Cost: 18951.03
2024-04-16 22:16 | INFO | Timeout limit is increased to 900
2024-04-16 22:16 | INFO | Query 15 Size of the uncertainty table is = 1050/1200
2024-04-16 22:16 | INFO | Query 15 Size of the filtered table is = 12
2024-04-16 22:16 | INFO | Query 15 Active Learning Runtime on Validation Set: 105595.78
2024-04-16 22:16 | INFO | Query 15 Active Learning Runtime on Test Set: 121243.98
2024-04-16 22:16 | INFO | Query 15 Active Learning Instance Cost: 18960.94
2024-04-16 22:16 | INFO | Timeout limit is increased to 1000
2024-04-16 22:16 | INFO | Query 16 Size of the uncertainty table is = 1038/1200
2024-04-16 22:16 | INFO | Query 16 Size of the filtered table is = 12
2024-04-16 22:16 | INFO | Query 16 Active Learning Runtime on Validation Set: 105595.78
2024-04-16 22:16 | INFO | Query 16 Active Learning Runtime on Test Set: 121243.94
2024-04-16 22:16 | INFO | Query 16 Active Learning Instance Cost: 25964.2
2024-04-16 22:16 | INFO | Timeout limit is increased to 1100
2024-04-16 22:16 | INFO | Query 17 Size of the uncertainty table is = 1026/1200
2024-04-16 22:16 | INFO | Query 17 Size of the filtered table is = 12
2024-04-16 22:16 | INFO | Query 17 Active Learning Runtime on Validation Set: 105595.78
2024-04-16 22:16 | INFO | Query 17 Active Learning Runtime on Test Set: 121243.98
2024-04-16 22:16 | INFO | Query 17 Active Learning Instance Cost: 30375.54
2024-04-16 22:16 | INFO | Timeout limit is increased to 1200
2024-04-16 22:16 | INFO | Query 18 Size of the uncertainty table is = 1014/1200
2024-04-16 22:16 | INFO | Query 18 Size of the filtered table is = 12
2024-04-16 22:16 | INFO | Query 18 Active Learning Runtime on Validation Set: 105595.78
2024-04-16 22:16 | INFO | Query 18 Active Learning Runtime on Test Set: 121243.98
2024-04-16 22:16 | INFO | Query 18 Active Learning Instance Cost: 30433.44
2024-04-16 22:16 | INFO | Timeout limit is increased to 1300
2024-04-16 22:16 | INFO | Query 19 Size of the uncertainty table is = 1002/1200
2024-04-16 22:16 | INFO | Query 19 Size of the filtered table is = 12
2024-04-16 22:16 | INFO | Query 19 Active Learning Runtime on Validation Set: 105595.78
2024-04-16 22:16 | INFO | Query 19 Active Learning Runtime on Test Set: 121243.96
2024-04-16 22:16 | INFO | Query 19 Active Learning Instance Cost: 33893.77
2024-04-16 22:16 | INFO | Timeout limit is increased to 1400
2024-04-16 22:16 | INFO | Query 20 Size of the uncertainty table is = 990/1200
2024-04-16 22:16 | INFO | Query 20 Size of the filtered table is = 12
2024-04-16 22:16 | INFO | Query 20 Active Learning Runtime on Validation Set: 105595.78
2024-04-16 22:16 | INFO | Query 20 Active Learning Runtime on Test Set: 121243.98
2024-04-16 22:16 | INFO | Query 20 Active Learning Instance Cost: 33902.43
2024-04-16 22:16 | INFO | Timeout limit is increased to 1500
2024-04-16 22:16 | INFO | Query 21 Size of the uncertainty table is = 978/1200
2024-04-16 22:16 | INFO | Query 21 Size of the filtered table is = 12
2024-04-16 22:16 | INFO | Query 21 Active Learning Runtime on Validation Set: 105595.78
2024-04-16 22:16 | INFO | Query 21 Active Learning Runtime on Test Set: 121244.63
2024-04-16 22:16 | INFO | Query 21 Active Learning Instance Cost: 39711.56
2024-04-16 22:16 | INFO | Timeout limit is increased to 1600
2024-04-16 22:16 | INFO | Query 22 Size of the uncertainty table is = 969/1200
2024-04-16 22:16 | INFO | Query 22 Size of the filtered table is = 12
2024-04-16 22:16 | INFO | Query 22 Active Learning Runtime on Validation Set: 105595.78
2024-04-16 22:16 | INFO | Query 22 Active Learning Runtime on Test Set: 121244.35
2024-04-16 22:16 | INFO | Query 22 Active Learning Instance Cost: 54055.94
2024-04-16 22:16 | INFO | Timeout limit is increased to 1700
2024-04-16 22:16 | INFO | Query 23 Size of the uncertainty table is = 959/1200
2024-04-16 22:16 | INFO | Query 23 Size of the filtered table is = 12
2024-04-16 22:16 | INFO | Query 23 Active Learning Runtime on Validation Set: 105595.78
2024-04-16 22:16 | INFO | Query 23 Active Learning Runtime on Test Set: 121244.35
2024-04-16 22:16 | INFO | Query 23 Active Learning Instance Cost: 56317.5
2024-04-16 22:16 | INFO | Timeout limit is increased to 1800
2024-04-16 22:16 | INFO | Query 24 Size of the uncertainty table is = 948/1200
2024-04-16 22:16 | INFO | Query 24 Size of the filtered table is = 12
2024-04-16 22:16 | INFO | Query 24 Active Learning Runtime on Validation Set: 105595.78
2024-04-16 22:16 | INFO | Query 24 Active Learning Runtime on Test Set: 121244.31
2024-04-16 22:16 | INFO | Query 24 Active Learning Instance Cost: 60363.58
2024-04-16 22:16 | INFO | Timeout limit is increased to 1900
2024-04-16 22:16 | INFO | Query 25 Size of the uncertainty table is = 937/1200
2024-04-16 22:16 | INFO | Query 25 Size of the filtered table is = 12
2024-04-16 22:16 | INFO | Query 25 Active Learning Runtime on Validation Set: 105595.78
2024-04-16 22:16 | INFO | Query 25 Active Learning Runtime on Test Set: 121244.63
2024-04-16 22:16 | INFO | Query 25 Active Learning Instance Cost: 60376.34
2024-04-16 22:16 | INFO | Timeout limit is increased to 2000
2024-04-16 22:16 | INFO | Query 26 Size of the uncertainty table is = 925/1200
2024-04-16 22:16 | INFO | Query 26 Size of the filtered table is = 12
2024-04-16 22:17 | INFO | Query 26 Active Learning Runtime on Validation Set: 105595.78
2024-04-16 22:17 | INFO | Query 26 Active Learning Runtime on Test Set: 121244.32
2024-04-16 22:17 | INFO | Query 26 Active Learning Instance Cost: 60385.35
2024-04-16 22:17 | INFO | Timeout limit is increased to 2100
2024-04-16 22:17 | INFO | Query 27 Size of the uncertainty table is = 913/1200
2024-04-16 22:17 | INFO | Query 27 Size of the filtered table is = 12
2024-04-16 22:17 | INFO | Query 27 Active Learning Runtime on Validation Set: 105595.78
2024-04-16 22:17 | INFO | Query 27 Active Learning Runtime on Test Set: 121244.32
2024-04-16 22:17 | INFO | Query 27 Active Learning Instance Cost: 61192.42
2024-04-16 22:17 | INFO | Timeout limit is increased to 2200
2024-04-16 22:17 | INFO | Query 28 Size of the uncertainty table is = 902/1200
2024-04-16 22:17 | INFO | Query 28 Size of the filtered table is = 12
2024-04-16 22:17 | INFO | Query 28 Active Learning Runtime on Validation Set: 105595.78
2024-04-16 22:17 | INFO | Query 28 Active Learning Runtime on Test Set: 121241.24
2024-04-16 22:17 | INFO | Query 28 Active Learning Instance Cost: 62007.62
2024-04-16 22:17 | INFO | Timeout limit is increased to 2300
2024-04-16 22:17 | INFO | Query 29 Size of the uncertainty table is = 891/1200
2024-04-16 22:17 | INFO | Query 29 Size of the filtered table is = 12
2024-04-16 22:17 | INFO | Query 29 Active Learning Runtime on Validation Set: 105595.78
2024-04-16 22:17 | INFO | Query 29 Active Learning Runtime on Test Set: 121241.55
2024-04-16 22:17 | INFO | Query 29 Active Learning Instance Cost: 62020.96
2024-04-16 22:17 | INFO | Timeout limit is increased to 2400
2024-04-16 22:17 | INFO | Query 30 Size of the uncertainty table is = 879/1200
2024-04-16 22:17 | INFO | Query 30 Size of the filtered table is = 12
2024-04-16 22:17 | INFO | Query 30 Active Learning Runtime on Validation Set: 105595.78
2024-04-16 22:17 | INFO | Query 30 Active Learning Runtime on Test Set: 121241.21
2024-04-16 22:17 | INFO | Query 30 Active Learning Instance Cost: 62036.47
2024-04-16 22:17 | INFO | Timeout limit is increased to 2500
2024-04-16 22:17 | INFO | Query 31 Size of the uncertainty table is = 867/1200
2024-04-16 22:17 | INFO | Query 31 Size of the filtered table is = 12
2024-04-16 22:17 | INFO | Query 31 Active Learning Runtime on Validation Set: 108251.54
2024-04-16 22:17 | INFO | Query 31 Active Learning Runtime on Test Set: 121244.27
2024-04-16 22:17 | INFO | Query 31 Active Learning Instance Cost: 65991.76
2024-04-16 22:17 | INFO | Timeout limit is increased to 2600
2024-04-16 22:17 | INFO | Query 32 Size of the uncertainty table is = 855/1200
2024-04-16 22:17 | INFO | Query 32 Size of the filtered table is = 12
2024-04-16 22:17 | INFO | Query 32 Active Learning Runtime on Validation Set: 105595.78
2024-04-16 22:17 | INFO | Query 32 Active Learning Runtime on Test Set: 50525.72
2024-04-16 22:17 | INFO | Query 32 Active Learning Instance Cost: 70470.35
2024-04-16 22:17 | INFO | Query 33 Size of the uncertainty table is = 843/1200
2024-04-16 22:17 | INFO | Query 33 Size of the filtered table is = 12
2024-04-16 22:17 | INFO | Query 33 Active Learning Runtime on Validation Set: 105595.78
2024-04-16 22:17 | INFO | Query 33 Active Learning Runtime on Test Set: 88187.7
2024-04-16 22:17 | INFO | Query 33 Active Learning Instance Cost: 76475.12
2024-04-16 22:17 | INFO | Timeout limit is increased to 2700
2024-04-16 22:17 | INFO | Query 34 Size of the uncertainty table is = 833/1200
2024-04-16 22:17 | INFO | Query 34 Size of the filtered table is = 12
2024-04-16 22:17 | INFO | Query 34 Active Learning Runtime on Validation Set: 105595.78
2024-04-16 22:17 | INFO | Query 34 Active Learning Runtime on Test Set: 52483.84
2024-04-16 22:17 | INFO | Query 34 Active Learning Instance Cost: 82247.86
2024-04-16 22:17 | INFO | Timeout limit is increased to 2800
2024-04-16 22:17 | INFO | Query 35 Size of the uncertainty table is = 821/1200
2024-04-16 22:17 | INFO | Query 35 Size of the filtered table is = 12
2024-04-16 22:17 | INFO | Query 35 Active Learning Runtime on Validation Set: 105595.78
2024-04-16 22:17 | INFO | Query 35 Active Learning Runtime on Test Set: 88187.34
2024-04-16 22:17 | INFO | Query 35 Active Learning Instance Cost: 82651.94
2024-04-16 22:17 | INFO | Timeout limit is increased to 2900
2024-04-16 22:17 | INFO | Query 36 Size of the uncertainty table is = 810/1200
2024-04-16 22:17 | INFO | Query 36 Size of the filtered table is = 12
2024-04-16 22:17 | INFO | Query 36 Active Learning Runtime on Validation Set: 105595.78
2024-04-16 22:17 | INFO | Query 36 Active Learning Runtime on Test Set: 88187.65
2024-04-16 22:17 | INFO | Query 36 Active Learning Instance Cost: 84995.73
2024-04-16 22:17 | INFO | Timeout limit is increased to 3000
2024-04-16 22:17 | INFO | Query 37 Size of the uncertainty table is = 799/1200
2024-04-16 22:17 | INFO | Query 37 Size of the filtered table is = 12
2024-04-16 22:18 | INFO | Query 37 Active Learning Runtime on Validation Set: 105595.78
2024-04-16 22:18 | INFO | Query 37 Active Learning Runtime on Test Set: 88188.01
2024-04-16 22:18 | INFO | Query 37 Active Learning Instance Cost: 85402.26
2024-04-16 22:18 | INFO | Timeout limit is increased to 3100
2024-04-16 22:18 | INFO | Query 38 Size of the uncertainty table is = 788/1200
2024-04-16 22:18 | INFO | Query 38 Size of the filtered table is = 12
2024-04-16 22:18 | INFO | Query 38 Active Learning Runtime on Validation Set: 105595.78
2024-04-16 22:18 | INFO | Query 38 Active Learning Runtime on Test Set: 17469.09
2024-04-16 22:18 | INFO | Query 38 Active Learning Instance Cost: 85414.68
2024-04-16 22:18 | INFO | Timeout limit is increased to 3200
2024-04-16 22:18 | INFO | Query 39 Size of the uncertainty table is = 776/1200
2024-04-16 22:18 | INFO | Query 39 Size of the filtered table is = 12
2024-04-16 22:18 | INFO | Query 39 Active Learning Runtime on Validation Set: 105595.78
2024-04-16 22:18 | INFO | Query 39 Active Learning Runtime on Test Set: 88188.01
2024-04-16 22:18 | INFO | Query 39 Active Learning Instance Cost: 86450.85
2024-04-16 22:18 | INFO | Timeout limit is increased to 3300
2024-04-16 22:18 | INFO | Query 40 Size of the uncertainty table is = 766/1200
2024-04-16 22:18 | INFO | Query 40 Size of the filtered table is = 12
2024-04-16 22:18 | INFO | Query 40 Active Learning Runtime on Validation Set: 105595.78
2024-04-16 22:18 | INFO | Query 40 Active Learning Runtime on Test Set: 88187.69
2024-04-16 22:18 | INFO | Query 40 Active Learning Instance Cost: 87350.56
2024-04-16 22:18 | INFO | Timeout limit is increased to 3400
2024-04-16 22:18 | INFO | Query 41 Size of the uncertainty table is = 754/1200
2024-04-16 22:18 | INFO | Query 41 Size of the filtered table is = 12
2024-04-16 22:18 | INFO | Query 41 Active Learning Runtime on Validation Set: 105595.78
2024-04-16 22:18 | INFO | Query 41 Active Learning Runtime on Test Set: 88188.01
2024-04-16 22:18 | INFO | Query 41 Active Learning Instance Cost: 87754.52
2024-04-16 22:18 | INFO | Timeout limit is increased to 3500
2024-04-16 22:18 | INFO | Query 42 Size of the uncertainty table is = 743/1200
2024-04-16 22:18 | INFO | Query 42 Size of the filtered table is = 12
2024-04-16 22:18 | INFO | Query 42 Active Learning Runtime on Validation Set: 105595.78
2024-04-16 22:18 | INFO | Query 42 Active Learning Runtime on Test Set: 88188.04
2024-04-16 22:18 | INFO | Query 42 Active Learning Instance Cost: 87756.28
2024-04-16 22:18 | INFO | Timeout limit is increased to 3600
2024-04-16 22:18 | INFO | Query 43 Size of the uncertainty table is = 731/1200
2024-04-16 22:18 | INFO | Query 43 Size of the filtered table is = 12
2024-04-16 22:18 | INFO | Query 43 Active Learning Runtime on Validation Set: 105595.78
2024-04-16 22:18 | INFO | Query 43 Active Learning Runtime on Test Set: 88189.01
2024-04-16 22:18 | INFO | Query 43 Active Learning Instance Cost: 88961.18
2024-04-16 22:18 | INFO | Timeout limit is increased to 3600
2024-04-16 22:18 | INFO | Query 44 Size of the uncertainty table is = 711/1200
2024-04-16 22:18 | INFO | Query 44 Size of the filtered table is = 12
2024-04-16 22:18 | INFO | Query 44 Active Learning Runtime on Validation Set: 105595.78
2024-04-16 22:18 | INFO | Query 44 Active Learning Runtime on Test Set: 88189.01
2024-04-16 22:18 | INFO | Query 44 Active Learning Instance Cost: 88984.83
2024-04-16 22:18 | INFO | Timeout limit is increased to 3600
2024-04-16 22:18 | INFO | Query 45 Size of the uncertainty table is = 699/1200
2024-04-16 22:18 | INFO | Query 45 Size of the filtered table is = 12
2024-04-16 22:18 | INFO | Query 45 Active Learning Runtime on Validation Set: 105595.78
2024-04-16 22:18 | INFO | Query 45 Active Learning Runtime on Test Set: 52483.82
2024-04-16 22:18 | INFO | Query 45 Active Learning Instance Cost: 88993.17
2024-04-16 22:18 | INFO | Timeout limit is increased to 3600
2024-04-16 22:18 | INFO | Query 46 Size of the uncertainty table is = 687/1200
2024-04-16 22:18 | INFO | Query 46 Size of the filtered table is = 12
2024-04-16 22:18 | INFO | Query 46 Active Learning Runtime on Validation Set: 105595.78
2024-04-16 22:18 | INFO | Query 46 Active Learning Runtime on Test Set: 52483.82
2024-04-16 22:18 | INFO | Query 46 Active Learning Instance Cost: 92963.34
2024-04-16 22:18 | INFO | Timeout limit is increased to 3600
2024-04-16 22:18 | INFO | Query 47 Size of the uncertainty table is = 675/1200
2024-04-16 22:18 | INFO | Query 47 Size of the filtered table is = 12
2024-04-16 22:18 | INFO | Query 47 Active Learning Runtime on Validation Set: 105595.78
2024-04-16 22:18 | INFO | Query 47 Active Learning Runtime on Test Set: 17469.4
2024-04-16 22:18 | INFO | Query 47 Active Learning Instance Cost: 96628.42
2024-04-16 22:18 | INFO | Timeout limit is increased to 3600
2024-04-16 22:18 | INFO | Query 48 Size of the uncertainty table is = 663/1200
2024-04-16 22:18 | INFO | Query 48 Size of the filtered table is = 12
2024-04-16 22:18 | INFO | Query 48 Active Learning Runtime on Validation Set: 105595.78
2024-04-16 22:18 | INFO | Query 48 Active Learning Runtime on Test Set: 17468.72
2024-04-16 22:18 | INFO | Query 48 Active Learning Instance Cost: 96640.54
2024-04-16 22:18 | INFO | Timeout limit is increased to 3600
2024-04-16 22:18 | INFO | Query 49 Size of the uncertainty table is = 651/1200
2024-04-16 22:18 | INFO | Query 49 Size of the filtered table is = 12
2024-04-16 22:19 | INFO | Query 49 Active Learning Runtime on Validation Set: 105595.78
2024-04-16 22:19 | INFO | Query 49 Active Learning Runtime on Test Set: 88187.65
2024-04-16 22:19 | INFO | Query 49 Active Learning Instance Cost: 100456.01
2024-04-16 22:19 | INFO | Timeout limit is increased to 3600
2024-04-16 22:19 | INFO | Query 50 Size of the uncertainty table is = 639/1200
2024-04-16 22:19 | INFO | Query 50 Size of the filtered table is = 12
2024-04-16 22:19 | INFO | Query 50 Active Learning Runtime on Validation Set: 105595.78
2024-04-16 22:19 | INFO | Query 50 Active Learning Runtime on Test Set: 88188.01
2024-04-16 22:19 | INFO | Query 50 Active Learning Instance Cost: 110686.23
2024-04-16 22:19 | INFO | Timeout limit is increased to 3600
2024-04-16 22:19 | INFO | Query 51 Size of the uncertainty table is = 627/1200
2024-04-16 22:19 | INFO | Query 51 Size of the filtered table is = 12
2024-04-16 22:19 | INFO | Query 51 Active Learning Runtime on Validation Set: 105595.78
2024-04-16 22:19 | INFO | Query 51 Active Learning Runtime on Test Set: 17469.09
2024-04-16 22:19 | INFO | Query 51 Active Learning Instance Cost: 111973.39
2024-04-16 22:19 | INFO | Timeout limit is increased to 3600
2024-04-16 22:19 | INFO | Query 52 Size of the uncertainty table is = 615/1200
2024-04-16 22:19 | INFO | Query 52 Size of the filtered table is = 12
2024-04-16 22:19 | INFO | Query 52 Active Learning Runtime on Validation Set: 105595.78
2024-04-16 22:19 | INFO | Query 52 Active Learning Runtime on Test Set: 17468.73
2024-04-16 22:19 | INFO | Query 52 Active Learning Instance Cost: 111976.09
2024-04-16 22:19 | INFO | Timeout limit is increased to 3600
2024-04-16 22:19 | INFO | Query 53 Size of the uncertainty table is = 603/1200
2024-04-16 22:19 | INFO | Query 53 Size of the filtered table is = 12
2024-04-16 22:19 | INFO | Query 53 Active Learning Runtime on Validation Set: 105595.78
2024-04-16 22:19 | INFO | Query 53 Active Learning Runtime on Test Set: 88188.0
2024-04-16 22:19 | INFO | Query 53 Active Learning Instance Cost: 115741.19
2024-04-16 22:19 | INFO | Timeout limit is increased to 3600
2024-04-16 22:19 | INFO | Query 54 Size of the uncertainty table is = 591/1200
2024-04-16 22:19 | INFO | Query 54 Size of the filtered table is = 12
2024-04-16 22:19 | INFO | Query 54 Active Learning Runtime on Validation Set: 105595.78
2024-04-16 22:19 | INFO | Query 54 Active Learning Runtime on Test Set: 17468.72
2024-04-16 22:19 | INFO | Query 54 Active Learning Instance Cost: 119471.51
2024-04-16 22:19 | INFO | Timeout limit is increased to 3600
2024-04-16 22:19 | INFO | Query 55 Size of the uncertainty table is = 579/1200
2024-04-16 22:19 | INFO | Query 55 Size of the filtered table is = 12
2024-04-16 22:19 | INFO | Query 55 Active Learning Runtime on Validation Set: 105595.78
2024-04-16 22:19 | INFO | Query 55 Active Learning Runtime on Test Set: 17468.72
2024-04-16 22:19 | INFO | Query 55 Active Learning Instance Cost: 123084.99
2024-04-16 22:19 | INFO | Timeout limit is increased to 3600
2024-04-16 22:19 | INFO | Query 56 Size of the uncertainty table is = 567/1200
2024-04-16 22:19 | INFO | Query 56 Size of the filtered table is = 12
2024-04-16 22:19 | INFO | Query 56 Active Learning Runtime on Validation Set: 105595.78
2024-04-16 22:19 | INFO | Query 56 Active Learning Runtime on Test Set: 17468.41
2024-04-16 22:19 | INFO | Query 56 Active Learning Instance Cost: 123175.5
2024-04-16 22:19 | INFO | Timeout limit is increased to 3600
2024-04-16 22:19 | INFO | Query 57 Size of the uncertainty table is = 555/1200
2024-04-16 22:19 | INFO | Query 57 Size of the filtered table is = 12
2024-04-16 22:19 | INFO | Query 57 Active Learning Runtime on Validation Set: 105595.78
2024-04-16 22:19 | INFO | Query 57 Active Learning Runtime on Test Set: 17469.08
2024-04-16 22:19 | INFO | Query 57 Active Learning Instance Cost: 127720.17
2024-04-16 22:19 | INFO | Timeout limit is increased to 3600
2024-04-16 22:19 | INFO | Query 58 Size of the uncertainty table is = 543/1200
2024-04-16 22:19 | INFO | Query 58 Size of the filtered table is = 12
2024-04-16 22:19 | INFO | Query 58 Active Learning Runtime on Validation Set: 105595.78
2024-04-16 22:19 | INFO | Query 58 Active Learning Runtime on Test Set: 17469.08
2024-04-16 22:19 | INFO | Query 58 Active Learning Instance Cost: 135816.75
2024-04-16 22:19 | INFO | Timeout limit is increased to 3600
2024-04-16 22:19 | INFO | Query 59 Size of the uncertainty table is = 531/1200
2024-04-16 22:19 | INFO | Query 59 Size of the filtered table is = 12
2024-04-16 22:19 | INFO | Query 59 Active Learning Runtime on Validation Set: 105595.78
2024-04-16 22:19 | INFO | Query 59 Active Learning Runtime on Test Set: 52484.18
2024-04-16 22:19 | INFO | Query 59 Active Learning Instance Cost: 137754.99
2024-04-16 22:19 | INFO | Timeout limit is increased to 3600
2024-04-16 22:19 | INFO | Query 60 Size of the uncertainty table is = 519/1200
2024-04-16 22:19 | INFO | Query 60 Size of the filtered table is = 12
2024-04-16 22:20 | INFO | Query 60 Active Learning Runtime on Validation Set: 105595.78
2024-04-16 22:20 | INFO | Query 60 Active Learning Runtime on Test Set: 17468.4
2024-04-16 22:20 | INFO | Query 60 Active Learning Instance Cost: 148858.6
2024-04-16 22:20 | INFO | Timeout limit is increased to 3600
2024-04-16 22:20 | INFO | Query 61 Size of the uncertainty table is = 507/1200
2024-04-16 22:20 | INFO | Query 61 Size of the filtered table is = 12
2024-04-16 22:20 | INFO | Query 61 Active Learning Runtime on Validation Set: 105595.78
2024-04-16 22:20 | INFO | Query 61 Active Learning Runtime on Test Set: 17470.5
2024-04-16 22:20 | INFO | Query 61 Active Learning Instance Cost: 149493.34
2024-04-16 22:20 | INFO | Timeout limit is increased to 3600
2024-04-16 22:20 | INFO | Query 62 Size of the uncertainty table is = 495/1200
2024-04-16 22:20 | INFO | Query 62 Size of the filtered table is = 12
2024-04-16 22:20 | INFO | Query 62 Active Learning Runtime on Validation Set: 105595.78
2024-04-16 22:20 | INFO | Query 62 Active Learning Runtime on Test Set: 17469.08
2024-04-16 22:20 | INFO | Query 62 Active Learning Instance Cost: 157071.84
2024-04-16 22:20 | INFO | Timeout limit is increased to 3600
2024-04-16 22:20 | INFO | Query 63 Size of the uncertainty table is = 483/1200
2024-04-16 22:20 | INFO | Query 63 Size of the filtered table is = 12
2024-04-16 22:20 | INFO | Query 63 Active Learning Runtime on Validation Set: 105595.78
2024-04-16 22:20 | INFO | Query 63 Active Learning Runtime on Test Set: 17469.08
2024-04-16 22:20 | INFO | Query 63 Active Learning Instance Cost: 170508.1
2024-04-16 22:20 | INFO | Timeout limit is increased to 3600
2024-04-16 22:20 | INFO | Query 64 Size of the uncertainty table is = 471/1200
2024-04-16 22:20 | INFO | Query 64 Size of the filtered table is = 12
2024-04-16 22:20 | INFO | Query 64 Active Learning Runtime on Validation Set: 105595.78
2024-04-16 22:20 | INFO | Query 64 Active Learning Runtime on Test Set: 88188.01
2024-04-16 22:20 | INFO | Query 64 Active Learning Instance Cost: 170536.06
2024-04-16 22:20 | INFO | Timeout limit is increased to 3600
2024-04-16 22:20 | INFO | Query 65 Size of the uncertainty table is = 459/1200
2024-04-16 22:20 | INFO | Query 65 Size of the filtered table is = 12
2024-04-16 22:20 | INFO | Query 65 Active Learning Runtime on Validation Set: 105595.78
2024-04-16 22:20 | INFO | Query 65 Active Learning Runtime on Test Set: 17468.72
2024-04-16 22:20 | INFO | Query 65 Active Learning Instance Cost: 178068.24
2024-04-16 22:20 | INFO | Timeout limit is increased to 3600
2024-04-16 22:20 | INFO | Query 66 Size of the uncertainty table is = 447/1200
2024-04-16 22:20 | INFO | Query 66 Size of the filtered table is = 12
2024-04-16 22:20 | INFO | Query 66 Active Learning Runtime on Validation Set: 105595.78
2024-04-16 22:20 | INFO | Query 66 Active Learning Runtime on Test Set: 17468.76
2024-04-16 22:20 | INFO | Query 66 Active Learning Instance Cost: 189607.85
2024-04-16 22:20 | INFO | Timeout limit is increased to 3600
2024-04-16 22:20 | INFO | Query 67 Size of the uncertainty table is = 435/1200
2024-04-16 22:20 | INFO | Query 67 Size of the filtered table is = 12
2024-04-16 22:20 | INFO | Query 67 Active Learning Runtime on Validation Set: 105595.78
2024-04-16 22:20 | INFO | Query 67 Active Learning Runtime on Test Set: 17469.1
2024-04-16 22:20 | INFO | Query 67 Active Learning Instance Cost: 190704.28
2024-04-16 22:20 | INFO | Timeout limit is increased to 3600
2024-04-16 22:20 | INFO | Query 68 Size of the uncertainty table is = 423/1200
2024-04-16 22:20 | INFO | Query 68 Size of the filtered table is = 12
2024-04-16 22:20 | INFO | Query 68 Active Learning Runtime on Validation Set: 105595.78
2024-04-16 22:20 | INFO | Query 68 Active Learning Runtime on Test Set: 17468.71
2024-04-16 22:20 | INFO | Query 68 Active Learning Instance Cost: 190707.78
2024-04-16 22:20 | INFO | Timeout limit is increased to 3600
2024-04-16 22:20 | INFO | Query 69 Size of the uncertainty table is = 411/1200
2024-04-16 22:20 | INFO | Query 69 Size of the filtered table is = 12
2024-04-16 22:20 | INFO | Query 69 Active Learning Runtime on Validation Set: 105595.78
2024-04-16 22:20 | INFO | Query 69 Active Learning Runtime on Test Set: 17469.08
2024-04-16 22:20 | INFO | Query 69 Active Learning Instance Cost: 214622.89
2024-04-16 22:20 | INFO | Timeout limit is increased to 3600
2024-04-16 22:20 | INFO | Query 70 Size of the uncertainty table is = 399/1200
2024-04-16 22:20 | INFO | Query 70 Size of the filtered table is = 12
2024-04-16 22:20 | INFO | Query 70 Active Learning Runtime on Validation Set: 105595.78
2024-04-16 22:20 | INFO | Query 70 Active Learning Runtime on Test Set: 17468.39
2024-04-16 22:20 | INFO | Query 70 Active Learning Instance Cost: 221839.39
2024-04-16 22:20 | INFO | Timeout limit is increased to 3600
2024-04-16 22:20 | INFO | Query 71 Size of the uncertainty table is = 387/1200
2024-04-16 22:20 | INFO | Query 71 Size of the filtered table is = 12
2024-04-16 22:21 | INFO | Query 71 Active Learning Runtime on Validation Set: 105595.78
2024-04-16 22:21 | INFO | Query 71 Active Learning Runtime on Test Set: 17468.39
2024-04-16 22:21 | INFO | Query 71 Active Learning Instance Cost: 229112.78
2024-04-16 22:21 | INFO | Timeout limit is increased to 3600
2024-04-16 22:21 | INFO | Query 72 Size of the uncertainty table is = 375/1200
2024-04-16 22:21 | INFO | Query 72 Size of the filtered table is = 12
2024-04-16 22:21 | INFO | Query 72 Active Learning Runtime on Validation Set: 105595.78
2024-04-16 22:21 | INFO | Query 72 Active Learning Runtime on Test Set: 88187.63
2024-04-16 22:21 | INFO | Query 72 Active Learning Instance Cost: 229128.23
2024-04-16 22:21 | INFO | Timeout limit is increased to 3600
2024-04-16 22:21 | INFO | Query 73 Size of the uncertainty table is = 363/1200
2024-04-16 22:21 | INFO | Query 73 Size of the filtered table is = 12
2024-04-16 22:21 | INFO | Query 73 Active Learning Runtime on Validation Set: 105595.78
2024-04-16 22:21 | INFO | Query 73 Active Learning Runtime on Test Set: 86229.52
2024-04-16 22:21 | INFO | Query 73 Active Learning Instance Cost: 241799.72
2024-04-16 22:21 | INFO | Timeout limit is increased to 3600
2024-04-16 22:21 | INFO | Query 74 Size of the uncertainty table is = 351/1200
2024-04-16 22:21 | INFO | Query 74 Size of the filtered table is = 12
2024-04-16 22:21 | INFO | Query 74 Active Learning Runtime on Validation Set: 105595.78
2024-04-16 22:21 | INFO | Query 74 Active Learning Runtime on Test Set: 17470.07
2024-04-16 22:21 | INFO | Query 74 Active Learning Instance Cost: 243140.61
2024-04-16 22:21 | INFO | Timeout limit is increased to 3600
2024-04-16 22:21 | INFO | Query 75 Size of the uncertainty table is = 339/1200
2024-04-16 22:21 | INFO | Query 75 Size of the filtered table is = 12
2024-04-16 22:21 | INFO | Query 75 Active Learning Runtime on Validation Set: 105595.78
2024-04-16 22:21 | INFO | Query 75 Active Learning Runtime on Test Set: 17469.08
2024-04-16 22:21 | INFO | Query 75 Active Learning Instance Cost: 251008.06
2024-04-16 22:21 | INFO | Timeout limit is increased to 3600
2024-04-16 22:21 | INFO | Query 76 Size of the uncertainty table is = 327/1200
2024-04-16 22:21 | INFO | Query 76 Size of the filtered table is = 12
2024-04-16 22:21 | INFO | Query 76 Active Learning Runtime on Validation Set: 105595.78
2024-04-16 22:21 | INFO | Query 76 Active Learning Runtime on Test Set: 17469.09
2024-04-16 22:21 | INFO | Query 76 Active Learning Instance Cost: 251627.5
2024-04-16 22:21 | INFO | Timeout limit is increased to 3600
2024-04-16 22:21 | INFO | Query 77 Size of the uncertainty table is = 315/1200
2024-04-16 22:21 | INFO | Query 77 Size of the filtered table is = 12
2024-04-16 22:21 | INFO | Query 77 Active Learning Runtime on Validation Set: 105595.78
2024-04-16 22:21 | INFO | Query 77 Active Learning Runtime on Test Set: 17468.71
2024-04-16 22:21 | INFO | Query 77 Active Learning Instance Cost: 272515.62
2024-04-16 22:21 | INFO | Timeout limit is increased to 3600
2024-04-16 22:21 | INFO | Query 78 Size of the uncertainty table is = 303/1200
2024-04-16 22:21 | INFO | Query 78 Size of the filtered table is = 12
2024-04-16 22:21 | INFO | Query 78 Active Learning Runtime on Validation Set: 105595.78
2024-04-16 22:21 | INFO | Query 78 Active Learning Runtime on Test Set: 17468.72
2024-04-16 22:21 | INFO | Query 78 Active Learning Instance Cost: 295825.88
2024-04-16 22:21 | INFO | Timeout limit is increased to 3600
2024-04-16 22:21 | INFO | Query 79 Size of the uncertainty table is = 291/1200
2024-04-16 22:21 | INFO | Query 79 Size of the filtered table is = 12
2024-04-16 22:21 | INFO | Query 79 Active Learning Runtime on Validation Set: 105595.78
2024-04-16 22:21 | INFO | Query 79 Active Learning Runtime on Test Set: 17469.08
2024-04-16 22:21 | INFO | Query 79 Active Learning Instance Cost: 295927.3
2024-04-16 22:21 | INFO | Timeout limit is increased to 3600
2024-04-16 22:21 | INFO | Query 80 Size of the uncertainty table is = 279/1200
2024-04-16 22:21 | INFO | Query 80 Size of the filtered table is = 12
2024-04-16 22:21 | INFO | Query 80 Active Learning Runtime on Validation Set: 105595.78
2024-04-16 22:21 | INFO | Query 80 Active Learning Runtime on Test Set: 17468.72
2024-04-16 22:21 | INFO | Query 80 Active Learning Instance Cost: 300314.45
2024-04-16 22:21 | INFO | Timeout limit is increased to 3600
2024-04-16 22:21 | INFO | Query 81 Size of the uncertainty table is = 267/1200
2024-04-16 22:21 | INFO | Query 81 Size of the filtered table is = 12
2024-04-16 22:21 | INFO | Query 81 Active Learning Runtime on Validation Set: 105595.78
2024-04-16 22:21 | INFO | Query 81 Active Learning Runtime on Test Set: 17469.09
2024-04-16 22:21 | INFO | Query 81 Active Learning Instance Cost: 304679.45
2024-04-16 22:21 | INFO | Timeout limit is increased to 3600
2024-04-16 22:21 | INFO | Query 82 Size of the uncertainty table is = 255/1200
2024-04-16 22:21 | INFO | Query 82 Size of the filtered table is = 12
2024-04-16 22:22 | INFO | Query 82 Active Learning Runtime on Validation Set: 105595.78
2024-04-16 22:22 | INFO | Query 82 Active Learning Runtime on Test Set: 17468.72
2024-04-16 22:22 | INFO | Query 82 Active Learning Instance Cost: 308309.42
2024-04-16 22:22 | INFO | Timeout limit is increased to 3600
2024-04-16 22:22 | INFO | Query 83 Size of the uncertainty table is = 243/1200
2024-04-16 22:22 | INFO | Query 83 Size of the filtered table is = 12
2024-04-16 22:22 | INFO | Query 83 Active Learning Runtime on Validation Set: 105595.78
2024-04-16 22:22 | INFO | Query 83 Active Learning Runtime on Test Set: 17468.72
2024-04-16 22:22 | INFO | Query 83 Active Learning Instance Cost: 322853.5
2024-04-16 22:22 | INFO | Timeout limit is increased to 3600
2024-04-16 22:22 | INFO | Query 84 Size of the uncertainty table is = 231/1200
2024-04-16 22:22 | INFO | Query 84 Size of the filtered table is = 12
2024-04-16 22:22 | INFO | Query 84 Active Learning Runtime on Validation Set: 105595.78
2024-04-16 22:22 | INFO | Query 84 Active Learning Runtime on Test Set: 17469.12
2024-04-16 22:22 | INFO | Query 84 Active Learning Instance Cost: 329271.27
2024-04-16 22:22 | INFO | Timeout limit is increased to 3600
2024-04-16 22:22 | INFO | Query 85 Size of the uncertainty table is = 219/1200
2024-04-16 22:22 | INFO | Query 85 Size of the filtered table is = 12
2024-04-16 22:22 | INFO | Query 85 Active Learning Runtime on Validation Set: 105595.78
2024-04-16 22:22 | INFO | Query 85 Active Learning Runtime on Test Set: 88187.63
2024-04-16 22:22 | INFO | Query 85 Active Learning Instance Cost: 332930.09
2024-04-16 22:22 | INFO | Timeout limit is increased to 3600
2024-04-16 22:22 | INFO | Query 86 Size of the uncertainty table is = 207/1200
2024-04-16 22:22 | INFO | Query 86 Size of the filtered table is = 12
2024-04-16 22:22 | INFO | Query 86 Active Learning Runtime on Validation Set: 105595.78
2024-04-16 22:22 | INFO | Query 86 Active Learning Runtime on Test Set: 53172.55
2024-04-16 22:22 | INFO | Query 86 Active Learning Instance Cost: 340509.34
2024-04-16 22:22 | INFO | Timeout limit is increased to 3600
2024-04-16 22:22 | INFO | Query 87 Size of the uncertainty table is = 195/1200
2024-04-16 22:22 | INFO | Query 87 Size of the filtered table is = 12
2024-04-16 22:22 | INFO | Query 87 Active Learning Runtime on Validation Set: 105595.78
2024-04-16 22:22 | INFO | Query 87 Active Learning Runtime on Test Set: 17468.71
2024-04-16 22:22 | INFO | Query 87 Active Learning Instance Cost: 351107.5
2024-04-16 22:22 | INFO | Timeout limit is increased to 3600
2024-04-16 22:22 | INFO | Query 88 Size of the uncertainty table is = 183/1200
2024-04-16 22:22 | INFO | Query 88 Size of the filtered table is = 12
2024-04-16 22:22 | INFO | Query 88 Active Learning Runtime on Validation Set: 105595.78
2024-04-16 22:22 | INFO | Query 88 Active Learning Runtime on Test Set: 17468.77
2024-04-16 22:22 | INFO | Query 88 Active Learning Instance Cost: 366283.63
2024-04-16 22:22 | INFO | Timeout limit is increased to 3600
2024-04-16 22:22 | INFO | Query 89 Size of the uncertainty table is = 171/1200
2024-04-16 22:22 | INFO | Query 89 Size of the filtered table is = 12
2024-04-16 22:22 | INFO | Query 89 Active Learning Runtime on Validation Set: 105595.78
2024-04-16 22:22 | INFO | Query 89 Active Learning Runtime on Test Set: 17469.09
2024-04-16 22:22 | INFO | Query 89 Active Learning Instance Cost: 393530.59
2024-04-16 22:22 | INFO | Timeout limit is increased to 3600
2024-04-16 22:22 | INFO | Query 90 Size of the uncertainty table is = 159/1200
2024-04-16 22:22 | INFO | Query 90 Size of the filtered table is = 12
2024-04-16 22:22 | INFO | Query 90 Active Learning Runtime on Validation Set: 105595.78
2024-04-16 22:22 | INFO | Query 90 Active Learning Runtime on Test Set: 17469.09
2024-04-16 22:22 | INFO | Query 90 Active Learning Instance Cost: 400928.03
2024-04-16 22:22 | INFO | Timeout limit is increased to 3600
2024-04-16 22:22 | INFO | Query 91 Size of the uncertainty table is = 147/1200
2024-04-16 22:22 | INFO | Query 91 Size of the filtered table is = 12
2024-04-16 22:22 | INFO | Query 91 Active Learning Runtime on Validation Set: 105595.78
2024-04-16 22:22 | INFO | Query 91 Active Learning Runtime on Test Set: 17469.09
2024-04-16 22:22 | INFO | Query 91 Active Learning Instance Cost: 420968.93
2024-04-16 22:22 | INFO | Timeout limit is increased to 3600
2024-04-16 22:22 | INFO | Query 92 Size of the uncertainty table is = 135/1200
2024-04-16 22:22 | INFO | Query 92 Size of the filtered table is = 12
2024-04-16 22:22 | INFO | Query 92 Active Learning Runtime on Validation Set: 105595.78
2024-04-16 22:22 | INFO | Query 92 Active Learning Runtime on Test Set: 53172.92
2024-04-16 22:22 | INFO | Query 92 Active Learning Instance Cost: 431956.76
2024-04-16 22:22 | INFO | Timeout limit is increased to 3600
2024-04-16 22:22 | INFO | Query 93 Size of the uncertainty table is = 123/1200
2024-04-16 22:22 | INFO | Query 93 Size of the filtered table is = 12
2024-04-16 22:23 | INFO | Query 93 Active Learning Runtime on Validation Set: 105595.78
2024-04-16 22:23 | INFO | Query 93 Active Learning Runtime on Test Set: 17469.08
2024-04-16 22:23 | INFO | Query 93 Active Learning Instance Cost: 439424.98
2024-04-16 22:23 | INFO | Timeout limit is increased to 3600
2024-04-16 22:23 | INFO | Query 94 Size of the uncertainty table is = 111/1200
2024-04-16 22:23 | INFO | Query 94 Size of the filtered table is = 12
2024-04-16 22:23 | INFO | Query 94 Active Learning Runtime on Validation Set: 105595.78
2024-04-16 22:23 | INFO | Query 94 Active Learning Runtime on Test Set: 17468.76
2024-04-16 22:23 | INFO | Query 94 Active Learning Instance Cost: 451681.42
2024-04-16 22:23 | INFO | Timeout limit is increased to 3600
2024-04-16 22:23 | INFO | Query 95 Size of the uncertainty table is = 99/1200
2024-04-16 22:23 | INFO | Query 95 Size of the filtered table is = 12
2024-04-16 22:23 | INFO | Query 95 Active Learning Runtime on Validation Set: 105595.78
2024-04-16 22:23 | INFO | Query 95 Active Learning Runtime on Test Set: 17468.76
2024-04-16 22:23 | INFO | Query 95 Active Learning Instance Cost: 465303.4
2024-04-16 22:23 | INFO | Timeout limit is increased to 3600
2024-04-16 22:23 | INFO | Query 96 Size of the uncertainty table is = 87/1200
2024-04-16 22:23 | INFO | Query 96 Size of the filtered table is = 12
2024-04-16 22:23 | INFO | Query 96 Active Learning Runtime on Validation Set: 105595.78
2024-04-16 22:23 | INFO | Query 96 Active Learning Runtime on Test Set: 17469.08
2024-04-16 22:23 | INFO | Query 96 Active Learning Instance Cost: 482888.51
2024-04-16 22:23 | INFO | Timeout limit is increased to 3600
2024-04-16 22:23 | INFO | Query 97 Size of the uncertainty table is = 75/1200
2024-04-16 22:23 | INFO | Query 97 Size of the filtered table is = 12
2024-04-16 22:23 | INFO | Query 97 Active Learning Runtime on Validation Set: 105595.78
2024-04-16 22:23 | INFO | Query 97 Active Learning Runtime on Test Set: 17468.76
2024-04-16 22:23 | INFO | Query 97 Active Learning Instance Cost: 495766.7
2024-04-16 22:23 | INFO | Timeout limit is increased to 3600
2024-04-16 22:23 | INFO | Query 98 Size of the uncertainty table is = 63/1200
2024-04-16 22:23 | INFO | Query 98 Size of the filtered table is = 12
2024-04-16 22:23 | INFO | Query 98 Active Learning Runtime on Validation Set: 105595.78
2024-04-16 22:23 | INFO | Query 98 Active Learning Runtime on Test Set: 17469.08
2024-04-16 22:23 | INFO | Query 98 Active Learning Instance Cost: 500803.21
2024-04-16 22:23 | INFO | Timeout limit is increased to 3600
2024-04-16 22:23 | INFO | Query 99 Size of the uncertainty table is = 51/1200
2024-04-16 22:23 | INFO | Query 99 Size of the filtered table is = 12
2024-04-16 22:23 | INFO | Query 99 Active Learning Runtime on Validation Set: 105595.78
2024-04-16 22:23 | INFO | Query 99 Active Learning Runtime on Test Set: 17469.08
2024-04-16 22:23 | INFO | Query 99 Active Learning Instance Cost: 508411.45
2024-04-16 22:23 | INFO | Timeout limit is increased to 3600
2024-04-16 22:23 | INFO | Query 100 Size of the uncertainty table is = 39/1200
2024-04-16 22:23 | INFO | Query 100 Size of the filtered table is = 12
2024-04-16 22:23 | INFO | Query 100 Active Learning Runtime on Validation Set: 105595.78
2024-04-16 22:23 | INFO | Query 100 Active Learning Runtime on Test Set: 17469.08
2024-04-16 22:23 | INFO | Query 100 Active Learning Instance Cost: 511313.26
2024-04-16 22:23 | INFO | Timeout limit is increased to 3600
2024-04-16 22:23 | INFO | Query 101 Size of the uncertainty table is = 27/1200
2024-04-16 22:23 | INFO | Query 101 Size of the filtered table is = 12
2024-04-16 22:23 | INFO | Query 101 Active Learning Runtime on Validation Set: 105595.78
2024-04-16 22:23 | INFO | Query 101 Active Learning Runtime on Test Set: 17469.08
2024-04-16 22:23 | INFO | Query 101 Active Learning Instance Cost: 522247.81
2024-04-16 22:23 | INFO | Timeout limit is increased to 3600
2024-04-16 22:23 | INFO | Query 102 Size of the uncertainty table is = 15/1200
2024-04-16 22:23 | INFO | Query 102 Size of the filtered table is = 12
2024-04-16 22:23 | INFO | Query 102 Active Learning Runtime on Validation Set: 105595.78
2024-04-16 22:23 | INFO | Query 102 Active Learning Runtime on Test Set: 88189.73
2024-04-16 22:23 | INFO | Query 102 Active Learning Instance Cost: 531270.56
2024-04-16 22:23 | INFO | Timeout limit is increased to 3600
2024-04-16 22:23 | INFO | Query 103 Size of the uncertainty table is = 3/1200
2024-04-16 22:23 | INFO | Query 103 Size of the filtered table is = 3
2024-04-16 22:23 | INFO | Query 103 Active Learning Runtime on Validation Set: 105595.78
2024-04-16 22:23 | INFO | Query 103 Active Learning Runtime on Test Set: 52485.91
2024-04-16 22:23 | INFO | Query 103 Active Learning Instance Cost: 531303.05
2024-04-16 22:23 | INFO | Timeout limit is increased to 3600
2024-04-16 22:23 | INFO | runtime_test_score is written as json file
2024-04-16 22:23 | INFO | runtime_validation_score is written as json file
2024-04-16 22:23 | INFO | instance_cost is written as json file
2024-04-16 22:23 | INFO | Experiment is finished
