2024-04-17 18:11 | INFO | Paramaters are: {'dataset': 'CSP-2010', 'penalty': 10, 'weight': 'No_Weight', 'voting': 'Hard', 'pre_selection_size': 64, 'pre_selection_technique': 'No_pre_selection', 'feature_elimination_threshold': 20, 'imputer_strategy': 'median', 'feature_selection_technique': 'No_feature_selection', 'feature_scaling_technique': 'StandardScaler', 'initial_train_size': 20, 'query_size': 1, 'timeout_predictor_usage': 'No', 'timeout_limit': 3600, 'timeout_increase_rate': 100, 'RANDOM_STATE_SEED': 99, 'n_splits': 10, 'split_number': 6, 'max_timeout': 3600, 'param_grid': {'n_estimators': 100, 'criterion': 'gini', 'max_features': 'sqrt', 'max_depth': 2147483648, 'min_samples_split': 2, 'bootstrap': True}}
2024-04-17 18:11 | INFO | CSP-2010 is current dataset
2024-04-17 18:11 | INFO | DATASETS/CSP-2010/algorithm_runs.csv is found
2024-04-17 18:11 | INFO | DATASETS/CSP-2010/algorithm_runs.csv is finished
2024-04-17 18:11 | INFO | DATASETS/CSP-2010/feature_values.csv is found
2024-04-17 18:11 | INFO | DATASETS/CSP-2010/feature_values.csv is finished
2024-04-17 18:11 | INFO | Feature cost of train set is 0
2024-04-17 18:11 | INFO | Initial Active Learning Random Query Runtime on Validation Set: 91018.07
2024-04-17 18:11 | INFO | Initial Active Learning Random Query Runtime on Test Set: 106286.1
2024-04-17 18:11 | INFO | Initial Active Learning Random Query Instance Cost: 7320.2
2024-04-17 18:11 | INFO | Bin size = 12
2024-04-17 18:11 | INFO | Query 1 Size of the uncertainty table is = 1201/1201
2024-04-17 18:11 | INFO | Query 1 Size of the filtered table is = 12
2024-04-17 18:11 | INFO | Query 1 Active Learning Random Query Runtime on Validation Set: 91018.01
2024-04-17 18:11 | INFO | Query 1 Active Learning Random Query Runtime on Test Set: 137234.47
2024-04-17 18:11 | INFO | Query 1 Active Learning Random Query Instance Cost: 20308.24
2024-04-17 18:11 | INFO | Query 2 Size of the uncertainty table is = 1189/1201
2024-04-17 18:11 | INFO | Query 2 Size of the filtered table is = 12
2024-04-17 18:11 | INFO | Query 2 Active Learning Random Query Runtime on Validation Set: 91018.0
2024-04-17 18:11 | INFO | Query 2 Active Learning Random Query Runtime on Test Set: 98702.22
2024-04-17 18:11 | INFO | Query 2 Active Learning Random Query Instance Cost: 23998.62
2024-04-17 18:11 | INFO | Query 3 Size of the uncertainty table is = 1177/1201
2024-04-17 18:11 | INFO | Query 3 Size of the filtered table is = 12
2024-04-17 18:11 | INFO | Query 3 Active Learning Random Query Runtime on Validation Set: 91018.01
2024-04-17 18:11 | INFO | Query 3 Active Learning Random Query Runtime on Test Set: 98702.47
2024-04-17 18:11 | INFO | Query 3 Active Learning Random Query Instance Cost: 24058.83
2024-04-17 18:11 | INFO | Timeout limit is increased to 3600
2024-04-17 18:11 | INFO | Query 4 Size of the uncertainty table is = 1165/1201
2024-04-17 18:11 | INFO | Query 4 Size of the filtered table is = 12
2024-04-17 18:11 | INFO | Query 4 Active Learning Random Query Runtime on Validation Set: 91015.81
2024-04-17 18:11 | INFO | Query 4 Active Learning Random Query Runtime on Test Set: 67389.79
2024-04-17 18:11 | INFO | Query 4 Active Learning Random Query Instance Cost: 28255.53
2024-04-17 18:11 | INFO | Query 5 Size of the uncertainty table is = 1153/1201
2024-04-17 18:11 | INFO | Query 5 Size of the filtered table is = 12
2024-04-17 18:12 | INFO | Query 5 Active Learning Random Query Runtime on Validation Set: 91018.07
2024-04-17 18:12 | INFO | Query 5 Active Learning Random Query Runtime on Test Set: 102827.84
2024-04-17 18:12 | INFO | Query 5 Active Learning Random Query Instance Cost: 31791.51
2024-04-17 18:12 | INFO | Timeout limit is increased to 3600
2024-04-17 18:12 | INFO | Query 6 Size of the uncertainty table is = 1141/1201
2024-04-17 18:12 | INFO | Query 6 Size of the filtered table is = 12
2024-04-17 18:12 | INFO | Query 6 Active Learning Random Query Runtime on Validation Set: 91015.81
2024-04-17 18:12 | INFO | Query 6 Active Learning Random Query Runtime on Test Set: 62995.96
2024-04-17 18:12 | INFO | Query 6 Active Learning Random Query Instance Cost: 32528.65
2024-04-17 18:12 | INFO | Query 7 Size of the uncertainty table is = 1129/1201
2024-04-17 18:12 | INFO | Query 7 Size of the filtered table is = 12
2024-04-17 18:12 | INFO | Query 7 Active Learning Random Query Runtime on Validation Set: 91015.81
2024-04-17 18:12 | INFO | Query 7 Active Learning Random Query Runtime on Test Set: 67389.23
2024-04-17 18:12 | INFO | Query 7 Active Learning Random Query Instance Cost: 40201.5
2024-04-17 18:12 | INFO | Timeout limit is increased to 3600
2024-04-17 18:12 | INFO | Query 8 Size of the uncertainty table is = 1117/1201
2024-04-17 18:12 | INFO | Query 8 Size of the filtered table is = 12
2024-04-17 18:12 | INFO | Query 8 Active Learning Random Query Runtime on Validation Set: 91015.81
2024-04-17 18:12 | INFO | Query 8 Active Learning Random Query Runtime on Test Set: 67389.32
2024-04-17 18:12 | INFO | Query 8 Active Learning Random Query Instance Cost: 43924.53
2024-04-17 18:12 | INFO | Timeout limit is increased to 3600
2024-04-17 18:12 | INFO | Query 9 Size of the uncertainty table is = 1105/1201
2024-04-17 18:12 | INFO | Query 9 Size of the filtered table is = 12
2024-04-17 18:12 | INFO | Query 9 Active Learning Random Query Runtime on Validation Set: 91015.83
2024-04-17 18:12 | INFO | Query 9 Active Learning Random Query Runtime on Test Set: 62937.68
2024-04-17 18:12 | INFO | Query 9 Active Learning Random Query Instance Cost: 48627.21
2024-04-17 18:12 | INFO | Timeout limit is increased to 3600
2024-04-17 18:12 | INFO | Query 10 Size of the uncertainty table is = 1093/1201
2024-04-17 18:12 | INFO | Query 10 Size of the filtered table is = 12
2024-04-17 18:12 | INFO | Query 10 Active Learning Random Query Runtime on Validation Set: 91015.81
2024-04-17 18:12 | INFO | Query 10 Active Learning Random Query Runtime on Test Set: 67471.46
2024-04-17 18:12 | INFO | Query 10 Active Learning Random Query Instance Cost: 59864.75
2024-04-17 18:12 | INFO | Query 11 Size of the uncertainty table is = 1081/1201
2024-04-17 18:12 | INFO | Query 11 Size of the filtered table is = 12
2024-04-17 18:12 | INFO | Query 11 Active Learning Random Query Runtime on Validation Set: 91015.83
2024-04-17 18:12 | INFO | Query 11 Active Learning Random Query Runtime on Test Set: 67389.24
2024-04-17 18:12 | INFO | Query 11 Active Learning Random Query Instance Cost: 67127.4
2024-04-17 18:12 | INFO | Timeout limit is increased to 3600
2024-04-17 18:12 | INFO | Query 12 Size of the uncertainty table is = 1069/1201
2024-04-17 18:12 | INFO | Query 12 Size of the filtered table is = 12
2024-04-17 18:12 | INFO | Query 12 Active Learning Random Query Runtime on Validation Set: 91015.83
2024-04-17 18:12 | INFO | Query 12 Active Learning Random Query Runtime on Test Set: 67471.48
2024-04-17 18:12 | INFO | Query 12 Active Learning Random Query Instance Cost: 67151.84
2024-04-17 18:12 | INFO | Timeout limit is increased to 3600
2024-04-17 18:12 | INFO | Query 13 Size of the uncertainty table is = 1057/1201
2024-04-17 18:12 | INFO | Query 13 Size of the filtered table is = 12
2024-04-17 18:12 | INFO | Query 13 Active Learning Random Query Runtime on Validation Set: 91015.83
2024-04-17 18:12 | INFO | Query 13 Active Learning Random Query Runtime on Test Set: 67389.23
2024-04-17 18:12 | INFO | Query 13 Active Learning Random Query Instance Cost: 76922.44
2024-04-17 18:12 | INFO | Timeout limit is increased to 3600
2024-04-17 18:12 | INFO | Query 14 Size of the uncertainty table is = 1045/1201
2024-04-17 18:12 | INFO | Query 14 Size of the filtered table is = 12
2024-04-17 18:12 | INFO | Query 14 Active Learning Random Query Runtime on Validation Set: 91015.83
2024-04-17 18:12 | INFO | Query 14 Active Learning Random Query Runtime on Test Set: 67389.19
2024-04-17 18:12 | INFO | Query 14 Active Learning Random Query Instance Cost: 79999.95
2024-04-17 18:12 | INFO | Timeout limit is increased to 3600
2024-04-17 18:12 | INFO | Query 15 Size of the uncertainty table is = 1033/1201
2024-04-17 18:12 | INFO | Query 15 Size of the filtered table is = 12
2024-04-17 18:12 | INFO | Query 15 Active Learning Random Query Runtime on Validation Set: 91015.83
2024-04-17 18:12 | INFO | Query 15 Active Learning Random Query Runtime on Test Set: 67389.42
2024-04-17 18:12 | INFO | Query 15 Active Learning Random Query Instance Cost: 85009.36
2024-04-17 18:12 | INFO | Timeout limit is increased to 3600
2024-04-17 18:12 | INFO | Query 16 Size of the uncertainty table is = 1021/1201
2024-04-17 18:12 | INFO | Query 16 Size of the filtered table is = 12
2024-04-17 18:12 | INFO | Query 16 Active Learning Random Query Runtime on Validation Set: 91015.81
2024-04-17 18:12 | INFO | Query 16 Active Learning Random Query Runtime on Test Set: 67389.08
2024-04-17 18:12 | INFO | Query 16 Active Learning Random Query Instance Cost: 92059.56
2024-04-17 18:12 | INFO | Query 17 Size of the uncertainty table is = 1009/1201
2024-04-17 18:12 | INFO | Query 17 Size of the filtered table is = 12
2024-04-17 18:12 | INFO | Query 17 Active Learning Random Query Runtime on Validation Set: 91015.81
2024-04-17 18:12 | INFO | Query 17 Active Learning Random Query Runtime on Test Set: 67388.95
2024-04-17 18:12 | INFO | Query 17 Active Learning Random Query Instance Cost: 93789.84
2024-04-17 18:12 | INFO | Timeout limit is increased to 3600
2024-04-17 18:12 | INFO | Query 18 Size of the uncertainty table is = 997/1201
2024-04-17 18:12 | INFO | Query 18 Size of the filtered table is = 12
2024-04-17 18:12 | INFO | Query 18 Active Learning Random Query Runtime on Validation Set: 91015.81
2024-04-17 18:12 | INFO | Query 18 Active Learning Random Query Runtime on Test Set: 67470.95
2024-04-17 18:12 | INFO | Query 18 Active Learning Random Query Instance Cost: 98099.65
2024-04-17 18:12 | INFO | Timeout limit is increased to 3600
2024-04-17 18:12 | INFO | Query 19 Size of the uncertainty table is = 985/1201
2024-04-17 18:12 | INFO | Query 19 Size of the filtered table is = 12
2024-04-17 18:13 | INFO | Query 19 Active Learning Random Query Runtime on Validation Set: 91015.81
2024-04-17 18:13 | INFO | Query 19 Active Learning Random Query Runtime on Test Set: 67389.02
2024-04-17 18:13 | INFO | Query 19 Active Learning Random Query Instance Cost: 98188.65
2024-04-17 18:13 | INFO | Timeout limit is increased to 3600
2024-04-17 18:13 | INFO | Query 20 Size of the uncertainty table is = 973/1201
2024-04-17 18:13 | INFO | Query 20 Size of the filtered table is = 12
2024-04-17 18:13 | INFO | Query 20 Active Learning Random Query Runtime on Validation Set: 91015.81
2024-04-17 18:13 | INFO | Query 20 Active Learning Random Query Runtime on Test Set: 67388.84
2024-04-17 18:13 | INFO | Query 20 Active Learning Random Query Instance Cost: 105461.34
2024-04-17 18:13 | INFO | Timeout limit is increased to 3600
2024-04-17 18:13 | INFO | Query 21 Size of the uncertainty table is = 961/1201
2024-04-17 18:13 | INFO | Query 21 Size of the filtered table is = 12
2024-04-17 18:13 | INFO | Query 21 Active Learning Random Query Runtime on Validation Set: 91015.81
2024-04-17 18:13 | INFO | Query 21 Active Learning Random Query Runtime on Test Set: 67388.41
2024-04-17 18:13 | INFO | Query 21 Active Learning Random Query Instance Cost: 118635.33
2024-04-17 18:13 | INFO | Timeout limit is increased to 3600
2024-04-17 18:13 | INFO | Query 22 Size of the uncertainty table is = 949/1201
2024-04-17 18:13 | INFO | Query 22 Size of the filtered table is = 12
2024-04-17 18:13 | INFO | Query 22 Active Learning Random Query Runtime on Validation Set: 91015.83
2024-04-17 18:13 | INFO | Query 22 Active Learning Random Query Runtime on Test Set: 67388.44
2024-04-17 18:13 | INFO | Query 22 Active Learning Random Query Instance Cost: 124609.78
2024-04-17 18:13 | INFO | Timeout limit is increased to 3600
2024-04-17 18:13 | INFO | Query 23 Size of the uncertainty table is = 937/1201
2024-04-17 18:13 | INFO | Query 23 Size of the filtered table is = 12
2024-04-17 18:13 | INFO | Query 23 Active Learning Random Query Runtime on Validation Set: 91015.81
2024-04-17 18:13 | INFO | Query 23 Active Learning Random Query Runtime on Test Set: 67388.42
2024-04-17 18:13 | INFO | Query 23 Active Learning Random Query Instance Cost: 149016.83
2024-04-17 18:13 | INFO | Query 24 Size of the uncertainty table is = 925/1201
2024-04-17 18:13 | INFO | Query 24 Size of the filtered table is = 12
2024-04-17 18:13 | INFO | Query 24 Active Learning Random Query Runtime on Validation Set: 91015.81
2024-04-17 18:13 | INFO | Query 24 Active Learning Random Query Runtime on Test Set: 67388.43
2024-04-17 18:13 | INFO | Query 24 Active Learning Random Query Instance Cost: 159267.12
2024-04-17 18:13 | INFO | Timeout limit is increased to 3600
2024-04-17 18:13 | INFO | Query 25 Size of the uncertainty table is = 913/1201
2024-04-17 18:13 | INFO | Query 25 Size of the filtered table is = 12
2024-04-17 18:13 | INFO | Query 25 Active Learning Random Query Runtime on Validation Set: 91015.81
2024-04-17 18:13 | INFO | Query 25 Active Learning Random Query Runtime on Test Set: 99733.69
2024-04-17 18:13 | INFO | Query 25 Active Learning Random Query Instance Cost: 162962.93
2024-04-17 18:13 | INFO | Timeout limit is increased to 3600
2024-04-17 18:13 | INFO | Query 26 Size of the uncertainty table is = 901/1201
2024-04-17 18:13 | INFO | Query 26 Size of the filtered table is = 12
2024-04-17 18:13 | INFO | Query 26 Active Learning Random Query Runtime on Validation Set: 91015.81
2024-04-17 18:13 | INFO | Query 26 Active Learning Random Query Runtime on Test Set: 67388.39
2024-04-17 18:13 | INFO | Query 26 Active Learning Random Query Instance Cost: 175299.16
2024-04-17 18:13 | INFO | Timeout limit is increased to 3600
2024-04-17 18:13 | INFO | Query 27 Size of the uncertainty table is = 889/1201
2024-04-17 18:13 | INFO | Query 27 Size of the filtered table is = 12
2024-04-17 18:13 | INFO | Query 27 Active Learning Random Query Runtime on Validation Set: 91015.81
2024-04-17 18:13 | INFO | Query 27 Active Learning Random Query Runtime on Test Set: 67388.63
2024-04-17 18:13 | INFO | Query 27 Active Learning Random Query Instance Cost: 175319.48
2024-04-17 18:13 | INFO | Timeout limit is increased to 3600
2024-04-17 18:13 | INFO | Query 28 Size of the uncertainty table is = 877/1201
2024-04-17 18:13 | INFO | Query 28 Size of the filtered table is = 12
2024-04-17 18:13 | INFO | Query 28 Active Learning Random Query Runtime on Validation Set: 91015.81
2024-04-17 18:13 | INFO | Query 28 Active Learning Random Query Runtime on Test Set: 67388.63
2024-04-17 18:13 | INFO | Query 28 Active Learning Random Query Instance Cost: 175458.84
2024-04-17 18:13 | INFO | Timeout limit is increased to 3600
2024-04-17 18:13 | INFO | Query 29 Size of the uncertainty table is = 865/1201
2024-04-17 18:13 | INFO | Query 29 Size of the filtered table is = 12
2024-04-17 18:13 | INFO | Query 29 Active Learning Random Query Runtime on Validation Set: 91015.81
2024-04-17 18:13 | INFO | Query 29 Active Learning Random Query Runtime on Test Set: 67470.91
2024-04-17 18:13 | INFO | Query 29 Active Learning Random Query Instance Cost: 188556.18
2024-04-17 18:13 | INFO | Timeout limit is increased to 3600
2024-04-17 18:13 | INFO | Query 30 Size of the uncertainty table is = 853/1201
2024-04-17 18:13 | INFO | Query 30 Size of the filtered table is = 12
2024-04-17 18:13 | INFO | Query 30 Active Learning Random Query Runtime on Validation Set: 91015.81
2024-04-17 18:13 | INFO | Query 30 Active Learning Random Query Runtime on Test Set: 67470.95
2024-04-17 18:13 | INFO | Query 30 Active Learning Random Query Instance Cost: 195792.18
2024-04-17 18:13 | INFO | Timeout limit is increased to 3600
2024-04-17 18:13 | INFO | Query 31 Size of the uncertainty table is = 841/1201
2024-04-17 18:13 | INFO | Query 31 Size of the filtered table is = 12
2024-04-17 18:13 | INFO | Query 31 Active Learning Random Query Runtime on Validation Set: 91015.81
2024-04-17 18:13 | INFO | Query 31 Active Learning Random Query Runtime on Test Set: 67470.95
2024-04-17 18:13 | INFO | Query 31 Active Learning Random Query Instance Cost: 200481.04
2024-04-17 18:13 | INFO | Timeout limit is increased to 3600
2024-04-17 18:13 | INFO | Query 32 Size of the uncertainty table is = 829/1201
2024-04-17 18:13 | INFO | Query 32 Size of the filtered table is = 12
2024-04-17 18:13 | INFO | Query 32 Active Learning Random Query Runtime on Validation Set: 91015.81
2024-04-17 18:13 | INFO | Query 32 Active Learning Random Query Runtime on Test Set: 67471.06
2024-04-17 18:13 | INFO | Query 32 Active Learning Random Query Instance Cost: 208482.01
2024-04-17 18:13 | INFO | Timeout limit is increased to 3600
2024-04-17 18:13 | INFO | Query 33 Size of the uncertainty table is = 817/1201
2024-04-17 18:13 | INFO | Query 33 Size of the filtered table is = 12
2024-04-17 18:14 | INFO | Query 33 Active Learning Random Query Runtime on Validation Set: 91015.81
2024-04-17 18:14 | INFO | Query 33 Active Learning Random Query Runtime on Test Set: 67471.01
2024-04-17 18:14 | INFO | Query 33 Active Learning Random Query Instance Cost: 212306.99
2024-04-17 18:14 | INFO | Timeout limit is increased to 3600
2024-04-17 18:14 | INFO | Query 34 Size of the uncertainty table is = 805/1201
2024-04-17 18:14 | INFO | Query 34 Size of the filtered table is = 12
2024-04-17 18:14 | INFO | Query 34 Active Learning Random Query Runtime on Validation Set: 91015.81
2024-04-17 18:14 | INFO | Query 34 Active Learning Random Query Runtime on Test Set: 67471.01
2024-04-17 18:14 | INFO | Query 34 Active Learning Random Query Instance Cost: 221334.88
2024-04-17 18:14 | INFO | Timeout limit is increased to 3600
2024-04-17 18:14 | INFO | Query 35 Size of the uncertainty table is = 793/1201
2024-04-17 18:14 | INFO | Query 35 Size of the filtered table is = 12
2024-04-17 18:14 | INFO | Query 35 Active Learning Random Query Runtime on Validation Set: 91015.81
2024-04-17 18:14 | INFO | Query 35 Active Learning Random Query Runtime on Test Set: 67471.01
2024-04-17 18:14 | INFO | Query 35 Active Learning Random Query Instance Cost: 228692.16
2024-04-17 18:14 | INFO | Timeout limit is increased to 3600
2024-04-17 18:14 | INFO | Query 36 Size of the uncertainty table is = 781/1201
2024-04-17 18:14 | INFO | Query 36 Size of the filtered table is = 12
2024-04-17 18:14 | INFO | Query 36 Active Learning Random Query Runtime on Validation Set: 91015.81
2024-04-17 18:14 | INFO | Query 36 Active Learning Random Query Runtime on Test Set: 67471.06
2024-04-17 18:14 | INFO | Query 36 Active Learning Random Query Instance Cost: 228699.04
2024-04-17 18:14 | INFO | Timeout limit is increased to 3600
2024-04-17 18:14 | INFO | Query 37 Size of the uncertainty table is = 769/1201
2024-04-17 18:14 | INFO | Query 37 Size of the filtered table is = 12
2024-04-17 18:14 | INFO | Query 37 Active Learning Random Query Runtime on Validation Set: 91015.81
2024-04-17 18:14 | INFO | Query 37 Active Learning Random Query Runtime on Test Set: 67471.0
2024-04-17 18:14 | INFO | Query 37 Active Learning Random Query Instance Cost: 244277.58
2024-04-17 18:14 | INFO | Timeout limit is increased to 3600
2024-04-17 18:14 | INFO | Query 38 Size of the uncertainty table is = 757/1201
2024-04-17 18:14 | INFO | Query 38 Size of the filtered table is = 12
2024-04-17 18:14 | INFO | Query 38 Active Learning Random Query Runtime on Validation Set: 91015.81
2024-04-17 18:14 | INFO | Query 38 Active Learning Random Query Runtime on Test Set: 67471.01
2024-04-17 18:14 | INFO | Query 38 Active Learning Random Query Instance Cost: 246504.1
2024-04-17 18:14 | INFO | Timeout limit is increased to 3600
2024-04-17 18:14 | INFO | Query 39 Size of the uncertainty table is = 745/1201
2024-04-17 18:14 | INFO | Query 39 Size of the filtered table is = 12
2024-04-17 18:14 | INFO | Query 39 Active Learning Random Query Runtime on Validation Set: 91015.81
2024-04-17 18:14 | INFO | Query 39 Active Learning Random Query Runtime on Test Set: 67471.01
2024-04-17 18:14 | INFO | Query 39 Active Learning Random Query Instance Cost: 250288.46
2024-04-17 18:14 | INFO | Timeout limit is increased to 3600
2024-04-17 18:14 | INFO | Query 40 Size of the uncertainty table is = 733/1201
2024-04-17 18:14 | INFO | Query 40 Size of the filtered table is = 12
2024-04-17 18:14 | INFO | Query 40 Active Learning Random Query Runtime on Validation Set: 91015.81
2024-04-17 18:14 | INFO | Query 40 Active Learning Random Query Runtime on Test Set: 67471.57
2024-04-17 18:14 | INFO | Query 40 Active Learning Random Query Instance Cost: 250350.06
2024-04-17 18:14 | INFO | Timeout limit is increased to 3600
2024-04-17 18:14 | INFO | Query 41 Size of the uncertainty table is = 721/1201
2024-04-17 18:14 | INFO | Query 41 Size of the filtered table is = 12
2024-04-17 18:14 | INFO | Query 41 Active Learning Random Query Runtime on Validation Set: 91015.81
2024-04-17 18:14 | INFO | Query 41 Active Learning Random Query Runtime on Test Set: 67470.91
2024-04-17 18:14 | INFO | Query 41 Active Learning Random Query Instance Cost: 251189.84
2024-04-17 18:14 | INFO | Timeout limit is increased to 3600
2024-04-17 18:14 | INFO | Query 42 Size of the uncertainty table is = 709/1201
2024-04-17 18:14 | INFO | Query 42 Size of the filtered table is = 12
2024-04-17 18:14 | INFO | Query 42 Active Learning Random Query Runtime on Validation Set: 91015.81
2024-04-17 18:14 | INFO | Query 42 Active Learning Random Query Runtime on Test Set: 67388.37
2024-04-17 18:14 | INFO | Query 42 Active Learning Random Query Instance Cost: 268127.87
2024-04-17 18:14 | INFO | Timeout limit is increased to 3600
2024-04-17 18:14 | INFO | Query 43 Size of the uncertainty table is = 697/1201
2024-04-17 18:14 | INFO | Query 43 Size of the filtered table is = 12
2024-04-17 18:14 | INFO | Query 43 Active Learning Random Query Runtime on Validation Set: 91015.81
2024-04-17 18:14 | INFO | Query 43 Active Learning Random Query Runtime on Test Set: 67471.02
2024-04-17 18:14 | INFO | Query 43 Active Learning Random Query Instance Cost: 269655.6
2024-04-17 18:14 | INFO | Timeout limit is increased to 3600
2024-04-17 18:14 | INFO | Query 44 Size of the uncertainty table is = 685/1201
2024-04-17 18:14 | INFO | Query 44 Size of the filtered table is = 12
2024-04-17 18:14 | INFO | Query 44 Active Learning Random Query Runtime on Validation Set: 91015.81
2024-04-17 18:14 | INFO | Query 44 Active Learning Random Query Runtime on Test Set: 67470.68
2024-04-17 18:14 | INFO | Query 44 Active Learning Random Query Instance Cost: 273308.55
2024-04-17 18:14 | INFO | Timeout limit is increased to 3600
2024-04-17 18:14 | INFO | Query 45 Size of the uncertainty table is = 673/1201
2024-04-17 18:14 | INFO | Query 45 Size of the filtered table is = 12
2024-04-17 18:14 | INFO | Query 45 Active Learning Random Query Runtime on Validation Set: 91015.81
2024-04-17 18:14 | INFO | Query 45 Active Learning Random Query Runtime on Test Set: 67388.37
2024-04-17 18:14 | INFO | Query 45 Active Learning Random Query Instance Cost: 273316.36
2024-04-17 18:14 | INFO | Timeout limit is increased to 3600
2024-04-17 18:14 | INFO | Query 46 Size of the uncertainty table is = 661/1201
2024-04-17 18:14 | INFO | Query 46 Size of the filtered table is = 12
2024-04-17 18:14 | INFO | Query 46 Active Learning Random Query Runtime on Validation Set: 91015.81
2024-04-17 18:14 | INFO | Query 46 Active Learning Random Query Runtime on Test Set: 67471.01
2024-04-17 18:14 | INFO | Query 46 Active Learning Random Query Instance Cost: 280939.58
2024-04-17 18:14 | INFO | Timeout limit is increased to 3600
2024-04-17 18:14 | INFO | Query 47 Size of the uncertainty table is = 649/1201
2024-04-17 18:14 | INFO | Query 47 Size of the filtered table is = 12
2024-04-17 18:15 | INFO | Query 47 Active Learning Random Query Runtime on Validation Set: 126997.55
2024-04-17 18:15 | INFO | Query 47 Active Learning Random Query Runtime on Test Set: 67471.01
2024-04-17 18:15 | INFO | Query 47 Active Learning Random Query Instance Cost: 285574.08
2024-04-17 18:15 | INFO | Timeout limit is increased to 3600
2024-04-17 18:15 | INFO | Query 48 Size of the uncertainty table is = 637/1201
2024-04-17 18:15 | INFO | Query 48 Size of the filtered table is = 12
2024-04-17 18:15 | INFO | Query 48 Active Learning Random Query Runtime on Validation Set: 91015.81
2024-04-17 18:15 | INFO | Query 48 Active Learning Random Query Runtime on Test Set: 67471.0
2024-04-17 18:15 | INFO | Query 48 Active Learning Random Query Instance Cost: 293022.56
2024-04-17 18:15 | INFO | Query 49 Size of the uncertainty table is = 625/1201
2024-04-17 18:15 | INFO | Query 49 Size of the filtered table is = 12
2024-04-17 18:15 | INFO | Query 49 Active Learning Random Query Runtime on Validation Set: 91015.81
2024-04-17 18:15 | INFO | Query 49 Active Learning Random Query Runtime on Test Set: 67471.0
2024-04-17 18:15 | INFO | Query 49 Active Learning Random Query Instance Cost: 304812.58
2024-04-17 18:15 | INFO | Timeout limit is increased to 3600
2024-04-17 18:15 | INFO | Query 50 Size of the uncertainty table is = 613/1201
2024-04-17 18:15 | INFO | Query 50 Size of the filtered table is = 12
2024-04-17 18:15 | INFO | Query 50 Active Learning Random Query Runtime on Validation Set: 91015.81
2024-04-17 18:15 | INFO | Query 50 Active Learning Random Query Runtime on Test Set: 67471.0
2024-04-17 18:15 | INFO | Query 50 Active Learning Random Query Instance Cost: 308293.37
2024-04-17 18:15 | INFO | Timeout limit is increased to 3600
2024-04-17 18:15 | INFO | Query 51 Size of the uncertainty table is = 601/1201
2024-04-17 18:15 | INFO | Query 51 Size of the filtered table is = 12
2024-04-17 18:15 | INFO | Query 51 Active Learning Random Query Runtime on Validation Set: 91015.81
2024-04-17 18:15 | INFO | Query 51 Active Learning Random Query Runtime on Test Set: 67388.67
2024-04-17 18:15 | INFO | Query 51 Active Learning Random Query Instance Cost: 308798.85
2024-04-17 18:15 | INFO | Timeout limit is increased to 3600
2024-04-17 18:15 | INFO | Query 52 Size of the uncertainty table is = 589/1201
2024-04-17 18:15 | INFO | Query 52 Size of the filtered table is = 12
2024-04-17 18:15 | INFO | Query 52 Active Learning Random Query Runtime on Validation Set: 91015.81
2024-04-17 18:15 | INFO | Query 52 Active Learning Random Query Runtime on Test Set: 67471.0
2024-04-17 18:15 | INFO | Query 52 Active Learning Random Query Instance Cost: 312639.78
2024-04-17 18:15 | INFO | Timeout limit is increased to 3600
2024-04-17 18:15 | INFO | Query 53 Size of the uncertainty table is = 577/1201
2024-04-17 18:15 | INFO | Query 53 Size of the filtered table is = 12
2024-04-17 18:15 | INFO | Query 53 Active Learning Random Query Runtime on Validation Set: 91015.81
2024-04-17 18:15 | INFO | Query 53 Active Learning Random Query Runtime on Test Set: 67470.99
2024-04-17 18:15 | INFO | Query 53 Active Learning Random Query Instance Cost: 314823.12
2024-04-17 18:15 | INFO | Timeout limit is increased to 3600
2024-04-17 18:15 | INFO | Query 54 Size of the uncertainty table is = 565/1201
2024-04-17 18:15 | INFO | Query 54 Size of the filtered table is = 12
2024-04-17 18:15 | INFO | Query 54 Active Learning Random Query Runtime on Validation Set: 91015.81
2024-04-17 18:15 | INFO | Query 54 Active Learning Random Query Runtime on Test Set: 67470.99
2024-04-17 18:15 | INFO | Query 54 Active Learning Random Query Instance Cost: 328835.22
2024-04-17 18:15 | INFO | Timeout limit is increased to 3600
2024-04-17 18:15 | INFO | Query 55 Size of the uncertainty table is = 553/1201
2024-04-17 18:15 | INFO | Query 55 Size of the filtered table is = 12
2024-04-17 18:15 | INFO | Query 55 Active Learning Random Query Runtime on Validation Set: 91015.81
2024-04-17 18:15 | INFO | Query 55 Active Learning Random Query Runtime on Test Set: 67470.85
2024-04-17 18:15 | INFO | Query 55 Active Learning Random Query Instance Cost: 340105.26
2024-04-17 18:15 | INFO | Timeout limit is increased to 3600
2024-04-17 18:15 | INFO | Query 56 Size of the uncertainty table is = 541/1201
2024-04-17 18:15 | INFO | Query 56 Size of the filtered table is = 12
2024-04-17 18:15 | INFO | Query 56 Active Learning Random Query Runtime on Validation Set: 91015.81
2024-04-17 18:15 | INFO | Query 56 Active Learning Random Query Runtime on Test Set: 67471.09
2024-04-17 18:15 | INFO | Query 56 Active Learning Random Query Instance Cost: 344052.89
2024-04-17 18:15 | INFO | Timeout limit is increased to 3600
2024-04-17 18:15 | INFO | Query 57 Size of the uncertainty table is = 529/1201
2024-04-17 18:15 | INFO | Query 57 Size of the filtered table is = 12
2024-04-17 18:15 | INFO | Query 57 Active Learning Random Query Runtime on Validation Set: 91015.81
2024-04-17 18:15 | INFO | Query 57 Active Learning Random Query Runtime on Test Set: 67471.19
2024-04-17 18:15 | INFO | Query 57 Active Learning Random Query Instance Cost: 351776.96
2024-04-17 18:15 | INFO | Timeout limit is increased to 3600
2024-04-17 18:15 | INFO | Query 58 Size of the uncertainty table is = 517/1201
2024-04-17 18:15 | INFO | Query 58 Size of the filtered table is = 12
2024-04-17 18:15 | INFO | Query 58 Active Learning Random Query Runtime on Validation Set: 91015.81
2024-04-17 18:15 | INFO | Query 58 Active Learning Random Query Runtime on Test Set: 67471.2
2024-04-17 18:15 | INFO | Query 58 Active Learning Random Query Instance Cost: 367553.61
2024-04-17 18:15 | INFO | Timeout limit is increased to 3600
2024-04-17 18:15 | INFO | Query 59 Size of the uncertainty table is = 505/1201
2024-04-17 18:15 | INFO | Query 59 Size of the filtered table is = 12
2024-04-17 18:15 | INFO | Query 59 Active Learning Random Query Runtime on Validation Set: 91015.81
2024-04-17 18:15 | INFO | Query 59 Active Learning Random Query Runtime on Test Set: 67470.86
2024-04-17 18:15 | INFO | Query 59 Active Learning Random Query Instance Cost: 371365.82
2024-04-17 18:15 | INFO | Timeout limit is increased to 3600
2024-04-17 18:15 | INFO | Query 60 Size of the uncertainty table is = 493/1201
2024-04-17 18:15 | INFO | Query 60 Size of the filtered table is = 12
2024-04-17 18:15 | INFO | Query 60 Active Learning Random Query Runtime on Validation Set: 91015.81
2024-04-17 18:15 | INFO | Query 60 Active Learning Random Query Runtime on Test Set: 67388.52
2024-04-17 18:15 | INFO | Query 60 Active Learning Random Query Instance Cost: 385609.21
2024-04-17 18:15 | INFO | Timeout limit is increased to 3600
2024-04-17 18:15 | INFO | Query 61 Size of the uncertainty table is = 481/1201
2024-04-17 18:15 | INFO | Query 61 Size of the filtered table is = 12
2024-04-17 18:16 | INFO | Query 61 Active Learning Random Query Runtime on Validation Set: 91015.81
2024-04-17 18:16 | INFO | Query 61 Active Learning Random Query Runtime on Test Set: 67388.85
2024-04-17 18:16 | INFO | Query 61 Active Learning Random Query Instance Cost: 393073.08
2024-04-17 18:16 | INFO | Timeout limit is increased to 3600
2024-04-17 18:16 | INFO | Query 62 Size of the uncertainty table is = 469/1201
2024-04-17 18:16 | INFO | Query 62 Size of the filtered table is = 12
2024-04-17 18:16 | INFO | Query 62 Active Learning Random Query Runtime on Validation Set: 91015.81
2024-04-17 18:16 | INFO | Query 62 Active Learning Random Query Runtime on Test Set: 67388.88
2024-04-17 18:16 | INFO | Query 62 Active Learning Random Query Instance Cost: 393081.31
2024-04-17 18:16 | INFO | Timeout limit is increased to 3600
2024-04-17 18:16 | INFO | Query 63 Size of the uncertainty table is = 457/1201
2024-04-17 18:16 | INFO | Query 63 Size of the filtered table is = 12
2024-04-17 18:16 | INFO | Query 63 Active Learning Random Query Runtime on Validation Set: 91015.81
2024-04-17 18:16 | INFO | Query 63 Active Learning Random Query Runtime on Test Set: 67388.54
2024-04-17 18:16 | INFO | Query 63 Active Learning Random Query Instance Cost: 399423.91
2024-04-17 18:16 | INFO | Timeout limit is increased to 3600
2024-04-17 18:16 | INFO | Query 64 Size of the uncertainty table is = 445/1201
2024-04-17 18:16 | INFO | Query 64 Size of the filtered table is = 12
2024-04-17 18:16 | INFO | Query 64 Active Learning Random Query Runtime on Validation Set: 91015.81
2024-04-17 18:16 | INFO | Query 64 Active Learning Random Query Runtime on Test Set: 67388.53
2024-04-17 18:16 | INFO | Query 64 Active Learning Random Query Instance Cost: 407151.56
2024-04-17 18:16 | INFO | Timeout limit is increased to 3600
2024-04-17 18:16 | INFO | Query 65 Size of the uncertainty table is = 433/1201
2024-04-17 18:16 | INFO | Query 65 Size of the filtered table is = 12
2024-04-17 18:16 | INFO | Query 65 Active Learning Random Query Runtime on Validation Set: 91015.81
2024-04-17 18:16 | INFO | Query 65 Active Learning Random Query Runtime on Test Set: 67388.83
2024-04-17 18:16 | INFO | Query 65 Active Learning Random Query Instance Cost: 410854.79
2024-04-17 18:16 | INFO | Timeout limit is increased to 3600
2024-04-17 18:16 | INFO | Query 66 Size of the uncertainty table is = 421/1201
2024-04-17 18:16 | INFO | Query 66 Size of the filtered table is = 12
2024-04-17 18:16 | INFO | Query 66 Active Learning Random Query Runtime on Validation Set: 91015.81
2024-04-17 18:16 | INFO | Query 66 Active Learning Random Query Runtime on Test Set: 67471.15
2024-04-17 18:16 | INFO | Query 66 Active Learning Random Query Instance Cost: 413324.24
2024-04-17 18:16 | INFO | Timeout limit is increased to 3600
2024-04-17 18:16 | INFO | Query 67 Size of the uncertainty table is = 409/1201
2024-04-17 18:16 | INFO | Query 67 Size of the filtered table is = 12
2024-04-17 18:16 | INFO | Query 67 Active Learning Random Query Runtime on Validation Set: 91015.81
2024-04-17 18:16 | INFO | Query 67 Active Learning Random Query Runtime on Test Set: 67388.51
2024-04-17 18:16 | INFO | Query 67 Active Learning Random Query Instance Cost: 413336.79
2024-04-17 18:16 | INFO | Timeout limit is increased to 3600
2024-04-17 18:16 | INFO | Query 68 Size of the uncertainty table is = 397/1201
2024-04-17 18:16 | INFO | Query 68 Size of the filtered table is = 12
2024-04-17 18:16 | INFO | Query 68 Active Learning Random Query Runtime on Validation Set: 91015.81
2024-04-17 18:16 | INFO | Query 68 Active Learning Random Query Runtime on Test Set: 67388.53
2024-04-17 18:16 | INFO | Query 68 Active Learning Random Query Instance Cost: 417044.8
2024-04-17 18:16 | INFO | Timeout limit is increased to 3600
2024-04-17 18:16 | INFO | Query 69 Size of the uncertainty table is = 385/1201
2024-04-17 18:16 | INFO | Query 69 Size of the filtered table is = 12
2024-04-17 18:16 | INFO | Query 69 Active Learning Random Query Runtime on Validation Set: 91015.81
2024-04-17 18:16 | INFO | Query 69 Active Learning Random Query Runtime on Test Set: 67388.87
2024-04-17 18:16 | INFO | Query 69 Active Learning Random Query Instance Cost: 417053.96
2024-04-17 18:16 | INFO | Timeout limit is increased to 3600
2024-04-17 18:16 | INFO | Query 70 Size of the uncertainty table is = 373/1201
2024-04-17 18:16 | INFO | Query 70 Size of the filtered table is = 12
2024-04-17 18:16 | INFO | Query 70 Active Learning Random Query Runtime on Validation Set: 91015.81
2024-04-17 18:16 | INFO | Query 70 Active Learning Random Query Runtime on Test Set: 67388.82
2024-04-17 18:16 | INFO | Query 70 Active Learning Random Query Instance Cost: 424326.54
2024-04-17 18:16 | INFO | Timeout limit is increased to 3600
2024-04-17 18:16 | INFO | Query 71 Size of the uncertainty table is = 361/1201
2024-04-17 18:16 | INFO | Query 71 Size of the filtered table is = 12
2024-04-17 18:16 | INFO | Query 71 Active Learning Random Query Runtime on Validation Set: 91015.81
2024-04-17 18:16 | INFO | Query 71 Active Learning Random Query Runtime on Test Set: 67388.81
2024-04-17 18:16 | INFO | Query 71 Active Learning Random Query Instance Cost: 427985.76
2024-04-17 18:16 | INFO | Timeout limit is increased to 3600
2024-04-17 18:16 | INFO | Query 72 Size of the uncertainty table is = 349/1201
2024-04-17 18:16 | INFO | Query 72 Size of the filtered table is = 12
2024-04-17 18:16 | INFO | Query 72 Active Learning Random Query Runtime on Validation Set: 91015.81
2024-04-17 18:16 | INFO | Query 72 Active Learning Random Query Runtime on Test Set: 67388.89
2024-04-17 18:16 | INFO | Query 72 Active Learning Random Query Instance Cost: 435757.06
2024-04-17 18:16 | INFO | Timeout limit is increased to 3600
2024-04-17 18:16 | INFO | Query 73 Size of the uncertainty table is = 337/1201
2024-04-17 18:16 | INFO | Query 73 Size of the filtered table is = 12
2024-04-17 18:16 | INFO | Query 73 Active Learning Random Query Runtime on Validation Set: 91015.81
2024-04-17 18:16 | INFO | Query 73 Active Learning Random Query Runtime on Test Set: 67388.58
2024-04-17 18:16 | INFO | Query 73 Active Learning Random Query Instance Cost: 441819.55
2024-04-17 18:16 | INFO | Timeout limit is increased to 3600
2024-04-17 18:16 | INFO | Query 74 Size of the uncertainty table is = 325/1201
2024-04-17 18:16 | INFO | Query 74 Size of the filtered table is = 12
2024-04-17 18:16 | INFO | Query 74 Active Learning Random Query Runtime on Validation Set: 91015.81
2024-04-17 18:16 | INFO | Query 74 Active Learning Random Query Runtime on Test Set: 67388.79
2024-04-17 18:16 | INFO | Query 74 Active Learning Random Query Instance Cost: 441836.26
2024-04-17 18:16 | INFO | Timeout limit is increased to 3600
2024-04-17 18:16 | INFO | Query 75 Size of the uncertainty table is = 313/1201
2024-04-17 18:16 | INFO | Query 75 Size of the filtered table is = 12
2024-04-17 18:17 | INFO | Query 75 Active Learning Random Query Runtime on Validation Set: 91015.81
2024-04-17 18:17 | INFO | Query 75 Active Learning Random Query Runtime on Test Set: 67389.2
2024-04-17 18:17 | INFO | Query 75 Active Learning Random Query Instance Cost: 441886.36
2024-04-17 18:17 | INFO | Timeout limit is increased to 3600
2024-04-17 18:17 | INFO | Query 76 Size of the uncertainty table is = 301/1201
2024-04-17 18:17 | INFO | Query 76 Size of the filtered table is = 12
2024-04-17 18:17 | INFO | Query 76 Active Learning Random Query Runtime on Validation Set: 91015.81
2024-04-17 18:17 | INFO | Query 76 Active Learning Random Query Runtime on Test Set: 67389.2
2024-04-17 18:17 | INFO | Query 76 Active Learning Random Query Instance Cost: 461142.24
2024-04-17 18:17 | INFO | Timeout limit is increased to 3600
2024-04-17 18:17 | INFO | Query 77 Size of the uncertainty table is = 289/1201
2024-04-17 18:17 | INFO | Query 77 Size of the filtered table is = 12
2024-04-17 18:17 | INFO | Query 77 Active Learning Random Query Runtime on Validation Set: 91015.81
2024-04-17 18:17 | INFO | Query 77 Active Learning Random Query Runtime on Test Set: 67389.16
2024-04-17 18:17 | INFO | Query 77 Active Learning Random Query Instance Cost: 468511.72
2024-04-17 18:17 | INFO | Timeout limit is increased to 3600
2024-04-17 18:17 | INFO | Query 78 Size of the uncertainty table is = 277/1201
2024-04-17 18:17 | INFO | Query 78 Size of the filtered table is = 12
2024-04-17 18:17 | INFO | Query 78 Active Learning Random Query Runtime on Validation Set: 91015.81
2024-04-17 18:17 | INFO | Query 78 Active Learning Random Query Runtime on Test Set: 67471.5
2024-04-17 18:17 | INFO | Query 78 Active Learning Random Query Instance Cost: 473708.88
2024-04-17 18:17 | INFO | Timeout limit is increased to 3600
2024-04-17 18:17 | INFO | Query 79 Size of the uncertainty table is = 265/1201
2024-04-17 18:17 | INFO | Query 79 Size of the filtered table is = 12
2024-04-17 18:17 | INFO | Query 79 Active Learning Random Query Runtime on Validation Set: 91015.81
2024-04-17 18:17 | INFO | Query 79 Active Learning Random Query Runtime on Test Set: 67388.84
2024-04-17 18:17 | INFO | Query 79 Active Learning Random Query Instance Cost: 480955.54
2024-04-17 18:17 | INFO | Timeout limit is increased to 3600
2024-04-17 18:17 | INFO | Query 80 Size of the uncertainty table is = 253/1201
2024-04-17 18:17 | INFO | Query 80 Size of the filtered table is = 12
2024-04-17 18:17 | INFO | Query 80 Active Learning Random Query Runtime on Validation Set: 91015.81
2024-04-17 18:17 | INFO | Query 80 Active Learning Random Query Runtime on Test Set: 67470.89
2024-04-17 18:17 | INFO | Query 80 Active Learning Random Query Instance Cost: 486488.21
2024-04-17 18:17 | INFO | Timeout limit is increased to 3600
2024-04-17 18:17 | INFO | Query 81 Size of the uncertainty table is = 241/1201
2024-04-17 18:17 | INFO | Query 81 Size of the filtered table is = 12
2024-04-17 18:17 | INFO | Query 81 Active Learning Random Query Runtime on Validation Set: 91015.81
2024-04-17 18:17 | INFO | Query 81 Active Learning Random Query Runtime on Test Set: 67471.18
2024-04-17 18:17 | INFO | Query 81 Active Learning Random Query Instance Cost: 490587.25
2024-04-17 18:17 | INFO | Timeout limit is increased to 3600
2024-04-17 18:17 | INFO | Query 82 Size of the uncertainty table is = 229/1201
2024-04-17 18:17 | INFO | Query 82 Size of the filtered table is = 12
2024-04-17 18:17 | INFO | Query 82 Active Learning Random Query Runtime on Validation Set: 91015.81
2024-04-17 18:17 | INFO | Query 82 Active Learning Random Query Runtime on Test Set: 67389.19
2024-04-17 18:17 | INFO | Query 82 Active Learning Random Query Instance Cost: 498307.5
2024-04-17 18:17 | INFO | Timeout limit is increased to 3600
2024-04-17 18:17 | INFO | Query 83 Size of the uncertainty table is = 217/1201
2024-04-17 18:17 | INFO | Query 83 Size of the filtered table is = 12
2024-04-17 18:17 | INFO | Query 83 Active Learning Random Query Runtime on Validation Set: 91015.81
2024-04-17 18:17 | INFO | Query 83 Active Learning Random Query Runtime on Test Set: 67470.89
2024-04-17 18:17 | INFO | Query 83 Active Learning Random Query Instance Cost: 500139.23
2024-04-17 18:17 | INFO | Timeout limit is increased to 3600
2024-04-17 18:17 | INFO | Query 84 Size of the uncertainty table is = 205/1201
2024-04-17 18:17 | INFO | Query 84 Size of the filtered table is = 12
2024-04-17 18:17 | INFO | Query 84 Active Learning Random Query Runtime on Validation Set: 91015.81
2024-04-17 18:17 | INFO | Query 84 Active Learning Random Query Runtime on Test Set: 67388.57
2024-04-17 18:17 | INFO | Query 84 Active Learning Random Query Instance Cost: 511952.3
2024-04-17 18:17 | INFO | Timeout limit is increased to 3600
2024-04-17 18:17 | INFO | Query 85 Size of the uncertainty table is = 193/1201
2024-04-17 18:17 | INFO | Query 85 Size of the filtered table is = 12
2024-04-17 18:17 | INFO | Query 85 Active Learning Random Query Runtime on Validation Set: 91015.81
2024-04-17 18:17 | INFO | Query 85 Active Learning Random Query Runtime on Test Set: 67389.17
2024-04-17 18:17 | INFO | Query 85 Active Learning Random Query Instance Cost: 512069.07
2024-04-17 18:17 | INFO | Timeout limit is increased to 3600
2024-04-17 18:17 | INFO | Query 86 Size of the uncertainty table is = 181/1201
2024-04-17 18:17 | INFO | Query 86 Size of the filtered table is = 12
2024-04-17 18:17 | INFO | Query 86 Active Learning Random Query Runtime on Validation Set: 91015.81
2024-04-17 18:17 | INFO | Query 86 Active Learning Random Query Runtime on Test Set: 67389.17
2024-04-17 18:17 | INFO | Query 86 Active Learning Random Query Instance Cost: 519284.58
2024-04-17 18:17 | INFO | Timeout limit is increased to 3600
2024-04-17 18:17 | INFO | Query 87 Size of the uncertainty table is = 169/1201
2024-04-17 18:17 | INFO | Query 87 Size of the filtered table is = 12
2024-04-17 18:17 | INFO | Query 87 Active Learning Random Query Runtime on Validation Set: 91015.81
2024-04-17 18:17 | INFO | Query 87 Active Learning Random Query Runtime on Test Set: 67389.17
2024-04-17 18:17 | INFO | Query 87 Active Learning Random Query Instance Cost: 521209.81
2024-04-17 18:17 | INFO | Timeout limit is increased to 3600
2024-04-17 18:17 | INFO | Query 88 Size of the uncertainty table is = 157/1201
2024-04-17 18:17 | INFO | Query 88 Size of the filtered table is = 12
2024-04-17 18:18 | INFO | Query 88 Active Learning Random Query Runtime on Validation Set: 91015.81
2024-04-17 18:18 | INFO | Query 88 Active Learning Random Query Runtime on Test Set: 67388.83
2024-04-17 18:18 | INFO | Query 88 Active Learning Random Query Instance Cost: 528461.07
2024-04-17 18:18 | INFO | Timeout limit is increased to 3600
2024-04-17 18:18 | INFO | Query 89 Size of the uncertainty table is = 145/1201
2024-04-17 18:18 | INFO | Query 89 Size of the filtered table is = 12
2024-04-17 18:18 | INFO | Query 89 Active Learning Random Query Runtime on Validation Set: 91015.81
2024-04-17 18:18 | INFO | Query 89 Active Learning Random Query Runtime on Test Set: 67388.55
2024-04-17 18:18 | INFO | Query 89 Active Learning Random Query Instance Cost: 528467.93
2024-04-17 18:18 | INFO | Timeout limit is increased to 3600
2024-04-17 18:18 | INFO | Query 90 Size of the uncertainty table is = 133/1201
2024-04-17 18:18 | INFO | Query 90 Size of the filtered table is = 12
2024-04-17 18:18 | INFO | Query 90 Active Learning Random Query Runtime on Validation Set: 91015.81
2024-04-17 18:18 | INFO | Query 90 Active Learning Random Query Runtime on Test Set: 67388.55
2024-04-17 18:18 | INFO | Query 90 Active Learning Random Query Instance Cost: 536005.18
2024-04-17 18:18 | INFO | Timeout limit is increased to 3600
2024-04-17 18:18 | INFO | Query 91 Size of the uncertainty table is = 121/1201
2024-04-17 18:18 | INFO | Query 91 Size of the filtered table is = 12
2024-04-17 18:18 | INFO | Query 91 Active Learning Random Query Runtime on Validation Set: 91015.81
2024-04-17 18:18 | INFO | Query 91 Active Learning Random Query Runtime on Test Set: 67388.55
2024-04-17 18:18 | INFO | Query 91 Active Learning Random Query Instance Cost: 544259.58
2024-04-17 18:18 | INFO | Timeout limit is increased to 3600
2024-04-17 18:18 | INFO | Query 92 Size of the uncertainty table is = 109/1201
2024-04-17 18:18 | INFO | Query 92 Size of the filtered table is = 12
2024-04-17 18:18 | INFO | Query 92 Active Learning Random Query Runtime on Validation Set: 91015.81
2024-04-17 18:18 | INFO | Query 92 Active Learning Random Query Runtime on Test Set: 32832.79
2024-04-17 18:18 | INFO | Query 92 Active Learning Random Query Instance Cost: 564353.79
2024-04-17 18:18 | INFO | Timeout limit is increased to 3600
2024-04-17 18:18 | INFO | Query 93 Size of the uncertainty table is = 97/1201
2024-04-17 18:18 | INFO | Query 93 Size of the filtered table is = 12
2024-04-17 18:18 | INFO | Query 93 Active Learning Random Query Runtime on Validation Set: 91015.81
2024-04-17 18:18 | INFO | Query 93 Active Learning Random Query Runtime on Test Set: 32833.11
2024-04-17 18:18 | INFO | Query 93 Active Learning Random Query Instance Cost: 580342.89
2024-04-17 18:18 | INFO | Timeout limit is increased to 3600
2024-04-17 18:18 | INFO | Query 94 Size of the uncertainty table is = 85/1201
2024-04-17 18:18 | INFO | Query 94 Size of the filtered table is = 12
2024-04-17 18:18 | INFO | Query 94 Active Learning Random Query Runtime on Validation Set: 91015.81
2024-04-17 18:18 | INFO | Query 94 Active Learning Random Query Runtime on Test Set: 32833.11
2024-04-17 18:18 | INFO | Query 94 Active Learning Random Query Instance Cost: 585701.34
2024-04-17 18:18 | INFO | Timeout limit is increased to 3600
2024-04-17 18:18 | INFO | Query 95 Size of the uncertainty table is = 73/1201
2024-04-17 18:18 | INFO | Query 95 Size of the filtered table is = 12
2024-04-17 18:18 | INFO | Query 95 Active Learning Random Query Runtime on Validation Set: 91015.81
2024-04-17 18:18 | INFO | Query 95 Active Learning Random Query Runtime on Test Set: 32833.11
2024-04-17 18:18 | INFO | Query 95 Active Learning Random Query Instance Cost: 593847.03
2024-04-17 18:18 | INFO | Timeout limit is increased to 3600
2024-04-17 18:18 | INFO | Query 96 Size of the uncertainty table is = 61/1201
2024-04-17 18:18 | INFO | Query 96 Size of the filtered table is = 12
2024-04-17 18:18 | INFO | Query 96 Active Learning Random Query Runtime on Validation Set: 91015.81
2024-04-17 18:18 | INFO | Query 96 Active Learning Random Query Runtime on Test Set: 32832.74
2024-04-17 18:18 | INFO | Query 96 Active Learning Random Query Instance Cost: 598067.81
2024-04-17 18:18 | INFO | Timeout limit is increased to 3600
2024-04-17 18:18 | INFO | Query 97 Size of the uncertainty table is = 49/1201
2024-04-17 18:18 | INFO | Query 97 Size of the filtered table is = 12
2024-04-17 18:18 | INFO | Query 97 Active Learning Random Query Runtime on Validation Set: 91015.81
2024-04-17 18:18 | INFO | Query 97 Active Learning Random Query Runtime on Test Set: 32832.74
2024-04-17 18:18 | INFO | Query 97 Active Learning Random Query Instance Cost: 605503.48
2024-04-17 18:18 | INFO | Timeout limit is increased to 3600
2024-04-17 18:18 | INFO | Query 98 Size of the uncertainty table is = 37/1201
2024-04-17 18:18 | INFO | Query 98 Size of the filtered table is = 12
2024-04-17 18:18 | INFO | Query 98 Active Learning Random Query Runtime on Validation Set: 91015.81
2024-04-17 18:18 | INFO | Query 98 Active Learning Random Query Runtime on Test Set: 32833.37
2024-04-17 18:18 | INFO | Query 98 Active Learning Random Query Instance Cost: 617309.02
2024-04-17 18:18 | INFO | Timeout limit is increased to 3600
2024-04-17 18:18 | INFO | Query 99 Size of the uncertainty table is = 25/1201
2024-04-17 18:18 | INFO | Query 99 Size of the filtered table is = 12
2024-04-17 18:18 | INFO | Query 99 Active Learning Random Query Runtime on Validation Set: 91015.81
2024-04-17 18:18 | INFO | Query 99 Active Learning Random Query Runtime on Test Set: 32833.08
2024-04-17 18:18 | INFO | Query 99 Active Learning Random Query Instance Cost: 629185.26
2024-04-17 18:18 | INFO | Timeout limit is increased to 3600
2024-04-17 18:18 | INFO | Query 100 Size of the uncertainty table is = 13/1201
2024-04-17 18:18 | INFO | Query 100 Size of the filtered table is = 12
2024-04-17 18:18 | INFO | Query 100 Active Learning Random Query Runtime on Validation Set: 91015.81
2024-04-17 18:18 | INFO | Query 100 Active Learning Random Query Runtime on Test Set: 32832.76
2024-04-17 18:18 | INFO | Query 100 Active Learning Random Query Instance Cost: 631011.09
2024-04-17 18:18 | INFO | Timeout limit is increased to 3600
2024-04-17 18:18 | INFO | Query 101 Size of the uncertainty table is = 1/1201
2024-04-17 18:18 | INFO | Query 101 Size of the filtered table is = 1
2024-04-17 18:19 | INFO | Query 101 Active Learning Random Query Runtime on Validation Set: 91015.81
2024-04-17 18:19 | INFO | Query 101 Active Learning Random Query Runtime on Test Set: 32833.0
2024-04-17 18:19 | INFO | Query 101 Active Learning Random Query Instance Cost: 631011.93
2024-04-17 18:19 | INFO | Timeout limit is increased to 3600
2024-04-17 18:19 | INFO | runtime_train_score is written as json file
2024-04-17 18:19 | INFO | runtime_test_score is written as json file
2024-04-17 18:19 | INFO | runtime_validation_score is written as json file
2024-04-17 18:19 | INFO | instance_cost is written as json file
2024-04-17 18:19 | INFO | Experiment is finished
