2024-04-17 11:11 | INFO | Paramaters are: {'dataset': 'ASP-POTASSCO', 'penalty': 10, 'weight': 'No_Weight', 'voting': 'Hard', 'pre_selection_size': 64, 'pre_selection_technique': 'No_pre_selection', 'feature_elimination_threshold': 20, 'imputer_strategy': 'median', 'feature_selection_technique': 'No_feature_selection', 'feature_scaling_technique': 'StandardScaler', 'initial_train_size': 20, 'query_size': 1, 'timeout_predictor_usage': 'No', 'timeout_limit': 100, 'timeout_increase_rate': 100, 'RANDOM_STATE_SEED': 42, 'n_splits': 10, 'split_number': 0, 'max_timeout': 3600, 'param_grid': {'n_estimators': 100, 'criterion': 'gini', 'max_features': 'sqrt', 'max_depth': 2147483648, 'min_samples_split': 2, 'bootstrap': True}}
2024-04-17 11:11 | INFO | ASP-POTASSCO is current dataset
2024-04-17 11:11 | INFO | DATASETS/ASP-POTASSCO/algorithm_runs.arff is found
2024-04-17 11:11 | INFO | DATASETS/ASP-POTASSCO/algorithm_runs.arff is finished
2024-04-17 11:11 | INFO | DATASETS/ASP-POTASSCO/feature_values.arff is found
2024-04-17 11:11 | INFO | DATASETS/ASP-POTASSCO/feature_values.arff is finished
2024-04-17 11:11 | INFO | DATASETS/ASP-POTASSCO/feature_costs.arff is found
2024-04-17 11:11 | INFO | DATASETS/ASP-POTASSCO/feature_costs.arff is finished
2024-04-17 11:11 | INFO | Virtual best solver time in train = 21654.29
2024-04-17 11:11 | INFO | Single best solver list train = {'clasp/2.1.3/h1-n1': 2934757.29, 'clasp/2.1.3/h10-n1': 4921519.14, 'clasp/2.1.3/h11-n1': 6972239.5, 'clasp/2.1.3/h2-n1': 5456874.32, 'clasp/2.1.3/h3-n1': 5986200.05, 'clasp/2.1.3/h4-n1': 3633633.33, 'clasp/2.1.3/h5-n1': 4810950.32, 'clasp/2.1.3/h6-n1': 3989880.89, 'clasp/2.1.3/h7-n1': 6571990.89, 'clasp/2.1.3/h8-n1': 2960694.39, 'clasp/2.1.3/h9-n1': 4636798.91}
2024-04-17 11:11 | INFO | Single best solver time train = clasp/2.1.3/h1-n1 (2934757.29)
2024-04-17 11:11 | INFO | Virtual best solver time in validation = 2939.35
2024-04-17 11:11 | INFO | Single best solver list validation = {'clasp/2.1.3/h1-n1': 269252.07, 'clasp/2.1.3/h10-n1': 688464.22, 'clasp/2.1.3/h11-n1': 2462224.39, 'clasp/2.1.3/h2-n1': 618296.18, 'clasp/2.1.3/h3-n1': 2282642.24, 'clasp/2.1.3/h4-n1': 807131.75, 'clasp/2.1.3/h5-n1': 295582.06, 'clasp/2.1.3/h6-n1': 617630.96, 'clasp/2.1.3/h7-n1': 734268.29, 'clasp/2.1.3/h8-n1': 977146.71, 'clasp/2.1.3/h9-n1': 1744131.27}
2024-04-17 11:11 | INFO | Single best solver time validation = clasp/2.1.3/h1-n1 (269252.07)
2024-04-17 11:11 | INFO | Virtual best solver time in test = 2684.66
2024-04-17 11:11 | INFO | Single best solver list test = {'clasp/2.1.3/h1-n1': 472921.94, 'clasp/2.1.3/h10-n1': 722534.63, 'clasp/2.1.3/h11-n1': 833871.5, 'clasp/2.1.3/h2-n1': 365934.1, 'clasp/2.1.3/h3-n1': 585159.73, 'clasp/2.1.3/h4-n1': 544084.8, 'clasp/2.1.3/h5-n1': 542822.34, 'clasp/2.1.3/h6-n1': 544168.63, 'clasp/2.1.3/h7-n1': 760621.7, 'clasp/2.1.3/h8-n1': 257269.01, 'clasp/2.1.3/h9-n1': 653198.46}
2024-04-17 11:11 | INFO | Single best solver time test = clasp/2.1.3/h8-n1 (257269.01)
2024-04-17 11:14 | INFO | Passive Learning Runtime on Validation Set: 474263.89
2024-04-17 11:14 | INFO | Passive Learning Runtime on Test Set: 184516.9
2024-04-17 11:14 | INFO | Passive Learning Instance Cost: 5571539.03
2024-04-17 11:17 | INFO | Initial Active Learning Runtime on Validation Set: 437839.95
2024-04-17 11:17 | INFO | Initial Active Learning Runtime on Test Set: 400213.36
2024-04-17 11:17 | INFO | Initial Active Learning Instance Cost: 9311.35
2024-04-17 11:17 | INFO | Bin size = 393
2024-04-17 11:17 | INFO | Query 1 Size of the uncertainty table is = 39522/39270
2024-04-17 11:17 | INFO | Query 1 Size of the filtered table is = 393
2024-04-17 11:19 | INFO | Query 1 Active Learning Runtime on Validation Set: 581379.96
2024-04-17 11:19 | INFO | Query 1 Active Learning Runtime on Test Set: 472174.8
2024-04-17 11:19 | INFO | Query 1 Active Learning Instance Cost: 35230.21
2024-04-17 11:19 | INFO | Timeout limit is increased to 200
2024-04-17 11:19 | INFO | Query 2 Size of the uncertainty table is = 38974/39270
2024-04-17 11:19 | INFO | Query 2 Size of the filtered table is = 393
2024-04-17 11:22 | INFO | Query 2 Active Learning Runtime on Validation Set: 403734.02
2024-04-17 11:22 | INFO | Query 2 Active Learning Runtime on Test Set: 435943.73
2024-04-17 11:22 | INFO | Query 2 Active Learning Instance Cost: 85506.14
2024-04-17 11:22 | INFO | Query 3 Size of the uncertainty table is = 38086/39270
2024-04-17 11:22 | INFO | Query 3 Size of the filtered table is = 393
2024-04-17 11:25 | INFO | Query 3 Active Learning Runtime on Validation Set: 439555.79
2024-04-17 11:25 | INFO | Query 3 Active Learning Runtime on Test Set: 221843.82
2024-04-17 11:25 | INFO | Query 3 Active Learning Instance Cost: 117612.0
2024-04-17 11:25 | INFO | Timeout limit is increased to 300
2024-04-17 11:25 | INFO | Query 4 Size of the uncertainty table is = 36738/39270
2024-04-17 11:25 | INFO | Query 4 Size of the filtered table is = 393
2024-04-17 11:28 | INFO | Query 4 Active Learning Runtime on Validation Set: 439733.38
2024-04-17 11:28 | INFO | Query 4 Active Learning Runtime on Test Set: 292296.44
2024-04-17 11:28 | INFO | Query 4 Active Learning Instance Cost: 167299.89
2024-04-17 11:28 | INFO | Timeout limit is increased to 400
2024-04-17 11:28 | INFO | Query 5 Size of the uncertainty table is = 35147/39270
2024-04-17 11:28 | INFO | Query 5 Size of the filtered table is = 393
2024-04-17 11:31 | INFO | Query 5 Active Learning Runtime on Validation Set: 439098.85000000003
2024-04-17 11:31 | INFO | Query 5 Active Learning Runtime on Test Set: 220265.02000000002
2024-04-17 11:31 | INFO | Query 5 Active Learning Instance Cost: 219539.58
2024-04-17 11:31 | INFO | Query 6 Size of the uncertainty table is = 33300/39270
2024-04-17 11:31 | INFO | Query 6 Size of the filtered table is = 393
2024-04-17 11:33 | INFO | Query 6 Active Learning Runtime on Validation Set: 402636.08
2024-04-17 11:33 | INFO | Query 6 Active Learning Runtime on Test Set: 220104.9
2024-04-17 11:33 | INFO | Query 6 Active Learning Instance Cost: 268895.3
2024-04-17 11:34 | INFO | Query 7 Size of the uncertainty table is = 31417/39270
2024-04-17 11:34 | INFO | Query 7 Size of the filtered table is = 393
2024-04-17 11:36 | INFO | Query 7 Active Learning Runtime on Validation Set: 366033.49
2024-04-17 11:36 | INFO | Query 7 Active Learning Runtime on Test Set: 184585.18
2024-04-17 11:36 | INFO | Query 7 Active Learning Instance Cost: 316591.61
2024-04-17 11:36 | INFO | Query 8 Size of the uncertainty table is = 29460/39270
2024-04-17 11:36 | INFO | Query 8 Size of the filtered table is = 393
2024-04-17 11:39 | INFO | Query 8 Active Learning Runtime on Validation Set: 367020.48
2024-04-17 11:39 | INFO | Query 8 Active Learning Runtime on Test Set: 221349.66
2024-04-17 11:39 | INFO | Query 8 Active Learning Instance Cost: 366997.67
2024-04-17 11:39 | INFO | Timeout limit is increased to 500
2024-04-17 11:39 | INFO | Query 9 Size of the uncertainty table is = 27586/39270
2024-04-17 11:39 | INFO | Query 9 Size of the filtered table is = 393
2024-04-17 11:42 | INFO | Query 9 Active Learning Runtime on Validation Set: 440291.32
2024-04-17 11:42 | INFO | Query 9 Active Learning Runtime on Test Set: 184753.77000000002
2024-04-17 11:42 | INFO | Query 9 Active Learning Instance Cost: 434472.29
2024-04-17 11:42 | INFO | Timeout limit is increased to 600
2024-04-17 11:42 | INFO | Query 10 Size of the uncertainty table is = 25508/39270
2024-04-17 11:42 | INFO | Query 10 Size of the filtered table is = 393
2024-04-17 11:45 | INFO | Query 10 Active Learning Runtime on Validation Set: 546804.49
2024-04-17 11:45 | INFO | Query 10 Active Learning Runtime on Test Set: 256410.76
2024-04-17 11:45 | INFO | Query 10 Active Learning Instance Cost: 527834.24
2024-04-17 11:45 | INFO | Timeout limit is increased to 700
2024-04-17 11:45 | INFO | Query 11 Size of the uncertainty table is = 23606/39270
2024-04-17 11:45 | INFO | Query 11 Size of the filtered table is = 393
2024-04-17 11:48 | INFO | Query 11 Active Learning Runtime on Validation Set: 546342.4299999999
2024-04-17 11:48 | INFO | Query 11 Active Learning Runtime on Test Set: 184911.24000000002
2024-04-17 11:48 | INFO | Query 11 Active Learning Instance Cost: 632192.73
2024-04-17 11:48 | INFO | Query 12 Size of the uncertainty table is = 21884/39270
2024-04-17 11:48 | INFO | Query 12 Size of the filtered table is = 393
2024-04-17 11:51 | INFO | Query 12 Active Learning Runtime on Validation Set: 437915.94
2024-04-17 11:51 | INFO | Query 12 Active Learning Runtime on Test Set: 220322.02000000002
2024-04-17 11:51 | INFO | Query 12 Active Learning Instance Cost: 709998.54
2024-04-17 11:51 | INFO | Query 13 Size of the uncertainty table is = 20333/39270
2024-04-17 11:51 | INFO | Query 13 Size of the filtered table is = 393
2024-04-17 11:54 | INFO | Query 13 Active Learning Runtime on Validation Set: 509764.52
2024-04-17 11:54 | INFO | Query 13 Active Learning Runtime on Test Set: 184071.48
2024-04-17 11:54 | INFO | Query 13 Active Learning Instance Cost: 793653.93
2024-04-17 11:54 | INFO | Timeout limit is increased to 800
2024-04-17 11:54 | INFO | Query 14 Size of the uncertainty table is = 19107/39270
2024-04-17 11:54 | INFO | Query 14 Size of the filtered table is = 393
2024-04-17 11:57 | INFO | Query 14 Active Learning Runtime on Validation Set: 437299.33
2024-04-17 11:57 | INFO | Query 14 Active Learning Runtime on Test Set: 185010.06
2024-04-17 11:57 | INFO | Query 14 Active Learning Instance Cost: 893461.04
2024-04-17 11:57 | INFO | Query 15 Size of the uncertainty table is = 17722/39270
2024-04-17 11:57 | INFO | Query 15 Size of the filtered table is = 393
2024-04-17 12:00 | INFO | Query 15 Active Learning Runtime on Validation Set: 473779.43
2024-04-17 12:00 | INFO | Query 15 Active Learning Runtime on Test Set: 220627.63
2024-04-17 12:00 | INFO | Query 15 Active Learning Instance Cost: 948262.72
2024-04-17 12:00 | INFO | Timeout limit is increased to 900
2024-04-17 12:00 | INFO | Query 16 Size of the uncertainty table is = 16797/39270
2024-04-17 12:00 | INFO | Query 16 Size of the filtered table is = 393
2024-04-17 12:03 | INFO | Query 16 Active Learning Runtime on Validation Set: 509506.04
2024-04-17 12:03 | INFO | Query 16 Active Learning Runtime on Test Set: 149734.57
2024-04-17 12:03 | INFO | Query 16 Active Learning Instance Cost: 1072749.4
2024-04-17 12:03 | INFO | Timeout limit is increased to 1000
2024-04-17 12:03 | INFO | Query 17 Size of the uncertainty table is = 16129/39270
2024-04-17 12:03 | INFO | Query 17 Size of the filtered table is = 393
2024-04-17 12:06 | INFO | Query 17 Active Learning Runtime on Validation Set: 509313.27
2024-04-17 12:06 | INFO | Query 17 Active Learning Runtime on Test Set: 184804.07
2024-04-17 12:06 | INFO | Query 17 Active Learning Instance Cost: 1186695.46
2024-04-17 12:06 | INFO | Query 18 Size of the uncertainty table is = 15459/39270
2024-04-17 12:06 | INFO | Query 18 Size of the filtered table is = 393
2024-04-17 12:09 | INFO | Query 18 Active Learning Runtime on Validation Set: 472659.27
2024-04-17 12:09 | INFO | Query 18 Active Learning Runtime on Test Set: 149768.6
2024-04-17 12:09 | INFO | Query 18 Active Learning Instance Cost: 1239901.78
2024-04-17 12:09 | INFO | Query 19 Size of the uncertainty table is = 14943/39270
2024-04-17 12:09 | INFO | Query 19 Size of the filtered table is = 393
2024-04-17 12:12 | INFO | Query 19 Active Learning Runtime on Validation Set: 545800.94
2024-04-17 12:12 | INFO | Query 19 Active Learning Runtime on Test Set: 184835.75
2024-04-17 12:12 | INFO | Query 19 Active Learning Instance Cost: 1277294.62
2024-04-17 12:12 | INFO | Timeout limit is increased to 1100
2024-04-17 12:12 | INFO | Query 20 Size of the uncertainty table is = 14332/39270
2024-04-17 12:12 | INFO | Query 20 Size of the filtered table is = 393
2024-04-17 12:15 | INFO | Query 20 Active Learning Runtime on Validation Set: 402119.65
2024-04-17 12:15 | INFO | Query 20 Active Learning Runtime on Test Set: 113104.42000000001
2024-04-17 12:15 | INFO | Query 20 Active Learning Instance Cost: 1365298.89
2024-04-17 12:15 | INFO | Query 21 Size of the uncertainty table is = 13801/39270
2024-04-17 12:15 | INFO | Query 21 Size of the filtered table is = 393
2024-04-17 12:18 | INFO | Query 21 Active Learning Runtime on Validation Set: 473209.43
2024-04-17 12:18 | INFO | Query 21 Active Learning Runtime on Test Set: 184639.7
2024-04-17 12:18 | INFO | Query 21 Active Learning Instance Cost: 1415944.54
2024-04-17 12:18 | INFO | Timeout limit is increased to 1200
2024-04-17 12:18 | INFO | Query 22 Size of the uncertainty table is = 13335/39270
2024-04-17 12:18 | INFO | Query 22 Size of the filtered table is = 393
2024-04-17 12:21 | INFO | Query 22 Active Learning Runtime on Validation Set: 438114.27
2024-04-17 12:21 | INFO | Query 22 Active Learning Runtime on Test Set: 148834.24000000002
2024-04-17 12:21 | INFO | Query 22 Active Learning Instance Cost: 1482042.76
2024-04-17 12:21 | INFO | Query 23 Size of the uncertainty table is = 12906/39270
2024-04-17 12:21 | INFO | Query 23 Size of the filtered table is = 393
2024-04-17 12:24 | INFO | Query 23 Active Learning Runtime on Validation Set: 437412.59
2024-04-17 12:24 | INFO | Query 23 Active Learning Runtime on Test Set: 220568.84
2024-04-17 12:24 | INFO | Query 23 Active Learning Instance Cost: 1516097.23
2024-04-17 12:24 | INFO | Query 24 Size of the uncertainty table is = 12401/39270
2024-04-17 12:24 | INFO | Query 24 Size of the filtered table is = 393
2024-04-17 12:27 | INFO | Query 24 Active Learning Runtime on Validation Set: 437631.14
2024-04-17 12:27 | INFO | Query 24 Active Learning Runtime on Test Set: 220565.05000000002
2024-04-17 12:27 | INFO | Query 24 Active Learning Instance Cost: 1547765.43
2024-04-17 12:27 | INFO | Timeout limit is increased to 1300
2024-04-17 12:27 | INFO | Query 25 Size of the uncertainty table is = 12065/39270
2024-04-17 12:27 | INFO | Query 25 Size of the filtered table is = 393
2024-04-17 12:30 | INFO | Query 25 Active Learning Runtime on Validation Set: 473830.42
2024-04-17 12:30 | INFO | Query 25 Active Learning Runtime on Test Set: 220920.87
2024-04-17 12:30 | INFO | Query 25 Active Learning Instance Cost: 1619885.03
2024-04-17 12:30 | INFO | Timeout limit is increased to 1400
2024-04-17 12:30 | INFO | Query 26 Size of the uncertainty table is = 11897/39270
2024-04-17 12:30 | INFO | Query 26 Size of the filtered table is = 393
2024-04-17 12:33 | INFO | Query 26 Active Learning Runtime on Validation Set: 401227.44
2024-04-17 12:33 | INFO | Query 26 Active Learning Runtime on Test Set: 184576.85
2024-04-17 12:33 | INFO | Query 26 Active Learning Instance Cost: 1694691.22
2024-04-17 12:33 | INFO | Query 27 Size of the uncertainty table is = 11790/39270
2024-04-17 12:33 | INFO | Query 27 Size of the filtered table is = 393
2024-04-17 12:36 | INFO | Query 27 Active Learning Runtime on Validation Set: 545805.7999999999
2024-04-17 12:36 | INFO | Query 27 Active Learning Runtime on Test Set: 184517.25
2024-04-17 12:36 | INFO | Query 27 Active Learning Instance Cost: 1726911.33
2024-04-17 12:36 | INFO | Timeout limit is increased to 1500
2024-04-17 12:36 | INFO | Query 28 Size of the uncertainty table is = 11723/39270
2024-04-17 12:36 | INFO | Query 28 Size of the filtered table is = 393
2024-04-17 12:39 | INFO | Query 28 Active Learning Runtime on Validation Set: 509792.38
2024-04-17 12:39 | INFO | Query 28 Active Learning Runtime on Test Set: 148989.75
2024-04-17 12:39 | INFO | Query 28 Active Learning Instance Cost: 1790816.58
2024-04-17 12:39 | INFO | Query 29 Size of the uncertainty table is = 11660/39270
2024-04-17 12:39 | INFO | Query 29 Size of the filtered table is = 393
2024-04-17 12:42 | INFO | Query 29 Active Learning Runtime on Validation Set: 473666.19
2024-04-17 12:42 | INFO | Query 29 Active Learning Runtime on Test Set: 184578.53
2024-04-17 12:42 | INFO | Query 29 Active Learning Instance Cost: 1812524.25
2024-04-17 12:42 | INFO | Query 30 Size of the uncertainty table is = 11610/39270
2024-04-17 12:42 | INFO | Query 30 Size of the filtered table is = 393
2024-04-17 12:45 | INFO | Query 30 Active Learning Runtime on Validation Set: 437931.15
2024-04-17 12:45 | INFO | Query 30 Active Learning Runtime on Test Set: 256185.6
2024-04-17 12:45 | INFO | Query 30 Active Learning Instance Cost: 1819825.69
2024-04-17 12:45 | INFO | Query 31 Size of the uncertainty table is = 11589/39270
2024-04-17 12:45 | INFO | Query 31 Size of the filtered table is = 393
2024-04-17 12:48 | INFO | Query 31 Active Learning Runtime on Validation Set: 437885.7
2024-04-17 12:48 | INFO | Query 31 Active Learning Runtime on Test Set: 220312.76
2024-04-17 12:48 | INFO | Query 31 Active Learning Instance Cost: 1824726.64
2024-04-17 12:48 | INFO | Query 32 Size of the uncertainty table is = 11580/39270
2024-04-17 12:48 | INFO | Query 32 Size of the filtered table is = 393
2024-04-17 12:51 | INFO | Query 32 Active Learning Runtime on Validation Set: 437964.4
2024-04-17 12:51 | INFO | Query 32 Active Learning Runtime on Test Set: 220312.79
2024-04-17 12:51 | INFO | Query 32 Active Learning Instance Cost: 1827368.99
2024-04-17 12:51 | INFO | Timeout limit is increased to 1600
2024-04-17 12:51 | INFO | Query 33 Size of the uncertainty table is = 11569/39270
2024-04-17 12:51 | INFO | Query 33 Size of the filtered table is = 393
2024-04-17 12:54 | INFO | Query 33 Active Learning Runtime on Validation Set: 437964.4
2024-04-17 12:54 | INFO | Query 33 Active Learning Runtime on Test Set: 220312.79
2024-04-17 12:54 | INFO | Query 33 Active Learning Instance Cost: 1890168.99
2024-04-17 12:54 | INFO | Timeout limit is increased to 1700
2024-04-17 12:54 | INFO | Query 34 Size of the uncertainty table is = 11569/39270
2024-04-17 12:54 | INFO | Query 34 Size of the filtered table is = 393
2024-04-17 12:57 | INFO | Query 34 Active Learning Runtime on Validation Set: 437964.4
2024-04-17 12:57 | INFO | Query 34 Active Learning Runtime on Test Set: 220312.79
2024-04-17 12:57 | INFO | Query 34 Active Learning Instance Cost: 1948768.99
2024-04-17 12:57 | INFO | Timeout limit is increased to 1800
2024-04-17 12:57 | INFO | Query 35 Size of the uncertainty table is = 11569/39270
2024-04-17 12:57 | INFO | Query 35 Size of the filtered table is = 393
2024-04-17 13:00 | INFO | Query 35 Active Learning Runtime on Validation Set: 437964.4
2024-04-17 13:00 | INFO | Query 35 Active Learning Runtime on Test Set: 220312.79
2024-04-17 13:00 | INFO | Query 35 Active Learning Instance Cost: 2007368.99
2024-04-17 13:00 | INFO | Timeout limit is increased to 1900
2024-04-17 13:00 | INFO | Query 36 Size of the uncertainty table is = 11569/39270
2024-04-17 13:00 | INFO | Query 36 Size of the filtered table is = 393
2024-04-17 13:03 | INFO | Query 36 Active Learning Runtime on Validation Set: 437964.4
2024-04-17 13:03 | INFO | Query 36 Active Learning Runtime on Test Set: 220312.79
2024-04-17 13:03 | INFO | Query 36 Active Learning Instance Cost: 2065968.99
2024-04-17 13:03 | INFO | Timeout limit is increased to 2000
2024-04-17 13:03 | INFO | Query 37 Size of the uncertainty table is = 11569/39270
2024-04-17 13:03 | INFO | Query 37 Size of the filtered table is = 393
2024-04-17 13:06 | INFO | Query 37 Active Learning Runtime on Validation Set: 437964.4
2024-04-17 13:06 | INFO | Query 37 Active Learning Runtime on Test Set: 220312.79
2024-04-17 13:06 | INFO | Query 37 Active Learning Instance Cost: 2124568.99
2024-04-17 13:06 | INFO | Timeout limit is increased to 2100
2024-04-17 13:06 | INFO | Query 38 Size of the uncertainty table is = 11569/39270
2024-04-17 13:06 | INFO | Query 38 Size of the filtered table is = 393
2024-04-17 13:09 | INFO | Query 38 Active Learning Runtime on Validation Set: 437964.4
2024-04-17 13:09 | INFO | Query 38 Active Learning Runtime on Test Set: 220312.79
2024-04-17 13:09 | INFO | Query 38 Active Learning Instance Cost: 2183168.99
2024-04-17 13:09 | INFO | Timeout limit is increased to 2200
2024-04-17 13:09 | INFO | Query 39 Size of the uncertainty table is = 11569/39270
2024-04-17 13:09 | INFO | Query 39 Size of the filtered table is = 393
2024-04-17 13:12 | INFO | Query 39 Active Learning Runtime on Validation Set: 437964.4
2024-04-17 13:12 | INFO | Query 39 Active Learning Runtime on Test Set: 220312.79
2024-04-17 13:12 | INFO | Query 39 Active Learning Instance Cost: 2241768.99
2024-04-17 13:12 | INFO | Timeout limit is increased to 2300
2024-04-17 13:12 | INFO | Query 40 Size of the uncertainty table is = 11569/39270
2024-04-17 13:12 | INFO | Query 40 Size of the filtered table is = 393
2024-04-17 13:15 | INFO | Query 40 Active Learning Runtime on Validation Set: 437964.4
2024-04-17 13:15 | INFO | Query 40 Active Learning Runtime on Test Set: 220312.79
2024-04-17 13:15 | INFO | Query 40 Active Learning Instance Cost: 2300368.99
2024-04-17 13:15 | INFO | Timeout limit is increased to 2400
2024-04-17 13:15 | INFO | Query 41 Size of the uncertainty table is = 11569/39270
2024-04-17 13:15 | INFO | Query 41 Size of the filtered table is = 393
2024-04-17 13:18 | INFO | Query 41 Active Learning Runtime on Validation Set: 437964.4
2024-04-17 13:18 | INFO | Query 41 Active Learning Runtime on Test Set: 220312.79
2024-04-17 13:18 | INFO | Query 41 Active Learning Instance Cost: 2358968.99
2024-04-17 13:18 | INFO | Timeout limit is increased to 2500
2024-04-17 13:18 | INFO | Query 42 Size of the uncertainty table is = 11569/39270
2024-04-17 13:18 | INFO | Query 42 Size of the filtered table is = 393
2024-04-17 13:21 | INFO | Query 42 Active Learning Runtime on Validation Set: 437964.4
2024-04-17 13:21 | INFO | Query 42 Active Learning Runtime on Test Set: 220312.79
2024-04-17 13:21 | INFO | Query 42 Active Learning Instance Cost: 2417568.99
2024-04-17 13:21 | INFO | Timeout limit is increased to 2600
2024-04-17 13:21 | INFO | Query 43 Size of the uncertainty table is = 11569/39270
2024-04-17 13:21 | INFO | Query 43 Size of the filtered table is = 393
2024-04-17 13:24 | INFO | Query 43 Active Learning Runtime on Validation Set: 437964.4
2024-04-17 13:24 | INFO | Query 43 Active Learning Runtime on Test Set: 220312.79
2024-04-17 13:24 | INFO | Query 43 Active Learning Instance Cost: 2476168.99
2024-04-17 13:24 | INFO | Timeout limit is increased to 2700
2024-04-17 13:24 | INFO | Query 44 Size of the uncertainty table is = 11569/39270
2024-04-17 13:24 | INFO | Query 44 Size of the filtered table is = 393
2024-04-17 13:27 | INFO | Query 44 Active Learning Runtime on Validation Set: 437964.4
2024-04-17 13:27 | INFO | Query 44 Active Learning Runtime on Test Set: 220312.79
2024-04-17 13:27 | INFO | Query 44 Active Learning Instance Cost: 2534768.99
2024-04-17 13:27 | INFO | Timeout limit is increased to 2800
2024-04-17 13:27 | INFO | Query 45 Size of the uncertainty table is = 11569/39270
2024-04-17 13:27 | INFO | Query 45 Size of the filtered table is = 393
2024-04-17 13:30 | INFO | Query 45 Active Learning Runtime on Validation Set: 437964.4
2024-04-17 13:30 | INFO | Query 45 Active Learning Runtime on Test Set: 220312.79
2024-04-17 13:30 | INFO | Query 45 Active Learning Instance Cost: 2593368.99
2024-04-17 13:30 | INFO | Timeout limit is increased to 2900
2024-04-17 13:30 | INFO | Query 46 Size of the uncertainty table is = 11569/39270
2024-04-17 13:30 | INFO | Query 46 Size of the filtered table is = 393
2024-04-17 13:33 | INFO | Query 46 Active Learning Runtime on Validation Set: 437964.4
2024-04-17 13:33 | INFO | Query 46 Active Learning Runtime on Test Set: 220312.79
2024-04-17 13:33 | INFO | Query 46 Active Learning Instance Cost: 2651968.99
2024-04-17 13:33 | INFO | Timeout limit is increased to 3000
2024-04-17 13:33 | INFO | Query 47 Size of the uncertainty table is = 11569/39270
2024-04-17 13:33 | INFO | Query 47 Size of the filtered table is = 393
2024-04-17 13:36 | INFO | Query 47 Active Learning Runtime on Validation Set: 437964.4
2024-04-17 13:36 | INFO | Query 47 Active Learning Runtime on Test Set: 220312.79
2024-04-17 13:36 | INFO | Query 47 Active Learning Instance Cost: 2710568.99
2024-04-17 13:36 | INFO | Timeout limit is increased to 3100
2024-04-17 13:36 | INFO | Query 48 Size of the uncertainty table is = 11569/39270
2024-04-17 13:36 | INFO | Query 48 Size of the filtered table is = 393
2024-04-17 13:39 | INFO | Query 48 Active Learning Runtime on Validation Set: 437964.4
2024-04-17 13:39 | INFO | Query 48 Active Learning Runtime on Test Set: 220312.79
2024-04-17 13:39 | INFO | Query 48 Active Learning Instance Cost: 2769168.99
2024-04-17 13:39 | INFO | Timeout limit is increased to 3200
2024-04-17 13:39 | INFO | Query 49 Size of the uncertainty table is = 11569/39270
2024-04-17 13:39 | INFO | Query 49 Size of the filtered table is = 393
2024-04-17 13:42 | INFO | Query 49 Active Learning Runtime on Validation Set: 437964.4
2024-04-17 13:42 | INFO | Query 49 Active Learning Runtime on Test Set: 220312.79
2024-04-17 13:42 | INFO | Query 49 Active Learning Instance Cost: 2827768.99
2024-04-17 13:42 | INFO | Timeout limit is increased to 3300
2024-04-17 13:42 | INFO | Query 50 Size of the uncertainty table is = 11569/39270
2024-04-17 13:42 | INFO | Query 50 Size of the filtered table is = 393
2024-04-17 13:45 | INFO | Query 50 Active Learning Runtime on Validation Set: 437964.4
2024-04-17 13:45 | INFO | Query 50 Active Learning Runtime on Test Set: 220312.79
2024-04-17 13:45 | INFO | Query 50 Active Learning Instance Cost: 2886368.99
2024-04-17 13:45 | INFO | Timeout limit is increased to 3400
2024-04-17 13:45 | INFO | Query 51 Size of the uncertainty table is = 11569/39270
2024-04-17 13:45 | INFO | Query 51 Size of the filtered table is = 393
2024-04-17 13:48 | INFO | Query 51 Active Learning Runtime on Validation Set: 437964.4
2024-04-17 13:48 | INFO | Query 51 Active Learning Runtime on Test Set: 220312.79
2024-04-17 13:48 | INFO | Query 51 Active Learning Instance Cost: 2944968.99
2024-04-17 13:48 | INFO | Timeout limit is increased to 3500
2024-04-17 13:48 | INFO | Query 52 Size of the uncertainty table is = 11569/39270
2024-04-17 13:48 | INFO | Query 52 Size of the filtered table is = 393
2024-04-17 13:51 | INFO | Query 52 Active Learning Runtime on Validation Set: 437964.4
2024-04-17 13:51 | INFO | Query 52 Active Learning Runtime on Test Set: 220312.79
2024-04-17 13:51 | INFO | Query 52 Active Learning Instance Cost: 3003568.99
2024-04-17 13:51 | INFO | Timeout limit is increased to 3600
2024-04-17 13:51 | INFO | Query 53 Size of the uncertainty table is = 11569/39270
2024-04-17 13:51 | INFO | Query 53 Size of the filtered table is = 393
2024-04-17 13:54 | INFO | Query 53 Active Learning Runtime on Validation Set: 437964.4
2024-04-17 13:54 | INFO | Query 53 Active Learning Runtime on Test Set: 220312.79
2024-04-17 13:54 | INFO | Query 53 Active Learning Instance Cost: 3062168.99
2024-04-17 13:54 | INFO | Timeout limit is increased to 3600
2024-04-17 13:54 | INFO | Query 54 Size of the uncertainty table is = 7836/39270
2024-04-17 13:54 | INFO | Query 54 Size of the filtered table is = 393
2024-04-17 13:57 | INFO | Query 54 Active Learning Runtime on Validation Set: 510429.52
2024-04-17 13:57 | INFO | Query 54 Active Learning Runtime on Test Set: 184272.42
2024-04-17 13:57 | INFO | Query 54 Active Learning Instance Cost: 3463523.74
2024-04-17 13:57 | INFO | Timeout limit is increased to 3600
2024-04-17 13:57 | INFO | Query 55 Size of the uncertainty table is = 5233/39270
2024-04-17 13:57 | INFO | Query 55 Size of the filtered table is = 393
2024-04-17 14:00 | INFO | Query 55 Active Learning Runtime on Validation Set: 510716.72000000003
2024-04-17 14:00 | INFO | Query 55 Active Learning Runtime on Test Set: 184660.11000000002
2024-04-17 14:00 | INFO | Query 55 Active Learning Instance Cost: 3755188.53
2024-04-17 14:00 | INFO | Timeout limit is increased to 3600
2024-04-17 14:00 | INFO | Query 56 Size of the uncertainty table is = 3021/39270
2024-04-17 14:00 | INFO | Query 56 Size of the filtered table is = 393
2024-04-17 14:03 | INFO | Query 56 Active Learning Runtime on Validation Set: 511192.17
2024-04-17 14:03 | INFO | Query 56 Active Learning Runtime on Test Set: 148504.81
2024-04-17 14:03 | INFO | Query 56 Active Learning Instance Cost: 3868695.71
2024-04-17 14:03 | INFO | Timeout limit is increased to 3600
2024-04-17 14:03 | INFO | Query 57 Size of the uncertainty table is = 1418/39270
2024-04-17 14:03 | INFO | Query 57 Size of the filtered table is = 393
2024-04-17 14:06 | INFO | Query 57 Active Learning Runtime on Validation Set: 367465.53
2024-04-17 14:06 | INFO | Query 57 Active Learning Runtime on Test Set: 148326.30000000002
2024-04-17 14:06 | INFO | Query 57 Active Learning Instance Cost: 3977171.3
2024-04-17 14:06 | INFO | Query 58 Size of the uncertainty table is = 129/39270
2024-04-17 14:06 | INFO | Query 58 Size of the filtered table is = 129
2024-04-17 14:09 | INFO | Query 58 Active Learning Runtime on Validation Set: 403136.82
2024-04-17 14:09 | INFO | Query 58 Active Learning Runtime on Test Set: 148849.76
2024-04-17 14:09 | INFO | Query 58 Active Learning Instance Cost: 4090082.19
2024-04-17 14:09 | INFO | Timeout limit is increased to 3600
2024-04-17 14:09 | INFO | runtime_test_score is written as json file
2024-04-17 14:09 | INFO | runtime_validation_score is written as json file
2024-04-17 14:09 | INFO | instance_cost is written as json file
2024-04-17 14:09 | INFO | Experiment is finished
