2024-04-16 22:18 | INFO | Paramaters are: {'dataset': 'MAXSAT12-PMS', 'penalty': 10, 'weight': 'No_Weight', 'voting': 'Hard', 'pre_selection_size': 64, 'pre_selection_technique': 'No_pre_selection', 'feature_elimination_threshold': 20, 'imputer_strategy': 'median', 'feature_selection_technique': 'No_feature_selection', 'feature_scaling_technique': 'StandardScaler', 'initial_train_size': 20, 'query_size': 1, 'timeout_predictor_usage': 'No', 'timeout_limit': 100, 'timeout_increase_rate': 100, 'RANDOM_STATE_SEED': 42, 'n_splits': 10, 'split_number': 9, 'max_timeout': 3600, 'param_grid': {'n_estimators': 100, 'criterion': 'gini', 'max_features': 'sqrt', 'max_depth': 2147483648, 'min_samples_split': 2, 'bootstrap': True}}
2024-04-16 22:18 | INFO | MAXSAT12-PMS is current dataset
2024-04-16 22:18 | INFO | DATASETS/MAXSAT12-PMS/algorithm_runs.csv is found
2024-04-16 22:18 | INFO | DATASETS/MAXSAT12-PMS/algorithm_runs.csv is finished
2024-04-16 22:18 | INFO | DATASETS/MAXSAT12-PMS/feature_values.csv is found
2024-04-16 22:18 | INFO | DATASETS/MAXSAT12-PMS/feature_values.csv is finished
2024-04-16 22:18 | INFO | DATASETS/MAXSAT12-PMS/feature_costs.csv is found
2024-04-16 22:18 | INFO | DATASETS/MAXSAT12-PMS/feature_costs.csv is finished
2024-04-16 22:18 | INFO | Virtual best solver time in train = 19004.16
2024-04-16 22:18 | INFO | Single best solver list train = {'DSWPM1_924': 8796624.07, 'akmaxsat': 7985183.7, 'akmaxsat_ls': 7985184.68, 'pwbo2.1': 4056013.29, 'qmaxsat0.21comp': 2129271.19, 'qmaxsat0.21g2comp': 2440311.61}
2024-04-16 22:18 | INFO | Single best solver time train = qmaxsat0.21comp (2129271.19)
2024-04-16 22:18 | INFO | Virtual best solver time in validation = 7206.78
2024-04-16 22:18 | INFO | Single best solver list validation = {'DSWPM1_924': 2422439.49, 'akmaxsat': 4148433.57, 'akmaxsat_ls': 4148459.41, 'pwbo2.1': 875668.48, 'qmaxsat0.21comp': 659353.88, 'qmaxsat0.21g2comp': 8023.72}
2024-04-16 22:18 | INFO | Single best solver time validation = qmaxsat0.21g2comp (8023.72)
2024-04-16 22:18 | INFO | Virtual best solver time in test = 4342.15
2024-04-16 22:18 | INFO | Single best solver list test = {'DSWPM1_924': 1053685.41, 'akmaxsat': 1299354.39, 'akmaxsat_ls': 1299324.22, 'pwbo2.1': 579387.53, 'qmaxsat0.21comp': 257580.96, 'qmaxsat0.21g2comp': 224055.93}
2024-04-16 22:18 | INFO | Single best solver time test = qmaxsat0.21g2comp (224055.93)
2024-04-16 22:19 | INFO | Passive Learning Runtime on Validation Set: 8163.86
2024-04-16 22:19 | INFO | Passive Learning Runtime on Test Set: 76491.75
2024-04-16 22:19 | INFO | Passive Learning Instance Cost: 3519788.54
2024-04-16 22:19 | INFO | Initial Active Learning Runtime on Validation Set: 261694.2
2024-04-16 22:19 | INFO | Initial Active Learning Runtime on Test Set: 110186.74
2024-04-16 22:19 | INFO | Initial Active Learning Instance Cost: 3494.64
2024-04-16 22:19 | INFO | Bin size = 78
2024-04-16 22:19 | INFO | Query 1 Size of the uncertainty table is = 7797/7770
2024-04-16 22:19 | INFO | Query 1 Size of the filtered table is = 78
2024-04-16 22:20 | INFO | Query 1 Active Learning Runtime on Validation Set: 261671.24
2024-04-16 22:20 | INFO | Query 1 Active Learning Runtime on Test Set: 109988.56
2024-04-16 22:20 | INFO | Query 1 Active Learning Instance Cost: 10644.41
2024-04-16 22:20 | INFO | Query 2 Size of the uncertainty table is = 7728/7770
2024-04-16 22:20 | INFO | Query 2 Size of the filtered table is = 78
2024-04-16 22:20 | INFO | Query 2 Active Learning Runtime on Validation Set: 261671.24
2024-04-16 22:20 | INFO | Query 2 Active Learning Runtime on Test Set: 77099.86
2024-04-16 22:20 | INFO | Query 2 Active Learning Instance Cost: 14707.35
2024-04-16 22:20 | INFO | Timeout limit is increased to 200
2024-04-16 22:20 | INFO | Query 3 Size of the uncertainty table is = 7627/7770
2024-04-16 22:20 | INFO | Query 3 Size of the filtered table is = 78
2024-04-16 22:21 | INFO | Query 3 Active Learning Runtime on Validation Set: 261693.82
2024-04-16 22:21 | INFO | Query 3 Active Learning Runtime on Test Set: 75428.86
2024-04-16 22:21 | INFO | Query 3 Active Learning Instance Cost: 24139.3
2024-04-16 22:21 | INFO | Timeout limit is increased to 300
2024-04-16 22:21 | INFO | Query 4 Size of the uncertainty table is = 7477/7770
2024-04-16 22:21 | INFO | Query 4 Size of the filtered table is = 78
2024-04-16 22:21 | INFO | Query 4 Active Learning Runtime on Validation Set: 261671.24
2024-04-16 22:21 | INFO | Query 4 Active Learning Runtime on Test Set: 75416.79
2024-04-16 22:21 | INFO | Query 4 Active Learning Instance Cost: 38006.35
2024-04-16 22:21 | INFO | Query 5 Size of the uncertainty table is = 7313/7770
2024-04-16 22:21 | INFO | Query 5 Size of the filtered table is = 78
2024-04-16 22:22 | INFO | Query 5 Active Learning Runtime on Validation Set: 261713.9
2024-04-16 22:22 | INFO | Query 5 Active Learning Runtime on Test Set: 75468.62
2024-04-16 22:22 | INFO | Query 5 Active Learning Instance Cost: 56066.08
2024-04-16 22:22 | INFO | Timeout limit is increased to 400
2024-04-16 22:22 | INFO | Query 6 Size of the uncertainty table is = 7135/7770
2024-04-16 22:22 | INFO | Query 6 Size of the filtered table is = 78
2024-04-16 22:22 | INFO | Query 6 Active Learning Runtime on Validation Set: 261714.35
2024-04-16 22:22 | INFO | Query 6 Active Learning Runtime on Test Set: 147424.98
2024-04-16 22:22 | INFO | Query 6 Active Learning Instance Cost: 101221.11
2024-04-16 22:22 | INFO | Timeout limit is increased to 500
2024-04-16 22:22 | INFO | Query 7 Size of the uncertainty table is = 7072/7770
2024-04-16 22:22 | INFO | Query 7 Size of the filtered table is = 78
2024-04-16 22:23 | INFO | Query 7 Active Learning Runtime on Validation Set: 261671.9
2024-04-16 22:23 | INFO | Query 7 Active Learning Runtime on Test Set: 76639.11
2024-04-16 22:23 | INFO | Query 7 Active Learning Instance Cost: 132825.12
2024-04-16 22:23 | INFO | Query 8 Size of the uncertainty table is = 6947/7770
2024-04-16 22:23 | INFO | Query 8 Size of the filtered table is = 78
2024-04-16 22:23 | INFO | Query 8 Active Learning Runtime on Validation Set: 261668.9
2024-04-16 22:23 | INFO | Query 8 Active Learning Runtime on Test Set: 112631.14
2024-04-16 22:23 | INFO | Query 8 Active Learning Instance Cost: 155487.53
2024-04-16 22:23 | INFO | Query 9 Size of the uncertainty table is = 6842/7770
2024-04-16 22:23 | INFO | Query 9 Size of the filtered table is = 78
2024-04-16 22:23 | INFO | Query 9 Active Learning Runtime on Validation Set: 261671.24
2024-04-16 22:23 | INFO | Query 9 Active Learning Runtime on Test Set: 147185.38
2024-04-16 22:23 | INFO | Query 9 Active Learning Instance Cost: 180632.34
2024-04-16 22:23 | INFO | Timeout limit is increased to 600
2024-04-16 22:23 | INFO | Query 10 Size of the uncertainty table is = 6736/7770
2024-04-16 22:23 | INFO | Query 10 Size of the filtered table is = 78
2024-04-16 22:24 | INFO | Query 10 Active Learning Runtime on Validation Set: 261693.37
2024-04-16 22:24 | INFO | Query 10 Active Learning Runtime on Test Set: 147185.38
2024-04-16 22:24 | INFO | Query 10 Active Learning Instance Cost: 236141.77
2024-04-16 22:24 | INFO | Timeout limit is increased to 700
2024-04-16 22:24 | INFO | Query 11 Size of the uncertainty table is = 6686/7770
2024-04-16 22:24 | INFO | Query 11 Size of the filtered table is = 78
2024-04-16 22:24 | INFO | Query 11 Active Learning Runtime on Validation Set: 261671.24
2024-04-16 22:24 | INFO | Query 11 Active Learning Runtime on Test Set: 147085.81
2024-04-16 22:24 | INFO | Query 11 Active Learning Instance Cost: 263645.17
2024-04-16 22:24 | INFO | Query 12 Size of the uncertainty table is = 6562/7770
2024-04-16 22:24 | INFO | Query 12 Size of the filtered table is = 78
2024-04-16 22:25 | INFO | Query 12 Active Learning Runtime on Validation Set: 261668.9
2024-04-16 22:25 | INFO | Query 12 Active Learning Runtime on Test Set: 147085.81
2024-04-16 22:25 | INFO | Query 12 Active Learning Instance Cost: 279438.45
2024-04-16 22:25 | INFO | Query 13 Size of the uncertainty table is = 6505/7770
2024-04-16 22:25 | INFO | Query 13 Size of the filtered table is = 78
2024-04-16 22:25 | INFO | Query 13 Active Learning Runtime on Validation Set: 261671.24
2024-04-16 22:25 | INFO | Query 13 Active Learning Runtime on Test Set: 147182.11
2024-04-16 22:25 | INFO | Query 13 Active Learning Instance Cost: 288825.94
2024-04-16 22:25 | INFO | Timeout limit is increased to 800
2024-04-16 22:25 | INFO | Query 14 Size of the uncertainty table is = 6431/7770
2024-04-16 22:25 | INFO | Query 14 Size of the filtered table is = 78
2024-04-16 22:26 | INFO | Query 14 Active Learning Runtime on Validation Set: 261671.24
2024-04-16 22:26 | INFO | Query 14 Active Learning Runtime on Test Set: 147184.39
2024-04-16 22:26 | INFO | Query 14 Active Learning Instance Cost: 313013.38
2024-04-16 22:26 | INFO | Timeout limit is increased to 900
2024-04-16 22:26 | INFO | Query 15 Size of the uncertainty table is = 6371/7770
2024-04-16 22:26 | INFO | Query 15 Size of the filtered table is = 78
2024-04-16 22:26 | INFO | Query 15 Active Learning Runtime on Validation Set: 261671.24
2024-04-16 22:26 | INFO | Query 15 Active Learning Runtime on Test Set: 112630.17
2024-04-16 22:26 | INFO | Query 15 Active Learning Instance Cost: 369551.6
2024-04-16 22:26 | INFO | Timeout limit is increased to 1000
2024-04-16 22:26 | INFO | Query 16 Size of the uncertainty table is = 6318/7770
2024-04-16 22:26 | INFO | Query 16 Size of the filtered table is = 78
2024-04-16 22:27 | INFO | Query 16 Active Learning Runtime on Validation Set: 261671.24
2024-04-16 22:27 | INFO | Query 16 Active Learning Runtime on Test Set: 112630.17
2024-04-16 22:27 | INFO | Query 16 Active Learning Instance Cost: 424451.6
2024-04-16 22:27 | INFO | Timeout limit is increased to 1100
2024-04-16 22:27 | INFO | Query 17 Size of the uncertainty table is = 6318/7770
2024-04-16 22:27 | INFO | Query 17 Size of the filtered table is = 78
2024-04-16 22:27 | INFO | Query 17 Active Learning Runtime on Validation Set: 261671.24
2024-04-16 22:27 | INFO | Query 17 Active Learning Runtime on Test Set: 112630.17
2024-04-16 22:27 | INFO | Query 17 Active Learning Instance Cost: 439851.6
2024-04-16 22:27 | INFO | Timeout limit is increased to 1200
2024-04-16 22:27 | INFO | Query 18 Size of the uncertainty table is = 6318/7770
2024-04-16 22:27 | INFO | Query 18 Size of the filtered table is = 78
2024-04-16 22:28 | INFO | Query 18 Active Learning Runtime on Validation Set: 261671.24
2024-04-16 22:28 | INFO | Query 18 Active Learning Runtime on Test Set: 112630.17
2024-04-16 22:28 | INFO | Query 18 Active Learning Instance Cost: 455237.37
2024-04-16 22:28 | INFO | Timeout limit is increased to 1300
2024-04-16 22:28 | INFO | Query 19 Size of the uncertainty table is = 6316/7770
2024-04-16 22:28 | INFO | Query 19 Size of the filtered table is = 78
2024-04-16 22:28 | INFO | Query 19 Active Learning Runtime on Validation Set: 261671.24
2024-04-16 22:28 | INFO | Query 19 Active Learning Runtime on Test Set: 112630.17
2024-04-16 22:28 | INFO | Query 19 Active Learning Instance Cost: 476033.61
2024-04-16 22:28 | INFO | Timeout limit is increased to 1400
2024-04-16 22:28 | INFO | Query 20 Size of the uncertainty table is = 6310/7770
2024-04-16 22:28 | INFO | Query 20 Size of the filtered table is = 78
2024-04-16 22:29 | INFO | Query 20 Active Learning Runtime on Validation Set: 261671.24
2024-04-16 22:29 | INFO | Query 20 Active Learning Runtime on Test Set: 147182.11
2024-04-16 22:29 | INFO | Query 20 Active Learning Instance Cost: 531639.98
2024-04-16 22:29 | INFO | Timeout limit is increased to 1500
2024-04-16 22:29 | INFO | Query 21 Size of the uncertainty table is = 6270/7770
2024-04-16 22:29 | INFO | Query 21 Size of the filtered table is = 78
2024-04-16 22:29 | INFO | Query 21 Active Learning Runtime on Validation Set: 261671.24
2024-04-16 22:29 | INFO | Query 21 Active Learning Runtime on Test Set: 147184.39
2024-04-16 22:29 | INFO | Query 21 Active Learning Instance Cost: 556907.52
2024-04-16 22:29 | INFO | Timeout limit is increased to 1600
2024-04-16 22:29 | INFO | Query 22 Size of the uncertainty table is = 6227/7770
2024-04-16 22:29 | INFO | Query 22 Size of the filtered table is = 78
2024-04-16 22:30 | INFO | Query 22 Active Learning Runtime on Validation Set: 261671.24
2024-04-16 22:30 | INFO | Query 22 Active Learning Runtime on Test Set: 146863.89
2024-04-16 22:30 | INFO | Query 22 Active Learning Instance Cost: 596309.14
2024-04-16 22:30 | INFO | Timeout limit is increased to 1700
2024-04-16 22:30 | INFO | Query 23 Size of the uncertainty table is = 6176/7770
2024-04-16 22:30 | INFO | Query 23 Size of the filtered table is = 78
2024-04-16 22:30 | INFO | Query 23 Active Learning Runtime on Validation Set: 261665.39
2024-04-16 22:30 | INFO | Query 23 Active Learning Runtime on Test Set: 146863.89
2024-04-16 22:30 | INFO | Query 23 Active Learning Instance Cost: 649387.4
2024-04-16 22:30 | INFO | Query 24 Size of the uncertainty table is = 6145/7770
2024-04-16 22:30 | INFO | Query 24 Size of the filtered table is = 78
2024-04-16 22:31 | INFO | Query 24 Active Learning Runtime on Validation Set: 261671.9
2024-04-16 22:31 | INFO | Query 24 Active Learning Runtime on Test Set: 146863.89
2024-04-16 22:31 | INFO | Query 24 Active Learning Instance Cost: 662162.97
2024-04-16 22:31 | INFO | Timeout limit is increased to 1800
2024-04-16 22:31 | INFO | Query 25 Size of the uncertainty table is = 6097/7770
2024-04-16 22:31 | INFO | Query 25 Size of the filtered table is = 78
2024-04-16 22:31 | INFO | Query 25 Active Learning Runtime on Validation Set: 261665.39
2024-04-16 22:31 | INFO | Query 25 Active Learning Runtime on Test Set: 146863.89
2024-04-16 22:31 | INFO | Query 25 Active Learning Instance Cost: 690200.72
2024-04-16 22:31 | INFO | Query 26 Size of the uncertainty table is = 6053/7770
2024-04-16 22:31 | INFO | Query 26 Size of the filtered table is = 78
2024-04-16 22:32 | INFO | Query 26 Active Learning Runtime on Validation Set: 261665.39
2024-04-16 22:32 | INFO | Query 26 Active Learning Runtime on Test Set: 146864.88
2024-04-16 22:32 | INFO | Query 26 Active Learning Instance Cost: 754853.98
2024-04-16 22:32 | INFO | Timeout limit is increased to 1900
2024-04-16 22:32 | INFO | Query 27 Size of the uncertainty table is = 6009/7770
2024-04-16 22:32 | INFO | Query 27 Size of the filtered table is = 78
2024-04-16 22:32 | INFO | Query 27 Active Learning Runtime on Validation Set: 261665.39
2024-04-16 22:32 | INFO | Query 27 Active Learning Runtime on Test Set: 146864.88
2024-04-16 22:32 | INFO | Query 27 Active Learning Instance Cost: 863758.71
2024-04-16 22:32 | INFO | Timeout limit is increased to 2000
2024-04-16 22:32 | INFO | Query 28 Size of the uncertainty table is = 5897/7770
2024-04-16 22:32 | INFO | Query 28 Size of the filtered table is = 78
2024-04-16 22:33 | INFO | Query 28 Active Learning Runtime on Validation Set: 261665.39
2024-04-16 22:33 | INFO | Query 28 Active Learning Runtime on Test Set: 146864.88
2024-04-16 22:33 | INFO | Query 28 Active Learning Instance Cost: 881458.78
2024-04-16 22:33 | INFO | Timeout limit is increased to 2100
2024-04-16 22:33 | INFO | Query 29 Size of the uncertainty table is = 5892/7770
2024-04-16 22:33 | INFO | Query 29 Size of the filtered table is = 78
2024-04-16 22:33 | INFO | Query 29 Active Learning Runtime on Validation Set: 261671.9
2024-04-16 22:33 | INFO | Query 29 Active Learning Runtime on Test Set: 146864.88
2024-04-16 22:33 | INFO | Query 29 Active Learning Instance Cost: 895703.0
2024-04-16 22:33 | INFO | Timeout limit is increased to 2200
2024-04-16 22:33 | INFO | Query 30 Size of the uncertainty table is = 5881/7770
2024-04-16 22:33 | INFO | Query 30 Size of the filtered table is = 78
2024-04-16 22:34 | INFO | Query 30 Active Learning Runtime on Validation Set: 261671.9
2024-04-16 22:34 | INFO | Query 30 Active Learning Runtime on Test Set: 146864.88
2024-04-16 22:34 | INFO | Query 30 Active Learning Instance Cost: 932603.0
2024-04-16 22:34 | INFO | Timeout limit is increased to 2300
2024-04-16 22:34 | INFO | Query 31 Size of the uncertainty table is = 5881/7770
2024-04-16 22:34 | INFO | Query 31 Size of the filtered table is = 78
2024-04-16 22:34 | INFO | Query 31 Active Learning Runtime on Validation Set: 261671.9
2024-04-16 22:34 | INFO | Query 31 Active Learning Runtime on Test Set: 146864.88
2024-04-16 22:34 | INFO | Query 31 Active Learning Instance Cost: 946603.0
2024-04-16 22:34 | INFO | Timeout limit is increased to 2400
2024-04-16 22:34 | INFO | Query 32 Size of the uncertainty table is = 5881/7770
2024-04-16 22:34 | INFO | Query 32 Size of the filtered table is = 78
2024-04-16 22:35 | INFO | Query 32 Active Learning Runtime on Validation Set: 261671.9
2024-04-16 22:35 | INFO | Query 32 Active Learning Runtime on Test Set: 146864.88
2024-04-16 22:35 | INFO | Query 32 Active Learning Instance Cost: 960603.0
2024-04-16 22:35 | INFO | Timeout limit is increased to 2500
2024-04-16 22:35 | INFO | Query 33 Size of the uncertainty table is = 5881/7770
2024-04-16 22:35 | INFO | Query 33 Size of the filtered table is = 78
2024-04-16 22:35 | INFO | Query 33 Active Learning Runtime on Validation Set: 261671.9
2024-04-16 22:35 | INFO | Query 33 Active Learning Runtime on Test Set: 146864.88
2024-04-16 22:35 | INFO | Query 33 Active Learning Instance Cost: 974603.0
2024-04-16 22:35 | INFO | Timeout limit is increased to 2600
2024-04-16 22:35 | INFO | Query 34 Size of the uncertainty table is = 5881/7770
2024-04-16 22:35 | INFO | Query 34 Size of the filtered table is = 78
2024-04-16 22:36 | INFO | Query 34 Active Learning Runtime on Validation Set: 261671.9
2024-04-16 22:36 | INFO | Query 34 Active Learning Runtime on Test Set: 146864.88
2024-04-16 22:36 | INFO | Query 34 Active Learning Instance Cost: 988603.0
2024-04-16 22:36 | INFO | Timeout limit is increased to 2700
2024-04-16 22:36 | INFO | Query 35 Size of the uncertainty table is = 5881/7770
2024-04-16 22:36 | INFO | Query 35 Size of the filtered table is = 78
2024-04-16 22:36 | INFO | Query 35 Active Learning Runtime on Validation Set: 261671.9
2024-04-16 22:36 | INFO | Query 35 Active Learning Runtime on Test Set: 146864.88
2024-04-16 22:36 | INFO | Query 35 Active Learning Instance Cost: 1002603.0
2024-04-16 22:36 | INFO | Timeout limit is increased to 2800
2024-04-16 22:36 | INFO | Query 36 Size of the uncertainty table is = 5881/7770
2024-04-16 22:36 | INFO | Query 36 Size of the filtered table is = 78
2024-04-16 22:37 | INFO | Query 36 Active Learning Runtime on Validation Set: 261671.9
2024-04-16 22:37 | INFO | Query 36 Active Learning Runtime on Test Set: 146864.88
2024-04-16 22:37 | INFO | Query 36 Active Learning Instance Cost: 1016603.0
2024-04-16 22:37 | INFO | Timeout limit is increased to 2900
2024-04-16 22:37 | INFO | Query 37 Size of the uncertainty table is = 5881/7770
2024-04-16 22:37 | INFO | Query 37 Size of the filtered table is = 78
2024-04-16 22:37 | INFO | Query 37 Active Learning Runtime on Validation Set: 261671.9
2024-04-16 22:37 | INFO | Query 37 Active Learning Runtime on Test Set: 146864.88
2024-04-16 22:37 | INFO | Query 37 Active Learning Instance Cost: 1030603.0
2024-04-16 22:37 | INFO | Timeout limit is increased to 3000
2024-04-16 22:37 | INFO | Query 38 Size of the uncertainty table is = 5881/7770
2024-04-16 22:37 | INFO | Query 38 Size of the filtered table is = 78
2024-04-16 22:38 | INFO | Query 38 Active Learning Runtime on Validation Set: 261671.9
2024-04-16 22:38 | INFO | Query 38 Active Learning Runtime on Test Set: 146864.88
2024-04-16 22:38 | INFO | Query 38 Active Learning Instance Cost: 1044603.0
2024-04-16 22:38 | INFO | Timeout limit is increased to 3100
2024-04-16 22:38 | INFO | Query 39 Size of the uncertainty table is = 5881/7770
2024-04-16 22:38 | INFO | Query 39 Size of the filtered table is = 78
2024-04-16 22:38 | INFO | Query 39 Active Learning Runtime on Validation Set: 261671.9
2024-04-16 22:38 | INFO | Query 39 Active Learning Runtime on Test Set: 146864.88
2024-04-16 22:38 | INFO | Query 39 Active Learning Instance Cost: 1058603.0
2024-04-16 22:38 | INFO | Timeout limit is increased to 3200
2024-04-16 22:38 | INFO | Query 40 Size of the uncertainty table is = 5881/7770
2024-04-16 22:38 | INFO | Query 40 Size of the filtered table is = 78
2024-04-16 22:38 | INFO | Query 40 Active Learning Runtime on Validation Set: 261671.9
2024-04-16 22:38 | INFO | Query 40 Active Learning Runtime on Test Set: 146864.88
2024-04-16 22:38 | INFO | Query 40 Active Learning Instance Cost: 1072603.0
2024-04-16 22:38 | INFO | Timeout limit is increased to 3300
2024-04-16 22:38 | INFO | Query 41 Size of the uncertainty table is = 5881/7770
2024-04-16 22:38 | INFO | Query 41 Size of the filtered table is = 78
2024-04-16 22:39 | INFO | Query 41 Active Learning Runtime on Validation Set: 261671.9
2024-04-16 22:39 | INFO | Query 41 Active Learning Runtime on Test Set: 146864.88
2024-04-16 22:39 | INFO | Query 41 Active Learning Instance Cost: 1086603.0
2024-04-16 22:39 | INFO | Timeout limit is increased to 3400
2024-04-16 22:39 | INFO | Query 42 Size of the uncertainty table is = 5881/7770
2024-04-16 22:39 | INFO | Query 42 Size of the filtered table is = 78
2024-04-16 22:39 | INFO | Query 42 Active Learning Runtime on Validation Set: 261671.9
2024-04-16 22:39 | INFO | Query 42 Active Learning Runtime on Test Set: 146864.88
2024-04-16 22:39 | INFO | Query 42 Active Learning Instance Cost: 1100603.0
2024-04-16 22:39 | INFO | Timeout limit is increased to 3500
2024-04-16 22:39 | INFO | Query 43 Size of the uncertainty table is = 5881/7770
2024-04-16 22:39 | INFO | Query 43 Size of the filtered table is = 78
2024-04-16 22:40 | INFO | Query 43 Active Learning Runtime on Validation Set: 261671.9
2024-04-16 22:40 | INFO | Query 43 Active Learning Runtime on Test Set: 146864.88
2024-04-16 22:40 | INFO | Query 43 Active Learning Instance Cost: 1114603.0
2024-04-16 22:40 | INFO | Timeout limit is increased to 3600
2024-04-16 22:40 | INFO | Query 44 Size of the uncertainty table is = 5881/7770
2024-04-16 22:40 | INFO | Query 44 Size of the filtered table is = 78
2024-04-16 22:40 | INFO | Query 44 Active Learning Runtime on Validation Set: 261671.9
2024-04-16 22:40 | INFO | Query 44 Active Learning Runtime on Test Set: 146864.88
2024-04-16 22:40 | INFO | Query 44 Active Learning Instance Cost: 1128603.0
2024-04-16 22:40 | INFO | Timeout limit is increased to 3600
2024-04-16 22:40 | INFO | Query 45 Size of the uncertainty table is = 5354/7770
2024-04-16 22:40 | INFO | Query 45 Size of the filtered table is = 78
2024-04-16 22:41 | INFO | Query 45 Active Learning Runtime on Validation Set: 261694.48
2024-04-16 22:41 | INFO | Query 45 Active Learning Runtime on Test Set: 146863.89
2024-04-16 22:41 | INFO | Query 45 Active Learning Instance Cost: 1420648.6
2024-04-16 22:41 | INFO | Timeout limit is increased to 3600
2024-04-16 22:41 | INFO | Query 46 Size of the uncertainty table is = 5071/7770
2024-04-16 22:41 | INFO | Query 46 Size of the filtered table is = 78
2024-04-16 22:41 | INFO | Query 46 Active Learning Runtime on Validation Set: 261737.17
2024-04-16 22:41 | INFO | Query 46 Active Learning Runtime on Test Set: 112322.31
2024-04-16 22:41 | INFO | Query 46 Active Learning Instance Cost: 1468781.43
2024-04-16 22:41 | INFO | Timeout limit is increased to 3600
2024-04-16 22:41 | INFO | Query 47 Size of the uncertainty table is = 4849/7770
2024-04-16 22:41 | INFO | Query 47 Size of the filtered table is = 78
2024-04-16 22:42 | INFO | Query 47 Active Learning Runtime on Validation Set: 261694.48
2024-04-16 22:42 | INFO | Query 47 Active Learning Runtime on Test Set: 112321.32
2024-04-16 22:42 | INFO | Query 47 Active Learning Instance Cost: 1535724.13
2024-04-16 22:42 | INFO | Query 48 Size of the uncertainty table is = 4647/7770
2024-04-16 22:42 | INFO | Query 48 Size of the filtered table is = 78
2024-04-16 22:42 | INFO | Query 48 Active Learning Runtime on Validation Set: 225845.95
2024-04-16 22:42 | INFO | Query 48 Active Learning Runtime on Test Set: 146878.94
2024-04-16 22:42 | INFO | Query 48 Active Learning Instance Cost: 1595981.57
2024-04-16 22:42 | INFO | Query 49 Size of the uncertainty table is = 4415/7770
2024-04-16 22:42 | INFO | Query 49 Size of the filtered table is = 78
2024-04-16 22:43 | INFO | Query 49 Active Learning Runtime on Validation Set: 8069.61
2024-04-16 22:43 | INFO | Query 49 Active Learning Runtime on Test Set: 76500.44
2024-04-16 22:43 | INFO | Query 49 Active Learning Instance Cost: 1678910.97
2024-04-16 22:43 | INFO | Query 50 Size of the uncertainty table is = 4100/7770
2024-04-16 22:43 | INFO | Query 50 Size of the filtered table is = 78
2024-04-16 22:43 | INFO | Query 50 Active Learning Runtime on Validation Set: 8077.8
2024-04-16 22:43 | INFO | Query 50 Active Learning Runtime on Test Set: 76504.09
2024-04-16 22:43 | INFO | Query 50 Active Learning Instance Cost: 1734063.74
2024-04-16 22:43 | INFO | Timeout limit is increased to 3600
2024-04-16 22:43 | INFO | Query 51 Size of the uncertainty table is = 3822/7770
2024-04-16 22:43 | INFO | Query 51 Size of the filtered table is = 78
2024-04-16 22:44 | INFO | Query 51 Active Learning Runtime on Validation Set: 8075.46
2024-04-16 22:44 | INFO | Query 51 Active Learning Runtime on Test Set: 76501.68
2024-04-16 22:44 | INFO | Query 51 Active Learning Instance Cost: 1776212.56
2024-04-16 22:44 | INFO | Query 52 Size of the uncertainty table is = 3531/7770
2024-04-16 22:44 | INFO | Query 52 Size of the filtered table is = 78
2024-04-16 22:44 | INFO | Query 52 Active Learning Runtime on Validation Set: 8052.88
2024-04-16 22:44 | INFO | Query 52 Active Learning Runtime on Test Set: 76492.44
2024-04-16 22:44 | INFO | Query 52 Active Learning Instance Cost: 1831438.45
2024-04-16 22:44 | INFO | Query 53 Size of the uncertainty table is = 3209/7770
2024-04-16 22:44 | INFO | Query 53 Size of the filtered table is = 78
2024-04-16 22:45 | INFO | Query 53 Active Learning Runtime on Validation Set: 8055.22
2024-04-16 22:45 | INFO | Query 53 Active Learning Runtime on Test Set: 76490.03
2024-04-16 22:45 | INFO | Query 53 Active Learning Instance Cost: 1854442.11
2024-04-16 22:45 | INFO | Timeout limit is increased to 3600
2024-04-16 22:45 | INFO | Query 54 Size of the uncertainty table is = 2938/7770
2024-04-16 22:45 | INFO | Query 54 Size of the filtered table is = 78
2024-04-16 22:45 | INFO | Query 54 Active Learning Runtime on Validation Set: 8077.35
2024-04-16 22:45 | INFO | Query 54 Active Learning Runtime on Test Set: 76491.76
2024-04-16 22:45 | INFO | Query 54 Active Learning Instance Cost: 1914693.86
2024-04-16 22:45 | INFO | Timeout limit is increased to 3600
2024-04-16 22:45 | INFO | Query 55 Size of the uncertainty table is = 2605/7770
2024-04-16 22:45 | INFO | Query 55 Size of the filtered table is = 78
2024-04-16 22:46 | INFO | Query 55 Active Learning Runtime on Validation Set: 8077.8
2024-04-16 22:46 | INFO | Query 55 Active Learning Runtime on Test Set: 76501.66
2024-04-16 22:46 | INFO | Query 55 Active Learning Instance Cost: 1975133.12
2024-04-16 22:46 | INFO | Timeout limit is increased to 3600
2024-04-16 22:46 | INFO | Query 56 Size of the uncertainty table is = 2277/7770
2024-04-16 22:46 | INFO | Query 56 Size of the filtered table is = 78
2024-04-16 22:46 | INFO | Query 56 Active Learning Runtime on Validation Set: 223436.02
2024-04-16 22:46 | INFO | Query 56 Active Learning Runtime on Test Set: 112241.49
2024-04-16 22:46 | INFO | Query 56 Active Learning Instance Cost: 2135877.09
2024-04-16 22:46 | INFO | Timeout limit is increased to 3600
2024-04-16 22:46 | INFO | Query 57 Size of the uncertainty table is = 1872/7770
2024-04-16 22:46 | INFO | Query 57 Size of the filtered table is = 78
2024-04-16 22:47 | INFO | Query 57 Active Learning Runtime on Validation Set: 223144.04
2024-04-16 22:47 | INFO | Query 57 Active Learning Runtime on Test Set: 112279.57
2024-04-16 22:47 | INFO | Query 57 Active Learning Instance Cost: 2244122.06
2024-04-16 22:47 | INFO | Query 58 Size of the uncertainty table is = 1579/7770
2024-04-16 22:47 | INFO | Query 58 Size of the filtered table is = 78
2024-04-16 22:47 | INFO | Query 58 Active Learning Runtime on Validation Set: 8065.84
2024-04-16 22:47 | INFO | Query 58 Active Learning Runtime on Test Set: 76490.02
2024-04-16 22:47 | INFO | Query 58 Active Learning Instance Cost: 2292853.77
2024-04-16 22:47 | INFO | Query 59 Size of the uncertainty table is = 1222/7770
2024-04-16 22:47 | INFO | Query 59 Size of the filtered table is = 78
2024-04-16 22:48 | INFO | Query 59 Active Learning Runtime on Validation Set: 8066.5
2024-04-16 22:48 | INFO | Query 59 Active Learning Runtime on Test Set: 76490.03
2024-04-16 22:48 | INFO | Query 59 Active Learning Instance Cost: 2440310.46
2024-04-16 22:48 | INFO | Timeout limit is increased to 3600
2024-04-16 22:48 | INFO | Query 60 Size of the uncertainty table is = 900/7770
2024-04-16 22:48 | INFO | Query 60 Size of the filtered table is = 78
2024-04-16 22:48 | INFO | Query 60 Active Learning Runtime on Validation Set: 8124.27
2024-04-16 22:48 | INFO | Query 60 Active Learning Runtime on Test Set: 76492.44
2024-04-16 22:48 | INFO | Query 60 Active Learning Instance Cost: 2470929.5
2024-04-16 22:48 | INFO | Timeout limit is increased to 3600
2024-04-16 22:48 | INFO | Query 61 Size of the uncertainty table is = 619/7770
2024-04-16 22:48 | INFO | Query 61 Size of the filtered table is = 78
2024-04-16 22:49 | INFO | Query 61 Active Learning Runtime on Validation Set: 8114.92
2024-04-16 22:49 | INFO | Query 61 Active Learning Runtime on Test Set: 76490.02
2024-04-16 22:49 | INFO | Query 61 Active Learning Instance Cost: 2544023.88
2024-04-16 22:49 | INFO | Query 62 Size of the uncertainty table is = 287/7770
2024-04-16 22:49 | INFO | Query 62 Size of the filtered table is = 78
2024-04-16 22:49 | INFO | Query 62 Active Learning Runtime on Validation Set: 8065.84
2024-04-16 22:49 | INFO | Query 62 Active Learning Runtime on Test Set: 76490.02
2024-04-16 22:49 | INFO | Query 62 Active Learning Instance Cost: 2686364.77
2024-04-16 22:49 | INFO | Query 63 Size of the uncertainty table is = 5/7770
2024-04-16 22:49 | INFO | Query 63 Size of the filtered table is = 5
2024-04-16 22:50 | INFO | Query 63 Active Learning Runtime on Validation Set: 8065.84
2024-04-16 22:50 | INFO | Query 63 Active Learning Runtime on Test Set: 76490.02
2024-04-16 22:50 | INFO | Query 63 Active Learning Instance Cost: 2687171.57
2024-04-16 22:50 | INFO | Timeout limit is increased to 3600
2024-04-16 22:50 | INFO | runtime_test_score is written as json file
2024-04-16 22:50 | INFO | runtime_validation_score is written as json file
2024-04-16 22:50 | INFO | instance_cost is written as json file
2024-04-16 22:50 | INFO | Experiment is finished
