2024-04-17 18:13 | INFO | Paramaters are: {'dataset': 'MAXSAT12-PMS', 'penalty': 10, 'weight': 'No_Weight', 'voting': 'Hard', 'pre_selection_size': 64, 'pre_selection_technique': 'No_pre_selection', 'feature_elimination_threshold': 20, 'imputer_strategy': 'median', 'feature_selection_technique': 'No_feature_selection', 'feature_scaling_technique': 'StandardScaler', 'initial_train_size': 20, 'query_size': 1, 'timeout_predictor_usage': 'Yes', 'timeout_limit': 100, 'timeout_increase_rate': 100, 'RANDOM_STATE_SEED': 42, 'n_splits': 10, 'split_number': 7, 'max_timeout': 3600, 'param_grid': {'n_estimators': 100, 'criterion': 'gini', 'max_features': 'sqrt', 'max_depth': 2147483648, 'min_samples_split': 2, 'bootstrap': True}}
2024-04-17 18:13 | INFO | MAXSAT12-PMS is current dataset
2024-04-17 18:13 | INFO | DATASETS/MAXSAT12-PMS/algorithm_runs.csv is found
2024-04-17 18:13 | INFO | DATASETS/MAXSAT12-PMS/algorithm_runs.csv is finished
2024-04-17 18:13 | INFO | DATASETS/MAXSAT12-PMS/feature_values.csv is found
2024-04-17 18:13 | INFO | DATASETS/MAXSAT12-PMS/feature_values.csv is finished
2024-04-17 18:13 | INFO | DATASETS/MAXSAT12-PMS/feature_costs.csv is found
2024-04-17 18:13 | INFO | DATASETS/MAXSAT12-PMS/feature_costs.csv is finished
2024-04-17 18:13 | INFO | Feature cost of train set is 33.6
2024-04-17 18:13 | INFO | Initial Active Learning Random Query Runtime on Validation Set: 767912.82
2024-04-17 18:13 | INFO | Initial Active Learning Random Query Runtime on Test Set: 38283.59
2024-04-17 18:13 | INFO | Initial Active Learning Random Query Instance Cost: 5124.72
2024-04-17 18:13 | INFO | Bin size = 77
2024-04-17 18:13 | INFO | Query 1 Size of the uncertainty table is = 7824/7770
2024-04-17 18:13 | INFO | Query 1 Size of the filtered table is = 77
2024-04-17 18:14 | INFO | Query 1 Active Learning Random Query Runtime on Validation Set: 516773.05
2024-04-17 18:14 | INFO | Query 1 Active Learning Random Query Runtime on Test Set: 37759.1
2024-04-17 18:14 | INFO | Query 1 Active Learning Random Query Instance Cost: 11696.54
2024-04-17 18:14 | INFO | Query 2 Size of the uncertainty table is = 7758/7770
2024-04-17 18:14 | INFO | Query 2 Size of the filtered table is = 77
2024-04-17 18:14 | INFO | Query 2 Active Learning Random Query Runtime on Validation Set: 478749.34
2024-04-17 18:14 | INFO | Query 2 Active Learning Random Query Runtime on Test Set: 38220.33
2024-04-17 18:14 | INFO | Query 2 Active Learning Random Query Instance Cost: 18853.89
2024-04-17 18:14 | INFO | Query 3 Size of the uncertainty table is = 7677/7770
2024-04-17 18:14 | INFO | Query 3 Size of the filtered table is = 77
2024-04-17 18:15 | INFO | Query 3 Active Learning Random Query Runtime on Validation Set: 478707.41
2024-04-17 18:15 | INFO | Query 3 Active Learning Random Query Runtime on Test Set: 37755.4
2024-04-17 18:15 | INFO | Query 3 Active Learning Random Query Instance Cost: 25377.05
2024-04-17 18:15 | INFO | Query 4 Size of the uncertainty table is = 7580/7770
2024-04-17 18:15 | INFO | Query 4 Size of the filtered table is = 77
2024-04-17 18:15 | INFO | Query 4 Active Learning Random Query Runtime on Validation Set: 8747.04
2024-04-17 18:15 | INFO | Query 4 Active Learning Random Query Runtime on Test Set: 37918.33
2024-04-17 18:15 | INFO | Query 4 Active Learning Random Query Instance Cost: 31731.85
2024-04-17 18:15 | INFO | Query 5 Size of the uncertainty table is = 7470/7770
2024-04-17 18:15 | INFO | Query 5 Size of the filtered table is = 77
2024-04-17 18:16 | INFO | Query 5 Active Learning Random Query Runtime on Validation Set: 8750.22
2024-04-17 18:16 | INFO | Query 5 Active Learning Random Query Runtime on Test Set: 37812.28
2024-04-17 18:16 | INFO | Query 5 Active Learning Random Query Instance Cost: 38327.74
2024-04-17 18:16 | INFO | Timeout limit is increased to 200
2024-04-17 18:16 | INFO | Query 6 Size of the uncertainty table is = 7345/7770
2024-04-17 18:16 | INFO | Query 6 Size of the filtered table is = 77
2024-04-17 18:16 | INFO | Query 6 Active Learning Random Query Runtime on Validation Set: 8751.46
2024-04-17 18:16 | INFO | Query 6 Active Learning Random Query Runtime on Test Set: 37808.36
2024-04-17 18:16 | INFO | Query 6 Active Learning Random Query Instance Cost: 49228.59
2024-04-17 18:16 | INFO | Timeout limit is increased to 300
2024-04-17 18:16 | INFO | Query 7 Size of the uncertainty table is = 7196/7770
2024-04-17 18:16 | INFO | Query 7 Size of the filtered table is = 77
2024-04-17 18:17 | INFO | Query 7 Active Learning Random Query Runtime on Validation Set: 8736.67
2024-04-17 18:17 | INFO | Query 7 Active Learning Random Query Runtime on Test Set: 37805.59
2024-04-17 18:17 | INFO | Query 7 Active Learning Random Query Instance Cost: 65932.93
2024-04-17 18:17 | INFO | Query 8 Size of the uncertainty table is = 7024/7770
2024-04-17 18:17 | INFO | Query 8 Size of the filtered table is = 77
2024-04-17 18:17 | INFO | Query 8 Active Learning Random Query Runtime on Validation Set: 8645.18
2024-04-17 18:17 | INFO | Query 8 Active Learning Random Query Runtime on Test Set: 37767.06
2024-04-17 18:17 | INFO | Query 8 Active Learning Random Query Instance Cost: 78901.04
2024-04-17 18:17 | INFO | Query 9 Size of the uncertainty table is = 6839/7770
2024-04-17 18:17 | INFO | Query 9 Size of the filtered table is = 77
2024-04-17 18:18 | INFO | Query 9 Active Learning Random Query Runtime on Validation Set: 118059.35
2024-04-17 18:18 | INFO | Query 9 Active Learning Random Query Runtime on Test Set: 37805.23
2024-04-17 18:18 | INFO | Query 9 Active Learning Random Query Instance Cost: 93421.84
2024-04-17 18:18 | INFO | Timeout limit is increased to 400
2024-04-17 18:18 | INFO | Query 10 Size of the uncertainty table is = 6656/7770
2024-04-17 18:18 | INFO | Query 10 Size of the filtered table is = 77
2024-04-17 18:18 | INFO | Query 10 Active Learning Random Query Runtime on Validation Set: 8819.75
2024-04-17 18:18 | INFO | Query 10 Active Learning Random Query Runtime on Test Set: 37780.1
2024-04-17 18:18 | INFO | Query 10 Active Learning Random Query Instance Cost: 116200.84
2024-04-17 18:18 | INFO | Query 11 Size of the uncertainty table is = 6473/7770
2024-04-17 18:18 | INFO | Query 11 Size of the filtered table is = 77
2024-04-17 18:19 | INFO | Query 11 Active Learning Random Query Runtime on Validation Set: 478818.5
2024-04-17 18:19 | INFO | Query 11 Active Learning Random Query Runtime on Test Set: 37899.68
2024-04-17 18:19 | INFO | Query 11 Active Learning Random Query Instance Cost: 139788.29
2024-04-17 18:19 | INFO | Timeout limit is increased to 500
2024-04-17 18:19 | INFO | Query 12 Size of the uncertainty table is = 6273/7770
2024-04-17 18:19 | INFO | Query 12 Size of the filtered table is = 77
2024-04-17 18:19 | INFO | Query 12 Active Learning Random Query Runtime on Validation Set: 478808.81
2024-04-17 18:19 | INFO | Query 12 Active Learning Random Query Runtime on Test Set: 37798.98
2024-04-17 18:19 | INFO | Query 12 Active Learning Random Query Instance Cost: 166900.17
2024-04-17 18:19 | INFO | Query 13 Size of the uncertainty table is = 6093/7770
2024-04-17 18:19 | INFO | Query 13 Size of the filtered table is = 77
2024-04-17 18:20 | INFO | Query 13 Active Learning Random Query Runtime on Validation Set: 227647.2
2024-04-17 18:20 | INFO | Query 13 Active Learning Random Query Runtime on Test Set: 37692.93
2024-04-17 18:20 | INFO | Query 13 Active Learning Random Query Instance Cost: 192853.68
2024-04-17 18:20 | INFO | Query 14 Size of the uncertainty table is = 5883/7770
2024-04-17 18:20 | INFO | Query 14 Size of the filtered table is = 77
2024-04-17 18:20 | INFO | Query 14 Active Learning Random Query Runtime on Validation Set: 117649.83
2024-04-17 18:20 | INFO | Query 14 Active Learning Random Query Runtime on Test Set: 37811.51
2024-04-17 18:20 | INFO | Query 14 Active Learning Random Query Instance Cost: 212700.11
2024-04-17 18:20 | INFO | Query 15 Size of the uncertainty table is = 5647/7770
2024-04-17 18:20 | INFO | Query 15 Size of the filtered table is = 77
2024-04-17 18:21 | INFO | Query 15 Active Learning Random Query Runtime on Validation Set: 8788.91
2024-04-17 18:21 | INFO | Query 15 Active Learning Random Query Runtime on Test Set: 37811.42
2024-04-17 18:21 | INFO | Query 15 Active Learning Random Query Instance Cost: 236089.66
2024-04-17 18:21 | INFO | Query 16 Size of the uncertainty table is = 5389/7770
2024-04-17 18:21 | INFO | Query 16 Size of the filtered table is = 77
2024-04-17 18:21 | INFO | Query 16 Active Learning Random Query Runtime on Validation Set: 8664.99
2024-04-17 18:21 | INFO | Query 16 Active Learning Random Query Runtime on Test Set: 37726.78
2024-04-17 18:21 | INFO | Query 16 Active Learning Random Query Instance Cost: 256482.72
2024-04-17 18:21 | INFO | Query 17 Size of the uncertainty table is = 5132/7770
2024-04-17 18:21 | INFO | Query 17 Size of the filtered table is = 77
2024-04-17 18:22 | INFO | Query 17 Active Learning Random Query Runtime on Validation Set: 227623.73
2024-04-17 18:22 | INFO | Query 17 Active Learning Random Query Runtime on Test Set: 37736.62
2024-04-17 18:22 | INFO | Query 17 Active Learning Random Query Instance Cost: 276840.97
2024-04-17 18:22 | INFO | Timeout limit is increased to 600
2024-04-17 18:22 | INFO | Query 18 Size of the uncertainty table is = 4910/7770
2024-04-17 18:22 | INFO | Query 18 Size of the filtered table is = 77
2024-04-17 18:22 | INFO | Query 18 Active Learning Random Query Runtime on Validation Set: 153821.74
2024-04-17 18:22 | INFO | Query 18 Active Learning Random Query Runtime on Test Set: 37691.87
2024-04-17 18:22 | INFO | Query 18 Active Learning Random Query Instance Cost: 299033.93
2024-04-17 18:22 | INFO | Query 19 Size of the uncertainty table is = 4643/7770
2024-04-17 18:22 | INFO | Query 19 Size of the filtered table is = 77
2024-04-17 18:23 | INFO | Query 19 Active Learning Random Query Runtime on Validation Set: 227590.79
2024-04-17 18:23 | INFO | Query 19 Active Learning Random Query Runtime on Test Set: 38230.68
2024-04-17 18:23 | INFO | Query 19 Active Learning Random Query Instance Cost: 323098.71
2024-04-17 18:23 | INFO | Timeout limit is increased to 700
2024-04-17 18:23 | INFO | Query 20 Size of the uncertainty table is = 4411/7770
2024-04-17 18:23 | INFO | Query 20 Size of the filtered table is = 77
2024-04-17 18:23 | INFO | Query 20 Active Learning Random Query Runtime on Validation Set: 370908.37
2024-04-17 18:23 | INFO | Query 20 Active Learning Random Query Runtime on Test Set: 37701.46
2024-04-17 18:23 | INFO | Query 20 Active Learning Random Query Instance Cost: 356587.83
2024-04-17 18:23 | INFO | Timeout limit is increased to 800
2024-04-17 18:23 | INFO | Query 21 Size of the uncertainty table is = 4202/7770
2024-04-17 18:23 | INFO | Query 21 Size of the filtered table is = 77
2024-04-17 18:24 | INFO | Query 21 Active Learning Random Query Runtime on Validation Set: 8693.76
2024-04-17 18:24 | INFO | Query 21 Active Learning Random Query Runtime on Test Set: 37831.95
2024-04-17 18:24 | INFO | Query 21 Active Learning Random Query Instance Cost: 390811.34
2024-04-17 18:24 | INFO | Query 22 Size of the uncertainty table is = 3969/7770
2024-04-17 18:24 | INFO | Query 22 Size of the filtered table is = 77
2024-04-17 18:24 | INFO | Query 22 Active Learning Random Query Runtime on Validation Set: 8682.58
2024-04-17 18:24 | INFO | Query 22 Active Learning Random Query Runtime on Test Set: 37802.29
2024-04-17 18:24 | INFO | Query 22 Active Learning Random Query Instance Cost: 426067.64
2024-04-17 18:24 | INFO | Query 23 Size of the uncertainty table is = 3732/7770
2024-04-17 18:24 | INFO | Query 23 Size of the filtered table is = 77
2024-04-17 18:25 | INFO | Query 23 Active Learning Random Query Runtime on Validation Set: 8658.11
2024-04-17 18:25 | INFO | Query 23 Active Learning Random Query Runtime on Test Set: 37731.2
2024-04-17 18:25 | INFO | Query 23 Active Learning Random Query Instance Cost: 468276.06
2024-04-17 18:25 | INFO | Query 24 Size of the uncertainty table is = 3534/7770
2024-04-17 18:25 | INFO | Query 24 Size of the filtered table is = 77
2024-04-17 18:25 | INFO | Query 24 Active Learning Random Query Runtime on Validation Set: 8680.59
2024-04-17 18:25 | INFO | Query 24 Active Learning Random Query Runtime on Test Set: 37701.46
2024-04-17 18:25 | INFO | Query 24 Active Learning Random Query Instance Cost: 508187.63
2024-04-17 18:25 | INFO | Timeout limit is increased to 900
2024-04-17 18:25 | INFO | Query 25 Size of the uncertainty table is = 3336/7770
2024-04-17 18:25 | INFO | Query 25 Size of the filtered table is = 77
2024-04-17 18:26 | INFO | Query 25 Active Learning Random Query Runtime on Validation Set: 259750.54
2024-04-17 18:26 | INFO | Query 25 Active Learning Random Query Runtime on Test Set: 37658.73
2024-04-17 18:26 | INFO | Query 25 Active Learning Random Query Instance Cost: 545988.81
2024-04-17 18:26 | INFO | Timeout limit is increased to 1000
2024-04-17 18:26 | INFO | Query 26 Size of the uncertainty table is = 3134/7770
2024-04-17 18:26 | INFO | Query 26 Size of the filtered table is = 77
2024-04-17 18:26 | INFO | Query 26 Active Learning Random Query Runtime on Validation Set: 8678.41
2024-04-17 18:26 | INFO | Query 26 Active Learning Random Query Runtime on Test Set: 37663.38
2024-04-17 18:26 | INFO | Query 26 Active Learning Random Query Instance Cost: 596635.16
2024-04-17 18:26 | INFO | Query 27 Size of the uncertainty table is = 2938/7770
2024-04-17 18:26 | INFO | Query 27 Size of the filtered table is = 77
2024-04-17 18:27 | INFO | Query 27 Active Learning Random Query Runtime on Validation Set: 8782.74
2024-04-17 18:27 | INFO | Query 27 Active Learning Random Query Runtime on Test Set: 73193.31
2024-04-17 18:27 | INFO | Query 27 Active Learning Random Query Instance Cost: 641694.46
2024-04-17 18:27 | INFO | Timeout limit is increased to 1100
2024-04-17 18:27 | INFO | Query 28 Size of the uncertainty table is = 2741/7770
2024-04-17 18:27 | INFO | Query 28 Size of the filtered table is = 77
2024-04-17 18:27 | INFO | Query 28 Active Learning Random Query Runtime on Validation Set: 8680.57
2024-04-17 18:27 | INFO | Query 28 Active Learning Random Query Runtime on Test Set: 37789.56
2024-04-17 18:27 | INFO | Query 28 Active Learning Random Query Instance Cost: 691720.86
2024-04-17 18:27 | INFO | Query 29 Size of the uncertainty table is = 2518/7770
2024-04-17 18:27 | INFO | Query 29 Size of the filtered table is = 77
2024-04-17 18:28 | INFO | Query 29 Active Learning Random Query Runtime on Validation Set: 8705.37
2024-04-17 18:28 | INFO | Query 29 Active Learning Random Query Runtime on Test Set: 73258.5
2024-04-17 18:28 | INFO | Query 29 Active Learning Random Query Instance Cost: 734410.85
2024-04-17 18:28 | INFO | Timeout limit is increased to 1200
2024-04-17 18:28 | INFO | Query 30 Size of the uncertainty table is = 2322/7770
2024-04-17 18:28 | INFO | Query 30 Size of the filtered table is = 77
2024-04-17 18:28 | INFO | Query 30 Active Learning Random Query Runtime on Validation Set: 8680.57
2024-04-17 18:28 | INFO | Query 30 Active Learning Random Query Runtime on Test Set: 73252.61
2024-04-17 18:28 | INFO | Query 30 Active Learning Random Query Instance Cost: 792093.17
2024-04-17 18:28 | INFO | Query 31 Size of the uncertainty table is = 2156/7770
2024-04-17 18:28 | INFO | Query 31 Size of the filtered table is = 77
2024-04-17 18:29 | INFO | Query 31 Active Learning Random Query Runtime on Validation Set: 8758.77
2024-04-17 18:29 | INFO | Query 31 Active Learning Random Query Runtime on Test Set: 73343.45
2024-04-17 18:29 | INFO | Query 31 Active Learning Random Query Instance Cost: 836671.68
2024-04-17 18:29 | INFO | Timeout limit is increased to 1300
2024-04-17 18:29 | INFO | Query 32 Size of the uncertainty table is = 1944/7770
2024-04-17 18:29 | INFO | Query 32 Size of the filtered table is = 77
2024-04-17 18:30 | INFO | Query 32 Active Learning Random Query Runtime on Validation Set: 8660.78
2024-04-17 18:30 | INFO | Query 32 Active Learning Random Query Runtime on Test Set: 73282.72
2024-04-17 18:30 | INFO | Query 32 Active Learning Random Query Instance Cost: 882833.96
2024-04-17 18:30 | INFO | Query 33 Size of the uncertainty table is = 1791/7770
2024-04-17 18:30 | INFO | Query 33 Size of the filtered table is = 77
2024-04-17 18:30 | INFO | Query 33 Active Learning Random Query Runtime on Validation Set: 44638.43
2024-04-17 18:30 | INFO | Query 33 Active Learning Random Query Runtime on Test Set: 73321.28
2024-04-17 18:30 | INFO | Query 33 Active Learning Random Query Instance Cost: 934058.19
2024-04-17 18:30 | INFO | Timeout limit is increased to 1400
2024-04-17 18:30 | INFO | Query 34 Size of the uncertainty table is = 1605/7770
2024-04-17 18:30 | INFO | Query 34 Size of the filtered table is = 77
2024-04-17 18:31 | INFO | Query 34 Active Learning Random Query Runtime on Validation Set: 8816.22
2024-04-17 18:31 | INFO | Query 34 Active Learning Random Query Runtime on Test Set: 73321.29
2024-04-17 18:31 | INFO | Query 34 Active Learning Random Query Instance Cost: 995097.43
2024-04-17 18:31 | INFO | Query 35 Size of the uncertainty table is = 1460/7770
2024-04-17 18:31 | INFO | Query 35 Size of the filtered table is = 77
2024-04-17 18:31 | INFO | Query 35 Active Learning Random Query Runtime on Validation Set: 8867.69
2024-04-17 18:31 | INFO | Query 35 Active Learning Random Query Runtime on Test Set: 73321.27
2024-04-17 18:31 | INFO | Query 35 Active Learning Random Query Instance Cost: 1044358.2
2024-04-17 18:31 | INFO | Timeout limit is increased to 1500
2024-04-17 18:31 | INFO | Query 36 Size of the uncertainty table is = 1313/7770
2024-04-17 18:31 | INFO | Query 36 Size of the filtered table is = 77
2024-04-17 18:32 | INFO | Query 36 Active Learning Random Query Runtime on Validation Set: 8870.03
2024-04-17 18:32 | INFO | Query 36 Active Learning Random Query Runtime on Test Set: 73321.29
2024-04-17 18:32 | INFO | Query 36 Active Learning Random Query Instance Cost: 1103012.6
2024-04-17 18:32 | INFO | Timeout limit is increased to 1600
2024-04-17 18:32 | INFO | Query 37 Size of the uncertainty table is = 1219/7770
2024-04-17 18:32 | INFO | Query 37 Size of the filtered table is = 77
2024-04-17 18:32 | INFO | Query 37 Active Learning Random Query Runtime on Validation Set: 8867.69
2024-04-17 18:32 | INFO | Query 37 Active Learning Random Query Runtime on Test Set: 38043.08
2024-04-17 18:32 | INFO | Query 37 Active Learning Random Query Instance Cost: 1166927.57
2024-04-17 18:32 | INFO | Query 38 Size of the uncertainty table is = 1127/7770
2024-04-17 18:32 | INFO | Query 38 Size of the filtered table is = 77
2024-04-17 18:33 | INFO | Query 38 Active Learning Random Query Runtime on Validation Set: 8867.69
2024-04-17 18:33 | INFO | Query 38 Active Learning Random Query Runtime on Test Set: 38043.08
2024-04-17 18:33 | INFO | Query 38 Active Learning Random Query Instance Cost: 1216546.63
2024-04-17 18:33 | INFO | Timeout limit is increased to 1700
2024-04-17 18:33 | INFO | Query 39 Size of the uncertainty table is = 1074/7770
2024-04-17 18:33 | INFO | Query 39 Size of the filtered table is = 77
2024-04-17 18:33 | INFO | Query 39 Active Learning Random Query Runtime on Validation Set: 8867.71
2024-04-17 18:33 | INFO | Query 39 Active Learning Random Query Runtime on Test Set: 38043.08
2024-04-17 18:33 | INFO | Query 39 Active Learning Random Query Instance Cost: 1276529.27
2024-04-17 18:33 | INFO | Timeout limit is increased to 1800
2024-04-17 18:33 | INFO | Query 40 Size of the uncertainty table is = 1015/7770
2024-04-17 18:33 | INFO | Query 40 Size of the filtered table is = 77
2024-04-17 18:34 | INFO | Query 40 Active Learning Random Query Runtime on Validation Set: 8867.71
2024-04-17 18:34 | INFO | Query 40 Active Learning Random Query Runtime on Test Set: 38043.08
2024-04-17 18:34 | INFO | Query 40 Active Learning Random Query Instance Cost: 1341571.54
2024-04-17 18:34 | INFO | Timeout limit is increased to 1900
2024-04-17 18:34 | INFO | Query 41 Size of the uncertainty table is = 974/7770
2024-04-17 18:34 | INFO | Query 41 Size of the filtered table is = 77
2024-04-17 18:34 | INFO | Query 41 Active Learning Random Query Runtime on Validation Set: 8867.69
2024-04-17 18:34 | INFO | Query 41 Active Learning Random Query Runtime on Test Set: 38043.43
2024-04-17 18:34 | INFO | Query 41 Active Learning Random Query Instance Cost: 1413439.04
2024-04-17 18:34 | INFO | Query 42 Size of the uncertainty table is = 930/7770
2024-04-17 18:34 | INFO | Query 42 Size of the filtered table is = 77
2024-04-17 18:35 | INFO | Query 42 Active Learning Random Query Runtime on Validation Set: 8867.69
2024-04-17 18:35 | INFO | Query 42 Active Learning Random Query Runtime on Test Set: 38043.43
2024-04-17 18:35 | INFO | Query 42 Active Learning Random Query Instance Cost: 1464544.72
2024-04-17 18:35 | INFO | Timeout limit is increased to 2000
2024-04-17 18:35 | INFO | Query 43 Size of the uncertainty table is = 920/7770
2024-04-17 18:35 | INFO | Query 43 Size of the filtered table is = 77
2024-04-17 18:35 | INFO | Query 43 Active Learning Random Query Runtime on Validation Set: 8867.69
2024-04-17 18:35 | INFO | Query 43 Active Learning Random Query Runtime on Test Set: 38043.43
2024-04-17 18:35 | INFO | Query 43 Active Learning Random Query Instance Cost: 1520448.25
2024-04-17 18:35 | INFO | Timeout limit is increased to 2100
2024-04-17 18:35 | INFO | Query 44 Size of the uncertainty table is = 905/7770
2024-04-17 18:35 | INFO | Query 44 Size of the filtered table is = 77
2024-04-17 18:36 | INFO | Query 44 Active Learning Random Query Runtime on Validation Set: 8867.69
2024-04-17 18:36 | INFO | Query 44 Active Learning Random Query Runtime on Test Set: 38043.43
2024-04-17 18:36 | INFO | Query 44 Active Learning Random Query Instance Cost: 1583870.88
2024-04-17 18:36 | INFO | Timeout limit is increased to 2200
2024-04-17 18:36 | INFO | Query 45 Size of the uncertainty table is = 876/7770
2024-04-17 18:36 | INFO | Query 45 Size of the filtered table is = 77
2024-04-17 18:36 | INFO | Query 45 Active Learning Random Query Runtime on Validation Set: 8867.69
2024-04-17 18:36 | INFO | Query 45 Active Learning Random Query Runtime on Test Set: 38043.43
2024-04-17 18:36 | INFO | Query 45 Active Learning Random Query Instance Cost: 1663490.65
2024-04-17 18:36 | INFO | Timeout limit is increased to 2300
2024-04-17 18:36 | INFO | Query 46 Size of the uncertainty table is = 870/7770
2024-04-17 18:36 | INFO | Query 46 Size of the filtered table is = 77
2024-04-17 18:37 | INFO | Query 46 Active Learning Random Query Runtime on Validation Set: 8867.69
2024-04-17 18:37 | INFO | Query 46 Active Learning Random Query Runtime on Test Set: 38043.43
2024-04-17 18:37 | INFO | Query 46 Active Learning Random Query Instance Cost: 1729643.55
2024-04-17 18:37 | INFO | Timeout limit is increased to 2400
2024-04-17 18:37 | INFO | Query 47 Size of the uncertainty table is = 865/7770
2024-04-17 18:37 | INFO | Query 47 Size of the filtered table is = 77
2024-04-17 18:37 | INFO | Query 47 Active Learning Random Query Runtime on Validation Set: 8867.69
2024-04-17 18:37 | INFO | Query 47 Active Learning Random Query Runtime on Test Set: 38043.44
2024-04-17 18:37 | INFO | Query 47 Active Learning Random Query Instance Cost: 1794570.3
2024-04-17 18:37 | INFO | Timeout limit is increased to 2500
2024-04-17 18:37 | INFO | Query 48 Size of the uncertainty table is = 855/7770
2024-04-17 18:37 | INFO | Query 48 Size of the filtered table is = 77
2024-04-17 18:38 | INFO | Query 48 Active Learning Random Query Runtime on Validation Set: 8867.69
2024-04-17 18:38 | INFO | Query 48 Active Learning Random Query Runtime on Test Set: 38043.44
2024-04-17 18:38 | INFO | Query 48 Active Learning Random Query Instance Cost: 1859777.38
2024-04-17 18:38 | INFO | Timeout limit is increased to 2600
2024-04-17 18:38 | INFO | Query 49 Size of the uncertainty table is = 840/7770
2024-04-17 18:38 | INFO | Query 49 Size of the filtered table is = 77
2024-04-17 18:39 | INFO | Query 49 Active Learning Random Query Runtime on Validation Set: 8867.69
2024-04-17 18:39 | INFO | Query 49 Active Learning Random Query Runtime on Test Set: 38043.44
2024-04-17 18:39 | INFO | Query 49 Active Learning Random Query Instance Cost: 1930093.94
2024-04-17 18:39 | INFO | Timeout limit is increased to 2700
2024-04-17 18:39 | INFO | Query 50 Size of the uncertainty table is = 838/7770
2024-04-17 18:39 | INFO | Query 50 Size of the filtered table is = 77
2024-04-17 18:39 | INFO | Query 50 Active Learning Random Query Runtime on Validation Set: 8867.67
2024-04-17 18:39 | INFO | Query 50 Active Learning Random Query Runtime on Test Set: 38043.44
2024-04-17 18:39 | INFO | Query 50 Active Learning Random Query Instance Cost: 2012942.66
2024-04-17 18:39 | INFO | Query 51 Size of the uncertainty table is = 835/7770
2024-04-17 18:39 | INFO | Query 51 Size of the filtered table is = 77
2024-04-17 18:40 | INFO | Query 51 Active Learning Random Query Runtime on Validation Set: 8867.67
2024-04-17 18:40 | INFO | Query 51 Active Learning Random Query Runtime on Test Set: 38043.44
2024-04-17 18:40 | INFO | Query 51 Active Learning Random Query Instance Cost: 2074301.57
2024-04-17 18:40 | INFO | Timeout limit is increased to 2800
2024-04-17 18:40 | INFO | Query 52 Size of the uncertainty table is = 831/7770
2024-04-17 18:40 | INFO | Query 52 Size of the filtered table is = 77
2024-04-17 18:40 | INFO | Query 52 Active Learning Random Query Runtime on Validation Set: 8867.67
2024-04-17 18:40 | INFO | Query 52 Active Learning Random Query Runtime on Test Set: 38043.44
2024-04-17 18:40 | INFO | Query 52 Active Learning Random Query Instance Cost: 2130255.24
2024-04-17 18:40 | INFO | Timeout limit is increased to 2900
2024-04-17 18:40 | INFO | Query 53 Size of the uncertainty table is = 826/7770
2024-04-17 18:40 | INFO | Query 53 Size of the filtered table is = 77
2024-04-17 18:41 | INFO | Query 53 Active Learning Random Query Runtime on Validation Set: 8867.67
2024-04-17 18:41 | INFO | Query 53 Active Learning Random Query Runtime on Test Set: 38043.44
2024-04-17 18:41 | INFO | Query 53 Active Learning Random Query Instance Cost: 2185876.79
2024-04-17 18:41 | INFO | Timeout limit is increased to 3000
2024-04-17 18:41 | INFO | Query 54 Size of the uncertainty table is = 825/7770
2024-04-17 18:41 | INFO | Query 54 Size of the filtered table is = 77
2024-04-17 18:41 | INFO | Query 54 Active Learning Random Query Runtime on Validation Set: 8867.67
2024-04-17 18:41 | INFO | Query 54 Active Learning Random Query Runtime on Test Set: 38043.44
2024-04-17 18:41 | INFO | Query 54 Active Learning Random Query Instance Cost: 2260376.79
2024-04-17 18:41 | INFO | Timeout limit is increased to 3100
2024-04-17 18:41 | INFO | Query 55 Size of the uncertainty table is = 825/7770
2024-04-17 18:41 | INFO | Query 55 Size of the filtered table is = 77
2024-04-17 18:42 | INFO | Query 55 Active Learning Random Query Runtime on Validation Set: 8867.67
2024-04-17 18:42 | INFO | Query 55 Active Learning Random Query Runtime on Test Set: 38043.44
2024-04-17 18:42 | INFO | Query 55 Active Learning Random Query Instance Cost: 2343230.71
2024-04-17 18:42 | INFO | Timeout limit is increased to 3200
2024-04-17 18:42 | INFO | Query 56 Size of the uncertainty table is = 823/7770
2024-04-17 18:42 | INFO | Query 56 Size of the filtered table is = 77
2024-04-17 18:42 | INFO | Query 56 Active Learning Random Query Runtime on Validation Set: 8867.67
2024-04-17 18:42 | INFO | Query 56 Active Learning Random Query Runtime on Test Set: 38043.44
2024-04-17 18:42 | INFO | Query 56 Active Learning Random Query Instance Cost: 2421830.71
2024-04-17 18:42 | INFO | Timeout limit is increased to 3300
2024-04-17 18:42 | INFO | Query 57 Size of the uncertainty table is = 823/7770
2024-04-17 18:42 | INFO | Query 57 Size of the filtered table is = 77
2024-04-17 18:43 | INFO | Query 57 Active Learning Random Query Runtime on Validation Set: 8867.67
2024-04-17 18:43 | INFO | Query 57 Active Learning Random Query Runtime on Test Set: 38043.44
2024-04-17 18:43 | INFO | Query 57 Active Learning Random Query Instance Cost: 2503030.71
2024-04-17 18:43 | INFO | Timeout limit is increased to 3400
2024-04-17 18:43 | INFO | Query 58 Size of the uncertainty table is = 823/7770
2024-04-17 18:43 | INFO | Query 58 Size of the filtered table is = 77
2024-04-17 18:43 | INFO | Query 58 Active Learning Random Query Runtime on Validation Set: 8867.67
2024-04-17 18:43 | INFO | Query 58 Active Learning Random Query Runtime on Test Set: 38043.44
2024-04-17 18:43 | INFO | Query 58 Active Learning Random Query Instance Cost: 2576030.71
2024-04-17 18:43 | INFO | Timeout limit is increased to 3500
2024-04-17 18:43 | INFO | Query 59 Size of the uncertainty table is = 823/7770
2024-04-17 18:43 | INFO | Query 59 Size of the filtered table is = 77
2024-04-17 18:44 | INFO | Query 59 Active Learning Random Query Runtime on Validation Set: 8867.67
2024-04-17 18:44 | INFO | Query 59 Active Learning Random Query Runtime on Test Set: 38043.44
2024-04-17 18:44 | INFO | Query 59 Active Learning Random Query Instance Cost: 2653330.71
2024-04-17 18:44 | INFO | Timeout limit is increased to 3600
2024-04-17 18:44 | INFO | Query 60 Size of the uncertainty table is = 823/7770
2024-04-17 18:44 | INFO | Query 60 Size of the filtered table is = 77
2024-04-17 18:44 | INFO | Query 60 Active Learning Random Query Runtime on Validation Set: 8867.67
2024-04-17 18:44 | INFO | Query 60 Active Learning Random Query Runtime on Test Set: 38043.44
2024-04-17 18:44 | INFO | Query 60 Active Learning Random Query Instance Cost: 2727530.71
2024-04-17 18:44 | INFO | Timeout limit is increased to 3600
2024-04-17 18:44 | INFO | runtime_train_score is written as json file
2024-04-17 18:44 | INFO | runtime_test_score is written as json file
2024-04-17 18:44 | INFO | runtime_validation_score is written as json file
2024-04-17 18:44 | INFO | instance_cost is written as json file
2024-04-17 18:44 | INFO | Experiment is finished
