2024-04-16 22:03 | INFO | Paramaters are: {'dataset': 'CPMP-2015', 'penalty': 10, 'weight': 'No_Weight', 'voting': 'Hard', 'pre_selection_size': 64, 'pre_selection_technique': 'No_pre_selection', 'feature_elimination_threshold': 20, 'imputer_strategy': 'median', 'feature_selection_technique': 'No_feature_selection', 'feature_scaling_technique': 'StandardScaler', 'initial_train_size': 20, 'query_size': 1, 'timeout_predictor_usage': 'No', 'timeout_limit': 3600, 'timeout_increase_rate': 100, 'RANDOM_STATE_SEED': 99, 'n_splits': 10, 'split_number': 0, 'max_timeout': 3600, 'param_grid': {'n_estimators': 100, 'criterion': 'gini', 'max_features': 'sqrt', 'max_depth': 2147483648, 'min_samples_split': 2, 'bootstrap': True}}
2024-04-16 22:03 | INFO | CPMP-2015 is current dataset
2024-04-16 22:03 | INFO | DATASETS/CPMP-2015/algorithm_runs.csv is found
2024-04-16 22:03 | INFO | DATASETS/CPMP-2015/algorithm_runs.csv is finished
2024-04-16 22:03 | INFO | DATASETS/CPMP-2015/feature_values.csv is found
2024-04-16 22:03 | INFO | DATASETS/CPMP-2015/feature_values.csv is finished
2024-04-16 22:03 | INFO | Virtual best solver time in train = 42390.24
2024-04-16 22:03 | INFO | Single best solver list train = {'astar-symmulgt-transmul': 3550144.31, 'astar-symmullt-transmul': 3905741.14, 'idastar-symmulgt-transmul': 3005550.15, 'idastar-symmullt-transmul': 3713689.44}
2024-04-16 22:03 | INFO | Single best solver time train = idastar-symmulgt-transmul (3005550.15)
2024-04-16 22:03 | INFO | Virtual best solver time in validation = 64862.6
2024-04-16 22:03 | INFO | Single best solver list validation = {'astar-symmulgt-transmul': 2248236.14, 'astar-symmullt-transmul': 2246869.96, 'idastar-symmulgt-transmul': 344509.85, 'idastar-symmullt-transmul': 66984.61}
2024-04-16 22:03 | INFO | Single best solver time validation = idastar-symmullt-transmul (66984.61)
2024-04-16 22:03 | INFO | Virtual best solver time in test = 12694.88
2024-04-16 22:03 | INFO | Single best solver list test = {'astar-symmulgt-transmul': 651972.53, 'astar-symmullt-transmul': 831936.08, 'idastar-symmulgt-transmul': 340471.8, 'idastar-symmullt-transmul': 406361.76}
2024-04-16 22:03 | INFO | Single best solver time test = idastar-symmulgt-transmul (340471.8)
2024-04-16 22:03 | INFO | Passive Learning Runtime on Validation Set: 138912.5
2024-04-16 22:03 | INFO | Passive Learning Runtime on Test Set: 225017.63
2024-04-16 22:03 | INFO | Passive Learning Instance Cost: 1571525.04
2024-04-16 22:03 | INFO | Initial Active Learning Runtime on Validation Set: 207220.92
2024-04-16 22:03 | INFO | Initial Active Learning Runtime on Test Set: 297225.72
2024-04-16 22:03 | INFO | Initial Active Learning Instance Cost: 58718.82
2024-04-16 22:03 | INFO | Bin size = 22
2024-04-16 22:03 | INFO | Query 1 Size of the uncertainty table is = 2154/2154
2024-04-16 22:03 | INFO | Query 1 Size of the filtered table is = 22
2024-04-16 22:03 | INFO | Query 1 Active Learning Runtime on Validation Set: 102772.5
2024-04-16 22:03 | INFO | Query 1 Active Learning Runtime on Test Set: 368926.07
2024-04-16 22:03 | INFO | Query 1 Active Learning Instance Cost: 100024.22
2024-04-16 22:03 | INFO | Query 2 Size of the uncertainty table is = 2127/2154
2024-04-16 22:03 | INFO | Query 2 Size of the filtered table is = 22
2024-04-16 22:03 | INFO | Query 2 Active Learning Runtime on Validation Set: 103063.5
2024-04-16 22:03 | INFO | Query 2 Active Learning Runtime on Test Set: 296935.61
2024-04-16 22:03 | INFO | Query 2 Active Learning Instance Cost: 141006.11
2024-04-16 22:03 | INFO | Timeout limit is increased to 3600
2024-04-16 22:03 | INFO | Query 3 Size of the uncertainty table is = 2104/2154
2024-04-16 22:03 | INFO | Query 3 Size of the filtered table is = 22
2024-04-16 22:03 | INFO | Query 3 Active Learning Runtime on Validation Set: 102807.62
2024-04-16 22:03 | INFO | Query 3 Active Learning Runtime on Test Set: 332762.41
2024-04-16 22:03 | INFO | Query 3 Active Learning Instance Cost: 174616.61
2024-04-16 22:03 | INFO | Query 4 Size of the uncertainty table is = 2075/2154
2024-04-16 22:03 | INFO | Query 4 Size of the filtered table is = 22
2024-04-16 22:04 | INFO | Query 4 Active Learning Runtime on Validation Set: 139068.9
2024-04-16 22:04 | INFO | Query 4 Active Learning Runtime on Test Set: 404280.35
2024-04-16 22:04 | INFO | Query 4 Active Learning Instance Cost: 207844.48
2024-04-16 22:04 | INFO | Timeout limit is increased to 3600
2024-04-16 22:04 | INFO | Query 5 Size of the uncertainty table is = 2047/2154
2024-04-16 22:04 | INFO | Query 5 Size of the filtered table is = 22
2024-04-16 22:04 | INFO | Query 5 Active Learning Runtime on Validation Set: 419295.56
2024-04-16 22:04 | INFO | Query 5 Active Learning Runtime on Test Set: 404306.38
2024-04-16 22:04 | INFO | Query 5 Active Learning Instance Cost: 244961.42
2024-04-16 22:04 | INFO | Timeout limit is increased to 3600
2024-04-16 22:04 | INFO | Query 6 Size of the uncertainty table is = 2011/2154
2024-04-16 22:04 | INFO | Query 6 Size of the filtered table is = 22
2024-04-16 22:04 | INFO | Query 6 Active Learning Runtime on Validation Set: 243248.71
2024-04-16 22:04 | INFO | Query 6 Active Learning Runtime on Test Set: 368300.63
2024-04-16 22:04 | INFO | Query 6 Active Learning Instance Cost: 291962.03
2024-04-16 22:04 | INFO | Query 7 Size of the uncertainty table is = 1983/2154
2024-04-16 22:04 | INFO | Query 7 Size of the filtered table is = 22
2024-04-16 22:04 | INFO | Query 7 Active Learning Runtime on Validation Set: 136610.39
2024-04-16 22:04 | INFO | Query 7 Active Learning Runtime on Test Set: 333890.79
2024-04-16 22:04 | INFO | Query 7 Active Learning Instance Cost: 332873.95
2024-04-16 22:04 | INFO | Query 8 Size of the uncertainty table is = 1956/2154
2024-04-16 22:04 | INFO | Query 8 Size of the filtered table is = 22
2024-04-16 22:04 | INFO | Query 8 Active Learning Runtime on Validation Set: 210066.92
2024-04-16 22:04 | INFO | Query 8 Active Learning Runtime on Test Set: 260926.54
2024-04-16 22:04 | INFO | Query 8 Active Learning Instance Cost: 374505.98
2024-04-16 22:04 | INFO | Timeout limit is increased to 3600
2024-04-16 22:04 | INFO | Query 9 Size of the uncertainty table is = 1927/2154
2024-04-16 22:04 | INFO | Query 9 Size of the filtered table is = 22
2024-04-16 22:04 | INFO | Query 9 Active Learning Runtime on Validation Set: 209945.55
2024-04-16 22:04 | INFO | Query 9 Active Learning Runtime on Test Set: 227274.43
2024-04-16 22:04 | INFO | Query 9 Active Learning Instance Cost: 437456.87
2024-04-16 22:04 | INFO | Query 10 Size of the uncertainty table is = 1879/2154
2024-04-16 22:04 | INFO | Query 10 Size of the filtered table is = 22
2024-04-16 22:04 | INFO | Query 10 Active Learning Runtime on Validation Set: 352602.92
2024-04-16 22:04 | INFO | Query 10 Active Learning Runtime on Test Set: 262647.81
2024-04-16 22:04 | INFO | Query 10 Active Learning Instance Cost: 487285.78
2024-04-16 22:04 | INFO | Timeout limit is increased to 3600
2024-04-16 22:05 | INFO | Query 11 Size of the uncertainty table is = 1841/2154
2024-04-16 22:05 | INFO | Query 11 Size of the filtered table is = 22
2024-04-16 22:05 | INFO | Query 11 Active Learning Runtime on Validation Set: 315401.38
2024-04-16 22:05 | INFO | Query 11 Active Learning Runtime on Test Set: 227276.7
2024-04-16 22:05 | INFO | Query 11 Active Learning Instance Cost: 560969.18
2024-04-16 22:05 | INFO | Query 12 Size of the uncertainty table is = 1800/2154
2024-04-16 22:05 | INFO | Query 12 Size of the filtered table is = 22
2024-04-16 22:05 | INFO | Query 12 Active Learning Runtime on Validation Set: 245771.02
2024-04-16 22:05 | INFO | Query 12 Active Learning Runtime on Test Set: 189741.48
2024-04-16 22:05 | INFO | Query 12 Active Learning Instance Cost: 604038.88
2024-04-16 22:05 | INFO | Query 13 Size of the uncertainty table is = 1756/2154
2024-04-16 22:05 | INFO | Query 13 Size of the filtered table is = 22
2024-04-16 22:05 | INFO | Query 13 Active Learning Runtime on Validation Set: 280836.5
2024-04-16 22:05 | INFO | Query 13 Active Learning Runtime on Test Set: 189517.1
2024-04-16 22:05 | INFO | Query 13 Active Learning Instance Cost: 649365.98
2024-04-16 22:05 | INFO | Timeout limit is increased to 3600
2024-04-16 22:05 | INFO | Query 14 Size of the uncertainty table is = 1718/2154
2024-04-16 22:05 | INFO | Query 14 Size of the filtered table is = 22
2024-04-16 22:05 | INFO | Query 14 Active Learning Runtime on Validation Set: 352838.94
2024-04-16 22:05 | INFO | Query 14 Active Learning Runtime on Test Set: 225603.2
2024-04-16 22:05 | INFO | Query 14 Active Learning Instance Cost: 690071.16
2024-04-16 22:05 | INFO | Timeout limit is increased to 3600
2024-04-16 22:05 | INFO | Query 15 Size of the uncertainty table is = 1678/2154
2024-04-16 22:05 | INFO | Query 15 Size of the filtered table is = 22
2024-04-16 22:05 | INFO | Query 15 Active Learning Runtime on Validation Set: 174852.66
2024-04-16 22:05 | INFO | Query 15 Active Learning Runtime on Test Set: 262657.54
2024-04-16 22:05 | INFO | Query 15 Active Learning Instance Cost: 727291.46
2024-04-16 22:05 | INFO | Query 16 Size of the uncertainty table is = 1633/2154
2024-04-16 22:05 | INFO | Query 16 Size of the filtered table is = 22
2024-04-16 22:05 | INFO | Query 16 Active Learning Runtime on Validation Set: 210666.16
2024-04-16 22:05 | INFO | Query 16 Active Learning Runtime on Test Set: 298578.92
2024-04-16 22:05 | INFO | Query 16 Active Learning Instance Cost: 757788.76
2024-04-16 22:05 | INFO | Timeout limit is increased to 3600
2024-04-16 22:05 | INFO | Query 17 Size of the uncertainty table is = 1590/2154
2024-04-16 22:05 | INFO | Query 17 Size of the filtered table is = 22
2024-04-16 22:06 | INFO | Query 17 Active Learning Runtime on Validation Set: 317188.68
2024-04-16 22:06 | INFO | Query 17 Active Learning Runtime on Test Set: 260910.63
2024-04-16 22:06 | INFO | Query 17 Active Learning Instance Cost: 807330.9
2024-04-16 22:06 | INFO | Timeout limit is increased to 3600
2024-04-16 22:06 | INFO | Query 18 Size of the uncertainty table is = 1544/2154
2024-04-16 22:06 | INFO | Query 18 Size of the filtered table is = 22
2024-04-16 22:06 | INFO | Query 18 Active Learning Runtime on Validation Set: 174918.62
2024-04-16 22:06 | INFO | Query 18 Active Learning Runtime on Test Set: 226483.32
2024-04-16 22:06 | INFO | Query 18 Active Learning Instance Cost: 851109.36
2024-04-16 22:06 | INFO | Query 19 Size of the uncertainty table is = 1497/2154
2024-04-16 22:06 | INFO | Query 19 Size of the filtered table is = 22
2024-04-16 22:06 | INFO | Query 19 Active Learning Runtime on Validation Set: 174399.26
2024-04-16 22:06 | INFO | Query 19 Active Learning Runtime on Test Set: 188799.7
2024-04-16 22:06 | INFO | Query 19 Active Learning Instance Cost: 901915.0
2024-04-16 22:06 | INFO | Query 20 Size of the uncertainty table is = 1451/2154
2024-04-16 22:06 | INFO | Query 20 Size of the filtered table is = 22
2024-04-16 22:06 | INFO | Query 20 Active Learning Runtime on Validation Set: 102793.16
2024-04-16 22:06 | INFO | Query 20 Active Learning Runtime on Test Set: 152914.81
2024-04-16 22:06 | INFO | Query 20 Active Learning Instance Cost: 918329.33
2024-04-16 22:06 | INFO | Query 21 Size of the uncertainty table is = 1397/2154
2024-04-16 22:06 | INFO | Query 21 Size of the filtered table is = 22
2024-04-16 22:06 | INFO | Query 21 Active Learning Runtime on Validation Set: 138592.48
2024-04-16 22:06 | INFO | Query 21 Active Learning Runtime on Test Set: 260715.02
2024-04-16 22:06 | INFO | Query 21 Active Learning Instance Cost: 976831.02
2024-04-16 22:06 | INFO | Timeout limit is increased to 3600
2024-04-16 22:06 | INFO | Query 22 Size of the uncertainty table is = 1359/2154
2024-04-16 22:06 | INFO | Query 22 Size of the filtered table is = 22
2024-04-16 22:06 | INFO | Query 22 Active Learning Runtime on Validation Set: 171823.17
2024-04-16 22:06 | INFO | Query 22 Active Learning Runtime on Test Set: 260718.05
2024-04-16 22:06 | INFO | Query 22 Active Learning Instance Cost: 1007478.29
2024-04-16 22:06 | INFO | Timeout limit is increased to 3600
2024-04-16 22:06 | INFO | Query 23 Size of the uncertainty table is = 1316/2154
2024-04-16 22:06 | INFO | Query 23 Size of the filtered table is = 22
2024-04-16 22:06 | INFO | Query 23 Active Learning Runtime on Validation Set: 139034.96
2024-04-16 22:06 | INFO | Query 23 Active Learning Runtime on Test Set: 296706.06
2024-04-16 22:06 | INFO | Query 23 Active Learning Instance Cost: 1027016.64
2024-04-16 22:06 | INFO | Query 24 Size of the uncertainty table is = 1274/2154
2024-04-16 22:06 | INFO | Query 24 Size of the filtered table is = 22
2024-04-16 22:07 | INFO | Query 24 Active Learning Runtime on Validation Set: 102794.09
2024-04-16 22:07 | INFO | Query 24 Active Learning Runtime on Test Set: 224723.61
2024-04-16 22:07 | INFO | Query 24 Active Learning Instance Cost: 1066558.45
2024-04-16 22:07 | INFO | Query 25 Size of the uncertainty table is = 1218/2154
2024-04-16 22:07 | INFO | Query 25 Size of the filtered table is = 22
2024-04-16 22:07 | INFO | Query 25 Active Learning Runtime on Validation Set: 102794.09
2024-04-16 22:07 | INFO | Query 25 Active Learning Runtime on Test Set: 260711.58
2024-04-16 22:07 | INFO | Query 25 Active Learning Instance Cost: 1096598.63
2024-04-16 22:07 | INFO | Timeout limit is increased to 3600
2024-04-16 22:07 | INFO | Query 26 Size of the uncertainty table is = 1174/2154
2024-04-16 22:07 | INFO | Query 26 Size of the filtered table is = 22
2024-04-16 22:07 | INFO | Query 26 Active Learning Runtime on Validation Set: 139191.75
2024-04-16 22:07 | INFO | Query 26 Active Learning Runtime on Test Set: 296706.04
2024-04-16 22:07 | INFO | Query 26 Active Learning Instance Cost: 1145410.45
2024-04-16 22:07 | INFO | Timeout limit is increased to 3600
2024-04-16 22:07 | INFO | Query 27 Size of the uncertainty table is = 1130/2154
2024-04-16 22:07 | INFO | Query 27 Size of the filtered table is = 22
2024-04-16 22:07 | INFO | Query 27 Active Learning Runtime on Validation Set: 138912.5
2024-04-16 22:07 | INFO | Query 27 Active Learning Runtime on Test Set: 260739.16
2024-04-16 22:07 | INFO | Query 27 Active Learning Instance Cost: 1192003.34
2024-04-16 22:07 | INFO | Query 28 Size of the uncertainty table is = 1083/2154
2024-04-16 22:07 | INFO | Query 28 Size of the filtered table is = 22
2024-04-16 22:07 | INFO | Query 28 Active Learning Runtime on Validation Set: 139191.47
2024-04-16 22:07 | INFO | Query 28 Active Learning Runtime on Test Set: 296675.46
2024-04-16 22:07 | INFO | Query 28 Active Learning Instance Cost: 1228571.61
2024-04-16 22:07 | INFO | Timeout limit is increased to 3600
2024-04-16 22:07 | INFO | Query 29 Size of the uncertainty table is = 1046/2154
2024-04-16 22:07 | INFO | Query 29 Size of the filtered table is = 22
2024-04-16 22:07 | INFO | Query 29 Active Learning Runtime on Validation Set: 171980.5
2024-04-16 22:07 | INFO | Query 29 Active Learning Runtime on Test Set: 260744.06
2024-04-16 22:07 | INFO | Query 29 Active Learning Instance Cost: 1282730.56
2024-04-16 22:07 | INFO | Timeout limit is increased to 3600
2024-04-16 22:07 | INFO | Query 30 Size of the uncertainty table is = 994/2154
2024-04-16 22:07 | INFO | Query 30 Size of the filtered table is = 22
2024-04-16 22:07 | INFO | Query 30 Active Learning Runtime on Validation Set: 102795.11
2024-04-16 22:07 | INFO | Query 30 Active Learning Runtime on Test Set: 260769.66
2024-04-16 22:07 | INFO | Query 30 Active Learning Instance Cost: 1314624.89
2024-04-16 22:07 | INFO | Query 31 Size of the uncertainty table is = 947/2154
2024-04-16 22:07 | INFO | Query 31 Size of the filtered table is = 22
2024-04-16 22:08 | INFO | Query 31 Active Learning Runtime on Validation Set: 103103.03
2024-04-16 22:08 | INFO | Query 31 Active Learning Runtime on Test Set: 188665.0
2024-04-16 22:08 | INFO | Query 31 Active Learning Instance Cost: 1358358.65
2024-04-16 22:08 | INFO | Timeout limit is increased to 3600
2024-04-16 22:08 | INFO | Query 32 Size of the uncertainty table is = 895/2154
2024-04-16 22:08 | INFO | Query 32 Size of the filtered table is = 22
2024-04-16 22:08 | INFO | Query 32 Active Learning Runtime on Validation Set: 103602.07
2024-04-16 22:08 | INFO | Query 32 Active Learning Runtime on Test Set: 260695.08
2024-04-16 22:08 | INFO | Query 32 Active Learning Instance Cost: 1387623.8
2024-04-16 22:08 | INFO | Timeout limit is increased to 3600
2024-04-16 22:08 | INFO | Query 33 Size of the uncertainty table is = 836/2154
2024-04-16 22:08 | INFO | Query 33 Size of the filtered table is = 22
2024-04-16 22:08 | INFO | Query 33 Active Learning Runtime on Validation Set: 102794.09
2024-04-16 22:08 | INFO | Query 33 Active Learning Runtime on Test Set: 296738.17
2024-04-16 22:08 | INFO | Query 33 Active Learning Instance Cost: 1408285.61
2024-04-16 22:08 | INFO | Query 34 Size of the uncertainty table is = 787/2154
2024-04-16 22:08 | INFO | Query 34 Size of the filtered table is = 22
2024-04-16 22:08 | INFO | Query 34 Active Learning Runtime on Validation Set: 103073.05
2024-04-16 22:08 | INFO | Query 34 Active Learning Runtime on Test Set: 224774.14
2024-04-16 22:08 | INFO | Query 34 Active Learning Instance Cost: 1434139.21
2024-04-16 22:08 | INFO | Timeout limit is increased to 3600
2024-04-16 22:08 | INFO | Query 35 Size of the uncertainty table is = 732/2154
2024-04-16 22:08 | INFO | Query 35 Size of the filtered table is = 22
2024-04-16 22:08 | INFO | Query 35 Active Learning Runtime on Validation Set: 103073.05
2024-04-16 22:08 | INFO | Query 35 Active Learning Runtime on Test Set: 224525.06
2024-04-16 22:08 | INFO | Query 35 Active Learning Instance Cost: 1442490.97
2024-04-16 22:08 | INFO | Timeout limit is increased to 3600
2024-04-16 22:08 | INFO | Query 36 Size of the uncertainty table is = 673/2154
2024-04-16 22:08 | INFO | Query 36 Size of the filtered table is = 22
2024-04-16 22:08 | INFO | Query 36 Active Learning Runtime on Validation Set: 138871.45
2024-04-16 22:08 | INFO | Query 36 Active Learning Runtime on Test Set: 226424.24
2024-04-16 22:08 | INFO | Query 36 Active Learning Instance Cost: 1457454.37
2024-04-16 22:08 | INFO | Timeout limit is increased to 3600
2024-04-16 22:08 | INFO | Query 37 Size of the uncertainty table is = 626/2154
2024-04-16 22:08 | INFO | Query 37 Size of the filtered table is = 22
2024-04-16 22:09 | INFO | Query 37 Active Learning Runtime on Validation Set: 138593.21
2024-04-16 22:09 | INFO | Query 37 Active Learning Runtime on Test Set: 224745.27
2024-04-16 22:09 | INFO | Query 37 Active Learning Instance Cost: 1480127.69
2024-04-16 22:09 | INFO | Query 38 Size of the uncertainty table is = 585/2154
2024-04-16 22:09 | INFO | Query 38 Size of the filtered table is = 22
2024-04-16 22:09 | INFO | Query 38 Active Learning Runtime on Validation Set: 174721.73
2024-04-16 22:09 | INFO | Query 38 Active Learning Runtime on Test Set: 296683.05
2024-04-16 22:09 | INFO | Query 38 Active Learning Instance Cost: 1491035.87
2024-04-16 22:09 | INFO | Timeout limit is increased to 3600
2024-04-16 22:09 | INFO | Query 39 Size of the uncertainty table is = 545/2154
2024-04-16 22:09 | INFO | Query 39 Size of the filtered table is = 22
2024-04-16 22:09 | INFO | Query 39 Active Learning Runtime on Validation Set: 103073.78
2024-04-16 22:09 | INFO | Query 39 Active Learning Runtime on Test Set: 224749.32
2024-04-16 22:09 | INFO | Query 39 Active Learning Instance Cost: 1505538.43
2024-04-16 22:09 | INFO | Query 40 Size of the uncertainty table is = 495/2154
2024-04-16 22:09 | INFO | Query 40 Size of the filtered table is = 22
2024-04-16 22:09 | INFO | Query 40 Active Learning Runtime on Validation Set: 103073.78
2024-04-16 22:09 | INFO | Query 40 Active Learning Runtime on Test Set: 260750.59
2024-04-16 22:09 | INFO | Query 40 Active Learning Instance Cost: 1524710.01
2024-04-16 22:09 | INFO | Timeout limit is increased to 3600
2024-04-16 22:09 | INFO | Query 41 Size of the uncertainty table is = 437/2154
2024-04-16 22:09 | INFO | Query 41 Size of the filtered table is = 22
2024-04-16 22:09 | INFO | Query 41 Active Learning Runtime on Validation Set: 102794.81
2024-04-16 22:09 | INFO | Query 41 Active Learning Runtime on Test Set: 260754.59
2024-04-16 22:09 | INFO | Query 41 Active Learning Instance Cost: 1540722.29
2024-04-16 22:09 | INFO | Query 42 Size of the uncertainty table is = 388/2154
2024-04-16 22:09 | INFO | Query 42 Size of the filtered table is = 22
2024-04-16 22:09 | INFO | Query 42 Active Learning Runtime on Validation Set: 102794.09
2024-04-16 22:09 | INFO | Query 42 Active Learning Runtime on Test Set: 260789.22
2024-04-16 22:09 | INFO | Query 42 Active Learning Instance Cost: 1548004.41
2024-04-16 22:09 | INFO | Query 43 Size of the uncertainty table is = 341/2154
2024-04-16 22:09 | INFO | Query 43 Size of the filtered table is = 22
2024-04-16 22:09 | INFO | Query 43 Active Learning Runtime on Validation Set: 102794.09
2024-04-16 22:09 | INFO | Query 43 Active Learning Runtime on Test Set: 224749.31
2024-04-16 22:09 | INFO | Query 43 Active Learning Instance Cost: 1556201.24
2024-04-16 22:09 | INFO | Timeout limit is increased to 3600
2024-04-16 22:09 | INFO | Query 44 Size of the uncertainty table is = 290/2154
2024-04-16 22:09 | INFO | Query 44 Size of the filtered table is = 22
2024-04-16 22:10 | INFO | Query 44 Active Learning Runtime on Validation Set: 102794.09
2024-04-16 22:10 | INFO | Query 44 Active Learning Runtime on Test Set: 260520.9
2024-04-16 22:10 | INFO | Query 44 Active Learning Instance Cost: 1560036.95
2024-04-16 22:10 | INFO | Timeout limit is increased to 3600
2024-04-16 22:10 | INFO | Query 45 Size of the uncertainty table is = 235/2154
2024-04-16 22:10 | INFO | Query 45 Size of the filtered table is = 22
2024-04-16 22:10 | INFO | Query 45 Active Learning Runtime on Validation Set: 66983.88
2024-04-16 22:10 | INFO | Query 45 Active Learning Runtime on Test Set: 224776.87
2024-04-16 22:10 | INFO | Query 45 Active Learning Instance Cost: 1567791.16
2024-04-16 22:10 | INFO | Query 46 Size of the uncertainty table is = 178/2154
2024-04-16 22:10 | INFO | Query 46 Size of the filtered table is = 22
2024-04-16 22:10 | INFO | Query 46 Active Learning Runtime on Validation Set: 102782.28
2024-04-16 22:10 | INFO | Query 46 Active Learning Runtime on Test Set: 260743.71
2024-04-16 22:10 | INFO | Query 46 Active Learning Instance Cost: 1567885.65
2024-04-16 22:10 | INFO | Timeout limit is increased to 3600
2024-04-16 22:10 | INFO | Query 47 Size of the uncertainty table is = 120/2154
2024-04-16 22:10 | INFO | Query 47 Size of the filtered table is = 22
2024-04-16 22:10 | INFO | Query 47 Active Learning Runtime on Validation Set: 102794.81
2024-04-16 22:10 | INFO | Query 47 Active Learning Runtime on Test Set: 224749.31
2024-04-16 22:10 | INFO | Query 47 Active Learning Instance Cost: 1570681.12
2024-04-16 22:10 | INFO | Timeout limit is increased to 3600
2024-04-16 22:10 | INFO | Query 48 Size of the uncertainty table is = 72/2154
2024-04-16 22:10 | INFO | Query 48 Size of the filtered table is = 22
2024-04-16 22:10 | INFO | Query 48 Active Learning Runtime on Validation Set: 66983.88
2024-04-16 22:10 | INFO | Query 48 Active Learning Runtime on Test Set: 260743.71
2024-04-16 22:10 | INFO | Query 48 Active Learning Instance Cost: 1571470.7
2024-04-16 22:10 | INFO | Query 49 Size of the uncertainty table is = 24/2154
2024-04-16 22:10 | INFO | Query 49 Size of the filtered table is = 22
2024-04-16 22:10 | INFO | Query 49 Active Learning Runtime on Validation Set: 102794.09
2024-04-16 22:10 | INFO | Query 49 Active Learning Runtime on Test Set: 226537.06
2024-04-16 22:10 | INFO | Query 49 Active Learning Instance Cost: 1571525.04
2024-04-16 22:10 | INFO | Timeout limit is increased to 3600
2024-04-16 22:10 | INFO | runtime_test_score is written as json file
2024-04-16 22:10 | INFO | runtime_validation_score is written as json file
2024-04-16 22:10 | INFO | instance_cost is written as json file
2024-04-16 22:10 | INFO | Experiment is finished
