2024-04-17 18:43 | INFO | Paramaters are: {'dataset': 'MAXSAT19-UCMS', 'penalty': 10, 'weight': 'No_Weight', 'voting': 'Hard', 'pre_selection_size': 64, 'pre_selection_technique': 'No_pre_selection', 'feature_elimination_threshold': 20, 'imputer_strategy': 'median', 'feature_selection_technique': 'No_feature_selection', 'feature_scaling_technique': 'StandardScaler', 'initial_train_size': 20, 'query_size': 1, 'timeout_predictor_usage': 'Yes', 'timeout_limit': 3600, 'timeout_increase_rate': 100, 'RANDOM_STATE_SEED': 42, 'n_splits': 10, 'split_number': 1, 'max_timeout': 3600, 'param_grid': {'n_estimators': 100, 'criterion': 'gini', 'max_features': 'sqrt', 'max_depth': 2147483648, 'min_samples_split': 2, 'bootstrap': True}}
2024-04-17 18:43 | INFO | MAXSAT19-UCMS is current dataset
2024-04-17 18:43 | INFO | DATASETS/MAXSAT19-UCMS/algorithm_runs.arff is found
2024-04-17 18:43 | INFO | DATASETS/MAXSAT19-UCMS/algorithm_runs.arff is finished
2024-04-17 18:43 | INFO | DATASETS/MAXSAT19-UCMS/feature_values.arff is found
2024-04-17 18:43 | INFO | DATASETS/MAXSAT19-UCMS/feature_values.arff is finished
2024-04-17 18:43 | INFO | DATASETS/MAXSAT19-UCMS/feature_costs.arff is found
2024-04-17 18:43 | INFO | DATASETS/MAXSAT19-UCMS/feature_costs.arff is finished
2024-04-17 18:43 | INFO | Feature cost of train set is 32519.42
2024-04-17 18:44 | INFO | Initial Active Learning Random Query Runtime on Validation Set: 119870.12
2024-04-17 18:44 | INFO | Initial Active Learning Random Query Runtime on Test Set: 151413.09
2024-04-17 18:44 | INFO | Initial Active Learning Random Query Instance Cost: 150010.45
2024-04-17 18:44 | INFO | Bin size = 50
2024-04-17 18:44 | INFO | Query 1 Size of the uncertainty table is = 5040/5040
2024-04-17 18:44 | INFO | Query 1 Size of the filtered table is = 50
2024-04-17 18:44 | INFO | Query 1 Active Learning Random Query Runtime on Validation Set: 88282.69
2024-04-17 18:44 | INFO | Query 1 Active Learning Random Query Runtime on Test Set: 226661.88
2024-04-17 18:44 | INFO | Query 1 Active Learning Random Query Instance Cost: 235019.31
2024-04-17 18:44 | INFO | Query 2 Size of the uncertainty table is = 4973/5040
2024-04-17 18:44 | INFO | Query 2 Size of the filtered table is = 50
2024-04-17 18:45 | INFO | Query 2 Active Learning Random Query Runtime on Validation Set: 129299.76
2024-04-17 18:45 | INFO | Query 2 Active Learning Random Query Runtime on Test Set: 232358.47
2024-04-17 18:45 | INFO | Query 2 Active Learning Random Query Instance Cost: 301307.61
2024-04-17 18:45 | INFO | Timeout limit is increased to 3600
2024-04-17 18:45 | INFO | Query 3 Size of the uncertainty table is = 4898/5040
2024-04-17 18:45 | INFO | Query 3 Size of the filtered table is = 50
2024-04-17 18:45 | INFO | Query 3 Active Learning Random Query Runtime on Validation Set: 237905.1
2024-04-17 18:45 | INFO | Query 3 Active Learning Random Query Runtime on Test Set: 201923.72
2024-04-17 18:45 | INFO | Query 3 Active Learning Random Query Instance Cost: 362757.1
2024-04-17 18:45 | INFO | Timeout limit is increased to 3600
2024-04-17 18:45 | INFO | Query 4 Size of the uncertainty table is = 4788/5040
2024-04-17 18:45 | INFO | Query 4 Size of the filtered table is = 50
2024-04-17 18:45 | INFO | Query 4 Active Learning Random Query Runtime on Validation Set: 167411.75
2024-04-17 18:45 | INFO | Query 4 Active Learning Random Query Runtime on Test Set: 204577.87
2024-04-17 18:45 | INFO | Query 4 Active Learning Random Query Instance Cost: 429161.7
2024-04-17 18:45 | INFO | Query 5 Size of the uncertainty table is = 4665/5040
2024-04-17 18:45 | INFO | Query 5 Size of the filtered table is = 50
2024-04-17 18:46 | INFO | Query 5 Active Learning Random Query Runtime on Validation Set: 171930.13
2024-04-17 18:46 | INFO | Query 5 Active Learning Random Query Runtime on Test Set: 205185.85
2024-04-17 18:46 | INFO | Query 5 Active Learning Random Query Instance Cost: 474408.25
2024-04-17 18:46 | INFO | Timeout limit is increased to 3600
2024-04-17 18:46 | INFO | Query 6 Size of the uncertainty table is = 4554/5040
2024-04-17 18:46 | INFO | Query 6 Size of the filtered table is = 50
2024-04-17 18:46 | INFO | Query 6 Active Learning Random Query Runtime on Validation Set: 171484.79
2024-04-17 18:46 | INFO | Query 6 Active Learning Random Query Runtime on Test Set: 244176.43
2024-04-17 18:46 | INFO | Query 6 Active Learning Random Query Instance Cost: 551062.59
2024-04-17 18:46 | INFO | Query 7 Size of the uncertainty table is = 4401/5040
2024-04-17 18:46 | INFO | Query 7 Size of the filtered table is = 50
2024-04-17 18:47 | INFO | Query 7 Active Learning Random Query Runtime on Validation Set: 175423.28
2024-04-17 18:47 | INFO | Query 7 Active Learning Random Query Runtime on Test Set: 245657.16
2024-04-17 18:47 | INFO | Query 7 Active Learning Random Query Instance Cost: 600971.33
2024-04-17 18:47 | INFO | Timeout limit is increased to 3600
2024-04-17 18:47 | INFO | Query 8 Size of the uncertainty table is = 4240/5040
2024-04-17 18:47 | INFO | Query 8 Size of the filtered table is = 50
2024-04-17 18:47 | INFO | Query 8 Active Learning Random Query Runtime on Validation Set: 106843.51
2024-04-17 18:47 | INFO | Query 8 Active Learning Random Query Runtime on Test Set: 246994.1
2024-04-17 18:47 | INFO | Query 8 Active Learning Random Query Instance Cost: 657888.8
2024-04-17 18:47 | INFO | Query 9 Size of the uncertainty table is = 4058/5040
2024-04-17 18:47 | INFO | Query 9 Size of the filtered table is = 50
2024-04-17 18:48 | INFO | Query 9 Active Learning Random Query Runtime on Validation Set: 141818.12
2024-04-17 18:48 | INFO | Query 9 Active Learning Random Query Runtime on Test Set: 250482.22
2024-04-17 18:48 | INFO | Query 9 Active Learning Random Query Instance Cost: 706237.87
2024-04-17 18:48 | INFO | Timeout limit is increased to 3600
2024-04-17 18:48 | INFO | Query 10 Size of the uncertainty table is = 3873/5040
2024-04-17 18:48 | INFO | Query 10 Size of the filtered table is = 50
2024-04-17 18:48 | INFO | Query 10 Active Learning Random Query Runtime on Validation Set: 177740.26
2024-04-17 18:48 | INFO | Query 10 Active Learning Random Query Runtime on Test Set: 248119.87
2024-04-17 18:48 | INFO | Query 10 Active Learning Random Query Instance Cost: 783236.1
2024-04-17 18:48 | INFO | Timeout limit is increased to 3600
2024-04-17 18:48 | INFO | Query 11 Size of the uncertainty table is = 3660/5040
2024-04-17 18:48 | INFO | Query 11 Size of the filtered table is = 50
2024-04-17 18:49 | INFO | Query 11 Active Learning Random Query Runtime on Validation Set: 179751.13
2024-04-17 18:49 | INFO | Query 11 Active Learning Random Query Runtime on Test Set: 250371.2
2024-04-17 18:49 | INFO | Query 11 Active Learning Random Query Instance Cost: 835854.12
2024-04-17 18:49 | INFO | Timeout limit is increased to 3600
2024-04-17 18:49 | INFO | Query 12 Size of the uncertainty table is = 3489/5040
2024-04-17 18:49 | INFO | Query 12 Size of the filtered table is = 50
2024-04-17 18:49 | INFO | Query 12 Active Learning Random Query Runtime on Validation Set: 110442.52
2024-04-17 18:49 | INFO | Query 12 Active Learning Random Query Runtime on Test Set: 285824.03
2024-04-17 18:49 | INFO | Query 12 Active Learning Random Query Instance Cost: 881690.69
2024-04-17 18:49 | INFO | Query 13 Size of the uncertainty table is = 3267/5040
2024-04-17 18:49 | INFO | Query 13 Size of the filtered table is = 50
2024-04-17 18:49 | INFO | Query 13 Active Learning Random Query Runtime on Validation Set: 142680.52
2024-04-17 18:49 | INFO | Query 13 Active Learning Random Query Runtime on Test Set: 250742.13
2024-04-17 18:49 | INFO | Query 13 Active Learning Random Query Instance Cost: 953845.15
2024-04-17 18:49 | INFO | Timeout limit is increased to 3600
2024-04-17 18:49 | INFO | Query 14 Size of the uncertainty table is = 3026/5040
2024-04-17 18:49 | INFO | Query 14 Size of the filtered table is = 50
2024-04-17 18:50 | INFO | Query 14 Active Learning Random Query Runtime on Validation Set: 177925.02
2024-04-17 18:50 | INFO | Query 14 Active Learning Random Query Runtime on Test Set: 287194.24
2024-04-17 18:50 | INFO | Query 14 Active Learning Random Query Instance Cost: 1004452.78
2024-04-17 18:50 | INFO | Timeout limit is increased to 3600
2024-04-17 18:50 | INFO | Query 15 Size of the uncertainty table is = 2780/5040
2024-04-17 18:50 | INFO | Query 15 Size of the filtered table is = 50
2024-04-17 18:50 | INFO | Query 15 Active Learning Random Query Runtime on Validation Set: 145706.64
2024-04-17 18:50 | INFO | Query 15 Active Learning Random Query Runtime on Test Set: 287292.81
2024-04-17 18:50 | INFO | Query 15 Active Learning Random Query Instance Cost: 1057017.0
2024-04-17 18:50 | INFO | Query 16 Size of the uncertainty table is = 2546/5040
2024-04-17 18:50 | INFO | Query 16 Size of the filtered table is = 50
2024-04-17 18:51 | INFO | Query 16 Active Learning Random Query Runtime on Validation Set: 146338.69
2024-04-17 18:51 | INFO | Query 16 Active Learning Random Query Runtime on Test Set: 251392.26
2024-04-17 18:51 | INFO | Query 16 Active Learning Random Query Instance Cost: 1109081.28
2024-04-17 18:51 | INFO | Timeout limit is increased to 3600
2024-04-17 18:51 | INFO | Query 17 Size of the uncertainty table is = 2316/5040
2024-04-17 18:51 | INFO | Query 17 Size of the filtered table is = 50
2024-04-17 18:51 | INFO | Query 17 Active Learning Random Query Runtime on Validation Set: 142768.07
2024-04-17 18:51 | INFO | Query 17 Active Learning Random Query Runtime on Test Set: 251230.58
2024-04-17 18:51 | INFO | Query 17 Active Learning Random Query Instance Cost: 1177428.07
2024-04-17 18:51 | INFO | Query 18 Size of the uncertainty table is = 2073/5040
2024-04-17 18:51 | INFO | Query 18 Size of the filtered table is = 50
2024-04-17 18:52 | INFO | Query 18 Active Learning Random Query Runtime on Validation Set: 110217.43
2024-04-17 18:52 | INFO | Query 18 Active Learning Random Query Runtime on Test Set: 251241.75
2024-04-17 18:52 | INFO | Query 18 Active Learning Random Query Instance Cost: 1210542.38
2024-04-17 18:52 | INFO | Query 19 Size of the uncertainty table is = 1843/5040
2024-04-17 18:52 | INFO | Query 19 Size of the filtered table is = 50
2024-04-17 18:52 | INFO | Query 19 Active Learning Random Query Runtime on Validation Set: 182559.06
2024-04-17 18:52 | INFO | Query 19 Active Learning Random Query Runtime on Test Set: 215321.77
2024-04-17 18:52 | INFO | Query 19 Active Learning Random Query Instance Cost: 1251987.82
2024-04-17 18:52 | INFO | Timeout limit is increased to 3600
2024-04-17 18:52 | INFO | Query 20 Size of the uncertainty table is = 1609/5040
2024-04-17 18:52 | INFO | Query 20 Size of the filtered table is = 50
2024-04-17 18:53 | INFO | Query 20 Active Learning Random Query Runtime on Validation Set: 146443.85
2024-04-17 18:53 | INFO | Query 20 Active Learning Random Query Runtime on Test Set: 178558.88
2024-04-17 18:53 | INFO | Query 20 Active Learning Random Query Instance Cost: 1287583.0
2024-04-17 18:53 | INFO | Query 21 Size of the uncertainty table is = 1341/5040
2024-04-17 18:53 | INFO | Query 21 Size of the filtered table is = 50
2024-04-17 18:53 | INFO | Query 21 Active Learning Random Query Runtime on Validation Set: 110700.9
2024-04-17 18:53 | INFO | Query 21 Active Learning Random Query Runtime on Test Set: 251101.28
2024-04-17 18:53 | INFO | Query 21 Active Learning Random Query Instance Cost: 1317728.36
2024-04-17 18:53 | INFO | Query 22 Size of the uncertainty table is = 1094/5040
2024-04-17 18:53 | INFO | Query 22 Size of the filtered table is = 50
2024-04-17 18:54 | INFO | Query 22 Active Learning Random Query Runtime on Validation Set: 149072.68
2024-04-17 18:54 | INFO | Query 22 Active Learning Random Query Runtime on Test Set: 215087.88
2024-04-17 18:54 | INFO | Query 22 Active Learning Random Query Instance Cost: 1360169.44
2024-04-17 18:54 | INFO | Timeout limit is increased to 3600
2024-04-17 18:54 | INFO | Query 23 Size of the uncertainty table is = 851/5040
2024-04-17 18:54 | INFO | Query 23 Size of the filtered table is = 50
2024-04-17 18:54 | INFO | Query 23 Active Learning Random Query Runtime on Validation Set: 113179.97
2024-04-17 18:54 | INFO | Query 23 Active Learning Random Query Runtime on Test Set: 214539.0
2024-04-17 18:54 | INFO | Query 23 Active Learning Random Query Instance Cost: 1405727.3
2024-04-17 18:54 | INFO | Query 24 Size of the uncertainty table is = 607/5040
2024-04-17 18:54 | INFO | Query 24 Size of the filtered table is = 50
2024-04-17 18:55 | INFO | Query 24 Active Learning Random Query Runtime on Validation Set: 149123.19
2024-04-17 18:55 | INFO | Query 24 Active Learning Random Query Runtime on Test Set: 214442.58
2024-04-17 18:55 | INFO | Query 24 Active Learning Random Query Instance Cost: 1455810.07
2024-04-17 18:55 | INFO | Timeout limit is increased to 3600
2024-04-17 18:55 | INFO | Query 25 Size of the uncertainty table is = 374/5040
2024-04-17 18:55 | INFO | Query 25 Size of the filtered table is = 50
2024-04-17 18:55 | INFO | Query 25 Active Learning Random Query Runtime on Validation Set: 220584.11
2024-04-17 18:55 | INFO | Query 25 Active Learning Random Query Runtime on Test Set: 178453.05
2024-04-17 18:55 | INFO | Query 25 Active Learning Random Query Instance Cost: 1494074.43
2024-04-17 18:55 | INFO | Timeout limit is increased to 3600
2024-04-17 18:55 | INFO | Query 26 Size of the uncertainty table is = 149/5040
2024-04-17 18:55 | INFO | Query 26 Size of the filtered table is = 50
2024-04-17 18:55 | INFO | Query 26 Active Learning Random Query Runtime on Validation Set: 293551.23
2024-04-17 18:55 | INFO | Query 26 Active Learning Random Query Runtime on Test Set: 178990.71
2024-04-17 18:55 | INFO | Query 26 Active Learning Random Query Instance Cost: 1514973.58
2024-04-17 18:55 | INFO | Timeout limit is increased to 3600
2024-04-17 18:55 | INFO | runtime_train_score is written as json file
2024-04-17 18:55 | INFO | runtime_test_score is written as json file
2024-04-17 18:55 | INFO | runtime_validation_score is written as json file
2024-04-17 18:55 | INFO | instance_cost is written as json file
2024-04-17 18:55 | INFO | Experiment is finished
