2024-04-17 10:41 | INFO | Paramaters are: {'dataset': 'QBF-2011', 'penalty': 10, 'weight': 'No_Weight', 'voting': 'Hard', 'pre_selection_size': 64, 'pre_selection_technique': 'No_pre_selection', 'feature_elimination_threshold': 20, 'imputer_strategy': 'median', 'feature_selection_technique': 'No_feature_selection', 'feature_scaling_technique': 'StandardScaler', 'initial_train_size': 20, 'query_size': 1, 'timeout_predictor_usage': 'No', 'timeout_limit': 100, 'timeout_increase_rate': 100, 'RANDOM_STATE_SEED': 99, 'n_splits': 10, 'split_number': 0, 'max_timeout': 3600, 'param_grid': {'n_estimators': 100, 'criterion': 'gini', 'max_features': 'sqrt', 'max_depth': 2147483648, 'min_samples_split': 2, 'bootstrap': True}}
2024-04-17 10:41 | INFO | QBF-2011 is current dataset
2024-04-17 10:41 | INFO | DATASETS/QBF-2011/algorithm_runs.csv is found
2024-04-17 10:41 | INFO | DATASETS/QBF-2011/algorithm_runs.csv is finished
2024-04-17 10:41 | INFO | DATASETS/QBF-2011/feature_values.csv is found
2024-04-17 10:41 | INFO | DATASETS/QBF-2011/feature_values.csv is finished
2024-04-17 10:41 | INFO | Virtual best solver time in train = 71082.64
2024-04-17 10:41 | INFO | Single best solver list train = {'2clsQ': 13477070.61, 'QuBE': 10085183.11, 'quantor': 17914582.96, 'sKizzo': 6433585.75, 'sSolve': 8634513.49}
2024-04-17 10:41 | INFO | Single best solver time train = sKizzo (6433585.75)
2024-04-17 10:41 | INFO | Virtual best solver time in validation = 18430.17
2024-04-17 10:41 | INFO | Single best solver list validation = {'2clsQ': 3181452.56, 'QuBE': 2386155.1, 'quantor': 3534343.59, 'sKizzo': 2318764.35, 'sSolve': 2971153.09}
2024-04-17 10:41 | INFO | Single best solver time validation = sKizzo (2318764.35)
2024-04-17 10:41 | INFO | Virtual best solver time in test = 11639.1
2024-04-17 10:41 | INFO | Single best solver list test = {'2clsQ': 1975225.25, 'QuBE': 1448769.0, 'quantor': 2592816.05, 'sKizzo': 915323.5, 'sSolve': 1034518.72}
2024-04-17 10:41 | INFO | Single best solver time test = sKizzo (915323.5)
2024-04-17 10:42 | INFO | Passive Learning Runtime on Validation Set: 1386782.08
2024-04-17 10:42 | INFO | Passive Learning Runtime on Test Set: 226988.25
2024-04-17 10:42 | INFO | Passive Learning Instance Cost: 6098135.92
2024-04-17 10:42 | INFO | Initial Active Learning Runtime on Validation Set: 2791640.08
2024-04-17 10:42 | INFO | Initial Active Learning Runtime on Test Set: 1021334.88
2024-04-17 10:42 | INFO | Initial Active Learning Instance Cost: 5283.93
2024-04-17 10:42 | INFO | Bin size = 74
2024-04-17 10:42 | INFO | Query 1 Size of the uncertainty table is = 7444/7380
2024-04-17 10:42 | INFO | Query 1 Size of the filtered table is = 74
2024-04-17 10:42 | INFO | Query 1 Active Learning Runtime on Validation Set: 1893235.32
2024-04-17 10:42 | INFO | Query 1 Active Learning Runtime on Test Set: 663403.39
2024-04-17 10:42 | INFO | Query 1 Active Learning Instance Cost: 14290.96
2024-04-17 10:42 | INFO | Query 2 Size of the uncertainty table is = 7389/7380
2024-04-17 10:42 | INFO | Query 2 Size of the filtered table is = 74
2024-04-17 10:43 | INFO | Query 2 Active Learning Runtime on Validation Set: 2248419.95
2024-04-17 10:43 | INFO | Query 2 Active Learning Runtime on Test Set: 737715.2
2024-04-17 10:43 | INFO | Query 2 Active Learning Instance Cost: 21918.09
2024-04-17 10:43 | INFO | Timeout limit is increased to 200
2024-04-17 10:43 | INFO | Query 3 Size of the uncertainty table is = 7337/7380
2024-04-17 10:43 | INFO | Query 3 Size of the filtered table is = 74
2024-04-17 10:43 | INFO | Query 3 Active Learning Runtime on Validation Set: 2108574.39
2024-04-17 10:43 | INFO | Query 3 Active Learning Runtime on Test Set: 633430.8
2024-04-17 10:43 | INFO | Query 3 Active Learning Instance Cost: 36399.84
2024-04-17 10:43 | INFO | Query 4 Size of the uncertainty table is = 7267/7380
2024-04-17 10:43 | INFO | Query 4 Size of the filtered table is = 74
2024-04-17 10:44 | INFO | Query 4 Active Learning Runtime on Validation Set: 1893957.95
2024-04-17 10:44 | INFO | Query 4 Active Learning Runtime on Test Set: 594670.88
2024-04-17 10:44 | INFO | Query 4 Active Learning Instance Cost: 50843.21
2024-04-17 10:44 | INFO | Query 5 Size of the uncertainty table is = 7181/7380
2024-04-17 10:44 | INFO | Query 5 Size of the filtered table is = 74
2024-04-17 10:44 | INFO | Query 5 Active Learning Runtime on Validation Set: 1135554.62
2024-04-17 10:44 | INFO | Query 5 Active Learning Runtime on Test Set: 455036.46
2024-04-17 10:44 | INFO | Query 5 Active Learning Instance Cost: 67325.47
2024-04-17 10:44 | INFO | Query 6 Size of the uncertainty table is = 7112/7380
2024-04-17 10:44 | INFO | Query 6 Size of the filtered table is = 74
2024-04-17 10:45 | INFO | Query 6 Active Learning Runtime on Validation Set: 1711434.6
2024-04-17 10:45 | INFO | Query 6 Active Learning Runtime on Test Set: 418386.31
2024-04-17 10:45 | INFO | Query 6 Active Learning Instance Cost: 83540.8
2024-04-17 10:45 | INFO | Timeout limit is increased to 300
2024-04-17 10:45 | INFO | Query 7 Size of the uncertainty table is = 7026/7380
2024-04-17 10:45 | INFO | Query 7 Size of the filtered table is = 74
2024-04-17 10:45 | INFO | Query 7 Active Learning Runtime on Validation Set: 1459057.69
2024-04-17 10:45 | INFO | Query 7 Active Learning Runtime on Test Set: 418345.68
2024-04-17 10:45 | INFO | Query 7 Active Learning Instance Cost: 104918.18
2024-04-17 10:45 | INFO | Query 8 Size of the uncertainty table is = 6948/7380
2024-04-17 10:45 | INFO | Query 8 Size of the filtered table is = 74
2024-04-17 10:46 | INFO | Query 8 Active Learning Runtime on Validation Set: 1495092.81
2024-04-17 10:46 | INFO | Query 8 Active Learning Runtime on Test Set: 492031.68
2024-04-17 10:46 | INFO | Query 8 Active Learning Instance Cost: 129919.5
2024-04-17 10:46 | INFO | Timeout limit is increased to 400
2024-04-17 10:46 | INFO | Query 9 Size of the uncertainty table is = 6853/7380
2024-04-17 10:46 | INFO | Query 9 Size of the filtered table is = 74
2024-04-17 10:46 | INFO | Query 9 Active Learning Runtime on Validation Set: 1495091.37
2024-04-17 10:46 | INFO | Query 9 Active Learning Runtime on Test Set: 562805.09
2024-04-17 10:46 | INFO | Query 9 Active Learning Instance Cost: 165604.09
2024-04-17 10:46 | INFO | Query 10 Size of the uncertainty table is = 6779/7380
2024-04-17 10:46 | INFO | Query 10 Size of the filtered table is = 74
2024-04-17 10:47 | INFO | Query 10 Active Learning Runtime on Validation Set: 1495225.04
2024-04-17 10:47 | INFO | Query 10 Active Learning Runtime on Test Set: 417608.18
2024-04-17 10:47 | INFO | Query 10 Active Learning Instance Cost: 194679.49
2024-04-17 10:47 | INFO | Timeout limit is increased to 500
2024-04-17 10:47 | INFO | Query 11 Size of the uncertainty table is = 6690/7380
2024-04-17 10:47 | INFO | Query 11 Size of the filtered table is = 74
2024-04-17 10:47 | INFO | Query 11 Active Learning Runtime on Validation Set: 1461772.57
2024-04-17 10:47 | INFO | Query 11 Active Learning Runtime on Test Set: 417478.1
2024-04-17 10:47 | INFO | Query 11 Active Learning Instance Cost: 229788.07
2024-04-17 10:47 | INFO | Query 12 Size of the uncertainty table is = 6612/7380
2024-04-17 10:47 | INFO | Query 12 Size of the filtered table is = 74
2024-04-17 10:48 | INFO | Query 12 Active Learning Runtime on Validation Set: 1459309.73
2024-04-17 10:48 | INFO | Query 12 Active Learning Runtime on Test Set: 452438.75
2024-04-17 10:48 | INFO | Query 12 Active Learning Instance Cost: 261395.48
2024-04-17 10:48 | INFO | Query 13 Size of the uncertainty table is = 6502/7380
2024-04-17 10:48 | INFO | Query 13 Size of the filtered table is = 74
2024-04-17 10:48 | INFO | Query 13 Active Learning Runtime on Validation Set: 1459309.79
2024-04-17 10:48 | INFO | Query 13 Active Learning Runtime on Test Set: 452438.75
2024-04-17 10:48 | INFO | Query 13 Active Learning Instance Cost: 294881.21
2024-04-17 10:48 | INFO | Timeout limit is increased to 600
2024-04-17 10:48 | INFO | Query 14 Size of the uncertainty table is = 6466/7380
2024-04-17 10:48 | INFO | Query 14 Size of the filtered table is = 74
2024-04-17 10:48 | INFO | Query 14 Active Learning Runtime on Validation Set: 1246142.53
2024-04-17 10:48 | INFO | Query 14 Active Learning Runtime on Test Set: 416586.65
2024-04-17 10:48 | INFO | Query 14 Active Learning Instance Cost: 335628.48
2024-04-17 10:48 | INFO | Query 15 Size of the uncertainty table is = 6403/7380
2024-04-17 10:48 | INFO | Query 15 Size of the filtered table is = 74
2024-04-17 10:49 | INFO | Query 15 Active Learning Runtime on Validation Set: 1459310.04
2024-04-17 10:49 | INFO | Query 15 Active Learning Runtime on Test Set: 417181.9
2024-04-17 10:49 | INFO | Query 15 Active Learning Instance Cost: 362596.5
2024-04-17 10:49 | INFO | Timeout limit is increased to 700
2024-04-17 10:49 | INFO | Query 16 Size of the uncertainty table is = 6345/7380
2024-04-17 10:49 | INFO | Query 16 Size of the filtered table is = 74
2024-04-17 10:49 | INFO | Query 16 Active Learning Runtime on Validation Set: 1459309.9
2024-04-17 10:49 | INFO | Query 16 Active Learning Runtime on Test Set: 417181.9
2024-04-17 10:49 | INFO | Query 16 Active Learning Instance Cost: 408649.12
2024-04-17 10:49 | INFO | Query 17 Size of the uncertainty table is = 6271/7380
2024-04-17 10:49 | INFO | Query 17 Size of the filtered table is = 74
2024-04-17 10:50 | INFO | Query 17 Active Learning Runtime on Validation Set: 1459309.87
2024-04-17 10:50 | INFO | Query 17 Active Learning Runtime on Test Set: 417181.67
2024-04-17 10:50 | INFO | Query 17 Active Learning Instance Cost: 445167.92
2024-04-17 10:50 | INFO | Query 18 Size of the uncertainty table is = 6212/7380
2024-04-17 10:50 | INFO | Query 18 Size of the filtered table is = 74
2024-04-17 10:50 | INFO | Query 18 Active Learning Runtime on Validation Set: 1459309.87
2024-04-17 10:50 | INFO | Query 18 Active Learning Runtime on Test Set: 417181.66
2024-04-17 10:50 | INFO | Query 18 Active Learning Instance Cost: 474313.48
2024-04-17 10:50 | INFO | Timeout limit is increased to 800
2024-04-17 10:50 | INFO | Query 19 Size of the uncertainty table is = 6165/7380
2024-04-17 10:50 | INFO | Query 19 Size of the filtered table is = 74
2024-04-17 10:51 | INFO | Query 19 Active Learning Runtime on Validation Set: 1459309.87
2024-04-17 10:51 | INFO | Query 19 Active Learning Runtime on Test Set: 417181.58
2024-04-17 10:51 | INFO | Query 19 Active Learning Instance Cost: 528163.94
2024-04-17 10:51 | INFO | Timeout limit is increased to 900
2024-04-17 10:51 | INFO | Query 20 Size of the uncertainty table is = 6116/7380
2024-04-17 10:51 | INFO | Query 20 Size of the filtered table is = 74
2024-04-17 10:51 | INFO | Query 20 Active Learning Runtime on Validation Set: 1459309.9
2024-04-17 10:51 | INFO | Query 20 Active Learning Runtime on Test Set: 417183.55
2024-04-17 10:51 | INFO | Query 20 Active Learning Instance Cost: 576023.04
2024-04-17 10:51 | INFO | Timeout limit is increased to 1000
2024-04-17 10:51 | INFO | Query 21 Size of the uncertainty table is = 6077/7380
2024-04-17 10:51 | INFO | Query 21 Size of the filtered table is = 74
2024-04-17 10:52 | INFO | Query 21 Active Learning Runtime on Validation Set: 1495309.87
2024-04-17 10:52 | INFO | Query 21 Active Learning Runtime on Test Set: 417188.27
2024-04-17 10:52 | INFO | Query 21 Active Learning Instance Cost: 628061.49
2024-04-17 10:52 | INFO | Timeout limit is increased to 1100
2024-04-17 10:52 | INFO | Query 22 Size of the uncertainty table is = 6027/7380
2024-04-17 10:52 | INFO | Query 22 Size of the filtered table is = 74
2024-04-17 10:52 | INFO | Query 22 Active Learning Runtime on Validation Set: 1495295.06
2024-04-17 10:52 | INFO | Query 22 Active Learning Runtime on Test Set: 450809.01
2024-04-17 10:52 | INFO | Query 22 Active Learning Instance Cost: 671439.36
2024-04-17 10:52 | INFO | Query 23 Size of the uncertainty table is = 5984/7380
2024-04-17 10:52 | INFO | Query 23 Size of the filtered table is = 74
2024-04-17 10:53 | INFO | Query 23 Active Learning Runtime on Validation Set: 1495295.06
2024-04-17 10:53 | INFO | Query 23 Active Learning Runtime on Test Set: 450651.04
2024-04-17 10:53 | INFO | Query 23 Active Learning Instance Cost: 712139.34
2024-04-17 10:53 | INFO | Timeout limit is increased to 1200
2024-04-17 10:53 | INFO | Query 24 Size of the uncertainty table is = 5968/7380
2024-04-17 10:53 | INFO | Query 24 Size of the filtered table is = 74
2024-04-17 10:53 | INFO | Query 24 Active Learning Runtime on Validation Set: 1495295.06
2024-04-17 10:53 | INFO | Query 24 Active Learning Runtime on Test Set: 450642.76
2024-04-17 10:53 | INFO | Query 24 Active Learning Instance Cost: 749841.56
2024-04-17 10:53 | INFO | Timeout limit is increased to 1300
2024-04-17 10:53 | INFO | Query 25 Size of the uncertainty table is = 5954/7380
2024-04-17 10:53 | INFO | Query 25 Size of the filtered table is = 74
2024-04-17 10:54 | INFO | Query 25 Active Learning Runtime on Validation Set: 1495295.06
2024-04-17 10:54 | INFO | Query 25 Active Learning Runtime on Test Set: 450642.76
2024-04-17 10:54 | INFO | Query 25 Active Learning Instance Cost: 775936.81
2024-04-17 10:54 | INFO | Timeout limit is increased to 1400
2024-04-17 10:54 | INFO | Query 26 Size of the uncertainty table is = 5945/7380
2024-04-17 10:54 | INFO | Query 26 Size of the filtered table is = 74
2024-04-17 10:54 | INFO | Query 26 Active Learning Runtime on Validation Set: 1459309.87
2024-04-17 10:54 | INFO | Query 26 Active Learning Runtime on Test Set: 453180.44
2024-04-17 10:54 | INFO | Query 26 Active Learning Instance Cost: 798373.54
2024-04-17 10:54 | INFO | Query 27 Size of the uncertainty table is = 5936/7380
2024-04-17 10:54 | INFO | Query 27 Size of the filtered table is = 74
2024-04-17 10:55 | INFO | Query 27 Active Learning Runtime on Validation Set: 1495235.19
2024-04-17 10:55 | INFO | Query 27 Active Learning Runtime on Test Set: 453180.44
2024-04-17 10:55 | INFO | Query 27 Active Learning Instance Cost: 818145.77
2024-04-17 10:55 | INFO | Timeout limit is increased to 1500
2024-04-17 10:55 | INFO | Query 28 Size of the uncertainty table is = 5928/7380
2024-04-17 10:55 | INFO | Query 28 Size of the filtered table is = 74
2024-04-17 10:55 | INFO | Query 28 Active Learning Runtime on Validation Set: 1459309.88
2024-04-17 10:55 | INFO | Query 28 Active Learning Runtime on Test Set: 453518.98
2024-04-17 10:55 | INFO | Query 28 Active Learning Instance Cost: 849888.87
2024-04-17 10:55 | INFO | Query 29 Size of the uncertainty table is = 5914/7380
2024-04-17 10:55 | INFO | Query 29 Size of the filtered table is = 74
2024-04-17 10:56 | INFO | Query 29 Active Learning Runtime on Validation Set: 1459309.88
2024-04-17 10:56 | INFO | Query 29 Active Learning Runtime on Test Set: 450752.41
2024-04-17 10:56 | INFO | Query 29 Active Learning Instance Cost: 883669.61
2024-04-17 10:56 | INFO | Timeout limit is increased to 1600
2024-04-17 10:56 | INFO | Query 30 Size of the uncertainty table is = 5876/7380
2024-04-17 10:56 | INFO | Query 30 Size of the filtered table is = 74
2024-04-17 10:56 | INFO | Query 30 Active Learning Runtime on Validation Set: 1459309.88
2024-04-17 10:56 | INFO | Query 30 Active Learning Runtime on Test Set: 414595.35
2024-04-17 10:56 | INFO | Query 30 Active Learning Instance Cost: 943287.32
2024-04-17 10:56 | INFO | Timeout limit is increased to 1700
2024-04-17 10:56 | INFO | Query 31 Size of the uncertainty table is = 5846/7380
2024-04-17 10:56 | INFO | Query 31 Size of the filtered table is = 74
2024-04-17 10:56 | INFO | Query 31 Active Learning Runtime on Validation Set: 1459309.88
2024-04-17 10:56 | INFO | Query 31 Active Learning Runtime on Test Set: 450636.27
2024-04-17 10:56 | INFO | Query 31 Active Learning Instance Cost: 988510.61
2024-04-17 10:56 | INFO | Timeout limit is increased to 1800
2024-04-17 10:56 | INFO | Query 32 Size of the uncertainty table is = 5820/7380
2024-04-17 10:56 | INFO | Query 32 Size of the filtered table is = 74
2024-04-17 10:57 | INFO | Query 32 Active Learning Runtime on Validation Set: 1459309.88
2024-04-17 10:57 | INFO | Query 32 Active Learning Runtime on Test Set: 379746.59
2024-04-17 10:57 | INFO | Query 32 Active Learning Instance Cost: 1036657.77
2024-04-17 10:57 | INFO | Timeout limit is increased to 1900
2024-04-17 10:57 | INFO | Query 33 Size of the uncertainty table is = 5797/7380
2024-04-17 10:57 | INFO | Query 33 Size of the filtered table is = 74
2024-04-17 10:57 | INFO | Query 33 Active Learning Runtime on Validation Set: 1459309.88
2024-04-17 10:57 | INFO | Query 33 Active Learning Runtime on Test Set: 379746.59
2024-04-17 10:57 | INFO | Query 33 Active Learning Instance Cost: 1095652.66
2024-04-17 10:57 | INFO | Timeout limit is increased to 2000
2024-04-17 10:57 | INFO | Query 34 Size of the uncertainty table is = 5785/7380
2024-04-17 10:57 | INFO | Query 34 Size of the filtered table is = 74
2024-04-17 10:58 | INFO | Query 34 Active Learning Runtime on Validation Set: 1459309.88
2024-04-17 10:58 | INFO | Query 34 Active Learning Runtime on Test Set: 379746.59
2024-04-17 10:58 | INFO | Query 34 Active Learning Instance Cost: 1163239.07
2024-04-17 10:58 | INFO | Timeout limit is increased to 2100
2024-04-17 10:58 | INFO | Query 35 Size of the uncertainty table is = 5769/7380
2024-04-17 10:58 | INFO | Query 35 Size of the filtered table is = 74
2024-04-17 10:58 | INFO | Query 35 Active Learning Runtime on Validation Set: 1459309.88
2024-04-17 10:58 | INFO | Query 35 Active Learning Runtime on Test Set: 379746.59
2024-04-17 10:58 | INFO | Query 35 Active Learning Instance Cost: 1229840.69
2024-04-17 10:58 | INFO | Timeout limit is increased to 2200
2024-04-17 10:58 | INFO | Query 36 Size of the uncertainty table is = 5762/7380
2024-04-17 10:58 | INFO | Query 36 Size of the filtered table is = 74
2024-04-17 10:59 | INFO | Query 36 Active Learning Runtime on Validation Set: 1459309.83
2024-04-17 10:59 | INFO | Query 36 Active Learning Runtime on Test Set: 379746.59
2024-04-17 10:59 | INFO | Query 36 Active Learning Instance Cost: 1288644.27
2024-04-17 10:59 | INFO | Query 37 Size of the uncertainty table is = 5758/7380
2024-04-17 10:59 | INFO | Query 37 Size of the filtered table is = 74
2024-04-17 10:59 | INFO | Query 37 Active Learning Runtime on Validation Set: 1459309.83
2024-04-17 10:59 | INFO | Query 37 Active Learning Runtime on Test Set: 379746.59
2024-04-17 10:59 | INFO | Query 37 Active Learning Instance Cost: 1303678.77
2024-04-17 10:59 | INFO | Timeout limit is increased to 2300
2024-04-17 10:59 | INFO | Query 38 Size of the uncertainty table is = 5757/7380
2024-04-17 10:59 | INFO | Query 38 Size of the filtered table is = 74
2024-04-17 11:00 | INFO | Query 38 Active Learning Runtime on Validation Set: 1459309.83
2024-04-17 11:00 | INFO | Query 38 Active Learning Runtime on Test Set: 379746.59
2024-04-17 11:00 | INFO | Query 38 Active Learning Instance Cost: 1327278.77
2024-04-17 11:00 | INFO | Timeout limit is increased to 2400
2024-04-17 11:00 | INFO | Query 39 Size of the uncertainty table is = 5757/7380
2024-04-17 11:00 | INFO | Query 39 Size of the filtered table is = 74
2024-04-17 11:00 | INFO | Query 39 Active Learning Runtime on Validation Set: 1459309.83
2024-04-17 11:00 | INFO | Query 39 Active Learning Runtime on Test Set: 379746.59
2024-04-17 11:00 | INFO | Query 39 Active Learning Instance Cost: 1341678.77
2024-04-17 11:00 | INFO | Timeout limit is increased to 2500
2024-04-17 11:00 | INFO | Query 40 Size of the uncertainty table is = 5757/7380
2024-04-17 11:00 | INFO | Query 40 Size of the filtered table is = 74
2024-04-17 11:01 | INFO | Query 40 Active Learning Runtime on Validation Set: 1459309.83
2024-04-17 11:01 | INFO | Query 40 Active Learning Runtime on Test Set: 379746.59
2024-04-17 11:01 | INFO | Query 40 Active Learning Instance Cost: 1356078.77
2024-04-17 11:01 | INFO | Timeout limit is increased to 2600
2024-04-17 11:01 | INFO | Query 41 Size of the uncertainty table is = 5757/7380
2024-04-17 11:01 | INFO | Query 41 Size of the filtered table is = 74
2024-04-17 11:01 | INFO | Query 41 Active Learning Runtime on Validation Set: 1459309.83
2024-04-17 11:01 | INFO | Query 41 Active Learning Runtime on Test Set: 379746.59
2024-04-17 11:01 | INFO | Query 41 Active Learning Instance Cost: 1370478.77
2024-04-17 11:01 | INFO | Timeout limit is increased to 2700
2024-04-17 11:01 | INFO | Query 42 Size of the uncertainty table is = 5757/7380
2024-04-17 11:01 | INFO | Query 42 Size of the filtered table is = 74
2024-04-17 11:02 | INFO | Query 42 Active Learning Runtime on Validation Set: 1459309.83
2024-04-17 11:02 | INFO | Query 42 Active Learning Runtime on Test Set: 379746.59
2024-04-17 11:02 | INFO | Query 42 Active Learning Instance Cost: 1384878.77
2024-04-17 11:02 | INFO | Timeout limit is increased to 2800
2024-04-17 11:02 | INFO | Query 43 Size of the uncertainty table is = 5757/7380
2024-04-17 11:02 | INFO | Query 43 Size of the filtered table is = 74
2024-04-17 11:02 | INFO | Query 43 Active Learning Runtime on Validation Set: 1459309.83
2024-04-17 11:02 | INFO | Query 43 Active Learning Runtime on Test Set: 379746.59
2024-04-17 11:02 | INFO | Query 43 Active Learning Instance Cost: 1399278.77
2024-04-17 11:02 | INFO | Timeout limit is increased to 2900
2024-04-17 11:02 | INFO | Query 44 Size of the uncertainty table is = 5757/7380
2024-04-17 11:02 | INFO | Query 44 Size of the filtered table is = 74
2024-04-17 11:02 | INFO | Query 44 Active Learning Runtime on Validation Set: 1459309.83
2024-04-17 11:02 | INFO | Query 44 Active Learning Runtime on Test Set: 379746.59
2024-04-17 11:02 | INFO | Query 44 Active Learning Instance Cost: 1413678.77
2024-04-17 11:02 | INFO | Timeout limit is increased to 3000
2024-04-17 11:02 | INFO | Query 45 Size of the uncertainty table is = 5757/7380
2024-04-17 11:02 | INFO | Query 45 Size of the filtered table is = 74
2024-04-17 11:03 | INFO | Query 45 Active Learning Runtime on Validation Set: 1459309.83
2024-04-17 11:03 | INFO | Query 45 Active Learning Runtime on Test Set: 379746.59
2024-04-17 11:03 | INFO | Query 45 Active Learning Instance Cost: 1428078.77
2024-04-17 11:03 | INFO | Timeout limit is increased to 3100
2024-04-17 11:03 | INFO | Query 46 Size of the uncertainty table is = 5757/7380
2024-04-17 11:03 | INFO | Query 46 Size of the filtered table is = 74
2024-04-17 11:03 | INFO | Query 46 Active Learning Runtime on Validation Set: 1459309.83
2024-04-17 11:03 | INFO | Query 46 Active Learning Runtime on Test Set: 379746.59
2024-04-17 11:03 | INFO | Query 46 Active Learning Instance Cost: 1442478.77
2024-04-17 11:03 | INFO | Timeout limit is increased to 3200
2024-04-17 11:03 | INFO | Query 47 Size of the uncertainty table is = 5757/7380
2024-04-17 11:03 | INFO | Query 47 Size of the filtered table is = 74
2024-04-17 11:04 | INFO | Query 47 Active Learning Runtime on Validation Set: 1459309.83
2024-04-17 11:04 | INFO | Query 47 Active Learning Runtime on Test Set: 379746.59
2024-04-17 11:04 | INFO | Query 47 Active Learning Instance Cost: 1456878.77
2024-04-17 11:04 | INFO | Timeout limit is increased to 3300
2024-04-17 11:04 | INFO | Query 48 Size of the uncertainty table is = 5757/7380
2024-04-17 11:04 | INFO | Query 48 Size of the filtered table is = 74
2024-04-17 11:04 | INFO | Query 48 Active Learning Runtime on Validation Set: 1459309.83
2024-04-17 11:04 | INFO | Query 48 Active Learning Runtime on Test Set: 379746.59
2024-04-17 11:04 | INFO | Query 48 Active Learning Instance Cost: 1471278.77
2024-04-17 11:04 | INFO | Timeout limit is increased to 3400
2024-04-17 11:04 | INFO | Query 49 Size of the uncertainty table is = 5757/7380
2024-04-17 11:04 | INFO | Query 49 Size of the filtered table is = 74
2024-04-17 11:05 | INFO | Query 49 Active Learning Runtime on Validation Set: 1459309.83
2024-04-17 11:05 | INFO | Query 49 Active Learning Runtime on Test Set: 379746.59
2024-04-17 11:05 | INFO | Query 49 Active Learning Instance Cost: 1485678.77
2024-04-17 11:05 | INFO | Timeout limit is increased to 3500
2024-04-17 11:05 | INFO | Query 50 Size of the uncertainty table is = 5757/7380
2024-04-17 11:05 | INFO | Query 50 Size of the filtered table is = 74
2024-04-17 11:05 | INFO | Query 50 Active Learning Runtime on Validation Set: 1459309.83
2024-04-17 11:05 | INFO | Query 50 Active Learning Runtime on Test Set: 379746.59
2024-04-17 11:05 | INFO | Query 50 Active Learning Instance Cost: 1500078.77
2024-04-17 11:05 | INFO | Timeout limit is increased to 3600
2024-04-17 11:05 | INFO | Query 51 Size of the uncertainty table is = 5757/7380
2024-04-17 11:05 | INFO | Query 51 Size of the filtered table is = 74
2024-04-17 11:06 | INFO | Query 51 Active Learning Runtime on Validation Set: 1459309.83
2024-04-17 11:06 | INFO | Query 51 Active Learning Runtime on Test Set: 379746.59
2024-04-17 11:06 | INFO | Query 51 Active Learning Instance Cost: 1514478.77
2024-04-17 11:06 | INFO | Timeout limit is increased to 3600
2024-04-17 11:06 | INFO | Query 52 Size of the uncertainty table is = 4665/7380
2024-04-17 11:06 | INFO | Query 52 Size of the filtered table is = 74
2024-04-17 11:06 | INFO | Query 52 Active Learning Runtime on Validation Set: 1495301.48
2024-04-17 11:06 | INFO | Query 52 Active Learning Runtime on Test Set: 380085.13
2024-04-17 11:06 | INFO | Query 52 Active Learning Instance Cost: 1766695.93
2024-04-17 11:06 | INFO | Timeout limit is increased to 3600
2024-04-17 11:06 | INFO | Query 53 Size of the uncertainty table is = 4488/7380
2024-04-17 11:06 | INFO | Query 53 Size of the filtered table is = 74
2024-04-17 11:07 | INFO | Query 53 Active Learning Runtime on Validation Set: 1495309.88
2024-04-17 11:07 | INFO | Query 53 Active Learning Runtime on Test Set: 308098.4
2024-04-17 11:07 | INFO | Query 53 Active Learning Instance Cost: 1968747.73
2024-04-17 11:07 | INFO | Timeout limit is increased to 3600
2024-04-17 11:07 | INFO | Query 54 Size of the uncertainty table is = 4295/7380
2024-04-17 11:07 | INFO | Query 54 Size of the filtered table is = 74
2024-04-17 11:07 | INFO | Query 54 Active Learning Runtime on Validation Set: 1495312.8
2024-04-17 11:07 | INFO | Query 54 Active Learning Runtime on Test Set: 343761.77
2024-04-17 11:07 | INFO | Query 54 Active Learning Instance Cost: 2096449.91
2024-04-17 11:07 | INFO | Timeout limit is increased to 3600
2024-04-17 11:07 | INFO | Query 55 Size of the uncertainty table is = 4084/7380
2024-04-17 11:07 | INFO | Query 55 Size of the filtered table is = 74
2024-04-17 11:07 | INFO | Query 55 Active Learning Runtime on Validation Set: 1531295.12
2024-04-17 11:07 | INFO | Query 55 Active Learning Runtime on Test Set: 307786.11
2024-04-17 11:07 | INFO | Query 55 Active Learning Instance Cost: 2321580.75
2024-04-17 11:07 | INFO | Timeout limit is increased to 3600
2024-04-17 11:07 | INFO | Query 56 Size of the uncertainty table is = 3868/7380
2024-04-17 11:07 | INFO | Query 56 Size of the filtered table is = 74
2024-04-17 11:08 | INFO | Query 56 Active Learning Runtime on Validation Set: 1531295.06
2024-04-17 11:08 | INFO | Query 56 Active Learning Runtime on Test Set: 376238.44
2024-04-17 11:08 | INFO | Query 56 Active Learning Instance Cost: 2490471.05
2024-04-17 11:08 | INFO | Query 57 Size of the uncertainty table is = 3621/7380
2024-04-17 11:08 | INFO | Query 57 Size of the filtered table is = 74
2024-04-17 11:08 | INFO | Query 57 Active Learning Runtime on Validation Set: 1495320.44
2024-04-17 11:08 | INFO | Query 57 Active Learning Runtime on Test Set: 271737.46
2024-04-17 11:08 | INFO | Query 57 Active Learning Instance Cost: 2654511.59
2024-04-17 11:08 | INFO | Query 58 Size of the uncertainty table is = 3386/7380
2024-04-17 11:08 | INFO | Query 58 Size of the filtered table is = 74
2024-04-17 11:09 | INFO | Query 58 Active Learning Runtime on Validation Set: 1495332.65
2024-04-17 11:09 | INFO | Query 58 Active Learning Runtime on Test Set: 271733.86
2024-04-17 11:09 | INFO | Query 58 Active Learning Instance Cost: 2759738.03
2024-04-17 11:09 | INFO | Timeout limit is increased to 3600
2024-04-17 11:09 | INFO | Query 59 Size of the uncertainty table is = 3149/7380
2024-04-17 11:09 | INFO | Query 59 Size of the filtered table is = 74
2024-04-17 11:09 | INFO | Query 59 Active Learning Runtime on Validation Set: 1425764.32
2024-04-17 11:09 | INFO | Query 59 Active Learning Runtime on Test Set: 271735.95
2024-04-17 11:09 | INFO | Query 59 Active Learning Instance Cost: 2978736.96
2024-04-17 11:09 | INFO | Query 60 Size of the uncertainty table is = 2941/7380
2024-04-17 11:09 | INFO | Query 60 Size of the filtered table is = 74
2024-04-17 11:10 | INFO | Query 60 Active Learning Runtime on Validation Set: 1495320.37
2024-04-17 11:10 | INFO | Query 60 Active Learning Runtime on Test Set: 235839.42
2024-04-17 11:10 | INFO | Query 60 Active Learning Instance Cost: 3185291.65
2024-04-17 11:10 | INFO | Timeout limit is increased to 3600
2024-04-17 11:10 | INFO | Query 61 Size of the uncertainty table is = 2719/7380
2024-04-17 11:10 | INFO | Query 61 Size of the filtered table is = 74
2024-04-17 11:10 | INFO | Query 61 Active Learning Runtime on Validation Set: 1495340.29
2024-04-17 11:10 | INFO | Query 61 Active Learning Runtime on Test Set: 235999.16
2024-04-17 11:10 | INFO | Query 61 Active Learning Instance Cost: 3349719.54
2024-04-17 11:10 | INFO | Timeout limit is increased to 3600
2024-04-17 11:10 | INFO | Query 62 Size of the uncertainty table is = 2526/7380
2024-04-17 11:10 | INFO | Query 62 Size of the filtered table is = 74
2024-04-17 11:11 | INFO | Query 62 Active Learning Runtime on Validation Set: 1495340.21
2024-04-17 11:11 | INFO | Query 62 Active Learning Runtime on Test Set: 271726.59
2024-04-17 11:11 | INFO | Query 62 Active Learning Instance Cost: 3512634.66
2024-04-17 11:11 | INFO | Query 63 Size of the uncertainty table is = 2295/7380
2024-04-17 11:11 | INFO | Query 63 Size of the filtered table is = 74
2024-04-17 11:11 | INFO | Query 63 Active Learning Runtime on Validation Set: 1495320.37
2024-04-17 11:11 | INFO | Query 63 Active Learning Runtime on Test Set: 271720.28
2024-04-17 11:11 | INFO | Query 63 Active Learning Instance Cost: 3701262.3
2024-04-17 11:11 | INFO | Query 64 Size of the uncertainty table is = 2157/7380
2024-04-17 11:11 | INFO | Query 64 Size of the filtered table is = 74
2024-04-17 11:12 | INFO | Query 64 Active Learning Runtime on Validation Set: 1423827.45
2024-04-17 11:12 | INFO | Query 64 Active Learning Runtime on Test Set: 268297.14
2024-04-17 11:12 | INFO | Query 64 Active Learning Instance Cost: 3812235.63
2024-04-17 11:12 | INFO | Query 65 Size of the uncertainty table is = 1908/7380
2024-04-17 11:12 | INFO | Query 65 Size of the filtered table is = 74
2024-04-17 11:12 | INFO | Query 65 Active Learning Runtime on Validation Set: 1495331.83
2024-04-17 11:12 | INFO | Query 65 Active Learning Runtime on Test Set: 339381.27
2024-04-17 11:12 | INFO | Query 65 Active Learning Instance Cost: 3916378.28
2024-04-17 11:12 | INFO | Timeout limit is increased to 3600
2024-04-17 11:12 | INFO | Query 66 Size of the uncertainty table is = 1651/7380
2024-04-17 11:12 | INFO | Query 66 Size of the filtered table is = 74
2024-04-17 11:13 | INFO | Query 66 Active Learning Runtime on Validation Set: 1317218.61
2024-04-17 11:13 | INFO | Query 66 Active Learning Runtime on Test Set: 262860.7
2024-04-17 11:13 | INFO | Query 66 Active Learning Instance Cost: 4034654.32
2024-04-17 11:13 | INFO | Query 67 Size of the uncertainty table is = 1381/7380
2024-04-17 11:13 | INFO | Query 67 Size of the filtered table is = 74
2024-04-17 11:13 | INFO | Query 67 Active Learning Runtime on Validation Set: 1422406.71
2024-04-17 11:13 | INFO | Query 67 Active Learning Runtime on Test Set: 298714.09
2024-04-17 11:13 | INFO | Query 67 Active Learning Instance Cost: 4166937.11
2024-04-17 11:13 | INFO | Timeout limit is increased to 3600
2024-04-17 11:13 | INFO | Query 68 Size of the uncertainty table is = 1120/7380
2024-04-17 11:13 | INFO | Query 68 Size of the filtered table is = 74
2024-04-17 11:14 | INFO | Query 68 Active Learning Runtime on Validation Set: 1317233.56
2024-04-17 11:14 | INFO | Query 68 Active Learning Runtime on Test Set: 226885.88
2024-04-17 11:14 | INFO | Query 68 Active Learning Instance Cost: 4219764.02
2024-04-17 11:14 | INFO | Query 69 Size of the uncertainty table is = 839/7380
2024-04-17 11:14 | INFO | Query 69 Size of the filtered table is = 74
2024-04-17 11:14 | INFO | Query 69 Active Learning Runtime on Validation Set: 1245244.59
2024-04-17 11:14 | INFO | Query 69 Active Learning Runtime on Test Set: 226684.68
2024-04-17 11:14 | INFO | Query 69 Active Learning Instance Cost: 4314501.48
2024-04-17 11:14 | INFO | Query 70 Size of the uncertainty table is = 627/7380
2024-04-17 11:14 | INFO | Query 70 Size of the filtered table is = 74
2024-04-17 11:15 | INFO | Query 70 Active Learning Runtime on Validation Set: 1350818.13
2024-04-17 11:15 | INFO | Query 70 Active Learning Runtime on Test Set: 262884.87
2024-04-17 11:15 | INFO | Query 70 Active Learning Instance Cost: 4364549.89
2024-04-17 11:15 | INFO | Timeout limit is increased to 3600
2024-04-17 11:15 | INFO | Query 71 Size of the uncertainty table is = 445/7380
2024-04-17 11:15 | INFO | Query 71 Size of the filtered table is = 74
2024-04-17 11:15 | INFO | Query 71 Active Learning Runtime on Validation Set: 1350790.83
2024-04-17 11:15 | INFO | Query 71 Active Learning Runtime on Test Set: 262882.74
2024-04-17 11:15 | INFO | Query 71 Active Learning Instance Cost: 4392396.3
2024-04-17 11:15 | INFO | Query 72 Size of the uncertainty table is = 214/7380
2024-04-17 11:15 | INFO | Query 72 Size of the filtered table is = 74
2024-04-17 11:16 | INFO | Query 72 Active Learning Runtime on Validation Set: 1350781.8
2024-04-17 11:16 | INFO | Query 72 Active Learning Runtime on Test Set: 262702.29
2024-04-17 11:16 | INFO | Query 72 Active Learning Instance Cost: 4435196.73
2024-04-17 11:16 | INFO | Query 73 Size of the uncertainty table is = 44/7380
2024-04-17 11:16 | INFO | Query 73 Size of the filtered table is = 44
2024-04-17 11:16 | INFO | Query 73 Active Learning Runtime on Validation Set: 1386782.02
2024-04-17 11:16 | INFO | Query 73 Active Learning Runtime on Test Set: 298881.85
2024-04-17 11:16 | INFO | Query 73 Active Learning Instance Cost: 4476009.13
2024-04-17 11:16 | INFO | Timeout limit is increased to 3600
2024-04-17 11:16 | INFO | runtime_test_score is written as json file
2024-04-17 11:16 | INFO | runtime_validation_score is written as json file
2024-04-17 11:16 | INFO | instance_cost is written as json file
2024-04-17 11:16 | INFO | Experiment is finished
