2024-04-17 18:12 | INFO | Paramaters are: {'dataset': 'CSP-2010', 'penalty': 10, 'weight': 'No_Weight', 'voting': 'Hard', 'pre_selection_size': 64, 'pre_selection_technique': 'No_pre_selection', 'feature_elimination_threshold': 20, 'imputer_strategy': 'median', 'feature_selection_technique': 'No_feature_selection', 'feature_scaling_technique': 'StandardScaler', 'initial_train_size': 20, 'query_size': 1, 'timeout_predictor_usage': 'No', 'timeout_limit': 100, 'timeout_increase_rate': 100, 'RANDOM_STATE_SEED': 12345, 'n_splits': 10, 'split_number': 0, 'max_timeout': 3600, 'param_grid': {'n_estimators': 100, 'criterion': 'gini', 'max_features': 'sqrt', 'max_depth': 2147483648, 'min_samples_split': 2, 'bootstrap': True}}
2024-04-17 18:12 | INFO | CSP-2010 is current dataset
2024-04-17 18:12 | INFO | DATASETS/CSP-2010/algorithm_runs.csv is found
2024-04-17 18:12 | INFO | DATASETS/CSP-2010/algorithm_runs.csv is finished
2024-04-17 18:12 | INFO | DATASETS/CSP-2010/feature_values.csv is found
2024-04-17 18:12 | INFO | DATASETS/CSP-2010/feature_values.csv is finished
2024-04-17 18:12 | INFO | Feature cost of train set is 0
2024-04-17 18:12 | INFO | Initial Active Learning Random Query Runtime on Validation Set: 582067.6
2024-04-17 18:12 | INFO | Initial Active Learning Random Query Runtime on Test Set: 243207.62
2024-04-17 18:12 | INFO | Initial Active Learning Random Query Instance Cost: 950.11
2024-04-17 18:12 | INFO | Bin size = 12
2024-04-17 18:12 | INFO | Query 1 Size of the uncertainty table is = 1202/1200
2024-04-17 18:12 | INFO | Query 1 Size of the filtered table is = 12
2024-04-17 18:13 | INFO | Query 1 Active Learning Random Query Runtime on Validation Set: 185754.66
2024-04-17 18:13 | INFO | Query 1 Active Learning Random Query Runtime on Test Set: 204660.36
2024-04-17 18:13 | INFO | Query 1 Active Learning Random Query Instance Cost: 1219.92
2024-04-17 18:13 | INFO | Query 2 Size of the uncertainty table is = 1190/1200
2024-04-17 18:13 | INFO | Query 2 Size of the filtered table is = 12
2024-04-17 18:13 | INFO | Query 2 Active Learning Random Query Runtime on Validation Set: 100310.05
2024-04-17 18:13 | INFO | Query 2 Active Learning Random Query Runtime on Test Set: 199874.22
2024-04-17 18:13 | INFO | Query 2 Active Learning Random Query Instance Cost: 1373.66
2024-04-17 18:13 | INFO | Query 3 Size of the uncertainty table is = 1178/1200
2024-04-17 18:13 | INFO | Query 3 Size of the filtered table is = 12
2024-04-17 18:13 | INFO | Query 3 Active Learning Random Query Runtime on Validation Set: 138625.04
2024-04-17 18:13 | INFO | Query 3 Active Learning Random Query Runtime on Test Set: 235840.73
2024-04-17 18:13 | INFO | Query 3 Active Learning Random Query Instance Cost: 1699.65
2024-04-17 18:13 | INFO | Timeout limit is increased to 200
2024-04-17 18:13 | INFO | Query 4 Size of the uncertainty table is = 1166/1200
2024-04-17 18:13 | INFO | Query 4 Size of the filtered table is = 12
2024-04-17 18:13 | INFO | Query 4 Active Learning Random Query Runtime on Validation Set: 100310.07
2024-04-17 18:13 | INFO | Query 4 Active Learning Random Query Runtime on Test Set: 97076.42
2024-04-17 18:13 | INFO | Query 4 Active Learning Random Query Instance Cost: 2473.82
2024-04-17 18:13 | INFO | Query 5 Size of the uncertainty table is = 1154/1200
2024-04-17 18:13 | INFO | Query 5 Size of the filtered table is = 12
2024-04-17 18:13 | INFO | Query 5 Active Learning Random Query Runtime on Validation Set: 100310.05
2024-04-17 18:13 | INFO | Query 5 Active Learning Random Query Runtime on Test Set: 62780.89
2024-04-17 18:13 | INFO | Query 5 Active Learning Random Query Instance Cost: 2912.55
2024-04-17 18:13 | INFO | Query 6 Size of the uncertainty table is = 1142/1200
2024-04-17 18:13 | INFO | Query 6 Size of the filtered table is = 12
2024-04-17 18:13 | INFO | Query 6 Active Learning Random Query Runtime on Validation Set: 100308.39
2024-04-17 18:13 | INFO | Query 6 Active Learning Random Query Runtime on Test Set: 129689.72
2024-04-17 18:13 | INFO | Query 6 Active Learning Random Query Instance Cost: 2918.7
2024-04-17 18:13 | INFO | Query 7 Size of the uncertainty table is = 1130/1200
2024-04-17 18:13 | INFO | Query 7 Size of the filtered table is = 12
2024-04-17 18:13 | INFO | Query 7 Active Learning Random Query Runtime on Validation Set: 95857.27
2024-04-17 18:13 | INFO | Query 7 Active Learning Random Query Runtime on Test Set: 98610.43
2024-04-17 18:13 | INFO | Query 7 Active Learning Random Query Instance Cost: 3793.64
2024-04-17 18:13 | INFO | Query 8 Size of the uncertainty table is = 1119/1200
2024-04-17 18:13 | INFO | Query 8 Size of the filtered table is = 12
2024-04-17 18:13 | INFO | Query 8 Active Learning Random Query Runtime on Validation Set: 95859.54
2024-04-17 18:13 | INFO | Query 8 Active Learning Random Query Runtime on Test Set: 129674.93
2024-04-17 18:13 | INFO | Query 8 Active Learning Random Query Instance Cost: 4761.44
2024-04-17 18:13 | INFO | Timeout limit is increased to 300
2024-04-17 18:13 | INFO | Query 9 Size of the uncertainty table is = 1107/1200
2024-04-17 18:13 | INFO | Query 9 Size of the filtered table is = 12
2024-04-17 18:13 | INFO | Query 9 Active Learning Random Query Runtime on Validation Set: 95857.3
2024-04-17 18:13 | INFO | Query 9 Active Learning Random Query Runtime on Test Set: 97250.8
2024-04-17 18:13 | INFO | Query 9 Active Learning Random Query Instance Cost: 4988.35
2024-04-17 18:13 | INFO | Query 10 Size of the uncertainty table is = 1095/1200
2024-04-17 18:13 | INFO | Query 10 Size of the filtered table is = 12
2024-04-17 18:13 | INFO | Query 10 Active Learning Random Query Runtime on Validation Set: 95857.28
2024-04-17 18:13 | INFO | Query 10 Active Learning Random Query Runtime on Test Set: 164083.81
2024-04-17 18:13 | INFO | Query 10 Active Learning Random Query Instance Cost: 5614.69
2024-04-17 18:13 | INFO | Query 11 Size of the uncertainty table is = 1084/1200
2024-04-17 18:13 | INFO | Query 11 Size of the filtered table is = 12
2024-04-17 18:13 | INFO | Query 11 Active Learning Random Query Runtime on Validation Set: 95859.54
2024-04-17 18:13 | INFO | Query 11 Active Learning Random Query Runtime on Test Set: 129614.76
2024-04-17 18:13 | INFO | Query 11 Active Learning Random Query Instance Cost: 6877.62
2024-04-17 18:13 | INFO | Timeout limit is increased to 400
2024-04-17 18:13 | INFO | Query 12 Size of the uncertainty table is = 1073/1200
2024-04-17 18:13 | INFO | Query 12 Size of the filtered table is = 12
2024-04-17 18:13 | INFO | Query 12 Active Learning Random Query Runtime on Validation Set: 95857.28
2024-04-17 18:13 | INFO | Query 12 Active Learning Random Query Runtime on Test Set: 129618.36
2024-04-17 18:13 | INFO | Query 12 Active Learning Random Query Instance Cost: 9634.71
2024-04-17 18:13 | INFO | Query 13 Size of the uncertainty table is = 1062/1200
2024-04-17 18:13 | INFO | Query 13 Size of the filtered table is = 12
2024-04-17 18:13 | INFO | Query 13 Active Learning Random Query Runtime on Validation Set: 95857.28
2024-04-17 18:13 | INFO | Query 13 Active Learning Random Query Runtime on Test Set: 129614.79
2024-04-17 18:13 | INFO | Query 13 Active Learning Random Query Instance Cost: 9656.07
2024-04-17 18:13 | INFO | Timeout limit is increased to 500
2024-04-17 18:13 | INFO | Query 14 Size of the uncertainty table is = 1050/1200
2024-04-17 18:13 | INFO | Query 14 Size of the filtered table is = 12
2024-04-17 18:14 | INFO | Query 14 Active Learning Random Query Runtime on Validation Set: 100308.41
2024-04-17 18:14 | INFO | Query 14 Active Learning Random Query Runtime on Test Set: 164292.52
2024-04-17 18:14 | INFO | Query 14 Active Learning Random Query Instance Cost: 10883.65
2024-04-17 18:14 | INFO | Timeout limit is increased to 600
2024-04-17 18:14 | INFO | Query 15 Size of the uncertainty table is = 1038/1200
2024-04-17 18:14 | INFO | Query 15 Size of the filtered table is = 12
2024-04-17 18:14 | INFO | Query 15 Active Learning Random Query Runtime on Validation Set: 100308.43
2024-04-17 18:14 | INFO | Query 15 Active Learning Random Query Runtime on Test Set: 61592.31
2024-04-17 18:14 | INFO | Query 15 Active Learning Random Query Instance Cost: 11490.03
2024-04-17 18:14 | INFO | Timeout limit is increased to 700
2024-04-17 18:14 | INFO | Query 16 Size of the uncertainty table is = 1026/1200
2024-04-17 18:14 | INFO | Query 16 Size of the filtered table is = 12
2024-04-17 18:14 | INFO | Query 16 Active Learning Random Query Runtime on Validation Set: 100308.38
2024-04-17 18:14 | INFO | Query 16 Active Learning Random Query Runtime on Test Set: 61588.74
2024-04-17 18:14 | INFO | Query 16 Active Learning Random Query Instance Cost: 13340.11
2024-04-17 18:14 | INFO | Query 17 Size of the uncertainty table is = 1014/1200
2024-04-17 18:14 | INFO | Query 17 Size of the filtered table is = 12
2024-04-17 18:14 | INFO | Query 17 Active Learning Random Query Runtime on Validation Set: 100308.43
2024-04-17 18:14 | INFO | Query 17 Active Learning Random Query Runtime on Test Set: 61588.89
2024-04-17 18:14 | INFO | Query 17 Active Learning Random Query Instance Cost: 13359.58
2024-04-17 18:14 | INFO | Timeout limit is increased to 800
2024-04-17 18:14 | INFO | Query 18 Size of the uncertainty table is = 1002/1200
2024-04-17 18:14 | INFO | Query 18 Size of the filtered table is = 12
2024-04-17 18:14 | INFO | Query 18 Active Learning Random Query Runtime on Validation Set: 100310.07
2024-04-17 18:14 | INFO | Query 18 Active Learning Random Query Runtime on Test Set: 61592.4
2024-04-17 18:14 | INFO | Query 18 Active Learning Random Query Instance Cost: 15328.05
2024-04-17 18:14 | INFO | Timeout limit is increased to 900
2024-04-17 18:14 | INFO | Query 19 Size of the uncertainty table is = 990/1200
2024-04-17 18:14 | INFO | Query 19 Size of the filtered table is = 12
2024-04-17 18:14 | INFO | Query 19 Active Learning Random Query Runtime on Validation Set: 100308.45
2024-04-17 18:14 | INFO | Query 19 Active Learning Random Query Runtime on Test Set: 61588.65
2024-04-17 18:14 | INFO | Query 19 Active Learning Random Query Instance Cost: 17206.86
2024-04-17 18:14 | INFO | Query 20 Size of the uncertainty table is = 978/1200
2024-04-17 18:14 | INFO | Query 20 Size of the filtered table is = 12
2024-04-17 18:14 | INFO | Query 20 Active Learning Random Query Runtime on Validation Set: 100308.48
2024-04-17 18:14 | INFO | Query 20 Active Learning Random Query Runtime on Test Set: 61588.66
2024-04-17 18:14 | INFO | Query 20 Active Learning Random Query Instance Cost: 19264.68
2024-04-17 18:14 | INFO | Timeout limit is increased to 1000
2024-04-17 18:14 | INFO | Query 21 Size of the uncertainty table is = 966/1200
2024-04-17 18:14 | INFO | Query 21 Size of the filtered table is = 12
2024-04-17 18:14 | INFO | Query 21 Active Learning Random Query Runtime on Validation Set: 100308.47
2024-04-17 18:14 | INFO | Query 21 Active Learning Random Query Runtime on Test Set: 131868.75
2024-04-17 18:14 | INFO | Query 21 Active Learning Random Query Instance Cost: 22374.78
2024-04-17 18:14 | INFO | Query 22 Size of the uncertainty table is = 954/1200
2024-04-17 18:14 | INFO | Query 22 Size of the filtered table is = 12
2024-04-17 18:14 | INFO | Query 22 Active Learning Random Query Runtime on Validation Set: 100310.02
2024-04-17 18:14 | INFO | Query 22 Active Learning Random Query Runtime on Test Set: 61589.17
2024-04-17 18:14 | INFO | Query 22 Active Learning Random Query Instance Cost: 23431.72
2024-04-17 18:14 | INFO | Timeout limit is increased to 1100
2024-04-17 18:14 | INFO | Query 23 Size of the uncertainty table is = 942/1200
2024-04-17 18:14 | INFO | Query 23 Size of the filtered table is = 12
2024-04-17 18:14 | INFO | Query 23 Active Learning Random Query Runtime on Validation Set: 100310.07
2024-04-17 18:14 | INFO | Query 23 Active Learning Random Query Runtime on Test Set: 97403.7
2024-04-17 18:14 | INFO | Query 23 Active Learning Random Query Instance Cost: 26603.24
2024-04-17 18:14 | INFO | Timeout limit is increased to 1200
2024-04-17 18:14 | INFO | Query 24 Size of the uncertainty table is = 930/1200
2024-04-17 18:14 | INFO | Query 24 Size of the filtered table is = 12
2024-04-17 18:14 | INFO | Query 24 Active Learning Random Query Runtime on Validation Set: 95858.96
2024-04-17 18:14 | INFO | Query 24 Active Learning Random Query Runtime on Test Set: 61593.13
2024-04-17 18:14 | INFO | Query 24 Active Learning Random Query Instance Cost: 26646.89
2024-04-17 18:14 | INFO | Query 25 Size of the uncertainty table is = 918/1200
2024-04-17 18:14 | INFO | Query 25 Size of the filtered table is = 12
2024-04-17 18:14 | INFO | Query 25 Active Learning Random Query Runtime on Validation Set: 95858.92
2024-04-17 18:14 | INFO | Query 25 Active Learning Random Query Runtime on Test Set: 131869.47
2024-04-17 18:14 | INFO | Query 25 Active Learning Random Query Instance Cost: 26798.61
2024-04-17 18:14 | INFO | Query 26 Size of the uncertainty table is = 906/1200
2024-04-17 18:14 | INFO | Query 26 Size of the filtered table is = 12
2024-04-17 18:14 | INFO | Query 26 Active Learning Random Query Runtime on Validation Set: 100310.07
2024-04-17 18:14 | INFO | Query 26 Active Learning Random Query Runtime on Test Set: 97403.68
2024-04-17 18:14 | INFO | Query 26 Active Learning Random Query Instance Cost: 30672.61
2024-04-17 18:14 | INFO | Timeout limit is increased to 1300
2024-04-17 18:14 | INFO | Query 27 Size of the uncertainty table is = 894/1200
2024-04-17 18:14 | INFO | Query 27 Size of the filtered table is = 12
2024-04-17 18:15 | INFO | Query 27 Active Learning Random Query Runtime on Validation Set: 100310.07
2024-04-17 18:15 | INFO | Query 27 Active Learning Random Query Runtime on Test Set: 162950.98
2024-04-17 18:15 | INFO | Query 27 Active Learning Random Query Instance Cost: 33449.68
2024-04-17 18:15 | INFO | Timeout limit is increased to 1400
2024-04-17 18:15 | INFO | Query 28 Size of the uncertainty table is = 882/1200
2024-04-17 18:15 | INFO | Query 28 Size of the filtered table is = 12
2024-04-17 18:15 | INFO | Query 28 Active Learning Random Query Runtime on Validation Set: 100310.02
2024-04-17 18:15 | INFO | Query 28 Active Learning Random Query Runtime on Test Set: 61592.63
2024-04-17 18:15 | INFO | Query 28 Active Learning Random Query Instance Cost: 40039.53
2024-04-17 18:15 | INFO | Query 29 Size of the uncertainty table is = 870/1200
2024-04-17 18:15 | INFO | Query 29 Size of the filtered table is = 12
2024-04-17 18:15 | INFO | Query 29 Active Learning Random Query Runtime on Validation Set: 100310.08
2024-04-17 18:15 | INFO | Query 29 Active Learning Random Query Runtime on Test Set: 131869.15
2024-04-17 18:15 | INFO | Query 29 Active Learning Random Query Instance Cost: 43181.76
2024-04-17 18:15 | INFO | Timeout limit is increased to 1500
2024-04-17 18:15 | INFO | Query 30 Size of the uncertainty table is = 858/1200
2024-04-17 18:15 | INFO | Query 30 Size of the filtered table is = 12
2024-04-17 18:15 | INFO | Query 30 Active Learning Random Query Runtime on Validation Set: 100310.05
2024-04-17 18:15 | INFO | Query 30 Active Learning Random Query Runtime on Test Set: 97403.69
2024-04-17 18:15 | INFO | Query 30 Active Learning Random Query Instance Cost: 46204.61
2024-04-17 18:15 | INFO | Query 31 Size of the uncertainty table is = 846/1200
2024-04-17 18:15 | INFO | Query 31 Size of the filtered table is = 12
2024-04-17 18:15 | INFO | Query 31 Active Learning Random Query Runtime on Validation Set: 136254.22
2024-04-17 18:15 | INFO | Query 31 Active Learning Random Query Runtime on Test Set: 97403.93
2024-04-17 18:15 | INFO | Query 31 Active Learning Random Query Instance Cost: 51979.38
2024-04-17 18:15 | INFO | Timeout limit is increased to 1600
2024-04-17 18:15 | INFO | Query 32 Size of the uncertainty table is = 834/1200
2024-04-17 18:15 | INFO | Query 32 Size of the filtered table is = 12
2024-04-17 18:15 | INFO | Query 32 Active Learning Random Query Runtime on Validation Set: 100310.05
2024-04-17 18:15 | INFO | Query 32 Active Learning Random Query Runtime on Test Set: 61592.73
2024-04-17 18:15 | INFO | Query 32 Active Learning Random Query Instance Cost: 61564.26
2024-04-17 18:15 | INFO | Query 33 Size of the uncertainty table is = 823/1200
2024-04-17 18:15 | INFO | Query 33 Size of the filtered table is = 12
2024-04-17 18:15 | INFO | Query 33 Active Learning Random Query Runtime on Validation Set: 138909.97
2024-04-17 18:15 | INFO | Query 33 Active Learning Random Query Runtime on Test Set: 131868.61
2024-04-17 18:15 | INFO | Query 33 Active Learning Random Query Instance Cost: 66459.55
2024-04-17 18:15 | INFO | Timeout limit is increased to 1700
2024-04-17 18:15 | INFO | Query 34 Size of the uncertainty table is = 811/1200
2024-04-17 18:15 | INFO | Query 34 Size of the filtered table is = 12
2024-04-17 18:15 | INFO | Query 34 Active Learning Random Query Runtime on Validation Set: 100310.05
2024-04-17 18:15 | INFO | Query 34 Active Learning Random Query Runtime on Test Set: 131869.47
2024-04-17 18:15 | INFO | Query 34 Active Learning Random Query Instance Cost: 69007.74
2024-04-17 18:15 | INFO | Query 35 Size of the uncertainty table is = 799/1200
2024-04-17 18:15 | INFO | Query 35 Size of the filtered table is = 12
2024-04-17 18:15 | INFO | Query 35 Active Learning Random Query Runtime on Validation Set: 100310.05
2024-04-17 18:15 | INFO | Query 35 Active Learning Random Query Runtime on Test Set: 131868.62
2024-04-17 18:15 | INFO | Query 35 Active Learning Random Query Instance Cost: 77799.35
2024-04-17 18:15 | INFO | Timeout limit is increased to 1800
2024-04-17 18:15 | INFO | Query 36 Size of the uncertainty table is = 787/1200
2024-04-17 18:15 | INFO | Query 36 Size of the filtered table is = 12
2024-04-17 18:15 | INFO | Query 36 Active Learning Random Query Runtime on Validation Set: 100310.05
2024-04-17 18:15 | INFO | Query 36 Active Learning Random Query Runtime on Test Set: 131869.11
2024-04-17 18:15 | INFO | Query 36 Active Learning Random Query Instance Cost: 77808.25
2024-04-17 18:15 | INFO | Timeout limit is increased to 1900
2024-04-17 18:15 | INFO | Query 37 Size of the uncertainty table is = 775/1200
2024-04-17 18:15 | INFO | Query 37 Size of the filtered table is = 12
2024-04-17 18:15 | INFO | Query 37 Active Learning Random Query Runtime on Validation Set: 100310.05
2024-04-17 18:15 | INFO | Query 37 Active Learning Random Query Runtime on Test Set: 131868.22
2024-04-17 18:15 | INFO | Query 37 Active Learning Random Query Instance Cost: 84902.15
2024-04-17 18:15 | INFO | Timeout limit is increased to 2000
2024-04-17 18:15 | INFO | Query 38 Size of the uncertainty table is = 763/1200
2024-04-17 18:15 | INFO | Query 38 Size of the filtered table is = 12
2024-04-17 18:15 | INFO | Query 38 Active Learning Random Query Runtime on Validation Set: 100310.05
2024-04-17 18:15 | INFO | Query 38 Active Learning Random Query Runtime on Test Set: 131869.9
2024-04-17 18:15 | INFO | Query 38 Active Learning Random Query Instance Cost: 85729.63
2024-04-17 18:15 | INFO | Timeout limit is increased to 2100
2024-04-17 18:15 | INFO | Query 39 Size of the uncertainty table is = 751/1200
2024-04-17 18:15 | INFO | Query 39 Size of the filtered table is = 12
2024-04-17 18:15 | INFO | Query 39 Active Learning Random Query Runtime on Validation Set: 100310.05
2024-04-17 18:15 | INFO | Query 39 Active Learning Random Query Runtime on Test Set: 131870.04
2024-04-17 18:15 | INFO | Query 39 Active Learning Random Query Instance Cost: 93284.47
2024-04-17 18:15 | INFO | Timeout limit is increased to 2200
2024-04-17 18:15 | INFO | Query 40 Size of the uncertainty table is = 739/1200
2024-04-17 18:15 | INFO | Query 40 Size of the filtered table is = 12
2024-04-17 18:16 | INFO | Query 40 Active Learning Random Query Runtime on Validation Set: 100310.05
2024-04-17 18:16 | INFO | Query 40 Active Learning Random Query Runtime on Test Set: 131869.12
2024-04-17 18:16 | INFO | Query 40 Active Learning Random Query Instance Cost: 102126.47
2024-04-17 18:16 | INFO | Timeout limit is increased to 2300
2024-04-17 18:16 | INFO | Query 41 Size of the uncertainty table is = 728/1200
2024-04-17 18:16 | INFO | Query 41 Size of the filtered table is = 12
2024-04-17 18:16 | INFO | Query 41 Active Learning Random Query Runtime on Validation Set: 100310.05
2024-04-17 18:16 | INFO | Query 41 Active Learning Random Query Runtime on Test Set: 131870.39
2024-04-17 18:16 | INFO | Query 41 Active Learning Random Query Instance Cost: 108029.67
2024-04-17 18:16 | INFO | Timeout limit is increased to 2400
2024-04-17 18:16 | INFO | Query 42 Size of the uncertainty table is = 716/1200
2024-04-17 18:16 | INFO | Query 42 Size of the filtered table is = 12
2024-04-17 18:16 | INFO | Query 42 Active Learning Random Query Runtime on Validation Set: 100310.05
2024-04-17 18:16 | INFO | Query 42 Active Learning Random Query Runtime on Test Set: 97404.56
2024-04-17 18:16 | INFO | Query 42 Active Learning Random Query Instance Cost: 114729.43
2024-04-17 18:16 | INFO | Timeout limit is increased to 2500
2024-04-17 18:16 | INFO | Query 43 Size of the uncertainty table is = 704/1200
2024-04-17 18:16 | INFO | Query 43 Size of the filtered table is = 12
2024-04-17 18:16 | INFO | Query 43 Active Learning Random Query Runtime on Validation Set: 100310.05
2024-04-17 18:16 | INFO | Query 43 Active Learning Random Query Runtime on Test Set: 131869.86
2024-04-17 18:16 | INFO | Query 43 Active Learning Random Query Instance Cost: 125298.74
2024-04-17 18:16 | INFO | Timeout limit is increased to 2600
2024-04-17 18:16 | INFO | Query 44 Size of the uncertainty table is = 694/1200
2024-04-17 18:16 | INFO | Query 44 Size of the filtered table is = 12
2024-04-17 18:16 | INFO | Query 44 Active Learning Random Query Runtime on Validation Set: 100310.05
2024-04-17 18:16 | INFO | Query 44 Active Learning Random Query Runtime on Test Set: 97404.42
2024-04-17 18:16 | INFO | Query 44 Active Learning Random Query Instance Cost: 127436.21
2024-04-17 18:16 | INFO | Timeout limit is increased to 2700
2024-04-17 18:16 | INFO | Query 45 Size of the uncertainty table is = 682/1200
2024-04-17 18:16 | INFO | Query 45 Size of the filtered table is = 12
2024-04-17 18:16 | INFO | Query 45 Active Learning Random Query Runtime on Validation Set: 100310.05
2024-04-17 18:16 | INFO | Query 45 Active Learning Random Query Runtime on Test Set: 131868.92
2024-04-17 18:16 | INFO | Query 45 Active Learning Random Query Instance Cost: 133125.32
2024-04-17 18:16 | INFO | Timeout limit is increased to 2800
2024-04-17 18:16 | INFO | Query 46 Size of the uncertainty table is = 670/1200
2024-04-17 18:16 | INFO | Query 46 Size of the filtered table is = 12
2024-04-17 18:16 | INFO | Query 46 Active Learning Random Query Runtime on Validation Set: 100310.05
2024-04-17 18:16 | INFO | Query 46 Active Learning Random Query Runtime on Test Set: 131868.99
2024-04-17 18:16 | INFO | Query 46 Active Learning Random Query Instance Cost: 133221.61
2024-04-17 18:16 | INFO | Timeout limit is increased to 2900
2024-04-17 18:16 | INFO | Query 47 Size of the uncertainty table is = 658/1200
2024-04-17 18:16 | INFO | Query 47 Size of the filtered table is = 12
2024-04-17 18:16 | INFO | Query 47 Active Learning Random Query Runtime on Validation Set: 100310.05
2024-04-17 18:16 | INFO | Query 47 Active Learning Random Query Runtime on Test Set: 131869.92
2024-04-17 18:16 | INFO | Query 47 Active Learning Random Query Instance Cost: 133778.28
2024-04-17 18:16 | INFO | Timeout limit is increased to 3000
2024-04-17 18:16 | INFO | Query 48 Size of the uncertainty table is = 646/1200
2024-04-17 18:16 | INFO | Query 48 Size of the filtered table is = 12
2024-04-17 18:16 | INFO | Query 48 Active Learning Random Query Runtime on Validation Set: 100310.05
2024-04-17 18:16 | INFO | Query 48 Active Learning Random Query Runtime on Test Set: 131870.41
2024-04-17 18:16 | INFO | Query 48 Active Learning Random Query Instance Cost: 136983.52
2024-04-17 18:16 | INFO | Timeout limit is increased to 3100
2024-04-17 18:16 | INFO | Query 49 Size of the uncertainty table is = 634/1200
2024-04-17 18:16 | INFO | Query 49 Size of the filtered table is = 12
2024-04-17 18:16 | INFO | Query 49 Active Learning Random Query Runtime on Validation Set: 100310.05
2024-04-17 18:16 | INFO | Query 49 Active Learning Random Query Runtime on Test Set: 97400.52
2024-04-17 18:16 | INFO | Query 49 Active Learning Random Query Instance Cost: 142909.83
2024-04-17 18:16 | INFO | Timeout limit is increased to 3200
2024-04-17 18:16 | INFO | Query 50 Size of the uncertainty table is = 622/1200
2024-04-17 18:16 | INFO | Query 50 Size of the filtered table is = 12
2024-04-17 18:16 | INFO | Query 50 Active Learning Random Query Runtime on Validation Set: 100310.05
2024-04-17 18:16 | INFO | Query 50 Active Learning Random Query Runtime on Test Set: 97403.13
2024-04-17 18:16 | INFO | Query 50 Active Learning Random Query Instance Cost: 143030.87
2024-04-17 18:16 | INFO | Timeout limit is increased to 3300
2024-04-17 18:16 | INFO | Query 51 Size of the uncertainty table is = 610/1200
2024-04-17 18:16 | INFO | Query 51 Size of the filtered table is = 12
2024-04-17 18:16 | INFO | Query 51 Active Learning Random Query Runtime on Validation Set: 100310.05
2024-04-17 18:16 | INFO | Query 51 Active Learning Random Query Runtime on Test Set: 97403.61
2024-04-17 18:16 | INFO | Query 51 Active Learning Random Query Instance Cost: 153368.58
2024-04-17 18:16 | INFO | Timeout limit is increased to 3400
2024-04-17 18:16 | INFO | Query 52 Size of the uncertainty table is = 599/1200
2024-04-17 18:16 | INFO | Query 52 Size of the filtered table is = 12
2024-04-17 18:16 | INFO | Query 52 Active Learning Random Query Runtime on Validation Set: 100310.05
2024-04-17 18:16 | INFO | Query 52 Active Learning Random Query Runtime on Test Set: 97404.52
2024-04-17 18:16 | INFO | Query 52 Active Learning Random Query Instance Cost: 160420.12
2024-04-17 18:16 | INFO | Timeout limit is increased to 3500
2024-04-17 18:16 | INFO | Query 53 Size of the uncertainty table is = 587/1200
2024-04-17 18:16 | INFO | Query 53 Size of the filtered table is = 12
2024-04-17 18:17 | INFO | Query 53 Active Learning Random Query Runtime on Validation Set: 100310.05
2024-04-17 18:17 | INFO | Query 53 Active Learning Random Query Runtime on Test Set: 97403.61
2024-04-17 18:17 | INFO | Query 53 Active Learning Random Query Instance Cost: 160446.03
2024-04-17 18:17 | INFO | Timeout limit is increased to 3600
2024-04-17 18:17 | INFO | Query 54 Size of the uncertainty table is = 575/1200
2024-04-17 18:17 | INFO | Query 54 Size of the filtered table is = 12
2024-04-17 18:17 | INFO | Query 54 Active Learning Random Query Runtime on Validation Set: 100310.05
2024-04-17 18:17 | INFO | Query 54 Active Learning Random Query Runtime on Test Set: 97404.85
2024-04-17 18:17 | INFO | Query 54 Active Learning Random Query Instance Cost: 171655.79
2024-04-17 18:17 | INFO | Timeout limit is increased to 3600
2024-04-17 18:17 | INFO | Query 55 Size of the uncertainty table is = 556/1200
2024-04-17 18:17 | INFO | Query 55 Size of the filtered table is = 12
2024-04-17 18:17 | INFO | Query 55 Active Learning Random Query Runtime on Validation Set: 100310.05
2024-04-17 18:17 | INFO | Query 55 Active Learning Random Query Runtime on Test Set: 97405.01
2024-04-17 18:17 | INFO | Query 55 Active Learning Random Query Instance Cost: 178753.95
2024-04-17 18:17 | INFO | Timeout limit is increased to 3600
2024-04-17 18:17 | INFO | Query 56 Size of the uncertainty table is = 544/1200
2024-04-17 18:17 | INFO | Query 56 Size of the filtered table is = 12
2024-04-17 18:17 | INFO | Query 56 Active Learning Random Query Runtime on Validation Set: 100310.05
2024-04-17 18:17 | INFO | Query 56 Active Learning Random Query Runtime on Test Set: 61419.14
2024-04-17 18:17 | INFO | Query 56 Active Learning Random Query Instance Cost: 193418.95
2024-04-17 18:17 | INFO | Timeout limit is increased to 3600
2024-04-17 18:17 | INFO | Query 57 Size of the uncertainty table is = 532/1200
2024-04-17 18:17 | INFO | Query 57 Size of the filtered table is = 12
2024-04-17 18:17 | INFO | Query 57 Active Learning Random Query Runtime on Validation Set: 100310.05
2024-04-17 18:17 | INFO | Query 57 Active Learning Random Query Runtime on Test Set: 61419.14
2024-04-17 18:17 | INFO | Query 57 Active Learning Random Query Instance Cost: 197371.58
2024-04-17 18:17 | INFO | Timeout limit is increased to 3600
2024-04-17 18:17 | INFO | Query 58 Size of the uncertainty table is = 520/1200
2024-04-17 18:17 | INFO | Query 58 Size of the filtered table is = 12
2024-04-17 18:17 | INFO | Query 58 Active Learning Random Query Runtime on Validation Set: 100310.05
2024-04-17 18:17 | INFO | Query 58 Active Learning Random Query Runtime on Test Set: 61419.14
2024-04-17 18:17 | INFO | Query 58 Active Learning Random Query Instance Cost: 209298.9
2024-04-17 18:17 | INFO | Timeout limit is increased to 3600
2024-04-17 18:17 | INFO | Query 59 Size of the uncertainty table is = 508/1200
2024-04-17 18:17 | INFO | Query 59 Size of the filtered table is = 12
2024-04-17 18:17 | INFO | Query 59 Active Learning Random Query Runtime on Validation Set: 100310.05
2024-04-17 18:17 | INFO | Query 59 Active Learning Random Query Runtime on Test Set: 61419.14
2024-04-17 18:17 | INFO | Query 59 Active Learning Random Query Instance Cost: 222613.74
2024-04-17 18:17 | INFO | Timeout limit is increased to 3600
2024-04-17 18:17 | INFO | Query 60 Size of the uncertainty table is = 496/1200
2024-04-17 18:17 | INFO | Query 60 Size of the filtered table is = 12
2024-04-17 18:17 | INFO | Query 60 Active Learning Random Query Runtime on Validation Set: 100310.05
2024-04-17 18:17 | INFO | Query 60 Active Learning Random Query Runtime on Test Set: 61419.14
2024-04-17 18:17 | INFO | Query 60 Active Learning Random Query Instance Cost: 239270.51
2024-04-17 18:17 | INFO | Timeout limit is increased to 3600
2024-04-17 18:17 | INFO | Query 61 Size of the uncertainty table is = 484/1200
2024-04-17 18:17 | INFO | Query 61 Size of the filtered table is = 12
2024-04-17 18:17 | INFO | Query 61 Active Learning Random Query Runtime on Validation Set: 100310.05
2024-04-17 18:17 | INFO | Query 61 Active Learning Random Query Runtime on Test Set: 61419.14
2024-04-17 18:17 | INFO | Query 61 Active Learning Random Query Instance Cost: 249367.62
2024-04-17 18:17 | INFO | Timeout limit is increased to 3600
2024-04-17 18:17 | INFO | Query 62 Size of the uncertainty table is = 472/1200
2024-04-17 18:17 | INFO | Query 62 Size of the filtered table is = 12
2024-04-17 18:17 | INFO | Query 62 Active Learning Random Query Runtime on Validation Set: 100310.05
2024-04-17 18:17 | INFO | Query 62 Active Learning Random Query Runtime on Test Set: 61419.09
2024-04-17 18:17 | INFO | Query 62 Active Learning Random Query Instance Cost: 256647.62
2024-04-17 18:17 | INFO | Timeout limit is increased to 3600
2024-04-17 18:17 | INFO | Query 63 Size of the uncertainty table is = 460/1200
2024-04-17 18:17 | INFO | Query 63 Size of the filtered table is = 12
2024-04-17 18:17 | INFO | Query 63 Active Learning Random Query Runtime on Validation Set: 100310.05
2024-04-17 18:17 | INFO | Query 63 Active Learning Random Query Runtime on Test Set: 25604.2
2024-04-17 18:17 | INFO | Query 63 Active Learning Random Query Instance Cost: 265052.87
2024-04-17 18:17 | INFO | Timeout limit is increased to 3600
2024-04-17 18:17 | INFO | Query 64 Size of the uncertainty table is = 448/1200
2024-04-17 18:17 | INFO | Query 64 Size of the filtered table is = 12
2024-04-17 18:17 | INFO | Query 64 Active Learning Random Query Runtime on Validation Set: 100310.05
2024-04-17 18:17 | INFO | Query 64 Active Learning Random Query Runtime on Test Set: 25604.2
2024-04-17 18:17 | INFO | Query 64 Active Learning Random Query Instance Cost: 268699.93
2024-04-17 18:17 | INFO | Timeout limit is increased to 3600
2024-04-17 18:17 | INFO | Query 65 Size of the uncertainty table is = 436/1200
2024-04-17 18:17 | INFO | Query 65 Size of the filtered table is = 12
2024-04-17 18:17 | INFO | Query 65 Active Learning Random Query Runtime on Validation Set: 100310.05
2024-04-17 18:17 | INFO | Query 65 Active Learning Random Query Runtime on Test Set: 25604.23
2024-04-17 18:17 | INFO | Query 65 Active Learning Random Query Instance Cost: 271559.46
2024-04-17 18:17 | INFO | Timeout limit is increased to 3600
2024-04-17 18:17 | INFO | Query 66 Size of the uncertainty table is = 424/1200
2024-04-17 18:17 | INFO | Query 66 Size of the filtered table is = 12
2024-04-17 18:18 | INFO | Query 66 Active Learning Random Query Runtime on Validation Set: 100310.05
2024-04-17 18:18 | INFO | Query 66 Active Learning Random Query Runtime on Test Set: 25604.58
2024-04-17 18:18 | INFO | Query 66 Active Learning Random Query Instance Cost: 275541.29
2024-04-17 18:18 | INFO | Timeout limit is increased to 3600
2024-04-17 18:18 | INFO | Query 67 Size of the uncertainty table is = 412/1200
2024-04-17 18:18 | INFO | Query 67 Size of the filtered table is = 12
2024-04-17 18:18 | INFO | Query 67 Active Learning Random Query Runtime on Validation Set: 100310.05
2024-04-17 18:18 | INFO | Query 67 Active Learning Random Query Runtime on Test Set: 25604.55
2024-04-17 18:18 | INFO | Query 67 Active Learning Random Query Instance Cost: 282637.12
2024-04-17 18:18 | INFO | Timeout limit is increased to 3600
2024-04-17 18:18 | INFO | Query 68 Size of the uncertainty table is = 400/1200
2024-04-17 18:18 | INFO | Query 68 Size of the filtered table is = 12
2024-04-17 18:18 | INFO | Query 68 Active Learning Random Query Runtime on Validation Set: 100310.05
2024-04-17 18:18 | INFO | Query 68 Active Learning Random Query Runtime on Test Set: 25604.56
2024-04-17 18:18 | INFO | Query 68 Active Learning Random Query Instance Cost: 288506.24
2024-04-17 18:18 | INFO | Timeout limit is increased to 3600
2024-04-17 18:18 | INFO | Query 69 Size of the uncertainty table is = 388/1200
2024-04-17 18:18 | INFO | Query 69 Size of the filtered table is = 12
2024-04-17 18:18 | INFO | Query 69 Active Learning Random Query Runtime on Validation Set: 100310.05
2024-04-17 18:18 | INFO | Query 69 Active Learning Random Query Runtime on Test Set: 25604.58
2024-04-17 18:18 | INFO | Query 69 Active Learning Random Query Instance Cost: 288610.85
2024-04-17 18:18 | INFO | Timeout limit is increased to 3600
2024-04-17 18:18 | INFO | Query 70 Size of the uncertainty table is = 376/1200
2024-04-17 18:18 | INFO | Query 70 Size of the filtered table is = 12
2024-04-17 18:18 | INFO | Query 70 Active Learning Random Query Runtime on Validation Set: 100310.05
2024-04-17 18:18 | INFO | Query 70 Active Learning Random Query Runtime on Test Set: 25604.72
2024-04-17 18:18 | INFO | Query 70 Active Learning Random Query Instance Cost: 289027.12
2024-04-17 18:18 | INFO | Timeout limit is increased to 3600
2024-04-17 18:18 | INFO | Query 71 Size of the uncertainty table is = 364/1200
2024-04-17 18:18 | INFO | Query 71 Size of the filtered table is = 12
2024-04-17 18:18 | INFO | Query 71 Active Learning Random Query Runtime on Validation Set: 100310.05
2024-04-17 18:18 | INFO | Query 71 Active Learning Random Query Runtime on Test Set: 25604.69
2024-04-17 18:18 | INFO | Query 71 Active Learning Random Query Instance Cost: 292680.56
2024-04-17 18:18 | INFO | Timeout limit is increased to 3600
2024-04-17 18:18 | INFO | Query 72 Size of the uncertainty table is = 352/1200
2024-04-17 18:18 | INFO | Query 72 Size of the filtered table is = 12
2024-04-17 18:18 | INFO | Query 72 Active Learning Random Query Runtime on Validation Set: 100310.05
2024-04-17 18:18 | INFO | Query 72 Active Learning Random Query Runtime on Test Set: 25604.53
2024-04-17 18:18 | INFO | Query 72 Active Learning Random Query Instance Cost: 292892.39
2024-04-17 18:18 | INFO | Timeout limit is increased to 3600
2024-04-17 18:18 | INFO | Query 73 Size of the uncertainty table is = 340/1200
2024-04-17 18:18 | INFO | Query 73 Size of the filtered table is = 12
2024-04-17 18:18 | INFO | Query 73 Active Learning Random Query Runtime on Validation Set: 100310.05
2024-04-17 18:18 | INFO | Query 73 Active Learning Random Query Runtime on Test Set: 25604.18
2024-04-17 18:18 | INFO | Query 73 Active Learning Random Query Instance Cost: 300812.45
2024-04-17 18:18 | INFO | Timeout limit is increased to 3600
2024-04-17 18:18 | INFO | Query 74 Size of the uncertainty table is = 328/1200
2024-04-17 18:18 | INFO | Query 74 Size of the filtered table is = 12
2024-04-17 18:18 | INFO | Query 74 Active Learning Random Query Runtime on Validation Set: 100310.05
2024-04-17 18:18 | INFO | Query 74 Active Learning Random Query Runtime on Test Set: 25604.53
2024-04-17 18:18 | INFO | Query 74 Active Learning Random Query Instance Cost: 304660.58
2024-04-17 18:18 | INFO | Timeout limit is increased to 3600
2024-04-17 18:18 | INFO | Query 75 Size of the uncertainty table is = 316/1200
2024-04-17 18:18 | INFO | Query 75 Size of the filtered table is = 12
2024-04-17 18:18 | INFO | Query 75 Active Learning Random Query Runtime on Validation Set: 100310.05
2024-04-17 18:18 | INFO | Query 75 Active Learning Random Query Runtime on Test Set: 25608.16
2024-04-17 18:18 | INFO | Query 75 Active Learning Random Query Instance Cost: 306463.93
2024-04-17 18:18 | INFO | Timeout limit is increased to 3600
2024-04-17 18:18 | INFO | Query 76 Size of the uncertainty table is = 304/1200
2024-04-17 18:18 | INFO | Query 76 Size of the filtered table is = 12
2024-04-17 18:18 | INFO | Query 76 Active Learning Random Query Runtime on Validation Set: 100310.05
2024-04-17 18:18 | INFO | Query 76 Active Learning Random Query Runtime on Test Set: 61415.63
2024-04-17 18:18 | INFO | Query 76 Active Learning Random Query Instance Cost: 306493.24
2024-04-17 18:18 | INFO | Timeout limit is increased to 3600
2024-04-17 18:18 | INFO | Query 77 Size of the uncertainty table is = 292/1200
2024-04-17 18:18 | INFO | Query 77 Size of the filtered table is = 12
2024-04-17 18:18 | INFO | Query 77 Active Learning Random Query Runtime on Validation Set: 100310.05
2024-04-17 18:18 | INFO | Query 77 Active Learning Random Query Runtime on Test Set: 25604.55
2024-04-17 18:18 | INFO | Query 77 Active Learning Random Query Instance Cost: 322393.47
2024-04-17 18:18 | INFO | Timeout limit is increased to 3600
2024-04-17 18:18 | INFO | Query 78 Size of the uncertainty table is = 280/1200
2024-04-17 18:18 | INFO | Query 78 Size of the filtered table is = 12
2024-04-17 18:19 | INFO | Query 78 Active Learning Random Query Runtime on Validation Set: 100310.05
2024-04-17 18:19 | INFO | Query 78 Active Learning Random Query Runtime on Test Set: 25604.55
2024-04-17 18:19 | INFO | Query 78 Active Learning Random Query Instance Cost: 324643.89
2024-04-17 18:19 | INFO | Timeout limit is increased to 3600
2024-04-17 18:19 | INFO | Query 79 Size of the uncertainty table is = 268/1200
2024-04-17 18:19 | INFO | Query 79 Size of the filtered table is = 12
2024-04-17 18:19 | INFO | Query 79 Active Learning Random Query Runtime on Validation Set: 100310.05
2024-04-17 18:19 | INFO | Query 79 Active Learning Random Query Runtime on Test Set: 25604.69
2024-04-17 18:19 | INFO | Query 79 Active Learning Random Query Instance Cost: 328257.41
2024-04-17 18:19 | INFO | Timeout limit is increased to 3600
2024-04-17 18:19 | INFO | Query 80 Size of the uncertainty table is = 256/1200
2024-04-17 18:19 | INFO | Query 80 Size of the filtered table is = 12
2024-04-17 18:19 | INFO | Query 80 Active Learning Random Query Runtime on Validation Set: 100310.05
2024-04-17 18:19 | INFO | Query 80 Active Learning Random Query Runtime on Test Set: 25604.38
2024-04-17 18:19 | INFO | Query 80 Active Learning Random Query Instance Cost: 332361.19
2024-04-17 18:19 | INFO | Timeout limit is increased to 3600
2024-04-17 18:19 | INFO | Query 81 Size of the uncertainty table is = 244/1200
2024-04-17 18:19 | INFO | Query 81 Size of the filtered table is = 12
2024-04-17 18:19 | INFO | Query 81 Active Learning Random Query Runtime on Validation Set: 100310.05
2024-04-17 18:19 | INFO | Query 81 Active Learning Random Query Runtime on Test Set: 25604.54
2024-04-17 18:19 | INFO | Query 81 Active Learning Random Query Instance Cost: 332444.33
2024-04-17 18:19 | INFO | Timeout limit is increased to 3600
2024-04-17 18:19 | INFO | Query 82 Size of the uncertainty table is = 232/1200
2024-04-17 18:19 | INFO | Query 82 Size of the filtered table is = 12
2024-04-17 18:19 | INFO | Query 82 Active Learning Random Query Runtime on Validation Set: 100310.05
2024-04-17 18:19 | INFO | Query 82 Active Learning Random Query Runtime on Test Set: 25604.73
2024-04-17 18:19 | INFO | Query 82 Active Learning Random Query Instance Cost: 332451.72
2024-04-17 18:19 | INFO | Timeout limit is increased to 3600
2024-04-17 18:19 | INFO | Query 83 Size of the uncertainty table is = 220/1200
2024-04-17 18:19 | INFO | Query 83 Size of the filtered table is = 12
2024-04-17 18:19 | INFO | Query 83 Active Learning Random Query Runtime on Validation Set: 100310.05
2024-04-17 18:19 | INFO | Query 83 Active Learning Random Query Runtime on Test Set: 25604.72
2024-04-17 18:19 | INFO | Query 83 Active Learning Random Query Instance Cost: 333428.47
2024-04-17 18:19 | INFO | Timeout limit is increased to 3600
2024-04-17 18:19 | INFO | Query 84 Size of the uncertainty table is = 208/1200
2024-04-17 18:19 | INFO | Query 84 Size of the filtered table is = 12
2024-04-17 18:19 | INFO | Query 84 Active Learning Random Query Runtime on Validation Set: 100310.05
2024-04-17 18:19 | INFO | Query 84 Active Learning Random Query Runtime on Test Set: 25604.37
2024-04-17 18:19 | INFO | Query 84 Active Learning Random Query Instance Cost: 337168.45
2024-04-17 18:19 | INFO | Timeout limit is increased to 3600
2024-04-17 18:19 | INFO | Query 85 Size of the uncertainty table is = 196/1200
2024-04-17 18:19 | INFO | Query 85 Size of the filtered table is = 12
2024-04-17 18:19 | INFO | Query 85 Active Learning Random Query Runtime on Validation Set: 100310.05
2024-04-17 18:19 | INFO | Query 85 Active Learning Random Query Runtime on Test Set: 25607.81
2024-04-17 18:19 | INFO | Query 85 Active Learning Random Query Instance Cost: 345864.97
2024-04-17 18:19 | INFO | Timeout limit is increased to 3600
2024-04-17 18:19 | INFO | Query 86 Size of the uncertainty table is = 184/1200
2024-04-17 18:19 | INFO | Query 86 Size of the filtered table is = 12
2024-04-17 18:19 | INFO | Query 86 Active Learning Random Query Runtime on Validation Set: 100310.05
2024-04-17 18:19 | INFO | Query 86 Active Learning Random Query Runtime on Test Set: 25603.85
2024-04-17 18:19 | INFO | Query 86 Active Learning Random Query Instance Cost: 351851.71
2024-04-17 18:19 | INFO | Timeout limit is increased to 3600
2024-04-17 18:19 | INFO | Query 87 Size of the uncertainty table is = 172/1200
2024-04-17 18:19 | INFO | Query 87 Size of the filtered table is = 12
2024-04-17 18:19 | INFO | Query 87 Active Learning Random Query Runtime on Validation Set: 100310.05
2024-04-17 18:19 | INFO | Query 87 Active Learning Random Query Runtime on Test Set: 25604.2
2024-04-17 18:19 | INFO | Query 87 Active Learning Random Query Instance Cost: 363616.57
2024-04-17 18:19 | INFO | Timeout limit is increased to 3600
2024-04-17 18:19 | INFO | Query 88 Size of the uncertainty table is = 160/1200
2024-04-17 18:19 | INFO | Query 88 Size of the filtered table is = 12
2024-04-17 18:19 | INFO | Query 88 Active Learning Random Query Runtime on Validation Set: 100310.05
2024-04-17 18:19 | INFO | Query 88 Active Learning Random Query Runtime on Test Set: 61418.38
2024-04-17 18:19 | INFO | Query 88 Active Learning Random Query Instance Cost: 366093.2
2024-04-17 18:19 | INFO | Timeout limit is increased to 3600
2024-04-17 18:19 | INFO | Query 89 Size of the uncertainty table is = 148/1200
2024-04-17 18:19 | INFO | Query 89 Size of the filtered table is = 12
2024-04-17 18:19 | INFO | Query 89 Active Learning Random Query Runtime on Validation Set: 100310.05
2024-04-17 18:19 | INFO | Query 89 Active Learning Random Query Runtime on Test Set: 25607.43
2024-04-17 18:19 | INFO | Query 89 Active Learning Random Query Instance Cost: 370978.86
2024-04-17 18:19 | INFO | Timeout limit is increased to 3600
2024-04-17 18:19 | INFO | Query 90 Size of the uncertainty table is = 136/1200
2024-04-17 18:19 | INFO | Query 90 Size of the filtered table is = 12
2024-04-17 18:19 | INFO | Query 90 Active Learning Random Query Runtime on Validation Set: 100310.05
2024-04-17 18:19 | INFO | Query 90 Active Learning Random Query Runtime on Test Set: 25603.85
2024-04-17 18:19 | INFO | Query 90 Active Learning Random Query Instance Cost: 372887.95
2024-04-17 18:19 | INFO | Timeout limit is increased to 3600
2024-04-17 18:19 | INFO | Query 91 Size of the uncertainty table is = 124/1200
2024-04-17 18:19 | INFO | Query 91 Size of the filtered table is = 12
2024-04-17 18:20 | INFO | Query 91 Active Learning Random Query Runtime on Validation Set: 100310.05
2024-04-17 18:20 | INFO | Query 91 Active Learning Random Query Runtime on Test Set: 25603.88
2024-04-17 18:20 | INFO | Query 91 Active Learning Random Query Instance Cost: 374285.72
2024-04-17 18:20 | INFO | Timeout limit is increased to 3600
2024-04-17 18:20 | INFO | Query 92 Size of the uncertainty table is = 112/1200
2024-04-17 18:20 | INFO | Query 92 Size of the filtered table is = 12
2024-04-17 18:20 | INFO | Query 92 Active Learning Random Query Runtime on Validation Set: 100310.05
2024-04-17 18:20 | INFO | Query 92 Active Learning Random Query Runtime on Test Set: 25607.8
2024-04-17 18:20 | INFO | Query 92 Active Learning Random Query Instance Cost: 374337.51
2024-04-17 18:20 | INFO | Timeout limit is increased to 3600
2024-04-17 18:20 | INFO | Query 93 Size of the uncertainty table is = 100/1200
2024-04-17 18:20 | INFO | Query 93 Size of the filtered table is = 12
2024-04-17 18:20 | INFO | Query 93 Active Learning Random Query Runtime on Validation Set: 100310.05
2024-04-17 18:20 | INFO | Query 93 Active Learning Random Query Runtime on Test Set: 25603.88
2024-04-17 18:20 | INFO | Query 93 Active Learning Random Query Instance Cost: 384797.13
2024-04-17 18:20 | INFO | Timeout limit is increased to 3600
2024-04-17 18:20 | INFO | Query 94 Size of the uncertainty table is = 88/1200
2024-04-17 18:20 | INFO | Query 94 Size of the filtered table is = 12
2024-04-17 18:20 | INFO | Query 94 Active Learning Random Query Runtime on Validation Set: 100310.05
2024-04-17 18:20 | INFO | Query 94 Active Learning Random Query Runtime on Test Set: 61418.75
2024-04-17 18:20 | INFO | Query 94 Active Learning Random Query Instance Cost: 388434.85
2024-04-17 18:20 | INFO | Timeout limit is increased to 3600
2024-04-17 18:20 | INFO | Query 95 Size of the uncertainty table is = 76/1200
2024-04-17 18:20 | INFO | Query 95 Size of the filtered table is = 12
2024-04-17 18:20 | INFO | Query 95 Active Learning Random Query Runtime on Validation Set: 100310.05
2024-04-17 18:20 | INFO | Query 95 Active Learning Random Query Runtime on Test Set: 61418.38
2024-04-17 18:20 | INFO | Query 95 Active Learning Random Query Instance Cost: 395934.44
2024-04-17 18:20 | INFO | Timeout limit is increased to 3600
2024-04-17 18:20 | INFO | Query 96 Size of the uncertainty table is = 64/1200
2024-04-17 18:20 | INFO | Query 96 Size of the filtered table is = 12
2024-04-17 18:20 | INFO | Query 96 Active Learning Random Query Runtime on Validation Set: 100310.05
2024-04-17 18:20 | INFO | Query 96 Active Learning Random Query Runtime on Test Set: 25607.45
2024-04-17 18:20 | INFO | Query 96 Active Learning Random Query Instance Cost: 401095.19
2024-04-17 18:20 | INFO | Timeout limit is increased to 3600
2024-04-17 18:20 | INFO | Query 97 Size of the uncertainty table is = 52/1200
2024-04-17 18:20 | INFO | Query 97 Size of the filtered table is = 12
2024-04-17 18:20 | INFO | Query 97 Active Learning Random Query Runtime on Validation Set: 100310.05
2024-04-17 18:20 | INFO | Query 97 Active Learning Random Query Runtime on Test Set: 25603.91
2024-04-17 18:20 | INFO | Query 97 Active Learning Random Query Instance Cost: 405763.13
2024-04-17 18:20 | INFO | Timeout limit is increased to 3600
2024-04-17 18:20 | INFO | Query 98 Size of the uncertainty table is = 40/1200
2024-04-17 18:20 | INFO | Query 98 Size of the filtered table is = 12
2024-04-17 18:20 | INFO | Query 98 Active Learning Random Query Runtime on Validation Set: 100310.05
2024-04-17 18:20 | INFO | Query 98 Active Learning Random Query Runtime on Test Set: 25604.26
2024-04-17 18:20 | INFO | Query 98 Active Learning Random Query Instance Cost: 412067.46
2024-04-17 18:20 | INFO | Timeout limit is increased to 3600
2024-04-17 18:20 | INFO | Query 99 Size of the uncertainty table is = 28/1200
2024-04-17 18:20 | INFO | Query 99 Size of the filtered table is = 12
2024-04-17 18:20 | INFO | Query 99 Active Learning Random Query Runtime on Validation Set: 100310.05
2024-04-17 18:20 | INFO | Query 99 Active Learning Random Query Runtime on Test Set: 25603.9
2024-04-17 18:20 | INFO | Query 99 Active Learning Random Query Instance Cost: 430741.2
2024-04-17 18:20 | INFO | Timeout limit is increased to 3600
2024-04-17 18:20 | INFO | Query 100 Size of the uncertainty table is = 16/1200
2024-04-17 18:20 | INFO | Query 100 Size of the filtered table is = 12
2024-04-17 18:20 | INFO | Query 100 Active Learning Random Query Runtime on Validation Set: 100310.05
2024-04-17 18:20 | INFO | Query 100 Active Learning Random Query Runtime on Test Set: 25603.88
2024-04-17 18:20 | INFO | Query 100 Active Learning Random Query Instance Cost: 437199.93
2024-04-17 18:20 | INFO | Timeout limit is increased to 3600
2024-04-17 18:20 | INFO | Query 101 Size of the uncertainty table is = 4/1200
2024-04-17 18:20 | INFO | Query 101 Size of the filtered table is = 4
2024-04-17 18:20 | INFO | Query 101 Active Learning Random Query Runtime on Validation Set: 100310.05
2024-04-17 18:20 | INFO | Query 101 Active Learning Random Query Runtime on Test Set: 61414.84
2024-04-17 18:20 | INFO | Query 101 Active Learning Random Query Instance Cost: 437511.54
2024-04-17 18:20 | INFO | Timeout limit is increased to 3600
2024-04-17 18:20 | INFO | runtime_train_score is written as json file
2024-04-17 18:20 | INFO | runtime_test_score is written as json file
2024-04-17 18:20 | INFO | runtime_validation_score is written as json file
2024-04-17 18:20 | INFO | instance_cost is written as json file
2024-04-17 18:20 | INFO | Experiment is finished
