2024-04-17 18:44 | INFO | Paramaters are: {'dataset': 'QBF-2011', 'penalty': 10, 'weight': 'No_Weight', 'voting': 'Hard', 'pre_selection_size': 64, 'pre_selection_technique': 'No_pre_selection', 'feature_elimination_threshold': 20, 'imputer_strategy': 'median', 'feature_selection_technique': 'No_feature_selection', 'feature_scaling_technique': 'StandardScaler', 'initial_train_size': 20, 'query_size': 1, 'timeout_predictor_usage': 'Yes', 'timeout_limit': 100, 'timeout_increase_rate': 100, 'RANDOM_STATE_SEED': 7, 'n_splits': 10, 'split_number': 0, 'max_timeout': 3600, 'param_grid': {'n_estimators': 100, 'criterion': 'gini', 'max_features': 'sqrt', 'max_depth': 2147483648, 'min_samples_split': 2, 'bootstrap': True}}
2024-04-17 18:44 | INFO | QBF-2011 is current dataset
2024-04-17 18:44 | INFO | DATASETS/QBF-2011/algorithm_runs.csv is found
2024-04-17 18:44 | INFO | DATASETS/QBF-2011/algorithm_runs.csv is finished
2024-04-17 18:44 | INFO | DATASETS/QBF-2011/feature_values.csv is found
2024-04-17 18:44 | INFO | DATASETS/QBF-2011/feature_values.csv is finished
2024-04-17 18:44 | INFO | Feature cost of train set is 0
2024-04-17 18:45 | INFO | Initial Active Learning Random Query Runtime on Validation Set: 1850851.27
2024-04-17 18:45 | INFO | Initial Active Learning Random Query Runtime on Test Set: 985741.81
2024-04-17 18:45 | INFO | Initial Active Learning Random Query Instance Cost: 6289.98
2024-04-17 18:45 | INFO | Bin size = 73
2024-04-17 18:45 | INFO | Query 1 Size of the uncertainty table is = 7464/7380
2024-04-17 18:45 | INFO | Query 1 Size of the filtered table is = 73
2024-04-17 18:45 | INFO | Query 1 Active Learning Random Query Runtime on Validation Set: 1776555.53
2024-04-17 18:45 | INFO | Query 1 Active Learning Random Query Runtime on Test Set: 1383876.15
2024-04-17 18:45 | INFO | Query 1 Active Learning Random Query Instance Cost: 13616.51
2024-04-17 18:45 | INFO | Query 2 Size of the uncertainty table is = 7411/7380
2024-04-17 18:45 | INFO | Query 2 Size of the filtered table is = 73
2024-04-17 18:46 | INFO | Query 2 Active Learning Random Query Runtime on Validation Set: 2099496.45
2024-04-17 18:46 | INFO | Query 2 Active Learning Random Query Runtime on Test Set: 1310437.86
2024-04-17 18:46 | INFO | Query 2 Active Learning Random Query Instance Cost: 21541.14
2024-04-17 18:46 | INFO | Timeout limit is increased to 200
2024-04-17 18:46 | INFO | Query 3 Size of the uncertainty table is = 7359/7380
2024-04-17 18:46 | INFO | Query 3 Size of the filtered table is = 73
2024-04-17 18:46 | INFO | Query 3 Active Learning Random Query Runtime on Validation Set: 1240029.28
2024-04-17 18:46 | INFO | Query 3 Active Learning Random Query Runtime on Test Set: 666786.97
2024-04-17 18:46 | INFO | Query 3 Active Learning Random Query Instance Cost: 37848.06
2024-04-17 18:46 | INFO | Query 4 Size of the uncertainty table is = 7298/7380
2024-04-17 18:46 | INFO | Query 4 Size of the filtered table is = 73
2024-04-17 18:47 | INFO | Query 4 Active Learning Random Query Runtime on Validation Set: 1134671.87
2024-04-17 18:47 | INFO | Query 4 Active Learning Random Query Runtime on Test Set: 592882.91
2024-04-17 18:47 | INFO | Query 4 Active Learning Random Query Instance Cost: 52071.36
2024-04-17 18:47 | INFO | Query 5 Size of the uncertainty table is = 7219/7380
2024-04-17 18:47 | INFO | Query 5 Size of the filtered table is = 73
2024-04-17 18:47 | INFO | Query 5 Active Learning Random Query Runtime on Validation Set: 1098771.93
2024-04-17 18:47 | INFO | Query 5 Active Learning Random Query Runtime on Test Set: 661689.9
2024-04-17 18:47 | INFO | Query 5 Active Learning Random Query Instance Cost: 68297.82
2024-04-17 18:47 | INFO | Query 6 Size of the uncertainty table is = 7158/7380
2024-04-17 18:47 | INFO | Query 6 Size of the filtered table is = 73
2024-04-17 18:48 | INFO | Query 6 Active Learning Random Query Runtime on Validation Set: 1098765.44
2024-04-17 18:48 | INFO | Query 6 Active Learning Random Query Runtime on Test Set: 662262.13
2024-04-17 18:48 | INFO | Query 6 Active Learning Random Query Instance Cost: 82852.02
2024-04-17 18:48 | INFO | Query 7 Size of the uncertainty table is = 7082/7380
2024-04-17 18:48 | INFO | Query 7 Size of the filtered table is = 73
2024-04-17 18:48 | INFO | Query 7 Active Learning Random Query Runtime on Validation Set: 993399.49
2024-04-17 18:48 | INFO | Query 7 Active Learning Random Query Runtime on Test Set: 663693.05
2024-04-17 18:48 | INFO | Query 7 Active Learning Random Query Instance Cost: 95346.11
2024-04-17 18:48 | INFO | Query 8 Size of the uncertainty table is = 6988/7380
2024-04-17 18:48 | INFO | Query 8 Size of the filtered table is = 73
2024-04-17 18:49 | INFO | Query 8 Active Learning Random Query Runtime on Validation Set: 1167983.83
2024-04-17 18:49 | INFO | Query 8 Active Learning Random Query Runtime on Test Set: 768791.42
2024-04-17 18:49 | INFO | Query 8 Active Learning Random Query Instance Cost: 108844.63
2024-04-17 18:49 | INFO | Timeout limit is increased to 300
2024-04-17 18:49 | INFO | Query 9 Size of the uncertainty table is = 6902/7380
2024-04-17 18:49 | INFO | Query 9 Size of the filtered table is = 73
2024-04-17 18:49 | INFO | Query 9 Active Learning Random Query Runtime on Validation Set: 1027049.65
2024-04-17 18:49 | INFO | Query 9 Active Learning Random Query Runtime on Test Set: 592761.09
2024-04-17 18:49 | INFO | Query 9 Active Learning Random Query Instance Cost: 129217.74
2024-04-17 18:49 | INFO | Query 10 Size of the uncertainty table is = 6795/7380
2024-04-17 18:49 | INFO | Query 10 Size of the filtered table is = 73
2024-04-17 18:50 | INFO | Query 10 Active Learning Random Query Runtime on Validation Set: 1170423.4
2024-04-17 18:50 | INFO | Query 10 Active Learning Random Query Runtime on Test Set: 593463.9
2024-04-17 18:50 | INFO | Query 10 Active Learning Random Query Instance Cost: 150373.54
2024-04-17 18:50 | INFO | Timeout limit is increased to 400
2024-04-17 18:50 | INFO | Query 11 Size of the uncertainty table is = 6700/7380
2024-04-17 18:50 | INFO | Query 11 Size of the filtered table is = 73
2024-04-17 18:50 | INFO | Query 11 Active Learning Random Query Runtime on Validation Set: 1205933.51
2024-04-17 18:50 | INFO | Query 11 Active Learning Random Query Runtime on Test Set: 627283.45
2024-04-17 18:50 | INFO | Query 11 Active Learning Random Query Instance Cost: 173443.72
2024-04-17 18:50 | INFO | Timeout limit is increased to 500
2024-04-17 18:50 | INFO | Query 12 Size of the uncertainty table is = 6576/7380
2024-04-17 18:50 | INFO | Query 12 Size of the filtered table is = 73
2024-04-17 18:51 | INFO | Query 12 Active Learning Random Query Runtime on Validation Set: 1206445.82
2024-04-17 18:51 | INFO | Query 12 Active Learning Random Query Runtime on Test Set: 522419.49
2024-04-17 18:51 | INFO | Query 12 Active Learning Random Query Instance Cost: 209577.97
2024-04-17 18:51 | INFO | Timeout limit is increased to 600
2024-04-17 18:51 | INFO | Query 13 Size of the uncertainty table is = 6458/7380
2024-04-17 18:51 | INFO | Query 13 Size of the filtered table is = 73
2024-04-17 18:51 | INFO | Query 13 Active Learning Random Query Runtime on Validation Set: 1310632.05
2024-04-17 18:51 | INFO | Query 13 Active Learning Random Query Runtime on Test Set: 664277.17
2024-04-17 18:51 | INFO | Query 13 Active Learning Random Query Instance Cost: 250837.91
2024-04-17 18:51 | INFO | Timeout limit is increased to 700
2024-04-17 18:51 | INFO | Query 14 Size of the uncertainty table is = 6328/7380
2024-04-17 18:51 | INFO | Query 14 Size of the filtered table is = 73
2024-04-17 18:52 | INFO | Query 14 Active Learning Random Query Runtime on Validation Set: 1238697.55
2024-04-17 18:52 | INFO | Query 14 Active Learning Random Query Runtime on Test Set: 629805.31
2024-04-17 18:52 | INFO | Query 14 Active Learning Random Query Instance Cost: 303947.11
2024-04-17 18:52 | INFO | Query 15 Size of the uncertainty table is = 6209/7380
2024-04-17 18:52 | INFO | Query 15 Size of the filtered table is = 73
2024-04-17 18:52 | INFO | Query 15 Active Learning Random Query Runtime on Validation Set: 1200353.01
2024-04-17 18:52 | INFO | Query 15 Active Learning Random Query Runtime on Test Set: 592209.97
2024-04-17 18:52 | INFO | Query 15 Active Learning Random Query Instance Cost: 353988.49
2024-04-17 18:52 | INFO | Query 16 Size of the uncertainty table is = 6099/7380
2024-04-17 18:52 | INFO | Query 16 Size of the filtered table is = 73
2024-04-17 18:53 | INFO | Query 16 Active Learning Random Query Runtime on Validation Set: 1168477.84
2024-04-17 18:53 | INFO | Query 16 Active Learning Random Query Runtime on Test Set: 557157.26
2024-04-17 18:53 | INFO | Query 16 Active Learning Random Query Instance Cost: 395895.29
2024-04-17 18:53 | INFO | Query 17 Size of the uncertainty table is = 5963/7380
2024-04-17 18:53 | INFO | Query 17 Size of the filtered table is = 73
2024-04-17 18:53 | INFO | Query 17 Active Learning Random Query Runtime on Validation Set: 1170520.8
2024-04-17 18:53 | INFO | Query 17 Active Learning Random Query Runtime on Test Set: 448996.6
2024-04-17 18:53 | INFO | Query 17 Active Learning Random Query Instance Cost: 440801.73
2024-04-17 18:53 | INFO | Timeout limit is increased to 800
2024-04-17 18:53 | INFO | Query 18 Size of the uncertainty table is = 5840/7380
2024-04-17 18:53 | INFO | Query 18 Size of the filtered table is = 73
2024-04-17 18:54 | INFO | Query 18 Active Learning Random Query Runtime on Validation Set: 1172995.75
2024-04-17 18:54 | INFO | Query 18 Active Learning Random Query Runtime on Test Set: 444541.23
2024-04-17 18:54 | INFO | Query 18 Active Learning Random Query Instance Cost: 485844.06
2024-04-17 18:54 | INFO | Timeout limit is increased to 900
2024-04-17 18:54 | INFO | Query 19 Size of the uncertainty table is = 5707/7380
2024-04-17 18:54 | INFO | Query 19 Size of the filtered table is = 73
2024-04-17 18:54 | INFO | Query 19 Active Learning Random Query Runtime on Validation Set: 1172987.56
2024-04-17 18:54 | INFO | Query 19 Active Learning Random Query Runtime on Test Set: 408567.42
2024-04-17 18:54 | INFO | Query 19 Active Learning Random Query Instance Cost: 536022.18
2024-04-17 18:54 | INFO | Query 20 Size of the uncertainty table is = 5576/7380
2024-04-17 18:54 | INFO | Query 20 Size of the filtered table is = 73
2024-04-17 18:55 | INFO | Query 20 Active Learning Random Query Runtime on Validation Set: 1202916.03
2024-04-17 18:55 | INFO | Query 20 Active Learning Random Query Runtime on Test Set: 444824.08
2024-04-17 18:55 | INFO | Query 20 Active Learning Random Query Instance Cost: 588117.64
2024-04-17 18:55 | INFO | Timeout limit is increased to 1000
2024-04-17 18:55 | INFO | Query 21 Size of the uncertainty table is = 5449/7380
2024-04-17 18:55 | INFO | Query 21 Size of the filtered table is = 73
2024-04-17 18:55 | INFO | Query 21 Active Learning Random Query Runtime on Validation Set: 1130619.8
2024-04-17 18:55 | INFO | Query 21 Active Learning Random Query Runtime on Test Set: 373760.53
2024-04-17 18:55 | INFO | Query 21 Active Learning Random Query Instance Cost: 646929.47
2024-04-17 18:55 | INFO | Query 22 Size of the uncertainty table is = 5316/7380
2024-04-17 18:55 | INFO | Query 22 Size of the filtered table is = 73
2024-04-17 18:56 | INFO | Query 22 Active Learning Random Query Runtime on Validation Set: 1168676.72
2024-04-17 18:56 | INFO | Query 22 Active Learning Random Query Runtime on Test Set: 410107.96
2024-04-17 18:56 | INFO | Query 22 Active Learning Random Query Instance Cost: 705064.37
2024-04-17 18:56 | INFO | Timeout limit is increased to 1100
2024-04-17 18:56 | INFO | Query 23 Size of the uncertainty table is = 5181/7380
2024-04-17 18:56 | INFO | Query 23 Size of the filtered table is = 73
2024-04-17 18:56 | INFO | Query 23 Active Learning Random Query Runtime on Validation Set: 1134618.13
2024-04-17 18:56 | INFO | Query 23 Active Learning Random Query Runtime on Test Set: 409817.28
2024-04-17 18:56 | INFO | Query 23 Active Learning Random Query Instance Cost: 774014.28
2024-04-17 18:56 | INFO | Query 24 Size of the uncertainty table is = 5054/7380
2024-04-17 18:56 | INFO | Query 24 Size of the filtered table is = 73
2024-04-17 18:57 | INFO | Query 24 Active Learning Random Query Runtime on Validation Set: 1206520.2
2024-04-17 18:57 | INFO | Query 24 Active Learning Random Query Runtime on Test Set: 410125.06
2024-04-17 18:57 | INFO | Query 24 Active Learning Random Query Instance Cost: 846588.25
2024-04-17 18:57 | INFO | Timeout limit is increased to 1200
2024-04-17 18:57 | INFO | Query 25 Size of the uncertainty table is = 4926/7380
2024-04-17 18:57 | INFO | Query 25 Size of the filtered table is = 73
2024-04-17 18:57 | INFO | Query 25 Active Learning Random Query Runtime on Validation Set: 1206517.27
2024-04-17 18:57 | INFO | Query 25 Active Learning Random Query Runtime on Test Set: 410936.09
2024-04-17 18:57 | INFO | Query 25 Active Learning Random Query Instance Cost: 909305.26
2024-04-17 18:57 | INFO | Query 26 Size of the uncertainty table is = 4797/7380
2024-04-17 18:57 | INFO | Query 26 Size of the filtered table is = 73
2024-04-17 18:58 | INFO | Query 26 Active Learning Random Query Runtime on Validation Set: 1206507.36
2024-04-17 18:58 | INFO | Query 26 Active Learning Random Query Runtime on Test Set: 410427.15
2024-04-17 18:58 | INFO | Query 26 Active Learning Random Query Instance Cost: 985529.15
2024-04-17 18:58 | INFO | Query 27 Size of the uncertainty table is = 4675/7380
2024-04-17 18:58 | INFO | Query 27 Size of the filtered table is = 73
2024-04-17 18:58 | INFO | Query 27 Active Learning Random Query Runtime on Validation Set: 1206517.24
2024-04-17 18:58 | INFO | Query 27 Active Learning Random Query Runtime on Test Set: 445033.06
2024-04-17 18:58 | INFO | Query 27 Active Learning Random Query Instance Cost: 1049587.13
2024-04-17 18:58 | INFO | Timeout limit is increased to 1300
2024-04-17 18:58 | INFO | Query 28 Size of the uncertainty table is = 4515/7380
2024-04-17 18:58 | INFO | Query 28 Size of the filtered table is = 73
2024-04-17 18:59 | INFO | Query 28 Active Learning Random Query Runtime on Validation Set: 1206515.56
2024-04-17 18:59 | INFO | Query 28 Active Learning Random Query Runtime on Test Set: 445508.57
2024-04-17 18:59 | INFO | Query 28 Active Learning Random Query Instance Cost: 1122065.95
2024-04-17 18:59 | INFO | Query 29 Size of the uncertainty table is = 4387/7380
2024-04-17 18:59 | INFO | Query 29 Size of the filtered table is = 73
2024-04-17 18:59 | INFO | Query 29 Active Learning Random Query Runtime on Validation Set: 1206515.56
2024-04-17 18:59 | INFO | Query 29 Active Learning Random Query Runtime on Test Set: 444819.52
2024-04-17 18:59 | INFO | Query 29 Active Learning Random Query Instance Cost: 1185372.19
2024-04-17 18:59 | INFO | Timeout limit is increased to 1400
2024-04-17 18:59 | INFO | Query 30 Size of the uncertainty table is = 4265/7380
2024-04-17 18:59 | INFO | Query 30 Size of the filtered table is = 73
2024-04-17 19:00 | INFO | Query 30 Active Learning Random Query Runtime on Validation Set: 1170513.25
2024-04-17 19:00 | INFO | Query 30 Active Learning Random Query Runtime on Test Set: 444819.3
2024-04-17 19:00 | INFO | Query 30 Active Learning Random Query Instance Cost: 1256599.55
2024-04-17 19:00 | INFO | Query 31 Size of the uncertainty table is = 4136/7380
2024-04-17 19:00 | INFO | Query 31 Size of the filtered table is = 73
2024-04-17 19:00 | INFO | Query 31 Active Learning Random Query Runtime on Validation Set: 1170512.57
2024-04-17 19:00 | INFO | Query 31 Active Learning Random Query Runtime on Test Set: 445118.05
2024-04-17 19:00 | INFO | Query 31 Active Learning Random Query Instance Cost: 1325996.67
2024-04-17 19:00 | INFO | Query 32 Size of the uncertainty table is = 4008/7380
2024-04-17 19:00 | INFO | Query 32 Size of the filtered table is = 73
2024-04-17 19:01 | INFO | Query 32 Active Learning Random Query Runtime on Validation Set: 1240751.88
2024-04-17 19:01 | INFO | Query 32 Active Learning Random Query Runtime on Test Set: 446066.13
2024-04-17 19:01 | INFO | Query 32 Active Learning Random Query Instance Cost: 1399785.44
2024-04-17 19:01 | INFO | Timeout limit is increased to 1500
2024-04-17 19:01 | INFO | Query 33 Size of the uncertainty table is = 3875/7380
2024-04-17 19:01 | INFO | Query 33 Size of the filtered table is = 73
2024-04-17 19:01 | INFO | Query 33 Active Learning Random Query Runtime on Validation Set: 1240751.94
2024-04-17 19:01 | INFO | Query 33 Active Learning Random Query Runtime on Test Set: 445896.69
2024-04-17 19:01 | INFO | Query 33 Active Learning Random Query Instance Cost: 1473843.06
2024-04-17 19:01 | INFO | Timeout limit is increased to 1600
2024-04-17 19:01 | INFO | Query 34 Size of the uncertainty table is = 3758/7380
2024-04-17 19:01 | INFO | Query 34 Size of the filtered table is = 73
2024-04-17 19:02 | INFO | Query 34 Active Learning Random Query Runtime on Validation Set: 1063035.05
2024-04-17 19:02 | INFO | Query 34 Active Learning Random Query Runtime on Test Set: 410314.54
2024-04-17 19:02 | INFO | Query 34 Active Learning Random Query Instance Cost: 1546865.61
2024-04-17 19:02 | INFO | Query 35 Size of the uncertainty table is = 3623/7380
2024-04-17 19:02 | INFO | Query 35 Size of the filtered table is = 73
2024-04-17 19:02 | INFO | Query 35 Active Learning Random Query Runtime on Validation Set: 1206515.56
2024-04-17 19:02 | INFO | Query 35 Active Learning Random Query Runtime on Test Set: 446277.03
2024-04-17 19:02 | INFO | Query 35 Active Learning Random Query Instance Cost: 1634174.44
2024-04-17 19:02 | INFO | Timeout limit is increased to 1700
2024-04-17 19:02 | INFO | Query 36 Size of the uncertainty table is = 3509/7380
2024-04-17 19:02 | INFO | Query 36 Size of the filtered table is = 73
2024-04-17 19:03 | INFO | Query 36 Active Learning Random Query Runtime on Validation Set: 1170651.04
2024-04-17 19:03 | INFO | Query 36 Active Learning Random Query Runtime on Test Set: 446343.68
2024-04-17 19:03 | INFO | Query 36 Active Learning Random Query Instance Cost: 1724199.86
2024-04-17 19:03 | INFO | Query 37 Size of the uncertainty table is = 3395/7380
2024-04-17 19:03 | INFO | Query 37 Size of the filtered table is = 73
2024-04-17 19:03 | INFO | Query 37 Active Learning Random Query Runtime on Validation Set: 1065329.16
2024-04-17 19:03 | INFO | Query 37 Active Learning Random Query Runtime on Test Set: 410306.45
2024-04-17 19:03 | INFO | Query 37 Active Learning Random Query Instance Cost: 1796024.58
2024-04-17 19:03 | INFO | Query 38 Size of the uncertainty table is = 3268/7380
2024-04-17 19:03 | INFO | Query 38 Size of the filtered table is = 73
2024-04-17 19:04 | INFO | Query 38 Active Learning Random Query Runtime on Validation Set: 1134875.11
2024-04-17 19:04 | INFO | Query 38 Active Learning Random Query Runtime on Test Set: 410015.68
2024-04-17 19:04 | INFO | Query 38 Active Learning Random Query Instance Cost: 1856658.45
2024-04-17 19:04 | INFO | Timeout limit is increased to 1800
2024-04-17 19:04 | INFO | Query 39 Size of the uncertainty table is = 3143/7380
2024-04-17 19:04 | INFO | Query 39 Size of the filtered table is = 73
2024-04-17 19:04 | INFO | Query 39 Active Learning Random Query Runtime on Validation Set: 1134511.06
2024-04-17 19:04 | INFO | Query 39 Active Learning Random Query Runtime on Test Set: 446277.03
2024-04-17 19:04 | INFO | Query 39 Active Learning Random Query Instance Cost: 1933849.4
2024-04-17 19:04 | INFO | Query 40 Size of the uncertainty table is = 3014/7380
2024-04-17 19:04 | INFO | Query 40 Size of the filtered table is = 73
2024-04-17 19:05 | INFO | Query 40 Active Learning Random Query Runtime on Validation Set: 1134891.77
2024-04-17 19:05 | INFO | Query 40 Active Learning Random Query Runtime on Test Set: 445776.33
2024-04-17 19:05 | INFO | Query 40 Active Learning Random Query Instance Cost: 2006216.29
2024-04-17 19:05 | INFO | Timeout limit is increased to 1900
2024-04-17 19:05 | INFO | Query 41 Size of the uncertainty table is = 2905/7380
2024-04-17 19:05 | INFO | Query 41 Size of the filtered table is = 73
2024-04-17 19:05 | INFO | Query 41 Active Learning Random Query Runtime on Validation Set: 1134508.13
2024-04-17 19:05 | INFO | Query 41 Active Learning Random Query Runtime on Test Set: 446277.63
2024-04-17 19:05 | INFO | Query 41 Active Learning Random Query Instance Cost: 2095023.66
2024-04-17 19:05 | INFO | Query 42 Size of the uncertainty table is = 2821/7380
2024-04-17 19:05 | INFO | Query 42 Size of the filtered table is = 73
2024-04-17 19:06 | INFO | Query 42 Active Learning Random Query Runtime on Validation Set: 993343.21
2024-04-17 19:06 | INFO | Query 42 Active Learning Random Query Runtime on Test Set: 410306.57
2024-04-17 19:06 | INFO | Query 42 Active Learning Random Query Instance Cost: 2180470.79
2024-04-17 19:06 | INFO | Query 43 Size of the uncertainty table is = 2741/7380
2024-04-17 19:06 | INFO | Query 43 Size of the filtered table is = 73
2024-04-17 19:06 | INFO | Query 43 Active Learning Random Query Runtime on Validation Set: 1170510.32
2024-04-17 19:06 | INFO | Query 43 Active Learning Random Query Runtime on Test Set: 446265.42
2024-04-17 19:06 | INFO | Query 43 Active Learning Random Query Instance Cost: 2260138.43
2024-04-17 19:06 | INFO | Timeout limit is increased to 2000
2024-04-17 19:06 | INFO | Query 44 Size of the uncertainty table is = 2657/7380
2024-04-17 19:06 | INFO | Query 44 Size of the filtered table is = 73
2024-04-17 19:07 | INFO | Query 44 Active Learning Random Query Runtime on Validation Set: 1134511.06
2024-04-17 19:07 | INFO | Query 44 Active Learning Random Query Runtime on Test Set: 445064.46
2024-04-17 19:07 | INFO | Query 44 Active Learning Random Query Instance Cost: 2337631.21
2024-04-17 19:07 | INFO | Query 45 Size of the uncertainty table is = 2572/7380
2024-04-17 19:07 | INFO | Query 45 Size of the filtered table is = 73
2024-04-17 19:07 | INFO | Query 45 Active Learning Random Query Runtime on Validation Set: 1134511.06
2024-04-17 19:07 | INFO | Query 45 Active Learning Random Query Runtime on Test Set: 445063.86
2024-04-17 19:07 | INFO | Query 45 Active Learning Random Query Instance Cost: 2434592.34
2024-04-17 19:07 | INFO | Timeout limit is increased to 2100
2024-04-17 19:07 | INFO | Query 46 Size of the uncertainty table is = 2510/7380
2024-04-17 19:07 | INFO | Query 46 Size of the filtered table is = 73
2024-04-17 19:08 | INFO | Query 46 Active Learning Random Query Runtime on Validation Set: 1169321.06
2024-04-17 19:08 | INFO | Query 46 Active Learning Random Query Runtime on Test Set: 445063.86
2024-04-17 19:08 | INFO | Query 46 Active Learning Random Query Instance Cost: 2523799.04
2024-04-17 19:08 | INFO | Timeout limit is increased to 2200
2024-04-17 19:08 | INFO | Query 47 Size of the uncertainty table is = 2434/7380
2024-04-17 19:08 | INFO | Query 47 Size of the filtered table is = 73
2024-04-17 19:08 | INFO | Query 47 Active Learning Random Query Runtime on Validation Set: 1241294.06
2024-04-17 19:08 | INFO | Query 47 Active Learning Random Query Runtime on Test Set: 445274.75
2024-04-17 19:08 | INFO | Query 47 Active Learning Random Query Instance Cost: 2618043.05
2024-04-17 19:08 | INFO | Timeout limit is increased to 2300
2024-04-17 19:08 | INFO | Query 48 Size of the uncertainty table is = 2365/7380
2024-04-17 19:08 | INFO | Query 48 Size of the filtered table is = 73
2024-04-17 19:09 | INFO | Query 48 Active Learning Random Query Runtime on Validation Set: 1170510.95
2024-04-17 19:09 | INFO | Query 48 Active Learning Random Query Runtime on Test Set: 445565.64
2024-04-17 19:09 | INFO | Query 48 Active Learning Random Query Instance Cost: 2710516.66
2024-04-17 19:09 | INFO | Query 49 Size of the uncertainty table is = 2293/7380
2024-04-17 19:09 | INFO | Query 49 Size of the filtered table is = 73
2024-04-17 19:09 | INFO | Query 49 Active Learning Random Query Runtime on Validation Set: 1170511.04
2024-04-17 19:09 | INFO | Query 49 Active Learning Random Query Runtime on Test Set: 445064.34
2024-04-17 19:09 | INFO | Query 49 Active Learning Random Query Instance Cost: 2797049.68
2024-04-17 19:09 | INFO | Timeout limit is increased to 2400
2024-04-17 19:09 | INFO | Query 50 Size of the uncertainty table is = 2235/7380
2024-04-17 19:09 | INFO | Query 50 Size of the filtered table is = 73
2024-04-17 19:10 | INFO | Query 50 Active Learning Random Query Runtime on Validation Set: 1206530.15
2024-04-17 19:10 | INFO | Query 50 Active Learning Random Query Runtime on Test Set: 481573.16
2024-04-17 19:10 | INFO | Query 50 Active Learning Random Query Instance Cost: 2896221.66
2024-04-17 19:10 | INFO | Timeout limit is increased to 2500
2024-04-17 19:10 | INFO | Query 51 Size of the uncertainty table is = 2168/7380
2024-04-17 19:10 | INFO | Query 51 Size of the filtered table is = 73
2024-04-17 19:10 | INFO | Query 51 Active Learning Random Query Runtime on Validation Set: 1206502.85
2024-04-17 19:10 | INFO | Query 51 Active Learning Random Query Runtime on Test Set: 445565.64
2024-04-17 19:10 | INFO | Query 51 Active Learning Random Query Instance Cost: 2982465.22
2024-04-17 19:10 | INFO | Query 52 Size of the uncertainty table is = 2108/7380
2024-04-17 19:10 | INFO | Query 52 Size of the filtered table is = 73
2024-04-17 19:11 | INFO | Query 52 Active Learning Random Query Runtime on Validation Set: 1134908.35
2024-04-17 19:11 | INFO | Query 52 Active Learning Random Query Runtime on Test Set: 409602.82
2024-04-17 19:11 | INFO | Query 52 Active Learning Random Query Instance Cost: 3083634.96
2024-04-17 19:11 | INFO | Query 53 Size of the uncertainty table is = 2064/7380
2024-04-17 19:11 | INFO | Query 53 Size of the filtered table is = 73
2024-04-17 19:11 | INFO | Query 53 Active Learning Random Query Runtime on Validation Set: 1134908.35
2024-04-17 19:11 | INFO | Query 53 Active Learning Random Query Runtime on Test Set: 409532.62
2024-04-17 19:11 | INFO | Query 53 Active Learning Random Query Instance Cost: 3170989.98
2024-04-17 19:11 | INFO | Timeout limit is increased to 2600
2024-04-17 19:11 | INFO | Query 54 Size of the uncertainty table is = 2008/7380
2024-04-17 19:11 | INFO | Query 54 Size of the filtered table is = 73
2024-04-17 19:12 | INFO | Query 54 Active Learning Random Query Runtime on Validation Set: 1170876.58
2024-04-17 19:12 | INFO | Query 54 Active Learning Random Query Runtime on Test Set: 445749.32
2024-04-17 19:12 | INFO | Query 54 Active Learning Random Query Instance Cost: 3261253.98
2024-04-17 19:12 | INFO | Timeout limit is increased to 2700
2024-04-17 19:12 | INFO | Query 55 Size of the uncertainty table is = 1962/7380
2024-04-17 19:12 | INFO | Query 55 Size of the filtered table is = 73
2024-04-17 19:12 | INFO | Query 55 Active Learning Random Query Runtime on Validation Set: 1170511.04
2024-04-17 19:12 | INFO | Query 55 Active Learning Random Query Runtime on Test Set: 444994.14
2024-04-17 19:12 | INFO | Query 55 Active Learning Random Query Instance Cost: 3362676.97
2024-04-17 19:12 | INFO | Query 56 Size of the uncertainty table is = 1923/7380
2024-04-17 19:12 | INFO | Query 56 Size of the filtered table is = 73
2024-04-17 19:13 | INFO | Query 56 Active Learning Random Query Runtime on Validation Set: 1134616.13
2024-04-17 19:13 | INFO | Query 56 Active Learning Random Query Runtime on Test Set: 481064.34
2024-04-17 19:13 | INFO | Query 56 Active Learning Random Query Instance Cost: 3454899.09
2024-04-17 19:13 | INFO | Query 57 Size of the uncertainty table is = 1874/7380
2024-04-17 19:13 | INFO | Query 57 Size of the filtered table is = 73
2024-04-17 19:13 | INFO | Query 57 Active Learning Random Query Runtime on Validation Set: 1134616.43
2024-04-17 19:13 | INFO | Query 57 Active Learning Random Query Runtime on Test Set: 481510.72
2024-04-17 19:13 | INFO | Query 57 Active Learning Random Query Instance Cost: 3524950.5
2024-04-17 19:13 | INFO | Timeout limit is increased to 2800
2024-04-17 19:13 | INFO | Query 58 Size of the uncertainty table is = 1841/7380
2024-04-17 19:13 | INFO | Query 58 Size of the filtered table is = 73
2024-04-17 19:14 | INFO | Query 58 Active Learning Random Query Runtime on Validation Set: 1134616.43
2024-04-17 19:14 | INFO | Query 58 Active Learning Random Query Runtime on Test Set: 481510.72
2024-04-17 19:14 | INFO | Query 58 Active Learning Random Query Instance Cost: 3619348.48
2024-04-17 19:14 | INFO | Timeout limit is increased to 2900
2024-04-17 19:14 | INFO | Query 59 Size of the uncertainty table is = 1823/7380
2024-04-17 19:14 | INFO | Query 59 Size of the filtered table is = 73
2024-04-17 19:14 | INFO | Query 59 Active Learning Random Query Runtime on Validation Set: 1134616.42
2024-04-17 19:14 | INFO | Query 59 Active Learning Random Query Runtime on Test Set: 516619.09
2024-04-17 19:14 | INFO | Query 59 Active Learning Random Query Instance Cost: 3715578.28
2024-04-17 19:14 | INFO | Query 60 Size of the uncertainty table is = 1801/7380
2024-04-17 19:14 | INFO | Query 60 Size of the filtered table is = 73
2024-04-17 19:15 | INFO | Query 60 Active Learning Random Query Runtime on Validation Set: 1134616.41
2024-04-17 19:15 | INFO | Query 60 Active Learning Random Query Runtime on Test Set: 481503.08
2024-04-17 19:15 | INFO | Query 60 Active Learning Random Query Instance Cost: 3815301.11
2024-04-17 19:15 | INFO | Query 61 Size of the uncertainty table is = 1781/7380
2024-04-17 19:15 | INFO | Query 61 Size of the filtered table is = 73
2024-04-17 19:16 | INFO | Query 61 Active Learning Random Query Runtime on Validation Set: 1134616.41
2024-04-17 19:16 | INFO | Query 61 Active Learning Random Query Runtime on Test Set: 481502.96
2024-04-17 19:16 | INFO | Query 61 Active Learning Random Query Instance Cost: 3897099.82
2024-04-17 19:16 | INFO | Timeout limit is increased to 3000
2024-04-17 19:16 | INFO | Query 62 Size of the uncertainty table is = 1759/7380
2024-04-17 19:16 | INFO | Query 62 Size of the filtered table is = 73
2024-04-17 19:16 | INFO | Query 62 Active Learning Random Query Runtime on Validation Set: 1170615.68
2024-04-17 19:16 | INFO | Query 62 Active Learning Random Query Runtime on Test Set: 516618.97
2024-04-17 19:16 | INFO | Query 62 Active Learning Random Query Instance Cost: 3987197.03
2024-04-17 19:16 | INFO | Timeout limit is increased to 3100
2024-04-17 19:16 | INFO | Query 63 Size of the uncertainty table is = 1743/7380
2024-04-17 19:16 | INFO | Query 63 Size of the filtered table is = 73
2024-04-17 19:17 | INFO | Query 63 Active Learning Random Query Runtime on Validation Set: 1170635.51
2024-04-17 19:17 | INFO | Query 63 Active Learning Random Query Runtime on Test Set: 481510.6
2024-04-17 19:17 | INFO | Query 63 Active Learning Random Query Instance Cost: 4063627.53
2024-04-17 19:17 | INFO | Timeout limit is increased to 3200
2024-04-17 19:17 | INFO | Query 64 Size of the uncertainty table is = 1718/7380
2024-04-17 19:17 | INFO | Query 64 Size of the filtered table is = 73
2024-04-17 19:17 | INFO | Query 64 Active Learning Random Query Runtime on Validation Set: 1170635.51
2024-04-17 19:17 | INFO | Query 64 Active Learning Random Query Runtime on Test Set: 481510.6
2024-04-17 19:17 | INFO | Query 64 Active Learning Random Query Instance Cost: 4153236.95
2024-04-17 19:17 | INFO | Timeout limit is increased to 3300
2024-04-17 19:17 | INFO | Query 65 Size of the uncertainty table is = 1708/7380
2024-04-17 19:17 | INFO | Query 65 Size of the filtered table is = 73
2024-04-17 19:18 | INFO | Query 65 Active Learning Random Query Runtime on Validation Set: 1170615.66
2024-04-17 19:18 | INFO | Query 65 Active Learning Random Query Runtime on Test Set: 516618.97
2024-04-17 19:18 | INFO | Query 65 Active Learning Random Query Instance Cost: 4244368.58
2024-04-17 19:18 | INFO | Query 66 Size of the uncertainty table is = 1699/7380
2024-04-17 19:18 | INFO | Query 66 Size of the filtered table is = 73
2024-04-17 19:18 | INFO | Query 66 Active Learning Random Query Runtime on Validation Set: 1170615.66
2024-04-17 19:18 | INFO | Query 66 Active Learning Random Query Runtime on Test Set: 516611.33
2024-04-17 19:18 | INFO | Query 66 Active Learning Random Query Instance Cost: 4317918.81
2024-04-17 19:18 | INFO | Timeout limit is increased to 3400
2024-04-17 19:18 | INFO | Query 67 Size of the uncertainty table is = 1686/7380
2024-04-17 19:18 | INFO | Query 67 Size of the filtered table is = 73
2024-04-17 19:19 | INFO | Query 67 Active Learning Random Query Runtime on Validation Set: 1170615.66
2024-04-17 19:19 | INFO | Query 67 Active Learning Random Query Runtime on Test Set: 480611.45
2024-04-17 19:19 | INFO | Query 67 Active Learning Random Query Instance Cost: 4426367.29
2024-04-17 19:19 | INFO | Timeout limit is increased to 3500
2024-04-17 19:19 | INFO | Query 68 Size of the uncertainty table is = 1675/7380
2024-04-17 19:19 | INFO | Query 68 Size of the filtered table is = 73
2024-04-17 19:19 | INFO | Query 68 Active Learning Random Query Runtime on Validation Set: 1170615.66
2024-04-17 19:19 | INFO | Query 68 Active Learning Random Query Runtime on Test Set: 445503.08
2024-04-17 19:19 | INFO | Query 68 Active Learning Random Query Instance Cost: 4529608.45
2024-04-17 19:19 | INFO | Timeout limit is increased to 3600
2024-04-17 19:19 | INFO | Query 69 Size of the uncertainty table is = 1666/7380
2024-04-17 19:19 | INFO | Query 69 Size of the filtered table is = 73
2024-04-17 19:20 | INFO | Query 69 Active Learning Random Query Runtime on Validation Set: 1170615.66
2024-04-17 19:20 | INFO | Query 69 Active Learning Random Query Runtime on Test Set: 445503.08
2024-04-17 19:20 | INFO | Query 69 Active Learning Random Query Instance Cost: 4628839.9
2024-04-17 19:20 | INFO | Timeout limit is increased to 3600
2024-04-17 19:20 | INFO | Query 70 Size of the uncertainty table is = 20/7380
2024-04-17 19:20 | INFO | Query 70 Size of the filtered table is = 20
2024-04-17 19:20 | INFO | Query 70 Active Learning Random Query Runtime on Validation Set: 1170615.65
2024-04-17 19:20 | INFO | Query 70 Active Learning Random Query Runtime on Test Set: 445001.56
2024-04-17 19:20 | INFO | Query 70 Active Learning Random Query Instance Cost: 4636043.22
2024-04-17 19:20 | INFO | runtime_train_score is written as json file
2024-04-17 19:20 | INFO | runtime_test_score is written as json file
2024-04-17 19:20 | INFO | runtime_validation_score is written as json file
2024-04-17 19:20 | INFO | instance_cost is written as json file
2024-04-17 19:20 | INFO | Experiment is finished
