2024-04-17 10:37 | INFO | Paramaters are: {'dataset': 'MAXSAT19-UCMS', 'penalty': 10, 'weight': 'No_Weight', 'voting': 'Hard', 'pre_selection_size': 64, 'pre_selection_technique': 'No_pre_selection', 'feature_elimination_threshold': 20, 'imputer_strategy': 'median', 'feature_selection_technique': 'No_feature_selection', 'feature_scaling_technique': 'StandardScaler', 'initial_train_size': 20, 'query_size': 1, 'timeout_predictor_usage': 'No', 'timeout_limit': 3600, 'timeout_increase_rate': 100, 'RANDOM_STATE_SEED': 123, 'n_splits': 10, 'split_number': 0, 'max_timeout': 3600, 'param_grid': {'n_estimators': 100, 'criterion': 'gini', 'max_features': 'sqrt', 'max_depth': 2147483648, 'min_samples_split': 2, 'bootstrap': True}}
2024-04-17 10:37 | INFO | MAXSAT19-UCMS is current dataset
2024-04-17 10:37 | INFO | DATASETS/MAXSAT19-UCMS/algorithm_runs.arff is found
2024-04-17 10:37 | INFO | DATASETS/MAXSAT19-UCMS/algorithm_runs.arff is finished
2024-04-17 10:37 | INFO | DATASETS/MAXSAT19-UCMS/feature_values.arff is found
2024-04-17 10:37 | INFO | DATASETS/MAXSAT19-UCMS/feature_values.arff is finished
2024-04-17 10:37 | INFO | DATASETS/MAXSAT19-UCMS/feature_costs.arff is found
2024-04-17 10:37 | INFO | DATASETS/MAXSAT19-UCMS/feature_costs.arff is finished
2024-04-17 10:37 | INFO | Virtual best solver time in train = 52674.38
2024-04-17 10:37 | INFO | Single best solver list train = {'MaxHS': 1087613.88, 'Open.WBO.g': 1622267.28, 'Open.WBO.ms': 1443696.72, 'Open.WBO.ms.pre': 2045319.53, 'QMaxSAT2018': 4138540.68, 'UWrMaxSAT': 1314549.67, 'maxino2018': 1789813.39}
2024-04-17 10:37 | INFO | Single best solver time train = MaxHS (1087613.88)
2024-04-17 10:37 | INFO | Virtual best solver time in validation = 9203.41
2024-04-17 10:37 | INFO | Single best solver list validation = {'MaxHS': 295335.07, 'Open.WBO.g': 227968.94, 'Open.WBO.ms': 191052.51, 'Open.WBO.ms.pre': 221267.89, 'QMaxSAT2018': 584889.74, 'UWrMaxSAT': 113820.96, 'maxino2018': 187608.84}
2024-04-17 10:37 | INFO | Single best solver time validation = UWrMaxSAT (113820.96)
2024-04-17 10:37 | INFO | Virtual best solver time in test = 9679.09
2024-04-17 10:37 | INFO | Single best solver list test = {'MaxHS': 187876.92, 'Open.WBO.g': 148839.55, 'Open.WBO.ms': 148672.21, 'Open.WBO.ms.pre': 221145.95, 'QMaxSAT2018': 368178.49, 'UWrMaxSAT': 183510.69, 'maxino2018': 149512.61}
2024-04-17 10:37 | INFO | Single best solver time test = Open.WBO.ms (148672.21)
2024-04-17 10:37 | INFO | Passive Learning Runtime on Validation Set: 291314.34
2024-04-17 10:37 | INFO | Passive Learning Runtime on Test Set: 104365.2
2024-04-17 10:37 | INFO | Passive Learning Instance Cost: 1551001.14
2024-04-17 10:38 | INFO | Initial Active Learning Runtime on Validation Set: 217898.98
2024-04-17 10:38 | INFO | Initial Active Learning Runtime on Test Set: 143098.33
2024-04-17 10:38 | INFO | Initial Active Learning Instance Cost: 125423.87
2024-04-17 10:38 | INFO | Bin size = 51
2024-04-17 10:38 | INFO | Query 1 Size of the uncertainty table is = 5040/5040
2024-04-17 10:38 | INFO | Query 1 Size of the filtered table is = 51
2024-04-17 10:38 | INFO | Query 1 Active Learning Runtime on Validation Set: 253489.42
2024-04-17 10:38 | INFO | Query 1 Active Learning Runtime on Test Set: 143218.32
2024-04-17 10:38 | INFO | Query 1 Active Learning Instance Cost: 174223.84
2024-04-17 10:38 | INFO | Timeout limit is increased to 3600
2024-04-17 10:38 | INFO | Query 2 Size of the uncertainty table is = 4976/5040
2024-04-17 10:38 | INFO | Query 2 Size of the filtered table is = 51
2024-04-17 10:39 | INFO | Query 2 Active Learning Runtime on Validation Set: 184282.44
2024-04-17 10:39 | INFO | Query 2 Active Learning Runtime on Test Set: 143183.86
2024-04-17 10:39 | INFO | Query 2 Active Learning Instance Cost: 240458.68
2024-04-17 10:39 | INFO | Query 3 Size of the uncertainty table is = 4880/5040
2024-04-17 10:39 | INFO | Query 3 Size of the filtered table is = 51
2024-04-17 10:39 | INFO | Query 3 Active Learning Runtime on Validation Set: 219946.48
2024-04-17 10:39 | INFO | Query 3 Active Learning Runtime on Test Set: 107453.45
2024-04-17 10:39 | INFO | Query 3 Active Learning Instance Cost: 305058.22
2024-04-17 10:39 | INFO | Timeout limit is increased to 3600
2024-04-17 10:39 | INFO | Query 4 Size of the uncertainty table is = 4771/5040
2024-04-17 10:39 | INFO | Query 4 Size of the filtered table is = 51
2024-04-17 10:39 | INFO | Query 4 Active Learning Runtime on Validation Set: 292742.87
2024-04-17 10:39 | INFO | Query 4 Active Learning Runtime on Test Set: 71454.61
2024-04-17 10:39 | INFO | Query 4 Active Learning Instance Cost: 425875.6
2024-04-17 10:39 | INFO | Timeout limit is increased to 3600
2024-04-17 10:39 | INFO | Query 5 Size of the uncertainty table is = 4658/5040
2024-04-17 10:39 | INFO | Query 5 Size of the filtered table is = 51
2024-04-17 10:40 | INFO | Query 5 Active Learning Runtime on Validation Set: 292740.56999999995
2024-04-17 10:40 | INFO | Query 5 Active Learning Runtime on Test Set: 107546.53
2024-04-17 10:40 | INFO | Query 5 Active Learning Instance Cost: 500544.75
2024-04-17 10:40 | INFO | Query 6 Size of the uncertainty table is = 4520/5040
2024-04-17 10:40 | INFO | Query 6 Size of the filtered table is = 51
2024-04-17 10:40 | INFO | Query 6 Active Learning Runtime on Validation Set: 292717.02
2024-04-17 10:40 | INFO | Query 6 Active Learning Runtime on Test Set: 71545.01000000001
2024-04-17 10:40 | INFO | Query 6 Active Learning Instance Cost: 561126.28
2024-04-17 10:40 | INFO | Query 7 Size of the uncertainty table is = 4375/5040
2024-04-17 10:40 | INFO | Query 7 Size of the filtered table is = 51
2024-04-17 10:40 | INFO | Query 7 Active Learning Runtime on Validation Set: 289861.0
2024-04-17 10:40 | INFO | Query 7 Active Learning Runtime on Test Set: 70407.95000000001
2024-04-17 10:40 | INFO | Query 7 Active Learning Instance Cost: 649735.51
2024-04-17 10:40 | INFO | Query 8 Size of the uncertainty table is = 4217/5040
2024-04-17 10:40 | INFO | Query 8 Size of the filtered table is = 51
2024-04-17 10:41 | INFO | Query 8 Active Learning Runtime on Validation Set: 256788.18
2024-04-17 10:41 | INFO | Query 8 Active Learning Runtime on Test Set: 106311.01000000001
2024-04-17 10:41 | INFO | Query 8 Active Learning Instance Cost: 687902.65
2024-04-17 10:41 | INFO | Query 9 Size of the uncertainty table is = 4050/5040
2024-04-17 10:41 | INFO | Query 9 Size of the filtered table is = 51
2024-04-17 10:41 | INFO | Query 9 Active Learning Runtime on Validation Set: 326219.16000000003
2024-04-17 10:41 | INFO | Query 9 Active Learning Runtime on Test Set: 33429.47
2024-04-17 10:41 | INFO | Query 9 Active Learning Instance Cost: 745226.31
2024-04-17 10:41 | INFO | Timeout limit is increased to 3600
2024-04-17 10:41 | INFO | Query 10 Size of the uncertainty table is = 3841/5040
2024-04-17 10:41 | INFO | Query 10 Size of the filtered table is = 51
2024-04-17 10:41 | INFO | Query 10 Active Learning Runtime on Validation Set: 357585.94999999995
2024-04-17 10:41 | INFO | Query 10 Active Learning Runtime on Test Set: 105321.48000000001
2024-04-17 10:41 | INFO | Query 10 Active Learning Instance Cost: 800332.97
2024-04-17 10:41 | INFO | Timeout limit is increased to 3600
2024-04-17 10:41 | INFO | Query 11 Size of the uncertainty table is = 3652/5040
2024-04-17 10:41 | INFO | Query 11 Size of the filtered table is = 51
2024-04-17 10:42 | INFO | Query 11 Active Learning Runtime on Validation Set: 325144.17000000004
2024-04-17 10:42 | INFO | Query 11 Active Learning Runtime on Test Set: 69052.81
2024-04-17 10:42 | INFO | Query 11 Active Learning Instance Cost: 858668.18
2024-04-17 10:42 | INFO | Query 12 Size of the uncertainty table is = 3427/5040
2024-04-17 10:42 | INFO | Query 12 Size of the filtered table is = 51
2024-04-17 10:42 | INFO | Query 12 Active Learning Runtime on Validation Set: 326024.52
2024-04-17 10:42 | INFO | Query 12 Active Learning Runtime on Test Set: 69037.99
2024-04-17 10:42 | INFO | Query 12 Active Learning Instance Cost: 890577.66
2024-04-17 10:42 | INFO | Timeout limit is increased to 3600
2024-04-17 10:42 | INFO | Query 13 Size of the uncertainty table is = 3215/5040
2024-04-17 10:42 | INFO | Query 13 Size of the filtered table is = 51
2024-04-17 10:43 | INFO | Query 13 Active Learning Runtime on Validation Set: 394307.19999999995
2024-04-17 10:43 | INFO | Query 13 Active Learning Runtime on Test Set: 33145.04
2024-04-17 10:43 | INFO | Query 13 Active Learning Instance Cost: 919044.84
2024-04-17 10:43 | INFO | Timeout limit is increased to 3600
2024-04-17 10:43 | INFO | Query 14 Size of the uncertainty table is = 2960/5040
2024-04-17 10:43 | INFO | Query 14 Size of the filtered table is = 51
2024-04-17 10:43 | INFO | Query 14 Active Learning Runtime on Validation Set: 358552.6
2024-04-17 10:43 | INFO | Query 14 Active Learning Runtime on Test Set: 33144.41
2024-04-17 10:43 | INFO | Query 14 Active Learning Instance Cost: 972344.21
2024-04-17 10:43 | INFO | Query 15 Size of the uncertainty table is = 2710/5040
2024-04-17 10:43 | INFO | Query 15 Size of the filtered table is = 51
2024-04-17 10:43 | INFO | Query 15 Active Learning Runtime on Validation Set: 358284.23
2024-04-17 10:43 | INFO | Query 15 Active Learning Runtime on Test Set: 69123.09
2024-04-17 10:43 | INFO | Query 15 Active Learning Instance Cost: 1013737.08
2024-04-17 10:43 | INFO | Query 16 Size of the uncertainty table is = 2498/5040
2024-04-17 10:43 | INFO | Query 16 Size of the filtered table is = 51
2024-04-17 10:44 | INFO | Query 16 Active Learning Runtime on Validation Set: 322246.57999999996
2024-04-17 10:44 | INFO | Query 16 Active Learning Runtime on Test Set: 104577.79000000001
2024-04-17 10:44 | INFO | Query 16 Active Learning Instance Cost: 1054215.62
2024-04-17 10:44 | INFO | Query 17 Size of the uncertainty table is = 2266/5040
2024-04-17 10:44 | INFO | Query 17 Size of the filtered table is = 51
2024-04-17 10:44 | INFO | Query 17 Active Learning Runtime on Validation Set: 286188.62
2024-04-17 10:44 | INFO | Query 17 Active Learning Runtime on Test Set: 104613.62000000001
2024-04-17 10:44 | INFO | Query 17 Active Learning Instance Cost: 1108073.53
2024-04-17 10:44 | INFO | Query 18 Size of the uncertainty table is = 2082/5040
2024-04-17 10:44 | INFO | Query 18 Size of the filtered table is = 51
2024-04-17 10:44 | INFO | Query 18 Active Learning Runtime on Validation Set: 321962.42000000004
2024-04-17 10:44 | INFO | Query 18 Active Learning Runtime on Test Set: 104613.62000000001
2024-04-17 10:44 | INFO | Query 18 Active Learning Instance Cost: 1141434.88
2024-04-17 10:44 | INFO | Timeout limit is increased to 3600
2024-04-17 10:44 | INFO | Query 19 Size of the uncertainty table is = 1867/5040
2024-04-17 10:44 | INFO | Query 19 Size of the filtered table is = 51
2024-04-17 10:45 | INFO | Query 19 Active Learning Runtime on Validation Set: 286050.53
2024-04-17 10:45 | INFO | Query 19 Active Learning Runtime on Test Set: 68614.25
2024-04-17 10:45 | INFO | Query 19 Active Learning Instance Cost: 1187203.97
2024-04-17 10:45 | INFO | Query 20 Size of the uncertainty table is = 1688/5040
2024-04-17 10:45 | INFO | Query 20 Size of the filtered table is = 51
2024-04-17 10:45 | INFO | Query 20 Active Learning Runtime on Validation Set: 289283.32
2024-04-17 10:45 | INFO | Query 20 Active Learning Runtime on Test Set: 104487.34
2024-04-17 10:45 | INFO | Query 20 Active Learning Instance Cost: 1216690.8
2024-04-17 10:45 | INFO | Timeout limit is increased to 3600
2024-04-17 10:45 | INFO | Query 21 Size of the uncertainty table is = 1490/5040
2024-04-17 10:45 | INFO | Query 21 Size of the filtered table is = 51
2024-04-17 10:46 | INFO | Query 21 Active Learning Runtime on Validation Set: 321794.86
2024-04-17 10:46 | INFO | Query 21 Active Learning Runtime on Test Set: 104424.43000000001
2024-04-17 10:46 | INFO | Query 21 Active Learning Instance Cost: 1226246.0
2024-04-17 10:46 | INFO | Timeout limit is increased to 3600
2024-04-17 10:46 | INFO | Query 22 Size of the uncertainty table is = 1328/5040
2024-04-17 10:46 | INFO | Query 22 Size of the filtered table is = 51
2024-04-17 10:46 | INFO | Query 22 Active Learning Runtime on Validation Set: 321824.91000000003
2024-04-17 10:46 | INFO | Query 22 Active Learning Runtime on Test Set: 104347.37000000001
2024-04-17 10:46 | INFO | Query 22 Active Learning Instance Cost: 1258804.83
2024-04-17 10:46 | INFO | Timeout limit is increased to 3600
2024-04-17 10:46 | INFO | Query 23 Size of the uncertainty table is = 1114/5040
2024-04-17 10:46 | INFO | Query 23 Size of the filtered table is = 51
2024-04-17 10:46 | INFO | Query 23 Active Learning Runtime on Validation Set: 323873.85
2024-04-17 10:46 | INFO | Query 23 Active Learning Runtime on Test Set: 104344.54000000001
2024-04-17 10:46 | INFO | Query 23 Active Learning Instance Cost: 1309245.91
2024-04-17 10:46 | INFO | Timeout limit is increased to 3600
2024-04-17 10:46 | INFO | Query 24 Size of the uncertainty table is = 896/5040
2024-04-17 10:46 | INFO | Query 24 Size of the filtered table is = 51
2024-04-17 10:47 | INFO | Query 24 Active Learning Runtime on Validation Set: 324143.28
2024-04-17 10:47 | INFO | Query 24 Active Learning Runtime on Test Set: 68422.78
2024-04-17 10:47 | INFO | Query 24 Active Learning Instance Cost: 1346463.67
2024-04-17 10:47 | INFO | Timeout limit is increased to 3600
2024-04-17 10:47 | INFO | Query 25 Size of the uncertainty table is = 711/5040
2024-04-17 10:47 | INFO | Query 25 Size of the filtered table is = 51
2024-04-17 10:47 | INFO | Query 25 Active Learning Runtime on Validation Set: 290913.76
2024-04-17 10:47 | INFO | Query 25 Active Learning Runtime on Test Set: 104365.2
2024-04-17 10:47 | INFO | Query 25 Active Learning Instance Cost: 1397928.9
2024-04-17 10:47 | INFO | Query 26 Size of the uncertainty table is = 490/5040
2024-04-17 10:47 | INFO | Query 26 Size of the filtered table is = 51
2024-04-17 10:47 | INFO | Query 26 Active Learning Runtime on Validation Set: 323935.56000000006
2024-04-17 10:47 | INFO | Query 26 Active Learning Runtime on Test Set: 104364.31
2024-04-17 10:47 | INFO | Query 26 Active Learning Instance Cost: 1449136.85
2024-04-17 10:47 | INFO | Timeout limit is increased to 3600
2024-04-17 10:47 | INFO | Query 27 Size of the uncertainty table is = 298/5040
2024-04-17 10:47 | INFO | Query 27 Size of the filtered table is = 51
2024-04-17 10:48 | INFO | Query 27 Active Learning Runtime on Validation Set: 323923.81999999995
2024-04-17 10:48 | INFO | Query 27 Active Learning Runtime on Test Set: 68442.48000000001
2024-04-17 10:48 | INFO | Query 27 Active Learning Instance Cost: 1529142.59
2024-04-17 10:48 | INFO | Query 28 Size of the uncertainty table is = 77/5040
2024-04-17 10:48 | INFO | Query 28 Size of the filtered table is = 51
2024-04-17 10:48 | INFO | Query 28 Active Learning Runtime on Validation Set: 323923.03
2024-04-17 10:48 | INFO | Query 28 Active Learning Runtime on Test Set: 104365.44
2024-04-17 10:48 | INFO | Query 28 Active Learning Instance Cost: 1551001.14
2024-04-17 10:48 | INFO | runtime_test_score is written as json file
2024-04-17 10:48 | INFO | runtime_validation_score is written as json file
2024-04-17 10:48 | INFO | instance_cost is written as json file
2024-04-17 10:48 | INFO | Experiment is finished
