2024-04-17 18:12 | INFO | Paramaters are: {'dataset': 'MAXSAT12-PMS', 'penalty': 10, 'weight': 'No_Weight', 'voting': 'Hard', 'pre_selection_size': 64, 'pre_selection_technique': 'No_pre_selection', 'feature_elimination_threshold': 20, 'imputer_strategy': 'median', 'feature_selection_technique': 'No_feature_selection', 'feature_scaling_technique': 'StandardScaler', 'initial_train_size': 20, 'query_size': 1, 'timeout_predictor_usage': 'No', 'timeout_limit': 3600, 'timeout_increase_rate': 100, 'RANDOM_STATE_SEED': 7, 'n_splits': 10, 'split_number': 1, 'max_timeout': 3600, 'param_grid': {'n_estimators': 100, 'criterion': 'gini', 'max_features': 'sqrt', 'max_depth': 2147483648, 'min_samples_split': 2, 'bootstrap': True}}
2024-04-17 18:12 | INFO | MAXSAT12-PMS is current dataset
2024-04-17 18:12 | INFO | DATASETS/MAXSAT12-PMS/algorithm_runs.csv is found
2024-04-17 18:12 | INFO | DATASETS/MAXSAT12-PMS/algorithm_runs.csv is finished
2024-04-17 18:12 | INFO | DATASETS/MAXSAT12-PMS/feature_values.csv is found
2024-04-17 18:12 | INFO | DATASETS/MAXSAT12-PMS/feature_values.csv is finished
2024-04-17 18:12 | INFO | DATASETS/MAXSAT12-PMS/feature_costs.csv is found
2024-04-17 18:12 | INFO | DATASETS/MAXSAT12-PMS/feature_costs.csv is finished
2024-04-17 18:12 | INFO | Feature cost of train set is 34.76
2024-04-17 18:13 | INFO | Initial Active Learning Random Query Runtime on Validation Set: 261665.35
2024-04-17 18:13 | INFO | Initial Active Learning Random Query Runtime on Test Set: 77721.5
2024-04-17 18:13 | INFO | Initial Active Learning Random Query Instance Cost: 163537.66
2024-04-17 18:13 | INFO | Bin size = 77
2024-04-17 18:13 | INFO | Query 1 Size of the uncertainty table is = 7755/7755
2024-04-17 18:13 | INFO | Query 1 Size of the filtered table is = 77
2024-04-17 18:13 | INFO | Query 1 Active Learning Random Query Runtime on Validation Set: 261630.86
2024-04-17 18:13 | INFO | Query 1 Active Learning Random Query Runtime on Test Set: 111852.89
2024-04-17 18:13 | INFO | Query 1 Active Learning Random Query Instance Cost: 330688.32
2024-04-17 18:13 | INFO | Query 2 Size of the uncertainty table is = 7678/7755
2024-04-17 18:13 | INFO | Query 2 Size of the filtered table is = 77
2024-04-17 18:14 | INFO | Query 2 Active Learning Random Query Runtime on Validation Set: 190057.35
2024-04-17 18:14 | INFO | Query 2 Active Learning Random Query Runtime on Test Set: 146311.36
2024-04-17 18:14 | INFO | Query 2 Active Learning Random Query Instance Cost: 512118.81
2024-04-17 18:14 | INFO | Query 3 Size of the uncertainty table is = 7563/7755
2024-04-17 18:14 | INFO | Query 3 Size of the filtered table is = 77
2024-04-17 18:14 | INFO | Query 3 Active Learning Random Query Runtime on Validation Set: 190128.1
2024-04-17 18:14 | INFO | Query 3 Active Learning Random Query Runtime on Test Set: 111216.1
2024-04-17 18:14 | INFO | Query 3 Active Learning Random Query Instance Cost: 665122.87
2024-04-17 18:14 | INFO | Timeout limit is increased to 3600
2024-04-17 18:14 | INFO | Query 4 Size of the uncertainty table is = 7420/7755
2024-04-17 18:14 | INFO | Query 4 Size of the filtered table is = 77
2024-04-17 18:15 | INFO | Query 4 Active Learning Random Query Runtime on Validation Set: 480673.8
2024-04-17 18:15 | INFO | Query 4 Active Learning Random Query Runtime on Test Set: 147279.91
2024-04-17 18:15 | INFO | Query 4 Active Learning Random Query Instance Cost: 816495.19
2024-04-17 18:15 | INFO | Timeout limit is increased to 3600
2024-04-17 18:15 | INFO | Query 5 Size of the uncertainty table is = 7264/7755
2024-04-17 18:15 | INFO | Query 5 Size of the filtered table is = 77
2024-04-17 18:15 | INFO | Query 5 Active Learning Random Query Runtime on Validation Set: 11567.09
2024-04-17 18:15 | INFO | Query 5 Active Learning Random Query Runtime on Test Set: 39600.18
2024-04-17 18:15 | INFO | Query 5 Active Learning Random Query Instance Cost: 974072.16
2024-04-17 18:15 | INFO | Query 6 Size of the uncertainty table is = 7108/7755
2024-04-17 18:15 | INFO | Query 6 Size of the filtered table is = 77
2024-04-17 18:16 | INFO | Query 6 Active Learning Random Query Runtime on Validation Set: 190198.53
2024-04-17 18:16 | INFO | Query 6 Active Learning Random Query Runtime on Test Set: 75071.84
2024-04-17 18:16 | INFO | Query 6 Active Learning Random Query Instance Cost: 1125690.48
2024-04-17 18:16 | INFO | Timeout limit is increased to 3600
2024-04-17 18:16 | INFO | Query 7 Size of the uncertainty table is = 6936/7755
2024-04-17 18:16 | INFO | Query 7 Size of the filtered table is = 77
2024-04-17 18:16 | INFO | Query 7 Active Learning Random Query Runtime on Validation Set: 10217.42
2024-04-17 18:16 | INFO | Query 7 Active Learning Random Query Runtime on Test Set: 110628.07
2024-04-17 18:16 | INFO | Query 7 Active Learning Random Query Instance Cost: 1248348.64
2024-04-17 18:16 | INFO | Query 8 Size of the uncertainty table is = 6736/7755
2024-04-17 18:16 | INFO | Query 8 Size of the filtered table is = 77
2024-04-17 18:17 | INFO | Query 8 Active Learning Random Query Runtime on Validation Set: 10298.83
2024-04-17 18:17 | INFO | Query 8 Active Learning Random Query Runtime on Test Set: 74094.09
2024-04-17 18:17 | INFO | Query 8 Active Learning Random Query Instance Cost: 1392645.73
2024-04-17 18:17 | INFO | Timeout limit is increased to 3600
2024-04-17 18:17 | INFO | Query 9 Size of the uncertainty table is = 6508/7755
2024-04-17 18:17 | INFO | Query 9 Size of the filtered table is = 77
2024-04-17 18:17 | INFO | Query 9 Active Learning Random Query Runtime on Validation Set: 261538.33
2024-04-17 18:17 | INFO | Query 9 Active Learning Random Query Runtime on Test Set: 145959.86
2024-04-17 18:17 | INFO | Query 9 Active Learning Random Query Instance Cost: 1527963.59
2024-04-17 18:17 | INFO | Timeout limit is increased to 3600
2024-04-17 18:17 | INFO | Query 10 Size of the uncertainty table is = 6304/7755
2024-04-17 18:17 | INFO | Query 10 Size of the filtered table is = 77
2024-04-17 18:18 | INFO | Query 10 Active Learning Random Query Runtime on Validation Set: 8256.7
2024-04-17 18:18 | INFO | Query 10 Active Learning Random Query Runtime on Test Set: 110265.47
2024-04-17 18:18 | INFO | Query 10 Active Learning Random Query Instance Cost: 1648223.15
2024-04-17 18:18 | INFO | Query 11 Size of the uncertainty table is = 6045/7755
2024-04-17 18:18 | INFO | Query 11 Size of the filtered table is = 77
2024-04-17 18:18 | INFO | Query 11 Active Learning Random Query Runtime on Validation Set: 227038.27
2024-04-17 18:18 | INFO | Query 11 Active Learning Random Query Runtime on Test Set: 39144.72
2024-04-17 18:18 | INFO | Query 11 Active Learning Random Query Instance Cost: 1788100.63
2024-04-17 18:18 | INFO | Timeout limit is increased to 3600
2024-04-17 18:18 | INFO | Query 12 Size of the uncertainty table is = 5811/7755
2024-04-17 18:18 | INFO | Query 12 Size of the filtered table is = 77
2024-04-17 18:19 | INFO | Query 12 Active Learning Random Query Runtime on Validation Set: 8196.6
2024-04-17 18:19 | INFO | Query 12 Active Learning Random Query Runtime on Test Set: 75162.99
2024-04-17 18:19 | INFO | Query 12 Active Learning Random Query Instance Cost: 1860678.68
2024-04-17 18:19 | INFO | Query 13 Size of the uncertainty table is = 5592/7755
2024-04-17 18:19 | INFO | Query 13 Size of the filtered table is = 77
2024-04-17 18:19 | INFO | Query 13 Active Learning Random Query Runtime on Validation Set: 8307.81
2024-04-17 18:19 | INFO | Query 13 Active Learning Random Query Runtime on Test Set: 39145.88
2024-04-17 18:19 | INFO | Query 13 Active Learning Random Query Instance Cost: 1981642.74
2024-04-17 18:19 | INFO | Timeout limit is increased to 3600
2024-04-17 18:19 | INFO | Query 14 Size of the uncertainty table is = 5330/7755
2024-04-17 18:19 | INFO | Query 14 Size of the filtered table is = 77
2024-04-17 18:20 | INFO | Query 14 Active Learning Random Query Runtime on Validation Set: 115763.72
2024-04-17 18:20 | INFO | Query 14 Active Learning Random Query Runtime on Test Set: 109963.37
2024-04-17 18:20 | INFO | Query 14 Active Learning Random Query Instance Cost: 2068976.85
2024-04-17 18:20 | INFO | Timeout limit is increased to 3600
2024-04-17 18:20 | INFO | Query 15 Size of the uncertainty table is = 5051/7755
2024-04-17 18:20 | INFO | Query 15 Size of the filtered table is = 77
2024-04-17 18:20 | INFO | Query 15 Active Learning Random Query Runtime on Validation Set: 8351.75
2024-04-17 18:20 | INFO | Query 15 Active Learning Random Query Runtime on Test Set: 39211.88
2024-04-17 18:20 | INFO | Query 15 Active Learning Random Query Instance Cost: 2197866.99
2024-04-17 18:20 | INFO | Query 16 Size of the uncertainty table is = 4739/7755
2024-04-17 18:20 | INFO | Query 16 Size of the filtered table is = 77
2024-04-17 18:21 | INFO | Query 16 Active Learning Random Query Runtime on Validation Set: 8313.31
2024-04-17 18:21 | INFO | Query 16 Active Learning Random Query Runtime on Test Set: 39322.7
2024-04-17 18:21 | INFO | Query 16 Active Learning Random Query Instance Cost: 2306839.97
2024-04-17 18:21 | INFO | Query 17 Size of the uncertainty table is = 4464/7755
2024-04-17 18:21 | INFO | Query 17 Size of the filtered table is = 77
2024-04-17 18:21 | INFO | Query 17 Active Learning Random Query Runtime on Validation Set: 8278.97
2024-04-17 18:21 | INFO | Query 17 Active Learning Random Query Runtime on Test Set: 4910.39
2024-04-17 18:21 | INFO | Query 17 Active Learning Random Query Instance Cost: 2411399.41
2024-04-17 18:21 | INFO | Query 18 Size of the uncertainty table is = 4199/7755
2024-04-17 18:21 | INFO | Query 18 Size of the filtered table is = 77
2024-04-17 18:22 | INFO | Query 18 Active Learning Random Query Runtime on Validation Set: 8298.53
2024-04-17 18:22 | INFO | Query 18 Active Learning Random Query Runtime on Test Set: 4863.85
2024-04-17 18:22 | INFO | Query 18 Active Learning Random Query Instance Cost: 2479580.92
2024-04-17 18:22 | INFO | Timeout limit is increased to 3600
2024-04-17 18:22 | INFO | Query 19 Size of the uncertainty table is = 3925/7755
2024-04-17 18:22 | INFO | Query 19 Size of the filtered table is = 77
2024-04-17 18:22 | INFO | Query 19 Active Learning Random Query Runtime on Validation Set: 8236.17
2024-04-17 18:22 | INFO | Query 19 Active Learning Random Query Runtime on Test Set: 4907.27
2024-04-17 18:22 | INFO | Query 19 Active Learning Random Query Instance Cost: 2581650.33
2024-04-17 18:22 | INFO | Query 20 Size of the uncertainty table is = 3638/7755
2024-04-17 18:22 | INFO | Query 20 Size of the filtered table is = 77
2024-04-17 18:23 | INFO | Query 20 Active Learning Random Query Runtime on Validation Set: 8185.72
2024-04-17 18:23 | INFO | Query 20 Active Learning Random Query Runtime on Test Set: 4969.36
2024-04-17 18:23 | INFO | Query 20 Active Learning Random Query Instance Cost: 2670217.0
2024-04-17 18:23 | INFO | Query 21 Size of the uncertainty table is = 3308/7755
2024-04-17 18:23 | INFO | Query 21 Size of the filtered table is = 77
2024-04-17 18:23 | INFO | Query 21 Active Learning Random Query Runtime on Validation Set: 8180.1
2024-04-17 18:23 | INFO | Query 21 Active Learning Random Query Runtime on Test Set: 4910.78
2024-04-17 18:23 | INFO | Query 21 Active Learning Random Query Instance Cost: 2770477.24
2024-04-17 18:23 | INFO | Query 22 Size of the uncertainty table is = 3004/7755
2024-04-17 18:23 | INFO | Query 22 Size of the filtered table is = 77
2024-04-17 18:24 | INFO | Query 22 Active Learning Random Query Runtime on Validation Set: 8324.22
2024-04-17 18:24 | INFO | Query 22 Active Learning Random Query Runtime on Test Set: 4903.69
2024-04-17 18:24 | INFO | Query 22 Active Learning Random Query Instance Cost: 2864477.76
2024-04-17 18:24 | INFO | Timeout limit is increased to 3600
2024-04-17 18:24 | INFO | Query 23 Size of the uncertainty table is = 2693/7755
2024-04-17 18:24 | INFO | Query 23 Size of the filtered table is = 77
2024-04-17 18:24 | INFO | Query 23 Active Learning Random Query Runtime on Validation Set: 8172.03
2024-04-17 18:24 | INFO | Query 23 Active Learning Random Query Runtime on Test Set: 4777.33
2024-04-17 18:24 | INFO | Query 23 Active Learning Random Query Instance Cost: 2955671.19
2024-04-17 18:24 | INFO | Query 24 Size of the uncertainty table is = 2384/7755
2024-04-17 18:24 | INFO | Query 24 Size of the filtered table is = 77
2024-04-17 18:25 | INFO | Query 24 Active Learning Random Query Runtime on Validation Set: 8204.66
2024-04-17 18:25 | INFO | Query 24 Active Learning Random Query Runtime on Test Set: 4644.21
2024-04-17 18:25 | INFO | Query 24 Active Learning Random Query Instance Cost: 3041506.55
2024-04-17 18:25 | INFO | Timeout limit is increased to 3600
2024-04-17 18:25 | INFO | Query 25 Size of the uncertainty table is = 2058/7755
2024-04-17 18:25 | INFO | Query 25 Size of the filtered table is = 77
2024-04-17 18:25 | INFO | Query 25 Active Learning Random Query Runtime on Validation Set: 8151.92
2024-04-17 18:25 | INFO | Query 25 Active Learning Random Query Runtime on Test Set: 4827.46
2024-04-17 18:25 | INFO | Query 25 Active Learning Random Query Instance Cost: 3133504.74
2024-04-17 18:25 | INFO | Query 26 Size of the uncertainty table is = 1755/7755
2024-04-17 18:25 | INFO | Query 26 Size of the filtered table is = 77
2024-04-17 18:26 | INFO | Query 26 Active Learning Random Query Runtime on Validation Set: 8152.35
2024-04-17 18:26 | INFO | Query 26 Active Learning Random Query Runtime on Test Set: 40844.26
2024-04-17 18:26 | INFO | Query 26 Active Learning Random Query Instance Cost: 3201395.4
2024-04-17 18:26 | INFO | Timeout limit is increased to 3600
2024-04-17 18:26 | INFO | Query 27 Size of the uncertainty table is = 1439/7755
2024-04-17 18:26 | INFO | Query 27 Size of the filtered table is = 77
2024-04-17 18:26 | INFO | Query 27 Active Learning Random Query Runtime on Validation Set: 8169.11
2024-04-17 18:26 | INFO | Query 27 Active Learning Random Query Runtime on Test Set: 4644.87
2024-04-17 18:26 | INFO | Query 27 Active Learning Random Query Instance Cost: 3277531.8
2024-04-17 18:26 | INFO | Timeout limit is increased to 3600
2024-04-17 18:26 | INFO | Query 28 Size of the uncertainty table is = 1079/7755
2024-04-17 18:26 | INFO | Query 28 Size of the filtered table is = 77
2024-04-17 18:27 | INFO | Query 28 Active Learning Random Query Runtime on Validation Set: 8191.24
2024-04-17 18:27 | INFO | Query 28 Active Learning Random Query Runtime on Test Set: 4641.17
2024-04-17 18:27 | INFO | Query 28 Active Learning Random Query Instance Cost: 3341457.09
2024-04-17 18:27 | INFO | Timeout limit is increased to 3600
2024-04-17 18:27 | INFO | Query 29 Size of the uncertainty table is = 740/7755
2024-04-17 18:27 | INFO | Query 29 Size of the filtered table is = 77
2024-04-17 18:27 | INFO | Query 29 Active Learning Random Query Runtime on Validation Set: 8202.9
2024-04-17 18:27 | INFO | Query 29 Active Learning Random Query Runtime on Test Set: 40727.85
2024-04-17 18:27 | INFO | Query 29 Active Learning Random Query Instance Cost: 3413509.81
2024-04-17 18:27 | INFO | Timeout limit is increased to 3600
2024-04-17 18:27 | INFO | Query 30 Size of the uncertainty table is = 448/7755
2024-04-17 18:27 | INFO | Query 30 Size of the filtered table is = 77
2024-04-17 18:28 | INFO | Query 30 Active Learning Random Query Runtime on Validation Set: 9272.05
2024-04-17 18:28 | INFO | Query 30 Active Learning Random Query Runtime on Test Set: 4771.09
2024-04-17 18:28 | INFO | Query 30 Active Learning Random Query Instance Cost: 3470680.78
2024-04-17 18:28 | INFO | Timeout limit is increased to 3600
2024-04-17 18:28 | INFO | Query 31 Size of the uncertainty table is = 182/7755
2024-04-17 18:28 | INFO | Query 31 Size of the filtered table is = 77
2024-04-17 18:28 | INFO | Query 31 Active Learning Random Query Runtime on Validation Set: 478181.99
2024-04-17 18:28 | INFO | Query 31 Active Learning Random Query Runtime on Test Set: 4712.53
2024-04-17 18:28 | INFO | Query 31 Active Learning Random Query Instance Cost: 3521649.35
2024-04-17 18:28 | INFO | Timeout limit is increased to 3600
2024-04-17 18:28 | INFO | Query 32 Size of the uncertainty table is = 15/7755
2024-04-17 18:28 | INFO | Query 32 Size of the filtered table is = 15
2024-04-17 18:29 | INFO | Query 32 Active Learning Random Query Runtime on Validation Set: 478181.99
2024-04-17 18:29 | INFO | Query 32 Active Learning Random Query Runtime on Test Set: 4694.19
2024-04-17 18:29 | INFO | Query 32 Active Learning Random Query Instance Cost: 3525249.47
2024-04-17 18:29 | INFO | Timeout limit is increased to 3600
2024-04-17 18:29 | INFO | runtime_train_score is written as json file
2024-04-17 18:29 | INFO | runtime_test_score is written as json file
2024-04-17 18:29 | INFO | runtime_validation_score is written as json file
2024-04-17 18:29 | INFO | instance_cost is written as json file
2024-04-17 18:29 | INFO | Experiment is finished
