2024-04-17 18:44 | INFO | Paramaters are: {'dataset': 'MAXSAT12-PMS', 'penalty': 10, 'weight': 'No_Weight', 'voting': 'Hard', 'pre_selection_size': 64, 'pre_selection_technique': 'No_pre_selection', 'feature_elimination_threshold': 20, 'imputer_strategy': 'median', 'feature_selection_technique': 'No_feature_selection', 'feature_scaling_technique': 'StandardScaler', 'initial_train_size': 20, 'query_size': 1, 'timeout_predictor_usage': 'Yes', 'timeout_limit': 100, 'timeout_increase_rate': 100, 'RANDOM_STATE_SEED': 123, 'n_splits': 10, 'split_number': 1, 'max_timeout': 3600, 'param_grid': {'n_estimators': 100, 'criterion': 'gini', 'max_features': 'sqrt', 'max_depth': 2147483648, 'min_samples_split': 2, 'bootstrap': True}}
2024-04-17 18:44 | INFO | MAXSAT12-PMS is current dataset
2024-04-17 18:44 | INFO | DATASETS/MAXSAT12-PMS/algorithm_runs.csv is found
2024-04-17 18:44 | INFO | DATASETS/MAXSAT12-PMS/algorithm_runs.csv is finished
2024-04-17 18:44 | INFO | DATASETS/MAXSAT12-PMS/feature_values.csv is found
2024-04-17 18:44 | INFO | DATASETS/MAXSAT12-PMS/feature_values.csv is finished
2024-04-17 18:44 | INFO | DATASETS/MAXSAT12-PMS/feature_costs.csv is found
2024-04-17 18:44 | INFO | DATASETS/MAXSAT12-PMS/feature_costs.csv is finished
2024-04-17 18:44 | INFO | Feature cost of train set is 33.26
2024-04-17 18:44 | INFO | Initial Active Learning Random Query Runtime on Validation Set: 731514.96
2024-04-17 18:44 | INFO | Initial Active Learning Random Query Runtime on Test Set: 146347.55
2024-04-17 18:44 | INFO | Initial Active Learning Random Query Instance Cost: 4146.64
2024-04-17 18:44 | INFO | Bin size = 77
2024-04-17 18:44 | INFO | Query 1 Size of the uncertainty table is = 7794/7755
2024-04-17 18:44 | INFO | Query 1 Size of the filtered table is = 77
2024-04-17 18:45 | INFO | Query 1 Active Learning Random Query Runtime on Validation Set: 731608.59
2024-04-17 18:45 | INFO | Query 1 Active Learning Random Query Runtime on Test Set: 146315.25
2024-04-17 18:45 | INFO | Query 1 Active Learning Random Query Instance Cost: 11548.69
2024-04-17 18:45 | INFO | Timeout limit is increased to 200
2024-04-17 18:45 | INFO | Query 2 Size of the uncertainty table is = 7721/7755
2024-04-17 18:45 | INFO | Query 2 Size of the filtered table is = 77
2024-04-17 18:45 | INFO | Query 2 Active Learning Random Query Runtime on Validation Set: 731611.43
2024-04-17 18:45 | INFO | Query 2 Active Learning Random Query Runtime on Test Set: 146265.25
2024-04-17 18:45 | INFO | Query 2 Active Learning Random Query Instance Cost: 23558.46
2024-04-17 18:45 | INFO | Timeout limit is increased to 300
2024-04-17 18:45 | INFO | Query 3 Size of the uncertainty table is = 7637/7755
2024-04-17 18:45 | INFO | Query 3 Size of the filtered table is = 77
2024-04-17 18:46 | INFO | Query 3 Active Learning Random Query Runtime on Validation Set: 731616.63
2024-04-17 18:46 | INFO | Query 3 Active Learning Random Query Runtime on Test Set: 110413.12
2024-04-17 18:46 | INFO | Query 3 Active Learning Random Query Instance Cost: 41427.28
2024-04-17 18:46 | INFO | Timeout limit is increased to 400
2024-04-17 18:46 | INFO | Query 4 Size of the uncertainty table is = 7541/7755
2024-04-17 18:46 | INFO | Query 4 Size of the filtered table is = 77
2024-04-17 18:46 | INFO | Query 4 Active Learning Random Query Runtime on Validation Set: 191156.63
2024-04-17 18:46 | INFO | Query 4 Active Learning Random Query Runtime on Test Set: 110154.81
2024-04-17 18:46 | INFO | Query 4 Active Learning Random Query Instance Cost: 65639.37
2024-04-17 18:46 | INFO | Query 5 Size of the uncertainty table is = 7417/7755
2024-04-17 18:46 | INFO | Query 5 Size of the filtered table is = 77
2024-04-17 18:47 | INFO | Query 5 Active Learning Random Query Runtime on Validation Set: 194304.85
2024-04-17 18:47 | INFO | Query 5 Active Learning Random Query Runtime on Test Set: 110190.36
2024-04-17 18:47 | INFO | Query 5 Active Learning Random Query Instance Cost: 88266.72
2024-04-17 18:47 | INFO | Timeout limit is increased to 500
2024-04-17 18:47 | INFO | Query 6 Size of the uncertainty table is = 7277/7755
2024-04-17 18:47 | INFO | Query 6 Size of the filtered table is = 77
2024-04-17 18:47 | INFO | Query 6 Active Learning Random Query Runtime on Validation Set: 191126.19
2024-04-17 18:47 | INFO | Query 6 Active Learning Random Query Runtime on Test Set: 110125.92
2024-04-17 18:47 | INFO | Query 6 Active Learning Random Query Instance Cost: 109432.63
2024-04-17 18:47 | INFO | Query 7 Size of the uncertainty table is = 7119/7755
2024-04-17 18:47 | INFO | Query 7 Size of the filtered table is = 77
2024-04-17 18:48 | INFO | Query 7 Active Learning Random Query Runtime on Validation Set: 442282.83
2024-04-17 18:48 | INFO | Query 7 Active Learning Random Query Runtime on Test Set: 110251.57
2024-04-17 18:48 | INFO | Query 7 Active Learning Random Query Instance Cost: 131739.08
2024-04-17 18:48 | INFO | Timeout limit is increased to 600
2024-04-17 18:48 | INFO | Query 8 Size of the uncertainty table is = 6943/7755
2024-04-17 18:48 | INFO | Query 8 Size of the filtered table is = 77
2024-04-17 18:48 | INFO | Query 8 Active Learning Random Query Runtime on Validation Set: 442416.48
2024-04-17 18:48 | INFO | Query 8 Active Learning Random Query Runtime on Test Set: 110328.83
2024-04-17 18:48 | INFO | Query 8 Active Learning Random Query Instance Cost: 159867.11
2024-04-17 18:48 | INFO | Timeout limit is increased to 700
2024-04-17 18:48 | INFO | Query 9 Size of the uncertainty table is = 6750/7755
2024-04-17 18:48 | INFO | Query 9 Size of the filtered table is = 77
2024-04-17 18:49 | INFO | Query 9 Active Learning Random Query Runtime on Validation Set: 191312.15
2024-04-17 18:49 | INFO | Query 9 Active Learning Random Query Runtime on Test Set: 110249.35
2024-04-17 18:49 | INFO | Query 9 Active Learning Random Query Instance Cost: 191126.78
2024-04-17 18:49 | INFO | Query 10 Size of the uncertainty table is = 6553/7755
2024-04-17 18:49 | INFO | Query 10 Size of the filtered table is = 77
2024-04-17 18:49 | INFO | Query 10 Active Learning Random Query Runtime on Validation Set: 442375.89
2024-04-17 18:49 | INFO | Query 10 Active Learning Random Query Runtime on Test Set: 110250.91
2024-04-17 18:49 | INFO | Query 10 Active Learning Random Query Instance Cost: 232264.39
2024-04-17 18:49 | INFO | Timeout limit is increased to 800
2024-04-17 18:49 | INFO | Query 11 Size of the uncertainty table is = 6374/7755
2024-04-17 18:49 | INFO | Query 11 Size of the filtered table is = 77
2024-04-17 18:50 | INFO | Query 11 Active Learning Random Query Runtime on Validation Set: 442323.68
2024-04-17 18:50 | INFO | Query 11 Active Learning Random Query Runtime on Test Set: 110193.96
2024-04-17 18:50 | INFO | Query 11 Active Learning Random Query Instance Cost: 266520.61
2024-04-17 18:50 | INFO | Query 12 Size of the uncertainty table is = 6164/7755
2024-04-17 18:50 | INFO | Query 12 Size of the filtered table is = 77
2024-04-17 18:50 | INFO | Query 12 Active Learning Random Query Runtime on Validation Set: 191252.88
2024-04-17 18:50 | INFO | Query 12 Active Learning Random Query Runtime on Test Set: 110207.0
2024-04-17 18:50 | INFO | Query 12 Active Learning Random Query Instance Cost: 299881.31
2024-04-17 18:50 | INFO | Query 13 Size of the uncertainty table is = 5953/7755
2024-04-17 18:50 | INFO | Query 13 Size of the filtered table is = 77
2024-04-17 18:51 | INFO | Query 13 Active Learning Random Query Runtime on Validation Set: 117729.54
2024-04-17 18:51 | INFO | Query 13 Active Learning Random Query Runtime on Test Set: 110217.17
2024-04-17 18:51 | INFO | Query 13 Active Learning Random Query Instance Cost: 340079.06
2024-04-17 18:51 | INFO | Query 14 Size of the uncertainty table is = 5761/7755
2024-04-17 18:51 | INFO | Query 14 Size of the filtered table is = 77
2024-04-17 18:51 | INFO | Query 14 Active Learning Random Query Runtime on Validation Set: 442314.88
2024-04-17 18:51 | INFO | Query 14 Active Learning Random Query Runtime on Test Set: 110181.09
2024-04-17 18:51 | INFO | Query 14 Active Learning Random Query Instance Cost: 377247.3
2024-04-17 18:51 | INFO | Timeout limit is increased to 900
2024-04-17 18:51 | INFO | Query 15 Size of the uncertainty table is = 5540/7755
2024-04-17 18:51 | INFO | Query 15 Size of the filtered table is = 77
2024-04-17 18:52 | INFO | Query 15 Active Learning Random Query Runtime on Validation Set: 190060.79
2024-04-17 18:52 | INFO | Query 15 Active Learning Random Query Runtime on Test Set: 73940.87
2024-04-17 18:52 | INFO | Query 15 Active Learning Random Query Instance Cost: 417153.66
2024-04-17 18:52 | INFO | Query 16 Size of the uncertainty table is = 5332/7755
2024-04-17 18:52 | INFO | Query 16 Size of the filtered table is = 77
2024-04-17 18:52 | INFO | Query 16 Active Learning Random Query Runtime on Validation Set: 8670.23
2024-04-17 18:52 | INFO | Query 16 Active Learning Random Query Runtime on Test Set: 73982.46
2024-04-17 18:52 | INFO | Query 16 Active Learning Random Query Instance Cost: 449974.54
2024-04-17 18:52 | INFO | Query 17 Size of the uncertainty table is = 5078/7755
2024-04-17 18:52 | INFO | Query 17 Size of the filtered table is = 77
2024-04-17 18:53 | INFO | Query 17 Active Learning Random Query Runtime on Validation Set: 8644.29
2024-04-17 18:53 | INFO | Query 17 Active Learning Random Query Runtime on Test Set: 73959.3
2024-04-17 18:53 | INFO | Query 17 Active Learning Random Query Instance Cost: 489277.44
2024-04-17 18:53 | INFO | Query 18 Size of the uncertainty table is = 4826/7755
2024-04-17 18:53 | INFO | Query 18 Size of the filtered table is = 77
2024-04-17 18:53 | INFO | Query 18 Active Learning Random Query Runtime on Validation Set: 8629.9
2024-04-17 18:53 | INFO | Query 18 Active Learning Random Query Runtime on Test Set: 73920.6
2024-04-17 18:53 | INFO | Query 18 Active Learning Random Query Instance Cost: 524068.52
2024-04-17 18:53 | INFO | Query 19 Size of the uncertainty table is = 4579/7755
2024-04-17 18:53 | INFO | Query 19 Size of the filtered table is = 77
2024-04-17 18:54 | INFO | Query 19 Active Learning Random Query Runtime on Validation Set: 191369.39
2024-04-17 18:54 | INFO | Query 19 Active Learning Random Query Runtime on Test Set: 110174.33
2024-04-17 18:54 | INFO | Query 19 Active Learning Random Query Instance Cost: 558433.36
2024-04-17 18:54 | INFO | Timeout limit is increased to 1000
2024-04-17 18:54 | INFO | Query 20 Size of the uncertainty table is = 4338/7755
2024-04-17 18:54 | INFO | Query 20 Size of the filtered table is = 77
2024-04-17 18:54 | INFO | Query 20 Active Learning Random Query Runtime on Validation Set: 191205.33
2024-04-17 18:54 | INFO | Query 20 Active Learning Random Query Runtime on Test Set: 110208.41
2024-04-17 18:54 | INFO | Query 20 Active Learning Random Query Instance Cost: 593765.84
2024-04-17 18:54 | INFO | Query 21 Size of the uncertainty table is = 4072/7755
2024-04-17 18:54 | INFO | Query 21 Size of the filtered table is = 77
2024-04-17 18:55 | INFO | Query 21 Active Learning Random Query Runtime on Validation Set: 442226.71
2024-04-17 18:55 | INFO | Query 21 Active Learning Random Query Runtime on Test Set: 110170.19
2024-04-17 18:55 | INFO | Query 21 Active Learning Random Query Instance Cost: 637591.22
2024-04-17 18:55 | INFO | Timeout limit is increased to 1100
2024-04-17 18:55 | INFO | Query 22 Size of the uncertainty table is = 3853/7755
2024-04-17 18:55 | INFO | Query 22 Size of the filtered table is = 77
2024-04-17 18:55 | INFO | Query 22 Active Learning Random Query Runtime on Validation Set: 191154.83
2024-04-17 18:55 | INFO | Query 22 Active Learning Random Query Runtime on Test Set: 110241.46
2024-04-17 18:55 | INFO | Query 22 Active Learning Random Query Instance Cost: 673193.98
2024-04-17 18:55 | INFO | Query 23 Size of the uncertainty table is = 3618/7755
2024-04-17 18:55 | INFO | Query 23 Size of the filtered table is = 77
2024-04-17 18:56 | INFO | Query 23 Active Learning Random Query Runtime on Validation Set: 8523.65
2024-04-17 18:56 | INFO | Query 23 Active Learning Random Query Runtime on Test Set: 73948.96
2024-04-17 18:56 | INFO | Query 23 Active Learning Random Query Instance Cost: 712261.62
2024-04-17 18:56 | INFO | Query 24 Size of the uncertainty table is = 3400/7755
2024-04-17 18:56 | INFO | Query 24 Size of the filtered table is = 77
2024-04-17 18:56 | INFO | Query 24 Active Learning Random Query Runtime on Validation Set: 8627.17
2024-04-17 18:56 | INFO | Query 24 Active Learning Random Query Runtime on Test Set: 73945.12
2024-04-17 18:56 | INFO | Query 24 Active Learning Random Query Instance Cost: 763436.42
2024-04-17 18:56 | INFO | Timeout limit is increased to 1200
2024-04-17 18:56 | INFO | Query 25 Size of the uncertainty table is = 3175/7755
2024-04-17 18:56 | INFO | Query 25 Size of the filtered table is = 77
2024-04-17 18:57 | INFO | Query 25 Active Learning Random Query Runtime on Validation Set: 191088.48
2024-04-17 18:57 | INFO | Query 25 Active Learning Random Query Runtime on Test Set: 110203.69
2024-04-17 18:57 | INFO | Query 25 Active Learning Random Query Instance Cost: 803081.6
2024-04-17 18:57 | INFO | Timeout limit is increased to 1300
2024-04-17 18:57 | INFO | Query 26 Size of the uncertainty table is = 2938/7755
2024-04-17 18:57 | INFO | Query 26 Size of the filtered table is = 77
2024-04-17 18:58 | INFO | Query 26 Active Learning Random Query Runtime on Validation Set: 191154.16
2024-04-17 18:58 | INFO | Query 26 Active Learning Random Query Runtime on Test Set: 110148.8
2024-04-17 18:58 | INFO | Query 26 Active Learning Random Query Instance Cost: 856921.67
2024-04-17 18:58 | INFO | Timeout limit is increased to 1400
2024-04-17 18:58 | INFO | Query 27 Size of the uncertainty table is = 2732/7755
2024-04-17 18:58 | INFO | Query 27 Size of the filtered table is = 77
2024-04-17 18:58 | INFO | Query 27 Active Learning Random Query Runtime on Validation Set: 191203.21
2024-04-17 18:58 | INFO | Query 27 Active Learning Random Query Runtime on Test Set: 110217.02
2024-04-17 18:58 | INFO | Query 27 Active Learning Random Query Instance Cost: 909143.13
2024-04-17 18:58 | INFO | Timeout limit is increased to 1500
2024-04-17 18:58 | INFO | Query 28 Size of the uncertainty table is = 2503/7755
2024-04-17 18:58 | INFO | Query 28 Size of the filtered table is = 77
2024-04-17 18:59 | INFO | Query 28 Active Learning Random Query Runtime on Validation Set: 8567.51
2024-04-17 18:59 | INFO | Query 28 Active Learning Random Query Runtime on Test Set: 73946.24
2024-04-17 18:59 | INFO | Query 28 Active Learning Random Query Instance Cost: 966448.75
2024-04-17 18:59 | INFO | Query 29 Size of the uncertainty table is = 2288/7755
2024-04-17 18:59 | INFO | Query 29 Size of the filtered table is = 77
2024-04-17 18:59 | INFO | Query 29 Active Learning Random Query Runtime on Validation Set: 8573.36
2024-04-17 18:59 | INFO | Query 29 Active Learning Random Query Runtime on Test Set: 73946.53
2024-04-17 18:59 | INFO | Query 29 Active Learning Random Query Instance Cost: 1006772.56
2024-04-17 18:59 | INFO | Timeout limit is increased to 1600
2024-04-17 18:59 | INFO | Query 30 Size of the uncertainty table is = 2085/7755
2024-04-17 18:59 | INFO | Query 30 Size of the filtered table is = 77
2024-04-17 19:00 | INFO | Query 30 Active Learning Random Query Runtime on Validation Set: 8608.8
2024-04-17 19:00 | INFO | Query 30 Active Learning Random Query Runtime on Test Set: 73946.53
2024-04-17 19:00 | INFO | Query 30 Active Learning Random Query Instance Cost: 1067255.07
2024-04-17 19:00 | INFO | Timeout limit is increased to 1700
2024-04-17 19:00 | INFO | Query 31 Size of the uncertainty table is = 1900/7755
2024-04-17 19:00 | INFO | Query 31 Size of the filtered table is = 77
2024-04-17 19:00 | INFO | Query 31 Active Learning Random Query Runtime on Validation Set: 8608.8
2024-04-17 19:00 | INFO | Query 31 Active Learning Random Query Runtime on Test Set: 38103.81
2024-04-17 19:00 | INFO | Query 31 Active Learning Random Query Instance Cost: 1135148.44
2024-04-17 19:00 | INFO | Timeout limit is increased to 1800
2024-04-17 19:00 | INFO | Query 32 Size of the uncertainty table is = 1710/7755
2024-04-17 19:00 | INFO | Query 32 Size of the filtered table is = 77
2024-04-17 19:01 | INFO | Query 32 Active Learning Random Query Runtime on Validation Set: 8574.58
2024-04-17 19:01 | INFO | Query 32 Active Learning Random Query Runtime on Test Set: 38103.5
2024-04-17 19:01 | INFO | Query 32 Active Learning Random Query Instance Cost: 1202739.7
2024-04-17 19:01 | INFO | Query 33 Size of the uncertainty table is = 1531/7755
2024-04-17 19:01 | INFO | Query 33 Size of the filtered table is = 77
2024-04-17 19:01 | INFO | Query 33 Active Learning Random Query Runtime on Validation Set: 81153.19
2024-04-17 19:01 | INFO | Query 33 Active Learning Random Query Runtime on Test Set: 110196.95
2024-04-17 19:01 | INFO | Query 33 Active Learning Random Query Instance Cost: 1266399.66
2024-04-17 19:01 | INFO | Timeout limit is increased to 1900
2024-04-17 19:01 | INFO | Query 34 Size of the uncertainty table is = 1359/7755
2024-04-17 19:01 | INFO | Query 34 Size of the filtered table is = 77
2024-04-17 19:02 | INFO | Query 34 Active Learning Random Query Runtime on Validation Set: 191242.13
2024-04-17 19:02 | INFO | Query 34 Active Learning Random Query Runtime on Test Set: 110197.08
2024-04-17 19:02 | INFO | Query 34 Active Learning Random Query Instance Cost: 1324490.29
2024-04-17 19:02 | INFO | Timeout limit is increased to 2000
2024-04-17 19:02 | INFO | Query 35 Size of the uncertainty table is = 1227/7755
2024-04-17 19:02 | INFO | Query 35 Size of the filtered table is = 77
2024-04-17 19:02 | INFO | Query 35 Active Learning Random Query Runtime on Validation Set: 191197.38
2024-04-17 19:02 | INFO | Query 35 Active Learning Random Query Runtime on Test Set: 110130.33
2024-04-17 19:02 | INFO | Query 35 Active Learning Random Query Instance Cost: 1389852.68
2024-04-17 19:02 | INFO | Query 36 Size of the uncertainty table is = 1115/7755
2024-04-17 19:02 | INFO | Query 36 Size of the filtered table is = 77
2024-04-17 19:03 | INFO | Query 36 Active Learning Random Query Runtime on Validation Set: 8608.8
2024-04-17 19:03 | INFO | Query 36 Active Learning Random Query Runtime on Test Set: 38111.88
2024-04-17 19:03 | INFO | Query 36 Active Learning Random Query Instance Cost: 1462381.2
2024-04-17 19:03 | INFO | Query 37 Size of the uncertainty table is = 1032/7755
2024-04-17 19:03 | INFO | Query 37 Size of the filtered table is = 77
2024-04-17 19:03 | INFO | Query 37 Active Learning Random Query Runtime on Validation Set: 8594.82
2024-04-17 19:03 | INFO | Query 37 Active Learning Random Query Runtime on Test Set: 38112.18
2024-04-17 19:03 | INFO | Query 37 Active Learning Random Query Instance Cost: 1522329.18
2024-04-17 19:03 | INFO | Query 38 Size of the uncertainty table is = 971/7755
2024-04-17 19:03 | INFO | Query 38 Size of the filtered table is = 77
2024-04-17 19:04 | INFO | Query 38 Active Learning Random Query Runtime on Validation Set: 8591.31
2024-04-17 19:04 | INFO | Query 38 Active Learning Random Query Runtime on Test Set: 38171.01
2024-04-17 19:04 | INFO | Query 38 Active Learning Random Query Instance Cost: 1580402.62
2024-04-17 19:04 | INFO | Query 39 Size of the uncertainty table is = 917/7755
2024-04-17 19:04 | INFO | Query 39 Size of the filtered table is = 77
2024-04-17 19:04 | INFO | Query 39 Active Learning Random Query Runtime on Validation Set: 8597.82
2024-04-17 19:04 | INFO | Query 39 Active Learning Random Query Runtime on Test Set: 38178.31
2024-04-17 19:04 | INFO | Query 39 Active Learning Random Query Instance Cost: 1637483.09
2024-04-17 19:04 | INFO | Timeout limit is increased to 2100
2024-04-17 19:04 | INFO | Query 40 Size of the uncertainty table is = 865/7755
2024-04-17 19:04 | INFO | Query 40 Size of the filtered table is = 77
2024-04-17 19:05 | INFO | Query 40 Active Learning Random Query Runtime on Validation Set: 8561.72
2024-04-17 19:05 | INFO | Query 40 Active Learning Random Query Runtime on Test Set: 38178.3
2024-04-17 19:05 | INFO | Query 40 Active Learning Random Query Instance Cost: 1685851.52
2024-04-17 19:05 | INFO | Query 41 Size of the uncertainty table is = 833/7755
2024-04-17 19:05 | INFO | Query 41 Size of the filtered table is = 77
2024-04-17 19:05 | INFO | Query 41 Active Learning Random Query Runtime on Validation Set: 8567.51
2024-04-17 19:05 | INFO | Query 41 Active Learning Random Query Runtime on Test Set: 38170.68
2024-04-17 19:05 | INFO | Query 41 Active Learning Random Query Instance Cost: 1721408.57
2024-04-17 19:05 | INFO | Timeout limit is increased to 2200
2024-04-17 19:05 | INFO | Query 42 Size of the uncertainty table is = 813/7755
2024-04-17 19:05 | INFO | Query 42 Size of the filtered table is = 77
2024-04-17 19:06 | INFO | Query 42 Active Learning Random Query Runtime on Validation Set: 8567.51
2024-04-17 19:06 | INFO | Query 42 Active Learning Random Query Runtime on Test Set: 38170.68
2024-04-17 19:06 | INFO | Query 42 Active Learning Random Query Instance Cost: 1794608.45
2024-04-17 19:06 | INFO | Timeout limit is increased to 2300
2024-04-17 19:06 | INFO | Query 43 Size of the uncertainty table is = 804/7755
2024-04-17 19:06 | INFO | Query 43 Size of the filtered table is = 77
2024-04-17 19:07 | INFO | Query 43 Active Learning Random Query Runtime on Validation Set: 8567.51
2024-04-17 19:07 | INFO | Query 43 Active Learning Random Query Runtime on Test Set: 38170.68
2024-04-17 19:07 | INFO | Query 43 Active Learning Random Query Instance Cost: 1849508.45
2024-04-17 19:07 | INFO | Timeout limit is increased to 2400
2024-04-17 19:07 | INFO | Query 44 Size of the uncertainty table is = 804/7755
2024-04-17 19:07 | INFO | Query 44 Size of the filtered table is = 77
2024-04-17 19:07 | INFO | Query 44 Active Learning Random Query Runtime on Validation Set: 8567.51
2024-04-17 19:07 | INFO | Query 44 Active Learning Random Query Runtime on Test Set: 38170.68
2024-04-17 19:07 | INFO | Query 44 Active Learning Random Query Instance Cost: 1920608.45
2024-04-17 19:07 | INFO | Timeout limit is increased to 2500
2024-04-17 19:07 | INFO | Query 45 Size of the uncertainty table is = 800/7755
2024-04-17 19:07 | INFO | Query 45 Size of the filtered table is = 77
2024-04-17 19:08 | INFO | Query 45 Active Learning Random Query Runtime on Validation Set: 8608.8
2024-04-17 19:08 | INFO | Query 45 Active Learning Random Query Runtime on Test Set: 38178.61
2024-04-17 19:08 | INFO | Query 45 Active Learning Random Query Instance Cost: 1985909.14
2024-04-17 19:08 | INFO | Timeout limit is increased to 2600
2024-04-17 19:08 | INFO | Query 46 Size of the uncertainty table is = 795/7755
2024-04-17 19:08 | INFO | Query 46 Size of the filtered table is = 77
2024-04-17 19:08 | INFO | Query 46 Active Learning Random Query Runtime on Validation Set: 8608.8
2024-04-17 19:08 | INFO | Query 46 Active Learning Random Query Runtime on Test Set: 38178.31
2024-04-17 19:08 | INFO | Query 46 Active Learning Random Query Instance Cost: 2040248.57
2024-04-17 19:08 | INFO | Timeout limit is increased to 2700
2024-04-17 19:08 | INFO | Query 47 Size of the uncertainty table is = 791/7755
2024-04-17 19:08 | INFO | Query 47 Size of the filtered table is = 77
2024-04-17 19:09 | INFO | Query 47 Active Learning Random Query Runtime on Validation Set: 8608.8
2024-04-17 19:09 | INFO | Query 47 Active Learning Random Query Runtime on Test Set: 38178.31
2024-04-17 19:09 | INFO | Query 47 Active Learning Random Query Instance Cost: 2110448.57
2024-04-17 19:09 | INFO | Timeout limit is increased to 2800
2024-04-17 19:09 | INFO | Query 48 Size of the uncertainty table is = 791/7755
2024-04-17 19:09 | INFO | Query 48 Size of the filtered table is = 77
2024-04-17 19:09 | INFO | Query 48 Active Learning Random Query Runtime on Validation Set: 8608.8
2024-04-17 19:09 | INFO | Query 48 Active Learning Random Query Runtime on Test Set: 38178.31
2024-04-17 19:09 | INFO | Query 48 Active Learning Random Query Instance Cost: 2187148.57
2024-04-17 19:09 | INFO | Timeout limit is increased to 2900
2024-04-17 19:09 | INFO | Query 49 Size of the uncertainty table is = 791/7755
2024-04-17 19:09 | INFO | Query 49 Size of the filtered table is = 77
2024-04-17 19:10 | INFO | Query 49 Active Learning Random Query Runtime on Validation Set: 8608.8
2024-04-17 19:10 | INFO | Query 49 Active Learning Random Query Runtime on Test Set: 38178.31
2024-04-17 19:10 | INFO | Query 49 Active Learning Random Query Instance Cost: 2248248.57
2024-04-17 19:10 | INFO | Timeout limit is increased to 3000
2024-04-17 19:10 | INFO | Query 50 Size of the uncertainty table is = 791/7755
2024-04-17 19:10 | INFO | Query 50 Size of the filtered table is = 77
2024-04-17 19:10 | INFO | Query 50 Active Learning Random Query Runtime on Validation Set: 8608.8
2024-04-17 19:10 | INFO | Query 50 Active Learning Random Query Runtime on Test Set: 38178.31
2024-04-17 19:10 | INFO | Query 50 Active Learning Random Query Instance Cost: 2319470.12
2024-04-17 19:10 | INFO | Timeout limit is increased to 3100
2024-04-17 19:10 | INFO | Query 51 Size of the uncertainty table is = 790/7755
2024-04-17 19:10 | INFO | Query 51 Size of the filtered table is = 77
2024-04-17 19:11 | INFO | Query 51 Active Learning Random Query Runtime on Validation Set: 8608.8
2024-04-17 19:11 | INFO | Query 51 Active Learning Random Query Runtime on Test Set: 38178.31
2024-04-17 19:11 | INFO | Query 51 Active Learning Random Query Instance Cost: 2389570.12
2024-04-17 19:11 | INFO | Timeout limit is increased to 3200
2024-04-17 19:11 | INFO | Query 52 Size of the uncertainty table is = 790/7755
2024-04-17 19:11 | INFO | Query 52 Size of the filtered table is = 77
2024-04-17 19:11 | INFO | Query 52 Active Learning Random Query Runtime on Validation Set: 8608.8
2024-04-17 19:11 | INFO | Query 52 Active Learning Random Query Runtime on Test Set: 38178.31
2024-04-17 19:11 | INFO | Query 52 Active Learning Random Query Instance Cost: 2467370.12
2024-04-17 19:11 | INFO | Timeout limit is increased to 3300
2024-04-17 19:11 | INFO | Query 53 Size of the uncertainty table is = 790/7755
2024-04-17 19:11 | INFO | Query 53 Size of the filtered table is = 77
2024-04-17 19:12 | INFO | Query 53 Active Learning Random Query Runtime on Validation Set: 8608.8
2024-04-17 19:12 | INFO | Query 53 Active Learning Random Query Runtime on Test Set: 38178.31
2024-04-17 19:12 | INFO | Query 53 Active Learning Random Query Instance Cost: 2535470.12
2024-04-17 19:12 | INFO | Timeout limit is increased to 3400
2024-04-17 19:12 | INFO | Query 54 Size of the uncertainty table is = 790/7755
2024-04-17 19:12 | INFO | Query 54 Size of the filtered table is = 77
2024-04-17 19:12 | INFO | Query 54 Active Learning Random Query Runtime on Validation Set: 8608.8
2024-04-17 19:12 | INFO | Query 54 Active Learning Random Query Runtime on Test Set: 38178.31
2024-04-17 19:12 | INFO | Query 54 Active Learning Random Query Instance Cost: 2615270.12
2024-04-17 19:12 | INFO | Timeout limit is increased to 3500
2024-04-17 19:12 | INFO | Query 55 Size of the uncertainty table is = 790/7755
2024-04-17 19:12 | INFO | Query 55 Size of the filtered table is = 77
2024-04-17 19:13 | INFO | Query 55 Active Learning Random Query Runtime on Validation Set: 8608.8
2024-04-17 19:13 | INFO | Query 55 Active Learning Random Query Runtime on Test Set: 38178.31
2024-04-17 19:13 | INFO | Query 55 Active Learning Random Query Instance Cost: 2691470.12
2024-04-17 19:13 | INFO | Timeout limit is increased to 3600
2024-04-17 19:13 | INFO | Query 56 Size of the uncertainty table is = 790/7755
2024-04-17 19:13 | INFO | Query 56 Size of the filtered table is = 77
2024-04-17 19:13 | INFO | Query 56 Active Learning Random Query Runtime on Validation Set: 8608.8
2024-04-17 19:13 | INFO | Query 56 Active Learning Random Query Runtime on Test Set: 38178.31
2024-04-17 19:13 | INFO | Query 56 Active Learning Random Query Instance Cost: 2750070.12
2024-04-17 19:13 | INFO | Timeout limit is increased to 3600
2024-04-17 19:13 | INFO | runtime_train_score is written as json file
2024-04-17 19:13 | INFO | runtime_test_score is written as json file
2024-04-17 19:13 | INFO | runtime_validation_score is written as json file
2024-04-17 19:13 | INFO | instance_cost is written as json file
2024-04-17 19:13 | INFO | Experiment is finished
