2024-04-17 10:37 | INFO | Paramaters are: {'dataset': 'QBF-2011', 'penalty': 10, 'weight': 'No_Weight', 'voting': 'Hard', 'pre_selection_size': 64, 'pre_selection_technique': 'No_pre_selection', 'feature_elimination_threshold': 20, 'imputer_strategy': 'median', 'feature_selection_technique': 'No_feature_selection', 'feature_scaling_technique': 'StandardScaler', 'initial_train_size': 20, 'query_size': 1, 'timeout_predictor_usage': 'No', 'timeout_limit': 100, 'timeout_increase_rate': 100, 'RANDOM_STATE_SEED': 7, 'n_splits': 10, 'split_number': 0, 'max_timeout': 3600, 'param_grid': {'n_estimators': 100, 'criterion': 'gini', 'max_features': 'sqrt', 'max_depth': 2147483648, 'min_samples_split': 2, 'bootstrap': True}}
2024-04-17 10:37 | INFO | QBF-2011 is current dataset
2024-04-17 10:37 | INFO | DATASETS/QBF-2011/algorithm_runs.csv is found
2024-04-17 10:37 | INFO | DATASETS/QBF-2011/algorithm_runs.csv is finished
2024-04-17 10:37 | INFO | DATASETS/QBF-2011/feature_values.csv is found
2024-04-17 10:37 | INFO | DATASETS/QBF-2011/feature_values.csv is finished
2024-04-17 10:37 | INFO | Virtual best solver time in train = 70133.33
2024-04-17 10:37 | INFO | Single best solver list train = {'2clsQ': 13235980.83, 'QuBE': 9903719.39, 'quantor': 17733399.3, 'sKizzo': 6251713.54, 'sSolve': 8107326.5}
2024-04-17 10:37 | INFO | Single best solver time train = sKizzo (6251713.54)
2024-04-17 10:37 | INFO | Virtual best solver time in validation = 16231.08
2024-04-17 10:37 | INFO | Single best solver list validation = {'2clsQ': 2938128.17, 'QuBE': 2059346.57, 'quantor': 3570378.83, 'sKizzo': 2038174.7, 'sSolve': 2720824.68}
2024-04-17 10:37 | INFO | Single best solver time validation = sKizzo (2038174.7)
2024-04-17 10:37 | INFO | Virtual best solver time in test = 14787.5
2024-04-17 10:37 | INFO | Single best solver list test = {'2clsQ': 2459639.42, 'QuBE': 1957041.25, 'quantor': 2737964.47, 'sKizzo': 1377785.36, 'sSolve': 1812034.12}
2024-04-17 10:37 | INFO | Single best solver time test = sKizzo (1377785.36)
2024-04-17 10:38 | INFO | Passive Learning Runtime on Validation Set: 1170608.23
2024-04-17 10:38 | INFO | Passive Learning Runtime on Test Set: 445510.72
2024-04-17 10:38 | INFO | Passive Learning Instance Cost: 5984139.56
2024-04-17 10:38 | INFO | Initial Active Learning Runtime on Validation Set: 2034475.37
2024-04-17 10:38 | INFO | Initial Active Learning Runtime on Test Set: 1063411.49
2024-04-17 10:38 | INFO | Initial Active Learning Instance Cost: 6319.5
2024-04-17 10:38 | INFO | Bin size = 74
2024-04-17 10:38 | INFO | Query 1 Size of the uncertainty table is = 7453/7380
2024-04-17 10:38 | INFO | Query 1 Size of the filtered table is = 74
2024-04-17 10:39 | INFO | Query 1 Active Learning Runtime on Validation Set: 1928823.23
2024-04-17 10:39 | INFO | Query 1 Active Learning Runtime on Test Set: 960463.72
2024-04-17 10:39 | INFO | Query 1 Active Learning Instance Cost: 16218.74
2024-04-17 10:39 | INFO | Query 2 Size of the uncertainty table is = 7410/7380
2024-04-17 10:39 | INFO | Query 2 Size of the filtered table is = 74
2024-04-17 10:39 | INFO | Query 2 Active Learning Runtime on Validation Set: 1962193.84
2024-04-17 10:39 | INFO | Query 2 Active Learning Runtime on Test Set: 958036.84
2024-04-17 10:39 | INFO | Query 2 Active Learning Instance Cost: 25637.7
2024-04-17 10:39 | INFO | Timeout limit is increased to 200
2024-04-17 10:39 | INFO | Query 3 Size of the uncertainty table is = 7368/7380
2024-04-17 10:39 | INFO | Query 3 Size of the filtered table is = 74
2024-04-17 10:39 | INFO | Query 3 Active Learning Runtime on Validation Set: 1962152.69
2024-04-17 10:39 | INFO | Query 3 Active Learning Runtime on Test Set: 922034.92
2024-04-17 10:39 | INFO | Query 3 Active Learning Instance Cost: 44044.14
2024-04-17 10:39 | INFO | Query 4 Size of the uncertainty table is = 7313/7380
2024-04-17 10:39 | INFO | Query 4 Size of the filtered table is = 74
2024-04-17 10:40 | INFO | Query 4 Active Learning Runtime on Validation Set: 1897397.23
2024-04-17 10:40 | INFO | Query 4 Active Learning Runtime on Test Set: 921337.09
2024-04-17 10:40 | INFO | Query 4 Active Learning Instance Cost: 59655.52
2024-04-17 10:40 | INFO | Query 5 Size of the uncertainty table is = 7267/7380
2024-04-17 10:40 | INFO | Query 5 Size of the filtered table is = 74
2024-04-17 10:40 | INFO | Query 5 Active Learning Runtime on Validation Set: 1893818.83
2024-04-17 10:40 | INFO | Query 5 Active Learning Runtime on Test Set: 959212.91
2024-04-17 10:40 | INFO | Query 5 Active Learning Instance Cost: 74720.6
2024-04-17 10:40 | INFO | Query 6 Size of the uncertainty table is = 7213/7380
2024-04-17 10:40 | INFO | Query 6 Size of the filtered table is = 74
2024-04-17 10:41 | INFO | Query 6 Active Learning Runtime on Validation Set: 1395353.83
2024-04-17 10:41 | INFO | Query 6 Active Learning Runtime on Test Set: 707231.87
2024-04-17 10:41 | INFO | Query 6 Active Learning Instance Cost: 90653.61
2024-04-17 10:41 | INFO | Query 7 Size of the uncertainty table is = 7158/7380
2024-04-17 10:41 | INFO | Query 7 Size of the filtered table is = 74
2024-04-17 10:41 | INFO | Query 7 Active Learning Runtime on Validation Set: 1540208.93
2024-04-17 10:41 | INFO | Query 7 Active Learning Runtime on Test Set: 671462.56
2024-04-17 10:41 | INFO | Query 7 Active Learning Instance Cost: 104201.84
2024-04-17 10:41 | INFO | Timeout limit is increased to 300
2024-04-17 10:41 | INFO | Query 8 Size of the uncertainty table is = 7112/7380
2024-04-17 10:41 | INFO | Query 8 Size of the filtered table is = 74
2024-04-17 10:42 | INFO | Query 8 Active Learning Runtime on Validation Set: 1072687.15
2024-04-17 10:42 | INFO | Query 8 Active Learning Runtime on Test Set: 563387.77
2024-04-17 10:42 | INFO | Query 8 Active Learning Instance Cost: 121189.8
2024-04-17 10:42 | INFO | Query 9 Size of the uncertainty table is = 7015/7380
2024-04-17 10:42 | INFO | Query 9 Size of the filtered table is = 74
2024-04-17 10:42 | INFO | Query 9 Active Learning Runtime on Validation Set: 1036699.0
2024-04-17 10:42 | INFO | Query 9 Active Learning Runtime on Test Set: 562026.67
2024-04-17 10:42 | INFO | Query 9 Active Learning Instance Cost: 145014.27
2024-04-17 10:42 | INFO | Query 10 Size of the uncertainty table is = 6937/7380
2024-04-17 10:42 | INFO | Query 10 Size of the filtered table is = 74
2024-04-17 10:43 | INFO | Query 10 Active Learning Runtime on Validation Set: 1393864.56
2024-04-17 10:43 | INFO | Query 10 Active Learning Runtime on Test Set: 595704.66
2024-04-17 10:43 | INFO | Query 10 Active Learning Instance Cost: 162806.49
2024-04-17 10:43 | INFO | Timeout limit is increased to 400
2024-04-17 10:43 | INFO | Query 11 Size of the uncertainty table is = 6855/7380
2024-04-17 10:43 | INFO | Query 11 Size of the filtered table is = 74
2024-04-17 10:43 | INFO | Query 11 Active Learning Runtime on Validation Set: 1000807.86
2024-04-17 10:43 | INFO | Query 11 Active Learning Runtime on Test Set: 528270.03
2024-04-17 10:43 | INFO | Query 11 Active Learning Instance Cost: 184229.39
2024-04-17 10:43 | INFO | Query 12 Size of the uncertainty table is = 6773/7380
2024-04-17 10:43 | INFO | Query 12 Size of the filtered table is = 74
2024-04-17 10:44 | INFO | Query 12 Active Learning Runtime on Validation Set: 1000804.94
2024-04-17 10:44 | INFO | Query 12 Active Learning Runtime on Test Set: 528276.71
2024-04-17 10:44 | INFO | Query 12 Active Learning Instance Cost: 209870.91
2024-04-17 10:44 | INFO | Query 13 Size of the uncertainty table is = 6712/7380
2024-04-17 10:44 | INFO | Query 13 Size of the filtered table is = 74
2024-04-17 10:44 | INFO | Query 13 Active Learning Runtime on Validation Set: 1036808.43
2024-04-17 10:44 | INFO | Query 13 Active Learning Runtime on Test Set: 527793.04
2024-04-17 10:44 | INFO | Query 13 Active Learning Instance Cost: 232448.77
2024-04-17 10:44 | INFO | Timeout limit is increased to 500
2024-04-17 10:44 | INFO | Query 14 Size of the uncertainty table is = 6600/7380
2024-04-17 10:44 | INFO | Query 14 Size of the filtered table is = 74
2024-04-17 10:45 | INFO | Query 14 Active Learning Runtime on Validation Set: 1072794.37
2024-04-17 10:45 | INFO | Query 14 Active Learning Runtime on Test Set: 527793.14
2024-04-17 10:45 | INFO | Query 14 Active Learning Instance Cost: 268591.97
2024-04-17 10:45 | INFO | Timeout limit is increased to 600
2024-04-17 10:45 | INFO | Query 15 Size of the uncertainty table is = 6540/7380
2024-04-17 10:45 | INFO | Query 15 Size of the filtered table is = 74
2024-04-17 10:45 | INFO | Query 15 Active Learning Runtime on Validation Set: 1070996.55
2024-04-17 10:45 | INFO | Query 15 Active Learning Runtime on Test Set: 492302.5
2024-04-17 10:45 | INFO | Query 15 Active Learning Instance Cost: 308623.84
2024-04-17 10:45 | INFO | Query 16 Size of the uncertainty table is = 6494/7380
2024-04-17 10:45 | INFO | Query 16 Size of the filtered table is = 74
2024-04-17 10:46 | INFO | Query 16 Active Learning Runtime on Validation Set: 1072807.25
2024-04-17 10:46 | INFO | Query 16 Active Learning Runtime on Test Set: 492302.44
2024-04-17 10:46 | INFO | Query 16 Active Learning Instance Cost: 331597.08
2024-04-17 10:46 | INFO | Timeout limit is increased to 700
2024-04-17 10:46 | INFO | Query 17 Size of the uncertainty table is = 6426/7380
2024-04-17 10:46 | INFO | Query 17 Size of the filtered table is = 74
2024-04-17 10:46 | INFO | Query 17 Active Learning Runtime on Validation Set: 1036807.68
2024-04-17 10:46 | INFO | Query 17 Active Learning Runtime on Test Set: 491505.31
2024-04-17 10:46 | INFO | Query 17 Active Learning Instance Cost: 390090.0
2024-04-17 10:46 | INFO | Query 18 Size of the uncertainty table is = 6388/7380
2024-04-17 10:46 | INFO | Query 18 Size of the filtered table is = 74
2024-04-17 10:47 | INFO | Query 18 Active Learning Runtime on Validation Set: 1036815.13
2024-04-17 10:47 | INFO | Query 18 Active Learning Runtime on Test Set: 491505.31
2024-04-17 10:47 | INFO | Query 18 Active Learning Instance Cost: 404851.68
2024-04-17 10:47 | INFO | Timeout limit is increased to 800
2024-04-17 10:47 | INFO | Query 19 Size of the uncertainty table is = 6345/7380
2024-04-17 10:47 | INFO | Query 19 Size of the filtered table is = 74
2024-04-17 10:47 | INFO | Query 19 Active Learning Runtime on Validation Set: 1108795.2
2024-04-17 10:47 | INFO | Query 19 Active Learning Runtime on Test Set: 491505.31
2024-04-17 10:47 | INFO | Query 19 Active Learning Instance Cost: 438832.75
2024-04-17 10:47 | INFO | Timeout limit is increased to 900
2024-04-17 10:47 | INFO | Query 20 Size of the uncertainty table is = 6306/7380
2024-04-17 10:47 | INFO | Query 20 Size of the filtered table is = 74
2024-04-17 10:48 | INFO | Query 20 Active Learning Runtime on Validation Set: 1144827.55
2024-04-17 10:48 | INFO | Query 20 Active Learning Runtime on Test Set: 526996.01
2024-04-17 10:48 | INFO | Query 20 Active Learning Instance Cost: 486803.29
2024-04-17 10:48 | INFO | Timeout limit is increased to 1000
2024-04-17 10:48 | INFO | Query 21 Size of the uncertainty table is = 6244/7380
2024-04-17 10:48 | INFO | Query 21 Size of the filtered table is = 74
2024-04-17 10:48 | INFO | Query 21 Active Learning Runtime on Validation Set: 1036807.64
2024-04-17 10:48 | INFO | Query 21 Active Learning Runtime on Test Set: 527189.31
2024-04-17 10:48 | INFO | Query 21 Active Learning Instance Cost: 524865.59
2024-04-17 10:48 | INFO | Query 22 Size of the uncertainty table is = 6218/7380
2024-04-17 10:48 | INFO | Query 22 Size of the filtered table is = 74
2024-04-17 10:48 | INFO | Query 22 Active Learning Runtime on Validation Set: 1108814.53
2024-04-17 10:48 | INFO | Query 22 Active Learning Runtime on Test Set: 490680.73
2024-04-17 10:48 | INFO | Query 22 Active Learning Instance Cost: 549631.31
2024-04-17 10:48 | INFO | Timeout limit is increased to 1100
2024-04-17 10:48 | INFO | Query 23 Size of the uncertainty table is = 6187/7380
2024-04-17 10:48 | INFO | Query 23 Size of the filtered table is = 74
2024-04-17 10:49 | INFO | Query 23 Active Learning Runtime on Validation Set: 1108807.09
2024-04-17 10:49 | INFO | Query 23 Active Learning Runtime on Test Set: 490680.52
2024-04-17 10:49 | INFO | Query 23 Active Learning Instance Cost: 584724.61
2024-04-17 10:49 | INFO | Query 24 Size of the uncertainty table is = 6154/7380
2024-04-17 10:49 | INFO | Query 24 Size of the filtered table is = 74
2024-04-17 10:49 | INFO | Query 24 Active Learning Runtime on Validation Set: 1000808.97
2024-04-17 10:49 | INFO | Query 24 Active Learning Runtime on Test Set: 490680.5
2024-04-17 10:49 | INFO | Query 24 Active Learning Instance Cost: 630136.17
2024-04-17 10:49 | INFO | Query 25 Size of the uncertainty table is = 6101/7380
2024-04-17 10:49 | INFO | Query 25 Size of the filtered table is = 74
2024-04-17 10:50 | INFO | Query 25 Active Learning Runtime on Validation Set: 1000807.81
2024-04-17 10:50 | INFO | Query 25 Active Learning Runtime on Test Set: 455572.13
2024-04-17 10:50 | INFO | Query 25 Active Learning Instance Cost: 659448.74
2024-04-17 10:50 | INFO | Query 26 Size of the uncertainty table is = 6067/7380
2024-04-17 10:50 | INFO | Query 26 Size of the filtered table is = 74
2024-04-17 10:50 | INFO | Query 26 Active Learning Runtime on Validation Set: 1000807.85
2024-04-17 10:50 | INFO | Query 26 Active Learning Runtime on Test Set: 455572.13
2024-04-17 10:50 | INFO | Query 26 Active Learning Instance Cost: 698825.46
2024-04-17 10:50 | INFO | Timeout limit is increased to 1200
2024-04-17 10:50 | INFO | Query 27 Size of the uncertainty table is = 6028/7380
2024-04-17 10:50 | INFO | Query 27 Size of the filtered table is = 74
2024-04-17 10:51 | INFO | Query 27 Active Learning Runtime on Validation Set: 1000807.87
2024-04-17 10:51 | INFO | Query 27 Active Learning Runtime on Test Set: 455572.15
2024-04-17 10:51 | INFO | Query 27 Active Learning Instance Cost: 763005.02
2024-04-17 10:51 | INFO | Timeout limit is increased to 1300
2024-04-17 10:51 | INFO | Query 28 Size of the uncertainty table is = 5957/7380
2024-04-17 10:51 | INFO | Query 28 Size of the filtered table is = 74
2024-04-17 10:51 | INFO | Query 28 Active Learning Runtime on Validation Set: 1000807.82
2024-04-17 10:51 | INFO | Query 28 Active Learning Runtime on Test Set: 455572.36
2024-04-17 10:51 | INFO | Query 28 Active Learning Instance Cost: 817464.63
2024-04-17 10:51 | INFO | Query 29 Size of the uncertainty table is = 5915/7380
2024-04-17 10:51 | INFO | Query 29 Size of the filtered table is = 74
2024-04-17 10:52 | INFO | Query 29 Active Learning Runtime on Validation Set: 1000807.8
2024-04-17 10:52 | INFO | Query 29 Active Learning Runtime on Test Set: 455572.36
2024-04-17 10:52 | INFO | Query 29 Active Learning Instance Cost: 837857.62
2024-04-17 10:52 | INFO | Query 30 Size of the uncertainty table is = 5903/7380
2024-04-17 10:52 | INFO | Query 30 Size of the filtered table is = 74
2024-04-17 10:52 | INFO | Query 30 Active Learning Runtime on Validation Set: 1000848.03
2024-04-17 10:52 | INFO | Query 30 Active Learning Runtime on Test Set: 455572.36
2024-04-17 10:52 | INFO | Query 30 Active Learning Instance Cost: 860560.93
2024-04-17 10:52 | INFO | Timeout limit is increased to 1400
2024-04-17 10:52 | INFO | Query 31 Size of the uncertainty table is = 5898/7380
2024-04-17 10:52 | INFO | Query 31 Size of the filtered table is = 74
2024-04-17 10:53 | INFO | Query 31 Active Learning Runtime on Validation Set: 1000848.03
2024-04-17 10:53 | INFO | Query 31 Active Learning Runtime on Test Set: 455572.36
2024-04-17 10:53 | INFO | Query 31 Active Learning Instance Cost: 890360.93
2024-04-17 10:53 | INFO | Timeout limit is increased to 1500
2024-04-17 10:53 | INFO | Query 32 Size of the uncertainty table is = 5898/7380
2024-04-17 10:53 | INFO | Query 32 Size of the filtered table is = 74
2024-04-17 10:53 | INFO | Query 32 Active Learning Runtime on Validation Set: 1000873.81
2024-04-17 10:53 | INFO | Query 32 Active Learning Runtime on Test Set: 455572.36
2024-04-17 10:53 | INFO | Query 32 Active Learning Instance Cost: 904955.01
2024-04-17 10:53 | INFO | Timeout limit is increased to 1600
2024-04-17 10:53 | INFO | Query 33 Size of the uncertainty table is = 5895/7380
2024-04-17 10:53 | INFO | Query 33 Size of the filtered table is = 74
2024-04-17 10:54 | INFO | Query 33 Active Learning Runtime on Validation Set: 1072833.02
2024-04-17 10:54 | INFO | Query 33 Active Learning Runtime on Test Set: 455572.36
2024-04-17 10:54 | INFO | Query 33 Active Learning Instance Cost: 932330.76
2024-04-17 10:54 | INFO | Timeout limit is increased to 1700
2024-04-17 10:54 | INFO | Query 34 Size of the uncertainty table is = 5894/7380
2024-04-17 10:54 | INFO | Query 34 Size of the filtered table is = 74
2024-04-17 10:54 | INFO | Query 34 Active Learning Runtime on Validation Set: 1072833.02
2024-04-17 10:54 | INFO | Query 34 Active Learning Runtime on Test Set: 455572.36
2024-04-17 10:54 | INFO | Query 34 Active Learning Instance Cost: 949865.26
2024-04-17 10:54 | INFO | Timeout limit is increased to 1800
2024-04-17 10:54 | INFO | Query 35 Size of the uncertainty table is = 5893/7380
2024-04-17 10:54 | INFO | Query 35 Size of the filtered table is = 74
2024-04-17 10:55 | INFO | Query 35 Active Learning Runtime on Validation Set: 1072833.02
2024-04-17 10:55 | INFO | Query 35 Active Learning Runtime on Test Set: 455572.36
2024-04-17 10:55 | INFO | Query 35 Active Learning Instance Cost: 975265.26
2024-04-17 10:55 | INFO | Timeout limit is increased to 1900
2024-04-17 10:55 | INFO | Query 36 Size of the uncertainty table is = 5892/7380
2024-04-17 10:55 | INFO | Query 36 Size of the filtered table is = 74
2024-04-17 10:55 | INFO | Query 36 Active Learning Runtime on Validation Set: 1072807.24
2024-04-17 10:55 | INFO | Query 36 Active Learning Runtime on Test Set: 455572.36
2024-04-17 10:55 | INFO | Query 36 Active Learning Instance Cost: 994565.26
2024-04-17 10:55 | INFO | Query 37 Size of the uncertainty table is = 5890/7380
2024-04-17 10:55 | INFO | Query 37 Size of the filtered table is = 74
2024-04-17 10:56 | INFO | Query 37 Active Learning Runtime on Validation Set: 1072807.24
2024-04-17 10:56 | INFO | Query 37 Active Learning Runtime on Test Set: 455572.36
2024-04-17 10:56 | INFO | Query 37 Active Learning Instance Cost: 1005365.26
2024-04-17 10:56 | INFO | Timeout limit is increased to 2000
2024-04-17 10:56 | INFO | Query 38 Size of the uncertainty table is = 5890/7380
2024-04-17 10:56 | INFO | Query 38 Size of the filtered table is = 74
2024-04-17 10:56 | INFO | Query 38 Active Learning Runtime on Validation Set: 1072807.24
2024-04-17 10:56 | INFO | Query 38 Active Learning Runtime on Test Set: 455572.36
2024-04-17 10:56 | INFO | Query 38 Active Learning Instance Cost: 1020058.74
2024-04-17 10:56 | INFO | Timeout limit is increased to 2100
2024-04-17 10:56 | INFO | Query 39 Size of the uncertainty table is = 5889/7380
2024-04-17 10:56 | INFO | Query 39 Size of the filtered table is = 74
2024-04-17 10:56 | INFO | Query 39 Active Learning Runtime on Validation Set: 1072807.24
2024-04-17 10:56 | INFO | Query 39 Active Learning Runtime on Test Set: 455572.36
2024-04-17 10:56 | INFO | Query 39 Active Learning Instance Cost: 1036728.09
2024-04-17 10:56 | INFO | Timeout limit is increased to 2200
2024-04-17 10:56 | INFO | Query 40 Size of the uncertainty table is = 5887/7380
2024-04-17 10:56 | INFO | Query 40 Size of the filtered table is = 74
2024-04-17 10:57 | INFO | Query 40 Active Learning Runtime on Validation Set: 1072807.24
2024-04-17 10:57 | INFO | Query 40 Active Learning Runtime on Test Set: 455572.36
2024-04-17 10:57 | INFO | Query 40 Active Learning Instance Cost: 1052028.09
2024-04-17 10:57 | INFO | Timeout limit is increased to 2300
2024-04-17 10:57 | INFO | Query 41 Size of the uncertainty table is = 5887/7380
2024-04-17 10:57 | INFO | Query 41 Size of the filtered table is = 74
2024-04-17 10:57 | INFO | Query 41 Active Learning Runtime on Validation Set: 1072807.24
2024-04-17 10:57 | INFO | Query 41 Active Learning Runtime on Test Set: 455572.36
2024-04-17 10:57 | INFO | Query 41 Active Learning Instance Cost: 1066728.09
2024-04-17 10:57 | INFO | Timeout limit is increased to 2400
2024-04-17 10:57 | INFO | Query 42 Size of the uncertainty table is = 5887/7380
2024-04-17 10:57 | INFO | Query 42 Size of the filtered table is = 74
2024-04-17 10:58 | INFO | Query 42 Active Learning Runtime on Validation Set: 1072807.24
2024-04-17 10:58 | INFO | Query 42 Active Learning Runtime on Test Set: 455572.36
2024-04-17 10:58 | INFO | Query 42 Active Learning Instance Cost: 1081428.09
2024-04-17 10:58 | INFO | Timeout limit is increased to 2500
2024-04-17 10:58 | INFO | Query 43 Size of the uncertainty table is = 5887/7380
2024-04-17 10:58 | INFO | Query 43 Size of the filtered table is = 74
2024-04-17 10:58 | INFO | Query 43 Active Learning Runtime on Validation Set: 1072807.24
2024-04-17 10:58 | INFO | Query 43 Active Learning Runtime on Test Set: 455572.36
2024-04-17 10:58 | INFO | Query 43 Active Learning Instance Cost: 1096128.09
2024-04-17 10:58 | INFO | Timeout limit is increased to 2600
2024-04-17 10:58 | INFO | Query 44 Size of the uncertainty table is = 5887/7380
2024-04-17 10:58 | INFO | Query 44 Size of the filtered table is = 74
2024-04-17 10:59 | INFO | Query 44 Active Learning Runtime on Validation Set: 1072807.24
2024-04-17 10:59 | INFO | Query 44 Active Learning Runtime on Test Set: 455572.36
2024-04-17 10:59 | INFO | Query 44 Active Learning Instance Cost: 1110828.09
2024-04-17 10:59 | INFO | Timeout limit is increased to 2700
2024-04-17 10:59 | INFO | Query 45 Size of the uncertainty table is = 5887/7380
2024-04-17 10:59 | INFO | Query 45 Size of the filtered table is = 74
2024-04-17 10:59 | INFO | Query 45 Active Learning Runtime on Validation Set: 1072807.24
2024-04-17 10:59 | INFO | Query 45 Active Learning Runtime on Test Set: 455572.36
2024-04-17 10:59 | INFO | Query 45 Active Learning Instance Cost: 1125528.09
2024-04-17 10:59 | INFO | Timeout limit is increased to 2800
2024-04-17 10:59 | INFO | Query 46 Size of the uncertainty table is = 5887/7380
2024-04-17 10:59 | INFO | Query 46 Size of the filtered table is = 74
2024-04-17 11:00 | INFO | Query 46 Active Learning Runtime on Validation Set: 1072807.24
2024-04-17 11:00 | INFO | Query 46 Active Learning Runtime on Test Set: 455572.36
2024-04-17 11:00 | INFO | Query 46 Active Learning Instance Cost: 1140228.09
2024-04-17 11:00 | INFO | Timeout limit is increased to 2900
2024-04-17 11:00 | INFO | Query 47 Size of the uncertainty table is = 5887/7380
2024-04-17 11:00 | INFO | Query 47 Size of the filtered table is = 74
2024-04-17 11:00 | INFO | Query 47 Active Learning Runtime on Validation Set: 1072807.24
2024-04-17 11:00 | INFO | Query 47 Active Learning Runtime on Test Set: 455572.36
2024-04-17 11:00 | INFO | Query 47 Active Learning Instance Cost: 1154928.09
2024-04-17 11:00 | INFO | Timeout limit is increased to 3000
2024-04-17 11:00 | INFO | Query 48 Size of the uncertainty table is = 5887/7380
2024-04-17 11:00 | INFO | Query 48 Size of the filtered table is = 74
2024-04-17 11:01 | INFO | Query 48 Active Learning Runtime on Validation Set: 1072807.24
2024-04-17 11:01 | INFO | Query 48 Active Learning Runtime on Test Set: 455572.36
2024-04-17 11:01 | INFO | Query 48 Active Learning Instance Cost: 1169628.09
2024-04-17 11:01 | INFO | Timeout limit is increased to 3100
2024-04-17 11:01 | INFO | Query 49 Size of the uncertainty table is = 5887/7380
2024-04-17 11:01 | INFO | Query 49 Size of the filtered table is = 74
2024-04-17 11:01 | INFO | Query 49 Active Learning Runtime on Validation Set: 1072807.24
2024-04-17 11:01 | INFO | Query 49 Active Learning Runtime on Test Set: 455572.36
2024-04-17 11:01 | INFO | Query 49 Active Learning Instance Cost: 1184328.09
2024-04-17 11:01 | INFO | Timeout limit is increased to 3200
2024-04-17 11:01 | INFO | Query 50 Size of the uncertainty table is = 5887/7380
2024-04-17 11:01 | INFO | Query 50 Size of the filtered table is = 74
2024-04-17 11:02 | INFO | Query 50 Active Learning Runtime on Validation Set: 1072807.24
2024-04-17 11:02 | INFO | Query 50 Active Learning Runtime on Test Set: 455572.36
2024-04-17 11:02 | INFO | Query 50 Active Learning Instance Cost: 1199028.09
2024-04-17 11:02 | INFO | Timeout limit is increased to 3300
2024-04-17 11:02 | INFO | Query 51 Size of the uncertainty table is = 5887/7380
2024-04-17 11:02 | INFO | Query 51 Size of the filtered table is = 74
2024-04-17 11:02 | INFO | Query 51 Active Learning Runtime on Validation Set: 1072807.24
2024-04-17 11:02 | INFO | Query 51 Active Learning Runtime on Test Set: 455572.36
2024-04-17 11:02 | INFO | Query 51 Active Learning Instance Cost: 1213728.09
2024-04-17 11:02 | INFO | Timeout limit is increased to 3400
2024-04-17 11:02 | INFO | Query 52 Size of the uncertainty table is = 5887/7380
2024-04-17 11:02 | INFO | Query 52 Size of the filtered table is = 74
2024-04-17 11:03 | INFO | Query 52 Active Learning Runtime on Validation Set: 1072807.24
2024-04-17 11:03 | INFO | Query 52 Active Learning Runtime on Test Set: 455572.36
2024-04-17 11:03 | INFO | Query 52 Active Learning Instance Cost: 1228428.09
2024-04-17 11:03 | INFO | Timeout limit is increased to 3500
2024-04-17 11:03 | INFO | Query 53 Size of the uncertainty table is = 5887/7380
2024-04-17 11:03 | INFO | Query 53 Size of the filtered table is = 74
2024-04-17 11:03 | INFO | Query 53 Active Learning Runtime on Validation Set: 1072807.29
2024-04-17 11:03 | INFO | Query 53 Active Learning Runtime on Test Set: 455572.13
2024-04-17 11:03 | INFO | Query 53 Active Learning Instance Cost: 1243036.97
2024-04-17 11:03 | INFO | Timeout limit is increased to 3600
2024-04-17 11:03 | INFO | Query 54 Size of the uncertainty table is = 5883/7380
2024-04-17 11:03 | INFO | Query 54 Size of the filtered table is = 74
2024-04-17 11:03 | INFO | Query 54 Active Learning Runtime on Validation Set: 1036828.01
2024-04-17 11:03 | INFO | Query 54 Active Learning Runtime on Test Set: 455572.36
2024-04-17 11:03 | INFO | Query 54 Active Learning Instance Cost: 1280062.51
2024-04-17 11:03 | INFO | Query 55 Size of the uncertainty table is = 4886/7380
2024-04-17 11:03 | INFO | Query 55 Size of the filtered table is = 74
2024-04-17 11:04 | INFO | Query 55 Active Learning Runtime on Validation Set: 1036723.41
2024-04-17 11:04 | INFO | Query 55 Active Learning Runtime on Test Set: 455564.73
2024-04-17 11:04 | INFO | Query 55 Active Learning Instance Cost: 1489856.02
2024-04-17 11:04 | INFO | Query 56 Size of the uncertainty table is = 4673/7380
2024-04-17 11:04 | INFO | Query 56 Size of the filtered table is = 74
2024-04-17 11:04 | INFO | Query 56 Active Learning Runtime on Validation Set: 1001257.31
2024-04-17 11:04 | INFO | Query 56 Active Learning Runtime on Test Set: 454168.51
2024-04-17 11:04 | INFO | Query 56 Active Learning Instance Cost: 1738638.99
2024-04-17 11:04 | INFO | Query 57 Size of the uncertainty table is = 4489/7380
2024-04-17 11:04 | INFO | Query 57 Size of the filtered table is = 74
2024-04-17 11:05 | INFO | Query 57 Active Learning Runtime on Validation Set: 1001304.07
2024-04-17 11:05 | INFO | Query 57 Active Learning Runtime on Test Set: 486173.42
2024-04-17 11:05 | INFO | Query 57 Active Learning Instance Cost: 1879321.5
2024-04-17 11:05 | INFO | Timeout limit is increased to 3600
2024-04-17 11:05 | INFO | Query 58 Size of the uncertainty table is = 4280/7380
2024-04-17 11:05 | INFO | Query 58 Size of the filtered table is = 74
2024-04-17 11:05 | INFO | Query 58 Active Learning Runtime on Validation Set: 1036860.57
2024-04-17 11:05 | INFO | Query 58 Active Learning Runtime on Test Set: 451927.1
2024-04-17 11:05 | INFO | Query 58 Active Learning Instance Cost: 1950709.64
2024-04-17 11:05 | INFO | Timeout limit is increased to 3600
2024-04-17 11:05 | INFO | Query 59 Size of the uncertainty table is = 4094/7380
2024-04-17 11:05 | INFO | Query 59 Size of the filtered table is = 74
2024-04-17 11:06 | INFO | Query 59 Active Learning Runtime on Validation Set: 1036722.16
2024-04-17 11:06 | INFO | Query 59 Active Learning Runtime on Test Set: 451484.99
2024-04-17 11:06 | INFO | Query 59 Active Learning Instance Cost: 2135745.62
2024-04-17 11:06 | INFO | Query 60 Size of the uncertainty table is = 3881/7380
2024-04-17 11:06 | INFO | Query 60 Size of the filtered table is = 74
2024-04-17 11:06 | INFO | Query 60 Active Learning Runtime on Validation Set: 1072712.37
2024-04-17 11:06 | INFO | Query 60 Active Learning Runtime on Test Set: 451994.14
2024-04-17 11:06 | INFO | Query 60 Active Learning Instance Cost: 2268364.49
2024-04-17 11:06 | INFO | Timeout limit is increased to 3600
2024-04-17 11:06 | INFO | Query 61 Size of the uncertainty table is = 3703/7380
2024-04-17 11:06 | INFO | Query 61 Size of the filtered table is = 74
2024-04-17 11:07 | INFO | Query 61 Active Learning Runtime on Validation Set: 1180711.6
2024-04-17 11:07 | INFO | Query 61 Active Learning Runtime on Test Set: 485505.39
2024-04-17 11:07 | INFO | Query 61 Active Learning Instance Cost: 2476310.09
2024-04-17 11:07 | INFO | Timeout limit is increased to 3600
2024-04-17 11:07 | INFO | Query 62 Size of the uncertainty table is = 3496/7380
2024-04-17 11:07 | INFO | Query 62 Size of the filtered table is = 74
2024-04-17 11:07 | INFO | Query 62 Active Learning Runtime on Validation Set: 1357869.06
2024-04-17 11:07 | INFO | Query 62 Active Learning Runtime on Test Set: 521475.85
2024-04-17 11:07 | INFO | Query 62 Active Learning Instance Cost: 2606613.46
2024-04-17 11:07 | INFO | Timeout limit is increased to 3600
2024-04-17 11:07 | INFO | Query 63 Size of the uncertainty table is = 3313/7380
2024-04-17 11:07 | INFO | Query 63 Size of the filtered table is = 74
2024-04-17 11:08 | INFO | Query 63 Active Learning Runtime on Validation Set: 1321981.4
2024-04-17 11:08 | INFO | Query 63 Active Learning Runtime on Test Set: 521477.73
2024-04-17 11:08 | INFO | Query 63 Active Learning Instance Cost: 2727971.11
2024-04-17 11:08 | INFO | Query 64 Size of the uncertainty table is = 3029/7380
2024-04-17 11:08 | INFO | Query 64 Size of the filtered table is = 74
2024-04-17 11:08 | INFO | Query 64 Active Learning Runtime on Validation Set: 1357900.83
2024-04-17 11:08 | INFO | Query 64 Active Learning Runtime on Test Set: 521294.08
2024-04-17 11:08 | INFO | Query 64 Active Learning Instance Cost: 2844161.1
2024-04-17 11:08 | INFO | Timeout limit is increased to 3600
2024-04-17 11:08 | INFO | Query 65 Size of the uncertainty table is = 2784/7380
2024-04-17 11:08 | INFO | Query 65 Size of the filtered table is = 74
2024-04-17 11:09 | INFO | Query 65 Active Learning Runtime on Validation Set: 1357901.38
2024-04-17 11:09 | INFO | Query 65 Active Learning Runtime on Test Set: 521294.08
2024-04-17 11:09 | INFO | Query 65 Active Learning Instance Cost: 2938325.23
2024-04-17 11:09 | INFO | Timeout limit is increased to 3600
2024-04-17 11:09 | INFO | Query 66 Size of the uncertainty table is = 2616/7380
2024-04-17 11:09 | INFO | Query 66 Size of the filtered table is = 74
2024-04-17 11:09 | INFO | Query 66 Active Learning Runtime on Validation Set: 1321994.09
2024-04-17 11:09 | INFO | Query 66 Active Learning Runtime on Test Set: 521987.78
2024-04-17 11:09 | INFO | Query 66 Active Learning Instance Cost: 3245551.56
2024-04-17 11:09 | INFO | Query 67 Size of the uncertainty table is = 2310/7380
2024-04-17 11:09 | INFO | Query 67 Size of the filtered table is = 74
2024-04-17 11:09 | INFO | Query 67 Active Learning Runtime on Validation Set: 1322001.47
2024-04-17 11:09 | INFO | Query 67 Active Learning Runtime on Test Set: 521485.4
2024-04-17 11:09 | INFO | Query 67 Active Learning Instance Cost: 3524211.02
2024-04-17 11:09 | INFO | Timeout limit is increased to 3600
2024-04-17 11:09 | INFO | Query 68 Size of the uncertainty table is = 2133/7380
2024-04-17 11:09 | INFO | Query 68 Size of the filtered table is = 74
2024-04-17 11:10 | INFO | Query 68 Active Learning Runtime on Validation Set: 1321983.68
2024-04-17 11:10 | INFO | Query 68 Active Learning Runtime on Test Set: 521931.9
2024-04-17 11:10 | INFO | Query 68 Active Learning Instance Cost: 3768005.8
2024-04-17 11:10 | INFO | Query 69 Size of the uncertainty table is = 1941/7380
2024-04-17 11:10 | INFO | Query 69 Size of the filtered table is = 74
2024-04-17 11:10 | INFO | Query 69 Active Learning Runtime on Validation Set: 1321996.06
2024-04-17 11:10 | INFO | Query 69 Active Learning Runtime on Test Set: 520785.14
2024-04-17 11:10 | INFO | Query 69 Active Learning Instance Cost: 3851205.28
2024-04-17 11:10 | INFO | Timeout limit is increased to 3600
2024-04-17 11:10 | INFO | Query 70 Size of the uncertainty table is = 1699/7380
2024-04-17 11:10 | INFO | Query 70 Size of the filtered table is = 74
2024-04-17 11:11 | INFO | Query 70 Active Learning Runtime on Validation Set: 1357888.71
2024-04-17 11:11 | INFO | Query 70 Active Learning Runtime on Test Set: 520792.78
2024-04-17 11:11 | INFO | Query 70 Active Learning Instance Cost: 3884510.56
2024-04-17 11:11 | INFO | Timeout limit is increased to 3600
2024-04-17 11:11 | INFO | Query 71 Size of the uncertainty table is = 1492/7380
2024-04-17 11:11 | INFO | Query 71 Size of the filtered table is = 74
2024-04-17 11:11 | INFO | Query 71 Active Learning Runtime on Validation Set: 1134608.95
2024-04-17 11:11 | INFO | Query 71 Active Learning Runtime on Test Set: 445411.99
2024-04-17 11:11 | INFO | Query 71 Active Learning Instance Cost: 3959124.73
2024-04-17 11:11 | INFO | Query 72 Size of the uncertainty table is = 1297/7380
2024-04-17 11:11 | INFO | Query 72 Size of the filtered table is = 74
2024-04-17 11:12 | INFO | Query 72 Active Learning Runtime on Validation Set: 1206519.79
2024-04-17 11:12 | INFO | Query 72 Active Learning Runtime on Test Set: 446203.46
2024-04-17 11:12 | INFO | Query 72 Active Learning Instance Cost: 4039165.98
2024-04-17 11:12 | INFO | Timeout limit is increased to 3600
2024-04-17 11:12 | INFO | Query 73 Size of the uncertainty table is = 1055/7380
2024-04-17 11:12 | INFO | Query 73 Size of the filtered table is = 74
2024-04-17 11:12 | INFO | Query 73 Active Learning Runtime on Validation Set: 1170615.66
2024-04-17 11:12 | INFO | Query 73 Active Learning Runtime on Test Set: 445510.84
2024-04-17 11:12 | INFO | Query 73 Active Learning Instance Cost: 4180150.77
2024-04-17 11:12 | INFO | Query 74 Size of the uncertainty table is = 821/7380
2024-04-17 11:12 | INFO | Query 74 Size of the filtered table is = 74
2024-04-17 11:13 | INFO | Query 74 Active Learning Runtime on Validation Set: 1170635.51
2024-04-17 11:13 | INFO | Query 74 Active Learning Runtime on Test Set: 445510.84
2024-04-17 11:13 | INFO | Query 74 Active Learning Instance Cost: 4255630.94
2024-04-17 11:13 | INFO | Timeout limit is increased to 3600
2024-04-17 11:13 | INFO | Query 75 Size of the uncertainty table is = 574/7380
2024-04-17 11:13 | INFO | Query 75 Size of the filtered table is = 74
2024-04-17 11:13 | INFO | Query 75 Active Learning Runtime on Validation Set: 1170615.64
2024-04-17 11:13 | INFO | Query 75 Active Learning Runtime on Test Set: 446203.46
2024-04-17 11:13 | INFO | Query 75 Active Learning Instance Cost: 4330512.23
2024-04-17 11:13 | INFO | Query 76 Size of the uncertainty table is = 344/7380
2024-04-17 11:13 | INFO | Query 76 Size of the filtered table is = 74
2024-04-17 11:14 | INFO | Query 76 Active Learning Runtime on Validation Set: 1170635.51
2024-04-17 11:14 | INFO | Query 76 Active Learning Runtime on Test Set: 446203.46
2024-04-17 11:14 | INFO | Query 76 Active Learning Instance Cost: 4497516.04
2024-04-17 11:14 | INFO | Timeout limit is increased to 3600
2024-04-17 11:14 | INFO | Query 77 Size of the uncertainty table is = 128/7380
2024-04-17 11:14 | INFO | Query 77 Size of the filtered table is = 74
2024-04-17 11:14 | INFO | Query 77 Active Learning Runtime on Validation Set: 1029448.78
2024-04-17 11:14 | INFO | Query 77 Active Learning Runtime on Test Set: 410371.39
2024-04-17 11:14 | INFO | Query 77 Active Learning Instance Cost: 4501648.25
2024-04-17 11:14 | INFO | runtime_test_score is written as json file
2024-04-17 11:14 | INFO | runtime_validation_score is written as json file
2024-04-17 11:14 | INFO | instance_cost is written as json file
2024-04-17 11:14 | INFO | Experiment is finished
