2024-04-17 18:11 | INFO | Paramaters are: {'dataset': 'CSP-2010', 'penalty': 10, 'weight': 'No_Weight', 'voting': 'Hard', 'pre_selection_size': 64, 'pre_selection_technique': 'No_pre_selection', 'feature_elimination_threshold': 20, 'imputer_strategy': 'median', 'feature_selection_technique': 'No_feature_selection', 'feature_scaling_technique': 'StandardScaler', 'initial_train_size': 20, 'query_size': 1, 'timeout_predictor_usage': 'No', 'timeout_limit': 100, 'timeout_increase_rate': 100, 'RANDOM_STATE_SEED': 99, 'n_splits': 10, 'split_number': 5, 'max_timeout': 3600, 'param_grid': {'n_estimators': 100, 'criterion': 'gini', 'max_features': 'sqrt', 'max_depth': 2147483648, 'min_samples_split': 2, 'bootstrap': True}}
2024-04-17 18:11 | INFO | CSP-2010 is current dataset
2024-04-17 18:11 | INFO | DATASETS/CSP-2010/algorithm_runs.csv is found
2024-04-17 18:11 | INFO | DATASETS/CSP-2010/algorithm_runs.csv is finished
2024-04-17 18:11 | INFO | DATASETS/CSP-2010/feature_values.csv is found
2024-04-17 18:11 | INFO | DATASETS/CSP-2010/feature_values.csv is finished
2024-04-17 18:11 | INFO | Feature cost of train set is 0
2024-04-17 18:11 | INFO | Initial Active Learning Random Query Runtime on Validation Set: 220957.64
2024-04-17 18:11 | INFO | Initial Active Learning Random Query Runtime on Test Set: 50516.37
2024-04-17 18:11 | INFO | Initial Active Learning Random Query Instance Cost: 396.45
2024-04-17 18:11 | INFO | Bin size = 12
2024-04-17 18:11 | INFO | Query 1 Size of the uncertainty table is = 1201/1200
2024-04-17 18:11 | INFO | Query 1 Size of the filtered table is = 12
2024-04-17 18:11 | INFO | Query 1 Active Learning Random Query Runtime on Validation Set: 97703.38
2024-04-17 18:11 | INFO | Query 1 Active Learning Random Query Runtime on Test Set: 50516.49
2024-04-17 18:11 | INFO | Query 1 Active Learning Random Query Instance Cost: 802.86
2024-04-17 18:11 | INFO | Query 2 Size of the uncertainty table is = 1189/1200
2024-04-17 18:11 | INFO | Query 2 Size of the filtered table is = 12
2024-04-17 18:11 | INFO | Query 2 Active Learning Random Query Runtime on Validation Set: 95337.57
2024-04-17 18:11 | INFO | Query 2 Active Learning Random Query Runtime on Test Set: 51370.17
2024-04-17 18:11 | INFO | Query 2 Active Learning Random Query Instance Cost: 1139.13
2024-04-17 18:11 | INFO | Query 3 Size of the uncertainty table is = 1178/1200
2024-04-17 18:11 | INFO | Query 3 Size of the filtered table is = 12
2024-04-17 18:11 | INFO | Query 3 Active Learning Random Query Runtime on Validation Set: 95337.57
2024-04-17 18:11 | INFO | Query 3 Active Learning Random Query Runtime on Test Set: 87266.45
2024-04-17 18:11 | INFO | Query 3 Active Learning Random Query Instance Cost: 1179.33
2024-04-17 18:11 | INFO | Timeout limit is increased to 200
2024-04-17 18:11 | INFO | Query 4 Size of the uncertainty table is = 1166/1200
2024-04-17 18:11 | INFO | Query 4 Size of the filtered table is = 12
2024-04-17 18:11 | INFO | Query 4 Active Learning Random Query Runtime on Validation Set: 95337.57
2024-04-17 18:11 | INFO | Query 4 Active Learning Random Query Runtime on Test Set: 87266.21
2024-04-17 18:11 | INFO | Query 4 Active Learning Random Query Instance Cost: 1769.9
2024-04-17 18:11 | INFO | Timeout limit is increased to 300
2024-04-17 18:11 | INFO | Query 5 Size of the uncertainty table is = 1154/1200
2024-04-17 18:11 | INFO | Query 5 Size of the filtered table is = 12
2024-04-17 18:11 | INFO | Query 5 Active Learning Random Query Runtime on Validation Set: 95337.57
2024-04-17 18:11 | INFO | Query 5 Active Learning Random Query Runtime on Test Set: 86360.33
2024-04-17 18:11 | INFO | Query 5 Active Learning Random Query Instance Cost: 2682.85
2024-04-17 18:11 | INFO | Timeout limit is increased to 400
2024-04-17 18:11 | INFO | Query 6 Size of the uncertainty table is = 1142/1200
2024-04-17 18:11 | INFO | Query 6 Size of the filtered table is = 12
2024-04-17 18:11 | INFO | Query 6 Active Learning Random Query Runtime on Validation Set: 99788.35
2024-04-17 18:11 | INFO | Query 6 Active Learning Random Query Runtime on Test Set: 50483.63
2024-04-17 18:11 | INFO | Query 6 Active Learning Random Query Instance Cost: 3787.08
2024-04-17 18:11 | INFO | Timeout limit is increased to 500
2024-04-17 18:11 | INFO | Query 7 Size of the uncertainty table is = 1130/1200
2024-04-17 18:11 | INFO | Query 7 Size of the filtered table is = 12
2024-04-17 18:11 | INFO | Query 7 Active Learning Random Query Runtime on Validation Set: 95337.18
2024-04-17 18:11 | INFO | Query 7 Active Learning Random Query Runtime on Test Set: 50484.03
2024-04-17 18:11 | INFO | Query 7 Active Learning Random Query Instance Cost: 5903.03
2024-04-17 18:11 | INFO | Query 8 Size of the uncertainty table is = 1119/1200
2024-04-17 18:11 | INFO | Query 8 Size of the filtered table is = 12
2024-04-17 18:11 | INFO | Query 8 Active Learning Random Query Runtime on Validation Set: 99789.95
2024-04-17 18:11 | INFO | Query 8 Active Learning Random Query Runtime on Test Set: 50483.28
2024-04-17 18:11 | INFO | Query 8 Active Learning Random Query Instance Cost: 7193.76
2024-04-17 18:11 | INFO | Timeout limit is increased to 600
2024-04-17 18:11 | INFO | Query 9 Size of the uncertainty table is = 1107/1200
2024-04-17 18:11 | INFO | Query 9 Size of the filtered table is = 12
2024-04-17 18:11 | INFO | Query 9 Active Learning Random Query Runtime on Validation Set: 95338.88
2024-04-17 18:11 | INFO | Query 9 Active Learning Random Query Runtime on Test Set: 50483.53
2024-04-17 18:11 | INFO | Query 9 Active Learning Random Query Instance Cost: 8495.12
2024-04-17 18:11 | INFO | Query 10 Size of the uncertainty table is = 1095/1200
2024-04-17 18:11 | INFO | Query 10 Size of the filtered table is = 12
2024-04-17 18:11 | INFO | Query 10 Active Learning Random Query Runtime on Validation Set: 95338.81
2024-04-17 18:11 | INFO | Query 10 Active Learning Random Query Runtime on Test Set: 50483.25
2024-04-17 18:11 | INFO | Query 10 Active Learning Random Query Instance Cost: 10686.65
2024-04-17 18:11 | INFO | Query 11 Size of the uncertainty table is = 1083/1200
2024-04-17 18:11 | INFO | Query 11 Size of the filtered table is = 12
2024-04-17 18:11 | INFO | Query 11 Active Learning Random Query Runtime on Validation Set: 95338.83
2024-04-17 18:11 | INFO | Query 11 Active Learning Random Query Runtime on Test Set: 86294.63
2024-04-17 18:11 | INFO | Query 11 Active Learning Random Query Instance Cost: 12507.89
2024-04-17 18:11 | INFO | Timeout limit is increased to 700
2024-04-17 18:11 | INFO | Query 12 Size of the uncertainty table is = 1071/1200
2024-04-17 18:11 | INFO | Query 12 Size of the filtered table is = 12
2024-04-17 18:11 | INFO | Query 12 Active Learning Random Query Runtime on Validation Set: 95338.83
2024-04-17 18:11 | INFO | Query 12 Active Learning Random Query Runtime on Test Set: 86295.0
2024-04-17 18:11 | INFO | Query 12 Active Learning Random Query Instance Cost: 15416.65
2024-04-17 18:11 | INFO | Timeout limit is increased to 800
2024-04-17 18:11 | INFO | Query 13 Size of the uncertainty table is = 1060/1200
2024-04-17 18:11 | INFO | Query 13 Size of the filtered table is = 12
2024-04-17 18:12 | INFO | Query 13 Active Learning Random Query Runtime on Validation Set: 95338.83
2024-04-17 18:12 | INFO | Query 13 Active Learning Random Query Runtime on Test Set: 86295.17
2024-04-17 18:12 | INFO | Query 13 Active Learning Random Query Instance Cost: 17892.04
2024-04-17 18:12 | INFO | Timeout limit is increased to 900
2024-04-17 18:12 | INFO | Query 14 Size of the uncertainty table is = 1049/1200
2024-04-17 18:12 | INFO | Query 14 Size of the filtered table is = 12
2024-04-17 18:12 | INFO | Query 14 Active Learning Random Query Runtime on Validation Set: 95338.86
2024-04-17 18:12 | INFO | Query 14 Active Learning Random Query Runtime on Test Set: 86295.4
2024-04-17 18:12 | INFO | Query 14 Active Learning Random Query Instance Cost: 21703.77
2024-04-17 18:12 | INFO | Timeout limit is increased to 1000
2024-04-17 18:12 | INFO | Query 15 Size of the uncertainty table is = 1038/1200
2024-04-17 18:12 | INFO | Query 15 Size of the filtered table is = 12
2024-04-17 18:12 | INFO | Query 15 Active Learning Random Query Runtime on Validation Set: 95337.21
2024-04-17 18:12 | INFO | Query 15 Active Learning Random Query Runtime on Test Set: 86297.79
2024-04-17 18:12 | INFO | Query 15 Active Learning Random Query Instance Cost: 22442.5
2024-04-17 18:12 | INFO | Query 16 Size of the uncertainty table is = 1026/1200
2024-04-17 18:12 | INFO | Query 16 Size of the filtered table is = 12
2024-04-17 18:12 | INFO | Query 16 Active Learning Random Query Runtime on Validation Set: 95337.18
2024-04-17 18:12 | INFO | Query 16 Active Learning Random Query Runtime on Test Set: 86294.78
2024-04-17 18:12 | INFO | Query 16 Active Learning Random Query Instance Cost: 23456.79
2024-04-17 18:12 | INFO | Query 17 Size of the uncertainty table is = 1014/1200
2024-04-17 18:12 | INFO | Query 17 Size of the filtered table is = 12
2024-04-17 18:12 | INFO | Query 17 Active Learning Random Query Runtime on Validation Set: 95338.82
2024-04-17 18:12 | INFO | Query 17 Active Learning Random Query Runtime on Test Set: 86294.52
2024-04-17 18:12 | INFO | Query 17 Active Learning Random Query Instance Cost: 23571.67
2024-04-17 18:12 | INFO | Timeout limit is increased to 1100
2024-04-17 18:12 | INFO | Query 18 Size of the uncertainty table is = 1002/1200
2024-04-17 18:12 | INFO | Query 18 Size of the filtered table is = 12
2024-04-17 18:12 | INFO | Query 18 Active Learning Random Query Runtime on Validation Set: 99789.89
2024-04-17 18:12 | INFO | Query 18 Active Learning Random Query Runtime on Test Set: 86294.59
2024-04-17 18:12 | INFO | Query 18 Active Learning Random Query Instance Cost: 27049.84
2024-04-17 18:12 | INFO | Timeout limit is increased to 1200
2024-04-17 18:12 | INFO | Query 19 Size of the uncertainty table is = 990/1200
2024-04-17 18:12 | INFO | Query 19 Size of the filtered table is = 12
2024-04-17 18:12 | INFO | Query 19 Active Learning Random Query Runtime on Validation Set: 99789.92
2024-04-17 18:12 | INFO | Query 19 Active Learning Random Query Runtime on Test Set: 86296.56
2024-04-17 18:12 | INFO | Query 19 Active Learning Random Query Instance Cost: 28386.11
2024-04-17 18:12 | INFO | Timeout limit is increased to 1300
2024-04-17 18:12 | INFO | Query 20 Size of the uncertainty table is = 978/1200
2024-04-17 18:12 | INFO | Query 20 Size of the filtered table is = 12
2024-04-17 18:12 | INFO | Query 20 Active Learning Random Query Runtime on Validation Set: 99789.97
2024-04-17 18:12 | INFO | Query 20 Active Learning Random Query Runtime on Test Set: 86296.56
2024-04-17 18:12 | INFO | Query 20 Active Learning Random Query Instance Cost: 31458.95
2024-04-17 18:12 | INFO | Timeout limit is increased to 1400
2024-04-17 18:12 | INFO | Query 21 Size of the uncertainty table is = 966/1200
2024-04-17 18:12 | INFO | Query 21 Size of the filtered table is = 12
2024-04-17 18:12 | INFO | Query 21 Active Learning Random Query Runtime on Validation Set: 99789.89
2024-04-17 18:12 | INFO | Query 21 Active Learning Random Query Runtime on Test Set: 86296.16
2024-04-17 18:12 | INFO | Query 21 Active Learning Random Query Instance Cost: 36668.83
2024-04-17 18:12 | INFO | Query 22 Size of the uncertainty table is = 954/1200
2024-04-17 18:12 | INFO | Query 22 Size of the filtered table is = 12
2024-04-17 18:12 | INFO | Query 22 Active Learning Random Query Runtime on Validation Set: 99789.94
2024-04-17 18:12 | INFO | Query 22 Active Learning Random Query Runtime on Test Set: 86296.29
2024-04-17 18:12 | INFO | Query 22 Active Learning Random Query Instance Cost: 38104.12
2024-04-17 18:12 | INFO | Timeout limit is increased to 1500
2024-04-17 18:12 | INFO | Query 23 Size of the uncertainty table is = 942/1200
2024-04-17 18:12 | INFO | Query 23 Size of the filtered table is = 12
2024-04-17 18:12 | INFO | Query 23 Active Learning Random Query Runtime on Validation Set: 99789.94
2024-04-17 18:12 | INFO | Query 23 Active Learning Random Query Runtime on Test Set: 86296.29
2024-04-17 18:12 | INFO | Query 23 Active Learning Random Query Instance Cost: 38116.23
2024-04-17 18:12 | INFO | Timeout limit is increased to 1600
2024-04-17 18:12 | INFO | Query 24 Size of the uncertainty table is = 930/1200
2024-04-17 18:12 | INFO | Query 24 Size of the filtered table is = 12
2024-04-17 18:12 | INFO | Query 24 Active Learning Random Query Runtime on Validation Set: 99789.95
2024-04-17 18:12 | INFO | Query 24 Active Learning Random Query Runtime on Test Set: 50487.42
2024-04-17 18:12 | INFO | Query 24 Active Learning Random Query Instance Cost: 42546.99
2024-04-17 18:12 | INFO | Timeout limit is increased to 1700
2024-04-17 18:12 | INFO | Query 25 Size of the uncertainty table is = 918/1200
2024-04-17 18:12 | INFO | Query 25 Size of the filtered table is = 12
2024-04-17 18:12 | INFO | Query 25 Active Learning Random Query Runtime on Validation Set: 95338.85
2024-04-17 18:12 | INFO | Query 25 Active Learning Random Query Runtime on Test Set: 86296.22
2024-04-17 18:12 | INFO | Query 25 Active Learning Random Query Instance Cost: 42759.5
2024-04-17 18:12 | INFO | Query 26 Size of the uncertainty table is = 906/1200
2024-04-17 18:12 | INFO | Query 26 Size of the filtered table is = 12
2024-04-17 18:12 | INFO | Query 26 Active Learning Random Query Runtime on Validation Set: 99789.9
2024-04-17 18:12 | INFO | Query 26 Active Learning Random Query Runtime on Test Set: 50485.56
2024-04-17 18:12 | INFO | Query 26 Active Learning Random Query Instance Cost: 44475.33
2024-04-17 18:12 | INFO | Timeout limit is increased to 1800
2024-04-17 18:12 | INFO | Query 27 Size of the uncertainty table is = 894/1200
2024-04-17 18:12 | INFO | Query 27 Size of the filtered table is = 12
2024-04-17 18:13 | INFO | Query 27 Active Learning Random Query Runtime on Validation Set: 95338.79
2024-04-17 18:13 | INFO | Query 27 Active Learning Random Query Runtime on Test Set: 50487.43
2024-04-17 18:13 | INFO | Query 27 Active Learning Random Query Instance Cost: 46926.33
2024-04-17 18:13 | INFO | Query 28 Size of the uncertainty table is = 882/1200
2024-04-17 18:13 | INFO | Query 28 Size of the filtered table is = 12
2024-04-17 18:13 | INFO | Query 28 Active Learning Random Query Runtime on Validation Set: 99789.95
2024-04-17 18:13 | INFO | Query 28 Active Learning Random Query Runtime on Test Set: 86296.45
2024-04-17 18:13 | INFO | Query 28 Active Learning Random Query Instance Cost: 50747.98
2024-04-17 18:13 | INFO | Timeout limit is increased to 1900
2024-04-17 18:13 | INFO | Query 29 Size of the uncertainty table is = 870/1200
2024-04-17 18:13 | INFO | Query 29 Size of the filtered table is = 12
2024-04-17 18:13 | INFO | Query 29 Active Learning Random Query Runtime on Validation Set: 99789.94
2024-04-17 18:13 | INFO | Query 29 Active Learning Random Query Runtime on Test Set: 86296.07
2024-04-17 18:13 | INFO | Query 29 Active Learning Random Query Instance Cost: 52127.4
2024-04-17 18:13 | INFO | Query 30 Size of the uncertainty table is = 858/1200
2024-04-17 18:13 | INFO | Query 30 Size of the filtered table is = 12
2024-04-17 18:13 | INFO | Query 30 Active Learning Random Query Runtime on Validation Set: 99789.89
2024-04-17 18:13 | INFO | Query 30 Active Learning Random Query Runtime on Test Set: 86295.99
2024-04-17 18:13 | INFO | Query 30 Active Learning Random Query Instance Cost: 54913.65
2024-04-17 18:13 | INFO | Query 31 Size of the uncertainty table is = 846/1200
2024-04-17 18:13 | INFO | Query 31 Size of the filtered table is = 12
2024-04-17 18:13 | INFO | Query 31 Active Learning Random Query Runtime on Validation Set: 99789.94
2024-04-17 18:13 | INFO | Query 31 Active Learning Random Query Runtime on Test Set: 86296.04
2024-04-17 18:13 | INFO | Query 31 Active Learning Random Query Instance Cost: 61639.28
2024-04-17 18:13 | INFO | Timeout limit is increased to 2000
2024-04-17 18:13 | INFO | Query 32 Size of the uncertainty table is = 835/1200
2024-04-17 18:13 | INFO | Query 32 Size of the filtered table is = 12
2024-04-17 18:13 | INFO | Query 32 Active Learning Random Query Runtime on Validation Set: 99789.89
2024-04-17 18:13 | INFO | Query 32 Active Learning Random Query Runtime on Test Set: 50485.12
2024-04-17 18:13 | INFO | Query 32 Active Learning Random Query Instance Cost: 61659.27
2024-04-17 18:13 | INFO | Query 33 Size of the uncertainty table is = 823/1200
2024-04-17 18:13 | INFO | Query 33 Size of the filtered table is = 12
2024-04-17 18:13 | INFO | Query 33 Active Learning Random Query Runtime on Validation Set: 99789.95
2024-04-17 18:13 | INFO | Query 33 Active Learning Random Query Runtime on Test Set: 50485.12
2024-04-17 18:13 | INFO | Query 33 Active Learning Random Query Instance Cost: 64946.6
2024-04-17 18:13 | INFO | Timeout limit is increased to 2100
2024-04-17 18:13 | INFO | Query 34 Size of the uncertainty table is = 811/1200
2024-04-17 18:13 | INFO | Query 34 Size of the filtered table is = 12
2024-04-17 18:13 | INFO | Query 34 Active Learning Random Query Runtime on Validation Set: 99789.94
2024-04-17 18:13 | INFO | Query 34 Active Learning Random Query Runtime on Test Set: 50485.16
2024-04-17 18:13 | INFO | Query 34 Active Learning Random Query Instance Cost: 65391.74
2024-04-17 18:13 | INFO | Query 35 Size of the uncertainty table is = 799/1200
2024-04-17 18:13 | INFO | Query 35 Size of the filtered table is = 12
2024-04-17 18:13 | INFO | Query 35 Active Learning Random Query Runtime on Validation Set: 99789.94
2024-04-17 18:13 | INFO | Query 35 Active Learning Random Query Runtime on Test Set: 50485.08
2024-04-17 18:13 | INFO | Query 35 Active Learning Random Query Instance Cost: 72367.48
2024-04-17 18:13 | INFO | Timeout limit is increased to 2200
2024-04-17 18:13 | INFO | Query 36 Size of the uncertainty table is = 787/1200
2024-04-17 18:13 | INFO | Query 36 Size of the filtered table is = 12
2024-04-17 18:13 | INFO | Query 36 Active Learning Random Query Runtime on Validation Set: 99789.94
2024-04-17 18:13 | INFO | Query 36 Active Learning Random Query Runtime on Test Set: 50485.08
2024-04-17 18:13 | INFO | Query 36 Active Learning Random Query Instance Cost: 76855.18
2024-04-17 18:13 | INFO | Timeout limit is increased to 2300
2024-04-17 18:13 | INFO | Query 37 Size of the uncertainty table is = 775/1200
2024-04-17 18:13 | INFO | Query 37 Size of the filtered table is = 12
2024-04-17 18:13 | INFO | Query 37 Active Learning Random Query Runtime on Validation Set: 99789.94
2024-04-17 18:13 | INFO | Query 37 Active Learning Random Query Runtime on Test Set: 50485.22
2024-04-17 18:13 | INFO | Query 37 Active Learning Random Query Instance Cost: 77165.31
2024-04-17 18:13 | INFO | Timeout limit is increased to 2400
2024-04-17 18:13 | INFO | Query 38 Size of the uncertainty table is = 763/1200
2024-04-17 18:13 | INFO | Query 38 Size of the filtered table is = 12
2024-04-17 18:13 | INFO | Query 38 Active Learning Random Query Runtime on Validation Set: 99789.94
2024-04-17 18:13 | INFO | Query 38 Active Learning Random Query Runtime on Test Set: 50484.99
2024-04-17 18:13 | INFO | Query 38 Active Learning Random Query Instance Cost: 79632.74
2024-04-17 18:13 | INFO | Timeout limit is increased to 2500
2024-04-17 18:13 | INFO | Query 39 Size of the uncertainty table is = 751/1200
2024-04-17 18:13 | INFO | Query 39 Size of the filtered table is = 12
2024-04-17 18:13 | INFO | Query 39 Active Learning Random Query Runtime on Validation Set: 99789.94
2024-04-17 18:13 | INFO | Query 39 Active Learning Random Query Runtime on Test Set: 50485.23
2024-04-17 18:13 | INFO | Query 39 Active Learning Random Query Instance Cost: 89176.97
2024-04-17 18:13 | INFO | Timeout limit is increased to 2600
2024-04-17 18:13 | INFO | Query 40 Size of the uncertainty table is = 739/1200
2024-04-17 18:13 | INFO | Query 40 Size of the filtered table is = 12
2024-04-17 18:13 | INFO | Query 40 Active Learning Random Query Runtime on Validation Set: 99789.94
2024-04-17 18:13 | INFO | Query 40 Active Learning Random Query Runtime on Test Set: 50484.99
2024-04-17 18:13 | INFO | Query 40 Active Learning Random Query Instance Cost: 95076.15
2024-04-17 18:13 | INFO | Timeout limit is increased to 2700
2024-04-17 18:13 | INFO | Query 41 Size of the uncertainty table is = 727/1200
2024-04-17 18:13 | INFO | Query 41 Size of the filtered table is = 12
2024-04-17 18:14 | INFO | Query 41 Active Learning Random Query Runtime on Validation Set: 99789.94
2024-04-17 18:14 | INFO | Query 41 Active Learning Random Query Runtime on Test Set: 50484.96
2024-04-17 18:14 | INFO | Query 41 Active Learning Random Query Instance Cost: 96132.82
2024-04-17 18:14 | INFO | Timeout limit is increased to 2800
2024-04-17 18:14 | INFO | Query 42 Size of the uncertainty table is = 715/1200
2024-04-17 18:14 | INFO | Query 42 Size of the filtered table is = 12
2024-04-17 18:14 | INFO | Query 42 Active Learning Random Query Runtime on Validation Set: 99789.94
2024-04-17 18:14 | INFO | Query 42 Active Learning Random Query Runtime on Test Set: 50484.99
2024-04-17 18:14 | INFO | Query 42 Active Learning Random Query Instance Cost: 100861.3
2024-04-17 18:14 | INFO | Timeout limit is increased to 2900
2024-04-17 18:14 | INFO | Query 43 Size of the uncertainty table is = 704/1200
2024-04-17 18:14 | INFO | Query 43 Size of the filtered table is = 12
2024-04-17 18:14 | INFO | Query 43 Active Learning Random Query Runtime on Validation Set: 99789.94
2024-04-17 18:14 | INFO | Query 43 Active Learning Random Query Runtime on Test Set: 50484.96
2024-04-17 18:14 | INFO | Query 43 Active Learning Random Query Instance Cost: 114461.04
2024-04-17 18:14 | INFO | Timeout limit is increased to 3000
2024-04-17 18:14 | INFO | Query 44 Size of the uncertainty table is = 693/1200
2024-04-17 18:14 | INFO | Query 44 Size of the filtered table is = 12
2024-04-17 18:14 | INFO | Query 44 Active Learning Random Query Runtime on Validation Set: 99789.94
2024-04-17 18:14 | INFO | Query 44 Active Learning Random Query Runtime on Test Set: 50484.96
2024-04-17 18:14 | INFO | Query 44 Active Learning Random Query Instance Cost: 117639.2
2024-04-17 18:14 | INFO | Timeout limit is increased to 3100
2024-04-17 18:14 | INFO | Query 45 Size of the uncertainty table is = 681/1200
2024-04-17 18:14 | INFO | Query 45 Size of the filtered table is = 12
2024-04-17 18:14 | INFO | Query 45 Active Learning Random Query Runtime on Validation Set: 99789.94
2024-04-17 18:14 | INFO | Query 45 Active Learning Random Query Runtime on Test Set: 50484.95
2024-04-17 18:14 | INFO | Query 45 Active Learning Random Query Instance Cost: 120784.35
2024-04-17 18:14 | INFO | Timeout limit is increased to 3200
2024-04-17 18:14 | INFO | Query 46 Size of the uncertainty table is = 669/1200
2024-04-17 18:14 | INFO | Query 46 Size of the filtered table is = 12
2024-04-17 18:14 | INFO | Query 46 Active Learning Random Query Runtime on Validation Set: 99789.94
2024-04-17 18:14 | INFO | Query 46 Active Learning Random Query Runtime on Test Set: 50484.96
2024-04-17 18:14 | INFO | Query 46 Active Learning Random Query Instance Cost: 127764.86
2024-04-17 18:14 | INFO | Timeout limit is increased to 3300
2024-04-17 18:14 | INFO | Query 47 Size of the uncertainty table is = 657/1200
2024-04-17 18:14 | INFO | Query 47 Size of the filtered table is = 12
2024-04-17 18:14 | INFO | Query 47 Active Learning Random Query Runtime on Validation Set: 99789.94
2024-04-17 18:14 | INFO | Query 47 Active Learning Random Query Runtime on Test Set: 50484.94
2024-04-17 18:14 | INFO | Query 47 Active Learning Random Query Instance Cost: 129013.21
2024-04-17 18:14 | INFO | Timeout limit is increased to 3400
2024-04-17 18:14 | INFO | Query 48 Size of the uncertainty table is = 645/1200
2024-04-17 18:14 | INFO | Query 48 Size of the filtered table is = 12
2024-04-17 18:14 | INFO | Query 48 Active Learning Random Query Runtime on Validation Set: 99789.94
2024-04-17 18:14 | INFO | Query 48 Active Learning Random Query Runtime on Test Set: 50484.94
2024-04-17 18:14 | INFO | Query 48 Active Learning Random Query Instance Cost: 143039.11
2024-04-17 18:14 | INFO | Timeout limit is increased to 3500
2024-04-17 18:14 | INFO | Query 49 Size of the uncertainty table is = 633/1200
2024-04-17 18:14 | INFO | Query 49 Size of the filtered table is = 12
2024-04-17 18:14 | INFO | Query 49 Active Learning Random Query Runtime on Validation Set: 99789.94
2024-04-17 18:14 | INFO | Query 49 Active Learning Random Query Runtime on Test Set: 50484.96
2024-04-17 18:14 | INFO | Query 49 Active Learning Random Query Instance Cost: 143097.86
2024-04-17 18:14 | INFO | Timeout limit is increased to 3600
2024-04-17 18:14 | INFO | Query 50 Size of the uncertainty table is = 621/1200
2024-04-17 18:14 | INFO | Query 50 Size of the filtered table is = 12
2024-04-17 18:14 | INFO | Query 50 Active Learning Random Query Runtime on Validation Set: 99789.94
2024-04-17 18:14 | INFO | Query 50 Active Learning Random Query Runtime on Test Set: 50485.03
2024-04-17 18:14 | INFO | Query 50 Active Learning Random Query Instance Cost: 152410.56
2024-04-17 18:14 | INFO | Timeout limit is increased to 3600
2024-04-17 18:14 | INFO | Query 51 Size of the uncertainty table is = 601/1200
2024-04-17 18:14 | INFO | Query 51 Size of the filtered table is = 12
2024-04-17 18:14 | INFO | Query 51 Active Learning Random Query Runtime on Validation Set: 99789.94
2024-04-17 18:14 | INFO | Query 51 Active Learning Random Query Runtime on Test Set: 50484.94
2024-04-17 18:14 | INFO | Query 51 Active Learning Random Query Instance Cost: 163218.72
2024-04-17 18:14 | INFO | Timeout limit is increased to 3600
2024-04-17 18:14 | INFO | Query 52 Size of the uncertainty table is = 589/1200
2024-04-17 18:14 | INFO | Query 52 Size of the filtered table is = 12
2024-04-17 18:14 | INFO | Query 52 Active Learning Random Query Runtime on Validation Set: 99789.94
2024-04-17 18:14 | INFO | Query 52 Active Learning Random Query Runtime on Test Set: 50485.16
2024-04-17 18:14 | INFO | Query 52 Active Learning Random Query Instance Cost: 173989.23
2024-04-17 18:14 | INFO | Timeout limit is increased to 3600
2024-04-17 18:14 | INFO | Query 53 Size of the uncertainty table is = 577/1200
2024-04-17 18:14 | INFO | Query 53 Size of the filtered table is = 12
2024-04-17 18:14 | INFO | Query 53 Active Learning Random Query Runtime on Validation Set: 99789.94
2024-04-17 18:14 | INFO | Query 53 Active Learning Random Query Runtime on Test Set: 50484.94
2024-04-17 18:14 | INFO | Query 53 Active Learning Random Query Instance Cost: 181668.97
2024-04-17 18:14 | INFO | Timeout limit is increased to 3600
2024-04-17 18:14 | INFO | Query 54 Size of the uncertainty table is = 565/1200
2024-04-17 18:14 | INFO | Query 54 Size of the filtered table is = 12
2024-04-17 18:14 | INFO | Query 54 Active Learning Random Query Runtime on Validation Set: 99789.94
2024-04-17 18:14 | INFO | Query 54 Active Learning Random Query Runtime on Test Set: 50484.94
2024-04-17 18:14 | INFO | Query 54 Active Learning Random Query Instance Cost: 183612.18
2024-04-17 18:14 | INFO | Timeout limit is increased to 3600
2024-04-17 18:14 | INFO | Query 55 Size of the uncertainty table is = 553/1200
2024-04-17 18:14 | INFO | Query 55 Size of the filtered table is = 12
2024-04-17 18:15 | INFO | Query 55 Active Learning Random Query Runtime on Validation Set: 99789.94
2024-04-17 18:15 | INFO | Query 55 Active Learning Random Query Runtime on Test Set: 50484.96
2024-04-17 18:15 | INFO | Query 55 Active Learning Random Query Instance Cost: 184865.76
2024-04-17 18:15 | INFO | Timeout limit is increased to 3600
2024-04-17 18:15 | INFO | Query 56 Size of the uncertainty table is = 541/1200
2024-04-17 18:15 | INFO | Query 56 Size of the filtered table is = 12
2024-04-17 18:15 | INFO | Query 56 Active Learning Random Query Runtime on Validation Set: 99789.94
2024-04-17 18:15 | INFO | Query 56 Active Learning Random Query Runtime on Test Set: 50484.94
2024-04-17 18:15 | INFO | Query 56 Active Learning Random Query Instance Cost: 193949.75
2024-04-17 18:15 | INFO | Timeout limit is increased to 3600
2024-04-17 18:15 | INFO | Query 57 Size of the uncertainty table is = 529/1200
2024-04-17 18:15 | INFO | Query 57 Size of the filtered table is = 12
2024-04-17 18:15 | INFO | Query 57 Active Learning Random Query Runtime on Validation Set: 99789.94
2024-04-17 18:15 | INFO | Query 57 Active Learning Random Query Runtime on Test Set: 50484.94
2024-04-17 18:15 | INFO | Query 57 Active Learning Random Query Instance Cost: 215471.78
2024-04-17 18:15 | INFO | Timeout limit is increased to 3600
2024-04-17 18:15 | INFO | Query 58 Size of the uncertainty table is = 517/1200
2024-04-17 18:15 | INFO | Query 58 Size of the filtered table is = 12
2024-04-17 18:15 | INFO | Query 58 Active Learning Random Query Runtime on Validation Set: 99789.94
2024-04-17 18:15 | INFO | Query 58 Active Learning Random Query Runtime on Test Set: 50484.98
2024-04-17 18:15 | INFO | Query 58 Active Learning Random Query Instance Cost: 220056.37
2024-04-17 18:15 | INFO | Timeout limit is increased to 3600
2024-04-17 18:15 | INFO | Query 59 Size of the uncertainty table is = 505/1200
2024-04-17 18:15 | INFO | Query 59 Size of the filtered table is = 12
2024-04-17 18:15 | INFO | Query 59 Active Learning Random Query Runtime on Validation Set: 99789.94
2024-04-17 18:15 | INFO | Query 59 Active Learning Random Query Runtime on Test Set: 50484.98
2024-04-17 18:15 | INFO | Query 59 Active Learning Random Query Instance Cost: 223805.32
2024-04-17 18:15 | INFO | Timeout limit is increased to 3600
2024-04-17 18:15 | INFO | Query 60 Size of the uncertainty table is = 493/1200
2024-04-17 18:15 | INFO | Query 60 Size of the filtered table is = 12
2024-04-17 18:15 | INFO | Query 60 Active Learning Random Query Runtime on Validation Set: 99789.94
2024-04-17 18:15 | INFO | Query 60 Active Learning Random Query Runtime on Test Set: 50484.94
2024-04-17 18:15 | INFO | Query 60 Active Learning Random Query Instance Cost: 232829.06
2024-04-17 18:15 | INFO | Timeout limit is increased to 3600
2024-04-17 18:15 | INFO | Query 61 Size of the uncertainty table is = 481/1200
2024-04-17 18:15 | INFO | Query 61 Size of the filtered table is = 12
2024-04-17 18:15 | INFO | Query 61 Active Learning Random Query Runtime on Validation Set: 99789.94
2024-04-17 18:15 | INFO | Query 61 Active Learning Random Query Runtime on Test Set: 14781.15
2024-04-17 18:15 | INFO | Query 61 Active Learning Random Query Instance Cost: 242842.24
2024-04-17 18:15 | INFO | Timeout limit is increased to 3600
2024-04-17 18:15 | INFO | Query 62 Size of the uncertainty table is = 469/1200
2024-04-17 18:15 | INFO | Query 62 Size of the filtered table is = 12
2024-04-17 18:15 | INFO | Query 62 Active Learning Random Query Runtime on Validation Set: 99789.94
2024-04-17 18:15 | INFO | Query 62 Active Learning Random Query Runtime on Test Set: 14781.15
2024-04-17 18:15 | INFO | Query 62 Active Learning Random Query Instance Cost: 246453.16
2024-04-17 18:15 | INFO | Timeout limit is increased to 3600
2024-04-17 18:15 | INFO | Query 63 Size of the uncertainty table is = 457/1200
2024-04-17 18:15 | INFO | Query 63 Size of the filtered table is = 12
2024-04-17 18:15 | INFO | Query 63 Active Learning Random Query Runtime on Validation Set: 99789.94
2024-04-17 18:15 | INFO | Query 63 Active Learning Random Query Runtime on Test Set: 14781.15
2024-04-17 18:15 | INFO | Query 63 Active Learning Random Query Instance Cost: 250548.04
2024-04-17 18:15 | INFO | Timeout limit is increased to 3600
2024-04-17 18:15 | INFO | Query 64 Size of the uncertainty table is = 445/1200
2024-04-17 18:15 | INFO | Query 64 Size of the filtered table is = 12
2024-04-17 18:15 | INFO | Query 64 Active Learning Random Query Runtime on Validation Set: 99789.94
2024-04-17 18:15 | INFO | Query 64 Active Learning Random Query Runtime on Test Set: 14781.6
2024-04-17 18:15 | INFO | Query 64 Active Learning Random Query Instance Cost: 262250.0
2024-04-17 18:15 | INFO | Timeout limit is increased to 3600
2024-04-17 18:15 | INFO | Query 65 Size of the uncertainty table is = 433/1200
2024-04-17 18:15 | INFO | Query 65 Size of the filtered table is = 12
2024-04-17 18:15 | INFO | Query 65 Active Learning Random Query Runtime on Validation Set: 99789.94
2024-04-17 18:15 | INFO | Query 65 Active Learning Random Query Runtime on Test Set: 14781.16
2024-04-17 18:15 | INFO | Query 65 Active Learning Random Query Instance Cost: 266784.11
2024-04-17 18:15 | INFO | Timeout limit is increased to 3600
2024-04-17 18:15 | INFO | Query 66 Size of the uncertainty table is = 421/1200
2024-04-17 18:15 | INFO | Query 66 Size of the filtered table is = 12
2024-04-17 18:15 | INFO | Query 66 Active Learning Random Query Runtime on Validation Set: 99789.94
2024-04-17 18:15 | INFO | Query 66 Active Learning Random Query Runtime on Test Set: 14781.16
2024-04-17 18:15 | INFO | Query 66 Active Learning Random Query Instance Cost: 282664.97
2024-04-17 18:15 | INFO | Timeout limit is increased to 3600
2024-04-17 18:15 | INFO | Query 67 Size of the uncertainty table is = 409/1200
2024-04-17 18:15 | INFO | Query 67 Size of the filtered table is = 12
2024-04-17 18:15 | INFO | Query 67 Active Learning Random Query Runtime on Validation Set: 99789.94
2024-04-17 18:15 | INFO | Query 67 Active Learning Random Query Runtime on Test Set: 14781.57
2024-04-17 18:15 | INFO | Query 67 Active Learning Random Query Instance Cost: 290013.38
2024-04-17 18:15 | INFO | Timeout limit is increased to 3600
2024-04-17 18:15 | INFO | Query 68 Size of the uncertainty table is = 397/1200
2024-04-17 18:15 | INFO | Query 68 Size of the filtered table is = 12
2024-04-17 18:16 | INFO | Query 68 Active Learning Random Query Runtime on Validation Set: 99789.94
2024-04-17 18:16 | INFO | Query 68 Active Learning Random Query Runtime on Test Set: 14781.12
2024-04-17 18:16 | INFO | Query 68 Active Learning Random Query Instance Cost: 299369.85
2024-04-17 18:16 | INFO | Timeout limit is increased to 3600
2024-04-17 18:16 | INFO | Query 69 Size of the uncertainty table is = 385/1200
2024-04-17 18:16 | INFO | Query 69 Size of the filtered table is = 12
2024-04-17 18:16 | INFO | Query 69 Active Learning Random Query Runtime on Validation Set: 99789.94
2024-04-17 18:16 | INFO | Query 69 Active Learning Random Query Runtime on Test Set: 14781.16
2024-04-17 18:16 | INFO | Query 69 Active Learning Random Query Instance Cost: 307067.55
2024-04-17 18:16 | INFO | Timeout limit is increased to 3600
2024-04-17 18:16 | INFO | Query 70 Size of the uncertainty table is = 373/1200
2024-04-17 18:16 | INFO | Query 70 Size of the filtered table is = 12
2024-04-17 18:16 | INFO | Query 70 Active Learning Random Query Runtime on Validation Set: 99789.94
2024-04-17 18:16 | INFO | Query 70 Active Learning Random Query Runtime on Test Set: 14781.15
2024-04-17 18:16 | INFO | Query 70 Active Learning Random Query Instance Cost: 315660.76
2024-04-17 18:16 | INFO | Timeout limit is increased to 3600
2024-04-17 18:16 | INFO | Query 71 Size of the uncertainty table is = 361/1200
2024-04-17 18:16 | INFO | Query 71 Size of the filtered table is = 12
2024-04-17 18:16 | INFO | Query 71 Active Learning Random Query Runtime on Validation Set: 99789.94
2024-04-17 18:16 | INFO | Query 71 Active Learning Random Query Runtime on Test Set: 14781.15
2024-04-17 18:16 | INFO | Query 71 Active Learning Random Query Instance Cost: 319415.79
2024-04-17 18:16 | INFO | Timeout limit is increased to 3600
2024-04-17 18:16 | INFO | Query 72 Size of the uncertainty table is = 349/1200
2024-04-17 18:16 | INFO | Query 72 Size of the filtered table is = 12
2024-04-17 18:16 | INFO | Query 72 Active Learning Random Query Runtime on Validation Set: 99789.94
2024-04-17 18:16 | INFO | Query 72 Active Learning Random Query Runtime on Test Set: 14781.13
2024-04-17 18:16 | INFO | Query 72 Active Learning Random Query Instance Cost: 319555.1
2024-04-17 18:16 | INFO | Timeout limit is increased to 3600
2024-04-17 18:16 | INFO | Query 73 Size of the uncertainty table is = 337/1200
2024-04-17 18:16 | INFO | Query 73 Size of the filtered table is = 12
2024-04-17 18:16 | INFO | Query 73 Active Learning Random Query Runtime on Validation Set: 99789.94
2024-04-17 18:16 | INFO | Query 73 Active Learning Random Query Runtime on Test Set: 14781.16
2024-04-17 18:16 | INFO | Query 73 Active Learning Random Query Instance Cost: 330423.5
2024-04-17 18:16 | INFO | Timeout limit is increased to 3600
2024-04-17 18:16 | INFO | Query 74 Size of the uncertainty table is = 325/1200
2024-04-17 18:16 | INFO | Query 74 Size of the filtered table is = 12
2024-04-17 18:16 | INFO | Query 74 Active Learning Random Query Runtime on Validation Set: 99789.94
2024-04-17 18:16 | INFO | Query 74 Active Learning Random Query Runtime on Test Set: 14781.16
2024-04-17 18:16 | INFO | Query 74 Active Learning Random Query Instance Cost: 337829.91
2024-04-17 18:16 | INFO | Timeout limit is increased to 3600
2024-04-17 18:16 | INFO | Query 75 Size of the uncertainty table is = 313/1200
2024-04-17 18:16 | INFO | Query 75 Size of the filtered table is = 12
2024-04-17 18:16 | INFO | Query 75 Active Learning Random Query Runtime on Validation Set: 95338.83
2024-04-17 18:16 | INFO | Query 75 Active Learning Random Query Runtime on Test Set: 14781.16
2024-04-17 18:16 | INFO | Query 75 Active Learning Random Query Instance Cost: 349122.52
2024-04-17 18:16 | INFO | Query 76 Size of the uncertainty table is = 301/1200
2024-04-17 18:16 | INFO | Query 76 Size of the filtered table is = 12
2024-04-17 18:16 | INFO | Query 76 Active Learning Random Query Runtime on Validation Set: 99789.94
2024-04-17 18:16 | INFO | Query 76 Active Learning Random Query Runtime on Test Set: 14781.22
2024-04-17 18:16 | INFO | Query 76 Active Learning Random Query Instance Cost: 349613.62
2024-04-17 18:16 | INFO | Timeout limit is increased to 3600
2024-04-17 18:16 | INFO | Query 77 Size of the uncertainty table is = 289/1200
2024-04-17 18:16 | INFO | Query 77 Size of the filtered table is = 12
2024-04-17 18:16 | INFO | Query 77 Active Learning Random Query Runtime on Validation Set: 99789.94
2024-04-17 18:16 | INFO | Query 77 Active Learning Random Query Runtime on Test Set: 14781.16
2024-04-17 18:16 | INFO | Query 77 Active Learning Random Query Instance Cost: 359492.24
2024-04-17 18:16 | INFO | Timeout limit is increased to 3600
2024-04-17 18:16 | INFO | Query 78 Size of the uncertainty table is = 277/1200
2024-04-17 18:16 | INFO | Query 78 Size of the filtered table is = 12
2024-04-17 18:16 | INFO | Query 78 Active Learning Random Query Runtime on Validation Set: 99789.94
2024-04-17 18:16 | INFO | Query 78 Active Learning Random Query Runtime on Test Set: 14781.19
2024-04-17 18:16 | INFO | Query 78 Active Learning Random Query Instance Cost: 359896.29
2024-04-17 18:16 | INFO | Timeout limit is increased to 3600
2024-04-17 18:16 | INFO | Query 79 Size of the uncertainty table is = 265/1200
2024-04-17 18:16 | INFO | Query 79 Size of the filtered table is = 12
2024-04-17 18:16 | INFO | Query 79 Active Learning Random Query Runtime on Validation Set: 99789.94
2024-04-17 18:16 | INFO | Query 79 Active Learning Random Query Runtime on Test Set: 14781.59
2024-04-17 18:16 | INFO | Query 79 Active Learning Random Query Instance Cost: 367306.5
2024-04-17 18:16 | INFO | Timeout limit is increased to 3600
2024-04-17 18:16 | INFO | Query 80 Size of the uncertainty table is = 253/1200
2024-04-17 18:16 | INFO | Query 80 Size of the filtered table is = 12
2024-04-17 18:16 | INFO | Query 80 Active Learning Random Query Runtime on Validation Set: 99789.94
2024-04-17 18:16 | INFO | Query 80 Active Learning Random Query Runtime on Test Set: 14781.58
2024-04-17 18:16 | INFO | Query 80 Active Learning Random Query Instance Cost: 375846.88
2024-04-17 18:16 | INFO | Timeout limit is increased to 3600
2024-04-17 18:16 | INFO | Query 81 Size of the uncertainty table is = 241/1200
2024-04-17 18:16 | INFO | Query 81 Size of the filtered table is = 12
2024-04-17 18:16 | INFO | Query 81 Active Learning Random Query Runtime on Validation Set: 99789.94
2024-04-17 18:16 | INFO | Query 81 Active Learning Random Query Runtime on Test Set: 14781.13
2024-04-17 18:16 | INFO | Query 81 Active Learning Random Query Instance Cost: 383158.07
2024-04-17 18:16 | INFO | Timeout limit is increased to 3600
2024-04-17 18:16 | INFO | Query 82 Size of the uncertainty table is = 229/1200
2024-04-17 18:16 | INFO | Query 82 Size of the filtered table is = 12
2024-04-17 18:17 | INFO | Query 82 Active Learning Random Query Runtime on Validation Set: 99789.94
2024-04-17 18:17 | INFO | Query 82 Active Learning Random Query Runtime on Test Set: 14781.19
2024-04-17 18:17 | INFO | Query 82 Active Learning Random Query Instance Cost: 391464.67
2024-04-17 18:17 | INFO | Timeout limit is increased to 3600
2024-04-17 18:17 | INFO | Query 83 Size of the uncertainty table is = 217/1200
2024-04-17 18:17 | INFO | Query 83 Size of the filtered table is = 12
2024-04-17 18:17 | INFO | Query 83 Active Learning Random Query Runtime on Validation Set: 99789.94
2024-04-17 18:17 | INFO | Query 83 Active Learning Random Query Runtime on Test Set: 14781.13
2024-04-17 18:17 | INFO | Query 83 Active Learning Random Query Instance Cost: 398928.26
2024-04-17 18:17 | INFO | Timeout limit is increased to 3600
2024-04-17 18:17 | INFO | Query 84 Size of the uncertainty table is = 205/1200
2024-04-17 18:17 | INFO | Query 84 Size of the filtered table is = 12
2024-04-17 18:17 | INFO | Query 84 Active Learning Random Query Runtime on Validation Set: 99789.94
2024-04-17 18:17 | INFO | Query 84 Active Learning Random Query Runtime on Test Set: 14781.23
2024-04-17 18:17 | INFO | Query 84 Active Learning Random Query Instance Cost: 414196.8
2024-04-17 18:17 | INFO | Timeout limit is increased to 3600
2024-04-17 18:17 | INFO | Query 85 Size of the uncertainty table is = 193/1200
2024-04-17 18:17 | INFO | Query 85 Size of the filtered table is = 12
2024-04-17 18:17 | INFO | Query 85 Active Learning Random Query Runtime on Validation Set: 99789.94
2024-04-17 18:17 | INFO | Query 85 Active Learning Random Query Runtime on Test Set: 14781.2
2024-04-17 18:17 | INFO | Query 85 Active Learning Random Query Instance Cost: 421246.96
2024-04-17 18:17 | INFO | Timeout limit is increased to 3600
2024-04-17 18:17 | INFO | Query 86 Size of the uncertainty table is = 181/1200
2024-04-17 18:17 | INFO | Query 86 Size of the filtered table is = 12
2024-04-17 18:17 | INFO | Query 86 Active Learning Random Query Runtime on Validation Set: 99789.94
2024-04-17 18:17 | INFO | Query 86 Active Learning Random Query Runtime on Test Set: 14781.16
2024-04-17 18:17 | INFO | Query 86 Active Learning Random Query Instance Cost: 421753.37
2024-04-17 18:17 | INFO | Timeout limit is increased to 3600
2024-04-17 18:17 | INFO | Query 87 Size of the uncertainty table is = 169/1200
2024-04-17 18:17 | INFO | Query 87 Size of the filtered table is = 12
2024-04-17 18:17 | INFO | Query 87 Active Learning Random Query Runtime on Validation Set: 99789.94
2024-04-17 18:17 | INFO | Query 87 Active Learning Random Query Runtime on Test Set: 14781.16
2024-04-17 18:17 | INFO | Query 87 Active Learning Random Query Instance Cost: 428412.14
2024-04-17 18:17 | INFO | Timeout limit is increased to 3600
2024-04-17 18:17 | INFO | Query 88 Size of the uncertainty table is = 157/1200
2024-04-17 18:17 | INFO | Query 88 Size of the filtered table is = 12
2024-04-17 18:17 | INFO | Query 88 Active Learning Random Query Runtime on Validation Set: 99789.94
2024-04-17 18:17 | INFO | Query 88 Active Learning Random Query Runtime on Test Set: 14781.19
2024-04-17 18:17 | INFO | Query 88 Active Learning Random Query Instance Cost: 439474.54
2024-04-17 18:17 | INFO | Timeout limit is increased to 3600
2024-04-17 18:17 | INFO | Query 89 Size of the uncertainty table is = 145/1200
2024-04-17 18:17 | INFO | Query 89 Size of the filtered table is = 12
2024-04-17 18:17 | INFO | Query 89 Active Learning Random Query Runtime on Validation Set: 99789.94
2024-04-17 18:17 | INFO | Query 89 Active Learning Random Query Runtime on Test Set: 14781.18
2024-04-17 18:17 | INFO | Query 89 Active Learning Random Query Instance Cost: 443583.41
2024-04-17 18:17 | INFO | Timeout limit is increased to 3600
2024-04-17 18:17 | INFO | Query 90 Size of the uncertainty table is = 133/1200
2024-04-17 18:17 | INFO | Query 90 Size of the filtered table is = 12
2024-04-17 18:17 | INFO | Query 90 Active Learning Random Query Runtime on Validation Set: 99789.94
2024-04-17 18:17 | INFO | Query 90 Active Learning Random Query Runtime on Test Set: 14781.21
2024-04-17 18:17 | INFO | Query 90 Active Learning Random Query Instance Cost: 444997.65
2024-04-17 18:17 | INFO | Timeout limit is increased to 3600
2024-04-17 18:17 | INFO | Query 91 Size of the uncertainty table is = 121/1200
2024-04-17 18:17 | INFO | Query 91 Size of the filtered table is = 12
2024-04-17 18:17 | INFO | Query 91 Active Learning Random Query Runtime on Validation Set: 99789.94
2024-04-17 18:17 | INFO | Query 91 Active Learning Random Query Runtime on Test Set: 14781.18
2024-04-17 18:17 | INFO | Query 91 Active Learning Random Query Instance Cost: 452735.19
2024-04-17 18:17 | INFO | Timeout limit is increased to 3600
2024-04-17 18:17 | INFO | Query 92 Size of the uncertainty table is = 109/1200
2024-04-17 18:17 | INFO | Query 92 Size of the filtered table is = 12
2024-04-17 18:17 | INFO | Query 92 Active Learning Random Query Runtime on Validation Set: 99789.94
2024-04-17 18:17 | INFO | Query 92 Active Learning Random Query Runtime on Test Set: 14781.19
2024-04-17 18:17 | INFO | Query 92 Active Learning Random Query Instance Cost: 452757.09
2024-04-17 18:17 | INFO | Timeout limit is increased to 3600
2024-04-17 18:17 | INFO | Query 93 Size of the uncertainty table is = 97/1200
2024-04-17 18:17 | INFO | Query 93 Size of the filtered table is = 12
2024-04-17 18:17 | INFO | Query 93 Active Learning Random Query Runtime on Validation Set: 99789.94
2024-04-17 18:17 | INFO | Query 93 Active Learning Random Query Runtime on Test Set: 14781.17
2024-04-17 18:17 | INFO | Query 93 Active Learning Random Query Instance Cost: 457582.85
2024-04-17 18:17 | INFO | Timeout limit is increased to 3600
2024-04-17 18:17 | INFO | Query 94 Size of the uncertainty table is = 85/1200
2024-04-17 18:17 | INFO | Query 94 Size of the filtered table is = 12
2024-04-17 18:17 | INFO | Query 94 Active Learning Random Query Runtime on Validation Set: 99789.94
2024-04-17 18:17 | INFO | Query 94 Active Learning Random Query Runtime on Test Set: 14781.14
2024-04-17 18:17 | INFO | Query 94 Active Learning Random Query Instance Cost: 469661.87
2024-04-17 18:17 | INFO | Timeout limit is increased to 3600
2024-04-17 18:17 | INFO | Query 95 Size of the uncertainty table is = 73/1200
2024-04-17 18:17 | INFO | Query 95 Size of the filtered table is = 12
2024-04-17 18:18 | INFO | Query 95 Active Learning Random Query Runtime on Validation Set: 99789.94
2024-04-17 18:18 | INFO | Query 95 Active Learning Random Query Runtime on Test Set: 14781.18
2024-04-17 18:18 | INFO | Query 95 Active Learning Random Query Instance Cost: 473521.35
2024-04-17 18:18 | INFO | Timeout limit is increased to 3600
2024-04-17 18:18 | INFO | Query 96 Size of the uncertainty table is = 61/1200
2024-04-17 18:18 | INFO | Query 96 Size of the filtered table is = 12
2024-04-17 18:18 | INFO | Query 96 Active Learning Random Query Runtime on Validation Set: 99789.94
2024-04-17 18:18 | INFO | Query 96 Active Learning Random Query Runtime on Test Set: 14781.28
2024-04-17 18:18 | INFO | Query 96 Active Learning Random Query Instance Cost: 473536.47
2024-04-17 18:18 | INFO | Timeout limit is increased to 3600
2024-04-17 18:18 | INFO | Query 97 Size of the uncertainty table is = 49/1200
2024-04-17 18:18 | INFO | Query 97 Size of the filtered table is = 12
2024-04-17 18:18 | INFO | Query 97 Active Learning Random Query Runtime on Validation Set: 99789.94
2024-04-17 18:18 | INFO | Query 97 Active Learning Random Query Runtime on Test Set: 14781.28
2024-04-17 18:18 | INFO | Query 97 Active Learning Random Query Instance Cost: 482587.52
2024-04-17 18:18 | INFO | Timeout limit is increased to 3600
2024-04-17 18:18 | INFO | Query 98 Size of the uncertainty table is = 37/1200
2024-04-17 18:18 | INFO | Query 98 Size of the filtered table is = 12
2024-04-17 18:18 | INFO | Query 98 Active Learning Random Query Runtime on Validation Set: 99789.94
2024-04-17 18:18 | INFO | Query 98 Active Learning Random Query Runtime on Test Set: 14781.21
2024-04-17 18:18 | INFO | Query 98 Active Learning Random Query Instance Cost: 485538.92
2024-04-17 18:18 | INFO | Timeout limit is increased to 3600
2024-04-17 18:18 | INFO | Query 99 Size of the uncertainty table is = 25/1200
2024-04-17 18:18 | INFO | Query 99 Size of the filtered table is = 12
2024-04-17 18:18 | INFO | Query 99 Active Learning Random Query Runtime on Validation Set: 99789.94
2024-04-17 18:18 | INFO | Query 99 Active Learning Random Query Runtime on Test Set: 14781.23
2024-04-17 18:18 | INFO | Query 99 Active Learning Random Query Instance Cost: 494677.06
2024-04-17 18:18 | INFO | Timeout limit is increased to 3600
2024-04-17 18:18 | INFO | Query 100 Size of the uncertainty table is = 13/1200
2024-04-17 18:18 | INFO | Query 100 Size of the filtered table is = 12
2024-04-17 18:18 | INFO | Query 100 Active Learning Random Query Runtime on Validation Set: 99789.94
2024-04-17 18:18 | INFO | Query 100 Active Learning Random Query Runtime on Test Set: 14781.26
2024-04-17 18:18 | INFO | Query 100 Active Learning Random Query Instance Cost: 501759.27
2024-04-17 18:18 | INFO | Timeout limit is increased to 3600
2024-04-17 18:18 | INFO | Query 101 Size of the uncertainty table is = 1/1200
2024-04-17 18:18 | INFO | Query 101 Size of the filtered table is = 1
2024-04-17 18:18 | INFO | Query 101 Active Learning Random Query Runtime on Validation Set: 99789.94
2024-04-17 18:18 | INFO | Query 101 Active Learning Random Query Runtime on Test Set: 14781.26
2024-04-17 18:18 | INFO | Query 101 Active Learning Random Query Instance Cost: 501759.52
2024-04-17 18:18 | INFO | Timeout limit is increased to 3600
2024-04-17 18:18 | INFO | runtime_train_score is written as json file
2024-04-17 18:18 | INFO | runtime_test_score is written as json file
2024-04-17 18:18 | INFO | runtime_validation_score is written as json file
2024-04-17 18:18 | INFO | instance_cost is written as json file
2024-04-17 18:18 | INFO | Experiment is finished
