2024-04-17 11:11 | INFO | Paramaters are: {'dataset': 'ASP-POTASSCO', 'penalty': 10, 'weight': 'No_Weight', 'voting': 'Hard', 'pre_selection_size': 64, 'pre_selection_technique': 'No_pre_selection', 'feature_elimination_threshold': 20, 'imputer_strategy': 'median', 'feature_selection_technique': 'No_feature_selection', 'feature_scaling_technique': 'StandardScaler', 'initial_train_size': 20, 'query_size': 1, 'timeout_predictor_usage': 'Yes', 'timeout_limit': 100, 'timeout_increase_rate': 100, 'RANDOM_STATE_SEED': 99, 'n_splits': 10, 'split_number': 6, 'max_timeout': 3600, 'param_grid': {'n_estimators': 100, 'criterion': 'gini', 'max_features': 'sqrt', 'max_depth': 2147483648, 'min_samples_split': 2, 'bootstrap': True}}
2024-04-17 11:11 | INFO | ASP-POTASSCO is current dataset
2024-04-17 11:11 | INFO | DATASETS/ASP-POTASSCO/algorithm_runs.arff is found
2024-04-17 11:11 | INFO | DATASETS/ASP-POTASSCO/algorithm_runs.arff is finished
2024-04-17 11:11 | INFO | DATASETS/ASP-POTASSCO/feature_values.arff is found
2024-04-17 11:11 | INFO | DATASETS/ASP-POTASSCO/feature_values.arff is finished
2024-04-17 11:11 | INFO | DATASETS/ASP-POTASSCO/feature_costs.arff is found
2024-04-17 11:11 | INFO | DATASETS/ASP-POTASSCO/feature_costs.arff is finished
2024-04-17 11:11 | INFO | Virtual best solver time in train = 20201.45
2024-04-17 11:11 | INFO | Single best solver list train = {'clasp/2.1.3/h1-n1': 2756519.27, 'clasp/2.1.3/h10-n1': 4812030.32, 'clasp/2.1.3/h11-n1': 6540945.19, 'clasp/2.1.3/h2-n1': 4919403.38, 'clasp/2.1.3/h3-n1': 5770334.21, 'clasp/2.1.3/h4-n1': 3381087.53, 'clasp/2.1.3/h5-n1': 4558992.48, 'clasp/2.1.3/h6-n1': 3810089.23, 'clasp/2.1.3/h7-n1': 6356919.72, 'clasp/2.1.3/h8-n1': 2849144.25, 'clasp/2.1.3/h9-n1': 4492499.87}
2024-04-17 11:11 | INFO | Single best solver time train = clasp/2.1.3/h1-n1 (2756519.27)
2024-04-17 11:11 | INFO | Virtual best solver time in validation = 2733.98
2024-04-17 11:11 | INFO | Single best solver list validation = {'clasp/2.1.3/h1-n1': 305269.21, 'clasp/2.1.3/h10-n1': 544193.1, 'clasp/2.1.3/h11-n1': 2605704.4, 'clasp/2.1.3/h2-n1': 474497.19, 'clasp/2.1.3/h3-n1': 2031305.63, 'clasp/2.1.3/h4-n1': 663526.85, 'clasp/2.1.3/h5-n1': 222690.49, 'clasp/2.1.3/h6-n1': 545332.81, 'clasp/2.1.3/h7-n1': 627163.05, 'clasp/2.1.3/h8-n1': 725126.88, 'clasp/2.1.3/h9-n1': 1779527.64}
2024-04-17 11:11 | INFO | Single best solver time validation = clasp/2.1.3/h5-n1 (222690.49)
2024-04-17 11:11 | INFO | Virtual best solver time in test = 4342.88
2024-04-17 11:11 | INFO | Single best solver list test = {'clasp/2.1.3/h1-n1': 615142.82, 'clasp/2.1.3/h10-n1': 976294.58, 'clasp/2.1.3/h11-n1': 1121685.79, 'clasp/2.1.3/h2-n1': 1047204.03, 'clasp/2.1.3/h3-n1': 1052362.18, 'clasp/2.1.3/h4-n1': 940235.51, 'clasp/2.1.3/h5-n1': 867671.75, 'clasp/2.1.3/h6-n1': 796258.45, 'clasp/2.1.3/h7-n1': 1082798.12, 'clasp/2.1.3/h8-n1': 620838.98, 'clasp/2.1.3/h9-n1': 762101.13}
2024-04-17 11:11 | INFO | Single best solver time test = clasp/2.1.3/h1-n1 (615142.82)
2024-04-17 11:14 | INFO | Passive Learning Runtime on Validation Set: 437385.94
2024-04-17 11:14 | INFO | Passive Learning Runtime on Test Set: 292687.3
2024-04-17 11:14 | INFO | Passive Learning Instance Cost: 5309165.44
2024-04-17 11:17 | INFO | Initial Active Learning Runtime on Validation Set: 293124.96
2024-04-17 11:17 | INFO | Initial Active Learning Runtime on Test Set: 294733.15
2024-04-17 11:17 | INFO | Initial Active Learning Instance Cost: 10178.13
2024-04-17 11:17 | INFO | Bin size = 394
2024-04-17 11:17 | INFO | Query 1 Size of the uncertainty table is = 39570/39325
2024-04-17 11:17 | INFO | Query 1 Size of the filtered table is = 394
2024-04-17 11:19 | INFO | Query 1 Active Learning Runtime on Validation Set: 330979.16000000003
2024-04-17 11:19 | INFO | Query 1 Active Learning Runtime on Test Set: 329176.57
2024-04-17 11:19 | INFO | Query 1 Active Learning Instance Cost: 23513.31
2024-04-17 11:19 | INFO | Timeout limit is increased to 200
2024-04-17 11:19 | INFO | Query 2 Size of the uncertainty table is = 38842/39325
2024-04-17 11:19 | INFO | Query 2 Size of the filtered table is = 394
2024-04-17 11:22 | INFO | Query 2 Active Learning Runtime on Validation Set: 473622.44
2024-04-17 11:22 | INFO | Query 2 Active Learning Runtime on Test Set: 364961.18
2024-04-17 11:22 | INFO | Query 2 Active Learning Instance Cost: 57557.38
2024-04-17 11:22 | INFO | Timeout limit is increased to 300
2024-04-17 11:22 | INFO | Query 3 Size of the uncertainty table is = 37719/39325
2024-04-17 11:22 | INFO | Query 3 Size of the filtered table is = 394
2024-04-17 11:24 | INFO | Query 3 Active Learning Runtime on Validation Set: 329188.09
2024-04-17 11:24 | INFO | Query 3 Active Learning Runtime on Test Set: 329590.73000000004
2024-04-17 11:24 | INFO | Query 3 Active Learning Instance Cost: 112643.03
2024-04-17 11:24 | INFO | Query 4 Size of the uncertainty table is = 36246/39325
2024-04-17 11:24 | INFO | Query 4 Size of the filtered table is = 394
2024-04-17 11:27 | INFO | Query 4 Active Learning Runtime on Validation Set: 294138.73000000004
2024-04-17 11:27 | INFO | Query 4 Active Learning Runtime on Test Set: 258371.58
2024-04-17 11:27 | INFO | Query 4 Active Learning Instance Cost: 160704.23
2024-04-17 11:27 | INFO | Query 5 Size of the uncertainty table is = 34539/39325
2024-04-17 11:27 | INFO | Query 5 Size of the filtered table is = 394
2024-04-17 11:30 | INFO | Query 5 Active Learning Runtime on Validation Set: 293228.96
2024-04-17 11:30 | INFO | Query 5 Active Learning Runtime on Test Set: 292731.8
2024-04-17 11:30 | INFO | Query 5 Active Learning Instance Cost: 201032.67
2024-04-17 11:30 | INFO | Query 6 Size of the uncertainty table is = 32652/39325
2024-04-17 11:30 | INFO | Query 6 Size of the filtered table is = 394
2024-04-17 11:33 | INFO | Query 6 Active Learning Runtime on Validation Set: 221992.18
2024-04-17 11:33 | INFO | Query 6 Active Learning Runtime on Test Set: 221590.34
2024-04-17 11:33 | INFO | Query 6 Active Learning Instance Cost: 232953.32
2024-04-17 11:33 | INFO | Query 7 Size of the uncertainty table is = 30600/39325
2024-04-17 11:33 | INFO | Query 7 Size of the filtered table is = 394
2024-04-17 11:35 | INFO | Query 7 Active Learning Runtime on Validation Set: 257965.16999999998
2024-04-17 11:35 | INFO | Query 7 Active Learning Runtime on Test Set: 257291.3
2024-04-17 11:35 | INFO | Query 7 Active Learning Instance Cost: 261921.13
2024-04-17 11:35 | INFO | Timeout limit is increased to 400
2024-04-17 11:36 | INFO | Query 8 Size of the uncertainty table is = 28286/39325
2024-04-17 11:36 | INFO | Query 8 Size of the filtered table is = 394
2024-04-17 11:38 | INFO | Query 8 Active Learning Runtime on Validation Set: 258048.55
2024-04-17 11:38 | INFO | Query 8 Active Learning Runtime on Test Set: 292537.99
2024-04-17 11:38 | INFO | Query 8 Active Learning Instance Cost: 299883.31
2024-04-17 11:38 | INFO | Timeout limit is increased to 500
2024-04-17 11:38 | INFO | Query 9 Size of the uncertainty table is = 26047/39325
2024-04-17 11:38 | INFO | Query 9 Size of the filtered table is = 394
2024-04-17 11:41 | INFO | Query 9 Active Learning Runtime on Validation Set: 329773.93
2024-04-17 11:41 | INFO | Query 9 Active Learning Runtime on Test Set: 256735.96
2024-04-17 11:41 | INFO | Query 9 Active Learning Instance Cost: 366743.65
2024-04-17 11:41 | INFO | Timeout limit is increased to 600
2024-04-17 11:41 | INFO | Query 10 Size of the uncertainty table is = 23830/39325
2024-04-17 11:41 | INFO | Query 10 Size of the filtered table is = 394
2024-04-17 11:44 | INFO | Query 10 Active Learning Runtime on Validation Set: 292907.64
2024-04-17 11:44 | INFO | Query 10 Active Learning Runtime on Test Set: 292634.60000000003
2024-04-17 11:44 | INFO | Query 10 Active Learning Instance Cost: 450011.98
2024-04-17 11:44 | INFO | Query 11 Size of the uncertainty table is = 21686/39325
2024-04-17 11:44 | INFO | Query 11 Size of the filtered table is = 394
2024-04-17 11:47 | INFO | Query 11 Active Learning Runtime on Validation Set: 329527.26
2024-04-17 11:47 | INFO | Query 11 Active Learning Runtime on Test Set: 292939.4
2024-04-17 11:47 | INFO | Query 11 Active Learning Instance Cost: 563295.14
2024-04-17 11:47 | INFO | Timeout limit is increased to 700
2024-04-17 11:47 | INFO | Query 12 Size of the uncertainty table is = 19813/39325
2024-04-17 11:47 | INFO | Query 12 Size of the filtered table is = 394
2024-04-17 11:50 | INFO | Query 12 Active Learning Runtime on Validation Set: 258669.88999999998
2024-04-17 11:50 | INFO | Query 12 Active Learning Runtime on Test Set: 221472.03
2024-04-17 11:50 | INFO | Query 12 Active Learning Instance Cost: 655125.66
2024-04-17 11:50 | INFO | Query 13 Size of the uncertainty table is = 17745/39325
2024-04-17 11:50 | INFO | Query 13 Size of the filtered table is = 394
2024-04-17 11:53 | INFO | Query 13 Active Learning Runtime on Validation Set: 187514.34999999998
2024-04-17 11:53 | INFO | Query 13 Active Learning Runtime on Test Set: 185315.58
2024-04-17 11:53 | INFO | Query 13 Active Learning Instance Cost: 750409.74
2024-04-17 11:53 | INFO | Query 14 Size of the uncertainty table is = 16152/39325
2024-04-17 11:53 | INFO | Query 14 Size of the filtered table is = 394
2024-04-17 11:56 | INFO | Query 14 Active Learning Runtime on Validation Set: 223329.21
2024-04-17 11:56 | INFO | Query 14 Active Learning Runtime on Test Set: 220944.96
2024-04-17 11:56 | INFO | Query 14 Active Learning Instance Cost: 827486.93
2024-04-17 11:56 | INFO | Timeout limit is increased to 800
2024-04-17 11:56 | INFO | Query 15 Size of the uncertainty table is = 14366/39325
2024-04-17 11:56 | INFO | Query 15 Size of the filtered table is = 394
2024-04-17 11:59 | INFO | Query 15 Active Learning Runtime on Validation Set: 257740.55
2024-04-17 11:59 | INFO | Query 15 Active Learning Runtime on Test Set: 256939.22999999998
2024-04-17 11:59 | INFO | Query 15 Active Learning Instance Cost: 909169.21
2024-04-17 11:59 | INFO | Timeout limit is increased to 900
2024-04-17 11:59 | INFO | Query 16 Size of the uncertainty table is = 12384/39325
2024-04-17 11:59 | INFO | Query 16 Size of the filtered table is = 394
2024-04-17 12:02 | INFO | Query 16 Active Learning Runtime on Validation Set: 293650.36000000004
2024-04-17 12:02 | INFO | Query 16 Active Learning Runtime on Test Set: 221012.19999999998
2024-04-17 12:02 | INFO | Query 16 Active Learning Instance Cost: 1109319.63
2024-04-17 12:02 | INFO | Timeout limit is increased to 1000
2024-04-17 12:02 | INFO | Query 17 Size of the uncertainty table is = 11908/39325
2024-04-17 12:02 | INFO | Query 17 Size of the filtered table is = 394
2024-04-17 12:05 | INFO | Query 17 Active Learning Runtime on Validation Set: 331008.69
2024-04-17 12:05 | INFO | Query 17 Active Learning Runtime on Test Set: 221384.5
2024-04-17 12:05 | INFO | Query 17 Active Learning Instance Cost: 1231923.38
2024-04-17 12:05 | INFO | Timeout limit is increased to 1100
2024-04-17 12:05 | INFO | Query 18 Size of the uncertainty table is = 11232/39325
2024-04-17 12:05 | INFO | Query 18 Size of the filtered table is = 394
2024-04-17 12:08 | INFO | Query 18 Active Learning Runtime on Validation Set: 293987.86000000004
2024-04-17 12:08 | INFO | Query 18 Active Learning Runtime on Test Set: 257002.18
2024-04-17 12:08 | INFO | Query 18 Active Learning Instance Cost: 1360104.46
2024-04-17 12:08 | INFO | Query 19 Size of the uncertainty table is = 10995/39325
2024-04-17 12:08 | INFO | Query 19 Size of the filtered table is = 394
2024-04-17 12:10 | INFO | Query 19 Active Learning Runtime on Validation Set: 329743.95
2024-04-17 12:10 | INFO | Query 19 Active Learning Runtime on Test Set: 185316.72999999998
2024-04-17 12:10 | INFO | Query 19 Active Learning Instance Cost: 1414577.44
2024-04-17 12:10 | INFO | Timeout limit is increased to 1200
2024-04-17 12:11 | INFO | Query 20 Size of the uncertainty table is = 10812/39325
2024-04-17 12:11 | INFO | Query 20 Size of the filtered table is = 394
2024-04-17 12:14 | INFO | Query 20 Active Learning Runtime on Validation Set: 400989.88
2024-04-17 12:14 | INFO | Query 20 Active Learning Runtime on Test Set: 292912.66000000003
2024-04-17 12:14 | INFO | Query 20 Active Learning Instance Cost: 1545196.73
2024-04-17 12:14 | INFO | Timeout limit is increased to 1300
2024-04-17 12:14 | INFO | Query 21 Size of the uncertainty table is = 9017/39325
2024-04-17 12:14 | INFO | Query 21 Size of the filtered table is = 394
2024-04-17 12:16 | INFO | Query 21 Active Learning Runtime on Validation Set: 400723.01
2024-04-17 12:16 | INFO | Query 21 Active Learning Runtime on Test Set: 292926.0
2024-04-17 12:16 | INFO | Query 21 Active Learning Instance Cost: 1659483.26
2024-04-17 12:16 | INFO | Query 22 Size of the uncertainty table is = 8858/39325
2024-04-17 12:16 | INFO | Query 22 Size of the filtered table is = 394
2024-04-17 12:19 | INFO | Query 22 Active Learning Runtime on Validation Set: 329482.86000000004
2024-04-17 12:19 | INFO | Query 22 Active Learning Runtime on Test Set: 292654.75
2024-04-17 12:19 | INFO | Query 22 Active Learning Instance Cost: 1757254.31
2024-04-17 12:19 | INFO | Query 23 Size of the uncertainty table is = 8403/39325
2024-04-17 12:19 | INFO | Query 23 Size of the filtered table is = 394
2024-04-17 12:22 | INFO | Query 23 Active Learning Runtime on Validation Set: 329721.29000000004
2024-04-17 12:22 | INFO | Query 23 Active Learning Runtime on Test Set: 292748.57
2024-04-17 12:22 | INFO | Query 23 Active Learning Instance Cost: 1850440.89
2024-04-17 12:22 | INFO | Timeout limit is increased to 1400
2024-04-17 12:22 | INFO | Query 24 Size of the uncertainty table is = 7120/39325
2024-04-17 12:22 | INFO | Query 24 Size of the filtered table is = 394
2024-04-17 12:25 | INFO | Query 24 Active Learning Runtime on Validation Set: 366956.45
2024-04-17 12:25 | INFO | Query 24 Active Learning Runtime on Test Set: 256846.63999999998
2024-04-17 12:25 | INFO | Query 24 Active Learning Instance Cost: 1960922.42
2024-04-17 12:25 | INFO | Timeout limit is increased to 1500
2024-04-17 12:25 | INFO | Query 25 Size of the uncertainty table is = 5561/39325
2024-04-17 12:25 | INFO | Query 25 Size of the filtered table is = 394
2024-04-17 12:28 | INFO | Query 25 Active Learning Runtime on Validation Set: 366673.63
2024-04-17 12:28 | INFO | Query 25 Active Learning Runtime on Test Set: 256839.11
2024-04-17 12:28 | INFO | Query 25 Active Learning Instance Cost: 2080635.0
2024-04-17 12:28 | INFO | Query 26 Size of the uncertainty table is = 5538/39325
2024-04-17 12:28 | INFO | Query 26 Size of the filtered table is = 394
2024-04-17 12:31 | INFO | Query 26 Active Learning Runtime on Validation Set: 330811.23000000004
2024-04-17 12:31 | INFO | Query 26 Active Learning Runtime on Test Set: 293038.27
2024-04-17 12:31 | INFO | Query 26 Active Learning Instance Cost: 2131420.41
2024-04-17 12:31 | INFO | Query 27 Size of the uncertainty table is = 5526/39325
2024-04-17 12:31 | INFO | Query 27 Size of the filtered table is = 394
2024-04-17 12:34 | INFO | Query 27 Active Learning Runtime on Validation Set: 401637.13
2024-04-17 12:34 | INFO | Query 27 Active Learning Runtime on Test Set: 257110.46
2024-04-17 12:34 | INFO | Query 27 Active Learning Instance Cost: 2198150.37
2024-04-17 12:34 | INFO | Timeout limit is increased to 1600
2024-04-17 12:34 | INFO | Query 28 Size of the uncertainty table is = 5003/39325
2024-04-17 12:34 | INFO | Query 28 Size of the filtered table is = 394
2024-04-17 12:37 | INFO | Query 28 Active Learning Runtime on Validation Set: 401382.09
2024-04-17 12:37 | INFO | Query 28 Active Learning Runtime on Test Set: 328861.85000000003
2024-04-17 12:37 | INFO | Query 28 Active Learning Instance Cost: 2296471.6
2024-04-17 12:37 | INFO | Query 29 Size of the uncertainty table is = 4035/39325
2024-04-17 12:37 | INFO | Query 29 Size of the filtered table is = 394
2024-04-17 12:40 | INFO | Query 29 Active Learning Runtime on Validation Set: 401382.09
2024-04-17 12:40 | INFO | Query 29 Active Learning Runtime on Test Set: 328861.85000000003
2024-04-17 12:40 | INFO | Query 29 Active Learning Instance Cost: 2344871.6
2024-04-17 12:40 | INFO | Timeout limit is increased to 1700
2024-04-17 12:40 | INFO | Query 30 Size of the uncertainty table is = 4035/39325
2024-04-17 12:40 | INFO | Query 30 Size of the filtered table is = 394
2024-04-17 12:43 | INFO | Query 30 Active Learning Runtime on Validation Set: 365448.16000000003
2024-04-17 12:43 | INFO | Query 30 Active Learning Runtime on Test Set: 328861.85000000003
2024-04-17 12:43 | INFO | Query 30 Active Learning Instance Cost: 2414471.6
2024-04-17 12:43 | INFO | Query 31 Size of the uncertainty table is = 4035/39325
2024-04-17 12:43 | INFO | Query 31 Size of the filtered table is = 394
2024-04-17 12:46 | INFO | Query 31 Active Learning Runtime on Validation Set: 401382.09
2024-04-17 12:46 | INFO | Query 31 Active Learning Runtime on Test Set: 328861.85000000003
2024-04-17 12:46 | INFO | Query 31 Active Learning Instance Cost: 2499971.6
2024-04-17 12:46 | INFO | Timeout limit is increased to 1800
2024-04-17 12:46 | INFO | Query 32 Size of the uncertainty table is = 4029/39325
2024-04-17 12:46 | INFO | Query 32 Size of the filtered table is = 394
2024-04-17 12:49 | INFO | Query 32 Active Learning Runtime on Validation Set: 401382.09
2024-04-17 12:49 | INFO | Query 32 Active Learning Runtime on Test Set: 328861.85000000003
2024-04-17 12:49 | INFO | Query 32 Active Learning Instance Cost: 2583971.6
2024-04-17 12:49 | INFO | Timeout limit is increased to 1900
2024-04-17 12:49 | INFO | Query 33 Size of the uncertainty table is = 4029/39325
2024-04-17 12:49 | INFO | Query 33 Size of the filtered table is = 394
2024-04-17 12:52 | INFO | Query 33 Active Learning Runtime on Validation Set: 365448.16000000003
2024-04-17 12:52 | INFO | Query 33 Active Learning Runtime on Test Set: 328861.85000000003
2024-04-17 12:52 | INFO | Query 33 Active Learning Instance Cost: 2668071.6
2024-04-17 12:52 | INFO | Query 34 Size of the uncertainty table is = 4029/39325
2024-04-17 12:52 | INFO | Query 34 Size of the filtered table is = 394
2024-04-17 12:55 | INFO | Query 34 Active Learning Runtime on Validation Set: 401382.09
2024-04-17 12:55 | INFO | Query 34 Active Learning Runtime on Test Set: 328861.85000000003
2024-04-17 12:55 | INFO | Query 34 Active Learning Instance Cost: 2778271.6
2024-04-17 12:55 | INFO | Timeout limit is increased to 2000
2024-04-17 12:55 | INFO | Query 35 Size of the uncertainty table is = 4026/39325
2024-04-17 12:55 | INFO | Query 35 Size of the filtered table is = 394
2024-04-17 12:58 | INFO | Query 35 Active Learning Runtime on Validation Set: 365543.67000000004
2024-04-17 12:58 | INFO | Query 35 Active Learning Runtime on Test Set: 364638.82
2024-04-17 12:58 | INFO | Query 35 Active Learning Instance Cost: 2856112.43
2024-04-17 12:58 | INFO | Query 36 Size of the uncertainty table is = 4025/39325
2024-04-17 12:58 | INFO | Query 36 Size of the filtered table is = 394
2024-04-17 13:01 | INFO | Query 36 Active Learning Runtime on Validation Set: 365543.67000000004
2024-04-17 13:01 | INFO | Query 36 Active Learning Runtime on Test Set: 364638.82
2024-04-17 13:01 | INFO | Query 36 Active Learning Instance Cost: 2900212.43
2024-04-17 13:01 | INFO | Timeout limit is increased to 2100
2024-04-17 13:01 | INFO | Query 37 Size of the uncertainty table is = 4025/39325
2024-04-17 13:01 | INFO | Query 37 Size of the filtered table is = 394
2024-04-17 13:04 | INFO | Query 37 Active Learning Runtime on Validation Set: 437526.25
2024-04-17 13:04 | INFO | Query 37 Active Learning Runtime on Test Set: 329058.96
2024-04-17 13:04 | INFO | Query 37 Active Learning Instance Cost: 2983864.02
2024-04-17 13:04 | INFO | Timeout limit is increased to 2200
2024-04-17 13:04 | INFO | Query 38 Size of the uncertainty table is = 3940/39325
2024-04-17 13:04 | INFO | Query 38 Size of the filtered table is = 394
2024-04-17 13:07 | INFO | Query 38 Active Learning Runtime on Validation Set: 437526.25
2024-04-17 13:07 | INFO | Query 38 Active Learning Runtime on Test Set: 329058.96
2024-04-17 13:07 | INFO | Query 38 Active Learning Instance Cost: 3071364.02
2024-04-17 13:07 | INFO | Timeout limit is increased to 2300
2024-04-17 13:07 | INFO | Query 39 Size of the uncertainty table is = 3940/39325
2024-04-17 13:07 | INFO | Query 39 Size of the filtered table is = 394
2024-04-17 13:10 | INFO | Query 39 Active Learning Runtime on Validation Set: 401531.17000000004
2024-04-17 13:10 | INFO | Query 39 Active Learning Runtime on Test Set: 329058.96
2024-04-17 13:10 | INFO | Query 39 Active Learning Instance Cost: 3197464.02
2024-04-17 13:10 | INFO | Query 40 Size of the uncertainty table is = 3940/39325
2024-04-17 13:10 | INFO | Query 40 Size of the filtered table is = 394
2024-04-17 13:13 | INFO | Query 40 Active Learning Runtime on Validation Set: 437526.25
2024-04-17 13:13 | INFO | Query 40 Active Learning Runtime on Test Set: 329058.96
2024-04-17 13:13 | INFO | Query 40 Active Learning Instance Cost: 3238564.02
2024-04-17 13:13 | INFO | Timeout limit is increased to 2400
2024-04-17 13:13 | INFO | Query 41 Size of the uncertainty table is = 3940/39325
2024-04-17 13:13 | INFO | Query 41 Size of the filtered table is = 394
2024-04-17 13:16 | INFO | Query 41 Active Learning Runtime on Validation Set: 437526.25
2024-04-17 13:16 | INFO | Query 41 Active Learning Runtime on Test Set: 329058.96
2024-04-17 13:16 | INFO | Query 41 Active Learning Instance Cost: 3336564.02
2024-04-17 13:16 | INFO | Timeout limit is increased to 2500
2024-04-17 13:16 | INFO | Query 42 Size of the uncertainty table is = 3940/39325
2024-04-17 13:16 | INFO | Query 42 Size of the filtered table is = 394
2024-04-17 13:19 | INFO | Query 42 Active Learning Runtime on Validation Set: 365537.76
2024-04-17 13:19 | INFO | Query 42 Active Learning Runtime on Test Set: 329058.96
2024-04-17 13:19 | INFO | Query 42 Active Learning Instance Cost: 3441664.02
2024-04-17 13:19 | INFO | Query 43 Size of the uncertainty table is = 3940/39325
2024-04-17 13:19 | INFO | Query 43 Size of the filtered table is = 394
2024-04-17 13:22 | INFO | Query 43 Active Learning Runtime on Validation Set: 437526.25
2024-04-17 13:22 | INFO | Query 43 Active Learning Runtime on Test Set: 329058.96
2024-04-17 13:22 | INFO | Query 43 Active Learning Instance Cost: 3508464.02
2024-04-17 13:22 | INFO | Timeout limit is increased to 2600
2024-04-17 13:22 | INFO | Query 44 Size of the uncertainty table is = 3940/39325
2024-04-17 13:22 | INFO | Query 44 Size of the filtered table is = 394
2024-04-17 13:25 | INFO | Query 44 Active Learning Runtime on Validation Set: 437526.25
2024-04-17 13:25 | INFO | Query 44 Active Learning Runtime on Test Set: 329058.96
2024-04-17 13:25 | INFO | Query 44 Active Learning Instance Cost: 3583864.02
2024-04-17 13:25 | INFO | Timeout limit is increased to 2700
2024-04-17 13:25 | INFO | Query 45 Size of the uncertainty table is = 3940/39325
2024-04-17 13:25 | INFO | Query 45 Size of the filtered table is = 394
2024-04-17 13:28 | INFO | Query 45 Active Learning Runtime on Validation Set: 437526.25
2024-04-17 13:28 | INFO | Query 45 Active Learning Runtime on Test Set: 329058.96
2024-04-17 13:28 | INFO | Query 45 Active Learning Instance Cost: 3682964.02
2024-04-17 13:28 | INFO | Timeout limit is increased to 2800
2024-04-17 13:28 | INFO | Query 46 Size of the uncertainty table is = 3940/39325
2024-04-17 13:28 | INFO | Query 46 Size of the filtered table is = 394
2024-04-17 13:31 | INFO | Query 46 Active Learning Runtime on Validation Set: 437526.25
2024-04-17 13:31 | INFO | Query 46 Active Learning Runtime on Test Set: 329058.96
2024-04-17 13:31 | INFO | Query 46 Active Learning Instance Cost: 3771264.02
2024-04-17 13:31 | INFO | Timeout limit is increased to 2900
2024-04-17 13:31 | INFO | Query 47 Size of the uncertainty table is = 3940/39325
2024-04-17 13:31 | INFO | Query 47 Size of the filtered table is = 394
2024-04-17 13:34 | INFO | Query 47 Active Learning Runtime on Validation Set: 437526.25
2024-04-17 13:34 | INFO | Query 47 Active Learning Runtime on Test Set: 329058.96
2024-04-17 13:34 | INFO | Query 47 Active Learning Instance Cost: 3879364.02
2024-04-17 13:34 | INFO | Timeout limit is increased to 3000
2024-04-17 13:34 | INFO | Query 48 Size of the uncertainty table is = 3940/39325
2024-04-17 13:34 | INFO | Query 48 Size of the filtered table is = 394
2024-04-17 13:36 | INFO | Query 48 Active Learning Runtime on Validation Set: 437526.25
2024-04-17 13:36 | INFO | Query 48 Active Learning Runtime on Test Set: 329058.96
2024-04-17 13:36 | INFO | Query 48 Active Learning Instance Cost: 3958664.02
2024-04-17 13:36 | INFO | Timeout limit is increased to 3100
2024-04-17 13:37 | INFO | Query 49 Size of the uncertainty table is = 3940/39325
2024-04-17 13:37 | INFO | Query 49 Size of the filtered table is = 394
2024-04-17 13:39 | INFO | Query 49 Active Learning Runtime on Validation Set: 437526.25
2024-04-17 13:39 | INFO | Query 49 Active Learning Runtime on Test Set: 329058.96
2024-04-17 13:39 | INFO | Query 49 Active Learning Instance Cost: 4061864.02
2024-04-17 13:39 | INFO | Timeout limit is increased to 3200
2024-04-17 13:39 | INFO | Query 50 Size of the uncertainty table is = 3940/39325
2024-04-17 13:39 | INFO | Query 50 Size of the filtered table is = 394
2024-04-17 13:42 | INFO | Query 50 Active Learning Runtime on Validation Set: 437526.25
2024-04-17 13:42 | INFO | Query 50 Active Learning Runtime on Test Set: 329058.96
2024-04-17 13:42 | INFO | Query 50 Active Learning Instance Cost: 4140464.02
2024-04-17 13:42 | INFO | Timeout limit is increased to 3300
2024-04-17 13:42 | INFO | Query 51 Size of the uncertainty table is = 3940/39325
2024-04-17 13:42 | INFO | Query 51 Size of the filtered table is = 394
2024-04-17 13:45 | INFO | Query 51 Active Learning Runtime on Validation Set: 437526.25
2024-04-17 13:45 | INFO | Query 51 Active Learning Runtime on Test Set: 329058.96
2024-04-17 13:45 | INFO | Query 51 Active Learning Instance Cost: 4237064.02
2024-04-17 13:45 | INFO | Timeout limit is increased to 3400
2024-04-17 13:45 | INFO | Query 52 Size of the uncertainty table is = 3940/39325
2024-04-17 13:45 | INFO | Query 52 Size of the filtered table is = 394
2024-04-17 13:48 | INFO | Query 52 Active Learning Runtime on Validation Set: 437526.25
2024-04-17 13:48 | INFO | Query 52 Active Learning Runtime on Test Set: 329058.96
2024-04-17 13:48 | INFO | Query 52 Active Learning Instance Cost: 4314064.02
2024-04-17 13:48 | INFO | Timeout limit is increased to 3500
2024-04-17 13:48 | INFO | Query 53 Size of the uncertainty table is = 3940/39325
2024-04-17 13:48 | INFO | Query 53 Size of the filtered table is = 394
2024-04-17 13:51 | INFO | Query 53 Active Learning Runtime on Validation Set: 437526.25
2024-04-17 13:51 | INFO | Query 53 Active Learning Runtime on Test Set: 329058.96
2024-04-17 13:51 | INFO | Query 53 Active Learning Instance Cost: 4413164.02
2024-04-17 13:51 | INFO | Timeout limit is increased to 3600
2024-04-17 13:51 | INFO | Query 54 Size of the uncertainty table is = 3940/39325
2024-04-17 13:51 | INFO | Query 54 Size of the filtered table is = 394
2024-04-17 13:54 | INFO | Query 54 Active Learning Runtime on Validation Set: 437526.25
2024-04-17 13:54 | INFO | Query 54 Active Learning Runtime on Test Set: 329058.96
2024-04-17 13:54 | INFO | Query 54 Active Learning Instance Cost: 4491664.02
2024-04-17 13:54 | INFO | Timeout limit is increased to 3600
2024-04-17 13:54 | INFO | runtime_test_score is written as json file
2024-04-17 13:54 | INFO | runtime_validation_score is written as json file
2024-04-17 13:54 | INFO | instance_cost is written as json file
2024-04-17 13:54 | INFO | Experiment is finished
