2024-04-17 18:12 | INFO | Paramaters are: {'dataset': 'CSP-2010', 'penalty': 10, 'weight': 'No_Weight', 'voting': 'Hard', 'pre_selection_size': 64, 'pre_selection_technique': 'No_pre_selection', 'feature_elimination_threshold': 20, 'imputer_strategy': 'median', 'feature_selection_technique': 'No_feature_selection', 'feature_scaling_technique': 'StandardScaler', 'initial_train_size': 20, 'query_size': 1, 'timeout_predictor_usage': 'Yes', 'timeout_limit': 100, 'timeout_increase_rate': 100, 'RANDOM_STATE_SEED': 12345, 'n_splits': 10, 'split_number': 8, 'max_timeout': 3600, 'param_grid': {'n_estimators': 100, 'criterion': 'gini', 'max_features': 'sqrt', 'max_depth': 2147483648, 'min_samples_split': 2, 'bootstrap': True}}
2024-04-17 18:12 | INFO | CSP-2010 is current dataset
2024-04-17 18:12 | INFO | DATASETS/CSP-2010/algorithm_runs.csv is found
2024-04-17 18:12 | INFO | DATASETS/CSP-2010/algorithm_runs.csv is finished
2024-04-17 18:12 | INFO | DATASETS/CSP-2010/feature_values.csv is found
2024-04-17 18:12 | INFO | DATASETS/CSP-2010/feature_values.csv is finished
2024-04-17 18:12 | INFO | Feature cost of train set is 0
2024-04-17 18:12 | INFO | Initial Active Learning Random Query Runtime on Validation Set: 99764.35
2024-04-17 18:12 | INFO | Initial Active Learning Random Query Runtime on Test Set: 49899.83
2024-04-17 18:12 | INFO | Initial Active Learning Random Query Instance Cost: 705.32
2024-04-17 18:12 | INFO | Bin size = 12
2024-04-17 18:12 | INFO | Query 1 Size of the uncertainty table is = 1203/1201
2024-04-17 18:12 | INFO | Query 1 Size of the filtered table is = 12
2024-04-17 18:13 | INFO | Query 1 Active Learning Random Query Runtime on Validation Set: 95313.62
2024-04-17 18:13 | INFO | Query 1 Active Learning Random Query Runtime on Test Set: 49869.82
2024-04-17 18:13 | INFO | Query 1 Active Learning Random Query Instance Cost: 1197.18
2024-04-17 18:13 | INFO | Query 2 Size of the uncertainty table is = 1192/1201
2024-04-17 18:13 | INFO | Query 2 Size of the filtered table is = 12
2024-04-17 18:13 | INFO | Query 2 Active Learning Random Query Runtime on Validation Set: 95313.62
2024-04-17 18:13 | INFO | Query 2 Active Learning Random Query Runtime on Test Set: 49643.16
2024-04-17 18:13 | INFO | Query 2 Active Learning Random Query Instance Cost: 1309.89
2024-04-17 18:13 | INFO | Timeout limit is increased to 200
2024-04-17 18:13 | INFO | Query 3 Size of the uncertainty table is = 1180/1201
2024-04-17 18:13 | INFO | Query 3 Size of the filtered table is = 12
2024-04-17 18:13 | INFO | Query 3 Active Learning Random Query Runtime on Validation Set: 99764.35
2024-04-17 18:13 | INFO | Query 3 Active Learning Random Query Runtime on Test Set: 49642.87
2024-04-17 18:13 | INFO | Query 3 Active Learning Random Query Instance Cost: 2130.41
2024-04-17 18:13 | INFO | Timeout limit is increased to 300
2024-04-17 18:13 | INFO | Query 4 Size of the uncertainty table is = 1170/1201
2024-04-17 18:13 | INFO | Query 4 Size of the filtered table is = 12
2024-04-17 18:13 | INFO | Query 4 Active Learning Random Query Runtime on Validation Set: 95313.24
2024-04-17 18:13 | INFO | Query 4 Active Learning Random Query Runtime on Test Set: 49644.13
2024-04-17 18:13 | INFO | Query 4 Active Learning Random Query Instance Cost: 3281.78
2024-04-17 18:13 | INFO | Query 5 Size of the uncertainty table is = 1158/1201
2024-04-17 18:13 | INFO | Query 5 Size of the filtered table is = 12
2024-04-17 18:13 | INFO | Query 5 Active Learning Random Query Runtime on Validation Set: 95313.24
2024-04-17 18:13 | INFO | Query 5 Active Learning Random Query Runtime on Test Set: 85602.31
2024-04-17 18:13 | INFO | Query 5 Active Learning Random Query Instance Cost: 3618.9
2024-04-17 18:13 | INFO | Timeout limit is increased to 400
2024-04-17 18:13 | INFO | Query 6 Size of the uncertainty table is = 1146/1201
2024-04-17 18:13 | INFO | Query 6 Size of the filtered table is = 12
2024-04-17 18:13 | INFO | Query 6 Active Learning Random Query Runtime on Validation Set: 95313.24
2024-04-17 18:13 | INFO | Query 6 Active Learning Random Query Runtime on Test Set: 49642.35
2024-04-17 18:13 | INFO | Query 6 Active Learning Random Query Instance Cost: 4196.82
2024-04-17 18:13 | INFO | Timeout limit is increased to 500
2024-04-17 18:13 | INFO | Query 7 Size of the uncertainty table is = 1134/1201
2024-04-17 18:13 | INFO | Query 7 Size of the filtered table is = 12
2024-04-17 18:13 | INFO | Query 7 Active Learning Random Query Runtime on Validation Set: 95313.24
2024-04-17 18:13 | INFO | Query 7 Active Learning Random Query Runtime on Test Set: 49642.29
2024-04-17 18:13 | INFO | Query 7 Active Learning Random Query Instance Cost: 4843.36
2024-04-17 18:13 | INFO | Timeout limit is increased to 600
2024-04-17 18:13 | INFO | Query 8 Size of the uncertainty table is = 1122/1201
2024-04-17 18:13 | INFO | Query 8 Size of the filtered table is = 12
2024-04-17 18:13 | INFO | Query 8 Active Learning Random Query Runtime on Validation Set: 169894.89
2024-04-17 18:13 | INFO | Query 8 Active Learning Random Query Runtime on Test Set: 49620.88
2024-04-17 18:13 | INFO | Query 8 Active Learning Random Query Instance Cost: 6209.76
2024-04-17 18:13 | INFO | Timeout limit is increased to 700
2024-04-17 18:13 | INFO | Query 9 Size of the uncertainty table is = 1110/1201
2024-04-17 18:13 | INFO | Query 9 Size of the filtered table is = 12
2024-04-17 18:13 | INFO | Query 9 Active Learning Random Query Runtime on Validation Set: 95313.24
2024-04-17 18:13 | INFO | Query 9 Active Learning Random Query Runtime on Test Set: 121253.16
2024-04-17 18:13 | INFO | Query 9 Active Learning Random Query Instance Cost: 8337.17
2024-04-17 18:13 | INFO | Query 10 Size of the uncertainty table is = 1099/1201
2024-04-17 18:13 | INFO | Query 10 Size of the filtered table is = 12
2024-04-17 18:13 | INFO | Query 10 Active Learning Random Query Runtime on Validation Set: 95310.98
2024-04-17 18:13 | INFO | Query 10 Active Learning Random Query Runtime on Test Set: 121253.18
2024-04-17 18:13 | INFO | Query 10 Active Learning Random Query Instance Cost: 8841.36
2024-04-17 18:13 | INFO | Query 11 Size of the uncertainty table is = 1087/1201
2024-04-17 18:13 | INFO | Query 11 Size of the filtered table is = 12
2024-04-17 18:13 | INFO | Query 11 Active Learning Random Query Runtime on Validation Set: 95310.98
2024-04-17 18:13 | INFO | Query 11 Active Learning Random Query Runtime on Test Set: 121253.11
2024-04-17 18:13 | INFO | Query 11 Active Learning Random Query Instance Cost: 11511.94
2024-04-17 18:13 | INFO | Timeout limit is increased to 800
2024-04-17 18:13 | INFO | Query 12 Size of the uncertainty table is = 1077/1201
2024-04-17 18:13 | INFO | Query 12 Size of the filtered table is = 12
2024-04-17 18:13 | INFO | Query 12 Active Learning Random Query Runtime on Validation Set: 95310.98
2024-04-17 18:13 | INFO | Query 12 Active Learning Random Query Runtime on Test Set: 121253.11
2024-04-17 18:13 | INFO | Query 12 Active Learning Random Query Instance Cost: 12409.0
2024-04-17 18:13 | INFO | Timeout limit is increased to 900
2024-04-17 18:13 | INFO | Query 13 Size of the uncertainty table is = 1065/1201
2024-04-17 18:13 | INFO | Query 13 Size of the filtered table is = 12
2024-04-17 18:13 | INFO | Query 13 Active Learning Random Query Runtime on Validation Set: 131257.39
2024-04-17 18:13 | INFO | Query 13 Active Learning Random Query Runtime on Test Set: 121254.65
2024-04-17 18:13 | INFO | Query 13 Active Learning Random Query Instance Cost: 14296.55
2024-04-17 18:13 | INFO | Timeout limit is increased to 1000
2024-04-17 18:13 | INFO | Query 14 Size of the uncertainty table is = 1054/1201
2024-04-17 18:13 | INFO | Query 14 Size of the filtered table is = 12
2024-04-17 18:14 | INFO | Query 14 Active Learning Random Query Runtime on Validation Set: 131256.77
2024-04-17 18:14 | INFO | Query 14 Active Learning Random Query Runtime on Test Set: 121252.48
2024-04-17 18:14 | INFO | Query 14 Active Learning Random Query Instance Cost: 17065.41
2024-04-17 18:14 | INFO | Query 15 Size of the uncertainty table is = 1042/1201
2024-04-17 18:14 | INFO | Query 15 Size of the filtered table is = 12
2024-04-17 18:14 | INFO | Query 15 Active Learning Random Query Runtime on Validation Set: 135707.93
2024-04-17 18:14 | INFO | Query 15 Active Learning Random Query Runtime on Test Set: 85292.23
2024-04-17 18:14 | INFO | Query 15 Active Learning Random Query Instance Cost: 17302.36
2024-04-17 18:14 | INFO | Timeout limit is increased to 1100
2024-04-17 18:14 | INFO | Query 16 Size of the uncertainty table is = 1030/1201
2024-04-17 18:14 | INFO | Query 16 Size of the filtered table is = 12
2024-04-17 18:14 | INFO | Query 16 Active Learning Random Query Runtime on Validation Set: 95311.03
2024-04-17 18:14 | INFO | Query 16 Active Learning Random Query Runtime on Test Set: 49736.05
2024-04-17 18:14 | INFO | Query 16 Active Learning Random Query Instance Cost: 22161.93
2024-04-17 18:14 | INFO | Query 17 Size of the uncertainty table is = 1019/1201
2024-04-17 18:14 | INFO | Query 17 Size of the filtered table is = 12
2024-04-17 18:14 | INFO | Query 17 Active Learning Random Query Runtime on Validation Set: 131257.39
2024-04-17 18:14 | INFO | Query 17 Active Learning Random Query Runtime on Test Set: 85294.4
2024-04-17 18:14 | INFO | Query 17 Active Learning Random Query Instance Cost: 23441.32
2024-04-17 18:14 | INFO | Timeout limit is increased to 1200
2024-04-17 18:14 | INFO | Query 18 Size of the uncertainty table is = 1007/1201
2024-04-17 18:14 | INFO | Query 18 Size of the filtered table is = 12
2024-04-17 18:14 | INFO | Query 18 Active Learning Random Query Runtime on Validation Set: 131256.82
2024-04-17 18:14 | INFO | Query 18 Active Learning Random Query Runtime on Test Set: 49738.08
2024-04-17 18:14 | INFO | Query 18 Active Learning Random Query Instance Cost: 29718.62
2024-04-17 18:14 | INFO | Query 19 Size of the uncertainty table is = 996/1201
2024-04-17 18:14 | INFO | Query 19 Size of the filtered table is = 12
2024-04-17 18:14 | INFO | Query 19 Active Learning Random Query Runtime on Validation Set: 135707.92
2024-04-17 18:14 | INFO | Query 19 Active Learning Random Query Runtime on Test Set: 49737.99
2024-04-17 18:14 | INFO | Query 19 Active Learning Random Query Instance Cost: 32178.75
2024-04-17 18:14 | INFO | Timeout limit is increased to 1300
2024-04-17 18:14 | INFO | Query 20 Size of the uncertainty table is = 984/1201
2024-04-17 18:14 | INFO | Query 20 Size of the filtered table is = 12
2024-04-17 18:14 | INFO | Query 20 Active Learning Random Query Runtime on Validation Set: 99763.78
2024-04-17 18:14 | INFO | Query 20 Active Learning Random Query Runtime on Test Set: 49736.1
2024-04-17 18:14 | INFO | Query 20 Active Learning Random Query Instance Cost: 32210.23
2024-04-17 18:14 | INFO | Query 21 Size of the uncertainty table is = 972/1201
2024-04-17 18:14 | INFO | Query 21 Size of the filtered table is = 12
2024-04-17 18:14 | INFO | Query 21 Active Learning Random Query Runtime on Validation Set: 138363.68
2024-04-17 18:14 | INFO | Query 21 Active Learning Random Query Runtime on Test Set: 49736.73
2024-04-17 18:14 | INFO | Query 21 Active Learning Random Query Instance Cost: 33815.52
2024-04-17 18:14 | INFO | Timeout limit is increased to 1400
2024-04-17 18:14 | INFO | Query 22 Size of the uncertainty table is = 960/1201
2024-04-17 18:14 | INFO | Query 22 Size of the filtered table is = 12
2024-04-17 18:14 | INFO | Query 22 Active Learning Random Query Runtime on Validation Set: 99763.76
2024-04-17 18:14 | INFO | Query 22 Active Learning Random Query Runtime on Test Set: 49736.71
2024-04-17 18:14 | INFO | Query 22 Active Learning Random Query Instance Cost: 34997.28
2024-04-17 18:14 | INFO | Query 23 Size of the uncertainty table is = 948/1201
2024-04-17 18:14 | INFO | Query 23 Size of the filtered table is = 12
2024-04-17 18:14 | INFO | Query 23 Active Learning Random Query Runtime on Validation Set: 135707.93
2024-04-17 18:14 | INFO | Query 23 Active Learning Random Query Runtime on Test Set: 49736.59
2024-04-17 18:14 | INFO | Query 23 Active Learning Random Query Instance Cost: 35331.48
2024-04-17 18:14 | INFO | Timeout limit is increased to 1500
2024-04-17 18:14 | INFO | Query 24 Size of the uncertainty table is = 936/1201
2024-04-17 18:14 | INFO | Query 24 Size of the filtered table is = 12
2024-04-17 18:14 | INFO | Query 24 Active Learning Random Query Runtime on Validation Set: 131256.82
2024-04-17 18:14 | INFO | Query 24 Active Learning Random Query Runtime on Test Set: 49738.2
2024-04-17 18:14 | INFO | Query 24 Active Learning Random Query Instance Cost: 40482.4
2024-04-17 18:14 | INFO | Query 25 Size of the uncertainty table is = 924/1201
2024-04-17 18:14 | INFO | Query 25 Size of the filtered table is = 12
2024-04-17 18:14 | INFO | Query 25 Active Learning Random Query Runtime on Validation Set: 211191.72
2024-04-17 18:14 | INFO | Query 25 Active Learning Random Query Runtime on Test Set: 49738.2
2024-04-17 18:14 | INFO | Query 25 Active Learning Random Query Instance Cost: 42142.69
2024-04-17 18:14 | INFO | Timeout limit is increased to 1600
2024-04-17 18:14 | INFO | Query 26 Size of the uncertainty table is = 912/1201
2024-04-17 18:14 | INFO | Query 26 Size of the filtered table is = 12
2024-04-17 18:14 | INFO | Query 26 Active Learning Random Query Runtime on Validation Set: 97968.43
2024-04-17 18:14 | INFO | Query 26 Active Learning Random Query Runtime on Test Set: 49738.21
2024-04-17 18:14 | INFO | Query 26 Active Learning Random Query Instance Cost: 50385.96
2024-04-17 18:14 | INFO | Query 27 Size of the uncertainty table is = 902/1201
2024-04-17 18:14 | INFO | Query 27 Size of the filtered table is = 12
2024-04-17 18:15 | INFO | Query 27 Active Learning Random Query Runtime on Validation Set: 95312.67
2024-04-17 18:15 | INFO | Query 27 Active Learning Random Query Runtime on Test Set: 49739.07
2024-04-17 18:15 | INFO | Query 27 Active Learning Random Query Instance Cost: 58660.6
2024-04-17 18:15 | INFO | Query 28 Size of the uncertainty table is = 892/1201
2024-04-17 18:15 | INFO | Query 28 Size of the filtered table is = 12
2024-04-17 18:15 | INFO | Query 28 Active Learning Random Query Runtime on Validation Set: 99763.78
2024-04-17 18:15 | INFO | Query 28 Active Learning Random Query Runtime on Test Set: 49737.58
2024-04-17 18:15 | INFO | Query 28 Active Learning Random Query Instance Cost: 61139.84
2024-04-17 18:15 | INFO | Timeout limit is increased to 1700
2024-04-17 18:15 | INFO | Query 29 Size of the uncertainty table is = 880/1201
2024-04-17 18:15 | INFO | Query 29 Size of the filtered table is = 12
2024-04-17 18:15 | INFO | Query 29 Active Learning Random Query Runtime on Validation Set: 95312.67
2024-04-17 18:15 | INFO | Query 29 Active Learning Random Query Runtime on Test Set: 49737.23
2024-04-17 18:15 | INFO | Query 29 Active Learning Random Query Instance Cost: 62370.34
2024-04-17 18:15 | INFO | Query 30 Size of the uncertainty table is = 868/1201
2024-04-17 18:15 | INFO | Query 30 Size of the filtered table is = 12
2024-04-17 18:15 | INFO | Query 30 Active Learning Random Query Runtime on Validation Set: 99763.78
2024-04-17 18:15 | INFO | Query 30 Active Learning Random Query Runtime on Test Set: 49737.21
2024-04-17 18:15 | INFO | Query 30 Active Learning Random Query Instance Cost: 64396.34
2024-04-17 18:15 | INFO | Timeout limit is increased to 1800
2024-04-17 18:15 | INFO | Query 31 Size of the uncertainty table is = 856/1201
2024-04-17 18:15 | INFO | Query 31 Size of the filtered table is = 12
2024-04-17 18:15 | INFO | Query 31 Active Learning Random Query Runtime on Validation Set: 99763.76
2024-04-17 18:15 | INFO | Query 31 Active Learning Random Query Runtime on Test Set: 49738.89
2024-04-17 18:15 | INFO | Query 31 Active Learning Random Query Instance Cost: 68637.95
2024-04-17 18:15 | INFO | Query 32 Size of the uncertainty table is = 844/1201
2024-04-17 18:15 | INFO | Query 32 Size of the filtered table is = 12
2024-04-17 18:15 | INFO | Query 32 Active Learning Random Query Runtime on Validation Set: 135707.93
2024-04-17 18:15 | INFO | Query 32 Active Learning Random Query Runtime on Test Set: 49738.83
2024-04-17 18:15 | INFO | Query 32 Active Learning Random Query Instance Cost: 69823.34
2024-04-17 18:15 | INFO | Timeout limit is increased to 1900
2024-04-17 18:15 | INFO | Query 33 Size of the uncertainty table is = 832/1201
2024-04-17 18:15 | INFO | Query 33 Size of the filtered table is = 12
2024-04-17 18:15 | INFO | Query 33 Active Learning Random Query Runtime on Validation Set: 99763.78
2024-04-17 18:15 | INFO | Query 33 Active Learning Random Query Runtime on Test Set: 49739.01
2024-04-17 18:15 | INFO | Query 33 Active Learning Random Query Instance Cost: 74909.95
2024-04-17 18:15 | INFO | Query 34 Size of the uncertainty table is = 820/1201
2024-04-17 18:15 | INFO | Query 34 Size of the filtered table is = 12
2024-04-17 18:15 | INFO | Query 34 Active Learning Random Query Runtime on Validation Set: 99763.78
2024-04-17 18:15 | INFO | Query 34 Active Learning Random Query Runtime on Test Set: 49737.19
2024-04-17 18:15 | INFO | Query 34 Active Learning Random Query Instance Cost: 77945.14
2024-04-17 18:15 | INFO | Timeout limit is increased to 2000
2024-04-17 18:15 | INFO | Query 35 Size of the uncertainty table is = 808/1201
2024-04-17 18:15 | INFO | Query 35 Size of the filtered table is = 12
2024-04-17 18:15 | INFO | Query 35 Active Learning Random Query Runtime on Validation Set: 99763.78
2024-04-17 18:15 | INFO | Query 35 Active Learning Random Query Runtime on Test Set: 49749.02
2024-04-17 18:15 | INFO | Query 35 Active Learning Random Query Instance Cost: 83262.64
2024-04-17 18:15 | INFO | Timeout limit is increased to 2100
2024-04-17 18:15 | INFO | Query 36 Size of the uncertainty table is = 796/1201
2024-04-17 18:15 | INFO | Query 36 Size of the filtered table is = 12
2024-04-17 18:15 | INFO | Query 36 Active Learning Random Query Runtime on Validation Set: 99763.78
2024-04-17 18:15 | INFO | Query 36 Active Learning Random Query Runtime on Test Set: 49738.05
2024-04-17 18:15 | INFO | Query 36 Active Learning Random Query Instance Cost: 87500.55
2024-04-17 18:15 | INFO | Timeout limit is increased to 2200
2024-04-17 18:15 | INFO | Query 37 Size of the uncertainty table is = 784/1201
2024-04-17 18:15 | INFO | Query 37 Size of the filtered table is = 12
2024-04-17 18:15 | INFO | Query 37 Active Learning Random Query Runtime on Validation Set: 99763.76
2024-04-17 18:15 | INFO | Query 37 Active Learning Random Query Runtime on Test Set: 49738.85
2024-04-17 18:15 | INFO | Query 37 Active Learning Random Query Instance Cost: 92237.86
2024-04-17 18:15 | INFO | Query 38 Size of the uncertainty table is = 772/1201
2024-04-17 18:15 | INFO | Query 38 Size of the filtered table is = 12
2024-04-17 18:15 | INFO | Query 38 Active Learning Random Query Runtime on Validation Set: 99763.76
2024-04-17 18:15 | INFO | Query 38 Active Learning Random Query Runtime on Test Set: 49743.82
2024-04-17 18:15 | INFO | Query 38 Active Learning Random Query Instance Cost: 94530.48
2024-04-17 18:15 | INFO | Timeout limit is increased to 2300
2024-04-17 18:15 | INFO | Query 39 Size of the uncertainty table is = 760/1201
2024-04-17 18:15 | INFO | Query 39 Size of the filtered table is = 12
2024-04-17 18:15 | INFO | Query 39 Active Learning Random Query Runtime on Validation Set: 99763.76
2024-04-17 18:15 | INFO | Query 39 Active Learning Random Query Runtime on Test Set: 49754.65
2024-04-17 18:15 | INFO | Query 39 Active Learning Random Query Instance Cost: 98792.07
2024-04-17 18:15 | INFO | Timeout limit is increased to 2400
2024-04-17 18:15 | INFO | Query 40 Size of the uncertainty table is = 748/1201
2024-04-17 18:15 | INFO | Query 40 Size of the filtered table is = 12
2024-04-17 18:16 | INFO | Query 40 Active Learning Random Query Runtime on Validation Set: 99763.76
2024-04-17 18:16 | INFO | Query 40 Active Learning Random Query Runtime on Test Set: 49745.23
2024-04-17 18:16 | INFO | Query 40 Active Learning Random Query Instance Cost: 100692.29
2024-04-17 18:16 | INFO | Timeout limit is increased to 2500
2024-04-17 18:16 | INFO | Query 41 Size of the uncertainty table is = 736/1201
2024-04-17 18:16 | INFO | Query 41 Size of the filtered table is = 12
2024-04-17 18:16 | INFO | Query 41 Active Learning Random Query Runtime on Validation Set: 99763.76
2024-04-17 18:16 | INFO | Query 41 Active Learning Random Query Runtime on Test Set: 49745.78
2024-04-17 18:16 | INFO | Query 41 Active Learning Random Query Instance Cost: 102924.59
2024-04-17 18:16 | INFO | Timeout limit is increased to 2600
2024-04-17 18:16 | INFO | Query 42 Size of the uncertainty table is = 724/1201
2024-04-17 18:16 | INFO | Query 42 Size of the filtered table is = 12
2024-04-17 18:16 | INFO | Query 42 Active Learning Random Query Runtime on Validation Set: 99763.76
2024-04-17 18:16 | INFO | Query 42 Active Learning Random Query Runtime on Test Set: 49745.66
2024-04-17 18:16 | INFO | Query 42 Active Learning Random Query Instance Cost: 108232.34
2024-04-17 18:16 | INFO | Timeout limit is increased to 2700
2024-04-17 18:16 | INFO | Query 43 Size of the uncertainty table is = 712/1201
2024-04-17 18:16 | INFO | Query 43 Size of the filtered table is = 12
2024-04-17 18:16 | INFO | Query 43 Active Learning Random Query Runtime on Validation Set: 99763.76
2024-04-17 18:16 | INFO | Query 43 Active Learning Random Query Runtime on Test Set: 49746.28
2024-04-17 18:16 | INFO | Query 43 Active Learning Random Query Instance Cost: 112268.29
2024-04-17 18:16 | INFO | Timeout limit is increased to 2800
2024-04-17 18:16 | INFO | Query 44 Size of the uncertainty table is = 700/1201
2024-04-17 18:16 | INFO | Query 44 Size of the filtered table is = 12
2024-04-17 18:16 | INFO | Query 44 Active Learning Random Query Runtime on Validation Set: 99763.76
2024-04-17 18:16 | INFO | Query 44 Active Learning Random Query Runtime on Test Set: 49744.28
2024-04-17 18:16 | INFO | Query 44 Active Learning Random Query Instance Cost: 124046.8
2024-04-17 18:16 | INFO | Timeout limit is increased to 2900
2024-04-17 18:16 | INFO | Query 45 Size of the uncertainty table is = 689/1201
2024-04-17 18:16 | INFO | Query 45 Size of the filtered table is = 12
2024-04-17 18:16 | INFO | Query 45 Active Learning Random Query Runtime on Validation Set: 99763.76
2024-04-17 18:16 | INFO | Query 45 Active Learning Random Query Runtime on Test Set: 49745.45
2024-04-17 18:16 | INFO | Query 45 Active Learning Random Query Instance Cost: 129489.23
2024-04-17 18:16 | INFO | Timeout limit is increased to 3000
2024-04-17 18:16 | INFO | Query 46 Size of the uncertainty table is = 677/1201
2024-04-17 18:16 | INFO | Query 46 Size of the filtered table is = 12
2024-04-17 18:16 | INFO | Query 46 Active Learning Random Query Runtime on Validation Set: 99763.76
2024-04-17 18:16 | INFO | Query 46 Active Learning Random Query Runtime on Test Set: 49756.04
2024-04-17 18:16 | INFO | Query 46 Active Learning Random Query Instance Cost: 132508.02
2024-04-17 18:16 | INFO | Timeout limit is increased to 3100
2024-04-17 18:16 | INFO | Query 47 Size of the uncertainty table is = 665/1201
2024-04-17 18:16 | INFO | Query 47 Size of the filtered table is = 12
2024-04-17 18:16 | INFO | Query 47 Active Learning Random Query Runtime on Validation Set: 99763.76
2024-04-17 18:16 | INFO | Query 47 Active Learning Random Query Runtime on Test Set: 49744.6
2024-04-17 18:16 | INFO | Query 47 Active Learning Random Query Instance Cost: 144926.34
2024-04-17 18:16 | INFO | Timeout limit is increased to 3200
2024-04-17 18:16 | INFO | Query 48 Size of the uncertainty table is = 653/1201
2024-04-17 18:16 | INFO | Query 48 Size of the filtered table is = 12
2024-04-17 18:16 | INFO | Query 48 Active Learning Random Query Runtime on Validation Set: 99763.76
2024-04-17 18:16 | INFO | Query 48 Active Learning Random Query Runtime on Test Set: 49744.6
2024-04-17 18:16 | INFO | Query 48 Active Learning Random Query Instance Cost: 151354.32
2024-04-17 18:16 | INFO | Timeout limit is increased to 3300
2024-04-17 18:16 | INFO | Query 49 Size of the uncertainty table is = 642/1201
2024-04-17 18:16 | INFO | Query 49 Size of the filtered table is = 12
2024-04-17 18:16 | INFO | Query 49 Active Learning Random Query Runtime on Validation Set: 99763.76
2024-04-17 18:16 | INFO | Query 49 Active Learning Random Query Runtime on Test Set: 49744.78
2024-04-17 18:16 | INFO | Query 49 Active Learning Random Query Instance Cost: 151821.97
2024-04-17 18:16 | INFO | Timeout limit is increased to 3400
2024-04-17 18:16 | INFO | Query 50 Size of the uncertainty table is = 631/1201
2024-04-17 18:16 | INFO | Query 50 Size of the filtered table is = 12
2024-04-17 18:16 | INFO | Query 50 Active Learning Random Query Runtime on Validation Set: 99763.76
2024-04-17 18:16 | INFO | Query 50 Active Learning Random Query Runtime on Test Set: 49744.82
2024-04-17 18:16 | INFO | Query 50 Active Learning Random Query Instance Cost: 163249.94
2024-04-17 18:16 | INFO | Timeout limit is increased to 3500
2024-04-17 18:16 | INFO | Query 51 Size of the uncertainty table is = 620/1201
2024-04-17 18:16 | INFO | Query 51 Size of the filtered table is = 12
2024-04-17 18:16 | INFO | Query 51 Active Learning Random Query Runtime on Validation Set: 99763.76
2024-04-17 18:16 | INFO | Query 51 Active Learning Random Query Runtime on Test Set: 49745.88
2024-04-17 18:16 | INFO | Query 51 Active Learning Random Query Instance Cost: 163259.61
2024-04-17 18:16 | INFO | Timeout limit is increased to 3600
2024-04-17 18:16 | INFO | Query 52 Size of the uncertainty table is = 608/1201
2024-04-17 18:16 | INFO | Query 52 Size of the filtered table is = 12
2024-04-17 18:16 | INFO | Query 52 Active Learning Random Query Runtime on Validation Set: 99763.76
2024-04-17 18:16 | INFO | Query 52 Active Learning Random Query Runtime on Test Set: 49744.9
2024-04-17 18:16 | INFO | Query 52 Active Learning Random Query Instance Cost: 176182.89
2024-04-17 18:16 | INFO | Timeout limit is increased to 3600
2024-04-17 18:16 | INFO | Query 53 Size of the uncertainty table is = 583/1201
2024-04-17 18:16 | INFO | Query 53 Size of the filtered table is = 12
2024-04-17 18:17 | INFO | Query 53 Active Learning Random Query Runtime on Validation Set: 99763.76
2024-04-17 18:17 | INFO | Query 53 Active Learning Random Query Runtime on Test Set: 49745.54
2024-04-17 18:17 | INFO | Query 53 Active Learning Random Query Instance Cost: 193340.21
2024-04-17 18:17 | INFO | Timeout limit is increased to 3600
2024-04-17 18:17 | INFO | Query 54 Size of the uncertainty table is = 571/1201
2024-04-17 18:17 | INFO | Query 54 Size of the filtered table is = 12
2024-04-17 18:17 | INFO | Query 54 Active Learning Random Query Runtime on Validation Set: 99763.76
2024-04-17 18:17 | INFO | Query 54 Active Learning Random Query Runtime on Test Set: 49744.82
2024-04-17 18:17 | INFO | Query 54 Active Learning Random Query Instance Cost: 197015.81
2024-04-17 18:17 | INFO | Timeout limit is increased to 3600
2024-04-17 18:17 | INFO | Query 55 Size of the uncertainty table is = 559/1201
2024-04-17 18:17 | INFO | Query 55 Size of the filtered table is = 12
2024-04-17 18:17 | INFO | Query 55 Active Learning Random Query Runtime on Validation Set: 99763.76
2024-04-17 18:17 | INFO | Query 55 Active Learning Random Query Runtime on Test Set: 49751.15
2024-04-17 18:17 | INFO | Query 55 Active Learning Random Query Instance Cost: 197028.35
2024-04-17 18:17 | INFO | Timeout limit is increased to 3600
2024-04-17 18:17 | INFO | Query 56 Size of the uncertainty table is = 547/1201
2024-04-17 18:17 | INFO | Query 56 Size of the filtered table is = 12
2024-04-17 18:17 | INFO | Query 56 Active Learning Random Query Runtime on Validation Set: 99763.76
2024-04-17 18:17 | INFO | Query 56 Active Learning Random Query Runtime on Test Set: 49751.19
2024-04-17 18:17 | INFO | Query 56 Active Learning Random Query Instance Cost: 213621.82
2024-04-17 18:17 | INFO | Timeout limit is increased to 3600
2024-04-17 18:17 | INFO | Query 57 Size of the uncertainty table is = 535/1201
2024-04-17 18:17 | INFO | Query 57 Size of the filtered table is = 12
2024-04-17 18:17 | INFO | Query 57 Active Learning Random Query Runtime on Validation Set: 99763.76
2024-04-17 18:17 | INFO | Query 57 Active Learning Random Query Runtime on Test Set: 49766.49
2024-04-17 18:17 | INFO | Query 57 Active Learning Random Query Instance Cost: 213824.93
2024-04-17 18:17 | INFO | Timeout limit is increased to 3600
2024-04-17 18:17 | INFO | Query 58 Size of the uncertainty table is = 523/1201
2024-04-17 18:17 | INFO | Query 58 Size of the filtered table is = 12
2024-04-17 18:17 | INFO | Query 58 Active Learning Random Query Runtime on Validation Set: 99763.76
2024-04-17 18:17 | INFO | Query 58 Active Learning Random Query Runtime on Test Set: 49765.1
2024-04-17 18:17 | INFO | Query 58 Active Learning Random Query Instance Cost: 216504.13
2024-04-17 18:17 | INFO | Timeout limit is increased to 3600
2024-04-17 18:17 | INFO | Query 59 Size of the uncertainty table is = 511/1201
2024-04-17 18:17 | INFO | Query 59 Size of the filtered table is = 12
2024-04-17 18:17 | INFO | Query 59 Active Learning Random Query Runtime on Validation Set: 99763.76
2024-04-17 18:17 | INFO | Query 59 Active Learning Random Query Runtime on Test Set: 49750.02
2024-04-17 18:17 | INFO | Query 59 Active Learning Random Query Instance Cost: 220296.74
2024-04-17 18:17 | INFO | Timeout limit is increased to 3600
2024-04-17 18:17 | INFO | Query 60 Size of the uncertainty table is = 499/1201
2024-04-17 18:17 | INFO | Query 60 Size of the filtered table is = 12
2024-04-17 18:17 | INFO | Query 60 Active Learning Random Query Runtime on Validation Set: 99763.76
2024-04-17 18:17 | INFO | Query 60 Active Learning Random Query Runtime on Test Set: 49749.62
2024-04-17 18:17 | INFO | Query 60 Active Learning Random Query Instance Cost: 232005.75
2024-04-17 18:17 | INFO | Timeout limit is increased to 3600
2024-04-17 18:17 | INFO | Query 61 Size of the uncertainty table is = 487/1201
2024-04-17 18:17 | INFO | Query 61 Size of the filtered table is = 12
2024-04-17 18:17 | INFO | Query 61 Active Learning Random Query Runtime on Validation Set: 95312.65
2024-04-17 18:17 | INFO | Query 61 Active Learning Random Query Runtime on Test Set: 49765.32
2024-04-17 18:17 | INFO | Query 61 Active Learning Random Query Instance Cost: 234064.02
2024-04-17 18:17 | INFO | Query 62 Size of the uncertainty table is = 475/1201
2024-04-17 18:17 | INFO | Query 62 Size of the filtered table is = 12
2024-04-17 18:17 | INFO | Query 62 Active Learning Random Query Runtime on Validation Set: 131256.81
2024-04-17 18:17 | INFO | Query 62 Active Learning Random Query Runtime on Test Set: 49749.04
2024-04-17 18:17 | INFO | Query 62 Active Learning Random Query Instance Cost: 245277.48
2024-04-17 18:17 | INFO | Timeout limit is increased to 3600
2024-04-17 18:17 | INFO | Query 63 Size of the uncertainty table is = 463/1201
2024-04-17 18:17 | INFO | Query 63 Size of the filtered table is = 12
2024-04-17 18:17 | INFO | Query 63 Active Learning Random Query Runtime on Validation Set: 95312.65
2024-04-17 18:17 | INFO | Query 63 Active Learning Random Query Runtime on Test Set: 49749.98
2024-04-17 18:17 | INFO | Query 63 Active Learning Random Query Instance Cost: 256567.31
2024-04-17 18:17 | INFO | Query 64 Size of the uncertainty table is = 451/1201
2024-04-17 18:17 | INFO | Query 64 Size of the filtered table is = 12
2024-04-17 18:17 | INFO | Query 64 Active Learning Random Query Runtime on Validation Set: 95312.67
2024-04-17 18:17 | INFO | Query 64 Active Learning Random Query Runtime on Test Set: 49752.55
2024-04-17 18:17 | INFO | Query 64 Active Learning Random Query Instance Cost: 267776.21
2024-04-17 18:17 | INFO | Timeout limit is increased to 3600
2024-04-17 18:17 | INFO | Query 65 Size of the uncertainty table is = 439/1201
2024-04-17 18:17 | INFO | Query 65 Size of the filtered table is = 12
2024-04-17 18:18 | INFO | Query 65 Active Learning Random Query Runtime on Validation Set: 99763.76
2024-04-17 18:18 | INFO | Query 65 Active Learning Random Query Runtime on Test Set: 49753.18
2024-04-17 18:18 | INFO | Query 65 Active Learning Random Query Instance Cost: 273284.97
2024-04-17 18:18 | INFO | Timeout limit is increased to 3600
2024-04-17 18:18 | INFO | Query 66 Size of the uncertainty table is = 427/1201
2024-04-17 18:18 | INFO | Query 66 Size of the filtered table is = 12
2024-04-17 18:18 | INFO | Query 66 Active Learning Random Query Runtime on Validation Set: 99763.76
2024-04-17 18:18 | INFO | Query 66 Active Learning Random Query Runtime on Test Set: 49737.48
2024-04-17 18:18 | INFO | Query 66 Active Learning Random Query Instance Cost: 276977.33
2024-04-17 18:18 | INFO | Timeout limit is increased to 3600
2024-04-17 18:18 | INFO | Query 67 Size of the uncertainty table is = 415/1201
2024-04-17 18:18 | INFO | Query 67 Size of the filtered table is = 12
2024-04-17 18:18 | INFO | Query 67 Active Learning Random Query Runtime on Validation Set: 99763.76
2024-04-17 18:18 | INFO | Query 67 Active Learning Random Query Runtime on Test Set: 49752.82
2024-04-17 18:18 | INFO | Query 67 Active Learning Random Query Instance Cost: 277131.09
2024-04-17 18:18 | INFO | Timeout limit is increased to 3600
2024-04-17 18:18 | INFO | Query 68 Size of the uncertainty table is = 403/1201
2024-04-17 18:18 | INFO | Query 68 Size of the filtered table is = 12
2024-04-17 18:18 | INFO | Query 68 Active Learning Random Query Runtime on Validation Set: 99763.76
2024-04-17 18:18 | INFO | Query 68 Active Learning Random Query Runtime on Test Set: 49736.9
2024-04-17 18:18 | INFO | Query 68 Active Learning Random Query Instance Cost: 286259.07
2024-04-17 18:18 | INFO | Timeout limit is increased to 3600
2024-04-17 18:18 | INFO | Query 69 Size of the uncertainty table is = 391/1201
2024-04-17 18:18 | INFO | Query 69 Size of the filtered table is = 12
2024-04-17 18:18 | INFO | Query 69 Active Learning Random Query Runtime on Validation Set: 99763.76
2024-04-17 18:18 | INFO | Query 69 Active Learning Random Query Runtime on Test Set: 49736.9
2024-04-17 18:18 | INFO | Query 69 Active Learning Random Query Instance Cost: 295160.19
2024-04-17 18:18 | INFO | Timeout limit is increased to 3600
2024-04-17 18:18 | INFO | Query 70 Size of the uncertainty table is = 379/1201
2024-04-17 18:18 | INFO | Query 70 Size of the filtered table is = 12
2024-04-17 18:18 | INFO | Query 70 Active Learning Random Query Runtime on Validation Set: 99763.76
2024-04-17 18:18 | INFO | Query 70 Active Learning Random Query Runtime on Test Set: 49736.54
2024-04-17 18:18 | INFO | Query 70 Active Learning Random Query Instance Cost: 296107.92
2024-04-17 18:18 | INFO | Timeout limit is increased to 3600
2024-04-17 18:18 | INFO | Query 71 Size of the uncertainty table is = 367/1201
2024-04-17 18:18 | INFO | Query 71 Size of the filtered table is = 12
2024-04-17 18:18 | INFO | Query 71 Active Learning Random Query Runtime on Validation Set: 99763.76
2024-04-17 18:18 | INFO | Query 71 Active Learning Random Query Runtime on Test Set: 49736.54
2024-04-17 18:18 | INFO | Query 71 Active Learning Random Query Instance Cost: 298940.39
2024-04-17 18:18 | INFO | Timeout limit is increased to 3600
2024-04-17 18:18 | INFO | Query 72 Size of the uncertainty table is = 355/1201
2024-04-17 18:18 | INFO | Query 72 Size of the filtered table is = 12
2024-04-17 18:18 | INFO | Query 72 Active Learning Random Query Runtime on Validation Set: 99763.76
2024-04-17 18:18 | INFO | Query 72 Active Learning Random Query Runtime on Test Set: 49736.9
2024-04-17 18:18 | INFO | Query 72 Active Learning Random Query Instance Cost: 299733.26
2024-04-17 18:18 | INFO | Timeout limit is increased to 3600
2024-04-17 18:18 | INFO | Query 73 Size of the uncertainty table is = 343/1201
2024-04-17 18:18 | INFO | Query 73 Size of the filtered table is = 12
2024-04-17 18:18 | INFO | Query 73 Active Learning Random Query Runtime on Validation Set: 99763.76
2024-04-17 18:18 | INFO | Query 73 Active Learning Random Query Runtime on Test Set: 49736.54
2024-04-17 18:18 | INFO | Query 73 Active Learning Random Query Instance Cost: 313918.12
2024-04-17 18:18 | INFO | Timeout limit is increased to 3600
2024-04-17 18:18 | INFO | Query 74 Size of the uncertainty table is = 331/1201
2024-04-17 18:18 | INFO | Query 74 Size of the filtered table is = 12
2024-04-17 18:18 | INFO | Query 74 Active Learning Random Query Runtime on Validation Set: 99763.76
2024-04-17 18:18 | INFO | Query 74 Active Learning Random Query Runtime on Test Set: 49752.2
2024-04-17 18:18 | INFO | Query 74 Active Learning Random Query Instance Cost: 321651.3
2024-04-17 18:18 | INFO | Timeout limit is increased to 3600
2024-04-17 18:18 | INFO | Query 75 Size of the uncertainty table is = 319/1201
2024-04-17 18:18 | INFO | Query 75 Size of the filtered table is = 12
2024-04-17 18:18 | INFO | Query 75 Active Learning Random Query Runtime on Validation Set: 99763.78
2024-04-17 18:18 | INFO | Query 75 Active Learning Random Query Runtime on Test Set: 49736.59
2024-04-17 18:18 | INFO | Query 75 Active Learning Random Query Instance Cost: 330583.99
2024-04-17 18:18 | INFO | Timeout limit is increased to 3600
2024-04-17 18:18 | INFO | Query 76 Size of the uncertainty table is = 307/1201
2024-04-17 18:18 | INFO | Query 76 Size of the filtered table is = 12
2024-04-17 18:18 | INFO | Query 76 Active Learning Random Query Runtime on Validation Set: 99763.76
2024-04-17 18:18 | INFO | Query 76 Active Learning Random Query Runtime on Test Set: 49736.9
2024-04-17 18:18 | INFO | Query 76 Active Learning Random Query Instance Cost: 333039.03
2024-04-17 18:18 | INFO | Query 77 Size of the uncertainty table is = 295/1201
2024-04-17 18:18 | INFO | Query 77 Size of the filtered table is = 12
2024-04-17 18:19 | INFO | Query 77 Active Learning Random Query Runtime on Validation Set: 99763.76
2024-04-17 18:19 | INFO | Query 77 Active Learning Random Query Runtime on Test Set: 49749.04
2024-04-17 18:19 | INFO | Query 77 Active Learning Random Query Instance Cost: 338575.6
2024-04-17 18:19 | INFO | Timeout limit is increased to 3600
2024-04-17 18:19 | INFO | Query 78 Size of the uncertainty table is = 283/1201
2024-04-17 18:19 | INFO | Query 78 Size of the filtered table is = 12
2024-04-17 18:19 | INFO | Query 78 Active Learning Random Query Runtime on Validation Set: 99763.76
2024-04-17 18:19 | INFO | Query 78 Active Learning Random Query Runtime on Test Set: 49736.55
2024-04-17 18:19 | INFO | Query 78 Active Learning Random Query Instance Cost: 345573.35
2024-04-17 18:19 | INFO | Timeout limit is increased to 3600
2024-04-17 18:19 | INFO | Query 79 Size of the uncertainty table is = 271/1201
2024-04-17 18:19 | INFO | Query 79 Size of the filtered table is = 12
2024-04-17 18:19 | INFO | Query 79 Active Learning Random Query Runtime on Validation Set: 99763.76
2024-04-17 18:19 | INFO | Query 79 Active Learning Random Query Runtime on Test Set: 49747.46
2024-04-17 18:19 | INFO | Query 79 Active Learning Random Query Instance Cost: 345920.52
2024-04-17 18:19 | INFO | Timeout limit is increased to 3600
2024-04-17 18:19 | INFO | Query 80 Size of the uncertainty table is = 259/1201
2024-04-17 18:19 | INFO | Query 80 Size of the filtered table is = 12
2024-04-17 18:19 | INFO | Query 80 Active Learning Random Query Runtime on Validation Set: 99763.78
2024-04-17 18:19 | INFO | Query 80 Active Learning Random Query Runtime on Test Set: 49747.05
2024-04-17 18:19 | INFO | Query 80 Active Learning Random Query Instance Cost: 352050.0
2024-04-17 18:19 | INFO | Timeout limit is increased to 3600
2024-04-17 18:19 | INFO | Query 81 Size of the uncertainty table is = 247/1201
2024-04-17 18:19 | INFO | Query 81 Size of the filtered table is = 12
2024-04-17 18:19 | INFO | Query 81 Active Learning Random Query Runtime on Validation Set: 99763.76
2024-04-17 18:19 | INFO | Query 81 Active Learning Random Query Runtime on Test Set: 49747.04
2024-04-17 18:19 | INFO | Query 81 Active Learning Random Query Instance Cost: 363102.49
2024-04-17 18:19 | INFO | Query 82 Size of the uncertainty table is = 235/1201
2024-04-17 18:19 | INFO | Query 82 Size of the filtered table is = 12
2024-04-17 18:19 | INFO | Query 82 Active Learning Random Query Runtime on Validation Set: 99763.76
2024-04-17 18:19 | INFO | Query 82 Active Learning Random Query Runtime on Test Set: 49736.54
2024-04-17 18:19 | INFO | Query 82 Active Learning Random Query Instance Cost: 366741.4
2024-04-17 18:19 | INFO | Timeout limit is increased to 3600
2024-04-17 18:19 | INFO | Query 83 Size of the uncertainty table is = 223/1201
2024-04-17 18:19 | INFO | Query 83 Size of the filtered table is = 12
2024-04-17 18:19 | INFO | Query 83 Active Learning Random Query Runtime on Validation Set: 99763.76
2024-04-17 18:19 | INFO | Query 83 Active Learning Random Query Runtime on Test Set: 49747.04
2024-04-17 18:19 | INFO | Query 83 Active Learning Random Query Instance Cost: 383439.97
2024-04-17 18:19 | INFO | Timeout limit is increased to 3600
2024-04-17 18:19 | INFO | Query 84 Size of the uncertainty table is = 211/1201
2024-04-17 18:19 | INFO | Query 84 Size of the filtered table is = 12
2024-04-17 18:19 | INFO | Query 84 Active Learning Random Query Runtime on Validation Set: 99763.76
2024-04-17 18:19 | INFO | Query 84 Active Learning Random Query Runtime on Test Set: 49736.54
2024-04-17 18:19 | INFO | Query 84 Active Learning Random Query Instance Cost: 383527.46
2024-04-17 18:19 | INFO | Timeout limit is increased to 3600
2024-04-17 18:19 | INFO | Query 85 Size of the uncertainty table is = 199/1201
2024-04-17 18:19 | INFO | Query 85 Size of the filtered table is = 12
2024-04-17 18:19 | INFO | Query 85 Active Learning Random Query Runtime on Validation Set: 99763.76
2024-04-17 18:19 | INFO | Query 85 Active Learning Random Query Runtime on Test Set: 49741.44
2024-04-17 18:19 | INFO | Query 85 Active Learning Random Query Instance Cost: 391941.94
2024-04-17 18:19 | INFO | Timeout limit is increased to 3600
2024-04-17 18:19 | INFO | Query 86 Size of the uncertainty table is = 187/1201
2024-04-17 18:19 | INFO | Query 86 Size of the filtered table is = 12
2024-04-17 18:19 | INFO | Query 86 Active Learning Random Query Runtime on Validation Set: 99763.76
2024-04-17 18:19 | INFO | Query 86 Active Learning Random Query Runtime on Test Set: 49741.44
2024-04-17 18:19 | INFO | Query 86 Active Learning Random Query Instance Cost: 399205.03
2024-04-17 18:19 | INFO | Timeout limit is increased to 3600
2024-04-17 18:19 | INFO | Query 87 Size of the uncertainty table is = 175/1201
2024-04-17 18:19 | INFO | Query 87 Size of the filtered table is = 12
2024-04-17 18:19 | INFO | Query 87 Active Learning Random Query Runtime on Validation Set: 99763.76
2024-04-17 18:19 | INFO | Query 87 Active Learning Random Query Runtime on Test Set: 49741.8
2024-04-17 18:19 | INFO | Query 87 Active Learning Random Query Instance Cost: 402825.17
2024-04-17 18:19 | INFO | Timeout limit is increased to 3600
2024-04-17 18:19 | INFO | Query 88 Size of the uncertainty table is = 163/1201
2024-04-17 18:19 | INFO | Query 88 Size of the filtered table is = 12
2024-04-17 18:19 | INFO | Query 88 Active Learning Random Query Runtime on Validation Set: 99763.76
2024-04-17 18:19 | INFO | Query 88 Active Learning Random Query Runtime on Test Set: 49741.44
2024-04-17 18:19 | INFO | Query 88 Active Learning Random Query Instance Cost: 410156.12
2024-04-17 18:19 | INFO | Timeout limit is increased to 3600
2024-04-17 18:19 | INFO | Query 89 Size of the uncertainty table is = 151/1201
2024-04-17 18:19 | INFO | Query 89 Size of the filtered table is = 12
2024-04-17 18:20 | INFO | Query 89 Active Learning Random Query Runtime on Validation Set: 99763.76
2024-04-17 18:20 | INFO | Query 89 Active Learning Random Query Runtime on Test Set: 49730.96
2024-04-17 18:20 | INFO | Query 89 Active Learning Random Query Instance Cost: 420221.35
2024-04-17 18:20 | INFO | Timeout limit is increased to 3600
2024-04-17 18:20 | INFO | Query 90 Size of the uncertainty table is = 139/1201
2024-04-17 18:20 | INFO | Query 90 Size of the filtered table is = 12
2024-04-17 18:20 | INFO | Query 90 Active Learning Random Query Runtime on Validation Set: 99763.76
2024-04-17 18:20 | INFO | Query 90 Active Learning Random Query Runtime on Test Set: 49741.47
2024-04-17 18:20 | INFO | Query 90 Active Learning Random Query Instance Cost: 429823.87
2024-04-17 18:20 | INFO | Timeout limit is increased to 3600
2024-04-17 18:20 | INFO | Query 91 Size of the uncertainty table is = 127/1201
2024-04-17 18:20 | INFO | Query 91 Size of the filtered table is = 12
2024-04-17 18:20 | INFO | Query 91 Active Learning Random Query Runtime on Validation Set: 99763.76
2024-04-17 18:20 | INFO | Query 91 Active Learning Random Query Runtime on Test Set: 49731.32
2024-04-17 18:20 | INFO | Query 91 Active Learning Random Query Instance Cost: 433546.68
2024-04-17 18:20 | INFO | Timeout limit is increased to 3600
2024-04-17 18:20 | INFO | Query 92 Size of the uncertainty table is = 115/1201
2024-04-17 18:20 | INFO | Query 92 Size of the filtered table is = 12
2024-04-17 18:20 | INFO | Query 92 Active Learning Random Query Runtime on Validation Set: 99763.76
2024-04-17 18:20 | INFO | Query 92 Active Learning Random Query Runtime on Test Set: 49730.95
2024-04-17 18:20 | INFO | Query 92 Active Learning Random Query Instance Cost: 437424.26
2024-04-17 18:20 | INFO | Timeout limit is increased to 3600
2024-04-17 18:20 | INFO | Query 93 Size of the uncertainty table is = 103/1201
2024-04-17 18:20 | INFO | Query 93 Size of the filtered table is = 12
2024-04-17 18:20 | INFO | Query 93 Active Learning Random Query Runtime on Validation Set: 99763.76
2024-04-17 18:20 | INFO | Query 93 Active Learning Random Query Runtime on Test Set: 49730.94
2024-04-17 18:20 | INFO | Query 93 Active Learning Random Query Instance Cost: 456051.95
2024-04-17 18:20 | INFO | Timeout limit is increased to 3600
2024-04-17 18:20 | INFO | Query 94 Size of the uncertainty table is = 91/1201
2024-04-17 18:20 | INFO | Query 94 Size of the filtered table is = 12
2024-04-17 18:20 | INFO | Query 94 Active Learning Random Query Runtime on Validation Set: 95312.65
2024-04-17 18:20 | INFO | Query 94 Active Learning Random Query Runtime on Test Set: 49730.94
2024-04-17 18:20 | INFO | Query 94 Active Learning Random Query Instance Cost: 460168.03
2024-04-17 18:20 | INFO | Query 95 Size of the uncertainty table is = 79/1201
2024-04-17 18:20 | INFO | Query 95 Size of the filtered table is = 12
2024-04-17 18:20 | INFO | Query 95 Active Learning Random Query Runtime on Validation Set: 99763.76
2024-04-17 18:20 | INFO | Query 95 Active Learning Random Query Runtime on Test Set: 49731.31
2024-04-17 18:20 | INFO | Query 95 Active Learning Random Query Instance Cost: 463923.44
2024-04-17 18:20 | INFO | Timeout limit is increased to 3600
2024-04-17 18:20 | INFO | Query 96 Size of the uncertainty table is = 67/1201
2024-04-17 18:20 | INFO | Query 96 Size of the filtered table is = 12
2024-04-17 18:20 | INFO | Query 96 Active Learning Random Query Runtime on Validation Set: 99763.76
2024-04-17 18:20 | INFO | Query 96 Active Learning Random Query Runtime on Test Set: 49731.1
2024-04-17 18:20 | INFO | Query 96 Active Learning Random Query Instance Cost: 466204.49
2024-04-17 18:20 | INFO | Timeout limit is increased to 3600
2024-04-17 18:20 | INFO | Query 97 Size of the uncertainty table is = 55/1201
2024-04-17 18:20 | INFO | Query 97 Size of the filtered table is = 12
2024-04-17 18:20 | INFO | Query 97 Active Learning Random Query Runtime on Validation Set: 99763.76
2024-04-17 18:20 | INFO | Query 97 Active Learning Random Query Runtime on Test Set: 49730.94
2024-04-17 18:20 | INFO | Query 97 Active Learning Random Query Instance Cost: 470483.21
2024-04-17 18:20 | INFO | Timeout limit is increased to 3600
2024-04-17 18:20 | INFO | Query 98 Size of the uncertainty table is = 43/1201
2024-04-17 18:20 | INFO | Query 98 Size of the filtered table is = 12
2024-04-17 18:20 | INFO | Query 98 Active Learning Random Query Runtime on Validation Set: 99763.76
2024-04-17 18:20 | INFO | Query 98 Active Learning Random Query Runtime on Test Set: 49731.31
2024-04-17 18:20 | INFO | Query 98 Active Learning Random Query Instance Cost: 474119.64
2024-04-17 18:20 | INFO | Timeout limit is increased to 3600
2024-04-17 18:20 | INFO | Query 99 Size of the uncertainty table is = 31/1201
2024-04-17 18:20 | INFO | Query 99 Size of the filtered table is = 12
2024-04-17 18:20 | INFO | Query 99 Active Learning Random Query Runtime on Validation Set: 99763.76
2024-04-17 18:20 | INFO | Query 99 Active Learning Random Query Runtime on Test Set: 49730.95
2024-04-17 18:20 | INFO | Query 99 Active Learning Random Query Instance Cost: 474130.84
2024-04-17 18:20 | INFO | Timeout limit is increased to 3600
2024-04-17 18:20 | INFO | Query 100 Size of the uncertainty table is = 19/1201
2024-04-17 18:20 | INFO | Query 100 Size of the filtered table is = 12
2024-04-17 18:21 | INFO | Query 100 Active Learning Random Query Runtime on Validation Set: 99763.76
2024-04-17 18:21 | INFO | Query 100 Active Learning Random Query Runtime on Test Set: 49731.32
2024-04-17 18:21 | INFO | Query 100 Active Learning Random Query Instance Cost: 488915.0
2024-04-17 18:21 | INFO | Timeout limit is increased to 3600
2024-04-17 18:21 | INFO | Query 101 Size of the uncertainty table is = 7/1201
2024-04-17 18:21 | INFO | Query 101 Size of the filtered table is = 7
2024-04-17 18:21 | INFO | Query 101 Active Learning Random Query Runtime on Validation Set: 99763.76
2024-04-17 18:21 | INFO | Query 101 Active Learning Random Query Runtime on Test Set: 49730.94
2024-04-17 18:21 | INFO | Query 101 Active Learning Random Query Instance Cost: 488920.21
2024-04-17 18:21 | INFO | Timeout limit is increased to 3600
2024-04-17 18:21 | INFO | runtime_train_score is written as json file
2024-04-17 18:21 | INFO | runtime_test_score is written as json file
2024-04-17 18:21 | INFO | runtime_validation_score is written as json file
2024-04-17 18:21 | INFO | instance_cost is written as json file
2024-04-17 18:21 | INFO | Experiment is finished
