2024-04-17 18:04 | INFO | Paramaters are: {'dataset': 'CSP-2010', 'penalty': 10, 'weight': 'No_Weight', 'voting': 'Hard', 'pre_selection_size': 64, 'pre_selection_technique': 'No_pre_selection', 'feature_elimination_threshold': 20, 'imputer_strategy': 'median', 'feature_selection_technique': 'No_feature_selection', 'feature_scaling_technique': 'StandardScaler', 'initial_train_size': 20, 'query_size': 1, 'timeout_predictor_usage': 'Yes', 'timeout_limit': 3600, 'timeout_increase_rate': 100, 'RANDOM_STATE_SEED': 42, 'n_splits': 10, 'split_number': 0, 'max_timeout': 3600, 'param_grid': {'n_estimators': 100, 'criterion': 'gini', 'max_features': 'sqrt', 'max_depth': 2147483648, 'min_samples_split': 2, 'bootstrap': True}}
2024-04-17 18:04 | INFO | CSP-2010 is current dataset
2024-04-17 18:04 | INFO | DATASETS/CSP-2010/algorithm_runs.csv is found
2024-04-17 18:04 | INFO | DATASETS/CSP-2010/algorithm_runs.csv is finished
2024-04-17 18:04 | INFO | DATASETS/CSP-2010/feature_values.csv is found
2024-04-17 18:04 | INFO | DATASETS/CSP-2010/feature_values.csv is finished
2024-04-17 18:04 | INFO | Feature cost of train set is 0
2024-04-17 18:04 | INFO | Initial Active Learning Random Query Runtime on Validation Set: 97402.96
2024-04-17 18:04 | INFO | Initial Active Learning Random Query Runtime on Test Set: 49921.08
2024-04-17 18:04 | INFO | Initial Active Learning Random Query Instance Cost: 9036.19
2024-04-17 18:04 | INFO | Bin size = 12
2024-04-17 18:04 | INFO | Query 1 Size of the uncertainty table is = 1200/1200
2024-04-17 18:04 | INFO | Query 1 Size of the filtered table is = 12
2024-04-17 18:04 | INFO | Query 1 Active Learning Random Query Runtime on Validation Set: 97405.22
2024-04-17 18:04 | INFO | Query 1 Active Learning Random Query Runtime on Test Set: 49828.65
2024-04-17 18:04 | INFO | Query 1 Active Learning Random Query Instance Cost: 20117.21
2024-04-17 18:04 | INFO | Timeout limit is increased to 3600
2024-04-17 18:04 | INFO | Query 2 Size of the uncertainty table is = 1188/1200
2024-04-17 18:04 | INFO | Query 2 Size of the filtered table is = 12
2024-04-17 18:04 | INFO | Query 2 Active Learning Random Query Runtime on Validation Set: 97402.98
2024-04-17 18:04 | INFO | Query 2 Active Learning Random Query Runtime on Test Set: 49829.74
2024-04-17 18:04 | INFO | Query 2 Active Learning Random Query Instance Cost: 29903.9
2024-04-17 18:04 | INFO | Query 3 Size of the uncertainty table is = 1176/1200
2024-04-17 18:04 | INFO | Query 3 Size of the filtered table is = 12
2024-04-17 18:04 | INFO | Query 3 Active Learning Random Query Runtime on Validation Set: 97405.22
2024-04-17 18:04 | INFO | Query 3 Active Learning Random Query Runtime on Test Set: 49830.21
2024-04-17 18:04 | INFO | Query 3 Active Learning Random Query Instance Cost: 29909.81
2024-04-17 18:04 | INFO | Timeout limit is increased to 3600
2024-04-17 18:04 | INFO | Query 4 Size of the uncertainty table is = 1164/1200
2024-04-17 18:04 | INFO | Query 4 Size of the filtered table is = 12
2024-04-17 18:04 | INFO | Query 4 Active Learning Random Query Runtime on Validation Set: 97405.22
2024-04-17 18:04 | INFO | Query 4 Active Learning Random Query Runtime on Test Set: 49921.17
2024-04-17 18:04 | INFO | Query 4 Active Learning Random Query Instance Cost: 37804.26
2024-04-17 18:04 | INFO | Timeout limit is increased to 3600
2024-04-17 18:04 | INFO | Query 5 Size of the uncertainty table is = 1152/1200
2024-04-17 18:04 | INFO | Query 5 Size of the filtered table is = 12
2024-04-17 18:04 | INFO | Query 5 Active Learning Random Query Runtime on Validation Set: 97405.22
2024-04-17 18:04 | INFO | Query 5 Active Learning Random Query Runtime on Test Set: 49828.46
2024-04-17 18:04 | INFO | Query 5 Active Learning Random Query Instance Cost: 44425.11
2024-04-17 18:04 | INFO | Timeout limit is increased to 3600
2024-04-17 18:04 | INFO | Query 6 Size of the uncertainty table is = 1140/1200
2024-04-17 18:04 | INFO | Query 6 Size of the filtered table is = 12
2024-04-17 18:04 | INFO | Query 6 Active Learning Random Query Runtime on Validation Set: 97405.22
2024-04-17 18:04 | INFO | Query 6 Active Learning Random Query Runtime on Test Set: 49920.1
2024-04-17 18:04 | INFO | Query 6 Active Learning Random Query Instance Cost: 53289.83
2024-04-17 18:04 | INFO | Timeout limit is increased to 3600
2024-04-17 18:04 | INFO | Query 7 Size of the uncertainty table is = 1128/1200
2024-04-17 18:04 | INFO | Query 7 Size of the filtered table is = 12
2024-04-17 18:05 | INFO | Query 7 Active Learning Random Query Runtime on Validation Set: 97405.22
2024-04-17 18:05 | INFO | Query 7 Active Learning Random Query Runtime on Test Set: 49919.51
2024-04-17 18:05 | INFO | Query 7 Active Learning Random Query Instance Cost: 58158.61
2024-04-17 18:05 | INFO | Timeout limit is increased to 3600
2024-04-17 18:05 | INFO | Query 8 Size of the uncertainty table is = 1116/1200
2024-04-17 18:05 | INFO | Query 8 Size of the filtered table is = 12
2024-04-17 18:05 | INFO | Query 8 Active Learning Random Query Runtime on Validation Set: 97405.22
2024-04-17 18:05 | INFO | Query 8 Active Learning Random Query Runtime on Test Set: 49909.67
2024-04-17 18:05 | INFO | Query 8 Active Learning Random Query Instance Cost: 58839.01
2024-04-17 18:05 | INFO | Timeout limit is increased to 3600
2024-04-17 18:05 | INFO | Query 9 Size of the uncertainty table is = 1104/1200
2024-04-17 18:05 | INFO | Query 9 Size of the filtered table is = 12
2024-04-17 18:05 | INFO | Query 9 Active Learning Random Query Runtime on Validation Set: 97402.96
2024-04-17 18:05 | INFO | Query 9 Active Learning Random Query Runtime on Test Set: 49828.65
2024-04-17 18:05 | INFO | Query 9 Active Learning Random Query Instance Cost: 69306.46
2024-04-17 18:05 | INFO | Query 10 Size of the uncertainty table is = 1092/1200
2024-04-17 18:05 | INFO | Query 10 Size of the filtered table is = 12
2024-04-17 18:05 | INFO | Query 10 Active Learning Random Query Runtime on Validation Set: 92954.11
2024-04-17 18:05 | INFO | Query 10 Active Learning Random Query Runtime on Test Set: 49920.54
2024-04-17 18:05 | INFO | Query 10 Active Learning Random Query Instance Cost: 84298.54
2024-04-17 18:05 | INFO | Query 11 Size of the uncertainty table is = 1080/1200
2024-04-17 18:05 | INFO | Query 11 Size of the filtered table is = 12
2024-04-17 18:05 | INFO | Query 11 Active Learning Random Query Runtime on Validation Set: 92954.11
2024-04-17 18:05 | INFO | Query 11 Active Learning Random Query Runtime on Test Set: 49920.65
2024-04-17 18:05 | INFO | Query 11 Active Learning Random Query Instance Cost: 85199.92
2024-04-17 18:05 | INFO | Timeout limit is increased to 3600
2024-04-17 18:05 | INFO | Query 12 Size of the uncertainty table is = 1068/1200
2024-04-17 18:05 | INFO | Query 12 Size of the filtered table is = 12
2024-04-17 18:05 | INFO | Query 12 Active Learning Random Query Runtime on Validation Set: 92954.11
2024-04-17 18:05 | INFO | Query 12 Active Learning Random Query Runtime on Test Set: 49910.28
2024-04-17 18:05 | INFO | Query 12 Active Learning Random Query Instance Cost: 93268.12
2024-04-17 18:05 | INFO | Timeout limit is increased to 3600
2024-04-17 18:05 | INFO | Query 13 Size of the uncertainty table is = 1056/1200
2024-04-17 18:05 | INFO | Query 13 Size of the filtered table is = 12
2024-04-17 18:05 | INFO | Query 13 Active Learning Random Query Runtime on Validation Set: 97405.22
2024-04-17 18:05 | INFO | Query 13 Active Learning Random Query Runtime on Test Set: 49819.45
2024-04-17 18:05 | INFO | Query 13 Active Learning Random Query Instance Cost: 94672.55
2024-04-17 18:05 | INFO | Timeout limit is increased to 3600
2024-04-17 18:05 | INFO | Query 14 Size of the uncertainty table is = 1044/1200
2024-04-17 18:05 | INFO | Query 14 Size of the filtered table is = 12
2024-04-17 18:05 | INFO | Query 14 Active Learning Random Query Runtime on Validation Set: 97403.04
2024-04-17 18:05 | INFO | Query 14 Active Learning Random Query Runtime on Test Set: 49829.87
2024-04-17 18:05 | INFO | Query 14 Active Learning Random Query Instance Cost: 94682.9
2024-04-17 18:05 | INFO | Query 15 Size of the uncertainty table is = 1032/1200
2024-04-17 18:05 | INFO | Query 15 Size of the filtered table is = 12
2024-04-17 18:05 | INFO | Query 15 Active Learning Random Query Runtime on Validation Set: 97403.04
2024-04-17 18:05 | INFO | Query 15 Active Learning Random Query Runtime on Test Set: 49829.5
2024-04-17 18:05 | INFO | Query 15 Active Learning Random Query Instance Cost: 94768.2
2024-04-17 18:05 | INFO | Timeout limit is increased to 3600
2024-04-17 18:05 | INFO | Query 16 Size of the uncertainty table is = 1020/1200
2024-04-17 18:05 | INFO | Query 16 Size of the filtered table is = 12
2024-04-17 18:05 | INFO | Query 16 Active Learning Random Query Runtime on Validation Set: 97405.3
2024-04-17 18:05 | INFO | Query 16 Active Learning Random Query Runtime on Test Set: 49821.13
2024-04-17 18:05 | INFO | Query 16 Active Learning Random Query Instance Cost: 98511.69
2024-04-17 18:05 | INFO | Timeout limit is increased to 3600
2024-04-17 18:05 | INFO | Query 17 Size of the uncertainty table is = 1008/1200
2024-04-17 18:05 | INFO | Query 17 Size of the filtered table is = 12
2024-04-17 18:05 | INFO | Query 17 Active Learning Random Query Runtime on Validation Set: 97403.04
2024-04-17 18:05 | INFO | Query 17 Active Learning Random Query Runtime on Test Set: 49829.78
2024-04-17 18:05 | INFO | Query 17 Active Learning Random Query Instance Cost: 103424.75
2024-04-17 18:05 | INFO | Query 18 Size of the uncertainty table is = 996/1200
2024-04-17 18:05 | INFO | Query 18 Size of the filtered table is = 12
2024-04-17 18:05 | INFO | Query 18 Active Learning Random Query Runtime on Validation Set: 92951.93
2024-04-17 18:05 | INFO | Query 18 Active Learning Random Query Runtime on Test Set: 49820.94
2024-04-17 18:05 | INFO | Query 18 Active Learning Random Query Instance Cost: 108142.44
2024-04-17 18:05 | INFO | Query 19 Size of the uncertainty table is = 984/1200
2024-04-17 18:05 | INFO | Query 19 Size of the filtered table is = 12
2024-04-17 18:05 | INFO | Query 19 Active Learning Random Query Runtime on Validation Set: 92951.93
2024-04-17 18:05 | INFO | Query 19 Active Learning Random Query Runtime on Test Set: 49820.67
2024-04-17 18:05 | INFO | Query 19 Active Learning Random Query Instance Cost: 114073.52
2024-04-17 18:05 | INFO | Timeout limit is increased to 3600
2024-04-17 18:05 | INFO | Query 20 Size of the uncertainty table is = 972/1200
2024-04-17 18:05 | INFO | Query 20 Size of the filtered table is = 12
2024-04-17 18:06 | INFO | Query 20 Active Learning Random Query Runtime on Validation Set: 92951.93
2024-04-17 18:06 | INFO | Query 20 Active Learning Random Query Runtime on Test Set: 49819.94
2024-04-17 18:06 | INFO | Query 20 Active Learning Random Query Instance Cost: 118451.98
2024-04-17 18:06 | INFO | Timeout limit is increased to 3600
2024-04-17 18:06 | INFO | Query 21 Size of the uncertainty table is = 960/1200
2024-04-17 18:06 | INFO | Query 21 Size of the filtered table is = 12
2024-04-17 18:06 | INFO | Query 21 Active Learning Random Query Runtime on Validation Set: 92951.93
2024-04-17 18:06 | INFO | Query 21 Active Learning Random Query Runtime on Test Set: 49820.58
2024-04-17 18:06 | INFO | Query 21 Active Learning Random Query Instance Cost: 122466.16
2024-04-17 18:06 | INFO | Timeout limit is increased to 3600
2024-04-17 18:06 | INFO | Query 22 Size of the uncertainty table is = 948/1200
2024-04-17 18:06 | INFO | Query 22 Size of the filtered table is = 12
2024-04-17 18:06 | INFO | Query 22 Active Learning Random Query Runtime on Validation Set: 92951.93
2024-04-17 18:06 | INFO | Query 22 Active Learning Random Query Runtime on Test Set: 49819.31
2024-04-17 18:06 | INFO | Query 22 Active Learning Random Query Instance Cost: 130671.18
2024-04-17 18:06 | INFO | Timeout limit is increased to 3600
2024-04-17 18:06 | INFO | Query 23 Size of the uncertainty table is = 936/1200
2024-04-17 18:06 | INFO | Query 23 Size of the filtered table is = 12
2024-04-17 18:06 | INFO | Query 23 Active Learning Random Query Runtime on Validation Set: 92951.93
2024-04-17 18:06 | INFO | Query 23 Active Learning Random Query Runtime on Test Set: 49819.05
2024-04-17 18:06 | INFO | Query 23 Active Learning Random Query Instance Cost: 131625.64
2024-04-17 18:06 | INFO | Timeout limit is increased to 3600
2024-04-17 18:06 | INFO | Query 24 Size of the uncertainty table is = 924/1200
2024-04-17 18:06 | INFO | Query 24 Size of the filtered table is = 12
2024-04-17 18:06 | INFO | Query 24 Active Learning Random Query Runtime on Validation Set: 92951.93
2024-04-17 18:06 | INFO | Query 24 Active Learning Random Query Runtime on Test Set: 49819.28
2024-04-17 18:06 | INFO | Query 24 Active Learning Random Query Instance Cost: 136515.72
2024-04-17 18:06 | INFO | Timeout limit is increased to 3600
2024-04-17 18:06 | INFO | Query 25 Size of the uncertainty table is = 912/1200
2024-04-17 18:06 | INFO | Query 25 Size of the filtered table is = 12
2024-04-17 18:06 | INFO | Query 25 Active Learning Random Query Runtime on Validation Set: 92951.93
2024-04-17 18:06 | INFO | Query 25 Active Learning Random Query Runtime on Test Set: 49819.1
2024-04-17 18:06 | INFO | Query 25 Active Learning Random Query Instance Cost: 140174.79
2024-04-17 18:06 | INFO | Timeout limit is increased to 3600
2024-04-17 18:06 | INFO | Query 26 Size of the uncertainty table is = 900/1200
2024-04-17 18:06 | INFO | Query 26 Size of the filtered table is = 12
2024-04-17 18:06 | INFO | Query 26 Active Learning Random Query Runtime on Validation Set: 92951.93
2024-04-17 18:06 | INFO | Query 26 Active Learning Random Query Runtime on Test Set: 50216.47
2024-04-17 18:06 | INFO | Query 26 Active Learning Random Query Instance Cost: 148504.47
2024-04-17 18:06 | INFO | Timeout limit is increased to 3600
2024-04-17 18:06 | INFO | Query 27 Size of the uncertainty table is = 888/1200
2024-04-17 18:06 | INFO | Query 27 Size of the filtered table is = 12
2024-04-17 18:06 | INFO | Query 27 Active Learning Random Query Runtime on Validation Set: 92951.93
2024-04-17 18:06 | INFO | Query 27 Active Learning Random Query Runtime on Test Set: 50216.78
2024-04-17 18:06 | INFO | Query 27 Active Learning Random Query Instance Cost: 152164.31
2024-04-17 18:06 | INFO | Timeout limit is increased to 3600
2024-04-17 18:06 | INFO | Query 28 Size of the uncertainty table is = 876/1200
2024-04-17 18:06 | INFO | Query 28 Size of the filtered table is = 12
2024-04-17 18:06 | INFO | Query 28 Active Learning Random Query Runtime on Validation Set: 92951.93
2024-04-17 18:06 | INFO | Query 28 Active Learning Random Query Runtime on Test Set: 50216.39
2024-04-17 18:06 | INFO | Query 28 Active Learning Random Query Instance Cost: 156771.54
2024-04-17 18:06 | INFO | Timeout limit is increased to 3600
2024-04-17 18:06 | INFO | Query 29 Size of the uncertainty table is = 864/1200
2024-04-17 18:06 | INFO | Query 29 Size of the filtered table is = 12
2024-04-17 18:06 | INFO | Query 29 Active Learning Random Query Runtime on Validation Set: 92951.93
2024-04-17 18:06 | INFO | Query 29 Active Learning Random Query Runtime on Test Set: 50216.28
2024-04-17 18:06 | INFO | Query 29 Active Learning Random Query Instance Cost: 156851.34
2024-04-17 18:06 | INFO | Timeout limit is increased to 3600
2024-04-17 18:06 | INFO | Query 30 Size of the uncertainty table is = 852/1200
2024-04-17 18:06 | INFO | Query 30 Size of the filtered table is = 12
2024-04-17 18:06 | INFO | Query 30 Active Learning Random Query Runtime on Validation Set: 92951.93
2024-04-17 18:06 | INFO | Query 30 Active Learning Random Query Runtime on Test Set: 50215.94
2024-04-17 18:06 | INFO | Query 30 Active Learning Random Query Instance Cost: 164147.27
2024-04-17 18:06 | INFO | Timeout limit is increased to 3600
2024-04-17 18:06 | INFO | Query 31 Size of the uncertainty table is = 840/1200
2024-04-17 18:06 | INFO | Query 31 Size of the filtered table is = 12
2024-04-17 18:06 | INFO | Query 31 Active Learning Random Query Runtime on Validation Set: 92951.93
2024-04-17 18:06 | INFO | Query 31 Active Learning Random Query Runtime on Test Set: 50216.6
2024-04-17 18:06 | INFO | Query 31 Active Learning Random Query Instance Cost: 177330.31
2024-04-17 18:06 | INFO | Timeout limit is increased to 3600
2024-04-17 18:06 | INFO | Query 32 Size of the uncertainty table is = 828/1200
2024-04-17 18:06 | INFO | Query 32 Size of the filtered table is = 12
2024-04-17 18:07 | INFO | Query 32 Active Learning Random Query Runtime on Validation Set: 92951.93
2024-04-17 18:07 | INFO | Query 32 Active Learning Random Query Runtime on Test Set: 50216.39
2024-04-17 18:07 | INFO | Query 32 Active Learning Random Query Instance Cost: 177408.6
2024-04-17 18:07 | INFO | Timeout limit is increased to 3600
2024-04-17 18:07 | INFO | Query 33 Size of the uncertainty table is = 816/1200
2024-04-17 18:07 | INFO | Query 33 Size of the filtered table is = 12
2024-04-17 18:07 | INFO | Query 33 Active Learning Random Query Runtime on Validation Set: 92951.93
2024-04-17 18:07 | INFO | Query 33 Active Learning Random Query Runtime on Test Set: 50217.42
2024-04-17 18:07 | INFO | Query 33 Active Learning Random Query Instance Cost: 185816.8
2024-04-17 18:07 | INFO | Timeout limit is increased to 3600
2024-04-17 18:07 | INFO | Query 34 Size of the uncertainty table is = 804/1200
2024-04-17 18:07 | INFO | Query 34 Size of the filtered table is = 12
2024-04-17 18:07 | INFO | Query 34 Active Learning Random Query Runtime on Validation Set: 92951.93
2024-04-17 18:07 | INFO | Query 34 Active Learning Random Query Runtime on Test Set: 50216.72
2024-04-17 18:07 | INFO | Query 34 Active Learning Random Query Instance Cost: 196349.92
2024-04-17 18:07 | INFO | Timeout limit is increased to 3600
2024-04-17 18:07 | INFO | Query 35 Size of the uncertainty table is = 792/1200
2024-04-17 18:07 | INFO | Query 35 Size of the filtered table is = 12
2024-04-17 18:07 | INFO | Query 35 Active Learning Random Query Runtime on Validation Set: 97403.04
2024-04-17 18:07 | INFO | Query 35 Active Learning Random Query Runtime on Test Set: 50216.63
2024-04-17 18:07 | INFO | Query 35 Active Learning Random Query Instance Cost: 204305.32
2024-04-17 18:07 | INFO | Timeout limit is increased to 3600
2024-04-17 18:07 | INFO | Query 36 Size of the uncertainty table is = 780/1200
2024-04-17 18:07 | INFO | Query 36 Size of the filtered table is = 12
2024-04-17 18:07 | INFO | Query 36 Active Learning Random Query Runtime on Validation Set: 97403.04
2024-04-17 18:07 | INFO | Query 36 Active Learning Random Query Runtime on Test Set: 50216.6
2024-04-17 18:07 | INFO | Query 36 Active Learning Random Query Instance Cost: 211817.89
2024-04-17 18:07 | INFO | Timeout limit is increased to 3600
2024-04-17 18:07 | INFO | Query 37 Size of the uncertainty table is = 768/1200
2024-04-17 18:07 | INFO | Query 37 Size of the filtered table is = 12
2024-04-17 18:07 | INFO | Query 37 Active Learning Random Query Runtime on Validation Set: 92951.93
2024-04-17 18:07 | INFO | Query 37 Active Learning Random Query Runtime on Test Set: 49819.33
2024-04-17 18:07 | INFO | Query 37 Active Learning Random Query Instance Cost: 215654.98
2024-04-17 18:07 | INFO | Query 38 Size of the uncertainty table is = 756/1200
2024-04-17 18:07 | INFO | Query 38 Size of the filtered table is = 12
2024-04-17 18:07 | INFO | Query 38 Active Learning Random Query Runtime on Validation Set: 92951.93
2024-04-17 18:07 | INFO | Query 38 Active Learning Random Query Runtime on Test Set: 49818.96
2024-04-17 18:07 | INFO | Query 38 Active Learning Random Query Instance Cost: 220601.9
2024-04-17 18:07 | INFO | Timeout limit is increased to 3600
2024-04-17 18:07 | INFO | Query 39 Size of the uncertainty table is = 744/1200
2024-04-17 18:07 | INFO | Query 39 Size of the filtered table is = 12
2024-04-17 18:07 | INFO | Query 39 Active Learning Random Query Runtime on Validation Set: 97403.04
2024-04-17 18:07 | INFO | Query 39 Active Learning Random Query Runtime on Test Set: 49818.78
2024-04-17 18:07 | INFO | Query 39 Active Learning Random Query Instance Cost: 230042.09
2024-04-17 18:07 | INFO | Timeout limit is increased to 3600
2024-04-17 18:07 | INFO | Query 40 Size of the uncertainty table is = 732/1200
2024-04-17 18:07 | INFO | Query 40 Size of the filtered table is = 12
2024-04-17 18:07 | INFO | Query 40 Active Learning Random Query Runtime on Validation Set: 97403.02
2024-04-17 18:07 | INFO | Query 40 Active Learning Random Query Runtime on Test Set: 49819.17
2024-04-17 18:07 | INFO | Query 40 Active Learning Random Query Instance Cost: 232582.8
2024-04-17 18:07 | INFO | Query 41 Size of the uncertainty table is = 720/1200
2024-04-17 18:07 | INFO | Query 41 Size of the filtered table is = 12
2024-04-17 18:07 | INFO | Query 41 Active Learning Random Query Runtime on Validation Set: 92951.93
2024-04-17 18:07 | INFO | Query 41 Active Learning Random Query Runtime on Test Set: 49818.65
2024-04-17 18:07 | INFO | Query 41 Active Learning Random Query Instance Cost: 236637.73
2024-04-17 18:07 | INFO | Query 42 Size of the uncertainty table is = 708/1200
2024-04-17 18:07 | INFO | Query 42 Size of the filtered table is = 12
2024-04-17 18:07 | INFO | Query 42 Active Learning Random Query Runtime on Validation Set: 97403.04
2024-04-17 18:07 | INFO | Query 42 Active Learning Random Query Runtime on Test Set: 49818.87
2024-04-17 18:07 | INFO | Query 42 Active Learning Random Query Instance Cost: 237957.25
2024-04-17 18:07 | INFO | Timeout limit is increased to 3600
2024-04-17 18:07 | INFO | Query 43 Size of the uncertainty table is = 696/1200
2024-04-17 18:07 | INFO | Query 43 Size of the filtered table is = 12
2024-04-17 18:07 | INFO | Query 43 Active Learning Random Query Runtime on Validation Set: 97403.04
2024-04-17 18:07 | INFO | Query 43 Active Learning Random Query Runtime on Test Set: 49818.83
2024-04-17 18:07 | INFO | Query 43 Active Learning Random Query Instance Cost: 245164.74
2024-04-17 18:07 | INFO | Timeout limit is increased to 3600
2024-04-17 18:07 | INFO | Query 44 Size of the uncertainty table is = 684/1200
2024-04-17 18:07 | INFO | Query 44 Size of the filtered table is = 12
2024-04-17 18:08 | INFO | Query 44 Active Learning Random Query Runtime on Validation Set: 97403.04
2024-04-17 18:08 | INFO | Query 44 Active Learning Random Query Runtime on Test Set: 49818.82
2024-04-17 18:08 | INFO | Query 44 Active Learning Random Query Instance Cost: 263560.11
2024-04-17 18:08 | INFO | Timeout limit is increased to 3600
2024-04-17 18:08 | INFO | Query 45 Size of the uncertainty table is = 672/1200
2024-04-17 18:08 | INFO | Query 45 Size of the filtered table is = 12
2024-04-17 18:08 | INFO | Query 45 Active Learning Random Query Runtime on Validation Set: 97403.04
2024-04-17 18:08 | INFO | Query 45 Active Learning Random Query Runtime on Test Set: 49818.73
2024-04-17 18:08 | INFO | Query 45 Active Learning Random Query Instance Cost: 268774.83
2024-04-17 18:08 | INFO | Timeout limit is increased to 3600
2024-04-17 18:08 | INFO | Query 46 Size of the uncertainty table is = 660/1200
2024-04-17 18:08 | INFO | Query 46 Size of the filtered table is = 12
2024-04-17 18:08 | INFO | Query 46 Active Learning Random Query Runtime on Validation Set: 97403.05
2024-04-17 18:08 | INFO | Query 46 Active Learning Random Query Runtime on Test Set: 49818.8
2024-04-17 18:08 | INFO | Query 46 Active Learning Random Query Instance Cost: 273796.72
2024-04-17 18:08 | INFO | Timeout limit is increased to 3600
2024-04-17 18:08 | INFO | Query 47 Size of the uncertainty table is = 648/1200
2024-04-17 18:08 | INFO | Query 47 Size of the filtered table is = 12
2024-04-17 18:08 | INFO | Query 47 Active Learning Random Query Runtime on Validation Set: 97403.04
2024-04-17 18:08 | INFO | Query 47 Active Learning Random Query Runtime on Test Set: 49818.83
2024-04-17 18:08 | INFO | Query 47 Active Learning Random Query Instance Cost: 278205.85
2024-04-17 18:08 | INFO | Query 48 Size of the uncertainty table is = 636/1200
2024-04-17 18:08 | INFO | Query 48 Size of the filtered table is = 12
2024-04-17 18:08 | INFO | Query 48 Active Learning Random Query Runtime on Validation Set: 97403.04
2024-04-17 18:08 | INFO | Query 48 Active Learning Random Query Runtime on Test Set: 49818.81
2024-04-17 18:08 | INFO | Query 48 Active Learning Random Query Instance Cost: 287976.07
2024-04-17 18:08 | INFO | Timeout limit is increased to 3600
2024-04-17 18:08 | INFO | Query 49 Size of the uncertainty table is = 624/1200
2024-04-17 18:08 | INFO | Query 49 Size of the filtered table is = 12
2024-04-17 18:08 | INFO | Query 49 Active Learning Random Query Runtime on Validation Set: 97403.04
2024-04-17 18:08 | INFO | Query 49 Active Learning Random Query Runtime on Test Set: 49819.2
2024-04-17 18:08 | INFO | Query 49 Active Learning Random Query Instance Cost: 300892.99
2024-04-17 18:08 | INFO | Timeout limit is increased to 3600
2024-04-17 18:08 | INFO | Query 50 Size of the uncertainty table is = 612/1200
2024-04-17 18:08 | INFO | Query 50 Size of the filtered table is = 12
2024-04-17 18:08 | INFO | Query 50 Active Learning Random Query Runtime on Validation Set: 92951.93
2024-04-17 18:08 | INFO | Query 50 Active Learning Random Query Runtime on Test Set: 49818.74
2024-04-17 18:08 | INFO | Query 50 Active Learning Random Query Instance Cost: 308285.33
2024-04-17 18:08 | INFO | Query 51 Size of the uncertainty table is = 600/1200
2024-04-17 18:08 | INFO | Query 51 Size of the filtered table is = 12
2024-04-17 18:08 | INFO | Query 51 Active Learning Random Query Runtime on Validation Set: 97403.02
2024-04-17 18:08 | INFO | Query 51 Active Learning Random Query Runtime on Test Set: 49819.18
2024-04-17 18:08 | INFO | Query 51 Active Learning Random Query Instance Cost: 319212.77
2024-04-17 18:08 | INFO | Timeout limit is increased to 3600
2024-04-17 18:08 | INFO | Query 52 Size of the uncertainty table is = 588/1200
2024-04-17 18:08 | INFO | Query 52 Size of the filtered table is = 12
2024-04-17 18:08 | INFO | Query 52 Active Learning Random Query Runtime on Validation Set: 97403.02
2024-04-17 18:08 | INFO | Query 52 Active Learning Random Query Runtime on Test Set: 49818.65
2024-04-17 18:08 | INFO | Query 52 Active Learning Random Query Instance Cost: 335838.29
2024-04-17 18:08 | INFO | Timeout limit is increased to 3600
2024-04-17 18:08 | INFO | Query 53 Size of the uncertainty table is = 576/1200
2024-04-17 18:08 | INFO | Query 53 Size of the filtered table is = 12
2024-04-17 18:08 | INFO | Query 53 Active Learning Random Query Runtime on Validation Set: 97403.02
2024-04-17 18:08 | INFO | Query 53 Active Learning Random Query Runtime on Test Set: 49818.65
2024-04-17 18:08 | INFO | Query 53 Active Learning Random Query Instance Cost: 339702.16
2024-04-17 18:08 | INFO | Timeout limit is increased to 3600
2024-04-17 18:08 | INFO | Query 54 Size of the uncertainty table is = 564/1200
2024-04-17 18:08 | INFO | Query 54 Size of the filtered table is = 12
2024-04-17 18:08 | INFO | Query 54 Active Learning Random Query Runtime on Validation Set: 97403.02
2024-04-17 18:08 | INFO | Query 54 Active Learning Random Query Runtime on Test Set: 49819.05
2024-04-17 18:08 | INFO | Query 54 Active Learning Random Query Instance Cost: 348882.14
2024-04-17 18:08 | INFO | Timeout limit is increased to 3600
2024-04-17 18:08 | INFO | Query 55 Size of the uncertainty table is = 552/1200
2024-04-17 18:08 | INFO | Query 55 Size of the filtered table is = 12
2024-04-17 18:08 | INFO | Query 55 Active Learning Random Query Runtime on Validation Set: 97403.02
2024-04-17 18:08 | INFO | Query 55 Active Learning Random Query Runtime on Test Set: 49818.65
2024-04-17 18:08 | INFO | Query 55 Active Learning Random Query Instance Cost: 350112.13
2024-04-17 18:08 | INFO | Timeout limit is increased to 3600
2024-04-17 18:08 | INFO | Query 56 Size of the uncertainty table is = 540/1200
2024-04-17 18:08 | INFO | Query 56 Size of the filtered table is = 12
2024-04-17 18:09 | INFO | Query 56 Active Learning Random Query Runtime on Validation Set: 97403.02
2024-04-17 18:09 | INFO | Query 56 Active Learning Random Query Runtime on Test Set: 49818.7
2024-04-17 18:09 | INFO | Query 56 Active Learning Random Query Instance Cost: 352024.42
2024-04-17 18:09 | INFO | Timeout limit is increased to 3600
2024-04-17 18:09 | INFO | Query 57 Size of the uncertainty table is = 528/1200
2024-04-17 18:09 | INFO | Query 57 Size of the filtered table is = 12
2024-04-17 18:09 | INFO | Query 57 Active Learning Random Query Runtime on Validation Set: 97403.02
2024-04-17 18:09 | INFO | Query 57 Active Learning Random Query Runtime on Test Set: 49819.1
2024-04-17 18:09 | INFO | Query 57 Active Learning Random Query Instance Cost: 352039.47
2024-04-17 18:09 | INFO | Timeout limit is increased to 3600
2024-04-17 18:09 | INFO | Query 58 Size of the uncertainty table is = 516/1200
2024-04-17 18:09 | INFO | Query 58 Size of the filtered table is = 12
2024-04-17 18:09 | INFO | Query 58 Active Learning Random Query Runtime on Validation Set: 97403.02
2024-04-17 18:09 | INFO | Query 58 Active Learning Random Query Runtime on Test Set: 49819.14
2024-04-17 18:09 | INFO | Query 58 Active Learning Random Query Instance Cost: 352825.98
2024-04-17 18:09 | INFO | Timeout limit is increased to 3600
2024-04-17 18:09 | INFO | Query 59 Size of the uncertainty table is = 504/1200
2024-04-17 18:09 | INFO | Query 59 Size of the filtered table is = 12
2024-04-17 18:09 | INFO | Query 59 Active Learning Random Query Runtime on Validation Set: 97403.02
2024-04-17 18:09 | INFO | Query 59 Active Learning Random Query Runtime on Test Set: 49818.66
2024-04-17 18:09 | INFO | Query 59 Active Learning Random Query Instance Cost: 356451.86
2024-04-17 18:09 | INFO | Timeout limit is increased to 3600
2024-04-17 18:09 | INFO | Query 60 Size of the uncertainty table is = 492/1200
2024-04-17 18:09 | INFO | Query 60 Size of the filtered table is = 12
2024-04-17 18:09 | INFO | Query 60 Active Learning Random Query Runtime on Validation Set: 97403.02
2024-04-17 18:09 | INFO | Query 60 Active Learning Random Query Runtime on Test Set: 49818.62
2024-04-17 18:09 | INFO | Query 60 Active Learning Random Query Instance Cost: 363713.75
2024-04-17 18:09 | INFO | Timeout limit is increased to 3600
2024-04-17 18:09 | INFO | Query 61 Size of the uncertainty table is = 480/1200
2024-04-17 18:09 | INFO | Query 61 Size of the filtered table is = 12
2024-04-17 18:09 | INFO | Query 61 Active Learning Random Query Runtime on Validation Set: 97403.02
2024-04-17 18:09 | INFO | Query 61 Active Learning Random Query Runtime on Test Set: 49818.76
2024-04-17 18:09 | INFO | Query 61 Active Learning Random Query Instance Cost: 373639.98
2024-04-17 18:09 | INFO | Timeout limit is increased to 3600
2024-04-17 18:09 | INFO | Query 62 Size of the uncertainty table is = 468/1200
2024-04-17 18:09 | INFO | Query 62 Size of the filtered table is = 12
2024-04-17 18:09 | INFO | Query 62 Active Learning Random Query Runtime on Validation Set: 97403.02
2024-04-17 18:09 | INFO | Query 62 Active Learning Random Query Runtime on Test Set: 49818.76
2024-04-17 18:09 | INFO | Query 62 Active Learning Random Query Instance Cost: 377452.84
2024-04-17 18:09 | INFO | Timeout limit is increased to 3600
2024-04-17 18:09 | INFO | Query 63 Size of the uncertainty table is = 456/1200
2024-04-17 18:09 | INFO | Query 63 Size of the filtered table is = 12
2024-04-17 18:09 | INFO | Query 63 Active Learning Random Query Runtime on Validation Set: 97403.02
2024-04-17 18:09 | INFO | Query 63 Active Learning Random Query Runtime on Test Set: 49818.8
2024-04-17 18:09 | INFO | Query 63 Active Learning Random Query Instance Cost: 381234.29
2024-04-17 18:09 | INFO | Timeout limit is increased to 3600
2024-04-17 18:09 | INFO | Query 64 Size of the uncertainty table is = 444/1200
2024-04-17 18:09 | INFO | Query 64 Size of the filtered table is = 12
2024-04-17 18:09 | INFO | Query 64 Active Learning Random Query Runtime on Validation Set: 97403.02
2024-04-17 18:09 | INFO | Query 64 Active Learning Random Query Runtime on Test Set: 49818.76
2024-04-17 18:09 | INFO | Query 64 Active Learning Random Query Instance Cost: 388472.99
2024-04-17 18:09 | INFO | Timeout limit is increased to 3600
2024-04-17 18:09 | INFO | Query 65 Size of the uncertainty table is = 432/1200
2024-04-17 18:09 | INFO | Query 65 Size of the filtered table is = 12
2024-04-17 18:09 | INFO | Query 65 Active Learning Random Query Runtime on Validation Set: 97403.02
2024-04-17 18:09 | INFO | Query 65 Active Learning Random Query Runtime on Test Set: 49819.31
2024-04-17 18:09 | INFO | Query 65 Active Learning Random Query Instance Cost: 392252.99
2024-04-17 18:09 | INFO | Timeout limit is increased to 3600
2024-04-17 18:09 | INFO | Query 66 Size of the uncertainty table is = 420/1200
2024-04-17 18:09 | INFO | Query 66 Size of the filtered table is = 12
2024-04-17 18:09 | INFO | Query 66 Active Learning Random Query Runtime on Validation Set: 97403.02
2024-04-17 18:09 | INFO | Query 66 Active Learning Random Query Runtime on Test Set: 49818.62
2024-04-17 18:09 | INFO | Query 66 Active Learning Random Query Instance Cost: 399610.4
2024-04-17 18:09 | INFO | Timeout limit is increased to 3600
2024-04-17 18:09 | INFO | Query 67 Size of the uncertainty table is = 408/1200
2024-04-17 18:09 | INFO | Query 67 Size of the filtered table is = 12
2024-04-17 18:10 | INFO | Query 67 Active Learning Random Query Runtime on Validation Set: 97403.02
2024-04-17 18:10 | INFO | Query 67 Active Learning Random Query Runtime on Test Set: 49819.17
2024-04-17 18:10 | INFO | Query 67 Active Learning Random Query Instance Cost: 414148.66
2024-04-17 18:10 | INFO | Timeout limit is increased to 3600
2024-04-17 18:10 | INFO | Query 68 Size of the uncertainty table is = 396/1200
2024-04-17 18:10 | INFO | Query 68 Size of the filtered table is = 12
2024-04-17 18:10 | INFO | Query 68 Active Learning Random Query Runtime on Validation Set: 97403.02
2024-04-17 18:10 | INFO | Query 68 Active Learning Random Query Runtime on Test Set: 49818.62
2024-04-17 18:10 | INFO | Query 68 Active Learning Random Query Instance Cost: 414634.64
2024-04-17 18:10 | INFO | Timeout limit is increased to 3600
2024-04-17 18:10 | INFO | Query 69 Size of the uncertainty table is = 384/1200
2024-04-17 18:10 | INFO | Query 69 Size of the filtered table is = 12
2024-04-17 18:10 | INFO | Query 69 Active Learning Random Query Runtime on Validation Set: 97403.02
2024-04-17 18:10 | INFO | Query 69 Active Learning Random Query Runtime on Test Set: 49818.76
2024-04-17 18:10 | INFO | Query 69 Active Learning Random Query Instance Cost: 420024.25
2024-04-17 18:10 | INFO | Timeout limit is increased to 3600
2024-04-17 18:10 | INFO | Query 70 Size of the uncertainty table is = 372/1200
2024-04-17 18:10 | INFO | Query 70 Size of the filtered table is = 12
2024-04-17 18:10 | INFO | Query 70 Active Learning Random Query Runtime on Validation Set: 97403.02
2024-04-17 18:10 | INFO | Query 70 Active Learning Random Query Runtime on Test Set: 49818.76
2024-04-17 18:10 | INFO | Query 70 Active Learning Random Query Instance Cost: 423652.02
2024-04-17 18:10 | INFO | Timeout limit is increased to 3600
2024-04-17 18:10 | INFO | Query 71 Size of the uncertainty table is = 360/1200
2024-04-17 18:10 | INFO | Query 71 Size of the filtered table is = 12
2024-04-17 18:10 | INFO | Query 71 Active Learning Random Query Runtime on Validation Set: 97403.02
2024-04-17 18:10 | INFO | Query 71 Active Learning Random Query Runtime on Test Set: 49818.75
2024-04-17 18:10 | INFO | Query 71 Active Learning Random Query Instance Cost: 435603.91
2024-04-17 18:10 | INFO | Timeout limit is increased to 3600
2024-04-17 18:10 | INFO | Query 72 Size of the uncertainty table is = 348/1200
2024-04-17 18:10 | INFO | Query 72 Size of the filtered table is = 12
2024-04-17 18:10 | INFO | Query 72 Active Learning Random Query Runtime on Validation Set: 97403.02
2024-04-17 18:10 | INFO | Query 72 Active Learning Random Query Runtime on Test Set: 49818.75
2024-04-17 18:10 | INFO | Query 72 Active Learning Random Query Instance Cost: 441432.56
2024-04-17 18:10 | INFO | Timeout limit is increased to 3600
2024-04-17 18:10 | INFO | Query 73 Size of the uncertainty table is = 336/1200
2024-04-17 18:10 | INFO | Query 73 Size of the filtered table is = 12
2024-04-17 18:10 | INFO | Query 73 Active Learning Random Query Runtime on Validation Set: 97403.02
2024-04-17 18:10 | INFO | Query 73 Active Learning Random Query Runtime on Test Set: 49819.02
2024-04-17 18:10 | INFO | Query 73 Active Learning Random Query Instance Cost: 454329.91
2024-04-17 18:10 | INFO | Timeout limit is increased to 3600
2024-04-17 18:10 | INFO | Query 74 Size of the uncertainty table is = 324/1200
2024-04-17 18:10 | INFO | Query 74 Size of the filtered table is = 12
2024-04-17 18:10 | INFO | Query 74 Active Learning Random Query Runtime on Validation Set: 97403.02
2024-04-17 18:10 | INFO | Query 74 Active Learning Random Query Runtime on Test Set: 49819.02
2024-04-17 18:10 | INFO | Query 74 Active Learning Random Query Instance Cost: 454400.86
2024-04-17 18:10 | INFO | Timeout limit is increased to 3600
2024-04-17 18:10 | INFO | Query 75 Size of the uncertainty table is = 312/1200
2024-04-17 18:10 | INFO | Query 75 Size of the filtered table is = 12
2024-04-17 18:10 | INFO | Query 75 Active Learning Random Query Runtime on Validation Set: 97403.02
2024-04-17 18:10 | INFO | Query 75 Active Learning Random Query Runtime on Test Set: 49819.16
2024-04-17 18:10 | INFO | Query 75 Active Learning Random Query Instance Cost: 467876.07
2024-04-17 18:10 | INFO | Timeout limit is increased to 3600
2024-04-17 18:10 | INFO | Query 76 Size of the uncertainty table is = 300/1200
2024-04-17 18:10 | INFO | Query 76 Size of the filtered table is = 12
2024-04-17 18:10 | INFO | Query 76 Active Learning Random Query Runtime on Validation Set: 97403.02
2024-04-17 18:10 | INFO | Query 76 Active Learning Random Query Runtime on Test Set: 49819.16
2024-04-17 18:10 | INFO | Query 76 Active Learning Random Query Instance Cost: 478757.43
2024-04-17 18:10 | INFO | Timeout limit is increased to 3600
2024-04-17 18:10 | INFO | Query 77 Size of the uncertainty table is = 288/1200
2024-04-17 18:10 | INFO | Query 77 Size of the filtered table is = 12
2024-04-17 18:10 | INFO | Query 77 Active Learning Random Query Runtime on Validation Set: 97403.02
2024-04-17 18:10 | INFO | Query 77 Active Learning Random Query Runtime on Test Set: 49819.16
2024-04-17 18:10 | INFO | Query 77 Active Learning Random Query Instance Cost: 486220.36
2024-04-17 18:10 | INFO | Timeout limit is increased to 3600
2024-04-17 18:10 | INFO | Query 78 Size of the uncertainty table is = 276/1200
2024-04-17 18:10 | INFO | Query 78 Size of the filtered table is = 12
2024-04-17 18:10 | INFO | Query 78 Active Learning Random Query Runtime on Validation Set: 97403.02
2024-04-17 18:10 | INFO | Query 78 Active Learning Random Query Runtime on Test Set: 49818.76
2024-04-17 18:10 | INFO | Query 78 Active Learning Random Query Instance Cost: 498217.88
2024-04-17 18:10 | INFO | Timeout limit is increased to 3600
2024-04-17 18:10 | INFO | Query 79 Size of the uncertainty table is = 264/1200
2024-04-17 18:10 | INFO | Query 79 Size of the filtered table is = 12
2024-04-17 18:11 | INFO | Query 79 Active Learning Random Query Runtime on Validation Set: 97403.02
2024-04-17 18:11 | INFO | Query 79 Active Learning Random Query Runtime on Test Set: 49818.76
2024-04-17 18:11 | INFO | Query 79 Active Learning Random Query Instance Cost: 506456.3
2024-04-17 18:11 | INFO | Timeout limit is increased to 3600
2024-04-17 18:11 | INFO | Query 80 Size of the uncertainty table is = 252/1200
2024-04-17 18:11 | INFO | Query 80 Size of the filtered table is = 12
2024-04-17 18:11 | INFO | Query 80 Active Learning Random Query Runtime on Validation Set: 97403.02
2024-04-17 18:11 | INFO | Query 80 Active Learning Random Query Runtime on Test Set: 49819.16
2024-04-17 18:11 | INFO | Query 80 Active Learning Random Query Instance Cost: 513916.63
2024-04-17 18:11 | INFO | Timeout limit is increased to 3600
2024-04-17 18:11 | INFO | Query 81 Size of the uncertainty table is = 240/1200
2024-04-17 18:11 | INFO | Query 81 Size of the filtered table is = 12
2024-04-17 18:11 | INFO | Query 81 Active Learning Random Query Runtime on Validation Set: 97403.02
2024-04-17 18:11 | INFO | Query 81 Active Learning Random Query Runtime on Test Set: 49819.16
2024-04-17 18:11 | INFO | Query 81 Active Learning Random Query Instance Cost: 525135.4
2024-04-17 18:11 | INFO | Timeout limit is increased to 3600
2024-04-17 18:11 | INFO | Query 82 Size of the uncertainty table is = 228/1200
2024-04-17 18:11 | INFO | Query 82 Size of the filtered table is = 12
2024-04-17 18:11 | INFO | Query 82 Active Learning Random Query Runtime on Validation Set: 97403.02
2024-04-17 18:11 | INFO | Query 82 Active Learning Random Query Runtime on Test Set: 49819.02
2024-04-17 18:11 | INFO | Query 82 Active Learning Random Query Instance Cost: 530899.17
2024-04-17 18:11 | INFO | Timeout limit is increased to 3600
2024-04-17 18:11 | INFO | Query 83 Size of the uncertainty table is = 216/1200
2024-04-17 18:11 | INFO | Query 83 Size of the filtered table is = 12
2024-04-17 18:11 | INFO | Query 83 Active Learning Random Query Runtime on Validation Set: 97403.02
2024-04-17 18:11 | INFO | Query 83 Active Learning Random Query Runtime on Test Set: 49818.9
2024-04-17 18:11 | INFO | Query 83 Active Learning Random Query Instance Cost: 538353.89
2024-04-17 18:11 | INFO | Timeout limit is increased to 3600
2024-04-17 18:11 | INFO | Query 84 Size of the uncertainty table is = 204/1200
2024-04-17 18:11 | INFO | Query 84 Size of the filtered table is = 12
2024-04-17 18:11 | INFO | Query 84 Active Learning Random Query Runtime on Validation Set: 97403.02
2024-04-17 18:11 | INFO | Query 84 Active Learning Random Query Runtime on Test Set: 49818.75
2024-04-17 18:11 | INFO | Query 84 Active Learning Random Query Instance Cost: 545815.59
2024-04-17 18:11 | INFO | Timeout limit is increased to 3600
2024-04-17 18:11 | INFO | Query 85 Size of the uncertainty table is = 192/1200
2024-04-17 18:11 | INFO | Query 85 Size of the filtered table is = 12
2024-04-17 18:11 | INFO | Query 85 Active Learning Random Query Runtime on Validation Set: 97403.02
2024-04-17 18:11 | INFO | Query 85 Active Learning Random Query Runtime on Test Set: 49819.02
2024-04-17 18:11 | INFO | Query 85 Active Learning Random Query Instance Cost: 550390.87
2024-04-17 18:11 | INFO | Timeout limit is increased to 3600
2024-04-17 18:11 | INFO | Query 86 Size of the uncertainty table is = 180/1200
2024-04-17 18:11 | INFO | Query 86 Size of the filtered table is = 12
2024-04-17 18:11 | INFO | Query 86 Active Learning Random Query Runtime on Validation Set: 97403.02
2024-04-17 18:11 | INFO | Query 86 Active Learning Random Query Runtime on Test Set: 49818.79
2024-04-17 18:11 | INFO | Query 86 Active Learning Random Query Instance Cost: 550413.76
2024-04-17 18:11 | INFO | Timeout limit is increased to 3600
2024-04-17 18:11 | INFO | Query 87 Size of the uncertainty table is = 168/1200
2024-04-17 18:11 | INFO | Query 87 Size of the filtered table is = 12
2024-04-17 18:11 | INFO | Query 87 Active Learning Random Query Runtime on Validation Set: 97403.02
2024-04-17 18:11 | INFO | Query 87 Active Learning Random Query Runtime on Test Set: 49818.74
2024-04-17 18:11 | INFO | Query 87 Active Learning Random Query Instance Cost: 564820.52
2024-04-17 18:11 | INFO | Timeout limit is increased to 3600
2024-04-17 18:11 | INFO | Query 88 Size of the uncertainty table is = 156/1200
2024-04-17 18:11 | INFO | Query 88 Size of the filtered table is = 12
2024-04-17 18:11 | INFO | Query 88 Active Learning Random Query Runtime on Validation Set: 97403.02
2024-04-17 18:11 | INFO | Query 88 Active Learning Random Query Runtime on Test Set: 49818.63
2024-04-17 18:11 | INFO | Query 88 Active Learning Random Query Instance Cost: 572151.78
2024-04-17 18:11 | INFO | Timeout limit is increased to 3600
2024-04-17 18:11 | INFO | Query 89 Size of the uncertainty table is = 144/1200
2024-04-17 18:11 | INFO | Query 89 Size of the filtered table is = 12
2024-04-17 18:11 | INFO | Query 89 Active Learning Random Query Runtime on Validation Set: 97403.02
2024-04-17 18:11 | INFO | Query 89 Active Learning Random Query Runtime on Test Set: 49819.04
2024-04-17 18:11 | INFO | Query 89 Active Learning Random Query Instance Cost: 583447.36
2024-04-17 18:11 | INFO | Timeout limit is increased to 3600
2024-04-17 18:11 | INFO | Query 90 Size of the uncertainty table is = 132/1200
2024-04-17 18:11 | INFO | Query 90 Size of the filtered table is = 12
2024-04-17 18:12 | INFO | Query 90 Active Learning Random Query Runtime on Validation Set: 97403.02
2024-04-17 18:12 | INFO | Query 90 Active Learning Random Query Runtime on Test Set: 49819.29
2024-04-17 18:12 | INFO | Query 90 Active Learning Random Query Instance Cost: 588185.06
2024-04-17 18:12 | INFO | Timeout limit is increased to 3600
2024-04-17 18:12 | INFO | Query 91 Size of the uncertainty table is = 120/1200
2024-04-17 18:12 | INFO | Query 91 Size of the filtered table is = 12
2024-04-17 18:12 | INFO | Query 91 Active Learning Random Query Runtime on Validation Set: 97403.02
2024-04-17 18:12 | INFO | Query 91 Active Learning Random Query Runtime on Test Set: 49818.74
2024-04-17 18:12 | INFO | Query 91 Active Learning Random Query Instance Cost: 588291.69
2024-04-17 18:12 | INFO | Timeout limit is increased to 3600
2024-04-17 18:12 | INFO | Query 92 Size of the uncertainty table is = 108/1200
2024-04-17 18:12 | INFO | Query 92 Size of the filtered table is = 12
2024-04-17 18:12 | INFO | Query 92 Active Learning Random Query Runtime on Validation Set: 97403.02
2024-04-17 18:12 | INFO | Query 92 Active Learning Random Query Runtime on Test Set: 49818.77
2024-04-17 18:12 | INFO | Query 92 Active Learning Random Query Instance Cost: 609835.78
2024-04-17 18:12 | INFO | Timeout limit is increased to 3600
2024-04-17 18:12 | INFO | Query 93 Size of the uncertainty table is = 96/1200
2024-04-17 18:12 | INFO | Query 93 Size of the filtered table is = 12
2024-04-17 18:12 | INFO | Query 93 Active Learning Random Query Runtime on Validation Set: 97403.02
2024-04-17 18:12 | INFO | Query 93 Active Learning Random Query Runtime on Test Set: 49818.77
2024-04-17 18:12 | INFO | Query 93 Active Learning Random Query Instance Cost: 610375.46
2024-04-17 18:12 | INFO | Timeout limit is increased to 3600
2024-04-17 18:12 | INFO | Query 94 Size of the uncertainty table is = 84/1200
2024-04-17 18:12 | INFO | Query 94 Size of the filtered table is = 12
2024-04-17 18:12 | INFO | Query 94 Active Learning Random Query Runtime on Validation Set: 97403.02
2024-04-17 18:12 | INFO | Query 94 Active Learning Random Query Runtime on Test Set: 49818.6
2024-04-17 18:12 | INFO | Query 94 Active Learning Random Query Instance Cost: 621504.9
2024-04-17 18:12 | INFO | Timeout limit is increased to 3600
2024-04-17 18:12 | INFO | Query 95 Size of the uncertainty table is = 72/1200
2024-04-17 18:12 | INFO | Query 95 Size of the filtered table is = 12
2024-04-17 18:12 | INFO | Query 95 Active Learning Random Query Runtime on Validation Set: 97403.02
2024-04-17 18:12 | INFO | Query 95 Active Learning Random Query Runtime on Test Set: 49818.74
2024-04-17 18:12 | INFO | Query 95 Active Learning Random Query Instance Cost: 625204.87
2024-04-17 18:12 | INFO | Timeout limit is increased to 3600
2024-04-17 18:12 | INFO | Query 96 Size of the uncertainty table is = 60/1200
2024-04-17 18:12 | INFO | Query 96 Size of the filtered table is = 12
2024-04-17 18:12 | INFO | Query 96 Active Learning Random Query Runtime on Validation Set: 97403.02
2024-04-17 18:12 | INFO | Query 96 Active Learning Random Query Runtime on Test Set: 49818.74
2024-04-17 18:12 | INFO | Query 96 Active Learning Random Query Instance Cost: 630233.58
2024-04-17 18:12 | INFO | Timeout limit is increased to 3600
2024-04-17 18:12 | INFO | Query 97 Size of the uncertainty table is = 48/1200
2024-04-17 18:12 | INFO | Query 97 Size of the filtered table is = 12
2024-04-17 18:12 | INFO | Query 97 Active Learning Random Query Runtime on Validation Set: 97403.02
2024-04-17 18:12 | INFO | Query 97 Active Learning Random Query Runtime on Test Set: 49818.88
2024-04-17 18:12 | INFO | Query 97 Active Learning Random Query Instance Cost: 630242.52
2024-04-17 18:12 | INFO | Timeout limit is increased to 3600
2024-04-17 18:12 | INFO | Query 98 Size of the uncertainty table is = 36/1200
2024-04-17 18:12 | INFO | Query 98 Size of the filtered table is = 12
2024-04-17 18:12 | INFO | Query 98 Active Learning Random Query Runtime on Validation Set: 97403.02
2024-04-17 18:12 | INFO | Query 98 Active Learning Random Query Runtime on Test Set: 49818.6
2024-04-17 18:12 | INFO | Query 98 Active Learning Random Query Instance Cost: 637659.03
2024-04-17 18:12 | INFO | Timeout limit is increased to 3600
2024-04-17 18:12 | INFO | Query 99 Size of the uncertainty table is = 24/1200
2024-04-17 18:12 | INFO | Query 99 Size of the filtered table is = 12
2024-04-17 18:12 | INFO | Query 99 Active Learning Random Query Runtime on Validation Set: 97403.02
2024-04-17 18:12 | INFO | Query 99 Active Learning Random Query Runtime on Test Set: 49818.6
2024-04-17 18:12 | INFO | Query 99 Active Learning Random Query Instance Cost: 639713.53
2024-04-17 18:12 | INFO | Timeout limit is increased to 3600
2024-04-17 18:12 | INFO | Query 100 Size of the uncertainty table is = 12/1200
2024-04-17 18:12 | INFO | Query 100 Size of the filtered table is = 12
2024-04-17 18:12 | INFO | Query 100 Active Learning Random Query Runtime on Validation Set: 97403.02
2024-04-17 18:12 | INFO | Query 100 Active Learning Random Query Runtime on Test Set: 49818.88
2024-04-17 18:12 | INFO | Query 100 Active Learning Random Query Instance Cost: 650404.05
2024-04-17 18:12 | INFO | Timeout limit is increased to 3600
2024-04-17 18:12 | INFO | runtime_train_score is written as json file
2024-04-17 18:12 | INFO | runtime_test_score is written as json file
2024-04-17 18:12 | INFO | runtime_validation_score is written as json file
2024-04-17 18:12 | INFO | instance_cost is written as json file
2024-04-17 18:12 | INFO | Experiment is finished
