2024-04-17 18:12 | INFO | Paramaters are: {'dataset': 'CSP-2010', 'penalty': 10, 'weight': 'No_Weight', 'voting': 'Hard', 'pre_selection_size': 64, 'pre_selection_technique': 'No_pre_selection', 'feature_elimination_threshold': 20, 'imputer_strategy': 'median', 'feature_selection_technique': 'No_feature_selection', 'feature_scaling_technique': 'StandardScaler', 'initial_train_size': 20, 'query_size': 1, 'timeout_predictor_usage': 'Yes', 'timeout_limit': 100, 'timeout_increase_rate': 100, 'RANDOM_STATE_SEED': 123, 'n_splits': 10, 'split_number': 2, 'max_timeout': 3600, 'param_grid': {'n_estimators': 100, 'criterion': 'gini', 'max_features': 'sqrt', 'max_depth': 2147483648, 'min_samples_split': 2, 'bootstrap': True}}
2024-04-17 18:12 | INFO | CSP-2010 is current dataset
2024-04-17 18:12 | INFO | DATASETS/CSP-2010/algorithm_runs.csv is found
2024-04-17 18:12 | INFO | DATASETS/CSP-2010/algorithm_runs.csv is finished
2024-04-17 18:12 | INFO | DATASETS/CSP-2010/feature_values.csv is found
2024-04-17 18:12 | INFO | DATASETS/CSP-2010/feature_values.csv is finished
2024-04-17 18:12 | INFO | Feature cost of train set is 0
2024-04-17 18:12 | INFO | Initial Active Learning Random Query Runtime on Validation Set: 90866.85
2024-04-17 18:12 | INFO | Initial Active Learning Random Query Runtime on Test Set: 62377.81
2024-04-17 18:12 | INFO | Initial Active Learning Random Query Instance Cost: 610.33
2024-04-17 18:12 | INFO | Bin size = 12
2024-04-17 18:12 | INFO | Query 1 Size of the uncertainty table is = 1202/1200
2024-04-17 18:12 | INFO | Query 1 Size of the filtered table is = 12
2024-04-17 18:13 | INFO | Query 1 Active Learning Random Query Runtime on Validation Set: 86416.72
2024-04-17 18:13 | INFO | Query 1 Active Learning Random Query Runtime on Test Set: 95110.03
2024-04-17 18:13 | INFO | Query 1 Active Learning Random Query Instance Cost: 1014.99
2024-04-17 18:13 | INFO | Query 2 Size of the uncertainty table is = 1191/1200
2024-04-17 18:13 | INFO | Query 2 Size of the filtered table is = 12
2024-04-17 18:13 | INFO | Query 2 Active Learning Random Query Runtime on Validation Set: 86416.72
2024-04-17 18:13 | INFO | Query 2 Active Learning Random Query Runtime on Test Set: 131094.63
2024-04-17 18:13 | INFO | Query 2 Active Learning Random Query Instance Cost: 1848.94
2024-04-17 18:13 | INFO | Timeout limit is increased to 200
2024-04-17 18:13 | INFO | Query 3 Size of the uncertainty table is = 1181/1200
2024-04-17 18:13 | INFO | Query 3 Size of the filtered table is = 12
2024-04-17 18:13 | INFO | Query 3 Active Learning Random Query Runtime on Validation Set: 86416.72
2024-04-17 18:13 | INFO | Query 3 Active Learning Random Query Runtime on Test Set: 129413.51
2024-04-17 18:13 | INFO | Query 3 Active Learning Random Query Instance Cost: 2311.46
2024-04-17 18:13 | INFO | Timeout limit is increased to 300
2024-04-17 18:13 | INFO | Query 4 Size of the uncertainty table is = 1169/1200
2024-04-17 18:13 | INFO | Query 4 Size of the filtered table is = 12
2024-04-17 18:13 | INFO | Query 4 Active Learning Random Query Runtime on Validation Set: 86416.34
2024-04-17 18:13 | INFO | Query 4 Active Learning Random Query Runtime on Test Set: 129413.79
2024-04-17 18:13 | INFO | Query 4 Active Learning Random Query Instance Cost: 2981.94
2024-04-17 18:13 | INFO | Query 5 Size of the uncertainty table is = 1158/1200
2024-04-17 18:13 | INFO | Query 5 Size of the filtered table is = 12
2024-04-17 18:13 | INFO | Query 5 Active Learning Random Query Runtime on Validation Set: 86416.34
2024-04-17 18:13 | INFO | Query 5 Active Learning Random Query Runtime on Test Set: 131095.54
2024-04-17 18:13 | INFO | Query 5 Active Learning Random Query Instance Cost: 3087.86
2024-04-17 18:13 | INFO | Timeout limit is increased to 400
2024-04-17 18:13 | INFO | Query 6 Size of the uncertainty table is = 1146/1200
2024-04-17 18:13 | INFO | Query 6 Size of the filtered table is = 12
2024-04-17 18:13 | INFO | Query 6 Active Learning Random Query Runtime on Validation Set: 86416.34
2024-04-17 18:13 | INFO | Query 6 Active Learning Random Query Runtime on Test Set: 131095.17
2024-04-17 18:13 | INFO | Query 6 Active Learning Random Query Instance Cost: 4303.2
2024-04-17 18:13 | INFO | Timeout limit is increased to 500
2024-04-17 18:13 | INFO | Query 7 Size of the uncertainty table is = 1135/1200
2024-04-17 18:13 | INFO | Query 7 Size of the filtered table is = 12
2024-04-17 18:13 | INFO | Query 7 Active Learning Random Query Runtime on Validation Set: 90867.44
2024-04-17 18:13 | INFO | Query 7 Active Learning Random Query Runtime on Test Set: 94948.21
2024-04-17 18:13 | INFO | Query 7 Active Learning Random Query Instance Cost: 4892.23
2024-04-17 18:13 | INFO | Timeout limit is increased to 600
2024-04-17 18:13 | INFO | Query 8 Size of the uncertainty table is = 1123/1200
2024-04-17 18:13 | INFO | Query 8 Size of the filtered table is = 12
2024-04-17 18:13 | INFO | Query 8 Active Learning Random Query Runtime on Validation Set: 90867.44
2024-04-17 18:13 | INFO | Query 8 Active Learning Random Query Runtime on Test Set: 94947.74
2024-04-17 18:13 | INFO | Query 8 Active Learning Random Query Instance Cost: 7010.36
2024-04-17 18:13 | INFO | Timeout limit is increased to 700
2024-04-17 18:13 | INFO | Query 9 Size of the uncertainty table is = 1111/1200
2024-04-17 18:13 | INFO | Query 9 Size of the filtered table is = 12
2024-04-17 18:13 | INFO | Query 9 Active Learning Random Query Runtime on Validation Set: 90867.45
2024-04-17 18:13 | INFO | Query 9 Active Learning Random Query Runtime on Test Set: 129413.42
2024-04-17 18:13 | INFO | Query 9 Active Learning Random Query Instance Cost: 9215.78
2024-04-17 18:13 | INFO | Timeout limit is increased to 800
2024-04-17 18:13 | INFO | Query 10 Size of the uncertainty table is = 1099/1200
2024-04-17 18:13 | INFO | Query 10 Size of the filtered table is = 12
2024-04-17 18:13 | INFO | Query 10 Active Learning Random Query Runtime on Validation Set: 86416.34
2024-04-17 18:13 | INFO | Query 10 Active Learning Random Query Runtime on Test Set: 129413.31
2024-04-17 18:13 | INFO | Query 10 Active Learning Random Query Instance Cost: 10042.36
2024-04-17 18:13 | INFO | Query 11 Size of the uncertainty table is = 1087/1200
2024-04-17 18:13 | INFO | Query 11 Size of the filtered table is = 12
2024-04-17 18:13 | INFO | Query 11 Active Learning Random Query Runtime on Validation Set: 90867.45
2024-04-17 18:13 | INFO | Query 11 Active Learning Random Query Runtime on Test Set: 131094.42
2024-04-17 18:13 | INFO | Query 11 Active Learning Random Query Instance Cost: 11648.28
2024-04-17 18:13 | INFO | Timeout limit is increased to 900
2024-04-17 18:13 | INFO | Query 12 Size of the uncertainty table is = 1076/1200
2024-04-17 18:13 | INFO | Query 12 Size of the filtered table is = 12
2024-04-17 18:13 | INFO | Query 12 Active Learning Random Query Runtime on Validation Set: 90867.45
2024-04-17 18:13 | INFO | Query 12 Active Learning Random Query Runtime on Test Set: 129413.21
2024-04-17 18:13 | INFO | Query 12 Active Learning Random Query Instance Cost: 13458.48
2024-04-17 18:13 | INFO | Timeout limit is increased to 1000
2024-04-17 18:13 | INFO | Query 13 Size of the uncertainty table is = 1065/1200
2024-04-17 18:13 | INFO | Query 13 Size of the filtered table is = 12
2024-04-17 18:14 | INFO | Query 13 Active Learning Random Query Runtime on Validation Set: 86416.34
2024-04-17 18:14 | INFO | Query 13 Active Learning Random Query Runtime on Test Set: 129413.23
2024-04-17 18:14 | INFO | Query 13 Active Learning Random Query Instance Cost: 14560.23
2024-04-17 18:14 | INFO | Query 14 Size of the uncertainty table is = 1053/1200
2024-04-17 18:14 | INFO | Query 14 Size of the filtered table is = 12
2024-04-17 18:14 | INFO | Query 14 Active Learning Random Query Runtime on Validation Set: 86416.34
2024-04-17 18:14 | INFO | Query 14 Active Learning Random Query Runtime on Test Set: 129413.27
2024-04-17 18:14 | INFO | Query 14 Active Learning Random Query Instance Cost: 15599.88
2024-04-17 18:14 | INFO | Timeout limit is increased to 1100
2024-04-17 18:14 | INFO | Query 15 Size of the uncertainty table is = 1041/1200
2024-04-17 18:14 | INFO | Query 15 Size of the filtered table is = 12
2024-04-17 18:14 | INFO | Query 15 Active Learning Random Query Runtime on Validation Set: 86416.34
2024-04-17 18:14 | INFO | Query 15 Active Learning Random Query Runtime on Test Set: 129413.27
2024-04-17 18:14 | INFO | Query 15 Active Learning Random Query Instance Cost: 17061.72
2024-04-17 18:14 | INFO | Timeout limit is increased to 1200
2024-04-17 18:14 | INFO | Query 16 Size of the uncertainty table is = 1029/1200
2024-04-17 18:14 | INFO | Query 16 Size of the filtered table is = 12
2024-04-17 18:14 | INFO | Query 16 Active Learning Random Query Runtime on Validation Set: 90867.45
2024-04-17 18:14 | INFO | Query 16 Active Learning Random Query Runtime on Test Set: 129413.27
2024-04-17 18:14 | INFO | Query 16 Active Learning Random Query Instance Cost: 20995.03
2024-04-17 18:14 | INFO | Timeout limit is increased to 1300
2024-04-17 18:14 | INFO | Query 17 Size of the uncertainty table is = 1018/1200
2024-04-17 18:14 | INFO | Query 17 Size of the filtered table is = 12
2024-04-17 18:14 | INFO | Query 17 Active Learning Random Query Runtime on Validation Set: 86416.34
2024-04-17 18:14 | INFO | Query 17 Active Learning Random Query Runtime on Test Set: 129413.36
2024-04-17 18:14 | INFO | Query 17 Active Learning Random Query Instance Cost: 22383.6
2024-04-17 18:14 | INFO | Query 18 Size of the uncertainty table is = 1006/1200
2024-04-17 18:14 | INFO | Query 18 Size of the filtered table is = 12
2024-04-17 18:14 | INFO | Query 18 Active Learning Random Query Runtime on Validation Set: 86416.34
2024-04-17 18:14 | INFO | Query 18 Active Learning Random Query Runtime on Test Set: 129413.7
2024-04-17 18:14 | INFO | Query 18 Active Learning Random Query Instance Cost: 28264.17
2024-04-17 18:14 | INFO | Timeout limit is increased to 1400
2024-04-17 18:14 | INFO | Query 19 Size of the uncertainty table is = 994/1200
2024-04-17 18:14 | INFO | Query 19 Size of the filtered table is = 12
2024-04-17 18:14 | INFO | Query 19 Active Learning Random Query Runtime on Validation Set: 86416.37
2024-04-17 18:14 | INFO | Query 19 Active Learning Random Query Runtime on Test Set: 129413.7
2024-04-17 18:14 | INFO | Query 19 Active Learning Random Query Instance Cost: 32480.09
2024-04-17 18:14 | INFO | Timeout limit is increased to 1500
2024-04-17 18:14 | INFO | Query 20 Size of the uncertainty table is = 983/1200
2024-04-17 18:14 | INFO | Query 20 Size of the filtered table is = 12
2024-04-17 18:14 | INFO | Query 20 Active Learning Random Query Runtime on Validation Set: 90866.85
2024-04-17 18:14 | INFO | Query 20 Active Learning Random Query Runtime on Test Set: 94947.86
2024-04-17 18:14 | INFO | Query 20 Active Learning Random Query Instance Cost: 34013.18
2024-04-17 18:14 | INFO | Timeout limit is increased to 1600
2024-04-17 18:14 | INFO | Query 21 Size of the uncertainty table is = 971/1200
2024-04-17 18:14 | INFO | Query 21 Size of the filtered table is = 12
2024-04-17 18:14 | INFO | Query 21 Active Learning Random Query Runtime on Validation Set: 86415.74
2024-04-17 18:14 | INFO | Query 21 Active Learning Random Query Runtime on Test Set: 58963.37
2024-04-17 18:14 | INFO | Query 21 Active Learning Random Query Instance Cost: 34042.6
2024-04-17 18:14 | INFO | Query 22 Size of the uncertainty table is = 959/1200
2024-04-17 18:14 | INFO | Query 22 Size of the filtered table is = 12
2024-04-17 18:14 | INFO | Query 22 Active Learning Random Query Runtime on Validation Set: 90867.51
2024-04-17 18:14 | INFO | Query 22 Active Learning Random Query Runtime on Test Set: 94947.77
2024-04-17 18:14 | INFO | Query 22 Active Learning Random Query Instance Cost: 36036.39
2024-04-17 18:14 | INFO | Timeout limit is increased to 1700
2024-04-17 18:14 | INFO | Query 23 Size of the uncertainty table is = 947/1200
2024-04-17 18:14 | INFO | Query 23 Size of the filtered table is = 12
2024-04-17 18:14 | INFO | Query 23 Active Learning Random Query Runtime on Validation Set: 90866.85
2024-04-17 18:14 | INFO | Query 23 Active Learning Random Query Runtime on Test Set: 58963.28
2024-04-17 18:14 | INFO | Query 23 Active Learning Random Query Instance Cost: 38741.88
2024-04-17 18:14 | INFO | Query 24 Size of the uncertainty table is = 935/1200
2024-04-17 18:14 | INFO | Query 24 Size of the filtered table is = 12
2024-04-17 18:14 | INFO | Query 24 Active Learning Random Query Runtime on Validation Set: 86414.14
2024-04-17 18:14 | INFO | Query 24 Active Learning Random Query Runtime on Test Set: 58962.88
2024-04-17 18:14 | INFO | Query 24 Active Learning Random Query Instance Cost: 46049.06
2024-04-17 18:14 | INFO | Query 25 Size of the uncertainty table is = 924/1200
2024-04-17 18:14 | INFO | Query 25 Size of the filtered table is = 12
2024-04-17 18:14 | INFO | Query 25 Active Learning Random Query Runtime on Validation Set: 90867.51
2024-04-17 18:14 | INFO | Query 25 Active Learning Random Query Runtime on Test Set: 93428.59
2024-04-17 18:14 | INFO | Query 25 Active Learning Random Query Instance Cost: 47783.11
2024-04-17 18:14 | INFO | Timeout limit is increased to 1800
2024-04-17 18:14 | INFO | Query 26 Size of the uncertainty table is = 912/1200
2024-04-17 18:14 | INFO | Query 26 Size of the filtered table is = 12
2024-04-17 18:15 | INFO | Query 26 Active Learning Random Query Runtime on Validation Set: 86414.14
2024-04-17 18:15 | INFO | Query 26 Active Learning Random Query Runtime on Test Set: 93428.56
2024-04-17 18:15 | INFO | Query 26 Active Learning Random Query Instance Cost: 53305.51
2024-04-17 18:15 | INFO | Query 27 Size of the uncertainty table is = 900/1200
2024-04-17 18:15 | INFO | Query 27 Size of the filtered table is = 12
2024-04-17 18:15 | INFO | Query 27 Active Learning Random Query Runtime on Validation Set: 90866.8
2024-04-17 18:15 | INFO | Query 27 Active Learning Random Query Runtime on Test Set: 93428.6
2024-04-17 18:15 | INFO | Query 27 Active Learning Random Query Instance Cost: 53597.96
2024-04-17 18:15 | INFO | Timeout limit is increased to 1900
2024-04-17 18:15 | INFO | Query 28 Size of the uncertainty table is = 889/1200
2024-04-17 18:15 | INFO | Query 28 Size of the filtered table is = 12
2024-04-17 18:15 | INFO | Query 28 Active Learning Random Query Runtime on Validation Set: 90866.85
2024-04-17 18:15 | INFO | Query 28 Active Learning Random Query Runtime on Test Set: 58963.29
2024-04-17 18:15 | INFO | Query 28 Active Learning Random Query Instance Cost: 53767.15
2024-04-17 18:15 | INFO | Timeout limit is increased to 2000
2024-04-17 18:15 | INFO | Query 29 Size of the uncertainty table is = 877/1200
2024-04-17 18:15 | INFO | Query 29 Size of the filtered table is = 12
2024-04-17 18:15 | INFO | Query 29 Active Learning Random Query Runtime on Validation Set: 90866.85
2024-04-17 18:15 | INFO | Query 29 Active Learning Random Query Runtime on Test Set: 58962.9
2024-04-17 18:15 | INFO | Query 29 Active Learning Random Query Instance Cost: 57851.2
2024-04-17 18:15 | INFO | Timeout limit is increased to 2100
2024-04-17 18:15 | INFO | Query 30 Size of the uncertainty table is = 865/1200
2024-04-17 18:15 | INFO | Query 30 Size of the filtered table is = 12
2024-04-17 18:15 | INFO | Query 30 Active Learning Random Query Runtime on Validation Set: 90866.85
2024-04-17 18:15 | INFO | Query 30 Active Learning Random Query Runtime on Test Set: 58962.87
2024-04-17 18:15 | INFO | Query 30 Active Learning Random Query Instance Cost: 60030.72
2024-04-17 18:15 | INFO | Timeout limit is increased to 2200
2024-04-17 18:15 | INFO | Query 31 Size of the uncertainty table is = 853/1200
2024-04-17 18:15 | INFO | Query 31 Size of the filtered table is = 12
2024-04-17 18:15 | INFO | Query 31 Active Learning Random Query Runtime on Validation Set: 90866.85
2024-04-17 18:15 | INFO | Query 31 Active Learning Random Query Runtime on Test Set: 58962.88
2024-04-17 18:15 | INFO | Query 31 Active Learning Random Query Instance Cost: 63067.61
2024-04-17 18:15 | INFO | Timeout limit is increased to 2300
2024-04-17 18:15 | INFO | Query 32 Size of the uncertainty table is = 842/1200
2024-04-17 18:15 | INFO | Query 32 Size of the filtered table is = 12
2024-04-17 18:15 | INFO | Query 32 Active Learning Random Query Runtime on Validation Set: 90866.85
2024-04-17 18:15 | INFO | Query 32 Active Learning Random Query Runtime on Test Set: 58962.92
2024-04-17 18:15 | INFO | Query 32 Active Learning Random Query Instance Cost: 66497.57
2024-04-17 18:15 | INFO | Timeout limit is increased to 2400
2024-04-17 18:15 | INFO | Query 33 Size of the uncertainty table is = 830/1200
2024-04-17 18:15 | INFO | Query 33 Size of the filtered table is = 12
2024-04-17 18:15 | INFO | Query 33 Active Learning Random Query Runtime on Validation Set: 90866.85
2024-04-17 18:15 | INFO | Query 33 Active Learning Random Query Runtime on Test Set: 58962.85
2024-04-17 18:15 | INFO | Query 33 Active Learning Random Query Instance Cost: 69220.43
2024-04-17 18:15 | INFO | Timeout limit is increased to 2500
2024-04-17 18:15 | INFO | Query 34 Size of the uncertainty table is = 818/1200
2024-04-17 18:15 | INFO | Query 34 Size of the filtered table is = 12
2024-04-17 18:15 | INFO | Query 34 Active Learning Random Query Runtime on Validation Set: 90866.85
2024-04-17 18:15 | INFO | Query 34 Active Learning Random Query Runtime on Test Set: 58962.9
2024-04-17 18:15 | INFO | Query 34 Active Learning Random Query Instance Cost: 72715.42
2024-04-17 18:15 | INFO | Timeout limit is increased to 2600
2024-04-17 18:15 | INFO | Query 35 Size of the uncertainty table is = 806/1200
2024-04-17 18:15 | INFO | Query 35 Size of the filtered table is = 12
2024-04-17 18:15 | INFO | Query 35 Active Learning Random Query Runtime on Validation Set: 90866.85
2024-04-17 18:15 | INFO | Query 35 Active Learning Random Query Runtime on Test Set: 58962.85
2024-04-17 18:15 | INFO | Query 35 Active Learning Random Query Instance Cost: 75436.75
2024-04-17 18:15 | INFO | Timeout limit is increased to 2700
2024-04-17 18:15 | INFO | Query 36 Size of the uncertainty table is = 794/1200
2024-04-17 18:15 | INFO | Query 36 Size of the filtered table is = 12
2024-04-17 18:15 | INFO | Query 36 Active Learning Random Query Runtime on Validation Set: 90866.85
2024-04-17 18:15 | INFO | Query 36 Active Learning Random Query Runtime on Test Set: 58962.9
2024-04-17 18:15 | INFO | Query 36 Active Learning Random Query Instance Cost: 78692.12
2024-04-17 18:15 | INFO | Timeout limit is increased to 2800
2024-04-17 18:15 | INFO | Query 37 Size of the uncertainty table is = 782/1200
2024-04-17 18:15 | INFO | Query 37 Size of the filtered table is = 12
2024-04-17 18:15 | INFO | Query 37 Active Learning Random Query Runtime on Validation Set: 90866.85
2024-04-17 18:15 | INFO | Query 37 Active Learning Random Query Runtime on Test Set: 58962.87
2024-04-17 18:15 | INFO | Query 37 Active Learning Random Query Instance Cost: 84513.69
2024-04-17 18:15 | INFO | Timeout limit is increased to 2900
2024-04-17 18:15 | INFO | Query 38 Size of the uncertainty table is = 770/1200
2024-04-17 18:15 | INFO | Query 38 Size of the filtered table is = 12
2024-04-17 18:16 | INFO | Query 38 Active Learning Random Query Runtime on Validation Set: 90866.85
2024-04-17 18:16 | INFO | Query 38 Active Learning Random Query Runtime on Test Set: 58963.25
2024-04-17 18:16 | INFO | Query 38 Active Learning Random Query Instance Cost: 93739.66
2024-04-17 18:16 | INFO | Timeout limit is increased to 3000
2024-04-17 18:16 | INFO | Query 39 Size of the uncertainty table is = 758/1200
2024-04-17 18:16 | INFO | Query 39 Size of the filtered table is = 12
2024-04-17 18:16 | INFO | Query 39 Active Learning Random Query Runtime on Validation Set: 90866.85
2024-04-17 18:16 | INFO | Query 39 Active Learning Random Query Runtime on Test Set: 58962.78
2024-04-17 18:16 | INFO | Query 39 Active Learning Random Query Instance Cost: 104843.52
2024-04-17 18:16 | INFO | Timeout limit is increased to 3100
2024-04-17 18:16 | INFO | Query 40 Size of the uncertainty table is = 746/1200
2024-04-17 18:16 | INFO | Query 40 Size of the filtered table is = 12
2024-04-17 18:16 | INFO | Query 40 Active Learning Random Query Runtime on Validation Set: 90866.85
2024-04-17 18:16 | INFO | Query 40 Active Learning Random Query Runtime on Test Set: 58962.87
2024-04-17 18:16 | INFO | Query 40 Active Learning Random Query Instance Cost: 112024.73
2024-04-17 18:16 | INFO | Timeout limit is increased to 3200
2024-04-17 18:16 | INFO | Query 41 Size of the uncertainty table is = 734/1200
2024-04-17 18:16 | INFO | Query 41 Size of the filtered table is = 12
2024-04-17 18:16 | INFO | Query 41 Active Learning Random Query Runtime on Validation Set: 90866.85
2024-04-17 18:16 | INFO | Query 41 Active Learning Random Query Runtime on Test Set: 58962.83
2024-04-17 18:16 | INFO | Query 41 Active Learning Random Query Instance Cost: 121726.84
2024-04-17 18:16 | INFO | Timeout limit is increased to 3300
2024-04-17 18:16 | INFO | Query 42 Size of the uncertainty table is = 722/1200
2024-04-17 18:16 | INFO | Query 42 Size of the filtered table is = 12
2024-04-17 18:16 | INFO | Query 42 Active Learning Random Query Runtime on Validation Set: 90866.85
2024-04-17 18:16 | INFO | Query 42 Active Learning Random Query Runtime on Test Set: 58963.18
2024-04-17 18:16 | INFO | Query 42 Active Learning Random Query Instance Cost: 129437.32
2024-04-17 18:16 | INFO | Timeout limit is increased to 3400
2024-04-17 18:16 | INFO | Query 43 Size of the uncertainty table is = 711/1200
2024-04-17 18:16 | INFO | Query 43 Size of the filtered table is = 12
2024-04-17 18:16 | INFO | Query 43 Active Learning Random Query Runtime on Validation Set: 90866.85
2024-04-17 18:16 | INFO | Query 43 Active Learning Random Query Runtime on Test Set: 130758.66
2024-04-17 18:16 | INFO | Query 43 Active Learning Random Query Instance Cost: 134192.99
2024-04-17 18:16 | INFO | Timeout limit is increased to 3500
2024-04-17 18:16 | INFO | Query 44 Size of the uncertainty table is = 699/1200
2024-04-17 18:16 | INFO | Query 44 Size of the filtered table is = 12
2024-04-17 18:16 | INFO | Query 44 Active Learning Random Query Runtime on Validation Set: 90866.85
2024-04-17 18:16 | INFO | Query 44 Active Learning Random Query Runtime on Test Set: 130758.66
2024-04-17 18:16 | INFO | Query 44 Active Learning Random Query Instance Cost: 137896.21
2024-04-17 18:16 | INFO | Timeout limit is increased to 3600
2024-04-17 18:16 | INFO | Query 45 Size of the uncertainty table is = 687/1200
2024-04-17 18:16 | INFO | Query 45 Size of the filtered table is = 12
2024-04-17 18:16 | INFO | Query 45 Active Learning Random Query Runtime on Validation Set: 90866.85
2024-04-17 18:16 | INFO | Query 45 Active Learning Random Query Runtime on Test Set: 94947.74
2024-04-17 18:16 | INFO | Query 45 Active Learning Random Query Instance Cost: 141790.32
2024-04-17 18:16 | INFO | Timeout limit is increased to 3600
2024-04-17 18:16 | INFO | Query 46 Size of the uncertainty table is = 665/1200
2024-04-17 18:16 | INFO | Query 46 Size of the filtered table is = 12
2024-04-17 18:16 | INFO | Query 46 Active Learning Random Query Runtime on Validation Set: 90866.85
2024-04-17 18:16 | INFO | Query 46 Active Learning Random Query Runtime on Test Set: 130758.65
2024-04-17 18:16 | INFO | Query 46 Active Learning Random Query Instance Cost: 145518.44
2024-04-17 18:16 | INFO | Timeout limit is increased to 3600
2024-04-17 18:16 | INFO | Query 47 Size of the uncertainty table is = 653/1200
2024-04-17 18:16 | INFO | Query 47 Size of the filtered table is = 12
2024-04-17 18:16 | INFO | Query 47 Active Learning Random Query Runtime on Validation Set: 90866.87
2024-04-17 18:16 | INFO | Query 47 Active Learning Random Query Runtime on Test Set: 130758.63
2024-04-17 18:16 | INFO | Query 47 Active Learning Random Query Instance Cost: 145578.48
2024-04-17 18:16 | INFO | Timeout limit is increased to 3600
2024-04-17 18:16 | INFO | Query 48 Size of the uncertainty table is = 641/1200
2024-04-17 18:16 | INFO | Query 48 Size of the filtered table is = 12
2024-04-17 18:16 | INFO | Query 48 Active Learning Random Query Runtime on Validation Set: 90866.87
2024-04-17 18:16 | INFO | Query 48 Active Learning Random Query Runtime on Test Set: 60643.98
2024-04-17 18:16 | INFO | Query 48 Active Learning Random Query Instance Cost: 145666.34
2024-04-17 18:16 | INFO | Timeout limit is increased to 3600
2024-04-17 18:16 | INFO | Query 49 Size of the uncertainty table is = 629/1200
2024-04-17 18:16 | INFO | Query 49 Size of the filtered table is = 12
2024-04-17 18:16 | INFO | Query 49 Active Learning Random Query Runtime on Validation Set: 90866.85
2024-04-17 18:16 | INFO | Query 49 Active Learning Random Query Runtime on Test Set: 130758.65
2024-04-17 18:16 | INFO | Query 49 Active Learning Random Query Instance Cost: 156710.74
2024-04-17 18:16 | INFO | Query 50 Size of the uncertainty table is = 617/1200
2024-04-17 18:16 | INFO | Query 50 Size of the filtered table is = 12
2024-04-17 18:17 | INFO | Query 50 Active Learning Random Query Runtime on Validation Set: 90866.85
2024-04-17 18:17 | INFO | Query 50 Active Learning Random Query Runtime on Test Set: 130758.63
2024-04-17 18:17 | INFO | Query 50 Active Learning Random Query Instance Cost: 163944.01
2024-04-17 18:17 | INFO | Timeout limit is increased to 3600
2024-04-17 18:17 | INFO | Query 51 Size of the uncertainty table is = 605/1200
2024-04-17 18:17 | INFO | Query 51 Size of the filtered table is = 12
2024-04-17 18:17 | INFO | Query 51 Active Learning Random Query Runtime on Validation Set: 90866.85
2024-04-17 18:17 | INFO | Query 51 Active Learning Random Query Runtime on Test Set: 130758.65
2024-04-17 18:17 | INFO | Query 51 Active Learning Random Query Instance Cost: 174047.65
2024-04-17 18:17 | INFO | Timeout limit is increased to 3600
2024-04-17 18:17 | INFO | Query 52 Size of the uncertainty table is = 593/1200
2024-04-17 18:17 | INFO | Query 52 Size of the filtered table is = 12
2024-04-17 18:17 | INFO | Query 52 Active Learning Random Query Runtime on Validation Set: 90866.85
2024-04-17 18:17 | INFO | Query 52 Active Learning Random Query Runtime on Test Set: 130758.61
2024-04-17 18:17 | INFO | Query 52 Active Learning Random Query Instance Cost: 181830.46
2024-04-17 18:17 | INFO | Timeout limit is increased to 3600
2024-04-17 18:17 | INFO | Query 53 Size of the uncertainty table is = 581/1200
2024-04-17 18:17 | INFO | Query 53 Size of the filtered table is = 12
2024-04-17 18:17 | INFO | Query 53 Active Learning Random Query Runtime on Validation Set: 90866.85
2024-04-17 18:17 | INFO | Query 53 Active Learning Random Query Runtime on Test Set: 94774.3
2024-04-17 18:17 | INFO | Query 53 Active Learning Random Query Instance Cost: 181861.24
2024-04-17 18:17 | INFO | Timeout limit is increased to 3600
2024-04-17 18:17 | INFO | Query 54 Size of the uncertainty table is = 569/1200
2024-04-17 18:17 | INFO | Query 54 Size of the filtered table is = 12
2024-04-17 18:17 | INFO | Query 54 Active Learning Random Query Runtime on Validation Set: 90866.85
2024-04-17 18:17 | INFO | Query 54 Active Learning Random Query Runtime on Test Set: 130759.18
2024-04-17 18:17 | INFO | Query 54 Active Learning Random Query Instance Cost: 181895.06
2024-04-17 18:17 | INFO | Timeout limit is increased to 3600
2024-04-17 18:17 | INFO | Query 55 Size of the uncertainty table is = 557/1200
2024-04-17 18:17 | INFO | Query 55 Size of the filtered table is = 12
2024-04-17 18:17 | INFO | Query 55 Active Learning Random Query Runtime on Validation Set: 90866.85
2024-04-17 18:17 | INFO | Query 55 Active Learning Random Query Runtime on Test Set: 130758.65
2024-04-17 18:17 | INFO | Query 55 Active Learning Random Query Instance Cost: 186246.19
2024-04-17 18:17 | INFO | Timeout limit is increased to 3600
2024-04-17 18:17 | INFO | Query 56 Size of the uncertainty table is = 545/1200
2024-04-17 18:17 | INFO | Query 56 Size of the filtered table is = 12
2024-04-17 18:17 | INFO | Query 56 Active Learning Random Query Runtime on Validation Set: 90866.85
2024-04-17 18:17 | INFO | Query 56 Active Learning Random Query Runtime on Test Set: 130758.61
2024-04-17 18:17 | INFO | Query 56 Active Learning Random Query Instance Cost: 194403.7
2024-04-17 18:17 | INFO | Timeout limit is increased to 3600
2024-04-17 18:17 | INFO | Query 57 Size of the uncertainty table is = 533/1200
2024-04-17 18:17 | INFO | Query 57 Size of the filtered table is = 12
2024-04-17 18:17 | INFO | Query 57 Active Learning Random Query Runtime on Validation Set: 90866.85
2024-04-17 18:17 | INFO | Query 57 Active Learning Random Query Runtime on Test Set: 130759.17
2024-04-17 18:17 | INFO | Query 57 Active Learning Random Query Instance Cost: 198138.3
2024-04-17 18:17 | INFO | Timeout limit is increased to 3600
2024-04-17 18:17 | INFO | Query 58 Size of the uncertainty table is = 521/1200
2024-04-17 18:17 | INFO | Query 58 Size of the filtered table is = 12
2024-04-17 18:17 | INFO | Query 58 Active Learning Random Query Runtime on Validation Set: 90866.85
2024-04-17 18:17 | INFO | Query 58 Active Learning Random Query Runtime on Test Set: 130758.63
2024-04-17 18:17 | INFO | Query 58 Active Learning Random Query Instance Cost: 204320.51
2024-04-17 18:17 | INFO | Timeout limit is increased to 3600
2024-04-17 18:17 | INFO | Query 59 Size of the uncertainty table is = 509/1200
2024-04-17 18:17 | INFO | Query 59 Size of the filtered table is = 12
2024-04-17 18:17 | INFO | Query 59 Active Learning Random Query Runtime on Validation Set: 90866.85
2024-04-17 18:17 | INFO | Query 59 Active Learning Random Query Runtime on Test Set: 130758.59
2024-04-17 18:17 | INFO | Query 59 Active Learning Random Query Instance Cost: 204328.5
2024-04-17 18:17 | INFO | Timeout limit is increased to 3600
2024-04-17 18:17 | INFO | Query 60 Size of the uncertainty table is = 497/1200
2024-04-17 18:17 | INFO | Query 60 Size of the filtered table is = 12
2024-04-17 18:17 | INFO | Query 60 Active Learning Random Query Runtime on Validation Set: 90866.85
2024-04-17 18:17 | INFO | Query 60 Active Learning Random Query Runtime on Test Set: 130758.61
2024-04-17 18:17 | INFO | Query 60 Active Learning Random Query Instance Cost: 215348.46
2024-04-17 18:17 | INFO | Timeout limit is increased to 3600
2024-04-17 18:17 | INFO | Query 61 Size of the uncertainty table is = 485/1200
2024-04-17 18:17 | INFO | Query 61 Size of the filtered table is = 12
2024-04-17 18:17 | INFO | Query 61 Active Learning Random Query Runtime on Validation Set: 90866.85
2024-04-17 18:17 | INFO | Query 61 Active Learning Random Query Runtime on Test Set: 130758.62
2024-04-17 18:17 | INFO | Query 61 Active Learning Random Query Instance Cost: 227147.3
2024-04-17 18:17 | INFO | Timeout limit is increased to 3600
2024-04-17 18:17 | INFO | Query 62 Size of the uncertainty table is = 473/1200
2024-04-17 18:17 | INFO | Query 62 Size of the filtered table is = 12
2024-04-17 18:18 | INFO | Query 62 Active Learning Random Query Runtime on Validation Set: 90866.85
2024-04-17 18:18 | INFO | Query 62 Active Learning Random Query Runtime on Test Set: 130758.69
2024-04-17 18:18 | INFO | Query 62 Active Learning Random Query Instance Cost: 241600.22
2024-04-17 18:18 | INFO | Timeout limit is increased to 3600
2024-04-17 18:18 | INFO | Query 63 Size of the uncertainty table is = 461/1200
2024-04-17 18:18 | INFO | Query 63 Size of the filtered table is = 12
2024-04-17 18:18 | INFO | Query 63 Active Learning Random Query Runtime on Validation Set: 90866.85
2024-04-17 18:18 | INFO | Query 63 Active Learning Random Query Runtime on Test Set: 94947.71
2024-04-17 18:18 | INFO | Query 63 Active Learning Random Query Instance Cost: 242219.25
2024-04-17 18:18 | INFO | Timeout limit is increased to 3600
2024-04-17 18:18 | INFO | Query 64 Size of the uncertainty table is = 449/1200
2024-04-17 18:18 | INFO | Query 64 Size of the filtered table is = 12
2024-04-17 18:18 | INFO | Query 64 Active Learning Random Query Runtime on Validation Set: 90866.85
2024-04-17 18:18 | INFO | Query 64 Active Learning Random Query Runtime on Test Set: 94947.71
2024-04-17 18:18 | INFO | Query 64 Active Learning Random Query Instance Cost: 256313.01
2024-04-17 18:18 | INFO | Timeout limit is increased to 3600
2024-04-17 18:18 | INFO | Query 65 Size of the uncertainty table is = 437/1200
2024-04-17 18:18 | INFO | Query 65 Size of the filtered table is = 12
2024-04-17 18:18 | INFO | Query 65 Active Learning Random Query Runtime on Validation Set: 90866.85
2024-04-17 18:18 | INFO | Query 65 Active Learning Random Query Runtime on Test Set: 58962.87
2024-04-17 18:18 | INFO | Query 65 Active Learning Random Query Instance Cost: 264595.69
2024-04-17 18:18 | INFO | Timeout limit is increased to 3600
2024-04-17 18:18 | INFO | Query 66 Size of the uncertainty table is = 425/1200
2024-04-17 18:18 | INFO | Query 66 Size of the filtered table is = 12
2024-04-17 18:18 | INFO | Query 66 Active Learning Random Query Runtime on Validation Set: 90866.85
2024-04-17 18:18 | INFO | Query 66 Active Learning Random Query Runtime on Test Set: 130758.54
2024-04-17 18:18 | INFO | Query 66 Active Learning Random Query Instance Cost: 264603.12
2024-04-17 18:18 | INFO | Timeout limit is increased to 3600
2024-04-17 18:18 | INFO | Query 67 Size of the uncertainty table is = 413/1200
2024-04-17 18:18 | INFO | Query 67 Size of the filtered table is = 12
2024-04-17 18:18 | INFO | Query 67 Active Learning Random Query Runtime on Validation Set: 90866.85
2024-04-17 18:18 | INFO | Query 67 Active Learning Random Query Runtime on Test Set: 94947.63
2024-04-17 18:18 | INFO | Query 67 Active Learning Random Query Instance Cost: 273108.45
2024-04-17 18:18 | INFO | Timeout limit is increased to 3600
2024-04-17 18:18 | INFO | Query 68 Size of the uncertainty table is = 401/1200
2024-04-17 18:18 | INFO | Query 68 Size of the filtered table is = 12
2024-04-17 18:18 | INFO | Query 68 Active Learning Random Query Runtime on Validation Set: 90866.85
2024-04-17 18:18 | INFO | Query 68 Active Learning Random Query Runtime on Test Set: 58962.83
2024-04-17 18:18 | INFO | Query 68 Active Learning Random Query Instance Cost: 278051.01
2024-04-17 18:18 | INFO | Timeout limit is increased to 3600
2024-04-17 18:18 | INFO | Query 69 Size of the uncertainty table is = 389/1200
2024-04-17 18:18 | INFO | Query 69 Size of the filtered table is = 12
2024-04-17 18:18 | INFO | Query 69 Active Learning Random Query Runtime on Validation Set: 90866.85
2024-04-17 18:18 | INFO | Query 69 Active Learning Random Query Runtime on Test Set: 58962.77
2024-04-17 18:18 | INFO | Query 69 Active Learning Random Query Instance Cost: 281817.11
2024-04-17 18:18 | INFO | Timeout limit is increased to 3600
2024-04-17 18:18 | INFO | Query 70 Size of the uncertainty table is = 377/1200
2024-04-17 18:18 | INFO | Query 70 Size of the filtered table is = 12
2024-04-17 18:18 | INFO | Query 70 Active Learning Random Query Runtime on Validation Set: 90866.85
2024-04-17 18:18 | INFO | Query 70 Active Learning Random Query Runtime on Test Set: 94773.72
2024-04-17 18:18 | INFO | Query 70 Active Learning Random Query Instance Cost: 286917.13
2024-04-17 18:18 | INFO | Timeout limit is increased to 3600
2024-04-17 18:18 | INFO | Query 71 Size of the uncertainty table is = 365/1200
2024-04-17 18:18 | INFO | Query 71 Size of the filtered table is = 12
2024-04-17 18:18 | INFO | Query 71 Active Learning Random Query Runtime on Validation Set: 90866.85
2024-04-17 18:18 | INFO | Query 71 Active Learning Random Query Runtime on Test Set: 58962.8
2024-04-17 18:18 | INFO | Query 71 Active Learning Random Query Instance Cost: 289408.37
2024-04-17 18:18 | INFO | Timeout limit is increased to 3600
2024-04-17 18:18 | INFO | Query 72 Size of the uncertainty table is = 353/1200
2024-04-17 18:18 | INFO | Query 72 Size of the filtered table is = 12
2024-04-17 18:18 | INFO | Query 72 Active Learning Random Query Runtime on Validation Set: 90866.85
2024-04-17 18:18 | INFO | Query 72 Active Learning Random Query Runtime on Test Set: 58962.81
2024-04-17 18:18 | INFO | Query 72 Active Learning Random Query Instance Cost: 294869.82
2024-04-17 18:18 | INFO | Timeout limit is increased to 3600
2024-04-17 18:18 | INFO | Query 73 Size of the uncertainty table is = 341/1200
2024-04-17 18:18 | INFO | Query 73 Size of the filtered table is = 12
2024-04-17 18:19 | INFO | Query 73 Active Learning Random Query Runtime on Validation Set: 90866.85
2024-04-17 18:19 | INFO | Query 73 Active Learning Random Query Runtime on Test Set: 58962.78
2024-04-17 18:19 | INFO | Query 73 Active Learning Random Query Instance Cost: 308596.72
2024-04-17 18:19 | INFO | Timeout limit is increased to 3600
2024-04-17 18:19 | INFO | Query 74 Size of the uncertainty table is = 329/1200
2024-04-17 18:19 | INFO | Query 74 Size of the filtered table is = 12
2024-04-17 18:19 | INFO | Query 74 Active Learning Random Query Runtime on Validation Set: 90866.85
2024-04-17 18:19 | INFO | Query 74 Active Learning Random Query Runtime on Test Set: 58962.84
2024-04-17 18:19 | INFO | Query 74 Active Learning Random Query Instance Cost: 309881.73
2024-04-17 18:19 | INFO | Timeout limit is increased to 3600
2024-04-17 18:19 | INFO | Query 75 Size of the uncertainty table is = 317/1200
2024-04-17 18:19 | INFO | Query 75 Size of the filtered table is = 12
2024-04-17 18:19 | INFO | Query 75 Active Learning Random Query Runtime on Validation Set: 90866.85
2024-04-17 18:19 | INFO | Query 75 Active Learning Random Query Runtime on Test Set: 58962.83
2024-04-17 18:19 | INFO | Query 75 Active Learning Random Query Instance Cost: 327025.08
2024-04-17 18:19 | INFO | Timeout limit is increased to 3600
2024-04-17 18:19 | INFO | Query 76 Size of the uncertainty table is = 305/1200
2024-04-17 18:19 | INFO | Query 76 Size of the filtered table is = 12
2024-04-17 18:19 | INFO | Query 76 Active Learning Random Query Runtime on Validation Set: 90866.85
2024-04-17 18:19 | INFO | Query 76 Active Learning Random Query Runtime on Test Set: 58962.83
2024-04-17 18:19 | INFO | Query 76 Active Learning Random Query Instance Cost: 330818.36
2024-04-17 18:19 | INFO | Timeout limit is increased to 3600
2024-04-17 18:19 | INFO | Query 77 Size of the uncertainty table is = 293/1200
2024-04-17 18:19 | INFO | Query 77 Size of the filtered table is = 12
2024-04-17 18:19 | INFO | Query 77 Active Learning Random Query Runtime on Validation Set: 90866.85
2024-04-17 18:19 | INFO | Query 77 Active Learning Random Query Runtime on Test Set: 58962.8
2024-04-17 18:19 | INFO | Query 77 Active Learning Random Query Instance Cost: 336714.93
2024-04-17 18:19 | INFO | Timeout limit is increased to 3600
2024-04-17 18:19 | INFO | Query 78 Size of the uncertainty table is = 281/1200
2024-04-17 18:19 | INFO | Query 78 Size of the filtered table is = 12
2024-04-17 18:19 | INFO | Query 78 Active Learning Random Query Runtime on Validation Set: 90866.85
2024-04-17 18:19 | INFO | Query 78 Active Learning Random Query Runtime on Test Set: 58962.8
2024-04-17 18:19 | INFO | Query 78 Active Learning Random Query Instance Cost: 340673.2
2024-04-17 18:19 | INFO | Timeout limit is increased to 3600
2024-04-17 18:19 | INFO | Query 79 Size of the uncertainty table is = 269/1200
2024-04-17 18:19 | INFO | Query 79 Size of the filtered table is = 12
2024-04-17 18:19 | INFO | Query 79 Active Learning Random Query Runtime on Validation Set: 90866.85
2024-04-17 18:19 | INFO | Query 79 Active Learning Random Query Runtime on Test Set: 58962.77
2024-04-17 18:19 | INFO | Query 79 Active Learning Random Query Instance Cost: 350851.55
2024-04-17 18:19 | INFO | Timeout limit is increased to 3600
2024-04-17 18:19 | INFO | Query 80 Size of the uncertainty table is = 257/1200
2024-04-17 18:19 | INFO | Query 80 Size of the filtered table is = 12
2024-04-17 18:19 | INFO | Query 80 Active Learning Random Query Runtime on Validation Set: 90866.85
2024-04-17 18:19 | INFO | Query 80 Active Learning Random Query Runtime on Test Set: 58963.04
2024-04-17 18:19 | INFO | Query 80 Active Learning Random Query Instance Cost: 350872.03
2024-04-17 18:19 | INFO | Timeout limit is increased to 3600
2024-04-17 18:19 | INFO | Query 81 Size of the uncertainty table is = 245/1200
2024-04-17 18:19 | INFO | Query 81 Size of the filtered table is = 12
2024-04-17 18:19 | INFO | Query 81 Active Learning Random Query Runtime on Validation Set: 90866.85
2024-04-17 18:19 | INFO | Query 81 Active Learning Random Query Runtime on Test Set: 58962.79
2024-04-17 18:19 | INFO | Query 81 Active Learning Random Query Instance Cost: 354956.16
2024-04-17 18:19 | INFO | Timeout limit is increased to 3600
2024-04-17 18:19 | INFO | Query 82 Size of the uncertainty table is = 233/1200
2024-04-17 18:19 | INFO | Query 82 Size of the filtered table is = 12
2024-04-17 18:19 | INFO | Query 82 Active Learning Random Query Runtime on Validation Set: 90866.85
2024-04-17 18:19 | INFO | Query 82 Active Learning Random Query Runtime on Test Set: 58963.06
2024-04-17 18:19 | INFO | Query 82 Active Learning Random Query Instance Cost: 355137.97
2024-04-17 18:19 | INFO | Timeout limit is increased to 3600
2024-04-17 18:19 | INFO | Query 83 Size of the uncertainty table is = 221/1200
2024-04-17 18:19 | INFO | Query 83 Size of the filtered table is = 12
2024-04-17 18:19 | INFO | Query 83 Active Learning Random Query Runtime on Validation Set: 90866.85
2024-04-17 18:19 | INFO | Query 83 Active Learning Random Query Runtime on Test Set: 58962.74
2024-04-17 18:19 | INFO | Query 83 Active Learning Random Query Instance Cost: 362887.54
2024-04-17 18:19 | INFO | Timeout limit is increased to 3600
2024-04-17 18:19 | INFO | Query 84 Size of the uncertainty table is = 209/1200
2024-04-17 18:19 | INFO | Query 84 Size of the filtered table is = 12
2024-04-17 18:20 | INFO | Query 84 Active Learning Random Query Runtime on Validation Set: 90866.85
2024-04-17 18:20 | INFO | Query 84 Active Learning Random Query Runtime on Test Set: 58962.77
2024-04-17 18:20 | INFO | Query 84 Active Learning Random Query Instance Cost: 362898.5
2024-04-17 18:20 | INFO | Timeout limit is increased to 3600
2024-04-17 18:20 | INFO | Query 85 Size of the uncertainty table is = 197/1200
2024-04-17 18:20 | INFO | Query 85 Size of the filtered table is = 12
2024-04-17 18:20 | INFO | Query 85 Active Learning Random Query Runtime on Validation Set: 90866.85
2024-04-17 18:20 | INFO | Query 85 Active Learning Random Query Runtime on Test Set: 58962.78
2024-04-17 18:20 | INFO | Query 85 Active Learning Random Query Instance Cost: 370322.81
2024-04-17 18:20 | INFO | Timeout limit is increased to 3600
2024-04-17 18:20 | INFO | Query 86 Size of the uncertainty table is = 185/1200
2024-04-17 18:20 | INFO | Query 86 Size of the filtered table is = 12
2024-04-17 18:20 | INFO | Query 86 Active Learning Random Query Runtime on Validation Set: 90866.85
2024-04-17 18:20 | INFO | Query 86 Active Learning Random Query Runtime on Test Set: 58962.69
2024-04-17 18:20 | INFO | Query 86 Active Learning Random Query Instance Cost: 382282.98
2024-04-17 18:20 | INFO | Timeout limit is increased to 3600
2024-04-17 18:20 | INFO | Query 87 Size of the uncertainty table is = 173/1200
2024-04-17 18:20 | INFO | Query 87 Size of the filtered table is = 12
2024-04-17 18:20 | INFO | Query 87 Active Learning Random Query Runtime on Validation Set: 90866.85
2024-04-17 18:20 | INFO | Query 87 Active Learning Random Query Runtime on Test Set: 58962.69
2024-04-17 18:20 | INFO | Query 87 Active Learning Random Query Instance Cost: 390687.3
2024-04-17 18:20 | INFO | Timeout limit is increased to 3600
2024-04-17 18:20 | INFO | Query 88 Size of the uncertainty table is = 161/1200
2024-04-17 18:20 | INFO | Query 88 Size of the filtered table is = 12
2024-04-17 18:20 | INFO | Query 88 Active Learning Random Query Runtime on Validation Set: 90866.85
2024-04-17 18:20 | INFO | Query 88 Active Learning Random Query Runtime on Test Set: 58962.78
2024-04-17 18:20 | INFO | Query 88 Active Learning Random Query Instance Cost: 406566.3
2024-04-17 18:20 | INFO | Timeout limit is increased to 3600
2024-04-17 18:20 | INFO | Query 89 Size of the uncertainty table is = 149/1200
2024-04-17 18:20 | INFO | Query 89 Size of the filtered table is = 12
2024-04-17 18:20 | INFO | Query 89 Active Learning Random Query Runtime on Validation Set: 90866.85
2024-04-17 18:20 | INFO | Query 89 Active Learning Random Query Runtime on Test Set: 58962.71
2024-04-17 18:20 | INFO | Query 89 Active Learning Random Query Instance Cost: 417671.69
2024-04-17 18:20 | INFO | Timeout limit is increased to 3600
2024-04-17 18:20 | INFO | Query 90 Size of the uncertainty table is = 137/1200
2024-04-17 18:20 | INFO | Query 90 Size of the filtered table is = 12
2024-04-17 18:20 | INFO | Query 90 Active Learning Random Query Runtime on Validation Set: 90866.85
2024-04-17 18:20 | INFO | Query 90 Active Learning Random Query Runtime on Test Set: 58962.72
2024-04-17 18:20 | INFO | Query 90 Active Learning Random Query Instance Cost: 434076.12
2024-04-17 18:20 | INFO | Timeout limit is increased to 3600
2024-04-17 18:20 | INFO | Query 91 Size of the uncertainty table is = 125/1200
2024-04-17 18:20 | INFO | Query 91 Size of the filtered table is = 12
2024-04-17 18:20 | INFO | Query 91 Active Learning Random Query Runtime on Validation Set: 90866.85
2024-04-17 18:20 | INFO | Query 91 Active Learning Random Query Runtime on Test Set: 58962.68
2024-04-17 18:20 | INFO | Query 91 Active Learning Random Query Instance Cost: 443587.08
2024-04-17 18:20 | INFO | Timeout limit is increased to 3600
2024-04-17 18:20 | INFO | Query 92 Size of the uncertainty table is = 113/1200
2024-04-17 18:20 | INFO | Query 92 Size of the filtered table is = 12
2024-04-17 18:20 | INFO | Query 92 Active Learning Random Query Runtime on Validation Set: 90866.85
2024-04-17 18:20 | INFO | Query 92 Active Learning Random Query Runtime on Test Set: 58962.72
2024-04-17 18:20 | INFO | Query 92 Active Learning Random Query Instance Cost: 451129.78
2024-04-17 18:20 | INFO | Timeout limit is increased to 3600
2024-04-17 18:20 | INFO | Query 93 Size of the uncertainty table is = 101/1200
2024-04-17 18:20 | INFO | Query 93 Size of the filtered table is = 12
2024-04-17 18:20 | INFO | Query 93 Active Learning Random Query Runtime on Validation Set: 90866.85
2024-04-17 18:20 | INFO | Query 93 Active Learning Random Query Runtime on Test Set: 58962.75
2024-04-17 18:20 | INFO | Query 93 Active Learning Random Query Instance Cost: 467346.63
2024-04-17 18:20 | INFO | Timeout limit is increased to 3600
2024-04-17 18:20 | INFO | Query 94 Size of the uncertainty table is = 89/1200
2024-04-17 18:20 | INFO | Query 94 Size of the filtered table is = 12
2024-04-17 18:20 | INFO | Query 94 Active Learning Random Query Runtime on Validation Set: 90866.85
2024-04-17 18:20 | INFO | Query 94 Active Learning Random Query Runtime on Test Set: 58962.69
2024-04-17 18:20 | INFO | Query 94 Active Learning Random Query Instance Cost: 478644.76
2024-04-17 18:20 | INFO | Timeout limit is increased to 3600
2024-04-17 18:20 | INFO | Query 95 Size of the uncertainty table is = 77/1200
2024-04-17 18:20 | INFO | Query 95 Size of the filtered table is = 12
2024-04-17 18:21 | INFO | Query 95 Active Learning Random Query Runtime on Validation Set: 90866.85
2024-04-17 18:21 | INFO | Query 95 Active Learning Random Query Runtime on Test Set: 58962.74
2024-04-17 18:21 | INFO | Query 95 Active Learning Random Query Instance Cost: 482251.79
2024-04-17 18:21 | INFO | Timeout limit is increased to 3600
2024-04-17 18:21 | INFO | Query 96 Size of the uncertainty table is = 65/1200
2024-04-17 18:21 | INFO | Query 96 Size of the filtered table is = 12
2024-04-17 18:21 | INFO | Query 96 Active Learning Random Query Runtime on Validation Set: 90866.85
2024-04-17 18:21 | INFO | Query 96 Active Learning Random Query Runtime on Test Set: 58962.72
2024-04-17 18:21 | INFO | Query 96 Active Learning Random Query Instance Cost: 489516.33
2024-04-17 18:21 | INFO | Timeout limit is increased to 3600
2024-04-17 18:21 | INFO | Query 97 Size of the uncertainty table is = 53/1200
2024-04-17 18:21 | INFO | Query 97 Size of the filtered table is = 12
2024-04-17 18:21 | INFO | Query 97 Active Learning Random Query Runtime on Validation Set: 90866.85
2024-04-17 18:21 | INFO | Query 97 Active Learning Random Query Runtime on Test Set: 25527.62
2024-04-17 18:21 | INFO | Query 97 Active Learning Random Query Instance Cost: 503157.06
2024-04-17 18:21 | INFO | Timeout limit is increased to 3600
2024-04-17 18:21 | INFO | Query 98 Size of the uncertainty table is = 41/1200
2024-04-17 18:21 | INFO | Query 98 Size of the filtered table is = 12
2024-04-17 18:21 | INFO | Query 98 Active Learning Random Query Runtime on Validation Set: 90866.85
2024-04-17 18:21 | INFO | Query 98 Active Learning Random Query Runtime on Test Set: 58963.01
2024-04-17 18:21 | INFO | Query 98 Active Learning Random Query Instance Cost: 510485.33
2024-04-17 18:21 | INFO | Timeout limit is increased to 3600
2024-04-17 18:21 | INFO | Query 99 Size of the uncertainty table is = 29/1200
2024-04-17 18:21 | INFO | Query 99 Size of the filtered table is = 12
2024-04-17 18:21 | INFO | Query 99 Active Learning Random Query Runtime on Validation Set: 90866.85
2024-04-17 18:21 | INFO | Query 99 Active Learning Random Query Runtime on Test Set: 58963.06
2024-04-17 18:21 | INFO | Query 99 Active Learning Random Query Instance Cost: 511185.0
2024-04-17 18:21 | INFO | Timeout limit is increased to 3600
2024-04-17 18:21 | INFO | Query 100 Size of the uncertainty table is = 17/1200
2024-04-17 18:21 | INFO | Query 100 Size of the filtered table is = 12
2024-04-17 18:21 | INFO | Query 100 Active Learning Random Query Runtime on Validation Set: 90866.85
2024-04-17 18:21 | INFO | Query 100 Active Learning Random Query Runtime on Test Set: 58962.75
2024-04-17 18:21 | INFO | Query 100 Active Learning Random Query Instance Cost: 518750.54
2024-04-17 18:21 | INFO | Timeout limit is increased to 3600
2024-04-17 18:21 | INFO | Query 101 Size of the uncertainty table is = 5/1200
2024-04-17 18:21 | INFO | Query 101 Size of the filtered table is = 5
2024-04-17 18:21 | INFO | Query 101 Active Learning Random Query Runtime on Validation Set: 90866.85
2024-04-17 18:21 | INFO | Query 101 Active Learning Random Query Runtime on Test Set: 58962.75
2024-04-17 18:21 | INFO | Query 101 Active Learning Random Query Instance Cost: 518756.14
2024-04-17 18:21 | INFO | Timeout limit is increased to 3600
2024-04-17 18:21 | INFO | runtime_train_score is written as json file
2024-04-17 18:21 | INFO | runtime_test_score is written as json file
2024-04-17 18:21 | INFO | runtime_validation_score is written as json file
2024-04-17 18:21 | INFO | instance_cost is written as json file
2024-04-17 18:21 | INFO | Experiment is finished
