2024-04-17 18:14 | INFO | Paramaters are: {'dataset': 'MAXSAT12-PMS', 'penalty': 10, 'weight': 'No_Weight', 'voting': 'Hard', 'pre_selection_size': 64, 'pre_selection_technique': 'No_pre_selection', 'feature_elimination_threshold': 20, 'imputer_strategy': 'median', 'feature_selection_technique': 'No_feature_selection', 'feature_scaling_technique': 'StandardScaler', 'initial_train_size': 20, 'query_size': 1, 'timeout_predictor_usage': 'Yes', 'timeout_limit': 100, 'timeout_increase_rate': 100, 'RANDOM_STATE_SEED': 99, 'n_splits': 10, 'split_number': 2, 'max_timeout': 3600, 'param_grid': {'n_estimators': 100, 'criterion': 'gini', 'max_features': 'sqrt', 'max_depth': 2147483648, 'min_samples_split': 2, 'bootstrap': True}}
2024-04-17 18:14 | INFO | MAXSAT12-PMS is current dataset
2024-04-17 18:14 | INFO | DATASETS/MAXSAT12-PMS/algorithm_runs.csv is found
2024-04-17 18:14 | INFO | DATASETS/MAXSAT12-PMS/algorithm_runs.csv is finished
2024-04-17 18:14 | INFO | DATASETS/MAXSAT12-PMS/feature_values.csv is found
2024-04-17 18:14 | INFO | DATASETS/MAXSAT12-PMS/feature_values.csv is finished
2024-04-17 18:14 | INFO | DATASETS/MAXSAT12-PMS/feature_costs.csv is found
2024-04-17 18:14 | INFO | DATASETS/MAXSAT12-PMS/feature_costs.csv is finished
2024-04-17 18:14 | INFO | Feature cost of train set is 34.16
2024-04-17 18:14 | INFO | Initial Active Learning Random Query Runtime on Validation Set: 11449.69
2024-04-17 18:14 | INFO | Initial Active Learning Random Query Runtime on Test Set: 145765.08
2024-04-17 18:14 | INFO | Initial Active Learning Random Query Instance Cost: 7393.27
2024-04-17 18:14 | INFO | Bin size = 77
2024-04-17 18:14 | INFO | Query 1 Size of the uncertainty table is = 7851/7755
2024-04-17 18:14 | INFO | Query 1 Size of the filtered table is = 77
2024-04-17 18:15 | INFO | Query 1 Active Learning Random Query Runtime on Validation Set: 8275.76
2024-04-17 18:15 | INFO | Query 1 Active Learning Random Query Runtime on Test Set: 109860.2
2024-04-17 18:15 | INFO | Query 1 Active Learning Random Query Instance Cost: 14152.88
2024-04-17 18:15 | INFO | Query 2 Size of the uncertainty table is = 7770/7755
2024-04-17 18:15 | INFO | Query 2 Size of the filtered table is = 77
2024-04-17 18:15 | INFO | Query 2 Active Learning Random Query Runtime on Validation Set: 8388.19
2024-04-17 18:15 | INFO | Query 2 Active Learning Random Query Runtime on Test Set: 39355.67
2024-04-17 18:15 | INFO | Query 2 Active Learning Random Query Instance Cost: 20748.14
2024-04-17 18:15 | INFO | Timeout limit is increased to 200
2024-04-17 18:15 | INFO | Query 3 Size of the uncertainty table is = 7658/7755
2024-04-17 18:15 | INFO | Query 3 Size of the filtered table is = 77
2024-04-17 18:16 | INFO | Query 3 Active Learning Random Query Runtime on Validation Set: 8391.88
2024-04-17 18:16 | INFO | Query 3 Active Learning Random Query Runtime on Test Set: 37917.93
2024-04-17 18:16 | INFO | Query 3 Active Learning Random Query Instance Cost: 33945.75
2024-04-17 18:16 | INFO | Timeout limit is increased to 300
2024-04-17 18:16 | INFO | Query 4 Size of the uncertainty table is = 7560/7755
2024-04-17 18:16 | INFO | Query 4 Size of the filtered table is = 77
2024-04-17 18:16 | INFO | Query 4 Active Learning Random Query Runtime on Validation Set: 259548.91
2024-04-17 18:16 | INFO | Query 4 Active Learning Random Query Runtime on Test Set: 73962.55
2024-04-17 18:16 | INFO | Query 4 Active Learning Random Query Instance Cost: 49463.88
2024-04-17 18:16 | INFO | Timeout limit is increased to 400
2024-04-17 18:16 | INFO | Query 5 Size of the uncertainty table is = 7433/7755
2024-04-17 18:16 | INFO | Query 5 Size of the filtered table is = 77
2024-04-17 18:17 | INFO | Query 5 Active Learning Random Query Runtime on Validation Set: 151487.42
2024-04-17 18:17 | INFO | Query 5 Active Learning Random Query Runtime on Test Set: 74007.49
2024-04-17 18:17 | INFO | Query 5 Active Learning Random Query Instance Cost: 69897.74
2024-04-17 18:17 | INFO | Query 6 Size of the uncertainty table is = 7329/7755
2024-04-17 18:17 | INFO | Query 6 Size of the filtered table is = 77
2024-04-17 18:17 | INFO | Query 6 Active Learning Random Query Runtime on Validation Set: 44173.04
2024-04-17 18:17 | INFO | Query 6 Active Learning Random Query Runtime on Test Set: 37922.27
2024-04-17 18:17 | INFO | Query 6 Active Learning Random Query Instance Cost: 92580.04
2024-04-17 18:17 | INFO | Query 7 Size of the uncertainty table is = 7176/7755
2024-04-17 18:17 | INFO | Query 7 Size of the filtered table is = 77
2024-04-17 18:18 | INFO | Query 7 Active Learning Random Query Runtime on Validation Set: 8427.61
2024-04-17 18:18 | INFO | Query 7 Active Learning Random Query Runtime on Test Set: 73942.21
2024-04-17 18:18 | INFO | Query 7 Active Learning Random Query Instance Cost: 111825.69
2024-04-17 18:18 | INFO | Query 8 Size of the uncertainty table is = 7012/7755
2024-04-17 18:18 | INFO | Query 8 Size of the filtered table is = 77
2024-04-17 18:18 | INFO | Query 8 Active Learning Random Query Runtime on Validation Set: 8339.03
2024-04-17 18:18 | INFO | Query 8 Active Learning Random Query Runtime on Test Set: 37859.39
2024-04-17 18:18 | INFO | Query 8 Active Learning Random Query Instance Cost: 125785.97
2024-04-17 18:18 | INFO | Query 9 Size of the uncertainty table is = 6808/7755
2024-04-17 18:18 | INFO | Query 9 Size of the filtered table is = 77
2024-04-17 18:19 | INFO | Query 9 Active Learning Random Query Runtime on Validation Set: 8372.17
2024-04-17 18:19 | INFO | Query 9 Active Learning Random Query Runtime on Test Set: 38053.45
2024-04-17 18:19 | INFO | Query 9 Active Learning Random Query Instance Cost: 141558.0
2024-04-17 18:19 | INFO | Timeout limit is increased to 500
2024-04-17 18:19 | INFO | Query 10 Size of the uncertainty table is = 6624/7755
2024-04-17 18:19 | INFO | Query 10 Size of the filtered table is = 77
2024-04-17 18:19 | INFO | Query 10 Active Learning Random Query Runtime on Validation Set: 8275.33
2024-04-17 18:19 | INFO | Query 10 Active Learning Random Query Runtime on Test Set: 109982.51
2024-04-17 18:19 | INFO | Query 10 Active Learning Random Query Instance Cost: 165793.45
2024-04-17 18:19 | INFO | Query 11 Size of the uncertainty table is = 6449/7755
2024-04-17 18:19 | INFO | Query 11 Size of the filtered table is = 77
2024-04-17 18:20 | INFO | Query 11 Active Learning Random Query Runtime on Validation Set: 151335.82
2024-04-17 18:20 | INFO | Query 11 Active Learning Random Query Runtime on Test Set: 109982.34
2024-04-17 18:20 | INFO | Query 11 Active Learning Random Query Instance Cost: 187769.85
2024-04-17 18:20 | INFO | Timeout limit is increased to 600
2024-04-17 18:20 | INFO | Query 12 Size of the uncertainty table is = 6270/7755
2024-04-17 18:20 | INFO | Query 12 Size of the filtered table is = 77
2024-04-17 18:20 | INFO | Query 12 Active Learning Random Query Runtime on Validation Set: 8288.75
2024-04-17 18:20 | INFO | Query 12 Active Learning Random Query Runtime on Test Set: 109972.58
2024-04-17 18:20 | INFO | Query 12 Active Learning Random Query Instance Cost: 224015.53
2024-04-17 18:20 | INFO | Query 13 Size of the uncertainty table is = 6081/7755
2024-04-17 18:20 | INFO | Query 13 Size of the filtered table is = 77
2024-04-17 18:21 | INFO | Query 13 Active Learning Random Query Runtime on Validation Set: 8258.12
2024-04-17 18:21 | INFO | Query 13 Active Learning Random Query Runtime on Test Set: 38005.05
2024-04-17 18:21 | INFO | Query 13 Active Learning Random Query Instance Cost: 251204.85
2024-04-17 18:21 | INFO | Query 14 Size of the uncertainty table is = 5883/7755
2024-04-17 18:21 | INFO | Query 14 Size of the filtered table is = 77
2024-04-17 18:21 | INFO | Query 14 Active Learning Random Query Runtime on Validation Set: 8258.82
2024-04-17 18:21 | INFO | Query 14 Active Learning Random Query Runtime on Test Set: 73870.12
2024-04-17 18:21 | INFO | Query 14 Active Learning Random Query Instance Cost: 282309.12
2024-04-17 18:21 | INFO | Timeout limit is increased to 700
2024-04-17 18:21 | INFO | Query 15 Size of the uncertainty table is = 5674/7755
2024-04-17 18:21 | INFO | Query 15 Size of the filtered table is = 77
2024-04-17 18:22 | INFO | Query 15 Active Learning Random Query Runtime on Validation Set: 8333.01
2024-04-17 18:22 | INFO | Query 15 Active Learning Random Query Runtime on Test Set: 73882.79
2024-04-17 18:22 | INFO | Query 15 Active Learning Random Query Instance Cost: 308537.63
2024-04-17 18:22 | INFO | Timeout limit is increased to 800
2024-04-17 18:22 | INFO | Query 16 Size of the uncertainty table is = 5458/7755
2024-04-17 18:22 | INFO | Query 16 Size of the filtered table is = 77
2024-04-17 18:22 | INFO | Query 16 Active Learning Random Query Runtime on Validation Set: 330030.37
2024-04-17 18:22 | INFO | Query 16 Active Learning Random Query Runtime on Test Set: 73980.2
2024-04-17 18:22 | INFO | Query 16 Active Learning Random Query Instance Cost: 342662.47
2024-04-17 18:22 | INFO | Timeout limit is increased to 900
2024-04-17 18:22 | INFO | Query 17 Size of the uncertainty table is = 5236/7755
2024-04-17 18:22 | INFO | Query 17 Size of the filtered table is = 77
2024-04-17 18:23 | INFO | Query 17 Active Learning Random Query Runtime on Validation Set: 8264.35
2024-04-17 18:23 | INFO | Query 17 Active Learning Random Query Runtime on Test Set: 37987.35
2024-04-17 18:23 | INFO | Query 17 Active Learning Random Query Instance Cost: 382376.12
2024-04-17 18:23 | INFO | Query 18 Size of the uncertainty table is = 5039/7755
2024-04-17 18:23 | INFO | Query 18 Size of the filtered table is = 77
2024-04-17 18:24 | INFO | Query 18 Active Learning Random Query Runtime on Validation Set: 8466.07
2024-04-17 18:24 | INFO | Query 18 Active Learning Random Query Runtime on Test Set: 37928.35
2024-04-17 18:24 | INFO | Query 18 Active Learning Random Query Instance Cost: 418879.88
2024-04-17 18:24 | INFO | Timeout limit is increased to 1000
2024-04-17 18:24 | INFO | Query 19 Size of the uncertainty table is = 4772/7755
2024-04-17 18:24 | INFO | Query 19 Size of the filtered table is = 77
2024-04-17 18:24 | INFO | Query 19 Active Learning Random Query Runtime on Validation Set: 8414.79
2024-04-17 18:24 | INFO | Query 19 Active Learning Random Query Runtime on Test Set: 73851.58
2024-04-17 18:24 | INFO | Query 19 Active Learning Random Query Instance Cost: 455543.9
2024-04-17 18:24 | INFO | Query 20 Size of the uncertainty table is = 4528/7755
2024-04-17 18:24 | INFO | Query 20 Size of the filtered table is = 77
2024-04-17 18:25 | INFO | Query 20 Active Learning Random Query Runtime on Validation Set: 8466.71
2024-04-17 18:25 | INFO | Query 20 Active Learning Random Query Runtime on Test Set: 37878.99
2024-04-17 18:25 | INFO | Query 20 Active Learning Random Query Instance Cost: 496461.58
2024-04-17 18:25 | INFO | Timeout limit is increased to 1100
2024-04-17 18:25 | INFO | Query 21 Size of the uncertainty table is = 4278/7755
2024-04-17 18:25 | INFO | Query 21 Size of the filtered table is = 77
2024-04-17 18:25 | INFO | Query 21 Active Learning Random Query Runtime on Validation Set: 8393.85
2024-04-17 18:25 | INFO | Query 21 Active Learning Random Query Runtime on Test Set: 73704.0
2024-04-17 18:25 | INFO | Query 21 Active Learning Random Query Instance Cost: 539507.91
2024-04-17 18:25 | INFO | Query 22 Size of the uncertainty table is = 4012/7755
2024-04-17 18:25 | INFO | Query 22 Size of the filtered table is = 77
2024-04-17 18:26 | INFO | Query 22 Active Learning Random Query Runtime on Validation Set: 9102.19
2024-04-17 18:26 | INFO | Query 22 Active Learning Random Query Runtime on Test Set: 109805.02
2024-04-17 18:26 | INFO | Query 22 Active Learning Random Query Instance Cost: 589172.75
2024-04-17 18:26 | INFO | Timeout limit is increased to 1200
2024-04-17 18:26 | INFO | Query 23 Size of the uncertainty table is = 3774/7755
2024-04-17 18:26 | INFO | Query 23 Size of the filtered table is = 77
2024-04-17 18:26 | INFO | Query 23 Active Learning Random Query Runtime on Validation Set: 8394.04
2024-04-17 18:26 | INFO | Query 23 Active Learning Random Query Runtime on Test Set: 73757.65
2024-04-17 18:26 | INFO | Query 23 Active Learning Random Query Instance Cost: 644135.23
2024-04-17 18:26 | INFO | Query 24 Size of the uncertainty table is = 3525/7755
2024-04-17 18:26 | INFO | Query 24 Size of the filtered table is = 77
2024-04-17 18:27 | INFO | Query 24 Active Learning Random Query Runtime on Validation Set: 190988.49
2024-04-17 18:27 | INFO | Query 24 Active Learning Random Query Runtime on Test Set: 109733.02
2024-04-17 18:27 | INFO | Query 24 Active Learning Random Query Instance Cost: 691012.39
2024-04-17 18:27 | INFO | Timeout limit is increased to 1300
2024-04-17 18:27 | INFO | Query 25 Size of the uncertainty table is = 3270/7755
2024-04-17 18:27 | INFO | Query 25 Size of the filtered table is = 77
2024-04-17 18:27 | INFO | Query 25 Active Learning Random Query Runtime on Validation Set: 8394.06
2024-04-17 18:27 | INFO | Query 25 Active Learning Random Query Runtime on Test Set: 109697.97
2024-04-17 18:27 | INFO | Query 25 Active Learning Random Query Instance Cost: 743223.99
2024-04-17 18:27 | INFO | Query 26 Size of the uncertainty table is = 3027/7755
2024-04-17 18:27 | INFO | Query 26 Size of the filtered table is = 77
2024-04-17 18:28 | INFO | Query 26 Active Learning Random Query Runtime on Validation Set: 8394.06
2024-04-17 18:28 | INFO | Query 26 Active Learning Random Query Runtime on Test Set: 73686.05
2024-04-17 18:28 | INFO | Query 26 Active Learning Random Query Instance Cost: 796077.8
2024-04-17 18:28 | INFO | Timeout limit is increased to 1400
2024-04-17 18:28 | INFO | Query 27 Size of the uncertainty table is = 2764/7755
2024-04-17 18:28 | INFO | Query 27 Size of the filtered table is = 77
2024-04-17 18:28 | INFO | Query 27 Active Learning Random Query Runtime on Validation Set: 260198.33
2024-04-17 18:28 | INFO | Query 27 Active Learning Random Query Runtime on Test Set: 73761.35
2024-04-17 18:28 | INFO | Query 27 Active Learning Random Query Instance Cost: 853499.37
2024-04-17 18:28 | INFO | Timeout limit is increased to 1500
2024-04-17 18:28 | INFO | Query 28 Size of the uncertainty table is = 2585/7755
2024-04-17 18:28 | INFO | Query 28 Size of the filtered table is = 77
2024-04-17 18:29 | INFO | Query 28 Active Learning Random Query Runtime on Validation Set: 260233.91
2024-04-17 18:29 | INFO | Query 28 Active Learning Random Query Runtime on Test Set: 73761.13
2024-04-17 18:29 | INFO | Query 28 Active Learning Random Query Instance Cost: 914598.91
2024-04-17 18:29 | INFO | Timeout limit is increased to 1600
2024-04-17 18:29 | INFO | Query 29 Size of the uncertainty table is = 2395/7755
2024-04-17 18:29 | INFO | Query 29 Size of the filtered table is = 77
2024-04-17 18:30 | INFO | Query 29 Active Learning Random Query Runtime on Validation Set: 8394.06
2024-04-17 18:30 | INFO | Query 29 Active Learning Random Query Runtime on Test Set: 73700.18
2024-04-17 18:30 | INFO | Query 29 Active Learning Random Query Instance Cost: 971870.49
2024-04-17 18:30 | INFO | Query 30 Size of the uncertainty table is = 2178/7755
2024-04-17 18:30 | INFO | Query 30 Size of the filtered table is = 77
2024-04-17 18:30 | INFO | Query 30 Active Learning Random Query Runtime on Validation Set: 8907.48
2024-04-17 18:30 | INFO | Query 30 Active Learning Random Query Runtime on Test Set: 73703.8
2024-04-17 18:30 | INFO | Query 30 Active Learning Random Query Instance Cost: 1044768.64
2024-04-17 18:30 | INFO | Timeout limit is increased to 1700
2024-04-17 18:30 | INFO | Query 31 Size of the uncertainty table is = 1967/7755
2024-04-17 18:30 | INFO | Query 31 Size of the filtered table is = 77
2024-04-17 18:31 | INFO | Query 31 Active Learning Random Query Runtime on Validation Set: 8394.06
2024-04-17 18:31 | INFO | Query 31 Active Learning Random Query Runtime on Test Set: 73881.97
2024-04-17 18:31 | INFO | Query 31 Active Learning Random Query Instance Cost: 1107245.43
2024-04-17 18:31 | INFO | Query 32 Size of the uncertainty table is = 1767/7755
2024-04-17 18:31 | INFO | Query 32 Size of the filtered table is = 77
2024-04-17 18:31 | INFO | Query 32 Active Learning Random Query Runtime on Validation Set: 8410.59
2024-04-17 18:31 | INFO | Query 32 Active Learning Random Query Runtime on Test Set: 73883.48
2024-04-17 18:31 | INFO | Query 32 Active Learning Random Query Instance Cost: 1166548.18
2024-04-17 18:31 | INFO | Timeout limit is increased to 1800
2024-04-17 18:31 | INFO | Query 33 Size of the uncertainty table is = 1581/7755
2024-04-17 18:31 | INFO | Query 33 Size of the filtered table is = 77
2024-04-17 18:32 | INFO | Query 33 Active Learning Random Query Runtime on Validation Set: 8397.48
2024-04-17 18:32 | INFO | Query 33 Active Learning Random Query Runtime on Test Set: 73804.98
2024-04-17 18:32 | INFO | Query 33 Active Learning Random Query Instance Cost: 1250799.79
2024-04-17 18:32 | INFO | Query 34 Size of the uncertainty table is = 1388/7755
2024-04-17 18:32 | INFO | Query 34 Size of the filtered table is = 77
2024-04-17 18:32 | INFO | Query 34 Active Learning Random Query Runtime on Validation Set: 262793.16
2024-04-17 18:32 | INFO | Query 34 Active Learning Random Query Runtime on Test Set: 109780.23
2024-04-17 18:32 | INFO | Query 34 Active Learning Random Query Instance Cost: 1315136.88
2024-04-17 18:32 | INFO | Timeout limit is increased to 1900
2024-04-17 18:32 | INFO | Query 35 Size of the uncertainty table is = 1284/7755
2024-04-17 18:32 | INFO | Query 35 Size of the filtered table is = 77
2024-04-17 18:33 | INFO | Query 35 Active Learning Random Query Runtime on Validation Set: 8397.48
2024-04-17 18:33 | INFO | Query 35 Active Learning Random Query Runtime on Test Set: 73841.48
2024-04-17 18:33 | INFO | Query 35 Active Learning Random Query Instance Cost: 1388161.51
2024-04-17 18:33 | INFO | Query 36 Size of the uncertainty table is = 1152/7755
2024-04-17 18:33 | INFO | Query 36 Size of the filtered table is = 77
2024-04-17 18:33 | INFO | Query 36 Active Learning Random Query Runtime on Validation Set: 8448.95
2024-04-17 18:33 | INFO | Query 36 Active Learning Random Query Runtime on Test Set: 73831.57
2024-04-17 18:33 | INFO | Query 36 Active Learning Random Query Instance Cost: 1461125.14
2024-04-17 18:33 | INFO | Timeout limit is increased to 2000
2024-04-17 18:33 | INFO | Query 37 Size of the uncertainty table is = 1087/7755
2024-04-17 18:33 | INFO | Query 37 Size of the filtered table is = 77
2024-04-17 18:34 | INFO | Query 37 Active Learning Random Query Runtime on Validation Set: 115959.83
2024-04-17 18:34 | INFO | Query 37 Active Learning Random Query Runtime on Test Set: 37878.97
2024-04-17 18:34 | INFO | Query 37 Active Learning Random Query Instance Cost: 1534059.95
2024-04-17 18:34 | INFO | Timeout limit is increased to 2100
2024-04-17 18:34 | INFO | Query 38 Size of the uncertainty table is = 1042/7755
2024-04-17 18:34 | INFO | Query 38 Size of the filtered table is = 77
2024-04-17 18:35 | INFO | Query 38 Active Learning Random Query Runtime on Validation Set: 259495.86
2024-04-17 18:35 | INFO | Query 38 Active Learning Random Query Runtime on Test Set: 37812.23
2024-04-17 18:35 | INFO | Query 38 Active Learning Random Query Instance Cost: 1600436.0
2024-04-17 18:35 | INFO | Timeout limit is increased to 2200
2024-04-17 18:35 | INFO | Query 39 Size of the uncertainty table is = 969/7755
2024-04-17 18:35 | INFO | Query 39 Size of the filtered table is = 77
2024-04-17 18:35 | INFO | Query 39 Active Learning Random Query Runtime on Validation Set: 151778.72
2024-04-17 18:35 | INFO | Query 39 Active Learning Random Query Runtime on Test Set: 37890.94
2024-04-17 18:35 | INFO | Query 39 Active Learning Random Query Instance Cost: 1669440.56
2024-04-17 18:35 | INFO | Query 40 Size of the uncertainty table is = 939/7755
2024-04-17 18:35 | INFO | Query 40 Size of the filtered table is = 77
2024-04-17 18:36 | INFO | Query 40 Active Learning Random Query Runtime on Validation Set: 79956.84
2024-04-17 18:36 | INFO | Query 40 Active Learning Random Query Runtime on Test Set: 37812.52
2024-04-17 18:36 | INFO | Query 40 Active Learning Random Query Instance Cost: 1719999.9
2024-04-17 18:36 | INFO | Query 41 Size of the uncertainty table is = 885/7755
2024-04-17 18:36 | INFO | Query 41 Size of the filtered table is = 77
2024-04-17 18:36 | INFO | Query 41 Active Learning Random Query Runtime on Validation Set: 79956.84
2024-04-17 18:36 | INFO | Query 41 Active Learning Random Query Runtime on Test Set: 37812.52
2024-04-17 18:36 | INFO | Query 41 Active Learning Random Query Instance Cost: 1778643.32
2024-04-17 18:36 | INFO | Timeout limit is increased to 2300
2024-04-17 18:36 | INFO | Query 42 Size of the uncertainty table is = 880/7755
2024-04-17 18:36 | INFO | Query 42 Size of the filtered table is = 77
2024-04-17 18:37 | INFO | Query 42 Active Learning Random Query Runtime on Validation Set: 79956.84
2024-04-17 18:37 | INFO | Query 42 Active Learning Random Query Runtime on Test Set: 37812.52
2024-04-17 18:37 | INFO | Query 42 Active Learning Random Query Instance Cost: 1833519.54
2024-04-17 18:37 | INFO | Timeout limit is increased to 2400
2024-04-17 18:37 | INFO | Query 43 Size of the uncertainty table is = 870/7755
2024-04-17 18:37 | INFO | Query 43 Size of the filtered table is = 77
2024-04-17 18:37 | INFO | Query 43 Active Learning Random Query Runtime on Validation Set: 79956.84
2024-04-17 18:37 | INFO | Query 43 Active Learning Random Query Runtime on Test Set: 37812.54
2024-04-17 18:37 | INFO | Query 43 Active Learning Random Query Instance Cost: 1892186.31
2024-04-17 18:37 | INFO | Timeout limit is increased to 2500
2024-04-17 18:37 | INFO | Query 44 Size of the uncertainty table is = 849/7755
2024-04-17 18:37 | INFO | Query 44 Size of the filtered table is = 77
2024-04-17 18:38 | INFO | Query 44 Active Learning Random Query Runtime on Validation Set: 79956.84
2024-04-17 18:38 | INFO | Query 44 Active Learning Random Query Runtime on Test Set: 37814.61
2024-04-17 18:38 | INFO | Query 44 Active Learning Random Query Instance Cost: 1969850.5
2024-04-17 18:38 | INFO | Timeout limit is increased to 2600
2024-04-17 18:38 | INFO | Query 45 Size of the uncertainty table is = 845/7755
2024-04-17 18:38 | INFO | Query 45 Size of the filtered table is = 77
2024-04-17 18:38 | INFO | Query 45 Active Learning Random Query Runtime on Validation Set: 79956.84
2024-04-17 18:38 | INFO | Query 45 Active Learning Random Query Runtime on Test Set: 37814.61
2024-04-17 18:38 | INFO | Query 45 Active Learning Random Query Instance Cost: 2025450.57
2024-04-17 18:38 | INFO | Timeout limit is increased to 2700
2024-04-17 18:38 | INFO | Query 46 Size of the uncertainty table is = 840/7755
2024-04-17 18:38 | INFO | Query 46 Size of the filtered table is = 77
2024-04-17 18:39 | INFO | Query 46 Active Learning Random Query Runtime on Validation Set: 79956.84
2024-04-17 18:39 | INFO | Query 46 Active Learning Random Query Runtime on Test Set: 37814.6
2024-04-17 18:39 | INFO | Query 46 Active Learning Random Query Instance Cost: 2088050.58
2024-04-17 18:39 | INFO | Timeout limit is increased to 2800
2024-04-17 18:39 | INFO | Query 47 Size of the uncertainty table is = 835/7755
2024-04-17 18:39 | INFO | Query 47 Size of the filtered table is = 77
2024-04-17 18:39 | INFO | Query 47 Active Learning Random Query Runtime on Validation Set: 79956.84
2024-04-17 18:39 | INFO | Query 47 Active Learning Random Query Runtime on Test Set: 37814.6
2024-04-17 18:39 | INFO | Query 47 Active Learning Random Query Instance Cost: 2160150.58
2024-04-17 18:39 | INFO | Timeout limit is increased to 2900
2024-04-17 18:39 | INFO | Query 48 Size of the uncertainty table is = 835/7755
2024-04-17 18:39 | INFO | Query 48 Size of the filtered table is = 77
2024-04-17 18:40 | INFO | Query 48 Active Learning Random Query Runtime on Validation Set: 79956.84
2024-04-17 18:40 | INFO | Query 48 Active Learning Random Query Runtime on Test Set: 37814.6
2024-04-17 18:40 | INFO | Query 48 Active Learning Random Query Instance Cost: 2234250.58
2024-04-17 18:40 | INFO | Timeout limit is increased to 3000
2024-04-17 18:40 | INFO | Query 49 Size of the uncertainty table is = 835/7755
2024-04-17 18:40 | INFO | Query 49 Size of the filtered table is = 77
2024-04-17 18:41 | INFO | Query 49 Active Learning Random Query Runtime on Validation Set: 79956.84
2024-04-17 18:41 | INFO | Query 49 Active Learning Random Query Runtime on Test Set: 37814.6
2024-04-17 18:41 | INFO | Query 49 Active Learning Random Query Instance Cost: 2305850.58
2024-04-17 18:41 | INFO | Timeout limit is increased to 3100
2024-04-17 18:41 | INFO | Query 50 Size of the uncertainty table is = 835/7755
2024-04-17 18:41 | INFO | Query 50 Size of the filtered table is = 77
2024-04-17 18:41 | INFO | Query 50 Active Learning Random Query Runtime on Validation Set: 79956.84
2024-04-17 18:41 | INFO | Query 50 Active Learning Random Query Runtime on Test Set: 37814.6
2024-04-17 18:41 | INFO | Query 50 Active Learning Random Query Instance Cost: 2380450.58
2024-04-17 18:41 | INFO | Timeout limit is increased to 3200
2024-04-17 18:41 | INFO | Query 51 Size of the uncertainty table is = 835/7755
2024-04-17 18:41 | INFO | Query 51 Size of the filtered table is = 77
2024-04-17 18:42 | INFO | Query 51 Active Learning Random Query Runtime on Validation Set: 79956.84
2024-04-17 18:42 | INFO | Query 51 Active Learning Random Query Runtime on Test Set: 37814.6
2024-04-17 18:42 | INFO | Query 51 Active Learning Random Query Instance Cost: 2455350.58
2024-04-17 18:42 | INFO | Timeout limit is increased to 3300
2024-04-17 18:42 | INFO | Query 52 Size of the uncertainty table is = 835/7755
2024-04-17 18:42 | INFO | Query 52 Size of the filtered table is = 77
2024-04-17 18:42 | INFO | Query 52 Active Learning Random Query Runtime on Validation Set: 79956.84
2024-04-17 18:42 | INFO | Query 52 Active Learning Random Query Runtime on Test Set: 37814.6
2024-04-17 18:42 | INFO | Query 52 Active Learning Random Query Instance Cost: 2531051.36
2024-04-17 18:42 | INFO | Timeout limit is increased to 3400
2024-04-17 18:42 | INFO | Query 53 Size of the uncertainty table is = 833/7755
2024-04-17 18:42 | INFO | Query 53 Size of the filtered table is = 77
2024-04-17 18:43 | INFO | Query 53 Active Learning Random Query Runtime on Validation Set: 79956.84
2024-04-17 18:43 | INFO | Query 53 Active Learning Random Query Runtime on Test Set: 37814.6
2024-04-17 18:43 | INFO | Query 53 Active Learning Random Query Instance Cost: 2608351.36
2024-04-17 18:43 | INFO | Timeout limit is increased to 3500
2024-04-17 18:43 | INFO | Query 54 Size of the uncertainty table is = 833/7755
2024-04-17 18:43 | INFO | Query 54 Size of the filtered table is = 77
2024-04-17 18:43 | INFO | Query 54 Active Learning Random Query Runtime on Validation Set: 79956.84
2024-04-17 18:43 | INFO | Query 54 Active Learning Random Query Runtime on Test Set: 37814.6
2024-04-17 18:43 | INFO | Query 54 Active Learning Random Query Instance Cost: 2688076.53
2024-04-17 18:43 | INFO | Timeout limit is increased to 3600
2024-04-17 18:43 | INFO | Query 55 Size of the uncertainty table is = 832/7755
2024-04-17 18:43 | INFO | Query 55 Size of the filtered table is = 77
2024-04-17 18:44 | INFO | Query 55 Active Learning Random Query Runtime on Validation Set: 79956.84
2024-04-17 18:44 | INFO | Query 55 Active Learning Random Query Runtime on Test Set: 37814.6
2024-04-17 18:44 | INFO | Query 55 Active Learning Random Query Instance Cost: 2763976.53
2024-04-17 18:44 | INFO | Timeout limit is increased to 3600
2024-04-17 18:44 | INFO | runtime_train_score is written as json file
2024-04-17 18:44 | INFO | runtime_test_score is written as json file
2024-04-17 18:44 | INFO | runtime_validation_score is written as json file
2024-04-17 18:44 | INFO | instance_cost is written as json file
2024-04-17 18:44 | INFO | Experiment is finished
