2024-04-17 18:12 | INFO | Paramaters are: {'dataset': 'MAXSAT12-PMS', 'penalty': 10, 'weight': 'No_Weight', 'voting': 'Hard', 'pre_selection_size': 64, 'pre_selection_technique': 'No_pre_selection', 'feature_elimination_threshold': 20, 'imputer_strategy': 'median', 'feature_selection_technique': 'No_feature_selection', 'feature_scaling_technique': 'StandardScaler', 'initial_train_size': 20, 'query_size': 1, 'timeout_predictor_usage': 'No', 'timeout_limit': 3600, 'timeout_increase_rate': 100, 'RANDOM_STATE_SEED': 42, 'n_splits': 10, 'split_number': 2, 'max_timeout': 3600, 'param_grid': {'n_estimators': 100, 'criterion': 'gini', 'max_features': 'sqrt', 'max_depth': 2147483648, 'min_samples_split': 2, 'bootstrap': True}}
2024-04-17 18:12 | INFO | MAXSAT12-PMS is current dataset
2024-04-17 18:12 | INFO | DATASETS/MAXSAT12-PMS/algorithm_runs.csv is found
2024-04-17 18:12 | INFO | DATASETS/MAXSAT12-PMS/algorithm_runs.csv is finished
2024-04-17 18:12 | INFO | DATASETS/MAXSAT12-PMS/feature_values.csv is found
2024-04-17 18:12 | INFO | DATASETS/MAXSAT12-PMS/feature_values.csv is finished
2024-04-17 18:12 | INFO | DATASETS/MAXSAT12-PMS/feature_costs.csv is found
2024-04-17 18:12 | INFO | DATASETS/MAXSAT12-PMS/feature_costs.csv is finished
2024-04-17 18:12 | INFO | Feature cost of train set is 34.52
2024-04-17 18:13 | INFO | Initial Active Learning Random Query Runtime on Validation Set: 296237.91
2024-04-17 18:13 | INFO | Initial Active Learning Random Query Runtime on Test Set: 219490.71
2024-04-17 18:13 | INFO | Initial Active Learning Random Query Instance Cost: 135014.43
2024-04-17 18:13 | INFO | Bin size = 77
2024-04-17 18:13 | INFO | Query 1 Size of the uncertainty table is = 7755/7755
2024-04-17 18:13 | INFO | Query 1 Size of the filtered table is = 77
2024-04-17 18:13 | INFO | Query 1 Active Learning Random Query Runtime on Validation Set: 45614.04
2024-04-17 18:13 | INFO | Query 1 Active Learning Random Query Runtime on Test Set: 185216.98
2024-04-17 18:13 | INFO | Query 1 Active Learning Random Query Instance Cost: 338509.23
2024-04-17 18:13 | INFO | Query 2 Size of the uncertainty table is = 7669/7755
2024-04-17 18:13 | INFO | Query 2 Size of the filtered table is = 77
2024-04-17 18:14 | INFO | Query 2 Active Learning Random Query Runtime on Validation Set: 8333.14
2024-04-17 18:14 | INFO | Query 2 Active Learning Random Query Runtime on Test Set: 74213.75
2024-04-17 18:14 | INFO | Query 2 Active Learning Random Query Instance Cost: 462053.62
2024-04-17 18:14 | INFO | Query 3 Size of the uncertainty table is = 7555/7755
2024-04-17 18:14 | INFO | Query 3 Size of the filtered table is = 77
2024-04-17 18:14 | INFO | Query 3 Active Learning Random Query Runtime on Validation Set: 8338.27
2024-04-17 18:14 | INFO | Query 3 Active Learning Random Query Runtime on Test Set: 74572.91
2024-04-17 18:14 | INFO | Query 3 Active Learning Random Query Instance Cost: 640465.74
2024-04-17 18:14 | INFO | Timeout limit is increased to 3600
2024-04-17 18:14 | INFO | Query 4 Size of the uncertainty table is = 7429/7755
2024-04-17 18:14 | INFO | Query 4 Size of the filtered table is = 77
2024-04-17 18:15 | INFO | Query 4 Active Learning Random Query Runtime on Validation Set: 8340.25
2024-04-17 18:15 | INFO | Query 4 Active Learning Random Query Runtime on Test Set: 74484.52
2024-04-17 18:15 | INFO | Query 4 Active Learning Random Query Instance Cost: 765625.32
2024-04-17 18:15 | INFO | Timeout limit is increased to 3600
2024-04-17 18:15 | INFO | Query 5 Size of the uncertainty table is = 7276/7755
2024-04-17 18:15 | INFO | Query 5 Size of the filtered table is = 77
2024-04-17 18:15 | INFO | Query 5 Active Learning Random Query Runtime on Validation Set: 8343.94
2024-04-17 18:15 | INFO | Query 5 Active Learning Random Query Runtime on Test Set: 182452.96
2024-04-17 18:15 | INFO | Query 5 Active Learning Random Query Instance Cost: 931341.07
2024-04-17 18:15 | INFO | Timeout limit is increased to 3600
2024-04-17 18:15 | INFO | Query 6 Size of the uncertainty table is = 7108/7755
2024-04-17 18:15 | INFO | Query 6 Size of the filtered table is = 77
2024-04-17 18:16 | INFO | Query 6 Active Learning Random Query Runtime on Validation Set: 8427.87
2024-04-17 18:16 | INFO | Query 6 Active Learning Random Query Runtime on Test Set: 218000.61
2024-04-17 18:16 | INFO | Query 6 Active Learning Random Query Instance Cost: 1068092.48
2024-04-17 18:16 | INFO | Timeout limit is increased to 3600
2024-04-17 18:16 | INFO | Query 7 Size of the uncertainty table is = 6939/7755
2024-04-17 18:16 | INFO | Query 7 Size of the filtered table is = 77
2024-04-17 18:16 | INFO | Query 7 Active Learning Random Query Runtime on Validation Set: 8394.75
2024-04-17 18:16 | INFO | Query 7 Active Learning Random Query Runtime on Test Set: 217814.21
2024-04-17 18:16 | INFO | Query 7 Active Learning Random Query Instance Cost: 1188837.72
2024-04-17 18:16 | INFO | Query 8 Size of the uncertainty table is = 6743/7755
2024-04-17 18:16 | INFO | Query 8 Size of the filtered table is = 77
2024-04-17 18:16 | INFO | Query 8 Active Learning Random Query Runtime on Validation Set: 8395.0
2024-04-17 18:16 | INFO | Query 8 Active Learning Random Query Runtime on Test Set: 111024.33
2024-04-17 18:16 | INFO | Query 8 Active Learning Random Query Instance Cost: 1283884.9
2024-04-17 18:16 | INFO | Timeout limit is increased to 3600
2024-04-17 18:16 | INFO | Query 9 Size of the uncertainty table is = 6509/7755
2024-04-17 18:16 | INFO | Query 9 Size of the filtered table is = 77
2024-04-17 18:17 | INFO | Query 9 Active Learning Random Query Runtime on Validation Set: 8395.92
2024-04-17 18:17 | INFO | Query 9 Active Learning Random Query Runtime on Test Set: 75324.52
2024-04-17 18:17 | INFO | Query 9 Active Learning Random Query Instance Cost: 1400798.89
2024-04-17 18:17 | INFO | Timeout limit is increased to 3600
2024-04-17 18:17 | INFO | Query 10 Size of the uncertainty table is = 6307/7755
2024-04-17 18:17 | INFO | Query 10 Size of the filtered table is = 77
2024-04-17 18:17 | INFO | Query 10 Active Learning Random Query Runtime on Validation Set: 8397.27
2024-04-17 18:17 | INFO | Query 10 Active Learning Random Query Runtime on Test Set: 75325.42
2024-04-17 18:17 | INFO | Query 10 Active Learning Random Query Instance Cost: 1525287.32
2024-04-17 18:17 | INFO | Timeout limit is increased to 3600
2024-04-17 18:17 | INFO | Query 11 Size of the uncertainty table is = 6088/7755
2024-04-17 18:17 | INFO | Query 11 Size of the filtered table is = 77
2024-04-17 18:18 | INFO | Query 11 Active Learning Random Query Runtime on Validation Set: 8397.73
2024-04-17 18:18 | INFO | Query 11 Active Learning Random Query Runtime on Test Set: 147016.82
2024-04-17 18:18 | INFO | Query 11 Active Learning Random Query Instance Cost: 1650455.28
2024-04-17 18:18 | INFO | Timeout limit is increased to 3600
2024-04-17 18:18 | INFO | Query 12 Size of the uncertainty table is = 5855/7755
2024-04-17 18:18 | INFO | Query 12 Size of the filtered table is = 77
2024-04-17 18:18 | INFO | Query 12 Active Learning Random Query Runtime on Validation Set: 8350.52
2024-04-17 18:18 | INFO | Query 12 Active Learning Random Query Runtime on Test Set: 75419.16
2024-04-17 18:18 | INFO | Query 12 Active Learning Random Query Instance Cost: 1759574.58
2024-04-17 18:18 | INFO | Query 13 Size of the uncertainty table is = 5620/7755
2024-04-17 18:18 | INFO | Query 13 Size of the filtered table is = 77
2024-04-17 18:19 | INFO | Query 13 Active Learning Random Query Runtime on Validation Set: 8351.18
2024-04-17 18:19 | INFO | Query 13 Active Learning Random Query Runtime on Test Set: 39425.79
2024-04-17 18:19 | INFO | Query 13 Active Learning Random Query Instance Cost: 1869415.8
2024-04-17 18:19 | INFO | Timeout limit is increased to 3600
2024-04-17 18:19 | INFO | Query 14 Size of the uncertainty table is = 5326/7755
2024-04-17 18:19 | INFO | Query 14 Size of the filtered table is = 77
2024-04-17 18:19 | INFO | Query 14 Active Learning Random Query Runtime on Validation Set: 8351.65
2024-04-17 18:19 | INFO | Query 14 Active Learning Random Query Runtime on Test Set: 39367.0
2024-04-17 18:19 | INFO | Query 14 Active Learning Random Query Instance Cost: 1951487.4
2024-04-17 18:19 | INFO | Timeout limit is increased to 3600
2024-04-17 18:19 | INFO | Query 15 Size of the uncertainty table is = 5085/7755
2024-04-17 18:19 | INFO | Query 15 Size of the filtered table is = 77
2024-04-17 18:20 | INFO | Query 15 Active Learning Random Query Runtime on Validation Set: 8352.41
2024-04-17 18:20 | INFO | Query 15 Active Learning Random Query Runtime on Test Set: 39367.33
2024-04-17 18:20 | INFO | Query 15 Active Learning Random Query Instance Cost: 2066718.03
2024-04-17 18:20 | INFO | Timeout limit is increased to 3600
2024-04-17 18:20 | INFO | Query 16 Size of the uncertainty table is = 4802/7755
2024-04-17 18:20 | INFO | Query 16 Size of the filtered table is = 77
2024-04-17 18:20 | INFO | Query 16 Active Learning Random Query Runtime on Validation Set: 8290.27
2024-04-17 18:20 | INFO | Query 16 Active Learning Random Query Runtime on Test Set: 39320.79
2024-04-17 18:20 | INFO | Query 16 Active Learning Random Query Instance Cost: 2202702.73
2024-04-17 18:20 | INFO | Query 17 Size of the uncertainty table is = 4496/7755
2024-04-17 18:20 | INFO | Query 17 Size of the filtered table is = 77
2024-04-17 18:21 | INFO | Query 17 Active Learning Random Query Runtime on Validation Set: 187345.69
2024-04-17 18:21 | INFO | Query 17 Active Learning Random Query Runtime on Test Set: 39320.46
2024-04-17 18:21 | INFO | Query 17 Active Learning Random Query Instance Cost: 2301723.23
2024-04-17 18:21 | INFO | Timeout limit is increased to 3600
2024-04-17 18:21 | INFO | Query 18 Size of the uncertainty table is = 4188/7755
2024-04-17 18:21 | INFO | Query 18 Size of the filtered table is = 77
2024-04-17 18:21 | INFO | Query 18 Active Learning Random Query Runtime on Validation Set: 8276.16
2024-04-17 18:21 | INFO | Query 18 Active Learning Random Query Runtime on Test Set: 39341.32
2024-04-17 18:21 | INFO | Query 18 Active Learning Random Query Instance Cost: 2383965.55
2024-04-17 18:21 | INFO | Query 19 Size of the uncertainty table is = 3865/7755
2024-04-17 18:21 | INFO | Query 19 Size of the filtered table is = 77
2024-04-17 18:22 | INFO | Query 19 Active Learning Random Query Runtime on Validation Set: 8297.39
2024-04-17 18:22 | INFO | Query 19 Active Learning Random Query Runtime on Test Set: 39420.97
2024-04-17 18:22 | INFO | Query 19 Active Learning Random Query Instance Cost: 2470680.14
2024-04-17 18:22 | INFO | Timeout limit is increased to 3600
2024-04-17 18:22 | INFO | Query 20 Size of the uncertainty table is = 3562/7755
2024-04-17 18:22 | INFO | Query 20 Size of the filtered table is = 77
2024-04-17 18:22 | INFO | Query 20 Active Learning Random Query Runtime on Validation Set: 8273.04
2024-04-17 18:22 | INFO | Query 20 Active Learning Random Query Runtime on Test Set: 3419.44
2024-04-17 18:22 | INFO | Query 20 Active Learning Random Query Instance Cost: 2578776.66
2024-04-17 18:22 | INFO | Query 21 Size of the uncertainty table is = 3249/7755
2024-04-17 18:22 | INFO | Query 21 Size of the filtered table is = 77
2024-04-17 18:23 | INFO | Query 21 Active Learning Random Query Runtime on Validation Set: 8273.22
2024-04-17 18:23 | INFO | Query 21 Active Learning Random Query Runtime on Test Set: 39397.84
2024-04-17 18:23 | INFO | Query 21 Active Learning Random Query Instance Cost: 2670596.92
2024-04-17 18:23 | INFO | Timeout limit is increased to 3600
2024-04-17 18:23 | INFO | Query 22 Size of the uncertainty table is = 2952/7755
2024-04-17 18:23 | INFO | Query 22 Size of the filtered table is = 77
2024-04-17 18:23 | INFO | Query 22 Active Learning Random Query Runtime on Validation Set: 8273.39
2024-04-17 18:23 | INFO | Query 22 Active Learning Random Query Runtime on Test Set: 39406.96
2024-04-17 18:23 | INFO | Query 22 Active Learning Random Query Instance Cost: 2796408.12
2024-04-17 18:23 | INFO | Timeout limit is increased to 3600
2024-04-17 18:23 | INFO | Query 23 Size of the uncertainty table is = 2650/7755
2024-04-17 18:23 | INFO | Query 23 Size of the filtered table is = 77
2024-04-17 18:24 | INFO | Query 23 Active Learning Random Query Runtime on Validation Set: 442292.7
2024-04-17 18:24 | INFO | Query 23 Active Learning Random Query Runtime on Test Set: 75315.1
2024-04-17 18:24 | INFO | Query 23 Active Learning Random Query Instance Cost: 2899210.46
2024-04-17 18:24 | INFO | Timeout limit is increased to 3600
2024-04-17 18:24 | INFO | Query 24 Size of the uncertainty table is = 2321/7755
2024-04-17 18:24 | INFO | Query 24 Size of the filtered table is = 77
2024-04-17 18:24 | INFO | Query 24 Active Learning Random Query Runtime on Validation Set: 259374.72
2024-04-17 18:24 | INFO | Query 24 Active Learning Random Query Runtime on Test Set: 39433.05
2024-04-17 18:24 | INFO | Query 24 Active Learning Random Query Instance Cost: 2976751.93
2024-04-17 18:24 | INFO | Query 25 Size of the uncertainty table is = 2015/7755
2024-04-17 18:24 | INFO | Query 25 Size of the filtered table is = 77
2024-04-17 18:25 | INFO | Query 25 Active Learning Random Query Runtime on Validation Set: 8281.32
2024-04-17 18:25 | INFO | Query 25 Active Learning Random Query Runtime on Test Set: 39396.94
2024-04-17 18:25 | INFO | Query 25 Active Learning Random Query Instance Cost: 3063370.04
2024-04-17 18:25 | INFO | Query 26 Size of the uncertainty table is = 1688/7755
2024-04-17 18:25 | INFO | Query 26 Size of the filtered table is = 77
2024-04-17 18:25 | INFO | Query 26 Active Learning Random Query Runtime on Validation Set: 259444.7
2024-04-17 18:25 | INFO | Query 26 Active Learning Random Query Runtime on Test Set: 39454.81
2024-04-17 18:25 | INFO | Query 26 Active Learning Random Query Instance Cost: 3165906.17
2024-04-17 18:25 | INFO | Timeout limit is increased to 3600
2024-04-17 18:25 | INFO | Query 27 Size of the uncertainty table is = 1364/7755
2024-04-17 18:25 | INFO | Query 27 Size of the filtered table is = 77
2024-04-17 18:26 | INFO | Query 27 Active Learning Random Query Runtime on Validation Set: 8317.0
2024-04-17 18:26 | INFO | Query 27 Active Learning Random Query Runtime on Test Set: 3405.71
2024-04-17 18:26 | INFO | Query 27 Active Learning Random Query Instance Cost: 3211241.43
2024-04-17 18:26 | INFO | Query 28 Size of the uncertainty table is = 1020/7755
2024-04-17 18:26 | INFO | Query 28 Size of the filtered table is = 77
2024-04-17 18:26 | INFO | Query 28 Active Learning Random Query Runtime on Validation Set: 44151.41
2024-04-17 18:26 | INFO | Query 28 Active Learning Random Query Runtime on Test Set: 39402.9
2024-04-17 18:26 | INFO | Query 28 Active Learning Random Query Instance Cost: 3304428.36
2024-04-17 18:26 | INFO | Timeout limit is increased to 3600
2024-04-17 18:26 | INFO | Query 29 Size of the uncertainty table is = 705/7755
2024-04-17 18:26 | INFO | Query 29 Size of the filtered table is = 77
2024-04-17 18:27 | INFO | Query 29 Active Learning Random Query Runtime on Validation Set: 191282.63
2024-04-17 18:27 | INFO | Query 29 Active Learning Random Query Runtime on Test Set: 39350.95
2024-04-17 18:27 | INFO | Query 29 Active Learning Random Query Instance Cost: 3378193.59
2024-04-17 18:27 | INFO | Timeout limit is increased to 3600
2024-04-17 18:27 | INFO | Query 30 Size of the uncertainty table is = 409/7755
2024-04-17 18:27 | INFO | Query 30 Size of the filtered table is = 77
2024-04-17 18:27 | INFO | Query 30 Active Learning Random Query Runtime on Validation Set: 191282.63
2024-04-17 18:27 | INFO | Query 30 Active Learning Random Query Runtime on Test Set: 39351.22
2024-04-17 18:27 | INFO | Query 30 Active Learning Random Query Instance Cost: 3441677.79
2024-04-17 18:27 | INFO | Timeout limit is increased to 3600
2024-04-17 18:27 | INFO | Query 31 Size of the uncertainty table is = 169/7755
2024-04-17 18:27 | INFO | Query 31 Size of the filtered table is = 77
2024-04-17 18:28 | INFO | Query 31 Active Learning Random Query Runtime on Validation Set: 80148.9
2024-04-17 18:28 | INFO | Query 31 Active Learning Random Query Runtime on Test Set: 3406.02
2024-04-17 18:28 | INFO | Query 31 Active Learning Random Query Instance Cost: 3466480.39
2024-04-17 18:28 | INFO | Query 32 Size of the uncertainty table is = 5/7755
2024-04-17 18:28 | INFO | Query 32 Size of the filtered table is = 5
2024-04-17 18:28 | INFO | Query 32 Active Learning Random Query Runtime on Validation Set: 80148.9
2024-04-17 18:28 | INFO | Query 32 Active Learning Random Query Runtime on Test Set: 3406.02
2024-04-17 18:28 | INFO | Query 32 Active Learning Random Query Instance Cost: 3468044.58
2024-04-17 18:28 | INFO | Timeout limit is increased to 3600
2024-04-17 18:28 | INFO | runtime_train_score is written as json file
2024-04-17 18:28 | INFO | runtime_test_score is written as json file
2024-04-17 18:28 | INFO | runtime_validation_score is written as json file
2024-04-17 18:28 | INFO | instance_cost is written as json file
2024-04-17 18:28 | INFO | Experiment is finished
