2024-04-17 17:52 | INFO | Paramaters are: {'dataset': 'CPMP-2015', 'penalty': 10, 'weight': 'No_Weight', 'voting': 'Hard', 'pre_selection_size': 64, 'pre_selection_technique': 'No_pre_selection', 'feature_elimination_threshold': 20, 'imputer_strategy': 'median', 'feature_selection_technique': 'No_feature_selection', 'feature_scaling_technique': 'StandardScaler', 'initial_train_size': 20, 'query_size': 1, 'timeout_predictor_usage': 'No', 'timeout_limit': 100, 'timeout_increase_rate': 100, 'RANDOM_STATE_SEED': 99, 'n_splits': 10, 'split_number': 7, 'max_timeout': 3600, 'param_grid': {'n_estimators': 100, 'criterion': 'gini', 'max_features': 'sqrt', 'max_depth': 2147483648, 'min_samples_split': 2, 'bootstrap': True}}
2024-04-17 17:52 | INFO | CPMP-2015 is current dataset
2024-04-17 17:52 | INFO | DATASETS/CPMP-2015/algorithm_runs.csv is found
2024-04-17 17:52 | INFO | DATASETS/CPMP-2015/algorithm_runs.csv is finished
2024-04-17 17:52 | INFO | DATASETS/CPMP-2015/feature_values.csv is found
2024-04-17 17:52 | INFO | DATASETS/CPMP-2015/feature_values.csv is finished
2024-04-17 17:52 | INFO | Feature cost of train set is 0
2024-04-17 17:53 | INFO | Initial Active Learning Random Query Runtime on Validation Set: 2044818.55
2024-04-17 17:53 | INFO | Initial Active Learning Random Query Runtime on Test Set: 543864.63
2024-04-17 17:53 | INFO | Initial Active Learning Random Query Instance Cost: 4192.6
2024-04-17 17:53 | INFO | Bin size = 21
2024-04-17 17:53 | INFO | Query 1 Size of the uncertainty table is = 2194/2160
2024-04-17 17:53 | INFO | Query 1 Size of the filtered table is = 21
2024-04-17 17:53 | INFO | Query 1 Active Learning Random Query Runtime on Validation Set: 1653448.93
2024-04-17 17:53 | INFO | Query 1 Active Learning Random Query Runtime on Test Set: 365682.21
2024-04-17 17:53 | INFO | Query 1 Active Learning Random Query Instance Cost: 6648.89
2024-04-17 17:53 | INFO | Query 2 Size of the uncertainty table is = 2181/2160
2024-04-17 17:53 | INFO | Query 2 Size of the filtered table is = 21
2024-04-17 17:53 | INFO | Query 2 Active Learning Random Query Runtime on Validation Set: 1155712.89
2024-04-17 17:53 | INFO | Query 2 Active Learning Random Query Runtime on Test Set: 258455.23
2024-04-17 17:53 | INFO | Query 2 Active Learning Random Query Instance Cost: 8393.68
2024-04-17 17:53 | INFO | Query 3 Size of the uncertainty table is = 2164/2160
2024-04-17 17:53 | INFO | Query 3 Size of the filtered table is = 21
2024-04-17 17:53 | INFO | Query 3 Active Learning Random Query Runtime on Validation Set: 1019680.22
2024-04-17 17:53 | INFO | Query 3 Active Learning Random Query Runtime on Test Set: 258900.49
2024-04-17 17:53 | INFO | Query 3 Active Learning Random Query Instance Cost: 9859.39
2024-04-17 17:53 | INFO | Query 4 Size of the uncertainty table is = 2141/2160
2024-04-17 17:53 | INFO | Query 4 Size of the filtered table is = 21
2024-04-17 17:53 | INFO | Query 4 Active Learning Random Query Runtime on Validation Set: 913872.02
2024-04-17 17:53 | INFO | Query 4 Active Learning Random Query Runtime on Test Set: 258922.9
2024-04-17 17:53 | INFO | Query 4 Active Learning Random Query Instance Cost: 11727.98
2024-04-17 17:53 | INFO | Query 5 Size of the uncertainty table is = 2125/2160
2024-04-17 17:53 | INFO | Query 5 Size of the filtered table is = 21
2024-04-17 17:53 | INFO | Query 5 Active Learning Random Query Runtime on Validation Set: 600127.43
2024-04-17 17:53 | INFO | Query 5 Active Learning Random Query Runtime on Test Set: 260913.92
2024-04-17 17:53 | INFO | Query 5 Active Learning Random Query Instance Cost: 13159.03
2024-04-17 17:53 | INFO | Query 6 Size of the uncertainty table is = 2104/2160
2024-04-17 17:53 | INFO | Query 6 Size of the filtered table is = 21
2024-04-17 17:53 | INFO | Query 6 Active Learning Random Query Runtime on Validation Set: 1582533.36
2024-04-17 17:53 | INFO | Query 6 Active Learning Random Query Runtime on Test Set: 329827.87
2024-04-17 17:53 | INFO | Query 6 Active Learning Random Query Instance Cost: 14985.08
2024-04-17 17:53 | INFO | Timeout limit is increased to 200
2024-04-17 17:53 | INFO | Query 7 Size of the uncertainty table is = 2082/2160
2024-04-17 17:53 | INFO | Query 7 Size of the filtered table is = 21
2024-04-17 17:54 | INFO | Query 7 Active Learning Random Query Runtime on Validation Set: 1202388.15
2024-04-17 17:54 | INFO | Query 7 Active Learning Random Query Runtime on Test Set: 295015.88
2024-04-17 17:54 | INFO | Query 7 Active Learning Random Query Instance Cost: 18302.11
2024-04-17 17:54 | INFO | Query 8 Size of the uncertainty table is = 2059/2160
2024-04-17 17:54 | INFO | Query 8 Size of the filtered table is = 21
2024-04-17 17:54 | INFO | Query 8 Active Learning Random Query Runtime on Validation Set: 1126600.78
2024-04-17 17:54 | INFO | Query 8 Active Learning Random Query Runtime on Test Set: 262847.05
2024-04-17 17:54 | INFO | Query 8 Active Learning Random Query Instance Cost: 21478.73
2024-04-17 17:54 | INFO | Query 9 Size of the uncertainty table is = 2036/2160
2024-04-17 17:54 | INFO | Query 9 Size of the filtered table is = 21
2024-04-17 17:54 | INFO | Query 9 Active Learning Random Query Runtime on Validation Set: 1260724.88
2024-04-17 17:54 | INFO | Query 9 Active Learning Random Query Runtime on Test Set: 261576.22
2024-04-17 17:54 | INFO | Query 9 Active Learning Random Query Instance Cost: 24531.84
2024-04-17 17:54 | INFO | Timeout limit is increased to 300
2024-04-17 17:54 | INFO | Query 10 Size of the uncertainty table is = 2008/2160
2024-04-17 17:54 | INFO | Query 10 Size of the filtered table is = 21
2024-04-17 17:54 | INFO | Query 10 Active Learning Random Query Runtime on Validation Set: 1476709.24
2024-04-17 17:54 | INFO | Query 10 Active Learning Random Query Runtime on Test Set: 334254.34
2024-04-17 17:54 | INFO | Query 10 Active Learning Random Query Instance Cost: 29712.22
2024-04-17 17:54 | INFO | Timeout limit is increased to 400
2024-04-17 17:54 | INFO | Query 11 Size of the uncertainty table is = 1982/2160
2024-04-17 17:54 | INFO | Query 11 Size of the filtered table is = 21
2024-04-17 17:54 | INFO | Query 11 Active Learning Random Query Runtime on Validation Set: 1577975.23
2024-04-17 17:54 | INFO | Query 11 Active Learning Random Query Runtime on Test Set: 331597.39
2024-04-17 17:54 | INFO | Query 11 Active Learning Random Query Instance Cost: 36008.72
2024-04-17 17:54 | INFO | Timeout limit is increased to 500
2024-04-17 17:54 | INFO | Query 12 Size of the uncertainty table is = 1955/2160
2024-04-17 17:54 | INFO | Query 12 Size of the filtered table is = 21
2024-04-17 17:54 | INFO | Query 12 Active Learning Random Query Runtime on Validation Set: 1441015.19
2024-04-17 17:54 | INFO | Query 12 Active Learning Random Query Runtime on Test Set: 366737.15
2024-04-17 17:54 | INFO | Query 12 Active Learning Random Query Instance Cost: 42681.59
2024-04-17 17:54 | INFO | Query 13 Size of the uncertainty table is = 1919/2160
2024-04-17 17:54 | INFO | Query 13 Size of the filtered table is = 21
2024-04-17 17:54 | INFO | Query 13 Active Learning Random Query Runtime on Validation Set: 1298244.17
2024-04-17 17:54 | INFO | Query 13 Active Learning Random Query Runtime on Test Set: 298061.2
2024-04-17 17:54 | INFO | Query 13 Active Learning Random Query Instance Cost: 52343.05
2024-04-17 17:54 | INFO | Query 14 Size of the uncertainty table is = 1898/2160
2024-04-17 17:54 | INFO | Query 14 Size of the filtered table is = 21
2024-04-17 17:54 | INFO | Query 14 Active Learning Random Query Runtime on Validation Set: 1019121.24
2024-04-17 17:54 | INFO | Query 14 Active Learning Random Query Runtime on Test Set: 298119.34
2024-04-17 17:54 | INFO | Query 14 Active Learning Random Query Instance Cost: 60274.9
2024-04-17 17:54 | INFO | Query 15 Size of the uncertainty table is = 1872/2160
2024-04-17 17:54 | INFO | Query 15 Size of the filtered table is = 21
2024-04-17 17:55 | INFO | Query 15 Active Learning Random Query Runtime on Validation Set: 943987.23
2024-04-17 17:55 | INFO | Query 15 Active Learning Random Query Runtime on Test Set: 297650.3
2024-04-17 17:55 | INFO | Query 15 Active Learning Random Query Instance Cost: 66721.06
2024-04-17 17:55 | INFO | Query 16 Size of the uncertainty table is = 1835/2160
2024-04-17 17:55 | INFO | Query 16 Size of the filtered table is = 21
2024-04-17 17:55 | INFO | Query 16 Active Learning Random Query Runtime on Validation Set: 1152322.73
2024-04-17 17:55 | INFO | Query 16 Active Learning Random Query Runtime on Test Set: 297936.68
2024-04-17 17:55 | INFO | Query 16 Active Learning Random Query Instance Cost: 74049.0
2024-04-17 17:55 | INFO | Timeout limit is increased to 600
2024-04-17 17:55 | INFO | Query 17 Size of the uncertainty table is = 1807/2160
2024-04-17 17:55 | INFO | Query 17 Size of the filtered table is = 21
2024-04-17 17:55 | INFO | Query 17 Active Learning Random Query Runtime on Validation Set: 1151788.63
2024-04-17 17:55 | INFO | Query 17 Active Learning Random Query Runtime on Test Set: 261195.92
2024-04-17 17:55 | INFO | Query 17 Active Learning Random Query Instance Cost: 79041.85
2024-04-17 17:55 | INFO | Query 18 Size of the uncertainty table is = 1775/2160
2024-04-17 17:55 | INFO | Query 18 Size of the filtered table is = 21
2024-04-17 17:55 | INFO | Query 18 Active Learning Random Query Runtime on Validation Set: 879961.45
2024-04-17 17:55 | INFO | Query 18 Active Learning Random Query Runtime on Test Set: 192380.84
2024-04-17 17:55 | INFO | Query 18 Active Learning Random Query Instance Cost: 87985.75
2024-04-17 17:55 | INFO | Query 19 Size of the uncertainty table is = 1738/2160
2024-04-17 17:55 | INFO | Query 19 Size of the filtered table is = 21
2024-04-17 17:55 | INFO | Query 19 Active Learning Random Query Runtime on Validation Set: 636819.12
2024-04-17 17:55 | INFO | Query 19 Active Learning Random Query Runtime on Test Set: 192372.44
2024-04-17 17:55 | INFO | Query 19 Active Learning Random Query Instance Cost: 92226.53
2024-04-17 17:55 | INFO | Query 20 Size of the uncertainty table is = 1705/2160
2024-04-17 17:55 | INFO | Query 20 Size of the filtered table is = 21
2024-04-17 17:55 | INFO | Query 20 Active Learning Random Query Runtime on Validation Set: 523906.61
2024-04-17 17:55 | INFO | Query 20 Active Learning Random Query Runtime on Test Set: 87677.07
2024-04-17 17:55 | INFO | Query 20 Active Learning Random Query Instance Cost: 99516.4
2024-04-17 17:55 | INFO | Query 21 Size of the uncertainty table is = 1663/2160
2024-04-17 17:55 | INFO | Query 21 Size of the filtered table is = 21
2024-04-17 17:55 | INFO | Query 21 Active Learning Random Query Runtime on Validation Set: 491459.69
2024-04-17 17:55 | INFO | Query 21 Active Learning Random Query Runtime on Test Set: 191807.0
2024-04-17 17:55 | INFO | Query 21 Active Learning Random Query Instance Cost: 107693.86
2024-04-17 17:55 | INFO | Query 22 Size of the uncertainty table is = 1632/2160
2024-04-17 17:55 | INFO | Query 22 Size of the filtered table is = 21
2024-04-17 17:56 | INFO | Query 22 Active Learning Random Query Runtime on Validation Set: 456895.03
2024-04-17 17:56 | INFO | Query 22 Active Learning Random Query Runtime on Test Set: 157792.1
2024-04-17 17:56 | INFO | Query 22 Active Learning Random Query Instance Cost: 118317.86
2024-04-17 17:56 | INFO | Query 23 Size of the uncertainty table is = 1599/2160
2024-04-17 17:56 | INFO | Query 23 Size of the filtered table is = 21
2024-04-17 17:56 | INFO | Query 23 Active Learning Random Query Runtime on Validation Set: 418654.98
2024-04-17 17:56 | INFO | Query 23 Active Learning Random Query Runtime on Test Set: 122926.44
2024-04-17 17:56 | INFO | Query 23 Active Learning Random Query Instance Cost: 123135.07
2024-04-17 17:56 | INFO | Query 24 Size of the uncertainty table is = 1560/2160
2024-04-17 17:56 | INFO | Query 24 Size of the filtered table is = 21
2024-04-17 17:56 | INFO | Query 24 Active Learning Random Query Runtime on Validation Set: 491615.58
2024-04-17 17:56 | INFO | Query 24 Active Learning Random Query Runtime on Test Set: 156686.05
2024-04-17 17:56 | INFO | Query 24 Active Learning Random Query Instance Cost: 130813.41
2024-04-17 17:56 | INFO | Timeout limit is increased to 700
2024-04-17 17:56 | INFO | Query 25 Size of the uncertainty table is = 1528/2160
2024-04-17 17:56 | INFO | Query 25 Size of the filtered table is = 21
2024-04-17 17:56 | INFO | Query 25 Active Learning Random Query Runtime on Validation Set: 418965.13
2024-04-17 17:56 | INFO | Query 25 Active Learning Random Query Runtime on Test Set: 156617.5
2024-04-17 17:56 | INFO | Query 25 Active Learning Random Query Instance Cost: 140379.96
2024-04-17 17:56 | INFO | Query 26 Size of the uncertainty table is = 1480/2160
2024-04-17 17:56 | INFO | Query 26 Size of the filtered table is = 21
2024-04-17 17:56 | INFO | Query 26 Active Learning Random Query Runtime on Validation Set: 347863.89
2024-04-17 17:56 | INFO | Query 26 Active Learning Random Query Runtime on Test Set: 262910.53
2024-04-17 17:56 | INFO | Query 26 Active Learning Random Query Instance Cost: 150884.8
2024-04-17 17:56 | INFO | Query 27 Size of the uncertainty table is = 1444/2160
2024-04-17 17:56 | INFO | Query 27 Size of the filtered table is = 21
2024-04-17 17:56 | INFO | Query 27 Active Learning Random Query Runtime on Validation Set: 385616.58
2024-04-17 17:56 | INFO | Query 27 Active Learning Random Query Runtime on Test Set: 194333.55
2024-04-17 17:56 | INFO | Query 27 Active Learning Random Query Instance Cost: 155383.83
2024-04-17 17:56 | INFO | Timeout limit is increased to 800
2024-04-17 17:56 | INFO | Query 28 Size of the uncertainty table is = 1405/2160
2024-04-17 17:56 | INFO | Query 28 Size of the filtered table is = 21
2024-04-17 17:56 | INFO | Query 28 Active Learning Random Query Runtime on Validation Set: 423847.46
2024-04-17 17:56 | INFO | Query 28 Active Learning Random Query Runtime on Test Set: 226843.56
2024-04-17 17:56 | INFO | Query 28 Active Learning Random Query Instance Cost: 162259.01
2024-04-17 17:56 | INFO | Timeout limit is increased to 900
2024-04-17 17:56 | INFO | Query 29 Size of the uncertainty table is = 1369/2160
2024-04-17 17:56 | INFO | Query 29 Size of the filtered table is = 21
2024-04-17 17:57 | INFO | Query 29 Active Learning Random Query Runtime on Validation Set: 420550.27
2024-04-17 17:57 | INFO | Query 29 Active Learning Random Query Runtime on Test Set: 192248.99
2024-04-17 17:57 | INFO | Query 29 Active Learning Random Query Instance Cost: 176638.21
2024-04-17 17:57 | INFO | Query 30 Size of the uncertainty table is = 1338/2160
2024-04-17 17:57 | INFO | Query 30 Size of the filtered table is = 21
2024-04-17 17:57 | INFO | Query 30 Active Learning Random Query Runtime on Validation Set: 492815.03
2024-04-17 17:57 | INFO | Query 30 Active Learning Random Query Runtime on Test Set: 192270.4
2024-04-17 17:57 | INFO | Query 30 Active Learning Random Query Instance Cost: 190458.62
2024-04-17 17:57 | INFO | Timeout limit is increased to 1000
2024-04-17 17:57 | INFO | Query 31 Size of the uncertainty table is = 1308/2160
2024-04-17 17:57 | INFO | Query 31 Size of the filtered table is = 21
2024-04-17 17:57 | INFO | Query 31 Active Learning Random Query Runtime on Validation Set: 420207.41
2024-04-17 17:57 | INFO | Query 31 Active Learning Random Query Runtime on Test Set: 263316.47
2024-04-17 17:57 | INFO | Query 31 Active Learning Random Query Instance Cost: 199527.08
2024-04-17 17:57 | INFO | Query 32 Size of the uncertainty table is = 1270/2160
2024-04-17 17:57 | INFO | Query 32 Size of the filtered table is = 21
2024-04-17 17:57 | INFO | Query 32 Active Learning Random Query Runtime on Validation Set: 352603.89
2024-04-17 17:57 | INFO | Query 32 Active Learning Random Query Runtime on Test Set: 227545.1
2024-04-17 17:57 | INFO | Query 32 Active Learning Random Query Instance Cost: 210260.6
2024-04-17 17:57 | INFO | Query 33 Size of the uncertainty table is = 1233/2160
2024-04-17 17:57 | INFO | Query 33 Size of the filtered table is = 21
2024-04-17 17:57 | INFO | Query 33 Active Learning Random Query Runtime on Validation Set: 349226.05
2024-04-17 17:57 | INFO | Query 33 Active Learning Random Query Runtime on Test Set: 191930.34
2024-04-17 17:57 | INFO | Query 33 Active Learning Random Query Instance Cost: 226664.12
2024-04-17 17:57 | INFO | Query 34 Size of the uncertainty table is = 1203/2160
2024-04-17 17:57 | INFO | Query 34 Size of the filtered table is = 21
2024-04-17 17:57 | INFO | Query 34 Active Learning Random Query Runtime on Validation Set: 419685.62
2024-04-17 17:57 | INFO | Query 34 Active Learning Random Query Runtime on Test Set: 192367.15
2024-04-17 17:57 | INFO | Query 34 Active Learning Random Query Instance Cost: 239373.76
2024-04-17 17:57 | INFO | Timeout limit is increased to 1100
2024-04-17 17:57 | INFO | Query 35 Size of the uncertainty table is = 1168/2160
2024-04-17 17:57 | INFO | Query 35 Size of the filtered table is = 21
2024-04-17 17:58 | INFO | Query 35 Active Learning Random Query Runtime on Validation Set: 418519.67
2024-04-17 17:58 | INFO | Query 35 Active Learning Random Query Runtime on Test Set: 190828.67
2024-04-17 17:58 | INFO | Query 35 Active Learning Random Query Instance Cost: 254951.36
2024-04-17 17:58 | INFO | Query 36 Size of the uncertainty table is = 1132/2160
2024-04-17 17:58 | INFO | Query 36 Size of the filtered table is = 21
2024-04-17 17:58 | INFO | Query 36 Active Learning Random Query Runtime on Validation Set: 419417.31
2024-04-17 17:58 | INFO | Query 36 Active Learning Random Query Runtime on Test Set: 225922.08
2024-04-17 17:58 | INFO | Query 36 Active Learning Random Query Instance Cost: 269893.99
2024-04-17 17:58 | INFO | Timeout limit is increased to 1200
2024-04-17 17:58 | INFO | Query 37 Size of the uncertainty table is = 1102/2160
2024-04-17 17:58 | INFO | Query 37 Size of the filtered table is = 21
2024-04-17 17:58 | INFO | Query 37 Active Learning Random Query Runtime on Validation Set: 421356.2
2024-04-17 17:58 | INFO | Query 37 Active Learning Random Query Runtime on Test Set: 263319.15
2024-04-17 17:58 | INFO | Query 37 Active Learning Random Query Instance Cost: 290120.18
2024-04-17 17:58 | INFO | Timeout limit is increased to 1300
2024-04-17 17:58 | INFO | Query 38 Size of the uncertainty table is = 1075/2160
2024-04-17 17:58 | INFO | Query 38 Size of the filtered table is = 21
2024-04-17 17:58 | INFO | Query 38 Active Learning Random Query Runtime on Validation Set: 210310.05
2024-04-17 17:58 | INFO | Query 38 Active Learning Random Query Runtime on Test Set: 191299.42
2024-04-17 17:58 | INFO | Query 38 Active Learning Random Query Instance Cost: 304110.46
2024-04-17 17:58 | INFO | Query 39 Size of the uncertainty table is = 1027/2160
2024-04-17 17:58 | INFO | Query 39 Size of the filtered table is = 21
2024-04-17 17:58 | INFO | Query 39 Active Learning Random Query Runtime on Validation Set: 274923.52
2024-04-17 17:58 | INFO | Query 39 Active Learning Random Query Runtime on Test Set: 193652.44
2024-04-17 17:58 | INFO | Query 39 Active Learning Random Query Instance Cost: 319270.84
2024-04-17 17:58 | INFO | Timeout limit is increased to 1400
2024-04-17 17:58 | INFO | Query 40 Size of the uncertainty table is = 997/2160
2024-04-17 17:58 | INFO | Query 40 Size of the filtered table is = 21
2024-04-17 17:58 | INFO | Query 40 Active Learning Random Query Runtime on Validation Set: 137618.1
2024-04-17 17:58 | INFO | Query 40 Active Learning Random Query Runtime on Test Set: 88359.79
2024-04-17 17:58 | INFO | Query 40 Active Learning Random Query Instance Cost: 335370.3
2024-04-17 17:58 | INFO | Query 41 Size of the uncertainty table is = 963/2160
2024-04-17 17:58 | INFO | Query 41 Size of the filtered table is = 21
2024-04-17 17:58 | INFO | Query 41 Active Learning Random Query Runtime on Validation Set: 173320.11
2024-04-17 17:58 | INFO | Query 41 Active Learning Random Query Runtime on Test Set: 156726.32
2024-04-17 17:58 | INFO | Query 41 Active Learning Random Query Instance Cost: 346652.69
2024-04-17 17:58 | INFO | Timeout limit is increased to 1500
2024-04-17 17:58 | INFO | Query 42 Size of the uncertainty table is = 918/2160
2024-04-17 17:58 | INFO | Query 42 Size of the filtered table is = 21
2024-04-17 17:59 | INFO | Query 42 Active Learning Random Query Runtime on Validation Set: 136858.46
2024-04-17 17:59 | INFO | Query 42 Active Learning Random Query Runtime on Test Set: 158165.41
2024-04-17 17:59 | INFO | Query 42 Active Learning Random Query Instance Cost: 362487.9
2024-04-17 17:59 | INFO | Query 43 Size of the uncertainty table is = 883/2160
2024-04-17 17:59 | INFO | Query 43 Size of the filtered table is = 21
2024-04-17 17:59 | INFO | Query 43 Active Learning Random Query Runtime on Validation Set: 104795.0
2024-04-17 17:59 | INFO | Query 43 Active Learning Random Query Runtime on Test Set: 122097.31
2024-04-17 17:59 | INFO | Query 43 Active Learning Random Query Instance Cost: 379060.94
2024-04-17 17:59 | INFO | Query 44 Size of the uncertainty table is = 853/2160
2024-04-17 17:59 | INFO | Query 44 Size of the filtered table is = 21
2024-04-17 17:59 | INFO | Query 44 Active Learning Random Query Runtime on Validation Set: 206584.1
2024-04-17 17:59 | INFO | Query 44 Active Learning Random Query Runtime on Test Set: 157969.72
2024-04-17 17:59 | INFO | Query 44 Active Learning Random Query Instance Cost: 396410.79
2024-04-17 17:59 | INFO | Timeout limit is increased to 1600
2024-04-17 17:59 | INFO | Query 45 Size of the uncertainty table is = 821/2160
2024-04-17 17:59 | INFO | Query 45 Size of the filtered table is = 21
2024-04-17 17:59 | INFO | Query 45 Active Learning Random Query Runtime on Validation Set: 138131.8
2024-04-17 17:59 | INFO | Query 45 Active Learning Random Query Runtime on Test Set: 122791.85
2024-04-17 17:59 | INFO | Query 45 Active Learning Random Query Instance Cost: 420855.99
2024-04-17 17:59 | INFO | Query 46 Size of the uncertainty table is = 789/2160
2024-04-17 17:59 | INFO | Query 46 Size of the filtered table is = 21
2024-04-17 17:59 | INFO | Query 46 Active Learning Random Query Runtime on Validation Set: 138156.08
2024-04-17 17:59 | INFO | Query 46 Active Learning Random Query Runtime on Test Set: 156622.61
2024-04-17 17:59 | INFO | Query 46 Active Learning Random Query Instance Cost: 440479.16
2024-04-17 17:59 | INFO | Timeout limit is increased to 1700
2024-04-17 17:59 | INFO | Query 47 Size of the uncertainty table is = 753/2160
2024-04-17 17:59 | INFO | Query 47 Size of the filtered table is = 21
2024-04-17 17:59 | INFO | Query 47 Active Learning Random Query Runtime on Validation Set: 137871.07
2024-04-17 17:59 | INFO | Query 47 Active Learning Random Query Runtime on Test Set: 122082.87
2024-04-17 17:59 | INFO | Query 47 Active Learning Random Query Instance Cost: 456440.12
2024-04-17 17:59 | INFO | Query 48 Size of the uncertainty table is = 721/2160
2024-04-17 17:59 | INFO | Query 48 Size of the filtered table is = 21
2024-04-17 17:59 | INFO | Query 48 Active Learning Random Query Runtime on Validation Set: 136621.39
2024-04-17 17:59 | INFO | Query 48 Active Learning Random Query Runtime on Test Set: 157940.98
2024-04-17 17:59 | INFO | Query 48 Active Learning Random Query Instance Cost: 475941.42
2024-04-17 17:59 | INFO | Query 49 Size of the uncertainty table is = 685/2160
2024-04-17 17:59 | INFO | Query 49 Size of the filtered table is = 21
2024-04-17 18:00 | INFO | Query 49 Active Learning Random Query Runtime on Validation Set: 172883.77
2024-04-17 18:00 | INFO | Query 49 Active Learning Random Query Runtime on Test Set: 191584.68
2024-04-17 18:00 | INFO | Query 49 Active Learning Random Query Instance Cost: 495462.19
2024-04-17 18:00 | INFO | Timeout limit is increased to 1800
2024-04-17 18:00 | INFO | Query 50 Size of the uncertainty table is = 660/2160
2024-04-17 18:00 | INFO | Query 50 Size of the filtered table is = 21
2024-04-17 18:00 | INFO | Query 50 Active Learning Random Query Runtime on Validation Set: 137848.48
2024-04-17 18:00 | INFO | Query 50 Active Learning Random Query Runtime on Test Set: 156414.39
2024-04-17 18:00 | INFO | Query 50 Active Learning Random Query Instance Cost: 519489.45
2024-04-17 18:00 | INFO | Query 51 Size of the uncertainty table is = 626/2160
2024-04-17 18:00 | INFO | Query 51 Size of the filtered table is = 21
2024-04-17 18:00 | INFO | Query 51 Active Learning Random Query Runtime on Validation Set: 172533.04
2024-04-17 18:00 | INFO | Query 51 Active Learning Random Query Runtime on Test Set: 157556.42
2024-04-17 18:00 | INFO | Query 51 Active Learning Random Query Instance Cost: 535318.15
2024-04-17 18:00 | INFO | Timeout limit is increased to 1900
2024-04-17 18:00 | INFO | Query 52 Size of the uncertainty table is = 586/2160
2024-04-17 18:00 | INFO | Query 52 Size of the filtered table is = 21
2024-04-17 18:00 | INFO | Query 52 Active Learning Random Query Runtime on Validation Set: 171728.32
2024-04-17 18:00 | INFO | Query 52 Active Learning Random Query Runtime on Test Set: 192394.1
2024-04-17 18:00 | INFO | Query 52 Active Learning Random Query Instance Cost: 559810.34
2024-04-17 18:00 | INFO | Query 53 Size of the uncertainty table is = 550/2160
2024-04-17 18:00 | INFO | Query 53 Size of the filtered table is = 21
2024-04-17 18:00 | INFO | Query 53 Active Learning Random Query Runtime on Validation Set: 171509.18
2024-04-17 18:00 | INFO | Query 53 Active Learning Random Query Runtime on Test Set: 157780.22
2024-04-17 18:00 | INFO | Query 53 Active Learning Random Query Instance Cost: 573147.14
2024-04-17 18:00 | INFO | Query 54 Size of the uncertainty table is = 510/2160
2024-04-17 18:00 | INFO | Query 54 Size of the filtered table is = 21
2024-04-17 18:00 | INFO | Query 54 Active Learning Random Query Runtime on Validation Set: 171569.04
2024-04-17 18:00 | INFO | Query 54 Active Learning Random Query Runtime on Test Set: 227335.01
2024-04-17 18:00 | INFO | Query 54 Active Learning Random Query Instance Cost: 601414.39
2024-04-17 18:00 | INFO | Timeout limit is increased to 2000
2024-04-17 18:00 | INFO | Query 55 Size of the uncertainty table is = 500/2160
2024-04-17 18:00 | INFO | Query 55 Size of the filtered table is = 21
2024-04-17 18:00 | INFO | Query 55 Active Learning Random Query Runtime on Validation Set: 138213.43
2024-04-17 18:00 | INFO | Query 55 Active Learning Random Query Runtime on Test Set: 157778.51
2024-04-17 18:00 | INFO | Query 55 Active Learning Random Query Instance Cost: 624922.45
2024-04-17 18:00 | INFO | Query 56 Size of the uncertainty table is = 477/2160
2024-04-17 18:00 | INFO | Query 56 Size of the filtered table is = 21
2024-04-17 18:01 | INFO | Query 56 Active Learning Random Query Runtime on Validation Set: 138388.94
2024-04-17 18:01 | INFO | Query 56 Active Learning Random Query Runtime on Test Set: 156393.9
2024-04-17 18:01 | INFO | Query 56 Active Learning Random Query Instance Cost: 645981.18
2024-04-17 18:01 | INFO | Timeout limit is increased to 2100
2024-04-17 18:01 | INFO | Query 57 Size of the uncertainty table is = 455/2160
2024-04-17 18:01 | INFO | Query 57 Size of the filtered table is = 21
2024-04-17 18:01 | INFO | Query 57 Active Learning Random Query Runtime on Validation Set: 171321.41
2024-04-17 18:01 | INFO | Query 57 Active Learning Random Query Runtime on Test Set: 192232.45
2024-04-17 18:01 | INFO | Query 57 Active Learning Random Query Instance Cost: 668264.65
2024-04-17 18:01 | INFO | Timeout limit is increased to 2200
2024-04-17 18:01 | INFO | Query 58 Size of the uncertainty table is = 439/2160
2024-04-17 18:01 | INFO | Query 58 Size of the filtered table is = 21
2024-04-17 18:01 | INFO | Query 58 Active Learning Random Query Runtime on Validation Set: 135544.91
2024-04-17 18:01 | INFO | Query 58 Active Learning Random Query Runtime on Test Set: 191267.7
2024-04-17 18:01 | INFO | Query 58 Active Learning Random Query Instance Cost: 692601.54
2024-04-17 18:01 | INFO | Query 59 Size of the uncertainty table is = 420/2160
2024-04-17 18:01 | INFO | Query 59 Size of the filtered table is = 21
2024-04-17 18:01 | INFO | Query 59 Active Learning Random Query Runtime on Validation Set: 171431.06
2024-04-17 18:01 | INFO | Query 59 Active Learning Random Query Runtime on Test Set: 154790.79
2024-04-17 18:01 | INFO | Query 59 Active Learning Random Query Instance Cost: 713268.61
2024-04-17 18:01 | INFO | Timeout limit is increased to 2300
2024-04-17 18:01 | INFO | Query 60 Size of the uncertainty table is = 398/2160
2024-04-17 18:01 | INFO | Query 60 Size of the filtered table is = 21
2024-04-17 18:01 | INFO | Query 60 Active Learning Random Query Runtime on Validation Set: 171369.88
2024-04-17 18:01 | INFO | Query 60 Active Learning Random Query Runtime on Test Set: 156393.9
2024-04-17 18:01 | INFO | Query 60 Active Learning Random Query Instance Cost: 748246.99
2024-04-17 18:01 | INFO | Query 61 Size of the uncertainty table is = 389/2160
2024-04-17 18:01 | INFO | Query 61 Size of the filtered table is = 21
2024-04-17 18:01 | INFO | Query 61 Active Learning Random Query Runtime on Validation Set: 171585.62
2024-04-17 18:01 | INFO | Query 61 Active Learning Random Query Runtime on Test Set: 192232.45
2024-04-17 18:01 | INFO | Query 61 Active Learning Random Query Instance Cost: 768742.46
2024-04-17 18:01 | INFO | Timeout limit is increased to 2400
2024-04-17 18:01 | INFO | Query 62 Size of the uncertainty table is = 373/2160
2024-04-17 18:01 | INFO | Query 62 Size of the filtered table is = 21
2024-04-17 18:01 | INFO | Query 62 Active Learning Random Query Runtime on Validation Set: 171431.17
2024-04-17 18:01 | INFO | Query 62 Active Learning Random Query Runtime on Test Set: 188968.18
2024-04-17 18:01 | INFO | Query 62 Active Learning Random Query Instance Cost: 793206.99
2024-04-17 18:01 | INFO | Query 63 Size of the uncertainty table is = 360/2160
2024-04-17 18:01 | INFO | Query 63 Size of the filtered table is = 21
2024-04-17 18:02 | INFO | Query 63 Active Learning Random Query Runtime on Validation Set: 171721.3
2024-04-17 18:02 | INFO | Query 63 Active Learning Random Query Runtime on Test Set: 191111.39
2024-04-17 18:02 | INFO | Query 63 Active Learning Random Query Instance Cost: 821897.63
2024-04-17 18:02 | INFO | Timeout limit is increased to 2500
2024-04-17 18:02 | INFO | Query 64 Size of the uncertainty table is = 351/2160
2024-04-17 18:02 | INFO | Query 64 Size of the filtered table is = 21
2024-04-17 18:02 | INFO | Query 64 Active Learning Random Query Runtime on Validation Set: 171413.27
2024-04-17 18:02 | INFO | Query 64 Active Learning Random Query Runtime on Test Set: 193397.26
2024-04-17 18:02 | INFO | Query 64 Active Learning Random Query Instance Cost: 848310.77
2024-04-17 18:02 | INFO | Query 65 Size of the uncertainty table is = 346/2160
2024-04-17 18:02 | INFO | Query 65 Size of the filtered table is = 21
2024-04-17 18:02 | INFO | Query 65 Active Learning Random Query Runtime on Validation Set: 175031.3
2024-04-17 18:02 | INFO | Query 65 Active Learning Random Query Runtime on Test Set: 158894.28
2024-04-17 18:02 | INFO | Query 65 Active Learning Random Query Instance Cost: 865311.31
2024-04-17 18:02 | INFO | Timeout limit is increased to 2600
2024-04-17 18:02 | INFO | Query 66 Size of the uncertainty table is = 331/2160
2024-04-17 18:02 | INFO | Query 66 Size of the filtered table is = 21
2024-04-17 18:02 | INFO | Query 66 Active Learning Random Query Runtime on Validation Set: 175031.3
2024-04-17 18:02 | INFO | Query 66 Active Learning Random Query Runtime on Test Set: 227325.91
2024-04-17 18:02 | INFO | Query 66 Active Learning Random Query Instance Cost: 886183.69
2024-04-17 18:02 | INFO | Timeout limit is increased to 2700
2024-04-17 18:02 | INFO | Query 67 Size of the uncertainty table is = 324/2160
2024-04-17 18:02 | INFO | Query 67 Size of the filtered table is = 21
2024-04-17 18:02 | INFO | Query 67 Active Learning Random Query Runtime on Validation Set: 171345.83
2024-04-17 18:02 | INFO | Query 67 Active Learning Random Query Runtime on Test Set: 193391.14
2024-04-17 18:02 | INFO | Query 67 Active Learning Random Query Instance Cost: 916805.75
2024-04-17 18:02 | INFO | Query 68 Size of the uncertainty table is = 313/2160
2024-04-17 18:02 | INFO | Query 68 Size of the filtered table is = 21
2024-04-17 18:02 | INFO | Query 68 Active Learning Random Query Runtime on Validation Set: 171345.83
2024-04-17 18:02 | INFO | Query 68 Active Learning Random Query Runtime on Test Set: 193391.14
2024-04-17 18:02 | INFO | Query 68 Active Learning Random Query Instance Cost: 941810.48
2024-04-17 18:02 | INFO | Timeout limit is increased to 2800
2024-04-17 18:02 | INFO | Query 69 Size of the uncertainty table is = 310/2160
2024-04-17 18:02 | INFO | Query 69 Size of the filtered table is = 21
2024-04-17 18:02 | INFO | Query 69 Active Learning Random Query Runtime on Validation Set: 171360.21
2024-04-17 18:02 | INFO | Query 69 Active Learning Random Query Runtime on Test Set: 227102.26
2024-04-17 18:02 | INFO | Query 69 Active Learning Random Query Instance Cost: 963960.86
2024-04-17 18:02 | INFO | Timeout limit is increased to 2900
2024-04-17 18:02 | INFO | Query 70 Size of the uncertainty table is = 304/2160
2024-04-17 18:02 | INFO | Query 70 Size of the filtered table is = 21
2024-04-17 18:03 | INFO | Query 70 Active Learning Random Query Runtime on Validation Set: 138638.19
2024-04-17 18:03 | INFO | Query 70 Active Learning Random Query Runtime on Test Set: 227102.26
2024-04-17 18:03 | INFO | Query 70 Active Learning Random Query Instance Cost: 985997.75
2024-04-17 18:03 | INFO | Query 71 Size of the uncertainty table is = 298/2160
2024-04-17 18:03 | INFO | Query 71 Size of the filtered table is = 21
2024-04-17 18:03 | INFO | Query 71 Active Learning Random Query Runtime on Validation Set: 138638.91
2024-04-17 18:03 | INFO | Query 71 Active Learning Random Query Runtime on Test Set: 227102.26
2024-04-17 18:03 | INFO | Query 71 Active Learning Random Query Instance Cost: 1014847.71
2024-04-17 18:03 | INFO | Timeout limit is increased to 3000
2024-04-17 18:03 | INFO | Query 72 Size of the uncertainty table is = 294/2160
2024-04-17 18:03 | INFO | Query 72 Size of the filtered table is = 21
2024-04-17 18:03 | INFO | Query 72 Active Learning Random Query Runtime on Validation Set: 138638.0
2024-04-17 18:03 | INFO | Query 72 Active Learning Random Query Runtime on Test Set: 227102.26
2024-04-17 18:03 | INFO | Query 72 Active Learning Random Query Instance Cost: 1034987.26
2024-04-17 18:03 | INFO | Query 73 Size of the uncertainty table is = 292/2160
2024-04-17 18:03 | INFO | Query 73 Size of the filtered table is = 21
2024-04-17 18:03 | INFO | Query 73 Active Learning Random Query Runtime on Validation Set: 138638.0
2024-04-17 18:03 | INFO | Query 73 Active Learning Random Query Runtime on Test Set: 227102.26
2024-04-17 18:03 | INFO | Query 73 Active Learning Random Query Instance Cost: 1062087.26
2024-04-17 18:03 | INFO | Timeout limit is increased to 3100
2024-04-17 18:03 | INFO | Query 74 Size of the uncertainty table is = 291/2160
2024-04-17 18:03 | INFO | Query 74 Size of the filtered table is = 21
2024-04-17 18:03 | INFO | Query 74 Active Learning Random Query Runtime on Validation Set: 174043.0
2024-04-17 18:03 | INFO | Query 74 Active Learning Random Query Runtime on Test Set: 227111.35
2024-04-17 18:03 | INFO | Query 74 Active Learning Random Query Instance Cost: 1092756.25
2024-04-17 18:03 | INFO | Timeout limit is increased to 3200
2024-04-17 18:03 | INFO | Query 75 Size of the uncertainty table is = 285/2160
2024-04-17 18:03 | INFO | Query 75 Size of the filtered table is = 21
2024-04-17 18:03 | INFO | Query 75 Active Learning Random Query Runtime on Validation Set: 174043.0
2024-04-17 18:03 | INFO | Query 75 Active Learning Random Query Runtime on Test Set: 193400.23
2024-04-17 18:03 | INFO | Query 75 Active Learning Random Query Instance Cost: 1117460.55
2024-04-17 18:03 | INFO | Timeout limit is increased to 3300
2024-04-17 18:03 | INFO | Query 76 Size of the uncertainty table is = 282/2160
2024-04-17 18:03 | INFO | Query 76 Size of the filtered table is = 21
2024-04-17 18:03 | INFO | Query 76 Active Learning Random Query Runtime on Validation Set: 174043.0
2024-04-17 18:03 | INFO | Query 76 Active Learning Random Query Runtime on Test Set: 193400.23
2024-04-17 18:03 | INFO | Query 76 Active Learning Random Query Instance Cost: 1145366.8
2024-04-17 18:03 | INFO | Timeout limit is increased to 3400
2024-04-17 18:03 | INFO | Query 77 Size of the uncertainty table is = 281/2160
2024-04-17 18:03 | INFO | Query 77 Size of the filtered table is = 21
2024-04-17 18:04 | INFO | Query 77 Active Learning Random Query Runtime on Validation Set: 174043.0
2024-04-17 18:04 | INFO | Query 77 Active Learning Random Query Runtime on Test Set: 193400.23
2024-04-17 18:04 | INFO | Query 77 Active Learning Random Query Instance Cost: 1184866.8
2024-04-17 18:04 | INFO | Timeout limit is increased to 3500
2024-04-17 18:04 | INFO | Query 78 Size of the uncertainty table is = 281/2160
2024-04-17 18:04 | INFO | Query 78 Size of the filtered table is = 21
2024-04-17 18:04 | INFO | Query 78 Active Learning Random Query Runtime on Validation Set: 174043.0
2024-04-17 18:04 | INFO | Query 78 Active Learning Random Query Runtime on Test Set: 193400.23
2024-04-17 18:04 | INFO | Query 78 Active Learning Random Query Instance Cost: 1213872.9
2024-04-17 18:04 | INFO | Timeout limit is increased to 3600
2024-04-17 18:04 | INFO | Query 79 Size of the uncertainty table is = 278/2160
2024-04-17 18:04 | INFO | Query 79 Size of the filtered table is = 21
2024-04-17 18:04 | INFO | Query 79 Active Learning Random Query Runtime on Validation Set: 174043.0
2024-04-17 18:04 | INFO | Query 79 Active Learning Random Query Runtime on Test Set: 193400.23
2024-04-17 18:04 | INFO | Query 79 Active Learning Random Query Instance Cost: 1234716.19
2024-04-17 18:04 | INFO | Timeout limit is increased to 3600
2024-04-17 18:04 | INFO | runtime_train_score is written as json file
2024-04-17 18:04 | INFO | runtime_test_score is written as json file
2024-04-17 18:04 | INFO | runtime_validation_score is written as json file
2024-04-17 18:04 | INFO | instance_cost is written as json file
2024-04-17 18:04 | INFO | Experiment is finished
