2024-04-17 18:12 | INFO | Paramaters are: {'dataset': 'MAXSAT12-PMS', 'penalty': 10, 'weight': 'No_Weight', 'voting': 'Hard', 'pre_selection_size': 64, 'pre_selection_technique': 'No_pre_selection', 'feature_elimination_threshold': 20, 'imputer_strategy': 'median', 'feature_selection_technique': 'No_feature_selection', 'feature_scaling_technique': 'StandardScaler', 'initial_train_size': 20, 'query_size': 1, 'timeout_predictor_usage': 'No', 'timeout_limit': 100, 'timeout_increase_rate': 100, 'RANDOM_STATE_SEED': 7, 'n_splits': 10, 'split_number': 7, 'max_timeout': 3600, 'param_grid': {'n_estimators': 100, 'criterion': 'gini', 'max_features': 'sqrt', 'max_depth': 2147483648, 'min_samples_split': 2, 'bootstrap': True}}
2024-04-17 18:12 | INFO | MAXSAT12-PMS is current dataset
2024-04-17 18:12 | INFO | DATASETS/MAXSAT12-PMS/algorithm_runs.csv is found
2024-04-17 18:12 | INFO | DATASETS/MAXSAT12-PMS/algorithm_runs.csv is finished
2024-04-17 18:12 | INFO | DATASETS/MAXSAT12-PMS/feature_values.csv is found
2024-04-17 18:12 | INFO | DATASETS/MAXSAT12-PMS/feature_values.csv is finished
2024-04-17 18:12 | INFO | DATASETS/MAXSAT12-PMS/feature_costs.csv is found
2024-04-17 18:12 | INFO | DATASETS/MAXSAT12-PMS/feature_costs.csv is finished
2024-04-17 18:12 | INFO | Feature cost of train set is 33.56
2024-04-17 18:13 | INFO | Initial Active Learning Random Query Runtime on Validation Set: 297266.42
2024-04-17 18:13 | INFO | Initial Active Learning Random Query Runtime on Test Set: 111082.98
2024-04-17 18:13 | INFO | Initial Active Learning Random Query Instance Cost: 4470.57
2024-04-17 18:13 | INFO | Bin size = 77
2024-04-17 18:13 | INFO | Query 1 Size of the uncertainty table is = 7807/7770
2024-04-17 18:13 | INFO | Query 1 Size of the filtered table is = 77
2024-04-17 18:13 | INFO | Query 1 Active Learning Random Query Runtime on Validation Set: 297329.34
2024-04-17 18:13 | INFO | Query 1 Active Learning Random Query Runtime on Test Set: 110877.69
2024-04-17 18:13 | INFO | Query 1 Active Learning Random Query Instance Cost: 10987.81
2024-04-17 18:13 | INFO | Timeout limit is increased to 200
2024-04-17 18:13 | INFO | Query 2 Size of the uncertainty table is = 7735/7770
2024-04-17 18:13 | INFO | Query 2 Size of the filtered table is = 77
2024-04-17 18:14 | INFO | Query 2 Active Learning Random Query Runtime on Validation Set: 297334.11
2024-04-17 18:14 | INFO | Query 2 Active Learning Random Query Runtime on Test Set: 110743.39
2024-04-17 18:14 | INFO | Query 2 Active Learning Random Query Instance Cost: 24242.79
2024-04-17 18:14 | INFO | Timeout limit is increased to 300
2024-04-17 18:14 | INFO | Query 3 Size of the uncertainty table is = 7653/7770
2024-04-17 18:14 | INFO | Query 3 Size of the filtered table is = 77
2024-04-17 18:14 | INFO | Query 3 Active Learning Random Query Runtime on Validation Set: 8144.33
2024-04-17 18:14 | INFO | Query 3 Active Learning Random Query Runtime on Test Set: 110503.8
2024-04-17 18:14 | INFO | Query 3 Active Learning Random Query Instance Cost: 42599.05
2024-04-17 18:14 | INFO | Query 4 Size of the uncertainty table is = 7544/7770
2024-04-17 18:14 | INFO | Query 4 Size of the filtered table is = 77
2024-04-17 18:15 | INFO | Query 4 Active Learning Random Query Runtime on Validation Set: 8150.9
2024-04-17 18:15 | INFO | Query 4 Active Learning Random Query Runtime on Test Set: 110491.92
2024-04-17 18:15 | INFO | Query 4 Active Learning Random Query Instance Cost: 59901.97
2024-04-17 18:15 | INFO | Timeout limit is increased to 400
2024-04-17 18:15 | INFO | Query 5 Size of the uncertainty table is = 7422/7770
2024-04-17 18:15 | INFO | Query 5 Size of the filtered table is = 77
2024-04-17 18:15 | INFO | Query 5 Active Learning Random Query Runtime on Validation Set: 153229.2
2024-04-17 18:15 | INFO | Query 5 Active Learning Random Query Runtime on Test Set: 146446.17
2024-04-17 18:15 | INFO | Query 5 Active Learning Random Query Instance Cost: 80914.71
2024-04-17 18:15 | INFO | Timeout limit is increased to 500
2024-04-17 18:15 | INFO | Query 6 Size of the uncertainty table is = 7282/7770
2024-04-17 18:15 | INFO | Query 6 Size of the filtered table is = 77
2024-04-17 18:16 | INFO | Query 6 Active Learning Random Query Runtime on Validation Set: 8145.93
2024-04-17 18:16 | INFO | Query 6 Active Learning Random Query Runtime on Test Set: 110643.91
2024-04-17 18:16 | INFO | Query 6 Active Learning Random Query Instance Cost: 110697.99
2024-04-17 18:16 | INFO | Query 7 Size of the uncertainty table is = 7153/7770
2024-04-17 18:16 | INFO | Query 7 Size of the filtered table is = 77
2024-04-17 18:16 | INFO | Query 7 Active Learning Random Query Runtime on Validation Set: 117385.76
2024-04-17 18:16 | INFO | Query 7 Active Learning Random Query Runtime on Test Set: 110566.88
2024-04-17 18:16 | INFO | Query 7 Active Learning Random Query Instance Cost: 135886.39
2024-04-17 18:16 | INFO | Timeout limit is increased to 600
2024-04-17 18:16 | INFO | Query 8 Size of the uncertainty table is = 6979/7770
2024-04-17 18:16 | INFO | Query 8 Size of the filtered table is = 77
2024-04-17 18:17 | INFO | Query 8 Active Learning Random Query Runtime on Validation Set: 8160.48
2024-04-17 18:17 | INFO | Query 8 Active Learning Random Query Runtime on Test Set: 111815.99
2024-04-17 18:17 | INFO | Query 8 Active Learning Random Query Instance Cost: 168001.71
2024-04-17 18:17 | INFO | Query 9 Size of the uncertainty table is = 6801/7770
2024-04-17 18:17 | INFO | Query 9 Size of the filtered table is = 77
2024-04-17 18:17 | INFO | Query 9 Active Learning Random Query Runtime on Validation Set: 191079.51
2024-04-17 18:17 | INFO | Query 9 Active Learning Random Query Runtime on Test Set: 182390.09
2024-04-17 18:17 | INFO | Query 9 Active Learning Random Query Instance Cost: 192924.54
2024-04-17 18:17 | INFO | Timeout limit is increased to 700
2024-04-17 18:17 | INFO | Query 10 Size of the uncertainty table is = 6627/7770
2024-04-17 18:17 | INFO | Query 10 Size of the filtered table is = 77
2024-04-17 18:18 | INFO | Query 10 Active Learning Random Query Runtime on Validation Set: 8160.14
2024-04-17 18:18 | INFO | Query 10 Active Learning Random Query Runtime on Test Set: 146447.06
2024-04-17 18:18 | INFO | Query 10 Active Learning Random Query Instance Cost: 223173.12
2024-04-17 18:18 | INFO | Query 11 Size of the uncertainty table is = 6453/7770
2024-04-17 18:18 | INFO | Query 11 Size of the filtered table is = 77
2024-04-17 18:18 | INFO | Query 11 Active Learning Random Query Runtime on Validation Set: 8127.15
2024-04-17 18:18 | INFO | Query 11 Active Learning Random Query Runtime on Test Set: 146585.65
2024-04-17 18:18 | INFO | Query 11 Active Learning Random Query Instance Cost: 257695.23
2024-04-17 18:18 | INFO | Query 12 Size of the uncertainty table is = 6280/7770
2024-04-17 18:18 | INFO | Query 12 Size of the filtered table is = 77
2024-04-17 18:19 | INFO | Query 12 Active Learning Random Query Runtime on Validation Set: 155204.12
2024-04-17 18:19 | INFO | Query 12 Active Learning Random Query Runtime on Test Set: 182506.92
2024-04-17 18:19 | INFO | Query 12 Active Learning Random Query Instance Cost: 281686.44
2024-04-17 18:19 | INFO | Timeout limit is increased to 800
2024-04-17 18:19 | INFO | Query 13 Size of the uncertainty table is = 6063/7770
2024-04-17 18:19 | INFO | Query 13 Size of the filtered table is = 77
2024-04-17 18:19 | INFO | Query 13 Active Learning Random Query Runtime on Validation Set: 8025.0
2024-04-17 18:19 | INFO | Query 13 Active Learning Random Query Runtime on Test Set: 146812.56
2024-04-17 18:19 | INFO | Query 13 Active Learning Random Query Instance Cost: 322620.62
2024-04-17 18:19 | INFO | Query 14 Size of the uncertainty table is = 5849/7770
2024-04-17 18:19 | INFO | Query 14 Size of the filtered table is = 77
2024-04-17 18:20 | INFO | Query 14 Active Learning Random Query Runtime on Validation Set: 8028.83
2024-04-17 18:20 | INFO | Query 14 Active Learning Random Query Runtime on Test Set: 146637.62
2024-04-17 18:20 | INFO | Query 14 Active Learning Random Query Instance Cost: 361372.91
2024-04-17 18:20 | INFO | Timeout limit is increased to 900
2024-04-17 18:20 | INFO | Query 15 Size of the uncertainty table is = 5623/7770
2024-04-17 18:20 | INFO | Query 15 Size of the filtered table is = 77
2024-04-17 18:20 | INFO | Query 15 Active Learning Random Query Runtime on Validation Set: 8166.56
2024-04-17 18:20 | INFO | Query 15 Active Learning Random Query Runtime on Test Set: 146494.04
2024-04-17 18:20 | INFO | Query 15 Active Learning Random Query Instance Cost: 401652.26
2024-04-17 18:20 | INFO | Timeout limit is increased to 1000
2024-04-17 18:20 | INFO | Query 16 Size of the uncertainty table is = 5393/7770
2024-04-17 18:20 | INFO | Query 16 Size of the filtered table is = 77
2024-04-17 18:21 | INFO | Query 16 Active Learning Random Query Runtime on Validation Set: 8154.95
2024-04-17 18:21 | INFO | Query 16 Active Learning Random Query Runtime on Test Set: 146536.79
2024-04-17 18:21 | INFO | Query 16 Active Learning Random Query Instance Cost: 446205.0
2024-04-17 18:21 | INFO | Query 17 Size of the uncertainty table is = 5211/7770
2024-04-17 18:21 | INFO | Query 17 Size of the filtered table is = 77
2024-04-17 18:21 | INFO | Query 17 Active Learning Random Query Runtime on Validation Set: 8215.21
2024-04-17 18:21 | INFO | Query 17 Active Learning Random Query Runtime on Test Set: 146534.09
2024-04-17 18:21 | INFO | Query 17 Active Learning Random Query Instance Cost: 478882.79
2024-04-17 18:21 | INFO | Timeout limit is increased to 1100
2024-04-17 18:21 | INFO | Query 18 Size of the uncertainty table is = 4977/7770
2024-04-17 18:21 | INFO | Query 18 Size of the filtered table is = 77
2024-04-17 18:22 | INFO | Query 18 Active Learning Random Query Runtime on Validation Set: 8214.19
2024-04-17 18:22 | INFO | Query 18 Active Learning Random Query Runtime on Test Set: 110541.67
2024-04-17 18:22 | INFO | Query 18 Active Learning Random Query Instance Cost: 526295.24
2024-04-17 18:22 | INFO | Query 19 Size of the uncertainty table is = 4738/7770
2024-04-17 18:22 | INFO | Query 19 Size of the filtered table is = 77
2024-04-17 18:22 | INFO | Query 19 Active Learning Random Query Runtime on Validation Set: 8244.64
2024-04-17 18:22 | INFO | Query 19 Active Learning Random Query Runtime on Test Set: 75691.4
2024-04-17 18:22 | INFO | Query 19 Active Learning Random Query Instance Cost: 559941.66
2024-04-17 18:22 | INFO | Timeout limit is increased to 1200
2024-04-17 18:22 | INFO | Query 20 Size of the uncertainty table is = 4518/7770
2024-04-17 18:22 | INFO | Query 20 Size of the filtered table is = 77
2024-04-17 18:23 | INFO | Query 20 Active Learning Random Query Runtime on Validation Set: 8154.83
2024-04-17 18:23 | INFO | Query 20 Active Learning Random Query Runtime on Test Set: 39802.01
2024-04-17 18:23 | INFO | Query 20 Active Learning Random Query Instance Cost: 610534.55
2024-04-17 18:23 | INFO | Query 21 Size of the uncertainty table is = 4298/7770
2024-04-17 18:23 | INFO | Query 21 Size of the filtered table is = 77
2024-04-17 18:23 | INFO | Query 21 Active Learning Random Query Runtime on Validation Set: 8156.66
2024-04-17 18:23 | INFO | Query 21 Active Learning Random Query Runtime on Test Set: 39802.02
2024-04-17 18:23 | INFO | Query 21 Active Learning Random Query Instance Cost: 655586.23
2024-04-17 18:23 | INFO | Timeout limit is increased to 1300
2024-04-17 18:23 | INFO | Query 22 Size of the uncertainty table is = 4098/7770
2024-04-17 18:23 | INFO | Query 22 Size of the filtered table is = 77
2024-04-17 18:24 | INFO | Query 22 Active Learning Random Query Runtime on Validation Set: 8185.02
2024-04-17 18:24 | INFO | Query 22 Active Learning Random Query Runtime on Test Set: 39801.17
2024-04-17 18:24 | INFO | Query 22 Active Learning Random Query Instance Cost: 702630.96
2024-04-17 18:24 | INFO | Timeout limit is increased to 1400
2024-04-17 18:24 | INFO | Query 23 Size of the uncertainty table is = 3876/7770
2024-04-17 18:24 | INFO | Query 23 Size of the filtered table is = 77
2024-04-17 18:24 | INFO | Query 23 Active Learning Random Query Runtime on Validation Set: 8148.71
2024-04-17 18:24 | INFO | Query 23 Active Learning Random Query Runtime on Test Set: 39825.17
2024-04-17 18:24 | INFO | Query 23 Active Learning Random Query Instance Cost: 751115.5
2024-04-17 18:24 | INFO | Query 24 Size of the uncertainty table is = 3606/7770
2024-04-17 18:24 | INFO | Query 24 Size of the filtered table is = 77
2024-04-17 18:25 | INFO | Query 24 Active Learning Random Query Runtime on Validation Set: 8376.0
2024-04-17 18:25 | INFO | Query 24 Active Learning Random Query Runtime on Test Set: 39860.45
2024-04-17 18:25 | INFO | Query 24 Active Learning Random Query Instance Cost: 803261.44
2024-04-17 18:25 | INFO | Timeout limit is increased to 1500
2024-04-17 18:25 | INFO | Query 25 Size of the uncertainty table is = 3360/7770
2024-04-17 18:25 | INFO | Query 25 Size of the filtered table is = 77
2024-04-17 18:26 | INFO | Query 25 Active Learning Random Query Runtime on Validation Set: 8145.38
2024-04-17 18:26 | INFO | Query 25 Active Learning Random Query Runtime on Test Set: 39871.86
2024-04-17 18:26 | INFO | Query 25 Active Learning Random Query Instance Cost: 870802.51
2024-04-17 18:26 | INFO | Query 26 Size of the uncertainty table is = 3133/7770
2024-04-17 18:26 | INFO | Query 26 Size of the filtered table is = 77
2024-04-17 18:26 | INFO | Query 26 Active Learning Random Query Runtime on Validation Set: 296682.16
2024-04-17 18:26 | INFO | Query 26 Active Learning Random Query Runtime on Test Set: 75924.69
2024-04-17 18:26 | INFO | Query 26 Active Learning Random Query Instance Cost: 913841.78
2024-04-17 18:26 | INFO | Timeout limit is increased to 1600
2024-04-17 18:26 | INFO | Query 27 Size of the uncertainty table is = 2900/7770
2024-04-17 18:26 | INFO | Query 27 Size of the filtered table is = 77
2024-04-17 18:27 | INFO | Query 27 Active Learning Random Query Runtime on Validation Set: 223139.69
2024-04-17 18:27 | INFO | Query 27 Active Learning Random Query Runtime on Test Set: 75964.27
2024-04-17 18:27 | INFO | Query 27 Active Learning Random Query Instance Cost: 973578.84
2024-04-17 18:27 | INFO | Query 28 Size of the uncertainty table is = 2660/7770
2024-04-17 18:27 | INFO | Query 28 Size of the filtered table is = 77
2024-04-17 18:27 | INFO | Query 28 Active Learning Random Query Runtime on Validation Set: 151147.77
2024-04-17 18:27 | INFO | Query 28 Active Learning Random Query Runtime on Test Set: 75649.52
2024-04-17 18:27 | INFO | Query 28 Active Learning Random Query Instance Cost: 1020199.11
2024-04-17 18:27 | INFO | Query 29 Size of the uncertainty table is = 2442/7770
2024-04-17 18:27 | INFO | Query 29 Size of the filtered table is = 77
2024-04-17 18:28 | INFO | Query 29 Active Learning Random Query Runtime on Validation Set: 8037.92
2024-04-17 18:28 | INFO | Query 29 Active Learning Random Query Runtime on Test Set: 39971.15
2024-04-17 18:28 | INFO | Query 29 Active Learning Random Query Instance Cost: 1085799.51
2024-04-17 18:28 | INFO | Query 30 Size of the uncertainty table is = 2227/7770
2024-04-17 18:28 | INFO | Query 30 Size of the filtered table is = 77
2024-04-17 18:28 | INFO | Query 30 Active Learning Random Query Runtime on Validation Set: 8084.4
2024-04-17 18:28 | INFO | Query 30 Active Learning Random Query Runtime on Test Set: 39953.18
2024-04-17 18:28 | INFO | Query 30 Active Learning Random Query Instance Cost: 1141890.45
2024-04-17 18:28 | INFO | Timeout limit is increased to 1700
2024-04-17 18:28 | INFO | Query 31 Size of the uncertainty table is = 2005/7770
2024-04-17 18:28 | INFO | Query 31 Size of the filtered table is = 77
2024-04-17 18:29 | INFO | Query 31 Active Learning Random Query Runtime on Validation Set: 8077.75
2024-04-17 18:29 | INFO | Query 31 Active Learning Random Query Runtime on Test Set: 39953.48
2024-04-17 18:29 | INFO | Query 31 Active Learning Random Query Instance Cost: 1210397.38
2024-04-17 18:29 | INFO | Query 32 Size of the uncertainty table is = 1811/7770
2024-04-17 18:29 | INFO | Query 32 Size of the filtered table is = 77
2024-04-17 18:29 | INFO | Query 32 Active Learning Random Query Runtime on Validation Set: 7949.22
2024-04-17 18:29 | INFO | Query 32 Active Learning Random Query Runtime on Test Set: 39958.04
2024-04-17 18:29 | INFO | Query 32 Active Learning Random Query Instance Cost: 1261087.58
2024-04-17 18:29 | INFO | Query 33 Size of the uncertainty table is = 1643/7770
2024-04-17 18:29 | INFO | Query 33 Size of the filtered table is = 77
2024-04-17 18:30 | INFO | Query 33 Active Learning Random Query Runtime on Validation Set: 8007.2
2024-04-17 18:30 | INFO | Query 33 Active Learning Random Query Runtime on Test Set: 40003.06
2024-04-17 18:30 | INFO | Query 33 Active Learning Random Query Instance Cost: 1316336.93
2024-04-17 18:30 | INFO | Timeout limit is increased to 1800
2024-04-17 18:30 | INFO | Query 34 Size of the uncertainty table is = 1490/7770
2024-04-17 18:30 | INFO | Query 34 Size of the filtered table is = 77
2024-04-17 18:30 | INFO | Query 34 Active Learning Random Query Runtime on Validation Set: 8078.32
2024-04-17 18:30 | INFO | Query 34 Active Learning Random Query Runtime on Test Set: 39996.48
2024-04-17 18:30 | INFO | Query 34 Active Learning Random Query Instance Cost: 1368529.6
2024-04-17 18:30 | INFO | Timeout limit is increased to 1900
2024-04-17 18:30 | INFO | Query 35 Size of the uncertainty table is = 1324/7770
2024-04-17 18:30 | INFO | Query 35 Size of the filtered table is = 77
2024-04-17 18:31 | INFO | Query 35 Active Learning Random Query Runtime on Validation Set: 8100.91
2024-04-17 18:31 | INFO | Query 35 Active Learning Random Query Runtime on Test Set: 39996.48
2024-04-17 18:31 | INFO | Query 35 Active Learning Random Query Instance Cost: 1423122.04
2024-04-17 18:31 | INFO | Timeout limit is increased to 2000
2024-04-17 18:31 | INFO | Query 36 Size of the uncertainty table is = 1212/7770
2024-04-17 18:31 | INFO | Query 36 Size of the filtered table is = 77
2024-04-17 18:31 | INFO | Query 36 Active Learning Random Query Runtime on Validation Set: 8048.06
2024-04-17 18:31 | INFO | Query 36 Active Learning Random Query Runtime on Test Set: 39973.78
2024-04-17 18:31 | INFO | Query 36 Active Learning Random Query Instance Cost: 1490599.38
2024-04-17 18:31 | INFO | Query 37 Size of the uncertainty table is = 1112/7770
2024-04-17 18:31 | INFO | Query 37 Size of the filtered table is = 77
2024-04-17 18:32 | INFO | Query 37 Active Learning Random Query Runtime on Validation Set: 8048.06
2024-04-17 18:32 | INFO | Query 37 Active Learning Random Query Runtime on Test Set: 39956.24
2024-04-17 18:32 | INFO | Query 37 Active Learning Random Query Instance Cost: 1551801.09
2024-04-17 18:32 | INFO | Timeout limit is increased to 2100
2024-04-17 18:32 | INFO | Query 38 Size of the uncertainty table is = 1029/7770
2024-04-17 18:32 | INFO | Query 38 Size of the filtered table is = 77
2024-04-17 18:32 | INFO | Query 38 Active Learning Random Query Runtime on Validation Set: 8081.83
2024-04-17 18:32 | INFO | Query 38 Active Learning Random Query Runtime on Test Set: 39955.57
2024-04-17 18:32 | INFO | Query 38 Active Learning Random Query Instance Cost: 1618936.29
2024-04-17 18:32 | INFO | Timeout limit is increased to 2200
2024-04-17 18:32 | INFO | Query 39 Size of the uncertainty table is = 949/7770
2024-04-17 18:32 | INFO | Query 39 Size of the filtered table is = 77
2024-04-17 18:33 | INFO | Query 39 Active Learning Random Query Runtime on Validation Set: 8081.83
2024-04-17 18:33 | INFO | Query 39 Active Learning Random Query Runtime on Test Set: 39956.87
2024-04-17 18:33 | INFO | Query 39 Active Learning Random Query Instance Cost: 1702907.07
2024-04-17 18:33 | INFO | Timeout limit is increased to 2300
2024-04-17 18:33 | INFO | Query 40 Size of the uncertainty table is = 898/7770
2024-04-17 18:33 | INFO | Query 40 Size of the filtered table is = 77
2024-04-17 18:34 | INFO | Query 40 Active Learning Random Query Runtime on Validation Set: 8081.83
2024-04-17 18:34 | INFO | Query 40 Active Learning Random Query Runtime on Test Set: 39956.87
2024-04-17 18:34 | INFO | Query 40 Active Learning Random Query Instance Cost: 1760807.46
2024-04-17 18:34 | INFO | Timeout limit is increased to 2400
2024-04-17 18:34 | INFO | Query 41 Size of the uncertainty table is = 884/7770
2024-04-17 18:34 | INFO | Query 41 Size of the filtered table is = 77
2024-04-17 18:34 | INFO | Query 41 Active Learning Random Query Runtime on Validation Set: 8081.83
2024-04-17 18:34 | INFO | Query 41 Active Learning Random Query Runtime on Test Set: 39956.87
2024-04-17 18:34 | INFO | Query 41 Active Learning Random Query Instance Cost: 1835072.51
2024-04-17 18:34 | INFO | Timeout limit is increased to 2500
2024-04-17 18:34 | INFO | Query 42 Size of the uncertainty table is = 855/7770
2024-04-17 18:34 | INFO | Query 42 Size of the filtered table is = 77
2024-04-17 18:35 | INFO | Query 42 Active Learning Random Query Runtime on Validation Set: 8081.83
2024-04-17 18:35 | INFO | Query 42 Active Learning Random Query Runtime on Test Set: 39956.87
2024-04-17 18:35 | INFO | Query 42 Active Learning Random Query Instance Cost: 1911553.35
2024-04-17 18:35 | INFO | Timeout limit is increased to 2600
2024-04-17 18:35 | INFO | Query 43 Size of the uncertainty table is = 847/7770
2024-04-17 18:35 | INFO | Query 43 Size of the filtered table is = 77
2024-04-17 18:35 | INFO | Query 43 Active Learning Random Query Runtime on Validation Set: 8081.83
2024-04-17 18:35 | INFO | Query 43 Active Learning Random Query Runtime on Test Set: 39956.87
2024-04-17 18:35 | INFO | Query 43 Active Learning Random Query Instance Cost: 1985608.49
2024-04-17 18:35 | INFO | Timeout limit is increased to 2700
2024-04-17 18:35 | INFO | Query 44 Size of the uncertainty table is = 832/7770
2024-04-17 18:35 | INFO | Query 44 Size of the filtered table is = 77
2024-04-17 18:36 | INFO | Query 44 Active Learning Random Query Runtime on Validation Set: 8081.83
2024-04-17 18:36 | INFO | Query 44 Active Learning Random Query Runtime on Test Set: 39956.87
2024-04-17 18:36 | INFO | Query 44 Active Learning Random Query Instance Cost: 2064464.98
2024-04-17 18:36 | INFO | Timeout limit is increased to 2800
2024-04-17 18:36 | INFO | Query 45 Size of the uncertainty table is = 821/7770
2024-04-17 18:36 | INFO | Query 45 Size of the filtered table is = 77
2024-04-17 18:36 | INFO | Query 45 Active Learning Random Query Runtime on Validation Set: 8081.83
2024-04-17 18:36 | INFO | Query 45 Active Learning Random Query Runtime on Test Set: 39956.87
2024-04-17 18:36 | INFO | Query 45 Active Learning Random Query Instance Cost: 2142419.73
2024-04-17 18:36 | INFO | Timeout limit is increased to 2900
2024-04-17 18:36 | INFO | Query 46 Size of the uncertainty table is = 820/7770
2024-04-17 18:36 | INFO | Query 46 Size of the filtered table is = 77
2024-04-17 18:37 | INFO | Query 46 Active Learning Random Query Runtime on Validation Set: 8081.83
2024-04-17 18:37 | INFO | Query 46 Active Learning Random Query Runtime on Test Set: 39956.87
2024-04-17 18:37 | INFO | Query 46 Active Learning Random Query Instance Cost: 2224884.07
2024-04-17 18:37 | INFO | Timeout limit is increased to 3000
2024-04-17 18:37 | INFO | Query 47 Size of the uncertainty table is = 819/7770
2024-04-17 18:37 | INFO | Query 47 Size of the filtered table is = 77
2024-04-17 18:37 | INFO | Query 47 Active Learning Random Query Runtime on Validation Set: 8081.83
2024-04-17 18:37 | INFO | Query 47 Active Learning Random Query Runtime on Test Set: 39956.87
2024-04-17 18:37 | INFO | Query 47 Active Learning Random Query Instance Cost: 2287184.07
2024-04-17 18:37 | INFO | Timeout limit is increased to 3100
2024-04-17 18:37 | INFO | Query 48 Size of the uncertainty table is = 819/7770
2024-04-17 18:37 | INFO | Query 48 Size of the filtered table is = 77
2024-04-17 18:38 | INFO | Query 48 Active Learning Random Query Runtime on Validation Set: 8081.83
2024-04-17 18:38 | INFO | Query 48 Active Learning Random Query Runtime on Test Set: 39956.87
2024-04-17 18:38 | INFO | Query 48 Active Learning Random Query Instance Cost: 2369084.07
2024-04-17 18:38 | INFO | Timeout limit is increased to 3200
2024-04-17 18:38 | INFO | Query 49 Size of the uncertainty table is = 819/7770
2024-04-17 18:38 | INFO | Query 49 Size of the filtered table is = 77
2024-04-17 18:38 | INFO | Query 49 Active Learning Random Query Runtime on Validation Set: 8081.83
2024-04-17 18:38 | INFO | Query 49 Active Learning Random Query Runtime on Test Set: 39956.87
2024-04-17 18:38 | INFO | Query 49 Active Learning Random Query Instance Cost: 2441984.07
2024-04-17 18:38 | INFO | Timeout limit is increased to 3300
2024-04-17 18:38 | INFO | Query 50 Size of the uncertainty table is = 819/7770
2024-04-17 18:38 | INFO | Query 50 Size of the filtered table is = 77
2024-04-17 18:39 | INFO | Query 50 Active Learning Random Query Runtime on Validation Set: 8081.83
2024-04-17 18:39 | INFO | Query 50 Active Learning Random Query Runtime on Test Set: 39956.87
2024-04-17 18:39 | INFO | Query 50 Active Learning Random Query Instance Cost: 2505238.22
2024-04-17 18:39 | INFO | Timeout limit is increased to 3400
2024-04-17 18:39 | INFO | Query 51 Size of the uncertainty table is = 817/7770
2024-04-17 18:39 | INFO | Query 51 Size of the filtered table is = 77
2024-04-17 18:39 | INFO | Query 51 Active Learning Random Query Runtime on Validation Set: 8081.83
2024-04-17 18:39 | INFO | Query 51 Active Learning Random Query Runtime on Test Set: 39956.87
2024-04-17 18:39 | INFO | Query 51 Active Learning Random Query Instance Cost: 2581538.22
2024-04-17 18:39 | INFO | Timeout limit is increased to 3500
2024-04-17 18:39 | INFO | Query 52 Size of the uncertainty table is = 813/7770
2024-04-17 18:39 | INFO | Query 52 Size of the filtered table is = 77
2024-04-17 18:40 | INFO | Query 52 Active Learning Random Query Runtime on Validation Set: 8081.83
2024-04-17 18:40 | INFO | Query 52 Active Learning Random Query Runtime on Test Set: 39956.87
2024-04-17 18:40 | INFO | Query 52 Active Learning Random Query Instance Cost: 2657798.71
2024-04-17 18:40 | INFO | Timeout limit is increased to 3600
2024-04-17 18:40 | INFO | Query 53 Size of the uncertainty table is = 810/7770
2024-04-17 18:40 | INFO | Query 53 Size of the filtered table is = 77
2024-04-17 18:40 | INFO | Query 53 Active Learning Random Query Runtime on Validation Set: 8081.83
2024-04-17 18:40 | INFO | Query 53 Active Learning Random Query Runtime on Test Set: 39956.87
2024-04-17 18:40 | INFO | Query 53 Active Learning Random Query Instance Cost: 2744498.71
2024-04-17 18:40 | INFO | Timeout limit is increased to 3600
2024-04-17 18:40 | INFO | runtime_train_score is written as json file
2024-04-17 18:40 | INFO | runtime_test_score is written as json file
2024-04-17 18:40 | INFO | runtime_validation_score is written as json file
2024-04-17 18:40 | INFO | instance_cost is written as json file
2024-04-17 18:40 | INFO | Experiment is finished
