2024-04-17 18:12 | INFO | Paramaters are: {'dataset': 'CSP-2010', 'penalty': 10, 'weight': 'No_Weight', 'voting': 'Hard', 'pre_selection_size': 64, 'pre_selection_technique': 'No_pre_selection', 'feature_elimination_threshold': 20, 'imputer_strategy': 'median', 'feature_selection_technique': 'No_feature_selection', 'feature_scaling_technique': 'StandardScaler', 'initial_train_size': 20, 'query_size': 1, 'timeout_predictor_usage': 'Yes', 'timeout_limit': 100, 'timeout_increase_rate': 100, 'RANDOM_STATE_SEED': 12345, 'n_splits': 10, 'split_number': 6, 'max_timeout': 3600, 'param_grid': {'n_estimators': 100, 'criterion': 'gini', 'max_features': 'sqrt', 'max_depth': 2147483648, 'min_samples_split': 2, 'bootstrap': True}}
2024-04-17 18:12 | INFO | CSP-2010 is current dataset
2024-04-17 18:12 | INFO | DATASETS/CSP-2010/algorithm_runs.csv is found
2024-04-17 18:12 | INFO | DATASETS/CSP-2010/algorithm_runs.csv is finished
2024-04-17 18:12 | INFO | DATASETS/CSP-2010/feature_values.csv is found
2024-04-17 18:12 | INFO | DATASETS/CSP-2010/feature_values.csv is finished
2024-04-17 18:12 | INFO | Feature cost of train set is 0
2024-04-17 18:12 | INFO | Initial Active Learning Random Query Runtime on Validation Set: 92045.64
2024-04-17 18:12 | INFO | Initial Active Learning Random Query Runtime on Test Set: 100624.64
2024-04-17 18:12 | INFO | Initial Active Learning Random Query Instance Cost: 947.86
2024-04-17 18:12 | INFO | Bin size = 12
2024-04-17 18:12 | INFO | Query 1 Size of the uncertainty table is = 1203/1201
2024-04-17 18:12 | INFO | Query 1 Size of the filtered table is = 12
2024-04-17 18:13 | INFO | Query 1 Active Learning Random Query Runtime on Validation Set: 92047.24
2024-04-17 18:13 | INFO | Query 1 Active Learning Random Query Runtime on Test Set: 100619.36
2024-04-17 18:13 | INFO | Query 1 Active Learning Random Query Instance Cost: 1231.23
2024-04-17 18:13 | INFO | Timeout limit is increased to 200
2024-04-17 18:13 | INFO | Query 2 Size of the uncertainty table is = 1192/1201
2024-04-17 18:13 | INFO | Query 2 Size of the filtered table is = 12
2024-04-17 18:13 | INFO | Query 2 Active Learning Random Query Runtime on Validation Set: 92045.59
2024-04-17 18:13 | INFO | Query 2 Active Learning Random Query Runtime on Test Set: 100620.21
2024-04-17 18:13 | INFO | Query 2 Active Learning Random Query Instance Cost: 2449.34
2024-04-17 18:13 | INFO | Query 3 Size of the uncertainty table is = 1182/1201
2024-04-17 18:13 | INFO | Query 3 Size of the filtered table is = 12
2024-04-17 18:13 | INFO | Query 3 Active Learning Random Query Runtime on Validation Set: 87596.73
2024-04-17 18:13 | INFO | Query 3 Active Learning Random Query Runtime on Test Set: 95977.38
2024-04-17 18:13 | INFO | Query 3 Active Learning Random Query Instance Cost: 2679.94
2024-04-17 18:13 | INFO | Query 4 Size of the uncertainty table is = 1170/1201
2024-04-17 18:13 | INFO | Query 4 Size of the filtered table is = 12
2024-04-17 18:13 | INFO | Query 4 Active Learning Random Query Runtime on Validation Set: 87596.75
2024-04-17 18:13 | INFO | Query 4 Active Learning Random Query Runtime on Test Set: 60817.74
2024-04-17 18:13 | INFO | Query 4 Active Learning Random Query Instance Cost: 3328.03
2024-04-17 18:13 | INFO | Timeout limit is increased to 300
2024-04-17 18:13 | INFO | Query 5 Size of the uncertainty table is = 1159/1201
2024-04-17 18:13 | INFO | Query 5 Size of the filtered table is = 12
2024-04-17 18:13 | INFO | Query 5 Active Learning Random Query Runtime on Validation Set: 92045.58
2024-04-17 18:13 | INFO | Query 5 Active Learning Random Query Runtime on Test Set: 60817.46
2024-04-17 18:13 | INFO | Query 5 Active Learning Random Query Instance Cost: 4670.25
2024-04-17 18:13 | INFO | Timeout limit is increased to 400
2024-04-17 18:13 | INFO | Query 6 Size of the uncertainty table is = 1148/1201
2024-04-17 18:13 | INFO | Query 6 Size of the filtered table is = 12
2024-04-17 18:13 | INFO | Query 6 Active Learning Random Query Runtime on Validation Set: 92047.24
2024-04-17 18:13 | INFO | Query 6 Active Learning Random Query Runtime on Test Set: 99390.53
2024-04-17 18:13 | INFO | Query 6 Active Learning Random Query Instance Cost: 5528.89
2024-04-17 18:13 | INFO | Timeout limit is increased to 500
2024-04-17 18:13 | INFO | Query 7 Size of the uncertainty table is = 1137/1201
2024-04-17 18:13 | INFO | Query 7 Size of the filtered table is = 12
2024-04-17 18:13 | INFO | Query 7 Active Learning Random Query Runtime on Validation Set: 92047.24
2024-04-17 18:13 | INFO | Query 7 Active Learning Random Query Runtime on Test Set: 99640.23
2024-04-17 18:13 | INFO | Query 7 Active Learning Random Query Instance Cost: 6613.69
2024-04-17 18:13 | INFO | Timeout limit is increased to 600
2024-04-17 18:13 | INFO | Query 8 Size of the uncertainty table is = 1125/1201
2024-04-17 18:13 | INFO | Query 8 Size of the filtered table is = 12
2024-04-17 18:13 | INFO | Query 8 Active Learning Random Query Runtime on Validation Set: 92047.24
2024-04-17 18:13 | INFO | Query 8 Active Learning Random Query Runtime on Test Set: 99640.52
2024-04-17 18:13 | INFO | Query 8 Active Learning Random Query Instance Cost: 7391.62
2024-04-17 18:13 | INFO | Timeout limit is increased to 700
2024-04-17 18:13 | INFO | Query 9 Size of the uncertainty table is = 1113/1201
2024-04-17 18:13 | INFO | Query 9 Size of the filtered table is = 12
2024-04-17 18:13 | INFO | Query 9 Active Learning Random Query Runtime on Validation Set: 92047.24
2024-04-17 18:13 | INFO | Query 9 Active Learning Random Query Runtime on Test Set: 99640.19
2024-04-17 18:13 | INFO | Query 9 Active Learning Random Query Instance Cost: 7399.09
2024-04-17 18:13 | INFO | Timeout limit is increased to 800
2024-04-17 18:13 | INFO | Query 10 Size of the uncertainty table is = 1101/1201
2024-04-17 18:13 | INFO | Query 10 Size of the filtered table is = 12
2024-04-17 18:13 | INFO | Query 10 Active Learning Random Query Runtime on Validation Set: 92047.24
2024-04-17 18:13 | INFO | Query 10 Active Learning Random Query Runtime on Test Set: 100876.96
2024-04-17 18:13 | INFO | Query 10 Active Learning Random Query Instance Cost: 8551.57
2024-04-17 18:13 | INFO | Timeout limit is increased to 900
2024-04-17 18:13 | INFO | Query 11 Size of the uncertainty table is = 1089/1201
2024-04-17 18:13 | INFO | Query 11 Size of the filtered table is = 12
2024-04-17 18:13 | INFO | Query 11 Active Learning Random Query Runtime on Validation Set: 92047.24
2024-04-17 18:13 | INFO | Query 11 Active Learning Random Query Runtime on Test Set: 100876.86
2024-04-17 18:13 | INFO | Query 11 Active Learning Random Query Instance Cost: 9565.77
2024-04-17 18:13 | INFO | Timeout limit is increased to 1000
2024-04-17 18:13 | INFO | Query 12 Size of the uncertainty table is = 1077/1201
2024-04-17 18:13 | INFO | Query 12 Size of the filtered table is = 12
2024-04-17 18:13 | INFO | Query 12 Active Learning Random Query Runtime on Validation Set: 92047.24
2024-04-17 18:13 | INFO | Query 12 Active Learning Random Query Runtime on Test Set: 99390.51
2024-04-17 18:13 | INFO | Query 12 Active Learning Random Query Instance Cost: 12954.82
2024-04-17 18:13 | INFO | Timeout limit is increased to 1100
2024-04-17 18:13 | INFO | Query 13 Size of the uncertainty table is = 1065/1201
2024-04-17 18:13 | INFO | Query 13 Size of the filtered table is = 12
2024-04-17 18:13 | INFO | Query 13 Active Learning Random Query Runtime on Validation Set: 92047.24
2024-04-17 18:13 | INFO | Query 13 Active Learning Random Query Runtime on Test Set: 100877.72
2024-04-17 18:13 | INFO | Query 13 Active Learning Random Query Instance Cost: 15327.27
2024-04-17 18:13 | INFO | Timeout limit is increased to 1200
2024-04-17 18:13 | INFO | Query 14 Size of the uncertainty table is = 1053/1201
2024-04-17 18:13 | INFO | Query 14 Size of the filtered table is = 12
2024-04-17 18:14 | INFO | Query 14 Active Learning Random Query Runtime on Validation Set: 92047.24
2024-04-17 18:14 | INFO | Query 14 Active Learning Random Query Runtime on Test Set: 99391.36
2024-04-17 18:14 | INFO | Query 14 Active Learning Random Query Instance Cost: 15386.41
2024-04-17 18:14 | INFO | Timeout limit is increased to 1300
2024-04-17 18:14 | INFO | Query 15 Size of the uncertainty table is = 1041/1201
2024-04-17 18:14 | INFO | Query 15 Size of the filtered table is = 12
2024-04-17 18:14 | INFO | Query 15 Active Learning Random Query Runtime on Validation Set: 92047.24
2024-04-17 18:14 | INFO | Query 15 Active Learning Random Query Runtime on Test Set: 60817.26
2024-04-17 18:14 | INFO | Query 15 Active Learning Random Query Instance Cost: 20608.98
2024-04-17 18:14 | INFO | Timeout limit is increased to 1400
2024-04-17 18:14 | INFO | Query 16 Size of the uncertainty table is = 1030/1201
2024-04-17 18:14 | INFO | Query 16 Size of the filtered table is = 12
2024-04-17 18:14 | INFO | Query 16 Active Learning Random Query Runtime on Validation Set: 92047.24
2024-04-17 18:14 | INFO | Query 16 Active Learning Random Query Runtime on Test Set: 60402.92
2024-04-17 18:14 | INFO | Query 16 Active Learning Random Query Instance Cost: 25961.21
2024-04-17 18:14 | INFO | Timeout limit is increased to 1500
2024-04-17 18:14 | INFO | Query 17 Size of the uncertainty table is = 1019/1201
2024-04-17 18:14 | INFO | Query 17 Size of the filtered table is = 12
2024-04-17 18:14 | INFO | Query 17 Active Learning Random Query Runtime on Validation Set: 92047.26
2024-04-17 18:14 | INFO | Query 17 Active Learning Random Query Runtime on Test Set: 62977.11
2024-04-17 18:14 | INFO | Query 17 Active Learning Random Query Instance Cost: 31911.75
2024-04-17 18:14 | INFO | Timeout limit is increased to 1600
2024-04-17 18:14 | INFO | Query 18 Size of the uncertainty table is = 1007/1201
2024-04-17 18:14 | INFO | Query 18 Size of the filtered table is = 12
2024-04-17 18:14 | INFO | Query 18 Active Learning Random Query Runtime on Validation Set: 92047.24
2024-04-17 18:14 | INFO | Query 18 Active Learning Random Query Runtime on Test Set: 22916.67
2024-04-17 18:14 | INFO | Query 18 Active Learning Random Query Instance Cost: 35805.97
2024-04-17 18:14 | INFO | Query 19 Size of the uncertainty table is = 995/1201
2024-04-17 18:14 | INFO | Query 19 Size of the filtered table is = 12
2024-04-17 18:14 | INFO | Query 19 Active Learning Random Query Runtime on Validation Set: 92047.24
2024-04-17 18:14 | INFO | Query 19 Active Learning Random Query Runtime on Test Set: 24402.86
2024-04-17 18:14 | INFO | Query 19 Active Learning Random Query Instance Cost: 45400.98
2024-04-17 18:14 | INFO | Timeout limit is increased to 1700
2024-04-17 18:14 | INFO | Query 20 Size of the uncertainty table is = 983/1201
2024-04-17 18:14 | INFO | Query 20 Size of the filtered table is = 12
2024-04-17 18:14 | INFO | Query 20 Active Learning Random Query Runtime on Validation Set: 92047.24
2024-04-17 18:14 | INFO | Query 20 Active Learning Random Query Runtime on Test Set: 24403.07
2024-04-17 18:14 | INFO | Query 20 Active Learning Random Query Instance Cost: 45471.29
2024-04-17 18:14 | INFO | Timeout limit is increased to 1800
2024-04-17 18:14 | INFO | Query 21 Size of the uncertainty table is = 971/1201
2024-04-17 18:14 | INFO | Query 21 Size of the filtered table is = 12
2024-04-17 18:14 | INFO | Query 21 Active Learning Random Query Runtime on Validation Set: 92047.24
2024-04-17 18:14 | INFO | Query 21 Active Learning Random Query Runtime on Test Set: 24403.05
2024-04-17 18:14 | INFO | Query 21 Active Learning Random Query Instance Cost: 50287.66
2024-04-17 18:14 | INFO | Timeout limit is increased to 1900
2024-04-17 18:14 | INFO | Query 22 Size of the uncertainty table is = 959/1201
2024-04-17 18:14 | INFO | Query 22 Size of the filtered table is = 12
2024-04-17 18:14 | INFO | Query 22 Active Learning Random Query Runtime on Validation Set: 127991.39
2024-04-17 18:14 | INFO | Query 22 Active Learning Random Query Runtime on Test Set: 24403.1
2024-04-17 18:14 | INFO | Query 22 Active Learning Random Query Instance Cost: 52541.96
2024-04-17 18:14 | INFO | Timeout limit is increased to 2000
2024-04-17 18:14 | INFO | Query 23 Size of the uncertainty table is = 947/1201
2024-04-17 18:14 | INFO | Query 23 Size of the filtered table is = 12
2024-04-17 18:14 | INFO | Query 23 Active Learning Random Query Runtime on Validation Set: 127991.39
2024-04-17 18:14 | INFO | Query 23 Active Learning Random Query Runtime on Test Set: 22916.71
2024-04-17 18:14 | INFO | Query 23 Active Learning Random Query Instance Cost: 56659.33
2024-04-17 18:14 | INFO | Timeout limit is increased to 2100
2024-04-17 18:14 | INFO | Query 24 Size of the uncertainty table is = 935/1201
2024-04-17 18:14 | INFO | Query 24 Size of the filtered table is = 12
2024-04-17 18:14 | INFO | Query 24 Active Learning Random Query Runtime on Validation Set: 92047.26
2024-04-17 18:14 | INFO | Query 24 Active Learning Random Query Runtime on Test Set: 22916.6
2024-04-17 18:14 | INFO | Query 24 Active Learning Random Query Instance Cost: 58825.64
2024-04-17 18:14 | INFO | Query 25 Size of the uncertainty table is = 923/1201
2024-04-17 18:14 | INFO | Query 25 Size of the filtered table is = 12
2024-04-17 18:14 | INFO | Query 25 Active Learning Random Query Runtime on Validation Set: 92047.24
2024-04-17 18:14 | INFO | Query 25 Active Learning Random Query Runtime on Test Set: 24402.74
2024-04-17 18:14 | INFO | Query 25 Active Learning Random Query Instance Cost: 66834.78
2024-04-17 18:14 | INFO | Query 26 Size of the uncertainty table is = 912/1201
2024-04-17 18:14 | INFO | Query 26 Size of the filtered table is = 12
2024-04-17 18:15 | INFO | Query 26 Active Learning Random Query Runtime on Validation Set: 92047.26
2024-04-17 18:15 | INFO | Query 26 Active Learning Random Query Runtime on Test Set: 24308.58
2024-04-17 18:15 | INFO | Query 26 Active Learning Random Query Instance Cost: 66905.92
2024-04-17 18:15 | INFO | Timeout limit is increased to 2200
2024-04-17 18:15 | INFO | Query 27 Size of the uncertainty table is = 901/1201
2024-04-17 18:15 | INFO | Query 27 Size of the filtered table is = 12
2024-04-17 18:15 | INFO | Query 27 Active Learning Random Query Runtime on Validation Set: 92047.26
2024-04-17 18:15 | INFO | Query 27 Active Learning Random Query Runtime on Test Set: 22821.89
2024-04-17 18:15 | INFO | Query 27 Active Learning Random Query Instance Cost: 73929.52
2024-04-17 18:15 | INFO | Timeout limit is increased to 2300
2024-04-17 18:15 | INFO | Query 28 Size of the uncertainty table is = 889/1201
2024-04-17 18:15 | INFO | Query 28 Size of the filtered table is = 12
2024-04-17 18:15 | INFO | Query 28 Active Learning Random Query Runtime on Validation Set: 130647.15
2024-04-17 18:15 | INFO | Query 28 Active Learning Random Query Runtime on Test Set: 22916.36
2024-04-17 18:15 | INFO | Query 28 Active Learning Random Query Instance Cost: 73986.54
2024-04-17 18:15 | INFO | Timeout limit is increased to 2400
2024-04-17 18:15 | INFO | Query 29 Size of the uncertainty table is = 877/1201
2024-04-17 18:15 | INFO | Query 29 Size of the filtered table is = 12
2024-04-17 18:15 | INFO | Query 29 Active Learning Random Query Runtime on Validation Set: 92047.24
2024-04-17 18:15 | INFO | Query 29 Active Learning Random Query Runtime on Test Set: 22916.3
2024-04-17 18:15 | INFO | Query 29 Active Learning Random Query Instance Cost: 76626.85
2024-04-17 18:15 | INFO | Query 30 Size of the uncertainty table is = 865/1201
2024-04-17 18:15 | INFO | Query 30 Size of the filtered table is = 12
2024-04-17 18:15 | INFO | Query 30 Active Learning Random Query Runtime on Validation Set: 92047.26
2024-04-17 18:15 | INFO | Query 30 Active Learning Random Query Runtime on Test Set: 22822.48
2024-04-17 18:15 | INFO | Query 30 Active Learning Random Query Instance Cost: 76709.64
2024-04-17 18:15 | INFO | Timeout limit is increased to 2500
2024-04-17 18:15 | INFO | Query 31 Size of the uncertainty table is = 853/1201
2024-04-17 18:15 | INFO | Query 31 Size of the filtered table is = 12
2024-04-17 18:15 | INFO | Query 31 Active Learning Random Query Runtime on Validation Set: 92047.26
2024-04-17 18:15 | INFO | Query 31 Active Learning Random Query Runtime on Test Set: 22915.97
2024-04-17 18:15 | INFO | Query 31 Active Learning Random Query Instance Cost: 82892.87
2024-04-17 18:15 | INFO | Timeout limit is increased to 2600
2024-04-17 18:15 | INFO | Query 32 Size of the uncertainty table is = 842/1201
2024-04-17 18:15 | INFO | Query 32 Size of the filtered table is = 12
2024-04-17 18:15 | INFO | Query 32 Active Learning Random Query Runtime on Validation Set: 92047.26
2024-04-17 18:15 | INFO | Query 32 Active Learning Random Query Runtime on Test Set: 24401.95
2024-04-17 18:15 | INFO | Query 32 Active Learning Random Query Instance Cost: 91317.67
2024-04-17 18:15 | INFO | Timeout limit is increased to 2700
2024-04-17 18:15 | INFO | Query 33 Size of the uncertainty table is = 831/1201
2024-04-17 18:15 | INFO | Query 33 Size of the filtered table is = 12
2024-04-17 18:15 | INFO | Query 33 Active Learning Random Query Runtime on Validation Set: 92047.26
2024-04-17 18:15 | INFO | Query 33 Active Learning Random Query Runtime on Test Set: 24308.03
2024-04-17 18:15 | INFO | Query 33 Active Learning Random Query Instance Cost: 97011.57
2024-04-17 18:15 | INFO | Timeout limit is increased to 2800
2024-04-17 18:15 | INFO | Query 34 Size of the uncertainty table is = 819/1201
2024-04-17 18:15 | INFO | Query 34 Size of the filtered table is = 12
2024-04-17 18:15 | INFO | Query 34 Active Learning Random Query Runtime on Validation Set: 92047.24
2024-04-17 18:15 | INFO | Query 34 Active Learning Random Query Runtime on Test Set: 22823.86
2024-04-17 18:15 | INFO | Query 34 Active Learning Random Query Instance Cost: 103837.82
2024-04-17 18:15 | INFO | Query 35 Size of the uncertainty table is = 807/1201
2024-04-17 18:15 | INFO | Query 35 Size of the filtered table is = 12
2024-04-17 18:15 | INFO | Query 35 Active Learning Random Query Runtime on Validation Set: 92047.24
2024-04-17 18:15 | INFO | Query 35 Active Learning Random Query Runtime on Test Set: 22822.66
2024-04-17 18:15 | INFO | Query 35 Active Learning Random Query Instance Cost: 124308.07
2024-04-17 18:15 | INFO | Timeout limit is increased to 2900
2024-04-17 18:15 | INFO | Query 36 Size of the uncertainty table is = 795/1201
2024-04-17 18:15 | INFO | Query 36 Size of the filtered table is = 12
2024-04-17 18:15 | INFO | Query 36 Active Learning Random Query Runtime on Validation Set: 92047.24
2024-04-17 18:15 | INFO | Query 36 Active Learning Random Query Runtime on Test Set: 24309.03
2024-04-17 18:15 | INFO | Query 36 Active Learning Random Query Instance Cost: 130415.31
2024-04-17 18:15 | INFO | Timeout limit is increased to 3000
2024-04-17 18:15 | INFO | Query 37 Size of the uncertainty table is = 784/1201
2024-04-17 18:15 | INFO | Query 37 Size of the filtered table is = 12
2024-04-17 18:15 | INFO | Query 37 Active Learning Random Query Runtime on Validation Set: 92047.24
2024-04-17 18:15 | INFO | Query 37 Active Learning Random Query Runtime on Test Set: 24309.06
2024-04-17 18:15 | INFO | Query 37 Active Learning Random Query Instance Cost: 142769.56
2024-04-17 18:15 | INFO | Timeout limit is increased to 3100
2024-04-17 18:15 | INFO | Query 38 Size of the uncertainty table is = 772/1201
2024-04-17 18:15 | INFO | Query 38 Size of the filtered table is = 12
2024-04-17 18:15 | INFO | Query 38 Active Learning Random Query Runtime on Validation Set: 92047.24
2024-04-17 18:15 | INFO | Query 38 Active Learning Random Query Runtime on Test Set: 24309.03
2024-04-17 18:15 | INFO | Query 38 Active Learning Random Query Instance Cost: 149008.2
2024-04-17 18:15 | INFO | Timeout limit is increased to 3200
2024-04-17 18:15 | INFO | Query 39 Size of the uncertainty table is = 760/1201
2024-04-17 18:15 | INFO | Query 39 Size of the filtered table is = 12
2024-04-17 18:16 | INFO | Query 39 Active Learning Random Query Runtime on Validation Set: 92047.24
2024-04-17 18:16 | INFO | Query 39 Active Learning Random Query Runtime on Test Set: 24309.08
2024-04-17 18:16 | INFO | Query 39 Active Learning Random Query Instance Cost: 152566.44
2024-04-17 18:16 | INFO | Timeout limit is increased to 3300
2024-04-17 18:16 | INFO | Query 40 Size of the uncertainty table is = 748/1201
2024-04-17 18:16 | INFO | Query 40 Size of the filtered table is = 12
2024-04-17 18:16 | INFO | Query 40 Active Learning Random Query Runtime on Validation Set: 92047.24
2024-04-17 18:16 | INFO | Query 40 Active Learning Random Query Runtime on Test Set: 24309.01
2024-04-17 18:16 | INFO | Query 40 Active Learning Random Query Instance Cost: 155268.71
2024-04-17 18:16 | INFO | Timeout limit is increased to 3400
2024-04-17 18:16 | INFO | Query 41 Size of the uncertainty table is = 736/1201
2024-04-17 18:16 | INFO | Query 41 Size of the filtered table is = 12
2024-04-17 18:16 | INFO | Query 41 Active Learning Random Query Runtime on Validation Set: 92047.24
2024-04-17 18:16 | INFO | Query 41 Active Learning Random Query Runtime on Test Set: 24308.68
2024-04-17 18:16 | INFO | Query 41 Active Learning Random Query Instance Cost: 166196.06
2024-04-17 18:16 | INFO | Timeout limit is increased to 3500
2024-04-17 18:16 | INFO | Query 42 Size of the uncertainty table is = 724/1201
2024-04-17 18:16 | INFO | Query 42 Size of the filtered table is = 12
2024-04-17 18:16 | INFO | Query 42 Active Learning Random Query Runtime on Validation Set: 92047.24
2024-04-17 18:16 | INFO | Query 42 Active Learning Random Query Runtime on Test Set: 24308.81
2024-04-17 18:16 | INFO | Query 42 Active Learning Random Query Instance Cost: 177603.19
2024-04-17 18:16 | INFO | Timeout limit is increased to 3600
2024-04-17 18:16 | INFO | Query 43 Size of the uncertainty table is = 712/1201
2024-04-17 18:16 | INFO | Query 43 Size of the filtered table is = 12
2024-04-17 18:16 | INFO | Query 43 Active Learning Random Query Runtime on Validation Set: 92047.24
2024-04-17 18:16 | INFO | Query 43 Active Learning Random Query Runtime on Test Set: 24308.81
2024-04-17 18:16 | INFO | Query 43 Active Learning Random Query Instance Cost: 189265.08
2024-04-17 18:16 | INFO | Timeout limit is increased to 3600
2024-04-17 18:16 | INFO | Query 44 Size of the uncertainty table is = 691/1201
2024-04-17 18:16 | INFO | Query 44 Size of the filtered table is = 12
2024-04-17 18:16 | INFO | Query 44 Active Learning Random Query Runtime on Validation Set: 92047.24
2024-04-17 18:16 | INFO | Query 44 Active Learning Random Query Runtime on Test Set: 24308.8
2024-04-17 18:16 | INFO | Query 44 Active Learning Random Query Instance Cost: 192952.87
2024-04-17 18:16 | INFO | Timeout limit is increased to 3600
2024-04-17 18:16 | INFO | Query 45 Size of the uncertainty table is = 679/1201
2024-04-17 18:16 | INFO | Query 45 Size of the filtered table is = 12
2024-04-17 18:16 | INFO | Query 45 Active Learning Random Query Runtime on Validation Set: 92047.24
2024-04-17 18:16 | INFO | Query 45 Active Learning Random Query Runtime on Test Set: 24308.85
2024-04-17 18:16 | INFO | Query 45 Active Learning Random Query Instance Cost: 201823.27
2024-04-17 18:16 | INFO | Timeout limit is increased to 3600
2024-04-17 18:16 | INFO | Query 46 Size of the uncertainty table is = 667/1201
2024-04-17 18:16 | INFO | Query 46 Size of the filtered table is = 12
2024-04-17 18:16 | INFO | Query 46 Active Learning Random Query Runtime on Validation Set: 92047.24
2024-04-17 18:16 | INFO | Query 46 Active Learning Random Query Runtime on Test Set: 24308.79
2024-04-17 18:16 | INFO | Query 46 Active Learning Random Query Instance Cost: 211311.03
2024-04-17 18:16 | INFO | Timeout limit is increased to 3600
2024-04-17 18:16 | INFO | Query 47 Size of the uncertainty table is = 655/1201
2024-04-17 18:16 | INFO | Query 47 Size of the filtered table is = 12
2024-04-17 18:16 | INFO | Query 47 Active Learning Random Query Runtime on Validation Set: 92047.24
2024-04-17 18:16 | INFO | Query 47 Active Learning Random Query Runtime on Test Set: 24308.78
2024-04-17 18:16 | INFO | Query 47 Active Learning Random Query Instance Cost: 223021.67
2024-04-17 18:16 | INFO | Timeout limit is increased to 3600
2024-04-17 18:16 | INFO | Query 48 Size of the uncertainty table is = 643/1201
2024-04-17 18:16 | INFO | Query 48 Size of the filtered table is = 12
2024-04-17 18:16 | INFO | Query 48 Active Learning Random Query Runtime on Validation Set: 92047.24
2024-04-17 18:16 | INFO | Query 48 Active Learning Random Query Runtime on Test Set: 24308.79
2024-04-17 18:16 | INFO | Query 48 Active Learning Random Query Instance Cost: 223065.04
2024-04-17 18:16 | INFO | Timeout limit is increased to 3600
2024-04-17 18:16 | INFO | Query 49 Size of the uncertainty table is = 631/1201
2024-04-17 18:16 | INFO | Query 49 Size of the filtered table is = 12
2024-04-17 18:16 | INFO | Query 49 Active Learning Random Query Runtime on Validation Set: 92047.24
2024-04-17 18:16 | INFO | Query 49 Active Learning Random Query Runtime on Test Set: 24308.87
2024-04-17 18:16 | INFO | Query 49 Active Learning Random Query Instance Cost: 227744.96
2024-04-17 18:16 | INFO | Timeout limit is increased to 3600
2024-04-17 18:16 | INFO | Query 50 Size of the uncertainty table is = 619/1201
2024-04-17 18:16 | INFO | Query 50 Size of the filtered table is = 12
2024-04-17 18:16 | INFO | Query 50 Active Learning Random Query Runtime on Validation Set: 92047.24
2024-04-17 18:16 | INFO | Query 50 Active Learning Random Query Runtime on Test Set: 24309.08
2024-04-17 18:16 | INFO | Query 50 Active Learning Random Query Instance Cost: 227758.68
2024-04-17 18:16 | INFO | Timeout limit is increased to 3600
2024-04-17 18:16 | INFO | Query 51 Size of the uncertainty table is = 607/1201
2024-04-17 18:16 | INFO | Query 51 Size of the filtered table is = 12
2024-04-17 18:17 | INFO | Query 51 Active Learning Random Query Runtime on Validation Set: 92047.24
2024-04-17 18:17 | INFO | Query 51 Active Learning Random Query Runtime on Test Set: 24309.04
2024-04-17 18:17 | INFO | Query 51 Active Learning Random Query Instance Cost: 234346.27
2024-04-17 18:17 | INFO | Timeout limit is increased to 3600
2024-04-17 18:17 | INFO | Query 52 Size of the uncertainty table is = 595/1201
2024-04-17 18:17 | INFO | Query 52 Size of the filtered table is = 12
2024-04-17 18:17 | INFO | Query 52 Active Learning Random Query Runtime on Validation Set: 92047.24
2024-04-17 18:17 | INFO | Query 52 Active Learning Random Query Runtime on Test Set: 24309.01
2024-04-17 18:17 | INFO | Query 52 Active Learning Random Query Instance Cost: 237546.22
2024-04-17 18:17 | INFO | Timeout limit is increased to 3600
2024-04-17 18:17 | INFO | Query 53 Size of the uncertainty table is = 583/1201
2024-04-17 18:17 | INFO | Query 53 Size of the filtered table is = 12
2024-04-17 18:17 | INFO | Query 53 Active Learning Random Query Runtime on Validation Set: 92047.24
2024-04-17 18:17 | INFO | Query 53 Active Learning Random Query Runtime on Test Set: 24309.02
2024-04-17 18:17 | INFO | Query 53 Active Learning Random Query Instance Cost: 248857.47
2024-04-17 18:17 | INFO | Timeout limit is increased to 3600
2024-04-17 18:17 | INFO | Query 54 Size of the uncertainty table is = 571/1201
2024-04-17 18:17 | INFO | Query 54 Size of the filtered table is = 12
2024-04-17 18:17 | INFO | Query 54 Active Learning Random Query Runtime on Validation Set: 92047.24
2024-04-17 18:17 | INFO | Query 54 Active Learning Random Query Runtime on Test Set: 24309.02
2024-04-17 18:17 | INFO | Query 54 Active Learning Random Query Instance Cost: 252508.76
2024-04-17 18:17 | INFO | Timeout limit is increased to 3600
2024-04-17 18:17 | INFO | Query 55 Size of the uncertainty table is = 559/1201
2024-04-17 18:17 | INFO | Query 55 Size of the filtered table is = 12
2024-04-17 18:17 | INFO | Query 55 Active Learning Random Query Runtime on Validation Set: 92047.24
2024-04-17 18:17 | INFO | Query 55 Active Learning Random Query Runtime on Test Set: 24309.0
2024-04-17 18:17 | INFO | Query 55 Active Learning Random Query Instance Cost: 256351.03
2024-04-17 18:17 | INFO | Timeout limit is increased to 3600
2024-04-17 18:17 | INFO | Query 56 Size of the uncertainty table is = 547/1201
2024-04-17 18:17 | INFO | Query 56 Size of the filtered table is = 12
2024-04-17 18:17 | INFO | Query 56 Active Learning Random Query Runtime on Validation Set: 92047.24
2024-04-17 18:17 | INFO | Query 56 Active Learning Random Query Runtime on Test Set: 24308.36
2024-04-17 18:17 | INFO | Query 56 Active Learning Random Query Instance Cost: 271268.85
2024-04-17 18:17 | INFO | Timeout limit is increased to 3600
2024-04-17 18:17 | INFO | Query 57 Size of the uncertainty table is = 535/1201
2024-04-17 18:17 | INFO | Query 57 Size of the filtered table is = 12
2024-04-17 18:17 | INFO | Query 57 Active Learning Random Query Runtime on Validation Set: 92047.24
2024-04-17 18:17 | INFO | Query 57 Active Learning Random Query Runtime on Test Set: 24309.07
2024-04-17 18:17 | INFO | Query 57 Active Learning Random Query Instance Cost: 275535.43
2024-04-17 18:17 | INFO | Timeout limit is increased to 3600
2024-04-17 18:17 | INFO | Query 58 Size of the uncertainty table is = 523/1201
2024-04-17 18:17 | INFO | Query 58 Size of the filtered table is = 12
2024-04-17 18:17 | INFO | Query 58 Active Learning Random Query Runtime on Validation Set: 92047.24
2024-04-17 18:17 | INFO | Query 58 Active Learning Random Query Runtime on Test Set: 24309.17
2024-04-17 18:17 | INFO | Query 58 Active Learning Random Query Instance Cost: 276124.53
2024-04-17 18:17 | INFO | Timeout limit is increased to 3600
2024-04-17 18:17 | INFO | Query 59 Size of the uncertainty table is = 511/1201
2024-04-17 18:17 | INFO | Query 59 Size of the filtered table is = 12
2024-04-17 18:17 | INFO | Query 59 Active Learning Random Query Runtime on Validation Set: 92047.24
2024-04-17 18:17 | INFO | Query 59 Active Learning Random Query Runtime on Test Set: 24309.06
2024-04-17 18:17 | INFO | Query 59 Active Learning Random Query Instance Cost: 288164.22
2024-04-17 18:17 | INFO | Timeout limit is increased to 3600
2024-04-17 18:17 | INFO | Query 60 Size of the uncertainty table is = 499/1201
2024-04-17 18:17 | INFO | Query 60 Size of the filtered table is = 12
2024-04-17 18:17 | INFO | Query 60 Active Learning Random Query Runtime on Validation Set: 92047.24
2024-04-17 18:17 | INFO | Query 60 Active Learning Random Query Runtime on Test Set: 24308.99
2024-04-17 18:17 | INFO | Query 60 Active Learning Random Query Instance Cost: 292706.37
2024-04-17 18:17 | INFO | Timeout limit is increased to 3600
2024-04-17 18:17 | INFO | Query 61 Size of the uncertainty table is = 487/1201
2024-04-17 18:17 | INFO | Query 61 Size of the filtered table is = 12
2024-04-17 18:17 | INFO | Query 61 Active Learning Random Query Runtime on Validation Set: 92047.24
2024-04-17 18:17 | INFO | Query 61 Active Learning Random Query Runtime on Test Set: 24309.1
2024-04-17 18:17 | INFO | Query 61 Active Learning Random Query Instance Cost: 296738.73
2024-04-17 18:17 | INFO | Timeout limit is increased to 3600
2024-04-17 18:17 | INFO | Query 62 Size of the uncertainty table is = 475/1201
2024-04-17 18:17 | INFO | Query 62 Size of the filtered table is = 12
2024-04-17 18:17 | INFO | Query 62 Active Learning Random Query Runtime on Validation Set: 92047.24
2024-04-17 18:17 | INFO | Query 62 Active Learning Random Query Runtime on Test Set: 24309.17
2024-04-17 18:17 | INFO | Query 62 Active Learning Random Query Instance Cost: 300487.21
2024-04-17 18:17 | INFO | Timeout limit is increased to 3600
2024-04-17 18:17 | INFO | Query 63 Size of the uncertainty table is = 463/1201
2024-04-17 18:17 | INFO | Query 63 Size of the filtered table is = 12
2024-04-17 18:18 | INFO | Query 63 Active Learning Random Query Runtime on Validation Set: 92047.24
2024-04-17 18:18 | INFO | Query 63 Active Learning Random Query Runtime on Test Set: 24308.99
2024-04-17 18:18 | INFO | Query 63 Active Learning Random Query Instance Cost: 310038.19
2024-04-17 18:18 | INFO | Timeout limit is increased to 3600
2024-04-17 18:18 | INFO | Query 64 Size of the uncertainty table is = 451/1201
2024-04-17 18:18 | INFO | Query 64 Size of the filtered table is = 12
2024-04-17 18:18 | INFO | Query 64 Active Learning Random Query Runtime on Validation Set: 92047.24
2024-04-17 18:18 | INFO | Query 64 Active Learning Random Query Runtime on Test Set: 24309.26
2024-04-17 18:18 | INFO | Query 64 Active Learning Random Query Instance Cost: 316597.25
2024-04-17 18:18 | INFO | Timeout limit is increased to 3600
2024-04-17 18:18 | INFO | Query 65 Size of the uncertainty table is = 439/1201
2024-04-17 18:18 | INFO | Query 65 Size of the filtered table is = 12
2024-04-17 18:18 | INFO | Query 65 Active Learning Random Query Runtime on Validation Set: 92047.24
2024-04-17 18:18 | INFO | Query 65 Active Learning Random Query Runtime on Test Set: 24309.01
2024-04-17 18:18 | INFO | Query 65 Active Learning Random Query Instance Cost: 323888.27
2024-04-17 18:18 | INFO | Timeout limit is increased to 3600
2024-04-17 18:18 | INFO | Query 66 Size of the uncertainty table is = 427/1201
2024-04-17 18:18 | INFO | Query 66 Size of the filtered table is = 12
2024-04-17 18:18 | INFO | Query 66 Active Learning Random Query Runtime on Validation Set: 92047.24
2024-04-17 18:18 | INFO | Query 66 Active Learning Random Query Runtime on Test Set: 24309.1
2024-04-17 18:18 | INFO | Query 66 Active Learning Random Query Instance Cost: 323895.96
2024-04-17 18:18 | INFO | Timeout limit is increased to 3600
2024-04-17 18:18 | INFO | Query 67 Size of the uncertainty table is = 415/1201
2024-04-17 18:18 | INFO | Query 67 Size of the filtered table is = 12
2024-04-17 18:18 | INFO | Query 67 Active Learning Random Query Runtime on Validation Set: 92047.24
2024-04-17 18:18 | INFO | Query 67 Active Learning Random Query Runtime on Test Set: 24309.04
2024-04-17 18:18 | INFO | Query 67 Active Learning Random Query Instance Cost: 329306.06
2024-04-17 18:18 | INFO | Timeout limit is increased to 3600
2024-04-17 18:18 | INFO | Query 68 Size of the uncertainty table is = 403/1201
2024-04-17 18:18 | INFO | Query 68 Size of the filtered table is = 12
2024-04-17 18:18 | INFO | Query 68 Active Learning Random Query Runtime on Validation Set: 92047.24
2024-04-17 18:18 | INFO | Query 68 Active Learning Random Query Runtime on Test Set: 24309.01
2024-04-17 18:18 | INFO | Query 68 Active Learning Random Query Instance Cost: 329557.01
2024-04-17 18:18 | INFO | Timeout limit is increased to 3600
2024-04-17 18:18 | INFO | Query 69 Size of the uncertainty table is = 391/1201
2024-04-17 18:18 | INFO | Query 69 Size of the filtered table is = 12
2024-04-17 18:18 | INFO | Query 69 Active Learning Random Query Runtime on Validation Set: 92047.24
2024-04-17 18:18 | INFO | Query 69 Active Learning Random Query Runtime on Test Set: 24308.74
2024-04-17 18:18 | INFO | Query 69 Active Learning Random Query Instance Cost: 329596.71
2024-04-17 18:18 | INFO | Timeout limit is increased to 3600
2024-04-17 18:18 | INFO | Query 70 Size of the uncertainty table is = 379/1201
2024-04-17 18:18 | INFO | Query 70 Size of the filtered table is = 12
2024-04-17 18:18 | INFO | Query 70 Active Learning Random Query Runtime on Validation Set: 92047.24
2024-04-17 18:18 | INFO | Query 70 Active Learning Random Query Runtime on Test Set: 24308.76
2024-04-17 18:18 | INFO | Query 70 Active Learning Random Query Instance Cost: 338626.04
2024-04-17 18:18 | INFO | Timeout limit is increased to 3600
2024-04-17 18:18 | INFO | Query 71 Size of the uncertainty table is = 367/1201
2024-04-17 18:18 | INFO | Query 71 Size of the filtered table is = 12
2024-04-17 18:18 | INFO | Query 71 Active Learning Random Query Runtime on Validation Set: 92047.24
2024-04-17 18:18 | INFO | Query 71 Active Learning Random Query Runtime on Test Set: 24308.27
2024-04-17 18:18 | INFO | Query 71 Active Learning Random Query Instance Cost: 342482.13
2024-04-17 18:18 | INFO | Timeout limit is increased to 3600
2024-04-17 18:18 | INFO | Query 72 Size of the uncertainty table is = 355/1201
2024-04-17 18:18 | INFO | Query 72 Size of the filtered table is = 12
2024-04-17 18:18 | INFO | Query 72 Active Learning Random Query Runtime on Validation Set: 92047.24
2024-04-17 18:18 | INFO | Query 72 Active Learning Random Query Runtime on Test Set: 24308.91
2024-04-17 18:18 | INFO | Query 72 Active Learning Random Query Instance Cost: 346481.1
2024-04-17 18:18 | INFO | Timeout limit is increased to 3600
2024-04-17 18:18 | INFO | Query 73 Size of the uncertainty table is = 343/1201
2024-04-17 18:18 | INFO | Query 73 Size of the filtered table is = 12
2024-04-17 18:18 | INFO | Query 73 Active Learning Random Query Runtime on Validation Set: 92047.24
2024-04-17 18:18 | INFO | Query 73 Active Learning Random Query Runtime on Test Set: 24308.74
2024-04-17 18:18 | INFO | Query 73 Active Learning Random Query Instance Cost: 354016.76
2024-04-17 18:18 | INFO | Timeout limit is increased to 3600
2024-04-17 18:18 | INFO | Query 74 Size of the uncertainty table is = 331/1201
2024-04-17 18:18 | INFO | Query 74 Size of the filtered table is = 12
2024-04-17 18:19 | INFO | Query 74 Active Learning Random Query Runtime on Validation Set: 92047.24
2024-04-17 18:19 | INFO | Query 74 Active Learning Random Query Runtime on Test Set: 24308.77
2024-04-17 18:19 | INFO | Query 74 Active Learning Random Query Instance Cost: 363837.19
2024-04-17 18:19 | INFO | Timeout limit is increased to 3600
2024-04-17 18:19 | INFO | Query 75 Size of the uncertainty table is = 319/1201
2024-04-17 18:19 | INFO | Query 75 Size of the filtered table is = 12
2024-04-17 18:19 | INFO | Query 75 Active Learning Random Query Runtime on Validation Set: 92047.24
2024-04-17 18:19 | INFO | Query 75 Active Learning Random Query Runtime on Test Set: 24308.82
2024-04-17 18:19 | INFO | Query 75 Active Learning Random Query Instance Cost: 378976.81
2024-04-17 18:19 | INFO | Timeout limit is increased to 3600
2024-04-17 18:19 | INFO | Query 76 Size of the uncertainty table is = 307/1201
2024-04-17 18:19 | INFO | Query 76 Size of the filtered table is = 12
2024-04-17 18:19 | INFO | Query 76 Active Learning Random Query Runtime on Validation Set: 92047.24
2024-04-17 18:19 | INFO | Query 76 Active Learning Random Query Runtime on Test Set: 24308.76
2024-04-17 18:19 | INFO | Query 76 Active Learning Random Query Instance Cost: 379405.62
2024-04-17 18:19 | INFO | Timeout limit is increased to 3600
2024-04-17 18:19 | INFO | Query 77 Size of the uncertainty table is = 295/1201
2024-04-17 18:19 | INFO | Query 77 Size of the filtered table is = 12
2024-04-17 18:19 | INFO | Query 77 Active Learning Random Query Runtime on Validation Set: 92047.24
2024-04-17 18:19 | INFO | Query 77 Active Learning Random Query Runtime on Test Set: 24308.82
2024-04-17 18:19 | INFO | Query 77 Active Learning Random Query Instance Cost: 379494.43
2024-04-17 18:19 | INFO | Timeout limit is increased to 3600
2024-04-17 18:19 | INFO | Query 78 Size of the uncertainty table is = 283/1201
2024-04-17 18:19 | INFO | Query 78 Size of the filtered table is = 12
2024-04-17 18:19 | INFO | Query 78 Active Learning Random Query Runtime on Validation Set: 92047.24
2024-04-17 18:19 | INFO | Query 78 Active Learning Random Query Runtime on Test Set: 24309.19
2024-04-17 18:19 | INFO | Query 78 Active Learning Random Query Instance Cost: 382445.24
2024-04-17 18:19 | INFO | Timeout limit is increased to 3600
2024-04-17 18:19 | INFO | Query 79 Size of the uncertainty table is = 271/1201
2024-04-17 18:19 | INFO | Query 79 Size of the filtered table is = 12
2024-04-17 18:19 | INFO | Query 79 Active Learning Random Query Runtime on Validation Set: 92047.24
2024-04-17 18:19 | INFO | Query 79 Active Learning Random Query Runtime on Test Set: 24308.24
2024-04-17 18:19 | INFO | Query 79 Active Learning Random Query Instance Cost: 391017.33
2024-04-17 18:19 | INFO | Timeout limit is increased to 3600
2024-04-17 18:19 | INFO | Query 80 Size of the uncertainty table is = 259/1201
2024-04-17 18:19 | INFO | Query 80 Size of the filtered table is = 12
2024-04-17 18:19 | INFO | Query 80 Active Learning Random Query Runtime on Validation Set: 92047.24
2024-04-17 18:19 | INFO | Query 80 Active Learning Random Query Runtime on Test Set: 24308.85
2024-04-17 18:19 | INFO | Query 80 Active Learning Random Query Instance Cost: 393139.14
2024-04-17 18:19 | INFO | Timeout limit is increased to 3600
2024-04-17 18:19 | INFO | Query 81 Size of the uncertainty table is = 247/1201
2024-04-17 18:19 | INFO | Query 81 Size of the filtered table is = 12
2024-04-17 18:19 | INFO | Query 81 Active Learning Random Query Runtime on Validation Set: 92047.24
2024-04-17 18:19 | INFO | Query 81 Active Learning Random Query Runtime on Test Set: 24308.83
2024-04-17 18:19 | INFO | Query 81 Active Learning Random Query Instance Cost: 400436.7
2024-04-17 18:19 | INFO | Timeout limit is increased to 3600
2024-04-17 18:19 | INFO | Query 82 Size of the uncertainty table is = 235/1201
2024-04-17 18:19 | INFO | Query 82 Size of the filtered table is = 12
2024-04-17 18:19 | INFO | Query 82 Active Learning Random Query Runtime on Validation Set: 92047.24
2024-04-17 18:19 | INFO | Query 82 Active Learning Random Query Runtime on Test Set: 24308.86
2024-04-17 18:19 | INFO | Query 82 Active Learning Random Query Instance Cost: 400650.27
2024-04-17 18:19 | INFO | Timeout limit is increased to 3600
2024-04-17 18:19 | INFO | Query 83 Size of the uncertainty table is = 223/1201
2024-04-17 18:19 | INFO | Query 83 Size of the filtered table is = 12
2024-04-17 18:19 | INFO | Query 83 Active Learning Random Query Runtime on Validation Set: 92047.24
2024-04-17 18:19 | INFO | Query 83 Active Learning Random Query Runtime on Test Set: 24308.74
2024-04-17 18:19 | INFO | Query 83 Active Learning Random Query Instance Cost: 413194.6
2024-04-17 18:19 | INFO | Timeout limit is increased to 3600
2024-04-17 18:19 | INFO | Query 84 Size of the uncertainty table is = 211/1201
2024-04-17 18:19 | INFO | Query 84 Size of the filtered table is = 12
2024-04-17 18:19 | INFO | Query 84 Active Learning Random Query Runtime on Validation Set: 92047.24
2024-04-17 18:19 | INFO | Query 84 Active Learning Random Query Runtime on Test Set: 24308.83
2024-04-17 18:19 | INFO | Query 84 Active Learning Random Query Instance Cost: 413208.3
2024-04-17 18:19 | INFO | Timeout limit is increased to 3600
2024-04-17 18:19 | INFO | Query 85 Size of the uncertainty table is = 199/1201
2024-04-17 18:19 | INFO | Query 85 Size of the filtered table is = 12
2024-04-17 18:19 | INFO | Query 85 Active Learning Random Query Runtime on Validation Set: 92047.24
2024-04-17 18:19 | INFO | Query 85 Active Learning Random Query Runtime on Test Set: 24308.72
2024-04-17 18:19 | INFO | Query 85 Active Learning Random Query Instance Cost: 420417.93
2024-04-17 18:19 | INFO | Timeout limit is increased to 3600
2024-04-17 18:19 | INFO | Query 86 Size of the uncertainty table is = 187/1201
2024-04-17 18:19 | INFO | Query 86 Size of the filtered table is = 12
2024-04-17 18:20 | INFO | Query 86 Active Learning Random Query Runtime on Validation Set: 92047.24
2024-04-17 18:20 | INFO | Query 86 Active Learning Random Query Runtime on Test Set: 24308.83
2024-04-17 18:20 | INFO | Query 86 Active Learning Random Query Instance Cost: 425282.85
2024-04-17 18:20 | INFO | Timeout limit is increased to 3600
2024-04-17 18:20 | INFO | Query 87 Size of the uncertainty table is = 175/1201
2024-04-17 18:20 | INFO | Query 87 Size of the filtered table is = 12
2024-04-17 18:20 | INFO | Query 87 Active Learning Random Query Runtime on Validation Set: 92047.24
2024-04-17 18:20 | INFO | Query 87 Active Learning Random Query Runtime on Test Set: 24308.68
2024-04-17 18:20 | INFO | Query 87 Active Learning Random Query Instance Cost: 427443.93
2024-04-17 18:20 | INFO | Timeout limit is increased to 3600
2024-04-17 18:20 | INFO | Query 88 Size of the uncertainty table is = 163/1201
2024-04-17 18:20 | INFO | Query 88 Size of the filtered table is = 12
2024-04-17 18:20 | INFO | Query 88 Active Learning Random Query Runtime on Validation Set: 92047.24
2024-04-17 18:20 | INFO | Query 88 Active Learning Random Query Runtime on Test Set: 60178.39
2024-04-17 18:20 | INFO | Query 88 Active Learning Random Query Instance Cost: 438891.71
2024-04-17 18:20 | INFO | Timeout limit is increased to 3600
2024-04-17 18:20 | INFO | Query 89 Size of the uncertainty table is = 151/1201
2024-04-17 18:20 | INFO | Query 89 Size of the filtered table is = 12
2024-04-17 18:20 | INFO | Query 89 Active Learning Random Query Runtime on Validation Set: 92047.24
2024-04-17 18:20 | INFO | Query 89 Active Learning Random Query Runtime on Test Set: 60178.39
2024-04-17 18:20 | INFO | Query 89 Active Learning Random Query Instance Cost: 443045.07
2024-04-17 18:20 | INFO | Timeout limit is increased to 3600
2024-04-17 18:20 | INFO | Query 90 Size of the uncertainty table is = 139/1201
2024-04-17 18:20 | INFO | Query 90 Size of the filtered table is = 12
2024-04-17 18:20 | INFO | Query 90 Active Learning Random Query Runtime on Validation Set: 92047.24
2024-04-17 18:20 | INFO | Query 90 Active Learning Random Query Runtime on Test Set: 60177.75
2024-04-17 18:20 | INFO | Query 90 Active Learning Random Query Instance Cost: 443482.19
2024-04-17 18:20 | INFO | Timeout limit is increased to 3600
2024-04-17 18:20 | INFO | Query 91 Size of the uncertainty table is = 127/1201
2024-04-17 18:20 | INFO | Query 91 Size of the filtered table is = 12
2024-04-17 18:20 | INFO | Query 91 Active Learning Random Query Runtime on Validation Set: 92047.24
2024-04-17 18:20 | INFO | Query 91 Active Learning Random Query Runtime on Test Set: 60178.4
2024-04-17 18:20 | INFO | Query 91 Active Learning Random Query Instance Cost: 447246.7
2024-04-17 18:20 | INFO | Timeout limit is increased to 3600
2024-04-17 18:20 | INFO | Query 92 Size of the uncertainty table is = 115/1201
2024-04-17 18:20 | INFO | Query 92 Size of the filtered table is = 12
2024-04-17 18:20 | INFO | Query 92 Active Learning Random Query Runtime on Validation Set: 92047.24
2024-04-17 18:20 | INFO | Query 92 Active Learning Random Query Runtime on Test Set: 60177.88
2024-04-17 18:20 | INFO | Query 92 Active Learning Random Query Instance Cost: 447315.49
2024-04-17 18:20 | INFO | Timeout limit is increased to 3600
2024-04-17 18:20 | INFO | Query 93 Size of the uncertainty table is = 103/1201
2024-04-17 18:20 | INFO | Query 93 Size of the filtered table is = 12
2024-04-17 18:20 | INFO | Query 93 Active Learning Random Query Runtime on Validation Set: 92047.24
2024-04-17 18:20 | INFO | Query 93 Active Learning Random Query Runtime on Test Set: 60177.87
2024-04-17 18:20 | INFO | Query 93 Active Learning Random Query Instance Cost: 455015.68
2024-04-17 18:20 | INFO | Timeout limit is increased to 3600
2024-04-17 18:20 | INFO | Query 94 Size of the uncertainty table is = 91/1201
2024-04-17 18:20 | INFO | Query 94 Size of the filtered table is = 12
2024-04-17 18:20 | INFO | Query 94 Active Learning Random Query Runtime on Validation Set: 92047.24
2024-04-17 18:20 | INFO | Query 94 Active Learning Random Query Runtime on Test Set: 60177.9
2024-04-17 18:20 | INFO | Query 94 Active Learning Random Query Instance Cost: 469766.94
2024-04-17 18:20 | INFO | Timeout limit is increased to 3600
2024-04-17 18:20 | INFO | Query 95 Size of the uncertainty table is = 79/1201
2024-04-17 18:20 | INFO | Query 95 Size of the filtered table is = 12
2024-04-17 18:20 | INFO | Query 95 Active Learning Random Query Runtime on Validation Set: 92047.24
2024-04-17 18:20 | INFO | Query 95 Active Learning Random Query Runtime on Test Set: 60177.78
2024-04-17 18:20 | INFO | Query 95 Active Learning Random Query Instance Cost: 483624.73
2024-04-17 18:20 | INFO | Timeout limit is increased to 3600
2024-04-17 18:20 | INFO | Query 96 Size of the uncertainty table is = 67/1201
2024-04-17 18:20 | INFO | Query 96 Size of the filtered table is = 12
2024-04-17 18:20 | INFO | Query 96 Active Learning Random Query Runtime on Validation Set: 92047.24
2024-04-17 18:20 | INFO | Query 96 Active Learning Random Query Runtime on Test Set: 60177.9
2024-04-17 18:20 | INFO | Query 96 Active Learning Random Query Instance Cost: 487601.42
2024-04-17 18:20 | INFO | Timeout limit is increased to 3600
2024-04-17 18:20 | INFO | Query 97 Size of the uncertainty table is = 55/1201
2024-04-17 18:20 | INFO | Query 97 Size of the filtered table is = 12
2024-04-17 18:21 | INFO | Query 97 Active Learning Random Query Runtime on Validation Set: 92047.24
2024-04-17 18:21 | INFO | Query 97 Active Learning Random Query Runtime on Test Set: 60178.22
2024-04-17 18:21 | INFO | Query 97 Active Learning Random Query Instance Cost: 491402.46
2024-04-17 18:21 | INFO | Timeout limit is increased to 3600
2024-04-17 18:21 | INFO | Query 98 Size of the uncertainty table is = 43/1201
2024-04-17 18:21 | INFO | Query 98 Size of the filtered table is = 12
2024-04-17 18:21 | INFO | Query 98 Active Learning Random Query Runtime on Validation Set: 92047.24
2024-04-17 18:21 | INFO | Query 98 Active Learning Random Query Runtime on Test Set: 60177.75
2024-04-17 18:21 | INFO | Query 98 Active Learning Random Query Instance Cost: 495831.07
2024-04-17 18:21 | INFO | Timeout limit is increased to 3600
2024-04-17 18:21 | INFO | Query 99 Size of the uncertainty table is = 31/1201
2024-04-17 18:21 | INFO | Query 99 Size of the filtered table is = 12
2024-04-17 18:21 | INFO | Query 99 Active Learning Random Query Runtime on Validation Set: 92047.24
2024-04-17 18:21 | INFO | Query 99 Active Learning Random Query Runtime on Test Set: 60177.82
2024-04-17 18:21 | INFO | Query 99 Active Learning Random Query Instance Cost: 496173.46
2024-04-17 18:21 | INFO | Timeout limit is increased to 3600
2024-04-17 18:21 | INFO | Query 100 Size of the uncertainty table is = 19/1201
2024-04-17 18:21 | INFO | Query 100 Size of the filtered table is = 12
2024-04-17 18:21 | INFO | Query 100 Active Learning Random Query Runtime on Validation Set: 92047.24
2024-04-17 18:21 | INFO | Query 100 Active Learning Random Query Runtime on Test Set: 60177.86
2024-04-17 18:21 | INFO | Query 100 Active Learning Random Query Instance Cost: 501885.45
2024-04-17 18:21 | INFO | Timeout limit is increased to 3600
2024-04-17 18:21 | INFO | Query 101 Size of the uncertainty table is = 7/1201
2024-04-17 18:21 | INFO | Query 101 Size of the filtered table is = 7
2024-04-17 18:21 | INFO | Query 101 Active Learning Random Query Runtime on Validation Set: 92047.24
2024-04-17 18:21 | INFO | Query 101 Active Learning Random Query Runtime on Test Set: 24308.02
2024-04-17 18:21 | INFO | Query 101 Active Learning Random Query Instance Cost: 510106.95
2024-04-17 18:21 | INFO | Timeout limit is increased to 3600
2024-04-17 18:21 | INFO | runtime_train_score is written as json file
2024-04-17 18:21 | INFO | runtime_test_score is written as json file
2024-04-17 18:21 | INFO | runtime_validation_score is written as json file
2024-04-17 18:21 | INFO | instance_cost is written as json file
2024-04-17 18:21 | INFO | Experiment is finished
