2024-04-17 17:52 | INFO | Paramaters are: {'dataset': 'CPMP-2015', 'penalty': 10, 'weight': 'No_Weight', 'voting': 'Hard', 'pre_selection_size': 64, 'pre_selection_technique': 'No_pre_selection', 'feature_elimination_threshold': 20, 'imputer_strategy': 'median', 'feature_selection_technique': 'No_feature_selection', 'feature_scaling_technique': 'StandardScaler', 'initial_train_size': 20, 'query_size': 1, 'timeout_predictor_usage': 'No', 'timeout_limit': 100, 'timeout_increase_rate': 100, 'RANDOM_STATE_SEED': 7, 'n_splits': 10, 'split_number': 4, 'max_timeout': 3600, 'param_grid': {'n_estimators': 100, 'criterion': 'gini', 'max_features': 'sqrt', 'max_depth': 2147483648, 'min_samples_split': 2, 'bootstrap': True}}
2024-04-17 17:52 | INFO | CPMP-2015 is current dataset
2024-04-17 17:52 | INFO | DATASETS/CPMP-2015/algorithm_runs.csv is found
2024-04-17 17:52 | INFO | DATASETS/CPMP-2015/algorithm_runs.csv is finished
2024-04-17 17:52 | INFO | DATASETS/CPMP-2015/feature_values.csv is found
2024-04-17 17:52 | INFO | DATASETS/CPMP-2015/feature_values.csv is finished
2024-04-17 17:52 | INFO | Feature cost of train set is 0
2024-04-17 17:53 | INFO | Initial Active Learning Random Query Runtime on Validation Set: 137180.08
2024-04-17 17:53 | INFO | Initial Active Learning Random Query Runtime on Test Set: 618397.97
2024-04-17 17:53 | INFO | Initial Active Learning Random Query Instance Cost: 3424.73
2024-04-17 17:53 | INFO | Bin size = 21
2024-04-17 17:53 | INFO | Query 1 Size of the uncertainty table is = 2180/2154
2024-04-17 17:53 | INFO | Query 1 Size of the filtered table is = 21
2024-04-17 17:53 | INFO | Query 1 Active Learning Random Query Runtime on Validation Set: 169451.44
2024-04-17 17:53 | INFO | Query 1 Active Learning Random Query Runtime on Test Set: 654416.76
2024-04-17 17:53 | INFO | Query 1 Active Learning Random Query Instance Cost: 5485.0
2024-04-17 17:53 | INFO | Timeout limit is increased to 200
2024-04-17 17:53 | INFO | Query 2 Size of the uncertainty table is = 2165/2154
2024-04-17 17:53 | INFO | Query 2 Size of the filtered table is = 21
2024-04-17 17:53 | INFO | Query 2 Active Learning Random Query Runtime on Validation Set: 170992.21
2024-04-17 17:53 | INFO | Query 2 Active Learning Random Query Runtime on Test Set: 690193.86
2024-04-17 17:53 | INFO | Query 2 Active Learning Random Query Instance Cost: 9818.24
2024-04-17 17:53 | INFO | Timeout limit is increased to 300
2024-04-17 17:53 | INFO | Query 3 Size of the uncertainty table is = 2153/2154
2024-04-17 17:53 | INFO | Query 3 Size of the filtered table is = 21
2024-04-17 17:53 | INFO | Query 3 Active Learning Random Query Runtime on Validation Set: 238072.57
2024-04-17 17:53 | INFO | Query 3 Active Learning Random Query Runtime on Test Set: 690193.86
2024-04-17 17:53 | INFO | Query 3 Active Learning Random Query Instance Cost: 14054.45
2024-04-17 17:53 | INFO | Timeout limit is increased to 400
2024-04-17 17:53 | INFO | Query 4 Size of the uncertainty table is = 2135/2154
2024-04-17 17:53 | INFO | Query 4 Size of the filtered table is = 21
2024-04-17 17:53 | INFO | Query 4 Active Learning Random Query Runtime on Validation Set: 136758.32
2024-04-17 17:53 | INFO | Query 4 Active Learning Random Query Runtime on Test Set: 654191.87
2024-04-17 17:53 | INFO | Query 4 Active Learning Random Query Instance Cost: 20119.42
2024-04-17 17:53 | INFO | Query 5 Size of the uncertainty table is = 2117/2154
2024-04-17 17:53 | INFO | Query 5 Size of the filtered table is = 21
2024-04-17 17:53 | INFO | Query 5 Active Learning Random Query Runtime on Validation Set: 101109.95
2024-04-17 17:53 | INFO | Query 5 Active Learning Random Query Runtime on Test Set: 547480.62
2024-04-17 17:53 | INFO | Query 5 Active Learning Random Query Instance Cost: 23915.36
2024-04-17 17:53 | INFO | Query 6 Size of the uncertainty table is = 2091/2154
2024-04-17 17:53 | INFO | Query 6 Size of the filtered table is = 21
2024-04-17 17:53 | INFO | Query 6 Active Learning Random Query Runtime on Validation Set: 100968.6
2024-04-17 17:53 | INFO | Query 6 Active Learning Random Query Runtime on Test Set: 510282.98
2024-04-17 17:53 | INFO | Query 6 Active Learning Random Query Instance Cost: 31673.75
2024-04-17 17:53 | INFO | Query 7 Size of the uncertainty table is = 2070/2154
2024-04-17 17:53 | INFO | Query 7 Size of the filtered table is = 21
2024-04-17 17:54 | INFO | Query 7 Active Learning Random Query Runtime on Validation Set: 100712.63
2024-04-17 17:54 | INFO | Query 7 Active Learning Random Query Runtime on Test Set: 546189.99
2024-04-17 17:54 | INFO | Query 7 Active Learning Random Query Instance Cost: 38377.01
2024-04-17 17:54 | INFO | Query 8 Size of the uncertainty table is = 2049/2154
2024-04-17 17:54 | INFO | Query 8 Size of the filtered table is = 21
2024-04-17 17:54 | INFO | Query 8 Active Learning Random Query Runtime on Validation Set: 203098.16
2024-04-17 17:54 | INFO | Query 8 Active Learning Random Query Runtime on Test Set: 440862.51
2024-04-17 17:54 | INFO | Query 8 Active Learning Random Query Instance Cost: 43217.28
2024-04-17 17:54 | INFO | Timeout limit is increased to 500
2024-04-17 17:54 | INFO | Query 9 Size of the uncertainty table is = 2020/2154
2024-04-17 17:54 | INFO | Query 9 Size of the filtered table is = 21
2024-04-17 17:54 | INFO | Query 9 Active Learning Random Query Runtime on Validation Set: 171236.65
2024-04-17 17:54 | INFO | Query 9 Active Learning Random Query Runtime on Test Set: 406461.05
2024-04-17 17:54 | INFO | Query 9 Active Learning Random Query Instance Cost: 47829.44
2024-04-17 17:54 | INFO | Query 10 Size of the uncertainty table is = 1995/2154
2024-04-17 17:54 | INFO | Query 10 Size of the filtered table is = 21
2024-04-17 17:54 | INFO | Query 10 Active Learning Random Query Runtime on Validation Set: 100647.65
2024-04-17 17:54 | INFO | Query 10 Active Learning Random Query Runtime on Test Set: 372053.65
2024-04-17 17:54 | INFO | Query 10 Active Learning Random Query Instance Cost: 56464.0
2024-04-17 17:54 | INFO | Query 11 Size of the uncertainty table is = 1971/2154
2024-04-17 17:54 | INFO | Query 11 Size of the filtered table is = 21
2024-04-17 17:54 | INFO | Query 11 Active Learning Random Query Runtime on Validation Set: 100541.69
2024-04-17 17:54 | INFO | Query 11 Active Learning Random Query Runtime on Test Set: 338049.04
2024-04-17 17:54 | INFO | Query 11 Active Learning Random Query Instance Cost: 61263.78
2024-04-17 17:54 | INFO | Query 12 Size of the uncertainty table is = 1941/2154
2024-04-17 17:54 | INFO | Query 12 Size of the filtered table is = 21
2024-04-17 17:54 | INFO | Query 12 Active Learning Random Query Runtime on Validation Set: 100583.09
2024-04-17 17:54 | INFO | Query 12 Active Learning Random Query Runtime on Test Set: 338465.87
2024-04-17 17:54 | INFO | Query 12 Active Learning Random Query Instance Cost: 68003.03
2024-04-17 17:54 | INFO | Timeout limit is increased to 600
2024-04-17 17:54 | INFO | Query 13 Size of the uncertainty table is = 1912/2154
2024-04-17 17:54 | INFO | Query 13 Size of the filtered table is = 21
2024-04-17 17:54 | INFO | Query 13 Active Learning Random Query Runtime on Validation Set: 168532.8
2024-04-17 17:54 | INFO | Query 13 Active Learning Random Query Runtime on Test Set: 373939.95
2024-04-17 17:54 | INFO | Query 13 Active Learning Random Query Instance Cost: 73510.6
2024-04-17 17:54 | INFO | Timeout limit is increased to 700
2024-04-17 17:54 | INFO | Query 14 Size of the uncertainty table is = 1873/2154
2024-04-17 17:54 | INFO | Query 14 Size of the filtered table is = 21
2024-04-17 17:55 | INFO | Query 14 Active Learning Random Query Runtime on Validation Set: 133751.51
2024-04-17 17:55 | INFO | Query 14 Active Learning Random Query Runtime on Test Set: 374043.18
2024-04-17 17:55 | INFO | Query 14 Active Learning Random Query Instance Cost: 83062.8
2024-04-17 17:55 | INFO | Query 15 Size of the uncertainty table is = 1836/2154
2024-04-17 17:55 | INFO | Query 15 Size of the filtered table is = 21
2024-04-17 17:55 | INFO | Query 15 Active Learning Random Query Runtime on Validation Set: 203360.64
2024-04-17 17:55 | INFO | Query 15 Active Learning Random Query Runtime on Test Set: 410270.01
2024-04-17 17:55 | INFO | Query 15 Active Learning Random Query Instance Cost: 91714.69
2024-04-17 17:55 | INFO | Timeout limit is increased to 800
2024-04-17 17:55 | INFO | Query 16 Size of the uncertainty table is = 1807/2154
2024-04-17 17:55 | INFO | Query 16 Size of the filtered table is = 21
2024-04-17 17:55 | INFO | Query 16 Active Learning Random Query Runtime on Validation Set: 274438.47
2024-04-17 17:55 | INFO | Query 16 Active Learning Random Query Runtime on Test Set: 410589.31
2024-04-17 17:55 | INFO | Query 16 Active Learning Random Query Instance Cost: 101485.23
2024-04-17 17:55 | INFO | Timeout limit is increased to 900
2024-04-17 17:55 | INFO | Query 17 Size of the uncertainty table is = 1776/2154
2024-04-17 17:55 | INFO | Query 17 Size of the filtered table is = 21
2024-04-17 17:55 | INFO | Query 17 Active Learning Random Query Runtime on Validation Set: 136721.51
2024-04-17 17:55 | INFO | Query 17 Active Learning Random Query Runtime on Test Set: 446332.28
2024-04-17 17:55 | INFO | Query 17 Active Learning Random Query Instance Cost: 107816.71
2024-04-17 17:55 | INFO | Query 18 Size of the uncertainty table is = 1740/2154
2024-04-17 17:55 | INFO | Query 18 Size of the filtered table is = 21
2024-04-17 17:55 | INFO | Query 18 Active Learning Random Query Runtime on Validation Set: 237400.74
2024-04-17 17:55 | INFO | Query 18 Active Learning Random Query Runtime on Test Set: 372730.91
2024-04-17 17:55 | INFO | Query 18 Active Learning Random Query Instance Cost: 121380.9
2024-04-17 17:55 | INFO | Timeout limit is increased to 1000
2024-04-17 17:55 | INFO | Query 19 Size of the uncertainty table is = 1704/2154
2024-04-17 17:55 | INFO | Query 19 Size of the filtered table is = 21
2024-04-17 17:55 | INFO | Query 19 Active Learning Random Query Runtime on Validation Set: 204835.76
2024-04-17 17:55 | INFO | Query 19 Active Learning Random Query Runtime on Test Set: 337150.02
2024-04-17 17:55 | INFO | Query 19 Active Learning Random Query Instance Cost: 132837.47
2024-04-17 17:55 | INFO | Query 20 Size of the uncertainty table is = 1669/2154
2024-04-17 17:55 | INFO | Query 20 Size of the filtered table is = 21
2024-04-17 17:55 | INFO | Query 20 Active Learning Random Query Runtime on Validation Set: 273713.34
2024-04-17 17:55 | INFO | Query 20 Active Learning Random Query Runtime on Test Set: 479913.7
2024-04-17 17:55 | INFO | Query 20 Active Learning Random Query Instance Cost: 146899.48
2024-04-17 17:55 | INFO | Timeout limit is increased to 1100
2024-04-17 17:55 | INFO | Query 21 Size of the uncertainty table is = 1645/2154
2024-04-17 17:55 | INFO | Query 21 Size of the filtered table is = 21
2024-04-17 17:56 | INFO | Query 21 Active Learning Random Query Runtime on Validation Set: 342525.4
2024-04-17 17:56 | INFO | Query 21 Active Learning Random Query Runtime on Test Set: 479190.97
2024-04-17 17:56 | INFO | Query 21 Active Learning Random Query Instance Cost: 155575.36
2024-04-17 17:56 | INFO | Timeout limit is increased to 1200
2024-04-17 17:56 | INFO | Query 22 Size of the uncertainty table is = 1606/2154
2024-04-17 17:56 | INFO | Query 22 Size of the filtered table is = 21
2024-04-17 17:56 | INFO | Query 22 Active Learning Random Query Runtime on Validation Set: 377983.4
2024-04-17 17:56 | INFO | Query 22 Active Learning Random Query Runtime on Test Set: 409702.54
2024-04-17 17:56 | INFO | Query 22 Active Learning Random Query Instance Cost: 171230.87
2024-04-17 17:56 | INFO | Timeout limit is increased to 1300
2024-04-17 17:56 | INFO | Query 23 Size of the uncertainty table is = 1579/2154
2024-04-17 17:56 | INFO | Query 23 Size of the filtered table is = 21
2024-04-17 17:56 | INFO | Query 23 Active Learning Random Query Runtime on Validation Set: 240007.94
2024-04-17 17:56 | INFO | Query 23 Active Learning Random Query Runtime on Test Set: 441885.38
2024-04-17 17:56 | INFO | Query 23 Active Learning Random Query Instance Cost: 187901.22
2024-04-17 17:56 | INFO | Query 24 Size of the uncertainty table is = 1538/2154
2024-04-17 17:56 | INFO | Query 24 Size of the filtered table is = 21
2024-04-17 17:56 | INFO | Query 24 Active Learning Random Query Runtime on Validation Set: 309843.88
2024-04-17 17:56 | INFO | Query 24 Active Learning Random Query Runtime on Test Set: 513883.68
2024-04-17 17:56 | INFO | Query 24 Active Learning Random Query Instance Cost: 203562.41
2024-04-17 17:56 | INFO | Timeout limit is increased to 1400
2024-04-17 17:56 | INFO | Query 25 Size of the uncertainty table is = 1503/2154
2024-04-17 17:56 | INFO | Query 25 Size of the filtered table is = 21
2024-04-17 17:56 | INFO | Query 25 Active Learning Random Query Runtime on Validation Set: 310802.01
2024-04-17 17:56 | INFO | Query 25 Active Learning Random Query Runtime on Test Set: 441886.92
2024-04-17 17:56 | INFO | Query 25 Active Learning Random Query Instance Cost: 221215.38
2024-04-17 17:56 | INFO | Timeout limit is increased to 1500
2024-04-17 17:56 | INFO | Query 26 Size of the uncertainty table is = 1469/2154
2024-04-17 17:56 | INFO | Query 26 Size of the filtered table is = 21
2024-04-17 17:56 | INFO | Query 26 Active Learning Random Query Runtime on Validation Set: 413198.35
2024-04-17 17:56 | INFO | Query 26 Active Learning Random Query Runtime on Test Set: 511067.71
2024-04-17 17:56 | INFO | Query 26 Active Learning Random Query Instance Cost: 242131.12
2024-04-17 17:56 | INFO | Timeout limit is increased to 1600
2024-04-17 17:56 | INFO | Query 27 Size of the uncertainty table is = 1429/2154
2024-04-17 17:56 | INFO | Query 27 Size of the filtered table is = 21
2024-04-17 17:56 | INFO | Query 27 Active Learning Random Query Runtime on Validation Set: 136511.95
2024-04-17 17:56 | INFO | Query 27 Active Learning Random Query Runtime on Test Set: 440179.19
2024-04-17 17:56 | INFO | Query 27 Active Learning Random Query Instance Cost: 255804.96
2024-04-17 17:56 | INFO | Query 28 Size of the uncertainty table is = 1391/2154
2024-04-17 17:56 | INFO | Query 28 Size of the filtered table is = 21
2024-04-17 17:57 | INFO | Query 28 Active Learning Random Query Runtime on Validation Set: 170743.25
2024-04-17 17:57 | INFO | Query 28 Active Learning Random Query Runtime on Test Set: 442995.85
2024-04-17 17:57 | INFO | Query 28 Active Learning Random Query Instance Cost: 271679.83
2024-04-17 17:57 | INFO | Timeout limit is increased to 1700
2024-04-17 17:57 | INFO | Query 29 Size of the uncertainty table is = 1350/2154
2024-04-17 17:57 | INFO | Query 29 Size of the filtered table is = 21
2024-04-17 17:57 | INFO | Query 29 Active Learning Random Query Runtime on Validation Set: 171134.51
2024-04-17 17:57 | INFO | Query 29 Active Learning Random Query Runtime on Test Set: 442995.61
2024-04-17 17:57 | INFO | Query 29 Active Learning Random Query Instance Cost: 298438.46
2024-04-17 17:57 | INFO | Timeout limit is increased to 1800
2024-04-17 17:57 | INFO | Query 30 Size of the uncertainty table is = 1308/2154
2024-04-17 17:57 | INFO | Query 30 Size of the filtered table is = 21
2024-04-17 17:57 | INFO | Query 30 Active Learning Random Query Runtime on Validation Set: 238249.79
2024-04-17 17:57 | INFO | Query 30 Active Learning Random Query Runtime on Test Set: 408030.16
2024-04-17 17:57 | INFO | Query 30 Active Learning Random Query Instance Cost: 324026.16
2024-04-17 17:57 | INFO | Timeout limit is increased to 1900
2024-04-17 17:57 | INFO | Query 31 Size of the uncertainty table is = 1278/2154
2024-04-17 17:57 | INFO | Query 31 Size of the filtered table is = 21
2024-04-17 17:57 | INFO | Query 31 Active Learning Random Query Runtime on Validation Set: 380347.0
2024-04-17 17:57 | INFO | Query 31 Active Learning Random Query Runtime on Test Set: 443278.21
2024-04-17 17:57 | INFO | Query 31 Active Learning Random Query Instance Cost: 349905.75
2024-04-17 17:57 | INFO | Timeout limit is increased to 2000
2024-04-17 17:57 | INFO | Query 32 Size of the uncertainty table is = 1241/2154
2024-04-17 17:57 | INFO | Query 32 Size of the filtered table is = 21
2024-04-17 17:57 | INFO | Query 32 Active Learning Random Query Runtime on Validation Set: 206491.22
2024-04-17 17:57 | INFO | Query 32 Active Learning Random Query Runtime on Test Set: 373108.67
2024-04-17 17:57 | INFO | Query 32 Active Learning Random Query Instance Cost: 372155.32
2024-04-17 17:57 | INFO | Query 33 Size of the uncertainty table is = 1204/2154
2024-04-17 17:57 | INFO | Query 33 Size of the filtered table is = 21
2024-04-17 17:57 | INFO | Query 33 Active Learning Random Query Runtime on Validation Set: 136813.04
2024-04-17 17:57 | INFO | Query 33 Active Learning Random Query Runtime on Test Set: 373108.67
2024-04-17 17:57 | INFO | Query 33 Active Learning Random Query Instance Cost: 394822.79
2024-04-17 17:57 | INFO | Query 34 Size of the uncertainty table is = 1174/2154
2024-04-17 17:57 | INFO | Query 34 Size of the filtered table is = 21
2024-04-17 17:57 | INFO | Query 34 Active Learning Random Query Runtime on Validation Set: 136401.49
2024-04-17 17:57 | INFO | Query 34 Active Learning Random Query Runtime on Test Set: 373025.12
2024-04-17 17:57 | INFO | Query 34 Active Learning Random Query Instance Cost: 432629.35
2024-04-17 17:57 | INFO | Query 35 Size of the uncertainty table is = 1145/2154
2024-04-17 17:57 | INFO | Query 35 Size of the filtered table is = 21
2024-04-17 17:58 | INFO | Query 35 Active Learning Random Query Runtime on Validation Set: 171757.09
2024-04-17 17:58 | INFO | Query 35 Active Learning Random Query Runtime on Test Set: 374334.51
2024-04-17 17:58 | INFO | Query 35 Active Learning Random Query Instance Cost: 454842.67
2024-04-17 17:58 | INFO | Timeout limit is increased to 2100
2024-04-17 17:58 | INFO | Query 36 Size of the uncertainty table is = 1092/2154
2024-04-17 17:58 | INFO | Query 36 Size of the filtered table is = 21
2024-04-17 17:58 | INFO | Query 36 Active Learning Random Query Runtime on Validation Set: 100967.11
2024-04-17 17:58 | INFO | Query 36 Active Learning Random Query Runtime on Test Set: 372445.32
2024-04-17 17:58 | INFO | Query 36 Active Learning Random Query Instance Cost: 471653.14
2024-04-17 17:58 | INFO | Query 37 Size of the uncertainty table is = 1054/2154
2024-04-17 17:58 | INFO | Query 37 Size of the filtered table is = 21
2024-04-17 17:58 | INFO | Query 37 Active Learning Random Query Runtime on Validation Set: 136343.87
2024-04-17 17:58 | INFO | Query 37 Active Learning Random Query Runtime on Test Set: 373156.89
2024-04-17 17:58 | INFO | Query 37 Active Learning Random Query Instance Cost: 495128.95
2024-04-17 17:58 | INFO | Timeout limit is increased to 2200
2024-04-17 17:58 | INFO | Query 38 Size of the uncertainty table is = 1013/2154
2024-04-17 17:58 | INFO | Query 38 Size of the filtered table is = 21
2024-04-17 17:58 | INFO | Query 38 Active Learning Random Query Runtime on Validation Set: 136366.0
2024-04-17 17:58 | INFO | Query 38 Active Learning Random Query Runtime on Test Set: 374467.95
2024-04-17 17:58 | INFO | Query 38 Active Learning Random Query Instance Cost: 513066.29
2024-04-17 17:58 | INFO | Timeout limit is increased to 2300
2024-04-17 17:58 | INFO | Query 39 Size of the uncertainty table is = 969/2154
2024-04-17 17:58 | INFO | Query 39 Size of the filtered table is = 21
2024-04-17 17:58 | INFO | Query 39 Active Learning Random Query Runtime on Validation Set: 100967.11
2024-04-17 17:58 | INFO | Query 39 Active Learning Random Query Runtime on Test Set: 410333.45
2024-04-17 17:58 | INFO | Query 39 Active Learning Random Query Instance Cost: 543518.51
2024-04-17 17:58 | INFO | Query 40 Size of the uncertainty table is = 936/2154
2024-04-17 17:58 | INFO | Query 40 Size of the filtered table is = 21
2024-04-17 17:58 | INFO | Query 40 Active Learning Random Query Runtime on Validation Set: 169508.99
2024-04-17 17:58 | INFO | Query 40 Active Learning Random Query Runtime on Test Set: 445022.9
2024-04-17 17:58 | INFO | Query 40 Active Learning Random Query Instance Cost: 566061.73
2024-04-17 17:58 | INFO | Timeout limit is increased to 2400
2024-04-17 17:58 | INFO | Query 41 Size of the uncertainty table is = 889/2154
2024-04-17 17:58 | INFO | Query 41 Size of the filtered table is = 21
2024-04-17 17:59 | INFO | Query 41 Active Learning Random Query Runtime on Validation Set: 134059.79
2024-04-17 17:59 | INFO | Query 41 Active Learning Random Query Runtime on Test Set: 446809.55
2024-04-17 17:59 | INFO | Query 41 Active Learning Random Query Instance Cost: 598586.59
2024-04-17 17:59 | INFO | Query 42 Size of the uncertainty table is = 852/2154
2024-04-17 17:59 | INFO | Query 42 Size of the filtered table is = 21
2024-04-17 17:59 | INFO | Query 42 Active Learning Random Query Runtime on Validation Set: 100575.93
2024-04-17 17:59 | INFO | Query 42 Active Learning Random Query Runtime on Test Set: 410810.25
2024-04-17 17:59 | INFO | Query 42 Active Learning Random Query Instance Cost: 626220.69
2024-04-17 17:59 | INFO | Query 43 Size of the uncertainty table is = 807/2154
2024-04-17 17:59 | INFO | Query 43 Size of the filtered table is = 21
2024-04-17 17:59 | INFO | Query 43 Active Learning Random Query Runtime on Validation Set: 136401.49
2024-04-17 17:59 | INFO | Query 43 Active Learning Random Query Runtime on Test Set: 412251.54
2024-04-17 17:59 | INFO | Query 43 Active Learning Random Query Instance Cost: 636729.27
2024-04-17 17:59 | INFO | Timeout limit is increased to 2500
2024-04-17 17:59 | INFO | Query 44 Size of the uncertainty table is = 759/2154
2024-04-17 17:59 | INFO | Query 44 Size of the filtered table is = 21
2024-04-17 17:59 | INFO | Query 44 Active Learning Random Query Runtime on Validation Set: 204058.92
2024-04-17 17:59 | INFO | Query 44 Active Learning Random Query Runtime on Test Set: 338340.2
2024-04-17 17:59 | INFO | Query 44 Active Learning Random Query Instance Cost: 669985.7
2024-04-17 17:59 | INFO | Timeout limit is increased to 2600
2024-04-17 17:59 | INFO | Query 45 Size of the uncertainty table is = 729/2154
2024-04-17 17:59 | INFO | Query 45 Size of the filtered table is = 21
2024-04-17 17:59 | INFO | Query 45 Active Learning Random Query Runtime on Validation Set: 100909.49
2024-04-17 17:59 | INFO | Query 45 Active Learning Random Query Runtime on Test Set: 410332.39
2024-04-17 17:59 | INFO | Query 45 Active Learning Random Query Instance Cost: 691601.25
2024-04-17 17:59 | INFO | Query 46 Size of the uncertainty table is = 686/2154
2024-04-17 17:59 | INFO | Query 46 Size of the filtered table is = 21
2024-04-17 17:59 | INFO | Query 46 Active Learning Random Query Runtime on Validation Set: 169898.99
2024-04-17 17:59 | INFO | Query 46 Active Learning Random Query Runtime on Test Set: 410340.2
2024-04-17 17:59 | INFO | Query 46 Active Learning Random Query Instance Cost: 712934.56
2024-04-17 17:59 | INFO | Timeout limit is increased to 2700
2024-04-17 17:59 | INFO | Query 47 Size of the uncertainty table is = 658/2154
2024-04-17 17:59 | INFO | Query 47 Size of the filtered table is = 21
2024-04-17 17:59 | INFO | Query 47 Active Learning Random Query Runtime on Validation Set: 168766.57
2024-04-17 17:59 | INFO | Query 47 Active Learning Random Query Runtime on Test Set: 374944.22
2024-04-17 17:59 | INFO | Query 47 Active Learning Random Query Instance Cost: 741895.66
2024-04-17 17:59 | INFO | Query 48 Size of the uncertainty table is = 626/2154
2024-04-17 17:59 | INFO | Query 48 Size of the filtered table is = 21
2024-04-17 18:00 | INFO | Query 48 Active Learning Random Query Runtime on Validation Set: 204336.24
2024-04-17 18:00 | INFO | Query 48 Active Learning Random Query Runtime on Test Set: 410810.2
2024-04-17 18:00 | INFO | Query 48 Active Learning Random Query Instance Cost: 757926.37
2024-04-17 18:00 | INFO | Timeout limit is increased to 2800
2024-04-17 18:00 | INFO | Query 49 Size of the uncertainty table is = 588/2154
2024-04-17 18:00 | INFO | Query 49 Size of the filtered table is = 21
2024-04-17 18:00 | INFO | Query 49 Active Learning Random Query Runtime on Validation Set: 168909.67
2024-04-17 18:00 | INFO | Query 49 Active Learning Random Query Runtime on Test Set: 445028.08
2024-04-17 18:00 | INFO | Query 49 Active Learning Random Query Instance Cost: 793034.66
2024-04-17 18:00 | INFO | Query 50 Size of the uncertainty table is = 558/2154
2024-04-17 18:00 | INFO | Query 50 Size of the filtered table is = 21
2024-04-17 18:00 | INFO | Query 50 Active Learning Random Query Runtime on Validation Set: 136351.17
2024-04-17 18:00 | INFO | Query 50 Active Learning Random Query Runtime on Test Set: 374472.2
2024-04-17 18:00 | INFO | Query 50 Active Learning Random Query Instance Cost: 814944.61
2024-04-17 18:00 | INFO | Query 51 Size of the uncertainty table is = 531/2154
2024-04-17 18:00 | INFO | Query 51 Size of the filtered table is = 21
2024-04-17 18:00 | INFO | Query 51 Active Learning Random Query Runtime on Validation Set: 134009.47
2024-04-17 18:00 | INFO | Query 51 Active Learning Random Query Runtime on Test Set: 338596.86
2024-04-17 18:00 | INFO | Query 51 Active Learning Random Query Instance Cost: 850129.9
2024-04-17 18:00 | INFO | Query 52 Size of the uncertainty table is = 507/2154
2024-04-17 18:00 | INFO | Query 52 Size of the filtered table is = 21
2024-04-17 18:00 | INFO | Query 52 Active Learning Random Query Runtime on Validation Set: 133689.45
2024-04-17 18:00 | INFO | Query 52 Active Learning Random Query Runtime on Test Set: 374339.12
2024-04-17 18:00 | INFO | Query 52 Active Learning Random Query Instance Cost: 875465.99
2024-04-17 18:00 | INFO | Query 53 Size of the uncertainty table is = 483/2154
2024-04-17 18:00 | INFO | Query 53 Size of the filtered table is = 21
2024-04-17 18:00 | INFO | Query 53 Active Learning Random Query Runtime on Validation Set: 133689.45
2024-04-17 18:00 | INFO | Query 53 Active Learning Random Query Runtime on Test Set: 410339.28
2024-04-17 18:00 | INFO | Query 53 Active Learning Random Query Instance Cost: 892977.68
2024-04-17 18:00 | INFO | Timeout limit is increased to 2900
2024-04-17 18:00 | INFO | Query 54 Size of the uncertainty table is = 456/2154
2024-04-17 18:00 | INFO | Query 54 Size of the filtered table is = 21
2024-04-17 18:00 | INFO | Query 54 Active Learning Random Query Runtime on Validation Set: 133633.64
2024-04-17 18:00 | INFO | Query 54 Active Learning Random Query Runtime on Test Set: 373021.34
2024-04-17 18:00 | INFO | Query 54 Active Learning Random Query Instance Cost: 922637.59
2024-04-17 18:00 | INFO | Query 55 Size of the uncertainty table is = 430/2154
2024-04-17 18:00 | INFO | Query 55 Size of the filtered table is = 21
2024-04-17 18:01 | INFO | Query 55 Active Learning Random Query Runtime on Validation Set: 100596.77
2024-04-17 18:01 | INFO | Query 55 Active Learning Random Query Runtime on Test Set: 374339.07
2024-04-17 18:01 | INFO | Query 55 Active Learning Random Query Instance Cost: 952146.45
2024-04-17 18:01 | INFO | Query 56 Size of the uncertainty table is = 410/2154
2024-04-17 18:01 | INFO | Query 56 Size of the filtered table is = 21
2024-04-17 18:01 | INFO | Query 56 Active Learning Random Query Runtime on Validation Set: 168312.73
2024-04-17 18:01 | INFO | Query 56 Active Learning Random Query Runtime on Test Set: 374339.65
2024-04-17 18:01 | INFO | Query 56 Active Learning Random Query Instance Cost: 979776.06
2024-04-17 18:01 | INFO | Timeout limit is increased to 3000
2024-04-17 18:01 | INFO | Query 57 Size of the uncertainty table is = 381/2154
2024-04-17 18:01 | INFO | Query 57 Size of the filtered table is = 21
2024-04-17 18:01 | INFO | Query 57 Active Learning Random Query Runtime on Validation Set: 133689.45
2024-04-17 18:01 | INFO | Query 57 Active Learning Random Query Runtime on Test Set: 338506.25
2024-04-17 18:01 | INFO | Query 57 Active Learning Random Query Instance Cost: 998667.36
2024-04-17 18:01 | INFO | Query 58 Size of the uncertainty table is = 366/2154
2024-04-17 18:01 | INFO | Query 58 Size of the filtered table is = 21
2024-04-17 18:01 | INFO | Query 58 Active Learning Random Query Runtime on Validation Set: 133741.96
2024-04-17 18:01 | INFO | Query 58 Active Learning Random Query Runtime on Test Set: 338506.05
2024-04-17 18:01 | INFO | Query 58 Active Learning Random Query Instance Cost: 1028117.95
2024-04-17 18:01 | INFO | Timeout limit is increased to 3100
2024-04-17 18:01 | INFO | Query 59 Size of the uncertainty table is = 354/2154
2024-04-17 18:01 | INFO | Query 59 Size of the filtered table is = 21
2024-04-17 18:01 | INFO | Query 59 Active Learning Random Query Runtime on Validation Set: 204349.99
2024-04-17 18:01 | INFO | Query 59 Active Learning Random Query Runtime on Test Set: 374470.01
2024-04-17 18:01 | INFO | Query 59 Active Learning Random Query Instance Cost: 1054476.03
2024-04-17 18:01 | INFO | Timeout limit is increased to 3200
2024-04-17 18:01 | INFO | Query 60 Size of the uncertainty table is = 334/2154
2024-04-17 18:01 | INFO | Query 60 Size of the filtered table is = 21
2024-04-17 18:01 | INFO | Query 60 Active Learning Random Query Runtime on Validation Set: 168487.96
2024-04-17 18:01 | INFO | Query 60 Active Learning Random Query Runtime on Test Set: 266507.12
2024-04-17 18:01 | INFO | Query 60 Active Learning Random Query Instance Cost: 1086888.97
2024-04-17 18:01 | INFO | Query 61 Size of the uncertainty table is = 322/2154
2024-04-17 18:01 | INFO | Query 61 Size of the filtered table is = 21
2024-04-17 18:02 | INFO | Query 61 Active Learning Random Query Runtime on Validation Set: 168487.96
2024-04-17 18:02 | INFO | Query 61 Active Learning Random Query Runtime on Test Set: 266624.92
2024-04-17 18:02 | INFO | Query 61 Active Learning Random Query Instance Cost: 1103927.47
2024-04-17 18:02 | INFO | Timeout limit is increased to 3300
2024-04-17 18:02 | INFO | Query 62 Size of the uncertainty table is = 314/2154
2024-04-17 18:02 | INFO | Query 62 Size of the filtered table is = 21
2024-04-17 18:02 | INFO | Query 62 Active Learning Random Query Runtime on Validation Set: 136351.17
2024-04-17 18:02 | INFO | Query 62 Active Learning Random Query Runtime on Test Set: 338590.1
2024-04-17 18:02 | INFO | Query 62 Active Learning Random Query Instance Cost: 1124661.62
2024-04-17 18:02 | INFO | Query 63 Size of the uncertainty table is = 289/2154
2024-04-17 18:02 | INFO | Query 63 Size of the filtered table is = 21
2024-04-17 18:02 | INFO | Query 63 Active Learning Random Query Runtime on Validation Set: 136351.17
2024-04-17 18:02 | INFO | Query 63 Active Learning Random Query Runtime on Test Set: 374331.94
2024-04-17 18:02 | INFO | Query 63 Active Learning Random Query Instance Cost: 1145861.65
2024-04-17 18:02 | INFO | Timeout limit is increased to 3400
2024-04-17 18:02 | INFO | Query 64 Size of the uncertainty table is = 286/2154
2024-04-17 18:02 | INFO | Query 64 Size of the filtered table is = 21
2024-04-17 18:02 | INFO | Query 64 Active Learning Random Query Runtime on Validation Set: 136351.17
2024-04-17 18:02 | INFO | Query 64 Active Learning Random Query Runtime on Test Set: 374458.52
2024-04-17 18:02 | INFO | Query 64 Active Learning Random Query Instance Cost: 1167661.91
2024-04-17 18:02 | INFO | Timeout limit is increased to 3500
2024-04-17 18:02 | INFO | Query 65 Size of the uncertainty table is = 280/2154
2024-04-17 18:02 | INFO | Query 65 Size of the filtered table is = 21
2024-04-17 18:02 | INFO | Query 65 Active Learning Random Query Runtime on Validation Set: 136351.17
2024-04-17 18:02 | INFO | Query 65 Active Learning Random Query Runtime on Test Set: 338763.77
2024-04-17 18:02 | INFO | Query 65 Active Learning Random Query Instance Cost: 1196250.11
2024-04-17 18:02 | INFO | Timeout limit is increased to 3600
2024-04-17 18:02 | INFO | Query 66 Size of the uncertainty table is = 277/2154
2024-04-17 18:02 | INFO | Query 66 Size of the filtered table is = 21
2024-04-17 18:02 | INFO | Query 66 Active Learning Random Query Runtime on Validation Set: 136351.17
2024-04-17 18:02 | INFO | Query 66 Active Learning Random Query Runtime on Test Set: 302763.88
2024-04-17 18:02 | INFO | Query 66 Active Learning Random Query Instance Cost: 1220868.07
2024-04-17 18:02 | INFO | Timeout limit is increased to 3600
2024-04-17 18:02 | INFO | Query 67 Size of the uncertainty table is = 18/2154
2024-04-17 18:02 | INFO | Query 67 Size of the filtered table is = 18
2024-04-17 18:02 | INFO | Query 67 Active Learning Random Query Runtime on Validation Set: 136351.17
2024-04-17 18:02 | INFO | Query 67 Active Learning Random Query Runtime on Test Set: 412257.32
2024-04-17 18:02 | INFO | Query 67 Active Learning Random Query Instance Cost: 1221314.73
2024-04-17 18:02 | INFO | Timeout limit is increased to 3600
2024-04-17 18:02 | INFO | runtime_train_score is written as json file
2024-04-17 18:02 | INFO | runtime_test_score is written as json file
2024-04-17 18:02 | INFO | runtime_validation_score is written as json file
2024-04-17 18:02 | INFO | instance_cost is written as json file
2024-04-17 18:02 | INFO | Experiment is finished
