2024-04-17 18:12 | INFO | Paramaters are: {'dataset': 'MAXSAT12-PMS', 'penalty': 10, 'weight': 'No_Weight', 'voting': 'Hard', 'pre_selection_size': 64, 'pre_selection_technique': 'No_pre_selection', 'feature_elimination_threshold': 20, 'imputer_strategy': 'median', 'feature_selection_technique': 'No_feature_selection', 'feature_scaling_technique': 'StandardScaler', 'initial_train_size': 20, 'query_size': 1, 'timeout_predictor_usage': 'No', 'timeout_limit': 100, 'timeout_increase_rate': 100, 'RANDOM_STATE_SEED': 42, 'n_splits': 10, 'split_number': 3, 'max_timeout': 3600, 'param_grid': {'n_estimators': 100, 'criterion': 'gini', 'max_features': 'sqrt', 'max_depth': 2147483648, 'min_samples_split': 2, 'bootstrap': True}}
2024-04-17 18:12 | INFO | MAXSAT12-PMS is current dataset
2024-04-17 18:12 | INFO | DATASETS/MAXSAT12-PMS/algorithm_runs.csv is found
2024-04-17 18:12 | INFO | DATASETS/MAXSAT12-PMS/algorithm_runs.csv is finished
2024-04-17 18:12 | INFO | DATASETS/MAXSAT12-PMS/feature_values.csv is found
2024-04-17 18:12 | INFO | DATASETS/MAXSAT12-PMS/feature_values.csv is finished
2024-04-17 18:12 | INFO | DATASETS/MAXSAT12-PMS/feature_costs.csv is found
2024-04-17 18:12 | INFO | DATASETS/MAXSAT12-PMS/feature_costs.csv is finished
2024-04-17 18:12 | INFO | Feature cost of train set is 35.03
2024-04-17 18:13 | INFO | Initial Active Learning Random Query Runtime on Validation Set: 7452.99
2024-04-17 18:13 | INFO | Initial Active Learning Random Query Runtime on Test Set: 4189.61
2024-04-17 18:13 | INFO | Initial Active Learning Random Query Instance Cost: 6287.95
2024-04-17 18:13 | INFO | Bin size = 77
2024-04-17 18:13 | INFO | Query 1 Size of the uncertainty table is = 7841/7755
2024-04-17 18:13 | INFO | Query 1 Size of the filtered table is = 77
2024-04-17 18:13 | INFO | Query 1 Active Learning Random Query Runtime on Validation Set: 7456.46
2024-04-17 18:13 | INFO | Query 1 Active Learning Random Query Runtime on Test Set: 4225.39
2024-04-17 18:13 | INFO | Query 1 Active Learning Random Query Instance Cost: 13334.84
2024-04-17 18:13 | INFO | Timeout limit is increased to 200
2024-04-17 18:13 | INFO | Query 2 Size of the uncertainty table is = 7779/7755
2024-04-17 18:13 | INFO | Query 2 Size of the filtered table is = 77
2024-04-17 18:14 | INFO | Query 2 Active Learning Random Query Runtime on Validation Set: 261199.74
2024-04-17 18:14 | INFO | Query 2 Active Learning Random Query Runtime on Test Set: 110090.0
2024-04-17 18:14 | INFO | Query 2 Active Learning Random Query Instance Cost: 25667.96
2024-04-17 18:14 | INFO | Timeout limit is increased to 300
2024-04-17 18:14 | INFO | Query 3 Size of the uncertainty table is = 7691/7755
2024-04-17 18:14 | INFO | Query 3 Size of the filtered table is = 77
2024-04-17 18:14 | INFO | Query 3 Active Learning Random Query Runtime on Validation Set: 261170.96
2024-04-17 18:14 | INFO | Query 3 Active Learning Random Query Runtime on Test Set: 74172.39
2024-04-17 18:14 | INFO | Query 3 Active Learning Random Query Instance Cost: 40671.6
2024-04-17 18:14 | INFO | Query 4 Size of the uncertainty table is = 7582/7755
2024-04-17 18:14 | INFO | Query 4 Size of the filtered table is = 77
2024-04-17 18:15 | INFO | Query 4 Active Learning Random Query Runtime on Validation Set: 261204.32
2024-04-17 18:15 | INFO | Query 4 Active Learning Random Query Runtime on Test Set: 38809.44
2024-04-17 18:15 | INFO | Query 4 Active Learning Random Query Instance Cost: 58667.57
2024-04-17 18:15 | INFO | Timeout limit is increased to 400
2024-04-17 18:15 | INFO | Query 5 Size of the uncertainty table is = 7455/7755
2024-04-17 18:15 | INFO | Query 5 Size of the filtered table is = 77
2024-04-17 18:15 | INFO | Query 5 Active Learning Random Query Runtime on Validation Set: 261376.35
2024-04-17 18:15 | INFO | Query 5 Active Learning Random Query Runtime on Test Set: 39558.64
2024-04-17 18:15 | INFO | Query 5 Active Learning Random Query Instance Cost: 82167.27
2024-04-17 18:15 | INFO | Timeout limit is increased to 500
2024-04-17 18:15 | INFO | Query 6 Size of the uncertainty table is = 7305/7755
2024-04-17 18:15 | INFO | Query 6 Size of the filtered table is = 77
2024-04-17 18:16 | INFO | Query 6 Active Learning Random Query Runtime on Validation Set: 261429.16
2024-04-17 18:16 | INFO | Query 6 Active Learning Random Query Runtime on Test Set: 74779.05
2024-04-17 18:16 | INFO | Query 6 Active Learning Random Query Instance Cost: 104322.02
2024-04-17 18:16 | INFO | Timeout limit is increased to 600
2024-04-17 18:16 | INFO | Query 7 Size of the uncertainty table is = 7138/7755
2024-04-17 18:16 | INFO | Query 7 Size of the filtered table is = 77
2024-04-17 18:16 | INFO | Query 7 Active Learning Random Query Runtime on Validation Set: 7635.57
2024-04-17 18:16 | INFO | Query 7 Active Learning Random Query Runtime on Test Set: 75549.11
2024-04-17 18:16 | INFO | Query 7 Active Learning Random Query Instance Cost: 136681.42
2024-04-17 18:16 | INFO | Query 8 Size of the uncertainty table is = 6982/7755
2024-04-17 18:16 | INFO | Query 8 Size of the filtered table is = 77
2024-04-17 18:17 | INFO | Query 8 Active Learning Random Query Runtime on Validation Set: 7655.35
2024-04-17 18:17 | INFO | Query 8 Active Learning Random Query Runtime on Test Set: 39588.11
2024-04-17 18:17 | INFO | Query 8 Active Learning Random Query Instance Cost: 169255.49
2024-04-17 18:17 | INFO | Timeout limit is increased to 700
2024-04-17 18:17 | INFO | Query 9 Size of the uncertainty table is = 6792/7755
2024-04-17 18:17 | INFO | Query 9 Size of the filtered table is = 77
2024-04-17 18:17 | INFO | Query 9 Active Learning Random Query Runtime on Validation Set: 7656.32
2024-04-17 18:17 | INFO | Query 9 Active Learning Random Query Runtime on Test Set: 75695.43
2024-04-17 18:17 | INFO | Query 9 Active Learning Random Query Instance Cost: 202848.85
2024-04-17 18:17 | INFO | Timeout limit is increased to 800
2024-04-17 18:17 | INFO | Query 10 Size of the uncertainty table is = 6623/7755
2024-04-17 18:17 | INFO | Query 10 Size of the filtered table is = 77
2024-04-17 18:18 | INFO | Query 10 Active Learning Random Query Runtime on Validation Set: 7612.04
2024-04-17 18:18 | INFO | Query 10 Active Learning Random Query Runtime on Test Set: 75696.52
2024-04-17 18:18 | INFO | Query 10 Active Learning Random Query Instance Cost: 250956.63
2024-04-17 18:18 | INFO | Query 11 Size of the uncertainty table is = 6453/7755
2024-04-17 18:18 | INFO | Query 11 Size of the filtered table is = 77
2024-04-17 18:18 | INFO | Query 11 Active Learning Random Query Runtime on Validation Set: 9555.65
2024-04-17 18:18 | INFO | Query 11 Active Learning Random Query Runtime on Test Set: 111062.68
2024-04-17 18:18 | INFO | Query 11 Active Learning Random Query Instance Cost: 275961.45
2024-04-17 18:18 | INFO | Timeout limit is increased to 900
2024-04-17 18:18 | INFO | Query 12 Size of the uncertainty table is = 6266/7755
2024-04-17 18:18 | INFO | Query 12 Size of the filtered table is = 77
2024-04-17 18:19 | INFO | Query 12 Active Learning Random Query Runtime on Validation Set: 7562.85
2024-04-17 18:19 | INFO | Query 12 Active Learning Random Query Runtime on Test Set: 75596.19
2024-04-17 18:19 | INFO | Query 12 Active Learning Random Query Instance Cost: 315403.17
2024-04-17 18:19 | INFO | Query 13 Size of the uncertainty table is = 6056/7755
2024-04-17 18:19 | INFO | Query 13 Size of the filtered table is = 77
2024-04-17 18:19 | INFO | Query 13 Active Learning Random Query Runtime on Validation Set: 7698.83
2024-04-17 18:19 | INFO | Query 13 Active Learning Random Query Runtime on Test Set: 75598.02
2024-04-17 18:19 | INFO | Query 13 Active Learning Random Query Instance Cost: 363871.7
2024-04-17 18:19 | INFO | Timeout limit is increased to 1000
2024-04-17 18:19 | INFO | Query 14 Size of the uncertainty table is = 5837/7755
2024-04-17 18:19 | INFO | Query 14 Size of the filtered table is = 77
2024-04-17 18:20 | INFO | Query 14 Active Learning Random Query Runtime on Validation Set: 7670.62
2024-04-17 18:20 | INFO | Query 14 Active Learning Random Query Runtime on Test Set: 3593.69
2024-04-17 18:20 | INFO | Query 14 Active Learning Random Query Instance Cost: 407558.97
2024-04-17 18:20 | INFO | Query 15 Size of the uncertainty table is = 5609/7755
2024-04-17 18:20 | INFO | Query 15 Size of the filtered table is = 77
2024-04-17 18:21 | INFO | Query 15 Active Learning Random Query Runtime on Validation Set: 7613.42
2024-04-17 18:21 | INFO | Query 15 Active Learning Random Query Runtime on Test Set: 3593.96
2024-04-17 18:21 | INFO | Query 15 Active Learning Random Query Instance Cost: 437861.23
2024-04-17 18:21 | INFO | Query 16 Size of the uncertainty table is = 5389/7755
2024-04-17 18:21 | INFO | Query 16 Size of the filtered table is = 77
2024-04-17 18:21 | INFO | Query 16 Active Learning Random Query Runtime on Validation Set: 80923.02
2024-04-17 18:21 | INFO | Query 16 Active Learning Random Query Runtime on Test Set: 39500.65
2024-04-17 18:21 | INFO | Query 16 Active Learning Random Query Instance Cost: 468974.29
2024-04-17 18:21 | INFO | Timeout limit is increased to 1100
2024-04-17 18:21 | INFO | Query 17 Size of the uncertainty table is = 5162/7755
2024-04-17 18:21 | INFO | Query 17 Size of the filtered table is = 77
2024-04-17 18:22 | INFO | Query 17 Active Learning Random Query Runtime on Validation Set: 190631.68
2024-04-17 18:22 | INFO | Query 17 Active Learning Random Query Runtime on Test Set: 39522.39
2024-04-17 18:22 | INFO | Query 17 Active Learning Random Query Instance Cost: 512694.7
2024-04-17 18:22 | INFO | Timeout limit is increased to 1200
2024-04-17 18:22 | INFO | Query 18 Size of the uncertainty table is = 4941/7755
2024-04-17 18:22 | INFO | Query 18 Size of the filtered table is = 77
2024-04-17 18:22 | INFO | Query 18 Active Learning Random Query Runtime on Validation Set: 298349.89
2024-04-17 18:22 | INFO | Query 18 Active Learning Random Query Runtime on Test Set: 75336.78
2024-04-17 18:22 | INFO | Query 18 Active Learning Random Query Instance Cost: 560292.37
2024-04-17 18:22 | INFO | Timeout limit is increased to 1300
2024-04-17 18:22 | INFO | Query 19 Size of the uncertainty table is = 4699/7755
2024-04-17 18:22 | INFO | Query 19 Size of the filtered table is = 77
2024-04-17 18:23 | INFO | Query 19 Active Learning Random Query Runtime on Validation Set: 151439.26
2024-04-17 18:23 | INFO | Query 19 Active Learning Random Query Runtime on Test Set: 3585.55
2024-04-17 18:23 | INFO | Query 19 Active Learning Random Query Instance Cost: 616171.24
2024-04-17 18:23 | INFO | Query 20 Size of the uncertainty table is = 4469/7755
2024-04-17 18:23 | INFO | Query 20 Size of the filtered table is = 77
2024-04-17 18:23 | INFO | Query 20 Active Learning Random Query Runtime on Validation Set: 79081.8
2024-04-17 18:23 | INFO | Query 20 Active Learning Random Query Runtime on Test Set: 75425.78
2024-04-17 18:23 | INFO | Query 20 Active Learning Random Query Instance Cost: 667927.67
2024-04-17 18:23 | INFO | Query 21 Size of the uncertainty table is = 4187/7755
2024-04-17 18:23 | INFO | Query 21 Size of the filtered table is = 77
2024-04-17 18:24 | INFO | Query 21 Active Learning Random Query Runtime on Validation Set: 7653.07
2024-04-17 18:24 | INFO | Query 21 Active Learning Random Query Runtime on Test Set: 3586.16
2024-04-17 18:24 | INFO | Query 21 Active Learning Random Query Instance Cost: 711928.43
2024-04-17 18:24 | INFO | Query 22 Size of the uncertainty table is = 3952/7755
2024-04-17 18:24 | INFO | Query 22 Size of the filtered table is = 77
2024-04-17 18:24 | INFO | Query 22 Active Learning Random Query Runtime on Validation Set: 7720.32
2024-04-17 18:24 | INFO | Query 22 Active Learning Random Query Runtime on Test Set: 39571.32
2024-04-17 18:24 | INFO | Query 22 Active Learning Random Query Instance Cost: 759869.59
2024-04-17 18:24 | INFO | Timeout limit is increased to 1400
2024-04-17 18:24 | INFO | Query 23 Size of the uncertainty table is = 3706/7755
2024-04-17 18:24 | INFO | Query 23 Size of the filtered table is = 77
2024-04-17 18:25 | INFO | Query 23 Active Learning Random Query Runtime on Validation Set: 190602.84
2024-04-17 18:25 | INFO | Query 23 Active Learning Random Query Runtime on Test Set: 75492.64
2024-04-17 18:25 | INFO | Query 23 Active Learning Random Query Instance Cost: 817664.59
2024-04-17 18:25 | INFO | Timeout limit is increased to 1500
2024-04-17 18:25 | INFO | Query 24 Size of the uncertainty table is = 3438/7755
2024-04-17 18:25 | INFO | Query 24 Size of the filtered table is = 77
2024-04-17 18:25 | INFO | Query 24 Active Learning Random Query Runtime on Validation Set: 154651.31
2024-04-17 18:25 | INFO | Query 24 Active Learning Random Query Runtime on Test Set: 39504.05
2024-04-17 18:25 | INFO | Query 24 Active Learning Random Query Instance Cost: 884001.07
2024-04-17 18:25 | INFO | Query 25 Size of the uncertainty table is = 3217/7755
2024-04-17 18:25 | INFO | Query 25 Size of the filtered table is = 77
2024-04-17 18:26 | INFO | Query 25 Active Learning Random Query Runtime on Validation Set: 7620.03
2024-04-17 18:26 | INFO | Query 25 Active Learning Random Query Runtime on Test Set: 3591.79
2024-04-17 18:26 | INFO | Query 25 Active Learning Random Query Instance Cost: 938557.79
2024-04-17 18:26 | INFO | Query 26 Size of the uncertainty table is = 2994/7755
2024-04-17 18:26 | INFO | Query 26 Size of the filtered table is = 77
2024-04-17 18:26 | INFO | Query 26 Active Learning Random Query Runtime on Validation Set: 7636.44
2024-04-17 18:26 | INFO | Query 26 Active Learning Random Query Runtime on Test Set: 3565.49
2024-04-17 18:26 | INFO | Query 26 Active Learning Random Query Instance Cost: 984072.83
2024-04-17 18:26 | INFO | Timeout limit is increased to 1600
2024-04-17 18:26 | INFO | Query 27 Size of the uncertainty table is = 2769/7755
2024-04-17 18:26 | INFO | Query 27 Size of the filtered table is = 77
2024-04-17 18:27 | INFO | Query 27 Active Learning Random Query Runtime on Validation Set: 7636.44
2024-04-17 18:27 | INFO | Query 27 Active Learning Random Query Runtime on Test Set: 3565.51
2024-04-17 18:27 | INFO | Query 27 Active Learning Random Query Instance Cost: 1028687.12
2024-04-17 18:27 | INFO | Timeout limit is increased to 1700
2024-04-17 18:27 | INFO | Query 28 Size of the uncertainty table is = 2550/7755
2024-04-17 18:27 | INFO | Query 28 Size of the filtered table is = 77
2024-04-17 18:27 | INFO | Query 28 Active Learning Random Query Runtime on Validation Set: 7646.71
2024-04-17 18:27 | INFO | Query 28 Active Learning Random Query Runtime on Test Set: 3558.19
2024-04-17 18:27 | INFO | Query 28 Active Learning Random Query Instance Cost: 1087300.08
2024-04-17 18:27 | INFO | Timeout limit is increased to 1800
2024-04-17 18:27 | INFO | Query 29 Size of the uncertainty table is = 2307/7755
2024-04-17 18:27 | INFO | Query 29 Size of the filtered table is = 77
2024-04-17 18:28 | INFO | Query 29 Active Learning Random Query Runtime on Validation Set: 7618.75
2024-04-17 18:28 | INFO | Query 29 Active Learning Random Query Runtime on Test Set: 3602.07
2024-04-17 18:28 | INFO | Query 29 Active Learning Random Query Instance Cost: 1142655.85
2024-04-17 18:28 | INFO | Query 30 Size of the uncertainty table is = 2085/7755
2024-04-17 18:28 | INFO | Query 30 Size of the filtered table is = 77
2024-04-17 18:28 | INFO | Query 30 Active Learning Random Query Runtime on Validation Set: 7636.44
2024-04-17 18:28 | INFO | Query 30 Active Learning Random Query Runtime on Test Set: 3501.1
2024-04-17 18:28 | INFO | Query 30 Active Learning Random Query Instance Cost: 1217768.6
2024-04-17 18:28 | INFO | Timeout limit is increased to 1900
2024-04-17 18:28 | INFO | Query 31 Size of the uncertainty table is = 1900/7755
2024-04-17 18:28 | INFO | Query 31 Size of the filtered table is = 77
2024-04-17 18:29 | INFO | Query 31 Active Learning Random Query Runtime on Validation Set: 7637.53
2024-04-17 18:29 | INFO | Query 31 Active Learning Random Query Runtime on Test Set: 3579.32
2024-04-17 18:29 | INFO | Query 31 Active Learning Random Query Instance Cost: 1286870.15
2024-04-17 18:29 | INFO | Timeout limit is increased to 2000
2024-04-17 18:29 | INFO | Query 32 Size of the uncertainty table is = 1707/7755
2024-04-17 18:29 | INFO | Query 32 Size of the filtered table is = 77
2024-04-17 18:29 | INFO | Query 32 Active Learning Random Query Runtime on Validation Set: 190647.46
2024-04-17 18:29 | INFO | Query 32 Active Learning Random Query Runtime on Test Set: 39478.61
2024-04-17 18:29 | INFO | Query 32 Active Learning Random Query Instance Cost: 1369889.85
2024-04-17 18:29 | INFO | Timeout limit is increased to 2100
2024-04-17 18:29 | INFO | Query 33 Size of the uncertainty table is = 1567/7755
2024-04-17 18:29 | INFO | Query 33 Size of the filtered table is = 77
2024-04-17 18:30 | INFO | Query 33 Active Learning Random Query Runtime on Validation Set: 80898.95
2024-04-17 18:30 | INFO | Query 33 Active Learning Random Query Runtime on Test Set: 39392.94
2024-04-17 18:30 | INFO | Query 33 Active Learning Random Query Instance Cost: 1443746.91
2024-04-17 18:30 | INFO | Query 34 Size of the uncertainty table is = 1430/7755
2024-04-17 18:30 | INFO | Query 34 Size of the filtered table is = 77
2024-04-17 18:30 | INFO | Query 34 Active Learning Random Query Runtime on Validation Set: 7556.01
2024-04-17 18:30 | INFO | Query 34 Active Learning Random Query Runtime on Test Set: 3489.56
2024-04-17 18:30 | INFO | Query 34 Active Learning Random Query Instance Cost: 1510975.4
2024-04-17 18:30 | INFO | Query 35 Size of the uncertainty table is = 1298/7755
2024-04-17 18:30 | INFO | Query 35 Size of the filtered table is = 77
2024-04-17 18:31 | INFO | Query 35 Active Learning Random Query Runtime on Validation Set: 7552.53
2024-04-17 18:31 | INFO | Query 35 Active Learning Random Query Runtime on Test Set: 3507.85
2024-04-17 18:31 | INFO | Query 35 Active Learning Random Query Instance Cost: 1584017.97
2024-04-17 18:31 | INFO | Query 36 Size of the uncertainty table is = 1188/7755
2024-04-17 18:31 | INFO | Query 36 Size of the filtered table is = 77
2024-04-17 18:31 | INFO | Query 36 Active Learning Random Query Runtime on Validation Set: 190540.68
2024-04-17 18:31 | INFO | Query 36 Active Learning Random Query Runtime on Test Set: 39321.97
2024-04-17 18:31 | INFO | Query 36 Active Learning Random Query Instance Cost: 1648553.15
2024-04-17 18:31 | INFO | Timeout limit is increased to 2200
2024-04-17 18:31 | INFO | Query 37 Size of the uncertainty table is = 1086/7755
2024-04-17 18:31 | INFO | Query 37 Size of the filtered table is = 77
2024-04-17 18:32 | INFO | Query 37 Active Learning Random Query Runtime on Validation Set: 7530.74
2024-04-17 18:32 | INFO | Query 37 Active Learning Random Query Runtime on Test Set: 39618.8
2024-04-17 18:32 | INFO | Query 37 Active Learning Random Query Instance Cost: 1707580.28
2024-04-17 18:32 | INFO | Query 38 Size of the uncertainty table is = 989/7755
2024-04-17 18:32 | INFO | Query 38 Size of the filtered table is = 77
2024-04-17 18:32 | INFO | Query 38 Active Learning Random Query Runtime on Validation Set: 7575.09
2024-04-17 18:32 | INFO | Query 38 Active Learning Random Query Runtime on Test Set: 3519.45
2024-04-17 18:32 | INFO | Query 38 Active Learning Random Query Instance Cost: 1781056.16
2024-04-17 18:32 | INFO | Timeout limit is increased to 2300
2024-04-17 18:32 | INFO | Query 39 Size of the uncertainty table is = 950/7755
2024-04-17 18:32 | INFO | Query 39 Size of the filtered table is = 77
2024-04-17 18:33 | INFO | Query 39 Active Learning Random Query Runtime on Validation Set: 7554.87
2024-04-17 18:33 | INFO | Query 39 Active Learning Random Query Runtime on Test Set: 3498.29
2024-04-17 18:33 | INFO | Query 39 Active Learning Random Query Instance Cost: 1839471.2
2024-04-17 18:33 | INFO | Query 40 Size of the uncertainty table is = 915/7755
2024-04-17 18:33 | INFO | Query 40 Size of the filtered table is = 77
2024-04-17 18:33 | INFO | Query 40 Active Learning Random Query Runtime on Validation Set: 7554.87
2024-04-17 18:33 | INFO | Query 40 Active Learning Random Query Runtime on Test Set: 3417.32
2024-04-17 18:33 | INFO | Query 40 Active Learning Random Query Instance Cost: 1891145.06
2024-04-17 18:33 | INFO | Timeout limit is increased to 2400
2024-04-17 18:33 | INFO | Query 41 Size of the uncertainty table is = 884/7755
2024-04-17 18:33 | INFO | Query 41 Size of the filtered table is = 77
2024-04-17 18:34 | INFO | Query 41 Active Learning Random Query Runtime on Validation Set: 7554.85
2024-04-17 18:34 | INFO | Query 41 Active Learning Random Query Runtime on Test Set: 3499.67
2024-04-17 18:34 | INFO | Query 41 Active Learning Random Query Instance Cost: 1953663.93
2024-04-17 18:34 | INFO | Query 42 Size of the uncertainty table is = 872/7755
2024-04-17 18:34 | INFO | Query 42 Size of the filtered table is = 77
2024-04-17 18:34 | INFO | Query 42 Active Learning Random Query Runtime on Validation Set: 7554.85
2024-04-17 18:34 | INFO | Query 42 Active Learning Random Query Runtime on Test Set: 3499.25
2024-04-17 18:34 | INFO | Query 42 Active Learning Random Query Instance Cost: 1989143.98
2024-04-17 18:34 | INFO | Timeout limit is increased to 2500
2024-04-17 18:34 | INFO | Query 43 Size of the uncertainty table is = 854/7755
2024-04-17 18:34 | INFO | Query 43 Size of the filtered table is = 77
2024-04-17 18:35 | INFO | Query 43 Active Learning Random Query Runtime on Validation Set: 7554.85
2024-04-17 18:35 | INFO | Query 43 Active Learning Random Query Runtime on Test Set: 3499.67
2024-04-17 18:35 | INFO | Query 43 Active Learning Random Query Instance Cost: 2041510.69
2024-04-17 18:35 | INFO | Timeout limit is increased to 2600
2024-04-17 18:35 | INFO | Query 44 Size of the uncertainty table is = 842/7755
2024-04-17 18:35 | INFO | Query 44 Size of the filtered table is = 77
2024-04-17 18:35 | INFO | Query 44 Active Learning Random Query Runtime on Validation Set: 7554.85
2024-04-17 18:35 | INFO | Query 44 Active Learning Random Query Runtime on Test Set: 3490.12
2024-04-17 18:35 | INFO | Query 44 Active Learning Random Query Instance Cost: 2102511.43
2024-04-17 18:35 | INFO | Timeout limit is increased to 2700
2024-04-17 18:35 | INFO | Query 45 Size of the uncertainty table is = 830/7755
2024-04-17 18:35 | INFO | Query 45 Size of the filtered table is = 77
2024-04-17 18:36 | INFO | Query 45 Active Learning Random Query Runtime on Validation Set: 7554.85
2024-04-17 18:36 | INFO | Query 45 Active Learning Random Query Runtime on Test Set: 3499.27
2024-04-17 18:36 | INFO | Query 45 Active Learning Random Query Instance Cost: 2165113.61
2024-04-17 18:36 | INFO | Timeout limit is increased to 2800
2024-04-17 18:36 | INFO | Query 46 Size of the uncertainty table is = 825/7755
2024-04-17 18:36 | INFO | Query 46 Size of the filtered table is = 77
2024-04-17 18:36 | INFO | Query 46 Active Learning Random Query Runtime on Validation Set: 7554.85
2024-04-17 18:36 | INFO | Query 46 Active Learning Random Query Runtime on Test Set: 3499.27
2024-04-17 18:36 | INFO | Query 46 Active Learning Random Query Instance Cost: 2223113.61
2024-04-17 18:36 | INFO | Timeout limit is increased to 2900
2024-04-17 18:36 | INFO | Query 47 Size of the uncertainty table is = 825/7755
2024-04-17 18:36 | INFO | Query 47 Size of the filtered table is = 77
2024-04-17 18:37 | INFO | Query 47 Active Learning Random Query Runtime on Validation Set: 7554.87
2024-04-17 18:37 | INFO | Query 47 Active Learning Random Query Runtime on Test Set: 3499.27
2024-04-17 18:37 | INFO | Query 47 Active Learning Random Query Instance Cost: 2298013.68
2024-04-17 18:37 | INFO | Timeout limit is increased to 3000
2024-04-17 18:37 | INFO | Query 48 Size of the uncertainty table is = 817/7755
2024-04-17 18:37 | INFO | Query 48 Size of the filtered table is = 77
2024-04-17 18:37 | INFO | Query 48 Active Learning Random Query Runtime on Validation Set: 7554.87
2024-04-17 18:37 | INFO | Query 48 Active Learning Random Query Runtime on Test Set: 3499.27
2024-04-17 18:37 | INFO | Query 48 Active Learning Random Query Instance Cost: 2370213.68
2024-04-17 18:37 | INFO | Timeout limit is increased to 3100
2024-04-17 18:37 | INFO | Query 49 Size of the uncertainty table is = 817/7755
2024-04-17 18:37 | INFO | Query 49 Size of the filtered table is = 77
2024-04-17 18:38 | INFO | Query 49 Active Learning Random Query Runtime on Validation Set: 7554.87
2024-04-17 18:38 | INFO | Query 49 Active Learning Random Query Runtime on Test Set: 3499.27
2024-04-17 18:38 | INFO | Query 49 Active Learning Random Query Instance Cost: 2443413.68
2024-04-17 18:38 | INFO | Timeout limit is increased to 3200
2024-04-17 18:38 | INFO | Query 50 Size of the uncertainty table is = 817/7755
2024-04-17 18:38 | INFO | Query 50 Size of the filtered table is = 77
2024-04-17 18:38 | INFO | Query 50 Active Learning Random Query Runtime on Validation Set: 7554.87
2024-04-17 18:38 | INFO | Query 50 Active Learning Random Query Runtime on Test Set: 3499.27
2024-04-17 18:38 | INFO | Query 50 Active Learning Random Query Instance Cost: 2509658.97
2024-04-17 18:38 | INFO | Timeout limit is increased to 3300
2024-04-17 18:38 | INFO | Query 51 Size of the uncertainty table is = 815/7755
2024-04-17 18:38 | INFO | Query 51 Size of the filtered table is = 77
2024-04-17 18:39 | INFO | Query 51 Active Learning Random Query Runtime on Validation Set: 7554.87
2024-04-17 18:39 | INFO | Query 51 Active Learning Random Query Runtime on Test Set: 3499.27
2024-04-17 18:39 | INFO | Query 51 Active Learning Random Query Instance Cost: 2572158.97
2024-04-17 18:39 | INFO | Timeout limit is increased to 3400
2024-04-17 18:39 | INFO | Query 52 Size of the uncertainty table is = 815/7755
2024-04-17 18:39 | INFO | Query 52 Size of the filtered table is = 77
2024-04-17 18:39 | INFO | Query 52 Active Learning Random Query Runtime on Validation Set: 7554.87
2024-04-17 18:39 | INFO | Query 52 Active Learning Random Query Runtime on Test Set: 3499.27
2024-04-17 18:39 | INFO | Query 52 Active Learning Random Query Instance Cost: 2653258.97
2024-04-17 18:39 | INFO | Timeout limit is increased to 3500
2024-04-17 18:39 | INFO | Query 53 Size of the uncertainty table is = 815/7755
2024-04-17 18:39 | INFO | Query 53 Size of the filtered table is = 77
2024-04-17 18:40 | INFO | Query 53 Active Learning Random Query Runtime on Validation Set: 7554.87
2024-04-17 18:40 | INFO | Query 53 Active Learning Random Query Runtime on Test Set: 3499.27
2024-04-17 18:40 | INFO | Query 53 Active Learning Random Query Instance Cost: 2740058.97
2024-04-17 18:40 | INFO | Timeout limit is increased to 3600
2024-04-17 18:40 | INFO | Query 54 Size of the uncertainty table is = 815/7755
2024-04-17 18:40 | INFO | Query 54 Size of the filtered table is = 77
2024-04-17 18:40 | INFO | Query 54 Active Learning Random Query Runtime on Validation Set: 7554.87
2024-04-17 18:40 | INFO | Query 54 Active Learning Random Query Runtime on Test Set: 3499.27
2024-04-17 18:40 | INFO | Query 54 Active Learning Random Query Instance Cost: 2807158.97
2024-04-17 18:40 | INFO | Timeout limit is increased to 3600
2024-04-17 18:40 | INFO | runtime_train_score is written as json file
2024-04-17 18:40 | INFO | runtime_test_score is written as json file
2024-04-17 18:40 | INFO | runtime_validation_score is written as json file
2024-04-17 18:40 | INFO | instance_cost is written as json file
2024-04-17 18:40 | INFO | Experiment is finished
