2024-04-17 18:12 | INFO | Paramaters are: {'dataset': 'CSP-2010', 'penalty': 10, 'weight': 'No_Weight', 'voting': 'Hard', 'pre_selection_size': 64, 'pre_selection_technique': 'No_pre_selection', 'feature_elimination_threshold': 20, 'imputer_strategy': 'median', 'feature_selection_technique': 'No_feature_selection', 'feature_scaling_technique': 'StandardScaler', 'initial_train_size': 20, 'query_size': 1, 'timeout_predictor_usage': 'No', 'timeout_limit': 100, 'timeout_increase_rate': 100, 'RANDOM_STATE_SEED': 12345, 'n_splits': 10, 'split_number': 4, 'max_timeout': 3600, 'param_grid': {'n_estimators': 100, 'criterion': 'gini', 'max_features': 'sqrt', 'max_depth': 2147483648, 'min_samples_split': 2, 'bootstrap': True}}
2024-04-17 18:12 | INFO | CSP-2010 is current dataset
2024-04-17 18:12 | INFO | DATASETS/CSP-2010/algorithm_runs.csv is found
2024-04-17 18:12 | INFO | DATASETS/CSP-2010/algorithm_runs.csv is finished
2024-04-17 18:12 | INFO | DATASETS/CSP-2010/feature_values.csv is found
2024-04-17 18:12 | INFO | DATASETS/CSP-2010/feature_values.csv is finished
2024-04-17 18:12 | INFO | Feature cost of train set is 0
2024-04-17 18:12 | INFO | Initial Active Learning Random Query Runtime on Validation Set: 101213.64
2024-04-17 18:12 | INFO | Initial Active Learning Random Query Runtime on Test Set: 154717.58
2024-04-17 18:12 | INFO | Initial Active Learning Random Query Instance Cost: 140.81
2024-04-17 18:12 | INFO | Bin size = 12
2024-04-17 18:12 | INFO | Query 1 Size of the uncertainty table is = 1200/1200
2024-04-17 18:12 | INFO | Query 1 Size of the filtered table is = 12
2024-04-17 18:13 | INFO | Query 1 Active Learning Random Query Runtime on Validation Set: 96765.13
2024-04-17 18:13 | INFO | Query 1 Active Learning Random Query Runtime on Test Set: 50632.02
2024-04-17 18:13 | INFO | Query 1 Active Learning Random Query Instance Cost: 401.22
2024-04-17 18:13 | INFO | Query 2 Size of the uncertainty table is = 1188/1200
2024-04-17 18:13 | INFO | Query 2 Size of the filtered table is = 12
2024-04-17 18:13 | INFO | Query 2 Active Learning Random Query Runtime on Validation Set: 96765.13
2024-04-17 18:13 | INFO | Query 2 Active Learning Random Query Runtime on Test Set: 50632.08
2024-04-17 18:13 | INFO | Query 2 Active Learning Random Query Instance Cost: 638.11
2024-04-17 18:13 | INFO | Timeout limit is increased to 200
2024-04-17 18:13 | INFO | Query 3 Size of the uncertainty table is = 1176/1200
2024-04-17 18:13 | INFO | Query 3 Size of the filtered table is = 12
2024-04-17 18:13 | INFO | Query 3 Active Learning Random Query Runtime on Validation Set: 99671.31
2024-04-17 18:13 | INFO | Query 3 Active Learning Random Query Runtime on Test Set: 51030.46
2024-04-17 18:13 | INFO | Query 3 Active Learning Random Query Instance Cost: 856.88
2024-04-17 18:13 | INFO | Timeout limit is increased to 300
2024-04-17 18:13 | INFO | Query 4 Size of the uncertainty table is = 1164/1200
2024-04-17 18:13 | INFO | Query 4 Size of the filtered table is = 12
2024-04-17 18:13 | INFO | Query 4 Active Learning Random Query Runtime on Validation Set: 101215.86
2024-04-17 18:13 | INFO | Query 4 Active Learning Random Query Runtime on Test Set: 14891.44
2024-04-17 18:13 | INFO | Query 4 Active Learning Random Query Instance Cost: 864.59
2024-04-17 18:13 | INFO | Timeout limit is increased to 400
2024-04-17 18:13 | INFO | Query 5 Size of the uncertainty table is = 1152/1200
2024-04-17 18:13 | INFO | Query 5 Size of the filtered table is = 12
2024-04-17 18:13 | INFO | Query 5 Active Learning Random Query Runtime on Validation Set: 101213.64
2024-04-17 18:13 | INFO | Query 5 Active Learning Random Query Runtime on Test Set: 13211.95
2024-04-17 18:13 | INFO | Query 5 Active Learning Random Query Instance Cost: 2310.83
2024-04-17 18:13 | INFO | Query 6 Size of the uncertainty table is = 1140/1200
2024-04-17 18:13 | INFO | Query 6 Size of the filtered table is = 12
2024-04-17 18:13 | INFO | Query 6 Active Learning Random Query Runtime on Validation Set: 101213.64
2024-04-17 18:13 | INFO | Query 6 Active Learning Random Query Runtime on Test Set: 13211.99
2024-04-17 18:13 | INFO | Query 6 Active Learning Random Query Instance Cost: 3647.13
2024-04-17 18:13 | INFO | Timeout limit is increased to 500
2024-04-17 18:13 | INFO | Query 7 Size of the uncertainty table is = 1128/1200
2024-04-17 18:13 | INFO | Query 7 Size of the filtered table is = 12
2024-04-17 18:13 | INFO | Query 7 Active Learning Random Query Runtime on Validation Set: 101213.65
2024-04-17 18:13 | INFO | Query 7 Active Learning Random Query Runtime on Test Set: 13211.95
2024-04-17 18:13 | INFO | Query 7 Active Learning Random Query Instance Cost: 4225.37
2024-04-17 18:13 | INFO | Timeout limit is increased to 600
2024-04-17 18:13 | INFO | Query 8 Size of the uncertainty table is = 1116/1200
2024-04-17 18:13 | INFO | Query 8 Size of the filtered table is = 12
2024-04-17 18:13 | INFO | Query 8 Active Learning Random Query Runtime on Validation Set: 101213.65
2024-04-17 18:13 | INFO | Query 8 Active Learning Random Query Runtime on Test Set: 13211.95
2024-04-17 18:13 | INFO | Query 8 Active Learning Random Query Instance Cost: 7299.25
2024-04-17 18:13 | INFO | Timeout limit is increased to 700
2024-04-17 18:13 | INFO | Query 9 Size of the uncertainty table is = 1106/1200
2024-04-17 18:13 | INFO | Query 9 Size of the filtered table is = 12
2024-04-17 18:13 | INFO | Query 9 Active Learning Random Query Runtime on Validation Set: 101213.59
2024-04-17 18:13 | INFO | Query 9 Active Learning Random Query Runtime on Test Set: 13211.95
2024-04-17 18:13 | INFO | Query 9 Active Learning Random Query Instance Cost: 8041.95
2024-04-17 18:13 | INFO | Query 10 Size of the uncertainty table is = 1094/1200
2024-04-17 18:13 | INFO | Query 10 Size of the filtered table is = 12
2024-04-17 18:13 | INFO | Query 10 Active Learning Random Query Runtime on Validation Set: 101213.6
2024-04-17 18:13 | INFO | Query 10 Active Learning Random Query Runtime on Test Set: 13211.95
2024-04-17 18:13 | INFO | Query 10 Active Learning Random Query Instance Cost: 8311.25
2024-04-17 18:13 | INFO | Timeout limit is increased to 800
2024-04-17 18:13 | INFO | Query 11 Size of the uncertainty table is = 1083/1200
2024-04-17 18:13 | INFO | Query 11 Size of the filtered table is = 12
2024-04-17 18:13 | INFO | Query 11 Active Learning Random Query Runtime on Validation Set: 101213.61
2024-04-17 18:13 | INFO | Query 11 Active Learning Random Query Runtime on Test Set: 13211.96
2024-04-17 18:13 | INFO | Query 11 Active Learning Random Query Instance Cost: 9147.58
2024-04-17 18:13 | INFO | Timeout limit is increased to 900
2024-04-17 18:13 | INFO | Query 12 Size of the uncertainty table is = 1071/1200
2024-04-17 18:13 | INFO | Query 12 Size of the filtered table is = 12
2024-04-17 18:13 | INFO | Query 12 Active Learning Random Query Runtime on Validation Set: 101215.86
2024-04-17 18:13 | INFO | Query 12 Active Learning Random Query Runtime on Test Set: 13210.3
2024-04-17 18:13 | INFO | Query 12 Active Learning Random Query Instance Cost: 13683.15
2024-04-17 18:13 | INFO | Timeout limit is increased to 1000
2024-04-17 18:13 | INFO | Query 13 Size of the uncertainty table is = 1060/1200
2024-04-17 18:13 | INFO | Query 13 Size of the filtered table is = 12
2024-04-17 18:13 | INFO | Query 13 Active Learning Random Query Runtime on Validation Set: 101213.61
2024-04-17 18:13 | INFO | Query 13 Active Learning Random Query Runtime on Test Set: 13211.95
2024-04-17 18:13 | INFO | Query 13 Active Learning Random Query Instance Cost: 16210.97
2024-04-17 18:13 | INFO | Query 14 Size of the uncertainty table is = 1048/1200
2024-04-17 18:13 | INFO | Query 14 Size of the filtered table is = 12
2024-04-17 18:13 | INFO | Query 14 Active Learning Random Query Runtime on Validation Set: 101213.6
2024-04-17 18:13 | INFO | Query 14 Active Learning Random Query Runtime on Test Set: 13210.29
2024-04-17 18:13 | INFO | Query 14 Active Learning Random Query Instance Cost: 16250.44
2024-04-17 18:13 | INFO | Query 15 Size of the uncertainty table is = 1036/1200
2024-04-17 18:13 | INFO | Query 15 Size of the filtered table is = 12
2024-04-17 18:14 | INFO | Query 15 Active Learning Random Query Runtime on Validation Set: 101215.86
2024-04-17 18:14 | INFO | Query 15 Active Learning Random Query Runtime on Test Set: 13210.29
2024-04-17 18:14 | INFO | Query 15 Active Learning Random Query Instance Cost: 16322.73
2024-04-17 18:14 | INFO | Timeout limit is increased to 1100
2024-04-17 18:14 | INFO | Query 16 Size of the uncertainty table is = 1024/1200
2024-04-17 18:14 | INFO | Query 16 Size of the filtered table is = 12
2024-04-17 18:14 | INFO | Query 16 Active Learning Random Query Runtime on Validation Set: 101213.6
2024-04-17 18:14 | INFO | Query 16 Active Learning Random Query Runtime on Test Set: 13210.31
2024-04-17 18:14 | INFO | Query 16 Active Learning Random Query Instance Cost: 17006.49
2024-04-17 18:14 | INFO | Query 17 Size of the uncertainty table is = 1012/1200
2024-04-17 18:14 | INFO | Query 17 Size of the filtered table is = 12
2024-04-17 18:14 | INFO | Query 17 Active Learning Random Query Runtime on Validation Set: 101213.61
2024-04-17 18:14 | INFO | Query 17 Active Learning Random Query Runtime on Test Set: 13212.9
2024-04-17 18:14 | INFO | Query 17 Active Learning Random Query Instance Cost: 17773.72
2024-04-17 18:14 | INFO | Timeout limit is increased to 1200
2024-04-17 18:14 | INFO | Query 18 Size of the uncertainty table is = 1000/1200
2024-04-17 18:14 | INFO | Query 18 Size of the filtered table is = 12
2024-04-17 18:14 | INFO | Query 18 Active Learning Random Query Runtime on Validation Set: 101213.66
2024-04-17 18:14 | INFO | Query 18 Active Learning Random Query Runtime on Test Set: 13211.89
2024-04-17 18:14 | INFO | Query 18 Active Learning Random Query Instance Cost: 21657.48
2024-04-17 18:14 | INFO | Timeout limit is increased to 1300
2024-04-17 18:14 | INFO | Query 19 Size of the uncertainty table is = 989/1200
2024-04-17 18:14 | INFO | Query 19 Size of the filtered table is = 12
2024-04-17 18:14 | INFO | Query 19 Active Learning Random Query Runtime on Validation Set: 101213.61
2024-04-17 18:14 | INFO | Query 19 Active Learning Random Query Runtime on Test Set: 13212.09
2024-04-17 18:14 | INFO | Query 19 Active Learning Random Query Instance Cost: 26440.85
2024-04-17 18:14 | INFO | Query 20 Size of the uncertainty table is = 978/1200
2024-04-17 18:14 | INFO | Query 20 Size of the filtered table is = 12
2024-04-17 18:14 | INFO | Query 20 Active Learning Random Query Runtime on Validation Set: 101215.87
2024-04-17 18:14 | INFO | Query 20 Active Learning Random Query Runtime on Test Set: 13210.56
2024-04-17 18:14 | INFO | Query 20 Active Learning Random Query Instance Cost: 30125.9
2024-04-17 18:14 | INFO | Timeout limit is increased to 1400
2024-04-17 18:14 | INFO | Query 21 Size of the uncertainty table is = 966/1200
2024-04-17 18:14 | INFO | Query 21 Size of the filtered table is = 12
2024-04-17 18:14 | INFO | Query 21 Active Learning Random Query Runtime on Validation Set: 101213.64
2024-04-17 18:14 | INFO | Query 21 Active Learning Random Query Runtime on Test Set: 13212.81
2024-04-17 18:14 | INFO | Query 21 Active Learning Random Query Instance Cost: 32309.56
2024-04-17 18:14 | INFO | Query 22 Size of the uncertainty table is = 954/1200
2024-04-17 18:14 | INFO | Query 22 Size of the filtered table is = 12
2024-04-17 18:14 | INFO | Query 22 Active Learning Random Query Runtime on Validation Set: 101213.64
2024-04-17 18:14 | INFO | Query 22 Active Learning Random Query Runtime on Test Set: 13212.83
2024-04-17 18:14 | INFO | Query 22 Active Learning Random Query Instance Cost: 38260.07
2024-04-17 18:14 | INFO | Timeout limit is increased to 1500
2024-04-17 18:14 | INFO | Query 23 Size of the uncertainty table is = 942/1200
2024-04-17 18:14 | INFO | Query 23 Size of the filtered table is = 12
2024-04-17 18:14 | INFO | Query 23 Active Learning Random Query Runtime on Validation Set: 101213.64
2024-04-17 18:14 | INFO | Query 23 Active Learning Random Query Runtime on Test Set: 13211.95
2024-04-17 18:14 | INFO | Query 23 Active Learning Random Query Instance Cost: 41343.06
2024-04-17 18:14 | INFO | Timeout limit is increased to 1600
2024-04-17 18:14 | INFO | Query 24 Size of the uncertainty table is = 930/1200
2024-04-17 18:14 | INFO | Query 24 Size of the filtered table is = 12
2024-04-17 18:14 | INFO | Query 24 Active Learning Random Query Runtime on Validation Set: 101213.64
2024-04-17 18:14 | INFO | Query 24 Active Learning Random Query Runtime on Test Set: 13214.05
2024-04-17 18:14 | INFO | Query 24 Active Learning Random Query Instance Cost: 41348.96
2024-04-17 18:14 | INFO | Timeout limit is increased to 1700
2024-04-17 18:14 | INFO | Query 25 Size of the uncertainty table is = 918/1200
2024-04-17 18:14 | INFO | Query 25 Size of the filtered table is = 12
2024-04-17 18:14 | INFO | Query 25 Active Learning Random Query Runtime on Validation Set: 101213.64
2024-04-17 18:14 | INFO | Query 25 Active Learning Random Query Runtime on Test Set: 13211.99
2024-04-17 18:14 | INFO | Query 25 Active Learning Random Query Instance Cost: 42848.34
2024-04-17 18:14 | INFO | Timeout limit is increased to 1800
2024-04-17 18:14 | INFO | Query 26 Size of the uncertainty table is = 906/1200
2024-04-17 18:14 | INFO | Query 26 Size of the filtered table is = 12
2024-04-17 18:14 | INFO | Query 26 Active Learning Random Query Runtime on Validation Set: 101213.64
2024-04-17 18:14 | INFO | Query 26 Active Learning Random Query Runtime on Test Set: 13213.46
2024-04-17 18:14 | INFO | Query 26 Active Learning Random Query Instance Cost: 46540.21
2024-04-17 18:14 | INFO | Timeout limit is increased to 1900
2024-04-17 18:14 | INFO | Query 27 Size of the uncertainty table is = 894/1200
2024-04-17 18:14 | INFO | Query 27 Size of the filtered table is = 12
2024-04-17 18:14 | INFO | Query 27 Active Learning Random Query Runtime on Validation Set: 101213.64
2024-04-17 18:14 | INFO | Query 27 Active Learning Random Query Runtime on Test Set: 13214.54
2024-04-17 18:14 | INFO | Query 27 Active Learning Random Query Instance Cost: 50357.31
2024-04-17 18:14 | INFO | Timeout limit is increased to 2000
2024-04-17 18:14 | INFO | Query 28 Size of the uncertainty table is = 882/1200
2024-04-17 18:14 | INFO | Query 28 Size of the filtered table is = 12
2024-04-17 18:15 | INFO | Query 28 Active Learning Random Query Runtime on Validation Set: 101213.64
2024-04-17 18:15 | INFO | Query 28 Active Learning Random Query Runtime on Test Set: 13215.36
2024-04-17 18:15 | INFO | Query 28 Active Learning Random Query Instance Cost: 52393.94
2024-04-17 18:15 | INFO | Timeout limit is increased to 2100
2024-04-17 18:15 | INFO | Query 29 Size of the uncertainty table is = 870/1200
2024-04-17 18:15 | INFO | Query 29 Size of the filtered table is = 12
2024-04-17 18:15 | INFO | Query 29 Active Learning Random Query Runtime on Validation Set: 101213.64
2024-04-17 18:15 | INFO | Query 29 Active Learning Random Query Runtime on Test Set: 13213.69
2024-04-17 18:15 | INFO | Query 29 Active Learning Random Query Instance Cost: 64321.07
2024-04-17 18:15 | INFO | Timeout limit is increased to 2200
2024-04-17 18:15 | INFO | Query 30 Size of the uncertainty table is = 859/1200
2024-04-17 18:15 | INFO | Query 30 Size of the filtered table is = 12
2024-04-17 18:15 | INFO | Query 30 Active Learning Random Query Runtime on Validation Set: 101213.64
2024-04-17 18:15 | INFO | Query 30 Active Learning Random Query Runtime on Test Set: 13213.47
2024-04-17 18:15 | INFO | Query 30 Active Learning Random Query Instance Cost: 66572.74
2024-04-17 18:15 | INFO | Timeout limit is increased to 2300
2024-04-17 18:15 | INFO | Query 31 Size of the uncertainty table is = 847/1200
2024-04-17 18:15 | INFO | Query 31 Size of the filtered table is = 12
2024-04-17 18:15 | INFO | Query 31 Active Learning Random Query Runtime on Validation Set: 101213.64
2024-04-17 18:15 | INFO | Query 31 Active Learning Random Query Runtime on Test Set: 13213.46
2024-04-17 18:15 | INFO | Query 31 Active Learning Random Query Instance Cost: 71714.67
2024-04-17 18:15 | INFO | Timeout limit is increased to 2400
2024-04-17 18:15 | INFO | Query 32 Size of the uncertainty table is = 835/1200
2024-04-17 18:15 | INFO | Query 32 Size of the filtered table is = 12
2024-04-17 18:15 | INFO | Query 32 Active Learning Random Query Runtime on Validation Set: 101213.64
2024-04-17 18:15 | INFO | Query 32 Active Learning Random Query Runtime on Test Set: 13213.67
2024-04-17 18:15 | INFO | Query 32 Active Learning Random Query Instance Cost: 76929.36
2024-04-17 18:15 | INFO | Timeout limit is increased to 2500
2024-04-17 18:15 | INFO | Query 33 Size of the uncertainty table is = 824/1200
2024-04-17 18:15 | INFO | Query 33 Size of the filtered table is = 12
2024-04-17 18:15 | INFO | Query 33 Active Learning Random Query Runtime on Validation Set: 101213.64
2024-04-17 18:15 | INFO | Query 33 Active Learning Random Query Runtime on Test Set: 13214.33
2024-04-17 18:15 | INFO | Query 33 Active Learning Random Query Instance Cost: 77471.02
2024-04-17 18:15 | INFO | Timeout limit is increased to 2600
2024-04-17 18:15 | INFO | Query 34 Size of the uncertainty table is = 812/1200
2024-04-17 18:15 | INFO | Query 34 Size of the filtered table is = 12
2024-04-17 18:15 | INFO | Query 34 Active Learning Random Query Runtime on Validation Set: 101213.64
2024-04-17 18:15 | INFO | Query 34 Active Learning Random Query Runtime on Test Set: 13214.11
2024-04-17 18:15 | INFO | Query 34 Active Learning Random Query Instance Cost: 77492.95
2024-04-17 18:15 | INFO | Timeout limit is increased to 2700
2024-04-17 18:15 | INFO | Query 35 Size of the uncertainty table is = 800/1200
2024-04-17 18:15 | INFO | Query 35 Size of the filtered table is = 12
2024-04-17 18:15 | INFO | Query 35 Active Learning Random Query Runtime on Validation Set: 96764.79
2024-04-17 18:15 | INFO | Query 35 Active Learning Random Query Runtime on Test Set: 13213.49
2024-04-17 18:15 | INFO | Query 35 Active Learning Random Query Instance Cost: 87763.09
2024-04-17 18:15 | INFO | Query 36 Size of the uncertainty table is = 789/1200
2024-04-17 18:15 | INFO | Query 36 Size of the filtered table is = 12
2024-04-17 18:15 | INFO | Query 36 Active Learning Random Query Runtime on Validation Set: 101213.64
2024-04-17 18:15 | INFO | Query 36 Active Learning Random Query Runtime on Test Set: 13213.45
2024-04-17 18:15 | INFO | Query 36 Active Learning Random Query Instance Cost: 87786.8
2024-04-17 18:15 | INFO | Timeout limit is increased to 2800
2024-04-17 18:15 | INFO | Query 37 Size of the uncertainty table is = 777/1200
2024-04-17 18:15 | INFO | Query 37 Size of the filtered table is = 12
2024-04-17 18:15 | INFO | Query 37 Active Learning Random Query Runtime on Validation Set: 101213.64
2024-04-17 18:15 | INFO | Query 37 Active Learning Random Query Runtime on Test Set: 13213.47
2024-04-17 18:15 | INFO | Query 37 Active Learning Random Query Instance Cost: 96585.64
2024-04-17 18:15 | INFO | Timeout limit is increased to 2900
2024-04-17 18:15 | INFO | Query 38 Size of the uncertainty table is = 765/1200
2024-04-17 18:15 | INFO | Query 38 Size of the filtered table is = 12
2024-04-17 18:15 | INFO | Query 38 Active Learning Random Query Runtime on Validation Set: 96762.53
2024-04-17 18:15 | INFO | Query 38 Active Learning Random Query Runtime on Test Set: 13213.46
2024-04-17 18:15 | INFO | Query 38 Active Learning Random Query Instance Cost: 100657.0
2024-04-17 18:15 | INFO | Query 39 Size of the uncertainty table is = 753/1200
2024-04-17 18:15 | INFO | Query 39 Size of the filtered table is = 12
2024-04-17 18:15 | INFO | Query 39 Active Learning Random Query Runtime on Validation Set: 101213.64
2024-04-17 18:15 | INFO | Query 39 Active Learning Random Query Runtime on Test Set: 13213.47
2024-04-17 18:15 | INFO | Query 39 Active Learning Random Query Instance Cost: 106820.27
2024-04-17 18:15 | INFO | Timeout limit is increased to 3000
2024-04-17 18:15 | INFO | Query 40 Size of the uncertainty table is = 741/1200
2024-04-17 18:15 | INFO | Query 40 Size of the filtered table is = 12
2024-04-17 18:15 | INFO | Query 40 Active Learning Random Query Runtime on Validation Set: 101213.59
2024-04-17 18:15 | INFO | Query 40 Active Learning Random Query Runtime on Test Set: 13213.49
2024-04-17 18:15 | INFO | Query 40 Active Learning Random Query Instance Cost: 111291.21
2024-04-17 18:15 | INFO | Query 41 Size of the uncertainty table is = 730/1200
2024-04-17 18:15 | INFO | Query 41 Size of the filtered table is = 12
2024-04-17 18:15 | INFO | Query 41 Active Learning Random Query Runtime on Validation Set: 101213.64
2024-04-17 18:15 | INFO | Query 41 Active Learning Random Query Runtime on Test Set: 13213.46
2024-04-17 18:15 | INFO | Query 41 Active Learning Random Query Instance Cost: 123973.85
2024-04-17 18:15 | INFO | Timeout limit is increased to 3100
2024-04-17 18:15 | INFO | Query 42 Size of the uncertainty table is = 718/1200
2024-04-17 18:15 | INFO | Query 42 Size of the filtered table is = 12
2024-04-17 18:16 | INFO | Query 42 Active Learning Random Query Runtime on Validation Set: 101213.64
2024-04-17 18:16 | INFO | Query 42 Active Learning Random Query Runtime on Test Set: 13213.44
2024-04-17 18:16 | INFO | Query 42 Active Learning Random Query Instance Cost: 131222.32
2024-04-17 18:16 | INFO | Timeout limit is increased to 3200
2024-04-17 18:16 | INFO | Query 43 Size of the uncertainty table is = 706/1200
2024-04-17 18:16 | INFO | Query 43 Size of the filtered table is = 12
2024-04-17 18:16 | INFO | Query 43 Active Learning Random Query Runtime on Validation Set: 101213.64
2024-04-17 18:16 | INFO | Query 43 Active Learning Random Query Runtime on Test Set: 13213.53
2024-04-17 18:16 | INFO | Query 43 Active Learning Random Query Instance Cost: 131698.6
2024-04-17 18:16 | INFO | Timeout limit is increased to 3300
2024-04-17 18:16 | INFO | Query 44 Size of the uncertainty table is = 694/1200
2024-04-17 18:16 | INFO | Query 44 Size of the filtered table is = 12
2024-04-17 18:16 | INFO | Query 44 Active Learning Random Query Runtime on Validation Set: 101213.64
2024-04-17 18:16 | INFO | Query 44 Active Learning Random Query Runtime on Test Set: 13213.52
2024-04-17 18:16 | INFO | Query 44 Active Learning Random Query Instance Cost: 135085.49
2024-04-17 18:16 | INFO | Timeout limit is increased to 3400
2024-04-17 18:16 | INFO | Query 45 Size of the uncertainty table is = 682/1200
2024-04-17 18:16 | INFO | Query 45 Size of the filtered table is = 12
2024-04-17 18:16 | INFO | Query 45 Active Learning Random Query Runtime on Validation Set: 101213.64
2024-04-17 18:16 | INFO | Query 45 Active Learning Random Query Runtime on Test Set: 13213.6
2024-04-17 18:16 | INFO | Query 45 Active Learning Random Query Instance Cost: 135448.12
2024-04-17 18:16 | INFO | Timeout limit is increased to 3500
2024-04-17 18:16 | INFO | Query 46 Size of the uncertainty table is = 670/1200
2024-04-17 18:16 | INFO | Query 46 Size of the filtered table is = 12
2024-04-17 18:16 | INFO | Query 46 Active Learning Random Query Runtime on Validation Set: 101213.64
2024-04-17 18:16 | INFO | Query 46 Active Learning Random Query Runtime on Test Set: 13213.6
2024-04-17 18:16 | INFO | Query 46 Active Learning Random Query Instance Cost: 141766.91
2024-04-17 18:16 | INFO | Timeout limit is increased to 3600
2024-04-17 18:16 | INFO | Query 47 Size of the uncertainty table is = 658/1200
2024-04-17 18:16 | INFO | Query 47 Size of the filtered table is = 12
2024-04-17 18:16 | INFO | Query 47 Active Learning Random Query Runtime on Validation Set: 101213.64
2024-04-17 18:16 | INFO | Query 47 Active Learning Random Query Runtime on Test Set: 13213.46
2024-04-17 18:16 | INFO | Query 47 Active Learning Random Query Instance Cost: 141791.4
2024-04-17 18:16 | INFO | Timeout limit is increased to 3600
2024-04-17 18:16 | INFO | Query 48 Size of the uncertainty table is = 640/1200
2024-04-17 18:16 | INFO | Query 48 Size of the filtered table is = 12
2024-04-17 18:16 | INFO | Query 48 Active Learning Random Query Runtime on Validation Set: 101213.64
2024-04-17 18:16 | INFO | Query 48 Active Learning Random Query Runtime on Test Set: 13213.44
2024-04-17 18:16 | INFO | Query 48 Active Learning Random Query Instance Cost: 147388.69
2024-04-17 18:16 | INFO | Timeout limit is increased to 3600
2024-04-17 18:16 | INFO | Query 49 Size of the uncertainty table is = 628/1200
2024-04-17 18:16 | INFO | Query 49 Size of the filtered table is = 12
2024-04-17 18:16 | INFO | Query 49 Active Learning Random Query Runtime on Validation Set: 101213.64
2024-04-17 18:16 | INFO | Query 49 Active Learning Random Query Runtime on Test Set: 13213.5
2024-04-17 18:16 | INFO | Query 49 Active Learning Random Query Instance Cost: 147818.89
2024-04-17 18:16 | INFO | Timeout limit is increased to 3600
2024-04-17 18:16 | INFO | Query 50 Size of the uncertainty table is = 616/1200
2024-04-17 18:16 | INFO | Query 50 Size of the filtered table is = 12
2024-04-17 18:16 | INFO | Query 50 Active Learning Random Query Runtime on Validation Set: 101213.64
2024-04-17 18:16 | INFO | Query 50 Active Learning Random Query Runtime on Test Set: 13213.44
2024-04-17 18:16 | INFO | Query 50 Active Learning Random Query Instance Cost: 151749.83
2024-04-17 18:16 | INFO | Timeout limit is increased to 3600
2024-04-17 18:16 | INFO | Query 51 Size of the uncertainty table is = 604/1200
2024-04-17 18:16 | INFO | Query 51 Size of the filtered table is = 12
2024-04-17 18:16 | INFO | Query 51 Active Learning Random Query Runtime on Validation Set: 101213.64
2024-04-17 18:16 | INFO | Query 51 Active Learning Random Query Runtime on Test Set: 13213.43
2024-04-17 18:16 | INFO | Query 51 Active Learning Random Query Instance Cost: 155914.23
2024-04-17 18:16 | INFO | Timeout limit is increased to 3600
2024-04-17 18:16 | INFO | Query 52 Size of the uncertainty table is = 592/1200
2024-04-17 18:16 | INFO | Query 52 Size of the filtered table is = 12
2024-04-17 18:16 | INFO | Query 52 Active Learning Random Query Runtime on Validation Set: 101213.64
2024-04-17 18:16 | INFO | Query 52 Active Learning Random Query Runtime on Test Set: 13213.43
2024-04-17 18:16 | INFO | Query 52 Active Learning Random Query Instance Cost: 159606.42
2024-04-17 18:16 | INFO | Timeout limit is increased to 3600
2024-04-17 18:16 | INFO | Query 53 Size of the uncertainty table is = 580/1200
2024-04-17 18:16 | INFO | Query 53 Size of the filtered table is = 12
2024-04-17 18:16 | INFO | Query 53 Active Learning Random Query Runtime on Validation Set: 101213.64
2024-04-17 18:16 | INFO | Query 53 Active Learning Random Query Runtime on Test Set: 13213.57
2024-04-17 18:16 | INFO | Query 53 Active Learning Random Query Instance Cost: 174205.36
2024-04-17 18:16 | INFO | Timeout limit is increased to 3600
2024-04-17 18:16 | INFO | Query 54 Size of the uncertainty table is = 568/1200
2024-04-17 18:16 | INFO | Query 54 Size of the filtered table is = 12
2024-04-17 18:16 | INFO | Query 54 Active Learning Random Query Runtime on Validation Set: 101213.64
2024-04-17 18:16 | INFO | Query 54 Active Learning Random Query Runtime on Test Set: 13213.5
2024-04-17 18:16 | INFO | Query 54 Active Learning Random Query Instance Cost: 183307.63
2024-04-17 18:16 | INFO | Timeout limit is increased to 3600
2024-04-17 18:16 | INFO | Query 55 Size of the uncertainty table is = 556/1200
2024-04-17 18:16 | INFO | Query 55 Size of the filtered table is = 12
2024-04-17 18:17 | INFO | Query 55 Active Learning Random Query Runtime on Validation Set: 101213.64
2024-04-17 18:17 | INFO | Query 55 Active Learning Random Query Runtime on Test Set: 13214.15
2024-04-17 18:17 | INFO | Query 55 Active Learning Random Query Instance Cost: 205765.46
2024-04-17 18:17 | INFO | Timeout limit is increased to 3600
2024-04-17 18:17 | INFO | Query 56 Size of the uncertainty table is = 544/1200
2024-04-17 18:17 | INFO | Query 56 Size of the filtered table is = 12
2024-04-17 18:17 | INFO | Query 56 Active Learning Random Query Runtime on Validation Set: 101213.64
2024-04-17 18:17 | INFO | Query 56 Active Learning Random Query Runtime on Test Set: 13216.19
2024-04-17 18:17 | INFO | Query 56 Active Learning Random Query Instance Cost: 214970.62
2024-04-17 18:17 | INFO | Timeout limit is increased to 3600
2024-04-17 18:17 | INFO | Query 57 Size of the uncertainty table is = 532/1200
2024-04-17 18:17 | INFO | Query 57 Size of the filtered table is = 12
2024-04-17 18:17 | INFO | Query 57 Active Learning Random Query Runtime on Validation Set: 101213.64
2024-04-17 18:17 | INFO | Query 57 Active Learning Random Query Runtime on Test Set: 13214.15
2024-04-17 18:17 | INFO | Query 57 Active Learning Random Query Instance Cost: 219749.86
2024-04-17 18:17 | INFO | Timeout limit is increased to 3600
2024-04-17 18:17 | INFO | Query 58 Size of the uncertainty table is = 520/1200
2024-04-17 18:17 | INFO | Query 58 Size of the filtered table is = 12
2024-04-17 18:17 | INFO | Query 58 Active Learning Random Query Runtime on Validation Set: 101213.64
2024-04-17 18:17 | INFO | Query 58 Active Learning Random Query Runtime on Test Set: 13214.16
2024-04-17 18:17 | INFO | Query 58 Active Learning Random Query Instance Cost: 226361.79
2024-04-17 18:17 | INFO | Timeout limit is increased to 3600
2024-04-17 18:17 | INFO | Query 59 Size of the uncertainty table is = 508/1200
2024-04-17 18:17 | INFO | Query 59 Size of the filtered table is = 12
2024-04-17 18:17 | INFO | Query 59 Active Learning Random Query Runtime on Validation Set: 101213.64
2024-04-17 18:17 | INFO | Query 59 Active Learning Random Query Runtime on Test Set: 13213.5
2024-04-17 18:17 | INFO | Query 59 Active Learning Random Query Instance Cost: 233663.96
2024-04-17 18:17 | INFO | Timeout limit is increased to 3600
2024-04-17 18:17 | INFO | Query 60 Size of the uncertainty table is = 496/1200
2024-04-17 18:17 | INFO | Query 60 Size of the filtered table is = 12
2024-04-17 18:17 | INFO | Query 60 Active Learning Random Query Runtime on Validation Set: 101213.64
2024-04-17 18:17 | INFO | Query 60 Active Learning Random Query Runtime on Test Set: 13213.44
2024-04-17 18:17 | INFO | Query 60 Active Learning Random Query Instance Cost: 240133.98
2024-04-17 18:17 | INFO | Timeout limit is increased to 3600
2024-04-17 18:17 | INFO | Query 61 Size of the uncertainty table is = 484/1200
2024-04-17 18:17 | INFO | Query 61 Size of the filtered table is = 12
2024-04-17 18:17 | INFO | Query 61 Active Learning Random Query Runtime on Validation Set: 101213.64
2024-04-17 18:17 | INFO | Query 61 Active Learning Random Query Runtime on Test Set: 13213.44
2024-04-17 18:17 | INFO | Query 61 Active Learning Random Query Instance Cost: 247215.67
2024-04-17 18:17 | INFO | Timeout limit is increased to 3600
2024-04-17 18:17 | INFO | Query 62 Size of the uncertainty table is = 472/1200
2024-04-17 18:17 | INFO | Query 62 Size of the filtered table is = 12
2024-04-17 18:17 | INFO | Query 62 Active Learning Random Query Runtime on Validation Set: 101213.64
2024-04-17 18:17 | INFO | Query 62 Active Learning Random Query Runtime on Test Set: 13213.43
2024-04-17 18:17 | INFO | Query 62 Active Learning Random Query Instance Cost: 258242.03
2024-04-17 18:17 | INFO | Timeout limit is increased to 3600
2024-04-17 18:17 | INFO | Query 63 Size of the uncertainty table is = 460/1200
2024-04-17 18:17 | INFO | Query 63 Size of the filtered table is = 12
2024-04-17 18:17 | INFO | Query 63 Active Learning Random Query Runtime on Validation Set: 101213.64
2024-04-17 18:17 | INFO | Query 63 Active Learning Random Query Runtime on Test Set: 13213.43
2024-04-17 18:17 | INFO | Query 63 Active Learning Random Query Instance Cost: 262334.1
2024-04-17 18:17 | INFO | Timeout limit is increased to 3600
2024-04-17 18:17 | INFO | Query 64 Size of the uncertainty table is = 448/1200
2024-04-17 18:17 | INFO | Query 64 Size of the filtered table is = 12
2024-04-17 18:17 | INFO | Query 64 Active Learning Random Query Runtime on Validation Set: 101213.64
2024-04-17 18:17 | INFO | Query 64 Active Learning Random Query Runtime on Test Set: 13213.43
2024-04-17 18:17 | INFO | Query 64 Active Learning Random Query Instance Cost: 266319.67
2024-04-17 18:17 | INFO | Timeout limit is increased to 3600
2024-04-17 18:17 | INFO | Query 65 Size of the uncertainty table is = 436/1200
2024-04-17 18:17 | INFO | Query 65 Size of the filtered table is = 12
2024-04-17 18:17 | INFO | Query 65 Active Learning Random Query Runtime on Validation Set: 101213.64
2024-04-17 18:17 | INFO | Query 65 Active Learning Random Query Runtime on Test Set: 13213.43
2024-04-17 18:17 | INFO | Query 65 Active Learning Random Query Instance Cost: 285381.04
2024-04-17 18:17 | INFO | Timeout limit is increased to 3600
2024-04-17 18:17 | INFO | Query 66 Size of the uncertainty table is = 424/1200
2024-04-17 18:17 | INFO | Query 66 Size of the filtered table is = 12
2024-04-17 18:17 | INFO | Query 66 Active Learning Random Query Runtime on Validation Set: 101213.64
2024-04-17 18:17 | INFO | Query 66 Active Learning Random Query Runtime on Test Set: 13213.49
2024-04-17 18:17 | INFO | Query 66 Active Learning Random Query Instance Cost: 287817.0
2024-04-17 18:17 | INFO | Timeout limit is increased to 3600
2024-04-17 18:17 | INFO | Query 67 Size of the uncertainty table is = 412/1200
2024-04-17 18:17 | INFO | Query 67 Size of the filtered table is = 12
2024-04-17 18:17 | INFO | Query 67 Active Learning Random Query Runtime on Validation Set: 101213.64
2024-04-17 18:17 | INFO | Query 67 Active Learning Random Query Runtime on Test Set: 13213.43
2024-04-17 18:17 | INFO | Query 67 Active Learning Random Query Instance Cost: 291621.99
2024-04-17 18:17 | INFO | Timeout limit is increased to 3600
2024-04-17 18:17 | INFO | Query 68 Size of the uncertainty table is = 400/1200
2024-04-17 18:17 | INFO | Query 68 Size of the filtered table is = 12
2024-04-17 18:18 | INFO | Query 68 Active Learning Random Query Runtime on Validation Set: 101213.64
2024-04-17 18:18 | INFO | Query 68 Active Learning Random Query Runtime on Test Set: 13214.4
2024-04-17 18:18 | INFO | Query 68 Active Learning Random Query Instance Cost: 296085.41
2024-04-17 18:18 | INFO | Timeout limit is increased to 3600
2024-04-17 18:18 | INFO | Query 69 Size of the uncertainty table is = 388/1200
2024-04-17 18:18 | INFO | Query 69 Size of the filtered table is = 12
2024-04-17 18:18 | INFO | Query 69 Active Learning Random Query Runtime on Validation Set: 101213.64
2024-04-17 18:18 | INFO | Query 69 Active Learning Random Query Runtime on Test Set: 13211.61
2024-04-17 18:18 | INFO | Query 69 Active Learning Random Query Instance Cost: 303327.39
2024-04-17 18:18 | INFO | Timeout limit is increased to 3600
2024-04-17 18:18 | INFO | Query 70 Size of the uncertainty table is = 376/1200
2024-04-17 18:18 | INFO | Query 70 Size of the filtered table is = 12
2024-04-17 18:18 | INFO | Query 70 Active Learning Random Query Runtime on Validation Set: 101213.64
2024-04-17 18:18 | INFO | Query 70 Active Learning Random Query Runtime on Test Set: 13211.6
2024-04-17 18:18 | INFO | Query 70 Active Learning Random Query Instance Cost: 303348.85
2024-04-17 18:18 | INFO | Timeout limit is increased to 3600
2024-04-17 18:18 | INFO | Query 71 Size of the uncertainty table is = 364/1200
2024-04-17 18:18 | INFO | Query 71 Size of the filtered table is = 12
2024-04-17 18:18 | INFO | Query 71 Active Learning Random Query Runtime on Validation Set: 101213.64
2024-04-17 18:18 | INFO | Query 71 Active Learning Random Query Runtime on Test Set: 13213.48
2024-04-17 18:18 | INFO | Query 71 Active Learning Random Query Instance Cost: 306111.92
2024-04-17 18:18 | INFO | Timeout limit is increased to 3600
2024-04-17 18:18 | INFO | Query 72 Size of the uncertainty table is = 352/1200
2024-04-17 18:18 | INFO | Query 72 Size of the filtered table is = 12
2024-04-17 18:18 | INFO | Query 72 Active Learning Random Query Runtime on Validation Set: 101213.64
2024-04-17 18:18 | INFO | Query 72 Active Learning Random Query Runtime on Test Set: 13213.8
2024-04-17 18:18 | INFO | Query 72 Active Learning Random Query Instance Cost: 306117.42
2024-04-17 18:18 | INFO | Timeout limit is increased to 3600
2024-04-17 18:18 | INFO | Query 73 Size of the uncertainty table is = 340/1200
2024-04-17 18:18 | INFO | Query 73 Size of the filtered table is = 12
2024-04-17 18:18 | INFO | Query 73 Active Learning Random Query Runtime on Validation Set: 101213.64
2024-04-17 18:18 | INFO | Query 73 Active Learning Random Query Runtime on Test Set: 13213.79
2024-04-17 18:18 | INFO | Query 73 Active Learning Random Query Instance Cost: 315437.06
2024-04-17 18:18 | INFO | Timeout limit is increased to 3600
2024-04-17 18:18 | INFO | Query 74 Size of the uncertainty table is = 328/1200
2024-04-17 18:18 | INFO | Query 74 Size of the filtered table is = 12
2024-04-17 18:18 | INFO | Query 74 Active Learning Random Query Runtime on Validation Set: 101213.64
2024-04-17 18:18 | INFO | Query 74 Active Learning Random Query Runtime on Test Set: 13213.48
2024-04-17 18:18 | INFO | Query 74 Active Learning Random Query Instance Cost: 323728.56
2024-04-17 18:18 | INFO | Timeout limit is increased to 3600
2024-04-17 18:18 | INFO | Query 75 Size of the uncertainty table is = 316/1200
2024-04-17 18:18 | INFO | Query 75 Size of the filtered table is = 12
2024-04-17 18:18 | INFO | Query 75 Active Learning Random Query Runtime on Validation Set: 101213.64
2024-04-17 18:18 | INFO | Query 75 Active Learning Random Query Runtime on Test Set: 13211.59
2024-04-17 18:18 | INFO | Query 75 Active Learning Random Query Instance Cost: 323805.33
2024-04-17 18:18 | INFO | Timeout limit is increased to 3600
2024-04-17 18:18 | INFO | Query 76 Size of the uncertainty table is = 304/1200
2024-04-17 18:18 | INFO | Query 76 Size of the filtered table is = 12
2024-04-17 18:18 | INFO | Query 76 Active Learning Random Query Runtime on Validation Set: 101213.64
2024-04-17 18:18 | INFO | Query 76 Active Learning Random Query Runtime on Test Set: 13213.79
2024-04-17 18:18 | INFO | Query 76 Active Learning Random Query Instance Cost: 334759.97
2024-04-17 18:18 | INFO | Timeout limit is increased to 3600
2024-04-17 18:18 | INFO | Query 77 Size of the uncertainty table is = 292/1200
2024-04-17 18:18 | INFO | Query 77 Size of the filtered table is = 12
2024-04-17 18:18 | INFO | Query 77 Active Learning Random Query Runtime on Validation Set: 101213.64
2024-04-17 18:18 | INFO | Query 77 Active Learning Random Query Runtime on Test Set: 13211.74
2024-04-17 18:18 | INFO | Query 77 Active Learning Random Query Instance Cost: 355219.9
2024-04-17 18:18 | INFO | Timeout limit is increased to 3600
2024-04-17 18:18 | INFO | Query 78 Size of the uncertainty table is = 280/1200
2024-04-17 18:18 | INFO | Query 78 Size of the filtered table is = 12
2024-04-17 18:18 | INFO | Query 78 Active Learning Random Query Runtime on Validation Set: 101213.64
2024-04-17 18:18 | INFO | Query 78 Active Learning Random Query Runtime on Test Set: 13211.91
2024-04-17 18:18 | INFO | Query 78 Active Learning Random Query Instance Cost: 365557.81
2024-04-17 18:18 | INFO | Timeout limit is increased to 3600
2024-04-17 18:18 | INFO | Query 79 Size of the uncertainty table is = 268/1200
2024-04-17 18:18 | INFO | Query 79 Size of the filtered table is = 12
2024-04-17 18:18 | INFO | Query 79 Active Learning Random Query Runtime on Validation Set: 101213.64
2024-04-17 18:18 | INFO | Query 79 Active Learning Random Query Runtime on Test Set: 13213.8
2024-04-17 18:18 | INFO | Query 79 Active Learning Random Query Instance Cost: 373831.75
2024-04-17 18:18 | INFO | Timeout limit is increased to 3600
2024-04-17 18:18 | INFO | Query 80 Size of the uncertainty table is = 256/1200
2024-04-17 18:18 | INFO | Query 80 Size of the filtered table is = 12
2024-04-17 18:18 | INFO | Query 80 Active Learning Random Query Runtime on Validation Set: 101213.64
2024-04-17 18:18 | INFO | Query 80 Active Learning Random Query Runtime on Test Set: 13211.6
2024-04-17 18:18 | INFO | Query 80 Active Learning Random Query Instance Cost: 373841.97
2024-04-17 18:18 | INFO | Timeout limit is increased to 3600
2024-04-17 18:18 | INFO | Query 81 Size of the uncertainty table is = 244/1200
2024-04-17 18:18 | INFO | Query 81 Size of the filtered table is = 12
2024-04-17 18:19 | INFO | Query 81 Active Learning Random Query Runtime on Validation Set: 101213.64
2024-04-17 18:19 | INFO | Query 81 Active Learning Random Query Runtime on Test Set: 13213.48
2024-04-17 18:19 | INFO | Query 81 Active Learning Random Query Instance Cost: 384692.14
2024-04-17 18:19 | INFO | Timeout limit is increased to 3600
2024-04-17 18:19 | INFO | Query 82 Size of the uncertainty table is = 232/1200
2024-04-17 18:19 | INFO | Query 82 Size of the filtered table is = 12
2024-04-17 18:19 | INFO | Query 82 Active Learning Random Query Runtime on Validation Set: 101213.64
2024-04-17 18:19 | INFO | Query 82 Active Learning Random Query Runtime on Test Set: 13213.48
2024-04-17 18:19 | INFO | Query 82 Active Learning Random Query Instance Cost: 399182.17
2024-04-17 18:19 | INFO | Timeout limit is increased to 3600
2024-04-17 18:19 | INFO | Query 83 Size of the uncertainty table is = 220/1200
2024-04-17 18:19 | INFO | Query 83 Size of the filtered table is = 12
2024-04-17 18:19 | INFO | Query 83 Active Learning Random Query Runtime on Validation Set: 101213.64
2024-04-17 18:19 | INFO | Query 83 Active Learning Random Query Runtime on Test Set: 13213.48
2024-04-17 18:19 | INFO | Query 83 Active Learning Random Query Instance Cost: 406725.39
2024-04-17 18:19 | INFO | Timeout limit is increased to 3600
2024-04-17 18:19 | INFO | Query 84 Size of the uncertainty table is = 208/1200
2024-04-17 18:19 | INFO | Query 84 Size of the filtered table is = 12
2024-04-17 18:19 | INFO | Query 84 Active Learning Random Query Runtime on Validation Set: 101213.64
2024-04-17 18:19 | INFO | Query 84 Active Learning Random Query Runtime on Test Set: 13213.48
2024-04-17 18:19 | INFO | Query 84 Active Learning Random Query Instance Cost: 414214.09
2024-04-17 18:19 | INFO | Timeout limit is increased to 3600
2024-04-17 18:19 | INFO | Query 85 Size of the uncertainty table is = 196/1200
2024-04-17 18:19 | INFO | Query 85 Size of the filtered table is = 12
2024-04-17 18:19 | INFO | Query 85 Active Learning Random Query Runtime on Validation Set: 101213.64
2024-04-17 18:19 | INFO | Query 85 Active Learning Random Query Runtime on Test Set: 13214.47
2024-04-17 18:19 | INFO | Query 85 Active Learning Random Query Instance Cost: 419995.61
2024-04-17 18:19 | INFO | Timeout limit is increased to 3600
2024-04-17 18:19 | INFO | Query 86 Size of the uncertainty table is = 184/1200
2024-04-17 18:19 | INFO | Query 86 Size of the filtered table is = 12
2024-04-17 18:19 | INFO | Query 86 Active Learning Random Query Runtime on Validation Set: 101213.64
2024-04-17 18:19 | INFO | Query 86 Active Learning Random Query Runtime on Test Set: 13213.8
2024-04-17 18:19 | INFO | Query 86 Active Learning Random Query Instance Cost: 420459.34
2024-04-17 18:19 | INFO | Timeout limit is increased to 3600
2024-04-17 18:19 | INFO | Query 87 Size of the uncertainty table is = 172/1200
2024-04-17 18:19 | INFO | Query 87 Size of the filtered table is = 12
2024-04-17 18:19 | INFO | Query 87 Active Learning Random Query Runtime on Validation Set: 101213.64
2024-04-17 18:19 | INFO | Query 87 Active Learning Random Query Runtime on Test Set: 13213.94
2024-04-17 18:19 | INFO | Query 87 Active Learning Random Query Instance Cost: 428995.68
2024-04-17 18:19 | INFO | Timeout limit is increased to 3600
2024-04-17 18:19 | INFO | Query 88 Size of the uncertainty table is = 160/1200
2024-04-17 18:19 | INFO | Query 88 Size of the filtered table is = 12
2024-04-17 18:19 | INFO | Query 88 Active Learning Random Query Runtime on Validation Set: 101213.64
2024-04-17 18:19 | INFO | Query 88 Active Learning Random Query Runtime on Test Set: 13212.06
2024-04-17 18:19 | INFO | Query 88 Active Learning Random Query Instance Cost: 438299.55
2024-04-17 18:19 | INFO | Timeout limit is increased to 3600
2024-04-17 18:19 | INFO | Query 89 Size of the uncertainty table is = 148/1200
2024-04-17 18:19 | INFO | Query 89 Size of the filtered table is = 12
2024-04-17 18:19 | INFO | Query 89 Active Learning Random Query Runtime on Validation Set: 101213.64
2024-04-17 18:19 | INFO | Query 89 Active Learning Random Query Runtime on Test Set: 13213.49
2024-04-17 18:19 | INFO | Query 89 Active Learning Random Query Instance Cost: 444689.1
2024-04-17 18:19 | INFO | Timeout limit is increased to 3600
2024-04-17 18:19 | INFO | Query 90 Size of the uncertainty table is = 136/1200
2024-04-17 18:19 | INFO | Query 90 Size of the filtered table is = 12
2024-04-17 18:19 | INFO | Query 90 Active Learning Random Query Runtime on Validation Set: 101213.64
2024-04-17 18:19 | INFO | Query 90 Active Learning Random Query Runtime on Test Set: 13213.79
2024-04-17 18:19 | INFO | Query 90 Active Learning Random Query Instance Cost: 448344.43
2024-04-17 18:19 | INFO | Timeout limit is increased to 3600
2024-04-17 18:19 | INFO | Query 91 Size of the uncertainty table is = 124/1200
2024-04-17 18:19 | INFO | Query 91 Size of the filtered table is = 12
2024-04-17 18:19 | INFO | Query 91 Active Learning Random Query Runtime on Validation Set: 101213.64
2024-04-17 18:19 | INFO | Query 91 Active Learning Random Query Runtime on Test Set: 13213.94
2024-04-17 18:19 | INFO | Query 91 Active Learning Random Query Instance Cost: 456876.35
2024-04-17 18:19 | INFO | Timeout limit is increased to 3600
2024-04-17 18:19 | INFO | Query 92 Size of the uncertainty table is = 112/1200
2024-04-17 18:19 | INFO | Query 92 Size of the filtered table is = 12
2024-04-17 18:19 | INFO | Query 92 Active Learning Random Query Runtime on Validation Set: 101213.64
2024-04-17 18:19 | INFO | Query 92 Active Learning Random Query Runtime on Test Set: 13213.94
2024-04-17 18:19 | INFO | Query 92 Active Learning Random Query Instance Cost: 467839.21
2024-04-17 18:19 | INFO | Timeout limit is increased to 3600
2024-04-17 18:19 | INFO | Query 93 Size of the uncertainty table is = 100/1200
2024-04-17 18:19 | INFO | Query 93 Size of the filtered table is = 12
2024-04-17 18:20 | INFO | Query 93 Active Learning Random Query Runtime on Validation Set: 101213.64
2024-04-17 18:20 | INFO | Query 93 Active Learning Random Query Runtime on Test Set: 13211.99
2024-04-17 18:20 | INFO | Query 93 Active Learning Random Query Instance Cost: 467847.1
2024-04-17 18:20 | INFO | Timeout limit is increased to 3600
2024-04-17 18:20 | INFO | Query 94 Size of the uncertainty table is = 88/1200
2024-04-17 18:20 | INFO | Query 94 Size of the filtered table is = 12
2024-04-17 18:20 | INFO | Query 94 Active Learning Random Query Runtime on Validation Set: 101213.64
2024-04-17 18:20 | INFO | Query 94 Active Learning Random Query Runtime on Test Set: 13211.99
2024-04-17 18:20 | INFO | Query 94 Active Learning Random Query Instance Cost: 473369.67
2024-04-17 18:20 | INFO | Timeout limit is increased to 3600
2024-04-17 18:20 | INFO | Query 95 Size of the uncertainty table is = 76/1200
2024-04-17 18:20 | INFO | Query 95 Size of the filtered table is = 12
2024-04-17 18:20 | INFO | Query 95 Active Learning Random Query Runtime on Validation Set: 101213.64
2024-04-17 18:20 | INFO | Query 95 Active Learning Random Query Runtime on Test Set: 13212.05
2024-04-17 18:20 | INFO | Query 95 Active Learning Random Query Instance Cost: 479462.25
2024-04-17 18:20 | INFO | Timeout limit is increased to 3600
2024-04-17 18:20 | INFO | Query 96 Size of the uncertainty table is = 64/1200
2024-04-17 18:20 | INFO | Query 96 Size of the filtered table is = 12
2024-04-17 18:20 | INFO | Query 96 Active Learning Random Query Runtime on Validation Set: 101213.64
2024-04-17 18:20 | INFO | Query 96 Active Learning Random Query Runtime on Test Set: 13211.91
2024-04-17 18:20 | INFO | Query 96 Active Learning Random Query Instance Cost: 487772.81
2024-04-17 18:20 | INFO | Timeout limit is increased to 3600
2024-04-17 18:20 | INFO | Query 97 Size of the uncertainty table is = 52/1200
2024-04-17 18:20 | INFO | Query 97 Size of the filtered table is = 12
2024-04-17 18:20 | INFO | Query 97 Active Learning Random Query Runtime on Validation Set: 101213.64
2024-04-17 18:20 | INFO | Query 97 Active Learning Random Query Runtime on Test Set: 13211.85
2024-04-17 18:20 | INFO | Query 97 Active Learning Random Query Instance Cost: 499282.26
2024-04-17 18:20 | INFO | Timeout limit is increased to 3600
2024-04-17 18:20 | INFO | Query 98 Size of the uncertainty table is = 40/1200
2024-04-17 18:20 | INFO | Query 98 Size of the filtered table is = 12
2024-04-17 18:20 | INFO | Query 98 Active Learning Random Query Runtime on Validation Set: 101213.64
2024-04-17 18:20 | INFO | Query 98 Active Learning Random Query Runtime on Test Set: 13212.05
2024-04-17 18:20 | INFO | Query 98 Active Learning Random Query Instance Cost: 507229.81
2024-04-17 18:20 | INFO | Timeout limit is increased to 3600
2024-04-17 18:20 | INFO | Query 99 Size of the uncertainty table is = 28/1200
2024-04-17 18:20 | INFO | Query 99 Size of the filtered table is = 12
2024-04-17 18:20 | INFO | Query 99 Active Learning Random Query Runtime on Validation Set: 101213.64
2024-04-17 18:20 | INFO | Query 99 Active Learning Random Query Runtime on Test Set: 13211.99
2024-04-17 18:20 | INFO | Query 99 Active Learning Random Query Instance Cost: 514507.45
2024-04-17 18:20 | INFO | Timeout limit is increased to 3600
2024-04-17 18:20 | INFO | Query 100 Size of the uncertainty table is = 16/1200
2024-04-17 18:20 | INFO | Query 100 Size of the filtered table is = 12
2024-04-17 18:20 | INFO | Query 100 Active Learning Random Query Runtime on Validation Set: 101213.64
2024-04-17 18:20 | INFO | Query 100 Active Learning Random Query Runtime on Test Set: 13211.99
2024-04-17 18:20 | INFO | Query 100 Active Learning Random Query Instance Cost: 519685.79
2024-04-17 18:20 | INFO | Timeout limit is increased to 3600
2024-04-17 18:20 | INFO | Query 101 Size of the uncertainty table is = 4/1200
2024-04-17 18:20 | INFO | Query 101 Size of the filtered table is = 4
2024-04-17 18:20 | INFO | Query 101 Active Learning Random Query Runtime on Validation Set: 101213.64
2024-04-17 18:20 | INFO | Query 101 Active Learning Random Query Runtime on Test Set: 13213.73
2024-04-17 18:20 | INFO | Query 101 Active Learning Random Query Instance Cost: 519693.77
2024-04-17 18:20 | INFO | Timeout limit is increased to 3600
2024-04-17 18:20 | INFO | runtime_train_score is written as json file
2024-04-17 18:20 | INFO | runtime_test_score is written as json file
2024-04-17 18:20 | INFO | runtime_validation_score is written as json file
2024-04-17 18:20 | INFO | instance_cost is written as json file
2024-04-17 18:20 | INFO | Experiment is finished
