2024-04-17 18:03 | INFO | Paramaters are: {'dataset': 'CSP-2010', 'penalty': 10, 'weight': 'No_Weight', 'voting': 'Hard', 'pre_selection_size': 64, 'pre_selection_technique': 'No_pre_selection', 'feature_elimination_threshold': 20, 'imputer_strategy': 'median', 'feature_selection_technique': 'No_feature_selection', 'feature_scaling_technique': 'StandardScaler', 'initial_train_size': 20, 'query_size': 1, 'timeout_predictor_usage': 'No', 'timeout_limit': 100, 'timeout_increase_rate': 100, 'RANDOM_STATE_SEED': 7, 'n_splits': 10, 'split_number': 7, 'max_timeout': 3600, 'param_grid': {'n_estimators': 100, 'criterion': 'gini', 'max_features': 'sqrt', 'max_depth': 2147483648, 'min_samples_split': 2, 'bootstrap': True}}
2024-04-17 18:03 | INFO | CSP-2010 is current dataset
2024-04-17 18:03 | INFO | DATASETS/CSP-2010/algorithm_runs.csv is found
2024-04-17 18:03 | INFO | DATASETS/CSP-2010/algorithm_runs.csv is finished
2024-04-17 18:03 | INFO | DATASETS/CSP-2010/feature_values.csv is found
2024-04-17 18:03 | INFO | DATASETS/CSP-2010/feature_values.csv is finished
2024-04-17 18:03 | INFO | Feature cost of train set is 0
2024-04-17 18:03 | INFO | Initial Active Learning Random Query Runtime on Validation Set: 88614.73
2024-04-17 18:03 | INFO | Initial Active Learning Random Query Runtime on Test Set: 175279.22
2024-04-17 18:03 | INFO | Initial Active Learning Random Query Instance Cost: 617.32
2024-04-17 18:03 | INFO | Bin size = 12
2024-04-17 18:03 | INFO | Query 1 Size of the uncertainty table is = 1203/1201
2024-04-17 18:03 | INFO | Query 1 Size of the filtered table is = 12
2024-04-17 18:04 | INFO | Query 1 Active Learning Random Query Runtime on Validation Set: 84163.61
2024-04-17 18:04 | INFO | Query 1 Active Learning Random Query Runtime on Test Set: 175264.53
2024-04-17 18:04 | INFO | Query 1 Active Learning Random Query Instance Cost: 751.24
2024-04-17 18:04 | INFO | Query 2 Size of the uncertainty table is = 1191/1201
2024-04-17 18:04 | INFO | Query 2 Size of the filtered table is = 12
2024-04-17 18:04 | INFO | Query 2 Active Learning Random Query Runtime on Validation Set: 84163.62
2024-04-17 18:04 | INFO | Query 2 Active Learning Random Query Runtime on Test Set: 175258.22
2024-04-17 18:04 | INFO | Query 2 Active Learning Random Query Instance Cost: 930.81
2024-04-17 18:04 | INFO | Timeout limit is increased to 200
2024-04-17 18:04 | INFO | Query 3 Size of the uncertainty table is = 1179/1201
2024-04-17 18:04 | INFO | Query 3 Size of the filtered table is = 12
2024-04-17 18:04 | INFO | Query 3 Active Learning Random Query Runtime on Validation Set: 84163.62
2024-04-17 18:04 | INFO | Query 3 Active Learning Random Query Runtime on Test Set: 175258.22
2024-04-17 18:04 | INFO | Query 3 Active Learning Random Query Instance Cost: 1156.41
2024-04-17 18:04 | INFO | Timeout limit is increased to 300
2024-04-17 18:04 | INFO | Query 4 Size of the uncertainty table is = 1167/1201
2024-04-17 18:04 | INFO | Query 4 Size of the filtered table is = 12
2024-04-17 18:04 | INFO | Query 4 Active Learning Random Query Runtime on Validation Set: 84163.62
2024-04-17 18:04 | INFO | Query 4 Active Learning Random Query Runtime on Test Set: 175258.22
2024-04-17 18:04 | INFO | Query 4 Active Learning Random Query Instance Cost: 2193.62
2024-04-17 18:04 | INFO | Timeout limit is increased to 400
2024-04-17 18:04 | INFO | Query 5 Size of the uncertainty table is = 1155/1201
2024-04-17 18:04 | INFO | Query 5 Size of the filtered table is = 12
2024-04-17 18:04 | INFO | Query 5 Active Learning Random Query Runtime on Validation Set: 84163.62
2024-04-17 18:04 | INFO | Query 5 Active Learning Random Query Runtime on Test Set: 175258.47
2024-04-17 18:04 | INFO | Query 5 Active Learning Random Query Instance Cost: 3006.7
2024-04-17 18:04 | INFO | Timeout limit is increased to 500
2024-04-17 18:04 | INFO | Query 6 Size of the uncertainty table is = 1143/1201
2024-04-17 18:04 | INFO | Query 6 Size of the filtered table is = 12
2024-04-17 18:04 | INFO | Query 6 Active Learning Random Query Runtime on Validation Set: 84162.63
2024-04-17 18:04 | INFO | Query 6 Active Learning Random Query Runtime on Test Set: 104936.79
2024-04-17 18:04 | INFO | Query 6 Active Learning Random Query Instance Cost: 4996.41
2024-04-17 18:04 | INFO | Query 7 Size of the uncertainty table is = 1131/1201
2024-04-17 18:04 | INFO | Query 7 Size of the filtered table is = 12
2024-04-17 18:04 | INFO | Query 7 Active Learning Random Query Runtime on Validation Set: 84162.58
2024-04-17 18:04 | INFO | Query 7 Active Learning Random Query Runtime on Test Set: 175258.21
2024-04-17 18:04 | INFO | Query 7 Active Learning Random Query Instance Cost: 6738.34
2024-04-17 18:04 | INFO | Query 8 Size of the uncertainty table is = 1120/1201
2024-04-17 18:04 | INFO | Query 8 Size of the filtered table is = 12
2024-04-17 18:04 | INFO | Query 8 Active Learning Random Query Runtime on Validation Set: 84162.58
2024-04-17 18:04 | INFO | Query 8 Active Learning Random Query Runtime on Test Set: 175187.85
2024-04-17 18:04 | INFO | Query 8 Active Learning Random Query Instance Cost: 8380.4
2024-04-17 18:04 | INFO | Timeout limit is increased to 600
2024-04-17 18:04 | INFO | Query 9 Size of the uncertainty table is = 1109/1201
2024-04-17 18:04 | INFO | Query 9 Size of the filtered table is = 12
2024-04-17 18:04 | INFO | Query 9 Active Learning Random Query Runtime on Validation Set: 84163.24
2024-04-17 18:04 | INFO | Query 9 Active Learning Random Query Runtime on Test Set: 175187.83
2024-04-17 18:04 | INFO | Query 9 Active Learning Random Query Instance Cost: 8390.39
2024-04-17 18:04 | INFO | Timeout limit is increased to 700
2024-04-17 18:04 | INFO | Query 10 Size of the uncertainty table is = 1097/1201
2024-04-17 18:04 | INFO | Query 10 Size of the filtered table is = 12
2024-04-17 18:04 | INFO | Query 10 Active Learning Random Query Runtime on Validation Set: 84160.98
2024-04-17 18:04 | INFO | Query 10 Active Learning Random Query Runtime on Test Set: 104866.73
2024-04-17 18:04 | INFO | Query 10 Active Learning Random Query Instance Cost: 10608.71
2024-04-17 18:04 | INFO | Query 11 Size of the uncertainty table is = 1085/1201
2024-04-17 18:04 | INFO | Query 11 Size of the filtered table is = 12
2024-04-17 18:04 | INFO | Query 11 Active Learning Random Query Runtime on Validation Set: 84160.98
2024-04-17 18:04 | INFO | Query 11 Active Learning Random Query Runtime on Test Set: 175187.44
2024-04-17 18:04 | INFO | Query 11 Active Learning Random Query Instance Cost: 13733.11
2024-04-17 18:04 | INFO | Timeout limit is increased to 800
2024-04-17 18:04 | INFO | Query 12 Size of the uncertainty table is = 1073/1201
2024-04-17 18:04 | INFO | Query 12 Size of the filtered table is = 12
2024-04-17 18:04 | INFO | Query 12 Active Learning Random Query Runtime on Validation Set: 88616.0
2024-04-17 18:04 | INFO | Query 12 Active Learning Random Query Runtime on Test Set: 104866.72
2024-04-17 18:04 | INFO | Query 12 Active Learning Random Query Instance Cost: 18293.84
2024-04-17 18:04 | INFO | Timeout limit is increased to 900
2024-04-17 18:04 | INFO | Query 13 Size of the uncertainty table is = 1061/1201
2024-04-17 18:04 | INFO | Query 13 Size of the filtered table is = 12
2024-04-17 18:04 | INFO | Query 13 Active Learning Random Query Runtime on Validation Set: 84162.63
2024-04-17 18:04 | INFO | Query 13 Active Learning Random Query Runtime on Test Set: 104867.09
2024-04-17 18:04 | INFO | Query 13 Active Learning Random Query Instance Cost: 20574.22
2024-04-17 18:04 | INFO | Query 14 Size of the uncertainty table is = 1049/1201
2024-04-17 18:04 | INFO | Query 14 Size of the filtered table is = 12
2024-04-17 18:04 | INFO | Query 14 Active Learning Random Query Runtime on Validation Set: 84163.24
2024-04-17 18:04 | INFO | Query 14 Active Learning Random Query Runtime on Test Set: 104866.7
2024-04-17 18:04 | INFO | Query 14 Active Learning Random Query Instance Cost: 20584.78
2024-04-17 18:04 | INFO | Timeout limit is increased to 1000
2024-04-17 18:04 | INFO | Query 15 Size of the uncertainty table is = 1037/1201
2024-04-17 18:04 | INFO | Query 15 Size of the filtered table is = 12
2024-04-17 18:05 | INFO | Query 15 Active Learning Random Query Runtime on Validation Set: 84163.24
2024-04-17 18:05 | INFO | Query 15 Active Learning Random Query Runtime on Test Set: 103478.06
2024-04-17 18:05 | INFO | Query 15 Active Learning Random Query Instance Cost: 22687.44
2024-04-17 18:05 | INFO | Timeout limit is increased to 1100
2024-04-17 18:05 | INFO | Query 16 Size of the uncertainty table is = 1025/1201
2024-04-17 18:05 | INFO | Query 16 Size of the filtered table is = 12
2024-04-17 18:05 | INFO | Query 16 Active Learning Random Query Runtime on Validation Set: 84162.63
2024-04-17 18:05 | INFO | Query 16 Active Learning Random Query Runtime on Test Set: 103478.21
2024-04-17 18:05 | INFO | Query 16 Active Learning Random Query Instance Cost: 25270.85
2024-04-17 18:05 | INFO | Query 17 Size of the uncertainty table is = 1014/1201
2024-04-17 18:05 | INFO | Query 17 Size of the filtered table is = 12
2024-04-17 18:05 | INFO | Query 17 Active Learning Random Query Runtime on Validation Set: 84160.98
2024-04-17 18:05 | INFO | Query 17 Active Learning Random Query Runtime on Test Set: 103477.82
2024-04-17 18:05 | INFO | Query 17 Active Learning Random Query Instance Cost: 27645.59
2024-04-17 18:05 | INFO | Query 18 Size of the uncertainty table is = 1002/1201
2024-04-17 18:05 | INFO | Query 18 Size of the filtered table is = 12
2024-04-17 18:05 | INFO | Query 18 Active Learning Random Query Runtime on Validation Set: 84160.97
2024-04-17 18:05 | INFO | Query 18 Active Learning Random Query Runtime on Test Set: 103478.21
2024-04-17 18:05 | INFO | Query 18 Active Learning Random Query Instance Cost: 33710.22
2024-04-17 18:05 | INFO | Query 19 Size of the uncertainty table is = 990/1201
2024-04-17 18:05 | INFO | Query 19 Size of the filtered table is = 12
2024-04-17 18:05 | INFO | Query 19 Active Learning Random Query Runtime on Validation Set: 84162.57
2024-04-17 18:05 | INFO | Query 19 Active Learning Random Query Runtime on Test Set: 103477.83
2024-04-17 18:05 | INFO | Query 19 Active Learning Random Query Instance Cost: 36142.71
2024-04-17 18:05 | INFO | Timeout limit is increased to 1200
2024-04-17 18:05 | INFO | Query 20 Size of the uncertainty table is = 978/1201
2024-04-17 18:05 | INFO | Query 20 Size of the filtered table is = 12
2024-04-17 18:05 | INFO | Query 20 Active Learning Random Query Runtime on Validation Set: 84164.83
2024-04-17 18:05 | INFO | Query 20 Active Learning Random Query Runtime on Test Set: 103476.97
2024-04-17 18:05 | INFO | Query 20 Active Learning Random Query Instance Cost: 37450.98
2024-04-17 18:05 | INFO | Timeout limit is increased to 1300
2024-04-17 18:05 | INFO | Query 21 Size of the uncertainty table is = 966/1201
2024-04-17 18:05 | INFO | Query 21 Size of the filtered table is = 12
2024-04-17 18:05 | INFO | Query 21 Active Learning Random Query Runtime on Validation Set: 88613.74
2024-04-17 18:05 | INFO | Query 21 Active Learning Random Query Runtime on Test Set: 103478.08
2024-04-17 18:05 | INFO | Query 21 Active Learning Random Query Instance Cost: 42695.93
2024-04-17 18:05 | INFO | Timeout limit is increased to 1400
2024-04-17 18:05 | INFO | Query 22 Size of the uncertainty table is = 955/1201
2024-04-17 18:05 | INFO | Query 22 Size of the filtered table is = 12
2024-04-17 18:05 | INFO | Query 22 Active Learning Random Query Runtime on Validation Set: 88613.74
2024-04-17 18:05 | INFO | Query 22 Active Learning Random Query Runtime on Test Set: 137943.12
2024-04-17 18:05 | INFO | Query 22 Active Learning Random Query Instance Cost: 47979.22
2024-04-17 18:05 | INFO | Timeout limit is increased to 1500
2024-04-17 18:05 | INFO | Query 23 Size of the uncertainty table is = 943/1201
2024-04-17 18:05 | INFO | Query 23 Size of the filtered table is = 12
2024-04-17 18:05 | INFO | Query 23 Active Learning Random Query Runtime on Validation Set: 88613.74
2024-04-17 18:05 | INFO | Query 23 Active Learning Random Query Runtime on Test Set: 137942.96
2024-04-17 18:05 | INFO | Query 23 Active Learning Random Query Instance Cost: 49492.23
2024-04-17 18:05 | INFO | Timeout limit is increased to 1600
2024-04-17 18:05 | INFO | Query 24 Size of the uncertainty table is = 931/1201
2024-04-17 18:05 | INFO | Query 24 Size of the filtered table is = 12
2024-04-17 18:05 | INFO | Query 24 Active Learning Random Query Runtime on Validation Set: 88613.74
2024-04-17 18:05 | INFO | Query 24 Active Learning Random Query Runtime on Test Set: 103477.68
2024-04-17 18:05 | INFO | Query 24 Active Learning Random Query Instance Cost: 51272.26
2024-04-17 18:05 | INFO | Timeout limit is increased to 1700
2024-04-17 18:05 | INFO | Query 25 Size of the uncertainty table is = 919/1201
2024-04-17 18:05 | INFO | Query 25 Size of the filtered table is = 12
2024-04-17 18:05 | INFO | Query 25 Active Learning Random Query Runtime on Validation Set: 88613.72
2024-04-17 18:05 | INFO | Query 25 Active Learning Random Query Runtime on Test Set: 103477.68
2024-04-17 18:05 | INFO | Query 25 Active Learning Random Query Instance Cost: 53098.08
2024-04-17 18:05 | INFO | Query 26 Size of the uncertainty table is = 907/1201
2024-04-17 18:05 | INFO | Query 26 Size of the filtered table is = 12
2024-04-17 18:05 | INFO | Query 26 Active Learning Random Query Runtime on Validation Set: 88613.72
2024-04-17 18:05 | INFO | Query 26 Active Learning Random Query Runtime on Test Set: 103477.66
2024-04-17 18:05 | INFO | Query 26 Active Learning Random Query Instance Cost: 56565.27
2024-04-17 18:05 | INFO | Timeout limit is increased to 1800
2024-04-17 18:05 | INFO | Query 27 Size of the uncertainty table is = 895/1201
2024-04-17 18:05 | INFO | Query 27 Size of the filtered table is = 12
2024-04-17 18:05 | INFO | Query 27 Active Learning Random Query Runtime on Validation Set: 88613.72
2024-04-17 18:05 | INFO | Query 27 Active Learning Random Query Runtime on Test Set: 103477.66
2024-04-17 18:05 | INFO | Query 27 Active Learning Random Query Instance Cost: 60266.39
2024-04-17 18:05 | INFO | Timeout limit is increased to 1900
2024-04-17 18:05 | INFO | Query 28 Size of the uncertainty table is = 883/1201
2024-04-17 18:05 | INFO | Query 28 Size of the filtered table is = 12
2024-04-17 18:06 | INFO | Query 28 Active Learning Random Query Runtime on Validation Set: 88613.72
2024-04-17 18:06 | INFO | Query 28 Active Learning Random Query Runtime on Test Set: 103476.56
2024-04-17 18:06 | INFO | Query 28 Active Learning Random Query Instance Cost: 60387.13
2024-04-17 18:06 | INFO | Timeout limit is increased to 2000
2024-04-17 18:06 | INFO | Query 29 Size of the uncertainty table is = 871/1201
2024-04-17 18:06 | INFO | Query 29 Size of the filtered table is = 12
2024-04-17 18:06 | INFO | Query 29 Active Learning Random Query Runtime on Validation Set: 88613.72
2024-04-17 18:06 | INFO | Query 29 Active Learning Random Query Runtime on Test Set: 103476.4
2024-04-17 18:06 | INFO | Query 29 Active Learning Random Query Instance Cost: 63443.6
2024-04-17 18:06 | INFO | Timeout limit is increased to 2100
2024-04-17 18:06 | INFO | Query 30 Size of the uncertainty table is = 859/1201
2024-04-17 18:06 | INFO | Query 30 Size of the filtered table is = 12
2024-04-17 18:06 | INFO | Query 30 Active Learning Random Query Runtime on Validation Set: 88613.72
2024-04-17 18:06 | INFO | Query 30 Active Learning Random Query Runtime on Test Set: 103477.0
2024-04-17 18:06 | INFO | Query 30 Active Learning Random Query Instance Cost: 67741.32
2024-04-17 18:06 | INFO | Timeout limit is increased to 2200
2024-04-17 18:06 | INFO | Query 31 Size of the uncertainty table is = 847/1201
2024-04-17 18:06 | INFO | Query 31 Size of the filtered table is = 12
2024-04-17 18:06 | INFO | Query 31 Active Learning Random Query Runtime on Validation Set: 88613.72
2024-04-17 18:06 | INFO | Query 31 Active Learning Random Query Runtime on Test Set: 103477.53
2024-04-17 18:06 | INFO | Query 31 Active Learning Random Query Instance Cost: 74321.69
2024-04-17 18:06 | INFO | Timeout limit is increased to 2300
2024-04-17 18:06 | INFO | Query 32 Size of the uncertainty table is = 835/1201
2024-04-17 18:06 | INFO | Query 32 Size of the filtered table is = 12
2024-04-17 18:06 | INFO | Query 32 Active Learning Random Query Runtime on Validation Set: 88613.72
2024-04-17 18:06 | INFO | Query 32 Active Learning Random Query Runtime on Test Set: 103477.69
2024-04-17 18:06 | INFO | Query 32 Active Learning Random Query Instance Cost: 83559.4
2024-04-17 18:06 | INFO | Timeout limit is increased to 2400
2024-04-17 18:06 | INFO | Query 33 Size of the uncertainty table is = 823/1201
2024-04-17 18:06 | INFO | Query 33 Size of the filtered table is = 12
2024-04-17 18:06 | INFO | Query 33 Active Learning Random Query Runtime on Validation Set: 88613.72
2024-04-17 18:06 | INFO | Query 33 Active Learning Random Query Runtime on Test Set: 103477.52
2024-04-17 18:06 | INFO | Query 33 Active Learning Random Query Instance Cost: 85969.79
2024-04-17 18:06 | INFO | Timeout limit is increased to 2500
2024-04-17 18:06 | INFO | Query 34 Size of the uncertainty table is = 811/1201
2024-04-17 18:06 | INFO | Query 34 Size of the filtered table is = 12
2024-04-17 18:06 | INFO | Query 34 Active Learning Random Query Runtime on Validation Set: 88613.72
2024-04-17 18:06 | INFO | Query 34 Active Learning Random Query Runtime on Test Set: 103476.95
2024-04-17 18:06 | INFO | Query 34 Active Learning Random Query Instance Cost: 85996.53
2024-04-17 18:06 | INFO | Timeout limit is increased to 2600
2024-04-17 18:06 | INFO | Query 35 Size of the uncertainty table is = 799/1201
2024-04-17 18:06 | INFO | Query 35 Size of the filtered table is = 12
2024-04-17 18:06 | INFO | Query 35 Active Learning Random Query Runtime on Validation Set: 88613.72
2024-04-17 18:06 | INFO | Query 35 Active Learning Random Query Runtime on Test Set: 103476.42
2024-04-17 18:06 | INFO | Query 35 Active Learning Random Query Instance Cost: 86011.02
2024-04-17 18:06 | INFO | Timeout limit is increased to 2700
2024-04-17 18:06 | INFO | Query 36 Size of the uncertainty table is = 787/1201
2024-04-17 18:06 | INFO | Query 36 Size of the filtered table is = 12
2024-04-17 18:06 | INFO | Query 36 Active Learning Random Query Runtime on Validation Set: 88613.72
2024-04-17 18:06 | INFO | Query 36 Active Learning Random Query Runtime on Test Set: 103476.42
2024-04-17 18:06 | INFO | Query 36 Active Learning Random Query Instance Cost: 89885.7
2024-04-17 18:06 | INFO | Timeout limit is increased to 2800
2024-04-17 18:06 | INFO | Query 37 Size of the uncertainty table is = 775/1201
2024-04-17 18:06 | INFO | Query 37 Size of the filtered table is = 12
2024-04-17 18:06 | INFO | Query 37 Active Learning Random Query Runtime on Validation Set: 88613.72
2024-04-17 18:06 | INFO | Query 37 Active Learning Random Query Runtime on Test Set: 103476.42
2024-04-17 18:06 | INFO | Query 37 Active Learning Random Query Instance Cost: 92972.67
2024-04-17 18:06 | INFO | Timeout limit is increased to 2900
2024-04-17 18:06 | INFO | Query 38 Size of the uncertainty table is = 763/1201
2024-04-17 18:06 | INFO | Query 38 Size of the filtered table is = 12
2024-04-17 18:06 | INFO | Query 38 Active Learning Random Query Runtime on Validation Set: 88613.72
2024-04-17 18:06 | INFO | Query 38 Active Learning Random Query Runtime on Test Set: 103476.77
2024-04-17 18:06 | INFO | Query 38 Active Learning Random Query Instance Cost: 99436.13
2024-04-17 18:06 | INFO | Timeout limit is increased to 3000
2024-04-17 18:06 | INFO | Query 39 Size of the uncertainty table is = 751/1201
2024-04-17 18:06 | INFO | Query 39 Size of the filtered table is = 12
2024-04-17 18:06 | INFO | Query 39 Active Learning Random Query Runtime on Validation Set: 88613.72
2024-04-17 18:06 | INFO | Query 39 Active Learning Random Query Runtime on Test Set: 68927.17
2024-04-17 18:06 | INFO | Query 39 Active Learning Random Query Instance Cost: 107327.12
2024-04-17 18:06 | INFO | Timeout limit is increased to 3100
2024-04-17 18:06 | INFO | Query 40 Size of the uncertainty table is = 739/1201
2024-04-17 18:06 | INFO | Query 40 Size of the filtered table is = 12
2024-04-17 18:06 | INFO | Query 40 Active Learning Random Query Runtime on Validation Set: 88613.72
2024-04-17 18:06 | INFO | Query 40 Active Learning Random Query Runtime on Test Set: 68920.67
2024-04-17 18:06 | INFO | Query 40 Active Learning Random Query Instance Cost: 120412.57
2024-04-17 18:06 | INFO | Timeout limit is increased to 3200
2024-04-17 18:06 | INFO | Query 41 Size of the uncertainty table is = 727/1201
2024-04-17 18:06 | INFO | Query 41 Size of the filtered table is = 12
2024-04-17 18:06 | INFO | Query 41 Active Learning Random Query Runtime on Validation Set: 88613.72
2024-04-17 18:06 | INFO | Query 41 Active Learning Random Query Runtime on Test Set: 68920.65
2024-04-17 18:06 | INFO | Query 41 Active Learning Random Query Instance Cost: 127700.28
2024-04-17 18:06 | INFO | Timeout limit is increased to 3300
2024-04-17 18:06 | INFO | Query 42 Size of the uncertainty table is = 715/1201
2024-04-17 18:06 | INFO | Query 42 Size of the filtered table is = 12
2024-04-17 18:07 | INFO | Query 42 Active Learning Random Query Runtime on Validation Set: 88613.72
2024-04-17 18:07 | INFO | Query 42 Active Learning Random Query Runtime on Test Set: 68920.65
2024-04-17 18:07 | INFO | Query 42 Active Learning Random Query Instance Cost: 132807.31
2024-04-17 18:07 | INFO | Timeout limit is increased to 3400
2024-04-17 18:07 | INFO | Query 43 Size of the uncertainty table is = 703/1201
2024-04-17 18:07 | INFO | Query 43 Size of the filtered table is = 12
2024-04-17 18:07 | INFO | Query 43 Active Learning Random Query Runtime on Validation Set: 88613.72
2024-04-17 18:07 | INFO | Query 43 Active Learning Random Query Runtime on Test Set: 68920.65
2024-04-17 18:07 | INFO | Query 43 Active Learning Random Query Instance Cost: 137178.56
2024-04-17 18:07 | INFO | Timeout limit is increased to 3500
2024-04-17 18:07 | INFO | Query 44 Size of the uncertainty table is = 691/1201
2024-04-17 18:07 | INFO | Query 44 Size of the filtered table is = 12
2024-04-17 18:07 | INFO | Query 44 Active Learning Random Query Runtime on Validation Set: 88613.72
2024-04-17 18:07 | INFO | Query 44 Active Learning Random Query Runtime on Test Set: 68920.78
2024-04-17 18:07 | INFO | Query 44 Active Learning Random Query Instance Cost: 146263.94
2024-04-17 18:07 | INFO | Timeout limit is increased to 3600
2024-04-17 18:07 | INFO | Query 45 Size of the uncertainty table is = 679/1201
2024-04-17 18:07 | INFO | Query 45 Size of the filtered table is = 12
2024-04-17 18:07 | INFO | Query 45 Active Learning Random Query Runtime on Validation Set: 88613.72
2024-04-17 18:07 | INFO | Query 45 Active Learning Random Query Runtime on Test Set: 68920.67
2024-04-17 18:07 | INFO | Query 45 Active Learning Random Query Instance Cost: 149927.21
2024-04-17 18:07 | INFO | Timeout limit is increased to 3600
2024-04-17 18:07 | INFO | Query 46 Size of the uncertainty table is = 663/1201
2024-04-17 18:07 | INFO | Query 46 Size of the filtered table is = 12
2024-04-17 18:07 | INFO | Query 46 Active Learning Random Query Runtime on Validation Set: 88613.72
2024-04-17 18:07 | INFO | Query 46 Active Learning Random Query Runtime on Test Set: 68920.65
2024-04-17 18:07 | INFO | Query 46 Active Learning Random Query Instance Cost: 153563.87
2024-04-17 18:07 | INFO | Timeout limit is increased to 3600
2024-04-17 18:07 | INFO | Query 47 Size of the uncertainty table is = 651/1201
2024-04-17 18:07 | INFO | Query 47 Size of the filtered table is = 12
2024-04-17 18:07 | INFO | Query 47 Active Learning Random Query Runtime on Validation Set: 88613.72
2024-04-17 18:07 | INFO | Query 47 Active Learning Random Query Runtime on Test Set: 68920.71
2024-04-17 18:07 | INFO | Query 47 Active Learning Random Query Instance Cost: 164649.34
2024-04-17 18:07 | INFO | Timeout limit is increased to 3600
2024-04-17 18:07 | INFO | Query 48 Size of the uncertainty table is = 639/1201
2024-04-17 18:07 | INFO | Query 48 Size of the filtered table is = 12
2024-04-17 18:07 | INFO | Query 48 Active Learning Random Query Runtime on Validation Set: 88613.72
2024-04-17 18:07 | INFO | Query 48 Active Learning Random Query Runtime on Test Set: 103476.47
2024-04-17 18:07 | INFO | Query 48 Active Learning Random Query Instance Cost: 173769.77
2024-04-17 18:07 | INFO | Timeout limit is increased to 3600
2024-04-17 18:07 | INFO | Query 49 Size of the uncertainty table is = 627/1201
2024-04-17 18:07 | INFO | Query 49 Size of the filtered table is = 12
2024-04-17 18:07 | INFO | Query 49 Active Learning Random Query Runtime on Validation Set: 88613.72
2024-04-17 18:07 | INFO | Query 49 Active Learning Random Query Runtime on Test Set: 68920.69
2024-04-17 18:07 | INFO | Query 49 Active Learning Random Query Instance Cost: 173955.27
2024-04-17 18:07 | INFO | Timeout limit is increased to 3600
2024-04-17 18:07 | INFO | Query 50 Size of the uncertainty table is = 615/1201
2024-04-17 18:07 | INFO | Query 50 Size of the filtered table is = 12
2024-04-17 18:07 | INFO | Query 50 Active Learning Random Query Runtime on Validation Set: 88613.72
2024-04-17 18:07 | INFO | Query 50 Active Learning Random Query Runtime on Test Set: 68920.87
2024-04-17 18:07 | INFO | Query 50 Active Learning Random Query Instance Cost: 177737.52
2024-04-17 18:07 | INFO | Timeout limit is increased to 3600
2024-04-17 18:07 | INFO | Query 51 Size of the uncertainty table is = 603/1201
2024-04-17 18:07 | INFO | Query 51 Size of the filtered table is = 12
2024-04-17 18:07 | INFO | Query 51 Active Learning Random Query Runtime on Validation Set: 88613.72
2024-04-17 18:07 | INFO | Query 51 Active Learning Random Query Runtime on Test Set: 103476.46
2024-04-17 18:07 | INFO | Query 51 Active Learning Random Query Instance Cost: 185490.58
2024-04-17 18:07 | INFO | Timeout limit is increased to 3600
2024-04-17 18:07 | INFO | Query 52 Size of the uncertainty table is = 591/1201
2024-04-17 18:07 | INFO | Query 52 Size of the filtered table is = 12
2024-04-17 18:07 | INFO | Query 52 Active Learning Random Query Runtime on Validation Set: 88613.72
2024-04-17 18:07 | INFO | Query 52 Active Learning Random Query Runtime on Test Set: 68920.67
2024-04-17 18:07 | INFO | Query 52 Active Learning Random Query Instance Cost: 188176.29
2024-04-17 18:07 | INFO | Timeout limit is increased to 3600
2024-04-17 18:07 | INFO | Query 53 Size of the uncertainty table is = 579/1201
2024-04-17 18:07 | INFO | Query 53 Size of the filtered table is = 12
2024-04-17 18:07 | INFO | Query 53 Active Learning Random Query Runtime on Validation Set: 88613.72
2024-04-17 18:07 | INFO | Query 53 Active Learning Random Query Runtime on Test Set: 68920.68
2024-04-17 18:07 | INFO | Query 53 Active Learning Random Query Instance Cost: 196001.89
2024-04-17 18:07 | INFO | Timeout limit is increased to 3600
2024-04-17 18:07 | INFO | Query 54 Size of the uncertainty table is = 567/1201
2024-04-17 18:07 | INFO | Query 54 Size of the filtered table is = 12
2024-04-17 18:07 | INFO | Query 54 Active Learning Random Query Runtime on Validation Set: 88613.72
2024-04-17 18:07 | INFO | Query 54 Active Learning Random Query Runtime on Test Set: 68921.04
2024-04-17 18:07 | INFO | Query 54 Active Learning Random Query Instance Cost: 200118.32
2024-04-17 18:07 | INFO | Timeout limit is increased to 3600
2024-04-17 18:07 | INFO | Query 55 Size of the uncertainty table is = 555/1201
2024-04-17 18:07 | INFO | Query 55 Size of the filtered table is = 12
2024-04-17 18:08 | INFO | Query 55 Active Learning Random Query Runtime on Validation Set: 88613.72
2024-04-17 18:08 | INFO | Query 55 Active Learning Random Query Runtime on Test Set: 68920.9
2024-04-17 18:08 | INFO | Query 55 Active Learning Random Query Instance Cost: 217037.18
2024-04-17 18:08 | INFO | Timeout limit is increased to 3600
2024-04-17 18:08 | INFO | Query 56 Size of the uncertainty table is = 543/1201
2024-04-17 18:08 | INFO | Query 56 Size of the filtered table is = 12
2024-04-17 18:08 | INFO | Query 56 Active Learning Random Query Runtime on Validation Set: 88613.72
2024-04-17 18:08 | INFO | Query 56 Active Learning Random Query Runtime on Test Set: 103476.46
2024-04-17 18:08 | INFO | Query 56 Active Learning Random Query Instance Cost: 217144.71
2024-04-17 18:08 | INFO | Timeout limit is increased to 3600
2024-04-17 18:08 | INFO | Query 57 Size of the uncertainty table is = 531/1201
2024-04-17 18:08 | INFO | Query 57 Size of the filtered table is = 12
2024-04-17 18:08 | INFO | Query 57 Active Learning Random Query Runtime on Validation Set: 88613.72
2024-04-17 18:08 | INFO | Query 57 Active Learning Random Query Runtime on Test Set: 68920.93
2024-04-17 18:08 | INFO | Query 57 Active Learning Random Query Instance Cost: 223815.6
2024-04-17 18:08 | INFO | Timeout limit is increased to 3600
2024-04-17 18:08 | INFO | Query 58 Size of the uncertainty table is = 519/1201
2024-04-17 18:08 | INFO | Query 58 Size of the filtered table is = 12
2024-04-17 18:08 | INFO | Query 58 Active Learning Random Query Runtime on Validation Set: 88613.72
2024-04-17 18:08 | INFO | Query 58 Active Learning Random Query Runtime on Test Set: 68920.69
2024-04-17 18:08 | INFO | Query 58 Active Learning Random Query Instance Cost: 231744.09
2024-04-17 18:08 | INFO | Timeout limit is increased to 3600
2024-04-17 18:08 | INFO | Query 59 Size of the uncertainty table is = 507/1201
2024-04-17 18:08 | INFO | Query 59 Size of the filtered table is = 12
2024-04-17 18:08 | INFO | Query 59 Active Learning Random Query Runtime on Validation Set: 88613.72
2024-04-17 18:08 | INFO | Query 59 Active Learning Random Query Runtime on Test Set: 68920.7
2024-04-17 18:08 | INFO | Query 59 Active Learning Random Query Instance Cost: 238817.37
2024-04-17 18:08 | INFO | Timeout limit is increased to 3600
2024-04-17 18:08 | INFO | Query 60 Size of the uncertainty table is = 495/1201
2024-04-17 18:08 | INFO | Query 60 Size of the filtered table is = 12
2024-04-17 18:08 | INFO | Query 60 Active Learning Random Query Runtime on Validation Set: 88613.72
2024-04-17 18:08 | INFO | Query 60 Active Learning Random Query Runtime on Test Set: 68920.88
2024-04-17 18:08 | INFO | Query 60 Active Learning Random Query Instance Cost: 242430.43
2024-04-17 18:08 | INFO | Timeout limit is increased to 3600
2024-04-17 18:08 | INFO | Query 61 Size of the uncertainty table is = 483/1201
2024-04-17 18:08 | INFO | Query 61 Size of the filtered table is = 12
2024-04-17 18:08 | INFO | Query 61 Active Learning Random Query Runtime on Validation Set: 88613.72
2024-04-17 18:08 | INFO | Query 61 Active Learning Random Query Runtime on Test Set: 68920.67
2024-04-17 18:08 | INFO | Query 61 Active Learning Random Query Instance Cost: 243802.52
2024-04-17 18:08 | INFO | Timeout limit is increased to 3600
2024-04-17 18:08 | INFO | Query 62 Size of the uncertainty table is = 471/1201
2024-04-17 18:08 | INFO | Query 62 Size of the filtered table is = 12
2024-04-17 18:08 | INFO | Query 62 Active Learning Random Query Runtime on Validation Set: 88613.72
2024-04-17 18:08 | INFO | Query 62 Active Learning Random Query Runtime on Test Set: 68920.87
2024-04-17 18:08 | INFO | Query 62 Active Learning Random Query Instance Cost: 247535.49
2024-04-17 18:08 | INFO | Timeout limit is increased to 3600
2024-04-17 18:08 | INFO | Query 63 Size of the uncertainty table is = 459/1201
2024-04-17 18:08 | INFO | Query 63 Size of the filtered table is = 12
2024-04-17 18:08 | INFO | Query 63 Active Learning Random Query Runtime on Validation Set: 88613.72
2024-04-17 18:08 | INFO | Query 63 Active Learning Random Query Runtime on Test Set: 68920.66
2024-04-17 18:08 | INFO | Query 63 Active Learning Random Query Instance Cost: 273165.82
2024-04-17 18:08 | INFO | Timeout limit is increased to 3600
2024-04-17 18:08 | INFO | Query 64 Size of the uncertainty table is = 447/1201
2024-04-17 18:08 | INFO | Query 64 Size of the filtered table is = 12
2024-04-17 18:08 | INFO | Query 64 Active Learning Random Query Runtime on Validation Set: 88613.72
2024-04-17 18:08 | INFO | Query 64 Active Learning Random Query Runtime on Test Set: 68920.66
2024-04-17 18:08 | INFO | Query 64 Active Learning Random Query Instance Cost: 284552.05
2024-04-17 18:08 | INFO | Timeout limit is increased to 3600
2024-04-17 18:08 | INFO | Query 65 Size of the uncertainty table is = 435/1201
2024-04-17 18:08 | INFO | Query 65 Size of the filtered table is = 12
2024-04-17 18:08 | INFO | Query 65 Active Learning Random Query Runtime on Validation Set: 88613.72
2024-04-17 18:08 | INFO | Query 65 Active Learning Random Query Runtime on Test Set: 68920.66
2024-04-17 18:08 | INFO | Query 65 Active Learning Random Query Instance Cost: 284611.85
2024-04-17 18:08 | INFO | Timeout limit is increased to 3600
2024-04-17 18:08 | INFO | Query 66 Size of the uncertainty table is = 423/1201
2024-04-17 18:08 | INFO | Query 66 Size of the filtered table is = 12
2024-04-17 18:08 | INFO | Query 66 Active Learning Random Query Runtime on Validation Set: 88613.72
2024-04-17 18:08 | INFO | Query 66 Active Learning Random Query Runtime on Test Set: 68920.64
2024-04-17 18:08 | INFO | Query 66 Active Learning Random Query Instance Cost: 291981.47
2024-04-17 18:08 | INFO | Timeout limit is increased to 3600
2024-04-17 18:08 | INFO | Query 67 Size of the uncertainty table is = 411/1201
2024-04-17 18:08 | INFO | Query 67 Size of the filtered table is = 12
2024-04-17 18:08 | INFO | Query 67 Active Learning Random Query Runtime on Validation Set: 88613.72
2024-04-17 18:08 | INFO | Query 67 Active Learning Random Query Runtime on Test Set: 68920.66
2024-04-17 18:08 | INFO | Query 67 Active Learning Random Query Instance Cost: 295679.12
2024-04-17 18:08 | INFO | Timeout limit is increased to 3600
2024-04-17 18:08 | INFO | Query 68 Size of the uncertainty table is = 399/1201
2024-04-17 18:08 | INFO | Query 68 Size of the filtered table is = 12
2024-04-17 18:09 | INFO | Query 68 Active Learning Random Query Runtime on Validation Set: 88613.72
2024-04-17 18:09 | INFO | Query 68 Active Learning Random Query Runtime on Test Set: 68920.66
2024-04-17 18:09 | INFO | Query 68 Active Learning Random Query Instance Cost: 306925.07
2024-04-17 18:09 | INFO | Timeout limit is increased to 3600
2024-04-17 18:09 | INFO | Query 69 Size of the uncertainty table is = 387/1201
2024-04-17 18:09 | INFO | Query 69 Size of the filtered table is = 12
2024-04-17 18:09 | INFO | Query 69 Active Learning Random Query Runtime on Validation Set: 88613.72
2024-04-17 18:09 | INFO | Query 69 Active Learning Random Query Runtime on Test Set: 103476.42
2024-04-17 18:09 | INFO | Query 69 Active Learning Random Query Instance Cost: 314189.13
2024-04-17 18:09 | INFO | Timeout limit is increased to 3600
2024-04-17 18:09 | INFO | Query 70 Size of the uncertainty table is = 375/1201
2024-04-17 18:09 | INFO | Query 70 Size of the filtered table is = 12
2024-04-17 18:09 | INFO | Query 70 Active Learning Random Query Runtime on Validation Set: 88613.72
2024-04-17 18:09 | INFO | Query 70 Active Learning Random Query Runtime on Test Set: 68920.66
2024-04-17 18:09 | INFO | Query 70 Active Learning Random Query Instance Cost: 315333.04
2024-04-17 18:09 | INFO | Timeout limit is increased to 3600
2024-04-17 18:09 | INFO | Query 71 Size of the uncertainty table is = 363/1201
2024-04-17 18:09 | INFO | Query 71 Size of the filtered table is = 12
2024-04-17 18:09 | INFO | Query 71 Active Learning Random Query Runtime on Validation Set: 88613.72
2024-04-17 18:09 | INFO | Query 71 Active Learning Random Query Runtime on Test Set: 68920.66
2024-04-17 18:09 | INFO | Query 71 Active Learning Random Query Instance Cost: 319663.1
2024-04-17 18:09 | INFO | Timeout limit is increased to 3600
2024-04-17 18:09 | INFO | Query 72 Size of the uncertainty table is = 351/1201
2024-04-17 18:09 | INFO | Query 72 Size of the filtered table is = 12
2024-04-17 18:09 | INFO | Query 72 Active Learning Random Query Runtime on Validation Set: 88613.72
2024-04-17 18:09 | INFO | Query 72 Active Learning Random Query Runtime on Test Set: 68920.66
2024-04-17 18:09 | INFO | Query 72 Active Learning Random Query Instance Cost: 319667.96
2024-04-17 18:09 | INFO | Timeout limit is increased to 3600
2024-04-17 18:09 | INFO | Query 73 Size of the uncertainty table is = 339/1201
2024-04-17 18:09 | INFO | Query 73 Size of the filtered table is = 12
2024-04-17 18:09 | INFO | Query 73 Active Learning Random Query Runtime on Validation Set: 88613.72
2024-04-17 18:09 | INFO | Query 73 Active Learning Random Query Runtime on Test Set: 103476.4
2024-04-17 18:09 | INFO | Query 73 Active Learning Random Query Instance Cost: 330384.3
2024-04-17 18:09 | INFO | Timeout limit is increased to 3600
2024-04-17 18:09 | INFO | Query 74 Size of the uncertainty table is = 327/1201
2024-04-17 18:09 | INFO | Query 74 Size of the filtered table is = 12
2024-04-17 18:09 | INFO | Query 74 Active Learning Random Query Runtime on Validation Set: 88613.72
2024-04-17 18:09 | INFO | Query 74 Active Learning Random Query Runtime on Test Set: 68920.62
2024-04-17 18:09 | INFO | Query 74 Active Learning Random Query Instance Cost: 334526.19
2024-04-17 18:09 | INFO | Timeout limit is increased to 3600
2024-04-17 18:09 | INFO | Query 75 Size of the uncertainty table is = 315/1201
2024-04-17 18:09 | INFO | Query 75 Size of the filtered table is = 12
2024-04-17 18:09 | INFO | Query 75 Active Learning Random Query Runtime on Validation Set: 88613.72
2024-04-17 18:09 | INFO | Query 75 Active Learning Random Query Runtime on Test Set: 68920.64
2024-04-17 18:09 | INFO | Query 75 Active Learning Random Query Instance Cost: 346557.86
2024-04-17 18:09 | INFO | Timeout limit is increased to 3600
2024-04-17 18:09 | INFO | Query 76 Size of the uncertainty table is = 303/1201
2024-04-17 18:09 | INFO | Query 76 Size of the filtered table is = 12
2024-04-17 18:09 | INFO | Query 76 Active Learning Random Query Runtime on Validation Set: 88613.72
2024-04-17 18:09 | INFO | Query 76 Active Learning Random Query Runtime on Test Set: 68920.62
2024-04-17 18:09 | INFO | Query 76 Active Learning Random Query Instance Cost: 350836.93
2024-04-17 18:09 | INFO | Timeout limit is increased to 3600
2024-04-17 18:09 | INFO | Query 77 Size of the uncertainty table is = 291/1201
2024-04-17 18:09 | INFO | Query 77 Size of the filtered table is = 12
2024-04-17 18:09 | INFO | Query 77 Active Learning Random Query Runtime on Validation Set: 88613.72
2024-04-17 18:09 | INFO | Query 77 Active Learning Random Query Runtime on Test Set: 68920.64
2024-04-17 18:09 | INFO | Query 77 Active Learning Random Query Instance Cost: 358676.35
2024-04-17 18:09 | INFO | Timeout limit is increased to 3600
2024-04-17 18:09 | INFO | Query 78 Size of the uncertainty table is = 279/1201
2024-04-17 18:09 | INFO | Query 78 Size of the filtered table is = 12
2024-04-17 18:09 | INFO | Query 78 Active Learning Random Query Runtime on Validation Set: 88613.72
2024-04-17 18:09 | INFO | Query 78 Active Learning Random Query Runtime on Test Set: 68920.63
2024-04-17 18:09 | INFO | Query 78 Active Learning Random Query Instance Cost: 360247.98
2024-04-17 18:09 | INFO | Timeout limit is increased to 3600
2024-04-17 18:09 | INFO | Query 79 Size of the uncertainty table is = 267/1201
2024-04-17 18:09 | INFO | Query 79 Size of the filtered table is = 12
2024-04-17 18:09 | INFO | Query 79 Active Learning Random Query Runtime on Validation Set: 88613.72
2024-04-17 18:09 | INFO | Query 79 Active Learning Random Query Runtime on Test Set: 68920.64
2024-04-17 18:09 | INFO | Query 79 Active Learning Random Query Instance Cost: 370028.24
2024-04-17 18:09 | INFO | Timeout limit is increased to 3600
2024-04-17 18:09 | INFO | Query 80 Size of the uncertainty table is = 255/1201
2024-04-17 18:09 | INFO | Query 80 Size of the filtered table is = 12
2024-04-17 18:09 | INFO | Query 80 Active Learning Random Query Runtime on Validation Set: 88613.72
2024-04-17 18:09 | INFO | Query 80 Active Learning Random Query Runtime on Test Set: 68920.64
2024-04-17 18:09 | INFO | Query 80 Active Learning Random Query Instance Cost: 380880.93
2024-04-17 18:09 | INFO | Timeout limit is increased to 3600
2024-04-17 18:09 | INFO | Query 81 Size of the uncertainty table is = 243/1201
2024-04-17 18:09 | INFO | Query 81 Size of the filtered table is = 12
2024-04-17 18:10 | INFO | Query 81 Active Learning Random Query Runtime on Validation Set: 88613.72
2024-04-17 18:10 | INFO | Query 81 Active Learning Random Query Runtime on Test Set: 68920.63
2024-04-17 18:10 | INFO | Query 81 Active Learning Random Query Instance Cost: 384620.57
2024-04-17 18:10 | INFO | Timeout limit is increased to 3600
2024-04-17 18:10 | INFO | Query 82 Size of the uncertainty table is = 231/1201
2024-04-17 18:10 | INFO | Query 82 Size of the filtered table is = 12
2024-04-17 18:10 | INFO | Query 82 Active Learning Random Query Runtime on Validation Set: 88613.72
2024-04-17 18:10 | INFO | Query 82 Active Learning Random Query Runtime on Test Set: 68920.63
2024-04-17 18:10 | INFO | Query 82 Active Learning Random Query Instance Cost: 388415.21
2024-04-17 18:10 | INFO | Timeout limit is increased to 3600
2024-04-17 18:10 | INFO | Query 83 Size of the uncertainty table is = 219/1201
2024-04-17 18:10 | INFO | Query 83 Size of the filtered table is = 12
2024-04-17 18:10 | INFO | Query 83 Active Learning Random Query Runtime on Validation Set: 88613.72
2024-04-17 18:10 | INFO | Query 83 Active Learning Random Query Runtime on Test Set: 68920.63
2024-04-17 18:10 | INFO | Query 83 Active Learning Random Query Instance Cost: 393824.0
2024-04-17 18:10 | INFO | Timeout limit is increased to 3600
2024-04-17 18:10 | INFO | Query 84 Size of the uncertainty table is = 207/1201
2024-04-17 18:10 | INFO | Query 84 Size of the filtered table is = 12
2024-04-17 18:10 | INFO | Query 84 Active Learning Random Query Runtime on Validation Set: 88613.72
2024-04-17 18:10 | INFO | Query 84 Active Learning Random Query Runtime on Test Set: 68920.32
2024-04-17 18:10 | INFO | Query 84 Active Learning Random Query Instance Cost: 398672.3
2024-04-17 18:10 | INFO | Timeout limit is increased to 3600
2024-04-17 18:10 | INFO | Query 85 Size of the uncertainty table is = 195/1201
2024-04-17 18:10 | INFO | Query 85 Size of the filtered table is = 12
2024-04-17 18:10 | INFO | Query 85 Active Learning Random Query Runtime on Validation Set: 88613.72
2024-04-17 18:10 | INFO | Query 85 Active Learning Random Query Runtime on Test Set: 68920.21
2024-04-17 18:10 | INFO | Query 85 Active Learning Random Query Instance Cost: 402308.69
2024-04-17 18:10 | INFO | Timeout limit is increased to 3600
2024-04-17 18:10 | INFO | Query 86 Size of the uncertainty table is = 183/1201
2024-04-17 18:10 | INFO | Query 86 Size of the filtered table is = 12
2024-04-17 18:10 | INFO | Query 86 Active Learning Random Query Runtime on Validation Set: 88613.72
2024-04-17 18:10 | INFO | Query 86 Active Learning Random Query Runtime on Test Set: 68920.21
2024-04-17 18:10 | INFO | Query 86 Active Learning Random Query Instance Cost: 405967.97
2024-04-17 18:10 | INFO | Timeout limit is increased to 3600
2024-04-17 18:10 | INFO | Query 87 Size of the uncertainty table is = 171/1201
2024-04-17 18:10 | INFO | Query 87 Size of the filtered table is = 12
2024-04-17 18:10 | INFO | Query 87 Active Learning Random Query Runtime on Validation Set: 88613.72
2024-04-17 18:10 | INFO | Query 87 Active Learning Random Query Runtime on Test Set: 68920.4
2024-04-17 18:10 | INFO | Query 87 Active Learning Random Query Instance Cost: 409576.83
2024-04-17 18:10 | INFO | Timeout limit is increased to 3600
2024-04-17 18:10 | INFO | Query 88 Size of the uncertainty table is = 159/1201
2024-04-17 18:10 | INFO | Query 88 Size of the filtered table is = 12
2024-04-17 18:10 | INFO | Query 88 Active Learning Random Query Runtime on Validation Set: 88613.72
2024-04-17 18:10 | INFO | Query 88 Active Learning Random Query Runtime on Test Set: 103476.43
2024-04-17 18:10 | INFO | Query 88 Active Learning Random Query Instance Cost: 420754.89
2024-04-17 18:10 | INFO | Timeout limit is increased to 3600
2024-04-17 18:10 | INFO | Query 89 Size of the uncertainty table is = 147/1201
2024-04-17 18:10 | INFO | Query 89 Size of the filtered table is = 12
2024-04-17 18:10 | INFO | Query 89 Active Learning Random Query Runtime on Validation Set: 88613.72
2024-04-17 18:10 | INFO | Query 89 Active Learning Random Query Runtime on Test Set: 68920.64
2024-04-17 18:10 | INFO | Query 89 Active Learning Random Query Instance Cost: 427783.77
2024-04-17 18:10 | INFO | Timeout limit is increased to 3600
2024-04-17 18:10 | INFO | Query 90 Size of the uncertainty table is = 135/1201
2024-04-17 18:10 | INFO | Query 90 Size of the filtered table is = 12
2024-04-17 18:10 | INFO | Query 90 Active Learning Random Query Runtime on Validation Set: 88613.72
2024-04-17 18:10 | INFO | Query 90 Active Learning Random Query Runtime on Test Set: 68920.33
2024-04-17 18:10 | INFO | Query 90 Active Learning Random Query Instance Cost: 428020.69
2024-04-17 18:10 | INFO | Timeout limit is increased to 3600
2024-04-17 18:10 | INFO | Query 91 Size of the uncertainty table is = 123/1201
2024-04-17 18:10 | INFO | Query 91 Size of the filtered table is = 12
2024-04-17 18:10 | INFO | Query 91 Active Learning Random Query Runtime on Validation Set: 88613.72
2024-04-17 18:10 | INFO | Query 91 Active Learning Random Query Runtime on Test Set: 68920.34
2024-04-17 18:10 | INFO | Query 91 Active Learning Random Query Instance Cost: 435435.3
2024-04-17 18:10 | INFO | Timeout limit is increased to 3600
2024-04-17 18:10 | INFO | Query 92 Size of the uncertainty table is = 111/1201
2024-04-17 18:10 | INFO | Query 92 Size of the filtered table is = 12
2024-04-17 18:10 | INFO | Query 92 Active Learning Random Query Runtime on Validation Set: 88613.72
2024-04-17 18:10 | INFO | Query 92 Active Learning Random Query Runtime on Test Set: 68920.64
2024-04-17 18:10 | INFO | Query 92 Active Learning Random Query Instance Cost: 439285.24
2024-04-17 18:10 | INFO | Timeout limit is increased to 3600
2024-04-17 18:10 | INFO | Query 93 Size of the uncertainty table is = 99/1201
2024-04-17 18:10 | INFO | Query 93 Size of the filtered table is = 12
2024-04-17 18:11 | INFO | Query 93 Active Learning Random Query Runtime on Validation Set: 88613.72
2024-04-17 18:11 | INFO | Query 93 Active Learning Random Query Runtime on Test Set: 68920.64
2024-04-17 18:11 | INFO | Query 93 Active Learning Random Query Instance Cost: 443402.5
2024-04-17 18:11 | INFO | Timeout limit is increased to 3600
2024-04-17 18:11 | INFO | Query 94 Size of the uncertainty table is = 87/1201
2024-04-17 18:11 | INFO | Query 94 Size of the filtered table is = 12
2024-04-17 18:11 | INFO | Query 94 Active Learning Random Query Runtime on Validation Set: 88613.72
2024-04-17 18:11 | INFO | Query 94 Active Learning Random Query Runtime on Test Set: 68920.64
2024-04-17 18:11 | INFO | Query 94 Active Learning Random Query Instance Cost: 443813.07
2024-04-17 18:11 | INFO | Timeout limit is increased to 3600
2024-04-17 18:11 | INFO | Query 95 Size of the uncertainty table is = 75/1201
2024-04-17 18:11 | INFO | Query 95 Size of the filtered table is = 12
2024-04-17 18:11 | INFO | Query 95 Active Learning Random Query Runtime on Validation Set: 88613.72
2024-04-17 18:11 | INFO | Query 95 Active Learning Random Query Runtime on Test Set: 68907.82
2024-04-17 18:11 | INFO | Query 95 Active Learning Random Query Instance Cost: 443852.25
2024-04-17 18:11 | INFO | Timeout limit is increased to 3600
2024-04-17 18:11 | INFO | Query 96 Size of the uncertainty table is = 63/1201
2024-04-17 18:11 | INFO | Query 96 Size of the filtered table is = 12
2024-04-17 18:11 | INFO | Query 96 Active Learning Random Query Runtime on Validation Set: 88613.72
2024-04-17 18:11 | INFO | Query 96 Active Learning Random Query Runtime on Test Set: 68907.82
2024-04-17 18:11 | INFO | Query 96 Active Learning Random Query Instance Cost: 452417.42
2024-04-17 18:11 | INFO | Timeout limit is increased to 3600
2024-04-17 18:11 | INFO | Query 97 Size of the uncertainty table is = 51/1201
2024-04-17 18:11 | INFO | Query 97 Size of the filtered table is = 12
2024-04-17 18:11 | INFO | Query 97 Active Learning Random Query Runtime on Validation Set: 88613.72
2024-04-17 18:11 | INFO | Query 97 Active Learning Random Query Runtime on Test Set: 68908.02
2024-04-17 18:11 | INFO | Query 97 Active Learning Random Query Instance Cost: 465049.52
2024-04-17 18:11 | INFO | Timeout limit is increased to 3600
2024-04-17 18:11 | INFO | Query 98 Size of the uncertainty table is = 39/1201
2024-04-17 18:11 | INFO | Query 98 Size of the filtered table is = 12
2024-04-17 18:11 | INFO | Query 98 Active Learning Random Query Runtime on Validation Set: 88613.72
2024-04-17 18:11 | INFO | Query 98 Active Learning Random Query Runtime on Test Set: 68907.82
2024-04-17 18:11 | INFO | Query 98 Active Learning Random Query Instance Cost: 469355.7
2024-04-17 18:11 | INFO | Timeout limit is increased to 3600
2024-04-17 18:11 | INFO | Query 99 Size of the uncertainty table is = 27/1201
2024-04-17 18:11 | INFO | Query 99 Size of the filtered table is = 12
2024-04-17 18:11 | INFO | Query 99 Active Learning Random Query Runtime on Validation Set: 88613.72
2024-04-17 18:11 | INFO | Query 99 Active Learning Random Query Runtime on Test Set: 68908.12
2024-04-17 18:11 | INFO | Query 99 Active Learning Random Query Instance Cost: 469395.43
2024-04-17 18:11 | INFO | Timeout limit is increased to 3600
2024-04-17 18:11 | INFO | Query 100 Size of the uncertainty table is = 15/1201
2024-04-17 18:11 | INFO | Query 100 Size of the filtered table is = 12
2024-04-17 18:11 | INFO | Query 100 Active Learning Random Query Runtime on Validation Set: 88613.72
2024-04-17 18:11 | INFO | Query 100 Active Learning Random Query Runtime on Test Set: 68908.02
2024-04-17 18:11 | INFO | Query 100 Active Learning Random Query Instance Cost: 478404.25
2024-04-17 18:11 | INFO | Timeout limit is increased to 3600
2024-04-17 18:11 | INFO | Query 101 Size of the uncertainty table is = 3/1201
2024-04-17 18:11 | INFO | Query 101 Size of the filtered table is = 3
2024-04-17 18:11 | INFO | Query 101 Active Learning Random Query Runtime on Validation Set: 88613.72
2024-04-17 18:11 | INFO | Query 101 Active Learning Random Query Runtime on Test Set: 71563.61
2024-04-17 18:11 | INFO | Query 101 Active Learning Random Query Instance Cost: 478405.63
2024-04-17 18:11 | INFO | Timeout limit is increased to 3600
2024-04-17 18:11 | INFO | runtime_train_score is written as json file
2024-04-17 18:11 | INFO | runtime_test_score is written as json file
2024-04-17 18:11 | INFO | runtime_validation_score is written as json file
2024-04-17 18:11 | INFO | instance_cost is written as json file
2024-04-17 18:11 | INFO | Experiment is finished
