2024-04-17 18:09 | INFO | Paramaters are: {'dataset': 'CSP-2010', 'penalty': 10, 'weight': 'No_Weight', 'voting': 'Hard', 'pre_selection_size': 64, 'pre_selection_technique': 'No_pre_selection', 'feature_elimination_threshold': 20, 'imputer_strategy': 'median', 'feature_selection_technique': 'No_feature_selection', 'feature_scaling_technique': 'StandardScaler', 'initial_train_size': 20, 'query_size': 1, 'timeout_predictor_usage': 'Yes', 'timeout_limit': 100, 'timeout_increase_rate': 100, 'RANDOM_STATE_SEED': 99, 'n_splits': 10, 'split_number': 0, 'max_timeout': 3600, 'param_grid': {'n_estimators': 100, 'criterion': 'gini', 'max_features': 'sqrt', 'max_depth': 2147483648, 'min_samples_split': 2, 'bootstrap': True}}
2024-04-17 18:09 | INFO | CSP-2010 is current dataset
2024-04-17 18:09 | INFO | DATASETS/CSP-2010/algorithm_runs.csv is found
2024-04-17 18:09 | INFO | DATASETS/CSP-2010/algorithm_runs.csv is finished
2024-04-17 18:09 | INFO | DATASETS/CSP-2010/feature_values.csv is found
2024-04-17 18:09 | INFO | DATASETS/CSP-2010/feature_values.csv is finished
2024-04-17 18:09 | INFO | Feature cost of train set is 0
2024-04-17 18:09 | INFO | Initial Active Learning Random Query Runtime on Validation Set: 107065.39
2024-04-17 18:09 | INFO | Initial Active Learning Random Query Runtime on Test Set: 191584.41
2024-04-17 18:09 | INFO | Initial Active Learning Random Query Instance Cost: 148.1
2024-04-17 18:09 | INFO | Bin size = 12
2024-04-17 18:09 | INFO | Query 1 Size of the uncertainty table is = 1200/1200
2024-04-17 18:09 | INFO | Query 1 Size of the filtered table is = 12
2024-04-17 18:09 | INFO | Query 1 Active Learning Random Query Runtime on Validation Set: 107065.39
2024-04-17 18:09 | INFO | Query 1 Active Learning Random Query Runtime on Test Set: 191583.66
2024-04-17 18:09 | INFO | Query 1 Active Learning Random Query Instance Cost: 262.22
2024-04-17 18:09 | INFO | Timeout limit is increased to 200
2024-04-17 18:09 | INFO | Query 2 Size of the uncertainty table is = 1188/1200
2024-04-17 18:09 | INFO | Query 2 Size of the filtered table is = 12
2024-04-17 18:09 | INFO | Query 2 Active Learning Random Query Runtime on Validation Set: 102614.87
2024-04-17 18:09 | INFO | Query 2 Active Learning Random Query Runtime on Test Set: 55271.63
2024-04-17 18:09 | INFO | Query 2 Active Learning Random Query Instance Cost: 1202.52
2024-04-17 18:09 | INFO | Query 3 Size of the uncertainty table is = 1177/1200
2024-04-17 18:09 | INFO | Query 3 Size of the filtered table is = 12
2024-04-17 18:09 | INFO | Query 3 Active Learning Random Query Runtime on Validation Set: 107067.65
2024-04-17 18:09 | INFO | Query 3 Active Learning Random Query Runtime on Test Set: 83574.33
2024-04-17 18:09 | INFO | Query 3 Active Learning Random Query Instance Cost: 1682.3
2024-04-17 18:09 | INFO | Timeout limit is increased to 300
2024-04-17 18:09 | INFO | Query 4 Size of the uncertainty table is = 1166/1200
2024-04-17 18:09 | INFO | Query 4 Size of the filtered table is = 12
2024-04-17 18:09 | INFO | Query 4 Active Learning Random Query Runtime on Validation Set: 107065.4
2024-04-17 18:09 | INFO | Query 4 Active Learning Random Query Runtime on Test Set: 152805.94
2024-04-17 18:09 | INFO | Query 4 Active Learning Random Query Instance Cost: 2412.46
2024-04-17 18:09 | INFO | Query 5 Size of the uncertainty table is = 1155/1200
2024-04-17 18:09 | INFO | Query 5 Size of the filtered table is = 12
2024-04-17 18:09 | INFO | Query 5 Active Learning Random Query Runtime on Validation Set: 107065.39
2024-04-17 18:09 | INFO | Query 5 Active Learning Random Query Runtime on Test Set: 117008.94
2024-04-17 18:09 | INFO | Query 5 Active Learning Random Query Instance Cost: 3093.08
2024-04-17 18:09 | INFO | Query 6 Size of the uncertainty table is = 1143/1200
2024-04-17 18:09 | INFO | Query 6 Size of the filtered table is = 12
2024-04-17 18:10 | INFO | Query 6 Active Learning Random Query Runtime on Validation Set: 107065.39
2024-04-17 18:10 | INFO | Query 6 Active Learning Random Query Runtime on Test Set: 117008.94
2024-04-17 18:10 | INFO | Query 6 Active Learning Random Query Instance Cost: 3115.17
2024-04-17 18:10 | INFO | Timeout limit is increased to 400
2024-04-17 18:10 | INFO | Query 7 Size of the uncertainty table is = 1131/1200
2024-04-17 18:10 | INFO | Query 7 Size of the filtered table is = 12
2024-04-17 18:10 | INFO | Query 7 Active Learning Random Query Runtime on Validation Set: 107065.39
2024-04-17 18:10 | INFO | Query 7 Active Learning Random Query Runtime on Test Set: 117008.76
2024-04-17 18:10 | INFO | Query 7 Active Learning Random Query Instance Cost: 4433.46
2024-04-17 18:10 | INFO | Timeout limit is increased to 500
2024-04-17 18:10 | INFO | Query 8 Size of the uncertainty table is = 1119/1200
2024-04-17 18:10 | INFO | Query 8 Size of the filtered table is = 12
2024-04-17 18:10 | INFO | Query 8 Active Learning Random Query Runtime on Validation Set: 107067.66
2024-04-17 18:10 | INFO | Query 8 Active Learning Random Query Runtime on Test Set: 153008.5
2024-04-17 18:10 | INFO | Query 8 Active Learning Random Query Instance Cost: 5634.77
2024-04-17 18:10 | INFO | Timeout limit is increased to 600
2024-04-17 18:10 | INFO | Query 9 Size of the uncertainty table is = 1107/1200
2024-04-17 18:10 | INFO | Query 9 Size of the filtered table is = 12
2024-04-17 18:10 | INFO | Query 9 Active Learning Random Query Runtime on Validation Set: 107066.01
2024-04-17 18:10 | INFO | Query 9 Active Learning Random Query Runtime on Test Set: 153008.29
2024-04-17 18:10 | INFO | Query 9 Active Learning Random Query Instance Cost: 7030.74
2024-04-17 18:10 | INFO | Query 10 Size of the uncertainty table is = 1095/1200
2024-04-17 18:10 | INFO | Query 10 Size of the filtered table is = 12
2024-04-17 18:10 | INFO | Query 10 Active Learning Random Query Runtime on Validation Set: 107065.39
2024-04-17 18:10 | INFO | Query 10 Active Learning Random Query Runtime on Test Set: 153008.69
2024-04-17 18:10 | INFO | Query 10 Active Learning Random Query Instance Cost: 8640.16
2024-04-17 18:10 | INFO | Query 11 Size of the uncertainty table is = 1083/1200
2024-04-17 18:10 | INFO | Query 11 Size of the filtered table is = 12
2024-04-17 18:10 | INFO | Query 11 Active Learning Random Query Runtime on Validation Set: 107065.39
2024-04-17 18:10 | INFO | Query 11 Active Learning Random Query Runtime on Test Set: 189002.41
2024-04-17 18:10 | INFO | Query 11 Active Learning Random Query Instance Cost: 9324.19
2024-04-17 18:10 | INFO | Timeout limit is increased to 700
2024-04-17 18:10 | INFO | Query 12 Size of the uncertainty table is = 1071/1200
2024-04-17 18:10 | INFO | Query 12 Size of the filtered table is = 12
2024-04-17 18:10 | INFO | Query 12 Active Learning Random Query Runtime on Validation Set: 107067.66
2024-04-17 18:10 | INFO | Query 12 Active Learning Random Query Runtime on Test Set: 153008.52
2024-04-17 18:10 | INFO | Query 12 Active Learning Random Query Instance Cost: 13186.74
2024-04-17 18:10 | INFO | Timeout limit is increased to 800
2024-04-17 18:10 | INFO | Query 13 Size of the uncertainty table is = 1059/1200
2024-04-17 18:10 | INFO | Query 13 Size of the filtered table is = 12
2024-04-17 18:10 | INFO | Query 13 Active Learning Random Query Runtime on Validation Set: 107065.39
2024-04-17 18:10 | INFO | Query 13 Active Learning Random Query Runtime on Test Set: 120371.34
2024-04-17 18:10 | INFO | Query 13 Active Learning Random Query Instance Cost: 15367.15
2024-04-17 18:10 | INFO | Query 14 Size of the uncertainty table is = 1047/1200
2024-04-17 18:10 | INFO | Query 14 Size of the filtered table is = 12
2024-04-17 18:10 | INFO | Query 14 Active Learning Random Query Runtime on Validation Set: 107065.39
2024-04-17 18:10 | INFO | Query 14 Active Learning Random Query Runtime on Test Set: 117009.02
2024-04-17 18:10 | INFO | Query 14 Active Learning Random Query Instance Cost: 15826.1
2024-04-17 18:10 | INFO | Timeout limit is increased to 900
2024-04-17 18:10 | INFO | Query 15 Size of the uncertainty table is = 1035/1200
2024-04-17 18:10 | INFO | Query 15 Size of the filtered table is = 12
2024-04-17 18:10 | INFO | Query 15 Active Learning Random Query Runtime on Validation Set: 107067.66
2024-04-17 18:10 | INFO | Query 15 Active Learning Random Query Runtime on Test Set: 117008.86
2024-04-17 18:10 | INFO | Query 15 Active Learning Random Query Instance Cost: 15972.41
2024-04-17 18:10 | INFO | Timeout limit is increased to 1000
2024-04-17 18:10 | INFO | Query 16 Size of the uncertainty table is = 1023/1200
2024-04-17 18:10 | INFO | Query 16 Size of the filtered table is = 12
2024-04-17 18:10 | INFO | Query 16 Active Learning Random Query Runtime on Validation Set: 107067.66
2024-04-17 18:10 | INFO | Query 16 Active Learning Random Query Runtime on Test Set: 117008.49
2024-04-17 18:10 | INFO | Query 16 Active Learning Random Query Instance Cost: 18845.13
2024-04-17 18:10 | INFO | Timeout limit is increased to 1100
2024-04-17 18:10 | INFO | Query 17 Size of the uncertainty table is = 1011/1200
2024-04-17 18:10 | INFO | Query 17 Size of the filtered table is = 12
2024-04-17 18:10 | INFO | Query 17 Active Learning Random Query Runtime on Validation Set: 107067.66
2024-04-17 18:10 | INFO | Query 17 Active Learning Random Query Runtime on Test Set: 117008.36
2024-04-17 18:10 | INFO | Query 17 Active Learning Random Query Instance Cost: 20238.38
2024-04-17 18:10 | INFO | Timeout limit is increased to 1200
2024-04-17 18:10 | INFO | Query 18 Size of the uncertainty table is = 999/1200
2024-04-17 18:10 | INFO | Query 18 Size of the filtered table is = 12
2024-04-17 18:10 | INFO | Query 18 Active Learning Random Query Runtime on Validation Set: 107065.39
2024-04-17 18:10 | INFO | Query 18 Active Learning Random Query Runtime on Test Set: 117008.15
2024-04-17 18:10 | INFO | Query 18 Active Learning Random Query Instance Cost: 21563.24
2024-04-17 18:10 | INFO | Query 19 Size of the uncertainty table is = 987/1200
2024-04-17 18:10 | INFO | Query 19 Size of the filtered table is = 12
2024-04-17 18:11 | INFO | Query 19 Active Learning Random Query Runtime on Validation Set: 107065.39
2024-04-17 18:11 | INFO | Query 19 Active Learning Random Query Runtime on Test Set: 117008.22
2024-04-17 18:11 | INFO | Query 19 Active Learning Random Query Instance Cost: 22401.7
2024-04-17 18:11 | INFO | Timeout limit is increased to 1300
2024-04-17 18:11 | INFO | Query 20 Size of the uncertainty table is = 975/1200
2024-04-17 18:11 | INFO | Query 20 Size of the filtered table is = 12
2024-04-17 18:11 | INFO | Query 20 Active Learning Random Query Runtime on Validation Set: 107065.39
2024-04-17 18:11 | INFO | Query 20 Active Learning Random Query Runtime on Test Set: 120371.22
2024-04-17 18:11 | INFO | Query 20 Active Learning Random Query Instance Cost: 22460.14
2024-04-17 18:11 | INFO | Timeout limit is increased to 1400
2024-04-17 18:11 | INFO | Query 21 Size of the uncertainty table is = 963/1200
2024-04-17 18:11 | INFO | Query 21 Size of the filtered table is = 12
2024-04-17 18:11 | INFO | Query 21 Active Learning Random Query Runtime on Validation Set: 107065.39
2024-04-17 18:11 | INFO | Query 21 Active Learning Random Query Runtime on Test Set: 117008.74
2024-04-17 18:11 | INFO | Query 21 Active Learning Random Query Instance Cost: 29682.8
2024-04-17 18:11 | INFO | Timeout limit is increased to 1500
2024-04-17 18:11 | INFO | Query 22 Size of the uncertainty table is = 952/1200
2024-04-17 18:11 | INFO | Query 22 Size of the filtered table is = 12
2024-04-17 18:11 | INFO | Query 22 Active Learning Random Query Runtime on Validation Set: 107065.39
2024-04-17 18:11 | INFO | Query 22 Active Learning Random Query Runtime on Test Set: 117008.87
2024-04-17 18:11 | INFO | Query 22 Active Learning Random Query Instance Cost: 29690.08
2024-04-17 18:11 | INFO | Timeout limit is increased to 1600
2024-04-17 18:11 | INFO | Query 23 Size of the uncertainty table is = 940/1200
2024-04-17 18:11 | INFO | Query 23 Size of the filtered table is = 12
2024-04-17 18:11 | INFO | Query 23 Active Learning Random Query Runtime on Validation Set: 107065.39
2024-04-17 18:11 | INFO | Query 23 Active Learning Random Query Runtime on Test Set: 120371.18
2024-04-17 18:11 | INFO | Query 23 Active Learning Random Query Instance Cost: 31338.71
2024-04-17 18:11 | INFO | Timeout limit is increased to 1700
2024-04-17 18:11 | INFO | Query 24 Size of the uncertainty table is = 928/1200
2024-04-17 18:11 | INFO | Query 24 Size of the filtered table is = 12
2024-04-17 18:11 | INFO | Query 24 Active Learning Random Query Runtime on Validation Set: 107065.39
2024-04-17 18:11 | INFO | Query 24 Active Learning Random Query Runtime on Test Set: 120370.58
2024-04-17 18:11 | INFO | Query 24 Active Learning Random Query Instance Cost: 34831.17
2024-04-17 18:11 | INFO | Timeout limit is increased to 1800
2024-04-17 18:11 | INFO | Query 25 Size of the uncertainty table is = 916/1200
2024-04-17 18:11 | INFO | Query 25 Size of the filtered table is = 12
2024-04-17 18:11 | INFO | Query 25 Active Learning Random Query Runtime on Validation Set: 107065.39
2024-04-17 18:11 | INFO | Query 25 Active Learning Random Query Runtime on Test Set: 120370.41
2024-04-17 18:11 | INFO | Query 25 Active Learning Random Query Instance Cost: 42314.18
2024-04-17 18:11 | INFO | Timeout limit is increased to 1900
2024-04-17 18:11 | INFO | Query 26 Size of the uncertainty table is = 904/1200
2024-04-17 18:11 | INFO | Query 26 Size of the filtered table is = 12
2024-04-17 18:11 | INFO | Query 26 Active Learning Random Query Runtime on Validation Set: 107065.39
2024-04-17 18:11 | INFO | Query 26 Active Learning Random Query Runtime on Test Set: 120370.62
2024-04-17 18:11 | INFO | Query 26 Active Learning Random Query Instance Cost: 46507.99
2024-04-17 18:11 | INFO | Timeout limit is increased to 2000
2024-04-17 18:11 | INFO | Query 27 Size of the uncertainty table is = 892/1200
2024-04-17 18:11 | INFO | Query 27 Size of the filtered table is = 12
2024-04-17 18:11 | INFO | Query 27 Active Learning Random Query Runtime on Validation Set: 107065.39
2024-04-17 18:11 | INFO | Query 27 Active Learning Random Query Runtime on Test Set: 120370.39
2024-04-17 18:11 | INFO | Query 27 Active Learning Random Query Instance Cost: 48822.8
2024-04-17 18:11 | INFO | Timeout limit is increased to 2100
2024-04-17 18:11 | INFO | Query 28 Size of the uncertainty table is = 880/1200
2024-04-17 18:11 | INFO | Query 28 Size of the filtered table is = 12
2024-04-17 18:11 | INFO | Query 28 Active Learning Random Query Runtime on Validation Set: 107065.39
2024-04-17 18:11 | INFO | Query 28 Active Learning Random Query Runtime on Test Set: 120370.31
2024-04-17 18:11 | INFO | Query 28 Active Learning Random Query Instance Cost: 51832.5
2024-04-17 18:11 | INFO | Timeout limit is increased to 2200
2024-04-17 18:11 | INFO | Query 29 Size of the uncertainty table is = 868/1200
2024-04-17 18:11 | INFO | Query 29 Size of the filtered table is = 12
2024-04-17 18:11 | INFO | Query 29 Active Learning Random Query Runtime on Validation Set: 107065.39
2024-04-17 18:11 | INFO | Query 29 Active Learning Random Query Runtime on Test Set: 120371.15
2024-04-17 18:11 | INFO | Query 29 Active Learning Random Query Instance Cost: 59192.53
2024-04-17 18:11 | INFO | Timeout limit is increased to 2300
2024-04-17 18:11 | INFO | Query 30 Size of the uncertainty table is = 856/1200
2024-04-17 18:11 | INFO | Query 30 Size of the filtered table is = 12
2024-04-17 18:11 | INFO | Query 30 Active Learning Random Query Runtime on Validation Set: 107065.39
2024-04-17 18:11 | INFO | Query 30 Active Learning Random Query Runtime on Test Set: 120371.0
2024-04-17 18:11 | INFO | Query 30 Active Learning Random Query Instance Cost: 59199.71
2024-04-17 18:11 | INFO | Timeout limit is increased to 2400
2024-04-17 18:11 | INFO | Query 31 Size of the uncertainty table is = 844/1200
2024-04-17 18:11 | INFO | Query 31 Size of the filtered table is = 12
2024-04-17 18:11 | INFO | Query 31 Active Learning Random Query Runtime on Validation Set: 107065.39
2024-04-17 18:11 | INFO | Query 31 Active Learning Random Query Runtime on Test Set: 120370.98
2024-04-17 18:11 | INFO | Query 31 Active Learning Random Query Instance Cost: 66686.5
2024-04-17 18:11 | INFO | Timeout limit is increased to 2500
2024-04-17 18:11 | INFO | Query 32 Size of the uncertainty table is = 832/1200
2024-04-17 18:11 | INFO | Query 32 Size of the filtered table is = 12
2024-04-17 18:12 | INFO | Query 32 Active Learning Random Query Runtime on Validation Set: 107065.39
2024-04-17 18:12 | INFO | Query 32 Active Learning Random Query Runtime on Test Set: 120370.81
2024-04-17 18:12 | INFO | Query 32 Active Learning Random Query Instance Cost: 69208.3
2024-04-17 18:12 | INFO | Timeout limit is increased to 2600
2024-04-17 18:12 | INFO | Query 33 Size of the uncertainty table is = 820/1200
2024-04-17 18:12 | INFO | Query 33 Size of the filtered table is = 12
2024-04-17 18:12 | INFO | Query 33 Active Learning Random Query Runtime on Validation Set: 107065.39
2024-04-17 18:12 | INFO | Query 33 Active Learning Random Query Runtime on Test Set: 120370.79
2024-04-17 18:12 | INFO | Query 33 Active Learning Random Query Instance Cost: 74182.01
2024-04-17 18:12 | INFO | Timeout limit is increased to 2700
2024-04-17 18:12 | INFO | Query 34 Size of the uncertainty table is = 808/1200
2024-04-17 18:12 | INFO | Query 34 Size of the filtered table is = 12
2024-04-17 18:12 | INFO | Query 34 Active Learning Random Query Runtime on Validation Set: 107065.39
2024-04-17 18:12 | INFO | Query 34 Active Learning Random Query Runtime on Test Set: 120370.91
2024-04-17 18:12 | INFO | Query 34 Active Learning Random Query Instance Cost: 74189.79
2024-04-17 18:12 | INFO | Timeout limit is increased to 2800
2024-04-17 18:12 | INFO | Query 35 Size of the uncertainty table is = 796/1200
2024-04-17 18:12 | INFO | Query 35 Size of the filtered table is = 12
2024-04-17 18:12 | INFO | Query 35 Active Learning Random Query Runtime on Validation Set: 107065.39
2024-04-17 18:12 | INFO | Query 35 Active Learning Random Query Runtime on Test Set: 120371.0
2024-04-17 18:12 | INFO | Query 35 Active Learning Random Query Instance Cost: 76546.57
2024-04-17 18:12 | INFO | Timeout limit is increased to 2900
2024-04-17 18:12 | INFO | Query 36 Size of the uncertainty table is = 784/1200
2024-04-17 18:12 | INFO | Query 36 Size of the filtered table is = 12
2024-04-17 18:12 | INFO | Query 36 Active Learning Random Query Runtime on Validation Set: 107065.39
2024-04-17 18:12 | INFO | Query 36 Active Learning Random Query Runtime on Test Set: 120370.96
2024-04-17 18:12 | INFO | Query 36 Active Learning Random Query Instance Cost: 78104.64
2024-04-17 18:12 | INFO | Timeout limit is increased to 3000
2024-04-17 18:12 | INFO | Query 37 Size of the uncertainty table is = 772/1200
2024-04-17 18:12 | INFO | Query 37 Size of the filtered table is = 12
2024-04-17 18:12 | INFO | Query 37 Active Learning Random Query Runtime on Validation Set: 107065.4
2024-04-17 18:12 | INFO | Query 37 Active Learning Random Query Runtime on Test Set: 120370.96
2024-04-17 18:12 | INFO | Query 37 Active Learning Random Query Instance Cost: 82990.07
2024-04-17 18:12 | INFO | Timeout limit is increased to 3100
2024-04-17 18:12 | INFO | Query 38 Size of the uncertainty table is = 760/1200
2024-04-17 18:12 | INFO | Query 38 Size of the filtered table is = 12
2024-04-17 18:12 | INFO | Query 38 Active Learning Random Query Runtime on Validation Set: 107065.39
2024-04-17 18:12 | INFO | Query 38 Active Learning Random Query Runtime on Test Set: 120370.66
2024-04-17 18:12 | INFO | Query 38 Active Learning Random Query Instance Cost: 86907.26
2024-04-17 18:12 | INFO | Query 39 Size of the uncertainty table is = 748/1200
2024-04-17 18:12 | INFO | Query 39 Size of the filtered table is = 12
2024-04-17 18:12 | INFO | Query 39 Active Learning Random Query Runtime on Validation Set: 107065.39
2024-04-17 18:12 | INFO | Query 39 Active Learning Random Query Runtime on Test Set: 120370.7
2024-04-17 18:12 | INFO | Query 39 Active Learning Random Query Instance Cost: 86916.55
2024-04-17 18:12 | INFO | Timeout limit is increased to 3200
2024-04-17 18:12 | INFO | Query 40 Size of the uncertainty table is = 736/1200
2024-04-17 18:12 | INFO | Query 40 Size of the filtered table is = 12
2024-04-17 18:12 | INFO | Query 40 Active Learning Random Query Runtime on Validation Set: 107065.39
2024-04-17 18:12 | INFO | Query 40 Active Learning Random Query Runtime on Test Set: 120370.96
2024-04-17 18:12 | INFO | Query 40 Active Learning Random Query Instance Cost: 86925.66
2024-04-17 18:12 | INFO | Timeout limit is increased to 3300
2024-04-17 18:12 | INFO | Query 41 Size of the uncertainty table is = 724/1200
2024-04-17 18:12 | INFO | Query 41 Size of the filtered table is = 12
2024-04-17 18:12 | INFO | Query 41 Active Learning Random Query Runtime on Validation Set: 107065.39
2024-04-17 18:12 | INFO | Query 41 Active Learning Random Query Runtime on Test Set: 120370.39
2024-04-17 18:12 | INFO | Query 41 Active Learning Random Query Instance Cost: 97371.81
2024-04-17 18:12 | INFO | Timeout limit is increased to 3400
2024-04-17 18:12 | INFO | Query 42 Size of the uncertainty table is = 712/1200
2024-04-17 18:12 | INFO | Query 42 Size of the filtered table is = 12
2024-04-17 18:12 | INFO | Query 42 Active Learning Random Query Runtime on Validation Set: 107065.39
2024-04-17 18:12 | INFO | Query 42 Active Learning Random Query Runtime on Test Set: 120370.31
2024-04-17 18:12 | INFO | Query 42 Active Learning Random Query Instance Cost: 101765.23
2024-04-17 18:12 | INFO | Timeout limit is increased to 3500
2024-04-17 18:12 | INFO | Query 43 Size of the uncertainty table is = 700/1200
2024-04-17 18:12 | INFO | Query 43 Size of the filtered table is = 12
2024-04-17 18:12 | INFO | Query 43 Active Learning Random Query Runtime on Validation Set: 107065.39
2024-04-17 18:12 | INFO | Query 43 Active Learning Random Query Runtime on Test Set: 120370.63
2024-04-17 18:12 | INFO | Query 43 Active Learning Random Query Instance Cost: 101836.13
2024-04-17 18:12 | INFO | Timeout limit is increased to 3600
2024-04-17 18:12 | INFO | Query 44 Size of the uncertainty table is = 688/1200
2024-04-17 18:12 | INFO | Query 44 Size of the filtered table is = 12
2024-04-17 18:12 | INFO | Query 44 Active Learning Random Query Runtime on Validation Set: 107065.39
2024-04-17 18:12 | INFO | Query 44 Active Learning Random Query Runtime on Test Set: 120370.97
2024-04-17 18:12 | INFO | Query 44 Active Learning Random Query Instance Cost: 117249.94
2024-04-17 18:12 | INFO | Timeout limit is increased to 3600
2024-04-17 18:12 | INFO | Query 45 Size of the uncertainty table is = 673/1200
2024-04-17 18:12 | INFO | Query 45 Size of the filtered table is = 12
2024-04-17 18:13 | INFO | Query 45 Active Learning Random Query Runtime on Validation Set: 107065.39
2024-04-17 18:13 | INFO | Query 45 Active Learning Random Query Runtime on Test Set: 120370.85
2024-04-17 18:13 | INFO | Query 45 Active Learning Random Query Instance Cost: 117490.38
2024-04-17 18:13 | INFO | Timeout limit is increased to 3600
2024-04-17 18:13 | INFO | Query 46 Size of the uncertainty table is = 661/1200
2024-04-17 18:13 | INFO | Query 46 Size of the filtered table is = 12
2024-04-17 18:13 | INFO | Query 46 Active Learning Random Query Runtime on Validation Set: 107065.39
2024-04-17 18:13 | INFO | Query 46 Active Learning Random Query Runtime on Test Set: 120370.7
2024-04-17 18:13 | INFO | Query 46 Active Learning Random Query Instance Cost: 121236.95
2024-04-17 18:13 | INFO | Timeout limit is increased to 3600
2024-04-17 18:13 | INFO | Query 47 Size of the uncertainty table is = 649/1200
2024-04-17 18:13 | INFO | Query 47 Size of the filtered table is = 12
2024-04-17 18:13 | INFO | Query 47 Active Learning Random Query Runtime on Validation Set: 107065.39
2024-04-17 18:13 | INFO | Query 47 Active Learning Random Query Runtime on Test Set: 120370.71
2024-04-17 18:13 | INFO | Query 47 Active Learning Random Query Instance Cost: 127388.71
2024-04-17 18:13 | INFO | Timeout limit is increased to 3600
2024-04-17 18:13 | INFO | Query 48 Size of the uncertainty table is = 637/1200
2024-04-17 18:13 | INFO | Query 48 Size of the filtered table is = 12
2024-04-17 18:13 | INFO | Query 48 Active Learning Random Query Runtime on Validation Set: 107065.39
2024-04-17 18:13 | INFO | Query 48 Active Learning Random Query Runtime on Test Set: 117008.39
2024-04-17 18:13 | INFO | Query 48 Active Learning Random Query Instance Cost: 132357.24
2024-04-17 18:13 | INFO | Timeout limit is increased to 3600
2024-04-17 18:13 | INFO | Query 49 Size of the uncertainty table is = 625/1200
2024-04-17 18:13 | INFO | Query 49 Size of the filtered table is = 12
2024-04-17 18:13 | INFO | Query 49 Active Learning Random Query Runtime on Validation Set: 107065.39
2024-04-17 18:13 | INFO | Query 49 Active Learning Random Query Runtime on Test Set: 117009.52
2024-04-17 18:13 | INFO | Query 49 Active Learning Random Query Instance Cost: 135844.08
2024-04-17 18:13 | INFO | Timeout limit is increased to 3600
2024-04-17 18:13 | INFO | Query 50 Size of the uncertainty table is = 613/1200
2024-04-17 18:13 | INFO | Query 50 Size of the filtered table is = 12
2024-04-17 18:13 | INFO | Query 50 Active Learning Random Query Runtime on Validation Set: 107065.39
2024-04-17 18:13 | INFO | Query 50 Active Learning Random Query Runtime on Test Set: 117009.2
2024-04-17 18:13 | INFO | Query 50 Active Learning Random Query Instance Cost: 143476.69
2024-04-17 18:13 | INFO | Timeout limit is increased to 3600
2024-04-17 18:13 | INFO | Query 51 Size of the uncertainty table is = 601/1200
2024-04-17 18:13 | INFO | Query 51 Size of the filtered table is = 12
2024-04-17 18:13 | INFO | Query 51 Active Learning Random Query Runtime on Validation Set: 107065.39
2024-04-17 18:13 | INFO | Query 51 Active Learning Random Query Runtime on Test Set: 117009.16
2024-04-17 18:13 | INFO | Query 51 Active Learning Random Query Instance Cost: 147840.08
2024-04-17 18:13 | INFO | Timeout limit is increased to 3600
2024-04-17 18:13 | INFO | Query 52 Size of the uncertainty table is = 589/1200
2024-04-17 18:13 | INFO | Query 52 Size of the filtered table is = 12
2024-04-17 18:13 | INFO | Query 52 Active Learning Random Query Runtime on Validation Set: 107065.39
2024-04-17 18:13 | INFO | Query 52 Active Learning Random Query Runtime on Test Set: 117009.24
2024-04-17 18:13 | INFO | Query 52 Active Learning Random Query Instance Cost: 156983.58
2024-04-17 18:13 | INFO | Timeout limit is increased to 3600
2024-04-17 18:13 | INFO | Query 53 Size of the uncertainty table is = 577/1200
2024-04-17 18:13 | INFO | Query 53 Size of the filtered table is = 12
2024-04-17 18:13 | INFO | Query 53 Active Learning Random Query Runtime on Validation Set: 107065.39
2024-04-17 18:13 | INFO | Query 53 Active Learning Random Query Runtime on Test Set: 117009.34
2024-04-17 18:13 | INFO | Query 53 Active Learning Random Query Instance Cost: 160605.19
2024-04-17 18:13 | INFO | Timeout limit is increased to 3600
2024-04-17 18:13 | INFO | Query 54 Size of the uncertainty table is = 565/1200
2024-04-17 18:13 | INFO | Query 54 Size of the filtered table is = 12
2024-04-17 18:13 | INFO | Query 54 Active Learning Random Query Runtime on Validation Set: 107065.39
2024-04-17 18:13 | INFO | Query 54 Active Learning Random Query Runtime on Test Set: 117009.28
2024-04-17 18:13 | INFO | Query 54 Active Learning Random Query Instance Cost: 168701.58
2024-04-17 18:13 | INFO | Timeout limit is increased to 3600
2024-04-17 18:13 | INFO | Query 55 Size of the uncertainty table is = 553/1200
2024-04-17 18:13 | INFO | Query 55 Size of the filtered table is = 12
2024-04-17 18:13 | INFO | Query 55 Active Learning Random Query Runtime on Validation Set: 107065.39
2024-04-17 18:13 | INFO | Query 55 Active Learning Random Query Runtime on Test Set: 117007.93
2024-04-17 18:13 | INFO | Query 55 Active Learning Random Query Instance Cost: 176418.4
2024-04-17 18:13 | INFO | Timeout limit is increased to 3600
2024-04-17 18:13 | INFO | Query 56 Size of the uncertainty table is = 541/1200
2024-04-17 18:13 | INFO | Query 56 Size of the filtered table is = 12
2024-04-17 18:13 | INFO | Query 56 Active Learning Random Query Runtime on Validation Set: 107065.39
2024-04-17 18:13 | INFO | Query 56 Active Learning Random Query Runtime on Test Set: 116998.65
2024-04-17 18:13 | INFO | Query 56 Active Learning Random Query Instance Cost: 188298.16
2024-04-17 18:13 | INFO | Timeout limit is increased to 3600
2024-04-17 18:13 | INFO | Query 57 Size of the uncertainty table is = 529/1200
2024-04-17 18:13 | INFO | Query 57 Size of the filtered table is = 12
2024-04-17 18:14 | INFO | Query 57 Active Learning Random Query Runtime on Validation Set: 107065.39
2024-04-17 18:14 | INFO | Query 57 Active Learning Random Query Runtime on Test Set: 116997.52
2024-04-17 18:14 | INFO | Query 57 Active Learning Random Query Instance Cost: 211094.21
2024-04-17 18:14 | INFO | Timeout limit is increased to 3600
2024-04-17 18:14 | INFO | Query 58 Size of the uncertainty table is = 517/1200
2024-04-17 18:14 | INFO | Query 58 Size of the filtered table is = 12
2024-04-17 18:14 | INFO | Query 58 Active Learning Random Query Runtime on Validation Set: 107065.39
2024-04-17 18:14 | INFO | Query 58 Active Learning Random Query Runtime on Test Set: 116998.84
2024-04-17 18:14 | INFO | Query 58 Active Learning Random Query Instance Cost: 211102.69
2024-04-17 18:14 | INFO | Timeout limit is increased to 3600
2024-04-17 18:14 | INFO | Query 59 Size of the uncertainty table is = 505/1200
2024-04-17 18:14 | INFO | Query 59 Size of the filtered table is = 12
2024-04-17 18:14 | INFO | Query 59 Active Learning Random Query Runtime on Validation Set: 107065.39
2024-04-17 18:14 | INFO | Query 59 Active Learning Random Query Runtime on Test Set: 116998.6
2024-04-17 18:14 | INFO | Query 59 Active Learning Random Query Instance Cost: 218541.79
2024-04-17 18:14 | INFO | Timeout limit is increased to 3600
2024-04-17 18:14 | INFO | Query 60 Size of the uncertainty table is = 493/1200
2024-04-17 18:14 | INFO | Query 60 Size of the filtered table is = 12
2024-04-17 18:14 | INFO | Query 60 Active Learning Random Query Runtime on Validation Set: 107065.39
2024-04-17 18:14 | INFO | Query 60 Active Learning Random Query Runtime on Test Set: 116998.63
2024-04-17 18:14 | INFO | Query 60 Active Learning Random Query Instance Cost: 224807.68
2024-04-17 18:14 | INFO | Timeout limit is increased to 3600
2024-04-17 18:14 | INFO | Query 61 Size of the uncertainty table is = 481/1200
2024-04-17 18:14 | INFO | Query 61 Size of the filtered table is = 12
2024-04-17 18:14 | INFO | Query 61 Active Learning Random Query Runtime on Validation Set: 107065.39
2024-04-17 18:14 | INFO | Query 61 Active Learning Random Query Runtime on Test Set: 116998.88
2024-04-17 18:14 | INFO | Query 61 Active Learning Random Query Instance Cost: 229520.18
2024-04-17 18:14 | INFO | Timeout limit is increased to 3600
2024-04-17 18:14 | INFO | Query 62 Size of the uncertainty table is = 469/1200
2024-04-17 18:14 | INFO | Query 62 Size of the filtered table is = 12
2024-04-17 18:14 | INFO | Query 62 Active Learning Random Query Runtime on Validation Set: 107065.39
2024-04-17 18:14 | INFO | Query 62 Active Learning Random Query Runtime on Test Set: 116998.6
2024-04-17 18:14 | INFO | Query 62 Active Learning Random Query Instance Cost: 233537.11
2024-04-17 18:14 | INFO | Timeout limit is increased to 3600
2024-04-17 18:14 | INFO | Query 63 Size of the uncertainty table is = 457/1200
2024-04-17 18:14 | INFO | Query 63 Size of the filtered table is = 12
2024-04-17 18:14 | INFO | Query 63 Active Learning Random Query Runtime on Validation Set: 107065.39
2024-04-17 18:14 | INFO | Query 63 Active Learning Random Query Runtime on Test Set: 116998.71
2024-04-17 18:14 | INFO | Query 63 Active Learning Random Query Instance Cost: 233546.07
2024-04-17 18:14 | INFO | Timeout limit is increased to 3600
2024-04-17 18:14 | INFO | Query 64 Size of the uncertainty table is = 445/1200
2024-04-17 18:14 | INFO | Query 64 Size of the filtered table is = 12
2024-04-17 18:14 | INFO | Query 64 Active Learning Random Query Runtime on Validation Set: 107065.39
2024-04-17 18:14 | INFO | Query 64 Active Learning Random Query Runtime on Test Set: 116998.52
2024-04-17 18:14 | INFO | Query 64 Active Learning Random Query Instance Cost: 233578.45
2024-04-17 18:14 | INFO | Timeout limit is increased to 3600
2024-04-17 18:14 | INFO | Query 65 Size of the uncertainty table is = 433/1200
2024-04-17 18:14 | INFO | Query 65 Size of the filtered table is = 12
2024-04-17 18:14 | INFO | Query 65 Active Learning Random Query Runtime on Validation Set: 107065.39
2024-04-17 18:14 | INFO | Query 65 Active Learning Random Query Runtime on Test Set: 116998.52
2024-04-17 18:14 | INFO | Query 65 Active Learning Random Query Instance Cost: 237229.73
2024-04-17 18:14 | INFO | Timeout limit is increased to 3600
2024-04-17 18:14 | INFO | Query 66 Size of the uncertainty table is = 421/1200
2024-04-17 18:14 | INFO | Query 66 Size of the filtered table is = 12
2024-04-17 18:14 | INFO | Query 66 Active Learning Random Query Runtime on Validation Set: 107065.39
2024-04-17 18:14 | INFO | Query 66 Active Learning Random Query Runtime on Test Set: 116998.66
2024-04-17 18:14 | INFO | Query 66 Active Learning Random Query Instance Cost: 252318.84
2024-04-17 18:14 | INFO | Timeout limit is increased to 3600
2024-04-17 18:14 | INFO | Query 67 Size of the uncertainty table is = 409/1200
2024-04-17 18:14 | INFO | Query 67 Size of the filtered table is = 12
2024-04-17 18:14 | INFO | Query 67 Active Learning Random Query Runtime on Validation Set: 107065.39
2024-04-17 18:14 | INFO | Query 67 Active Learning Random Query Runtime on Test Set: 116998.62
2024-04-17 18:14 | INFO | Query 67 Active Learning Random Query Instance Cost: 252343.36
2024-04-17 18:14 | INFO | Timeout limit is increased to 3600
2024-04-17 18:14 | INFO | Query 68 Size of the uncertainty table is = 397/1200
2024-04-17 18:14 | INFO | Query 68 Size of the filtered table is = 12
2024-04-17 18:14 | INFO | Query 68 Active Learning Random Query Runtime on Validation Set: 107065.39
2024-04-17 18:14 | INFO | Query 68 Active Learning Random Query Runtime on Test Set: 116998.69
2024-04-17 18:14 | INFO | Query 68 Active Learning Random Query Instance Cost: 255987.97
2024-04-17 18:14 | INFO | Timeout limit is increased to 3600
2024-04-17 18:14 | INFO | Query 69 Size of the uncertainty table is = 385/1200
2024-04-17 18:14 | INFO | Query 69 Size of the filtered table is = 12
2024-04-17 18:15 | INFO | Query 69 Active Learning Random Query Runtime on Validation Set: 107065.39
2024-04-17 18:15 | INFO | Query 69 Active Learning Random Query Runtime on Test Set: 115512.11
2024-04-17 18:15 | INFO | Query 69 Active Learning Random Query Instance Cost: 266923.51
2024-04-17 18:15 | INFO | Timeout limit is increased to 3600
2024-04-17 18:15 | INFO | Query 70 Size of the uncertainty table is = 373/1200
2024-04-17 18:15 | INFO | Query 70 Size of the filtered table is = 12
2024-04-17 18:15 | INFO | Query 70 Active Learning Random Query Runtime on Validation Set: 107065.39
2024-04-17 18:15 | INFO | Query 70 Active Learning Random Query Runtime on Test Set: 116998.94
2024-04-17 18:15 | INFO | Query 70 Active Learning Random Query Instance Cost: 281709.9
2024-04-17 18:15 | INFO | Timeout limit is increased to 3600
2024-04-17 18:15 | INFO | Query 71 Size of the uncertainty table is = 361/1200
2024-04-17 18:15 | INFO | Query 71 Size of the filtered table is = 12
2024-04-17 18:15 | INFO | Query 71 Active Learning Random Query Runtime on Validation Set: 107065.39
2024-04-17 18:15 | INFO | Query 71 Active Learning Random Query Runtime on Test Set: 116998.29
2024-04-17 18:15 | INFO | Query 71 Active Learning Random Query Instance Cost: 293231.34
2024-04-17 18:15 | INFO | Timeout limit is increased to 3600
2024-04-17 18:15 | INFO | Query 72 Size of the uncertainty table is = 349/1200
2024-04-17 18:15 | INFO | Query 72 Size of the filtered table is = 12
2024-04-17 18:15 | INFO | Query 72 Active Learning Random Query Runtime on Validation Set: 107065.39
2024-04-17 18:15 | INFO | Query 72 Active Learning Random Query Runtime on Test Set: 81467.98
2024-04-17 18:15 | INFO | Query 72 Active Learning Random Query Instance Cost: 301114.4
2024-04-17 18:15 | INFO | Timeout limit is increased to 3600
2024-04-17 18:15 | INFO | Query 73 Size of the uncertainty table is = 337/1200
2024-04-17 18:15 | INFO | Query 73 Size of the filtered table is = 12
2024-04-17 18:15 | INFO | Query 73 Active Learning Random Query Runtime on Validation Set: 107065.39
2024-04-17 18:15 | INFO | Query 73 Active Learning Random Query Runtime on Test Set: 81468.13
2024-04-17 18:15 | INFO | Query 73 Active Learning Random Query Instance Cost: 307636.79
2024-04-17 18:15 | INFO | Timeout limit is increased to 3600
2024-04-17 18:15 | INFO | Query 74 Size of the uncertainty table is = 325/1200
2024-04-17 18:15 | INFO | Query 74 Size of the filtered table is = 12
2024-04-17 18:15 | INFO | Query 74 Active Learning Random Query Runtime on Validation Set: 107065.39
2024-04-17 18:15 | INFO | Query 74 Active Learning Random Query Runtime on Test Set: 81468.1
2024-04-17 18:15 | INFO | Query 74 Active Learning Random Query Instance Cost: 326175.68
2024-04-17 18:15 | INFO | Timeout limit is increased to 3600
2024-04-17 18:15 | INFO | Query 75 Size of the uncertainty table is = 313/1200
2024-04-17 18:15 | INFO | Query 75 Size of the filtered table is = 12
2024-04-17 18:15 | INFO | Query 75 Active Learning Random Query Runtime on Validation Set: 107065.39
2024-04-17 18:15 | INFO | Query 75 Active Learning Random Query Runtime on Test Set: 81468.09
2024-04-17 18:15 | INFO | Query 75 Active Learning Random Query Instance Cost: 339109.41
2024-04-17 18:15 | INFO | Timeout limit is increased to 3600
2024-04-17 18:15 | INFO | Query 76 Size of the uncertainty table is = 301/1200
2024-04-17 18:15 | INFO | Query 76 Size of the filtered table is = 12
2024-04-17 18:15 | INFO | Query 76 Active Learning Random Query Runtime on Validation Set: 107065.39
2024-04-17 18:15 | INFO | Query 76 Active Learning Random Query Runtime on Test Set: 81468.13
2024-04-17 18:15 | INFO | Query 76 Active Learning Random Query Instance Cost: 348134.27
2024-04-17 18:15 | INFO | Timeout limit is increased to 3600
2024-04-17 18:15 | INFO | Query 77 Size of the uncertainty table is = 289/1200
2024-04-17 18:15 | INFO | Query 77 Size of the filtered table is = 12
2024-04-17 18:15 | INFO | Query 77 Active Learning Random Query Runtime on Validation Set: 107065.39
2024-04-17 18:15 | INFO | Query 77 Active Learning Random Query Runtime on Test Set: 81468.13
2024-04-17 18:15 | INFO | Query 77 Active Learning Random Query Instance Cost: 348221.65
2024-04-17 18:15 | INFO | Timeout limit is increased to 3600
2024-04-17 18:15 | INFO | Query 78 Size of the uncertainty table is = 277/1200
2024-04-17 18:15 | INFO | Query 78 Size of the filtered table is = 12
2024-04-17 18:15 | INFO | Query 78 Active Learning Random Query Runtime on Validation Set: 107065.39
2024-04-17 18:15 | INFO | Query 78 Active Learning Random Query Runtime on Test Set: 81468.7
2024-04-17 18:15 | INFO | Query 78 Active Learning Random Query Instance Cost: 355461.29
2024-04-17 18:15 | INFO | Timeout limit is increased to 3600
2024-04-17 18:15 | INFO | Query 79 Size of the uncertainty table is = 265/1200
2024-04-17 18:15 | INFO | Query 79 Size of the filtered table is = 12
2024-04-17 18:15 | INFO | Query 79 Active Learning Random Query Runtime on Validation Set: 107065.39
2024-04-17 18:15 | INFO | Query 79 Active Learning Random Query Runtime on Test Set: 81468.7
2024-04-17 18:15 | INFO | Query 79 Active Learning Random Query Instance Cost: 365040.34
2024-04-17 18:15 | INFO | Timeout limit is increased to 3600
2024-04-17 18:15 | INFO | Query 80 Size of the uncertainty table is = 253/1200
2024-04-17 18:15 | INFO | Query 80 Size of the filtered table is = 12
2024-04-17 18:15 | INFO | Query 80 Active Learning Random Query Runtime on Validation Set: 107065.39
2024-04-17 18:15 | INFO | Query 80 Active Learning Random Query Runtime on Test Set: 81468.7
2024-04-17 18:15 | INFO | Query 80 Active Learning Random Query Instance Cost: 372263.87
2024-04-17 18:15 | INFO | Timeout limit is increased to 3600
2024-04-17 18:15 | INFO | Query 81 Size of the uncertainty table is = 241/1200
2024-04-17 18:15 | INFO | Query 81 Size of the filtered table is = 12
2024-04-17 18:16 | INFO | Query 81 Active Learning Random Query Runtime on Validation Set: 107065.39
2024-04-17 18:16 | INFO | Query 81 Active Learning Random Query Runtime on Test Set: 81468.13
2024-04-17 18:16 | INFO | Query 81 Active Learning Random Query Instance Cost: 391937.74
2024-04-17 18:16 | INFO | Timeout limit is increased to 3600
2024-04-17 18:16 | INFO | Query 82 Size of the uncertainty table is = 229/1200
2024-04-17 18:16 | INFO | Query 82 Size of the filtered table is = 12
2024-04-17 18:16 | INFO | Query 82 Active Learning Random Query Runtime on Validation Set: 107065.39
2024-04-17 18:16 | INFO | Query 82 Active Learning Random Query Runtime on Test Set: 81468.14
2024-04-17 18:16 | INFO | Query 82 Active Learning Random Query Instance Cost: 397540.56
2024-04-17 18:16 | INFO | Timeout limit is increased to 3600
2024-04-17 18:16 | INFO | Query 83 Size of the uncertainty table is = 217/1200
2024-04-17 18:16 | INFO | Query 83 Size of the filtered table is = 12
2024-04-17 18:16 | INFO | Query 83 Active Learning Random Query Runtime on Validation Set: 107065.39
2024-04-17 18:16 | INFO | Query 83 Active Learning Random Query Runtime on Test Set: 81468.13
2024-04-17 18:16 | INFO | Query 83 Active Learning Random Query Instance Cost: 401185.45
2024-04-17 18:16 | INFO | Timeout limit is increased to 3600
2024-04-17 18:16 | INFO | Query 84 Size of the uncertainty table is = 205/1200
2024-04-17 18:16 | INFO | Query 84 Size of the filtered table is = 12
2024-04-17 18:16 | INFO | Query 84 Active Learning Random Query Runtime on Validation Set: 107065.39
2024-04-17 18:16 | INFO | Query 84 Active Learning Random Query Runtime on Test Set: 81467.99
2024-04-17 18:16 | INFO | Query 84 Active Learning Random Query Instance Cost: 408448.69
2024-04-17 18:16 | INFO | Timeout limit is increased to 3600
2024-04-17 18:16 | INFO | Query 85 Size of the uncertainty table is = 193/1200
2024-04-17 18:16 | INFO | Query 85 Size of the filtered table is = 12
2024-04-17 18:16 | INFO | Query 85 Active Learning Random Query Runtime on Validation Set: 107065.39
2024-04-17 18:16 | INFO | Query 85 Active Learning Random Query Runtime on Test Set: 81468.13
2024-04-17 18:16 | INFO | Query 85 Active Learning Random Query Instance Cost: 417255.84
2024-04-17 18:16 | INFO | Timeout limit is increased to 3600
2024-04-17 18:16 | INFO | Query 86 Size of the uncertainty table is = 181/1200
2024-04-17 18:16 | INFO | Query 86 Size of the filtered table is = 12
2024-04-17 18:16 | INFO | Query 86 Active Learning Random Query Runtime on Validation Set: 107065.39
2024-04-17 18:16 | INFO | Query 86 Active Learning Random Query Runtime on Test Set: 116998.43
2024-04-17 18:16 | INFO | Query 86 Active Learning Random Query Instance Cost: 421033.94
2024-04-17 18:16 | INFO | Timeout limit is increased to 3600
2024-04-17 18:16 | INFO | Query 87 Size of the uncertainty table is = 169/1200
2024-04-17 18:16 | INFO | Query 87 Size of the filtered table is = 12
2024-04-17 18:16 | INFO | Query 87 Active Learning Random Query Runtime on Validation Set: 107065.39
2024-04-17 18:16 | INFO | Query 87 Active Learning Random Query Runtime on Test Set: 81467.98
2024-04-17 18:16 | INFO | Query 87 Active Learning Random Query Instance Cost: 430069.83
2024-04-17 18:16 | INFO | Timeout limit is increased to 3600
2024-04-17 18:16 | INFO | Query 88 Size of the uncertainty table is = 157/1200
2024-04-17 18:16 | INFO | Query 88 Size of the filtered table is = 12
2024-04-17 18:16 | INFO | Query 88 Active Learning Random Query Runtime on Validation Set: 107065.39
2024-04-17 18:16 | INFO | Query 88 Active Learning Random Query Runtime on Test Set: 115511.99
2024-04-17 18:16 | INFO | Query 88 Active Learning Random Query Instance Cost: 434283.78
2024-04-17 18:16 | INFO | Timeout limit is increased to 3600
2024-04-17 18:16 | INFO | Query 89 Size of the uncertainty table is = 145/1200
2024-04-17 18:16 | INFO | Query 89 Size of the filtered table is = 12
2024-04-17 18:16 | INFO | Query 89 Active Learning Random Query Runtime on Validation Set: 107065.39
2024-04-17 18:16 | INFO | Query 89 Active Learning Random Query Runtime on Test Set: 79981.7
2024-04-17 18:16 | INFO | Query 89 Active Learning Random Query Instance Cost: 446261.61
2024-04-17 18:16 | INFO | Timeout limit is increased to 3600
2024-04-17 18:16 | INFO | Query 90 Size of the uncertainty table is = 133/1200
2024-04-17 18:16 | INFO | Query 90 Size of the filtered table is = 12
2024-04-17 18:16 | INFO | Query 90 Active Learning Random Query Runtime on Validation Set: 107065.39
2024-04-17 18:16 | INFO | Query 90 Active Learning Random Query Runtime on Test Set: 81468.05
2024-04-17 18:16 | INFO | Query 90 Active Learning Random Query Instance Cost: 446271.52
2024-04-17 18:16 | INFO | Timeout limit is increased to 3600
2024-04-17 18:16 | INFO | Query 91 Size of the uncertainty table is = 121/1200
2024-04-17 18:16 | INFO | Query 91 Size of the filtered table is = 12
2024-04-17 18:16 | INFO | Query 91 Active Learning Random Query Runtime on Validation Set: 107065.39
2024-04-17 18:16 | INFO | Query 91 Active Learning Random Query Runtime on Test Set: 79981.7
2024-04-17 18:16 | INFO | Query 91 Active Learning Random Query Instance Cost: 451620.94
2024-04-17 18:16 | INFO | Timeout limit is increased to 3600
2024-04-17 18:16 | INFO | Query 92 Size of the uncertainty table is = 109/1200
2024-04-17 18:16 | INFO | Query 92 Size of the filtered table is = 12
2024-04-17 18:16 | INFO | Query 92 Active Learning Random Query Runtime on Validation Set: 107065.39
2024-04-17 18:16 | INFO | Query 92 Active Learning Random Query Runtime on Test Set: 81468.05
2024-04-17 18:16 | INFO | Query 92 Active Learning Random Query Instance Cost: 458094.96
2024-04-17 18:16 | INFO | Timeout limit is increased to 3600
2024-04-17 18:16 | INFO | Query 93 Size of the uncertainty table is = 97/1200
2024-04-17 18:16 | INFO | Query 93 Size of the filtered table is = 12
2024-04-17 18:17 | INFO | Query 93 Active Learning Random Query Runtime on Validation Set: 107065.39
2024-04-17 18:17 | INFO | Query 93 Active Learning Random Query Runtime on Test Set: 79981.7
2024-04-17 18:17 | INFO | Query 93 Active Learning Random Query Instance Cost: 459072.02
2024-04-17 18:17 | INFO | Timeout limit is increased to 3600
2024-04-17 18:17 | INFO | Query 94 Size of the uncertainty table is = 85/1200
2024-04-17 18:17 | INFO | Query 94 Size of the filtered table is = 12
2024-04-17 18:17 | INFO | Query 94 Active Learning Random Query Runtime on Validation Set: 107065.39
2024-04-17 18:17 | INFO | Query 94 Active Learning Random Query Runtime on Test Set: 81468.05
2024-04-17 18:17 | INFO | Query 94 Active Learning Random Query Instance Cost: 462721.95
2024-04-17 18:17 | INFO | Timeout limit is increased to 3600
2024-04-17 18:17 | INFO | Query 95 Size of the uncertainty table is = 73/1200
2024-04-17 18:17 | INFO | Query 95 Size of the filtered table is = 12
2024-04-17 18:17 | INFO | Query 95 Active Learning Random Query Runtime on Validation Set: 107065.39
2024-04-17 18:17 | INFO | Query 95 Active Learning Random Query Runtime on Test Set: 79981.71
2024-04-17 18:17 | INFO | Query 95 Active Learning Random Query Instance Cost: 470267.51
2024-04-17 18:17 | INFO | Timeout limit is increased to 3600
2024-04-17 18:17 | INFO | Query 96 Size of the uncertainty table is = 61/1200
2024-04-17 18:17 | INFO | Query 96 Size of the filtered table is = 12
2024-04-17 18:17 | INFO | Query 96 Active Learning Random Query Runtime on Validation Set: 107065.39
2024-04-17 18:17 | INFO | Query 96 Active Learning Random Query Runtime on Test Set: 81468.08
2024-04-17 18:17 | INFO | Query 96 Active Learning Random Query Instance Cost: 474790.69
2024-04-17 18:17 | INFO | Timeout limit is increased to 3600
2024-04-17 18:17 | INFO | Query 97 Size of the uncertainty table is = 49/1200
2024-04-17 18:17 | INFO | Query 97 Size of the filtered table is = 12
2024-04-17 18:17 | INFO | Query 97 Active Learning Random Query Runtime on Validation Set: 107065.39
2024-04-17 18:17 | INFO | Query 97 Active Learning Random Query Runtime on Test Set: 79981.75
2024-04-17 18:17 | INFO | Query 97 Active Learning Random Query Instance Cost: 478435.89
2024-04-17 18:17 | INFO | Timeout limit is increased to 3600
2024-04-17 18:17 | INFO | Query 98 Size of the uncertainty table is = 37/1200
2024-04-17 18:17 | INFO | Query 98 Size of the filtered table is = 12
2024-04-17 18:17 | INFO | Query 98 Active Learning Random Query Runtime on Validation Set: 107065.39
2024-04-17 18:17 | INFO | Query 98 Active Learning Random Query Runtime on Test Set: 81468.07
2024-04-17 18:17 | INFO | Query 98 Active Learning Random Query Instance Cost: 485863.57
2024-04-17 18:17 | INFO | Timeout limit is increased to 3600
2024-04-17 18:17 | INFO | Query 99 Size of the uncertainty table is = 25/1200
2024-04-17 18:17 | INFO | Query 99 Size of the filtered table is = 12
2024-04-17 18:17 | INFO | Query 99 Active Learning Random Query Runtime on Validation Set: 107065.39
2024-04-17 18:17 | INFO | Query 99 Active Learning Random Query Runtime on Test Set: 81468.07
2024-04-17 18:17 | INFO | Query 99 Active Learning Random Query Instance Cost: 488524.05
2024-04-17 18:17 | INFO | Timeout limit is increased to 3600
2024-04-17 18:17 | INFO | Query 100 Size of the uncertainty table is = 13/1200
2024-04-17 18:17 | INFO | Query 100 Size of the filtered table is = 12
2024-04-17 18:17 | INFO | Query 100 Active Learning Random Query Runtime on Validation Set: 107065.39
2024-04-17 18:17 | INFO | Query 100 Active Learning Random Query Runtime on Test Set: 81468.05
2024-04-17 18:17 | INFO | Query 100 Active Learning Random Query Instance Cost: 493249.33
2024-04-17 18:17 | INFO | Timeout limit is increased to 3600
2024-04-17 18:17 | INFO | Query 101 Size of the uncertainty table is = 1/1200
2024-04-17 18:17 | INFO | Query 101 Size of the filtered table is = 1
2024-04-17 18:17 | INFO | Query 101 Active Learning Random Query Runtime on Validation Set: 107065.39
2024-04-17 18:17 | INFO | Query 101 Active Learning Random Query Runtime on Test Set: 81468.05
2024-04-17 18:17 | INFO | Query 101 Active Learning Random Query Instance Cost: 495539.09
2024-04-17 18:17 | INFO | Timeout limit is increased to 3600
2024-04-17 18:17 | INFO | runtime_train_score is written as json file
2024-04-17 18:17 | INFO | runtime_test_score is written as json file
2024-04-17 18:17 | INFO | runtime_validation_score is written as json file
2024-04-17 18:17 | INFO | instance_cost is written as json file
2024-04-17 18:17 | INFO | Experiment is finished
