2024-04-17 17:52 | INFO | Paramaters are: {'dataset': 'CPMP-2015', 'penalty': 10, 'weight': 'No_Weight', 'voting': 'Hard', 'pre_selection_size': 64, 'pre_selection_technique': 'No_pre_selection', 'feature_elimination_threshold': 20, 'imputer_strategy': 'median', 'feature_selection_technique': 'No_feature_selection', 'feature_scaling_technique': 'StandardScaler', 'initial_train_size': 20, 'query_size': 1, 'timeout_predictor_usage': 'Yes', 'timeout_limit': 3600, 'timeout_increase_rate': 100, 'RANDOM_STATE_SEED': 7, 'n_splits': 10, 'split_number': 4, 'max_timeout': 3600, 'param_grid': {'n_estimators': 100, 'criterion': 'gini', 'max_features': 'sqrt', 'max_depth': 2147483648, 'min_samples_split': 2, 'bootstrap': True}}
2024-04-17 17:52 | INFO | CPMP-2015 is current dataset
2024-04-17 17:52 | INFO | DATASETS/CPMP-2015/algorithm_runs.csv is found
2024-04-17 17:52 | INFO | DATASETS/CPMP-2015/algorithm_runs.csv is finished
2024-04-17 17:52 | INFO | DATASETS/CPMP-2015/feature_values.csv is found
2024-04-17 17:52 | INFO | DATASETS/CPMP-2015/feature_values.csv is finished
2024-04-17 17:52 | INFO | Feature cost of train set is 0
2024-04-17 17:53 | INFO | Initial Active Learning Random Query Runtime on Validation Set: 136447.62
2024-04-17 17:53 | INFO | Initial Active Learning Random Query Runtime on Test Set: 619040.85
2024-04-17 17:53 | INFO | Initial Active Learning Random Query Instance Cost: 71057.87
2024-04-17 17:53 | INFO | Bin size = 21
2024-04-17 17:53 | INFO | Query 1 Size of the uncertainty table is = 2154/2154
2024-04-17 17:53 | INFO | Query 1 Size of the filtered table is = 21
2024-04-17 17:53 | INFO | Query 1 Active Learning Random Query Runtime on Validation Set: 136350.22
2024-04-17 17:53 | INFO | Query 1 Active Learning Random Query Runtime on Test Set: 583600.72
2024-04-17 17:53 | INFO | Query 1 Active Learning Random Query Instance Cost: 105409.69
2024-04-17 17:53 | INFO | Query 2 Size of the uncertainty table is = 2132/2154
2024-04-17 17:53 | INFO | Query 2 Size of the filtered table is = 21
2024-04-17 17:53 | INFO | Query 2 Active Learning Random Query Runtime on Validation Set: 170432.19
2024-04-17 17:53 | INFO | Query 2 Active Learning Random Query Runtime on Test Set: 622232.35
2024-04-17 17:53 | INFO | Query 2 Active Learning Random Query Instance Cost: 131053.03
2024-04-17 17:53 | INFO | Timeout limit is increased to 3600
2024-04-17 17:53 | INFO | Query 3 Size of the uncertainty table is = 2107/2154
2024-04-17 17:53 | INFO | Query 3 Size of the filtered table is = 21
2024-04-17 17:53 | INFO | Query 3 Active Learning Random Query Runtime on Validation Set: 170880.94
2024-04-17 17:53 | INFO | Query 3 Active Learning Random Query Runtime on Test Set: 619897.14
2024-04-17 17:53 | INFO | Query 3 Active Learning Random Query Instance Cost: 170850.89
2024-04-17 17:53 | INFO | Timeout limit is increased to 3600
2024-04-17 17:53 | INFO | Query 4 Size of the uncertainty table is = 2085/2154
2024-04-17 17:53 | INFO | Query 4 Size of the filtered table is = 21
2024-04-17 17:53 | INFO | Query 4 Active Learning Random Query Runtime on Validation Set: 239564.88
2024-04-17 17:53 | INFO | Query 4 Active Learning Random Query Runtime on Test Set: 482274.18
2024-04-17 17:53 | INFO | Query 4 Active Learning Random Query Instance Cost: 218066.58
2024-04-17 17:53 | INFO | Timeout limit is increased to 3600
2024-04-17 17:53 | INFO | Query 5 Size of the uncertainty table is = 2058/2154
2024-04-17 17:53 | INFO | Query 5 Size of the filtered table is = 21
2024-04-17 17:53 | INFO | Query 5 Active Learning Random Query Runtime on Validation Set: 205847.89
2024-04-17 17:53 | INFO | Query 5 Active Learning Random Query Runtime on Test Set: 478360.9
2024-04-17 17:53 | INFO | Query 5 Active Learning Random Query Instance Cost: 255385.64
2024-04-17 17:53 | INFO | Query 6 Size of the uncertainty table is = 2032/2154
2024-04-17 17:53 | INFO | Query 6 Size of the filtered table is = 21
2024-04-17 17:53 | INFO | Query 6 Active Learning Random Query Runtime on Validation Set: 691101.53
2024-04-17 17:53 | INFO | Query 6 Active Learning Random Query Runtime on Test Set: 582463.58
2024-04-17 17:53 | INFO | Query 6 Active Learning Random Query Instance Cost: 285972.82
2024-04-17 17:53 | INFO | Timeout limit is increased to 3600
2024-04-17 17:53 | INFO | Query 7 Size of the uncertainty table is = 1997/2154
2024-04-17 17:53 | INFO | Query 7 Size of the filtered table is = 21
2024-04-17 17:54 | INFO | Query 7 Active Learning Random Query Runtime on Validation Set: 380172.61
2024-04-17 17:54 | INFO | Query 7 Active Learning Random Query Runtime on Test Set: 546556.15
2024-04-17 17:54 | INFO | Query 7 Active Learning Random Query Instance Cost: 340037.05
2024-04-17 17:54 | INFO | Query 8 Size of the uncertainty table is = 1970/2154
2024-04-17 17:54 | INFO | Query 8 Size of the filtered table is = 21
2024-04-17 17:54 | INFO | Query 8 Active Learning Random Query Runtime on Validation Set: 414161.37
2024-04-17 17:54 | INFO | Query 8 Active Learning Random Query Runtime on Test Set: 546461.08
2024-04-17 17:54 | INFO | Query 8 Active Learning Random Query Instance Cost: 383545.7
2024-04-17 17:54 | INFO | Timeout limit is increased to 3600
2024-04-17 17:54 | INFO | Query 9 Size of the uncertainty table is = 1942/2154
2024-04-17 17:54 | INFO | Query 9 Size of the filtered table is = 21
2024-04-17 17:54 | INFO | Query 9 Active Learning Random Query Runtime on Validation Set: 557247.94
2024-04-17 17:54 | INFO | Query 9 Active Learning Random Query Runtime on Test Set: 509321.34
2024-04-17 17:54 | INFO | Query 9 Active Learning Random Query Instance Cost: 441405.26
2024-04-17 17:54 | INFO | Timeout limit is increased to 3600
2024-04-17 17:54 | INFO | Query 10 Size of the uncertainty table is = 1915/2154
2024-04-17 17:54 | INFO | Query 10 Size of the filtered table is = 21
2024-04-17 17:54 | INFO | Query 10 Active Learning Random Query Runtime on Validation Set: 486722.63
2024-04-17 17:54 | INFO | Query 10 Active Learning Random Query Runtime on Test Set: 474936.16
2024-04-17 17:54 | INFO | Query 10 Active Learning Random Query Instance Cost: 481418.49
2024-04-17 17:54 | INFO | Query 11 Size of the uncertainty table is = 1871/2154
2024-04-17 17:54 | INFO | Query 11 Size of the filtered table is = 21
2024-04-17 17:54 | INFO | Query 11 Active Learning Random Query Runtime on Validation Set: 453084.64
2024-04-17 17:54 | INFO | Query 11 Active Learning Random Query Runtime on Test Set: 510487.72
2024-04-17 17:54 | INFO | Query 11 Active Learning Random Query Instance Cost: 526641.58
2024-04-17 17:54 | INFO | Query 12 Size of the uncertainty table is = 1833/2154
2024-04-17 17:54 | INFO | Query 12 Size of the filtered table is = 21
2024-04-17 17:54 | INFO | Query 12 Active Learning Random Query Runtime on Validation Set: 172332.4
2024-04-17 17:54 | INFO | Query 12 Active Learning Random Query Runtime on Test Set: 438917.03
2024-04-17 17:54 | INFO | Query 12 Active Learning Random Query Instance Cost: 560807.28
2024-04-17 17:54 | INFO | Query 13 Size of the uncertainty table is = 1800/2154
2024-04-17 17:54 | INFO | Query 13 Size of the filtered table is = 21
2024-04-17 17:54 | INFO | Query 13 Active Learning Random Query Runtime on Validation Set: 135953.58
2024-04-17 17:54 | INFO | Query 13 Active Learning Random Query Runtime on Test Set: 476365.53
2024-04-17 17:54 | INFO | Query 13 Active Learning Random Query Instance Cost: 606534.43
2024-04-17 17:55 | INFO | Query 14 Size of the uncertainty table is = 1762/2154
2024-04-17 17:55 | INFO | Query 14 Size of the filtered table is = 21
2024-04-17 17:55 | INFO | Query 14 Active Learning Random Query Runtime on Validation Set: 136047.9
2024-04-17 17:55 | INFO | Query 14 Active Learning Random Query Runtime on Test Set: 476482.64
2024-04-17 17:55 | INFO | Query 14 Active Learning Random Query Instance Cost: 635084.45
2024-04-17 17:55 | INFO | Timeout limit is increased to 3600
2024-04-17 17:55 | INFO | Query 15 Size of the uncertainty table is = 1728/2154
2024-04-17 17:55 | INFO | Query 15 Size of the filtered table is = 21
2024-04-17 17:55 | INFO | Query 15 Active Learning Random Query Runtime on Validation Set: 100664.96
2024-04-17 17:55 | INFO | Query 15 Active Learning Random Query Runtime on Test Set: 512230.63
2024-04-17 17:55 | INFO | Query 15 Active Learning Random Query Instance Cost: 661988.68
2024-04-17 17:55 | INFO | Query 16 Size of the uncertainty table is = 1673/2154
2024-04-17 17:55 | INFO | Query 16 Size of the filtered table is = 21
2024-04-17 17:55 | INFO | Query 16 Active Learning Random Query Runtime on Validation Set: 136042.35
2024-04-17 17:55 | INFO | Query 16 Active Learning Random Query Runtime on Test Set: 404174.87
2024-04-17 17:55 | INFO | Query 16 Active Learning Random Query Instance Cost: 693062.64
2024-04-17 17:55 | INFO | Timeout limit is increased to 3600
2024-04-17 17:55 | INFO | Query 17 Size of the uncertainty table is = 1632/2154
2024-04-17 17:55 | INFO | Query 17 Size of the filtered table is = 21
2024-04-17 17:55 | INFO | Query 17 Active Learning Random Query Runtime on Validation Set: 172092.86
2024-04-17 17:55 | INFO | Query 17 Active Learning Random Query Runtime on Test Set: 475688.21
2024-04-17 17:55 | INFO | Query 17 Active Learning Random Query Instance Cost: 731571.86
2024-04-17 17:55 | INFO | Timeout limit is increased to 3600
2024-04-17 17:55 | INFO | Query 18 Size of the uncertainty table is = 1591/2154
2024-04-17 17:55 | INFO | Query 18 Size of the filtered table is = 21
2024-04-17 17:55 | INFO | Query 18 Active Learning Random Query Runtime on Validation Set: 135420.44
2024-04-17 17:55 | INFO | Query 18 Active Learning Random Query Runtime on Test Set: 369114.33
2024-04-17 17:55 | INFO | Query 18 Active Learning Random Query Instance Cost: 770957.33
2024-04-17 17:55 | INFO | Query 19 Size of the uncertainty table is = 1550/2154
2024-04-17 17:55 | INFO | Query 19 Size of the filtered table is = 21
2024-04-17 17:55 | INFO | Query 19 Active Learning Random Query Runtime on Validation Set: 172074.32
2024-04-17 17:55 | INFO | Query 19 Active Learning Random Query Runtime on Test Set: 475604.32
2024-04-17 17:55 | INFO | Query 19 Active Learning Random Query Instance Cost: 786939.76
2024-04-17 17:55 | INFO | Timeout limit is increased to 3600
2024-04-17 17:55 | INFO | Query 20 Size of the uncertainty table is = 1515/2154
2024-04-17 17:55 | INFO | Query 20 Size of the filtered table is = 21
2024-04-17 17:56 | INFO | Query 20 Active Learning Random Query Runtime on Validation Set: 172316.16
2024-04-17 17:56 | INFO | Query 20 Active Learning Random Query Runtime on Test Set: 368309.41
2024-04-17 17:56 | INFO | Query 20 Active Learning Random Query Instance Cost: 832288.36
2024-04-17 17:56 | INFO | Timeout limit is increased to 3600
2024-04-17 17:56 | INFO | Query 21 Size of the uncertainty table is = 1476/2154
2024-04-17 17:56 | INFO | Query 21 Size of the filtered table is = 21
2024-04-17 17:56 | INFO | Query 21 Active Learning Random Query Runtime on Validation Set: 206653.55
2024-04-17 17:56 | INFO | Query 21 Active Learning Random Query Runtime on Test Set: 403694.56
2024-04-17 17:56 | INFO | Query 21 Active Learning Random Query Instance Cost: 854044.5
2024-04-17 17:56 | INFO | Timeout limit is increased to 3600
2024-04-17 17:56 | INFO | Query 22 Size of the uncertainty table is = 1438/2154
2024-04-17 17:56 | INFO | Query 22 Size of the filtered table is = 21
2024-04-17 17:56 | INFO | Query 22 Active Learning Random Query Runtime on Validation Set: 171828.0
2024-04-17 17:56 | INFO | Query 22 Active Learning Random Query Runtime on Test Set: 368307.31
2024-04-17 17:56 | INFO | Query 22 Active Learning Random Query Instance Cost: 873033.39
2024-04-17 17:56 | INFO | Query 23 Size of the uncertainty table is = 1379/2154
2024-04-17 17:56 | INFO | Query 23 Size of the filtered table is = 21
2024-04-17 17:56 | INFO | Query 23 Active Learning Random Query Runtime on Validation Set: 100579.92
2024-04-17 17:56 | INFO | Query 23 Active Learning Random Query Runtime on Test Set: 332308.35
2024-04-17 17:56 | INFO | Query 23 Active Learning Random Query Instance Cost: 895126.66
2024-04-17 17:56 | INFO | Query 24 Size of the uncertainty table is = 1338/2154
2024-04-17 17:56 | INFO | Query 24 Size of the filtered table is = 21
2024-04-17 17:56 | INFO | Query 24 Active Learning Random Query Runtime on Validation Set: 135995.39
2024-04-17 17:56 | INFO | Query 24 Active Learning Random Query Runtime on Test Set: 332310.09
2024-04-17 17:56 | INFO | Query 24 Active Learning Random Query Instance Cost: 909969.26
2024-04-17 17:56 | INFO | Timeout limit is increased to 3600
2024-04-17 17:56 | INFO | Query 25 Size of the uncertainty table is = 1287/2154
2024-04-17 17:56 | INFO | Query 25 Size of the filtered table is = 21
2024-04-17 17:56 | INFO | Query 25 Active Learning Random Query Runtime on Validation Set: 171764.62
2024-04-17 17:56 | INFO | Query 25 Active Learning Random Query Runtime on Test Set: 261164.74
2024-04-17 17:56 | INFO | Query 25 Active Learning Random Query Instance Cost: 938118.46
2024-04-17 17:56 | INFO | Timeout limit is increased to 3600
2024-04-17 17:56 | INFO | Query 26 Size of the uncertainty table is = 1245/2154
2024-04-17 17:56 | INFO | Query 26 Size of the filtered table is = 21
2024-04-17 17:57 | INFO | Query 26 Active Learning Random Query Runtime on Validation Set: 171764.62
2024-04-17 17:57 | INFO | Query 26 Active Learning Random Query Runtime on Test Set: 261403.57
2024-04-17 17:57 | INFO | Query 26 Active Learning Random Query Instance Cost: 971462.54
2024-04-17 17:57 | INFO | Timeout limit is increased to 3600
2024-04-17 17:57 | INFO | Query 27 Size of the uncertainty table is = 1205/2154
2024-04-17 17:57 | INFO | Query 27 Size of the filtered table is = 21
2024-04-17 17:57 | INFO | Query 27 Active Learning Random Query Runtime on Validation Set: 136338.05
2024-04-17 17:57 | INFO | Query 27 Active Learning Random Query Runtime on Test Set: 260602.42
2024-04-17 17:57 | INFO | Query 27 Active Learning Random Query Instance Cost: 993706.3
2024-04-17 17:57 | INFO | Query 28 Size of the uncertainty table is = 1149/2154
2024-04-17 17:57 | INFO | Query 28 Size of the filtered table is = 21
2024-04-17 17:57 | INFO | Query 28 Active Learning Random Query Runtime on Validation Set: 136404.72
2024-04-17 17:57 | INFO | Query 28 Active Learning Random Query Runtime on Test Set: 332475.15
2024-04-17 17:57 | INFO | Query 28 Active Learning Random Query Instance Cost: 1026510.61
2024-04-17 17:57 | INFO | Timeout limit is increased to 3600
2024-04-17 17:57 | INFO | Query 29 Size of the uncertainty table is = 1098/2154
2024-04-17 17:57 | INFO | Query 29 Size of the filtered table is = 21
2024-04-17 17:57 | INFO | Query 29 Active Learning Random Query Runtime on Validation Set: 136695.58
2024-04-17 17:57 | INFO | Query 29 Active Learning Random Query Runtime on Test Set: 296476.69
2024-04-17 17:57 | INFO | Query 29 Active Learning Random Query Instance Cost: 1052594.2
2024-04-17 17:57 | INFO | Timeout limit is increased to 3600
2024-04-17 17:57 | INFO | Query 30 Size of the uncertainty table is = 1056/2154
2024-04-17 17:57 | INFO | Query 30 Size of the filtered table is = 21
2024-04-17 17:57 | INFO | Query 30 Active Learning Random Query Runtime on Validation Set: 171764.62
2024-04-17 17:57 | INFO | Query 30 Active Learning Random Query Runtime on Test Set: 367228.33
2024-04-17 17:57 | INFO | Query 30 Active Learning Random Query Instance Cost: 1098319.97
2024-04-17 17:57 | INFO | Timeout limit is increased to 3600
2024-04-17 17:57 | INFO | Query 31 Size of the uncertainty table is = 993/2154
2024-04-17 17:57 | INFO | Query 31 Size of the filtered table is = 21
2024-04-17 17:57 | INFO | Query 31 Active Learning Random Query Runtime on Validation Set: 136323.22
2024-04-17 17:57 | INFO | Query 31 Active Learning Random Query Runtime on Test Set: 368472.46
2024-04-17 17:57 | INFO | Query 31 Active Learning Random Query Instance Cost: 1118590.26
2024-04-17 17:57 | INFO | Query 32 Size of the uncertainty table is = 942/2154
2024-04-17 17:57 | INFO | Query 32 Size of the filtered table is = 21
2024-04-17 17:57 | INFO | Query 32 Active Learning Random Query Runtime on Validation Set: 136338.05
2024-04-17 17:57 | INFO | Query 32 Active Learning Random Query Runtime on Test Set: 369719.74
2024-04-17 17:57 | INFO | Query 32 Active Learning Random Query Instance Cost: 1149329.26
2024-04-17 17:57 | INFO | Timeout limit is increased to 3600
2024-04-17 17:57 | INFO | Query 33 Size of the uncertainty table is = 895/2154
2024-04-17 17:57 | INFO | Query 33 Size of the filtered table is = 21
2024-04-17 17:58 | INFO | Query 33 Active Learning Random Query Runtime on Validation Set: 136343.87
2024-04-17 17:58 | INFO | Query 33 Active Learning Random Query Runtime on Test Set: 475094.24
2024-04-17 17:58 | INFO | Query 33 Active Learning Random Query Instance Cost: 1179180.15
2024-04-17 17:58 | INFO | Timeout limit is increased to 3600
2024-04-17 17:58 | INFO | Query 34 Size of the uncertainty table is = 842/2154
2024-04-17 17:58 | INFO | Query 34 Size of the filtered table is = 21
2024-04-17 17:58 | INFO | Query 34 Active Learning Random Query Runtime on Validation Set: 136323.22
2024-04-17 17:58 | INFO | Query 34 Active Learning Random Query Runtime on Test Set: 405661.1
2024-04-17 17:58 | INFO | Query 34 Active Learning Random Query Instance Cost: 1192638.29
2024-04-17 17:58 | INFO | Query 35 Size of the uncertainty table is = 789/2154
2024-04-17 17:58 | INFO | Query 35 Size of the filtered table is = 21
2024-04-17 17:58 | INFO | Query 35 Active Learning Random Query Runtime on Validation Set: 136338.05
2024-04-17 17:58 | INFO | Query 35 Active Learning Random Query Runtime on Test Set: 407030.34
2024-04-17 17:58 | INFO | Query 35 Active Learning Random Query Instance Cost: 1222158.32
2024-04-17 17:58 | INFO | Timeout limit is increased to 3600
2024-04-17 17:58 | INFO | Query 36 Size of the uncertainty table is = 733/2154
2024-04-17 17:58 | INFO | Query 36 Size of the filtered table is = 21
2024-04-17 17:58 | INFO | Query 36 Active Learning Random Query Runtime on Validation Set: 136343.87
2024-04-17 17:58 | INFO | Query 36 Active Learning Random Query Runtime on Test Set: 333599.43
2024-04-17 17:58 | INFO | Query 36 Active Learning Random Query Instance Cost: 1245087.96
2024-04-17 17:58 | INFO | Timeout limit is increased to 3600
2024-04-17 17:58 | INFO | Query 37 Size of the uncertainty table is = 687/2154
2024-04-17 17:58 | INFO | Query 37 Size of the filtered table is = 21
2024-04-17 17:58 | INFO | Query 37 Active Learning Random Query Runtime on Validation Set: 136351.17
2024-04-17 17:58 | INFO | Query 37 Active Learning Random Query Runtime on Test Set: 336731.33
2024-04-17 17:58 | INFO | Query 37 Active Learning Random Query Instance Cost: 1269586.51
2024-04-17 17:58 | INFO | Timeout limit is increased to 3600
2024-04-17 17:58 | INFO | Query 38 Size of the uncertainty table is = 628/2154
2024-04-17 17:58 | INFO | Query 38 Size of the filtered table is = 21
2024-04-17 17:58 | INFO | Query 38 Active Learning Random Query Runtime on Validation Set: 136351.9
2024-04-17 17:58 | INFO | Query 38 Active Learning Random Query Runtime on Test Set: 406898.58
2024-04-17 17:58 | INFO | Query 38 Active Learning Random Query Instance Cost: 1289070.47
2024-04-17 17:58 | INFO | Timeout limit is increased to 3600
2024-04-17 17:58 | INFO | Query 39 Size of the uncertainty table is = 577/2154
2024-04-17 17:58 | INFO | Query 39 Size of the filtered table is = 21
2024-04-17 17:59 | INFO | Query 39 Active Learning Random Query Runtime on Validation Set: 136343.87
2024-04-17 17:59 | INFO | Query 39 Active Learning Random Query Runtime on Test Set: 408467.93
2024-04-17 17:59 | INFO | Query 39 Active Learning Random Query Instance Cost: 1314572.66
2024-04-17 17:59 | INFO | Query 40 Size of the uncertainty table is = 516/2154
2024-04-17 17:59 | INFO | Query 40 Size of the filtered table is = 21
2024-04-17 17:59 | INFO | Query 40 Active Learning Random Query Runtime on Validation Set: 136401.3
2024-04-17 17:59 | INFO | Query 40 Active Learning Random Query Runtime on Test Set: 444599.74
2024-04-17 17:59 | INFO | Query 40 Active Learning Random Query Instance Cost: 1347209.43
2024-04-17 17:59 | INFO | Timeout limit is increased to 3600
2024-04-17 17:59 | INFO | Query 41 Size of the uncertainty table is = 469/2154
2024-04-17 17:59 | INFO | Query 41 Size of the filtered table is = 21
2024-04-17 17:59 | INFO | Query 41 Active Learning Random Query Runtime on Validation Set: 136330.52
2024-04-17 17:59 | INFO | Query 41 Active Learning Random Query Runtime on Test Set: 374630.9
2024-04-17 17:59 | INFO | Query 41 Active Learning Random Query Instance Cost: 1367990.83
2024-04-17 17:59 | INFO | Query 42 Size of the uncertainty table is = 426/2154
2024-04-17 17:59 | INFO | Query 42 Size of the filtered table is = 21
2024-04-17 17:59 | INFO | Query 42 Active Learning Random Query Runtime on Validation Set: 100568.63
2024-04-17 17:59 | INFO | Query 42 Active Learning Random Query Runtime on Test Set: 374631.22
2024-04-17 17:59 | INFO | Query 42 Active Learning Random Query Instance Cost: 1391420.23
2024-04-17 17:59 | INFO | Query 43 Size of the uncertainty table is = 383/2154
2024-04-17 17:59 | INFO | Query 43 Size of the filtered table is = 21
2024-04-17 17:59 | INFO | Query 43 Active Learning Random Query Runtime on Validation Set: 100540.97
2024-04-17 17:59 | INFO | Query 43 Active Learning Random Query Runtime on Test Set: 374501.93
2024-04-17 17:59 | INFO | Query 43 Active Learning Random Query Instance Cost: 1406780.94
2024-04-17 17:59 | INFO | Query 44 Size of the uncertainty table is = 324/2154
2024-04-17 17:59 | INFO | Query 44 Size of the filtered table is = 21
2024-04-17 17:59 | INFO | Query 44 Active Learning Random Query Runtime on Validation Set: 136023.34
2024-04-17 17:59 | INFO | Query 44 Active Learning Random Query Runtime on Test Set: 372541.33
2024-04-17 17:59 | INFO | Query 44 Active Learning Random Query Instance Cost: 1430141.79
2024-04-17 17:59 | INFO | Timeout limit is increased to 3600
2024-04-17 17:59 | INFO | Query 45 Size of the uncertainty table is = 273/2154
2024-04-17 17:59 | INFO | Query 45 Size of the filtered table is = 21
2024-04-17 18:00 | INFO | Query 45 Active Learning Random Query Runtime on Validation Set: 100540.97
2024-04-17 18:00 | INFO | Query 45 Active Learning Random Query Runtime on Test Set: 372593.77
2024-04-17 18:00 | INFO | Query 45 Active Learning Random Query Instance Cost: 1446926.78
2024-04-17 18:00 | INFO | Query 46 Size of the uncertainty table is = 224/2154
2024-04-17 18:00 | INFO | Query 46 Size of the filtered table is = 21
2024-04-17 18:00 | INFO | Query 46 Active Learning Random Query Runtime on Validation Set: 171777.55
2024-04-17 18:00 | INFO | Query 46 Active Learning Random Query Runtime on Test Set: 444360.81
2024-04-17 18:00 | INFO | Query 46 Active Learning Random Query Instance Cost: 1464897.99
2024-04-17 18:00 | INFO | Timeout limit is increased to 3600
2024-04-17 18:00 | INFO | Query 47 Size of the uncertainty table is = 169/2154
2024-04-17 18:00 | INFO | Query 47 Size of the filtered table is = 21
2024-04-17 18:00 | INFO | Query 47 Active Learning Random Query Runtime on Validation Set: 136351.17
2024-04-17 18:00 | INFO | Query 47 Active Learning Random Query Runtime on Test Set: 408593.55
2024-04-17 18:00 | INFO | Query 47 Active Learning Random Query Instance Cost: 1486371.06
2024-04-17 18:00 | INFO | Query 48 Size of the uncertainty table is = 111/2154
2024-04-17 18:00 | INFO | Query 48 Size of the filtered table is = 21
2024-04-17 18:00 | INFO | Query 48 Active Learning Random Query Runtime on Validation Set: 136351.17
2024-04-17 18:00 | INFO | Query 48 Active Learning Random Query Runtime on Test Set: 338590.36
2024-04-17 18:00 | INFO | Query 48 Active Learning Random Query Instance Cost: 1513174.36
2024-04-17 18:00 | INFO | Timeout limit is increased to 3600
2024-04-17 18:00 | INFO | Query 49 Size of the uncertainty table is = 57/2154
2024-04-17 18:00 | INFO | Query 49 Size of the filtered table is = 21
2024-04-17 18:00 | INFO | Query 49 Active Learning Random Query Runtime on Validation Set: 136351.17
2024-04-17 18:00 | INFO | Query 49 Active Learning Random Query Runtime on Test Set: 338598.46
2024-04-17 18:00 | INFO | Query 49 Active Learning Random Query Instance Cost: 1528559.9
2024-04-17 18:00 | INFO | Timeout limit is increased to 3600
2024-04-17 18:00 | INFO | Query 50 Size of the uncertainty table is = 9/2154
2024-04-17 18:00 | INFO | Query 50 Size of the filtered table is = 9
2024-04-17 18:00 | INFO | Query 50 Active Learning Random Query Runtime on Validation Set: 100596.77
2024-04-17 18:00 | INFO | Query 50 Active Learning Random Query Runtime on Test Set: 410337.93
2024-04-17 18:00 | INFO | Query 50 Active Learning Random Query Instance Cost: 1528610.34
2024-04-17 18:00 | INFO | runtime_train_score is written as json file
2024-04-17 18:00 | INFO | runtime_test_score is written as json file
2024-04-17 18:00 | INFO | runtime_validation_score is written as json file
2024-04-17 18:00 | INFO | instance_cost is written as json file
2024-04-17 18:00 | INFO | Experiment is finished
