2024-04-17 18:12 | INFO | Paramaters are: {'dataset': 'CSP-2010', 'penalty': 10, 'weight': 'No_Weight', 'voting': 'Hard', 'pre_selection_size': 64, 'pre_selection_technique': 'No_pre_selection', 'feature_elimination_threshold': 20, 'imputer_strategy': 'median', 'feature_selection_technique': 'No_feature_selection', 'feature_scaling_technique': 'StandardScaler', 'initial_train_size': 20, 'query_size': 1, 'timeout_predictor_usage': 'Yes', 'timeout_limit': 100, 'timeout_increase_rate': 100, 'RANDOM_STATE_SEED': 123, 'n_splits': 10, 'split_number': 0, 'max_timeout': 3600, 'param_grid': {'n_estimators': 100, 'criterion': 'gini', 'max_features': 'sqrt', 'max_depth': 2147483648, 'min_samples_split': 2, 'bootstrap': True}}
2024-04-17 18:12 | INFO | CSP-2010 is current dataset
2024-04-17 18:12 | INFO | DATASETS/CSP-2010/algorithm_runs.csv is found
2024-04-17 18:12 | INFO | DATASETS/CSP-2010/algorithm_runs.csv is finished
2024-04-17 18:12 | INFO | DATASETS/CSP-2010/feature_values.csv is found
2024-04-17 18:12 | INFO | DATASETS/CSP-2010/feature_values.csv is finished
2024-04-17 18:12 | INFO | Feature cost of train set is 0
2024-04-17 18:12 | INFO | Initial Active Learning Random Query Runtime on Validation Set: 98093.31
2024-04-17 18:12 | INFO | Initial Active Learning Random Query Runtime on Test Set: 45722.19
2024-04-17 18:12 | INFO | Initial Active Learning Random Query Instance Cost: 660.74
2024-04-17 18:12 | INFO | Bin size = 12
2024-04-17 18:12 | INFO | Query 1 Size of the uncertainty table is = 1200/1200
2024-04-17 18:12 | INFO | Query 1 Size of the filtered table is = 12
2024-04-17 18:13 | INFO | Query 1 Active Learning Random Query Runtime on Validation Set: 98093.31
2024-04-17 18:13 | INFO | Query 1 Active Learning Random Query Runtime on Test Set: 45771.38
2024-04-17 18:13 | INFO | Query 1 Active Learning Random Query Instance Cost: 1121.49
2024-04-17 18:13 | INFO | Timeout limit is increased to 200
2024-04-17 18:13 | INFO | Query 2 Size of the uncertainty table is = 1189/1200
2024-04-17 18:13 | INFO | Query 2 Size of the filtered table is = 12
2024-04-17 18:13 | INFO | Query 2 Active Learning Random Query Runtime on Validation Set: 102544.34
2024-04-17 18:13 | INFO | Query 2 Active Learning Random Query Runtime on Test Set: 81165.98
2024-04-17 18:13 | INFO | Query 2 Active Learning Random Query Instance Cost: 1525.94
2024-04-17 18:13 | INFO | Timeout limit is increased to 300
2024-04-17 18:13 | INFO | Query 3 Size of the uncertainty table is = 1178/1200
2024-04-17 18:13 | INFO | Query 3 Size of the filtered table is = 12
2024-04-17 18:13 | INFO | Query 3 Active Learning Random Query Runtime on Validation Set: 102541.74
2024-04-17 18:13 | INFO | Query 3 Active Learning Random Query Runtime on Test Set: 151871.42
2024-04-17 18:13 | INFO | Query 3 Active Learning Random Query Instance Cost: 1838.06
2024-04-17 18:13 | INFO | Query 4 Size of the uncertainty table is = 1166/1200
2024-04-17 18:13 | INFO | Query 4 Size of the filtered table is = 12
2024-04-17 18:13 | INFO | Query 4 Active Learning Random Query Runtime on Validation Set: 102541.78
2024-04-17 18:13 | INFO | Query 4 Active Learning Random Query Runtime on Test Set: 81118.47
2024-04-17 18:13 | INFO | Query 4 Active Learning Random Query Instance Cost: 2798.06
2024-04-17 18:13 | INFO | Timeout limit is increased to 400
2024-04-17 18:13 | INFO | Query 5 Size of the uncertainty table is = 1155/1200
2024-04-17 18:13 | INFO | Query 5 Size of the filtered table is = 12
2024-04-17 18:13 | INFO | Query 5 Active Learning Random Query Runtime on Validation Set: 102541.76
2024-04-17 18:13 | INFO | Query 5 Active Learning Random Query Runtime on Test Set: 81118.52
2024-04-17 18:13 | INFO | Query 5 Active Learning Random Query Instance Cost: 3927.54
2024-04-17 18:13 | INFO | Query 6 Size of the uncertainty table is = 1143/1200
2024-04-17 18:13 | INFO | Query 6 Size of the filtered table is = 12
2024-04-17 18:13 | INFO | Query 6 Active Learning Random Query Runtime on Validation Set: 102544.01
2024-04-17 18:13 | INFO | Query 6 Active Learning Random Query Runtime on Test Set: 81101.8
2024-04-17 18:13 | INFO | Query 6 Active Learning Random Query Instance Cost: 5626.59
2024-04-17 18:13 | INFO | Timeout limit is increased to 500
2024-04-17 18:13 | INFO | Query 7 Size of the uncertainty table is = 1131/1200
2024-04-17 18:13 | INFO | Query 7 Size of the filtered table is = 12
2024-04-17 18:13 | INFO | Query 7 Active Learning Random Query Runtime on Validation Set: 98092.85
2024-04-17 18:13 | INFO | Query 7 Active Learning Random Query Runtime on Test Set: 81118.23
2024-04-17 18:13 | INFO | Query 7 Active Learning Random Query Instance Cost: 7515.74
2024-04-17 18:13 | INFO | Query 8 Size of the uncertainty table is = 1120/1200
2024-04-17 18:13 | INFO | Query 8 Size of the filtered table is = 12
2024-04-17 18:13 | INFO | Query 8 Active Learning Random Query Runtime on Validation Set: 98092.85
2024-04-17 18:13 | INFO | Query 8 Active Learning Random Query Runtime on Test Set: 81100.34
2024-04-17 18:13 | INFO | Query 8 Active Learning Random Query Instance Cost: 8403.14
2024-04-17 18:13 | INFO | Timeout limit is increased to 600
2024-04-17 18:13 | INFO | Query 9 Size of the uncertainty table is = 1108/1200
2024-04-17 18:13 | INFO | Query 9 Size of the filtered table is = 12
2024-04-17 18:13 | INFO | Query 9 Active Learning Random Query Runtime on Validation Set: 102543.99
2024-04-17 18:13 | INFO | Query 9 Active Learning Random Query Runtime on Test Set: 45248.84
2024-04-17 18:13 | INFO | Query 9 Active Learning Random Query Instance Cost: 12115.83
2024-04-17 18:13 | INFO | Timeout limit is increased to 700
2024-04-17 18:13 | INFO | Query 10 Size of the uncertainty table is = 1097/1200
2024-04-17 18:13 | INFO | Query 10 Size of the filtered table is = 12
2024-04-17 18:13 | INFO | Query 10 Active Learning Random Query Runtime on Validation Set: 102541.78
2024-04-17 18:13 | INFO | Query 10 Active Learning Random Query Runtime on Test Set: 45232.19
2024-04-17 18:13 | INFO | Query 10 Active Learning Random Query Instance Cost: 12978.67
2024-04-17 18:13 | INFO | Query 11 Size of the uncertainty table is = 1085/1200
2024-04-17 18:13 | INFO | Query 11 Size of the filtered table is = 12
2024-04-17 18:13 | INFO | Query 11 Active Learning Random Query Runtime on Validation Set: 141141.7
2024-04-17 18:13 | INFO | Query 11 Active Learning Random Query Runtime on Test Set: 45232.23
2024-04-17 18:13 | INFO | Query 11 Active Learning Random Query Instance Cost: 12983.88
2024-04-17 18:13 | INFO | Timeout limit is increased to 800
2024-04-17 18:13 | INFO | Query 12 Size of the uncertainty table is = 1073/1200
2024-04-17 18:13 | INFO | Query 12 Size of the filtered table is = 12
2024-04-17 18:13 | INFO | Query 12 Active Learning Random Query Runtime on Validation Set: 102541.73
2024-04-17 18:13 | INFO | Query 12 Active Learning Random Query Runtime on Test Set: 45232.23
2024-04-17 18:13 | INFO | Query 12 Active Learning Random Query Instance Cost: 15278.23
2024-04-17 18:13 | INFO | Query 13 Size of the uncertainty table is = 1061/1200
2024-04-17 18:13 | INFO | Query 13 Size of the filtered table is = 12
2024-04-17 18:13 | INFO | Query 13 Active Learning Random Query Runtime on Validation Set: 102541.76
2024-04-17 18:13 | INFO | Query 13 Active Learning Random Query Runtime on Test Set: 45232.16
2024-04-17 18:13 | INFO | Query 13 Active Learning Random Query Instance Cost: 17060.0
2024-04-17 18:13 | INFO | Timeout limit is increased to 900
2024-04-17 18:13 | INFO | Query 14 Size of the uncertainty table is = 1049/1200
2024-04-17 18:13 | INFO | Query 14 Size of the filtered table is = 12
2024-04-17 18:14 | INFO | Query 14 Active Learning Random Query Runtime on Validation Set: 102541.76
2024-04-17 18:14 | INFO | Query 14 Active Learning Random Query Runtime on Test Set: 45248.76
2024-04-17 18:14 | INFO | Query 14 Active Learning Random Query Instance Cost: 21094.27
2024-04-17 18:14 | INFO | Timeout limit is increased to 1000
2024-04-17 18:14 | INFO | Query 15 Size of the uncertainty table is = 1037/1200
2024-04-17 18:14 | INFO | Query 15 Size of the filtered table is = 12
2024-04-17 18:14 | INFO | Query 15 Active Learning Random Query Runtime on Validation Set: 102541.76
2024-04-17 18:14 | INFO | Query 15 Active Learning Random Query Runtime on Test Set: 45232.51
2024-04-17 18:14 | INFO | Query 15 Active Learning Random Query Instance Cost: 23139.52
2024-04-17 18:14 | INFO | Timeout limit is increased to 1100
2024-04-17 18:14 | INFO | Query 16 Size of the uncertainty table is = 1025/1200
2024-04-17 18:14 | INFO | Query 16 Size of the filtered table is = 12
2024-04-17 18:14 | INFO | Query 16 Active Learning Random Query Runtime on Validation Set: 102541.76
2024-04-17 18:14 | INFO | Query 16 Active Learning Random Query Runtime on Test Set: 45290.13
2024-04-17 18:14 | INFO | Query 16 Active Learning Random Query Instance Cost: 24269.84
2024-04-17 18:14 | INFO | Timeout limit is increased to 1200
2024-04-17 18:14 | INFO | Query 17 Size of the uncertainty table is = 1013/1200
2024-04-17 18:14 | INFO | Query 17 Size of the filtered table is = 12
2024-04-17 18:14 | INFO | Query 17 Active Learning Random Query Runtime on Validation Set: 102541.76
2024-04-17 18:14 | INFO | Query 17 Active Learning Random Query Runtime on Test Set: 45297.95
2024-04-17 18:14 | INFO | Query 17 Active Learning Random Query Instance Cost: 28053.54
2024-04-17 18:14 | INFO | Timeout limit is increased to 1300
2024-04-17 18:14 | INFO | Query 18 Size of the uncertainty table is = 1002/1200
2024-04-17 18:14 | INFO | Query 18 Size of the filtered table is = 12
2024-04-17 18:14 | INFO | Query 18 Active Learning Random Query Runtime on Validation Set: 102541.76
2024-04-17 18:14 | INFO | Query 18 Active Learning Random Query Runtime on Test Set: 45248.72
2024-04-17 18:14 | INFO | Query 18 Active Learning Random Query Instance Cost: 32404.54
2024-04-17 18:14 | INFO | Timeout limit is increased to 1400
2024-04-17 18:14 | INFO | Query 19 Size of the uncertainty table is = 990/1200
2024-04-17 18:14 | INFO | Query 19 Size of the filtered table is = 12
2024-04-17 18:14 | INFO | Query 19 Active Learning Random Query Runtime on Validation Set: 141141.67
2024-04-17 18:14 | INFO | Query 19 Active Learning Random Query Runtime on Test Set: 45240.85
2024-04-17 18:14 | INFO | Query 19 Active Learning Random Query Instance Cost: 32409.89
2024-04-17 18:14 | INFO | Timeout limit is increased to 1500
2024-04-17 18:14 | INFO | Query 20 Size of the uncertainty table is = 978/1200
2024-04-17 18:14 | INFO | Query 20 Size of the filtered table is = 12
2024-04-17 18:14 | INFO | Query 20 Active Learning Random Query Runtime on Validation Set: 141141.67
2024-04-17 18:14 | INFO | Query 20 Active Learning Random Query Runtime on Test Set: 45232.05
2024-04-17 18:14 | INFO | Query 20 Active Learning Random Query Instance Cost: 35527.15
2024-04-17 18:14 | INFO | Timeout limit is increased to 1600
2024-04-17 18:14 | INFO | Query 21 Size of the uncertainty table is = 966/1200
2024-04-17 18:14 | INFO | Query 21 Size of the filtered table is = 12
2024-04-17 18:14 | INFO | Query 21 Active Learning Random Query Runtime on Validation Set: 102541.76
2024-04-17 18:14 | INFO | Query 21 Active Learning Random Query Runtime on Test Set: 45232.02
2024-04-17 18:14 | INFO | Query 21 Active Learning Random Query Instance Cost: 35971.56
2024-04-17 18:14 | INFO | Query 22 Size of the uncertainty table is = 954/1200
2024-04-17 18:14 | INFO | Query 22 Size of the filtered table is = 12
2024-04-17 18:14 | INFO | Query 22 Active Learning Random Query Runtime on Validation Set: 105197.52
2024-04-17 18:14 | INFO | Query 22 Active Learning Random Query Runtime on Test Set: 45232.02
2024-04-17 18:14 | INFO | Query 22 Active Learning Random Query Instance Cost: 37809.31
2024-04-17 18:14 | INFO | Timeout limit is increased to 1700
2024-04-17 18:14 | INFO | Query 23 Size of the uncertainty table is = 942/1200
2024-04-17 18:14 | INFO | Query 23 Size of the filtered table is = 12
2024-04-17 18:14 | INFO | Query 23 Active Learning Random Query Runtime on Validation Set: 102541.77
2024-04-17 18:14 | INFO | Query 23 Active Learning Random Query Runtime on Test Set: 45232.02
2024-04-17 18:14 | INFO | Query 23 Active Learning Random Query Instance Cost: 44717.63
2024-04-17 18:14 | INFO | Query 24 Size of the uncertainty table is = 930/1200
2024-04-17 18:14 | INFO | Query 24 Size of the filtered table is = 12
2024-04-17 18:14 | INFO | Query 24 Active Learning Random Query Runtime on Validation Set: 102541.77
2024-04-17 18:14 | INFO | Query 24 Active Learning Random Query Runtime on Test Set: 45232.02
2024-04-17 18:14 | INFO | Query 24 Active Learning Random Query Instance Cost: 48200.32
2024-04-17 18:14 | INFO | Timeout limit is increased to 1800
2024-04-17 18:14 | INFO | Query 25 Size of the uncertainty table is = 918/1200
2024-04-17 18:14 | INFO | Query 25 Size of the filtered table is = 12
2024-04-17 18:14 | INFO | Query 25 Active Learning Random Query Runtime on Validation Set: 102541.76
2024-04-17 18:14 | INFO | Query 25 Active Learning Random Query Runtime on Test Set: 45233.28
2024-04-17 18:14 | INFO | Query 25 Active Learning Random Query Instance Cost: 48727.18
2024-04-17 18:14 | INFO | Query 26 Size of the uncertainty table is = 906/1200
2024-04-17 18:14 | INFO | Query 26 Size of the filtered table is = 12
2024-04-17 18:14 | INFO | Query 26 Active Learning Random Query Runtime on Validation Set: 102541.76
2024-04-17 18:14 | INFO | Query 26 Active Learning Random Query Runtime on Test Set: 45161.66
2024-04-17 18:14 | INFO | Query 26 Active Learning Random Query Instance Cost: 52985.33
2024-04-17 18:14 | INFO | Timeout limit is increased to 1900
2024-04-17 18:14 | INFO | Query 27 Size of the uncertainty table is = 894/1200
2024-04-17 18:14 | INFO | Query 27 Size of the filtered table is = 12
2024-04-17 18:15 | INFO | Query 27 Active Learning Random Query Runtime on Validation Set: 102541.76
2024-04-17 18:15 | INFO | Query 27 Active Learning Random Query Runtime on Test Set: 45161.67
2024-04-17 18:15 | INFO | Query 27 Active Learning Random Query Instance Cost: 58780.51
2024-04-17 18:15 | INFO | Timeout limit is increased to 2000
2024-04-17 18:15 | INFO | Query 28 Size of the uncertainty table is = 882/1200
2024-04-17 18:15 | INFO | Query 28 Size of the filtered table is = 12
2024-04-17 18:15 | INFO | Query 28 Active Learning Random Query Runtime on Validation Set: 102541.76
2024-04-17 18:15 | INFO | Query 28 Active Learning Random Query Runtime on Test Set: 45161.99
2024-04-17 18:15 | INFO | Query 28 Active Learning Random Query Instance Cost: 62666.65
2024-04-17 18:15 | INFO | Timeout limit is increased to 2100
2024-04-17 18:15 | INFO | Query 29 Size of the uncertainty table is = 870/1200
2024-04-17 18:15 | INFO | Query 29 Size of the filtered table is = 12
2024-04-17 18:15 | INFO | Query 29 Active Learning Random Query Runtime on Validation Set: 102541.76
2024-04-17 18:15 | INFO | Query 29 Active Learning Random Query Runtime on Test Set: 45161.67
2024-04-17 18:15 | INFO | Query 29 Active Learning Random Query Instance Cost: 62679.7
2024-04-17 18:15 | INFO | Timeout limit is increased to 2200
2024-04-17 18:15 | INFO | Query 30 Size of the uncertainty table is = 858/1200
2024-04-17 18:15 | INFO | Query 30 Size of the filtered table is = 12
2024-04-17 18:15 | INFO | Query 30 Active Learning Random Query Runtime on Validation Set: 102541.76
2024-04-17 18:15 | INFO | Query 30 Active Learning Random Query Runtime on Test Set: 45162.06
2024-04-17 18:15 | INFO | Query 30 Active Learning Random Query Instance Cost: 66725.1
2024-04-17 18:15 | INFO | Timeout limit is increased to 2300
2024-04-17 18:15 | INFO | Query 31 Size of the uncertainty table is = 846/1200
2024-04-17 18:15 | INFO | Query 31 Size of the filtered table is = 12
2024-04-17 18:15 | INFO | Query 31 Active Learning Random Query Runtime on Validation Set: 102541.76
2024-04-17 18:15 | INFO | Query 31 Active Learning Random Query Runtime on Test Set: 45162.18
2024-04-17 18:15 | INFO | Query 31 Active Learning Random Query Instance Cost: 66819.71
2024-04-17 18:15 | INFO | Timeout limit is increased to 2400
2024-04-17 18:15 | INFO | Query 32 Size of the uncertainty table is = 834/1200
2024-04-17 18:15 | INFO | Query 32 Size of the filtered table is = 12
2024-04-17 18:15 | INFO | Query 32 Active Learning Random Query Runtime on Validation Set: 102541.76
2024-04-17 18:15 | INFO | Query 32 Active Learning Random Query Runtime on Test Set: 45161.98
2024-04-17 18:15 | INFO | Query 32 Active Learning Random Query Instance Cost: 75801.28
2024-04-17 18:15 | INFO | Timeout limit is increased to 2500
2024-04-17 18:15 | INFO | Query 33 Size of the uncertainty table is = 822/1200
2024-04-17 18:15 | INFO | Query 33 Size of the filtered table is = 12
2024-04-17 18:15 | INFO | Query 33 Active Learning Random Query Runtime on Validation Set: 102541.76
2024-04-17 18:15 | INFO | Query 33 Active Learning Random Query Runtime on Test Set: 45161.85
2024-04-17 18:15 | INFO | Query 33 Active Learning Random Query Instance Cost: 82700.4
2024-04-17 18:15 | INFO | Timeout limit is increased to 2600
2024-04-17 18:15 | INFO | Query 34 Size of the uncertainty table is = 810/1200
2024-04-17 18:15 | INFO | Query 34 Size of the filtered table is = 12
2024-04-17 18:15 | INFO | Query 34 Active Learning Random Query Runtime on Validation Set: 102541.76
2024-04-17 18:15 | INFO | Query 34 Active Learning Random Query Runtime on Test Set: 45161.67
2024-04-17 18:15 | INFO | Query 34 Active Learning Random Query Instance Cost: 82707.97
2024-04-17 18:15 | INFO | Timeout limit is increased to 2700
2024-04-17 18:15 | INFO | Query 35 Size of the uncertainty table is = 798/1200
2024-04-17 18:15 | INFO | Query 35 Size of the filtered table is = 12
2024-04-17 18:15 | INFO | Query 35 Active Learning Random Query Runtime on Validation Set: 102541.76
2024-04-17 18:15 | INFO | Query 35 Active Learning Random Query Runtime on Test Set: 45162.08
2024-04-17 18:15 | INFO | Query 35 Active Learning Random Query Instance Cost: 94015.17
2024-04-17 18:15 | INFO | Timeout limit is increased to 2800
2024-04-17 18:15 | INFO | Query 36 Size of the uncertainty table is = 787/1200
2024-04-17 18:15 | INFO | Query 36 Size of the filtered table is = 12
2024-04-17 18:15 | INFO | Query 36 Active Learning Random Query Runtime on Validation Set: 102541.76
2024-04-17 18:15 | INFO | Query 36 Active Learning Random Query Runtime on Test Set: 45161.92
2024-04-17 18:15 | INFO | Query 36 Active Learning Random Query Instance Cost: 99713.16
2024-04-17 18:15 | INFO | Timeout limit is increased to 2900
2024-04-17 18:15 | INFO | Query 37 Size of the uncertainty table is = 776/1200
2024-04-17 18:15 | INFO | Query 37 Size of the filtered table is = 12
2024-04-17 18:15 | INFO | Query 37 Active Learning Random Query Runtime on Validation Set: 102541.76
2024-04-17 18:15 | INFO | Query 37 Active Learning Random Query Runtime on Test Set: 45161.75
2024-04-17 18:15 | INFO | Query 37 Active Learning Random Query Instance Cost: 102917.84
2024-04-17 18:15 | INFO | Timeout limit is increased to 3000
2024-04-17 18:15 | INFO | Query 38 Size of the uncertainty table is = 764/1200
2024-04-17 18:15 | INFO | Query 38 Size of the filtered table is = 12
2024-04-17 18:15 | INFO | Query 38 Active Learning Random Query Runtime on Validation Set: 102541.76
2024-04-17 18:15 | INFO | Query 38 Active Learning Random Query Runtime on Test Set: 45162.24
2024-04-17 18:15 | INFO | Query 38 Active Learning Random Query Instance Cost: 108516.87
2024-04-17 18:15 | INFO | Timeout limit is increased to 3100
2024-04-17 18:15 | INFO | Query 39 Size of the uncertainty table is = 752/1200
2024-04-17 18:15 | INFO | Query 39 Size of the filtered table is = 12
2024-04-17 18:15 | INFO | Query 39 Active Learning Random Query Runtime on Validation Set: 102541.76
2024-04-17 18:15 | INFO | Query 39 Active Learning Random Query Runtime on Test Set: 45162.29
2024-04-17 18:15 | INFO | Query 39 Active Learning Random Query Instance Cost: 114836.9
2024-04-17 18:15 | INFO | Timeout limit is increased to 3200
2024-04-17 18:15 | INFO | Query 40 Size of the uncertainty table is = 740/1200
2024-04-17 18:15 | INFO | Query 40 Size of the filtered table is = 12
2024-04-17 18:16 | INFO | Query 40 Active Learning Random Query Runtime on Validation Set: 102541.76
2024-04-17 18:16 | INFO | Query 40 Active Learning Random Query Runtime on Test Set: 45162.25
2024-04-17 18:16 | INFO | Query 40 Active Learning Random Query Instance Cost: 118147.79
2024-04-17 18:16 | INFO | Timeout limit is increased to 3300
2024-04-17 18:16 | INFO | Query 41 Size of the uncertainty table is = 728/1200
2024-04-17 18:16 | INFO | Query 41 Size of the filtered table is = 12
2024-04-17 18:16 | INFO | Query 41 Active Learning Random Query Runtime on Validation Set: 102541.76
2024-04-17 18:16 | INFO | Query 41 Active Learning Random Query Runtime on Test Set: 45178.38
2024-04-17 18:16 | INFO | Query 41 Active Learning Random Query Instance Cost: 122064.87
2024-04-17 18:16 | INFO | Timeout limit is increased to 3400
2024-04-17 18:16 | INFO | Query 42 Size of the uncertainty table is = 716/1200
2024-04-17 18:16 | INFO | Query 42 Size of the filtered table is = 12
2024-04-17 18:16 | INFO | Query 42 Active Learning Random Query Runtime on Validation Set: 102541.76
2024-04-17 18:16 | INFO | Query 42 Active Learning Random Query Runtime on Test Set: 45178.7
2024-04-17 18:16 | INFO | Query 42 Active Learning Random Query Instance Cost: 129120.45
2024-04-17 18:16 | INFO | Timeout limit is increased to 3500
2024-04-17 18:16 | INFO | Query 43 Size of the uncertainty table is = 704/1200
2024-04-17 18:16 | INFO | Query 43 Size of the filtered table is = 12
2024-04-17 18:16 | INFO | Query 43 Active Learning Random Query Runtime on Validation Set: 102541.76
2024-04-17 18:16 | INFO | Query 43 Active Learning Random Query Runtime on Test Set: 45178.72
2024-04-17 18:16 | INFO | Query 43 Active Learning Random Query Instance Cost: 132972.56
2024-04-17 18:16 | INFO | Timeout limit is increased to 3600
2024-04-17 18:16 | INFO | Query 44 Size of the uncertainty table is = 692/1200
2024-04-17 18:16 | INFO | Query 44 Size of the filtered table is = 12
2024-04-17 18:16 | INFO | Query 44 Active Learning Random Query Runtime on Validation Set: 102541.76
2024-04-17 18:16 | INFO | Query 44 Active Learning Random Query Runtime on Test Set: 45178.72
2024-04-17 18:16 | INFO | Query 44 Active Learning Random Query Instance Cost: 143249.45
2024-04-17 18:16 | INFO | Timeout limit is increased to 3600
2024-04-17 18:16 | INFO | Query 45 Size of the uncertainty table is = 674/1200
2024-04-17 18:16 | INFO | Query 45 Size of the filtered table is = 12
2024-04-17 18:16 | INFO | Query 45 Active Learning Random Query Runtime on Validation Set: 102541.77
2024-04-17 18:16 | INFO | Query 45 Active Learning Random Query Runtime on Test Set: 45178.55
2024-04-17 18:16 | INFO | Query 45 Active Learning Random Query Instance Cost: 153313.99
2024-04-17 18:16 | INFO | Timeout limit is increased to 3600
2024-04-17 18:16 | INFO | Query 46 Size of the uncertainty table is = 662/1200
2024-04-17 18:16 | INFO | Query 46 Size of the filtered table is = 12
2024-04-17 18:16 | INFO | Query 46 Active Learning Random Query Runtime on Validation Set: 102541.76
2024-04-17 18:16 | INFO | Query 46 Active Learning Random Query Runtime on Test Set: 45178.54
2024-04-17 18:16 | INFO | Query 46 Active Learning Random Query Instance Cost: 162142.09
2024-04-17 18:16 | INFO | Query 47 Size of the uncertainty table is = 650/1200
2024-04-17 18:16 | INFO | Query 47 Size of the filtered table is = 12
2024-04-17 18:16 | INFO | Query 47 Active Learning Random Query Runtime on Validation Set: 102541.76
2024-04-17 18:16 | INFO | Query 47 Active Learning Random Query Runtime on Test Set: 45178.73
2024-04-17 18:16 | INFO | Query 47 Active Learning Random Query Instance Cost: 163603.67
2024-04-17 18:16 | INFO | Timeout limit is increased to 3600
2024-04-17 18:16 | INFO | Query 48 Size of the uncertainty table is = 638/1200
2024-04-17 18:16 | INFO | Query 48 Size of the filtered table is = 12
2024-04-17 18:16 | INFO | Query 48 Active Learning Random Query Runtime on Validation Set: 102541.76
2024-04-17 18:16 | INFO | Query 48 Active Learning Random Query Runtime on Test Set: 45178.88
2024-04-17 18:16 | INFO | Query 48 Active Learning Random Query Instance Cost: 170049.81
2024-04-17 18:16 | INFO | Timeout limit is increased to 3600
2024-04-17 18:16 | INFO | Query 49 Size of the uncertainty table is = 626/1200
2024-04-17 18:16 | INFO | Query 49 Size of the filtered table is = 12
2024-04-17 18:16 | INFO | Query 49 Active Learning Random Query Runtime on Validation Set: 102541.76
2024-04-17 18:16 | INFO | Query 49 Active Learning Random Query Runtime on Test Set: 45178.88
2024-04-17 18:16 | INFO | Query 49 Active Learning Random Query Instance Cost: 177154.55
2024-04-17 18:16 | INFO | Timeout limit is increased to 3600
2024-04-17 18:16 | INFO | Query 50 Size of the uncertainty table is = 614/1200
2024-04-17 18:16 | INFO | Query 50 Size of the filtered table is = 12
2024-04-17 18:16 | INFO | Query 50 Active Learning Random Query Runtime on Validation Set: 102541.76
2024-04-17 18:16 | INFO | Query 50 Active Learning Random Query Runtime on Test Set: 45178.39
2024-04-17 18:16 | INFO | Query 50 Active Learning Random Query Instance Cost: 190486.92
2024-04-17 18:16 | INFO | Timeout limit is increased to 3600
2024-04-17 18:16 | INFO | Query 51 Size of the uncertainty table is = 602/1200
2024-04-17 18:16 | INFO | Query 51 Size of the filtered table is = 12
2024-04-17 18:16 | INFO | Query 51 Active Learning Random Query Runtime on Validation Set: 102541.76
2024-04-17 18:16 | INFO | Query 51 Active Learning Random Query Runtime on Test Set: 45302.7
2024-04-17 18:16 | INFO | Query 51 Active Learning Random Query Instance Cost: 201810.01
2024-04-17 18:16 | INFO | Timeout limit is increased to 3600
2024-04-17 18:16 | INFO | Query 52 Size of the uncertainty table is = 590/1200
2024-04-17 18:16 | INFO | Query 52 Size of the filtered table is = 12
2024-04-17 18:17 | INFO | Query 52 Active Learning Random Query Runtime on Validation Set: 102541.76
2024-04-17 18:17 | INFO | Query 52 Active Learning Random Query Runtime on Test Set: 45302.52
2024-04-17 18:17 | INFO | Query 52 Active Learning Random Query Instance Cost: 206986.53
2024-04-17 18:17 | INFO | Timeout limit is increased to 3600
2024-04-17 18:17 | INFO | Query 53 Size of the uncertainty table is = 578/1200
2024-04-17 18:17 | INFO | Query 53 Size of the filtered table is = 12
2024-04-17 18:17 | INFO | Query 53 Active Learning Random Query Runtime on Validation Set: 102541.76
2024-04-17 18:17 | INFO | Query 53 Active Learning Random Query Runtime on Test Set: 45302.07
2024-04-17 18:17 | INFO | Query 53 Active Learning Random Query Instance Cost: 221115.87
2024-04-17 18:17 | INFO | Timeout limit is increased to 3600
2024-04-17 18:17 | INFO | Query 54 Size of the uncertainty table is = 566/1200
2024-04-17 18:17 | INFO | Query 54 Size of the filtered table is = 12
2024-04-17 18:17 | INFO | Query 54 Active Learning Random Query Runtime on Validation Set: 102541.76
2024-04-17 18:17 | INFO | Query 54 Active Learning Random Query Runtime on Test Set: 45302.08
2024-04-17 18:17 | INFO | Query 54 Active Learning Random Query Instance Cost: 235396.06
2024-04-17 18:17 | INFO | Timeout limit is increased to 3600
2024-04-17 18:17 | INFO | Query 55 Size of the uncertainty table is = 554/1200
2024-04-17 18:17 | INFO | Query 55 Size of the filtered table is = 12
2024-04-17 18:17 | INFO | Query 55 Active Learning Random Query Runtime on Validation Set: 102541.76
2024-04-17 18:17 | INFO | Query 55 Active Learning Random Query Runtime on Test Set: 45285.47
2024-04-17 18:17 | INFO | Query 55 Active Learning Random Query Instance Cost: 247936.02
2024-04-17 18:17 | INFO | Timeout limit is increased to 3600
2024-04-17 18:17 | INFO | Query 56 Size of the uncertainty table is = 542/1200
2024-04-17 18:17 | INFO | Query 56 Size of the filtered table is = 12
2024-04-17 18:17 | INFO | Query 56 Active Learning Random Query Runtime on Validation Set: 102541.76
2024-04-17 18:17 | INFO | Query 56 Active Learning Random Query Runtime on Test Set: 45293.92
2024-04-17 18:17 | INFO | Query 56 Active Learning Random Query Instance Cost: 259751.23
2024-04-17 18:17 | INFO | Timeout limit is increased to 3600
2024-04-17 18:17 | INFO | Query 57 Size of the uncertainty table is = 530/1200
2024-04-17 18:17 | INFO | Query 57 Size of the filtered table is = 12
2024-04-17 18:17 | INFO | Query 57 Active Learning Random Query Runtime on Validation Set: 102541.76
2024-04-17 18:17 | INFO | Query 57 Active Learning Random Query Runtime on Test Set: 45285.61
2024-04-17 18:17 | INFO | Query 57 Active Learning Random Query Instance Cost: 262861.51
2024-04-17 18:17 | INFO | Timeout limit is increased to 3600
2024-04-17 18:17 | INFO | Query 58 Size of the uncertainty table is = 518/1200
2024-04-17 18:17 | INFO | Query 58 Size of the filtered table is = 12
2024-04-17 18:17 | INFO | Query 58 Active Learning Random Query Runtime on Validation Set: 102541.76
2024-04-17 18:17 | INFO | Query 58 Active Learning Random Query Runtime on Test Set: 9784.15
2024-04-17 18:17 | INFO | Query 58 Active Learning Random Query Instance Cost: 274514.84
2024-04-17 18:17 | INFO | Timeout limit is increased to 3600
2024-04-17 18:17 | INFO | Query 59 Size of the uncertainty table is = 506/1200
2024-04-17 18:17 | INFO | Query 59 Size of the filtered table is = 12
2024-04-17 18:17 | INFO | Query 59 Active Learning Random Query Runtime on Validation Set: 102541.76
2024-04-17 18:17 | INFO | Query 59 Active Learning Random Query Runtime on Test Set: 45285.63
2024-04-17 18:17 | INFO | Query 59 Active Learning Random Query Instance Cost: 281994.77
2024-04-17 18:17 | INFO | Timeout limit is increased to 3600
2024-04-17 18:17 | INFO | Query 60 Size of the uncertainty table is = 494/1200
2024-04-17 18:17 | INFO | Query 60 Size of the filtered table is = 12
2024-04-17 18:17 | INFO | Query 60 Active Learning Random Query Runtime on Validation Set: 102541.76
2024-04-17 18:17 | INFO | Query 60 Active Learning Random Query Runtime on Test Set: 45285.19
2024-04-17 18:17 | INFO | Query 60 Active Learning Random Query Instance Cost: 291843.26
2024-04-17 18:17 | INFO | Timeout limit is increased to 3600
2024-04-17 18:17 | INFO | Query 61 Size of the uncertainty table is = 482/1200
2024-04-17 18:17 | INFO | Query 61 Size of the filtered table is = 12
2024-04-17 18:17 | INFO | Query 61 Active Learning Random Query Runtime on Validation Set: 102541.76
2024-04-17 18:17 | INFO | Query 61 Active Learning Random Query Runtime on Test Set: 45294.27
2024-04-17 18:17 | INFO | Query 61 Active Learning Random Query Instance Cost: 301651.45
2024-04-17 18:17 | INFO | Timeout limit is increased to 3600
2024-04-17 18:17 | INFO | Query 62 Size of the uncertainty table is = 470/1200
2024-04-17 18:17 | INFO | Query 62 Size of the filtered table is = 12
2024-04-17 18:17 | INFO | Query 62 Active Learning Random Query Runtime on Validation Set: 102541.76
2024-04-17 18:17 | INFO | Query 62 Active Learning Random Query Runtime on Test Set: 45285.64
2024-04-17 18:17 | INFO | Query 62 Active Learning Random Query Instance Cost: 301675.62
2024-04-17 18:17 | INFO | Timeout limit is increased to 3600
2024-04-17 18:17 | INFO | Query 63 Size of the uncertainty table is = 458/1200
2024-04-17 18:17 | INFO | Query 63 Size of the filtered table is = 12
2024-04-17 18:17 | INFO | Query 63 Active Learning Random Query Runtime on Validation Set: 102541.76
2024-04-17 18:17 | INFO | Query 63 Active Learning Random Query Runtime on Test Set: 45285.51
2024-04-17 18:17 | INFO | Query 63 Active Learning Random Query Instance Cost: 309642.91
2024-04-17 18:17 | INFO | Timeout limit is increased to 3600
2024-04-17 18:17 | INFO | Query 64 Size of the uncertainty table is = 446/1200
2024-04-17 18:17 | INFO | Query 64 Size of the filtered table is = 12
2024-04-17 18:18 | INFO | Query 64 Active Learning Random Query Runtime on Validation Set: 102541.76
2024-04-17 18:18 | INFO | Query 64 Active Learning Random Query Runtime on Test Set: 45285.48
2024-04-17 18:18 | INFO | Query 64 Active Learning Random Query Instance Cost: 317163.51
2024-04-17 18:18 | INFO | Timeout limit is increased to 3600
2024-04-17 18:18 | INFO | Query 65 Size of the uncertainty table is = 434/1200
2024-04-17 18:18 | INFO | Query 65 Size of the filtered table is = 12
2024-04-17 18:18 | INFO | Query 65 Active Learning Random Query Runtime on Validation Set: 102541.76
2024-04-17 18:18 | INFO | Query 65 Active Learning Random Query Runtime on Test Set: 9783.91
2024-04-17 18:18 | INFO | Query 65 Active Learning Random Query Instance Cost: 322971.75
2024-04-17 18:18 | INFO | Timeout limit is increased to 3600
2024-04-17 18:18 | INFO | Query 66 Size of the uncertainty table is = 422/1200
2024-04-17 18:18 | INFO | Query 66 Size of the filtered table is = 12
2024-04-17 18:18 | INFO | Query 66 Active Learning Random Query Runtime on Validation Set: 102541.76
2024-04-17 18:18 | INFO | Query 66 Active Learning Random Query Runtime on Test Set: 45285.44
2024-04-17 18:18 | INFO | Query 66 Active Learning Random Query Instance Cost: 323023.45
2024-04-17 18:18 | INFO | Timeout limit is increased to 3600
2024-04-17 18:18 | INFO | Query 67 Size of the uncertainty table is = 410/1200
2024-04-17 18:18 | INFO | Query 67 Size of the filtered table is = 12
2024-04-17 18:18 | INFO | Query 67 Active Learning Random Query Runtime on Validation Set: 102541.76
2024-04-17 18:18 | INFO | Query 67 Active Learning Random Query Runtime on Test Set: 45286.73
2024-04-17 18:18 | INFO | Query 67 Active Learning Random Query Instance Cost: 326706.17
2024-04-17 18:18 | INFO | Timeout limit is increased to 3600
2024-04-17 18:18 | INFO | Query 68 Size of the uncertainty table is = 398/1200
2024-04-17 18:18 | INFO | Query 68 Size of the filtered table is = 12
2024-04-17 18:18 | INFO | Query 68 Active Learning Random Query Runtime on Validation Set: 102541.76
2024-04-17 18:18 | INFO | Query 68 Active Learning Random Query Runtime on Test Set: 45285.52
2024-04-17 18:18 | INFO | Query 68 Active Learning Random Query Instance Cost: 337427.42
2024-04-17 18:18 | INFO | Timeout limit is increased to 3600
2024-04-17 18:18 | INFO | Query 69 Size of the uncertainty table is = 386/1200
2024-04-17 18:18 | INFO | Query 69 Size of the filtered table is = 12
2024-04-17 18:18 | INFO | Query 69 Active Learning Random Query Runtime on Validation Set: 102541.76
2024-04-17 18:18 | INFO | Query 69 Active Learning Random Query Runtime on Test Set: 45285.49
2024-04-17 18:18 | INFO | Query 69 Active Learning Random Query Instance Cost: 345634.05
2024-04-17 18:18 | INFO | Timeout limit is increased to 3600
2024-04-17 18:18 | INFO | Query 70 Size of the uncertainty table is = 374/1200
2024-04-17 18:18 | INFO | Query 70 Size of the filtered table is = 12
2024-04-17 18:18 | INFO | Query 70 Active Learning Random Query Runtime on Validation Set: 102541.76
2024-04-17 18:18 | INFO | Query 70 Active Learning Random Query Runtime on Test Set: 45285.49
2024-04-17 18:18 | INFO | Query 70 Active Learning Random Query Instance Cost: 355096.16
2024-04-17 18:18 | INFO | Timeout limit is increased to 3600
2024-04-17 18:18 | INFO | Query 71 Size of the uncertainty table is = 362/1200
2024-04-17 18:18 | INFO | Query 71 Size of the filtered table is = 12
2024-04-17 18:18 | INFO | Query 71 Active Learning Random Query Runtime on Validation Set: 102541.76
2024-04-17 18:18 | INFO | Query 71 Active Learning Random Query Runtime on Test Set: 9783.97
2024-04-17 18:18 | INFO | Query 71 Active Learning Random Query Instance Cost: 358834.27
2024-04-17 18:18 | INFO | Timeout limit is increased to 3600
2024-04-17 18:18 | INFO | Query 72 Size of the uncertainty table is = 350/1200
2024-04-17 18:18 | INFO | Query 72 Size of the filtered table is = 12
2024-04-17 18:18 | INFO | Query 72 Active Learning Random Query Runtime on Validation Set: 102541.76
2024-04-17 18:18 | INFO | Query 72 Active Learning Random Query Runtime on Test Set: 45285.44
2024-04-17 18:18 | INFO | Query 72 Active Learning Random Query Instance Cost: 359117.85
2024-04-17 18:18 | INFO | Timeout limit is increased to 3600
2024-04-17 18:18 | INFO | Query 73 Size of the uncertainty table is = 338/1200
2024-04-17 18:18 | INFO | Query 73 Size of the filtered table is = 12
2024-04-17 18:18 | INFO | Query 73 Active Learning Random Query Runtime on Validation Set: 102541.76
2024-04-17 18:18 | INFO | Query 73 Active Learning Random Query Runtime on Test Set: 45285.41
2024-04-17 18:18 | INFO | Query 73 Active Learning Random Query Instance Cost: 366360.82
2024-04-17 18:18 | INFO | Timeout limit is increased to 3600
2024-04-17 18:18 | INFO | Query 74 Size of the uncertainty table is = 326/1200
2024-04-17 18:18 | INFO | Query 74 Size of the filtered table is = 12
2024-04-17 18:18 | INFO | Query 74 Active Learning Random Query Runtime on Validation Set: 102541.76
2024-04-17 18:18 | INFO | Query 74 Active Learning Random Query Runtime on Test Set: 45285.37
2024-04-17 18:18 | INFO | Query 74 Active Learning Random Query Instance Cost: 369990.08
2024-04-17 18:18 | INFO | Timeout limit is increased to 3600
2024-04-17 18:18 | INFO | Query 75 Size of the uncertainty table is = 314/1200
2024-04-17 18:18 | INFO | Query 75 Size of the filtered table is = 12
2024-04-17 18:18 | INFO | Query 75 Active Learning Random Query Runtime on Validation Set: 102541.76
2024-04-17 18:18 | INFO | Query 75 Active Learning Random Query Runtime on Test Set: 45285.48
2024-04-17 18:18 | INFO | Query 75 Active Learning Random Query Instance Cost: 383003.92
2024-04-17 18:18 | INFO | Timeout limit is increased to 3600
2024-04-17 18:18 | INFO | Query 76 Size of the uncertainty table is = 302/1200
2024-04-17 18:18 | INFO | Query 76 Size of the filtered table is = 12
2024-04-17 18:19 | INFO | Query 76 Active Learning Random Query Runtime on Validation Set: 102541.76
2024-04-17 18:19 | INFO | Query 76 Active Learning Random Query Runtime on Test Set: 45285.41
2024-04-17 18:19 | INFO | Query 76 Active Learning Random Query Instance Cost: 383724.93
2024-04-17 18:19 | INFO | Timeout limit is increased to 3600
2024-04-17 18:19 | INFO | Query 77 Size of the uncertainty table is = 290/1200
2024-04-17 18:19 | INFO | Query 77 Size of the filtered table is = 12
2024-04-17 18:19 | INFO | Query 77 Active Learning Random Query Runtime on Validation Set: 102541.76
2024-04-17 18:19 | INFO | Query 77 Active Learning Random Query Runtime on Test Set: 45161.69
2024-04-17 18:19 | INFO | Query 77 Active Learning Random Query Instance Cost: 387610.43
2024-04-17 18:19 | INFO | Timeout limit is increased to 3600
2024-04-17 18:19 | INFO | Query 78 Size of the uncertainty table is = 278/1200
2024-04-17 18:19 | INFO | Query 78 Size of the filtered table is = 12
2024-04-17 18:19 | INFO | Query 78 Active Learning Random Query Runtime on Validation Set: 102541.76
2024-04-17 18:19 | INFO | Query 78 Active Learning Random Query Runtime on Test Set: 45161.75
2024-04-17 18:19 | INFO | Query 78 Active Learning Random Query Instance Cost: 387683.56
2024-04-17 18:19 | INFO | Timeout limit is increased to 3600
2024-04-17 18:19 | INFO | Query 79 Size of the uncertainty table is = 266/1200
2024-04-17 18:19 | INFO | Query 79 Size of the filtered table is = 12
2024-04-17 18:19 | INFO | Query 79 Active Learning Random Query Runtime on Validation Set: 102541.76
2024-04-17 18:19 | INFO | Query 79 Active Learning Random Query Runtime on Test Set: 45161.61
2024-04-17 18:19 | INFO | Query 79 Active Learning Random Query Instance Cost: 387693.19
2024-04-17 18:19 | INFO | Timeout limit is increased to 3600
2024-04-17 18:19 | INFO | Query 80 Size of the uncertainty table is = 254/1200
2024-04-17 18:19 | INFO | Query 80 Size of the filtered table is = 12
2024-04-17 18:19 | INFO | Query 80 Active Learning Random Query Runtime on Validation Set: 102541.76
2024-04-17 18:19 | INFO | Query 80 Active Learning Random Query Runtime on Test Set: 45161.63
2024-04-17 18:19 | INFO | Query 80 Active Learning Random Query Instance Cost: 394938.9
2024-04-17 18:19 | INFO | Timeout limit is increased to 3600
2024-04-17 18:19 | INFO | Query 81 Size of the uncertainty table is = 242/1200
2024-04-17 18:19 | INFO | Query 81 Size of the filtered table is = 12
2024-04-17 18:19 | INFO | Query 81 Active Learning Random Query Runtime on Validation Set: 102541.76
2024-04-17 18:19 | INFO | Query 81 Active Learning Random Query Runtime on Test Set: 45161.74
2024-04-17 18:19 | INFO | Query 81 Active Learning Random Query Instance Cost: 408724.73
2024-04-17 18:19 | INFO | Timeout limit is increased to 3600
2024-04-17 18:19 | INFO | Query 82 Size of the uncertainty table is = 230/1200
2024-04-17 18:19 | INFO | Query 82 Size of the filtered table is = 12
2024-04-17 18:19 | INFO | Query 82 Active Learning Random Query Runtime on Validation Set: 102541.76
2024-04-17 18:19 | INFO | Query 82 Active Learning Random Query Runtime on Test Set: 45162.3
2024-04-17 18:19 | INFO | Query 82 Active Learning Random Query Instance Cost: 409847.3
2024-04-17 18:19 | INFO | Timeout limit is increased to 3600
2024-04-17 18:19 | INFO | Query 83 Size of the uncertainty table is = 218/1200
2024-04-17 18:19 | INFO | Query 83 Size of the filtered table is = 12
2024-04-17 18:19 | INFO | Query 83 Active Learning Random Query Runtime on Validation Set: 102541.76
2024-04-17 18:19 | INFO | Query 83 Active Learning Random Query Runtime on Test Set: 45161.76
2024-04-17 18:19 | INFO | Query 83 Active Learning Random Query Instance Cost: 410411.99
2024-04-17 18:19 | INFO | Timeout limit is increased to 3600
2024-04-17 18:19 | INFO | Query 84 Size of the uncertainty table is = 206/1200
2024-04-17 18:19 | INFO | Query 84 Size of the filtered table is = 12
2024-04-17 18:19 | INFO | Query 84 Active Learning Random Query Runtime on Validation Set: 102541.76
2024-04-17 18:19 | INFO | Query 84 Active Learning Random Query Runtime on Test Set: 45161.63
2024-04-17 18:19 | INFO | Query 84 Active Learning Random Query Instance Cost: 414125.45
2024-04-17 18:19 | INFO | Timeout limit is increased to 3600
2024-04-17 18:19 | INFO | Query 85 Size of the uncertainty table is = 194/1200
2024-04-17 18:19 | INFO | Query 85 Size of the filtered table is = 12
2024-04-17 18:19 | INFO | Query 85 Active Learning Random Query Runtime on Validation Set: 102541.76
2024-04-17 18:19 | INFO | Query 85 Active Learning Random Query Runtime on Test Set: 45161.58
2024-04-17 18:19 | INFO | Query 85 Active Learning Random Query Instance Cost: 414133.37
2024-04-17 18:19 | INFO | Timeout limit is increased to 3600
2024-04-17 18:19 | INFO | Query 86 Size of the uncertainty table is = 182/1200
2024-04-17 18:19 | INFO | Query 86 Size of the filtered table is = 12
2024-04-17 18:19 | INFO | Query 86 Active Learning Random Query Runtime on Validation Set: 105197.52
2024-04-17 18:19 | INFO | Query 86 Active Learning Random Query Runtime on Test Set: 45161.71
2024-04-17 18:19 | INFO | Query 86 Active Learning Random Query Instance Cost: 425402.05
2024-04-17 18:19 | INFO | Timeout limit is increased to 3600
2024-04-17 18:19 | INFO | Query 87 Size of the uncertainty table is = 170/1200
2024-04-17 18:19 | INFO | Query 87 Size of the filtered table is = 12
2024-04-17 18:19 | INFO | Query 87 Active Learning Random Query Runtime on Validation Set: 102541.76
2024-04-17 18:19 | INFO | Query 87 Active Learning Random Query Runtime on Test Set: 45161.86
2024-04-17 18:19 | INFO | Query 87 Active Learning Random Query Instance Cost: 429478.69
2024-04-17 18:19 | INFO | Query 88 Size of the uncertainty table is = 158/1200
2024-04-17 18:19 | INFO | Query 88 Size of the filtered table is = 12
2024-04-17 18:20 | INFO | Query 88 Active Learning Random Query Runtime on Validation Set: 102541.76
2024-04-17 18:20 | INFO | Query 88 Active Learning Random Query Runtime on Test Set: 45161.83
2024-04-17 18:20 | INFO | Query 88 Active Learning Random Query Instance Cost: 440348.67
2024-04-17 18:20 | INFO | Timeout limit is increased to 3600
2024-04-17 18:20 | INFO | Query 89 Size of the uncertainty table is = 146/1200
2024-04-17 18:20 | INFO | Query 89 Size of the filtered table is = 12
2024-04-17 18:20 | INFO | Query 89 Active Learning Random Query Runtime on Validation Set: 102541.76
2024-04-17 18:20 | INFO | Query 89 Active Learning Random Query Runtime on Test Set: 45161.59
2024-04-17 18:20 | INFO | Query 89 Active Learning Random Query Instance Cost: 456689.61
2024-04-17 18:20 | INFO | Timeout limit is increased to 3600
2024-04-17 18:20 | INFO | Query 90 Size of the uncertainty table is = 134/1200
2024-04-17 18:20 | INFO | Query 90 Size of the filtered table is = 12
2024-04-17 18:20 | INFO | Query 90 Active Learning Random Query Runtime on Validation Set: 102541.76
2024-04-17 18:20 | INFO | Query 90 Active Learning Random Query Runtime on Test Set: 45161.58
2024-04-17 18:20 | INFO | Query 90 Active Learning Random Query Instance Cost: 463729.67
2024-04-17 18:20 | INFO | Timeout limit is increased to 3600
2024-04-17 18:20 | INFO | Query 91 Size of the uncertainty table is = 122/1200
2024-04-17 18:20 | INFO | Query 91 Size of the filtered table is = 12
2024-04-17 18:20 | INFO | Query 91 Active Learning Random Query Runtime on Validation Set: 141141.67
2024-04-17 18:20 | INFO | Query 91 Active Learning Random Query Runtime on Test Set: 45161.57
2024-04-17 18:20 | INFO | Query 91 Active Learning Random Query Instance Cost: 463775.33
2024-04-17 18:20 | INFO | Timeout limit is increased to 3600
2024-04-17 18:20 | INFO | Query 92 Size of the uncertainty table is = 110/1200
2024-04-17 18:20 | INFO | Query 92 Size of the filtered table is = 12
2024-04-17 18:20 | INFO | Query 92 Active Learning Random Query Runtime on Validation Set: 102541.76
2024-04-17 18:20 | INFO | Query 92 Active Learning Random Query Runtime on Test Set: 45161.57
2024-04-17 18:20 | INFO | Query 92 Active Learning Random Query Instance Cost: 476266.2
2024-04-17 18:20 | INFO | Query 93 Size of the uncertainty table is = 98/1200
2024-04-17 18:20 | INFO | Query 93 Size of the filtered table is = 12
2024-04-17 18:20 | INFO | Query 93 Active Learning Random Query Runtime on Validation Set: 102541.76
2024-04-17 18:20 | INFO | Query 93 Active Learning Random Query Runtime on Test Set: 45161.54
2024-04-17 18:20 | INFO | Query 93 Active Learning Random Query Instance Cost: 486299.52
2024-04-17 18:20 | INFO | Timeout limit is increased to 3600
2024-04-17 18:20 | INFO | Query 94 Size of the uncertainty table is = 86/1200
2024-04-17 18:20 | INFO | Query 94 Size of the filtered table is = 12
2024-04-17 18:20 | INFO | Query 94 Active Learning Random Query Runtime on Validation Set: 102541.76
2024-04-17 18:20 | INFO | Query 94 Active Learning Random Query Runtime on Test Set: 45161.58
2024-04-17 18:20 | INFO | Query 94 Active Learning Random Query Instance Cost: 490342.17
2024-04-17 18:20 | INFO | Timeout limit is increased to 3600
2024-04-17 18:20 | INFO | Query 95 Size of the uncertainty table is = 74/1200
2024-04-17 18:20 | INFO | Query 95 Size of the filtered table is = 12
2024-04-17 18:20 | INFO | Query 95 Active Learning Random Query Runtime on Validation Set: 102541.76
2024-04-17 18:20 | INFO | Query 95 Active Learning Random Query Runtime on Test Set: 45161.62
2024-04-17 18:20 | INFO | Query 95 Active Learning Random Query Instance Cost: 494040.97
2024-04-17 18:20 | INFO | Timeout limit is increased to 3600
2024-04-17 18:20 | INFO | Query 96 Size of the uncertainty table is = 62/1200
2024-04-17 18:20 | INFO | Query 96 Size of the filtered table is = 12
2024-04-17 18:20 | INFO | Query 96 Active Learning Random Query Runtime on Validation Set: 102541.76
2024-04-17 18:20 | INFO | Query 96 Active Learning Random Query Runtime on Test Set: 45161.55
2024-04-17 18:20 | INFO | Query 96 Active Learning Random Query Instance Cost: 503623.72
2024-04-17 18:20 | INFO | Timeout limit is increased to 3600
2024-04-17 18:20 | INFO | Query 97 Size of the uncertainty table is = 50/1200
2024-04-17 18:20 | INFO | Query 97 Size of the filtered table is = 12
2024-04-17 18:20 | INFO | Query 97 Active Learning Random Query Runtime on Validation Set: 102541.76
2024-04-17 18:20 | INFO | Query 97 Active Learning Random Query Runtime on Test Set: 45161.53
2024-04-17 18:20 | INFO | Query 97 Active Learning Random Query Instance Cost: 508269.0
2024-04-17 18:20 | INFO | Timeout limit is increased to 3600
2024-04-17 18:20 | INFO | Query 98 Size of the uncertainty table is = 38/1200
2024-04-17 18:20 | INFO | Query 98 Size of the filtered table is = 12
2024-04-17 18:20 | INFO | Query 98 Active Learning Random Query Runtime on Validation Set: 102541.76
2024-04-17 18:20 | INFO | Query 98 Active Learning Random Query Runtime on Test Set: 45285.33
2024-04-17 18:20 | INFO | Query 98 Active Learning Random Query Instance Cost: 508282.72
2024-04-17 18:20 | INFO | Timeout limit is increased to 3600
2024-04-17 18:20 | INFO | Query 99 Size of the uncertainty table is = 26/1200
2024-04-17 18:20 | INFO | Query 99 Size of the filtered table is = 12
2024-04-17 18:21 | INFO | Query 99 Active Learning Random Query Runtime on Validation Set: 102541.76
2024-04-17 18:21 | INFO | Query 99 Active Learning Random Query Runtime on Test Set: 45285.6
2024-04-17 18:21 | INFO | Query 99 Active Learning Random Query Instance Cost: 512192.2
2024-04-17 18:21 | INFO | Timeout limit is increased to 3600
2024-04-17 18:21 | INFO | Query 100 Size of the uncertainty table is = 14/1200
2024-04-17 18:21 | INFO | Query 100 Size of the filtered table is = 12
2024-04-17 18:21 | INFO | Query 100 Active Learning Random Query Runtime on Validation Set: 102541.76
2024-04-17 18:21 | INFO | Query 100 Active Learning Random Query Runtime on Test Set: 45285.48
2024-04-17 18:21 | INFO | Query 100 Active Learning Random Query Instance Cost: 517074.4
2024-04-17 18:21 | INFO | Timeout limit is increased to 3600
2024-04-17 18:21 | INFO | Query 101 Size of the uncertainty table is = 2/1200
2024-04-17 18:21 | INFO | Query 101 Size of the filtered table is = 2
2024-04-17 18:21 | INFO | Query 101 Active Learning Random Query Runtime on Validation Set: 102541.76
2024-04-17 18:21 | INFO | Query 101 Active Learning Random Query Runtime on Test Set: 45285.45
2024-04-17 18:21 | INFO | Query 101 Active Learning Random Query Instance Cost: 517075.23
2024-04-17 18:21 | INFO | Timeout limit is increased to 3600
2024-04-17 18:21 | INFO | runtime_train_score is written as json file
2024-04-17 18:21 | INFO | runtime_test_score is written as json file
2024-04-17 18:21 | INFO | runtime_validation_score is written as json file
2024-04-17 18:21 | INFO | instance_cost is written as json file
2024-04-17 18:21 | INFO | Experiment is finished
