2024-04-17 17:52 | INFO | Paramaters are: {'dataset': 'CPMP-2015', 'penalty': 10, 'weight': 'No_Weight', 'voting': 'Hard', 'pre_selection_size': 64, 'pre_selection_technique': 'No_pre_selection', 'feature_elimination_threshold': 20, 'imputer_strategy': 'median', 'feature_selection_technique': 'No_feature_selection', 'feature_scaling_technique': 'StandardScaler', 'initial_train_size': 20, 'query_size': 1, 'timeout_predictor_usage': 'No', 'timeout_limit': 100, 'timeout_increase_rate': 100, 'RANDOM_STATE_SEED': 7, 'n_splits': 10, 'split_number': 8, 'max_timeout': 3600, 'param_grid': {'n_estimators': 100, 'criterion': 'gini', 'max_features': 'sqrt', 'max_depth': 2147483648, 'min_samples_split': 2, 'bootstrap': True}}
2024-04-17 17:52 | INFO | CPMP-2015 is current dataset
2024-04-17 17:52 | INFO | DATASETS/CPMP-2015/algorithm_runs.csv is found
2024-04-17 17:52 | INFO | DATASETS/CPMP-2015/algorithm_runs.csv is finished
2024-04-17 17:52 | INFO | DATASETS/CPMP-2015/feature_values.csv is found
2024-04-17 17:52 | INFO | DATASETS/CPMP-2015/feature_values.csv is finished
2024-04-17 17:52 | INFO | Feature cost of train set is 0
2024-04-17 17:53 | INFO | Initial Active Learning Random Query Runtime on Validation Set: 245028.69
2024-04-17 17:53 | INFO | Initial Active Learning Random Query Runtime on Test Set: 230411.65
2024-04-17 17:53 | INFO | Initial Active Learning Random Query Instance Cost: 3271.99
2024-04-17 17:53 | INFO | Bin size = 21
2024-04-17 17:53 | INFO | Query 1 Size of the uncertainty table is = 2183/2160
2024-04-17 17:53 | INFO | Query 1 Size of the filtered table is = 21
2024-04-17 17:53 | INFO | Query 1 Active Learning Random Query Runtime on Validation Set: 240390.65
2024-04-17 17:53 | INFO | Query 1 Active Learning Random Query Runtime on Test Set: 158064.88
2024-04-17 17:53 | INFO | Query 1 Active Learning Random Query Instance Cost: 5700.94
2024-04-17 17:53 | INFO | Query 2 Size of the uncertainty table is = 2170/2160
2024-04-17 17:53 | INFO | Query 2 Size of the filtered table is = 21
2024-04-17 17:53 | INFO | Query 2 Active Learning Random Query Runtime on Validation Set: 345341.29
2024-04-17 17:53 | INFO | Query 2 Active Learning Random Query Runtime on Test Set: 122579.11
2024-04-17 17:53 | INFO | Query 2 Active Learning Random Query Instance Cost: 7145.6
2024-04-17 17:53 | INFO | Timeout limit is increased to 200
2024-04-17 17:53 | INFO | Query 3 Size of the uncertainty table is = 2153/2160
2024-04-17 17:53 | INFO | Query 3 Size of the filtered table is = 21
2024-04-17 17:53 | INFO | Query 3 Active Learning Random Query Runtime on Validation Set: 311977.85
2024-04-17 17:53 | INFO | Query 3 Active Learning Random Query Runtime on Test Set: 86063.9
2024-04-17 17:53 | INFO | Query 3 Active Learning Random Query Instance Cost: 9740.26
2024-04-17 17:53 | INFO | Query 4 Size of the uncertainty table is = 2134/2160
2024-04-17 17:53 | INFO | Query 4 Size of the filtered table is = 21
2024-04-17 17:53 | INFO | Query 4 Active Learning Random Query Runtime on Validation Set: 241094.02
2024-04-17 17:53 | INFO | Query 4 Active Learning Random Query Runtime on Test Set: 82765.21
2024-04-17 17:53 | INFO | Query 4 Active Learning Random Query Instance Cost: 12438.35
2024-04-17 17:53 | INFO | Query 5 Size of the uncertainty table is = 2112/2160
2024-04-17 17:53 | INFO | Query 5 Size of the filtered table is = 21
2024-04-17 17:53 | INFO | Query 5 Active Learning Random Query Runtime on Validation Set: 208069.18
2024-04-17 17:53 | INFO | Query 5 Active Learning Random Query Runtime on Test Set: 87358.38
2024-04-17 17:53 | INFO | Query 5 Active Learning Random Query Instance Cost: 16288.7
2024-04-17 17:53 | INFO | Query 6 Size of the uncertainty table is = 2089/2160
2024-04-17 17:53 | INFO | Query 6 Size of the filtered table is = 21
2024-04-17 17:53 | INFO | Query 6 Active Learning Random Query Runtime on Validation Set: 207840.7
2024-04-17 17:53 | INFO | Query 6 Active Learning Random Query Runtime on Test Set: 226402.09
2024-04-17 17:53 | INFO | Query 6 Active Learning Random Query Instance Cost: 20442.44
2024-04-17 17:53 | INFO | Query 7 Size of the uncertainty table is = 2071/2160
2024-04-17 17:53 | INFO | Query 7 Size of the filtered table is = 21
2024-04-17 17:54 | INFO | Query 7 Active Learning Random Query Runtime on Validation Set: 171647.4
2024-04-17 17:54 | INFO | Query 7 Active Learning Random Query Runtime on Test Set: 226929.88
2024-04-17 17:54 | INFO | Query 7 Active Learning Random Query Instance Cost: 22513.4
2024-04-17 17:54 | INFO | Query 8 Size of the uncertainty table is = 2035/2160
2024-04-17 17:54 | INFO | Query 8 Size of the filtered table is = 21
2024-04-17 17:54 | INFO | Query 8 Active Learning Random Query Runtime on Validation Set: 102195.43
2024-04-17 17:54 | INFO | Query 8 Active Learning Random Query Runtime on Test Set: 194073.17
2024-04-17 17:54 | INFO | Query 8 Active Learning Random Query Instance Cost: 24775.78
2024-04-17 17:54 | INFO | Query 9 Size of the uncertainty table is = 2012/2160
2024-04-17 17:54 | INFO | Query 9 Size of the filtered table is = 21
2024-04-17 17:54 | INFO | Query 9 Active Learning Random Query Runtime on Validation Set: 276003.61
2024-04-17 17:54 | INFO | Query 9 Active Learning Random Query Runtime on Test Set: 193996.11
2024-04-17 17:54 | INFO | Query 9 Active Learning Random Query Instance Cost: 26861.33
2024-04-17 17:54 | INFO | Timeout limit is increased to 300
2024-04-17 17:54 | INFO | Query 10 Size of the uncertainty table is = 1991/2160
2024-04-17 17:54 | INFO | Query 10 Size of the filtered table is = 21
2024-04-17 17:54 | INFO | Query 10 Active Learning Random Query Runtime on Validation Set: 173579.7
2024-04-17 17:54 | INFO | Query 10 Active Learning Random Query Runtime on Test Set: 158310.79
2024-04-17 17:54 | INFO | Query 10 Active Learning Random Query Instance Cost: 30906.53
2024-04-17 17:54 | INFO | Query 11 Size of the uncertainty table is = 1956/2160
2024-04-17 17:54 | INFO | Query 11 Size of the filtered table is = 21
2024-04-17 17:54 | INFO | Query 11 Active Learning Random Query Runtime on Validation Set: 173578.98
2024-04-17 17:54 | INFO | Query 11 Active Learning Random Query Runtime on Test Set: 193788.54
2024-04-17 17:54 | INFO | Query 11 Active Learning Random Query Instance Cost: 34483.41
2024-04-17 17:54 | INFO | Query 12 Size of the uncertainty table is = 1930/2160
2024-04-17 17:54 | INFO | Query 12 Size of the filtered table is = 21
2024-04-17 17:54 | INFO | Query 12 Active Learning Random Query Runtime on Validation Set: 242526.34
2024-04-17 17:54 | INFO | Query 12 Active Learning Random Query Runtime on Test Set: 191145.24
2024-04-17 17:54 | INFO | Query 12 Active Learning Random Query Instance Cost: 38498.68
2024-04-17 17:54 | INFO | Timeout limit is increased to 400
2024-04-17 17:54 | INFO | Query 13 Size of the uncertainty table is = 1898/2160
2024-04-17 17:54 | INFO | Query 13 Size of the filtered table is = 21
2024-04-17 17:55 | INFO | Query 13 Active Learning Random Query Runtime on Validation Set: 242573.47
2024-04-17 17:55 | INFO | Query 13 Active Learning Random Query Runtime on Test Set: 261736.09
2024-04-17 17:55 | INFO | Query 13 Active Learning Random Query Instance Cost: 43310.42
2024-04-17 17:55 | INFO | Timeout limit is increased to 500
2024-04-17 17:55 | INFO | Query 14 Size of the uncertainty table is = 1869/2160
2024-04-17 17:55 | INFO | Query 14 Size of the filtered table is = 21
2024-04-17 17:55 | INFO | Query 14 Active Learning Random Query Runtime on Validation Set: 138327.84
2024-04-17 17:55 | INFO | Query 14 Active Learning Random Query Runtime on Test Set: 333863.21
2024-04-17 17:55 | INFO | Query 14 Active Learning Random Query Instance Cost: 50131.42
2024-04-17 17:55 | INFO | Query 15 Size of the uncertainty table is = 1844/2160
2024-04-17 17:55 | INFO | Query 15 Size of the filtered table is = 21
2024-04-17 17:55 | INFO | Query 15 Active Learning Random Query Runtime on Validation Set: 138048.88
2024-04-17 17:55 | INFO | Query 15 Active Learning Random Query Runtime on Test Set: 298134.56
2024-04-17 17:55 | INFO | Query 15 Active Learning Random Query Instance Cost: 58215.64
2024-04-17 17:55 | INFO | Query 16 Size of the uncertainty table is = 1810/2160
2024-04-17 17:55 | INFO | Query 16 Size of the filtered table is = 21
2024-04-17 17:55 | INFO | Query 16 Active Learning Random Query Runtime on Validation Set: 172833.2
2024-04-17 17:55 | INFO | Query 16 Active Learning Random Query Runtime on Test Set: 262839.72
2024-04-17 17:55 | INFO | Query 16 Active Learning Random Query Instance Cost: 64118.1
2024-04-17 17:55 | INFO | Timeout limit is increased to 600
2024-04-17 17:55 | INFO | Query 17 Size of the uncertainty table is = 1761/2160
2024-04-17 17:55 | INFO | Query 17 Size of the filtered table is = 21
2024-04-17 17:55 | INFO | Query 17 Active Learning Random Query Runtime on Validation Set: 138048.88
2024-04-17 17:55 | INFO | Query 17 Active Learning Random Query Runtime on Test Set: 226302.35
2024-04-17 17:55 | INFO | Query 17 Active Learning Random Query Instance Cost: 77257.76
2024-04-17 17:55 | INFO | Query 18 Size of the uncertainty table is = 1735/2160
2024-04-17 17:55 | INFO | Query 18 Size of the filtered table is = 21
2024-04-17 17:55 | INFO | Query 18 Active Learning Random Query Runtime on Validation Set: 174288.34
2024-04-17 17:55 | INFO | Query 18 Active Learning Random Query Runtime on Test Set: 298260.12
2024-04-17 17:55 | INFO | Query 18 Active Learning Random Query Instance Cost: 84616.56
2024-04-17 17:55 | INFO | Timeout limit is increased to 700
2024-04-17 17:55 | INFO | Query 19 Size of the uncertainty table is = 1702/2160
2024-04-17 17:55 | INFO | Query 19 Size of the filtered table is = 21
2024-04-17 17:55 | INFO | Query 19 Active Learning Random Query Runtime on Validation Set: 138048.88
2024-04-17 17:55 | INFO | Query 19 Active Learning Random Query Runtime on Test Set: 298253.98
2024-04-17 17:55 | INFO | Query 19 Active Learning Random Query Instance Cost: 93617.38
2024-04-17 17:55 | INFO | Query 20 Size of the uncertainty table is = 1661/2160
2024-04-17 17:55 | INFO | Query 20 Size of the filtered table is = 21
2024-04-17 17:56 | INFO | Query 20 Active Learning Random Query Runtime on Validation Set: 173983.15
2024-04-17 17:56 | INFO | Query 20 Active Learning Random Query Runtime on Test Set: 190319.93
2024-04-17 17:56 | INFO | Query 20 Active Learning Random Query Instance Cost: 101679.29
2024-04-17 17:56 | INFO | Timeout limit is increased to 800
2024-04-17 17:56 | INFO | Query 21 Size of the uncertainty table is = 1619/2160
2024-04-17 17:56 | INFO | Query 21 Size of the filtered table is = 21
2024-04-17 17:56 | INFO | Query 21 Active Learning Random Query Runtime on Validation Set: 138368.9
2024-04-17 17:56 | INFO | Query 21 Active Learning Random Query Runtime on Test Set: 225626.03
2024-04-17 17:56 | INFO | Query 21 Active Learning Random Query Instance Cost: 111694.62
2024-04-17 17:56 | INFO | Query 22 Size of the uncertainty table is = 1582/2160
2024-04-17 17:56 | INFO | Query 22 Size of the filtered table is = 21
2024-04-17 17:56 | INFO | Query 22 Active Learning Random Query Runtime on Validation Set: 138368.9
2024-04-17 17:56 | INFO | Query 22 Active Learning Random Query Runtime on Test Set: 225636.08
2024-04-17 17:56 | INFO | Query 22 Active Learning Random Query Instance Cost: 126936.54
2024-04-17 17:56 | INFO | Timeout limit is increased to 900
2024-04-17 17:56 | INFO | Query 23 Size of the uncertainty table is = 1559/2160
2024-04-17 17:56 | INFO | Query 23 Size of the filtered table is = 21
2024-04-17 17:56 | INFO | Query 23 Active Learning Random Query Runtime on Validation Set: 138243.23
2024-04-17 17:56 | INFO | Query 23 Active Learning Random Query Runtime on Test Set: 260864.23
2024-04-17 17:56 | INFO | Query 23 Active Learning Random Query Instance Cost: 137418.24
2024-04-17 17:56 | INFO | Query 24 Size of the uncertainty table is = 1526/2160
2024-04-17 17:56 | INFO | Query 24 Size of the filtered table is = 21
2024-04-17 17:56 | INFO | Query 24 Active Learning Random Query Runtime on Validation Set: 207891.82
2024-04-17 17:56 | INFO | Query 24 Active Learning Random Query Runtime on Test Set: 260806.61
2024-04-17 17:56 | INFO | Query 24 Active Learning Random Query Instance Cost: 146325.53
2024-04-17 17:56 | INFO | Timeout limit is increased to 1000
2024-04-17 17:56 | INFO | Query 25 Size of the uncertainty table is = 1487/2160
2024-04-17 17:56 | INFO | Query 25 Size of the filtered table is = 21
2024-04-17 17:56 | INFO | Query 25 Active Learning Random Query Runtime on Validation Set: 247004.88
2024-04-17 17:56 | INFO | Query 25 Active Learning Random Query Runtime on Test Set: 258846.59
2024-04-17 17:56 | INFO | Query 25 Active Learning Random Query Instance Cost: 156145.51
2024-04-17 17:56 | INFO | Timeout limit is increased to 1100
2024-04-17 17:56 | INFO | Query 26 Size of the uncertainty table is = 1440/2160
2024-04-17 17:56 | INFO | Query 26 Size of the filtered table is = 21
2024-04-17 17:56 | INFO | Query 26 Active Learning Random Query Runtime on Validation Set: 243945.89
2024-04-17 17:56 | INFO | Query 26 Active Learning Random Query Runtime on Test Set: 228099.72
2024-04-17 17:56 | INFO | Query 26 Active Learning Random Query Instance Cost: 172307.22
2024-04-17 17:56 | INFO | Query 27 Size of the uncertainty table is = 1406/2160
2024-04-17 17:56 | INFO | Query 27 Size of the filtered table is = 21
2024-04-17 17:57 | INFO | Query 27 Active Learning Random Query Runtime on Validation Set: 243399.18
2024-04-17 17:57 | INFO | Query 27 Active Learning Random Query Runtime on Test Set: 226523.46
2024-04-17 17:57 | INFO | Query 27 Active Learning Random Query Instance Cost: 185277.55
2024-04-17 17:57 | INFO | Query 28 Size of the uncertainty table is = 1371/2160
2024-04-17 17:57 | INFO | Query 28 Size of the filtered table is = 21
2024-04-17 17:57 | INFO | Query 28 Active Learning Random Query Runtime on Validation Set: 210728.83
2024-04-17 17:57 | INFO | Query 28 Active Learning Random Query Runtime on Test Set: 260795.55
2024-04-17 17:57 | INFO | Query 28 Active Learning Random Query Instance Cost: 199229.21
2024-04-17 17:57 | INFO | Query 29 Size of the uncertainty table is = 1336/2160
2024-04-17 17:57 | INFO | Query 29 Size of the filtered table is = 21
2024-04-17 17:57 | INFO | Query 29 Active Learning Random Query Runtime on Validation Set: 245508.49
2024-04-17 17:57 | INFO | Query 29 Active Learning Random Query Runtime on Test Set: 332247.25
2024-04-17 17:57 | INFO | Query 29 Active Learning Random Query Instance Cost: 212809.0
2024-04-17 17:57 | INFO | Timeout limit is increased to 1200
2024-04-17 17:57 | INFO | Query 30 Size of the uncertainty table is = 1307/2160
2024-04-17 17:57 | INFO | Query 30 Size of the filtered table is = 21
2024-04-17 17:57 | INFO | Query 30 Active Learning Random Query Runtime on Validation Set: 243694.29
2024-04-17 17:57 | INFO | Query 30 Active Learning Random Query Runtime on Test Set: 330315.51
2024-04-17 17:57 | INFO | Query 30 Active Learning Random Query Instance Cost: 228215.94
2024-04-17 17:57 | INFO | Query 31 Size of the uncertainty table is = 1270/2160
2024-04-17 17:57 | INFO | Query 31 Size of the filtered table is = 21
2024-04-17 17:57 | INFO | Query 31 Active Learning Random Query Runtime on Validation Set: 212286.09
2024-04-17 17:57 | INFO | Query 31 Active Learning Random Query Runtime on Test Set: 261847.89
2024-04-17 17:57 | INFO | Query 31 Active Learning Random Query Instance Cost: 249104.36
2024-04-17 17:57 | INFO | Query 32 Size of the uncertainty table is = 1249/2160
2024-04-17 17:57 | INFO | Query 32 Size of the filtered table is = 21
2024-04-17 17:57 | INFO | Query 32 Active Learning Random Query Runtime on Validation Set: 243410.66
2024-04-17 17:57 | INFO | Query 32 Active Learning Random Query Runtime on Test Set: 224851.81
2024-04-17 17:57 | INFO | Query 32 Active Learning Random Query Instance Cost: 256465.46
2024-04-17 17:57 | INFO | Timeout limit is increased to 1300
2024-04-17 17:57 | INFO | Query 33 Size of the uncertainty table is = 1211/2160
2024-04-17 17:57 | INFO | Query 33 Size of the filtered table is = 21
2024-04-17 17:58 | INFO | Query 33 Active Learning Random Query Runtime on Validation Set: 243018.98
2024-04-17 17:58 | INFO | Query 33 Active Learning Random Query Runtime on Test Set: 330949.99
2024-04-17 17:58 | INFO | Query 33 Active Learning Random Query Instance Cost: 273537.96
2024-04-17 17:58 | INFO | Query 34 Size of the uncertainty table is = 1178/2160
2024-04-17 17:58 | INFO | Query 34 Size of the filtered table is = 21
2024-04-17 17:58 | INFO | Query 34 Active Learning Random Query Runtime on Validation Set: 243928.31
2024-04-17 17:58 | INFO | Query 34 Active Learning Random Query Runtime on Test Set: 296901.93
2024-04-17 17:58 | INFO | Query 34 Active Learning Random Query Instance Cost: 296034.63
2024-04-17 17:58 | INFO | Timeout limit is increased to 1400
2024-04-17 17:58 | INFO | Query 35 Size of the uncertainty table is = 1144/2160
2024-04-17 17:58 | INFO | Query 35 Size of the filtered table is = 21
2024-04-17 17:58 | INFO | Query 35 Active Learning Random Query Runtime on Validation Set: 279107.3
2024-04-17 17:58 | INFO | Query 35 Active Learning Random Query Runtime on Test Set: 297893.13
2024-04-17 17:58 | INFO | Query 35 Active Learning Random Query Instance Cost: 317462.89
2024-04-17 17:58 | INFO | Timeout limit is increased to 1500
2024-04-17 17:58 | INFO | Query 36 Size of the uncertainty table is = 1112/2160
2024-04-17 17:58 | INFO | Query 36 Size of the filtered table is = 21
2024-04-17 17:58 | INFO | Query 36 Active Learning Random Query Runtime on Validation Set: 208682.68
2024-04-17 17:58 | INFO | Query 36 Active Learning Random Query Runtime on Test Set: 296901.46
2024-04-17 17:58 | INFO | Query 36 Active Learning Random Query Instance Cost: 333085.82
2024-04-17 17:58 | INFO | Query 37 Size of the uncertainty table is = 1076/2160
2024-04-17 17:58 | INFO | Query 37 Size of the filtered table is = 21
2024-04-17 17:58 | INFO | Query 37 Active Learning Random Query Runtime on Validation Set: 245625.26
2024-04-17 17:58 | INFO | Query 37 Active Learning Random Query Runtime on Test Set: 260840.0
2024-04-17 17:58 | INFO | Query 37 Active Learning Random Query Instance Cost: 344438.11
2024-04-17 17:58 | INFO | Timeout limit is increased to 1600
2024-04-17 17:58 | INFO | Query 38 Size of the uncertainty table is = 1036/2160
2024-04-17 17:58 | INFO | Query 38 Size of the filtered table is = 21
2024-04-17 17:58 | INFO | Query 38 Active Learning Random Query Runtime on Validation Set: 283063.15
2024-04-17 17:58 | INFO | Query 38 Active Learning Random Query Runtime on Test Set: 262056.0
2024-04-17 17:58 | INFO | Query 38 Active Learning Random Query Instance Cost: 363549.56
2024-04-17 17:58 | INFO | Timeout limit is increased to 1700
2024-04-17 17:58 | INFO | Query 39 Size of the uncertainty table is = 1003/2160
2024-04-17 17:58 | INFO | Query 39 Size of the filtered table is = 21
2024-04-17 17:59 | INFO | Query 39 Active Learning Random Query Runtime on Validation Set: 142352.23
2024-04-17 17:59 | INFO | Query 39 Active Learning Random Query Runtime on Test Set: 190223.72
2024-04-17 17:59 | INFO | Query 39 Active Learning Random Query Instance Cost: 386307.5
2024-04-17 17:59 | INFO | Query 40 Size of the uncertainty table is = 970/2160
2024-04-17 17:59 | INFO | Query 40 Size of the filtered table is = 21
2024-04-17 17:59 | INFO | Query 40 Active Learning Random Query Runtime on Validation Set: 140858.65
2024-04-17 17:59 | INFO | Query 40 Active Learning Random Query Runtime on Test Set: 190224.32
2024-04-17 17:59 | INFO | Query 40 Active Learning Random Query Instance Cost: 410706.81
2024-04-17 17:59 | INFO | Query 41 Size of the uncertainty table is = 935/2160
2024-04-17 17:59 | INFO | Query 41 Size of the filtered table is = 21
2024-04-17 17:59 | INFO | Query 41 Active Learning Random Query Runtime on Validation Set: 102721.04
2024-04-17 17:59 | INFO | Query 41 Active Learning Random Query Runtime on Test Set: 226223.21
2024-04-17 17:59 | INFO | Query 41 Active Learning Random Query Instance Cost: 423150.96
2024-04-17 17:59 | INFO | Query 42 Size of the uncertainty table is = 902/2160
2024-04-17 17:59 | INFO | Query 42 Size of the filtered table is = 21
2024-04-17 17:59 | INFO | Query 42 Active Learning Random Query Runtime on Validation Set: 102194.37
2024-04-17 17:59 | INFO | Query 42 Active Learning Random Query Runtime on Test Set: 190223.91
2024-04-17 17:59 | INFO | Query 42 Active Learning Random Query Instance Cost: 436676.92
2024-04-17 17:59 | INFO | Query 43 Size of the uncertainty table is = 860/2160
2024-04-17 17:59 | INFO | Query 43 Size of the filtered table is = 21
2024-04-17 17:59 | INFO | Query 43 Active Learning Random Query Runtime on Validation Set: 171377.98
2024-04-17 17:59 | INFO | Query 43 Active Learning Random Query Runtime on Test Set: 189999.66
2024-04-17 17:59 | INFO | Query 43 Active Learning Random Query Instance Cost: 452846.24
2024-04-17 17:59 | INFO | Timeout limit is increased to 1800
2024-04-17 17:59 | INFO | Query 44 Size of the uncertainty table is = 828/2160
2024-04-17 17:59 | INFO | Query 44 Size of the filtered table is = 21
2024-04-17 17:59 | INFO | Query 44 Active Learning Random Query Runtime on Validation Set: 138087.63
2024-04-17 17:59 | INFO | Query 44 Active Learning Random Query Runtime on Test Set: 189999.47
2024-04-17 17:59 | INFO | Query 44 Active Learning Random Query Instance Cost: 463809.04
2024-04-17 17:59 | INFO | Query 45 Size of the uncertainty table is = 791/2160
2024-04-17 17:59 | INFO | Query 45 Size of the filtered table is = 21
2024-04-17 17:59 | INFO | Query 45 Active Learning Random Query Runtime on Validation Set: 172970.74
2024-04-17 17:59 | INFO | Query 45 Active Learning Random Query Runtime on Test Set: 226211.42
2024-04-17 17:59 | INFO | Query 45 Active Learning Random Query Instance Cost: 487695.2
2024-04-17 17:59 | INFO | Timeout limit is increased to 1900
2024-04-17 17:59 | INFO | Query 46 Size of the uncertainty table is = 760/2160
2024-04-17 17:59 | INFO | Query 46 Size of the filtered table is = 21
2024-04-17 18:00 | INFO | Query 46 Active Learning Random Query Runtime on Validation Set: 138086.49
2024-04-17 18:00 | INFO | Query 46 Active Learning Random Query Runtime on Test Set: 189996.6
2024-04-17 18:00 | INFO | Query 46 Active Learning Random Query Instance Cost: 511673.69
2024-04-17 18:00 | INFO | Query 47 Size of the uncertainty table is = 732/2160
2024-04-17 18:00 | INFO | Query 47 Size of the filtered table is = 21
2024-04-17 18:00 | INFO | Query 47 Active Learning Random Query Runtime on Validation Set: 171361.52
2024-04-17 18:00 | INFO | Query 47 Active Learning Random Query Runtime on Test Set: 189545.88
2024-04-17 18:00 | INFO | Query 47 Active Learning Random Query Instance Cost: 527437.37
2024-04-17 18:00 | INFO | Timeout limit is increased to 2000
2024-04-17 18:00 | INFO | Query 48 Size of the uncertainty table is = 682/2160
2024-04-17 18:00 | INFO | Query 48 Size of the filtered table is = 21
2024-04-17 18:00 | INFO | Query 48 Active Learning Random Query Runtime on Validation Set: 173145.98
2024-04-17 18:00 | INFO | Query 48 Active Learning Random Query Runtime on Test Set: 189999.65
2024-04-17 18:00 | INFO | Query 48 Active Learning Random Query Instance Cost: 551486.93
2024-04-17 18:00 | INFO | Timeout limit is increased to 2100
2024-04-17 18:00 | INFO | Query 49 Size of the uncertainty table is = 654/2160
2024-04-17 18:00 | INFO | Query 49 Size of the filtered table is = 21
2024-04-17 18:00 | INFO | Query 49 Active Learning Random Query Runtime on Validation Set: 171964.89
2024-04-17 18:00 | INFO | Query 49 Active Learning Random Query Runtime on Test Set: 190686.58
2024-04-17 18:00 | INFO | Query 49 Active Learning Random Query Instance Cost: 571583.06
2024-04-17 18:00 | INFO | Query 50 Size of the uncertainty table is = 626/2160
2024-04-17 18:00 | INFO | Query 50 Size of the filtered table is = 21
2024-04-17 18:00 | INFO | Query 50 Active Learning Random Query Runtime on Validation Set: 138058.16
2024-04-17 18:00 | INFO | Query 50 Active Learning Random Query Runtime on Test Set: 190908.25
2024-04-17 18:00 | INFO | Query 50 Active Learning Random Query Instance Cost: 601500.71
2024-04-17 18:00 | INFO | Query 51 Size of the uncertainty table is = 593/2160
2024-04-17 18:00 | INFO | Query 51 Size of the filtered table is = 21
2024-04-17 18:00 | INFO | Query 51 Active Learning Random Query Runtime on Validation Set: 137295.72
2024-04-17 18:00 | INFO | Query 51 Active Learning Random Query Runtime on Test Set: 190913.26
2024-04-17 18:00 | INFO | Query 51 Active Learning Random Query Instance Cost: 628860.53
2024-04-17 18:00 | INFO | Query 52 Size of the uncertainty table is = 564/2160
2024-04-17 18:00 | INFO | Query 52 Size of the filtered table is = 21
2024-04-17 18:01 | INFO | Query 52 Active Learning Random Query Runtime on Validation Set: 139568.39
2024-04-17 18:01 | INFO | Query 52 Active Learning Random Query Runtime on Test Set: 190211.04
2024-04-17 18:01 | INFO | Query 52 Active Learning Random Query Instance Cost: 650159.55
2024-04-17 18:01 | INFO | Timeout limit is increased to 2200
2024-04-17 18:01 | INFO | Query 53 Size of the uncertainty table is = 531/2160
2024-04-17 18:01 | INFO | Query 53 Size of the filtered table is = 21
2024-04-17 18:01 | INFO | Query 53 Active Learning Random Query Runtime on Validation Set: 102651.89
2024-04-17 18:01 | INFO | Query 53 Active Learning Random Query Runtime on Test Set: 225987.17
2024-04-17 18:01 | INFO | Query 53 Active Learning Random Query Instance Cost: 673554.85
2024-04-17 18:01 | INFO | Query 54 Size of the uncertainty table is = 511/2160
2024-04-17 18:01 | INFO | Query 54 Size of the filtered table is = 21
2024-04-17 18:01 | INFO | Query 54 Active Learning Random Query Runtime on Validation Set: 138232.09
2024-04-17 18:01 | INFO | Query 54 Active Learning Random Query Runtime on Test Set: 225987.17
2024-04-17 18:01 | INFO | Query 54 Active Learning Random Query Instance Cost: 692532.71
2024-04-17 18:01 | INFO | Timeout limit is increased to 2300
2024-04-17 18:01 | INFO | Query 55 Size of the uncertainty table is = 494/2160
2024-04-17 18:01 | INFO | Query 55 Size of the filtered table is = 21
2024-04-17 18:01 | INFO | Query 55 Active Learning Random Query Runtime on Validation Set: 138135.56
2024-04-17 18:01 | INFO | Query 55 Active Learning Random Query Runtime on Test Set: 226193.05
2024-04-17 18:01 | INFO | Query 55 Active Learning Random Query Instance Cost: 718181.67
2024-04-17 18:01 | INFO | Query 56 Size of the uncertainty table is = 471/2160
2024-04-17 18:01 | INFO | Query 56 Size of the filtered table is = 21
2024-04-17 18:01 | INFO | Query 56 Active Learning Random Query Runtime on Validation Set: 135176.28
2024-04-17 18:01 | INFO | Query 56 Active Learning Random Query Runtime on Test Set: 190209.49
2024-04-17 18:01 | INFO | Query 56 Active Learning Random Query Instance Cost: 743173.05
2024-04-17 18:01 | INFO | Query 57 Size of the uncertainty table is = 441/2160
2024-04-17 18:01 | INFO | Query 57 Size of the filtered table is = 21
2024-04-17 18:01 | INFO | Query 57 Active Learning Random Query Runtime on Validation Set: 138244.7
2024-04-17 18:01 | INFO | Query 57 Active Learning Random Query Runtime on Test Set: 190213.61
2024-04-17 18:01 | INFO | Query 57 Active Learning Random Query Instance Cost: 771161.58
2024-04-17 18:01 | INFO | Timeout limit is increased to 2400
2024-04-17 18:01 | INFO | Query 58 Size of the uncertainty table is = 421/2160
2024-04-17 18:01 | INFO | Query 58 Size of the filtered table is = 21
2024-04-17 18:01 | INFO | Query 58 Active Learning Random Query Runtime on Validation Set: 135528.7
2024-04-17 18:01 | INFO | Query 58 Active Learning Random Query Runtime on Test Set: 190213.64
2024-04-17 18:01 | INFO | Query 58 Active Learning Random Query Instance Cost: 793134.4
2024-04-17 18:01 | INFO | Query 59 Size of the uncertainty table is = 409/2160
2024-04-17 18:01 | INFO | Query 59 Size of the filtered table is = 21
2024-04-17 18:02 | INFO | Query 59 Active Learning Random Query Runtime on Validation Set: 171389.88
2024-04-17 18:02 | INFO | Query 59 Active Learning Random Query Runtime on Test Set: 260609.73
2024-04-17 18:02 | INFO | Query 59 Active Learning Random Query Instance Cost: 811137.31
2024-04-17 18:02 | INFO | Timeout limit is increased to 2500
2024-04-17 18:02 | INFO | Query 60 Size of the uncertainty table is = 392/2160
2024-04-17 18:02 | INFO | Query 60 Size of the filtered table is = 21
2024-04-17 18:02 | INFO | Query 60 Active Learning Random Query Runtime on Validation Set: 173374.15
2024-04-17 18:02 | INFO | Query 60 Active Learning Random Query Runtime on Test Set: 260834.01
2024-04-17 18:02 | INFO | Query 60 Active Learning Random Query Instance Cost: 831018.44
2024-04-17 18:02 | INFO | Timeout limit is increased to 2600
2024-04-17 18:02 | INFO | Query 61 Size of the uncertainty table is = 374/2160
2024-04-17 18:02 | INFO | Query 61 Size of the filtered table is = 21
2024-04-17 18:02 | INFO | Query 61 Active Learning Random Query Runtime on Validation Set: 171389.7
2024-04-17 18:02 | INFO | Query 61 Active Learning Random Query Runtime on Test Set: 260609.73
2024-04-17 18:02 | INFO | Query 61 Active Learning Random Query Instance Cost: 856756.71
2024-04-17 18:02 | INFO | Query 62 Size of the uncertainty table is = 365/2160
2024-04-17 18:02 | INFO | Query 62 Size of the filtered table is = 21
2024-04-17 18:02 | INFO | Query 62 Active Learning Random Query Runtime on Validation Set: 171337.18
2024-04-17 18:02 | INFO | Query 62 Active Learning Random Query Runtime on Test Set: 224836.2
2024-04-17 18:02 | INFO | Query 62 Active Learning Random Query Instance Cost: 876562.39
2024-04-17 18:02 | INFO | Query 63 Size of the uncertainty table is = 362/2160
2024-04-17 18:02 | INFO | Query 63 Size of the filtered table is = 21
2024-04-17 18:02 | INFO | Query 63 Active Learning Random Query Runtime on Validation Set: 170561.38
2024-04-17 18:02 | INFO | Query 63 Active Learning Random Query Runtime on Test Set: 260609.76
2024-04-17 18:02 | INFO | Query 63 Active Learning Random Query Instance Cost: 905062.39
2024-04-17 18:02 | INFO | Query 64 Size of the uncertainty table is = 359/2160
2024-04-17 18:02 | INFO | Query 64 Size of the filtered table is = 21
2024-04-17 18:02 | INFO | Query 64 Active Learning Random Query Runtime on Validation Set: 138171.12
2024-04-17 18:02 | INFO | Query 64 Active Learning Random Query Runtime on Test Set: 260609.73
2024-04-17 18:02 | INFO | Query 64 Active Learning Random Query Instance Cost: 920342.04
2024-04-17 18:02 | INFO | Query 65 Size of the uncertainty table is = 338/2160
2024-04-17 18:02 | INFO | Query 65 Size of the filtered table is = 21
2024-04-17 18:03 | INFO | Query 65 Active Learning Random Query Runtime on Validation Set: 102421.65
2024-04-17 18:03 | INFO | Query 65 Active Learning Random Query Runtime on Test Set: 297966.09
2024-04-17 18:03 | INFO | Query 65 Active Learning Random Query Instance Cost: 941794.26
2024-04-17 18:03 | INFO | Query 66 Size of the uncertainty table is = 320/2160
2024-04-17 18:03 | INFO | Query 66 Size of the filtered table is = 21
2024-04-17 18:03 | INFO | Query 66 Active Learning Random Query Runtime on Validation Set: 137665.0
2024-04-17 18:03 | INFO | Query 66 Active Learning Random Query Runtime on Test Set: 296589.17
2024-04-17 18:03 | INFO | Query 66 Active Learning Random Query Instance Cost: 956563.57
2024-04-17 18:03 | INFO | Timeout limit is increased to 2700
2024-04-17 18:03 | INFO | Query 67 Size of the uncertainty table is = 312/2160
2024-04-17 18:03 | INFO | Query 67 Size of the filtered table is = 21
2024-04-17 18:03 | INFO | Query 67 Active Learning Random Query Runtime on Validation Set: 102373.04
2024-04-17 18:03 | INFO | Query 67 Active Learning Random Query Runtime on Test Set: 296589.17
2024-04-17 18:03 | INFO | Query 67 Active Learning Random Query Instance Cost: 970819.28
2024-04-17 18:03 | INFO | Query 68 Size of the uncertainty table is = 309/2160
2024-04-17 18:03 | INFO | Query 68 Size of the filtered table is = 21
2024-04-17 18:03 | INFO | Query 68 Active Learning Random Query Runtime on Validation Set: 102373.04
2024-04-17 18:03 | INFO | Query 68 Active Learning Random Query Runtime on Test Set: 296589.17
2024-04-17 18:03 | INFO | Query 68 Active Learning Random Query Instance Cost: 988519.28
2024-04-17 18:03 | INFO | Timeout limit is increased to 2800
2024-04-17 18:03 | INFO | Query 69 Size of the uncertainty table is = 309/2160
2024-04-17 18:03 | INFO | Query 69 Size of the filtered table is = 21
2024-04-17 18:03 | INFO | Query 69 Active Learning Random Query Runtime on Validation Set: 138183.24
2024-04-17 18:03 | INFO | Query 69 Active Learning Random Query Runtime on Test Set: 296586.59
2024-04-17 18:03 | INFO | Query 69 Active Learning Random Query Instance Cost: 1008033.8
2024-04-17 18:03 | INFO | Timeout limit is increased to 2900
2024-04-17 18:03 | INFO | Query 70 Size of the uncertainty table is = 301/2160
2024-04-17 18:03 | INFO | Query 70 Size of the filtered table is = 21
2024-04-17 18:03 | INFO | Query 70 Active Learning Random Query Runtime on Validation Set: 138183.24
2024-04-17 18:03 | INFO | Query 70 Active Learning Random Query Runtime on Test Set: 296586.59
2024-04-17 18:03 | INFO | Query 70 Active Learning Random Query Instance Cost: 1024433.8
2024-04-17 18:03 | INFO | Timeout limit is increased to 3000
2024-04-17 18:03 | INFO | Query 71 Size of the uncertainty table is = 301/2160
2024-04-17 18:03 | INFO | Query 71 Size of the filtered table is = 21
2024-04-17 18:04 | INFO | Query 71 Active Learning Random Query Runtime on Validation Set: 138183.24
2024-04-17 18:04 | INFO | Query 71 Active Learning Random Query Runtime on Test Set: 296586.59
2024-04-17 18:04 | INFO | Query 71 Active Learning Random Query Instance Cost: 1043733.8
2024-04-17 18:04 | INFO | Timeout limit is increased to 3100
2024-04-17 18:04 | INFO | Query 72 Size of the uncertainty table is = 301/2160
2024-04-17 18:04 | INFO | Query 72 Size of the filtered table is = 21
2024-04-17 18:04 | INFO | Query 72 Active Learning Random Query Runtime on Validation Set: 138168.86
2024-04-17 18:04 | INFO | Query 72 Active Learning Random Query Runtime on Test Set: 189970.44
2024-04-17 18:04 | INFO | Query 72 Active Learning Random Query Instance Cost: 1068051.14
2024-04-17 18:04 | INFO | Query 73 Size of the uncertainty table is = 293/2160
2024-04-17 18:04 | INFO | Query 73 Size of the filtered table is = 21
2024-04-17 18:04 | INFO | Query 73 Active Learning Random Query Runtime on Validation Set: 138168.86
2024-04-17 18:04 | INFO | Query 73 Active Learning Random Query Runtime on Test Set: 189970.44
2024-04-17 18:04 | INFO | Query 73 Active Learning Random Query Instance Cost: 1098251.14
2024-04-17 18:04 | INFO | Timeout limit is increased to 3200
2024-04-17 18:04 | INFO | Query 74 Size of the uncertainty table is = 292/2160
2024-04-17 18:04 | INFO | Query 74 Size of the filtered table is = 21
2024-04-17 18:04 | INFO | Query 74 Active Learning Random Query Runtime on Validation Set: 102358.66
2024-04-17 18:04 | INFO | Query 74 Active Learning Random Query Runtime on Test Set: 189970.47
2024-04-17 18:04 | INFO | Query 74 Active Learning Random Query Instance Cost: 1121827.81
2024-04-17 18:04 | INFO | Query 75 Size of the uncertainty table is = 288/2160
2024-04-17 18:04 | INFO | Query 75 Size of the filtered table is = 21
2024-04-17 18:04 | INFO | Query 75 Active Learning Random Query Runtime on Validation Set: 138168.86
2024-04-17 18:04 | INFO | Query 75 Active Learning Random Query Runtime on Test Set: 189970.47
2024-04-17 18:04 | INFO | Query 75 Active Learning Random Query Instance Cost: 1149998.37
2024-04-17 18:04 | INFO | Timeout limit is increased to 3300
2024-04-17 18:04 | INFO | Query 76 Size of the uncertainty table is = 285/2160
2024-04-17 18:04 | INFO | Query 76 Size of the filtered table is = 21
2024-04-17 18:04 | INFO | Query 76 Active Learning Random Query Runtime on Validation Set: 138168.86
2024-04-17 18:04 | INFO | Query 76 Active Learning Random Query Runtime on Test Set: 189970.47
2024-04-17 18:04 | INFO | Query 76 Active Learning Random Query Instance Cost: 1168598.37
2024-04-17 18:04 | INFO | Timeout limit is increased to 3400
2024-04-17 18:04 | INFO | Query 77 Size of the uncertainty table is = 285/2160
2024-04-17 18:04 | INFO | Query 77 Size of the filtered table is = 21
2024-04-17 18:04 | INFO | Query 77 Active Learning Random Query Runtime on Validation Set: 138183.24
2024-04-17 18:04 | INFO | Query 77 Active Learning Random Query Runtime on Test Set: 189999.5
2024-04-17 18:04 | INFO | Query 77 Active Learning Random Query Instance Cost: 1191552.44
2024-04-17 18:04 | INFO | Timeout limit is increased to 3500
2024-04-17 18:04 | INFO | Query 78 Size of the uncertainty table is = 277/2160
2024-04-17 18:04 | INFO | Query 78 Size of the filtered table is = 21
2024-04-17 18:05 | INFO | Query 78 Active Learning Random Query Runtime on Validation Set: 138183.24
2024-04-17 18:05 | INFO | Query 78 Active Learning Random Query Runtime on Test Set: 261966.61
2024-04-17 18:05 | INFO | Query 78 Active Learning Random Query Instance Cost: 1212452.44
2024-04-17 18:05 | INFO | Timeout limit is increased to 3600
2024-04-17 18:05 | INFO | Query 79 Size of the uncertainty table is = 275/2160
2024-04-17 18:05 | INFO | Query 79 Size of the filtered table is = 21
2024-04-17 18:05 | INFO | Query 79 Active Learning Random Query Runtime on Validation Set: 138183.24
2024-04-17 18:05 | INFO | Query 79 Active Learning Random Query Runtime on Test Set: 225987.17
2024-04-17 18:05 | INFO | Query 79 Active Learning Random Query Instance Cost: 1235290.37
2024-04-17 18:05 | INFO | Timeout limit is increased to 3600
2024-04-17 18:05 | INFO | Query 80 Size of the uncertainty table is = 3/2160
2024-04-17 18:05 | INFO | Query 80 Size of the filtered table is = 3
2024-04-17 18:05 | INFO | Query 80 Active Learning Random Query Runtime on Validation Set: 138183.24
2024-04-17 18:05 | INFO | Query 80 Active Learning Random Query Runtime on Test Set: 225987.17
2024-04-17 18:05 | INFO | Query 80 Active Learning Random Query Instance Cost: 1238890.37
2024-04-17 18:05 | INFO | Timeout limit is increased to 3600
2024-04-17 18:05 | INFO | runtime_train_score is written as json file
2024-04-17 18:05 | INFO | runtime_test_score is written as json file
2024-04-17 18:05 | INFO | runtime_validation_score is written as json file
2024-04-17 18:05 | INFO | instance_cost is written as json file
2024-04-17 18:05 | INFO | Experiment is finished
