2024-04-17 18:09 | INFO | Paramaters are: {'dataset': 'CSP-2010', 'penalty': 10, 'weight': 'No_Weight', 'voting': 'Hard', 'pre_selection_size': 64, 'pre_selection_technique': 'No_pre_selection', 'feature_elimination_threshold': 20, 'imputer_strategy': 'median', 'feature_selection_technique': 'No_feature_selection', 'feature_scaling_technique': 'StandardScaler', 'initial_train_size': 20, 'query_size': 1, 'timeout_predictor_usage': 'No', 'timeout_limit': 3600, 'timeout_increase_rate': 100, 'RANDOM_STATE_SEED': 99, 'n_splits': 10, 'split_number': 0, 'max_timeout': 3600, 'param_grid': {'n_estimators': 100, 'criterion': 'gini', 'max_features': 'sqrt', 'max_depth': 2147483648, 'min_samples_split': 2, 'bootstrap': True}}
2024-04-17 18:09 | INFO | CSP-2010 is current dataset
2024-04-17 18:09 | INFO | DATASETS/CSP-2010/algorithm_runs.csv is found
2024-04-17 18:09 | INFO | DATASETS/CSP-2010/algorithm_runs.csv is finished
2024-04-17 18:09 | INFO | DATASETS/CSP-2010/feature_values.csv is found
2024-04-17 18:09 | INFO | DATASETS/CSP-2010/feature_values.csv is finished
2024-04-17 18:09 | INFO | Feature cost of train set is 0
2024-04-17 18:09 | INFO | Initial Active Learning Random Query Runtime on Validation Set: 107065.39
2024-04-17 18:09 | INFO | Initial Active Learning Random Query Runtime on Test Set: 191584.43
2024-04-17 18:09 | INFO | Initial Active Learning Random Query Instance Cost: 3648.1
2024-04-17 18:09 | INFO | Bin size = 12
2024-04-17 18:09 | INFO | Query 1 Size of the uncertainty table is = 1200/1200
2024-04-17 18:09 | INFO | Query 1 Size of the filtered table is = 12
2024-04-17 18:09 | INFO | Query 1 Active Learning Random Query Runtime on Validation Set: 107065.96
2024-04-17 18:09 | INFO | Query 1 Active Learning Random Query Runtime on Test Set: 119856.38
2024-04-17 18:09 | INFO | Query 1 Active Learning Random Query Instance Cost: 12578.53
2024-04-17 18:09 | INFO | Timeout limit is increased to 3600
2024-04-17 18:09 | INFO | Query 2 Size of the uncertainty table is = 1188/1200
2024-04-17 18:09 | INFO | Query 2 Size of the filtered table is = 12
2024-04-17 18:09 | INFO | Query 2 Active Learning Random Query Runtime on Validation Set: 107065.99
2024-04-17 18:09 | INFO | Query 2 Active Learning Random Query Runtime on Test Set: 153024.54
2024-04-17 18:09 | INFO | Query 2 Active Learning Random Query Instance Cost: 19944.57
2024-04-17 18:09 | INFO | Timeout limit is increased to 3600
2024-04-17 18:09 | INFO | Query 3 Size of the uncertainty table is = 1176/1200
2024-04-17 18:09 | INFO | Query 3 Size of the filtered table is = 12
2024-04-17 18:09 | INFO | Query 3 Active Learning Random Query Runtime on Validation Set: 107065.98
2024-04-17 18:09 | INFO | Query 3 Active Learning Random Query Runtime on Test Set: 153024.64
2024-04-17 18:09 | INFO | Query 3 Active Learning Random Query Instance Cost: 33622.86
2024-04-17 18:09 | INFO | Query 4 Size of the uncertainty table is = 1164/1200
2024-04-17 18:09 | INFO | Query 4 Size of the filtered table is = 12
2024-04-17 18:09 | INFO | Query 4 Active Learning Random Query Runtime on Validation Set: 107065.98
2024-04-17 18:09 | INFO | Query 4 Active Learning Random Query Runtime on Test Set: 188821.55
2024-04-17 18:09 | INFO | Query 4 Active Learning Random Query Instance Cost: 45645.78
2024-04-17 18:09 | INFO | Timeout limit is increased to 3600
2024-04-17 18:09 | INFO | Query 5 Size of the uncertainty table is = 1152/1200
2024-04-17 18:09 | INFO | Query 5 Size of the filtered table is = 12
2024-04-17 18:09 | INFO | Query 5 Active Learning Random Query Runtime on Validation Set: 107066.03
2024-04-17 18:09 | INFO | Query 5 Active Learning Random Query Runtime on Test Set: 153033.76
2024-04-17 18:09 | INFO | Query 5 Active Learning Random Query Instance Cost: 45863.72
2024-04-17 18:09 | INFO | Timeout limit is increased to 3600
2024-04-17 18:09 | INFO | Query 6 Size of the uncertainty table is = 1140/1200
2024-04-17 18:09 | INFO | Query 6 Size of the filtered table is = 12
2024-04-17 18:10 | INFO | Query 6 Active Learning Random Query Runtime on Validation Set: 107065.98
2024-04-17 18:10 | INFO | Query 6 Active Learning Random Query Runtime on Test Set: 152806.81
2024-04-17 18:10 | INFO | Query 6 Active Learning Random Query Instance Cost: 47880.17
2024-04-17 18:10 | INFO | Query 7 Size of the uncertainty table is = 1128/1200
2024-04-17 18:10 | INFO | Query 7 Size of the filtered table is = 12
2024-04-17 18:10 | INFO | Query 7 Active Learning Random Query Runtime on Validation Set: 102614.87
2024-04-17 18:10 | INFO | Query 7 Active Learning Random Query Runtime on Test Set: 152806.01
2024-04-17 18:10 | INFO | Query 7 Active Learning Random Query Instance Cost: 60349.11
2024-04-17 18:10 | INFO | Query 8 Size of the uncertainty table is = 1116/1200
2024-04-17 18:10 | INFO | Query 8 Size of the filtered table is = 12
2024-04-17 18:10 | INFO | Query 8 Active Learning Random Query Runtime on Validation Set: 102614.87
2024-04-17 18:10 | INFO | Query 8 Active Learning Random Query Runtime on Test Set: 152806.28
2024-04-17 18:10 | INFO | Query 8 Active Learning Random Query Instance Cost: 67731.85
2024-04-17 18:10 | INFO | Timeout limit is increased to 3600
2024-04-17 18:10 | INFO | Query 9 Size of the uncertainty table is = 1104/1200
2024-04-17 18:10 | INFO | Query 9 Size of the filtered table is = 12
2024-04-17 18:10 | INFO | Query 9 Active Learning Random Query Runtime on Validation Set: 107065.39
2024-04-17 18:10 | INFO | Query 9 Active Learning Random Query Runtime on Test Set: 117009.26
2024-04-17 18:10 | INFO | Query 9 Active Learning Random Query Instance Cost: 90339.55
2024-04-17 18:10 | INFO | Timeout limit is increased to 3600
2024-04-17 18:10 | INFO | Query 10 Size of the uncertainty table is = 1092/1200
2024-04-17 18:10 | INFO | Query 10 Size of the filtered table is = 12
2024-04-17 18:10 | INFO | Query 10 Active Learning Random Query Runtime on Validation Set: 107067.66
2024-04-17 18:10 | INFO | Query 10 Active Learning Random Query Runtime on Test Set: 117009.04
2024-04-17 18:10 | INFO | Query 10 Active Learning Random Query Instance Cost: 91339.43
2024-04-17 18:10 | INFO | Timeout limit is increased to 3600
2024-04-17 18:10 | INFO | Query 11 Size of the uncertainty table is = 1080/1200
2024-04-17 18:10 | INFO | Query 11 Size of the filtered table is = 12
2024-04-17 18:10 | INFO | Query 11 Active Learning Random Query Runtime on Validation Set: 107065.39
2024-04-17 18:10 | INFO | Query 11 Active Learning Random Query Runtime on Test Set: 117009.11
2024-04-17 18:10 | INFO | Query 11 Active Learning Random Query Instance Cost: 108027.99
2024-04-17 18:10 | INFO | Query 12 Size of the uncertainty table is = 1068/1200
2024-04-17 18:10 | INFO | Query 12 Size of the filtered table is = 12
2024-04-17 18:10 | INFO | Query 12 Active Learning Random Query Runtime on Validation Set: 107067.66
2024-04-17 18:10 | INFO | Query 12 Active Learning Random Query Runtime on Test Set: 117009.28
2024-04-17 18:10 | INFO | Query 12 Active Learning Random Query Instance Cost: 118710.82
2024-04-17 18:10 | INFO | Timeout limit is increased to 3600
2024-04-17 18:10 | INFO | Query 13 Size of the uncertainty table is = 1056/1200
2024-04-17 18:10 | INFO | Query 13 Size of the filtered table is = 12
2024-04-17 18:10 | INFO | Query 13 Active Learning Random Query Runtime on Validation Set: 107065.39
2024-04-17 18:10 | INFO | Query 13 Active Learning Random Query Runtime on Test Set: 117009.27
2024-04-17 18:10 | INFO | Query 13 Active Learning Random Query Instance Cost: 125989.87
2024-04-17 18:10 | INFO | Query 14 Size of the uncertainty table is = 1044/1200
2024-04-17 18:10 | INFO | Query 14 Size of the filtered table is = 12
2024-04-17 18:10 | INFO | Query 14 Active Learning Random Query Runtime on Validation Set: 107065.39
2024-04-17 18:10 | INFO | Query 14 Active Learning Random Query Runtime on Test Set: 117009.24
2024-04-17 18:10 | INFO | Query 14 Active Learning Random Query Instance Cost: 133361.07
2024-04-17 18:10 | INFO | Timeout limit is increased to 3600
2024-04-17 18:10 | INFO | Query 15 Size of the uncertainty table is = 1032/1200
2024-04-17 18:10 | INFO | Query 15 Size of the filtered table is = 12
2024-04-17 18:10 | INFO | Query 15 Active Learning Random Query Runtime on Validation Set: 107065.39
2024-04-17 18:10 | INFO | Query 15 Active Learning Random Query Runtime on Test Set: 117008.67
2024-04-17 18:10 | INFO | Query 15 Active Learning Random Query Instance Cost: 137294.26
2024-04-17 18:10 | INFO | Timeout limit is increased to 3600
2024-04-17 18:10 | INFO | Query 16 Size of the uncertainty table is = 1020/1200
2024-04-17 18:10 | INFO | Query 16 Size of the filtered table is = 12
2024-04-17 18:10 | INFO | Query 16 Active Learning Random Query Runtime on Validation Set: 107065.39
2024-04-17 18:10 | INFO | Query 16 Active Learning Random Query Runtime on Test Set: 117008.91
2024-04-17 18:10 | INFO | Query 16 Active Learning Random Query Instance Cost: 139385.73
2024-04-17 18:10 | INFO | Timeout limit is increased to 3600
2024-04-17 18:10 | INFO | Query 17 Size of the uncertainty table is = 1008/1200
2024-04-17 18:10 | INFO | Query 17 Size of the filtered table is = 12
2024-04-17 18:10 | INFO | Query 17 Active Learning Random Query Runtime on Validation Set: 107065.39
2024-04-17 18:10 | INFO | Query 17 Active Learning Random Query Runtime on Test Set: 117008.71
2024-04-17 18:10 | INFO | Query 17 Active Learning Random Query Instance Cost: 139581.5
2024-04-17 18:10 | INFO | Timeout limit is increased to 3600
2024-04-17 18:10 | INFO | Query 18 Size of the uncertainty table is = 996/1200
2024-04-17 18:10 | INFO | Query 18 Size of the filtered table is = 12
2024-04-17 18:10 | INFO | Query 18 Active Learning Random Query Runtime on Validation Set: 107065.39
2024-04-17 18:10 | INFO | Query 18 Active Learning Random Query Runtime on Test Set: 117008.85
2024-04-17 18:10 | INFO | Query 18 Active Learning Random Query Instance Cost: 143282.78
2024-04-17 18:10 | INFO | Timeout limit is increased to 3600
2024-04-17 18:10 | INFO | Query 19 Size of the uncertainty table is = 984/1200
2024-04-17 18:10 | INFO | Query 19 Size of the filtered table is = 12
2024-04-17 18:10 | INFO | Query 19 Active Learning Random Query Runtime on Validation Set: 107065.39
2024-04-17 18:10 | INFO | Query 19 Active Learning Random Query Runtime on Test Set: 117009.01
2024-04-17 18:10 | INFO | Query 19 Active Learning Random Query Instance Cost: 149385.39
2024-04-17 18:10 | INFO | Timeout limit is increased to 3600
2024-04-17 18:10 | INFO | Query 20 Size of the uncertainty table is = 972/1200
2024-04-17 18:10 | INFO | Query 20 Size of the filtered table is = 12
2024-04-17 18:11 | INFO | Query 20 Active Learning Random Query Runtime on Validation Set: 107065.39
2024-04-17 18:11 | INFO | Query 20 Active Learning Random Query Runtime on Test Set: 117008.96
2024-04-17 18:11 | INFO | Query 20 Active Learning Random Query Instance Cost: 153259.29
2024-04-17 18:11 | INFO | Timeout limit is increased to 3600
2024-04-17 18:11 | INFO | Query 21 Size of the uncertainty table is = 960/1200
2024-04-17 18:11 | INFO | Query 21 Size of the filtered table is = 12
2024-04-17 18:11 | INFO | Query 21 Active Learning Random Query Runtime on Validation Set: 107065.39
2024-04-17 18:11 | INFO | Query 21 Active Learning Random Query Runtime on Test Set: 117008.82
2024-04-17 18:11 | INFO | Query 21 Active Learning Random Query Instance Cost: 162934.24
2024-04-17 18:11 | INFO | Timeout limit is increased to 3600
2024-04-17 18:11 | INFO | Query 22 Size of the uncertainty table is = 948/1200
2024-04-17 18:11 | INFO | Query 22 Size of the filtered table is = 12
2024-04-17 18:11 | INFO | Query 22 Active Learning Random Query Runtime on Validation Set: 107065.39
2024-04-17 18:11 | INFO | Query 22 Active Learning Random Query Runtime on Test Set: 117008.96
2024-04-17 18:11 | INFO | Query 22 Active Learning Random Query Instance Cost: 170776.93
2024-04-17 18:11 | INFO | Timeout limit is increased to 3600
2024-04-17 18:11 | INFO | Query 23 Size of the uncertainty table is = 936/1200
2024-04-17 18:11 | INFO | Query 23 Size of the filtered table is = 12
2024-04-17 18:11 | INFO | Query 23 Active Learning Random Query Runtime on Validation Set: 107065.39
2024-04-17 18:11 | INFO | Query 23 Active Learning Random Query Runtime on Test Set: 117008.82
2024-04-17 18:11 | INFO | Query 23 Active Learning Random Query Instance Cost: 178908.96
2024-04-17 18:11 | INFO | Timeout limit is increased to 3600
2024-04-17 18:11 | INFO | Query 24 Size of the uncertainty table is = 924/1200
2024-04-17 18:11 | INFO | Query 24 Size of the filtered table is = 12
2024-04-17 18:11 | INFO | Query 24 Active Learning Random Query Runtime on Validation Set: 107065.39
2024-04-17 18:11 | INFO | Query 24 Active Learning Random Query Runtime on Test Set: 117008.96
2024-04-17 18:11 | INFO | Query 24 Active Learning Random Query Instance Cost: 178976.54
2024-04-17 18:11 | INFO | Timeout limit is increased to 3600
2024-04-17 18:11 | INFO | Query 25 Size of the uncertainty table is = 912/1200
2024-04-17 18:11 | INFO | Query 25 Size of the filtered table is = 12
2024-04-17 18:11 | INFO | Query 25 Active Learning Random Query Runtime on Validation Set: 107065.39
2024-04-17 18:11 | INFO | Query 25 Active Learning Random Query Runtime on Test Set: 117008.96
2024-04-17 18:11 | INFO | Query 25 Active Learning Random Query Instance Cost: 186239.38
2024-04-17 18:11 | INFO | Timeout limit is increased to 3600
2024-04-17 18:11 | INFO | Query 26 Size of the uncertainty table is = 900/1200
2024-04-17 18:11 | INFO | Query 26 Size of the filtered table is = 12
2024-04-17 18:11 | INFO | Query 26 Active Learning Random Query Runtime on Validation Set: 107065.39
2024-04-17 18:11 | INFO | Query 26 Active Learning Random Query Runtime on Test Set: 117008.96
2024-04-17 18:11 | INFO | Query 26 Active Learning Random Query Instance Cost: 189921.01
2024-04-17 18:11 | INFO | Timeout limit is increased to 3600
2024-04-17 18:11 | INFO | Query 27 Size of the uncertainty table is = 888/1200
2024-04-17 18:11 | INFO | Query 27 Size of the filtered table is = 12
2024-04-17 18:11 | INFO | Query 27 Active Learning Random Query Runtime on Validation Set: 107065.39
2024-04-17 18:11 | INFO | Query 27 Active Learning Random Query Runtime on Test Set: 117009.19
2024-04-17 18:11 | INFO | Query 27 Active Learning Random Query Instance Cost: 193567.03
2024-04-17 18:11 | INFO | Timeout limit is increased to 3600
2024-04-17 18:11 | INFO | Query 28 Size of the uncertainty table is = 876/1200
2024-04-17 18:11 | INFO | Query 28 Size of the filtered table is = 12
2024-04-17 18:11 | INFO | Query 28 Active Learning Random Query Runtime on Validation Set: 107065.39
2024-04-17 18:11 | INFO | Query 28 Active Learning Random Query Runtime on Test Set: 117008.83
2024-04-17 18:11 | INFO | Query 28 Active Learning Random Query Instance Cost: 197454.8
2024-04-17 18:11 | INFO | Timeout limit is increased to 3600
2024-04-17 18:11 | INFO | Query 29 Size of the uncertainty table is = 864/1200
2024-04-17 18:11 | INFO | Query 29 Size of the filtered table is = 12
2024-04-17 18:11 | INFO | Query 29 Active Learning Random Query Runtime on Validation Set: 107065.39
2024-04-17 18:11 | INFO | Query 29 Active Learning Random Query Runtime on Test Set: 117008.96
2024-04-17 18:11 | INFO | Query 29 Active Learning Random Query Instance Cost: 197757.31
2024-04-17 18:11 | INFO | Timeout limit is increased to 3600
2024-04-17 18:11 | INFO | Query 30 Size of the uncertainty table is = 852/1200
2024-04-17 18:11 | INFO | Query 30 Size of the filtered table is = 12
2024-04-17 18:11 | INFO | Query 30 Active Learning Random Query Runtime on Validation Set: 107065.39
2024-04-17 18:11 | INFO | Query 30 Active Learning Random Query Runtime on Test Set: 117009.13
2024-04-17 18:11 | INFO | Query 30 Active Learning Random Query Instance Cost: 200184.62
2024-04-17 18:11 | INFO | Timeout limit is increased to 3600
2024-04-17 18:11 | INFO | Query 31 Size of the uncertainty table is = 840/1200
2024-04-17 18:11 | INFO | Query 31 Size of the filtered table is = 12
2024-04-17 18:11 | INFO | Query 31 Active Learning Random Query Runtime on Validation Set: 107065.39
2024-04-17 18:11 | INFO | Query 31 Active Learning Random Query Runtime on Test Set: 117009.13
2024-04-17 18:11 | INFO | Query 31 Active Learning Random Query Instance Cost: 217130.14
2024-04-17 18:11 | INFO | Timeout limit is increased to 3600
2024-04-17 18:11 | INFO | Query 32 Size of the uncertainty table is = 828/1200
2024-04-17 18:11 | INFO | Query 32 Size of the filtered table is = 12
2024-04-17 18:11 | INFO | Query 32 Active Learning Random Query Runtime on Validation Set: 107065.39
2024-04-17 18:11 | INFO | Query 32 Active Learning Random Query Runtime on Test Set: 117009.56
2024-04-17 18:11 | INFO | Query 32 Active Learning Random Query Instance Cost: 226668.12
2024-04-17 18:11 | INFO | Timeout limit is increased to 3600
2024-04-17 18:11 | INFO | Query 33 Size of the uncertainty table is = 816/1200
2024-04-17 18:11 | INFO | Query 33 Size of the filtered table is = 12
2024-04-17 18:11 | INFO | Query 33 Active Learning Random Query Runtime on Validation Set: 107065.39
2024-04-17 18:11 | INFO | Query 33 Active Learning Random Query Runtime on Test Set: 117009.13
2024-04-17 18:11 | INFO | Query 33 Active Learning Random Query Instance Cost: 238931.79
2024-04-17 18:11 | INFO | Timeout limit is increased to 3600
2024-04-17 18:11 | INFO | Query 34 Size of the uncertainty table is = 804/1200
2024-04-17 18:11 | INFO | Query 34 Size of the filtered table is = 12
2024-04-17 18:12 | INFO | Query 34 Active Learning Random Query Runtime on Validation Set: 107065.39
2024-04-17 18:12 | INFO | Query 34 Active Learning Random Query Runtime on Test Set: 117008.78
2024-04-17 18:12 | INFO | Query 34 Active Learning Random Query Instance Cost: 246317.73
2024-04-17 18:12 | INFO | Timeout limit is increased to 3600
2024-04-17 18:12 | INFO | Query 35 Size of the uncertainty table is = 792/1200
2024-04-17 18:12 | INFO | Query 35 Size of the filtered table is = 12
2024-04-17 18:12 | INFO | Query 35 Active Learning Random Query Runtime on Validation Set: 107065.39
2024-04-17 18:12 | INFO | Query 35 Active Learning Random Query Runtime on Test Set: 117008.78
2024-04-17 18:12 | INFO | Query 35 Active Learning Random Query Instance Cost: 246345.85
2024-04-17 18:12 | INFO | Timeout limit is increased to 3600
2024-04-17 18:12 | INFO | Query 36 Size of the uncertainty table is = 780/1200
2024-04-17 18:12 | INFO | Query 36 Size of the filtered table is = 12
2024-04-17 18:12 | INFO | Query 36 Active Learning Random Query Runtime on Validation Set: 107065.39
2024-04-17 18:12 | INFO | Query 36 Active Learning Random Query Runtime on Test Set: 117008.33
2024-04-17 18:12 | INFO | Query 36 Active Learning Random Query Instance Cost: 246355.73
2024-04-17 18:12 | INFO | Timeout limit is increased to 3600
2024-04-17 18:12 | INFO | Query 37 Size of the uncertainty table is = 768/1200
2024-04-17 18:12 | INFO | Query 37 Size of the filtered table is = 12
2024-04-17 18:12 | INFO | Query 37 Active Learning Random Query Runtime on Validation Set: 107065.39
2024-04-17 18:12 | INFO | Query 37 Active Learning Random Query Runtime on Test Set: 117008.59
2024-04-17 18:12 | INFO | Query 37 Active Learning Random Query Instance Cost: 264188.99
2024-04-17 18:12 | INFO | Timeout limit is increased to 3600
2024-04-17 18:12 | INFO | Query 38 Size of the uncertainty table is = 756/1200
2024-04-17 18:12 | INFO | Query 38 Size of the filtered table is = 12
2024-04-17 18:12 | INFO | Query 38 Active Learning Random Query Runtime on Validation Set: 107065.39
2024-04-17 18:12 | INFO | Query 38 Active Learning Random Query Runtime on Test Set: 117008.52
2024-04-17 18:12 | INFO | Query 38 Active Learning Random Query Instance Cost: 266050.12
2024-04-17 18:12 | INFO | Timeout limit is increased to 3600
2024-04-17 18:12 | INFO | Query 39 Size of the uncertainty table is = 744/1200
2024-04-17 18:12 | INFO | Query 39 Size of the filtered table is = 12
2024-04-17 18:12 | INFO | Query 39 Active Learning Random Query Runtime on Validation Set: 107065.39
2024-04-17 18:12 | INFO | Query 39 Active Learning Random Query Runtime on Test Set: 117008.52
2024-04-17 18:12 | INFO | Query 39 Active Learning Random Query Instance Cost: 269717.39
2024-04-17 18:12 | INFO | Timeout limit is increased to 3600
2024-04-17 18:12 | INFO | Query 40 Size of the uncertainty table is = 732/1200
2024-04-17 18:12 | INFO | Query 40 Size of the filtered table is = 12
2024-04-17 18:12 | INFO | Query 40 Active Learning Random Query Runtime on Validation Set: 107065.39
2024-04-17 18:12 | INFO | Query 40 Active Learning Random Query Runtime on Test Set: 117008.33
2024-04-17 18:12 | INFO | Query 40 Active Learning Random Query Instance Cost: 272360.06
2024-04-17 18:12 | INFO | Timeout limit is increased to 3600
2024-04-17 18:12 | INFO | Query 41 Size of the uncertainty table is = 720/1200
2024-04-17 18:12 | INFO | Query 41 Size of the filtered table is = 12
2024-04-17 18:12 | INFO | Query 41 Active Learning Random Query Runtime on Validation Set: 107065.39
2024-04-17 18:12 | INFO | Query 41 Active Learning Random Query Runtime on Test Set: 117008.36
2024-04-17 18:12 | INFO | Query 41 Active Learning Random Query Instance Cost: 276175.16
2024-04-17 18:12 | INFO | Timeout limit is increased to 3600
2024-04-17 18:12 | INFO | Query 42 Size of the uncertainty table is = 708/1200
2024-04-17 18:12 | INFO | Query 42 Size of the filtered table is = 12
2024-04-17 18:12 | INFO | Query 42 Active Learning Random Query Runtime on Validation Set: 107065.39
2024-04-17 18:12 | INFO | Query 42 Active Learning Random Query Runtime on Test Set: 117008.36
2024-04-17 18:12 | INFO | Query 42 Active Learning Random Query Instance Cost: 277078.36
2024-04-17 18:12 | INFO | Timeout limit is increased to 3600
2024-04-17 18:12 | INFO | Query 43 Size of the uncertainty table is = 696/1200
2024-04-17 18:12 | INFO | Query 43 Size of the filtered table is = 12
2024-04-17 18:12 | INFO | Query 43 Active Learning Random Query Runtime on Validation Set: 107065.39
2024-04-17 18:12 | INFO | Query 43 Active Learning Random Query Runtime on Test Set: 81478.05
2024-04-17 18:12 | INFO | Query 43 Active Learning Random Query Instance Cost: 284465.51
2024-04-17 18:12 | INFO | Timeout limit is increased to 3600
2024-04-17 18:12 | INFO | Query 44 Size of the uncertainty table is = 684/1200
2024-04-17 18:12 | INFO | Query 44 Size of the filtered table is = 12
2024-04-17 18:12 | INFO | Query 44 Active Learning Random Query Runtime on Validation Set: 107065.39
2024-04-17 18:12 | INFO | Query 44 Active Learning Random Query Runtime on Test Set: 81478.03
2024-04-17 18:12 | INFO | Query 44 Active Learning Random Query Instance Cost: 288747.64
2024-04-17 18:12 | INFO | Timeout limit is increased to 3600
2024-04-17 18:12 | INFO | Query 45 Size of the uncertainty table is = 672/1200
2024-04-17 18:12 | INFO | Query 45 Size of the filtered table is = 12
2024-04-17 18:12 | INFO | Query 45 Active Learning Random Query Runtime on Validation Set: 107065.39
2024-04-17 18:12 | INFO | Query 45 Active Learning Random Query Runtime on Test Set: 81478.08
2024-04-17 18:12 | INFO | Query 45 Active Learning Random Query Instance Cost: 292487.44
2024-04-17 18:12 | INFO | Timeout limit is increased to 3600
2024-04-17 18:12 | INFO | Query 46 Size of the uncertainty table is = 660/1200
2024-04-17 18:12 | INFO | Query 46 Size of the filtered table is = 12
2024-04-17 18:12 | INFO | Query 46 Active Learning Random Query Runtime on Validation Set: 107065.39
2024-04-17 18:12 | INFO | Query 46 Active Learning Random Query Runtime on Test Set: 81478.05
2024-04-17 18:12 | INFO | Query 46 Active Learning Random Query Instance Cost: 299861.21
2024-04-17 18:12 | INFO | Timeout limit is increased to 3600
2024-04-17 18:12 | INFO | Query 47 Size of the uncertainty table is = 648/1200
2024-04-17 18:12 | INFO | Query 47 Size of the filtered table is = 12
2024-04-17 18:13 | INFO | Query 47 Active Learning Random Query Runtime on Validation Set: 107065.39
2024-04-17 18:13 | INFO | Query 47 Active Learning Random Query Runtime on Test Set: 81478.05
2024-04-17 18:13 | INFO | Query 47 Active Learning Random Query Instance Cost: 299930.12
2024-04-17 18:13 | INFO | Timeout limit is increased to 3600
2024-04-17 18:13 | INFO | Query 48 Size of the uncertainty table is = 636/1200
2024-04-17 18:13 | INFO | Query 48 Size of the filtered table is = 12
2024-04-17 18:13 | INFO | Query 48 Active Learning Random Query Runtime on Validation Set: 107065.39
2024-04-17 18:13 | INFO | Query 48 Active Learning Random Query Runtime on Test Set: 81467.6
2024-04-17 18:13 | INFO | Query 48 Active Learning Random Query Instance Cost: 312167.81
2024-04-17 18:13 | INFO | Timeout limit is increased to 3600
2024-04-17 18:13 | INFO | Query 49 Size of the uncertainty table is = 624/1200
2024-04-17 18:13 | INFO | Query 49 Size of the filtered table is = 12
2024-04-17 18:13 | INFO | Query 49 Active Learning Random Query Runtime on Validation Set: 107065.39
2024-04-17 18:13 | INFO | Query 49 Active Learning Random Query Runtime on Test Set: 81467.79
2024-04-17 18:13 | INFO | Query 49 Active Learning Random Query Instance Cost: 318527.45
2024-04-17 18:13 | INFO | Timeout limit is increased to 3600
2024-04-17 18:13 | INFO | Query 50 Size of the uncertainty table is = 612/1200
2024-04-17 18:13 | INFO | Query 50 Size of the filtered table is = 12
2024-04-17 18:13 | INFO | Query 50 Active Learning Random Query Runtime on Validation Set: 107065.39
2024-04-17 18:13 | INFO | Query 50 Active Learning Random Query Runtime on Test Set: 81467.58
2024-04-17 18:13 | INFO | Query 50 Active Learning Random Query Instance Cost: 324200.8
2024-04-17 18:13 | INFO | Timeout limit is increased to 3600
2024-04-17 18:13 | INFO | Query 51 Size of the uncertainty table is = 600/1200
2024-04-17 18:13 | INFO | Query 51 Size of the filtered table is = 12
2024-04-17 18:13 | INFO | Query 51 Active Learning Random Query Runtime on Validation Set: 107065.39
2024-04-17 18:13 | INFO | Query 51 Active Learning Random Query Runtime on Test Set: 81467.56
2024-04-17 18:13 | INFO | Query 51 Active Learning Random Query Instance Cost: 326403.63
2024-04-17 18:13 | INFO | Timeout limit is increased to 3600
2024-04-17 18:13 | INFO | Query 52 Size of the uncertainty table is = 588/1200
2024-04-17 18:13 | INFO | Query 52 Size of the filtered table is = 12
2024-04-17 18:13 | INFO | Query 52 Active Learning Random Query Runtime on Validation Set: 107065.39
2024-04-17 18:13 | INFO | Query 52 Active Learning Random Query Runtime on Test Set: 81467.79
2024-04-17 18:13 | INFO | Query 52 Active Learning Random Query Instance Cost: 331310.34
2024-04-17 18:13 | INFO | Timeout limit is increased to 3600
2024-04-17 18:13 | INFO | Query 53 Size of the uncertainty table is = 576/1200
2024-04-17 18:13 | INFO | Query 53 Size of the filtered table is = 12
2024-04-17 18:13 | INFO | Query 53 Active Learning Random Query Runtime on Validation Set: 107065.39
2024-04-17 18:13 | INFO | Query 53 Active Learning Random Query Runtime on Test Set: 81467.52
2024-04-17 18:13 | INFO | Query 53 Active Learning Random Query Instance Cost: 342735.62
2024-04-17 18:13 | INFO | Timeout limit is increased to 3600
2024-04-17 18:13 | INFO | Query 54 Size of the uncertainty table is = 564/1200
2024-04-17 18:13 | INFO | Query 54 Size of the filtered table is = 12
2024-04-17 18:13 | INFO | Query 54 Active Learning Random Query Runtime on Validation Set: 107065.39
2024-04-17 18:13 | INFO | Query 54 Active Learning Random Query Runtime on Test Set: 81467.86
2024-04-17 18:13 | INFO | Query 54 Active Learning Random Query Instance Cost: 345463.37
2024-04-17 18:13 | INFO | Timeout limit is increased to 3600
2024-04-17 18:13 | INFO | Query 55 Size of the uncertainty table is = 552/1200
2024-04-17 18:13 | INFO | Query 55 Size of the filtered table is = 12
2024-04-17 18:13 | INFO | Query 55 Active Learning Random Query Runtime on Validation Set: 107065.39
2024-04-17 18:13 | INFO | Query 55 Active Learning Random Query Runtime on Test Set: 81467.52
2024-04-17 18:13 | INFO | Query 55 Active Learning Random Query Instance Cost: 349163.86
2024-04-17 18:13 | INFO | Timeout limit is increased to 3600
2024-04-17 18:13 | INFO | Query 56 Size of the uncertainty table is = 540/1200
2024-04-17 18:13 | INFO | Query 56 Size of the filtered table is = 12
2024-04-17 18:13 | INFO | Query 56 Active Learning Random Query Runtime on Validation Set: 107065.39
2024-04-17 18:13 | INFO | Query 56 Active Learning Random Query Runtime on Test Set: 81467.26
2024-04-17 18:13 | INFO | Query 56 Active Learning Random Query Instance Cost: 353037.29
2024-04-17 18:13 | INFO | Timeout limit is increased to 3600
2024-04-17 18:13 | INFO | Query 57 Size of the uncertainty table is = 528/1200
2024-04-17 18:13 | INFO | Query 57 Size of the filtered table is = 12
2024-04-17 18:13 | INFO | Query 57 Active Learning Random Query Runtime on Validation Set: 107065.39
2024-04-17 18:13 | INFO | Query 57 Active Learning Random Query Runtime on Test Set: 81467.46
2024-04-17 18:13 | INFO | Query 57 Active Learning Random Query Instance Cost: 360374.75
2024-04-17 18:13 | INFO | Timeout limit is increased to 3600
2024-04-17 18:13 | INFO | Query 58 Size of the uncertainty table is = 516/1200
2024-04-17 18:13 | INFO | Query 58 Size of the filtered table is = 12
2024-04-17 18:13 | INFO | Query 58 Active Learning Random Query Runtime on Validation Set: 107065.39
2024-04-17 18:13 | INFO | Query 58 Active Learning Random Query Runtime on Test Set: 81467.89
2024-04-17 18:13 | INFO | Query 58 Active Learning Random Query Instance Cost: 360394.15
2024-04-17 18:13 | INFO | Timeout limit is increased to 3600
2024-04-17 18:13 | INFO | Query 59 Size of the uncertainty table is = 504/1200
2024-04-17 18:13 | INFO | Query 59 Size of the filtered table is = 12
2024-04-17 18:13 | INFO | Query 59 Active Learning Random Query Runtime on Validation Set: 107065.39
2024-04-17 18:13 | INFO | Query 59 Active Learning Random Query Runtime on Test Set: 81467.83
2024-04-17 18:13 | INFO | Query 59 Active Learning Random Query Instance Cost: 371175.02
2024-04-17 18:13 | INFO | Timeout limit is increased to 3600
2024-04-17 18:13 | INFO | Query 60 Size of the uncertainty table is = 492/1200
2024-04-17 18:13 | INFO | Query 60 Size of the filtered table is = 12
2024-04-17 18:13 | INFO | Query 60 Active Learning Random Query Runtime on Validation Set: 107065.39
2024-04-17 18:13 | INFO | Query 60 Active Learning Random Query Runtime on Test Set: 81468.43
2024-04-17 18:13 | INFO | Query 60 Active Learning Random Query Instance Cost: 379760.13
2024-04-17 18:13 | INFO | Timeout limit is increased to 3600
2024-04-17 18:13 | INFO | Query 61 Size of the uncertainty table is = 480/1200
2024-04-17 18:13 | INFO | Query 61 Size of the filtered table is = 12
2024-04-17 18:14 | INFO | Query 61 Active Learning Random Query Runtime on Validation Set: 107065.39
2024-04-17 18:14 | INFO | Query 61 Active Learning Random Query Runtime on Test Set: 84830.75
2024-04-17 18:14 | INFO | Query 61 Active Learning Random Query Instance Cost: 383680.95
2024-04-17 18:14 | INFO | Timeout limit is increased to 3600
2024-04-17 18:14 | INFO | Query 62 Size of the uncertainty table is = 468/1200
2024-04-17 18:14 | INFO | Query 62 Size of the filtered table is = 12
2024-04-17 18:14 | INFO | Query 62 Active Learning Random Query Runtime on Validation Set: 107065.39
2024-04-17 18:14 | INFO | Query 62 Active Learning Random Query Runtime on Test Set: 51395.01
2024-04-17 18:14 | INFO | Query 62 Active Learning Random Query Instance Cost: 390922.72
2024-04-17 18:14 | INFO | Timeout limit is increased to 3600
2024-04-17 18:14 | INFO | Query 63 Size of the uncertainty table is = 456/1200
2024-04-17 18:14 | INFO | Query 63 Size of the filtered table is = 12
2024-04-17 18:14 | INFO | Query 63 Active Learning Random Query Runtime on Validation Set: 107065.39
2024-04-17 18:14 | INFO | Query 63 Active Learning Random Query Runtime on Test Set: 84829.62
2024-04-17 18:14 | INFO | Query 63 Active Learning Random Query Instance Cost: 401731.15
2024-04-17 18:14 | INFO | Timeout limit is increased to 3600
2024-04-17 18:14 | INFO | Query 64 Size of the uncertainty table is = 444/1200
2024-04-17 18:14 | INFO | Query 64 Size of the filtered table is = 12
2024-04-17 18:14 | INFO | Query 64 Active Learning Random Query Runtime on Validation Set: 107065.39
2024-04-17 18:14 | INFO | Query 64 Active Learning Random Query Runtime on Test Set: 81468.38
2024-04-17 18:14 | INFO | Query 64 Active Learning Random Query Instance Cost: 410969.64
2024-04-17 18:14 | INFO | Timeout limit is increased to 3600
2024-04-17 18:14 | INFO | Query 65 Size of the uncertainty table is = 432/1200
2024-04-17 18:14 | INFO | Query 65 Size of the filtered table is = 12
2024-04-17 18:14 | INFO | Query 65 Active Learning Random Query Runtime on Validation Set: 107065.39
2024-04-17 18:14 | INFO | Query 65 Active Learning Random Query Runtime on Test Set: 81468.77
2024-04-17 18:14 | INFO | Query 65 Active Learning Random Query Instance Cost: 418326.67
2024-04-17 18:14 | INFO | Timeout limit is increased to 3600
2024-04-17 18:14 | INFO | Query 66 Size of the uncertainty table is = 420/1200
2024-04-17 18:14 | INFO | Query 66 Size of the filtered table is = 12
2024-04-17 18:14 | INFO | Query 66 Active Learning Random Query Runtime on Validation Set: 107065.39
2024-04-17 18:14 | INFO | Query 66 Active Learning Random Query Runtime on Test Set: 81468.24
2024-04-17 18:14 | INFO | Query 66 Active Learning Random Query Instance Cost: 418955.78
2024-04-17 18:14 | INFO | Timeout limit is increased to 3600
2024-04-17 18:14 | INFO | Query 67 Size of the uncertainty table is = 408/1200
2024-04-17 18:14 | INFO | Query 67 Size of the filtered table is = 12
2024-04-17 18:14 | INFO | Query 67 Active Learning Random Query Runtime on Validation Set: 107065.39
2024-04-17 18:14 | INFO | Query 67 Active Learning Random Query Runtime on Test Set: 81467.25
2024-04-17 18:14 | INFO | Query 67 Active Learning Random Query Instance Cost: 426211.52
2024-04-17 18:14 | INFO | Timeout limit is increased to 3600
2024-04-17 18:14 | INFO | Query 68 Size of the uncertainty table is = 396/1200
2024-04-17 18:14 | INFO | Query 68 Size of the filtered table is = 12
2024-04-17 18:14 | INFO | Query 68 Active Learning Random Query Runtime on Validation Set: 107065.39
2024-04-17 18:14 | INFO | Query 68 Active Learning Random Query Runtime on Test Set: 81468.19
2024-04-17 18:14 | INFO | Query 68 Active Learning Random Query Instance Cost: 427168.56
2024-04-17 18:14 | INFO | Timeout limit is increased to 3600
2024-04-17 18:14 | INFO | Query 69 Size of the uncertainty table is = 384/1200
2024-04-17 18:14 | INFO | Query 69 Size of the filtered table is = 12
2024-04-17 18:14 | INFO | Query 69 Active Learning Random Query Runtime on Validation Set: 107065.39
2024-04-17 18:14 | INFO | Query 69 Active Learning Random Query Runtime on Test Set: 81468.72
2024-04-17 18:14 | INFO | Query 69 Active Learning Random Query Instance Cost: 427773.15
2024-04-17 18:14 | INFO | Timeout limit is increased to 3600
2024-04-17 18:14 | INFO | Query 70 Size of the uncertainty table is = 372/1200
2024-04-17 18:14 | INFO | Query 70 Size of the filtered table is = 12
2024-04-17 18:14 | INFO | Query 70 Active Learning Random Query Runtime on Validation Set: 107065.39
2024-04-17 18:14 | INFO | Query 70 Active Learning Random Query Runtime on Test Set: 48033.84
2024-04-17 18:14 | INFO | Query 70 Active Learning Random Query Instance Cost: 435112.56
2024-04-17 18:14 | INFO | Timeout limit is increased to 3600
2024-04-17 18:14 | INFO | Query 71 Size of the uncertainty table is = 360/1200
2024-04-17 18:14 | INFO | Query 71 Size of the filtered table is = 12
2024-04-17 18:14 | INFO | Query 71 Active Learning Random Query Runtime on Validation Set: 107065.39
2024-04-17 18:14 | INFO | Query 71 Active Learning Random Query Runtime on Test Set: 81468.53
2024-04-17 18:14 | INFO | Query 71 Active Learning Random Query Instance Cost: 443964.75
2024-04-17 18:14 | INFO | Timeout limit is increased to 3600
2024-04-17 18:14 | INFO | Query 72 Size of the uncertainty table is = 348/1200
2024-04-17 18:14 | INFO | Query 72 Size of the filtered table is = 12
2024-04-17 18:14 | INFO | Query 72 Active Learning Random Query Runtime on Validation Set: 107065.39
2024-04-17 18:14 | INFO | Query 72 Active Learning Random Query Runtime on Test Set: 81468.19
2024-04-17 18:14 | INFO | Query 72 Active Learning Random Query Instance Cost: 454991.79
2024-04-17 18:14 | INFO | Timeout limit is increased to 3600
2024-04-17 18:14 | INFO | Query 73 Size of the uncertainty table is = 336/1200
2024-04-17 18:14 | INFO | Query 73 Size of the filtered table is = 12
2024-04-17 18:14 | INFO | Query 73 Active Learning Random Query Runtime on Validation Set: 107065.39
2024-04-17 18:14 | INFO | Query 73 Active Learning Random Query Runtime on Test Set: 48033.05
2024-04-17 18:14 | INFO | Query 73 Active Learning Random Query Instance Cost: 454998.98
2024-04-17 18:14 | INFO | Timeout limit is increased to 3600
2024-04-17 18:14 | INFO | Query 74 Size of the uncertainty table is = 324/1200
2024-04-17 18:14 | INFO | Query 74 Size of the filtered table is = 12
2024-04-17 18:15 | INFO | Query 74 Active Learning Random Query Runtime on Validation Set: 107065.39
2024-04-17 18:15 | INFO | Query 74 Active Learning Random Query Runtime on Test Set: 48032.45
2024-04-17 18:15 | INFO | Query 74 Active Learning Random Query Instance Cost: 456444.18
2024-04-17 18:15 | INFO | Timeout limit is increased to 3600
2024-04-17 18:15 | INFO | Query 75 Size of the uncertainty table is = 312/1200
2024-04-17 18:15 | INFO | Query 75 Size of the filtered table is = 12
2024-04-17 18:15 | INFO | Query 75 Active Learning Random Query Runtime on Validation Set: 107065.39
2024-04-17 18:15 | INFO | Query 75 Active Learning Random Query Runtime on Test Set: 81468.72
2024-04-17 18:15 | INFO | Query 75 Active Learning Random Query Instance Cost: 461538.39
2024-04-17 18:15 | INFO | Timeout limit is increased to 3600
2024-04-17 18:15 | INFO | Query 76 Size of the uncertainty table is = 300/1200
2024-04-17 18:15 | INFO | Query 76 Size of the filtered table is = 12
2024-04-17 18:15 | INFO | Query 76 Active Learning Random Query Runtime on Validation Set: 107065.39
2024-04-17 18:15 | INFO | Query 76 Active Learning Random Query Runtime on Test Set: 81468.39
2024-04-17 18:15 | INFO | Query 76 Active Learning Random Query Instance Cost: 475959.06
2024-04-17 18:15 | INFO | Timeout limit is increased to 3600
2024-04-17 18:15 | INFO | Query 77 Size of the uncertainty table is = 288/1200
2024-04-17 18:15 | INFO | Query 77 Size of the filtered table is = 12
2024-04-17 18:15 | INFO | Query 77 Active Learning Random Query Runtime on Validation Set: 107065.39
2024-04-17 18:15 | INFO | Query 77 Active Learning Random Query Runtime on Test Set: 81468.38
2024-04-17 18:15 | INFO | Query 77 Active Learning Random Query Instance Cost: 477878.13
2024-04-17 18:15 | INFO | Timeout limit is increased to 3600
2024-04-17 18:15 | INFO | Query 78 Size of the uncertainty table is = 276/1200
2024-04-17 18:15 | INFO | Query 78 Size of the filtered table is = 12
2024-04-17 18:15 | INFO | Query 78 Active Learning Random Query Runtime on Validation Set: 107065.39
2024-04-17 18:15 | INFO | Query 78 Active Learning Random Query Runtime on Test Set: 48033.28
2024-04-17 18:15 | INFO | Query 78 Active Learning Random Query Instance Cost: 478245.94
2024-04-17 18:15 | INFO | Timeout limit is increased to 3600
2024-04-17 18:15 | INFO | Query 79 Size of the uncertainty table is = 264/1200
2024-04-17 18:15 | INFO | Query 79 Size of the filtered table is = 12
2024-04-17 18:15 | INFO | Query 79 Active Learning Random Query Runtime on Validation Set: 107065.39
2024-04-17 18:15 | INFO | Query 79 Active Learning Random Query Runtime on Test Set: 48033.08
2024-04-17 18:15 | INFO | Query 79 Active Learning Random Query Instance Cost: 478253.37
2024-04-17 18:15 | INFO | Timeout limit is increased to 3600
2024-04-17 18:15 | INFO | Query 80 Size of the uncertainty table is = 252/1200
2024-04-17 18:15 | INFO | Query 80 Size of the filtered table is = 12
2024-04-17 18:15 | INFO | Query 80 Active Learning Random Query Runtime on Validation Set: 107065.39
2024-04-17 18:15 | INFO | Query 80 Active Learning Random Query Runtime on Test Set: 81468.22
2024-04-17 18:15 | INFO | Query 80 Active Learning Random Query Instance Cost: 483436.98
2024-04-17 18:15 | INFO | Timeout limit is increased to 3600
2024-04-17 18:15 | INFO | Query 81 Size of the uncertainty table is = 240/1200
2024-04-17 18:15 | INFO | Query 81 Size of the filtered table is = 12
2024-04-17 18:15 | INFO | Query 81 Active Learning Random Query Runtime on Validation Set: 107065.39
2024-04-17 18:15 | INFO | Query 81 Active Learning Random Query Runtime on Test Set: 81468.41
2024-04-17 18:15 | INFO | Query 81 Active Learning Random Query Instance Cost: 487079.06
2024-04-17 18:15 | INFO | Timeout limit is increased to 3600
2024-04-17 18:15 | INFO | Query 82 Size of the uncertainty table is = 228/1200
2024-04-17 18:15 | INFO | Query 82 Size of the filtered table is = 12
2024-04-17 18:15 | INFO | Query 82 Active Learning Random Query Runtime on Validation Set: 107065.39
2024-04-17 18:15 | INFO | Query 82 Active Learning Random Query Runtime on Test Set: 48033.08
2024-04-17 18:15 | INFO | Query 82 Active Learning Random Query Instance Cost: 491961.96
2024-04-17 18:15 | INFO | Timeout limit is increased to 3600
2024-04-17 18:15 | INFO | Query 83 Size of the uncertainty table is = 216/1200
2024-04-17 18:15 | INFO | Query 83 Size of the filtered table is = 12
2024-04-17 18:15 | INFO | Query 83 Active Learning Random Query Runtime on Validation Set: 107065.39
2024-04-17 18:15 | INFO | Query 83 Active Learning Random Query Runtime on Test Set: 48032.94
2024-04-17 18:15 | INFO | Query 83 Active Learning Random Query Instance Cost: 501405.37
2024-04-17 18:15 | INFO | Timeout limit is increased to 3600
2024-04-17 18:15 | INFO | Query 84 Size of the uncertainty table is = 204/1200
2024-04-17 18:15 | INFO | Query 84 Size of the filtered table is = 12
2024-04-17 18:15 | INFO | Query 84 Active Learning Random Query Runtime on Validation Set: 107065.39
2024-04-17 18:15 | INFO | Query 84 Active Learning Random Query Runtime on Test Set: 48033.09
2024-04-17 18:15 | INFO | Query 84 Active Learning Random Query Instance Cost: 506978.07
2024-04-17 18:15 | INFO | Timeout limit is increased to 3600
2024-04-17 18:15 | INFO | Query 85 Size of the uncertainty table is = 192/1200
2024-04-17 18:15 | INFO | Query 85 Size of the filtered table is = 12
2024-04-17 18:15 | INFO | Query 85 Active Learning Random Query Runtime on Validation Set: 107065.39
2024-04-17 18:15 | INFO | Query 85 Active Learning Random Query Runtime on Test Set: 81468.22
2024-04-17 18:15 | INFO | Query 85 Active Learning Random Query Instance Cost: 512002.85
2024-04-17 18:15 | INFO | Timeout limit is increased to 3600
2024-04-17 18:15 | INFO | Query 86 Size of the uncertainty table is = 180/1200
2024-04-17 18:15 | INFO | Query 86 Size of the filtered table is = 12
2024-04-17 18:15 | INFO | Query 86 Active Learning Random Query Runtime on Validation Set: 107065.39
2024-04-17 18:15 | INFO | Query 86 Active Learning Random Query Runtime on Test Set: 81468.22
2024-04-17 18:15 | INFO | Query 86 Active Learning Random Query Instance Cost: 523526.27
2024-04-17 18:15 | INFO | Timeout limit is increased to 3600
2024-04-17 18:15 | INFO | Query 87 Size of the uncertainty table is = 168/1200
2024-04-17 18:15 | INFO | Query 87 Size of the filtered table is = 12
2024-04-17 18:16 | INFO | Query 87 Active Learning Random Query Runtime on Validation Set: 107065.39
2024-04-17 18:16 | INFO | Query 87 Active Learning Random Query Runtime on Test Set: 81468.22
2024-04-17 18:16 | INFO | Query 87 Active Learning Random Query Instance Cost: 530778.0
2024-04-17 18:16 | INFO | Timeout limit is increased to 3600
2024-04-17 18:16 | INFO | Query 88 Size of the uncertainty table is = 156/1200
2024-04-17 18:16 | INFO | Query 88 Size of the filtered table is = 12
2024-04-17 18:16 | INFO | Query 88 Active Learning Random Query Runtime on Validation Set: 107065.39
2024-04-17 18:16 | INFO | Query 88 Active Learning Random Query Runtime on Test Set: 81468.22
2024-04-17 18:16 | INFO | Query 88 Active Learning Random Query Instance Cost: 539386.14
2024-04-17 18:16 | INFO | Timeout limit is increased to 3600
2024-04-17 18:16 | INFO | Query 89 Size of the uncertainty table is = 144/1200
2024-04-17 18:16 | INFO | Query 89 Size of the filtered table is = 12
2024-04-17 18:16 | INFO | Query 89 Active Learning Random Query Runtime on Validation Set: 107065.39
2024-04-17 18:16 | INFO | Query 89 Active Learning Random Query Runtime on Test Set: 81468.22
2024-04-17 18:16 | INFO | Query 89 Active Learning Random Query Instance Cost: 551459.22
2024-04-17 18:16 | INFO | Timeout limit is increased to 3600
2024-04-17 18:16 | INFO | Query 90 Size of the uncertainty table is = 132/1200
2024-04-17 18:16 | INFO | Query 90 Size of the filtered table is = 12
2024-04-17 18:16 | INFO | Query 90 Active Learning Random Query Runtime on Validation Set: 107065.39
2024-04-17 18:16 | INFO | Query 90 Active Learning Random Query Runtime on Test Set: 81468.05
2024-04-17 18:16 | INFO | Query 90 Active Learning Random Query Instance Cost: 555457.66
2024-04-17 18:16 | INFO | Timeout limit is increased to 3600
2024-04-17 18:16 | INFO | Query 91 Size of the uncertainty table is = 120/1200
2024-04-17 18:16 | INFO | Query 91 Size of the filtered table is = 12
2024-04-17 18:16 | INFO | Query 91 Active Learning Random Query Runtime on Validation Set: 107065.39
2024-04-17 18:16 | INFO | Query 91 Active Learning Random Query Runtime on Test Set: 81468.05
2024-04-17 18:16 | INFO | Query 91 Active Learning Random Query Instance Cost: 555657.13
2024-04-17 18:16 | INFO | Timeout limit is increased to 3600
2024-04-17 18:16 | INFO | Query 92 Size of the uncertainty table is = 108/1200
2024-04-17 18:16 | INFO | Query 92 Size of the filtered table is = 12
2024-04-17 18:16 | INFO | Query 92 Active Learning Random Query Runtime on Validation Set: 107065.39
2024-04-17 18:16 | INFO | Query 92 Active Learning Random Query Runtime on Test Set: 81468.05
2024-04-17 18:16 | INFO | Query 92 Active Learning Random Query Instance Cost: 565266.85
2024-04-17 18:16 | INFO | Timeout limit is increased to 3600
2024-04-17 18:16 | INFO | Query 93 Size of the uncertainty table is = 96/1200
2024-04-17 18:16 | INFO | Query 93 Size of the filtered table is = 12
2024-04-17 18:16 | INFO | Query 93 Active Learning Random Query Runtime on Validation Set: 107065.39
2024-04-17 18:16 | INFO | Query 93 Active Learning Random Query Runtime on Test Set: 81468.05
2024-04-17 18:16 | INFO | Query 93 Active Learning Random Query Instance Cost: 568876.52
2024-04-17 18:16 | INFO | Timeout limit is increased to 3600
2024-04-17 18:16 | INFO | Query 94 Size of the uncertainty table is = 84/1200
2024-04-17 18:16 | INFO | Query 94 Size of the filtered table is = 12
2024-04-17 18:16 | INFO | Query 94 Active Learning Random Query Runtime on Validation Set: 107065.39
2024-04-17 18:16 | INFO | Query 94 Active Learning Random Query Runtime on Test Set: 81468.05
2024-04-17 18:16 | INFO | Query 94 Active Learning Random Query Instance Cost: 573233.78
2024-04-17 18:16 | INFO | Timeout limit is increased to 3600
2024-04-17 18:16 | INFO | Query 95 Size of the uncertainty table is = 72/1200
2024-04-17 18:16 | INFO | Query 95 Size of the filtered table is = 12
2024-04-17 18:16 | INFO | Query 95 Active Learning Random Query Runtime on Validation Set: 107065.39
2024-04-17 18:16 | INFO | Query 95 Active Learning Random Query Runtime on Test Set: 81468.19
2024-04-17 18:16 | INFO | Query 95 Active Learning Random Query Instance Cost: 580894.79
2024-04-17 18:16 | INFO | Timeout limit is increased to 3600
2024-04-17 18:16 | INFO | Query 96 Size of the uncertainty table is = 60/1200
2024-04-17 18:16 | INFO | Query 96 Size of the filtered table is = 12
2024-04-17 18:16 | INFO | Query 96 Active Learning Random Query Runtime on Validation Set: 107065.39
2024-04-17 18:16 | INFO | Query 96 Active Learning Random Query Runtime on Test Set: 81468.22
2024-04-17 18:16 | INFO | Query 96 Active Learning Random Query Instance Cost: 584390.95
2024-04-17 18:16 | INFO | Timeout limit is increased to 3600
2024-04-17 18:16 | INFO | Query 97 Size of the uncertainty table is = 48/1200
2024-04-17 18:16 | INFO | Query 97 Size of the filtered table is = 12
2024-04-17 18:16 | INFO | Query 97 Active Learning Random Query Runtime on Validation Set: 107065.39
2024-04-17 18:16 | INFO | Query 97 Active Learning Random Query Runtime on Test Set: 81468.09
2024-04-17 18:16 | INFO | Query 97 Active Learning Random Query Instance Cost: 592335.24
2024-04-17 18:16 | INFO | Timeout limit is increased to 3600
2024-04-17 18:16 | INFO | Query 98 Size of the uncertainty table is = 36/1200
2024-04-17 18:16 | INFO | Query 98 Size of the filtered table is = 12
2024-04-17 18:16 | INFO | Query 98 Active Learning Random Query Runtime on Validation Set: 107065.39
2024-04-17 18:16 | INFO | Query 98 Active Learning Random Query Runtime on Test Set: 48032.92
2024-04-17 18:16 | INFO | Query 98 Active Learning Random Query Instance Cost: 592357.52
2024-04-17 18:16 | INFO | Timeout limit is increased to 3600
2024-04-17 18:16 | INFO | Query 99 Size of the uncertainty table is = 24/1200
2024-04-17 18:16 | INFO | Query 99 Size of the filtered table is = 12
2024-04-17 18:16 | INFO | Query 99 Active Learning Random Query Runtime on Validation Set: 107065.39
2024-04-17 18:16 | INFO | Query 99 Active Learning Random Query Runtime on Test Set: 81468.19
2024-04-17 18:16 | INFO | Query 99 Active Learning Random Query Instance Cost: 596071.93
2024-04-17 18:16 | INFO | Timeout limit is increased to 3600
2024-04-17 18:16 | INFO | Query 100 Size of the uncertainty table is = 12/1200
2024-04-17 18:16 | INFO | Query 100 Size of the filtered table is = 12
2024-04-17 18:17 | INFO | Query 100 Active Learning Random Query Runtime on Validation Set: 107065.39
2024-04-17 18:17 | INFO | Query 100 Active Learning Random Query Runtime on Test Set: 81468.1
2024-04-17 18:17 | INFO | Query 100 Active Learning Random Query Instance Cost: 600709.4
2024-04-17 18:17 | INFO | Timeout limit is increased to 3600
2024-04-17 18:17 | INFO | runtime_train_score is written as json file
2024-04-17 18:17 | INFO | runtime_test_score is written as json file
2024-04-17 18:17 | INFO | runtime_validation_score is written as json file
2024-04-17 18:17 | INFO | instance_cost is written as json file
2024-04-17 18:17 | INFO | Experiment is finished
