2024-04-17 18:12 | INFO | Paramaters are: {'dataset': 'CSP-2010', 'penalty': 10, 'weight': 'No_Weight', 'voting': 'Hard', 'pre_selection_size': 64, 'pre_selection_technique': 'No_pre_selection', 'feature_elimination_threshold': 20, 'imputer_strategy': 'median', 'feature_selection_technique': 'No_feature_selection', 'feature_scaling_technique': 'StandardScaler', 'initial_train_size': 20, 'query_size': 1, 'timeout_predictor_usage': 'No', 'timeout_limit': 3600, 'timeout_increase_rate': 100, 'RANDOM_STATE_SEED': 12345, 'n_splits': 10, 'split_number': 0, 'max_timeout': 3600, 'param_grid': {'n_estimators': 100, 'criterion': 'gini', 'max_features': 'sqrt', 'max_depth': 2147483648, 'min_samples_split': 2, 'bootstrap': True}}
2024-04-17 18:12 | INFO | CSP-2010 is current dataset
2024-04-17 18:12 | INFO | DATASETS/CSP-2010/algorithm_runs.csv is found
2024-04-17 18:12 | INFO | DATASETS/CSP-2010/algorithm_runs.csv is finished
2024-04-17 18:12 | INFO | DATASETS/CSP-2010/feature_values.csv is found
2024-04-17 18:12 | INFO | DATASETS/CSP-2010/feature_values.csv is finished
2024-04-17 18:12 | INFO | Feature cost of train set is 0
2024-04-17 18:12 | INFO | Initial Active Learning Random Query Runtime on Validation Set: 583189.62
2024-04-17 18:12 | INFO | Initial Active Learning Random Query Runtime on Test Set: 243204.78
2024-04-17 18:12 | INFO | Initial Active Learning Random Query Instance Cost: 18680.82
2024-04-17 18:12 | INFO | Bin size = 12
2024-04-17 18:12 | INFO | Query 1 Size of the uncertainty table is = 1200/1200
2024-04-17 18:12 | INFO | Query 1 Size of the filtered table is = 12
2024-04-17 18:13 | INFO | Query 1 Active Learning Random Query Runtime on Validation Set: 499503.18
2024-04-17 18:13 | INFO | Query 1 Active Learning Random Query Runtime on Test Set: 238416.17
2024-04-17 18:13 | INFO | Query 1 Active Learning Random Query Instance Cost: 32916.18
2024-04-17 18:13 | INFO | Query 2 Size of the uncertainty table is = 1188/1200
2024-04-17 18:13 | INFO | Query 2 Size of the filtered table is = 12
2024-04-17 18:13 | INFO | Query 2 Active Learning Random Query Runtime on Validation Set: 539849.56
2024-04-17 18:13 | INFO | Query 2 Active Learning Random Query Runtime on Test Set: 103484.72
2024-04-17 18:13 | INFO | Query 2 Active Learning Random Query Instance Cost: 39991.07
2024-04-17 18:13 | INFO | Timeout limit is increased to 3600
2024-04-17 18:13 | INFO | Query 3 Size of the uncertainty table is = 1176/1200
2024-04-17 18:13 | INFO | Query 3 Size of the filtered table is = 12
2024-04-17 18:13 | INFO | Query 3 Active Learning Random Query Runtime on Validation Set: 95859.41
2024-04-17 18:13 | INFO | Query 3 Active Learning Random Query Runtime on Test Set: 163983.34
2024-04-17 18:13 | INFO | Query 3 Active Learning Random Query Instance Cost: 52482.09
2024-04-17 18:13 | INFO | Query 4 Size of the uncertainty table is = 1164/1200
2024-04-17 18:13 | INFO | Query 4 Size of the filtered table is = 12
2024-04-17 18:13 | INFO | Query 4 Active Learning Random Query Runtime on Validation Set: 95857.28
2024-04-17 18:13 | INFO | Query 4 Active Learning Random Query Runtime on Test Set: 163986.08
2024-04-17 18:13 | INFO | Query 4 Active Learning Random Query Instance Cost: 60013.51
2024-04-17 18:13 | INFO | Query 5 Size of the uncertainty table is = 1152/1200
2024-04-17 18:13 | INFO | Query 5 Size of the filtered table is = 12
2024-04-17 18:13 | INFO | Query 5 Active Learning Random Query Runtime on Validation Set: 100310.07
2024-04-17 18:13 | INFO | Query 5 Active Learning Random Query Runtime on Test Set: 97092.42
2024-04-17 18:13 | INFO | Query 5 Active Learning Random Query Instance Cost: 62932.29
2024-04-17 18:13 | INFO | Timeout limit is increased to 3600
2024-04-17 18:13 | INFO | Query 6 Size of the uncertainty table is = 1140/1200
2024-04-17 18:13 | INFO | Query 6 Size of the filtered table is = 12
2024-04-17 18:13 | INFO | Query 6 Active Learning Random Query Runtime on Validation Set: 100310.05
2024-04-17 18:13 | INFO | Query 6 Active Learning Random Query Runtime on Test Set: 95959.08
2024-04-17 18:13 | INFO | Query 6 Active Learning Random Query Instance Cost: 64268.94
2024-04-17 18:13 | INFO | Query 7 Size of the uncertainty table is = 1128/1200
2024-04-17 18:13 | INFO | Query 7 Size of the filtered table is = 12
2024-04-17 18:13 | INFO | Query 7 Active Learning Random Query Runtime on Validation Set: 100310.07
2024-04-17 18:13 | INFO | Query 7 Active Learning Random Query Runtime on Test Set: 95960.0
2024-04-17 18:13 | INFO | Query 7 Active Learning Random Query Instance Cost: 68180.91
2024-04-17 18:13 | INFO | Timeout limit is increased to 3600
2024-04-17 18:13 | INFO | Query 8 Size of the uncertainty table is = 1116/1200
2024-04-17 18:13 | INFO | Query 8 Size of the filtered table is = 12
2024-04-17 18:13 | INFO | Query 8 Active Learning Random Query Runtime on Validation Set: 174946.34
2024-04-17 18:13 | INFO | Query 8 Active Learning Random Query Runtime on Test Set: 131925.89
2024-04-17 18:13 | INFO | Query 8 Active Learning Random Query Instance Cost: 73120.1
2024-04-17 18:13 | INFO | Timeout limit is increased to 3600
2024-04-17 18:13 | INFO | Query 9 Size of the uncertainty table is = 1104/1200
2024-04-17 18:13 | INFO | Query 9 Size of the filtered table is = 12
2024-04-17 18:13 | INFO | Query 9 Active Learning Random Query Runtime on Validation Set: 95857.33
2024-04-17 18:13 | INFO | Query 9 Active Learning Random Query Runtime on Test Set: 95944.98
2024-04-17 18:13 | INFO | Query 9 Active Learning Random Query Instance Cost: 75165.82
2024-04-17 18:13 | INFO | Query 10 Size of the uncertainty table is = 1092/1200
2024-04-17 18:13 | INFO | Query 10 Size of the filtered table is = 12
2024-04-17 18:13 | INFO | Query 10 Active Learning Random Query Runtime on Validation Set: 95858.92
2024-04-17 18:13 | INFO | Query 10 Active Learning Random Query Runtime on Test Set: 127985.9
2024-04-17 18:13 | INFO | Query 10 Active Learning Random Query Instance Cost: 75405.02
2024-04-17 18:13 | INFO | Timeout limit is increased to 3600
2024-04-17 18:13 | INFO | Query 11 Size of the uncertainty table is = 1080/1200
2024-04-17 18:13 | INFO | Query 11 Size of the filtered table is = 12
2024-04-17 18:13 | INFO | Query 11 Active Learning Random Query Runtime on Validation Set: 100310.03
2024-04-17 18:13 | INFO | Query 11 Active Learning Random Query Runtime on Test Set: 129331.93
2024-04-17 18:13 | INFO | Query 11 Active Learning Random Query Instance Cost: 79175.93
2024-04-17 18:13 | INFO | Timeout limit is increased to 3600
2024-04-17 18:13 | INFO | Query 12 Size of the uncertainty table is = 1068/1200
2024-04-17 18:13 | INFO | Query 12 Size of the filtered table is = 12
2024-04-17 18:13 | INFO | Query 12 Active Learning Random Query Runtime on Validation Set: 100310.08
2024-04-17 18:13 | INFO | Query 12 Active Learning Random Query Runtime on Test Set: 163800.32
2024-04-17 18:13 | INFO | Query 12 Active Learning Random Query Instance Cost: 79242.72
2024-04-17 18:13 | INFO | Timeout limit is increased to 3600
2024-04-17 18:13 | INFO | Query 13 Size of the uncertainty table is = 1056/1200
2024-04-17 18:13 | INFO | Query 13 Size of the filtered table is = 12
2024-04-17 18:13 | INFO | Query 13 Active Learning Random Query Runtime on Validation Set: 100310.08
2024-04-17 18:13 | INFO | Query 13 Active Learning Random Query Runtime on Test Set: 95944.72
2024-04-17 18:13 | INFO | Query 13 Active Learning Random Query Instance Cost: 82993.14
2024-04-17 18:13 | INFO | Timeout limit is increased to 3600
2024-04-17 18:13 | INFO | Query 14 Size of the uncertainty table is = 1044/1200
2024-04-17 18:13 | INFO | Query 14 Size of the filtered table is = 12
2024-04-17 18:13 | INFO | Query 14 Active Learning Random Query Runtime on Validation Set: 95857.33
2024-04-17 18:13 | INFO | Query 14 Active Learning Random Query Runtime on Test Set: 129330.95
2024-04-17 18:13 | INFO | Query 14 Active Learning Random Query Instance Cost: 88286.79
2024-04-17 18:13 | INFO | Query 15 Size of the uncertainty table is = 1032/1200
2024-04-17 18:13 | INFO | Query 15 Size of the filtered table is = 12
2024-04-17 18:14 | INFO | Query 15 Active Learning Random Query Runtime on Validation Set: 95859.61
2024-04-17 18:14 | INFO | Query 15 Active Learning Random Query Runtime on Test Set: 61475.6
2024-04-17 18:14 | INFO | Query 15 Active Learning Random Query Instance Cost: 89574.11
2024-04-17 18:14 | INFO | Timeout limit is increased to 3600
2024-04-17 18:14 | INFO | Query 16 Size of the uncertainty table is = 1020/1200
2024-04-17 18:14 | INFO | Query 16 Size of the filtered table is = 12
2024-04-17 18:14 | INFO | Query 16 Active Learning Random Query Runtime on Validation Set: 95859.57
2024-04-17 18:14 | INFO | Query 16 Active Learning Random Query Runtime on Test Set: 25664.79
2024-04-17 18:14 | INFO | Query 16 Active Learning Random Query Instance Cost: 97327.63
2024-04-17 18:14 | INFO | Query 17 Size of the uncertainty table is = 1008/1200
2024-04-17 18:14 | INFO | Query 17 Size of the filtered table is = 12
2024-04-17 18:14 | INFO | Query 17 Active Learning Random Query Runtime on Validation Set: 100310.68
2024-04-17 18:14 | INFO | Query 17 Active Learning Random Query Runtime on Test Set: 25664.63
2024-04-17 18:14 | INFO | Query 17 Active Learning Random Query Instance Cost: 97387.5
2024-04-17 18:14 | INFO | Timeout limit is increased to 3600
2024-04-17 18:14 | INFO | Query 18 Size of the uncertainty table is = 996/1200
2024-04-17 18:14 | INFO | Query 18 Size of the filtered table is = 12
2024-04-17 18:14 | INFO | Query 18 Active Learning Random Query Runtime on Validation Set: 100310.68
2024-04-17 18:14 | INFO | Query 18 Active Learning Random Query Runtime on Test Set: 25664.2
2024-04-17 18:14 | INFO | Query 18 Active Learning Random Query Instance Cost: 104973.29
2024-04-17 18:14 | INFO | Timeout limit is increased to 3600
2024-04-17 18:14 | INFO | Query 19 Size of the uncertainty table is = 984/1200
2024-04-17 18:14 | INFO | Query 19 Size of the filtered table is = 12
2024-04-17 18:14 | INFO | Query 19 Active Learning Random Query Runtime on Validation Set: 95858.92
2024-04-17 18:14 | INFO | Query 19 Active Learning Random Query Runtime on Test Set: 25664.35
2024-04-17 18:14 | INFO | Query 19 Active Learning Random Query Instance Cost: 106297.63
2024-04-17 18:14 | INFO | Query 20 Size of the uncertainty table is = 972/1200
2024-04-17 18:14 | INFO | Query 20 Size of the filtered table is = 12
2024-04-17 18:14 | INFO | Query 20 Active Learning Random Query Runtime on Validation Set: 95859.54
2024-04-17 18:14 | INFO | Query 20 Active Learning Random Query Runtime on Test Set: 25664.2
2024-04-17 18:14 | INFO | Query 20 Active Learning Random Query Instance Cost: 106711.68
2024-04-17 18:14 | INFO | Timeout limit is increased to 3600
2024-04-17 18:14 | INFO | Query 21 Size of the uncertainty table is = 960/1200
2024-04-17 18:14 | INFO | Query 21 Size of the filtered table is = 12
2024-04-17 18:14 | INFO | Query 21 Active Learning Random Query Runtime on Validation Set: 95859.57
2024-04-17 18:14 | INFO | Query 21 Active Learning Random Query Runtime on Test Set: 25664.35
2024-04-17 18:14 | INFO | Query 21 Active Learning Random Query Instance Cost: 109218.9
2024-04-17 18:14 | INFO | Timeout limit is increased to 3600
2024-04-17 18:14 | INFO | Query 22 Size of the uncertainty table is = 948/1200
2024-04-17 18:14 | INFO | Query 22 Size of the filtered table is = 12
2024-04-17 18:14 | INFO | Query 22 Active Learning Random Query Runtime on Validation Set: 95859.57
2024-04-17 18:14 | INFO | Query 22 Active Learning Random Query Runtime on Test Set: 25604.06
2024-04-17 18:14 | INFO | Query 22 Active Learning Random Query Instance Cost: 112864.05
2024-04-17 18:14 | INFO | Timeout limit is increased to 3600
2024-04-17 18:14 | INFO | Query 23 Size of the uncertainty table is = 936/1200
2024-04-17 18:14 | INFO | Query 23 Size of the filtered table is = 12
2024-04-17 18:14 | INFO | Query 23 Active Learning Random Query Runtime on Validation Set: 95859.57
2024-04-17 18:14 | INFO | Query 23 Active Learning Random Query Runtime on Test Set: 25604.04
2024-04-17 18:14 | INFO | Query 23 Active Learning Random Query Instance Cost: 124957.27
2024-04-17 18:14 | INFO | Timeout limit is increased to 3600
2024-04-17 18:14 | INFO | Query 24 Size of the uncertainty table is = 924/1200
2024-04-17 18:14 | INFO | Query 24 Size of the filtered table is = 12
2024-04-17 18:14 | INFO | Query 24 Active Learning Random Query Runtime on Validation Set: 95859.56
2024-04-17 18:14 | INFO | Query 24 Active Learning Random Query Runtime on Test Set: 25604.82
2024-04-17 18:14 | INFO | Query 24 Active Learning Random Query Instance Cost: 131169.56
2024-04-17 18:14 | INFO | Query 25 Size of the uncertainty table is = 912/1200
2024-04-17 18:14 | INFO | Query 25 Size of the filtered table is = 12
2024-04-17 18:14 | INFO | Query 25 Active Learning Random Query Runtime on Validation Set: 95858.92
2024-04-17 18:14 | INFO | Query 25 Active Learning Random Query Runtime on Test Set: 61649.71
2024-04-17 18:14 | INFO | Query 25 Active Learning Random Query Instance Cost: 131475.61
2024-04-17 18:14 | INFO | Query 26 Size of the uncertainty table is = 900/1200
2024-04-17 18:14 | INFO | Query 26 Size of the filtered table is = 12
2024-04-17 18:14 | INFO | Query 26 Active Learning Random Query Runtime on Validation Set: 95859.57
2024-04-17 18:14 | INFO | Query 26 Active Learning Random Query Runtime on Test Set: 61589.68
2024-04-17 18:14 | INFO | Query 26 Active Learning Random Query Instance Cost: 141900.65
2024-04-17 18:14 | INFO | Timeout limit is increased to 3600
2024-04-17 18:14 | INFO | Query 27 Size of the uncertainty table is = 888/1200
2024-04-17 18:14 | INFO | Query 27 Size of the filtered table is = 12
2024-04-17 18:14 | INFO | Query 27 Active Learning Random Query Runtime on Validation Set: 95859.63
2024-04-17 18:14 | INFO | Query 27 Active Learning Random Query Runtime on Test Set: 61590.07
2024-04-17 18:14 | INFO | Query 27 Active Learning Random Query Instance Cost: 145718.63
2024-04-17 18:14 | INFO | Timeout limit is increased to 3600
2024-04-17 18:14 | INFO | Query 28 Size of the uncertainty table is = 876/1200
2024-04-17 18:14 | INFO | Query 28 Size of the filtered table is = 12
2024-04-17 18:15 | INFO | Query 28 Active Learning Random Query Runtime on Validation Set: 95861.18
2024-04-17 18:15 | INFO | Query 28 Active Learning Random Query Runtime on Test Set: 61590.07
2024-04-17 18:15 | INFO | Query 28 Active Learning Random Query Instance Cost: 153214.38
2024-04-17 18:15 | INFO | Timeout limit is increased to 3600
2024-04-17 18:15 | INFO | Query 29 Size of the uncertainty table is = 864/1200
2024-04-17 18:15 | INFO | Query 29 Size of the filtered table is = 12
2024-04-17 18:15 | INFO | Query 29 Active Learning Random Query Runtime on Validation Set: 95858.97
2024-04-17 18:15 | INFO | Query 29 Active Learning Random Query Runtime on Test Set: 61650.05
2024-04-17 18:15 | INFO | Query 29 Active Learning Random Query Instance Cost: 158032.21
2024-04-17 18:15 | INFO | Query 30 Size of the uncertainty table is = 852/1200
2024-04-17 18:15 | INFO | Query 30 Size of the filtered table is = 12
2024-04-17 18:15 | INFO | Query 30 Active Learning Random Query Runtime on Validation Set: 95858.92
2024-04-17 18:15 | INFO | Query 30 Active Learning Random Query Runtime on Test Set: 61589.6
2024-04-17 18:15 | INFO | Query 30 Active Learning Random Query Instance Cost: 161684.08
2024-04-17 18:15 | INFO | Query 31 Size of the uncertainty table is = 840/1200
2024-04-17 18:15 | INFO | Query 31 Size of the filtered table is = 12
2024-04-17 18:15 | INFO | Query 31 Active Learning Random Query Runtime on Validation Set: 95858.91
2024-04-17 18:15 | INFO | Query 31 Active Learning Random Query Runtime on Test Set: 61588.65
2024-04-17 18:15 | INFO | Query 31 Active Learning Random Query Instance Cost: 173617.61
2024-04-17 18:15 | INFO | Query 32 Size of the uncertainty table is = 828/1200
2024-04-17 18:15 | INFO | Query 32 Size of the filtered table is = 12
2024-04-17 18:15 | INFO | Query 32 Active Learning Random Query Runtime on Validation Set: 100312.29
2024-04-17 18:15 | INFO | Query 32 Active Learning Random Query Runtime on Test Set: 61649.5
2024-04-17 18:15 | INFO | Query 32 Active Learning Random Query Instance Cost: 184711.21
2024-04-17 18:15 | INFO | Timeout limit is increased to 3600
2024-04-17 18:15 | INFO | Query 33 Size of the uncertainty table is = 816/1200
2024-04-17 18:15 | INFO | Query 33 Size of the filtered table is = 12
2024-04-17 18:15 | INFO | Query 33 Active Learning Random Query Runtime on Validation Set: 95861.18
2024-04-17 18:15 | INFO | Query 33 Active Learning Random Query Runtime on Test Set: 61589.58
2024-04-17 18:15 | INFO | Query 33 Active Learning Random Query Instance Cost: 184942.74
2024-04-17 18:15 | INFO | Query 34 Size of the uncertainty table is = 804/1200
2024-04-17 18:15 | INFO | Query 34 Size of the filtered table is = 12
2024-04-17 18:15 | INFO | Query 34 Active Learning Random Query Runtime on Validation Set: 95859.57
2024-04-17 18:15 | INFO | Query 34 Active Learning Random Query Runtime on Test Set: 61649.52
2024-04-17 18:15 | INFO | Query 34 Active Learning Random Query Instance Cost: 200437.4
2024-04-17 18:15 | INFO | Query 35 Size of the uncertainty table is = 792/1200
2024-04-17 18:15 | INFO | Query 35 Size of the filtered table is = 12
2024-04-17 18:15 | INFO | Query 35 Active Learning Random Query Runtime on Validation Set: 100310.07
2024-04-17 18:15 | INFO | Query 35 Active Learning Random Query Runtime on Test Set: 61649.5
2024-04-17 18:15 | INFO | Query 35 Active Learning Random Query Instance Cost: 204091.36
2024-04-17 18:15 | INFO | Timeout limit is increased to 3600
2024-04-17 18:15 | INFO | Query 36 Size of the uncertainty table is = 780/1200
2024-04-17 18:15 | INFO | Query 36 Size of the filtered table is = 12
2024-04-17 18:15 | INFO | Query 36 Active Learning Random Query Runtime on Validation Set: 100310.07
2024-04-17 18:15 | INFO | Query 36 Active Learning Random Query Runtime on Test Set: 61649.53
2024-04-17 18:15 | INFO | Query 36 Active Learning Random Query Instance Cost: 212404.2
2024-04-17 18:15 | INFO | Timeout limit is increased to 3600
2024-04-17 18:15 | INFO | Query 37 Size of the uncertainty table is = 768/1200
2024-04-17 18:15 | INFO | Query 37 Size of the filtered table is = 12
2024-04-17 18:15 | INFO | Query 37 Active Learning Random Query Runtime on Validation Set: 100310.07
2024-04-17 18:15 | INFO | Query 37 Active Learning Random Query Runtime on Test Set: 61649.5
2024-04-17 18:15 | INFO | Query 37 Active Learning Random Query Instance Cost: 216086.9
2024-04-17 18:15 | INFO | Timeout limit is increased to 3600
2024-04-17 18:15 | INFO | Query 38 Size of the uncertainty table is = 756/1200
2024-04-17 18:15 | INFO | Query 38 Size of the filtered table is = 12
2024-04-17 18:15 | INFO | Query 38 Active Learning Random Query Runtime on Validation Set: 100310.07
2024-04-17 18:15 | INFO | Query 38 Active Learning Random Query Runtime on Test Set: 61589.61
2024-04-17 18:15 | INFO | Query 38 Active Learning Random Query Instance Cost: 226505.35
2024-04-17 18:15 | INFO | Timeout limit is increased to 3600
2024-04-17 18:15 | INFO | Query 39 Size of the uncertainty table is = 744/1200
2024-04-17 18:15 | INFO | Query 39 Size of the filtered table is = 12
2024-04-17 18:15 | INFO | Query 39 Active Learning Random Query Runtime on Validation Set: 100310.07
2024-04-17 18:15 | INFO | Query 39 Active Learning Random Query Runtime on Test Set: 61649.5
2024-04-17 18:15 | INFO | Query 39 Active Learning Random Query Instance Cost: 229025.14
2024-04-17 18:15 | INFO | Timeout limit is increased to 3600
2024-04-17 18:15 | INFO | Query 40 Size of the uncertainty table is = 732/1200
2024-04-17 18:15 | INFO | Query 40 Size of the filtered table is = 12
2024-04-17 18:15 | INFO | Query 40 Active Learning Random Query Runtime on Validation Set: 100310.07
2024-04-17 18:15 | INFO | Query 40 Active Learning Random Query Runtime on Test Set: 61589.59
2024-04-17 18:15 | INFO | Query 40 Active Learning Random Query Instance Cost: 229031.28
2024-04-17 18:15 | INFO | Timeout limit is increased to 3600
2024-04-17 18:15 | INFO | Query 41 Size of the uncertainty table is = 720/1200
2024-04-17 18:15 | INFO | Query 41 Size of the filtered table is = 12
2024-04-17 18:15 | INFO | Query 41 Active Learning Random Query Runtime on Validation Set: 95858.96
2024-04-17 18:15 | INFO | Query 41 Active Learning Random Query Runtime on Test Set: 61589.59
2024-04-17 18:15 | INFO | Query 41 Active Learning Random Query Instance Cost: 243618.48
2024-04-17 18:15 | INFO | Query 42 Size of the uncertainty table is = 708/1200
2024-04-17 18:15 | INFO | Query 42 Size of the filtered table is = 12
2024-04-17 18:16 | INFO | Query 42 Active Learning Random Query Runtime on Validation Set: 95858.96
2024-04-17 18:16 | INFO | Query 42 Active Learning Random Query Runtime on Test Set: 61589.59
2024-04-17 18:16 | INFO | Query 42 Active Learning Random Query Instance Cost: 251886.97
2024-04-17 18:16 | INFO | Timeout limit is increased to 3600
2024-04-17 18:16 | INFO | Query 43 Size of the uncertainty table is = 696/1200
2024-04-17 18:16 | INFO | Query 43 Size of the filtered table is = 12
2024-04-17 18:16 | INFO | Query 43 Active Learning Random Query Runtime on Validation Set: 95858.96
2024-04-17 18:16 | INFO | Query 43 Active Learning Random Query Runtime on Test Set: 61589.59
2024-04-17 18:16 | INFO | Query 43 Active Learning Random Query Instance Cost: 256919.05
2024-04-17 18:16 | INFO | Timeout limit is increased to 3600
2024-04-17 18:16 | INFO | Query 44 Size of the uncertainty table is = 684/1200
2024-04-17 18:16 | INFO | Query 44 Size of the filtered table is = 12
2024-04-17 18:16 | INFO | Query 44 Active Learning Random Query Runtime on Validation Set: 95858.96
2024-04-17 18:16 | INFO | Query 44 Active Learning Random Query Runtime on Test Set: 61589.88
2024-04-17 18:16 | INFO | Query 44 Active Learning Random Query Instance Cost: 256959.15
2024-04-17 18:16 | INFO | Timeout limit is increased to 3600
2024-04-17 18:16 | INFO | Query 45 Size of the uncertainty table is = 672/1200
2024-04-17 18:16 | INFO | Query 45 Size of the filtered table is = 12
2024-04-17 18:16 | INFO | Query 45 Active Learning Random Query Runtime on Validation Set: 100310.07
2024-04-17 18:16 | INFO | Query 45 Active Learning Random Query Runtime on Test Set: 61649.84
2024-04-17 18:16 | INFO | Query 45 Active Learning Random Query Instance Cost: 260686.33
2024-04-17 18:16 | INFO | Timeout limit is increased to 3600
2024-04-17 18:16 | INFO | Query 46 Size of the uncertainty table is = 660/1200
2024-04-17 18:16 | INFO | Query 46 Size of the filtered table is = 12
2024-04-17 18:16 | INFO | Query 46 Active Learning Random Query Runtime on Validation Set: 100310.07
2024-04-17 18:16 | INFO | Query 46 Active Learning Random Query Runtime on Test Set: 61589.97
2024-04-17 18:16 | INFO | Query 46 Active Learning Random Query Instance Cost: 268873.95
2024-04-17 18:16 | INFO | Timeout limit is increased to 3600
2024-04-17 18:16 | INFO | Query 47 Size of the uncertainty table is = 648/1200
2024-04-17 18:16 | INFO | Query 47 Size of the filtered table is = 12
2024-04-17 18:16 | INFO | Query 47 Active Learning Random Query Runtime on Validation Set: 100310.07
2024-04-17 18:16 | INFO | Query 47 Active Learning Random Query Runtime on Test Set: 61589.6
2024-04-17 18:16 | INFO | Query 47 Active Learning Random Query Instance Cost: 275174.5
2024-04-17 18:16 | INFO | Timeout limit is increased to 3600
2024-04-17 18:16 | INFO | Query 48 Size of the uncertainty table is = 636/1200
2024-04-17 18:16 | INFO | Query 48 Size of the filtered table is = 12
2024-04-17 18:16 | INFO | Query 48 Active Learning Random Query Runtime on Validation Set: 100310.07
2024-04-17 18:16 | INFO | Query 48 Active Learning Random Query Runtime on Test Set: 61649.88
2024-04-17 18:16 | INFO | Query 48 Active Learning Random Query Instance Cost: 278906.57
2024-04-17 18:16 | INFO | Timeout limit is increased to 3600
2024-04-17 18:16 | INFO | Query 49 Size of the uncertainty table is = 624/1200
2024-04-17 18:16 | INFO | Query 49 Size of the filtered table is = 12
2024-04-17 18:16 | INFO | Query 49 Active Learning Random Query Runtime on Validation Set: 100310.07
2024-04-17 18:16 | INFO | Query 49 Active Learning Random Query Runtime on Test Set: 61589.55
2024-04-17 18:16 | INFO | Query 49 Active Learning Random Query Instance Cost: 288129.77
2024-04-17 18:16 | INFO | Timeout limit is increased to 3600
2024-04-17 18:16 | INFO | Query 50 Size of the uncertainty table is = 612/1200
2024-04-17 18:16 | INFO | Query 50 Size of the filtered table is = 12
2024-04-17 18:16 | INFO | Query 50 Active Learning Random Query Runtime on Validation Set: 100310.07
2024-04-17 18:16 | INFO | Query 50 Active Learning Random Query Runtime on Test Set: 61590.28
2024-04-17 18:16 | INFO | Query 50 Active Learning Random Query Instance Cost: 305083.29
2024-04-17 18:16 | INFO | Timeout limit is increased to 3600
2024-04-17 18:16 | INFO | Query 51 Size of the uncertainty table is = 600/1200
2024-04-17 18:16 | INFO | Query 51 Size of the filtered table is = 12
2024-04-17 18:16 | INFO | Query 51 Active Learning Random Query Runtime on Validation Set: 100310.07
2024-04-17 18:16 | INFO | Query 51 Active Learning Random Query Runtime on Test Set: 61589.92
2024-04-17 18:16 | INFO | Query 51 Active Learning Random Query Instance Cost: 310321.66
2024-04-17 18:16 | INFO | Timeout limit is increased to 3600
2024-04-17 18:16 | INFO | Query 52 Size of the uncertainty table is = 588/1200
2024-04-17 18:16 | INFO | Query 52 Size of the filtered table is = 12
2024-04-17 18:16 | INFO | Query 52 Active Learning Random Query Runtime on Validation Set: 100310.07
2024-04-17 18:16 | INFO | Query 52 Active Learning Random Query Runtime on Test Set: 61589.88
2024-04-17 18:16 | INFO | Query 52 Active Learning Random Query Instance Cost: 313039.73
2024-04-17 18:16 | INFO | Timeout limit is increased to 3600
2024-04-17 18:16 | INFO | Query 53 Size of the uncertainty table is = 576/1200
2024-04-17 18:16 | INFO | Query 53 Size of the filtered table is = 12
2024-04-17 18:16 | INFO | Query 53 Active Learning Random Query Runtime on Validation Set: 100310.07
2024-04-17 18:16 | INFO | Query 53 Active Learning Random Query Runtime on Test Set: 61589.94
2024-04-17 18:16 | INFO | Query 53 Active Learning Random Query Instance Cost: 317864.77
2024-04-17 18:16 | INFO | Timeout limit is increased to 3600
2024-04-17 18:16 | INFO | Query 54 Size of the uncertainty table is = 564/1200
2024-04-17 18:16 | INFO | Query 54 Size of the filtered table is = 12
2024-04-17 18:16 | INFO | Query 54 Active Learning Random Query Runtime on Validation Set: 100310.07
2024-04-17 18:16 | INFO | Query 54 Active Learning Random Query Runtime on Test Set: 97400.49
2024-04-17 18:16 | INFO | Query 54 Active Learning Random Query Instance Cost: 330392.13
2024-04-17 18:16 | INFO | Timeout limit is increased to 3600
2024-04-17 18:16 | INFO | Query 55 Size of the uncertainty table is = 552/1200
2024-04-17 18:16 | INFO | Query 55 Size of the filtered table is = 12
2024-04-17 18:17 | INFO | Query 55 Active Learning Random Query Runtime on Validation Set: 100310.07
2024-04-17 18:17 | INFO | Query 55 Active Learning Random Query Runtime on Test Set: 97401.22
2024-04-17 18:17 | INFO | Query 55 Active Learning Random Query Instance Cost: 341368.39
2024-04-17 18:17 | INFO | Timeout limit is increased to 3600
2024-04-17 18:17 | INFO | Query 56 Size of the uncertainty table is = 540/1200
2024-04-17 18:17 | INFO | Query 56 Size of the filtered table is = 12
2024-04-17 18:17 | INFO | Query 56 Active Learning Random Query Runtime on Validation Set: 100310.07
2024-04-17 18:17 | INFO | Query 56 Active Learning Random Query Runtime on Test Set: 61593.12
2024-04-17 18:17 | INFO | Query 56 Active Learning Random Query Instance Cost: 348636.11
2024-04-17 18:17 | INFO | Timeout limit is increased to 3600
2024-04-17 18:17 | INFO | Query 57 Size of the uncertainty table is = 528/1200
2024-04-17 18:17 | INFO | Query 57 Size of the filtered table is = 12
2024-04-17 18:17 | INFO | Query 57 Active Learning Random Query Runtime on Validation Set: 100310.07
2024-04-17 18:17 | INFO | Query 57 Active Learning Random Query Runtime on Test Set: 97400.06
2024-04-17 18:17 | INFO | Query 57 Active Learning Random Query Instance Cost: 348824.79
2024-04-17 18:17 | INFO | Timeout limit is increased to 3600
2024-04-17 18:17 | INFO | Query 58 Size of the uncertainty table is = 516/1200
2024-04-17 18:17 | INFO | Query 58 Size of the filtered table is = 12
2024-04-17 18:17 | INFO | Query 58 Active Learning Random Query Runtime on Validation Set: 100310.07
2024-04-17 18:17 | INFO | Query 58 Active Learning Random Query Runtime on Test Set: 61589.04
2024-04-17 18:17 | INFO | Query 58 Active Learning Random Query Instance Cost: 363498.4
2024-04-17 18:17 | INFO | Timeout limit is increased to 3600
2024-04-17 18:17 | INFO | Query 59 Size of the uncertainty table is = 504/1200
2024-04-17 18:17 | INFO | Query 59 Size of the filtered table is = 12
2024-04-17 18:17 | INFO | Query 59 Active Learning Random Query Runtime on Validation Set: 100310.07
2024-04-17 18:17 | INFO | Query 59 Active Learning Random Query Runtime on Test Set: 97400.1
2024-04-17 18:17 | INFO | Query 59 Active Learning Random Query Instance Cost: 374525.91
2024-04-17 18:17 | INFO | Timeout limit is increased to 3600
2024-04-17 18:17 | INFO | Query 60 Size of the uncertainty table is = 492/1200
2024-04-17 18:17 | INFO | Query 60 Size of the filtered table is = 12
2024-04-17 18:17 | INFO | Query 60 Active Learning Random Query Runtime on Validation Set: 100310.07
2024-04-17 18:17 | INFO | Query 60 Active Learning Random Query Runtime on Test Set: 97403.6
2024-04-17 18:17 | INFO | Query 60 Active Learning Random Query Instance Cost: 380755.32
2024-04-17 18:17 | INFO | Timeout limit is increased to 3600
2024-04-17 18:17 | INFO | Query 61 Size of the uncertainty table is = 480/1200
2024-04-17 18:17 | INFO | Query 61 Size of the filtered table is = 12
2024-04-17 18:17 | INFO | Query 61 Active Learning Random Query Runtime on Validation Set: 100310.07
2024-04-17 18:17 | INFO | Query 61 Active Learning Random Query Runtime on Test Set: 97463.47
2024-04-17 18:17 | INFO | Query 61 Active Learning Random Query Instance Cost: 380836.51
2024-04-17 18:17 | INFO | Timeout limit is increased to 3600
2024-04-17 18:17 | INFO | Query 62 Size of the uncertainty table is = 468/1200
2024-04-17 18:17 | INFO | Query 62 Size of the filtered table is = 12
2024-04-17 18:17 | INFO | Query 62 Active Learning Random Query Runtime on Validation Set: 100310.07
2024-04-17 18:17 | INFO | Query 62 Active Learning Random Query Runtime on Test Set: 97459.9
2024-04-17 18:17 | INFO | Query 62 Active Learning Random Query Instance Cost: 384646.76
2024-04-17 18:17 | INFO | Timeout limit is increased to 3600
2024-04-17 18:17 | INFO | Query 63 Size of the uncertainty table is = 456/1200
2024-04-17 18:17 | INFO | Query 63 Size of the filtered table is = 12
2024-04-17 18:17 | INFO | Query 63 Active Learning Random Query Runtime on Validation Set: 100310.07
2024-04-17 18:17 | INFO | Query 63 Active Learning Random Query Runtime on Test Set: 97459.9
2024-04-17 18:17 | INFO | Query 63 Active Learning Random Query Instance Cost: 390091.02
2024-04-17 18:17 | INFO | Timeout limit is increased to 3600
2024-04-17 18:17 | INFO | Query 64 Size of the uncertainty table is = 444/1200
2024-04-17 18:17 | INFO | Query 64 Size of the filtered table is = 12
2024-04-17 18:17 | INFO | Query 64 Active Learning Random Query Runtime on Validation Set: 100310.07
2024-04-17 18:17 | INFO | Query 64 Active Learning Random Query Runtime on Test Set: 97460.11
2024-04-17 18:17 | INFO | Query 64 Active Learning Random Query Instance Cost: 394238.73
2024-04-17 18:17 | INFO | Timeout limit is increased to 3600
2024-04-17 18:17 | INFO | Query 65 Size of the uncertainty table is = 432/1200
2024-04-17 18:17 | INFO | Query 65 Size of the filtered table is = 12
2024-04-17 18:17 | INFO | Query 65 Active Learning Random Query Runtime on Validation Set: 100310.07
2024-04-17 18:17 | INFO | Query 65 Active Learning Random Query Runtime on Test Set: 97463.64
2024-04-17 18:17 | INFO | Query 65 Active Learning Random Query Instance Cost: 401314.12
2024-04-17 18:17 | INFO | Timeout limit is increased to 3600
2024-04-17 18:17 | INFO | Query 66 Size of the uncertainty table is = 420/1200
2024-04-17 18:17 | INFO | Query 66 Size of the filtered table is = 12
2024-04-17 18:17 | INFO | Query 66 Active Learning Random Query Runtime on Validation Set: 100310.07
2024-04-17 18:17 | INFO | Query 66 Active Learning Random Query Runtime on Test Set: 97463.6
2024-04-17 18:17 | INFO | Query 66 Active Learning Random Query Instance Cost: 405152.75
2024-04-17 18:17 | INFO | Timeout limit is increased to 3600
2024-04-17 18:17 | INFO | Query 67 Size of the uncertainty table is = 408/1200
2024-04-17 18:17 | INFO | Query 67 Size of the filtered table is = 12
2024-04-17 18:17 | INFO | Query 67 Active Learning Random Query Runtime on Validation Set: 100310.07
2024-04-17 18:17 | INFO | Query 67 Active Learning Random Query Runtime on Test Set: 61648.71
2024-04-17 18:17 | INFO | Query 67 Active Learning Random Query Instance Cost: 405178.26
2024-04-17 18:17 | INFO | Timeout limit is increased to 3600
2024-04-17 18:17 | INFO | Query 68 Size of the uncertainty table is = 396/1200
2024-04-17 18:17 | INFO | Query 68 Size of the filtered table is = 12
2024-04-17 18:18 | INFO | Query 68 Active Learning Random Query Runtime on Validation Set: 100310.05
2024-04-17 18:18 | INFO | Query 68 Active Learning Random Query Runtime on Test Set: 61418.45
2024-04-17 18:18 | INFO | Query 68 Active Learning Random Query Instance Cost: 416854.92
2024-04-17 18:18 | INFO | Query 69 Size of the uncertainty table is = 384/1200
2024-04-17 18:18 | INFO | Query 69 Size of the filtered table is = 12
2024-04-17 18:18 | INFO | Query 69 Active Learning Random Query Runtime on Validation Set: 100310.07
2024-04-17 18:18 | INFO | Query 69 Active Learning Random Query Runtime on Test Set: 25663.9
2024-04-17 18:18 | INFO | Query 69 Active Learning Random Query Instance Cost: 424269.83
2024-04-17 18:18 | INFO | Timeout limit is increased to 3600
2024-04-17 18:18 | INFO | Query 70 Size of the uncertainty table is = 372/1200
2024-04-17 18:18 | INFO | Query 70 Size of the filtered table is = 12
2024-04-17 18:18 | INFO | Query 70 Active Learning Random Query Runtime on Validation Set: 100310.07
2024-04-17 18:18 | INFO | Query 70 Active Learning Random Query Runtime on Test Set: 25603.98
2024-04-17 18:18 | INFO | Query 70 Active Learning Random Query Instance Cost: 428716.38
2024-04-17 18:18 | INFO | Timeout limit is increased to 3600
2024-04-17 18:18 | INFO | Query 71 Size of the uncertainty table is = 360/1200
2024-04-17 18:18 | INFO | Query 71 Size of the filtered table is = 12
2024-04-17 18:18 | INFO | Query 71 Active Learning Random Query Runtime on Validation Set: 100310.07
2024-04-17 18:18 | INFO | Query 71 Active Learning Random Query Runtime on Test Set: 25664.25
2024-04-17 18:18 | INFO | Query 71 Active Learning Random Query Instance Cost: 438829.74
2024-04-17 18:18 | INFO | Timeout limit is increased to 3600
2024-04-17 18:18 | INFO | Query 72 Size of the uncertainty table is = 348/1200
2024-04-17 18:18 | INFO | Query 72 Size of the filtered table is = 12
2024-04-17 18:18 | INFO | Query 72 Active Learning Random Query Runtime on Validation Set: 100310.07
2024-04-17 18:18 | INFO | Query 72 Active Learning Random Query Runtime on Test Set: 25663.85
2024-04-17 18:18 | INFO | Query 72 Active Learning Random Query Instance Cost: 445501.38
2024-04-17 18:18 | INFO | Timeout limit is increased to 3600
2024-04-17 18:18 | INFO | Query 73 Size of the uncertainty table is = 336/1200
2024-04-17 18:18 | INFO | Query 73 Size of the filtered table is = 12
2024-04-17 18:18 | INFO | Query 73 Active Learning Random Query Runtime on Validation Set: 95858.96
2024-04-17 18:18 | INFO | Query 73 Active Learning Random Query Runtime on Test Set: 25607.51
2024-04-17 18:18 | INFO | Query 73 Active Learning Random Query Instance Cost: 456571.92
2024-04-17 18:18 | INFO | Query 74 Size of the uncertainty table is = 324/1200
2024-04-17 18:18 | INFO | Query 74 Size of the filtered table is = 12
2024-04-17 18:18 | INFO | Query 74 Active Learning Random Query Runtime on Validation Set: 95858.96
2024-04-17 18:18 | INFO | Query 74 Active Learning Random Query Runtime on Test Set: 25663.85
2024-04-17 18:18 | INFO | Query 74 Active Learning Random Query Instance Cost: 460957.99
2024-04-17 18:18 | INFO | Timeout limit is increased to 3600
2024-04-17 18:18 | INFO | Query 75 Size of the uncertainty table is = 312/1200
2024-04-17 18:18 | INFO | Query 75 Size of the filtered table is = 12
2024-04-17 18:18 | INFO | Query 75 Active Learning Random Query Runtime on Validation Set: 100310.07
2024-04-17 18:18 | INFO | Query 75 Active Learning Random Query Runtime on Test Set: 25604.02
2024-04-17 18:18 | INFO | Query 75 Active Learning Random Query Instance Cost: 472717.29
2024-04-17 18:18 | INFO | Timeout limit is increased to 3600
2024-04-17 18:18 | INFO | Query 76 Size of the uncertainty table is = 300/1200
2024-04-17 18:18 | INFO | Query 76 Size of the filtered table is = 12
2024-04-17 18:18 | INFO | Query 76 Active Learning Random Query Runtime on Validation Set: 95858.95
2024-04-17 18:18 | INFO | Query 76 Active Learning Random Query Runtime on Test Set: 61474.84
2024-04-17 18:18 | INFO | Query 76 Active Learning Random Query Instance Cost: 491372.7
2024-04-17 18:18 | INFO | Query 77 Size of the uncertainty table is = 288/1200
2024-04-17 18:18 | INFO | Query 77 Size of the filtered table is = 12
2024-04-17 18:18 | INFO | Query 77 Active Learning Random Query Runtime on Validation Set: 95858.96
2024-04-17 18:18 | INFO | Query 77 Active Learning Random Query Runtime on Test Set: 61414.88
2024-04-17 18:18 | INFO | Query 77 Active Learning Random Query Instance Cost: 496907.4
2024-04-17 18:18 | INFO | Timeout limit is increased to 3600
2024-04-17 18:18 | INFO | Query 78 Size of the uncertainty table is = 276/1200
2024-04-17 18:18 | INFO | Query 78 Size of the filtered table is = 12
2024-04-17 18:18 | INFO | Query 78 Active Learning Random Query Runtime on Validation Set: 100310.07
2024-04-17 18:18 | INFO | Query 78 Active Learning Random Query Runtime on Test Set: 25603.94
2024-04-17 18:18 | INFO | Query 78 Active Learning Random Query Instance Cost: 504541.55
2024-04-17 18:18 | INFO | Timeout limit is increased to 3600
2024-04-17 18:18 | INFO | Query 79 Size of the uncertainty table is = 264/1200
2024-04-17 18:18 | INFO | Query 79 Size of the filtered table is = 12
2024-04-17 18:18 | INFO | Query 79 Active Learning Random Query Runtime on Validation Set: 100310.05
2024-04-17 18:18 | INFO | Query 79 Active Learning Random Query Runtime on Test Set: 25604.39
2024-04-17 18:18 | INFO | Query 79 Active Learning Random Query Instance Cost: 504549.13
2024-04-17 18:18 | INFO | Query 80 Size of the uncertainty table is = 252/1200
2024-04-17 18:18 | INFO | Query 80 Size of the filtered table is = 12
2024-04-17 18:18 | INFO | Query 80 Active Learning Random Query Runtime on Validation Set: 100310.05
2024-04-17 18:18 | INFO | Query 80 Active Learning Random Query Runtime on Test Set: 61414.91
2024-04-17 18:18 | INFO | Query 80 Active Learning Random Query Instance Cost: 512155.69
2024-04-17 18:18 | INFO | Timeout limit is increased to 3600
2024-04-17 18:18 | INFO | Query 81 Size of the uncertainty table is = 240/1200
2024-04-17 18:18 | INFO | Query 81 Size of the filtered table is = 12
2024-04-17 18:19 | INFO | Query 81 Active Learning Random Query Runtime on Validation Set: 100310.05
2024-04-17 18:19 | INFO | Query 81 Active Learning Random Query Runtime on Test Set: 25604.39
2024-04-17 18:19 | INFO | Query 81 Active Learning Random Query Instance Cost: 515823.67
2024-04-17 18:19 | INFO | Timeout limit is increased to 3600
2024-04-17 18:19 | INFO | Query 82 Size of the uncertainty table is = 228/1200
2024-04-17 18:19 | INFO | Query 82 Size of the filtered table is = 12
2024-04-17 18:19 | INFO | Query 82 Active Learning Random Query Runtime on Validation Set: 100310.05
2024-04-17 18:19 | INFO | Query 82 Active Learning Random Query Runtime on Test Set: 61414.83
2024-04-17 18:19 | INFO | Query 82 Active Learning Random Query Instance Cost: 528410.78
2024-04-17 18:19 | INFO | Timeout limit is increased to 3600
2024-04-17 18:19 | INFO | Query 83 Size of the uncertainty table is = 216/1200
2024-04-17 18:19 | INFO | Query 83 Size of the filtered table is = 12
2024-04-17 18:19 | INFO | Query 83 Active Learning Random Query Runtime on Validation Set: 100310.05
2024-04-17 18:19 | INFO | Query 83 Active Learning Random Query Runtime on Test Set: 61414.79
2024-04-17 18:19 | INFO | Query 83 Active Learning Random Query Instance Cost: 532422.71
2024-04-17 18:19 | INFO | Timeout limit is increased to 3600
2024-04-17 18:19 | INFO | Query 84 Size of the uncertainty table is = 204/1200
2024-04-17 18:19 | INFO | Query 84 Size of the filtered table is = 12
2024-04-17 18:19 | INFO | Query 84 Active Learning Random Query Runtime on Validation Set: 100310.05
2024-04-17 18:19 | INFO | Query 84 Active Learning Random Query Runtime on Test Set: 25607.41
2024-04-17 18:19 | INFO | Query 84 Active Learning Random Query Instance Cost: 543924.43
2024-04-17 18:19 | INFO | Timeout limit is increased to 3600
2024-04-17 18:19 | INFO | Query 85 Size of the uncertainty table is = 192/1200
2024-04-17 18:19 | INFO | Query 85 Size of the filtered table is = 12
2024-04-17 18:19 | INFO | Query 85 Active Learning Random Query Runtime on Validation Set: 100310.05
2024-04-17 18:19 | INFO | Query 85 Active Learning Random Query Runtime on Test Set: 61414.78
2024-04-17 18:19 | INFO | Query 85 Active Learning Random Query Instance Cost: 551284.27
2024-04-17 18:19 | INFO | Timeout limit is increased to 3600
2024-04-17 18:19 | INFO | Query 86 Size of the uncertainty table is = 180/1200
2024-04-17 18:19 | INFO | Query 86 Size of the filtered table is = 12
2024-04-17 18:19 | INFO | Query 86 Active Learning Random Query Runtime on Validation Set: 100310.05
2024-04-17 18:19 | INFO | Query 86 Active Learning Random Query Runtime on Test Set: 25603.9
2024-04-17 18:19 | INFO | Query 86 Active Learning Random Query Instance Cost: 552316.74
2024-04-17 18:19 | INFO | Timeout limit is increased to 3600
2024-04-17 18:19 | INFO | Query 87 Size of the uncertainty table is = 168/1200
2024-04-17 18:19 | INFO | Query 87 Size of the filtered table is = 12
2024-04-17 18:19 | INFO | Query 87 Active Learning Random Query Runtime on Validation Set: 100310.05
2024-04-17 18:19 | INFO | Query 87 Active Learning Random Query Runtime on Test Set: 25603.84
2024-04-17 18:19 | INFO | Query 87 Active Learning Random Query Instance Cost: 552326.09
2024-04-17 18:19 | INFO | Timeout limit is increased to 3600
2024-04-17 18:19 | INFO | Query 88 Size of the uncertainty table is = 156/1200
2024-04-17 18:19 | INFO | Query 88 Size of the filtered table is = 12
2024-04-17 18:19 | INFO | Query 88 Active Learning Random Query Runtime on Validation Set: 100310.05
2024-04-17 18:19 | INFO | Query 88 Active Learning Random Query Runtime on Test Set: 25603.87
2024-04-17 18:19 | INFO | Query 88 Active Learning Random Query Instance Cost: 552411.65
2024-04-17 18:19 | INFO | Timeout limit is increased to 3600
2024-04-17 18:19 | INFO | Query 89 Size of the uncertainty table is = 144/1200
2024-04-17 18:19 | INFO | Query 89 Size of the filtered table is = 12
2024-04-17 18:19 | INFO | Query 89 Active Learning Random Query Runtime on Validation Set: 100310.05
2024-04-17 18:19 | INFO | Query 89 Active Learning Random Query Runtime on Test Set: 25603.9
2024-04-17 18:19 | INFO | Query 89 Active Learning Random Query Instance Cost: 562279.13
2024-04-17 18:19 | INFO | Timeout limit is increased to 3600
2024-04-17 18:19 | INFO | Query 90 Size of the uncertainty table is = 132/1200
2024-04-17 18:19 | INFO | Query 90 Size of the filtered table is = 12
2024-04-17 18:19 | INFO | Query 90 Active Learning Random Query Runtime on Validation Set: 100310.05
2024-04-17 18:19 | INFO | Query 90 Active Learning Random Query Runtime on Test Set: 61414.86
2024-04-17 18:19 | INFO | Query 90 Active Learning Random Query Instance Cost: 566984.58
2024-04-17 18:19 | INFO | Timeout limit is increased to 3600
2024-04-17 18:19 | INFO | Query 91 Size of the uncertainty table is = 120/1200
2024-04-17 18:19 | INFO | Query 91 Size of the filtered table is = 12
2024-04-17 18:19 | INFO | Query 91 Active Learning Random Query Runtime on Validation Set: 100310.05
2024-04-17 18:19 | INFO | Query 91 Active Learning Random Query Runtime on Test Set: 25603.87
2024-04-17 18:19 | INFO | Query 91 Active Learning Random Query Instance Cost: 571277.07
2024-04-17 18:19 | INFO | Timeout limit is increased to 3600
2024-04-17 18:19 | INFO | Query 92 Size of the uncertainty table is = 108/1200
2024-04-17 18:19 | INFO | Query 92 Size of the filtered table is = 12
2024-04-17 18:19 | INFO | Query 92 Active Learning Random Query Runtime on Validation Set: 100310.05
2024-04-17 18:19 | INFO | Query 92 Active Learning Random Query Runtime on Test Set: 25603.87
2024-04-17 18:19 | INFO | Query 92 Active Learning Random Query Instance Cost: 574949.44
2024-04-17 18:19 | INFO | Timeout limit is increased to 3600
2024-04-17 18:19 | INFO | Query 93 Size of the uncertainty table is = 96/1200
2024-04-17 18:19 | INFO | Query 93 Size of the filtered table is = 12
2024-04-17 18:20 | INFO | Query 93 Active Learning Random Query Runtime on Validation Set: 100310.05
2024-04-17 18:20 | INFO | Query 93 Active Learning Random Query Runtime on Test Set: 25603.87
2024-04-17 18:20 | INFO | Query 93 Active Learning Random Query Instance Cost: 586090.62
2024-04-17 18:20 | INFO | Timeout limit is increased to 3600
2024-04-17 18:20 | INFO | Query 94 Size of the uncertainty table is = 84/1200
2024-04-17 18:20 | INFO | Query 94 Size of the filtered table is = 12
2024-04-17 18:20 | INFO | Query 94 Active Learning Random Query Runtime on Validation Set: 100310.05
2024-04-17 18:20 | INFO | Query 94 Active Learning Random Query Runtime on Test Set: 25603.87
2024-04-17 18:20 | INFO | Query 94 Active Learning Random Query Instance Cost: 593476.22
2024-04-17 18:20 | INFO | Timeout limit is increased to 3600
2024-04-17 18:20 | INFO | Query 95 Size of the uncertainty table is = 72/1200
2024-04-17 18:20 | INFO | Query 95 Size of the filtered table is = 12
2024-04-17 18:20 | INFO | Query 95 Active Learning Random Query Runtime on Validation Set: 100310.05
2024-04-17 18:20 | INFO | Query 95 Active Learning Random Query Runtime on Test Set: 61414.81
2024-04-17 18:20 | INFO | Query 95 Active Learning Random Query Instance Cost: 597129.48
2024-04-17 18:20 | INFO | Timeout limit is increased to 3600
2024-04-17 18:20 | INFO | Query 96 Size of the uncertainty table is = 60/1200
2024-04-17 18:20 | INFO | Query 96 Size of the filtered table is = 12
2024-04-17 18:20 | INFO | Query 96 Active Learning Random Query Runtime on Validation Set: 100310.05
2024-04-17 18:20 | INFO | Query 96 Active Learning Random Query Runtime on Test Set: 61418.37
2024-04-17 18:20 | INFO | Query 96 Active Learning Random Query Instance Cost: 608513.88
2024-04-17 18:20 | INFO | Timeout limit is increased to 3600
2024-04-17 18:20 | INFO | Query 97 Size of the uncertainty table is = 48/1200
2024-04-17 18:20 | INFO | Query 97 Size of the filtered table is = 12
2024-04-17 18:20 | INFO | Query 97 Active Learning Random Query Runtime on Validation Set: 100310.05
2024-04-17 18:20 | INFO | Query 97 Active Learning Random Query Runtime on Test Set: 25607.47
2024-04-17 18:20 | INFO | Query 97 Active Learning Random Query Instance Cost: 619752.65
2024-04-17 18:20 | INFO | Timeout limit is increased to 3600
2024-04-17 18:20 | INFO | Query 98 Size of the uncertainty table is = 36/1200
2024-04-17 18:20 | INFO | Query 98 Size of the filtered table is = 12
2024-04-17 18:20 | INFO | Query 98 Active Learning Random Query Runtime on Validation Set: 100310.05
2024-04-17 18:20 | INFO | Query 98 Active Learning Random Query Runtime on Test Set: 25603.91
2024-04-17 18:20 | INFO | Query 98 Active Learning Random Query Instance Cost: 623988.48
2024-04-17 18:20 | INFO | Timeout limit is increased to 3600
2024-04-17 18:20 | INFO | Query 99 Size of the uncertainty table is = 24/1200
2024-04-17 18:20 | INFO | Query 99 Size of the filtered table is = 12
2024-04-17 18:20 | INFO | Query 99 Active Learning Random Query Runtime on Validation Set: 100310.05
2024-04-17 18:20 | INFO | Query 99 Active Learning Random Query Runtime on Test Set: 25607.47
2024-04-17 18:20 | INFO | Query 99 Active Learning Random Query Instance Cost: 635114.41
2024-04-17 18:20 | INFO | Timeout limit is increased to 3600
2024-04-17 18:20 | INFO | Query 100 Size of the uncertainty table is = 12/1200
2024-04-17 18:20 | INFO | Query 100 Size of the filtered table is = 12
2024-04-17 18:20 | INFO | Query 100 Active Learning Random Query Runtime on Validation Set: 100310.05
2024-04-17 18:20 | INFO | Query 100 Active Learning Random Query Runtime on Test Set: 61414.86
2024-04-17 18:20 | INFO | Query 100 Active Learning Random Query Instance Cost: 635669.13
2024-04-17 18:20 | INFO | Timeout limit is increased to 3600
2024-04-17 18:20 | INFO | runtime_train_score is written as json file
2024-04-17 18:20 | INFO | runtime_test_score is written as json file
2024-04-17 18:20 | INFO | runtime_validation_score is written as json file
2024-04-17 18:20 | INFO | instance_cost is written as json file
2024-04-17 18:20 | INFO | Experiment is finished
