2024-04-17 18:44 | INFO | Paramaters are: {'dataset': 'MAXSAT12-PMS', 'penalty': 10, 'weight': 'No_Weight', 'voting': 'Hard', 'pre_selection_size': 64, 'pre_selection_technique': 'No_pre_selection', 'feature_elimination_threshold': 20, 'imputer_strategy': 'median', 'feature_selection_technique': 'No_feature_selection', 'feature_scaling_technique': 'StandardScaler', 'initial_train_size': 20, 'query_size': 1, 'timeout_predictor_usage': 'No', 'timeout_limit': 100, 'timeout_increase_rate': 100, 'RANDOM_STATE_SEED': 99, 'n_splits': 10, 'split_number': 8, 'max_timeout': 3600, 'param_grid': {'n_estimators': 100, 'criterion': 'gini', 'max_features': 'sqrt', 'max_depth': 2147483648, 'min_samples_split': 2, 'bootstrap': True}}
2024-04-17 18:44 | INFO | MAXSAT12-PMS is current dataset
2024-04-17 18:44 | INFO | DATASETS/MAXSAT12-PMS/algorithm_runs.csv is found
2024-04-17 18:44 | INFO | DATASETS/MAXSAT12-PMS/algorithm_runs.csv is finished
2024-04-17 18:44 | INFO | DATASETS/MAXSAT12-PMS/feature_values.csv is found
2024-04-17 18:44 | INFO | DATASETS/MAXSAT12-PMS/feature_values.csv is finished
2024-04-17 18:44 | INFO | DATASETS/MAXSAT12-PMS/feature_costs.csv is found
2024-04-17 18:44 | INFO | DATASETS/MAXSAT12-PMS/feature_costs.csv is finished
2024-04-17 18:44 | INFO | Feature cost of train set is 32.28
2024-04-17 18:44 | INFO | Initial Active Learning Random Query Runtime on Validation Set: 225886.75
2024-04-17 18:44 | INFO | Initial Active Learning Random Query Runtime on Test Set: 221664.46
2024-04-17 18:44 | INFO | Initial Active Learning Random Query Instance Cost: 6369.12
2024-04-17 18:44 | INFO | Bin size = 77
2024-04-17 18:44 | INFO | Query 1 Size of the uncertainty table is = 7851/7770
2024-04-17 18:44 | INFO | Query 1 Size of the filtered table is = 77
2024-04-17 18:45 | INFO | Query 1 Active Learning Random Query Runtime on Validation Set: 8044.89
2024-04-17 18:45 | INFO | Query 1 Active Learning Random Query Runtime on Test Set: 110618.55
2024-04-17 18:45 | INFO | Query 1 Active Learning Random Query Instance Cost: 13031.33
2024-04-17 18:45 | INFO | Query 2 Size of the uncertainty table is = 7779/7770
2024-04-17 18:45 | INFO | Query 2 Size of the filtered table is = 77
2024-04-17 18:45 | INFO | Query 2 Active Learning Random Query Runtime on Validation Set: 444122.19
2024-04-17 18:45 | INFO | Query 2 Active Learning Random Query Runtime on Test Set: 146904.46
2024-04-17 18:45 | INFO | Query 2 Active Learning Random Query Instance Cost: 19426.97
2024-04-17 18:45 | INFO | Timeout limit is increased to 200
2024-04-17 18:45 | INFO | Query 3 Size of the uncertainty table is = 7687/7770
2024-04-17 18:45 | INFO | Query 3 Size of the filtered table is = 77
2024-04-17 18:46 | INFO | Query 3 Active Learning Random Query Runtime on Validation Set: 444101.25
2024-04-17 18:46 | INFO | Query 3 Active Learning Random Query Runtime on Test Set: 74876.97
2024-04-17 18:46 | INFO | Query 3 Active Learning Random Query Instance Cost: 31394.86
2024-04-17 18:46 | INFO | Query 4 Size of the uncertainty table is = 7592/7770
2024-04-17 18:46 | INFO | Query 4 Size of the filtered table is = 77
2024-04-17 18:46 | INFO | Query 4 Active Learning Random Query Runtime on Validation Set: 444163.9
2024-04-17 18:46 | INFO | Query 4 Active Learning Random Query Runtime on Test Set: 110855.08
2024-04-17 18:46 | INFO | Query 4 Active Learning Random Query Instance Cost: 41052.64
2024-04-17 18:46 | INFO | Timeout limit is increased to 300
2024-04-17 18:46 | INFO | Query 5 Size of the uncertainty table is = 7472/7770
2024-04-17 18:46 | INFO | Query 5 Size of the filtered table is = 77
2024-04-17 18:47 | INFO | Query 5 Active Learning Random Query Runtime on Validation Set: 226363.45
2024-04-17 18:47 | INFO | Query 5 Active Learning Random Query Runtime on Test Set: 75668.72
2024-04-17 18:47 | INFO | Query 5 Active Learning Random Query Instance Cost: 57006.56
2024-04-17 18:47 | INFO | Query 6 Size of the uncertainty table is = 7332/7770
2024-04-17 18:47 | INFO | Query 6 Size of the filtered table is = 77
2024-04-17 18:47 | INFO | Query 6 Active Learning Random Query Runtime on Validation Set: 226364.85
2024-04-17 18:47 | INFO | Query 6 Active Learning Random Query Runtime on Test Set: 39450.26
2024-04-17 18:47 | INFO | Query 6 Active Learning Random Query Instance Cost: 74605.35
2024-04-17 18:47 | INFO | Timeout limit is increased to 400
2024-04-17 18:47 | INFO | Query 7 Size of the uncertainty table is = 7215/7770
2024-04-17 18:47 | INFO | Query 7 Size of the filtered table is = 77
2024-04-17 18:48 | INFO | Query 7 Active Learning Random Query Runtime on Validation Set: 228141.93
2024-04-17 18:48 | INFO | Query 7 Active Learning Random Query Runtime on Test Set: 39411.56
2024-04-17 18:48 | INFO | Query 7 Active Learning Random Query Instance Cost: 96907.31
2024-04-17 18:48 | INFO | Timeout limit is increased to 500
2024-04-17 18:48 | INFO | Query 8 Size of the uncertainty table is = 7070/7770
2024-04-17 18:48 | INFO | Query 8 Size of the filtered table is = 77
2024-04-17 18:48 | INFO | Query 8 Active Learning Random Query Runtime on Validation Set: 226401.77
2024-04-17 18:48 | INFO | Query 8 Active Learning Random Query Runtime on Test Set: 76338.6
2024-04-17 18:48 | INFO | Query 8 Active Learning Random Query Instance Cost: 116582.88
2024-04-17 18:48 | INFO | Query 9 Size of the uncertainty table is = 6890/7770
2024-04-17 18:48 | INFO | Query 9 Size of the filtered table is = 77
2024-04-17 18:49 | INFO | Query 9 Active Learning Random Query Runtime on Validation Set: 118519.26
2024-04-17 18:49 | INFO | Query 9 Active Learning Random Query Runtime on Test Set: 112309.75
2024-04-17 18:49 | INFO | Query 9 Active Learning Random Query Instance Cost: 139954.73
2024-04-17 18:49 | INFO | Query 10 Size of the uncertainty table is = 6696/7770
2024-04-17 18:49 | INFO | Query 10 Size of the filtered table is = 77
2024-04-17 18:49 | INFO | Query 10 Active Learning Random Query Runtime on Validation Set: 8441.19
2024-04-17 18:49 | INFO | Query 10 Active Learning Random Query Runtime on Test Set: 147310.96
2024-04-17 18:49 | INFO | Query 10 Active Learning Random Query Instance Cost: 161428.81
2024-04-17 18:49 | INFO | Query 11 Size of the uncertainty table is = 6522/7770
2024-04-17 18:49 | INFO | Query 11 Size of the filtered table is = 77
2024-04-17 18:50 | INFO | Query 11 Active Learning Random Query Runtime on Validation Set: 8221.18
2024-04-17 18:50 | INFO | Query 11 Active Learning Random Query Runtime on Test Set: 75404.42
2024-04-17 18:50 | INFO | Query 11 Active Learning Random Query Instance Cost: 184111.5
2024-04-17 18:50 | INFO | Query 12 Size of the uncertainty table is = 6333/7770
2024-04-17 18:50 | INFO | Query 12 Size of the filtered table is = 77
2024-04-17 18:50 | INFO | Query 12 Active Learning Random Query Runtime on Validation Set: 8518.36
2024-04-17 18:50 | INFO | Query 12 Active Learning Random Query Runtime on Test Set: 75425.77
2024-04-17 18:50 | INFO | Query 12 Active Learning Random Query Instance Cost: 205815.7
2024-04-17 18:50 | INFO | Timeout limit is increased to 600
2024-04-17 18:50 | INFO | Query 13 Size of the uncertainty table is = 6124/7770
2024-04-17 18:50 | INFO | Query 13 Size of the filtered table is = 77
2024-04-17 18:51 | INFO | Query 13 Active Learning Random Query Runtime on Validation Set: 8255.1
2024-04-17 18:51 | INFO | Query 13 Active Learning Random Query Runtime on Test Set: 75431.21
2024-04-17 18:51 | INFO | Query 13 Active Learning Random Query Instance Cost: 237407.7
2024-04-17 18:51 | INFO | Query 14 Size of the uncertainty table is = 5933/7770
2024-04-17 18:51 | INFO | Query 14 Size of the filtered table is = 77
2024-04-17 18:51 | INFO | Query 14 Active Learning Random Query Runtime on Validation Set: 8181.39
2024-04-17 18:51 | INFO | Query 14 Active Learning Random Query Runtime on Test Set: 75440.72
2024-04-17 18:51 | INFO | Query 14 Active Learning Random Query Instance Cost: 263095.21
2024-04-17 18:51 | INFO | Query 15 Size of the uncertainty table is = 5711/7770
2024-04-17 18:51 | INFO | Query 15 Size of the filtered table is = 77
2024-04-17 18:52 | INFO | Query 15 Active Learning Random Query Runtime on Validation Set: 8182.92
2024-04-17 18:52 | INFO | Query 15 Active Learning Random Query Runtime on Test Set: 75406.52
2024-04-17 18:52 | INFO | Query 15 Active Learning Random Query Instance Cost: 285417.54
2024-04-17 18:52 | INFO | Timeout limit is increased to 700
2024-04-17 18:52 | INFO | Query 16 Size of the uncertainty table is = 5483/7770
2024-04-17 18:52 | INFO | Query 16 Size of the filtered table is = 77
2024-04-17 18:52 | INFO | Query 16 Active Learning Random Query Runtime on Validation Set: 116601.87
2024-04-17 18:52 | INFO | Query 16 Active Learning Random Query Runtime on Test Set: 77905.67
2024-04-17 18:52 | INFO | Query 16 Active Learning Random Query Instance Cost: 313056.42
2024-04-17 18:52 | INFO | Timeout limit is increased to 800
2024-04-17 18:52 | INFO | Query 17 Size of the uncertainty table is = 5248/7770
2024-04-17 18:52 | INFO | Query 17 Size of the filtered table is = 77
2024-04-17 18:53 | INFO | Query 17 Active Learning Random Query Runtime on Validation Set: 8283.36
2024-04-17 18:53 | INFO | Query 17 Active Learning Random Query Runtime on Test Set: 74678.46
2024-04-17 18:53 | INFO | Query 17 Active Learning Random Query Instance Cost: 348317.04
2024-04-17 18:53 | INFO | Query 18 Size of the uncertainty table is = 5006/7770
2024-04-17 18:53 | INFO | Query 18 Size of the filtered table is = 77
2024-04-17 18:53 | INFO | Query 18 Active Learning Random Query Runtime on Validation Set: 8165.01
2024-04-17 18:53 | INFO | Query 18 Active Learning Random Query Runtime on Test Set: 74677.58
2024-04-17 18:53 | INFO | Query 18 Active Learning Random Query Instance Cost: 385291.65
2024-04-17 18:53 | INFO | Query 19 Size of the uncertainty table is = 4798/7770
2024-04-17 18:53 | INFO | Query 19 Size of the filtered table is = 77
2024-04-17 18:54 | INFO | Query 19 Active Learning Random Query Runtime on Validation Set: 8164.34
2024-04-17 18:54 | INFO | Query 19 Active Learning Random Query Runtime on Test Set: 75412.8
2024-04-17 18:54 | INFO | Query 19 Active Learning Random Query Instance Cost: 417515.67
2024-04-17 18:54 | INFO | Query 20 Size of the uncertainty table is = 4546/7770
2024-04-17 18:54 | INFO | Query 20 Size of the filtered table is = 77
2024-04-17 18:54 | INFO | Query 20 Active Learning Random Query Runtime on Validation Set: 226227.07
2024-04-17 18:54 | INFO | Query 20 Active Learning Random Query Runtime on Test Set: 75404.74
2024-04-17 18:54 | INFO | Query 20 Active Learning Random Query Instance Cost: 450310.45
2024-04-17 18:54 | INFO | Timeout limit is increased to 900
2024-04-17 18:54 | INFO | Query 21 Size of the uncertainty table is = 4299/7770
2024-04-17 18:54 | INFO | Query 21 Size of the filtered table is = 77
2024-04-17 18:55 | INFO | Query 21 Active Learning Random Query Runtime on Validation Set: 477264.83
2024-04-17 18:55 | INFO | Query 21 Active Learning Random Query Runtime on Test Set: 39381.26
2024-04-17 18:55 | INFO | Query 21 Active Learning Random Query Instance Cost: 493264.74
2024-04-17 18:55 | INFO | Timeout limit is increased to 1000
2024-04-17 18:55 | INFO | Query 22 Size of the uncertainty table is = 4088/7770
2024-04-17 18:55 | INFO | Query 22 Size of the filtered table is = 77
2024-04-17 18:55 | INFO | Query 22 Active Learning Random Query Runtime on Validation Set: 118032.44
2024-04-17 18:55 | INFO | Query 22 Active Learning Random Query Runtime on Test Set: 76153.22
2024-04-17 18:55 | INFO | Query 22 Active Learning Random Query Instance Cost: 537676.35
2024-04-17 18:55 | INFO | Query 23 Size of the uncertainty table is = 3848/7770
2024-04-17 18:55 | INFO | Query 23 Size of the filtered table is = 77
2024-04-17 18:56 | INFO | Query 23 Active Learning Random Query Runtime on Validation Set: 226139.72
2024-04-17 18:56 | INFO | Query 23 Active Learning Random Query Runtime on Test Set: 75415.94
2024-04-17 18:56 | INFO | Query 23 Active Learning Random Query Instance Cost: 573340.98
2024-04-17 18:56 | INFO | Timeout limit is increased to 1100
2024-04-17 18:56 | INFO | Query 24 Size of the uncertainty table is = 3637/7770
2024-04-17 18:56 | INFO | Query 24 Size of the filtered table is = 77
2024-04-17 18:56 | INFO | Query 24 Active Learning Random Query Runtime on Validation Set: 226251.42
2024-04-17 18:56 | INFO | Query 24 Active Learning Random Query Runtime on Test Set: 4194.5
2024-04-17 18:56 | INFO | Query 24 Active Learning Random Query Instance Cost: 618480.53
2024-04-17 18:56 | INFO | Timeout limit is increased to 1200
2024-04-17 18:56 | INFO | Query 25 Size of the uncertainty table is = 3392/7770
2024-04-17 18:56 | INFO | Query 25 Size of the filtered table is = 77
2024-04-17 18:57 | INFO | Query 25 Active Learning Random Query Runtime on Validation Set: 152441.48
2024-04-17 18:57 | INFO | Query 25 Active Learning Random Query Runtime on Test Set: 39466.45
2024-04-17 18:57 | INFO | Query 25 Active Learning Random Query Instance Cost: 662620.89
2024-04-17 18:57 | INFO | Query 26 Size of the uncertainty table is = 3151/7770
2024-04-17 18:57 | INFO | Query 26 Size of the filtered table is = 77
2024-04-17 18:57 | INFO | Query 26 Active Learning Random Query Runtime on Validation Set: 8974.65
2024-04-17 18:57 | INFO | Query 26 Active Learning Random Query Runtime on Test Set: 3451.95
2024-04-17 18:57 | INFO | Query 26 Active Learning Random Query Instance Cost: 701277.1
2024-04-17 18:57 | INFO | Query 27 Size of the uncertainty table is = 2915/7770
2024-04-17 18:57 | INFO | Query 27 Size of the filtered table is = 77
2024-04-17 18:58 | INFO | Query 27 Active Learning Random Query Runtime on Validation Set: 260058.55
2024-04-17 18:58 | INFO | Query 27 Active Learning Random Query Runtime on Test Set: 39437.23
2024-04-17 18:58 | INFO | Query 27 Active Learning Random Query Instance Cost: 733383.35
2024-04-17 18:58 | INFO | Timeout limit is increased to 1300
2024-04-17 18:58 | INFO | Query 28 Size of the uncertainty table is = 2655/7770
2024-04-17 18:58 | INFO | Query 28 Size of the filtered table is = 77
2024-04-17 18:59 | INFO | Query 28 Active Learning Random Query Runtime on Validation Set: 8818.21
2024-04-17 18:59 | INFO | Query 28 Active Learning Random Query Runtime on Test Set: 39436.42
2024-04-17 18:59 | INFO | Query 28 Active Learning Random Query Instance Cost: 786551.46
2024-04-17 18:59 | INFO | Query 29 Size of the uncertainty table is = 2450/7770
2024-04-17 18:59 | INFO | Query 29 Size of the filtered table is = 77
2024-04-17 18:59 | INFO | Query 29 Active Learning Random Query Runtime on Validation Set: 259916.4
2024-04-17 18:59 | INFO | Query 29 Active Learning Random Query Runtime on Test Set: 75431.71
2024-04-17 18:59 | INFO | Query 29 Active Learning Random Query Instance Cost: 839219.99
2024-04-17 18:59 | INFO | Timeout limit is increased to 1400
2024-04-17 18:59 | INFO | Query 30 Size of the uncertainty table is = 2229/7770
2024-04-17 18:59 | INFO | Query 30 Size of the filtered table is = 77
2024-04-17 19:00 | INFO | Query 30 Active Learning Random Query Runtime on Validation Set: 8239.36
2024-04-17 19:00 | INFO | Query 30 Active Learning Random Query Runtime on Test Set: 75397.67
2024-04-17 19:00 | INFO | Query 30 Active Learning Random Query Instance Cost: 889560.89
2024-04-17 19:00 | INFO | Query 31 Size of the uncertainty table is = 2018/7770
2024-04-17 19:00 | INFO | Query 31 Size of the filtered table is = 77
2024-04-17 19:00 | INFO | Query 31 Active Learning Random Query Runtime on Validation Set: 8136.23
2024-04-17 19:00 | INFO | Query 31 Active Learning Random Query Runtime on Test Set: 39402.34
2024-04-17 19:00 | INFO | Query 31 Active Learning Random Query Instance Cost: 946409.41
2024-04-17 19:00 | INFO | Query 32 Size of the uncertainty table is = 1823/7770
2024-04-17 19:00 | INFO | Query 32 Size of the filtered table is = 77
2024-04-17 19:01 | INFO | Query 32 Active Learning Random Query Runtime on Validation Set: 8136.54
2024-04-17 19:01 | INFO | Query 32 Active Learning Random Query Runtime on Test Set: 38647.05
2024-04-17 19:01 | INFO | Query 32 Active Learning Random Query Instance Cost: 983805.98
2024-04-17 19:01 | INFO | Timeout limit is increased to 1500
2024-04-17 19:01 | INFO | Query 33 Size of the uncertainty table is = 1578/7770
2024-04-17 19:01 | INFO | Query 33 Size of the filtered table is = 77
2024-04-17 19:01 | INFO | Query 33 Active Learning Random Query Runtime on Validation Set: 8079.11
2024-04-17 19:01 | INFO | Query 33 Active Learning Random Query Runtime on Test Set: 2649.31
2024-04-17 19:01 | INFO | Query 33 Active Learning Random Query Instance Cost: 1041361.79
2024-04-17 19:01 | INFO | Query 34 Size of the uncertainty table is = 1416/7770
2024-04-17 19:01 | INFO | Query 34 Size of the filtered table is = 77
2024-04-17 19:02 | INFO | Query 34 Active Learning Random Query Runtime on Validation Set: 8136.54
2024-04-17 19:02 | INFO | Query 34 Active Learning Random Query Runtime on Test Set: 38647.03
2024-04-17 19:02 | INFO | Query 34 Active Learning Random Query Instance Cost: 1092822.74
2024-04-17 19:02 | INFO | Timeout limit is increased to 1600
2024-04-17 19:02 | INFO | Query 35 Size of the uncertainty table is = 1268/7770
2024-04-17 19:02 | INFO | Query 35 Size of the filtered table is = 77
2024-04-17 19:02 | INFO | Query 35 Active Learning Random Query Runtime on Validation Set: 8136.59
2024-04-17 19:02 | INFO | Query 35 Active Learning Random Query Runtime on Test Set: 38654.87
2024-04-17 19:02 | INFO | Query 35 Active Learning Random Query Instance Cost: 1150514.51
2024-04-17 19:02 | INFO | Timeout limit is increased to 1700
2024-04-17 19:02 | INFO | Query 36 Size of the uncertainty table is = 1153/7770
2024-04-17 19:02 | INFO | Query 36 Size of the filtered table is = 77
2024-04-17 19:03 | INFO | Query 36 Active Learning Random Query Runtime on Validation Set: 8299.67
2024-04-17 19:03 | INFO | Query 36 Active Learning Random Query Runtime on Test Set: 38689.38
2024-04-17 19:03 | INFO | Query 36 Active Learning Random Query Instance Cost: 1220207.02
2024-04-17 19:03 | INFO | Timeout limit is increased to 1800
2024-04-17 19:03 | INFO | Query 37 Size of the uncertainty table is = 1066/7770
2024-04-17 19:03 | INFO | Query 37 Size of the filtered table is = 77
2024-04-17 19:03 | INFO | Query 37 Active Learning Random Query Runtime on Validation Set: 8190.35
2024-04-17 19:03 | INFO | Query 37 Active Learning Random Query Runtime on Test Set: 38653.18
2024-04-17 19:03 | INFO | Query 37 Active Learning Random Query Instance Cost: 1279109.49
2024-04-17 19:03 | INFO | Query 38 Size of the uncertainty table is = 988/7770
2024-04-17 19:03 | INFO | Query 38 Size of the filtered table is = 77
2024-04-17 19:04 | INFO | Query 38 Active Learning Random Query Runtime on Validation Set: 116307.22
2024-04-17 19:04 | INFO | Query 38 Active Learning Random Query Runtime on Test Set: 3405.67
2024-04-17 19:04 | INFO | Query 38 Active Learning Random Query Instance Cost: 1337769.97
2024-04-17 19:04 | INFO | Timeout limit is increased to 1900
2024-04-17 19:04 | INFO | Query 39 Size of the uncertainty table is = 924/7770
2024-04-17 19:04 | INFO | Query 39 Size of the filtered table is = 77
2024-04-17 19:04 | INFO | Query 39 Active Learning Random Query Runtime on Validation Set: 151544.23
2024-04-17 19:04 | INFO | Query 39 Active Learning Random Query Runtime on Test Set: 2655.46
2024-04-17 19:04 | INFO | Query 39 Active Learning Random Query Instance Cost: 1400614.77
2024-04-17 19:04 | INFO | Timeout limit is increased to 2000
2024-04-17 19:04 | INFO | Query 40 Size of the uncertainty table is = 890/7770
2024-04-17 19:04 | INFO | Query 40 Size of the filtered table is = 77
2024-04-17 19:05 | INFO | Query 40 Active Learning Random Query Runtime on Validation Set: 259333.08
2024-04-17 19:05 | INFO | Query 40 Active Learning Random Query Runtime on Test Set: 38653.18
2024-04-17 19:05 | INFO | Query 40 Active Learning Random Query Instance Cost: 1474020.77
2024-04-17 19:05 | INFO | Timeout limit is increased to 2100
2024-04-17 19:05 | INFO | Query 41 Size of the uncertainty table is = 857/7770
2024-04-17 19:05 | INFO | Query 41 Size of the filtered table is = 77
2024-04-17 19:05 | INFO | Query 41 Active Learning Random Query Runtime on Validation Set: 8190.35
2024-04-17 19:05 | INFO | Query 41 Active Learning Random Query Runtime on Test Set: 38653.18
2024-04-17 19:05 | INFO | Query 41 Active Learning Random Query Instance Cost: 1545347.3
2024-04-17 19:05 | INFO | Query 42 Size of the uncertainty table is = 839/7770
2024-04-17 19:05 | INFO | Query 42 Size of the filtered table is = 77
2024-04-17 19:06 | INFO | Query 42 Active Learning Random Query Runtime on Validation Set: 8190.35
2024-04-17 19:06 | INFO | Query 42 Active Learning Random Query Runtime on Test Set: 38653.18
2024-04-17 19:06 | INFO | Query 42 Active Learning Random Query Instance Cost: 1602295.12
2024-04-17 19:06 | INFO | Timeout limit is increased to 2200
2024-04-17 19:06 | INFO | Query 43 Size of the uncertainty table is = 820/7770
2024-04-17 19:06 | INFO | Query 43 Size of the filtered table is = 77
2024-04-17 19:06 | INFO | Query 43 Active Learning Random Query Runtime on Validation Set: 8190.35
2024-04-17 19:06 | INFO | Query 43 Active Learning Random Query Runtime on Test Set: 38653.18
2024-04-17 19:06 | INFO | Query 43 Active Learning Random Query Instance Cost: 1661595.12
2024-04-17 19:06 | INFO | Timeout limit is increased to 2300
2024-04-17 19:06 | INFO | Query 44 Size of the uncertainty table is = 820/7770
2024-04-17 19:06 | INFO | Query 44 Size of the filtered table is = 77
2024-04-17 19:07 | INFO | Query 44 Active Learning Random Query Runtime on Validation Set: 8190.35
2024-04-17 19:07 | INFO | Query 44 Active Learning Random Query Runtime on Test Set: 38653.18
2024-04-17 19:07 | INFO | Query 44 Active Learning Random Query Instance Cost: 1731650.1
2024-04-17 19:07 | INFO | Timeout limit is increased to 2400
2024-04-17 19:07 | INFO | Query 45 Size of the uncertainty table is = 807/7770
2024-04-17 19:07 | INFO | Query 45 Size of the filtered table is = 77
2024-04-17 19:07 | INFO | Query 45 Active Learning Random Query Runtime on Validation Set: 226303.62
2024-04-17 19:07 | INFO | Query 45 Active Learning Random Query Runtime on Test Set: 75400.71
2024-04-17 19:07 | INFO | Query 45 Active Learning Random Query Instance Cost: 1808202.87
2024-04-17 19:07 | INFO | Timeout limit is increased to 2500
2024-04-17 19:07 | INFO | Query 46 Size of the uncertainty table is = 801/7770
2024-04-17 19:07 | INFO | Query 46 Size of the filtered table is = 77
2024-04-17 19:08 | INFO | Query 46 Active Learning Random Query Runtime on Validation Set: 226303.62
2024-04-17 19:08 | INFO | Query 46 Active Learning Random Query Runtime on Test Set: 75400.71
2024-04-17 19:08 | INFO | Query 46 Active Learning Random Query Instance Cost: 1866802.87
2024-04-17 19:08 | INFO | Timeout limit is increased to 2600
2024-04-17 19:08 | INFO | Query 47 Size of the uncertainty table is = 801/7770
2024-04-17 19:08 | INFO | Query 47 Size of the filtered table is = 77
2024-04-17 19:09 | INFO | Query 47 Active Learning Random Query Runtime on Validation Set: 226303.62
2024-04-17 19:09 | INFO | Query 47 Active Learning Random Query Runtime on Test Set: 75400.71
2024-04-17 19:09 | INFO | Query 47 Active Learning Random Query Instance Cost: 1943502.87
2024-04-17 19:09 | INFO | Timeout limit is increased to 2700
2024-04-17 19:09 | INFO | Query 48 Size of the uncertainty table is = 801/7770
2024-04-17 19:09 | INFO | Query 48 Size of the filtered table is = 77
2024-04-17 19:09 | INFO | Query 48 Active Learning Random Query Runtime on Validation Set: 225967.53
2024-04-17 19:09 | INFO | Query 48 Active Learning Random Query Runtime on Test Set: 74650.5
2024-04-17 19:09 | INFO | Query 48 Active Learning Random Query Instance Cost: 2026161.34
2024-04-17 19:09 | INFO | Query 49 Size of the uncertainty table is = 797/7770
2024-04-17 19:09 | INFO | Query 49 Size of the filtered table is = 77
2024-04-17 19:10 | INFO | Query 49 Active Learning Random Query Runtime on Validation Set: 225967.53
2024-04-17 19:10 | INFO | Query 49 Active Learning Random Query Runtime on Test Set: 74650.5
2024-04-17 19:10 | INFO | Query 49 Active Learning Random Query Instance Cost: 2077361.34
2024-04-17 19:10 | INFO | Timeout limit is increased to 2800
2024-04-17 19:10 | INFO | Query 50 Size of the uncertainty table is = 797/7770
2024-04-17 19:10 | INFO | Query 50 Size of the filtered table is = 77
2024-04-17 19:10 | INFO | Query 50 Active Learning Random Query Runtime on Validation Set: 225967.53
2024-04-17 19:10 | INFO | Query 50 Active Learning Random Query Runtime on Test Set: 74650.5
2024-04-17 19:10 | INFO | Query 50 Active Learning Random Query Instance Cost: 2147061.34
2024-04-17 19:10 | INFO | Timeout limit is increased to 2900
2024-04-17 19:10 | INFO | Query 51 Size of the uncertainty table is = 797/7770
2024-04-17 19:10 | INFO | Query 51 Size of the filtered table is = 77
2024-04-17 19:11 | INFO | Query 51 Active Learning Random Query Runtime on Validation Set: 225967.53
2024-04-17 19:11 | INFO | Query 51 Active Learning Random Query Runtime on Test Set: 74650.5
2024-04-17 19:11 | INFO | Query 51 Active Learning Random Query Instance Cost: 2216795.42
2024-04-17 19:11 | INFO | Timeout limit is increased to 3000
2024-04-17 19:11 | INFO | Query 52 Size of the uncertainty table is = 795/7770
2024-04-17 19:11 | INFO | Query 52 Size of the filtered table is = 77
2024-04-17 19:11 | INFO | Query 52 Active Learning Random Query Runtime on Validation Set: 225967.53
2024-04-17 19:11 | INFO | Query 52 Active Learning Random Query Runtime on Test Set: 74650.5
2024-04-17 19:11 | INFO | Query 52 Active Learning Random Query Instance Cost: 2276595.42
2024-04-17 19:11 | INFO | Timeout limit is increased to 3100
2024-04-17 19:11 | INFO | Query 53 Size of the uncertainty table is = 795/7770
2024-04-17 19:11 | INFO | Query 53 Size of the filtered table is = 77
2024-04-17 19:12 | INFO | Query 53 Active Learning Random Query Runtime on Validation Set: 225967.53
2024-04-17 19:12 | INFO | Query 53 Active Learning Random Query Runtime on Test Set: 74650.5
2024-04-17 19:12 | INFO | Query 53 Active Learning Random Query Instance Cost: 2338295.42
2024-04-17 19:12 | INFO | Timeout limit is increased to 3200
2024-04-17 19:12 | INFO | Query 54 Size of the uncertainty table is = 795/7770
2024-04-17 19:12 | INFO | Query 54 Size of the filtered table is = 77
2024-04-17 19:12 | INFO | Query 54 Active Learning Random Query Runtime on Validation Set: 225967.53
2024-04-17 19:12 | INFO | Query 54 Active Learning Random Query Runtime on Test Set: 74650.5
2024-04-17 19:12 | INFO | Query 54 Active Learning Random Query Instance Cost: 2420395.42
2024-04-17 19:12 | INFO | Timeout limit is increased to 3300
2024-04-17 19:12 | INFO | Query 55 Size of the uncertainty table is = 795/7770
2024-04-17 19:12 | INFO | Query 55 Size of the filtered table is = 77
2024-04-17 19:13 | INFO | Query 55 Active Learning Random Query Runtime on Validation Set: 262341.52
2024-04-17 19:13 | INFO | Query 55 Active Learning Random Query Runtime on Test Set: 75400.71
2024-04-17 19:13 | INFO | Query 55 Active Learning Random Query Instance Cost: 2497008.89
2024-04-17 19:13 | INFO | Timeout limit is increased to 3400
2024-04-17 19:13 | INFO | Query 56 Size of the uncertainty table is = 793/7770
2024-04-17 19:13 | INFO | Query 56 Size of the filtered table is = 77
2024-04-17 19:13 | INFO | Query 56 Active Learning Random Query Runtime on Validation Set: 477112.6
2024-04-17 19:13 | INFO | Query 56 Active Learning Random Query Runtime on Test Set: 75400.71
2024-04-17 19:13 | INFO | Query 56 Active Learning Random Query Instance Cost: 2552883.48
2024-04-17 19:13 | INFO | Timeout limit is increased to 3500
2024-04-17 19:13 | INFO | Query 57 Size of the uncertainty table is = 791/7770
2024-04-17 19:13 | INFO | Query 57 Size of the filtered table is = 77
2024-04-17 19:14 | INFO | Query 57 Active Learning Random Query Runtime on Validation Set: 477112.6
2024-04-17 19:14 | INFO | Query 57 Active Learning Random Query Runtime on Test Set: 75400.71
2024-04-17 19:14 | INFO | Query 57 Active Learning Random Query Instance Cost: 2626783.48
2024-04-17 19:14 | INFO | Timeout limit is increased to 3600
2024-04-17 19:14 | INFO | Query 58 Size of the uncertainty table is = 791/7770
2024-04-17 19:14 | INFO | Query 58 Size of the filtered table is = 77
2024-04-17 19:14 | INFO | Query 58 Active Learning Random Query Runtime on Validation Set: 477112.6
2024-04-17 19:14 | INFO | Query 58 Active Learning Random Query Runtime on Test Set: 75400.71
2024-04-17 19:14 | INFO | Query 58 Active Learning Random Query Instance Cost: 2698883.48
2024-04-17 19:14 | INFO | Timeout limit is increased to 3600
2024-04-17 19:14 | INFO | runtime_train_score is written as json file
2024-04-17 19:14 | INFO | runtime_test_score is written as json file
2024-04-17 19:14 | INFO | runtime_validation_score is written as json file
2024-04-17 19:14 | INFO | instance_cost is written as json file
2024-04-17 19:14 | INFO | Experiment is finished
