2024-04-17 18:44 | INFO | Paramaters are: {'dataset': 'MAXSAT19-UCMS', 'penalty': 10, 'weight': 'No_Weight', 'voting': 'Hard', 'pre_selection_size': 64, 'pre_selection_technique': 'No_pre_selection', 'feature_elimination_threshold': 20, 'imputer_strategy': 'median', 'feature_selection_technique': 'No_feature_selection', 'feature_scaling_technique': 'StandardScaler', 'initial_train_size': 20, 'query_size': 1, 'timeout_predictor_usage': 'Yes', 'timeout_limit': 3600, 'timeout_increase_rate': 100, 'RANDOM_STATE_SEED': 99, 'n_splits': 10, 'split_number': 9, 'max_timeout': 3600, 'param_grid': {'n_estimators': 100, 'criterion': 'gini', 'max_features': 'sqrt', 'max_depth': 2147483648, 'min_samples_split': 2, 'bootstrap': True}}
2024-04-17 18:44 | INFO | MAXSAT19-UCMS is current dataset
2024-04-17 18:44 | INFO | DATASETS/MAXSAT19-UCMS/algorithm_runs.arff is found
2024-04-17 18:44 | INFO | DATASETS/MAXSAT19-UCMS/algorithm_runs.arff is finished
2024-04-17 18:44 | INFO | DATASETS/MAXSAT19-UCMS/feature_values.arff is found
2024-04-17 18:44 | INFO | DATASETS/MAXSAT19-UCMS/feature_values.arff is finished
2024-04-17 18:44 | INFO | DATASETS/MAXSAT19-UCMS/feature_costs.arff is found
2024-04-17 18:44 | INFO | DATASETS/MAXSAT19-UCMS/feature_costs.arff is finished
2024-04-17 18:44 | INFO | Feature cost of train set is 33903.76
2024-04-17 18:45 | INFO | Initial Active Learning Random Query Runtime on Validation Set: 334067.5
2024-04-17 18:45 | INFO | Initial Active Learning Random Query Runtime on Test Set: 263051.47
2024-04-17 18:45 | INFO | Initial Active Learning Random Query Instance Cost: 94495.07
2024-04-17 18:45 | INFO | Bin size = 50
2024-04-17 18:45 | INFO | Query 1 Size of the uncertainty table is = 5040/5040
2024-04-17 18:45 | INFO | Query 1 Size of the filtered table is = 50
2024-04-17 18:45 | INFO | Query 1 Active Learning Random Query Runtime on Validation Set: 340028.48
2024-04-17 18:45 | INFO | Query 1 Active Learning Random Query Runtime on Test Set: 235491.66
2024-04-17 18:45 | INFO | Query 1 Active Learning Random Query Instance Cost: 147064.59
2024-04-17 18:45 | INFO | Timeout limit is increased to 3600
2024-04-17 18:45 | INFO | Query 2 Size of the uncertainty table is = 4986/5040
2024-04-17 18:45 | INFO | Query 2 Size of the filtered table is = 50
2024-04-17 18:46 | INFO | Query 2 Active Learning Random Query Runtime on Validation Set: 345191.3
2024-04-17 18:46 | INFO | Query 2 Active Learning Random Query Runtime on Test Set: 240763.1
2024-04-17 18:46 | INFO | Query 2 Active Learning Random Query Instance Cost: 216372.17
2024-04-17 18:46 | INFO | Timeout limit is increased to 3600
2024-04-17 18:46 | INFO | Query 3 Size of the uncertainty table is = 4898/5040
2024-04-17 18:46 | INFO | Query 3 Size of the filtered table is = 50
2024-04-17 18:46 | INFO | Query 3 Active Learning Random Query Runtime on Validation Set: 318330.1
2024-04-17 18:46 | INFO | Query 3 Active Learning Random Query Runtime on Test Set: 315932.12
2024-04-17 18:46 | INFO | Query 3 Active Learning Random Query Instance Cost: 273384.67
2024-04-17 18:46 | INFO | Query 4 Size of the uncertainty table is = 4807/5040
2024-04-17 18:46 | INFO | Query 4 Size of the filtered table is = 50
2024-04-17 18:46 | INFO | Query 4 Active Learning Random Query Runtime on Validation Set: 284931.24
2024-04-17 18:46 | INFO | Query 4 Active Learning Random Query Runtime on Test Set: 283869.7
2024-04-17 18:46 | INFO | Query 4 Active Learning Random Query Instance Cost: 344734.57
2024-04-17 18:46 | INFO | Query 5 Size of the uncertainty table is = 4670/5040
2024-04-17 18:46 | INFO | Query 5 Size of the filtered table is = 50
2024-04-17 18:47 | INFO | Query 5 Active Learning Random Query Runtime on Validation Set: 390888.12
2024-04-17 18:47 | INFO | Query 5 Active Learning Random Query Runtime on Test Set: 284850.41
2024-04-17 18:47 | INFO | Query 5 Active Learning Random Query Instance Cost: 399359.25
2024-04-17 18:47 | INFO | Timeout limit is increased to 3600
2024-04-17 18:47 | INFO | Query 6 Size of the uncertainty table is = 4529/5040
2024-04-17 18:47 | INFO | Query 6 Size of the filtered table is = 50
2024-04-17 18:47 | INFO | Query 6 Active Learning Random Query Runtime on Validation Set: 324107.66
2024-04-17 18:47 | INFO | Query 6 Active Learning Random Query Runtime on Test Set: 288147.63
2024-04-17 18:47 | INFO | Query 6 Active Learning Random Query Instance Cost: 465313.25
2024-04-17 18:47 | INFO | Query 7 Size of the uncertainty table is = 4394/5040
2024-04-17 18:47 | INFO | Query 7 Size of the filtered table is = 50
2024-04-17 18:47 | INFO | Query 7 Active Learning Random Query Runtime on Validation Set: 325991.82
2024-04-17 18:47 | INFO | Query 7 Active Learning Random Query Runtime on Test Set: 287211.76
2024-04-17 18:47 | INFO | Query 7 Active Learning Random Query Instance Cost: 535290.54
2024-04-17 18:47 | INFO | Timeout limit is increased to 3600
2024-04-17 18:47 | INFO | Query 8 Size of the uncertainty table is = 4247/5040
2024-04-17 18:47 | INFO | Query 8 Size of the filtered table is = 50
2024-04-17 18:48 | INFO | Query 8 Active Learning Random Query Runtime on Validation Set: 290283.75
2024-04-17 18:48 | INFO | Query 8 Active Learning Random Query Runtime on Test Set: 213032.6
2024-04-17 18:48 | INFO | Query 8 Active Learning Random Query Instance Cost: 592896.78
2024-04-17 18:48 | INFO | Query 9 Size of the uncertainty table is = 4077/5040
2024-04-17 18:48 | INFO | Query 9 Size of the filtered table is = 50
2024-04-17 18:48 | INFO | Query 9 Active Learning Random Query Runtime on Validation Set: 291266.9
2024-04-17 18:48 | INFO | Query 9 Active Learning Random Query Runtime on Test Set: 178543.14
2024-04-17 18:48 | INFO | Query 9 Active Learning Random Query Instance Cost: 648025.03
2024-04-17 18:48 | INFO | Timeout limit is increased to 3600
2024-04-17 18:48 | INFO | Query 10 Size of the uncertainty table is = 3883/5040
2024-04-17 18:48 | INFO | Query 10 Size of the filtered table is = 50
2024-04-17 18:49 | INFO | Query 10 Active Learning Random Query Runtime on Validation Set: 255547.8
2024-04-17 18:49 | INFO | Query 10 Active Learning Random Query Runtime on Test Set: 142133.18
2024-04-17 18:49 | INFO | Query 10 Active Learning Random Query Instance Cost: 700270.78
2024-04-17 18:49 | INFO | Query 11 Size of the uncertainty table is = 3688/5040
2024-04-17 18:49 | INFO | Query 11 Size of the filtered table is = 50
2024-04-17 18:49 | INFO | Query 11 Active Learning Random Query Runtime on Validation Set: 329405.6
2024-04-17 18:49 | INFO | Query 11 Active Learning Random Query Runtime on Test Set: 145242.79
2024-04-17 18:49 | INFO | Query 11 Active Learning Random Query Instance Cost: 774903.08
2024-04-17 18:49 | INFO | Timeout limit is increased to 3600
2024-04-17 18:49 | INFO | Query 12 Size of the uncertainty table is = 3490/5040
2024-04-17 18:49 | INFO | Query 12 Size of the filtered table is = 50
2024-04-17 18:49 | INFO | Query 12 Active Learning Random Query Runtime on Validation Set: 258713.22
2024-04-17 18:49 | INFO | Query 12 Active Learning Random Query Runtime on Test Set: 78478.75
2024-04-17 18:49 | INFO | Query 12 Active Learning Random Query Instance Cost: 829747.66
2024-04-17 18:49 | INFO | Query 13 Size of the uncertainty table is = 3301/5040
2024-04-17 18:49 | INFO | Query 13 Size of the filtered table is = 50
2024-04-17 18:50 | INFO | Query 13 Active Learning Random Query Runtime on Validation Set: 258565.53
2024-04-17 18:50 | INFO | Query 13 Active Learning Random Query Runtime on Test Set: 110848.74
2024-04-17 18:50 | INFO | Query 13 Active Learning Random Query Instance Cost: 891396.93
2024-04-17 18:50 | INFO | Query 14 Size of the uncertainty table is = 3094/5040
2024-04-17 18:50 | INFO | Query 14 Size of the filtered table is = 50
2024-04-17 18:50 | INFO | Query 14 Active Learning Random Query Runtime on Validation Set: 295516.97
2024-04-17 18:50 | INFO | Query 14 Active Learning Random Query Runtime on Test Set: 75527.9
2024-04-17 18:50 | INFO | Query 14 Active Learning Random Query Instance Cost: 939827.37
2024-04-17 18:50 | INFO | Timeout limit is increased to 3600
2024-04-17 18:50 | INFO | Query 15 Size of the uncertainty table is = 2887/5040
2024-04-17 18:50 | INFO | Query 15 Size of the filtered table is = 50
2024-04-17 18:51 | INFO | Query 15 Active Learning Random Query Runtime on Validation Set: 262290.63
2024-04-17 18:51 | INFO | Query 15 Active Learning Random Query Runtime on Test Set: 148327.77
2024-04-17 18:51 | INFO | Query 15 Active Learning Random Query Instance Cost: 999514.64
2024-04-17 18:51 | INFO | Query 16 Size of the uncertainty table is = 2648/5040
2024-04-17 18:51 | INFO | Query 16 Size of the filtered table is = 50
2024-04-17 18:51 | INFO | Query 16 Active Learning Random Query Runtime on Validation Set: 259537.99
2024-04-17 18:51 | INFO | Query 16 Active Learning Random Query Runtime on Test Set: 113582.77
2024-04-17 18:51 | INFO | Query 16 Active Learning Random Query Instance Cost: 1070229.69
2024-04-17 18:51 | INFO | Query 17 Size of the uncertainty table is = 2425/5040
2024-04-17 18:51 | INFO | Query 17 Size of the filtered table is = 50
2024-04-17 18:51 | INFO | Query 17 Active Learning Random Query Runtime on Validation Set: 295433.65
2024-04-17 18:51 | INFO | Query 17 Active Learning Random Query Runtime on Test Set: 112252.1
2024-04-17 18:51 | INFO | Query 17 Active Learning Random Query Instance Cost: 1120379.59
2024-04-17 18:51 | INFO | Timeout limit is increased to 3600
2024-04-17 18:51 | INFO | Query 18 Size of the uncertainty table is = 2182/5040
2024-04-17 18:51 | INFO | Query 18 Size of the filtered table is = 50
2024-04-17 18:52 | INFO | Query 18 Active Learning Random Query Runtime on Validation Set: 259721.62
2024-04-17 18:52 | INFO | Query 18 Active Learning Random Query Runtime on Test Set: 147224.85
2024-04-17 18:52 | INFO | Query 18 Active Learning Random Query Instance Cost: 1167896.75
2024-04-17 18:52 | INFO | Query 19 Size of the uncertainty table is = 1950/5040
2024-04-17 18:52 | INFO | Query 19 Size of the filtered table is = 50
2024-04-17 18:52 | INFO | Query 19 Active Learning Random Query Runtime on Validation Set: 331341.71
2024-04-17 18:52 | INFO | Query 19 Active Learning Random Query Runtime on Test Set: 147361.85
2024-04-17 18:52 | INFO | Query 19 Active Learning Random Query Instance Cost: 1207311.7
2024-04-17 18:52 | INFO | Timeout limit is increased to 3600
2024-04-17 18:52 | INFO | Query 20 Size of the uncertainty table is = 1680/5040
2024-04-17 18:52 | INFO | Query 20 Size of the filtered table is = 50
2024-04-17 18:53 | INFO | Query 20 Active Learning Random Query Runtime on Validation Set: 295124.01
2024-04-17 18:53 | INFO | Query 20 Active Learning Random Query Runtime on Test Set: 147178.09
2024-04-17 18:53 | INFO | Query 20 Active Learning Random Query Instance Cost: 1268295.69
2024-04-17 18:53 | INFO | Query 21 Size of the uncertainty table is = 1429/5040
2024-04-17 18:53 | INFO | Query 21 Size of the filtered table is = 50
2024-04-17 18:53 | INFO | Query 21 Active Learning Random Query Runtime on Validation Set: 295089.55
2024-04-17 18:53 | INFO | Query 21 Active Learning Random Query Runtime on Test Set: 147039.48
2024-04-17 18:53 | INFO | Query 21 Active Learning Random Query Instance Cost: 1310895.85
2024-04-17 18:53 | INFO | Query 22 Size of the uncertainty table is = 1163/5040
2024-04-17 18:53 | INFO | Query 22 Size of the filtered table is = 50
2024-04-17 18:53 | INFO | Query 22 Active Learning Random Query Runtime on Validation Set: 331352.04
2024-04-17 18:53 | INFO | Query 22 Active Learning Random Query Runtime on Test Set: 109479.33
2024-04-17 18:53 | INFO | Query 22 Active Learning Random Query Instance Cost: 1345448.25
2024-04-17 18:53 | INFO | Timeout limit is increased to 3600
2024-04-17 18:53 | INFO | Query 23 Size of the uncertainty table is = 909/5040
2024-04-17 18:53 | INFO | Query 23 Size of the filtered table is = 50
2024-04-17 18:54 | INFO | Query 23 Active Learning Random Query Runtime on Validation Set: 331411.23
2024-04-17 18:54 | INFO | Query 23 Active Learning Random Query Runtime on Test Set: 145523.37
2024-04-17 18:54 | INFO | Query 23 Active Learning Random Query Instance Cost: 1391727.71
2024-04-17 18:54 | INFO | Timeout limit is increased to 3600
2024-04-17 18:54 | INFO | Query 24 Size of the uncertainty table is = 648/5040
2024-04-17 18:54 | INFO | Query 24 Size of the filtered table is = 50
2024-04-17 18:54 | INFO | Query 24 Active Learning Random Query Runtime on Validation Set: 259175.42
2024-04-17 18:54 | INFO | Query 24 Active Learning Random Query Runtime on Test Set: 145248.1
2024-04-17 18:54 | INFO | Query 24 Active Learning Random Query Instance Cost: 1432105.65
2024-04-17 18:54 | INFO | Query 25 Size of the uncertainty table is = 407/5040
2024-04-17 18:54 | INFO | Query 25 Size of the filtered table is = 50
2024-04-17 18:55 | INFO | Query 25 Active Learning Random Query Runtime on Validation Set: 259212.76
2024-04-17 18:55 | INFO | Query 25 Active Learning Random Query Runtime on Test Set: 109434.58
2024-04-17 18:55 | INFO | Query 25 Active Learning Random Query Instance Cost: 1457958.65
2024-04-17 18:55 | INFO | Timeout limit is increased to 3600
2024-04-17 18:55 | INFO | Query 26 Size of the uncertainty table is = 196/5040
2024-04-17 18:55 | INFO | Query 26 Size of the filtered table is = 50
2024-04-17 18:55 | INFO | Query 26 Active Learning Random Query Runtime on Validation Set: 259244.92
2024-04-17 18:55 | INFO | Query 26 Active Learning Random Query Runtime on Test Set: 73465.2
2024-04-17 18:55 | INFO | Query 26 Active Learning Random Query Instance Cost: 1489288.24
2024-04-17 18:55 | INFO | Timeout limit is increased to 3600
2024-04-17 18:55 | INFO | Query 27 Size of the uncertainty table is = 30/5040
2024-04-17 18:55 | INFO | Query 27 Size of the filtered table is = 30
2024-04-17 18:55 | INFO | Query 27 Active Learning Random Query Runtime on Validation Set: 259547.46
2024-04-17 18:55 | INFO | Query 27 Active Learning Random Query Runtime on Test Set: 73700.01
2024-04-17 18:55 | INFO | Query 27 Active Learning Random Query Instance Cost: 1489791.98
2024-04-17 18:55 | INFO | Timeout limit is increased to 3600
2024-04-17 18:55 | INFO | runtime_train_score is written as json file
2024-04-17 18:55 | INFO | runtime_test_score is written as json file
2024-04-17 18:55 | INFO | runtime_validation_score is written as json file
2024-04-17 18:55 | INFO | instance_cost is written as json file
2024-04-17 18:55 | INFO | Experiment is finished
