2024-04-17 19:08 | INFO | Paramaters are: {'dataset': 'ASP-POTASSCO', 'penalty': 10, 'weight': 'No_Weight', 'voting': 'Hard', 'pre_selection_size': 64, 'pre_selection_technique': 'No_pre_selection', 'feature_elimination_threshold': 20, 'imputer_strategy': 'median', 'feature_selection_technique': 'No_feature_selection', 'feature_scaling_technique': 'StandardScaler', 'initial_train_size': 20, 'query_size': 1, 'timeout_predictor_usage': 'No', 'timeout_limit': 100, 'timeout_increase_rate': 100, 'RANDOM_STATE_SEED': 123, 'n_splits': 10, 'split_number': 6, 'max_timeout': 3600, 'param_grid': {'n_estimators': 100, 'criterion': 'gini', 'max_features': 'sqrt', 'max_depth': 2147483648, 'min_samples_split': 2, 'bootstrap': True}}
2024-04-17 19:08 | INFO | ASP-POTASSCO is current dataset
2024-04-17 19:08 | INFO | DATASETS/ASP-POTASSCO/algorithm_runs.arff is found
2024-04-17 19:08 | INFO | DATASETS/ASP-POTASSCO/algorithm_runs.arff is finished
2024-04-17 19:08 | INFO | DATASETS/ASP-POTASSCO/feature_values.arff is found
2024-04-17 19:08 | INFO | DATASETS/ASP-POTASSCO/feature_values.arff is finished
2024-04-17 19:08 | INFO | DATASETS/ASP-POTASSCO/feature_costs.arff is found
2024-04-17 19:08 | INFO | DATASETS/ASP-POTASSCO/feature_costs.arff is finished
2024-04-17 19:08 | INFO | Feature cost of train set is 1038.98
2024-04-17 19:11 | INFO | Initial Active Learning Random Query Runtime on Validation Set: 302628.39
2024-04-17 19:11 | INFO | Initial Active Learning Random Query Runtime on Test Set: 294399.01
2024-04-17 19:11 | INFO | Initial Active Learning Random Query Instance Cost: 5171.15
2024-04-17 19:11 | INFO | Bin size = 393
2024-04-17 19:11 | INFO | Query 1 Size of the uncertainty table is = 39444/39325
2024-04-17 19:11 | INFO | Query 1 Size of the filtered table is = 393
2024-04-17 19:14 | INFO | Query 1 Active Learning Random Query Runtime on Validation Set: 228261.15
2024-04-17 19:14 | INFO | Query 1 Active Learning Random Query Runtime on Test Set: 222514.83
2024-04-17 19:14 | INFO | Query 1 Active Learning Random Query Instance Cost: 34641.11
2024-04-17 19:14 | INFO | Query 2 Size of the uncertainty table is = 38936/39325
2024-04-17 19:14 | INFO | Query 2 Size of the filtered table is = 393
2024-04-17 19:16 | INFO | Query 2 Active Learning Random Query Runtime on Validation Set: 300313.69
2024-04-17 19:16 | INFO | Query 2 Active Learning Random Query Runtime on Test Set: 223718.38
2024-04-17 19:16 | INFO | Query 2 Active Learning Random Query Instance Cost: 60246.89
2024-04-17 19:16 | INFO | Timeout limit is increased to 200
2024-04-17 19:16 | INFO | Query 3 Size of the uncertainty table is = 38069/39325
2024-04-17 19:16 | INFO | Query 3 Size of the filtered table is = 393
2024-04-17 19:19 | INFO | Query 3 Active Learning Random Query Runtime on Validation Set: 155608.25
2024-04-17 19:19 | INFO | Query 3 Active Learning Random Query Runtime on Test Set: 186082.39
2024-04-17 19:19 | INFO | Query 3 Active Learning Random Query Instance Cost: 106867.06
2024-04-17 19:19 | INFO | Query 4 Size of the uncertainty table is = 36784/39325
2024-04-17 19:19 | INFO | Query 4 Size of the filtered table is = 393
2024-04-17 19:22 | INFO | Query 4 Active Learning Random Query Runtime on Validation Set: 117461.65
2024-04-17 19:22 | INFO | Query 4 Active Learning Random Query Runtime on Test Set: 42230.21
2024-04-17 19:22 | INFO | Query 4 Active Learning Random Query Instance Cost: 145425.46
2024-04-17 19:22 | INFO | Query 5 Size of the uncertainty table is = 35313/39325
2024-04-17 19:22 | INFO | Query 5 Size of the filtered table is = 393
2024-04-17 19:25 | INFO | Query 5 Active Learning Random Query Runtime on Validation Set: 189476.58
2024-04-17 19:25 | INFO | Query 5 Active Learning Random Query Runtime on Test Set: 112029.66
2024-04-17 19:25 | INFO | Query 5 Active Learning Random Query Instance Cost: 181440.87
2024-04-17 19:25 | INFO | Timeout limit is increased to 300
2024-04-17 19:25 | INFO | Query 6 Size of the uncertainty table is = 33559/39325
2024-04-17 19:25 | INFO | Query 6 Size of the filtered table is = 393
2024-04-17 19:28 | INFO | Query 6 Active Learning Random Query Runtime on Validation Set: 186530.31
2024-04-17 19:28 | INFO | Query 6 Active Learning Random Query Runtime on Test Set: 113282.3
2024-04-17 19:28 | INFO | Query 6 Active Learning Random Query Instance Cost: 248107.61
2024-04-17 19:28 | INFO | Query 7 Size of the uncertainty table is = 31643/39325
2024-04-17 19:28 | INFO | Query 7 Size of the filtered table is = 393
2024-04-17 19:30 | INFO | Query 7 Active Learning Random Query Runtime on Validation Set: 295447.25
2024-04-17 19:30 | INFO | Query 7 Active Learning Random Query Runtime on Test Set: 148323.98
2024-04-17 19:30 | INFO | Query 7 Active Learning Random Query Instance Cost: 302522.31
2024-04-17 19:30 | INFO | Timeout limit is increased to 400
2024-04-17 19:30 | INFO | Query 8 Size of the uncertainty table is = 29548/39325
2024-04-17 19:30 | INFO | Query 8 Size of the filtered table is = 393
2024-04-17 19:33 | INFO | Query 8 Active Learning Random Query Runtime on Validation Set: 403223.21
2024-04-17 19:33 | INFO | Query 8 Active Learning Random Query Runtime on Test Set: 184790.14
2024-04-17 19:33 | INFO | Query 8 Active Learning Random Query Instance Cost: 367386.64
2024-04-17 19:33 | INFO | Timeout limit is increased to 500
2024-04-17 19:33 | INFO | Query 9 Size of the uncertainty table is = 27238/39325
2024-04-17 19:33 | INFO | Query 9 Size of the filtered table is = 393
2024-04-17 19:36 | INFO | Query 9 Active Learning Random Query Runtime on Validation Set: 475611.02
2024-04-17 19:36 | INFO | Query 9 Active Learning Random Query Runtime on Test Set: 255994.0
2024-04-17 19:36 | INFO | Query 9 Active Learning Random Query Instance Cost: 451814.97
2024-04-17 19:36 | INFO | Timeout limit is increased to 600
2024-04-17 19:36 | INFO | Query 10 Size of the uncertainty table is = 24952/39325
2024-04-17 19:36 | INFO | Query 10 Size of the filtered table is = 393
2024-04-17 19:39 | INFO | Query 10 Active Learning Random Query Runtime on Validation Set: 295303.25
2024-04-17 19:39 | INFO | Query 10 Active Learning Random Query Runtime on Test Set: 184766.22
2024-04-17 19:39 | INFO | Query 10 Active Learning Random Query Instance Cost: 544289.32
2024-04-17 19:39 | INFO | Query 11 Size of the uncertainty table is = 22549/39325
2024-04-17 19:39 | INFO | Query 11 Size of the filtered table is = 393
2024-04-17 19:42 | INFO | Query 11 Active Learning Random Query Runtime on Validation Set: 512174.45
2024-04-17 19:42 | INFO | Query 11 Active Learning Random Query Runtime on Test Set: 221711.85
2024-04-17 19:42 | INFO | Query 11 Active Learning Random Query Instance Cost: 649774.78
2024-04-17 19:42 | INFO | Timeout limit is increased to 700
2024-04-17 19:42 | INFO | Query 12 Size of the uncertainty table is = 20140/39325
2024-04-17 19:42 | INFO | Query 12 Size of the filtered table is = 393
2024-04-17 19:45 | INFO | Query 12 Active Learning Random Query Runtime on Validation Set: 511071.49
2024-04-17 19:45 | INFO | Query 12 Active Learning Random Query Runtime on Test Set: 292059.15
2024-04-17 19:45 | INFO | Query 12 Active Learning Random Query Instance Cost: 753279.36
2024-04-17 19:45 | INFO | Query 13 Size of the uncertainty table is = 17700/39325
2024-04-17 19:45 | INFO | Query 13 Size of the filtered table is = 393
2024-04-17 19:48 | INFO | Query 13 Active Learning Random Query Runtime on Validation Set: 475146.91
2024-04-17 19:48 | INFO | Query 13 Active Learning Random Query Runtime on Test Set: 256131.89
2024-04-17 19:48 | INFO | Query 13 Active Learning Random Query Instance Cost: 841603.16
2024-04-17 19:48 | INFO | Query 14 Size of the uncertainty table is = 15255/39325
2024-04-17 19:48 | INFO | Query 14 Size of the filtered table is = 393
2024-04-17 19:50 | INFO | Query 14 Active Learning Random Query Runtime on Validation Set: 510364.74
2024-04-17 19:50 | INFO | Query 14 Active Learning Random Query Runtime on Test Set: 183845.45
2024-04-17 19:50 | INFO | Query 14 Active Learning Random Query Instance Cost: 927201.1
2024-04-17 19:50 | INFO | Timeout limit is increased to 800
2024-04-17 19:50 | INFO | Query 15 Size of the uncertainty table is = 12864/39325
2024-04-17 19:50 | INFO | Query 15 Size of the filtered table is = 393
2024-04-17 19:53 | INFO | Query 15 Active Learning Random Query Runtime on Validation Set: 475380.64
2024-04-17 19:53 | INFO | Query 15 Active Learning Random Query Runtime on Test Set: 219478.53
2024-04-17 19:53 | INFO | Query 15 Active Learning Random Query Instance Cost: 1045907.78
2024-04-17 19:53 | INFO | Query 16 Size of the uncertainty table is = 10839/39325
2024-04-17 19:53 | INFO | Query 16 Size of the filtered table is = 393
2024-04-17 19:56 | INFO | Query 16 Active Learning Random Query Runtime on Validation Set: 510189.13
2024-04-17 19:56 | INFO | Query 16 Active Learning Random Query Runtime on Test Set: 183601.44
2024-04-17 19:56 | INFO | Query 16 Active Learning Random Query Instance Cost: 1141855.41
2024-04-17 19:56 | INFO | Timeout limit is increased to 900
2024-04-17 19:56 | INFO | Query 17 Size of the uncertainty table is = 8954/39325
2024-04-17 19:56 | INFO | Query 17 Size of the filtered table is = 393
2024-04-17 19:59 | INFO | Query 17 Active Learning Random Query Runtime on Validation Set: 474191.2
2024-04-17 19:59 | INFO | Query 17 Active Learning Random Query Runtime on Test Set: 147823.58
2024-04-17 19:59 | INFO | Query 17 Active Learning Random Query Instance Cost: 1257527.67
2024-04-17 19:59 | INFO | Query 18 Size of the uncertainty table is = 7340/39325
2024-04-17 19:59 | INFO | Query 18 Size of the filtered table is = 393
2024-04-17 20:01 | INFO | Query 18 Active Learning Random Query Runtime on Validation Set: 475219.78
2024-04-17 20:01 | INFO | Query 18 Active Learning Random Query Runtime on Test Set: 219738.63
2024-04-17 20:01 | INFO | Query 18 Active Learning Random Query Instance Cost: 1348418.17
2024-04-17 20:01 | INFO | Timeout limit is increased to 1000
2024-04-17 20:01 | INFO | Query 19 Size of the uncertainty table is = 6015/39325
2024-04-17 20:01 | INFO | Query 19 Size of the filtered table is = 393
2024-04-17 20:04 | INFO | Query 19 Active Learning Random Query Runtime on Validation Set: 474949.44
2024-04-17 20:04 | INFO | Query 19 Active Learning Random Query Runtime on Test Set: 256098.16
2024-04-17 20:04 | INFO | Query 19 Active Learning Random Query Instance Cost: 1461505.04
2024-04-17 20:04 | INFO | Query 20 Size of the uncertainty table is = 5196/39325
2024-04-17 20:04 | INFO | Query 20 Size of the filtered table is = 393
2024-04-17 20:07 | INFO | Query 20 Active Learning Random Query Runtime on Validation Set: 439570.14
2024-04-17 20:07 | INFO | Query 20 Active Learning Random Query Runtime on Test Set: 183324.44
2024-04-17 20:07 | INFO | Query 20 Active Learning Random Query Instance Cost: 1548632.71
2024-04-17 20:07 | INFO | Query 21 Size of the uncertainty table is = 4633/39325
2024-04-17 20:07 | INFO | Query 21 Size of the filtered table is = 393
2024-04-17 20:10 | INFO | Query 21 Active Learning Random Query Runtime on Validation Set: 439573.85
2024-04-17 20:10 | INFO | Query 21 Active Learning Random Query Runtime on Test Set: 183646.51
2024-04-17 20:10 | INFO | Query 21 Active Learning Random Query Instance Cost: 1603022.24
2024-04-17 20:10 | INFO | Timeout limit is increased to 1100
2024-04-17 20:10 | INFO | Query 22 Size of the uncertainty table is = 4346/39325
2024-04-17 20:10 | INFO | Query 22 Size of the filtered table is = 393
2024-04-17 20:12 | INFO | Query 22 Active Learning Random Query Runtime on Validation Set: 474583.01
2024-04-17 20:12 | INFO | Query 22 Active Learning Random Query Runtime on Test Set: 255683.32
2024-04-17 20:12 | INFO | Query 22 Active Learning Random Query Instance Cost: 1696586.77
2024-04-17 20:12 | INFO | Timeout limit is increased to 1200
2024-04-17 20:12 | INFO | Query 23 Size of the uncertainty table is = 4252/39325
2024-04-17 20:12 | INFO | Query 23 Size of the filtered table is = 393
2024-04-17 20:15 | INFO | Query 23 Active Learning Random Query Runtime on Validation Set: 366654.45
2024-04-17 20:15 | INFO | Query 23 Active Learning Random Query Runtime on Test Set: 183623.15
2024-04-17 20:15 | INFO | Query 23 Active Learning Random Query Instance Cost: 1808612.49
2024-04-17 20:15 | INFO | Query 24 Size of the uncertainty table is = 4180/39325
2024-04-17 20:15 | INFO | Query 24 Size of the filtered table is = 393
2024-04-17 20:18 | INFO | Query 24 Active Learning Random Query Runtime on Validation Set: 366606.71
2024-04-17 20:18 | INFO | Query 24 Active Learning Random Query Runtime on Test Set: 183564.17
2024-04-17 20:18 | INFO | Query 24 Active Learning Random Query Instance Cost: 1872937.72
2024-04-17 20:18 | INFO | Query 25 Size of the uncertainty table is = 4142/39325
2024-04-17 20:18 | INFO | Query 25 Size of the filtered table is = 393
2024-04-17 20:21 | INFO | Query 25 Active Learning Random Query Runtime on Validation Set: 366606.71
2024-04-17 20:21 | INFO | Query 25 Active Learning Random Query Runtime on Test Set: 183564.17
2024-04-17 20:21 | INFO | Query 25 Active Learning Random Query Instance Cost: 1905709.56
2024-04-17 20:21 | INFO | Timeout limit is increased to 1300
2024-04-17 20:21 | INFO | Query 26 Size of the uncertainty table is = 4138/39325
2024-04-17 20:21 | INFO | Query 26 Size of the filtered table is = 393
2024-04-17 20:23 | INFO | Query 26 Active Learning Random Query Runtime on Validation Set: 366606.71
2024-04-17 20:23 | INFO | Query 26 Active Learning Random Query Runtime on Test Set: 183564.17
2024-04-17 20:23 | INFO | Query 26 Active Learning Random Query Instance Cost: 1988014.16
2024-04-17 20:23 | INFO | Timeout limit is increased to 1400
2024-04-17 20:23 | INFO | Query 27 Size of the uncertainty table is = 4129/39325
2024-04-17 20:23 | INFO | Query 27 Size of the filtered table is = 393
2024-04-17 20:26 | INFO | Query 27 Active Learning Random Query Runtime on Validation Set: 366320.54
2024-04-17 20:26 | INFO | Query 27 Active Learning Random Query Runtime on Test Set: 183564.17
2024-04-17 20:26 | INFO | Query 27 Active Learning Random Query Instance Cost: 2098536.78
2024-04-17 20:26 | INFO | Query 28 Size of the uncertainty table is = 4125/39325
2024-04-17 20:26 | INFO | Query 28 Size of the filtered table is = 393
2024-04-17 20:29 | INFO | Query 28 Active Learning Random Query Runtime on Validation Set: 366320.54
2024-04-17 20:29 | INFO | Query 28 Active Learning Random Query Runtime on Test Set: 183564.17
2024-04-17 20:29 | INFO | Query 28 Active Learning Random Query Instance Cost: 2157483.08
2024-04-17 20:29 | INFO | Timeout limit is increased to 1500
2024-04-17 20:29 | INFO | Query 29 Size of the uncertainty table is = 4123/39325
2024-04-17 20:29 | INFO | Query 29 Size of the filtered table is = 393
2024-04-17 20:31 | INFO | Query 29 Active Learning Random Query Runtime on Validation Set: 366390.36
2024-04-17 20:31 | INFO | Query 29 Active Learning Random Query Runtime on Test Set: 147558.88
2024-04-17 20:31 | INFO | Query 29 Active Learning Random Query Instance Cost: 2251216.89
2024-04-17 20:31 | INFO | Timeout limit is increased to 1600
2024-04-17 20:31 | INFO | Query 30 Size of the uncertainty table is = 4121/39325
2024-04-17 20:31 | INFO | Query 30 Size of the filtered table is = 393
2024-04-17 20:34 | INFO | Query 30 Active Learning Random Query Runtime on Validation Set: 330530.25
2024-04-17 20:34 | INFO | Query 30 Active Learning Random Query Runtime on Test Set: 147560.24
2024-04-17 20:34 | INFO | Query 30 Active Learning Random Query Instance Cost: 2359057.73
2024-04-17 20:34 | INFO | Query 31 Size of the uncertainty table is = 4120/39325
2024-04-17 20:34 | INFO | Query 31 Size of the filtered table is = 393
2024-04-17 20:37 | INFO | Query 31 Active Learning Random Query Runtime on Validation Set: 330530.25
2024-04-17 20:37 | INFO | Query 31 Active Learning Random Query Runtime on Test Set: 147560.24
2024-04-17 20:37 | INFO | Query 31 Active Learning Random Query Instance Cost: 2420857.73
2024-04-17 20:37 | INFO | Timeout limit is increased to 1700
2024-04-17 20:37 | INFO | Query 32 Size of the uncertainty table is = 4120/39325
2024-04-17 20:37 | INFO | Query 32 Size of the filtered table is = 393
2024-04-17 20:40 | INFO | Query 32 Active Learning Random Query Runtime on Validation Set: 330530.25
2024-04-17 20:40 | INFO | Query 32 Active Learning Random Query Runtime on Test Set: 147560.24
2024-04-17 20:40 | INFO | Query 32 Active Learning Random Query Instance Cost: 2519457.73
2024-04-17 20:40 | INFO | Timeout limit is increased to 1800
2024-04-17 20:40 | INFO | Query 33 Size of the uncertainty table is = 4120/39325
2024-04-17 20:40 | INFO | Query 33 Size of the filtered table is = 393
2024-04-17 20:42 | INFO | Query 33 Active Learning Random Query Runtime on Validation Set: 330530.25
2024-04-17 20:42 | INFO | Query 33 Active Learning Random Query Runtime on Test Set: 147560.24
2024-04-17 20:42 | INFO | Query 33 Active Learning Random Query Instance Cost: 2645657.73
2024-04-17 20:42 | INFO | Timeout limit is increased to 1900
2024-04-17 20:42 | INFO | Query 34 Size of the uncertainty table is = 4120/39325
2024-04-17 20:42 | INFO | Query 34 Size of the filtered table is = 393
2024-04-17 20:45 | INFO | Query 34 Active Learning Random Query Runtime on Validation Set: 402400.95
2024-04-17 20:45 | INFO | Query 34 Active Learning Random Query Runtime on Test Set: 147560.24
2024-04-17 20:45 | INFO | Query 34 Active Learning Random Query Instance Cost: 2765807.21
2024-04-17 20:45 | INFO | Timeout limit is increased to 2000
2024-04-17 20:45 | INFO | Query 35 Size of the uncertainty table is = 4115/39325
2024-04-17 20:45 | INFO | Query 35 Size of the filtered table is = 393
2024-04-17 20:48 | INFO | Query 35 Active Learning Random Query Runtime on Validation Set: 402400.95
2024-04-17 20:48 | INFO | Query 35 Active Learning Random Query Runtime on Test Set: 147560.24
2024-04-17 20:48 | INFO | Query 35 Active Learning Random Query Instance Cost: 2896707.21
2024-04-17 20:48 | INFO | Timeout limit is increased to 2100
2024-04-17 20:48 | INFO | Query 36 Size of the uncertainty table is = 4115/39325
2024-04-17 20:48 | INFO | Query 36 Size of the filtered table is = 393
2024-04-17 20:50 | INFO | Query 36 Active Learning Random Query Runtime on Validation Set: 402400.95
2024-04-17 20:50 | INFO | Query 36 Active Learning Random Query Runtime on Test Set: 147560.24
2024-04-17 20:50 | INFO | Query 36 Active Learning Random Query Instance Cost: 3022307.21
2024-04-17 20:50 | INFO | Timeout limit is increased to 2200
2024-04-17 20:50 | INFO | Query 37 Size of the uncertainty table is = 4115/39325
2024-04-17 20:50 | INFO | Query 37 Size of the filtered table is = 393
2024-04-17 20:53 | INFO | Query 37 Active Learning Random Query Runtime on Validation Set: 402400.95
2024-04-17 20:53 | INFO | Query 37 Active Learning Random Query Runtime on Test Set: 147560.24
2024-04-17 20:53 | INFO | Query 37 Active Learning Random Query Instance Cost: 3149707.21
2024-04-17 20:53 | INFO | Timeout limit is increased to 2300
2024-04-17 20:53 | INFO | Query 38 Size of the uncertainty table is = 4115/39325
2024-04-17 20:53 | INFO | Query 38 Size of the filtered table is = 393
2024-04-17 20:56 | INFO | Query 38 Active Learning Random Query Runtime on Validation Set: 402400.95
2024-04-17 20:56 | INFO | Query 38 Active Learning Random Query Runtime on Test Set: 147560.24
2024-04-17 20:56 | INFO | Query 38 Active Learning Random Query Instance Cost: 3282422.57
2024-04-17 20:56 | INFO | Timeout limit is increased to 2400
2024-04-17 20:56 | INFO | Query 39 Size of the uncertainty table is = 4114/39325
2024-04-17 20:56 | INFO | Query 39 Size of the filtered table is = 393
2024-04-17 20:58 | INFO | Query 39 Active Learning Random Query Runtime on Validation Set: 402400.95
2024-04-17 20:58 | INFO | Query 39 Active Learning Random Query Runtime on Test Set: 147560.24
2024-04-17 20:58 | INFO | Query 39 Active Learning Random Query Instance Cost: 3417822.57
2024-04-17 20:58 | INFO | Timeout limit is increased to 2500
2024-04-17 20:58 | INFO | Query 40 Size of the uncertainty table is = 4114/39325
2024-04-17 20:58 | INFO | Query 40 Size of the filtered table is = 393
2024-04-17 21:01 | INFO | Query 40 Active Learning Random Query Runtime on Validation Set: 402400.95
2024-04-17 21:01 | INFO | Query 40 Active Learning Random Query Runtime on Test Set: 147560.24
2024-04-17 21:01 | INFO | Query 40 Active Learning Random Query Instance Cost: 3557022.57
2024-04-17 21:01 | INFO | Timeout limit is increased to 2600
2024-04-17 21:01 | INFO | Query 41 Size of the uncertainty table is = 4114/39325
2024-04-17 21:01 | INFO | Query 41 Size of the filtered table is = 393
2024-04-17 21:04 | INFO | Query 41 Active Learning Random Query Runtime on Validation Set: 402400.95
2024-04-17 21:04 | INFO | Query 41 Active Learning Random Query Runtime on Test Set: 147560.24
2024-04-17 21:04 | INFO | Query 41 Active Learning Random Query Instance Cost: 3701422.57
2024-04-17 21:04 | INFO | Timeout limit is increased to 2700
2024-04-17 21:04 | INFO | Query 42 Size of the uncertainty table is = 4114/39325
2024-04-17 21:04 | INFO | Query 42 Size of the filtered table is = 393
2024-04-17 21:07 | INFO | Query 42 Active Learning Random Query Runtime on Validation Set: 402400.95
2024-04-17 21:07 | INFO | Query 42 Active Learning Random Query Runtime on Test Set: 147560.24
2024-04-17 21:07 | INFO | Query 42 Active Learning Random Query Instance Cost: 3828722.57
2024-04-17 21:07 | INFO | Timeout limit is increased to 2800
2024-04-17 21:07 | INFO | Query 43 Size of the uncertainty table is = 4114/39325
2024-04-17 21:07 | INFO | Query 43 Size of the filtered table is = 393
2024-04-17 21:09 | INFO | Query 43 Active Learning Random Query Runtime on Validation Set: 402400.95
2024-04-17 21:09 | INFO | Query 43 Active Learning Random Query Runtime on Test Set: 147560.24
2024-04-17 21:09 | INFO | Query 43 Active Learning Random Query Instance Cost: 3958186.62
2024-04-17 21:09 | INFO | Timeout limit is increased to 2900
2024-04-17 21:09 | INFO | Query 44 Size of the uncertainty table is = 4113/39325
2024-04-17 21:09 | INFO | Query 44 Size of the filtered table is = 393
2024-04-17 21:12 | INFO | Query 44 Active Learning Random Query Runtime on Validation Set: 402400.95
2024-04-17 21:12 | INFO | Query 44 Active Learning Random Query Runtime on Test Set: 147560.24
2024-04-17 21:12 | INFO | Query 44 Active Learning Random Query Instance Cost: 4095586.62
2024-04-17 21:12 | INFO | Timeout limit is increased to 3000
2024-04-17 21:12 | INFO | Query 45 Size of the uncertainty table is = 4113/39325
2024-04-17 21:12 | INFO | Query 45 Size of the filtered table is = 393
2024-04-17 21:15 | INFO | Query 45 Active Learning Random Query Runtime on Validation Set: 402400.95
2024-04-17 21:15 | INFO | Query 45 Active Learning Random Query Runtime on Test Set: 147560.24
2024-04-17 21:15 | INFO | Query 45 Active Learning Random Query Instance Cost: 4236086.62
2024-04-17 21:15 | INFO | Timeout limit is increased to 3100
2024-04-17 21:15 | INFO | Query 46 Size of the uncertainty table is = 4113/39325
2024-04-17 21:15 | INFO | Query 46 Size of the filtered table is = 393
2024-04-17 21:17 | INFO | Query 46 Active Learning Random Query Runtime on Validation Set: 402400.95
2024-04-17 21:17 | INFO | Query 46 Active Learning Random Query Runtime on Test Set: 147560.24
2024-04-17 21:17 | INFO | Query 46 Active Learning Random Query Instance Cost: 4366888.85
2024-04-17 21:17 | INFO | Timeout limit is increased to 3200
2024-04-17 21:17 | INFO | Query 47 Size of the uncertainty table is = 4112/39325
2024-04-17 21:17 | INFO | Query 47 Size of the filtered table is = 393
2024-04-17 21:20 | INFO | Query 47 Active Learning Random Query Runtime on Validation Set: 402400.95
2024-04-17 21:20 | INFO | Query 47 Active Learning Random Query Runtime on Test Set: 147560.24
2024-04-17 21:20 | INFO | Query 47 Active Learning Random Query Instance Cost: 4503188.85
2024-04-17 21:20 | INFO | Timeout limit is increased to 3300
2024-04-17 21:20 | INFO | Query 48 Size of the uncertainty table is = 4112/39325
2024-04-17 21:20 | INFO | Query 48 Size of the filtered table is = 393
2024-04-17 21:23 | INFO | Query 48 Active Learning Random Query Runtime on Validation Set: 438261.05
2024-04-17 21:23 | INFO | Query 48 Active Learning Random Query Runtime on Test Set: 147560.25
2024-04-17 21:23 | INFO | Query 48 Active Learning Random Query Instance Cost: 4642528.7
2024-04-17 21:23 | INFO | Timeout limit is increased to 3400
2024-04-17 21:23 | INFO | Query 49 Size of the uncertainty table is = 4111/39325
2024-04-17 21:23 | INFO | Query 49 Size of the filtered table is = 393
2024-04-17 21:25 | INFO | Query 49 Active Learning Random Query Runtime on Validation Set: 438261.05
2024-04-17 21:25 | INFO | Query 49 Active Learning Random Query Runtime on Test Set: 147560.25
2024-04-17 21:25 | INFO | Query 49 Active Learning Random Query Instance Cost: 4787928.7
2024-04-17 21:25 | INFO | Timeout limit is increased to 3500
2024-04-17 21:25 | INFO | Query 50 Size of the uncertainty table is = 4111/39325
2024-04-17 21:25 | INFO | Query 50 Size of the filtered table is = 393
2024-04-17 21:28 | INFO | Query 50 Active Learning Random Query Runtime on Validation Set: 438261.05
2024-04-17 21:28 | INFO | Query 50 Active Learning Random Query Runtime on Test Set: 147560.25
2024-04-17 21:28 | INFO | Query 50 Active Learning Random Query Instance Cost: 4926228.7
2024-04-17 21:28 | INFO | Timeout limit is increased to 3600
2024-04-17 21:28 | INFO | Query 51 Size of the uncertainty table is = 4111/39325
2024-04-17 21:28 | INFO | Query 51 Size of the filtered table is = 393
2024-04-17 21:31 | INFO | Query 51 Active Learning Random Query Runtime on Validation Set: 438261.05
2024-04-17 21:31 | INFO | Query 51 Active Learning Random Query Runtime on Test Set: 147560.25
2024-04-17 21:31 | INFO | Query 51 Active Learning Random Query Instance Cost: 5062628.7
2024-04-17 21:31 | INFO | Timeout limit is increased to 3600
2024-04-17 21:31 | INFO | runtime_train_score is written as json file
2024-04-17 21:31 | INFO | runtime_test_score is written as json file
2024-04-17 21:31 | INFO | runtime_validation_score is written as json file
2024-04-17 21:31 | INFO | instance_cost is written as json file
2024-04-17 21:31 | INFO | Experiment is finished
