2024-04-17 19:08 | INFO | Paramaters are: {'dataset': 'ASP-POTASSCO', 'penalty': 10, 'weight': 'No_Weight', 'voting': 'Hard', 'pre_selection_size': 64, 'pre_selection_technique': 'No_pre_selection', 'feature_elimination_threshold': 20, 'imputer_strategy': 'median', 'feature_selection_technique': 'No_feature_selection', 'feature_scaling_technique': 'StandardScaler', 'initial_train_size': 20, 'query_size': 1, 'timeout_predictor_usage': 'Yes', 'timeout_limit': 100, 'timeout_increase_rate': 100, 'RANDOM_STATE_SEED': 99, 'n_splits': 10, 'split_number': 0, 'max_timeout': 3600, 'param_grid': {'n_estimators': 100, 'criterion': 'gini', 'max_features': 'sqrt', 'max_depth': 2147483648, 'min_samples_split': 2, 'bootstrap': True}}
2024-04-17 19:08 | INFO | ASP-POTASSCO is current dataset
2024-04-17 19:08 | INFO | DATASETS/ASP-POTASSCO/algorithm_runs.arff is found
2024-04-17 19:08 | INFO | DATASETS/ASP-POTASSCO/algorithm_runs.arff is finished
2024-04-17 19:08 | INFO | DATASETS/ASP-POTASSCO/feature_values.arff is found
2024-04-17 19:08 | INFO | DATASETS/ASP-POTASSCO/feature_values.arff is finished
2024-04-17 19:08 | INFO | DATASETS/ASP-POTASSCO/feature_costs.arff is found
2024-04-17 19:08 | INFO | DATASETS/ASP-POTASSCO/feature_costs.arff is finished
2024-04-17 19:08 | INFO | Feature cost of train set is 1070.99
2024-04-17 19:11 | INFO | Initial Active Learning Random Query Runtime on Validation Set: 43157.98
2024-04-17 19:11 | INFO | Initial Active Learning Random Query Runtime on Test Set: 362701.53
2024-04-17 19:11 | INFO | Initial Active Learning Random Query Instance Cost: 5492.35
2024-04-17 19:11 | INFO | Bin size = 392
2024-04-17 19:11 | INFO | Query 1 Size of the uncertainty table is = 39405/39270
2024-04-17 19:11 | INFO | Query 1 Size of the filtered table is = 392
2024-04-17 19:13 | INFO | Query 1 Active Learning Random Query Runtime on Validation Set: 80794.44
2024-04-17 19:13 | INFO | Query 1 Active Learning Random Query Runtime on Test Set: 290857.19
2024-04-17 19:13 | INFO | Query 1 Active Learning Random Query Instance Cost: 32421.39
2024-04-17 19:13 | INFO | Timeout limit is increased to 200
2024-04-17 19:13 | INFO | Query 2 Size of the uncertainty table is = 38860/39270
2024-04-17 19:13 | INFO | Query 2 Size of the filtered table is = 392
2024-04-17 19:16 | INFO | Query 2 Active Learning Random Query Runtime on Validation Set: 116490.09
2024-04-17 19:16 | INFO | Query 2 Active Learning Random Query Runtime on Test Set: 218840.88
2024-04-17 19:16 | INFO | Query 2 Active Learning Random Query Instance Cost: 75543.11
2024-04-17 19:16 | INFO | Timeout limit is increased to 300
2024-04-17 19:16 | INFO | Query 3 Size of the uncertainty table is = 37876/39270
2024-04-17 19:16 | INFO | Query 3 Size of the filtered table is = 392
2024-04-17 19:19 | INFO | Query 3 Active Learning Random Query Runtime on Validation Set: 262260.25
2024-04-17 19:19 | INFO | Query 3 Active Learning Random Query Runtime on Test Set: 291436.03
2024-04-17 19:19 | INFO | Query 3 Active Learning Random Query Instance Cost: 136341.24
2024-04-17 19:19 | INFO | Timeout limit is increased to 400
2024-04-17 19:19 | INFO | Query 4 Size of the uncertainty table is = 36531/39270
2024-04-17 19:19 | INFO | Query 4 Size of the filtered table is = 392
2024-04-17 19:21 | INFO | Query 4 Active Learning Random Query Runtime on Validation Set: 514716.58
2024-04-17 19:21 | INFO | Query 4 Active Learning Random Query Runtime on Test Set: 219848.24
2024-04-17 19:21 | INFO | Query 4 Active Learning Random Query Instance Cost: 209842.08
2024-04-17 19:21 | INFO | Timeout limit is increased to 500
2024-04-17 19:21 | INFO | Query 5 Size of the uncertainty table is = 34921/39270
2024-04-17 19:21 | INFO | Query 5 Size of the filtered table is = 392
2024-04-17 19:24 | INFO | Query 5 Active Learning Random Query Runtime on Validation Set: 513884.97
2024-04-17 19:24 | INFO | Query 5 Active Learning Random Query Runtime on Test Set: 291243.13
2024-04-17 19:24 | INFO | Query 5 Active Learning Random Query Instance Cost: 292665.12
2024-04-17 19:24 | INFO | Query 6 Size of the uncertainty table is = 32954/39270
2024-04-17 19:24 | INFO | Query 6 Size of the filtered table is = 392
2024-04-17 19:27 | INFO | Query 6 Active Learning Random Query Runtime on Validation Set: 513490.1
2024-04-17 19:27 | INFO | Query 6 Active Learning Random Query Runtime on Test Set: 219477.99
2024-04-17 19:27 | INFO | Query 6 Active Learning Random Query Instance Cost: 381007.46
2024-04-17 19:27 | INFO | Query 7 Size of the uncertainty table is = 30841/39270
2024-04-17 19:27 | INFO | Query 7 Size of the filtered table is = 392
2024-04-17 19:30 | INFO | Query 7 Active Learning Random Query Runtime on Validation Set: 441797.86
2024-04-17 19:30 | INFO | Query 7 Active Learning Random Query Runtime on Test Set: 255110.48
2024-04-17 19:30 | INFO | Query 7 Active Learning Random Query Instance Cost: 472315.09
2024-04-17 19:30 | INFO | Query 8 Size of the uncertainty table is = 28653/39270
2024-04-17 19:30 | INFO | Query 8 Size of the filtered table is = 392
2024-04-17 19:32 | INFO | Query 8 Active Learning Random Query Runtime on Validation Set: 370398.21
2024-04-17 19:32 | INFO | Query 8 Active Learning Random Query Runtime on Test Set: 326921.07
2024-04-17 19:32 | INFO | Query 8 Active Learning Random Query Instance Cost: 538118.71
2024-04-17 19:32 | INFO | Query 9 Size of the uncertainty table is = 26245/39270
2024-04-17 19:33 | INFO | Query 9 Size of the filtered table is = 392
2024-04-17 19:35 | INFO | Query 9 Active Learning Random Query Runtime on Validation Set: 295780.06
2024-04-17 19:35 | INFO | Query 9 Active Learning Random Query Runtime on Test Set: 255068.94
2024-04-17 19:35 | INFO | Query 9 Active Learning Random Query Instance Cost: 603788.73
2024-04-17 19:35 | INFO | Query 10 Size of the uncertainty table is = 23775/39270
2024-04-17 19:35 | INFO | Query 10 Size of the filtered table is = 392
2024-04-17 19:38 | INFO | Query 10 Active Learning Random Query Runtime on Validation Set: 367865.6
2024-04-17 19:38 | INFO | Query 10 Active Learning Random Query Runtime on Test Set: 255040.87
2024-04-17 19:38 | INFO | Query 10 Active Learning Random Query Instance Cost: 676289.33
2024-04-17 19:38 | INFO | Timeout limit is increased to 600
2024-04-17 19:38 | INFO | Query 11 Size of the uncertainty table is = 21460/39270
2024-04-17 19:38 | INFO | Query 11 Size of the filtered table is = 392
2024-04-17 19:41 | INFO | Query 11 Active Learning Random Query Runtime on Validation Set: 332964.51
2024-04-17 19:41 | INFO | Query 11 Active Learning Random Query Runtime on Test Set: 255013.9
2024-04-17 19:41 | INFO | Query 11 Active Learning Random Query Instance Cost: 753111.72
2024-04-17 19:41 | INFO | Query 12 Size of the uncertainty table is = 19090/39270
2024-04-17 19:41 | INFO | Query 12 Size of the filtered table is = 392
2024-04-17 19:44 | INFO | Query 12 Active Learning Random Query Runtime on Validation Set: 296038.11
2024-04-17 19:44 | INFO | Query 12 Active Learning Random Query Runtime on Test Set: 255238.93
2024-04-17 19:44 | INFO | Query 12 Active Learning Random Query Instance Cost: 821084.99
2024-04-17 19:44 | INFO | Query 13 Size of the uncertainty table is = 16462/39270
2024-04-17 19:44 | INFO | Query 13 Size of the filtered table is = 392
2024-04-17 19:47 | INFO | Query 13 Active Learning Random Query Runtime on Validation Set: 475224.64
2024-04-17 19:47 | INFO | Query 13 Active Learning Random Query Runtime on Test Set: 255003.5
2024-04-17 19:47 | INFO | Query 13 Active Learning Random Query Instance Cost: 901521.85
2024-04-17 19:47 | INFO | Timeout limit is increased to 700
2024-04-17 19:47 | INFO | Query 14 Size of the uncertainty table is = 14259/39270
2024-04-17 19:47 | INFO | Query 14 Size of the filtered table is = 392
2024-04-17 19:50 | INFO | Query 14 Active Learning Random Query Runtime on Validation Set: 187968.8
2024-04-17 19:50 | INFO | Query 14 Active Learning Random Query Runtime on Test Set: 254718.37
2024-04-17 19:50 | INFO | Query 14 Active Learning Random Query Instance Cost: 991644.6
2024-04-17 19:50 | INFO | Query 15 Size of the uncertainty table is = 12018/39270
2024-04-17 19:50 | INFO | Query 15 Size of the filtered table is = 392
2024-04-17 19:53 | INFO | Query 15 Active Learning Random Query Runtime on Validation Set: 294976.81
2024-04-17 19:53 | INFO | Query 15 Active Learning Random Query Runtime on Test Set: 255284.13
2024-04-17 19:53 | INFO | Query 15 Active Learning Random Query Instance Cost: 1071090.82
2024-04-17 19:53 | INFO | Timeout limit is increased to 800
2024-04-17 19:53 | INFO | Query 16 Size of the uncertainty table is = 9820/39270
2024-04-17 19:53 | INFO | Query 16 Size of the filtered table is = 392
2024-04-17 19:56 | INFO | Query 16 Active Learning Random Query Runtime on Validation Set: 367786.37
2024-04-17 19:56 | INFO | Query 16 Active Learning Random Query Runtime on Test Set: 290840.93
2024-04-17 19:56 | INFO | Query 16 Active Learning Random Query Instance Cost: 1177620.24
2024-04-17 19:56 | INFO | Timeout limit is increased to 900
2024-04-17 19:56 | INFO | Query 17 Size of the uncertainty table is = 8008/39270
2024-04-17 19:56 | INFO | Query 17 Size of the filtered table is = 392
2024-04-17 19:59 | INFO | Query 17 Active Learning Random Query Runtime on Validation Set: 258837.51
2024-04-17 19:59 | INFO | Query 17 Active Learning Random Query Runtime on Test Set: 254780.19
2024-04-17 19:59 | INFO | Query 17 Active Learning Random Query Instance Cost: 1302357.48
2024-04-17 19:59 | INFO | Query 18 Size of the uncertainty table is = 6568/39270
2024-04-17 19:59 | INFO | Query 18 Size of the filtered table is = 392
2024-04-17 20:02 | INFO | Query 18 Active Learning Random Query Runtime on Validation Set: 151377.6
2024-04-17 20:02 | INFO | Query 18 Active Learning Random Query Runtime on Test Set: 219087.03
2024-04-17 20:02 | INFO | Query 18 Active Learning Random Query Instance Cost: 1412275.29
2024-04-17 20:02 | INFO | Query 19 Size of the uncertainty table is = 5530/39270
2024-04-17 20:02 | INFO | Query 19 Size of the filtered table is = 392
2024-04-17 20:05 | INFO | Query 19 Active Learning Random Query Runtime on Validation Set: 294395.67
2024-04-17 20:05 | INFO | Query 19 Active Learning Random Query Runtime on Test Set: 183713.47
2024-04-17 20:05 | INFO | Query 19 Active Learning Random Query Instance Cost: 1479317.0
2024-04-17 20:05 | INFO | Timeout limit is increased to 1000
2024-04-17 20:05 | INFO | Query 20 Size of the uncertainty table is = 4829/39270
2024-04-17 20:05 | INFO | Query 20 Size of the filtered table is = 392
2024-04-17 20:08 | INFO | Query 20 Active Learning Random Query Runtime on Validation Set: 367779.91
2024-04-17 20:08 | INFO | Query 20 Active Learning Random Query Runtime on Test Set: 290743.59
2024-04-17 20:08 | INFO | Query 20 Active Learning Random Query Instance Cost: 1579687.75
2024-04-17 20:08 | INFO | Timeout limit is increased to 1100
2024-04-17 20:08 | INFO | Query 21 Size of the uncertainty table is = 4488/39270
2024-04-17 20:08 | INFO | Query 21 Size of the filtered table is = 392
2024-04-17 20:11 | INFO | Query 21 Active Learning Random Query Runtime on Validation Set: 259554.14
2024-04-17 20:11 | INFO | Query 21 Active Learning Random Query Runtime on Test Set: 183074.66
2024-04-17 20:11 | INFO | Query 21 Active Learning Random Query Instance Cost: 1698977.02
2024-04-17 20:11 | INFO | Query 22 Size of the uncertainty table is = 4318/39270
2024-04-17 20:11 | INFO | Query 22 Size of the filtered table is = 392
2024-04-17 20:14 | INFO | Query 22 Active Learning Random Query Runtime on Validation Set: 259231.57
2024-04-17 20:14 | INFO | Query 22 Active Learning Random Query Runtime on Test Set: 255208.15
2024-04-17 20:14 | INFO | Query 22 Active Learning Random Query Instance Cost: 1770642.35
2024-04-17 20:14 | INFO | Query 23 Size of the uncertainty table is = 4254/39270
2024-04-17 20:14 | INFO | Query 23 Size of the filtered table is = 392
2024-04-17 20:17 | INFO | Query 23 Active Learning Random Query Runtime on Validation Set: 294650.67
2024-04-17 20:17 | INFO | Query 23 Active Learning Random Query Runtime on Test Set: 219224.65
2024-04-17 20:17 | INFO | Query 23 Active Learning Random Query Instance Cost: 1809376.32
2024-04-17 20:17 | INFO | Timeout limit is increased to 1200
2024-04-17 20:17 | INFO | Query 24 Size of the uncertainty table is = 4225/39270
2024-04-17 20:17 | INFO | Query 24 Size of the filtered table is = 392
2024-04-17 20:20 | INFO | Query 24 Active Learning Random Query Runtime on Validation Set: 331830.11
2024-04-17 20:20 | INFO | Query 24 Active Learning Random Query Runtime on Test Set: 183116.78
2024-04-17 20:20 | INFO | Query 24 Active Learning Random Query Instance Cost: 1892127.41
2024-04-17 20:20 | INFO | Timeout limit is increased to 1300
2024-04-17 20:20 | INFO | Query 25 Size of the uncertainty table is = 4214/39270
2024-04-17 20:20 | INFO | Query 25 Size of the filtered table is = 392
2024-04-17 20:23 | INFO | Query 25 Active Learning Random Query Runtime on Validation Set: 367928.24
2024-04-17 20:23 | INFO | Query 25 Active Learning Random Query Runtime on Test Set: 219248.37
2024-04-17 20:23 | INFO | Query 25 Active Learning Random Query Instance Cost: 2003769.72
2024-04-17 20:23 | INFO | Timeout limit is increased to 1400
2024-04-17 20:23 | INFO | Query 26 Size of the uncertainty table is = 4211/39270
2024-04-17 20:23 | INFO | Query 26 Size of the filtered table is = 392
2024-04-17 20:26 | INFO | Query 26 Active Learning Random Query Runtime on Validation Set: 404194.33
2024-04-17 20:26 | INFO | Query 26 Active Learning Random Query Runtime on Test Set: 219247.96
2024-04-17 20:26 | INFO | Query 26 Active Learning Random Query Instance Cost: 2124727.64
2024-04-17 20:26 | INFO | Timeout limit is increased to 1500
2024-04-17 20:26 | INFO | Query 27 Size of the uncertainty table is = 4193/39270
2024-04-17 20:26 | INFO | Query 27 Size of the filtered table is = 392
2024-04-17 20:29 | INFO | Query 27 Active Learning Random Query Runtime on Validation Set: 404624.39
2024-04-17 20:29 | INFO | Query 27 Active Learning Random Query Runtime on Test Set: 219247.96
2024-04-17 20:29 | INFO | Query 27 Active Learning Random Query Instance Cost: 2256471.74
2024-04-17 20:29 | INFO | Timeout limit is increased to 1600
2024-04-17 20:29 | INFO | Query 28 Size of the uncertainty table is = 4191/39270
2024-04-17 20:29 | INFO | Query 28 Size of the filtered table is = 392
2024-04-17 20:32 | INFO | Query 28 Active Learning Random Query Runtime on Validation Set: 404554.6
2024-04-17 20:32 | INFO | Query 28 Active Learning Random Query Runtime on Test Set: 219247.96
2024-04-17 20:32 | INFO | Query 28 Active Learning Random Query Instance Cost: 2386110.74
2024-04-17 20:32 | INFO | Query 29 Size of the uncertainty table is = 4189/39270
2024-04-17 20:32 | INFO | Query 29 Size of the filtered table is = 392
2024-04-17 20:35 | INFO | Query 29 Active Learning Random Query Runtime on Validation Set: 404554.6
2024-04-17 20:35 | INFO | Query 29 Active Learning Random Query Runtime on Test Set: 219247.96
2024-04-17 20:35 | INFO | Query 29 Active Learning Random Query Instance Cost: 2456110.74
2024-04-17 20:35 | INFO | Timeout limit is increased to 1700
2024-04-17 20:35 | INFO | Query 30 Size of the uncertainty table is = 4189/39270
2024-04-17 20:35 | INFO | Query 30 Size of the filtered table is = 392
2024-04-17 20:38 | INFO | Query 30 Active Learning Random Query Runtime on Validation Set: 404554.6
2024-04-17 20:38 | INFO | Query 30 Active Learning Random Query Runtime on Test Set: 219247.96
2024-04-17 20:38 | INFO | Query 30 Active Learning Random Query Instance Cost: 2563410.74
2024-04-17 20:38 | INFO | Timeout limit is increased to 1800
2024-04-17 20:38 | INFO | Query 31 Size of the uncertainty table is = 4189/39270
2024-04-17 20:38 | INFO | Query 31 Size of the filtered table is = 392
2024-04-17 20:41 | INFO | Query 31 Active Learning Random Query Runtime on Validation Set: 404554.6
2024-04-17 20:41 | INFO | Query 31 Active Learning Random Query Runtime on Test Set: 219247.96
2024-04-17 20:41 | INFO | Query 31 Active Learning Random Query Instance Cost: 2684010.74
2024-04-17 20:41 | INFO | Timeout limit is increased to 1900
2024-04-17 20:41 | INFO | Query 32 Size of the uncertainty table is = 4189/39270
2024-04-17 20:41 | INFO | Query 32 Size of the filtered table is = 392
2024-04-17 20:44 | INFO | Query 32 Active Learning Random Query Runtime on Validation Set: 404554.6
2024-04-17 20:44 | INFO | Query 32 Active Learning Random Query Runtime on Test Set: 219247.96
2024-04-17 20:44 | INFO | Query 32 Active Learning Random Query Instance Cost: 2806310.74
2024-04-17 20:44 | INFO | Timeout limit is increased to 2000
2024-04-17 20:44 | INFO | Query 33 Size of the uncertainty table is = 4189/39270
2024-04-17 20:44 | INFO | Query 33 Size of the filtered table is = 392
2024-04-17 20:47 | INFO | Query 33 Active Learning Random Query Runtime on Validation Set: 404554.6
2024-04-17 20:47 | INFO | Query 33 Active Learning Random Query Runtime on Test Set: 219247.96
2024-04-17 20:47 | INFO | Query 33 Active Learning Random Query Instance Cost: 2929310.74
2024-04-17 20:47 | INFO | Timeout limit is increased to 2100
2024-04-17 20:47 | INFO | Query 34 Size of the uncertainty table is = 4189/39270
2024-04-17 20:47 | INFO | Query 34 Size of the filtered table is = 392
2024-04-17 20:50 | INFO | Query 34 Active Learning Random Query Runtime on Validation Set: 368559.68
2024-04-17 20:50 | INFO | Query 34 Active Learning Random Query Runtime on Test Set: 219247.96
2024-04-17 20:50 | INFO | Query 34 Active Learning Random Query Instance Cost: 3064886.71
2024-04-17 20:50 | INFO | Query 35 Size of the uncertainty table is = 4187/39270
2024-04-17 20:50 | INFO | Query 35 Size of the filtered table is = 392
2024-04-17 20:53 | INFO | Query 35 Active Learning Random Query Runtime on Validation Set: 368559.68
2024-04-17 20:53 | INFO | Query 35 Active Learning Random Query Runtime on Test Set: 219247.96
2024-04-17 20:53 | INFO | Query 35 Active Learning Random Query Instance Cost: 3146986.71
2024-04-17 20:53 | INFO | Timeout limit is increased to 2200
2024-04-17 20:53 | INFO | Query 36 Size of the uncertainty table is = 4187/39270
2024-04-17 20:53 | INFO | Query 36 Size of the filtered table is = 392
2024-04-17 20:55 | INFO | Query 36 Active Learning Random Query Runtime on Validation Set: 368488.7
2024-04-17 20:55 | INFO | Query 36 Active Learning Random Query Runtime on Test Set: 219247.96
2024-04-17 20:55 | INFO | Query 36 Active Learning Random Query Instance Cost: 3256223.83
2024-04-17 20:56 | INFO | Query 37 Size of the uncertainty table is = 4183/39270
2024-04-17 20:56 | INFO | Query 37 Size of the filtered table is = 392
2024-04-17 20:58 | INFO | Query 37 Active Learning Random Query Runtime on Validation Set: 368488.7
2024-04-17 20:58 | INFO | Query 37 Active Learning Random Query Runtime on Test Set: 219247.96
2024-04-17 20:58 | INFO | Query 37 Active Learning Random Query Instance Cost: 3319123.83
2024-04-17 20:58 | INFO | Timeout limit is increased to 2300
2024-04-17 20:58 | INFO | Query 38 Size of the uncertainty table is = 4183/39270
2024-04-17 20:58 | INFO | Query 38 Size of the filtered table is = 392
2024-04-17 21:01 | INFO | Query 38 Active Learning Random Query Runtime on Validation Set: 368488.7
2024-04-17 21:01 | INFO | Query 38 Active Learning Random Query Runtime on Test Set: 219247.96
2024-04-17 21:01 | INFO | Query 38 Active Learning Random Query Instance Cost: 3411723.83
2024-04-17 21:01 | INFO | Timeout limit is increased to 2400
2024-04-17 21:01 | INFO | Query 39 Size of the uncertainty table is = 4183/39270
2024-04-17 21:01 | INFO | Query 39 Size of the filtered table is = 392
2024-04-17 21:04 | INFO | Query 39 Active Learning Random Query Runtime on Validation Set: 368488.7
2024-04-17 21:04 | INFO | Query 39 Active Learning Random Query Runtime on Test Set: 219247.96
2024-04-17 21:04 | INFO | Query 39 Active Learning Random Query Instance Cost: 3524423.83
2024-04-17 21:04 | INFO | Timeout limit is increased to 2500
2024-04-17 21:04 | INFO | Query 40 Size of the uncertainty table is = 4183/39270
2024-04-17 21:04 | INFO | Query 40 Size of the filtered table is = 392
2024-04-17 21:07 | INFO | Query 40 Active Learning Random Query Runtime on Validation Set: 368488.7
2024-04-17 21:07 | INFO | Query 40 Active Learning Random Query Runtime on Test Set: 219247.96
2024-04-17 21:07 | INFO | Query 40 Active Learning Random Query Instance Cost: 3652123.83
2024-04-17 21:07 | INFO | Timeout limit is increased to 2600
2024-04-17 21:07 | INFO | Query 41 Size of the uncertainty table is = 4183/39270
2024-04-17 21:07 | INFO | Query 41 Size of the filtered table is = 392
2024-04-17 21:10 | INFO | Query 41 Active Learning Random Query Runtime on Validation Set: 368488.7
2024-04-17 21:10 | INFO | Query 41 Active Learning Random Query Runtime on Test Set: 219247.96
2024-04-17 21:10 | INFO | Query 41 Active Learning Random Query Instance Cost: 3779423.83
2024-04-17 21:10 | INFO | Timeout limit is increased to 2700
2024-04-17 21:10 | INFO | Query 42 Size of the uncertainty table is = 4183/39270
2024-04-17 21:10 | INFO | Query 42 Size of the filtered table is = 392
2024-04-17 21:13 | INFO | Query 42 Active Learning Random Query Runtime on Validation Set: 368488.7
2024-04-17 21:13 | INFO | Query 42 Active Learning Random Query Runtime on Test Set: 219247.96
2024-04-17 21:13 | INFO | Query 42 Active Learning Random Query Instance Cost: 3910349.72
2024-04-17 21:13 | INFO | Timeout limit is increased to 2800
2024-04-17 21:13 | INFO | Query 43 Size of the uncertainty table is = 4182/39270
2024-04-17 21:13 | INFO | Query 43 Size of the filtered table is = 392
2024-04-17 21:16 | INFO | Query 43 Active Learning Random Query Runtime on Validation Set: 368488.7
2024-04-17 21:16 | INFO | Query 43 Active Learning Random Query Runtime on Test Set: 219247.96
2024-04-17 21:16 | INFO | Query 43 Active Learning Random Query Instance Cost: 4052649.72
2024-04-17 21:16 | INFO | Timeout limit is increased to 2900
2024-04-17 21:16 | INFO | Query 44 Size of the uncertainty table is = 4182/39270
2024-04-17 21:16 | INFO | Query 44 Size of the filtered table is = 392
2024-04-17 21:19 | INFO | Query 44 Active Learning Random Query Runtime on Validation Set: 368488.7
2024-04-17 21:19 | INFO | Query 44 Active Learning Random Query Runtime on Test Set: 219247.96
2024-04-17 21:19 | INFO | Query 44 Active Learning Random Query Instance Cost: 4191949.72
2024-04-17 21:19 | INFO | Timeout limit is increased to 3000
2024-04-17 21:19 | INFO | Query 45 Size of the uncertainty table is = 4182/39270
2024-04-17 21:19 | INFO | Query 45 Size of the filtered table is = 392
2024-04-17 21:22 | INFO | Query 45 Active Learning Random Query Runtime on Validation Set: 368488.7
2024-04-17 21:22 | INFO | Query 45 Active Learning Random Query Runtime on Test Set: 219247.96
2024-04-17 21:22 | INFO | Query 45 Active Learning Random Query Instance Cost: 4326949.72
2024-04-17 21:22 | INFO | Timeout limit is increased to 3100
2024-04-17 21:22 | INFO | Query 46 Size of the uncertainty table is = 4182/39270
2024-04-17 21:22 | INFO | Query 46 Size of the filtered table is = 392
2024-04-17 21:25 | INFO | Query 46 Active Learning Random Query Runtime on Validation Set: 368488.7
2024-04-17 21:25 | INFO | Query 46 Active Learning Random Query Runtime on Test Set: 219247.96
2024-04-17 21:25 | INFO | Query 46 Active Learning Random Query Instance Cost: 4466249.72
2024-04-17 21:25 | INFO | Timeout limit is increased to 3200
2024-04-17 21:25 | INFO | Query 47 Size of the uncertainty table is = 4182/39270
2024-04-17 21:25 | INFO | Query 47 Size of the filtered table is = 392
2024-04-17 21:28 | INFO | Query 47 Active Learning Random Query Runtime on Validation Set: 368488.7
2024-04-17 21:28 | INFO | Query 47 Active Learning Random Query Runtime on Test Set: 219247.96
2024-04-17 21:28 | INFO | Query 47 Active Learning Random Query Instance Cost: 4597749.72
2024-04-17 21:28 | INFO | Timeout limit is increased to 3300
2024-04-17 21:28 | INFO | Query 48 Size of the uncertainty table is = 4182/39270
2024-04-17 21:28 | INFO | Query 48 Size of the filtered table is = 392
2024-04-17 21:31 | INFO | Query 48 Active Learning Random Query Runtime on Validation Set: 368488.7
2024-04-17 21:31 | INFO | Query 48 Active Learning Random Query Runtime on Test Set: 219247.96
2024-04-17 21:31 | INFO | Query 48 Active Learning Random Query Instance Cost: 4744149.72
2024-04-17 21:31 | INFO | Timeout limit is increased to 3400
2024-04-17 21:31 | INFO | Query 49 Size of the uncertainty table is = 4182/39270
2024-04-17 21:31 | INFO | Query 49 Size of the filtered table is = 392
2024-04-17 21:34 | INFO | Query 49 Active Learning Random Query Runtime on Validation Set: 368488.7
2024-04-17 21:34 | INFO | Query 49 Active Learning Random Query Runtime on Test Set: 219247.96
2024-04-17 21:34 | INFO | Query 49 Active Learning Random Query Instance Cost: 4880949.72
2024-04-17 21:34 | INFO | Timeout limit is increased to 3500
2024-04-17 21:34 | INFO | Query 50 Size of the uncertainty table is = 4182/39270
2024-04-17 21:34 | INFO | Query 50 Size of the filtered table is = 392
2024-04-17 21:37 | INFO | Query 50 Active Learning Random Query Runtime on Validation Set: 368488.7
2024-04-17 21:37 | INFO | Query 50 Active Learning Random Query Runtime on Test Set: 219247.96
2024-04-17 21:37 | INFO | Query 50 Active Learning Random Query Instance Cost: 5021649.72
2024-04-17 21:37 | INFO | Timeout limit is increased to 3600
2024-04-17 21:37 | INFO | Query 51 Size of the uncertainty table is = 4182/39270
2024-04-17 21:37 | INFO | Query 51 Size of the filtered table is = 392
2024-04-17 21:39 | INFO | Query 51 Active Learning Random Query Runtime on Validation Set: 368488.7
2024-04-17 21:39 | INFO | Query 51 Active Learning Random Query Runtime on Test Set: 219247.96
2024-04-17 21:39 | INFO | Query 51 Active Learning Random Query Instance Cost: 5168049.72
2024-04-17 21:39 | INFO | Timeout limit is increased to 3600
2024-04-17 21:39 | INFO | runtime_train_score is written as json file
2024-04-17 21:39 | INFO | runtime_test_score is written as json file
2024-04-17 21:39 | INFO | runtime_validation_score is written as json file
2024-04-17 21:39 | INFO | instance_cost is written as json file
2024-04-17 21:39 | INFO | Experiment is finished
