2024-04-17 18:43 | INFO | Paramaters are: {'dataset': 'MAXSAT19-UCMS', 'penalty': 10, 'weight': 'No_Weight', 'voting': 'Hard', 'pre_selection_size': 64, 'pre_selection_technique': 'No_pre_selection', 'feature_elimination_threshold': 20, 'imputer_strategy': 'median', 'feature_selection_technique': 'No_feature_selection', 'feature_scaling_technique': 'StandardScaler', 'initial_train_size': 20, 'query_size': 1, 'timeout_predictor_usage': 'No', 'timeout_limit': 100, 'timeout_increase_rate': 100, 'RANDOM_STATE_SEED': 42, 'n_splits': 10, 'split_number': 0, 'max_timeout': 3600, 'param_grid': {'n_estimators': 100, 'criterion': 'gini', 'max_features': 'sqrt', 'max_depth': 2147483648, 'min_samples_split': 2, 'bootstrap': True}}
2024-04-17 18:43 | INFO | MAXSAT19-UCMS is current dataset
2024-04-17 18:43 | INFO | DATASETS/MAXSAT19-UCMS/algorithm_runs.arff is found
2024-04-17 18:43 | INFO | DATASETS/MAXSAT19-UCMS/algorithm_runs.arff is finished
2024-04-17 18:43 | INFO | DATASETS/MAXSAT19-UCMS/feature_values.arff is found
2024-04-17 18:43 | INFO | DATASETS/MAXSAT19-UCMS/feature_values.arff is finished
2024-04-17 18:43 | INFO | DATASETS/MAXSAT19-UCMS/feature_costs.arff is found
2024-04-17 18:43 | INFO | DATASETS/MAXSAT19-UCMS/feature_costs.arff is finished
2024-04-17 18:43 | INFO | Feature cost of train set is 32944.18
2024-04-17 18:44 | INFO | Initial Active Learning Random Query Runtime on Validation Set: 120566.61
2024-04-17 18:44 | INFO | Initial Active Learning Random Query Runtime on Test Set: 114392.97
2024-04-17 18:44 | INFO | Initial Active Learning Random Query Instance Cost: 9363.74
2024-04-17 18:44 | INFO | Bin size = 50
2024-04-17 18:44 | INFO | Query 1 Size of the uncertainty table is = 5164/5040
2024-04-17 18:44 | INFO | Query 1 Size of the filtered table is = 50
2024-04-17 18:44 | INFO | Query 1 Active Learning Random Query Runtime on Validation Set: 91298.74
2024-04-17 18:44 | INFO | Query 1 Active Learning Random Query Runtime on Test Set: 87456.33
2024-04-17 18:44 | INFO | Query 1 Active Learning Random Query Instance Cost: 15324.14
2024-04-17 18:44 | INFO | Query 2 Size of the uncertainty table is = 5130/5040
2024-04-17 18:44 | INFO | Query 2 Size of the filtered table is = 50
2024-04-17 18:44 | INFO | Query 2 Active Learning Random Query Runtime on Validation Set: 130257.09
2024-04-17 18:44 | INFO | Query 2 Active Learning Random Query Runtime on Test Set: 92558.9
2024-04-17 18:44 | INFO | Query 2 Active Learning Random Query Instance Cost: 20108.53
2024-04-17 18:44 | INFO | Timeout limit is increased to 200
2024-04-17 18:44 | INFO | Query 3 Size of the uncertainty table is = 5061/5040
2024-04-17 18:44 | INFO | Query 3 Size of the filtered table is = 50
2024-04-17 18:45 | INFO | Query 3 Active Learning Random Query Runtime on Validation Set: 201505.26
2024-04-17 18:45 | INFO | Query 3 Active Learning Random Query Runtime on Test Set: 95825.14
2024-04-17 18:45 | INFO | Query 3 Active Learning Random Query Instance Cost: 28100.64
2024-04-17 18:45 | INFO | Timeout limit is increased to 300
2024-04-17 18:45 | INFO | Query 4 Size of the uncertainty table is = 5002/5040
2024-04-17 18:45 | INFO | Query 4 Size of the filtered table is = 50
2024-04-17 18:45 | INFO | Query 4 Active Learning Random Query Runtime on Validation Set: 173199.66
2024-04-17 18:45 | INFO | Query 4 Active Learning Random Query Runtime on Test Set: 98954.96
2024-04-17 18:45 | INFO | Query 4 Active Learning Random Query Instance Cost: 39188.13
2024-04-17 18:45 | INFO | Query 5 Size of the uncertainty table is = 4910/5040
2024-04-17 18:45 | INFO | Query 5 Size of the filtered table is = 50
2024-04-17 18:46 | INFO | Query 5 Active Learning Random Query Runtime on Validation Set: 171496.99
2024-04-17 18:46 | INFO | Query 5 Active Learning Random Query Runtime on Test Set: 101108.2
2024-04-17 18:46 | INFO | Query 5 Active Learning Random Query Instance Cost: 52003.23
2024-04-17 18:46 | INFO | Query 6 Size of the uncertainty table is = 4819/5040
2024-04-17 18:46 | INFO | Query 6 Size of the filtered table is = 50
2024-04-17 18:46 | INFO | Query 6 Active Learning Random Query Runtime on Validation Set: 175522.38
2024-04-17 18:46 | INFO | Query 6 Active Learning Random Query Runtime on Test Set: 66070.39
2024-04-17 18:46 | INFO | Query 6 Active Learning Random Query Instance Cost: 62502.9
2024-04-17 18:46 | INFO | Timeout limit is increased to 400
2024-04-17 18:46 | INFO | Query 7 Size of the uncertainty table is = 4706/5040
2024-04-17 18:46 | INFO | Query 7 Size of the filtered table is = 50
2024-04-17 18:46 | INFO | Query 7 Active Learning Random Query Runtime on Validation Set: 210810.58
2024-04-17 18:46 | INFO | Query 7 Active Learning Random Query Runtime on Test Set: 104642.15
2024-04-17 18:46 | INFO | Query 7 Active Learning Random Query Instance Cost: 74282.55
2024-04-17 18:46 | INFO | Timeout limit is increased to 500
2024-04-17 18:46 | INFO | Query 8 Size of the uncertainty table is = 4595/5040
2024-04-17 18:46 | INFO | Query 8 Size of the filtered table is = 50
2024-04-17 18:47 | INFO | Query 8 Active Learning Random Query Runtime on Validation Set: 178881.98
2024-04-17 18:47 | INFO | Query 8 Active Learning Random Query Runtime on Test Set: 105202.9
2024-04-17 18:47 | INFO | Query 8 Active Learning Random Query Instance Cost: 91629.33
2024-04-17 18:47 | INFO | Query 9 Size of the uncertainty table is = 4478/5040
2024-04-17 18:47 | INFO | Query 9 Size of the filtered table is = 50
2024-04-17 18:47 | INFO | Query 9 Active Learning Random Query Runtime on Validation Set: 179339.06
2024-04-17 18:47 | INFO | Query 9 Active Learning Random Query Runtime on Test Set: 105918.02
2024-04-17 18:47 | INFO | Query 9 Active Learning Random Query Instance Cost: 108163.37
2024-04-17 18:47 | INFO | Timeout limit is increased to 600
2024-04-17 18:47 | INFO | Query 10 Size of the uncertainty table is = 4337/5040
2024-04-17 18:47 | INFO | Query 10 Size of the filtered table is = 50
2024-04-17 18:48 | INFO | Query 10 Active Learning Random Query Runtime on Validation Set: 180053.08
2024-04-17 18:48 | INFO | Query 10 Active Learning Random Query Runtime on Test Set: 141592.35
2024-04-17 18:48 | INFO | Query 10 Active Learning Random Query Instance Cost: 127366.21
2024-04-17 18:48 | INFO | Timeout limit is increased to 700
2024-04-17 18:48 | INFO | Query 11 Size of the uncertainty table is = 4185/5040
2024-04-17 18:48 | INFO | Query 11 Size of the filtered table is = 50
2024-04-17 18:48 | INFO | Query 11 Active Learning Random Query Runtime on Validation Set: 253738.29
2024-04-17 18:48 | INFO | Query 11 Active Learning Random Query Runtime on Test Set: 105769.56
2024-04-17 18:48 | INFO | Query 11 Active Learning Random Query Instance Cost: 153354.62
2024-04-17 18:48 | INFO | Timeout limit is increased to 800
2024-04-17 18:48 | INFO | Query 12 Size of the uncertainty table is = 4031/5040
2024-04-17 18:48 | INFO | Query 12 Size of the filtered table is = 50
2024-04-17 18:48 | INFO | Query 12 Active Learning Random Query Runtime on Validation Set: 292242.77
2024-04-17 18:48 | INFO | Query 12 Active Learning Random Query Runtime on Test Set: 105899.13
2024-04-17 18:48 | INFO | Query 12 Active Learning Random Query Instance Cost: 175749.67
2024-04-17 18:48 | INFO | Timeout limit is increased to 900
2024-04-17 18:48 | INFO | Query 13 Size of the uncertainty table is = 3873/5040
2024-04-17 18:48 | INFO | Query 13 Size of the filtered table is = 50
2024-04-17 18:49 | INFO | Query 13 Active Learning Random Query Runtime on Validation Set: 255930.77
2024-04-17 18:49 | INFO | Query 13 Active Learning Random Query Runtime on Test Set: 106171.56
2024-04-17 18:49 | INFO | Query 13 Active Learning Random Query Instance Cost: 200401.35
2024-04-17 18:49 | INFO | Query 14 Size of the uncertainty table is = 3719/5040
2024-04-17 18:49 | INFO | Query 14 Size of the filtered table is = 50
2024-04-17 18:49 | INFO | Query 14 Active Learning Random Query Runtime on Validation Set: 325782.17
2024-04-17 18:49 | INFO | Query 14 Active Learning Random Query Runtime on Test Set: 107465.33
2024-04-17 18:49 | INFO | Query 14 Active Learning Random Query Instance Cost: 217128.34
2024-04-17 18:49 | INFO | Timeout limit is increased to 1000
2024-04-17 18:49 | INFO | Query 15 Size of the uncertainty table is = 3539/5040
2024-04-17 18:49 | INFO | Query 15 Size of the filtered table is = 50
2024-04-17 18:49 | INFO | Query 15 Active Learning Random Query Runtime on Validation Set: 259599.1
2024-04-17 18:49 | INFO | Query 15 Active Learning Random Query Runtime on Test Set: 106586.06
2024-04-17 18:49 | INFO | Query 15 Active Learning Random Query Instance Cost: 229793.53
2024-04-17 18:49 | INFO | Query 16 Size of the uncertainty table is = 3356/5040
2024-04-17 18:49 | INFO | Query 16 Size of the filtered table is = 50
2024-04-17 18:50 | INFO | Query 16 Active Learning Random Query Runtime on Validation Set: 257518.46
2024-04-17 18:50 | INFO | Query 16 Active Learning Random Query Runtime on Test Set: 108226.21
2024-04-17 18:50 | INFO | Query 16 Active Learning Random Query Instance Cost: 255745.26
2024-04-17 18:50 | INFO | Query 17 Size of the uncertainty table is = 3182/5040
2024-04-17 18:50 | INFO | Query 17 Size of the filtered table is = 50
2024-04-17 18:50 | INFO | Query 17 Active Learning Random Query Runtime on Validation Set: 259454.62
2024-04-17 18:50 | INFO | Query 17 Active Learning Random Query Runtime on Test Set: 107512.44
2024-04-17 18:50 | INFO | Query 17 Active Learning Random Query Instance Cost: 279116.69
2024-04-17 18:50 | INFO | Timeout limit is increased to 1100
2024-04-17 18:50 | INFO | Query 18 Size of the uncertainty table is = 3016/5040
2024-04-17 18:50 | INFO | Query 18 Size of the filtered table is = 50
2024-04-17 18:51 | INFO | Query 18 Active Learning Random Query Runtime on Validation Set: 294287.03
2024-04-17 18:51 | INFO | Query 18 Active Learning Random Query Runtime on Test Set: 107616.31
2024-04-17 18:51 | INFO | Query 18 Active Learning Random Query Instance Cost: 302246.82
2024-04-17 18:51 | INFO | Timeout limit is increased to 1200
2024-04-17 18:51 | INFO | Query 19 Size of the uncertainty table is = 2818/5040
2024-04-17 18:51 | INFO | Query 19 Size of the filtered table is = 50
2024-04-17 18:51 | INFO | Query 19 Active Learning Random Query Runtime on Validation Set: 327249.34
2024-04-17 18:51 | INFO | Query 19 Active Learning Random Query Runtime on Test Set: 107150.82
2024-04-17 18:51 | INFO | Query 19 Active Learning Random Query Instance Cost: 329091.47
2024-04-17 18:51 | INFO | Timeout limit is increased to 1300
2024-04-17 18:51 | INFO | Query 20 Size of the uncertainty table is = 2622/5040
2024-04-17 18:51 | INFO | Query 20 Size of the filtered table is = 50
2024-04-17 18:51 | INFO | Query 20 Active Learning Random Query Runtime on Validation Set: 294104.79
2024-04-17 18:51 | INFO | Query 20 Active Learning Random Query Runtime on Test Set: 107157.04
2024-04-17 18:51 | INFO | Query 20 Active Learning Random Query Instance Cost: 355647.73
2024-04-17 18:51 | INFO | Query 21 Size of the uncertainty table is = 2451/5040
2024-04-17 18:51 | INFO | Query 21 Size of the filtered table is = 50
2024-04-17 18:52 | INFO | Query 21 Active Learning Random Query Runtime on Validation Set: 366079.95
2024-04-17 18:52 | INFO | Query 21 Active Learning Random Query Runtime on Test Set: 71718.09
2024-04-17 18:52 | INFO | Query 21 Active Learning Random Query Instance Cost: 384925.84
2024-04-17 18:52 | INFO | Timeout limit is increased to 1400
2024-04-17 18:52 | INFO | Query 22 Size of the uncertainty table is = 2285/5040
2024-04-17 18:52 | INFO | Query 22 Size of the filtered table is = 50
2024-04-17 18:52 | INFO | Query 22 Active Learning Random Query Runtime on Validation Set: 366106.61
2024-04-17 18:52 | INFO | Query 22 Active Learning Random Query Runtime on Test Set: 71713.95
2024-04-17 18:52 | INFO | Query 22 Active Learning Random Query Instance Cost: 420960.91
2024-04-17 18:52 | INFO | Timeout limit is increased to 1500
2024-04-17 18:52 | INFO | Query 23 Size of the uncertainty table is = 2124/5040
2024-04-17 18:52 | INFO | Query 23 Size of the filtered table is = 50
2024-04-17 18:53 | INFO | Query 23 Active Learning Random Query Runtime on Validation Set: 366076.09
2024-04-17 18:53 | INFO | Query 23 Active Learning Random Query Runtime on Test Set: 71702.34
2024-04-17 18:53 | INFO | Query 23 Active Learning Random Query Instance Cost: 461468.86
2024-04-17 18:53 | INFO | Query 24 Size of the uncertainty table is = 1967/5040
2024-04-17 18:53 | INFO | Query 24 Size of the filtered table is = 50
2024-04-17 18:53 | INFO | Query 24 Active Learning Random Query Runtime on Validation Set: 365762.36
2024-04-17 18:53 | INFO | Query 24 Active Learning Random Query Runtime on Test Set: 71761.33
2024-04-17 18:53 | INFO | Query 24 Active Learning Random Query Instance Cost: 488791.26
2024-04-17 18:53 | INFO | Query 25 Size of the uncertainty table is = 1788/5040
2024-04-17 18:53 | INFO | Query 25 Size of the filtered table is = 50
2024-04-17 18:53 | INFO | Query 25 Active Learning Random Query Runtime on Validation Set: 365763.38
2024-04-17 18:53 | INFO | Query 25 Active Learning Random Query Runtime on Test Set: 107763.93
2024-04-17 18:53 | INFO | Query 25 Active Learning Random Query Instance Cost: 517315.48
2024-04-17 18:53 | INFO | Timeout limit is increased to 1600
2024-04-17 18:53 | INFO | Query 26 Size of the uncertainty table is = 1629/5040
2024-04-17 18:53 | INFO | Query 26 Size of the filtered table is = 50
2024-04-17 18:54 | INFO | Query 26 Active Learning Random Query Runtime on Validation Set: 366103.46
2024-04-17 18:54 | INFO | Query 26 Active Learning Random Query Runtime on Test Set: 107763.04
2024-04-17 18:54 | INFO | Query 26 Active Learning Random Query Instance Cost: 543130.26
2024-04-17 18:54 | INFO | Timeout limit is increased to 1700
2024-04-17 18:54 | INFO | Query 27 Size of the uncertainty table is = 1484/5040
2024-04-17 18:54 | INFO | Query 27 Size of the filtered table is = 50
2024-04-17 18:54 | INFO | Query 27 Active Learning Random Query Runtime on Validation Set: 366075.12
2024-04-17 18:54 | INFO | Query 27 Active Learning Random Query Runtime on Test Set: 107758.86
2024-04-17 18:54 | INFO | Query 27 Active Learning Random Query Instance Cost: 581702.6
2024-04-17 18:54 | INFO | Query 28 Size of the uncertainty table is = 1330/5040
2024-04-17 18:54 | INFO | Query 28 Size of the filtered table is = 50
2024-04-17 18:55 | INFO | Query 28 Active Learning Random Query Runtime on Validation Set: 366058.27
2024-04-17 18:55 | INFO | Query 28 Active Learning Random Query Runtime on Test Set: 107763.9
2024-04-17 18:55 | INFO | Query 28 Active Learning Random Query Instance Cost: 605184.55
2024-04-17 18:55 | INFO | Query 29 Size of the uncertainty table is = 1171/5040
2024-04-17 18:55 | INFO | Query 29 Size of the filtered table is = 50
2024-04-17 18:55 | INFO | Query 29 Active Learning Random Query Runtime on Validation Set: 365807.19
2024-04-17 18:55 | INFO | Query 29 Active Learning Random Query Runtime on Test Set: 107756.01
2024-04-17 18:55 | INFO | Query 29 Active Learning Random Query Instance Cost: 645382.71
2024-04-17 18:55 | INFO | Query 30 Size of the uncertainty table is = 1058/5040
2024-04-17 18:55 | INFO | Query 30 Size of the filtered table is = 50
2024-04-17 18:55 | INFO | Query 30 Active Learning Random Query Runtime on Validation Set: 366142.97
2024-04-17 18:55 | INFO | Query 30 Active Learning Random Query Runtime on Test Set: 107751.58
2024-04-17 18:55 | INFO | Query 30 Active Learning Random Query Instance Cost: 675916.9
2024-04-17 18:55 | INFO | Timeout limit is increased to 1800
2024-04-17 18:55 | INFO | Query 31 Size of the uncertainty table is = 981/5040
2024-04-17 18:55 | INFO | Query 31 Size of the filtered table is = 50
2024-04-17 18:56 | INFO | Query 31 Active Learning Random Query Runtime on Validation Set: 365748.58
2024-04-17 18:56 | INFO | Query 31 Active Learning Random Query Runtime on Test Set: 107753.6
2024-04-17 18:56 | INFO | Query 31 Active Learning Random Query Instance Cost: 708712.0
2024-04-17 18:56 | INFO | Query 32 Size of the uncertainty table is = 924/5040
2024-04-17 18:56 | INFO | Query 32 Size of the filtered table is = 50
2024-04-17 18:56 | INFO | Query 32 Active Learning Random Query Runtime on Validation Set: 365806.27
2024-04-17 18:56 | INFO | Query 32 Active Learning Random Query Runtime on Test Set: 107753.6
2024-04-17 18:56 | INFO | Query 32 Active Learning Random Query Instance Cost: 729832.06
2024-04-17 18:56 | INFO | Timeout limit is increased to 1900
2024-04-17 18:56 | INFO | Query 33 Size of the uncertainty table is = 860/5040
2024-04-17 18:56 | INFO | Query 33 Size of the filtered table is = 50
2024-04-17 18:57 | INFO | Query 33 Active Learning Random Query Runtime on Validation Set: 366108.5
2024-04-17 18:57 | INFO | Query 33 Active Learning Random Query Runtime on Test Set: 107753.22
2024-04-17 18:57 | INFO | Query 33 Active Learning Random Query Instance Cost: 757736.63
2024-04-17 18:57 | INFO | Timeout limit is increased to 2000
2024-04-17 18:57 | INFO | Query 34 Size of the uncertainty table is = 807/5040
2024-04-17 18:57 | INFO | Query 34 Size of the filtered table is = 50
2024-04-17 18:57 | INFO | Query 34 Active Learning Random Query Runtime on Validation Set: 366108.5
2024-04-17 18:57 | INFO | Query 34 Active Learning Random Query Runtime on Test Set: 107753.22
2024-04-17 18:57 | INFO | Query 34 Active Learning Random Query Instance Cost: 783680.97
2024-04-17 18:57 | INFO | Timeout limit is increased to 2100
2024-04-17 18:57 | INFO | Query 35 Size of the uncertainty table is = 770/5040
2024-04-17 18:57 | INFO | Query 35 Size of the filtered table is = 50
2024-04-17 18:57 | INFO | Query 35 Active Learning Random Query Runtime on Validation Set: 366079.16
2024-04-17 18:57 | INFO | Query 35 Active Learning Random Query Runtime on Test Set: 107751.46
2024-04-17 18:57 | INFO | Query 35 Active Learning Random Query Instance Cost: 814005.33
2024-04-17 18:57 | INFO | Query 36 Size of the uncertainty table is = 726/5040
2024-04-17 18:57 | INFO | Query 36 Size of the filtered table is = 50
2024-04-17 18:58 | INFO | Query 36 Active Learning Random Query Runtime on Validation Set: 366043.62
2024-04-17 18:58 | INFO | Query 36 Active Learning Random Query Runtime on Test Set: 107751.46
2024-04-17 18:58 | INFO | Query 36 Active Learning Random Query Instance Cost: 836779.17
2024-04-17 18:58 | INFO | Query 37 Size of the uncertainty table is = 669/5040
2024-04-17 18:58 | INFO | Query 37 Size of the filtered table is = 50
2024-04-17 18:58 | INFO | Query 37 Active Learning Random Query Runtime on Validation Set: 365835.34
2024-04-17 18:58 | INFO | Query 37 Active Learning Random Query Runtime on Test Set: 107753.22
2024-04-17 18:58 | INFO | Query 37 Active Learning Random Query Instance Cost: 856058.85
2024-04-17 18:58 | INFO | Query 38 Size of the uncertainty table is = 646/5040
2024-04-17 18:58 | INFO | Query 38 Size of the filtered table is = 50
2024-04-17 18:59 | INFO | Query 38 Active Learning Random Query Runtime on Validation Set: 365835.34
2024-04-17 18:59 | INFO | Query 38 Active Learning Random Query Runtime on Test Set: 107753.22
2024-04-17 18:59 | INFO | Query 38 Active Learning Random Query Instance Cost: 869707.49
2024-04-17 18:59 | INFO | Timeout limit is increased to 2200
2024-04-17 18:59 | INFO | Query 39 Size of the uncertainty table is = 633/5040
2024-04-17 18:59 | INFO | Query 39 Size of the filtered table is = 50
2024-04-17 18:59 | INFO | Query 39 Active Learning Random Query Runtime on Validation Set: 365834.82
2024-04-17 18:59 | INFO | Query 39 Active Learning Random Query Runtime on Test Set: 107757.43
2024-04-17 18:59 | INFO | Query 39 Active Learning Random Query Instance Cost: 894736.16
2024-04-17 18:59 | INFO | Query 40 Size of the uncertainty table is = 620/5040
2024-04-17 18:59 | INFO | Query 40 Size of the filtered table is = 50
2024-04-17 18:59 | INFO | Query 40 Active Learning Random Query Runtime on Validation Set: 365834.82
2024-04-17 18:59 | INFO | Query 40 Active Learning Random Query Runtime on Test Set: 107757.43
2024-04-17 18:59 | INFO | Query 40 Active Learning Random Query Instance Cost: 903836.16
2024-04-17 18:59 | INFO | Timeout limit is increased to 2300
2024-04-17 18:59 | INFO | Query 41 Size of the uncertainty table is = 620/5040
2024-04-17 18:59 | INFO | Query 41 Size of the filtered table is = 50
2024-04-17 19:00 | INFO | Query 41 Active Learning Random Query Runtime on Validation Set: 365833.85
2024-04-17 19:00 | INFO | Query 41 Active Learning Random Query Runtime on Test Set: 107757.43
2024-04-17 19:00 | INFO | Query 41 Active Learning Random Query Instance Cost: 921523.8
2024-04-17 19:00 | INFO | Query 42 Size of the uncertainty table is = 613/5040
2024-04-17 19:00 | INFO | Query 42 Size of the filtered table is = 50
2024-04-17 19:00 | INFO | Query 42 Active Learning Random Query Runtime on Validation Set: 365832.52
2024-04-17 19:00 | INFO | Query 42 Active Learning Random Query Runtime on Test Set: 107757.43
2024-04-17 19:00 | INFO | Query 42 Active Learning Random Query Instance Cost: 941596.3
2024-04-17 19:00 | INFO | Query 43 Size of the uncertainty table is = 608/5040
2024-04-17 19:00 | INFO | Query 43 Size of the filtered table is = 50
2024-04-17 19:00 | INFO | Query 43 Active Learning Random Query Runtime on Validation Set: 365832.52
2024-04-17 19:00 | INFO | Query 43 Active Learning Random Query Runtime on Test Set: 107757.43
2024-04-17 19:00 | INFO | Query 43 Active Learning Random Query Instance Cost: 955309.81
2024-04-17 19:00 | INFO | Timeout limit is increased to 2400
2024-04-17 19:00 | INFO | Query 44 Size of the uncertainty table is = 607/5040
2024-04-17 19:00 | INFO | Query 44 Size of the filtered table is = 50
2024-04-17 19:01 | INFO | Query 44 Active Learning Random Query Runtime on Validation Set: 365832.52
2024-04-17 19:01 | INFO | Query 44 Active Learning Random Query Runtime on Test Set: 107757.43
2024-04-17 19:01 | INFO | Query 44 Active Learning Random Query Instance Cost: 974709.81
2024-04-17 19:01 | INFO | Timeout limit is increased to 2500
2024-04-17 19:01 | INFO | Query 45 Size of the uncertainty table is = 607/5040
2024-04-17 19:01 | INFO | Query 45 Size of the filtered table is = 50
2024-04-17 19:01 | INFO | Query 45 Active Learning Random Query Runtime on Validation Set: 332823.73
2024-04-17 19:01 | INFO | Query 45 Active Learning Random Query Runtime on Test Set: 107757.43
2024-04-17 19:01 | INFO | Query 45 Active Learning Random Query Instance Cost: 996266.77
2024-04-17 19:01 | INFO | Query 46 Size of the uncertainty table is = 600/5040
2024-04-17 19:01 | INFO | Query 46 Size of the filtered table is = 50
2024-04-17 19:02 | INFO | Query 46 Active Learning Random Query Runtime on Validation Set: 332824.26
2024-04-17 19:02 | INFO | Query 46 Active Learning Random Query Runtime on Test Set: 107757.43
2024-04-17 19:02 | INFO | Query 46 Active Learning Random Query Instance Cost: 1009432.1
2024-04-17 19:02 | INFO | Timeout limit is increased to 2600
2024-04-17 19:02 | INFO | Query 47 Size of the uncertainty table is = 594/5040
2024-04-17 19:02 | INFO | Query 47 Size of the filtered table is = 50
2024-04-17 19:02 | INFO | Query 47 Active Learning Random Query Runtime on Validation Set: 332824.26
2024-04-17 19:02 | INFO | Query 47 Active Learning Random Query Runtime on Test Set: 107757.43
2024-04-17 19:02 | INFO | Query 47 Active Learning Random Query Instance Cost: 1036146.02
2024-04-17 19:02 | INFO | Timeout limit is increased to 2700
2024-04-17 19:02 | INFO | Query 48 Size of the uncertainty table is = 588/5040
2024-04-17 19:02 | INFO | Query 48 Size of the filtered table is = 50
2024-04-17 19:02 | INFO | Query 48 Active Learning Random Query Runtime on Validation Set: 366088.94
2024-04-17 19:02 | INFO | Query 48 Active Learning Random Query Runtime on Test Set: 107757.13
2024-04-17 19:02 | INFO | Query 48 Active Learning Random Query Instance Cost: 1055707.66
2024-04-17 19:02 | INFO | Timeout limit is increased to 2800
2024-04-17 19:02 | INFO | Query 49 Size of the uncertainty table is = 587/5040
2024-04-17 19:02 | INFO | Query 49 Size of the filtered table is = 50
2024-04-17 19:03 | INFO | Query 49 Active Learning Random Query Runtime on Validation Set: 365834.01
2024-04-17 19:03 | INFO | Query 49 Active Learning Random Query Runtime on Test Set: 107757.43
2024-04-17 19:03 | INFO | Query 49 Active Learning Random Query Instance Cost: 1085368.31
2024-04-17 19:03 | INFO | Query 50 Size of the uncertainty table is = 582/5040
2024-04-17 19:03 | INFO | Query 50 Size of the filtered table is = 50
2024-04-17 19:03 | INFO | Query 50 Active Learning Random Query Runtime on Validation Set: 365834.01
2024-04-17 19:03 | INFO | Query 50 Active Learning Random Query Runtime on Test Set: 107753.35
2024-04-17 19:03 | INFO | Query 50 Active Learning Random Query Instance Cost: 1105134.24
2024-04-17 19:03 | INFO | Timeout limit is increased to 2900
2024-04-17 19:03 | INFO | Query 51 Size of the uncertainty table is = 579/5040
2024-04-17 19:03 | INFO | Query 51 Size of the filtered table is = 50
2024-04-17 19:03 | INFO | Query 51 Active Learning Random Query Runtime on Validation Set: 365834.01
2024-04-17 19:03 | INFO | Query 51 Active Learning Random Query Runtime on Test Set: 107753.35
2024-04-17 19:03 | INFO | Query 51 Active Learning Random Query Instance Cost: 1127634.24
2024-04-17 19:03 | INFO | Timeout limit is increased to 3000
2024-04-17 19:03 | INFO | Query 52 Size of the uncertainty table is = 579/5040
2024-04-17 19:03 | INFO | Query 52 Size of the filtered table is = 50
2024-04-17 19:04 | INFO | Query 52 Active Learning Random Query Runtime on Validation Set: 365834.01
2024-04-17 19:04 | INFO | Query 52 Active Learning Random Query Runtime on Test Set: 107753.35
2024-04-17 19:04 | INFO | Query 52 Active Learning Random Query Instance Cost: 1151042.71
2024-04-17 19:04 | INFO | Timeout limit is increased to 3100
2024-04-17 19:04 | INFO | Query 53 Size of the uncertainty table is = 578/5040
2024-04-17 19:04 | INFO | Query 53 Size of the filtered table is = 50
2024-04-17 19:04 | INFO | Query 53 Active Learning Random Query Runtime on Validation Set: 365834.01
2024-04-17 19:04 | INFO | Query 53 Active Learning Random Query Runtime on Test Set: 107753.35
2024-04-17 19:04 | INFO | Query 53 Active Learning Random Query Instance Cost: 1173142.71
2024-04-17 19:04 | INFO | Timeout limit is increased to 3200
2024-04-17 19:04 | INFO | Query 54 Size of the uncertainty table is = 578/5040
2024-04-17 19:04 | INFO | Query 54 Size of the filtered table is = 50
2024-04-17 19:05 | INFO | Query 54 Active Learning Random Query Runtime on Validation Set: 365834.01
2024-04-17 19:05 | INFO | Query 54 Active Learning Random Query Runtime on Test Set: 107753.35
2024-04-17 19:05 | INFO | Query 54 Active Learning Random Query Instance Cost: 1201201.41
2024-04-17 19:05 | INFO | Timeout limit is increased to 3300
2024-04-17 19:05 | INFO | Query 55 Size of the uncertainty table is = 573/5040
2024-04-17 19:05 | INFO | Query 55 Size of the filtered table is = 50
2024-04-17 19:05 | INFO | Query 55 Active Learning Random Query Runtime on Validation Set: 332825.22
2024-04-17 19:05 | INFO | Query 55 Active Learning Random Query Runtime on Test Set: 107753.35
2024-04-17 19:05 | INFO | Query 55 Active Learning Random Query Instance Cost: 1226931.6
2024-04-17 19:05 | INFO | Query 56 Size of the uncertainty table is = 564/5040
2024-04-17 19:05 | INFO | Query 56 Size of the filtered table is = 50
2024-04-17 19:05 | INFO | Query 56 Active Learning Random Query Runtime on Validation Set: 365834.01
2024-04-17 19:05 | INFO | Query 56 Active Learning Random Query Runtime on Test Set: 107753.35
2024-04-17 19:05 | INFO | Query 56 Active Learning Random Query Instance Cost: 1253896.54
2024-04-17 19:05 | INFO | Timeout limit is increased to 3400
2024-04-17 19:05 | INFO | Query 57 Size of the uncertainty table is = 558/5040
2024-04-17 19:05 | INFO | Query 57 Size of the filtered table is = 50
2024-04-17 19:06 | INFO | Query 57 Active Learning Random Query Runtime on Validation Set: 365834.01
2024-04-17 19:06 | INFO | Query 57 Active Learning Random Query Runtime on Test Set: 107753.35
2024-04-17 19:06 | INFO | Query 57 Active Learning Random Query Instance Cost: 1276151.28
2024-04-17 19:06 | INFO | Timeout limit is increased to 3500
2024-04-17 19:06 | INFO | Query 58 Size of the uncertainty table is = 557/5040
2024-04-17 19:06 | INFO | Query 58 Size of the filtered table is = 50
2024-04-17 19:06 | INFO | Query 58 Active Learning Random Query Runtime on Validation Set: 365812.56
2024-04-17 19:06 | INFO | Query 58 Active Learning Random Query Runtime on Test Set: 107753.35
2024-04-17 19:06 | INFO | Query 58 Active Learning Random Query Instance Cost: 1302989.41
2024-04-17 19:06 | INFO | Query 59 Size of the uncertainty table is = 545/5040
2024-04-17 19:06 | INFO | Query 59 Size of the filtered table is = 50
2024-04-17 19:07 | INFO | Query 59 Active Learning Random Query Runtime on Validation Set: 365835.34
2024-04-17 19:07 | INFO | Query 59 Active Learning Random Query Runtime on Test Set: 107753.35
2024-04-17 19:07 | INFO | Query 59 Active Learning Random Query Instance Cost: 1327977.17
2024-04-17 19:07 | INFO | Timeout limit is increased to 3600
2024-04-17 19:07 | INFO | Query 60 Size of the uncertainty table is = 539/5040
2024-04-17 19:07 | INFO | Query 60 Size of the filtered table is = 50
2024-04-17 19:07 | INFO | Query 60 Active Learning Random Query Runtime on Validation Set: 365834.01
2024-04-17 19:07 | INFO | Query 60 Active Learning Random Query Runtime on Test Set: 107753.35
2024-04-17 19:07 | INFO | Query 60 Active Learning Random Query Instance Cost: 1356739.91
2024-04-17 19:07 | INFO | runtime_train_score is written as json file
2024-04-17 19:07 | INFO | runtime_test_score is written as json file
2024-04-17 19:07 | INFO | runtime_validation_score is written as json file
2024-04-17 19:07 | INFO | instance_cost is written as json file
2024-04-17 19:07 | INFO | Experiment is finished
