2024-04-17 19:08 | INFO | Paramaters are: {'dataset': 'QBF-2011', 'penalty': 10, 'weight': 'No_Weight', 'voting': 'Hard', 'pre_selection_size': 64, 'pre_selection_technique': 'No_pre_selection', 'feature_elimination_threshold': 20, 'imputer_strategy': 'median', 'feature_selection_technique': 'No_feature_selection', 'feature_scaling_technique': 'StandardScaler', 'initial_train_size': 20, 'query_size': 1, 'timeout_predictor_usage': 'No', 'timeout_limit': 3600, 'timeout_increase_rate': 100, 'RANDOM_STATE_SEED': 123, 'n_splits': 10, 'split_number': 8, 'max_timeout': 3600, 'param_grid': {'n_estimators': 100, 'criterion': 'gini', 'max_features': 'sqrt', 'max_depth': 2147483648, 'min_samples_split': 2, 'bootstrap': True}}
2024-04-17 19:08 | INFO | QBF-2011 is current dataset
2024-04-17 19:08 | INFO | DATASETS/QBF-2011/algorithm_runs.csv is found
2024-04-17 19:08 | INFO | DATASETS/QBF-2011/algorithm_runs.csv is finished
2024-04-17 19:08 | INFO | DATASETS/QBF-2011/feature_values.csv is found
2024-04-17 19:08 | INFO | DATASETS/QBF-2011/feature_values.csv is finished
2024-04-17 19:08 | INFO | Feature cost of train set is 0
2024-04-17 19:08 | INFO | Initial Active Learning Random Query Runtime on Validation Set: 1283888.88
2024-04-17 19:08 | INFO | Initial Active Learning Random Query Runtime on Test Set: 449385.97
2024-04-17 19:08 | INFO | Initial Active Learning Random Query Instance Cost: 187388.1
2024-04-17 19:08 | INFO | Bin size = 73
2024-04-17 19:08 | INFO | Query 1 Size of the uncertainty table is = 7390/7390
2024-04-17 19:08 | INFO | Query 1 Size of the filtered table is = 73
2024-04-17 19:08 | INFO | Query 1 Active Learning Random Query Runtime on Validation Set: 1313701.72
2024-04-17 19:08 | INFO | Query 1 Active Learning Random Query Runtime on Test Set: 407674.89
2024-04-17 19:08 | INFO | Query 1 Active Learning Random Query Instance Cost: 442096.4
2024-04-17 19:08 | INFO | Timeout limit is increased to 3600
2024-04-17 19:08 | INFO | Query 2 Size of the uncertainty table is = 7311/7390
2024-04-17 19:08 | INFO | Query 2 Size of the filtered table is = 73
2024-04-17 19:09 | INFO | Query 2 Active Learning Random Query Runtime on Validation Set: 1347368.88
2024-04-17 19:09 | INFO | Query 2 Active Learning Random Query Runtime on Test Set: 404267.65
2024-04-17 19:09 | INFO | Query 2 Active Learning Random Query Instance Cost: 693997.11
2024-04-17 19:09 | INFO | Timeout limit is increased to 3600
2024-04-17 19:09 | INFO | Query 3 Size of the uncertainty table is = 7211/7390
2024-04-17 19:09 | INFO | Query 3 Size of the filtered table is = 73
2024-04-17 19:09 | INFO | Query 3 Active Learning Random Query Runtime on Validation Set: 1527118.29
2024-04-17 19:09 | INFO | Query 3 Active Learning Random Query Runtime on Test Set: 368265.93
2024-04-17 19:09 | INFO | Query 3 Active Learning Random Query Instance Cost: 925659.33
2024-04-17 19:09 | INFO | Timeout limit is increased to 3600
2024-04-17 19:09 | INFO | Query 4 Size of the uncertainty table is = 7125/7390
2024-04-17 19:09 | INFO | Query 4 Size of the filtered table is = 73
2024-04-17 19:10 | INFO | Query 4 Active Learning Random Query Runtime on Validation Set: 1385234.7
2024-04-17 19:10 | INFO | Query 4 Active Learning Random Query Runtime on Test Set: 368429.4
2024-04-17 19:10 | INFO | Query 4 Active Learning Random Query Instance Cost: 1184487.29
2024-04-17 19:10 | INFO | Query 5 Size of the uncertainty table is = 7007/7390
2024-04-17 19:10 | INFO | Query 5 Size of the filtered table is = 73
2024-04-17 19:10 | INFO | Query 5 Active Learning Random Query Runtime on Validation Set: 1562565.82
2024-04-17 19:10 | INFO | Query 5 Active Learning Random Query Runtime on Test Set: 405967.57
2024-04-17 19:10 | INFO | Query 5 Active Learning Random Query Instance Cost: 1397557.09
2024-04-17 19:10 | INFO | Timeout limit is increased to 3600
2024-04-17 19:10 | INFO | Query 6 Size of the uncertainty table is = 6874/7390
2024-04-17 19:10 | INFO | Query 6 Size of the filtered table is = 73
2024-04-17 19:11 | INFO | Query 6 Active Learning Random Query Runtime on Validation Set: 1313461.27
2024-04-17 19:11 | INFO | Query 6 Active Learning Random Query Runtime on Test Set: 336455.7
2024-04-17 19:11 | INFO | Query 6 Active Learning Random Query Instance Cost: 1573610.68
2024-04-17 19:11 | INFO | Query 7 Size of the uncertainty table is = 6748/7390
2024-04-17 19:11 | INFO | Query 7 Size of the filtered table is = 73
2024-04-17 19:11 | INFO | Query 7 Active Learning Random Query Runtime on Validation Set: 1424447.96
2024-04-17 19:11 | INFO | Query 7 Active Learning Random Query Runtime on Test Set: 406154.13
2024-04-17 19:11 | INFO | Query 7 Active Learning Random Query Instance Cost: 1757681.0
2024-04-17 19:11 | INFO | Timeout limit is increased to 3600
2024-04-17 19:11 | INFO | Query 8 Size of the uncertainty table is = 6606/7390
2024-04-17 19:11 | INFO | Query 8 Size of the filtered table is = 73
2024-04-17 19:12 | INFO | Query 8 Active Learning Random Query Runtime on Validation Set: 1204141.64
2024-04-17 19:12 | INFO | Query 8 Active Learning Random Query Runtime on Test Set: 333632.04
2024-04-17 19:12 | INFO | Query 8 Active Learning Random Query Instance Cost: 1955931.34
2024-04-17 19:12 | INFO | Query 9 Size of the uncertainty table is = 6437/7390
2024-04-17 19:12 | INFO | Query 9 Size of the filtered table is = 73
2024-04-17 19:12 | INFO | Query 9 Active Learning Random Query Runtime on Validation Set: 1239852.6
2024-04-17 19:12 | INFO | Query 9 Active Learning Random Query Runtime on Test Set: 372439.72
2024-04-17 19:12 | INFO | Query 9 Active Learning Random Query Instance Cost: 2144143.62
2024-04-17 19:12 | INFO | Timeout limit is increased to 3600
2024-04-17 19:12 | INFO | Query 10 Size of the uncertainty table is = 6274/7390
2024-04-17 19:12 | INFO | Query 10 Size of the filtered table is = 73
2024-04-17 19:12 | INFO | Query 10 Active Learning Random Query Runtime on Validation Set: 1381325.12
2024-04-17 19:12 | INFO | Query 10 Active Learning Random Query Runtime on Test Set: 368593.44
2024-04-17 19:12 | INFO | Query 10 Active Learning Random Query Instance Cost: 2350587.89
2024-04-17 19:12 | INFO | Timeout limit is increased to 3600
2024-04-17 19:12 | INFO | Query 11 Size of the uncertainty table is = 6088/7390
2024-04-17 19:12 | INFO | Query 11 Size of the filtered table is = 73
2024-04-17 19:13 | INFO | Query 11 Active Learning Random Query Runtime on Validation Set: 1455743.16
2024-04-17 19:13 | INFO | Query 11 Active Learning Random Query Runtime on Test Set: 478964.82
2024-04-17 19:13 | INFO | Query 11 Active Learning Random Query Instance Cost: 2542386.27
2024-04-17 19:13 | INFO | Timeout limit is increased to 3600
2024-04-17 19:13 | INFO | Query 12 Size of the uncertainty table is = 5914/7390
2024-04-17 19:13 | INFO | Query 12 Size of the filtered table is = 73
2024-04-17 19:13 | INFO | Query 12 Active Learning Random Query Runtime on Validation Set: 1172316.95
2024-04-17 19:13 | INFO | Query 12 Active Learning Random Query Runtime on Test Set: 263752.07
2024-04-17 19:13 | INFO | Query 12 Active Learning Random Query Instance Cost: 2732991.03
2024-04-17 19:13 | INFO | Query 13 Size of the uncertainty table is = 5744/7390
2024-04-17 19:13 | INFO | Query 13 Size of the filtered table is = 73
2024-04-17 19:14 | INFO | Query 13 Active Learning Random Query Runtime on Validation Set: 1246043.46
2024-04-17 19:14 | INFO | Query 13 Active Learning Random Query Runtime on Test Set: 335700.57
2024-04-17 19:14 | INFO | Query 13 Active Learning Random Query Instance Cost: 2884902.12
2024-04-17 19:14 | INFO | Timeout limit is increased to 3600
2024-04-17 19:14 | INFO | Query 14 Size of the uncertainty table is = 5584/7390
2024-04-17 19:14 | INFO | Query 14 Size of the filtered table is = 73
2024-04-17 19:14 | INFO | Query 14 Active Learning Random Query Runtime on Validation Set: 1243665.47
2024-04-17 19:14 | INFO | Query 14 Active Learning Random Query Runtime on Test Set: 299392.24
2024-04-17 19:14 | INFO | Query 14 Active Learning Random Query Instance Cost: 3068852.84
2024-04-17 19:14 | INFO | Query 15 Size of the uncertainty table is = 5386/7390
2024-04-17 19:14 | INFO | Query 15 Size of the filtered table is = 73
2024-04-17 19:15 | INFO | Query 15 Active Learning Random Query Runtime on Validation Set: 1280208.65
2024-04-17 19:15 | INFO | Query 15 Active Learning Random Query Runtime on Test Set: 227787.54
2024-04-17 19:15 | INFO | Query 15 Active Learning Random Query Instance Cost: 3229047.75
2024-04-17 19:15 | INFO | Timeout limit is increased to 3600
2024-04-17 19:15 | INFO | Query 16 Size of the uncertainty table is = 5198/7390
2024-04-17 19:15 | INFO | Query 16 Size of the filtered table is = 73
2024-04-17 19:15 | INFO | Query 16 Active Learning Random Query Runtime on Validation Set: 1243853.59
2024-04-17 19:15 | INFO | Query 16 Active Learning Random Query Runtime on Test Set: 371413.12
2024-04-17 19:15 | INFO | Query 16 Active Learning Random Query Instance Cost: 3386829.19
2024-04-17 19:15 | INFO | Query 17 Size of the uncertainty table is = 4991/7390
2024-04-17 19:15 | INFO | Query 17 Size of the filtered table is = 73
2024-04-17 19:16 | INFO | Query 17 Active Learning Random Query Runtime on Validation Set: 1351773.63
2024-04-17 19:16 | INFO | Query 17 Active Learning Random Query Runtime on Test Set: 300348.69
2024-04-17 19:16 | INFO | Query 17 Active Learning Random Query Instance Cost: 3524373.8
2024-04-17 19:16 | INFO | Timeout limit is increased to 3600
2024-04-17 19:16 | INFO | Query 18 Size of the uncertainty table is = 4795/7390
2024-04-17 19:16 | INFO | Query 18 Size of the filtered table is = 73
2024-04-17 19:16 | INFO | Query 18 Active Learning Random Query Runtime on Validation Set: 1459719.16
2024-04-17 19:16 | INFO | Query 18 Active Learning Random Query Runtime on Test Set: 368843.0
2024-04-17 19:16 | INFO | Query 18 Active Learning Random Query Instance Cost: 3665649.58
2024-04-17 19:16 | INFO | Timeout limit is increased to 3600
2024-04-17 19:16 | INFO | Query 19 Size of the uncertainty table is = 4581/7390
2024-04-17 19:16 | INFO | Query 19 Size of the filtered table is = 73
2024-04-17 19:16 | INFO | Query 19 Active Learning Random Query Runtime on Validation Set: 1387713.35
2024-04-17 19:16 | INFO | Query 19 Active Learning Random Query Runtime on Test Set: 297789.46
2024-04-17 19:16 | INFO | Query 19 Active Learning Random Query Instance Cost: 3822974.76
2024-04-17 19:16 | INFO | Query 20 Size of the uncertainty table is = 4377/7390
2024-04-17 19:16 | INFO | Query 20 Size of the filtered table is = 73
2024-04-17 19:17 | INFO | Query 20 Active Learning Random Query Runtime on Validation Set: 1171911.0
2024-04-17 19:17 | INFO | Query 20 Active Learning Random Query Runtime on Test Set: 299289.89
2024-04-17 19:17 | INFO | Query 20 Active Learning Random Query Instance Cost: 3972079.08
2024-04-17 19:17 | INFO | Query 21 Size of the uncertainty table is = 4151/7390
2024-04-17 19:17 | INFO | Query 21 Size of the filtered table is = 73
2024-04-17 19:17 | INFO | Query 21 Active Learning Random Query Runtime on Validation Set: 1279814.4
2024-04-17 19:17 | INFO | Query 21 Active Learning Random Query Runtime on Test Set: 332521.44
2024-04-17 19:17 | INFO | Query 21 Active Learning Random Query Instance Cost: 4136747.17
2024-04-17 19:17 | INFO | Timeout limit is increased to 3600
2024-04-17 19:17 | INFO | Query 22 Size of the uncertainty table is = 3926/7390
2024-04-17 19:17 | INFO | Query 22 Size of the filtered table is = 73
2024-04-17 19:18 | INFO | Query 22 Active Learning Random Query Runtime on Validation Set: 1277885.34
2024-04-17 19:18 | INFO | Query 22 Active Learning Random Query Runtime on Test Set: 262179.43
2024-04-17 19:18 | INFO | Query 22 Active Learning Random Query Instance Cost: 4271754.02
2024-04-17 19:18 | INFO | Query 23 Size of the uncertainty table is = 3689/7390
2024-04-17 19:18 | INFO | Query 23 Size of the filtered table is = 73
2024-04-17 19:18 | INFO | Query 23 Active Learning Random Query Runtime on Validation Set: 1172360.54
2024-04-17 19:18 | INFO | Query 23 Active Learning Random Query Runtime on Test Set: 299701.88
2024-04-17 19:18 | INFO | Query 23 Active Learning Random Query Instance Cost: 4402352.86
2024-04-17 19:18 | INFO | Query 24 Size of the uncertainty table is = 3440/7390
2024-04-17 19:18 | INFO | Query 24 Size of the filtered table is = 73
2024-04-17 19:19 | INFO | Query 24 Active Learning Random Query Runtime on Validation Set: 1100231.84
2024-04-17 19:19 | INFO | Query 24 Active Learning Random Query Runtime on Test Set: 297142.65
2024-04-17 19:19 | INFO | Query 24 Active Learning Random Query Instance Cost: 4584040.37
2024-04-17 19:19 | INFO | Query 25 Size of the uncertainty table is = 3211/7390
2024-04-17 19:19 | INFO | Query 25 Size of the filtered table is = 73
2024-04-17 19:19 | INFO | Query 25 Active Learning Random Query Runtime on Validation Set: 992402.98
2024-04-17 19:19 | INFO | Query 25 Active Learning Random Query Runtime on Test Set: 260753.21
2024-04-17 19:19 | INFO | Query 25 Active Learning Random Query Instance Cost: 4719545.62
2024-04-17 19:19 | INFO | Query 26 Size of the uncertainty table is = 2986/7390
2024-04-17 19:19 | INFO | Query 26 Size of the filtered table is = 73
2024-04-17 19:20 | INFO | Query 26 Active Learning Random Query Runtime on Validation Set: 1279758.15
2024-04-17 19:20 | INFO | Query 26 Active Learning Random Query Runtime on Test Set: 332437.02
2024-04-17 19:20 | INFO | Query 26 Active Learning Random Query Instance Cost: 4851738.93
2024-04-17 19:20 | INFO | Timeout limit is increased to 3600
2024-04-17 19:20 | INFO | Query 27 Size of the uncertainty table is = 2733/7390
2024-04-17 19:20 | INFO | Query 27 Size of the filtered table is = 73
2024-04-17 19:20 | INFO | Query 27 Active Learning Random Query Runtime on Validation Set: 1242047.33
2024-04-17 19:20 | INFO | Query 27 Active Learning Random Query Runtime on Test Set: 332429.95
2024-04-17 19:20 | INFO | Query 27 Active Learning Random Query Instance Cost: 4992089.58
2024-04-17 19:20 | INFO | Query 28 Size of the uncertainty table is = 2489/7390
2024-04-17 19:20 | INFO | Query 28 Size of the filtered table is = 73
2024-04-17 19:21 | INFO | Query 28 Active Learning Random Query Runtime on Validation Set: 1174230.0
2024-04-17 19:21 | INFO | Query 28 Active Learning Random Query Runtime on Test Set: 332773.48
2024-04-17 19:21 | INFO | Query 28 Active Learning Random Query Instance Cost: 5125696.04
2024-04-17 19:21 | INFO | Query 29 Size of the uncertainty table is = 2236/7390
2024-04-17 19:21 | INFO | Query 29 Size of the filtered table is = 73
2024-04-17 19:21 | INFO | Query 29 Active Learning Random Query Runtime on Validation Set: 1066334.44
2024-04-17 19:21 | INFO | Query 29 Active Learning Random Query Runtime on Test Set: 296795.51
2024-04-17 19:21 | INFO | Query 29 Active Learning Random Query Instance Cost: 5237383.6
2024-04-17 19:21 | INFO | Query 30 Size of the uncertainty table is = 1991/7390
2024-04-17 19:21 | INFO | Query 30 Size of the filtered table is = 73
2024-04-17 19:21 | INFO | Query 30 Active Learning Random Query Runtime on Validation Set: 1243734.33
2024-04-17 19:21 | INFO | Query 30 Active Learning Random Query Runtime on Test Set: 332427.0
2024-04-17 19:21 | INFO | Query 30 Active Learning Random Query Instance Cost: 5375765.11
2024-04-17 19:21 | INFO | Timeout limit is increased to 3600
2024-04-17 19:21 | INFO | Query 31 Size of the uncertainty table is = 1733/7390
2024-04-17 19:21 | INFO | Query 31 Size of the filtered table is = 73
2024-04-17 19:22 | INFO | Query 31 Active Learning Random Query Runtime on Validation Set: 1210179.81
2024-04-17 19:22 | INFO | Query 31 Active Learning Random Query Runtime on Test Set: 332429.31
2024-04-17 19:22 | INFO | Query 31 Active Learning Random Query Instance Cost: 5504450.63
2024-04-17 19:22 | INFO | Query 32 Size of the uncertainty table is = 1490/7390
2024-04-17 19:22 | INFO | Query 32 Size of the filtered table is = 73
2024-04-17 19:22 | INFO | Query 32 Active Learning Random Query Runtime on Validation Set: 1315800.81
2024-04-17 19:22 | INFO | Query 32 Active Learning Random Query Runtime on Test Set: 332429.98
2024-04-17 19:22 | INFO | Query 32 Active Learning Random Query Instance Cost: 5648241.94
2024-04-17 19:22 | INFO | Timeout limit is increased to 3600
2024-04-17 19:22 | INFO | Query 33 Size of the uncertainty table is = 1233/7390
2024-04-17 19:22 | INFO | Query 33 Size of the filtered table is = 73
2024-04-17 19:23 | INFO | Query 33 Active Learning Random Query Runtime on Validation Set: 1279897.15
2024-04-17 19:23 | INFO | Query 33 Active Learning Random Query Runtime on Test Set: 297443.85
2024-04-17 19:23 | INFO | Query 33 Active Learning Random Query Instance Cost: 5775501.87
2024-04-17 19:23 | INFO | Query 34 Size of the uncertainty table is = 981/7390
2024-04-17 19:23 | INFO | Query 34 Size of the filtered table is = 73
2024-04-17 19:23 | INFO | Query 34 Active Learning Random Query Runtime on Validation Set: 1315732.31
2024-04-17 19:23 | INFO | Query 34 Active Learning Random Query Runtime on Test Set: 332427.0
2024-04-17 19:23 | INFO | Query 34 Active Learning Random Query Instance Cost: 5882926.11
2024-04-17 19:23 | INFO | Timeout limit is increased to 3600
2024-04-17 19:23 | INFO | Query 35 Size of the uncertainty table is = 706/7390
2024-04-17 19:23 | INFO | Query 35 Size of the filtered table is = 73
2024-04-17 19:24 | INFO | Query 35 Active Learning Random Query Runtime on Validation Set: 1066271.8
2024-04-17 19:24 | INFO | Query 35 Active Learning Random Query Runtime on Test Set: 260922.44
2024-04-17 19:24 | INFO | Query 35 Active Learning Random Query Instance Cost: 5964716.82
2024-04-17 19:24 | INFO | Query 36 Size of the uncertainty table is = 477/7390
2024-04-17 19:24 | INFO | Query 36 Size of the filtered table is = 73
2024-04-17 19:24 | INFO | Query 36 Active Learning Random Query Runtime on Validation Set: 1171909.56
2024-04-17 19:24 | INFO | Query 36 Active Learning Random Query Runtime on Test Set: 224930.18
2024-04-17 19:24 | INFO | Query 36 Active Learning Random Query Instance Cost: 6044690.81
2024-04-17 19:24 | INFO | Timeout limit is increased to 3600
2024-04-17 19:24 | INFO | Query 37 Size of the uncertainty table is = 254/7390
2024-04-17 19:24 | INFO | Query 37 Size of the filtered table is = 73
2024-04-17 19:25 | INFO | Query 37 Active Learning Random Query Runtime on Validation Set: 1279832.43
2024-04-17 19:25 | INFO | Query 37 Active Learning Random Query Runtime on Test Set: 260562.04
2024-04-17 19:25 | INFO | Query 37 Active Learning Random Query Instance Cost: 6131367.03
2024-04-17 19:25 | INFO | Timeout limit is increased to 3600
2024-04-17 19:25 | INFO | Query 38 Size of the uncertainty table is = 48/7390
2024-04-17 19:25 | INFO | Query 38 Size of the filtered table is = 48
2024-04-17 19:25 | INFO | Query 38 Active Learning Random Query Runtime on Validation Set: 1138324.0
2024-04-17 19:25 | INFO | Query 38 Active Learning Random Query Runtime on Test Set: 224908.02
2024-04-17 19:25 | INFO | Query 38 Active Learning Random Query Instance Cost: 6152981.23
2024-04-17 19:25 | INFO | runtime_train_score is written as json file
2024-04-17 19:25 | INFO | runtime_test_score is written as json file
2024-04-17 19:25 | INFO | runtime_validation_score is written as json file
2024-04-17 19:25 | INFO | instance_cost is written as json file
2024-04-17 19:25 | INFO | Experiment is finished
