2024-04-17 18:44 | INFO | Paramaters are: {'dataset': 'MAXSAT19-UCMS', 'penalty': 10, 'weight': 'No_Weight', 'voting': 'Hard', 'pre_selection_size': 64, 'pre_selection_technique': 'No_pre_selection', 'feature_elimination_threshold': 20, 'imputer_strategy': 'median', 'feature_selection_technique': 'No_feature_selection', 'feature_scaling_technique': 'StandardScaler', 'initial_train_size': 20, 'query_size': 1, 'timeout_predictor_usage': 'Yes', 'timeout_limit': 100, 'timeout_increase_rate': 100, 'RANDOM_STATE_SEED': 99, 'n_splits': 10, 'split_number': 7, 'max_timeout': 3600, 'param_grid': {'n_estimators': 100, 'criterion': 'gini', 'max_features': 'sqrt', 'max_depth': 2147483648, 'min_samples_split': 2, 'bootstrap': True}}
2024-04-17 18:44 | INFO | MAXSAT19-UCMS is current dataset
2024-04-17 18:44 | INFO | DATASETS/MAXSAT19-UCMS/algorithm_runs.arff is found
2024-04-17 18:44 | INFO | DATASETS/MAXSAT19-UCMS/algorithm_runs.arff is finished
2024-04-17 18:44 | INFO | DATASETS/MAXSAT19-UCMS/feature_values.arff is found
2024-04-17 18:44 | INFO | DATASETS/MAXSAT19-UCMS/feature_values.arff is finished
2024-04-17 18:44 | INFO | DATASETS/MAXSAT19-UCMS/feature_costs.arff is found
2024-04-17 18:44 | INFO | DATASETS/MAXSAT19-UCMS/feature_costs.arff is finished
2024-04-17 18:44 | INFO | Feature cost of train set is 33929.93
2024-04-17 18:45 | INFO | Initial Active Learning Random Query Runtime on Validation Set: 156385.56
2024-04-17 18:45 | INFO | Initial Active Learning Random Query Runtime on Test Set: 187070.49
2024-04-17 18:45 | INFO | Initial Active Learning Random Query Instance Cost: 6563.22
2024-04-17 18:45 | INFO | Bin size = 50
2024-04-17 18:45 | INFO | Query 1 Size of the uncertainty table is = 5107/5040
2024-04-17 18:45 | INFO | Query 1 Size of the filtered table is = 50
2024-04-17 18:45 | INFO | Query 1 Active Learning Random Query Runtime on Validation Set: 199725.77
2024-04-17 18:45 | INFO | Query 1 Active Learning Random Query Runtime on Test Set: 263896.75
2024-04-17 18:45 | INFO | Query 1 Active Learning Random Query Instance Cost: 12540.59
2024-04-17 18:45 | INFO | Timeout limit is increased to 200
2024-04-17 18:45 | INFO | Query 2 Size of the uncertainty table is = 5061/5040
2024-04-17 18:45 | INFO | Query 2 Size of the filtered table is = 50
2024-04-17 18:45 | INFO | Query 2 Active Learning Random Query Runtime on Validation Set: 136177.77
2024-04-17 18:45 | INFO | Query 2 Active Learning Random Query Runtime on Test Set: 167470.01
2024-04-17 18:45 | INFO | Query 2 Active Learning Random Query Instance Cost: 20583.91
2024-04-17 18:45 | INFO | Query 3 Size of the uncertainty table is = 5001/5040
2024-04-17 18:45 | INFO | Query 3 Size of the filtered table is = 50
2024-04-17 18:46 | INFO | Query 3 Active Learning Random Query Runtime on Validation Set: 208950.76
2024-04-17 18:46 | INFO | Query 3 Active Learning Random Query Runtime on Test Set: 208065.13
2024-04-17 18:46 | INFO | Query 3 Active Learning Random Query Instance Cost: 28676.94
2024-04-17 18:46 | INFO | Timeout limit is increased to 300
2024-04-17 18:46 | INFO | Query 4 Size of the uncertainty table is = 4915/5040
2024-04-17 18:46 | INFO | Query 4 Size of the filtered table is = 50
2024-04-17 18:46 | INFO | Query 4 Active Learning Random Query Runtime on Validation Set: 248720.38
2024-04-17 18:46 | INFO | Query 4 Active Learning Random Query Runtime on Test Set: 176020.16
2024-04-17 18:46 | INFO | Query 4 Active Learning Random Query Instance Cost: 40829.17
2024-04-17 18:46 | INFO | Timeout limit is increased to 400
2024-04-17 18:46 | INFO | Query 5 Size of the uncertainty table is = 4837/5040
2024-04-17 18:46 | INFO | Query 5 Size of the filtered table is = 50
2024-04-17 18:47 | INFO | Query 5 Active Learning Random Query Runtime on Validation Set: 250017.62
2024-04-17 18:47 | INFO | Query 5 Active Learning Random Query Runtime on Test Set: 177453.98
2024-04-17 18:47 | INFO | Query 5 Active Learning Random Query Instance Cost: 55850.25
2024-04-17 18:47 | INFO | Timeout limit is increased to 500
2024-04-17 18:47 | INFO | Query 6 Size of the uncertainty table is = 4743/5040
2024-04-17 18:47 | INFO | Query 6 Size of the filtered table is = 50
2024-04-17 18:47 | INFO | Query 6 Active Learning Random Query Runtime on Validation Set: 251959.25
2024-04-17 18:47 | INFO | Query 6 Active Learning Random Query Runtime on Test Set: 178518.41
2024-04-17 18:47 | INFO | Query 6 Active Learning Random Query Instance Cost: 69890.19
2024-04-17 18:47 | INFO | Timeout limit is increased to 600
2024-04-17 18:47 | INFO | Query 7 Size of the uncertainty table is = 4624/5040
2024-04-17 18:47 | INFO | Query 7 Size of the filtered table is = 50
2024-04-17 18:47 | INFO | Query 7 Active Learning Random Query Runtime on Validation Set: 217481.64
2024-04-17 18:47 | INFO | Query 7 Active Learning Random Query Runtime on Test Set: 179857.54
2024-04-17 18:47 | INFO | Query 7 Active Learning Random Query Instance Cost: 85546.29
2024-04-17 18:47 | INFO | Query 8 Size of the uncertainty table is = 4464/5040
2024-04-17 18:47 | INFO | Query 8 Size of the filtered table is = 50
2024-04-17 18:48 | INFO | Query 8 Active Learning Random Query Runtime on Validation Set: 292366.39
2024-04-17 18:48 | INFO | Query 8 Active Learning Random Query Runtime on Test Set: 180863.14
2024-04-17 18:48 | INFO | Query 8 Active Learning Random Query Instance Cost: 104347.07
2024-04-17 18:48 | INFO | Timeout limit is increased to 700
2024-04-17 18:48 | INFO | Query 9 Size of the uncertainty table is = 4306/5040
2024-04-17 18:48 | INFO | Query 9 Size of the filtered table is = 50
2024-04-17 18:48 | INFO | Query 9 Active Learning Random Query Runtime on Validation Set: 289471.45
2024-04-17 18:48 | INFO | Query 9 Active Learning Random Query Runtime on Test Set: 181626.98
2024-04-17 18:48 | INFO | Query 9 Active Learning Random Query Instance Cost: 122196.51
2024-04-17 18:48 | INFO | Query 10 Size of the uncertainty table is = 4136/5040
2024-04-17 18:48 | INFO | Query 10 Size of the filtered table is = 50
2024-04-17 18:49 | INFO | Query 10 Active Learning Random Query Runtime on Validation Set: 254192.21
2024-04-17 18:49 | INFO | Query 10 Active Learning Random Query Runtime on Test Set: 111403.91
2024-04-17 18:49 | INFO | Query 10 Active Learning Random Query Instance Cost: 140089.5
2024-04-17 18:49 | INFO | Query 11 Size of the uncertainty table is = 3984/5040
2024-04-17 18:49 | INFO | Query 11 Size of the filtered table is = 50
2024-04-17 18:49 | INFO | Query 11 Active Learning Random Query Runtime on Validation Set: 290618.15
2024-04-17 18:49 | INFO | Query 11 Active Learning Random Query Runtime on Test Set: 183003.43
2024-04-17 18:49 | INFO | Query 11 Active Learning Random Query Instance Cost: 155102.96
2024-04-17 18:49 | INFO | Timeout limit is increased to 800
2024-04-17 18:49 | INFO | Query 12 Size of the uncertainty table is = 3817/5040
2024-04-17 18:49 | INFO | Query 12 Size of the filtered table is = 50
2024-04-17 18:50 | INFO | Query 12 Active Learning Random Query Runtime on Validation Set: 291362.37
2024-04-17 18:50 | INFO | Query 12 Active Learning Random Query Runtime on Test Set: 183476.5
2024-04-17 18:50 | INFO | Query 12 Active Learning Random Query Instance Cost: 169977.94
2024-04-17 18:50 | INFO | Timeout limit is increased to 900
2024-04-17 18:50 | INFO | Query 13 Size of the uncertainty table is = 3613/5040
2024-04-17 18:50 | INFO | Query 13 Size of the filtered table is = 50
2024-04-17 18:50 | INFO | Query 13 Active Learning Random Query Runtime on Validation Set: 256042.74
2024-04-17 18:50 | INFO | Query 13 Active Learning Random Query Runtime on Test Set: 148220.94
2024-04-17 18:50 | INFO | Query 13 Active Learning Random Query Instance Cost: 195013.94
2024-04-17 18:50 | INFO | Query 14 Size of the uncertainty table is = 3450/5040
2024-04-17 18:50 | INFO | Query 14 Size of the filtered table is = 50
2024-04-17 18:50 | INFO | Query 14 Active Learning Random Query Runtime on Validation Set: 256780.87
2024-04-17 18:50 | INFO | Query 14 Active Learning Random Query Runtime on Test Set: 148775.57
2024-04-17 18:50 | INFO | Query 14 Active Learning Random Query Instance Cost: 218653.47
2024-04-17 18:50 | INFO | Timeout limit is increased to 1000
2024-04-17 18:50 | INFO | Query 15 Size of the uncertainty table is = 3264/5040
2024-04-17 18:50 | INFO | Query 15 Size of the filtered table is = 50
2024-04-17 18:51 | INFO | Query 15 Active Learning Random Query Runtime on Validation Set: 220761.91
2024-04-17 18:51 | INFO | Query 15 Active Learning Random Query Runtime on Test Set: 216494.79
2024-04-17 18:51 | INFO | Query 15 Active Learning Random Query Instance Cost: 240734.92
2024-04-17 18:51 | INFO | Query 16 Size of the uncertainty table is = 3064/5040
2024-04-17 18:51 | INFO | Query 16 Size of the filtered table is = 50
2024-04-17 18:51 | INFO | Query 16 Active Learning Random Query Runtime on Validation Set: 256607.85
2024-04-17 18:51 | INFO | Query 16 Active Learning Random Query Runtime on Test Set: 216202.96
2024-04-17 18:51 | INFO | Query 16 Active Learning Random Query Instance Cost: 264315.07
2024-04-17 18:51 | INFO | Timeout limit is increased to 1100
2024-04-17 18:51 | INFO | Query 17 Size of the uncertainty table is = 2885/5040
2024-04-17 18:51 | INFO | Query 17 Size of the filtered table is = 50
2024-04-17 18:52 | INFO | Query 17 Active Learning Random Query Runtime on Validation Set: 253716.05
2024-04-17 18:52 | INFO | Query 17 Active Learning Random Query Runtime on Test Set: 179822.14
2024-04-17 18:52 | INFO | Query 17 Active Learning Random Query Instance Cost: 286034.89
2024-04-17 18:52 | INFO | Query 18 Size of the uncertainty table is = 2706/5040
2024-04-17 18:52 | INFO | Query 18 Size of the filtered table is = 50
2024-04-17 18:52 | INFO | Query 18 Active Learning Random Query Runtime on Validation Set: 293494.56
2024-04-17 18:52 | INFO | Query 18 Active Learning Random Query Runtime on Test Set: 180142.55
2024-04-17 18:52 | INFO | Query 18 Active Learning Random Query Instance Cost: 307959.3
2024-04-17 18:52 | INFO | Timeout limit is increased to 1200
2024-04-17 18:52 | INFO | Query 19 Size of the uncertainty table is = 2498/5040
2024-04-17 18:52 | INFO | Query 19 Size of the filtered table is = 50
2024-04-17 18:52 | INFO | Query 19 Active Learning Random Query Runtime on Validation Set: 326567.87
2024-04-17 18:52 | INFO | Query 19 Active Learning Random Query Runtime on Test Set: 145680.31
2024-04-17 18:52 | INFO | Query 19 Active Learning Random Query Instance Cost: 330243.45
2024-04-17 18:52 | INFO | Timeout limit is increased to 1300
2024-04-17 18:52 | INFO | Query 20 Size of the uncertainty table is = 2332/5040
2024-04-17 18:52 | INFO | Query 20 Size of the filtered table is = 50
2024-04-17 18:53 | INFO | Query 20 Active Learning Random Query Runtime on Validation Set: 293235.66
2024-04-17 18:53 | INFO | Query 20 Active Learning Random Query Runtime on Test Set: 179945.11
2024-04-17 18:53 | INFO | Query 20 Active Learning Random Query Instance Cost: 362951.89
2024-04-17 18:53 | INFO | Query 21 Size of the uncertainty table is = 2200/5040
2024-04-17 18:53 | INFO | Query 21 Size of the filtered table is = 50
2024-04-17 18:53 | INFO | Query 21 Active Learning Random Query Runtime on Validation Set: 326440.3
2024-04-17 18:53 | INFO | Query 21 Active Learning Random Query Runtime on Test Set: 78004.66
2024-04-17 18:53 | INFO | Query 21 Active Learning Random Query Instance Cost: 387863.3
2024-04-17 18:53 | INFO | Timeout limit is increased to 1400
2024-04-17 18:53 | INFO | Query 22 Size of the uncertainty table is = 2023/5040
2024-04-17 18:53 | INFO | Query 22 Size of the filtered table is = 50
2024-04-17 18:54 | INFO | Query 22 Active Learning Random Query Runtime on Validation Set: 329849.55
2024-04-17 18:54 | INFO | Query 22 Active Learning Random Query Runtime on Test Set: 77978.93
2024-04-17 18:54 | INFO | Query 22 Active Learning Random Query Instance Cost: 412147.54
2024-04-17 18:54 | INFO | Timeout limit is increased to 1500
2024-04-17 18:54 | INFO | Query 23 Size of the uncertainty table is = 1818/5040
2024-04-17 18:54 | INFO | Query 23 Size of the filtered table is = 50
2024-04-17 18:54 | INFO | Query 23 Active Learning Random Query Runtime on Validation Set: 329189.06
2024-04-17 18:54 | INFO | Query 23 Active Learning Random Query Runtime on Test Set: 112529.07
2024-04-17 18:54 | INFO | Query 23 Active Learning Random Query Instance Cost: 451789.32
2024-04-17 18:54 | INFO | Query 24 Size of the uncertainty table is = 1635/5040
2024-04-17 18:54 | INFO | Query 24 Size of the filtered table is = 50
2024-04-17 18:55 | INFO | Query 24 Active Learning Random Query Runtime on Validation Set: 330131.15
2024-04-17 18:55 | INFO | Query 24 Active Learning Random Query Runtime on Test Set: 113322.79
2024-04-17 18:55 | INFO | Query 24 Active Learning Random Query Instance Cost: 483930.43
2024-04-17 18:55 | INFO | Timeout limit is increased to 1600
2024-04-17 18:55 | INFO | Query 25 Size of the uncertainty table is = 1451/5040
2024-04-17 18:55 | INFO | Query 25 Size of the filtered table is = 50
2024-04-17 18:55 | INFO | Query 25 Active Learning Random Query Runtime on Validation Set: 294466.21
2024-04-17 18:55 | INFO | Query 25 Active Learning Random Query Runtime on Test Set: 78846.41
2024-04-17 18:55 | INFO | Query 25 Active Learning Random Query Instance Cost: 515144.58
2024-04-17 18:55 | INFO | Query 26 Size of the uncertainty table is = 1317/5040
2024-04-17 18:55 | INFO | Query 26 Size of the filtered table is = 50
2024-04-17 18:55 | INFO | Query 26 Active Learning Random Query Runtime on Validation Set: 294145.59
2024-04-17 18:55 | INFO | Query 26 Active Learning Random Query Runtime on Test Set: 78910.94
2024-04-17 18:55 | INFO | Query 26 Active Learning Random Query Instance Cost: 548183.53
2024-04-17 18:55 | INFO | Query 27 Size of the uncertainty table is = 1214/5040
2024-04-17 18:55 | INFO | Query 27 Size of the filtered table is = 50
2024-04-17 18:56 | INFO | Query 27 Active Learning Random Query Runtime on Validation Set: 294192.39
2024-04-17 18:56 | INFO | Query 27 Active Learning Random Query Runtime on Test Set: 113440.69
2024-04-17 18:56 | INFO | Query 27 Active Learning Random Query Instance Cost: 575913.88
2024-04-17 18:56 | INFO | Timeout limit is increased to 1700
2024-04-17 18:56 | INFO | Query 28 Size of the uncertainty table is = 1039/5040
2024-04-17 18:56 | INFO | Query 28 Size of the filtered table is = 50
2024-04-17 18:56 | INFO | Query 28 Active Learning Random Query Runtime on Validation Set: 330465.88
2024-04-17 18:56 | INFO | Query 28 Active Learning Random Query Runtime on Test Set: 113439.65
2024-04-17 18:56 | INFO | Query 28 Active Learning Random Query Instance Cost: 604465.57
2024-04-17 18:56 | INFO | Timeout limit is increased to 1800
2024-04-17 18:56 | INFO | Query 29 Size of the uncertainty table is = 914/5040
2024-04-17 18:56 | INFO | Query 29 Size of the filtered table is = 50
2024-04-17 18:57 | INFO | Query 29 Active Learning Random Query Runtime on Validation Set: 330144.83
2024-04-17 18:57 | INFO | Query 29 Active Learning Random Query Runtime on Test Set: 113543.06
2024-04-17 18:57 | INFO | Query 29 Active Learning Random Query Instance Cost: 643939.93
2024-04-17 18:57 | INFO | Query 30 Size of the uncertainty table is = 830/5040
2024-04-17 18:57 | INFO | Query 30 Size of the filtered table is = 50
2024-04-17 18:57 | INFO | Query 30 Active Learning Random Query Runtime on Validation Set: 330144.83
2024-04-17 18:57 | INFO | Query 30 Active Learning Random Query Runtime on Test Set: 113996.74
2024-04-17 18:57 | INFO | Query 30 Active Learning Random Query Instance Cost: 671858.18
2024-04-17 18:57 | INFO | Timeout limit is increased to 1900
2024-04-17 18:57 | INFO | Query 31 Size of the uncertainty table is = 749/5040
2024-04-17 18:57 | INFO | Query 31 Size of the filtered table is = 50
2024-04-17 18:57 | INFO | Query 31 Active Learning Random Query Runtime on Validation Set: 330140.79
2024-04-17 18:57 | INFO | Query 31 Active Learning Random Query Runtime on Test Set: 113996.74
2024-04-17 18:57 | INFO | Query 31 Active Learning Random Query Instance Cost: 703073.28
2024-04-17 18:57 | INFO | Query 32 Size of the uncertainty table is = 692/5040
2024-04-17 18:57 | INFO | Query 32 Size of the filtered table is = 50
2024-04-17 18:58 | INFO | Query 32 Active Learning Random Query Runtime on Validation Set: 297138.73
2024-04-17 18:58 | INFO | Query 32 Active Learning Random Query Runtime on Test Set: 148410.85
2024-04-17 18:58 | INFO | Query 32 Active Learning Random Query Instance Cost: 721761.9
2024-04-17 18:58 | INFO | Query 33 Size of the uncertainty table is = 644/5040
2024-04-17 18:58 | INFO | Query 33 Size of the filtered table is = 50
2024-04-17 18:58 | INFO | Query 33 Active Learning Random Query Runtime on Validation Set: 297138.73
2024-04-17 18:58 | INFO | Query 33 Active Learning Random Query Runtime on Test Set: 113997.73
2024-04-17 18:58 | INFO | Query 33 Active Learning Random Query Instance Cost: 733629.49
2024-04-17 18:58 | INFO | Timeout limit is increased to 2000
2024-04-17 18:58 | INFO | Query 34 Size of the uncertainty table is = 622/5040
2024-04-17 18:58 | INFO | Query 34 Size of the filtered table is = 50
2024-04-17 18:59 | INFO | Query 34 Active Learning Random Query Runtime on Validation Set: 297131.47
2024-04-17 18:59 | INFO | Query 34 Active Learning Random Query Runtime on Test Set: 113997.73
2024-04-17 18:59 | INFO | Query 34 Active Learning Random Query Instance Cost: 757495.24
2024-04-17 18:59 | INFO | Query 35 Size of the uncertainty table is = 593/5040
2024-04-17 18:59 | INFO | Query 35 Size of the filtered table is = 50
2024-04-17 18:59 | INFO | Query 35 Active Learning Random Query Runtime on Validation Set: 330469.42
2024-04-17 18:59 | INFO | Query 35 Active Learning Random Query Runtime on Test Set: 113997.73
2024-04-17 18:59 | INFO | Query 35 Active Learning Random Query Instance Cost: 771953.87
2024-04-17 18:59 | INFO | Timeout limit is increased to 2100
2024-04-17 18:59 | INFO | Query 36 Size of the uncertainty table is = 561/5040
2024-04-17 18:59 | INFO | Query 36 Size of the filtered table is = 50
2024-04-17 19:00 | INFO | Query 36 Active Learning Random Query Runtime on Validation Set: 330469.42
2024-04-17 19:00 | INFO | Query 36 Active Learning Random Query Runtime on Test Set: 113997.73
2024-04-17 19:00 | INFO | Query 36 Active Learning Random Query Instance Cost: 790613.73
2024-04-17 19:00 | INFO | Timeout limit is increased to 2200
2024-04-17 19:00 | INFO | Query 37 Size of the uncertainty table is = 556/5040
2024-04-17 19:00 | INFO | Query 37 Size of the filtered table is = 50
2024-04-17 19:00 | INFO | Query 37 Active Learning Random Query Runtime on Validation Set: 330469.42
2024-04-17 19:00 | INFO | Query 37 Active Learning Random Query Runtime on Test Set: 113997.73
2024-04-17 19:00 | INFO | Query 37 Active Learning Random Query Instance Cost: 817313.73
2024-04-17 19:00 | INFO | Timeout limit is increased to 2300
2024-04-17 19:00 | INFO | Query 38 Size of the uncertainty table is = 556/5040
2024-04-17 19:00 | INFO | Query 38 Size of the filtered table is = 50
2024-04-17 19:00 | INFO | Query 38 Active Learning Random Query Runtime on Validation Set: 330469.42
2024-04-17 19:00 | INFO | Query 38 Active Learning Random Query Runtime on Test Set: 113997.73
2024-04-17 19:00 | INFO | Query 38 Active Learning Random Query Instance Cost: 843805.39
2024-04-17 19:00 | INFO | Timeout limit is increased to 2400
2024-04-17 19:00 | INFO | Query 39 Size of the uncertainty table is = 549/5040
2024-04-17 19:00 | INFO | Query 39 Size of the filtered table is = 50
2024-04-17 19:01 | INFO | Query 39 Active Learning Random Query Runtime on Validation Set: 330469.05
2024-04-17 19:01 | INFO | Query 39 Active Learning Random Query Runtime on Test Set: 113997.73
2024-04-17 19:01 | INFO | Query 39 Active Learning Random Query Instance Cost: 877822.67
2024-04-17 19:01 | INFO | Query 40 Size of the uncertainty table is = 541/5040
2024-04-17 19:01 | INFO | Query 40 Size of the filtered table is = 50
2024-04-17 19:01 | INFO | Query 40 Active Learning Random Query Runtime on Validation Set: 330469.05
2024-04-17 19:01 | INFO | Query 40 Active Learning Random Query Runtime on Test Set: 113997.73
2024-04-17 19:01 | INFO | Query 40 Active Learning Random Query Instance Cost: 891822.67
2024-04-17 19:01 | INFO | Timeout limit is increased to 2500
2024-04-17 19:01 | INFO | Query 41 Size of the uncertainty table is = 541/5040
2024-04-17 19:01 | INFO | Query 41 Size of the filtered table is = 50
2024-04-17 19:02 | INFO | Query 41 Active Learning Random Query Runtime on Validation Set: 330462.32
2024-04-17 19:02 | INFO | Query 41 Active Learning Random Query Runtime on Test Set: 113997.73
2024-04-17 19:02 | INFO | Query 41 Active Learning Random Query Instance Cost: 918930.62
2024-04-17 19:02 | INFO | Query 42 Size of the uncertainty table is = 536/5040
2024-04-17 19:02 | INFO | Query 42 Size of the filtered table is = 50
2024-04-17 19:02 | INFO | Query 42 Active Learning Random Query Runtime on Validation Set: 330462.32
2024-04-17 19:02 | INFO | Query 42 Active Learning Random Query Runtime on Test Set: 113997.73
2024-04-17 19:02 | INFO | Query 42 Active Learning Random Query Instance Cost: 933083.2
2024-04-17 19:02 | INFO | Timeout limit is increased to 2600
2024-04-17 19:02 | INFO | Query 43 Size of the uncertainty table is = 534/5040
2024-04-17 19:02 | INFO | Query 43 Size of the filtered table is = 50
2024-04-17 19:02 | INFO | Query 43 Active Learning Random Query Runtime on Validation Set: 330462.32
2024-04-17 19:02 | INFO | Query 43 Active Learning Random Query Runtime on Test Set: 113997.73
2024-04-17 19:02 | INFO | Query 43 Active Learning Random Query Instance Cost: 953575.97
2024-04-17 19:02 | INFO | Timeout limit is increased to 2700
2024-04-17 19:02 | INFO | Query 44 Size of the uncertainty table is = 533/5040
2024-04-17 19:02 | INFO | Query 44 Size of the filtered table is = 50
2024-04-17 19:03 | INFO | Query 44 Active Learning Random Query Runtime on Validation Set: 330463.22
2024-04-17 19:03 | INFO | Query 44 Active Learning Random Query Runtime on Test Set: 148410.85
2024-04-17 19:03 | INFO | Query 44 Active Learning Random Query Instance Cost: 975646.82
2024-04-17 19:03 | INFO | Timeout limit is increased to 2800
2024-04-17 19:03 | INFO | Query 45 Size of the uncertainty table is = 523/5040
2024-04-17 19:03 | INFO | Query 45 Size of the filtered table is = 50
2024-04-17 19:03 | INFO | Query 45 Active Learning Random Query Runtime on Validation Set: 330463.22
2024-04-17 19:03 | INFO | Query 45 Active Learning Random Query Runtime on Test Set: 148410.85
2024-04-17 19:03 | INFO | Query 45 Active Learning Random Query Instance Cost: 1011113.59
2024-04-17 19:03 | INFO | Timeout limit is increased to 2900
2024-04-17 19:03 | INFO | Query 46 Size of the uncertainty table is = 521/5040
2024-04-17 19:03 | INFO | Query 46 Size of the filtered table is = 50
2024-04-17 19:04 | INFO | Query 46 Active Learning Random Query Runtime on Validation Set: 330463.22
2024-04-17 19:04 | INFO | Query 46 Active Learning Random Query Runtime on Test Set: 148410.85
2024-04-17 19:04 | INFO | Query 46 Active Learning Random Query Instance Cost: 1031713.59
2024-04-17 19:04 | INFO | Timeout limit is increased to 3000
2024-04-17 19:04 | INFO | Query 47 Size of the uncertainty table is = 521/5040
2024-04-17 19:04 | INFO | Query 47 Size of the filtered table is = 50
2024-04-17 19:04 | INFO | Query 47 Active Learning Random Query Runtime on Validation Set: 330463.22
2024-04-17 19:04 | INFO | Query 47 Active Learning Random Query Runtime on Test Set: 148410.85
2024-04-17 19:04 | INFO | Query 47 Active Learning Random Query Instance Cost: 1060527.1
2024-04-17 19:04 | INFO | Timeout limit is increased to 3100
2024-04-17 19:04 | INFO | Query 48 Size of the uncertainty table is = 519/5040
2024-04-17 19:04 | INFO | Query 48 Size of the filtered table is = 50
2024-04-17 19:04 | INFO | Query 48 Active Learning Random Query Runtime on Validation Set: 330147.89
2024-04-17 19:04 | INFO | Query 48 Active Learning Random Query Runtime on Test Set: 148410.85
2024-04-17 19:04 | INFO | Query 48 Active Learning Random Query Instance Cost: 1089068.86
2024-04-17 19:04 | INFO | Query 49 Size of the uncertainty table is = 494/5040
2024-04-17 19:04 | INFO | Query 49 Size of the filtered table is = 50
2024-04-17 19:05 | INFO | Query 49 Active Learning Random Query Runtime on Validation Set: 330147.89
2024-04-17 19:05 | INFO | Query 49 Active Learning Random Query Runtime on Test Set: 148410.85
2024-04-17 19:05 | INFO | Query 49 Active Learning Random Query Instance Cost: 1103868.86
2024-04-17 19:05 | INFO | Timeout limit is increased to 3200
2024-04-17 19:05 | INFO | Query 50 Size of the uncertainty table is = 494/5040
2024-04-17 19:05 | INFO | Query 50 Size of the filtered table is = 50
2024-04-17 19:05 | INFO | Query 50 Active Learning Random Query Runtime on Validation Set: 330147.89
2024-04-17 19:05 | INFO | Query 50 Active Learning Random Query Runtime on Test Set: 148320.52
2024-04-17 19:05 | INFO | Query 50 Active Learning Random Query Instance Cost: 1124835.4
2024-04-17 19:05 | INFO | Timeout limit is increased to 3300
2024-04-17 19:05 | INFO | Query 51 Size of the uncertainty table is = 489/5040
2024-04-17 19:05 | INFO | Query 51 Size of the filtered table is = 50
2024-04-17 19:06 | INFO | Query 51 Active Learning Random Query Runtime on Validation Set: 330147.89
2024-04-17 19:06 | INFO | Query 51 Active Learning Random Query Runtime on Test Set: 148320.52
2024-04-17 19:06 | INFO | Query 51 Active Learning Random Query Instance Cost: 1146053.64
2024-04-17 19:06 | INFO | Timeout limit is increased to 3400
2024-04-17 19:06 | INFO | Query 52 Size of the uncertainty table is = 488/5040
2024-04-17 19:06 | INFO | Query 52 Size of the filtered table is = 50
2024-04-17 19:06 | INFO | Query 52 Active Learning Random Query Runtime on Validation Set: 294164.44
2024-04-17 19:06 | INFO | Query 52 Active Learning Random Query Runtime on Test Set: 148319.53
2024-04-17 19:06 | INFO | Query 52 Active Learning Random Query Instance Cost: 1168558.53
2024-04-17 19:06 | INFO | Query 53 Size of the uncertainty table is = 483/5040
2024-04-17 19:06 | INFO | Query 53 Size of the filtered table is = 50
2024-04-17 19:07 | INFO | Query 53 Active Learning Random Query Runtime on Validation Set: 294164.44
2024-04-17 19:07 | INFO | Query 53 Active Learning Random Query Runtime on Test Set: 148410.85
2024-04-17 19:07 | INFO | Query 53 Active Learning Random Query Instance Cost: 1188087.43
2024-04-17 19:07 | INFO | Timeout limit is increased to 3500
2024-04-17 19:07 | INFO | Query 54 Size of the uncertainty table is = 473/5040
2024-04-17 19:07 | INFO | Query 54 Size of the filtered table is = 50
2024-04-17 19:07 | INFO | Query 54 Active Learning Random Query Runtime on Validation Set: 294168.48
2024-04-17 19:07 | INFO | Query 54 Active Learning Random Query Runtime on Test Set: 148410.85
2024-04-17 19:07 | INFO | Query 54 Active Learning Random Query Instance Cost: 1215570.82
2024-04-17 19:07 | INFO | Timeout limit is increased to 3600
2024-04-17 19:07 | INFO | Query 55 Size of the uncertainty table is = 469/5040
2024-04-17 19:07 | INFO | Query 55 Size of the filtered table is = 50
2024-04-17 19:07 | INFO | Query 55 Active Learning Random Query Runtime on Validation Set: 294168.48
2024-04-17 19:07 | INFO | Query 55 Active Learning Random Query Runtime on Test Set: 148410.85
2024-04-17 19:07 | INFO | Query 55 Active Learning Random Query Instance Cost: 1239470.82
2024-04-17 19:07 | INFO | Timeout limit is increased to 3600
2024-04-17 19:07 | INFO | runtime_train_score is written as json file
2024-04-17 19:07 | INFO | runtime_test_score is written as json file
2024-04-17 19:07 | INFO | runtime_validation_score is written as json file
2024-04-17 19:07 | INFO | instance_cost is written as json file
2024-04-17 19:07 | INFO | Experiment is finished
