2024-04-17 19:08 | INFO | Paramaters are: {'dataset': 'ASP-POTASSCO', 'penalty': 10, 'weight': 'No_Weight', 'voting': 'Hard', 'pre_selection_size': 64, 'pre_selection_technique': 'No_pre_selection', 'feature_elimination_threshold': 20, 'imputer_strategy': 'median', 'feature_selection_technique': 'No_feature_selection', 'feature_scaling_technique': 'StandardScaler', 'initial_train_size': 20, 'query_size': 1, 'timeout_predictor_usage': 'No', 'timeout_limit': 100, 'timeout_increase_rate': 100, 'RANDOM_STATE_SEED': 42, 'n_splits': 10, 'split_number': 3, 'max_timeout': 3600, 'param_grid': {'n_estimators': 100, 'criterion': 'gini', 'max_features': 'sqrt', 'max_depth': 2147483648, 'min_samples_split': 2, 'bootstrap': True}}
2024-04-17 19:08 | INFO | ASP-POTASSCO is current dataset
2024-04-17 19:08 | INFO | DATASETS/ASP-POTASSCO/algorithm_runs.arff is found
2024-04-17 19:08 | INFO | DATASETS/ASP-POTASSCO/algorithm_runs.arff is finished
2024-04-17 19:08 | INFO | DATASETS/ASP-POTASSCO/feature_values.arff is found
2024-04-17 19:08 | INFO | DATASETS/ASP-POTASSCO/feature_values.arff is finished
2024-04-17 19:08 | INFO | DATASETS/ASP-POTASSCO/feature_costs.arff is found
2024-04-17 19:08 | INFO | DATASETS/ASP-POTASSCO/feature_costs.arff is finished
2024-04-17 19:08 | INFO | Feature cost of train set is 1083.91
2024-04-17 19:10 | INFO | Initial Active Learning Random Query Runtime on Validation Set: 43517.07
2024-04-17 19:10 | INFO | Initial Active Learning Random Query Runtime on Test Set: 255105.8
2024-04-17 19:10 | INFO | Initial Active Learning Random Query Instance Cost: 7767.86
2024-04-17 19:10 | INFO | Bin size = 393
2024-04-17 19:11 | INFO | Query 1 Size of the uncertainty table is = 39547/39325
2024-04-17 19:11 | INFO | Query 1 Size of the filtered table is = 393
2024-04-17 19:13 | INFO | Query 1 Active Learning Random Query Runtime on Validation Set: 153750.81
2024-04-17 19:13 | INFO | Query 1 Active Learning Random Query Runtime on Test Set: 147933.77
2024-04-17 19:13 | INFO | Query 1 Active Learning Random Query Instance Cost: 34591.06
2024-04-17 19:13 | INFO | Timeout limit is increased to 200
2024-04-17 19:13 | INFO | Query 2 Size of the uncertainty table is = 39017/39325
2024-04-17 19:13 | INFO | Query 2 Size of the filtered table is = 393
2024-04-17 19:16 | INFO | Query 2 Active Learning Random Query Runtime on Validation Set: 403280.42
2024-04-17 19:16 | INFO | Query 2 Active Learning Random Query Runtime on Test Set: 255508.41
2024-04-17 19:16 | INFO | Query 2 Active Learning Random Query Instance Cost: 81375.74
2024-04-17 19:16 | INFO | Timeout limit is increased to 300
2024-04-17 19:16 | INFO | Query 3 Size of the uncertainty table is = 38004/39325
2024-04-17 19:16 | INFO | Query 3 Size of the filtered table is = 393
2024-04-17 19:18 | INFO | Query 3 Active Learning Random Query Runtime on Validation Set: 116244.51
2024-04-17 19:18 | INFO | Query 3 Active Learning Random Query Runtime on Test Set: 112390.75
2024-04-17 19:18 | INFO | Query 3 Active Learning Random Query Instance Cost: 147357.93
2024-04-17 19:18 | INFO | Query 4 Size of the uncertainty table is = 36728/39325
2024-04-17 19:18 | INFO | Query 4 Size of the filtered table is = 393
2024-04-17 19:21 | INFO | Query 4 Active Learning Random Query Runtime on Validation Set: 331882.51
2024-04-17 19:21 | INFO | Query 4 Active Learning Random Query Runtime on Test Set: 183957.12
2024-04-17 19:21 | INFO | Query 4 Active Learning Random Query Instance Cost: 198896.65
2024-04-17 19:21 | INFO | Timeout limit is increased to 400
2024-04-17 19:21 | INFO | Query 5 Size of the uncertainty table is = 35013/39325
2024-04-17 19:21 | INFO | Query 5 Size of the filtered table is = 393
2024-04-17 19:23 | INFO | Query 5 Active Learning Random Query Runtime on Validation Set: 366315.11
2024-04-17 19:23 | INFO | Query 5 Active Learning Random Query Runtime on Test Set: 183655.24
2024-04-17 19:23 | INFO | Query 5 Active Learning Random Query Instance Cost: 268846.33
2024-04-17 19:23 | INFO | Timeout limit is increased to 500
2024-04-17 19:23 | INFO | Query 6 Size of the uncertainty table is = 33190/39325
2024-04-17 19:23 | INFO | Query 6 Size of the filtered table is = 393
2024-04-17 19:26 | INFO | Query 6 Active Learning Random Query Runtime on Validation Set: 367714.71
2024-04-17 19:26 | INFO | Query 6 Active Learning Random Query Runtime on Test Set: 184550.08
2024-04-17 19:26 | INFO | Query 6 Active Learning Random Query Instance Cost: 355055.69
2024-04-17 19:26 | INFO | Timeout limit is increased to 600
2024-04-17 19:26 | INFO | Query 7 Size of the uncertainty table is = 31139/39325
2024-04-17 19:26 | INFO | Query 7 Size of the filtered table is = 393
2024-04-17 19:29 | INFO | Query 7 Active Learning Random Query Runtime on Validation Set: 260002.9
2024-04-17 19:29 | INFO | Query 7 Active Learning Random Query Runtime on Test Set: 183984.18
2024-04-17 19:29 | INFO | Query 7 Active Learning Random Query Instance Cost: 453717.13
2024-04-17 19:29 | INFO | Query 8 Size of the uncertainty table is = 28954/39325
2024-04-17 19:29 | INFO | Query 8 Size of the filtered table is = 393
2024-04-17 19:31 | INFO | Query 8 Active Learning Random Query Runtime on Validation Set: 509755.66
2024-04-17 19:31 | INFO | Query 8 Active Learning Random Query Runtime on Test Set: 219261.97
2024-04-17 19:31 | INFO | Query 8 Active Learning Random Query Instance Cost: 546226.26
2024-04-17 19:31 | INFO | Timeout limit is increased to 700
2024-04-17 19:32 | INFO | Query 9 Size of the uncertainty table is = 26640/39325
2024-04-17 19:32 | INFO | Query 9 Size of the filtered table is = 393
2024-04-17 19:34 | INFO | Query 9 Active Learning Random Query Runtime on Validation Set: 331880.58
2024-04-17 19:34 | INFO | Query 9 Active Learning Random Query Runtime on Test Set: 183657.97
2024-04-17 19:34 | INFO | Query 9 Active Learning Random Query Instance Cost: 654597.65
2024-04-17 19:34 | INFO | Query 10 Size of the uncertainty table is = 24193/39325
2024-04-17 19:34 | INFO | Query 10 Size of the filtered table is = 393
2024-04-17 19:37 | INFO | Query 10 Active Learning Random Query Runtime on Validation Set: 367459.2
2024-04-17 19:37 | INFO | Query 10 Active Learning Random Query Runtime on Test Set: 183555.85
2024-04-17 19:37 | INFO | Query 10 Active Learning Random Query Instance Cost: 739228.77
2024-04-17 19:37 | INFO | Timeout limit is increased to 800
2024-04-17 19:37 | INFO | Query 11 Size of the uncertainty table is = 21555/39325
2024-04-17 19:37 | INFO | Query 11 Size of the filtered table is = 393
2024-04-17 19:40 | INFO | Query 11 Active Learning Random Query Runtime on Validation Set: 368471.35
2024-04-17 19:40 | INFO | Query 11 Active Learning Random Query Runtime on Test Set: 147672.0
2024-04-17 19:40 | INFO | Query 11 Active Learning Random Query Instance Cost: 849824.91
2024-04-17 19:40 | INFO | Timeout limit is increased to 900
2024-04-17 19:40 | INFO | Query 12 Size of the uncertainty table is = 19019/39325
2024-04-17 19:40 | INFO | Query 12 Size of the filtered table is = 393
2024-04-17 19:42 | INFO | Query 12 Active Learning Random Query Runtime on Validation Set: 187677.47
2024-04-17 19:42 | INFO | Query 12 Active Learning Random Query Runtime on Test Set: 147564.38
2024-04-17 19:42 | INFO | Query 12 Active Learning Random Query Instance Cost: 978863.66
2024-04-17 19:42 | INFO | Query 13 Size of the uncertainty table is = 16697/39325
2024-04-17 19:42 | INFO | Query 13 Size of the filtered table is = 393
2024-04-17 19:45 | INFO | Query 13 Active Learning Random Query Runtime on Validation Set: 295957.64
2024-04-17 19:45 | INFO | Query 13 Active Learning Random Query Runtime on Test Set: 147474.96
2024-04-17 19:45 | INFO | Query 13 Active Learning Random Query Instance Cost: 1097253.04
2024-04-17 19:45 | INFO | Timeout limit is increased to 1000
2024-04-17 19:45 | INFO | Query 14 Size of the uncertainty table is = 14469/39325
2024-04-17 19:45 | INFO | Query 14 Size of the filtered table is = 393
2024-04-17 19:48 | INFO | Query 14 Active Learning Random Query Runtime on Validation Set: 260350.75
2024-04-17 19:48 | INFO | Query 14 Active Learning Random Query Runtime on Test Set: 147377.08
2024-04-17 19:48 | INFO | Query 14 Active Learning Random Query Instance Cost: 1213846.25
2024-04-17 19:48 | INFO | Query 15 Size of the uncertainty table is = 12341/39325
2024-04-17 19:48 | INFO | Query 15 Size of the filtered table is = 393
2024-04-17 19:51 | INFO | Query 15 Active Learning Random Query Runtime on Validation Set: 403301.83
2024-04-17 19:51 | INFO | Query 15 Active Learning Random Query Runtime on Test Set: 183763.71
2024-04-17 19:51 | INFO | Query 15 Active Learning Random Query Instance Cost: 1326101.96
2024-04-17 19:51 | INFO | Timeout limit is increased to 1100
2024-04-17 19:51 | INFO | Query 16 Size of the uncertainty table is = 10281/39325
2024-04-17 19:51 | INFO | Query 16 Size of the filtered table is = 393
2024-04-17 19:54 | INFO | Query 16 Active Learning Random Query Runtime on Validation Set: 331044.56
2024-04-17 19:54 | INFO | Query 16 Active Learning Random Query Runtime on Test Set: 111511.13
2024-04-17 19:54 | INFO | Query 16 Active Learning Random Query Instance Cost: 1462872.33
2024-04-17 19:54 | INFO | Query 17 Size of the uncertainty table is = 8430/39325
2024-04-17 19:54 | INFO | Query 17 Size of the filtered table is = 393
2024-04-17 19:57 | INFO | Query 17 Active Learning Random Query Runtime on Validation Set: 295995.25
2024-04-17 19:57 | INFO | Query 17 Active Learning Random Query Runtime on Test Set: 111708.39
2024-04-17 19:57 | INFO | Query 17 Active Learning Random Query Instance Cost: 1584144.63
2024-04-17 19:57 | INFO | Query 18 Size of the uncertainty table is = 6785/39325
2024-04-17 19:57 | INFO | Query 18 Size of the filtered table is = 393
2024-04-17 20:00 | INFO | Query 18 Active Learning Random Query Runtime on Validation Set: 438962.58
2024-04-17 20:00 | INFO | Query 18 Active Learning Random Query Runtime on Test Set: 111815.59
2024-04-17 20:00 | INFO | Query 18 Active Learning Random Query Instance Cost: 1688796.56
2024-04-17 20:00 | INFO | Timeout limit is increased to 1200
2024-04-17 20:00 | INFO | Query 19 Size of the uncertainty table is = 5629/39325
2024-04-17 20:00 | INFO | Query 19 Size of the filtered table is = 393
2024-04-17 20:02 | INFO | Query 19 Active Learning Random Query Runtime on Validation Set: 474350.39
2024-04-17 20:02 | INFO | Query 19 Active Learning Random Query Runtime on Test Set: 147504.93
2024-04-17 20:02 | INFO | Query 19 Active Learning Random Query Instance Cost: 1806077.2
2024-04-17 20:02 | INFO | Timeout limit is increased to 1300
2024-04-17 20:02 | INFO | Query 20 Size of the uncertainty table is = 4919/39325
2024-04-17 20:02 | INFO | Query 20 Size of the filtered table is = 393
2024-04-17 20:05 | INFO | Query 20 Active Learning Random Query Runtime on Validation Set: 403075.92
2024-04-17 20:05 | INFO | Query 20 Active Learning Random Query Runtime on Test Set: 147597.74
2024-04-17 20:05 | INFO | Query 20 Active Learning Random Query Instance Cost: 1949374.08
2024-04-17 20:05 | INFO | Query 21 Size of the uncertainty table is = 4538/39325
2024-04-17 20:05 | INFO | Query 21 Size of the filtered table is = 393
2024-04-17 20:08 | INFO | Query 21 Active Learning Random Query Runtime on Validation Set: 437733.78
2024-04-17 20:08 | INFO | Query 21 Active Learning Random Query Runtime on Test Set: 147512.03
2024-04-17 20:08 | INFO | Query 21 Active Learning Random Query Instance Cost: 2036716.5
2024-04-17 20:08 | INFO | Timeout limit is increased to 1400
2024-04-17 20:08 | INFO | Query 22 Size of the uncertainty table is = 4327/39325
2024-04-17 20:08 | INFO | Query 22 Size of the filtered table is = 393
2024-04-17 20:11 | INFO | Query 22 Active Learning Random Query Runtime on Validation Set: 437897.91
2024-04-17 20:11 | INFO | Query 22 Active Learning Random Query Runtime on Test Set: 147741.02
2024-04-17 20:11 | INFO | Query 22 Active Learning Random Query Instance Cost: 2146780.21
2024-04-17 20:11 | INFO | Timeout limit is increased to 1500
2024-04-17 20:11 | INFO | Query 23 Size of the uncertainty table is = 4298/39325
2024-04-17 20:11 | INFO | Query 23 Size of the filtered table is = 393
2024-04-17 20:14 | INFO | Query 23 Active Learning Random Query Runtime on Validation Set: 366547.03
2024-04-17 20:14 | INFO | Query 23 Active Learning Random Query Runtime on Test Set: 147472.75
2024-04-17 20:14 | INFO | Query 23 Active Learning Random Query Instance Cost: 2269791.18
2024-04-17 20:14 | INFO | Query 24 Size of the uncertainty table is = 4266/39325
2024-04-17 20:14 | INFO | Query 24 Size of the filtered table is = 393
2024-04-17 20:17 | INFO | Query 24 Active Learning Random Query Runtime on Validation Set: 366728.81
2024-04-17 20:17 | INFO | Query 24 Active Learning Random Query Runtime on Test Set: 147428.55
2024-04-17 20:17 | INFO | Query 24 Active Learning Random Query Instance Cost: 2344221.12
2024-04-17 20:17 | INFO | Timeout limit is increased to 1600
2024-04-17 20:17 | INFO | Query 25 Size of the uncertainty table is = 4248/39325
2024-04-17 20:17 | INFO | Query 25 Size of the filtered table is = 393
2024-04-17 20:19 | INFO | Query 25 Active Learning Random Query Runtime on Validation Set: 366350.71
2024-04-17 20:19 | INFO | Query 25 Active Learning Random Query Runtime on Test Set: 147428.55
2024-04-17 20:19 | INFO | Query 25 Active Learning Random Query Instance Cost: 2445877.8
2024-04-17 20:19 | INFO | Query 26 Size of the uncertainty table is = 4247/39325
2024-04-17 20:19 | INFO | Query 26 Size of the filtered table is = 393
2024-04-17 20:22 | INFO | Query 26 Active Learning Random Query Runtime on Validation Set: 366350.71
2024-04-17 20:22 | INFO | Query 26 Active Learning Random Query Runtime on Test Set: 147440.42
2024-04-17 20:22 | INFO | Query 26 Active Learning Random Query Instance Cost: 2504198.49
2024-04-17 20:22 | INFO | Timeout limit is increased to 1700
2024-04-17 20:22 | INFO | Query 27 Size of the uncertainty table is = 4245/39325
2024-04-17 20:22 | INFO | Query 27 Size of the filtered table is = 393
2024-04-17 20:25 | INFO | Query 27 Active Learning Random Query Runtime on Validation Set: 402273.84
2024-04-17 20:25 | INFO | Query 27 Active Learning Random Query Runtime on Test Set: 147440.42
2024-04-17 20:25 | INFO | Query 27 Active Learning Random Query Instance Cost: 2603222.66
2024-04-17 20:25 | INFO | Timeout limit is increased to 1800
2024-04-17 20:25 | INFO | Query 28 Size of the uncertainty table is = 4242/39325
2024-04-17 20:25 | INFO | Query 28 Size of the filtered table is = 393
2024-04-17 20:28 | INFO | Query 28 Active Learning Random Query Runtime on Validation Set: 402273.84
2024-04-17 20:28 | INFO | Query 28 Active Learning Random Query Runtime on Test Set: 147440.42
2024-04-17 20:28 | INFO | Query 28 Active Learning Random Query Instance Cost: 2709022.66
2024-04-17 20:28 | INFO | Timeout limit is increased to 1900
2024-04-17 20:28 | INFO | Query 29 Size of the uncertainty table is = 4242/39325
2024-04-17 20:28 | INFO | Query 29 Size of the filtered table is = 393
2024-04-17 20:31 | INFO | Query 29 Active Learning Random Query Runtime on Validation Set: 402273.84
2024-04-17 20:31 | INFO | Query 29 Active Learning Random Query Runtime on Test Set: 147440.42
2024-04-17 20:31 | INFO | Query 29 Active Learning Random Query Instance Cost: 2843822.66
2024-04-17 20:31 | INFO | Timeout limit is increased to 2000
2024-04-17 20:31 | INFO | Query 30 Size of the uncertainty table is = 4242/39325
2024-04-17 20:31 | INFO | Query 30 Size of the filtered table is = 393
2024-04-17 20:33 | INFO | Query 30 Active Learning Random Query Runtime on Validation Set: 402273.84
2024-04-17 20:33 | INFO | Query 30 Active Learning Random Query Runtime on Test Set: 147440.42
2024-04-17 20:33 | INFO | Query 30 Active Learning Random Query Instance Cost: 2970483.85
2024-04-17 20:33 | INFO | Timeout limit is increased to 2100
2024-04-17 20:33 | INFO | Query 31 Size of the uncertainty table is = 4240/39325
2024-04-17 20:33 | INFO | Query 31 Size of the filtered table is = 393
2024-04-17 20:36 | INFO | Query 31 Active Learning Random Query Runtime on Validation Set: 402273.84
2024-04-17 20:36 | INFO | Query 31 Active Learning Random Query Runtime on Test Set: 147440.42
2024-04-17 20:36 | INFO | Query 31 Active Learning Random Query Instance Cost: 3105837.18
2024-04-17 20:36 | INFO | Timeout limit is increased to 2200
2024-04-17 20:36 | INFO | Query 32 Size of the uncertainty table is = 4238/39325
2024-04-17 20:36 | INFO | Query 32 Size of the filtered table is = 393
2024-04-17 20:39 | INFO | Query 32 Active Learning Random Query Runtime on Validation Set: 402273.84
2024-04-17 20:39 | INFO | Query 32 Active Learning Random Query Runtime on Test Set: 147440.42
2024-04-17 20:39 | INFO | Query 32 Active Learning Random Query Instance Cost: 3242737.18
2024-04-17 20:39 | INFO | Timeout limit is increased to 2300
2024-04-17 20:39 | INFO | Query 33 Size of the uncertainty table is = 4238/39325
2024-04-17 20:39 | INFO | Query 33 Size of the filtered table is = 393
2024-04-17 20:42 | INFO | Query 33 Active Learning Random Query Runtime on Validation Set: 402273.84
2024-04-17 20:42 | INFO | Query 33 Active Learning Random Query Runtime on Test Set: 147440.42
2024-04-17 20:42 | INFO | Query 33 Active Learning Random Query Instance Cost: 3371937.18
2024-04-17 20:42 | INFO | Timeout limit is increased to 2400
2024-04-17 20:42 | INFO | Query 34 Size of the uncertainty table is = 4238/39325
2024-04-17 20:42 | INFO | Query 34 Size of the filtered table is = 393
2024-04-17 20:45 | INFO | Query 34 Active Learning Random Query Runtime on Validation Set: 402273.84
2024-04-17 20:45 | INFO | Query 34 Active Learning Random Query Runtime on Test Set: 147440.42
2024-04-17 20:45 | INFO | Query 34 Active Learning Random Query Instance Cost: 3512237.18
2024-04-17 20:45 | INFO | Timeout limit is increased to 2500
2024-04-17 20:45 | INFO | Query 35 Size of the uncertainty table is = 4238/39325
2024-04-17 20:45 | INFO | Query 35 Size of the filtered table is = 393
2024-04-17 20:48 | INFO | Query 35 Active Learning Random Query Runtime on Validation Set: 402273.84
2024-04-17 20:48 | INFO | Query 35 Active Learning Random Query Runtime on Test Set: 147440.42
2024-04-17 20:48 | INFO | Query 35 Active Learning Random Query Instance Cost: 3652837.18
2024-04-17 20:48 | INFO | Timeout limit is increased to 2600
2024-04-17 20:48 | INFO | Query 36 Size of the uncertainty table is = 4238/39325
2024-04-17 20:48 | INFO | Query 36 Size of the filtered table is = 393
2024-04-17 20:50 | INFO | Query 36 Active Learning Random Query Runtime on Validation Set: 402273.84
2024-04-17 20:50 | INFO | Query 36 Active Learning Random Query Runtime on Test Set: 147440.42
2024-04-17 20:50 | INFO | Query 36 Active Learning Random Query Instance Cost: 3797537.18
2024-04-17 20:50 | INFO | Timeout limit is increased to 2700
2024-04-17 20:50 | INFO | Query 37 Size of the uncertainty table is = 4238/39325
2024-04-17 20:50 | INFO | Query 37 Size of the filtered table is = 393
2024-04-17 20:53 | INFO | Query 37 Active Learning Random Query Runtime on Validation Set: 402273.84
2024-04-17 20:53 | INFO | Query 37 Active Learning Random Query Runtime on Test Set: 147440.42
2024-04-17 20:53 | INFO | Query 37 Active Learning Random Query Instance Cost: 3945437.18
2024-04-17 20:53 | INFO | Timeout limit is increased to 2800
2024-04-17 20:53 | INFO | Query 38 Size of the uncertainty table is = 4238/39325
2024-04-17 20:53 | INFO | Query 38 Size of the filtered table is = 393
2024-04-17 20:56 | INFO | Query 38 Active Learning Random Query Runtime on Validation Set: 402273.84
2024-04-17 20:56 | INFO | Query 38 Active Learning Random Query Runtime on Test Set: 147440.42
2024-04-17 20:56 | INFO | Query 38 Active Learning Random Query Instance Cost: 4089537.18
2024-04-17 20:56 | INFO | Timeout limit is increased to 2900
2024-04-17 20:56 | INFO | Query 39 Size of the uncertainty table is = 4238/39325
2024-04-17 20:56 | INFO | Query 39 Size of the filtered table is = 393
2024-04-17 20:59 | INFO | Query 39 Active Learning Random Query Runtime on Validation Set: 402273.84
2024-04-17 20:59 | INFO | Query 39 Active Learning Random Query Runtime on Test Set: 147440.42
2024-04-17 20:59 | INFO | Query 39 Active Learning Random Query Instance Cost: 4211887.05
2024-04-17 20:59 | INFO | Timeout limit is increased to 3000
2024-04-17 20:59 | INFO | Query 40 Size of the uncertainty table is = 4237/39325
2024-04-17 20:59 | INFO | Query 40 Size of the filtered table is = 393
2024-04-17 21:02 | INFO | Query 40 Active Learning Random Query Runtime on Validation Set: 402273.84
2024-04-17 21:02 | INFO | Query 40 Active Learning Random Query Runtime on Test Set: 147440.42
2024-04-17 21:02 | INFO | Query 40 Active Learning Random Query Instance Cost: 4346787.05
2024-04-17 21:02 | INFO | Timeout limit is increased to 3100
2024-04-17 21:02 | INFO | Query 41 Size of the uncertainty table is = 4237/39325
2024-04-17 21:02 | INFO | Query 41 Size of the filtered table is = 393
2024-04-17 21:04 | INFO | Query 41 Active Learning Random Query Runtime on Validation Set: 402273.84
2024-04-17 21:04 | INFO | Query 41 Active Learning Random Query Runtime on Test Set: 147440.42
2024-04-17 21:04 | INFO | Query 41 Active Learning Random Query Instance Cost: 4482087.05
2024-04-17 21:04 | INFO | Timeout limit is increased to 3200
2024-04-17 21:04 | INFO | Query 42 Size of the uncertainty table is = 4237/39325
2024-04-17 21:04 | INFO | Query 42 Size of the filtered table is = 393
2024-04-17 21:07 | INFO | Query 42 Active Learning Random Query Runtime on Validation Set: 402273.84
2024-04-17 21:07 | INFO | Query 42 Active Learning Random Query Runtime on Test Set: 147440.42
2024-04-17 21:07 | INFO | Query 42 Active Learning Random Query Instance Cost: 4635087.05
2024-04-17 21:07 | INFO | Timeout limit is increased to 3300
2024-04-17 21:07 | INFO | Query 43 Size of the uncertainty table is = 4237/39325
2024-04-17 21:07 | INFO | Query 43 Size of the filtered table is = 393
2024-04-17 21:10 | INFO | Query 43 Active Learning Random Query Runtime on Validation Set: 402273.84
2024-04-17 21:10 | INFO | Query 43 Active Learning Random Query Runtime on Test Set: 147440.42
2024-04-17 21:10 | INFO | Query 43 Active Learning Random Query Instance Cost: 4776587.05
2024-04-17 21:10 | INFO | Timeout limit is increased to 3400
2024-04-17 21:10 | INFO | Query 44 Size of the uncertainty table is = 4237/39325
2024-04-17 21:10 | INFO | Query 44 Size of the filtered table is = 393
2024-04-17 21:13 | INFO | Query 44 Active Learning Random Query Runtime on Validation Set: 402273.84
2024-04-17 21:13 | INFO | Query 44 Active Learning Random Query Runtime on Test Set: 147440.42
2024-04-17 21:13 | INFO | Query 44 Active Learning Random Query Instance Cost: 4915687.05
2024-04-17 21:13 | INFO | Timeout limit is increased to 3500
2024-04-17 21:13 | INFO | Query 45 Size of the uncertainty table is = 4237/39325
2024-04-17 21:13 | INFO | Query 45 Size of the filtered table is = 393
2024-04-17 21:16 | INFO | Query 45 Active Learning Random Query Runtime on Validation Set: 402273.84
2024-04-17 21:16 | INFO | Query 45 Active Learning Random Query Runtime on Test Set: 147440.42
2024-04-17 21:16 | INFO | Query 45 Active Learning Random Query Instance Cost: 5047987.05
2024-04-17 21:16 | INFO | Timeout limit is increased to 3600
2024-04-17 21:16 | INFO | Query 46 Size of the uncertainty table is = 4237/39325
2024-04-17 21:16 | INFO | Query 46 Size of the filtered table is = 393
2024-04-17 21:18 | INFO | Query 46 Active Learning Random Query Runtime on Validation Set: 402273.84
2024-04-17 21:18 | INFO | Query 46 Active Learning Random Query Runtime on Test Set: 147440.42
2024-04-17 21:18 | INFO | Query 46 Active Learning Random Query Instance Cost: 5196087.05
2024-04-17 21:18 | INFO | Timeout limit is increased to 3600
2024-04-17 21:18 | INFO | runtime_train_score is written as json file
2024-04-17 21:18 | INFO | runtime_test_score is written as json file
2024-04-17 21:18 | INFO | runtime_validation_score is written as json file
2024-04-17 21:18 | INFO | instance_cost is written as json file
2024-04-17 21:18 | INFO | Experiment is finished
