2024-04-17 18:44 | INFO | Paramaters are: {'dataset': 'MAXSAT19-UCMS', 'penalty': 10, 'weight': 'No_Weight', 'voting': 'Hard', 'pre_selection_size': 64, 'pre_selection_technique': 'No_pre_selection', 'feature_elimination_threshold': 20, 'imputer_strategy': 'median', 'feature_selection_technique': 'No_feature_selection', 'feature_scaling_technique': 'StandardScaler', 'initial_train_size': 20, 'query_size': 1, 'timeout_predictor_usage': 'Yes', 'timeout_limit': 100, 'timeout_increase_rate': 100, 'RANDOM_STATE_SEED': 12345, 'n_splits': 10, 'split_number': 5, 'max_timeout': 3600, 'param_grid': {'n_estimators': 100, 'criterion': 'gini', 'max_features': 'sqrt', 'max_depth': 2147483648, 'min_samples_split': 2, 'bootstrap': True}}
2024-04-17 18:44 | INFO | MAXSAT19-UCMS is current dataset
2024-04-17 18:44 | INFO | DATASETS/MAXSAT19-UCMS/algorithm_runs.arff is found
2024-04-17 18:44 | INFO | DATASETS/MAXSAT19-UCMS/algorithm_runs.arff is finished
2024-04-17 18:44 | INFO | DATASETS/MAXSAT19-UCMS/feature_values.arff is found
2024-04-17 18:44 | INFO | DATASETS/MAXSAT19-UCMS/feature_values.arff is finished
2024-04-17 18:44 | INFO | DATASETS/MAXSAT19-UCMS/feature_costs.arff is found
2024-04-17 18:44 | INFO | DATASETS/MAXSAT19-UCMS/feature_costs.arff is finished
2024-04-17 18:44 | INFO | Feature cost of train set is 32664.85
2024-04-17 18:45 | INFO | Initial Active Learning Random Query Runtime on Validation Set: 255173.57
2024-04-17 18:45 | INFO | Initial Active Learning Random Query Runtime on Test Set: 112616.71
2024-04-17 18:45 | INFO | Initial Active Learning Random Query Instance Cost: 8033.49
2024-04-17 18:45 | INFO | Bin size = 50
2024-04-17 18:45 | INFO | Query 1 Size of the uncertainty table is = 5189/5040
2024-04-17 18:45 | INFO | Query 1 Size of the filtered table is = 50
2024-04-17 18:45 | INFO | Query 1 Active Learning Random Query Runtime on Validation Set: 225247.02
2024-04-17 18:45 | INFO | Query 1 Active Learning Random Query Runtime on Test Set: 118298.08
2024-04-17 18:45 | INFO | Query 1 Active Learning Random Query Instance Cost: 12852.33
2024-04-17 18:45 | INFO | Query 2 Size of the uncertainty table is = 5137/5040
2024-04-17 18:45 | INFO | Query 2 Size of the filtered table is = 50
2024-04-17 18:46 | INFO | Query 2 Active Learning Random Query Runtime on Validation Set: 264378.65
2024-04-17 18:46 | INFO | Query 2 Active Learning Random Query Runtime on Test Set: 122287.48
2024-04-17 18:46 | INFO | Query 2 Active Learning Random Query Instance Cost: 18561.47
2024-04-17 18:46 | INFO | Timeout limit is increased to 200
2024-04-17 18:46 | INFO | Query 3 Size of the uncertainty table is = 5075/5040
2024-04-17 18:46 | INFO | Query 3 Size of the filtered table is = 50
2024-04-17 18:46 | INFO | Query 3 Active Learning Random Query Runtime on Validation Set: 234418.36
2024-04-17 18:46 | INFO | Query 3 Active Learning Random Query Runtime on Test Set: 163507.22
2024-04-17 18:46 | INFO | Query 3 Active Learning Random Query Instance Cost: 28614.54
2024-04-17 18:46 | INFO | Query 4 Size of the uncertainty table is = 5004/5040
2024-04-17 18:46 | INFO | Query 4 Size of the filtered table is = 50
2024-04-17 18:46 | INFO | Query 4 Active Learning Random Query Runtime on Validation Set: 237218.25
2024-04-17 18:46 | INFO | Query 4 Active Learning Random Query Runtime on Test Set: 131278.74
2024-04-17 18:46 | INFO | Query 4 Active Learning Random Query Instance Cost: 36561.61
2024-04-17 18:46 | INFO | Timeout limit is increased to 300
2024-04-17 18:46 | INFO | Query 5 Size of the uncertainty table is = 4922/5040
2024-04-17 18:46 | INFO | Query 5 Size of the filtered table is = 50
2024-04-17 18:47 | INFO | Query 5 Active Learning Random Query Runtime on Validation Set: 204998.11
2024-04-17 18:47 | INFO | Query 5 Active Learning Random Query Runtime on Test Set: 133823.71
2024-04-17 18:47 | INFO | Query 5 Active Learning Random Query Instance Cost: 47142.66
2024-04-17 18:47 | INFO | Query 6 Size of the uncertainty table is = 4812/5040
2024-04-17 18:47 | INFO | Query 6 Size of the filtered table is = 50
2024-04-17 18:47 | INFO | Query 6 Active Learning Random Query Runtime on Validation Set: 206875.56
2024-04-17 18:47 | INFO | Query 6 Active Learning Random Query Runtime on Test Set: 135410.86
2024-04-17 18:47 | INFO | Query 6 Active Learning Random Query Instance Cost: 56384.93
2024-04-17 18:47 | INFO | Timeout limit is increased to 400
2024-04-17 18:47 | INFO | Query 7 Size of the uncertainty table is = 4698/5040
2024-04-17 18:47 | INFO | Query 7 Size of the filtered table is = 50
2024-04-17 18:48 | INFO | Query 7 Active Learning Random Query Runtime on Validation Set: 173655.68
2024-04-17 18:48 | INFO | Query 7 Active Learning Random Query Runtime on Test Set: 99123.77
2024-04-17 18:48 | INFO | Query 7 Active Learning Random Query Instance Cost: 70200.12
2024-04-17 18:48 | INFO | Query 8 Size of the uncertainty table is = 4588/5040
2024-04-17 18:48 | INFO | Query 8 Size of the filtered table is = 50
2024-04-17 18:48 | INFO | Query 8 Active Learning Random Query Runtime on Validation Set: 247746.03
2024-04-17 18:48 | INFO | Query 8 Active Learning Random Query Runtime on Test Set: 136626.4
2024-04-17 18:48 | INFO | Query 8 Active Learning Random Query Instance Cost: 82240.69
2024-04-17 18:48 | INFO | Timeout limit is increased to 500
2024-04-17 18:48 | INFO | Query 9 Size of the uncertainty table is = 4444/5040
2024-04-17 18:48 | INFO | Query 9 Size of the filtered table is = 50
2024-04-17 18:48 | INFO | Query 9 Active Learning Random Query Runtime on Validation Set: 246183.86
2024-04-17 18:48 | INFO | Query 9 Active Learning Random Query Runtime on Test Set: 137764.5
2024-04-17 18:48 | INFO | Query 9 Active Learning Random Query Instance Cost: 97782.78
2024-04-17 18:49 | INFO | Query 10 Size of the uncertainty table is = 4308/5040
2024-04-17 18:49 | INFO | Query 10 Size of the filtered table is = 50
2024-04-17 18:49 | INFO | Query 10 Active Learning Random Query Runtime on Validation Set: 247894.74
2024-04-17 18:49 | INFO | Query 10 Active Learning Random Query Runtime on Test Set: 138887.25
2024-04-17 18:49 | INFO | Query 10 Active Learning Random Query Instance Cost: 112489.41
2024-04-17 18:49 | INFO | Timeout limit is increased to 600
2024-04-17 18:49 | INFO | Query 11 Size of the uncertainty table is = 4159/5040
2024-04-17 18:49 | INFO | Query 11 Size of the filtered table is = 50
2024-04-17 18:49 | INFO | Query 11 Active Learning Random Query Runtime on Validation Set: 252870.25
2024-04-17 18:49 | INFO | Query 11 Active Learning Random Query Runtime on Test Set: 141430.42
2024-04-17 18:49 | INFO | Query 11 Active Learning Random Query Instance Cost: 130069.95
2024-04-17 18:49 | INFO | Timeout limit is increased to 700
2024-04-17 18:49 | INFO | Query 12 Size of the uncertainty table is = 4019/5040
2024-04-17 18:49 | INFO | Query 12 Size of the filtered table is = 50
2024-04-17 18:50 | INFO | Query 12 Active Learning Random Query Runtime on Validation Set: 288772.91
2024-04-17 18:50 | INFO | Query 12 Active Learning Random Query Runtime on Test Set: 177740.86
2024-04-17 18:50 | INFO | Query 12 Active Learning Random Query Instance Cost: 151966.25
2024-04-17 18:50 | INFO | Timeout limit is increased to 800
2024-04-17 18:50 | INFO | Query 13 Size of the uncertainty table is = 3866/5040
2024-04-17 18:50 | INFO | Query 13 Size of the filtered table is = 50
2024-04-17 18:50 | INFO | Query 13 Active Learning Random Query Runtime on Validation Set: 288828.65
2024-04-17 18:50 | INFO | Query 13 Active Learning Random Query Runtime on Test Set: 141732.18
2024-04-17 18:50 | INFO | Query 13 Active Learning Random Query Instance Cost: 169834.05
2024-04-17 18:50 | INFO | Timeout limit is increased to 900
2024-04-17 18:50 | INFO | Query 14 Size of the uncertainty table is = 3692/5040
2024-04-17 18:50 | INFO | Query 14 Size of the filtered table is = 50
2024-04-17 18:51 | INFO | Query 14 Active Learning Random Query Runtime on Validation Set: 289088.07
2024-04-17 18:51 | INFO | Query 14 Active Learning Random Query Runtime on Test Set: 177028.12
2024-04-17 18:51 | INFO | Query 14 Active Learning Random Query Instance Cost: 195689.2
2024-04-17 18:51 | INFO | Timeout limit is increased to 1000
2024-04-17 18:51 | INFO | Query 15 Size of the uncertainty table is = 3549/5040
2024-04-17 18:51 | INFO | Query 15 Size of the filtered table is = 50
2024-04-17 18:51 | INFO | Query 15 Active Learning Random Query Runtime on Validation Set: 254612.47
2024-04-17 18:51 | INFO | Query 15 Active Learning Random Query Runtime on Test Set: 141654.26
2024-04-17 18:51 | INFO | Query 15 Active Learning Random Query Instance Cost: 218052.14
2024-04-17 18:51 | INFO | Query 16 Size of the uncertainty table is = 3378/5040
2024-04-17 18:51 | INFO | Query 16 Size of the filtered table is = 50
2024-04-17 18:51 | INFO | Query 16 Active Learning Random Query Runtime on Validation Set: 255077.96
2024-04-17 18:51 | INFO | Query 16 Active Learning Random Query Runtime on Test Set: 178081.24
2024-04-17 18:51 | INFO | Query 16 Active Learning Random Query Instance Cost: 238856.0
2024-04-17 18:51 | INFO | Timeout limit is increased to 1100
2024-04-17 18:51 | INFO | Query 17 Size of the uncertainty table is = 3172/5040
2024-04-17 18:51 | INFO | Query 17 Size of the filtered table is = 50
2024-04-17 18:52 | INFO | Query 17 Active Learning Random Query Runtime on Validation Set: 287489.3
2024-04-17 18:52 | INFO | Query 17 Active Learning Random Query Runtime on Test Set: 213920.02
2024-04-17 18:52 | INFO | Query 17 Active Learning Random Query Instance Cost: 276590.66
2024-04-17 18:52 | INFO | Timeout limit is increased to 1200
2024-04-17 18:52 | INFO | Query 18 Size of the uncertainty table is = 3002/5040
2024-04-17 18:52 | INFO | Query 18 Size of the filtered table is = 50
2024-04-17 18:52 | INFO | Query 18 Active Learning Random Query Runtime on Validation Set: 255500.95
2024-04-17 18:52 | INFO | Query 18 Active Learning Random Query Runtime on Test Set: 178566.93
2024-04-17 18:52 | INFO | Query 18 Active Learning Random Query Instance Cost: 303484.13
2024-04-17 18:52 | INFO | Query 19 Size of the uncertainty table is = 2815/5040
2024-04-17 18:52 | INFO | Query 19 Size of the filtered table is = 50
2024-04-17 18:53 | INFO | Query 19 Active Learning Random Query Runtime on Validation Set: 327850.96
2024-04-17 18:53 | INFO | Query 19 Active Learning Random Query Runtime on Test Set: 142610.58
2024-04-17 18:53 | INFO | Query 19 Active Learning Random Query Instance Cost: 336777.68
2024-04-17 18:53 | INFO | Timeout limit is increased to 1300
2024-04-17 18:53 | INFO | Query 20 Size of the uncertainty table is = 2633/5040
2024-04-17 18:53 | INFO | Query 20 Size of the filtered table is = 50
2024-04-17 18:53 | INFO | Query 20 Active Learning Random Query Runtime on Validation Set: 327942.47
2024-04-17 18:53 | INFO | Query 20 Active Learning Random Query Runtime on Test Set: 106647.45
2024-04-17 18:53 | INFO | Query 20 Active Learning Random Query Instance Cost: 371131.07
2024-04-17 18:53 | INFO | Timeout limit is increased to 1400
2024-04-17 18:53 | INFO | Query 21 Size of the uncertainty table is = 2472/5040
2024-04-17 18:53 | INFO | Query 21 Size of the filtered table is = 50
2024-04-17 18:54 | INFO | Query 21 Active Learning Random Query Runtime on Validation Set: 330351.6
2024-04-17 18:54 | INFO | Query 21 Active Learning Random Query Runtime on Test Set: 106690.47
2024-04-17 18:54 | INFO | Query 21 Active Learning Random Query Instance Cost: 407158.25
2024-04-17 18:54 | INFO | Timeout limit is increased to 1500
2024-04-17 18:54 | INFO | Query 22 Size of the uncertainty table is = 2270/5040
2024-04-17 18:54 | INFO | Query 22 Size of the filtered table is = 50
2024-04-17 18:54 | INFO | Query 22 Active Learning Random Query Runtime on Validation Set: 330379.28
2024-04-17 18:54 | INFO | Query 22 Active Learning Random Query Runtime on Test Set: 179436.52
2024-04-17 18:54 | INFO | Query 22 Active Learning Random Query Instance Cost: 439302.18
2024-04-17 18:54 | INFO | Timeout limit is increased to 1600
2024-04-17 18:54 | INFO | Query 23 Size of the uncertainty table is = 2064/5040
2024-04-17 18:54 | INFO | Query 23 Size of the filtered table is = 50
2024-04-17 18:54 | INFO | Query 23 Active Learning Random Query Runtime on Validation Set: 330503.4
2024-04-17 18:54 | INFO | Query 23 Active Learning Random Query Runtime on Test Set: 215388.62
2024-04-17 18:54 | INFO | Query 23 Active Learning Random Query Instance Cost: 484358.01
2024-04-17 18:54 | INFO | Timeout limit is increased to 1700
2024-04-17 18:54 | INFO | Query 24 Size of the uncertainty table is = 1904/5040
2024-04-17 18:54 | INFO | Query 24 Size of the filtered table is = 50
2024-04-17 18:55 | INFO | Query 24 Active Learning Random Query Runtime on Validation Set: 254576.91
2024-04-17 18:55 | INFO | Query 24 Active Learning Random Query Runtime on Test Set: 179409.02
2024-04-17 18:55 | INFO | Query 24 Active Learning Random Query Instance Cost: 517201.03
2024-04-17 18:55 | INFO | Query 25 Size of the uncertainty table is = 1728/5040
2024-04-17 18:55 | INFO | Query 25 Size of the filtered table is = 50
2024-04-17 18:55 | INFO | Query 25 Active Learning Random Query Runtime on Validation Set: 257708.67
2024-04-17 18:55 | INFO | Query 25 Active Learning Random Query Runtime on Test Set: 215406.25
2024-04-17 18:55 | INFO | Query 25 Active Learning Random Query Instance Cost: 562301.77
2024-04-17 18:55 | INFO | Timeout limit is increased to 1800
2024-04-17 18:55 | INFO | Query 26 Size of the uncertainty table is = 1580/5040
2024-04-17 18:55 | INFO | Query 26 Size of the filtered table is = 50
2024-04-17 18:56 | INFO | Query 26 Active Learning Random Query Runtime on Validation Set: 256994.12
2024-04-17 18:56 | INFO | Query 26 Active Learning Random Query Runtime on Test Set: 143346.29
2024-04-17 18:56 | INFO | Query 26 Active Learning Random Query Instance Cost: 588808.16
2024-04-17 18:56 | INFO | Query 27 Size of the uncertainty table is = 1415/5040
2024-04-17 18:56 | INFO | Query 27 Size of the filtered table is = 50
2024-04-17 18:56 | INFO | Query 27 Active Learning Random Query Runtime on Validation Set: 221040.23
2024-04-17 18:56 | INFO | Query 27 Active Learning Random Query Runtime on Test Set: 179344.3
2024-04-17 18:56 | INFO | Query 27 Active Learning Random Query Instance Cost: 623471.11
2024-04-17 18:56 | INFO | Query 28 Size of the uncertainty table is = 1282/5040
2024-04-17 18:56 | INFO | Query 28 Size of the filtered table is = 50
2024-04-17 18:57 | INFO | Query 28 Active Learning Random Query Runtime on Validation Set: 221010.14
2024-04-17 18:57 | INFO | Query 28 Active Learning Random Query Runtime on Test Set: 179329.87
2024-04-17 18:57 | INFO | Query 28 Active Learning Random Query Instance Cost: 657530.21
2024-04-17 18:57 | INFO | Query 29 Size of the uncertainty table is = 1184/5040
2024-04-17 18:57 | INFO | Query 29 Size of the filtered table is = 50
2024-04-17 18:57 | INFO | Query 29 Active Learning Random Query Runtime on Validation Set: 329717.75
2024-04-17 18:57 | INFO | Query 29 Active Learning Random Query Runtime on Test Set: 143338.14
2024-04-17 18:57 | INFO | Query 29 Active Learning Random Query Instance Cost: 680173.66
2024-04-17 18:57 | INFO | Timeout limit is increased to 1900
2024-04-17 18:57 | INFO | Query 30 Size of the uncertainty table is = 1058/5040
2024-04-17 18:57 | INFO | Query 30 Size of the filtered table is = 50
2024-04-17 18:57 | INFO | Query 30 Active Learning Random Query Runtime on Validation Set: 329655.51
2024-04-17 18:57 | INFO | Query 30 Active Learning Random Query Runtime on Test Set: 179329.67
2024-04-17 18:57 | INFO | Query 30 Active Learning Random Query Instance Cost: 712829.61
2024-04-17 18:57 | INFO | Query 31 Size of the uncertainty table is = 978/5040
2024-04-17 18:57 | INFO | Query 31 Size of the filtered table is = 50
2024-04-17 18:58 | INFO | Query 31 Active Learning Random Query Runtime on Validation Set: 293676.48
2024-04-17 18:58 | INFO | Query 31 Active Learning Random Query Runtime on Test Set: 143337.56
2024-04-17 18:58 | INFO | Query 31 Active Learning Random Query Instance Cost: 737365.49
2024-04-17 18:58 | INFO | Query 32 Size of the uncertainty table is = 919/5040
2024-04-17 18:58 | INFO | Query 32 Size of the filtered table is = 50
2024-04-17 18:58 | INFO | Query 32 Active Learning Random Query Runtime on Validation Set: 220954.07
2024-04-17 18:58 | INFO | Query 32 Active Learning Random Query Runtime on Test Set: 143332.88
2024-04-17 18:58 | INFO | Query 32 Active Learning Random Query Instance Cost: 761055.3
2024-04-17 18:58 | INFO | Query 33 Size of the uncertainty table is = 832/5040
2024-04-17 18:58 | INFO | Query 33 Size of the filtered table is = 50
2024-04-17 18:59 | INFO | Query 33 Active Learning Random Query Runtime on Validation Set: 293675.86
2024-04-17 18:59 | INFO | Query 33 Active Learning Random Query Runtime on Test Set: 143055.62
2024-04-17 18:59 | INFO | Query 33 Active Learning Random Query Instance Cost: 777888.33
2024-04-17 18:59 | INFO | Timeout limit is increased to 2000
2024-04-17 18:59 | INFO | Query 34 Size of the uncertainty table is = 771/5040
2024-04-17 18:59 | INFO | Query 34 Size of the filtered table is = 50
2024-04-17 18:59 | INFO | Query 34 Active Learning Random Query Runtime on Validation Set: 220952.22
2024-04-17 18:59 | INFO | Query 34 Active Learning Random Query Runtime on Test Set: 107058.68
2024-04-17 18:59 | INFO | Query 34 Active Learning Random Query Instance Cost: 799471.56
2024-04-17 18:59 | INFO | Query 35 Size of the uncertainty table is = 753/5040
2024-04-17 18:59 | INFO | Query 35 Size of the filtered table is = 50
2024-04-17 18:59 | INFO | Query 35 Active Learning Random Query Runtime on Validation Set: 220981.35
2024-04-17 18:59 | INFO | Query 35 Active Learning Random Query Runtime on Test Set: 107058.68
2024-04-17 18:59 | INFO | Query 35 Active Learning Random Query Instance Cost: 813621.7
2024-04-17 18:59 | INFO | Timeout limit is increased to 2100
2024-04-17 18:59 | INFO | Query 36 Size of the uncertainty table is = 715/5040
2024-04-17 18:59 | INFO | Query 36 Size of the filtered table is = 50
2024-04-17 19:00 | INFO | Query 36 Active Learning Random Query Runtime on Validation Set: 220981.35
2024-04-17 19:00 | INFO | Query 36 Active Learning Random Query Runtime on Test Set: 107058.7
2024-04-17 19:00 | INFO | Query 36 Active Learning Random Query Instance Cost: 836471.38
2024-04-17 19:00 | INFO | Timeout limit is increased to 2200
2024-04-17 19:00 | INFO | Query 37 Size of the uncertainty table is = 692/5040
2024-04-17 19:00 | INFO | Query 37 Size of the filtered table is = 50
2024-04-17 19:00 | INFO | Query 37 Active Learning Random Query Runtime on Validation Set: 220982.32
2024-04-17 19:00 | INFO | Query 37 Active Learning Random Query Runtime on Test Set: 107058.68
2024-04-17 19:00 | INFO | Query 37 Active Learning Random Query Instance Cost: 858498.16
2024-04-17 19:00 | INFO | Timeout limit is increased to 2300
2024-04-17 19:00 | INFO | Query 38 Size of the uncertainty table is = 670/5040
2024-04-17 19:00 | INFO | Query 38 Size of the filtered table is = 50
2024-04-17 19:01 | INFO | Query 38 Active Learning Random Query Runtime on Validation Set: 257742.1
2024-04-17 19:01 | INFO | Query 38 Active Learning Random Query Runtime on Test Set: 107058.7
2024-04-17 19:01 | INFO | Query 38 Active Learning Random Query Instance Cost: 883845.3
2024-04-17 19:01 | INFO | Timeout limit is increased to 2400
2024-04-17 19:01 | INFO | Query 39 Size of the uncertainty table is = 628/5040
2024-04-17 19:01 | INFO | Query 39 Size of the filtered table is = 50
2024-04-17 19:01 | INFO | Query 39 Active Learning Random Query Runtime on Validation Set: 257735.05
2024-04-17 19:01 | INFO | Query 39 Active Learning Random Query Runtime on Test Set: 107055.81
2024-04-17 19:01 | INFO | Query 39 Active Learning Random Query Instance Cost: 912944.17
2024-04-17 19:01 | INFO | Query 40 Size of the uncertainty table is = 617/5040
2024-04-17 19:01 | INFO | Query 40 Size of the filtered table is = 50
2024-04-17 19:02 | INFO | Query 40 Active Learning Random Query Runtime on Validation Set: 257735.05
2024-04-17 19:02 | INFO | Query 40 Active Learning Random Query Runtime on Test Set: 107055.81
2024-04-17 19:02 | INFO | Query 40 Active Learning Random Query Instance Cost: 935115.14
2024-04-17 19:02 | INFO | Timeout limit is increased to 2500
2024-04-17 19:02 | INFO | Query 41 Size of the uncertainty table is = 609/5040
2024-04-17 19:02 | INFO | Query 41 Size of the filtered table is = 50
2024-04-17 19:02 | INFO | Query 41 Active Learning Random Query Runtime on Validation Set: 257735.05
2024-04-17 19:02 | INFO | Query 41 Active Learning Random Query Runtime on Test Set: 107055.81
2024-04-17 19:02 | INFO | Query 41 Active Learning Random Query Instance Cost: 965566.35
2024-04-17 19:02 | INFO | Timeout limit is increased to 2600
2024-04-17 19:02 | INFO | Query 42 Size of the uncertainty table is = 605/5040
2024-04-17 19:02 | INFO | Query 42 Size of the filtered table is = 50
2024-04-17 19:02 | INFO | Query 42 Active Learning Random Query Runtime on Validation Set: 257735.05
2024-04-17 19:02 | INFO | Query 42 Active Learning Random Query Runtime on Test Set: 107055.81
2024-04-17 19:02 | INFO | Query 42 Active Learning Random Query Instance Cost: 993179.79
2024-04-17 19:02 | INFO | Timeout limit is increased to 2700
2024-04-17 19:02 | INFO | Query 43 Size of the uncertainty table is = 597/5040
2024-04-17 19:02 | INFO | Query 43 Size of the filtered table is = 50
2024-04-17 19:03 | INFO | Query 43 Active Learning Random Query Runtime on Validation Set: 257735.05
2024-04-17 19:03 | INFO | Query 43 Active Learning Random Query Runtime on Test Set: 107055.81
2024-04-17 19:03 | INFO | Query 43 Active Learning Random Query Instance Cost: 1022079.79
2024-04-17 19:03 | INFO | Timeout limit is increased to 2800
2024-04-17 19:03 | INFO | Query 44 Size of the uncertainty table is = 597/5040
2024-04-17 19:03 | INFO | Query 44 Size of the filtered table is = 50
2024-04-17 19:03 | INFO | Query 44 Active Learning Random Query Runtime on Validation Set: 257735.05
2024-04-17 19:03 | INFO | Query 44 Active Learning Random Query Runtime on Test Set: 107055.81
2024-04-17 19:03 | INFO | Query 44 Active Learning Random Query Instance Cost: 1049340.44
2024-04-17 19:03 | INFO | Timeout limit is increased to 2900
2024-04-17 19:03 | INFO | Query 45 Size of the uncertainty table is = 592/5040
2024-04-17 19:03 | INFO | Query 45 Size of the filtered table is = 50
2024-04-17 19:04 | INFO | Query 45 Active Learning Random Query Runtime on Validation Set: 220943.33
2024-04-17 19:04 | INFO | Query 45 Active Learning Random Query Runtime on Test Set: 143052.76
2024-04-17 19:04 | INFO | Query 45 Active Learning Random Query Instance Cost: 1074258.39
2024-04-17 19:04 | INFO | Query 46 Size of the uncertainty table is = 583/5040
2024-04-17 19:04 | INFO | Query 46 Size of the filtered table is = 50
2024-04-17 19:04 | INFO | Query 46 Active Learning Random Query Runtime on Validation Set: 220943.33
2024-04-17 19:04 | INFO | Query 46 Active Learning Random Query Runtime on Test Set: 143052.76
2024-04-17 19:04 | INFO | Query 46 Active Learning Random Query Instance Cost: 1092390.59
2024-04-17 19:04 | INFO | Timeout limit is increased to 3000
2024-04-17 19:04 | INFO | Query 47 Size of the uncertainty table is = 580/5040
2024-04-17 19:04 | INFO | Query 47 Size of the filtered table is = 50
2024-04-17 19:05 | INFO | Query 47 Active Learning Random Query Runtime on Validation Set: 256927.32
2024-04-17 19:05 | INFO | Query 47 Active Learning Random Query Runtime on Test Set: 143052.76
2024-04-17 19:05 | INFO | Query 47 Active Learning Random Query Instance Cost: 1121221.53
2024-04-17 19:05 | INFO | Timeout limit is increased to 3100
2024-04-17 19:05 | INFO | Query 48 Size of the uncertainty table is = 576/5040
2024-04-17 19:05 | INFO | Query 48 Size of the filtered table is = 50
2024-04-17 19:05 | INFO | Query 48 Active Learning Random Query Runtime on Validation Set: 293761.67
2024-04-17 19:05 | INFO | Query 48 Active Learning Random Query Runtime on Test Set: 179048.96
2024-04-17 19:05 | INFO | Query 48 Active Learning Random Query Instance Cost: 1146123.65
2024-04-17 19:05 | INFO | Timeout limit is increased to 3200
2024-04-17 19:05 | INFO | Query 49 Size of the uncertainty table is = 564/5040
2024-04-17 19:05 | INFO | Query 49 Size of the filtered table is = 50
2024-04-17 19:05 | INFO | Query 49 Active Learning Random Query Runtime on Validation Set: 293761.67
2024-04-17 19:05 | INFO | Query 49 Active Learning Random Query Runtime on Test Set: 179048.96
2024-04-17 19:05 | INFO | Query 49 Active Learning Random Query Instance Cost: 1172923.65
2024-04-17 19:05 | INFO | Timeout limit is increased to 3300
2024-04-17 19:05 | INFO | Query 50 Size of the uncertainty table is = 564/5040
2024-04-17 19:05 | INFO | Query 50 Size of the filtered table is = 50
2024-04-17 19:06 | INFO | Query 50 Active Learning Random Query Runtime on Validation Set: 293725.06
2024-04-17 19:06 | INFO | Query 50 Active Learning Random Query Runtime on Test Set: 179048.96
2024-04-17 19:06 | INFO | Query 50 Active Learning Random Query Instance Cost: 1207926.52
2024-04-17 19:06 | INFO | Query 51 Size of the uncertainty table is = 553/5040
2024-04-17 19:06 | INFO | Query 51 Size of the filtered table is = 50
2024-04-17 19:06 | INFO | Query 51 Active Learning Random Query Runtime on Validation Set: 293726.08
2024-04-17 19:06 | INFO | Query 51 Active Learning Random Query Runtime on Test Set: 179048.96
2024-04-17 19:06 | INFO | Query 51 Active Learning Random Query Instance Cost: 1232022.71
2024-04-17 19:06 | INFO | Timeout limit is increased to 3400
2024-04-17 19:06 | INFO | Query 52 Size of the uncertainty table is = 538/5040
2024-04-17 19:06 | INFO | Query 52 Size of the filtered table is = 50
2024-04-17 19:07 | INFO | Query 52 Active Learning Random Query Runtime on Validation Set: 293726.08
2024-04-17 19:07 | INFO | Query 52 Active Learning Random Query Runtime on Test Set: 179048.96
2024-04-17 19:07 | INFO | Query 52 Active Learning Random Query Instance Cost: 1261922.71
2024-04-17 19:07 | INFO | Timeout limit is increased to 3500
2024-04-17 19:07 | INFO | Query 53 Size of the uncertainty table is = 538/5040
2024-04-17 19:07 | INFO | Query 53 Size of the filtered table is = 50
2024-04-17 19:07 | INFO | Query 53 Active Learning Random Query Runtime on Validation Set: 256966.3
2024-04-17 19:07 | INFO | Query 53 Active Learning Random Query Runtime on Test Set: 143052.76
2024-04-17 19:07 | INFO | Query 53 Active Learning Random Query Instance Cost: 1288618.86
2024-04-17 19:07 | INFO | Query 54 Size of the uncertainty table is = 531/5040
2024-04-17 19:07 | INFO | Query 54 Size of the filtered table is = 50
2024-04-17 19:07 | INFO | Query 54 Active Learning Random Query Runtime on Validation Set: 256966.3
2024-04-17 19:07 | INFO | Query 54 Active Learning Random Query Runtime on Test Set: 143052.76
2024-04-17 19:07 | INFO | Query 54 Active Learning Random Query Instance Cost: 1305618.86
2024-04-17 19:07 | INFO | Timeout limit is increased to 3600
2024-04-17 19:07 | INFO | Query 55 Size of the uncertainty table is = 531/5040
2024-04-17 19:07 | INFO | Query 55 Size of the filtered table is = 50
2024-04-17 19:08 | INFO | Query 55 Active Learning Random Query Runtime on Validation Set: 256966.3
2024-04-17 19:08 | INFO | Query 55 Active Learning Random Query Runtime on Test Set: 143052.76
2024-04-17 19:08 | INFO | Query 55 Active Learning Random Query Instance Cost: 1326618.86
2024-04-17 19:08 | INFO | Timeout limit is increased to 3600
2024-04-17 19:08 | INFO | runtime_train_score is written as json file
2024-04-17 19:08 | INFO | runtime_test_score is written as json file
2024-04-17 19:08 | INFO | runtime_validation_score is written as json file
2024-04-17 19:08 | INFO | instance_cost is written as json file
2024-04-17 19:08 | INFO | Experiment is finished
