2024-04-17 19:08 | INFO | Paramaters are: {'dataset': 'QBF-2011', 'penalty': 10, 'weight': 'No_Weight', 'voting': 'Hard', 'pre_selection_size': 64, 'pre_selection_technique': 'No_pre_selection', 'feature_elimination_threshold': 20, 'imputer_strategy': 'median', 'feature_selection_technique': 'No_feature_selection', 'feature_scaling_technique': 'StandardScaler', 'initial_train_size': 20, 'query_size': 1, 'timeout_predictor_usage': 'Yes', 'timeout_limit': 100, 'timeout_increase_rate': 100, 'RANDOM_STATE_SEED': 123, 'n_splits': 10, 'split_number': 6, 'max_timeout': 3600, 'param_grid': {'n_estimators': 100, 'criterion': 'gini', 'max_features': 'sqrt', 'max_depth': 2147483648, 'min_samples_split': 2, 'bootstrap': True}}
2024-04-17 19:08 | INFO | QBF-2011 is current dataset
2024-04-17 19:08 | INFO | DATASETS/QBF-2011/algorithm_runs.csv is found
2024-04-17 19:08 | INFO | DATASETS/QBF-2011/algorithm_runs.csv is finished
2024-04-17 19:08 | INFO | DATASETS/QBF-2011/feature_values.csv is found
2024-04-17 19:08 | INFO | DATASETS/QBF-2011/feature_values.csv is finished
2024-04-17 19:08 | INFO | Feature cost of train set is 0
2024-04-17 19:08 | INFO | Initial Active Learning Random Query Runtime on Validation Set: 2078287.21
2024-04-17 19:08 | INFO | Initial Active Learning Random Query Runtime on Test Set: 634434.34
2024-04-17 19:08 | INFO | Initial Active Learning Random Query Instance Cost: 6206.51
2024-04-17 19:08 | INFO | Bin size = 73
2024-04-17 19:08 | INFO | Query 1 Size of the uncertainty table is = 7462/7390
2024-04-17 19:08 | INFO | Query 1 Size of the filtered table is = 73
2024-04-17 19:08 | INFO | Query 1 Active Learning Random Query Runtime on Validation Set: 1759227.48
2024-04-17 19:08 | INFO | Query 1 Active Learning Random Query Runtime on Test Set: 561544.89
2024-04-17 19:08 | INFO | Query 1 Active Learning Random Query Instance Cost: 15213.19
2024-04-17 19:08 | INFO | Query 2 Size of the uncertainty table is = 7422/7390
2024-04-17 19:08 | INFO | Query 2 Size of the filtered table is = 73
2024-04-17 19:09 | INFO | Query 2 Active Learning Random Query Runtime on Validation Set: 1972952.25
2024-04-17 19:09 | INFO | Query 2 Active Learning Random Query Runtime on Test Set: 740271.63
2024-04-17 19:09 | INFO | Query 2 Active Learning Random Query Instance Cost: 23733.56
2024-04-17 19:09 | INFO | Timeout limit is increased to 200
2024-04-17 19:09 | INFO | Query 3 Size of the uncertainty table is = 7368/7390
2024-04-17 19:09 | INFO | Query 3 Size of the filtered table is = 73
2024-04-17 19:09 | INFO | Query 3 Active Learning Random Query Runtime on Validation Set: 1504829.55
2024-04-17 19:09 | INFO | Query 3 Active Learning Random Query Runtime on Test Set: 666537.7
2024-04-17 19:09 | INFO | Query 3 Active Learning Random Query Instance Cost: 37682.67
2024-04-17 19:09 | INFO | Query 4 Size of the uncertainty table is = 7295/7390
2024-04-17 19:09 | INFO | Query 4 Size of the filtered table is = 73
2024-04-17 19:10 | INFO | Query 4 Active Learning Random Query Runtime on Validation Set: 1466865.56
2024-04-17 19:10 | INFO | Query 4 Active Learning Random Query Runtime on Test Set: 629854.79
2024-04-17 19:10 | INFO | Query 4 Active Learning Random Query Instance Cost: 54994.12
2024-04-17 19:10 | INFO | Query 5 Size of the uncertainty table is = 7227/7390
2024-04-17 19:10 | INFO | Query 5 Size of the filtered table is = 73
2024-04-17 19:10 | INFO | Query 5 Active Learning Random Query Runtime on Validation Set: 1279507.91
2024-04-17 19:10 | INFO | Query 5 Active Learning Random Query Runtime on Test Set: 557701.94
2024-04-17 19:10 | INFO | Query 5 Active Learning Random Query Instance Cost: 70391.94
2024-04-17 19:10 | INFO | Query 6 Size of the uncertainty table is = 7161/7390
2024-04-17 19:10 | INFO | Query 6 Size of the filtered table is = 73
2024-04-17 19:11 | INFO | Query 6 Active Learning Random Query Runtime on Validation Set: 1208581.48
2024-04-17 19:11 | INFO | Query 6 Active Learning Random Query Runtime on Test Set: 668172.58
2024-04-17 19:11 | INFO | Query 6 Active Learning Random Query Instance Cost: 84653.22
2024-04-17 19:11 | INFO | Query 7 Size of the uncertainty table is = 7067/7390
2024-04-17 19:11 | INFO | Query 7 Size of the filtered table is = 73
2024-04-17 19:11 | INFO | Query 7 Active Learning Random Query Runtime on Validation Set: 1102075.4
2024-04-17 19:11 | INFO | Query 7 Active Learning Random Query Runtime on Test Set: 663384.74
2024-04-17 19:11 | INFO | Query 7 Active Learning Random Query Instance Cost: 98823.94
2024-04-17 19:11 | INFO | Query 8 Size of the uncertainty table is = 6972/7390
2024-04-17 19:11 | INFO | Query 8 Size of the filtered table is = 73
2024-04-17 19:12 | INFO | Query 8 Active Learning Random Query Runtime on Validation Set: 1063884.95
2024-04-17 19:12 | INFO | Query 8 Active Learning Random Query Runtime on Test Set: 666764.26
2024-04-17 19:12 | INFO | Query 8 Active Learning Random Query Instance Cost: 111826.67
2024-04-17 19:12 | INFO | Query 9 Size of the uncertainty table is = 6883/7390
2024-04-17 19:12 | INFO | Query 9 Size of the filtered table is = 73
2024-04-17 19:12 | INFO | Query 9 Active Learning Random Query Runtime on Validation Set: 1098121.32
2024-04-17 19:12 | INFO | Query 9 Active Learning Random Query Runtime on Test Set: 525022.47
2024-04-17 19:12 | INFO | Query 9 Active Learning Random Query Instance Cost: 125079.75
2024-04-17 19:12 | INFO | Timeout limit is increased to 300
2024-04-17 19:12 | INFO | Query 10 Size of the uncertainty table is = 6789/7390
2024-04-17 19:12 | INFO | Query 10 Size of the filtered table is = 73
2024-04-17 19:13 | INFO | Query 10 Active Learning Random Query Runtime on Validation Set: 1098488.38
2024-04-17 19:13 | INFO | Query 10 Active Learning Random Query Runtime on Test Set: 523086.16
2024-04-17 19:13 | INFO | Query 10 Active Learning Random Query Instance Cost: 145151.6
2024-04-17 19:13 | INFO | Timeout limit is increased to 400
2024-04-17 19:13 | INFO | Query 11 Size of the uncertainty table is = 6696/7390
2024-04-17 19:13 | INFO | Query 11 Size of the filtered table is = 73
2024-04-17 19:13 | INFO | Query 11 Active Learning Random Query Runtime on Validation Set: 1207457.23
2024-04-17 19:13 | INFO | Query 11 Active Learning Random Query Runtime on Test Set: 559094.36
2024-04-17 19:13 | INFO | Query 11 Active Learning Random Query Instance Cost: 174989.8
2024-04-17 19:13 | INFO | Timeout limit is increased to 500
2024-04-17 19:13 | INFO | Query 12 Size of the uncertainty table is = 6586/7390
2024-04-17 19:13 | INFO | Query 12 Size of the filtered table is = 73
2024-04-17 19:14 | INFO | Query 12 Active Learning Random Query Runtime on Validation Set: 990539.79
2024-04-17 19:14 | INFO | Query 12 Active Learning Random Query Runtime on Test Set: 415329.94
2024-04-17 19:14 | INFO | Query 12 Active Learning Random Query Instance Cost: 208222.17
2024-04-17 19:14 | INFO | Query 13 Size of the uncertainty table is = 6453/7390
2024-04-17 19:14 | INFO | Query 13 Size of the filtered table is = 73
2024-04-17 19:14 | INFO | Query 13 Active Learning Random Query Runtime on Validation Set: 1168945.49
2024-04-17 19:14 | INFO | Query 13 Active Learning Random Query Runtime on Test Set: 515479.31
2024-04-17 19:14 | INFO | Query 13 Active Learning Random Query Instance Cost: 243877.2
2024-04-17 19:14 | INFO | Timeout limit is increased to 600
2024-04-17 19:14 | INFO | Query 14 Size of the uncertainty table is = 6359/7390
2024-04-17 19:14 | INFO | Query 14 Size of the filtered table is = 73
2024-04-17 19:14 | INFO | Query 14 Active Learning Random Query Runtime on Validation Set: 1205718.91
2024-04-17 19:14 | INFO | Query 14 Active Learning Random Query Runtime on Test Set: 548493.21
2024-04-17 19:14 | INFO | Query 14 Active Learning Random Query Instance Cost: 286564.75
2024-04-17 19:14 | INFO | Timeout limit is increased to 700
2024-04-17 19:14 | INFO | Query 15 Size of the uncertainty table is = 6237/7390
2024-04-17 19:14 | INFO | Query 15 Size of the filtered table is = 73
2024-04-17 19:15 | INFO | Query 15 Active Learning Random Query Runtime on Validation Set: 1167964.06
2024-04-17 19:15 | INFO | Query 15 Active Learning Random Query Runtime on Test Set: 552433.16
2024-04-17 19:15 | INFO | Query 15 Active Learning Random Query Instance Cost: 328558.61
2024-04-17 19:15 | INFO | Query 16 Size of the uncertainty table is = 6130/7390
2024-04-17 19:15 | INFO | Query 16 Size of the filtered table is = 73
2024-04-17 19:15 | INFO | Query 16 Active Learning Random Query Runtime on Validation Set: 1277638.06
2024-04-17 19:15 | INFO | Query 16 Active Learning Random Query Runtime on Test Set: 516461.97
2024-04-17 19:15 | INFO | Query 16 Active Learning Random Query Instance Cost: 379314.22
2024-04-17 19:15 | INFO | Timeout limit is increased to 800
2024-04-17 19:15 | INFO | Query 17 Size of the uncertainty table is = 6016/7390
2024-04-17 19:15 | INFO | Query 17 Size of the filtered table is = 73
2024-04-17 19:16 | INFO | Query 17 Active Learning Random Query Runtime on Validation Set: 1099925.41
2024-04-17 19:16 | INFO | Query 17 Active Learning Random Query Runtime on Test Set: 588426.25
2024-04-17 19:16 | INFO | Query 17 Active Learning Random Query Instance Cost: 430779.83
2024-04-17 19:16 | INFO | Query 18 Size of the uncertainty table is = 5885/7390
2024-04-17 19:16 | INFO | Query 18 Size of the filtered table is = 73
2024-04-17 19:16 | INFO | Query 18 Active Learning Random Query Runtime on Validation Set: 1171559.58
2024-04-17 19:16 | INFO | Query 18 Active Learning Random Query Runtime on Test Set: 512537.22
2024-04-17 19:16 | INFO | Query 18 Active Learning Random Query Instance Cost: 484707.73
2024-04-17 19:16 | INFO | Timeout limit is increased to 900
2024-04-17 19:16 | INFO | Query 19 Size of the uncertainty table is = 5766/7390
2024-04-17 19:16 | INFO | Query 19 Size of the filtered table is = 73
2024-04-17 19:17 | INFO | Query 19 Active Learning Random Query Runtime on Validation Set: 1243291.95
2024-04-17 19:17 | INFO | Query 19 Active Learning Random Query Runtime on Test Set: 516457.58
2024-04-17 19:17 | INFO | Query 19 Active Learning Random Query Instance Cost: 543775.85
2024-04-17 19:17 | INFO | Timeout limit is increased to 1000
2024-04-17 19:17 | INFO | Query 20 Size of the uncertainty table is = 5657/7390
2024-04-17 19:17 | INFO | Query 20 Size of the filtered table is = 73
2024-04-17 19:17 | INFO | Query 20 Active Learning Random Query Runtime on Validation Set: 1135610.05
2024-04-17 19:17 | INFO | Query 20 Active Learning Random Query Runtime on Test Set: 476519.07
2024-04-17 19:17 | INFO | Query 20 Active Learning Random Query Instance Cost: 612783.5
2024-04-17 19:17 | INFO | Query 21 Size of the uncertainty table is = 5537/7390
2024-04-17 19:17 | INFO | Query 21 Size of the filtered table is = 73
2024-04-17 19:18 | INFO | Query 21 Active Learning Random Query Runtime on Validation Set: 1171591.17
2024-04-17 19:18 | INFO | Query 21 Active Learning Random Query Runtime on Test Set: 511983.57
2024-04-17 19:18 | INFO | Query 21 Active Learning Random Query Instance Cost: 681465.93
2024-04-17 19:18 | INFO | Timeout limit is increased to 1100
2024-04-17 19:18 | INFO | Query 22 Size of the uncertainty table is = 5415/7390
2024-04-17 19:18 | INFO | Query 22 Size of the filtered table is = 73
2024-04-17 19:18 | INFO | Query 22 Active Learning Random Query Runtime on Validation Set: 1279469.14
2024-04-17 19:18 | INFO | Query 22 Active Learning Random Query Runtime on Test Set: 440364.38
2024-04-17 19:18 | INFO | Query 22 Active Learning Random Query Instance Cost: 750020.93
2024-04-17 19:18 | INFO | Timeout limit is increased to 1200
2024-04-17 19:18 | INFO | Query 23 Size of the uncertainty table is = 5275/7390
2024-04-17 19:18 | INFO | Query 23 Size of the filtered table is = 73
2024-04-17 19:19 | INFO | Query 23 Active Learning Random Query Runtime on Validation Set: 1311552.56
2024-04-17 19:19 | INFO | Query 23 Active Learning Random Query Runtime on Test Set: 510156.36
2024-04-17 19:19 | INFO | Query 23 Active Learning Random Query Instance Cost: 821662.47
2024-04-17 19:19 | INFO | Timeout limit is increased to 1300
2024-04-17 19:19 | INFO | Query 24 Size of the uncertainty table is = 5152/7390
2024-04-17 19:19 | INFO | Query 24 Size of the filtered table is = 73
2024-04-17 19:19 | INFO | Query 24 Active Learning Random Query Runtime on Validation Set: 1313659.29
2024-04-17 19:19 | INFO | Query 24 Active Learning Random Query Runtime on Test Set: 548062.92
2024-04-17 19:19 | INFO | Query 24 Active Learning Random Query Instance Cost: 900881.04
2024-04-17 19:19 | INFO | Timeout limit is increased to 1400
2024-04-17 19:19 | INFO | Query 25 Size of the uncertainty table is = 5033/7390
2024-04-17 19:19 | INFO | Query 25 Size of the filtered table is = 73
2024-04-17 19:20 | INFO | Query 25 Active Learning Random Query Runtime on Validation Set: 1279424.4
2024-04-17 19:20 | INFO | Query 25 Active Learning Random Query Runtime on Test Set: 440141.58
2024-04-17 19:20 | INFO | Query 25 Active Learning Random Query Instance Cost: 982523.59
2024-04-17 19:20 | INFO | Query 26 Size of the uncertainty table is = 4901/7390
2024-04-17 19:20 | INFO | Query 26 Size of the filtered table is = 73
2024-04-17 19:20 | INFO | Query 26 Active Learning Random Query Runtime on Validation Set: 1140359.31
2024-04-17 19:20 | INFO | Query 26 Active Learning Random Query Runtime on Test Set: 476118.39
2024-04-17 19:20 | INFO | Query 26 Active Learning Random Query Instance Cost: 1066590.51
2024-04-17 19:20 | INFO | Query 27 Size of the uncertainty table is = 4760/7390
2024-04-17 19:20 | INFO | Query 27 Size of the filtered table is = 73
2024-04-17 19:21 | INFO | Query 27 Active Learning Random Query Runtime on Validation Set: 1279800.3
2024-04-17 19:21 | INFO | Query 27 Active Learning Random Query Runtime on Test Set: 512243.16
2024-04-17 19:21 | INFO | Query 27 Active Learning Random Query Instance Cost: 1146924.8
2024-04-17 19:21 | INFO | Timeout limit is increased to 1500
2024-04-17 19:21 | INFO | Query 28 Size of the uncertainty table is = 4635/7390
2024-04-17 19:21 | INFO | Query 28 Size of the filtered table is = 73
2024-04-17 19:21 | INFO | Query 28 Active Learning Random Query Runtime on Validation Set: 1243547.27
2024-04-17 19:21 | INFO | Query 28 Active Learning Random Query Runtime on Test Set: 510047.62
2024-04-17 19:21 | INFO | Query 28 Active Learning Random Query Instance Cost: 1235820.35
2024-04-17 19:21 | INFO | Query 29 Size of the uncertainty table is = 4507/7390
2024-04-17 19:21 | INFO | Query 29 Size of the filtered table is = 73
2024-04-17 19:22 | INFO | Query 29 Active Learning Random Query Runtime on Validation Set: 1243520.4
2024-04-17 19:22 | INFO | Query 29 Active Learning Random Query Runtime on Test Set: 513199.71
2024-04-17 19:22 | INFO | Query 29 Active Learning Random Query Instance Cost: 1324293.48
2024-04-17 19:22 | INFO | Query 30 Size of the uncertainty table is = 4383/7390
2024-04-17 19:22 | INFO | Query 30 Size of the filtered table is = 73
2024-04-17 19:22 | INFO | Query 30 Active Learning Random Query Runtime on Validation Set: 1243513.22
2024-04-17 19:22 | INFO | Query 30 Active Learning Random Query Runtime on Test Set: 513115.59
2024-04-17 19:22 | INFO | Query 30 Active Learning Random Query Instance Cost: 1408746.26
2024-04-17 19:22 | INFO | Query 31 Size of the uncertainty table is = 4258/7390
2024-04-17 19:22 | INFO | Query 31 Size of the filtered table is = 73
2024-04-17 19:22 | INFO | Query 31 Active Learning Random Query Runtime on Validation Set: 1138200.86
2024-04-17 19:22 | INFO | Query 31 Active Learning Random Query Runtime on Test Set: 441523.57
2024-04-17 19:22 | INFO | Query 31 Active Learning Random Query Instance Cost: 1484948.64
2024-04-17 19:22 | INFO | Query 32 Size of the uncertainty table is = 4099/7390
2024-04-17 19:22 | INFO | Query 32 Size of the filtered table is = 73
2024-04-17 19:23 | INFO | Query 32 Active Learning Random Query Runtime on Validation Set: 1207518.75
2024-04-17 19:23 | INFO | Query 32 Active Learning Random Query Runtime on Test Set: 478789.31
2024-04-17 19:23 | INFO | Query 32 Active Learning Random Query Instance Cost: 1553976.57
2024-04-17 19:23 | INFO | Timeout limit is increased to 1600
2024-04-17 19:23 | INFO | Query 33 Size of the uncertainty table is = 3965/7390
2024-04-17 19:23 | INFO | Query 33 Size of the filtered table is = 73
2024-04-17 19:23 | INFO | Query 33 Active Learning Random Query Runtime on Validation Set: 958199.48
2024-04-17 19:23 | INFO | Query 33 Active Learning Random Query Runtime on Test Set: 372936.34
2024-04-17 19:23 | INFO | Query 33 Active Learning Random Query Instance Cost: 1644929.66
2024-04-17 19:23 | INFO | Query 34 Size of the uncertainty table is = 3859/7390
2024-04-17 19:23 | INFO | Query 34 Size of the filtered table is = 73
2024-04-17 19:24 | INFO | Query 34 Active Learning Random Query Runtime on Validation Set: 1138187.36
2024-04-17 19:24 | INFO | Query 34 Active Learning Random Query Runtime on Test Set: 408116.56
2024-04-17 19:24 | INFO | Query 34 Active Learning Random Query Instance Cost: 1711898.78
2024-04-17 19:24 | INFO | Timeout limit is increased to 1700
2024-04-17 19:24 | INFO | Query 35 Size of the uncertainty table is = 3725/7390
2024-04-17 19:24 | INFO | Query 35 Size of the filtered table is = 73
2024-04-17 19:24 | INFO | Query 35 Active Learning Random Query Runtime on Validation Set: 994181.45
2024-04-17 19:24 | INFO | Query 35 Active Learning Random Query Runtime on Test Set: 334176.05
2024-04-17 19:24 | INFO | Query 35 Active Learning Random Query Instance Cost: 1776656.02
2024-04-17 19:24 | INFO | Query 36 Size of the uncertainty table is = 3607/7390
2024-04-17 19:24 | INFO | Query 36 Size of the filtered table is = 73
2024-04-17 19:25 | INFO | Query 36 Active Learning Random Query Runtime on Validation Set: 1207588.92
2024-04-17 19:25 | INFO | Query 36 Active Learning Random Query Runtime on Test Set: 476355.55
2024-04-17 19:25 | INFO | Query 36 Active Learning Random Query Instance Cost: 1849481.95
2024-04-17 19:25 | INFO | Timeout limit is increased to 1800
2024-04-17 19:25 | INFO | Query 37 Size of the uncertainty table is = 3482/7390
2024-04-17 19:25 | INFO | Query 37 Size of the filtered table is = 73
2024-04-17 19:25 | INFO | Query 37 Active Learning Random Query Runtime on Validation Set: 1243516.86
2024-04-17 19:25 | INFO | Query 37 Active Learning Random Query Runtime on Test Set: 476355.58
2024-04-17 19:25 | INFO | Query 37 Active Learning Random Query Instance Cost: 1953396.0
2024-04-17 19:25 | INFO | Timeout limit is increased to 1900
2024-04-17 19:25 | INFO | Query 38 Size of the uncertainty table is = 3382/7390
2024-04-17 19:25 | INFO | Query 38 Size of the filtered table is = 73
2024-04-17 19:26 | INFO | Query 38 Active Learning Random Query Runtime on Validation Set: 1207881.97
2024-04-17 19:26 | INFO | Query 38 Active Learning Random Query Runtime on Test Set: 476355.61
2024-04-17 19:26 | INFO | Query 38 Active Learning Random Query Instance Cost: 2045684.08
2024-04-17 19:26 | INFO | Query 39 Size of the uncertainty table is = 3295/7390
2024-04-17 19:26 | INFO | Query 39 Size of the filtered table is = 73
2024-04-17 19:26 | INFO | Query 39 Active Learning Random Query Runtime on Validation Set: 1171887.9
2024-04-17 19:26 | INFO | Query 39 Active Learning Random Query Runtime on Test Set: 404374.88
2024-04-17 19:26 | INFO | Query 39 Active Learning Random Query Instance Cost: 2129354.43
2024-04-17 19:26 | INFO | Query 40 Size of the uncertainty table is = 3186/7390
2024-04-17 19:26 | INFO | Query 40 Size of the filtered table is = 73
2024-04-17 19:27 | INFO | Query 40 Active Learning Random Query Runtime on Validation Set: 1243506.67
2024-04-17 19:27 | INFO | Query 40 Active Learning Random Query Runtime on Test Set: 476355.58
2024-04-17 19:27 | INFO | Query 40 Active Learning Random Query Instance Cost: 2222963.9
2024-04-17 19:27 | INFO | Timeout limit is increased to 2000
2024-04-17 19:27 | INFO | Query 41 Size of the uncertainty table is = 3099/7390
2024-04-17 19:27 | INFO | Query 41 Size of the filtered table is = 73
2024-04-17 19:27 | INFO | Query 41 Active Learning Random Query Runtime on Validation Set: 1243506.6
2024-04-17 19:27 | INFO | Query 41 Active Learning Random Query Runtime on Test Set: 476204.57
2024-04-17 19:27 | INFO | Query 41 Active Learning Random Query Instance Cost: 2316190.37
2024-04-17 19:27 | INFO | Query 42 Size of the uncertainty table is = 2993/7390
2024-04-17 19:27 | INFO | Query 42 Size of the filtered table is = 73
2024-04-17 19:28 | INFO | Query 42 Active Learning Random Query Runtime on Validation Set: 1243506.51
2024-04-17 19:28 | INFO | Query 42 Active Learning Random Query Runtime on Test Set: 476355.48
2024-04-17 19:28 | INFO | Query 42 Active Learning Random Query Instance Cost: 2391188.54
2024-04-17 19:28 | INFO | Query 43 Size of the uncertainty table is = 2907/7390
2024-04-17 19:28 | INFO | Query 43 Size of the filtered table is = 73
2024-04-17 19:28 | INFO | Query 43 Active Learning Random Query Runtime on Validation Set: 1138536.59
2024-04-17 19:28 | INFO | Query 43 Active Learning Random Query Runtime on Test Set: 404374.89
2024-04-17 19:28 | INFO | Query 43 Active Learning Random Query Instance Cost: 2461049.97
2024-04-17 19:28 | INFO | Query 44 Size of the uncertainty table is = 2823/7390
2024-04-17 19:28 | INFO | Query 44 Size of the filtered table is = 73
2024-04-17 19:29 | INFO | Query 44 Active Learning Random Query Runtime on Validation Set: 1243504.36
2024-04-17 19:29 | INFO | Query 44 Active Learning Random Query Runtime on Test Set: 476241.35
2024-04-17 19:29 | INFO | Query 44 Active Learning Random Query Instance Cost: 2544576.07
2024-04-17 19:29 | INFO | Timeout limit is increased to 2100
2024-04-17 19:29 | INFO | Query 45 Size of the uncertainty table is = 2736/7390
2024-04-17 19:29 | INFO | Query 45 Size of the filtered table is = 73
2024-04-17 19:29 | INFO | Query 45 Active Learning Random Query Runtime on Validation Set: 1243849.68
2024-04-17 19:29 | INFO | Query 45 Active Learning Random Query Runtime on Test Set: 476355.58
2024-04-17 19:29 | INFO | Query 45 Active Learning Random Query Instance Cost: 2615882.48
2024-04-17 19:29 | INFO | Timeout limit is increased to 2200
2024-04-17 19:29 | INFO | Query 46 Size of the uncertainty table is = 2662/7390
2024-04-17 19:29 | INFO | Query 46 Size of the filtered table is = 73
2024-04-17 19:30 | INFO | Query 46 Active Learning Random Query Runtime on Validation Set: 1138188.86
2024-04-17 19:30 | INFO | Query 46 Active Learning Random Query Runtime on Test Set: 404329.81
2024-04-17 19:30 | INFO | Query 46 Active Learning Random Query Instance Cost: 2698012.72
2024-04-17 19:30 | INFO | Query 47 Size of the uncertainty table is = 2615/7390
2024-04-17 19:30 | INFO | Query 47 Size of the filtered table is = 73
2024-04-17 19:30 | INFO | Query 47 Active Learning Random Query Runtime on Validation Set: 1207871.94
2024-04-17 19:30 | INFO | Query 47 Active Learning Random Query Runtime on Test Set: 476355.55
2024-04-17 19:30 | INFO | Query 47 Active Learning Random Query Instance Cost: 2802253.99
2024-04-17 19:30 | INFO | Timeout limit is increased to 2300
2024-04-17 19:30 | INFO | Query 48 Size of the uncertainty table is = 2535/7390
2024-04-17 19:30 | INFO | Query 48 Size of the filtered table is = 73
2024-04-17 19:31 | INFO | Query 48 Active Learning Random Query Runtime on Validation Set: 1207867.03
2024-04-17 19:31 | INFO | Query 48 Active Learning Random Query Runtime on Test Set: 476180.17
2024-04-17 19:31 | INFO | Query 48 Active Learning Random Query Instance Cost: 2902555.85
2024-04-17 19:31 | INFO | Query 49 Size of the uncertainty table is = 2487/7390
2024-04-17 19:31 | INFO | Query 49 Size of the filtered table is = 73
2024-04-17 19:31 | INFO | Query 49 Active Learning Random Query Runtime on Validation Set: 1171875.45
2024-04-17 19:31 | INFO | Query 49 Active Learning Random Query Runtime on Test Set: 474227.62
2024-04-17 19:31 | INFO | Query 49 Active Learning Random Query Instance Cost: 2980929.16
2024-04-17 19:31 | INFO | Query 50 Size of the uncertainty table is = 2434/7390
2024-04-17 19:31 | INFO | Query 50 Size of the filtered table is = 73
2024-04-17 19:32 | INFO | Query 50 Active Learning Random Query Runtime on Validation Set: 1171691.05
2024-04-17 19:32 | INFO | Query 50 Active Learning Random Query Runtime on Test Set: 474104.72
2024-04-17 19:32 | INFO | Query 50 Active Learning Random Query Instance Cost: 3061317.79
2024-04-17 19:32 | INFO | Query 51 Size of the uncertainty table is = 2376/7390
2024-04-17 19:32 | INFO | Query 51 Size of the filtered table is = 73
2024-04-17 19:32 | INFO | Query 51 Active Learning Random Query Runtime on Validation Set: 1171583.63
2024-04-17 19:32 | INFO | Query 51 Active Learning Random Query Runtime on Test Set: 438060.05
2024-04-17 19:32 | INFO | Query 51 Active Learning Random Query Instance Cost: 3136655.07
2024-04-17 19:32 | INFO | Query 52 Size of the uncertainty table is = 2276/7390
2024-04-17 19:32 | INFO | Query 52 Size of the filtered table is = 73
2024-04-17 19:33 | INFO | Query 52 Active Learning Random Query Runtime on Validation Set: 1171697.11
2024-04-17 19:33 | INFO | Query 52 Active Learning Random Query Runtime on Test Set: 510045.1
2024-04-17 19:33 | INFO | Query 52 Active Learning Random Query Instance Cost: 3205348.82
2024-04-17 19:33 | INFO | Timeout limit is increased to 2400
2024-04-17 19:33 | INFO | Query 53 Size of the uncertainty table is = 2208/7390
2024-04-17 19:33 | INFO | Query 53 Size of the filtered table is = 73
2024-04-17 19:33 | INFO | Query 53 Active Learning Random Query Runtime on Validation Set: 1207591.79
2024-04-17 19:33 | INFO | Query 53 Active Learning Random Query Runtime on Test Set: 473986.28
2024-04-17 19:33 | INFO | Query 53 Active Learning Random Query Instance Cost: 3280840.5
2024-04-17 19:33 | INFO | Timeout limit is increased to 2500
2024-04-17 19:33 | INFO | Query 54 Size of the uncertainty table is = 2169/7390
2024-04-17 19:33 | INFO | Query 54 Size of the filtered table is = 73
2024-04-17 19:34 | INFO | Query 54 Active Learning Random Query Runtime on Validation Set: 1207591.79
2024-04-17 19:34 | INFO | Query 54 Active Learning Random Query Runtime on Test Set: 473953.73
2024-04-17 19:34 | INFO | Query 54 Active Learning Random Query Instance Cost: 3357820.55
2024-04-17 19:34 | INFO | Timeout limit is increased to 2600
2024-04-17 19:34 | INFO | Query 55 Size of the uncertainty table is = 2120/7390
2024-04-17 19:34 | INFO | Query 55 Size of the filtered table is = 73
2024-04-17 19:34 | INFO | Query 55 Active Learning Random Query Runtime on Validation Set: 1207588.86
2024-04-17 19:34 | INFO | Query 55 Active Learning Random Query Runtime on Test Set: 474059.94
2024-04-17 19:34 | INFO | Query 55 Active Learning Random Query Instance Cost: 3452699.91
2024-04-17 19:34 | INFO | Query 56 Size of the uncertainty table is = 2086/7390
2024-04-17 19:34 | INFO | Query 56 Size of the filtered table is = 73
2024-04-17 19:35 | INFO | Query 56 Active Learning Random Query Runtime on Validation Set: 1207594.09
2024-04-17 19:35 | INFO | Query 56 Active Learning Random Query Runtime on Test Set: 473908.6
2024-04-17 19:35 | INFO | Query 56 Active Learning Random Query Instance Cost: 3529736.74
2024-04-17 19:35 | INFO | Timeout limit is increased to 2700
2024-04-17 19:35 | INFO | Query 57 Size of the uncertainty table is = 2027/7390
2024-04-17 19:35 | INFO | Query 57 Size of the filtered table is = 73
2024-04-17 19:35 | INFO | Query 57 Active Learning Random Query Runtime on Validation Set: 1207586.32
2024-04-17 19:35 | INFO | Query 57 Active Learning Random Query Runtime on Test Set: 474104.72
2024-04-17 19:35 | INFO | Query 57 Active Learning Random Query Instance Cost: 3621477.61
2024-04-17 19:35 | INFO | Query 58 Size of the uncertainty table is = 2000/7390
2024-04-17 19:35 | INFO | Query 58 Size of the filtered table is = 73
2024-04-17 19:36 | INFO | Query 58 Active Learning Random Query Runtime on Validation Set: 1207597.03
2024-04-17 19:36 | INFO | Query 58 Active Learning Random Query Runtime on Test Set: 438197.23
2024-04-17 19:36 | INFO | Query 58 Active Learning Random Query Instance Cost: 3696047.34
2024-04-17 19:36 | INFO | Timeout limit is increased to 2800
2024-04-17 19:36 | INFO | Query 59 Size of the uncertainty table is = 1969/7390
2024-04-17 19:36 | INFO | Query 59 Size of the filtered table is = 73
2024-04-17 19:36 | INFO | Query 59 Active Learning Random Query Runtime on Validation Set: 1207597.02
2024-04-17 19:36 | INFO | Query 59 Active Learning Random Query Runtime on Test Set: 438197.16
2024-04-17 19:36 | INFO | Query 59 Active Learning Random Query Instance Cost: 3789212.17
2024-04-17 19:36 | INFO | Query 60 Size of the uncertainty table is = 1953/7390
2024-04-17 19:36 | INFO | Query 60 Size of the filtered table is = 73
2024-04-17 19:37 | INFO | Query 60 Active Learning Random Query Runtime on Validation Set: 1207589.52
2024-04-17 19:37 | INFO | Query 60 Active Learning Random Query Runtime on Test Set: 438197.21
2024-04-17 19:37 | INFO | Query 60 Active Learning Random Query Instance Cost: 3881215.32
2024-04-17 19:37 | INFO | Query 61 Size of the uncertainty table is = 1921/7390
2024-04-17 19:37 | INFO | Query 61 Size of the filtered table is = 73
2024-04-17 19:37 | INFO | Query 61 Active Learning Random Query Runtime on Validation Set: 1207584.34
2024-04-17 19:37 | INFO | Query 61 Active Learning Random Query Runtime on Test Set: 440275.69
2024-04-17 19:37 | INFO | Query 61 Active Learning Random Query Instance Cost: 3957121.38
2024-04-17 19:37 | INFO | Query 62 Size of the uncertainty table is = 1903/7390
2024-04-17 19:37 | INFO | Query 62 Size of the filtered table is = 73
2024-04-17 19:38 | INFO | Query 62 Active Learning Random Query Runtime on Validation Set: 1207584.29
2024-04-17 19:38 | INFO | Query 62 Active Learning Random Query Runtime on Test Set: 473953.68
2024-04-17 19:38 | INFO | Query 62 Active Learning Random Query Instance Cost: 4014732.99
2024-04-17 19:38 | INFO | Query 63 Size of the uncertainty table is = 1880/7390
2024-04-17 19:38 | INFO | Query 63 Size of the filtered table is = 73
2024-04-17 19:38 | INFO | Query 63 Active Learning Random Query Runtime on Validation Set: 1207591.74
2024-04-17 19:38 | INFO | Query 63 Active Learning Random Query Runtime on Test Set: 473953.68
2024-04-17 19:38 | INFO | Query 63 Active Learning Random Query Instance Cost: 4075510.34
2024-04-17 19:38 | INFO | Timeout limit is increased to 2900
2024-04-17 19:38 | INFO | Query 64 Size of the uncertainty table is = 1870/7390
2024-04-17 19:38 | INFO | Query 64 Size of the filtered table is = 73
2024-04-17 19:39 | INFO | Query 64 Active Learning Random Query Runtime on Validation Set: 1207584.29
2024-04-17 19:39 | INFO | Query 64 Active Learning Random Query Runtime on Test Set: 438153.75
2024-04-17 19:39 | INFO | Query 64 Active Learning Random Query Instance Cost: 4148752.34
2024-04-17 19:39 | INFO | Query 65 Size of the uncertainty table is = 1864/7390
2024-04-17 19:39 | INFO | Query 65 Size of the filtered table is = 73
2024-04-17 19:39 | INFO | Query 65 Active Learning Random Query Runtime on Validation Set: 1207529.22
2024-04-17 19:39 | INFO | Query 65 Active Learning Random Query Runtime on Test Set: 474104.67
2024-04-17 19:39 | INFO | Query 65 Active Learning Random Query Instance Cost: 4199855.31
2024-04-17 19:39 | INFO | Query 66 Size of the uncertainty table is = 1858/7390
2024-04-17 19:39 | INFO | Query 66 Size of the filtered table is = 73
2024-04-17 19:40 | INFO | Query 66 Active Learning Random Query Runtime on Validation Set: 1207529.22
2024-04-17 19:40 | INFO | Query 66 Active Learning Random Query Runtime on Test Set: 473908.58
2024-04-17 19:40 | INFO | Query 66 Active Learning Random Query Instance Cost: 4268357.22
2024-04-17 19:40 | INFO | Timeout limit is increased to 3000
2024-04-17 19:40 | INFO | Query 67 Size of the uncertainty table is = 1852/7390
2024-04-17 19:40 | INFO | Query 67 Size of the filtered table is = 73
2024-04-17 19:40 | INFO | Query 67 Active Learning Random Query Runtime on Validation Set: 1207529.22
2024-04-17 19:40 | INFO | Query 67 Active Learning Random Query Runtime on Test Set: 438153.8
2024-04-17 19:40 | INFO | Query 67 Active Learning Random Query Instance Cost: 4335502.34
2024-04-17 19:40 | INFO | Timeout limit is increased to 3100
2024-04-17 19:40 | INFO | Query 68 Size of the uncertainty table is = 1839/7390
2024-04-17 19:40 | INFO | Query 68 Size of the filtered table is = 73
2024-04-17 19:41 | INFO | Query 68 Active Learning Random Query Runtime on Validation Set: 1243522.31
2024-04-17 19:41 | INFO | Query 68 Active Learning Random Query Runtime on Test Set: 438153.8
2024-04-17 19:41 | INFO | Query 68 Active Learning Random Query Instance Cost: 4411527.5
2024-04-17 19:41 | INFO | Timeout limit is increased to 3200
2024-04-17 19:41 | INFO | Query 69 Size of the uncertainty table is = 1828/7390
2024-04-17 19:41 | INFO | Query 69 Size of the filtered table is = 73
2024-04-17 19:41 | INFO | Query 69 Active Learning Random Query Runtime on Validation Set: 1207531.2
2024-04-17 19:41 | INFO | Query 69 Active Learning Random Query Runtime on Test Set: 474104.72
2024-04-17 19:41 | INFO | Query 69 Active Learning Random Query Instance Cost: 4488892.44
2024-04-17 19:41 | INFO | Query 70 Size of the uncertainty table is = 1813/7390
2024-04-17 19:41 | INFO | Query 70 Size of the filtered table is = 73
2024-04-17 19:42 | INFO | Query 70 Active Learning Random Query Runtime on Validation Set: 1207526.95
2024-04-17 19:42 | INFO | Query 70 Active Learning Random Query Runtime on Test Set: 474104.72
2024-04-17 19:42 | INFO | Query 70 Active Learning Random Query Instance Cost: 4562201.59
2024-04-17 19:42 | INFO | Query 71 Size of the uncertainty table is = 1805/7390
2024-04-17 19:42 | INFO | Query 71 Size of the filtered table is = 73
2024-04-17 19:42 | INFO | Query 71 Active Learning Random Query Runtime on Validation Set: 1207531.2
2024-04-17 19:42 | INFO | Query 71 Active Learning Random Query Runtime on Test Set: 474104.72
2024-04-17 19:42 | INFO | Query 71 Active Learning Random Query Instance Cost: 4625291.29
2024-04-17 19:42 | INFO | Timeout limit is increased to 3300
2024-04-17 19:42 | INFO | Query 72 Size of the uncertainty table is = 1795/7390
2024-04-17 19:42 | INFO | Query 72 Size of the filtered table is = 73
2024-04-17 19:43 | INFO | Query 72 Active Learning Random Query Runtime on Validation Set: 1243519.07
2024-04-17 19:43 | INFO | Query 72 Active Learning Random Query Runtime on Test Set: 474104.72
2024-04-17 19:43 | INFO | Query 72 Active Learning Random Query Instance Cost: 4705091.29
2024-04-17 19:43 | INFO | Timeout limit is increased to 3400
2024-04-17 19:43 | INFO | Query 73 Size of the uncertainty table is = 1792/7390
2024-04-17 19:43 | INFO | Query 73 Size of the filtered table is = 73
2024-04-17 19:43 | INFO | Query 73 Active Learning Random Query Runtime on Validation Set: 1243519.07
2024-04-17 19:43 | INFO | Query 73 Active Learning Random Query Runtime on Test Set: 474104.72
2024-04-17 19:43 | INFO | Query 73 Active Learning Random Query Instance Cost: 4788922.04
2024-04-17 19:43 | INFO | Timeout limit is increased to 3500
2024-04-17 19:43 | INFO | Query 74 Size of the uncertainty table is = 1779/7390
2024-04-17 19:43 | INFO | Query 74 Size of the filtered table is = 73
2024-04-17 19:44 | INFO | Query 74 Active Learning Random Query Runtime on Validation Set: 1243519.07
2024-04-17 19:44 | INFO | Query 74 Active Learning Random Query Runtime on Test Set: 438153.8
2024-04-17 19:44 | INFO | Query 74 Active Learning Random Query Instance Cost: 4868699.18
2024-04-17 19:44 | INFO | Timeout limit is increased to 3600
2024-04-17 19:44 | INFO | Query 75 Size of the uncertainty table is = 1769/7390
2024-04-17 19:44 | INFO | Query 75 Size of the filtered table is = 73
2024-04-17 19:44 | INFO | Query 75 Active Learning Random Query Runtime on Validation Set: 1243517.08
2024-04-17 19:44 | INFO | Query 75 Active Learning Random Query Runtime on Test Set: 438153.8
2024-04-17 19:44 | INFO | Query 75 Active Learning Random Query Instance Cost: 4968902.42
2024-04-17 19:44 | INFO | Query 76 Size of the uncertainty table is = 8/7390
2024-04-17 19:44 | INFO | Query 76 Size of the filtered table is = 8
2024-04-17 19:44 | INFO | Query 76 Active Learning Random Query Runtime on Validation Set: 1243517.1
2024-04-17 19:44 | INFO | Query 76 Active Learning Random Query Runtime on Test Set: 438153.8
2024-04-17 19:44 | INFO | Query 76 Active Learning Random Query Instance Cost: 4976002.64
2024-04-17 19:44 | INFO | Timeout limit is increased to 3600
2024-04-17 19:44 | INFO | runtime_train_score is written as json file
2024-04-17 19:44 | INFO | runtime_test_score is written as json file
2024-04-17 19:44 | INFO | runtime_validation_score is written as json file
2024-04-17 19:44 | INFO | instance_cost is written as json file
2024-04-17 19:44 | INFO | Experiment is finished
