2024-04-17 18:43 | INFO | Paramaters are: {'dataset': 'MAXSAT12-PMS', 'penalty': 10, 'weight': 'No_Weight', 'voting': 'Hard', 'pre_selection_size': 64, 'pre_selection_technique': 'No_pre_selection', 'feature_elimination_threshold': 20, 'imputer_strategy': 'median', 'feature_selection_technique': 'No_feature_selection', 'feature_scaling_technique': 'StandardScaler', 'initial_train_size': 20, 'query_size': 1, 'timeout_predictor_usage': 'Yes', 'timeout_limit': 100, 'timeout_increase_rate': 100, 'RANDOM_STATE_SEED': 123, 'n_splits': 10, 'split_number': 6, 'max_timeout': 3600, 'param_grid': {'n_estimators': 100, 'criterion': 'gini', 'max_features': 'sqrt', 'max_depth': 2147483648, 'min_samples_split': 2, 'bootstrap': True}}
2024-04-17 18:43 | INFO | MAXSAT12-PMS is current dataset
2024-04-17 18:43 | INFO | DATASETS/MAXSAT12-PMS/algorithm_runs.csv is found
2024-04-17 18:43 | INFO | DATASETS/MAXSAT12-PMS/algorithm_runs.csv is finished
2024-04-17 18:43 | INFO | DATASETS/MAXSAT12-PMS/feature_values.csv is found
2024-04-17 18:43 | INFO | DATASETS/MAXSAT12-PMS/feature_values.csv is finished
2024-04-17 18:43 | INFO | DATASETS/MAXSAT12-PMS/feature_costs.csv is found
2024-04-17 18:43 | INFO | DATASETS/MAXSAT12-PMS/feature_costs.csv is finished
2024-04-17 18:43 | INFO | Feature cost of train set is 32.88
2024-04-17 18:44 | INFO | Initial Active Learning Random Query Runtime on Validation Set: 408872.42
2024-04-17 18:44 | INFO | Initial Active Learning Random Query Runtime on Test Set: 217419.25
2024-04-17 18:44 | INFO | Initial Active Learning Random Query Instance Cost: 4028.71
2024-04-17 18:44 | INFO | Bin size = 77
2024-04-17 18:44 | INFO | Query 1 Size of the uncertainty table is = 7785/7755
2024-04-17 18:44 | INFO | Query 1 Size of the filtered table is = 77
2024-04-17 18:44 | INFO | Query 1 Active Learning Random Query Runtime on Validation Set: 408877.39
2024-04-17 18:44 | INFO | Query 1 Active Learning Random Query Runtime on Test Set: 181360.72
2024-04-17 18:44 | INFO | Query 1 Active Learning Random Query Instance Cost: 11126.3
2024-04-17 18:44 | INFO | Timeout limit is increased to 200
2024-04-17 18:44 | INFO | Query 2 Size of the uncertainty table is = 7717/7755
2024-04-17 18:44 | INFO | Query 2 Size of the filtered table is = 77
2024-04-17 18:45 | INFO | Query 2 Active Learning Random Query Runtime on Validation Set: 8219.05
2024-04-17 18:45 | INFO | Query 2 Active Learning Random Query Runtime on Test Set: 73484.1
2024-04-17 18:45 | INFO | Query 2 Active Learning Random Query Instance Cost: 23598.6
2024-04-17 18:45 | INFO | Query 3 Size of the uncertainty table is = 7631/7755
2024-04-17 18:45 | INFO | Query 3 Size of the filtered table is = 77
2024-04-17 18:45 | INFO | Query 3 Active Learning Random Query Runtime on Validation Set: 8259.02
2024-04-17 18:45 | INFO | Query 3 Active Learning Random Query Runtime on Test Set: 73492.26
2024-04-17 18:45 | INFO | Query 3 Active Learning Random Query Instance Cost: 35531.24
2024-04-17 18:45 | INFO | Timeout limit is increased to 300
2024-04-17 18:45 | INFO | Query 4 Size of the uncertainty table is = 7536/7755
2024-04-17 18:45 | INFO | Query 4 Size of the filtered table is = 77
2024-04-17 18:46 | INFO | Query 4 Active Learning Random Query Runtime on Validation Set: 477656.52
2024-04-17 18:46 | INFO | Query 4 Active Learning Random Query Runtime on Test Set: 38238.96
2024-04-17 18:46 | INFO | Query 4 Active Learning Random Query Instance Cost: 51597.51
2024-04-17 18:46 | INFO | Timeout limit is increased to 400
2024-04-17 18:46 | INFO | Query 5 Size of the uncertainty table is = 7419/7755
2024-04-17 18:46 | INFO | Query 5 Size of the filtered table is = 77
2024-04-17 18:46 | INFO | Query 5 Active Learning Random Query Runtime on Validation Set: 258891.63
2024-04-17 18:46 | INFO | Query 5 Active Learning Random Query Runtime on Test Set: 38373.63
2024-04-17 18:46 | INFO | Query 5 Active Learning Random Query Instance Cost: 79413.15
2024-04-17 18:46 | INFO | Query 6 Size of the uncertainty table is = 7308/7755
2024-04-17 18:46 | INFO | Query 6 Size of the filtered table is = 77
2024-04-17 18:47 | INFO | Query 6 Active Learning Random Query Runtime on Validation Set: 368018.39
2024-04-17 18:47 | INFO | Query 6 Active Learning Random Query Runtime on Test Set: 2175.04
2024-04-17 18:47 | INFO | Query 6 Active Learning Random Query Instance Cost: 100916.37
2024-04-17 18:47 | INFO | Timeout limit is increased to 500
2024-04-17 18:47 | INFO | Query 7 Size of the uncertainty table is = 7150/7755
2024-04-17 18:47 | INFO | Query 7 Size of the filtered table is = 77
2024-04-17 18:47 | INFO | Query 7 Active Learning Random Query Runtime on Validation Set: 477619.93
2024-04-17 18:47 | INFO | Query 7 Active Learning Random Query Runtime on Test Set: 2154.45
2024-04-17 18:47 | INFO | Query 7 Active Learning Random Query Instance Cost: 122924.97
2024-04-17 18:47 | INFO | Timeout limit is increased to 600
2024-04-17 18:47 | INFO | Query 8 Size of the uncertainty table is = 6977/7755
2024-04-17 18:47 | INFO | Query 8 Size of the filtered table is = 77
2024-04-17 18:48 | INFO | Query 8 Active Learning Random Query Runtime on Validation Set: 261696.08
2024-04-17 18:48 | INFO | Query 8 Active Learning Random Query Runtime on Test Set: 2183.06
2024-04-17 18:48 | INFO | Query 8 Active Learning Random Query Instance Cost: 151179.18
2024-04-17 18:48 | INFO | Query 9 Size of the uncertainty table is = 6789/7755
2024-04-17 18:48 | INFO | Query 9 Size of the filtered table is = 77
2024-04-17 18:48 | INFO | Query 9 Active Learning Random Query Runtime on Validation Set: 477563.46
2024-04-17 18:48 | INFO | Query 9 Active Learning Random Query Runtime on Test Set: 2109.23
2024-04-17 18:48 | INFO | Query 9 Active Learning Random Query Instance Cost: 184160.61
2024-04-17 18:48 | INFO | Timeout limit is increased to 700
2024-04-17 18:48 | INFO | Query 10 Size of the uncertainty table is = 6615/7755
2024-04-17 18:48 | INFO | Query 10 Size of the filtered table is = 77
2024-04-17 18:49 | INFO | Query 10 Active Learning Random Query Runtime on Validation Set: 477613.64
2024-04-17 18:49 | INFO | Query 10 Active Learning Random Query Runtime on Test Set: 74067.69
2024-04-17 18:49 | INFO | Query 10 Active Learning Random Query Instance Cost: 214879.92
2024-04-17 18:49 | INFO | Timeout limit is increased to 800
2024-04-17 18:49 | INFO | Query 11 Size of the uncertainty table is = 6405/7755
2024-04-17 18:49 | INFO | Query 11 Size of the filtered table is = 77
2024-04-17 18:49 | INFO | Query 11 Active Learning Random Query Runtime on Validation Set: 258751.07
2024-04-17 18:49 | INFO | Query 11 Active Learning Random Query Runtime on Test Set: 74068.08
2024-04-17 18:49 | INFO | Query 11 Active Learning Random Query Instance Cost: 256268.35
2024-04-17 18:49 | INFO | Query 12 Size of the uncertainty table is = 6267/7755
2024-04-17 18:49 | INFO | Query 12 Size of the filtered table is = 77
2024-04-17 18:50 | INFO | Query 12 Active Learning Random Query Runtime on Validation Set: 223010.7
2024-04-17 18:50 | INFO | Query 12 Active Learning Random Query Runtime on Test Set: 2082.88
2024-04-17 18:50 | INFO | Query 12 Active Learning Random Query Instance Cost: 285485.05
2024-04-17 18:50 | INFO | Query 13 Size of the uncertainty table is = 6071/7755
2024-04-17 18:50 | INFO | Query 13 Size of the filtered table is = 77
2024-04-17 18:50 | INFO | Query 13 Active Learning Random Query Runtime on Validation Set: 8144.21
2024-04-17 18:50 | INFO | Query 13 Active Learning Random Query Runtime on Test Set: 1506.16
2024-04-17 18:50 | INFO | Query 13 Active Learning Random Query Instance Cost: 315503.65
2024-04-17 18:50 | INFO | Query 14 Size of the uncertainty table is = 5840/7755
2024-04-17 18:50 | INFO | Query 14 Size of the filtered table is = 77
2024-04-17 18:51 | INFO | Query 14 Active Learning Random Query Runtime on Validation Set: 8227.7
2024-04-17 18:51 | INFO | Query 14 Active Learning Random Query Runtime on Test Set: 37606.19
2024-04-17 18:51 | INFO | Query 14 Active Learning Random Query Instance Cost: 346594.16
2024-04-17 18:51 | INFO | Timeout limit is increased to 900
2024-04-17 18:51 | INFO | Query 15 Size of the uncertainty table is = 5638/7755
2024-04-17 18:51 | INFO | Query 15 Size of the filtered table is = 77
2024-04-17 18:51 | INFO | Query 15 Active Learning Random Query Runtime on Validation Set: 8268.79
2024-04-17 18:51 | INFO | Query 15 Active Learning Random Query Runtime on Test Set: 1708.65
2024-04-17 18:51 | INFO | Query 15 Active Learning Random Query Instance Cost: 383444.23
2024-04-17 18:51 | INFO | Timeout limit is increased to 1000
2024-04-17 18:51 | INFO | Query 16 Size of the uncertainty table is = 5418/7755
2024-04-17 18:51 | INFO | Query 16 Size of the filtered table is = 77
2024-04-17 18:52 | INFO | Query 16 Active Learning Random Query Runtime on Validation Set: 8490.06
2024-04-17 18:52 | INFO | Query 16 Active Learning Random Query Runtime on Test Set: 1709.24
2024-04-17 18:52 | INFO | Query 16 Active Learning Random Query Instance Cost: 421394.77
2024-04-17 18:52 | INFO | Timeout limit is increased to 1100
2024-04-17 18:52 | INFO | Query 17 Size of the uncertainty table is = 5174/7755
2024-04-17 18:52 | INFO | Query 17 Size of the filtered table is = 77
2024-04-17 18:52 | INFO | Query 17 Active Learning Random Query Runtime on Validation Set: 8416.53
2024-04-17 18:52 | INFO | Query 17 Active Learning Random Query Runtime on Test Set: 1612.89
2024-04-17 18:52 | INFO | Query 17 Active Learning Random Query Instance Cost: 473232.24
2024-04-17 18:52 | INFO | Query 18 Size of the uncertainty table is = 4927/7755
2024-04-17 18:52 | INFO | Query 18 Size of the filtered table is = 77
2024-04-17 18:53 | INFO | Query 18 Active Learning Random Query Runtime on Validation Set: 8258.05
2024-04-17 18:53 | INFO | Query 18 Active Learning Random Query Runtime on Test Set: 37690.59
2024-04-17 18:53 | INFO | Query 18 Active Learning Random Query Instance Cost: 519066.96
2024-04-17 18:53 | INFO | Query 19 Size of the uncertainty table is = 4690/7755
2024-04-17 18:53 | INFO | Query 19 Size of the filtered table is = 77
2024-04-17 18:54 | INFO | Query 19 Active Learning Random Query Runtime on Validation Set: 8307.41
2024-04-17 18:54 | INFO | Query 19 Active Learning Random Query Runtime on Test Set: 37585.74
2024-04-17 18:54 | INFO | Query 19 Active Learning Random Query Instance Cost: 568322.51
2024-04-17 18:54 | INFO | Timeout limit is increased to 1200
2024-04-17 18:54 | INFO | Query 20 Size of the uncertainty table is = 4451/7755
2024-04-17 18:54 | INFO | Query 20 Size of the filtered table is = 77
2024-04-17 18:54 | INFO | Query 20 Active Learning Random Query Runtime on Validation Set: 8307.54
2024-04-17 18:54 | INFO | Query 20 Active Learning Random Query Runtime on Test Set: 37685.21
2024-04-17 18:54 | INFO | Query 20 Active Learning Random Query Instance Cost: 616597.56
2024-04-17 18:54 | INFO | Timeout limit is increased to 1300
2024-04-17 18:54 | INFO | Query 21 Size of the uncertainty table is = 4222/7755
2024-04-17 18:54 | INFO | Query 21 Size of the filtered table is = 77
2024-04-17 18:55 | INFO | Query 21 Active Learning Random Query Runtime on Validation Set: 8558.07
2024-04-17 18:55 | INFO | Query 21 Active Learning Random Query Runtime on Test Set: 1763.81
2024-04-17 18:55 | INFO | Query 21 Active Learning Random Query Instance Cost: 667460.27
2024-04-17 18:55 | INFO | Timeout limit is increased to 1400
2024-04-17 18:55 | INFO | Query 22 Size of the uncertainty table is = 3967/7755
2024-04-17 18:55 | INFO | Query 22 Size of the filtered table is = 77
2024-04-17 18:55 | INFO | Query 22 Active Learning Random Query Runtime on Validation Set: 8561.4
2024-04-17 18:55 | INFO | Query 22 Active Learning Random Query Runtime on Test Set: 37766.58
2024-04-17 18:55 | INFO | Query 22 Active Learning Random Query Instance Cost: 715970.34
2024-04-17 18:55 | INFO | Timeout limit is increased to 1500
2024-04-17 18:55 | INFO | Query 23 Size of the uncertainty table is = 3717/7755
2024-04-17 18:55 | INFO | Query 23 Size of the filtered table is = 77
2024-04-17 18:56 | INFO | Query 23 Active Learning Random Query Runtime on Validation Set: 11740.8
2024-04-17 18:56 | INFO | Query 23 Active Learning Random Query Runtime on Test Set: 37686.97
2024-04-17 18:56 | INFO | Query 23 Active Learning Random Query Instance Cost: 792133.53
2024-04-17 18:56 | INFO | Timeout limit is increased to 1600
2024-04-17 18:56 | INFO | Query 24 Size of the uncertainty table is = 3518/7755
2024-04-17 18:56 | INFO | Query 24 Size of the filtered table is = 77
2024-04-17 18:56 | INFO | Query 24 Active Learning Random Query Runtime on Validation Set: 47079.33
2024-04-17 18:56 | INFO | Query 24 Active Learning Random Query Runtime on Test Set: 37717.81
2024-04-17 18:56 | INFO | Query 24 Active Learning Random Query Instance Cost: 859602.03
2024-04-17 18:56 | INFO | Timeout limit is increased to 1700
2024-04-17 18:56 | INFO | Query 25 Size of the uncertainty table is = 3295/7755
2024-04-17 18:56 | INFO | Query 25 Size of the filtered table is = 77
2024-04-17 18:57 | INFO | Query 25 Active Learning Random Query Runtime on Validation Set: 45209.95
2024-04-17 18:57 | INFO | Query 25 Active Learning Random Query Runtime on Test Set: 1721.44
2024-04-17 18:57 | INFO | Query 25 Active Learning Random Query Instance Cost: 915519.54
2024-04-17 18:57 | INFO | Query 26 Size of the uncertainty table is = 3036/7755
2024-04-17 18:57 | INFO | Query 26 Size of the filtered table is = 77
2024-04-17 18:57 | INFO | Query 26 Active Learning Random Query Runtime on Validation Set: 8561.74
2024-04-17 18:57 | INFO | Query 26 Active Learning Random Query Runtime on Test Set: 1597.97
2024-04-17 18:57 | INFO | Query 26 Active Learning Random Query Instance Cost: 973715.44
2024-04-17 18:57 | INFO | Query 27 Size of the uncertainty table is = 2799/7755
2024-04-17 18:57 | INFO | Query 27 Size of the filtered table is = 77
2024-04-17 18:58 | INFO | Query 27 Active Learning Random Query Runtime on Validation Set: 8562.37
2024-04-17 18:58 | INFO | Query 27 Active Learning Random Query Runtime on Test Set: 1583.95
2024-04-17 18:58 | INFO | Query 27 Active Learning Random Query Instance Cost: 1039392.17
2024-04-17 18:58 | INFO | Timeout limit is increased to 1800
2024-04-17 18:58 | INFO | Query 28 Size of the uncertainty table is = 2566/7755
2024-04-17 18:58 | INFO | Query 28 Size of the filtered table is = 77
2024-04-17 18:58 | INFO | Query 28 Active Learning Random Query Runtime on Validation Set: 8534.79
2024-04-17 18:58 | INFO | Query 28 Active Learning Random Query Runtime on Test Set: 1574.76
2024-04-17 18:58 | INFO | Query 28 Active Learning Random Query Instance Cost: 1114282.98
2024-04-17 18:58 | INFO | Query 29 Size of the uncertainty table is = 2326/7755
2024-04-17 18:58 | INFO | Query 29 Size of the filtered table is = 77
2024-04-17 18:59 | INFO | Query 29 Active Learning Random Query Runtime on Validation Set: 8489.24
2024-04-17 18:59 | INFO | Query 29 Active Learning Random Query Runtime on Test Set: 1572.96
2024-04-17 18:59 | INFO | Query 29 Active Learning Random Query Instance Cost: 1189084.18
2024-04-17 18:59 | INFO | Query 30 Size of the uncertainty table is = 2105/7755
2024-04-17 18:59 | INFO | Query 30 Size of the filtered table is = 77
2024-04-17 18:59 | INFO | Query 30 Active Learning Random Query Runtime on Validation Set: 8522.74
2024-04-17 18:59 | INFO | Query 30 Active Learning Random Query Runtime on Test Set: 1663.52
2024-04-17 18:59 | INFO | Query 30 Active Learning Random Query Instance Cost: 1232282.08
2024-04-17 18:59 | INFO | Timeout limit is increased to 1900
2024-04-17 18:59 | INFO | Query 31 Size of the uncertainty table is = 1900/7755
2024-04-17 18:59 | INFO | Query 31 Size of the filtered table is = 77
2024-04-17 19:00 | INFO | Query 31 Active Learning Random Query Runtime on Validation Set: 8482.52
2024-04-17 19:00 | INFO | Query 31 Active Learning Random Query Runtime on Test Set: 1661.39
2024-04-17 19:00 | INFO | Query 31 Active Learning Random Query Instance Cost: 1314960.17
2024-04-17 19:00 | INFO | Query 32 Size of the uncertainty table is = 1708/7755
2024-04-17 19:00 | INFO | Query 32 Size of the filtered table is = 77
2024-04-17 19:00 | INFO | Query 32 Active Learning Random Query Runtime on Validation Set: 8457.69
2024-04-17 19:00 | INFO | Query 32 Active Learning Random Query Runtime on Test Set: 1658.13
2024-04-17 19:00 | INFO | Query 32 Active Learning Random Query Instance Cost: 1375123.38
2024-04-17 19:00 | INFO | Query 33 Size of the uncertainty table is = 1562/7755
2024-04-17 19:00 | INFO | Query 33 Size of the filtered table is = 77
2024-04-17 19:01 | INFO | Query 33 Active Learning Random Query Runtime on Validation Set: 8473.99
2024-04-17 19:01 | INFO | Query 33 Active Learning Random Query Runtime on Test Set: 1657.56
2024-04-17 19:01 | INFO | Query 33 Active Learning Random Query Instance Cost: 1428840.55
2024-04-17 19:01 | INFO | Timeout limit is increased to 2000
2024-04-17 19:01 | INFO | Query 34 Size of the uncertainty table is = 1455/7755
2024-04-17 19:01 | INFO | Query 34 Size of the filtered table is = 77
2024-04-17 19:01 | INFO | Query 34 Active Learning Random Query Runtime on Validation Set: 8451.41
2024-04-17 19:01 | INFO | Query 34 Active Learning Random Query Runtime on Test Set: 1658.31
2024-04-17 19:01 | INFO | Query 34 Active Learning Random Query Instance Cost: 1500703.19
2024-04-17 19:01 | INFO | Query 35 Size of the uncertainty table is = 1352/7755
2024-04-17 19:01 | INFO | Query 35 Size of the filtered table is = 77
2024-04-17 19:02 | INFO | Query 35 Active Learning Random Query Runtime on Validation Set: 8473.97
2024-04-17 19:02 | INFO | Query 35 Active Learning Random Query Runtime on Test Set: 1558.05
2024-04-17 19:02 | INFO | Query 35 Active Learning Random Query Instance Cost: 1551027.76
2024-04-17 19:02 | INFO | Timeout limit is increased to 2100
2024-04-17 19:02 | INFO | Query 36 Size of the uncertainty table is = 1223/7755
2024-04-17 19:02 | INFO | Query 36 Size of the filtered table is = 77
2024-04-17 19:02 | INFO | Query 36 Active Learning Random Query Runtime on Validation Set: 8364.92
2024-04-17 19:02 | INFO | Query 36 Active Learning Random Query Runtime on Test Set: 1558.05
2024-04-17 19:02 | INFO | Query 36 Active Learning Random Query Instance Cost: 1613731.63
2024-04-17 19:02 | INFO | Query 37 Size of the uncertainty table is = 1111/7755
2024-04-17 19:02 | INFO | Query 37 Size of the filtered table is = 77
2024-04-17 19:03 | INFO | Query 37 Active Learning Random Query Runtime on Validation Set: 8451.39
2024-04-17 19:03 | INFO | Query 37 Active Learning Random Query Runtime on Test Set: 1558.05
2024-04-17 19:03 | INFO | Query 37 Active Learning Random Query Instance Cost: 1664405.47
2024-04-17 19:03 | INFO | Timeout limit is increased to 2200
2024-04-17 19:03 | INFO | Query 38 Size of the uncertainty table is = 1037/7755
2024-04-17 19:03 | INFO | Query 38 Size of the filtered table is = 77
2024-04-17 19:03 | INFO | Query 38 Active Learning Random Query Runtime on Validation Set: 8457.26
2024-04-17 19:03 | INFO | Query 38 Active Learning Random Query Runtime on Test Set: 1558.0
2024-04-17 19:03 | INFO | Query 38 Active Learning Random Query Instance Cost: 1736198.91
2024-04-17 19:03 | INFO | Timeout limit is increased to 2300
2024-04-17 19:03 | INFO | Query 39 Size of the uncertainty table is = 982/7755
2024-04-17 19:03 | INFO | Query 39 Size of the filtered table is = 77
2024-04-17 19:04 | INFO | Query 39 Active Learning Random Query Runtime on Validation Set: 8457.24
2024-04-17 19:04 | INFO | Query 39 Active Learning Random Query Runtime on Test Set: 1558.0
2024-04-17 19:04 | INFO | Query 39 Active Learning Random Query Instance Cost: 1800683.6
2024-04-17 19:04 | INFO | Query 40 Size of the uncertainty table is = 939/7755
2024-04-17 19:04 | INFO | Query 40 Size of the filtered table is = 77
2024-04-17 19:04 | INFO | Query 40 Active Learning Random Query Runtime on Validation Set: 8499.9
2024-04-17 19:04 | INFO | Query 40 Active Learning Random Query Runtime on Test Set: 1557.99
2024-04-17 19:04 | INFO | Query 40 Active Learning Random Query Instance Cost: 1852236.49
2024-04-17 19:04 | INFO | Timeout limit is increased to 2400
2024-04-17 19:04 | INFO | Query 41 Size of the uncertainty table is = 888/7755
2024-04-17 19:04 | INFO | Query 41 Size of the filtered table is = 77
2024-04-17 19:05 | INFO | Query 41 Active Learning Random Query Runtime on Validation Set: 8470.54
2024-04-17 19:05 | INFO | Query 41 Active Learning Random Query Runtime on Test Set: 1534.2
2024-04-17 19:05 | INFO | Query 41 Active Learning Random Query Instance Cost: 1906098.54
2024-04-17 19:05 | INFO | Query 42 Size of the uncertainty table is = 863/7755
2024-04-17 19:05 | INFO | Query 42 Size of the filtered table is = 77
2024-04-17 19:05 | INFO | Query 42 Active Learning Random Query Runtime on Validation Set: 8457.24
2024-04-17 19:05 | INFO | Query 42 Active Learning Random Query Runtime on Test Set: 1534.19
2024-04-17 19:05 | INFO | Query 42 Active Learning Random Query Instance Cost: 1952798.6
2024-04-17 19:05 | INFO | Query 43 Size of the uncertainty table is = 848/7755
2024-04-17 19:05 | INFO | Query 43 Size of the filtered table is = 77
2024-04-17 19:06 | INFO | Query 43 Active Learning Random Query Runtime on Validation Set: 8457.24
2024-04-17 19:06 | INFO | Query 43 Active Learning Random Query Runtime on Test Set: 1534.19
2024-04-17 19:06 | INFO | Query 43 Active Learning Random Query Instance Cost: 1990533.55
2024-04-17 19:06 | INFO | Timeout limit is increased to 2500
2024-04-17 19:06 | INFO | Query 44 Size of the uncertainty table is = 841/7755
2024-04-17 19:06 | INFO | Query 44 Size of the filtered table is = 77
2024-04-17 19:06 | INFO | Query 44 Active Learning Random Query Runtime on Validation Set: 8457.24
2024-04-17 19:06 | INFO | Query 44 Active Learning Random Query Runtime on Test Set: 1534.19
2024-04-17 19:06 | INFO | Query 44 Active Learning Random Query Instance Cost: 2042972.87
2024-04-17 19:06 | INFO | Timeout limit is increased to 2600
2024-04-17 19:06 | INFO | Query 45 Size of the uncertainty table is = 837/7755
2024-04-17 19:06 | INFO | Query 45 Size of the filtered table is = 77
2024-04-17 19:07 | INFO | Query 45 Active Learning Random Query Runtime on Validation Set: 8457.24
2024-04-17 19:07 | INFO | Query 45 Active Learning Random Query Runtime on Test Set: 1534.19
2024-04-17 19:07 | INFO | Query 45 Active Learning Random Query Instance Cost: 2093078.2
2024-04-17 19:07 | INFO | Timeout limit is increased to 2700
2024-04-17 19:07 | INFO | Query 46 Size of the uncertainty table is = 825/7755
2024-04-17 19:07 | INFO | Query 46 Size of the filtered table is = 77
2024-04-17 19:07 | INFO | Query 46 Active Learning Random Query Runtime on Validation Set: 8457.24
2024-04-17 19:07 | INFO | Query 46 Active Learning Random Query Runtime on Test Set: 1534.19
2024-04-17 19:07 | INFO | Query 46 Active Learning Random Query Instance Cost: 2155878.2
2024-04-17 19:07 | INFO | Timeout limit is increased to 2800
2024-04-17 19:07 | INFO | Query 47 Size of the uncertainty table is = 825/7755
2024-04-17 19:07 | INFO | Query 47 Size of the filtered table is = 77
2024-04-17 19:08 | INFO | Query 47 Active Learning Random Query Runtime on Validation Set: 8457.24
2024-04-17 19:08 | INFO | Query 47 Active Learning Random Query Runtime on Test Set: 1534.19
2024-04-17 19:08 | INFO | Query 47 Active Learning Random Query Instance Cost: 2221483.49
2024-04-17 19:08 | INFO | Timeout limit is increased to 2900
2024-04-17 19:08 | INFO | Query 48 Size of the uncertainty table is = 820/7755
2024-04-17 19:08 | INFO | Query 48 Size of the filtered table is = 77
2024-04-17 19:09 | INFO | Query 48 Active Learning Random Query Runtime on Validation Set: 8457.24
2024-04-17 19:09 | INFO | Query 48 Active Learning Random Query Runtime on Test Set: 1534.19
2024-04-17 19:09 | INFO | Query 48 Active Learning Random Query Instance Cost: 2291583.49
2024-04-17 19:09 | INFO | Timeout limit is increased to 3000
2024-04-17 19:09 | INFO | Query 49 Size of the uncertainty table is = 820/7755
2024-04-17 19:09 | INFO | Query 49 Size of the filtered table is = 77
2024-04-17 19:09 | INFO | Query 49 Active Learning Random Query Runtime on Validation Set: 8457.24
2024-04-17 19:09 | INFO | Query 49 Active Learning Random Query Runtime on Test Set: 1534.19
2024-04-17 19:09 | INFO | Query 49 Active Learning Random Query Instance Cost: 2357583.49
2024-04-17 19:09 | INFO | Timeout limit is increased to 3100
2024-04-17 19:09 | INFO | Query 50 Size of the uncertainty table is = 820/7755
2024-04-17 19:09 | INFO | Query 50 Size of the filtered table is = 77
2024-04-17 19:10 | INFO | Query 50 Active Learning Random Query Runtime on Validation Set: 8457.24
2024-04-17 19:10 | INFO | Query 50 Active Learning Random Query Runtime on Test Set: 1534.19
2024-04-17 19:10 | INFO | Query 50 Active Learning Random Query Instance Cost: 2421244.45
2024-04-17 19:10 | INFO | Timeout limit is increased to 3200
2024-04-17 19:10 | INFO | Query 51 Size of the uncertainty table is = 819/7755
2024-04-17 19:10 | INFO | Query 51 Size of the filtered table is = 77
2024-04-17 19:10 | INFO | Query 51 Active Learning Random Query Runtime on Validation Set: 8457.24
2024-04-17 19:10 | INFO | Query 51 Active Learning Random Query Runtime on Test Set: 1534.19
2024-04-17 19:10 | INFO | Query 51 Active Learning Random Query Instance Cost: 2485744.45
2024-04-17 19:10 | INFO | Timeout limit is increased to 3300
2024-04-17 19:10 | INFO | Query 52 Size of the uncertainty table is = 819/7755
2024-04-17 19:10 | INFO | Query 52 Size of the filtered table is = 77
2024-04-17 19:11 | INFO | Query 52 Active Learning Random Query Runtime on Validation Set: 8457.24
2024-04-17 19:11 | INFO | Query 52 Active Learning Random Query Runtime on Test Set: 1534.19
2024-04-17 19:11 | INFO | Query 52 Active Learning Random Query Instance Cost: 2555544.45
2024-04-17 19:11 | INFO | Timeout limit is increased to 3400
2024-04-17 19:11 | INFO | Query 53 Size of the uncertainty table is = 819/7755
2024-04-17 19:11 | INFO | Query 53 Size of the filtered table is = 77
2024-04-17 19:11 | INFO | Query 53 Active Learning Random Query Runtime on Validation Set: 8457.24
2024-04-17 19:11 | INFO | Query 53 Active Learning Random Query Runtime on Test Set: 1534.19
2024-04-17 19:11 | INFO | Query 53 Active Learning Random Query Instance Cost: 2647344.45
2024-04-17 19:11 | INFO | Timeout limit is increased to 3500
2024-04-17 19:11 | INFO | Query 54 Size of the uncertainty table is = 819/7755
2024-04-17 19:11 | INFO | Query 54 Size of the filtered table is = 77
2024-04-17 19:12 | INFO | Query 54 Active Learning Random Query Runtime on Validation Set: 8457.24
2024-04-17 19:12 | INFO | Query 54 Active Learning Random Query Runtime on Test Set: 1534.19
2024-04-17 19:12 | INFO | Query 54 Active Learning Random Query Instance Cost: 2716244.45
2024-04-17 19:12 | INFO | Timeout limit is increased to 3600
2024-04-17 19:12 | INFO | Query 55 Size of the uncertainty table is = 819/7755
2024-04-17 19:12 | INFO | Query 55 Size of the filtered table is = 77
2024-04-17 19:12 | INFO | Query 55 Active Learning Random Query Runtime on Validation Set: 8457.24
2024-04-17 19:12 | INFO | Query 55 Active Learning Random Query Runtime on Test Set: 1534.19
2024-04-17 19:12 | INFO | Query 55 Active Learning Random Query Instance Cost: 2790744.45
2024-04-17 19:12 | INFO | Timeout limit is increased to 3600
2024-04-17 19:12 | INFO | runtime_train_score is written as json file
2024-04-17 19:12 | INFO | runtime_test_score is written as json file
2024-04-17 19:12 | INFO | runtime_validation_score is written as json file
2024-04-17 19:12 | INFO | instance_cost is written as json file
2024-04-17 19:12 | INFO | Experiment is finished
