2024-04-17 19:08 | INFO | Paramaters are: {'dataset': 'QBF-2011', 'penalty': 10, 'weight': 'No_Weight', 'voting': 'Hard', 'pre_selection_size': 64, 'pre_selection_technique': 'No_pre_selection', 'feature_elimination_threshold': 20, 'imputer_strategy': 'median', 'feature_selection_technique': 'No_feature_selection', 'feature_scaling_technique': 'StandardScaler', 'initial_train_size': 20, 'query_size': 1, 'timeout_predictor_usage': 'Yes', 'timeout_limit': 3600, 'timeout_increase_rate': 100, 'RANDOM_STATE_SEED': 99, 'n_splits': 10, 'split_number': 8, 'max_timeout': 3600, 'param_grid': {'n_estimators': 100, 'criterion': 'gini', 'max_features': 'sqrt', 'max_depth': 2147483648, 'min_samples_split': 2, 'bootstrap': True}}
2024-04-17 19:08 | INFO | QBF-2011 is current dataset
2024-04-17 19:08 | INFO | DATASETS/QBF-2011/algorithm_runs.csv is found
2024-04-17 19:08 | INFO | DATASETS/QBF-2011/algorithm_runs.csv is finished
2024-04-17 19:08 | INFO | DATASETS/QBF-2011/feature_values.csv is found
2024-04-17 19:08 | INFO | DATASETS/QBF-2011/feature_values.csv is finished
2024-04-17 19:08 | INFO | Feature cost of train set is 0
2024-04-17 19:08 | INFO | Initial Active Learning Random Query Runtime on Validation Set: 1604957.12
2024-04-17 19:08 | INFO | Initial Active Learning Random Query Runtime on Test Set: 520538.87
2024-04-17 19:08 | INFO | Initial Active Learning Random Query Instance Cost: 175731.11
2024-04-17 19:08 | INFO | Bin size = 73
2024-04-17 19:08 | INFO | Query 1 Size of the uncertainty table is = 7390/7390
2024-04-17 19:08 | INFO | Query 1 Size of the filtered table is = 73
2024-04-17 19:09 | INFO | Query 1 Active Learning Random Query Runtime on Validation Set: 1415729.59
2024-04-17 19:09 | INFO | Query 1 Active Learning Random Query Runtime on Test Set: 412534.86
2024-04-17 19:09 | INFO | Query 1 Active Learning Random Query Instance Cost: 387485.58
2024-04-17 19:09 | INFO | Query 2 Size of the uncertainty table is = 7311/7390
2024-04-17 19:09 | INFO | Query 2 Size of the filtered table is = 73
2024-04-17 19:09 | INFO | Query 2 Active Learning Random Query Runtime on Validation Set: 1417975.24
2024-04-17 19:09 | INFO | Query 2 Active Learning Random Query Runtime on Test Set: 448557.34
2024-04-17 19:09 | INFO | Query 2 Active Learning Random Query Instance Cost: 619533.36
2024-04-17 19:09 | INFO | Timeout limit is increased to 3600
2024-04-17 19:09 | INFO | Query 3 Size of the uncertainty table is = 7227/7390
2024-04-17 19:09 | INFO | Query 3 Size of the filtered table is = 73
2024-04-17 19:10 | INFO | Query 3 Active Learning Random Query Runtime on Validation Set: 984812.19
2024-04-17 19:10 | INFO | Query 3 Active Learning Random Query Runtime on Test Set: 302789.67
2024-04-17 19:10 | INFO | Query 3 Active Learning Random Query Instance Cost: 858601.85
2024-04-17 19:10 | INFO | Query 4 Size of the uncertainty table is = 7117/7390
2024-04-17 19:10 | INFO | Query 4 Size of the filtered table is = 73
2024-04-17 19:10 | INFO | Query 4 Active Learning Random Query Runtime on Validation Set: 987320.1
2024-04-17 19:10 | INFO | Query 4 Active Learning Random Query Runtime on Test Set: 301149.88
2024-04-17 19:10 | INFO | Query 4 Active Learning Random Query Instance Cost: 1102868.22
2024-04-17 19:10 | INFO | Timeout limit is increased to 3600
2024-04-17 19:10 | INFO | Query 5 Size of the uncertainty table is = 6996/7390
2024-04-17 19:10 | INFO | Query 5 Size of the filtered table is = 73
2024-04-17 19:11 | INFO | Query 5 Active Learning Random Query Runtime on Validation Set: 1023886.36
2024-04-17 19:11 | INFO | Query 5 Active Learning Random Query Runtime on Test Set: 229048.28
2024-04-17 19:11 | INFO | Query 5 Active Learning Random Query Instance Cost: 1332658.19
2024-04-17 19:11 | INFO | Timeout limit is increased to 3600
2024-04-17 19:11 | INFO | Query 6 Size of the uncertainty table is = 6887/7390
2024-04-17 19:11 | INFO | Query 6 Size of the filtered table is = 73
2024-04-17 19:11 | INFO | Query 6 Active Learning Random Query Runtime on Validation Set: 1308655.61
2024-04-17 19:11 | INFO | Query 6 Active Learning Random Query Runtime on Test Set: 336999.56
2024-04-17 19:11 | INFO | Query 6 Active Learning Random Query Instance Cost: 1516471.53
2024-04-17 19:11 | INFO | Timeout limit is increased to 3600
2024-04-17 19:11 | INFO | Query 7 Size of the uncertainty table is = 6756/7390
2024-04-17 19:11 | INFO | Query 7 Size of the filtered table is = 73
2024-04-17 19:12 | INFO | Query 7 Active Learning Random Query Runtime on Validation Set: 1237784.5
2024-04-17 19:12 | INFO | Query 7 Active Learning Random Query Runtime on Test Set: 229693.94
2024-04-17 19:12 | INFO | Query 7 Active Learning Random Query Instance Cost: 1673725.61
2024-04-17 19:12 | INFO | Query 8 Size of the uncertainty table is = 6635/7390
2024-04-17 19:12 | INFO | Query 8 Size of the filtered table is = 73
2024-04-17 19:12 | INFO | Query 8 Active Learning Random Query Runtime on Validation Set: 1417599.36
2024-04-17 19:12 | INFO | Query 8 Active Learning Random Query Runtime on Test Set: 265568.45
2024-04-17 19:12 | INFO | Query 8 Active Learning Random Query Instance Cost: 1917129.23
2024-04-17 19:12 | INFO | Timeout limit is increased to 3600
2024-04-17 19:12 | INFO | Query 9 Size of the uncertainty table is = 6498/7390
2024-04-17 19:12 | INFO | Query 9 Size of the filtered table is = 73
2024-04-17 19:13 | INFO | Query 9 Active Learning Random Query Runtime on Validation Set: 1344636.71
2024-04-17 19:13 | INFO | Query 9 Active Learning Random Query Runtime on Test Set: 301526.93
2024-04-17 19:13 | INFO | Query 9 Active Learning Random Query Instance Cost: 2102961.13
2024-04-17 19:13 | INFO | Query 10 Size of the uncertainty table is = 6342/7390
2024-04-17 19:13 | INFO | Query 10 Size of the filtered table is = 73
2024-04-17 19:13 | INFO | Query 10 Active Learning Random Query Runtime on Validation Set: 1380566.91
2024-04-17 19:13 | INFO | Query 10 Active Learning Random Query Runtime on Test Set: 301535.49
2024-04-17 19:13 | INFO | Query 10 Active Learning Random Query Instance Cost: 2324594.81
2024-04-17 19:13 | INFO | Timeout limit is increased to 3600
2024-04-17 19:13 | INFO | Query 11 Size of the uncertainty table is = 6167/7390
2024-04-17 19:13 | INFO | Query 11 Size of the filtered table is = 73
2024-04-17 19:14 | INFO | Query 11 Active Learning Random Query Runtime on Validation Set: 1380327.03
2024-04-17 19:14 | INFO | Query 11 Active Learning Random Query Runtime on Test Set: 301528.77
2024-04-17 19:14 | INFO | Query 11 Active Learning Random Query Instance Cost: 2493212.7
2024-04-17 19:14 | INFO | Query 12 Size of the uncertainty table is = 5989/7390
2024-04-17 19:14 | INFO | Query 12 Size of the filtered table is = 73
2024-04-17 19:14 | INFO | Query 12 Active Learning Random Query Runtime on Validation Set: 1309622.2
2024-04-17 19:14 | INFO | Query 12 Active Learning Random Query Runtime on Test Set: 302580.06
2024-04-17 19:14 | INFO | Query 12 Active Learning Random Query Instance Cost: 2701779.6
2024-04-17 19:14 | INFO | Query 13 Size of the uncertainty table is = 5794/7390
2024-04-17 19:14 | INFO | Query 13 Size of the filtered table is = 73
2024-04-17 19:14 | INFO | Query 13 Active Learning Random Query Runtime on Validation Set: 1309604.58
2024-04-17 19:14 | INFO | Query 13 Active Learning Random Query Runtime on Test Set: 339264.46
2024-04-17 19:14 | INFO | Query 13 Active Learning Random Query Instance Cost: 2874042.1
2024-04-17 19:14 | INFO | Query 14 Size of the uncertainty table is = 5617/7390
2024-04-17 19:14 | INFO | Query 14 Size of the filtered table is = 73
2024-04-17 19:15 | INFO | Query 14 Active Learning Random Query Runtime on Validation Set: 1345621.63
2024-04-17 19:15 | INFO | Query 14 Active Learning Random Query Runtime on Test Set: 233498.35
2024-04-17 19:15 | INFO | Query 14 Active Learning Random Query Instance Cost: 3070521.28
2024-04-17 19:15 | INFO | Timeout limit is increased to 3600
2024-04-17 19:15 | INFO | Query 15 Size of the uncertainty table is = 5424/7390
2024-04-17 19:15 | INFO | Query 15 Size of the filtered table is = 73
2024-04-17 19:15 | INFO | Query 15 Active Learning Random Query Runtime on Validation Set: 1309727.47
2024-04-17 19:15 | INFO | Query 15 Active Learning Random Query Runtime on Test Set: 339977.69
2024-04-17 19:15 | INFO | Query 15 Active Learning Random Query Instance Cost: 3215526.73
2024-04-17 19:15 | INFO | Query 16 Size of the uncertainty table is = 5212/7390
2024-04-17 19:15 | INFO | Query 16 Size of the filtered table is = 73
2024-04-17 19:16 | INFO | Query 16 Active Learning Random Query Runtime on Validation Set: 1381604.58
2024-04-17 19:16 | INFO | Query 16 Active Learning Random Query Runtime on Test Set: 374684.76
2024-04-17 19:16 | INFO | Query 16 Active Learning Random Query Instance Cost: 3364614.11
2024-04-17 19:16 | INFO | Timeout limit is increased to 3600
2024-04-17 19:16 | INFO | Query 17 Size of the uncertainty table is = 5014/7390
2024-04-17 19:16 | INFO | Query 17 Size of the filtered table is = 73
2024-04-17 19:16 | INFO | Query 17 Active Learning Random Query Runtime on Validation Set: 1345623.86
2024-04-17 19:16 | INFO | Query 17 Active Learning Random Query Runtime on Test Set: 341892.02
2024-04-17 19:16 | INFO | Query 17 Active Learning Random Query Instance Cost: 3523612.78
2024-04-17 19:16 | INFO | Query 18 Size of the uncertainty table is = 4817/7390
2024-04-17 19:16 | INFO | Query 18 Size of the filtered table is = 73
2024-04-17 19:17 | INFO | Query 18 Active Learning Random Query Runtime on Validation Set: 1489601.6
2024-04-17 19:17 | INFO | Query 18 Active Learning Random Query Runtime on Test Set: 338194.77
2024-04-17 19:17 | INFO | Query 18 Active Learning Random Query Instance Cost: 3672868.27
2024-04-17 19:17 | INFO | Timeout limit is increased to 3600
2024-04-17 19:17 | INFO | Query 19 Size of the uncertainty table is = 4625/7390
2024-04-17 19:17 | INFO | Query 19 Size of the filtered table is = 73
2024-04-17 19:17 | INFO | Query 19 Active Learning Random Query Runtime on Validation Set: 1381604.7
2024-04-17 19:17 | INFO | Query 19 Active Learning Random Query Runtime on Test Set: 305325.68
2024-04-17 19:17 | INFO | Query 19 Active Learning Random Query Instance Cost: 3840814.92
2024-04-17 19:17 | INFO | Query 20 Size of the uncertainty table is = 4399/7390
2024-04-17 19:17 | INFO | Query 20 Size of the filtered table is = 73
2024-04-17 19:18 | INFO | Query 20 Active Learning Random Query Runtime on Validation Set: 1417535.27
2024-04-17 19:18 | INFO | Query 20 Active Learning Random Query Runtime on Test Set: 231643.65
2024-04-17 19:18 | INFO | Query 20 Active Learning Random Query Instance Cost: 4024274.93
2024-04-17 19:18 | INFO | Timeout limit is increased to 3600
2024-04-17 19:18 | INFO | Query 21 Size of the uncertainty table is = 4175/7390
2024-04-17 19:18 | INFO | Query 21 Size of the filtered table is = 73
2024-04-17 19:18 | INFO | Query 21 Active Learning Random Query Runtime on Validation Set: 1417609.69
2024-04-17 19:18 | INFO | Query 21 Active Learning Random Query Runtime on Test Set: 267186.84
2024-04-17 19:18 | INFO | Query 21 Active Learning Random Query Instance Cost: 4151117.73
2024-04-17 19:18 | INFO | Timeout limit is increased to 3600
2024-04-17 19:18 | INFO | Query 22 Size of the uncertainty table is = 3956/7390
2024-04-17 19:18 | INFO | Query 22 Size of the filtered table is = 73
2024-04-17 19:19 | INFO | Query 22 Active Learning Random Query Runtime on Validation Set: 1417535.34
2024-04-17 19:19 | INFO | Query 22 Active Learning Random Query Runtime on Test Set: 232280.82
2024-04-17 19:19 | INFO | Query 22 Active Learning Random Query Instance Cost: 4272570.65
2024-04-17 19:19 | INFO | Query 23 Size of the uncertainty table is = 3717/7390
2024-04-17 19:19 | INFO | Query 23 Size of the filtered table is = 73
2024-04-17 19:19 | INFO | Query 23 Active Learning Random Query Runtime on Validation Set: 1381609.45
2024-04-17 19:19 | INFO | Query 23 Active Learning Random Query Runtime on Test Set: 194701.27
2024-04-17 19:19 | INFO | Query 23 Active Learning Random Query Instance Cost: 4435515.46
2024-04-17 19:19 | INFO | Query 24 Size of the uncertainty table is = 3483/7390
2024-04-17 19:19 | INFO | Query 24 Size of the filtered table is = 73
2024-04-17 19:20 | INFO | Query 24 Active Learning Random Query Runtime on Validation Set: 1345617.54
2024-04-17 19:20 | INFO | Query 24 Active Learning Random Query Runtime on Test Set: 266485.42
2024-04-17 19:20 | INFO | Query 24 Active Learning Random Query Instance Cost: 4577330.48
2024-04-17 19:20 | INFO | Query 25 Size of the uncertainty table is = 3250/7390
2024-04-17 19:20 | INFO | Query 25 Size of the filtered table is = 73
2024-04-17 19:20 | INFO | Query 25 Active Learning Random Query Runtime on Validation Set: 1416322.07
2024-04-17 19:20 | INFO | Query 25 Active Learning Random Query Runtime on Test Set: 230080.56
2024-04-17 19:20 | INFO | Query 25 Active Learning Random Query Instance Cost: 4732301.68
2024-04-17 19:20 | INFO | Timeout limit is increased to 3600
2024-04-17 19:20 | INFO | Query 26 Size of the uncertainty table is = 3029/7390
2024-04-17 19:20 | INFO | Query 26 Size of the filtered table is = 73
2024-04-17 19:21 | INFO | Query 26 Active Learning Random Query Runtime on Validation Set: 1308442.29
2024-04-17 19:21 | INFO | Query 26 Active Learning Random Query Runtime on Test Set: 230080.56
2024-04-17 19:21 | INFO | Query 26 Active Learning Random Query Instance Cost: 4892386.88
2024-04-17 19:21 | INFO | Query 27 Size of the uncertainty table is = 2770/7390
2024-04-17 19:21 | INFO | Query 27 Size of the filtered table is = 73
2024-04-17 19:21 | INFO | Query 27 Active Learning Random Query Runtime on Validation Set: 1380328.86
2024-04-17 19:21 | INFO | Query 27 Active Learning Random Query Runtime on Test Set: 265957.66
2024-04-17 19:21 | INFO | Query 27 Active Learning Random Query Instance Cost: 5018152.5
2024-04-17 19:21 | INFO | Timeout limit is increased to 3600
2024-04-17 19:21 | INFO | Query 28 Size of the uncertainty table is = 2519/7390
2024-04-17 19:21 | INFO | Query 28 Size of the filtered table is = 73
2024-04-17 19:22 | INFO | Query 28 Active Learning Random Query Runtime on Validation Set: 1345629.38
2024-04-17 19:22 | INFO | Query 28 Active Learning Random Query Runtime on Test Set: 230761.85
2024-04-17 19:22 | INFO | Query 28 Active Learning Random Query Instance Cost: 5110367.13
2024-04-17 19:22 | INFO | Query 29 Size of the uncertainty table is = 2277/7390
2024-04-17 19:22 | INFO | Query 29 Size of the filtered table is = 73
2024-04-17 19:22 | INFO | Query 29 Active Learning Random Query Runtime on Validation Set: 1309732.46
2024-04-17 19:22 | INFO | Query 29 Active Learning Random Query Runtime on Test Set: 193535.4
2024-04-17 19:22 | INFO | Query 29 Active Learning Random Query Instance Cost: 5252116.9
2024-04-17 19:22 | INFO | Query 30 Size of the uncertainty table is = 2026/7390
2024-04-17 19:22 | INFO | Query 30 Size of the filtered table is = 73
2024-04-17 19:23 | INFO | Query 30 Active Learning Random Query Runtime on Validation Set: 1309729.52
2024-04-17 19:23 | INFO | Query 30 Active Learning Random Query Runtime on Test Set: 190898.76
2024-04-17 19:23 | INFO | Query 30 Active Learning Random Query Instance Cost: 5383019.52
2024-04-17 19:23 | INFO | Query 31 Size of the uncertainty table is = 1789/7390
2024-04-17 19:23 | INFO | Query 31 Size of the filtered table is = 73
2024-04-17 19:23 | INFO | Query 31 Active Learning Random Query Runtime on Validation Set: 1309732.43
2024-04-17 19:23 | INFO | Query 31 Active Learning Random Query Runtime on Test Set: 227551.25
2024-04-17 19:23 | INFO | Query 31 Active Learning Random Query Instance Cost: 5500707.36
2024-04-17 19:23 | INFO | Timeout limit is increased to 3600
2024-04-17 19:23 | INFO | Query 32 Size of the uncertainty table is = 1516/7390
2024-04-17 19:23 | INFO | Query 32 Size of the filtered table is = 73
2024-04-17 19:24 | INFO | Query 32 Active Learning Random Query Runtime on Validation Set: 1309725.0
2024-04-17 19:24 | INFO | Query 32 Active Learning Random Query Runtime on Test Set: 263356.29
2024-04-17 19:24 | INFO | Query 32 Active Learning Random Query Instance Cost: 5617851.54
2024-04-17 19:24 | INFO | Query 33 Size of the uncertainty table is = 1254/7390
2024-04-17 19:24 | INFO | Query 33 Size of the filtered table is = 73
2024-04-17 19:25 | INFO | Query 33 Active Learning Random Query Runtime on Validation Set: 1273761.99
2024-04-17 19:25 | INFO | Query 33 Active Learning Random Query Runtime on Test Set: 191500.7
2024-04-17 19:25 | INFO | Query 33 Active Learning Random Query Instance Cost: 5738512.38
2024-04-17 19:25 | INFO | Query 34 Size of the uncertainty table is = 993/7390
2024-04-17 19:25 | INFO | Query 34 Size of the filtered table is = 73
2024-04-17 19:25 | INFO | Query 34 Active Learning Random Query Runtime on Validation Set: 1309752.29
2024-04-17 19:25 | INFO | Query 34 Active Learning Random Query Runtime on Test Set: 263357.75
2024-04-17 19:25 | INFO | Query 34 Active Learning Random Query Instance Cost: 5865440.39
2024-04-17 19:25 | INFO | Timeout limit is increased to 3600
2024-04-17 19:25 | INFO | Query 35 Size of the uncertainty table is = 751/7390
2024-04-17 19:25 | INFO | Query 35 Size of the filtered table is = 73
2024-04-17 19:26 | INFO | Query 35 Active Learning Random Query Runtime on Validation Set: 1310095.42
2024-04-17 19:26 | INFO | Query 35 Active Learning Random Query Runtime on Test Set: 227643.71
2024-04-17 19:26 | INFO | Query 35 Active Learning Random Query Instance Cost: 5987876.04
2024-04-17 19:26 | INFO | Timeout limit is increased to 3600
2024-04-17 19:26 | INFO | Query 36 Size of the uncertainty table is = 513/7390
2024-04-17 19:26 | INFO | Query 36 Size of the filtered table is = 73
2024-04-17 19:26 | INFO | Query 36 Active Learning Random Query Runtime on Validation Set: 1345646.94
2024-04-17 19:26 | INFO | Query 36 Active Learning Random Query Runtime on Test Set: 226956.64
2024-04-17 19:26 | INFO | Query 36 Active Learning Random Query Instance Cost: 6076424.66
2024-04-17 19:26 | INFO | Timeout limit is increased to 3600
2024-04-17 19:26 | INFO | Query 37 Size of the uncertainty table is = 283/7390
2024-04-17 19:26 | INFO | Query 37 Size of the filtered table is = 73
2024-04-17 19:27 | INFO | Query 37 Active Learning Random Query Runtime on Validation Set: 1417568.55
2024-04-17 19:27 | INFO | Query 37 Active Learning Random Query Runtime on Test Set: 226684.67
2024-04-17 19:27 | INFO | Query 37 Active Learning Random Query Instance Cost: 6164658.87
2024-04-17 19:27 | INFO | Timeout limit is increased to 3600
2024-04-17 19:27 | INFO | Query 38 Size of the uncertainty table is = 83/7390
2024-04-17 19:27 | INFO | Query 38 Size of the filtered table is = 73
2024-04-17 19:27 | INFO | Query 38 Active Learning Random Query Runtime on Validation Set: 1309743.22
2024-04-17 19:27 | INFO | Query 38 Active Learning Random Query Runtime on Test Set: 262682.49
2024-04-17 19:27 | INFO | Query 38 Active Learning Random Query Instance Cost: 6193651.89
2024-04-17 19:27 | INFO | runtime_train_score is written as json file
2024-04-17 19:27 | INFO | runtime_test_score is written as json file
2024-04-17 19:27 | INFO | runtime_validation_score is written as json file
2024-04-17 19:27 | INFO | instance_cost is written as json file
2024-04-17 19:27 | INFO | Experiment is finished
