2024-04-17 18:46 | INFO | Paramaters are: {'dataset': 'QBF-2011', 'penalty': 10, 'weight': 'No_Weight', 'voting': 'Hard', 'pre_selection_size': 64, 'pre_selection_technique': 'No_pre_selection', 'feature_elimination_threshold': 20, 'imputer_strategy': 'median', 'feature_selection_technique': 'No_feature_selection', 'feature_scaling_technique': 'StandardScaler', 'initial_train_size': 20, 'query_size': 1, 'timeout_predictor_usage': 'No', 'timeout_limit': 100, 'timeout_increase_rate': 100, 'RANDOM_STATE_SEED': 42, 'n_splits': 10, 'split_number': 6, 'max_timeout': 3600, 'param_grid': {'n_estimators': 100, 'criterion': 'gini', 'max_features': 'sqrt', 'max_depth': 2147483648, 'min_samples_split': 2, 'bootstrap': True}}
2024-04-17 18:46 | INFO | QBF-2011 is current dataset
2024-04-17 18:46 | INFO | DATASETS/QBF-2011/algorithm_runs.csv is found
2024-04-17 18:46 | INFO | DATASETS/QBF-2011/algorithm_runs.csv is finished
2024-04-17 18:46 | INFO | DATASETS/QBF-2011/feature_values.csv is found
2024-04-17 18:46 | INFO | DATASETS/QBF-2011/feature_values.csv is finished
2024-04-17 18:46 | INFO | Feature cost of train set is 0
2024-04-17 18:46 | INFO | Initial Active Learning Random Query Runtime on Validation Set: 2287145.38
2024-04-17 18:46 | INFO | Initial Active Learning Random Query Runtime on Test Set: 520975.08
2024-04-17 18:46 | INFO | Initial Active Learning Random Query Instance Cost: 4087.16
2024-04-17 18:46 | INFO | Bin size = 73
2024-04-17 18:46 | INFO | Query 1 Size of the uncertainty table is = 7436/7390
2024-04-17 18:46 | INFO | Query 1 Size of the filtered table is = 73
2024-04-17 18:46 | INFO | Query 1 Active Learning Random Query Runtime on Validation Set: 1569223.92
2024-04-17 18:46 | INFO | Query 1 Active Learning Random Query Runtime on Test Set: 557864.13
2024-04-17 18:46 | INFO | Query 1 Active Learning Random Query Instance Cost: 11660.81
2024-04-17 18:46 | INFO | Query 2 Size of the uncertainty table is = 7379/7390
2024-04-17 18:46 | INFO | Query 2 Size of the filtered table is = 73
2024-04-17 18:47 | INFO | Query 2 Active Learning Random Query Runtime on Validation Set: 1571766.12
2024-04-17 18:47 | INFO | Query 2 Active Learning Random Query Runtime on Test Set: 521858.5
2024-04-17 18:47 | INFO | Query 2 Active Learning Random Query Instance Cost: 20858.05
2024-04-17 18:47 | INFO | Timeout limit is increased to 200
2024-04-17 18:47 | INFO | Query 3 Size of the uncertainty table is = 7331/7390
2024-04-17 18:47 | INFO | Query 3 Size of the filtered table is = 73
2024-04-17 18:47 | INFO | Query 3 Active Learning Random Query Runtime on Validation Set: 1677753.03
2024-04-17 18:47 | INFO | Query 3 Active Learning Random Query Runtime on Test Set: 595471.97
2024-04-17 18:47 | INFO | Query 3 Active Learning Random Query Instance Cost: 36332.04
2024-04-17 18:47 | INFO | Timeout limit is increased to 300
2024-04-17 18:47 | INFO | Query 4 Size of the uncertainty table is = 7266/7390
2024-04-17 18:47 | INFO | Query 4 Size of the filtered table is = 73
2024-04-17 18:48 | INFO | Query 4 Active Learning Random Query Runtime on Validation Set: 1711974.11
2024-04-17 18:48 | INFO | Query 4 Active Learning Random Query Runtime on Test Set: 554260.36
2024-04-17 18:48 | INFO | Query 4 Active Learning Random Query Instance Cost: 64614.96
2024-04-17 18:48 | INFO | Timeout limit is increased to 400
2024-04-17 18:48 | INFO | Query 5 Size of the uncertainty table is = 7200/7390
2024-04-17 18:48 | INFO | Query 5 Size of the filtered table is = 73
2024-04-17 18:48 | INFO | Query 5 Active Learning Random Query Runtime on Validation Set: 1641881.0
2024-04-17 18:48 | INFO | Query 5 Active Learning Random Query Runtime on Test Set: 625307.17
2024-04-17 18:48 | INFO | Query 5 Active Learning Random Query Instance Cost: 96318.42
2024-04-17 18:48 | INFO | Query 6 Size of the uncertainty table is = 7136/7390
2024-04-17 18:48 | INFO | Query 6 Size of the filtered table is = 73
2024-04-17 18:49 | INFO | Query 6 Active Learning Random Query Runtime on Validation Set: 1569681.52
2024-04-17 18:49 | INFO | Query 6 Active Learning Random Query Runtime on Test Set: 415502.17
2024-04-17 18:49 | INFO | Query 6 Active Learning Random Query Instance Cost: 122653.65
2024-04-17 18:49 | INFO | Query 7 Size of the uncertainty table is = 7036/7390
2024-04-17 18:49 | INFO | Query 7 Size of the filtered table is = 73
2024-04-17 18:49 | INFO | Query 7 Active Learning Random Query Runtime on Validation Set: 1713862.03
2024-04-17 18:49 | INFO | Query 7 Active Learning Random Query Runtime on Test Set: 379290.88
2024-04-17 18:49 | INFO | Query 7 Active Learning Random Query Instance Cost: 148371.1
2024-04-17 18:49 | INFO | Timeout limit is increased to 500
2024-04-17 18:49 | INFO | Query 8 Size of the uncertainty table is = 6949/7390
2024-04-17 18:49 | INFO | Query 8 Size of the filtered table is = 73
2024-04-17 18:50 | INFO | Query 8 Active Learning Random Query Runtime on Validation Set: 1671910.47
2024-04-17 18:50 | INFO | Query 8 Active Learning Random Query Runtime on Test Set: 306753.35
2024-04-17 18:50 | INFO | Query 8 Active Learning Random Query Instance Cost: 187272.91
2024-04-17 18:50 | INFO | Query 9 Size of the uncertainty table is = 6859/7390
2024-04-17 18:50 | INFO | Query 9 Size of the filtered table is = 73
2024-04-17 18:50 | INFO | Query 9 Active Learning Random Query Runtime on Validation Set: 1458084.81
2024-04-17 18:50 | INFO | Query 9 Active Learning Random Query Runtime on Test Set: 413172.39
2024-04-17 18:50 | INFO | Query 9 Active Learning Random Query Instance Cost: 222571.15
2024-04-17 18:50 | INFO | Query 10 Size of the uncertainty table is = 6756/7390
2024-04-17 18:50 | INFO | Query 10 Size of the filtered table is = 73
2024-04-17 18:50 | INFO | Query 10 Active Learning Random Query Runtime on Validation Set: 1423790.07
2024-04-17 18:50 | INFO | Query 10 Active Learning Random Query Runtime on Test Set: 300681.32
2024-04-17 18:50 | INFO | Query 10 Active Learning Random Query Instance Cost: 255599.35
2024-04-17 18:50 | INFO | Query 11 Size of the uncertainty table is = 6635/7390
2024-04-17 18:50 | INFO | Query 11 Size of the filtered table is = 73
2024-04-17 18:51 | INFO | Query 11 Active Learning Random Query Runtime on Validation Set: 1387855.01
2024-04-17 18:51 | INFO | Query 11 Active Learning Random Query Runtime on Test Set: 336702.16
2024-04-17 18:51 | INFO | Query 11 Active Learning Random Query Instance Cost: 286623.15
2024-04-17 18:51 | INFO | Query 12 Size of the uncertainty table is = 6535/7390
2024-04-17 18:51 | INFO | Query 12 Size of the filtered table is = 73
2024-04-17 18:51 | INFO | Query 12 Active Learning Random Query Runtime on Validation Set: 1493587.49
2024-04-17 18:51 | INFO | Query 12 Active Learning Random Query Runtime on Test Set: 408711.8
2024-04-17 18:51 | INFO | Query 12 Active Learning Random Query Instance Cost: 322171.83
2024-04-17 18:51 | INFO | Timeout limit is increased to 600
2024-04-17 18:51 | INFO | Query 13 Size of the uncertainty table is = 6432/7390
2024-04-17 18:51 | INFO | Query 13 Size of the filtered table is = 73
2024-04-17 18:52 | INFO | Query 13 Active Learning Random Query Runtime on Validation Set: 1493546.56
2024-04-17 18:52 | INFO | Query 13 Active Learning Random Query Runtime on Test Set: 336667.17
2024-04-17 18:52 | INFO | Query 13 Active Learning Random Query Instance Cost: 362286.11
2024-04-17 18:52 | INFO | Query 14 Size of the uncertainty table is = 6330/7390
2024-04-17 18:52 | INFO | Query 14 Size of the filtered table is = 73
2024-04-17 18:52 | INFO | Query 14 Active Learning Random Query Runtime on Validation Set: 1387768.12
2024-04-17 18:52 | INFO | Query 14 Active Learning Random Query Runtime on Test Set: 372530.16
2024-04-17 18:52 | INFO | Query 14 Active Learning Random Query Instance Cost: 403904.81
2024-04-17 18:52 | INFO | Query 15 Size of the uncertainty table is = 6225/7390
2024-04-17 18:52 | INFO | Query 15 Size of the filtered table is = 73
2024-04-17 18:53 | INFO | Query 15 Active Learning Random Query Runtime on Validation Set: 1279832.29
2024-04-17 18:53 | INFO | Query 15 Active Learning Random Query Runtime on Test Set: 301021.21
2024-04-17 18:53 | INFO | Query 15 Active Learning Random Query Instance Cost: 436859.72
2024-04-17 18:53 | INFO | Query 16 Size of the uncertainty table is = 6092/7390
2024-04-17 18:53 | INFO | Query 16 Size of the filtered table is = 73
2024-04-17 18:53 | INFO | Query 16 Active Learning Random Query Runtime on Validation Set: 1387758.5
2024-04-17 18:53 | INFO | Query 16 Active Learning Random Query Runtime on Test Set: 301061.85
2024-04-17 18:53 | INFO | Query 16 Active Learning Random Query Instance Cost: 473440.19
2024-04-17 18:53 | INFO | Timeout limit is increased to 700
2024-04-17 18:53 | INFO | Query 17 Size of the uncertainty table is = 5979/7390
2024-04-17 18:53 | INFO | Query 17 Size of the filtered table is = 73
2024-04-17 18:54 | INFO | Query 17 Active Learning Random Query Runtime on Validation Set: 1387834.69
2024-04-17 18:54 | INFO | Query 17 Active Learning Random Query Runtime on Test Set: 300204.16
2024-04-17 18:54 | INFO | Query 17 Active Learning Random Query Instance Cost: 514615.89
2024-04-17 18:54 | INFO | Timeout limit is increased to 800
2024-04-17 18:54 | INFO | Query 18 Size of the uncertainty table is = 5854/7390
2024-04-17 18:54 | INFO | Query 18 Size of the filtered table is = 73
2024-04-17 18:54 | INFO | Query 18 Active Learning Random Query Runtime on Validation Set: 1388161.36
2024-04-17 18:54 | INFO | Query 18 Active Learning Random Query Runtime on Test Set: 336217.33
2024-04-17 18:54 | INFO | Query 18 Active Learning Random Query Instance Cost: 562730.24
2024-04-17 18:54 | INFO | Timeout limit is increased to 900
2024-04-17 18:54 | INFO | Query 19 Size of the uncertainty table is = 5746/7390
2024-04-17 18:54 | INFO | Query 19 Size of the filtered table is = 73
2024-04-17 18:55 | INFO | Query 19 Active Learning Random Query Runtime on Validation Set: 1388165.03
2024-04-17 18:55 | INFO | Query 19 Active Learning Random Query Runtime on Test Set: 336249.08
2024-04-17 18:55 | INFO | Query 19 Active Learning Random Query Instance Cost: 622166.66
2024-04-17 18:55 | INFO | Timeout limit is increased to 1000
2024-04-17 18:55 | INFO | Query 20 Size of the uncertainty table is = 5637/7390
2024-04-17 18:55 | INFO | Query 20 Size of the filtered table is = 73
2024-04-17 18:55 | INFO | Query 20 Active Learning Random Query Runtime on Validation Set: 1387831.39
2024-04-17 18:55 | INFO | Query 20 Active Learning Random Query Runtime on Test Set: 228174.95
2024-04-17 18:55 | INFO | Query 20 Active Learning Random Query Instance Cost: 685452.77
2024-04-17 18:55 | INFO | Query 21 Size of the uncertainty table is = 5508/7390
2024-04-17 18:55 | INFO | Query 21 Size of the filtered table is = 73
2024-04-17 18:56 | INFO | Query 21 Active Learning Random Query Runtime on Validation Set: 1423758.73
2024-04-17 18:56 | INFO | Query 21 Active Learning Random Query Runtime on Test Set: 193340.93
2024-04-17 18:56 | INFO | Query 21 Active Learning Random Query Instance Cost: 725112.0
2024-04-17 18:56 | INFO | Timeout limit is increased to 1100
2024-04-17 18:56 | INFO | Query 22 Size of the uncertainty table is = 5356/7390
2024-04-17 18:56 | INFO | Query 22 Size of the filtered table is = 73
2024-04-17 18:56 | INFO | Query 22 Active Learning Random Query Runtime on Validation Set: 1459764.8
2024-04-17 18:56 | INFO | Query 22 Active Learning Random Query Runtime on Test Set: 228443.17
2024-04-17 18:56 | INFO | Query 22 Active Learning Random Query Instance Cost: 788540.37
2024-04-17 18:56 | INFO | Timeout limit is increased to 1200
2024-04-17 18:56 | INFO | Query 23 Size of the uncertainty table is = 5223/7390
2024-04-17 18:56 | INFO | Query 23 Size of the filtered table is = 73
2024-04-17 18:57 | INFO | Query 23 Active Learning Random Query Runtime on Validation Set: 1495756.68
2024-04-17 18:57 | INFO | Query 23 Active Learning Random Query Runtime on Test Set: 264083.68
2024-04-17 18:57 | INFO | Query 23 Active Learning Random Query Instance Cost: 854527.1
2024-04-17 18:57 | INFO | Timeout limit is increased to 1300
2024-04-17 18:57 | INFO | Query 24 Size of the uncertainty table is = 5077/7390
2024-04-17 18:57 | INFO | Query 24 Size of the filtered table is = 73
2024-04-17 18:57 | INFO | Query 24 Active Learning Random Query Runtime on Validation Set: 1457998.91
2024-04-17 18:57 | INFO | Query 24 Active Learning Random Query Runtime on Test Set: 264086.08
2024-04-17 18:57 | INFO | Query 24 Active Learning Random Query Instance Cost: 930299.33
2024-04-17 18:57 | INFO | Query 25 Size of the uncertainty table is = 4951/7390
2024-04-17 18:57 | INFO | Query 25 Size of the filtered table is = 73
2024-04-17 18:57 | INFO | Query 25 Active Learning Random Query Runtime on Validation Set: 1387841.92
2024-04-17 18:57 | INFO | Query 25 Active Learning Random Query Runtime on Test Set: 229041.64
2024-04-17 18:57 | INFO | Query 25 Active Learning Random Query Instance Cost: 1011672.1
2024-04-17 18:57 | INFO | Query 26 Size of the uncertainty table is = 4846/7390
2024-04-17 18:57 | INFO | Query 26 Size of the filtered table is = 73
2024-04-17 18:58 | INFO | Query 26 Active Learning Random Query Runtime on Validation Set: 1457999.23
2024-04-17 18:58 | INFO | Query 26 Active Learning Random Query Runtime on Test Set: 229061.91
2024-04-17 18:58 | INFO | Query 26 Active Learning Random Query Instance Cost: 1079584.05
2024-04-17 18:58 | INFO | Timeout limit is increased to 1400
2024-04-17 18:58 | INFO | Query 27 Size of the uncertainty table is = 4711/7390
2024-04-17 18:58 | INFO | Query 27 Size of the filtered table is = 73
2024-04-17 18:58 | INFO | Query 27 Active Learning Random Query Runtime on Validation Set: 1387839.93
2024-04-17 18:58 | INFO | Query 27 Active Learning Random Query Runtime on Test Set: 227685.53
2024-04-17 18:58 | INFO | Query 27 Active Learning Random Query Instance Cost: 1158620.04
2024-04-17 18:58 | INFO | Query 28 Size of the uncertainty table is = 4589/7390
2024-04-17 18:58 | INFO | Query 28 Size of the filtered table is = 73
2024-04-17 18:59 | INFO | Query 28 Active Learning Random Query Runtime on Validation Set: 1387845.83
2024-04-17 18:59 | INFO | Query 28 Active Learning Random Query Runtime on Test Set: 156540.3
2024-04-17 18:59 | INFO | Query 28 Active Learning Random Query Instance Cost: 1235508.21
2024-04-17 18:59 | INFO | Timeout limit is increased to 1500
2024-04-17 18:59 | INFO | Query 29 Size of the uncertainty table is = 4448/7390
2024-04-17 18:59 | INFO | Query 29 Size of the filtered table is = 73
2024-04-17 18:59 | INFO | Query 29 Active Learning Random Query Runtime on Validation Set: 1387838.57
2024-04-17 18:59 | INFO | Query 29 Active Learning Random Query Runtime on Test Set: 192823.98
2024-04-17 18:59 | INFO | Query 29 Active Learning Random Query Instance Cost: 1311570.44
2024-04-17 18:59 | INFO | Query 30 Size of the uncertainty table is = 4324/7390
2024-04-17 18:59 | INFO | Query 30 Size of the filtered table is = 73
2024-04-17 19:00 | INFO | Query 30 Active Learning Random Query Runtime on Validation Set: 1423838.29
2024-04-17 19:00 | INFO | Query 30 Active Learning Random Query Runtime on Test Set: 193883.53
2024-04-17 19:00 | INFO | Query 30 Active Learning Random Query Instance Cost: 1386635.76
2024-04-17 19:00 | INFO | Timeout limit is increased to 1600
2024-04-17 19:00 | INFO | Query 31 Size of the uncertainty table is = 4229/7390
2024-04-17 19:00 | INFO | Query 31 Size of the filtered table is = 73
2024-04-17 19:00 | INFO | Query 31 Active Learning Random Query Runtime on Validation Set: 1387844.99
2024-04-17 19:00 | INFO | Query 31 Active Learning Random Query Runtime on Test Set: 191748.77
2024-04-17 19:00 | INFO | Query 31 Active Learning Random Query Instance Cost: 1471816.46
2024-04-17 19:00 | INFO | Query 32 Size of the uncertainty table is = 4107/7390
2024-04-17 19:00 | INFO | Query 32 Size of the filtered table is = 73
2024-04-17 19:01 | INFO | Query 32 Active Learning Random Query Runtime on Validation Set: 1387840.47
2024-04-17 19:01 | INFO | Query 32 Active Learning Random Query Runtime on Test Set: 227582.09
2024-04-17 19:01 | INFO | Query 32 Active Learning Random Query Instance Cost: 1555591.7
2024-04-17 19:01 | INFO | Query 33 Size of the uncertainty table is = 3984/7390
2024-04-17 19:01 | INFO | Query 33 Size of the filtered table is = 73
2024-04-17 19:01 | INFO | Query 33 Active Learning Random Query Runtime on Validation Set: 1351944.15
2024-04-17 19:01 | INFO | Query 33 Active Learning Random Query Runtime on Test Set: 157982.29
2024-04-17 19:01 | INFO | Query 33 Active Learning Random Query Instance Cost: 1633008.04
2024-04-17 19:01 | INFO | Query 34 Size of the uncertainty table is = 3875/7390
2024-04-17 19:01 | INFO | Query 34 Size of the filtered table is = 73
2024-04-17 19:02 | INFO | Query 34 Active Learning Random Query Runtime on Validation Set: 1423829.47
2024-04-17 19:02 | INFO | Query 34 Active Learning Random Query Runtime on Test Set: 193213.47
2024-04-17 19:02 | INFO | Query 34 Active Learning Random Query Instance Cost: 1719365.9
2024-04-17 19:02 | INFO | Timeout limit is increased to 1700
2024-04-17 19:02 | INFO | Query 35 Size of the uncertainty table is = 3748/7390
2024-04-17 19:02 | INFO | Query 35 Size of the filtered table is = 73
2024-04-17 19:02 | INFO | Query 35 Active Learning Random Query Runtime on Validation Set: 1387831.64
2024-04-17 19:02 | INFO | Query 35 Active Learning Random Query Runtime on Test Set: 157974.96
2024-04-17 19:02 | INFO | Query 35 Active Learning Random Query Instance Cost: 1804738.09
2024-04-17 19:02 | INFO | Query 36 Size of the uncertainty table is = 3638/7390
2024-04-17 19:02 | INFO | Query 36 Size of the filtered table is = 73
2024-04-17 19:03 | INFO | Query 36 Active Learning Random Query Runtime on Validation Set: 1387834.02
2024-04-17 19:03 | INFO | Query 36 Active Learning Random Query Runtime on Test Set: 158454.65
2024-04-17 19:03 | INFO | Query 36 Active Learning Random Query Instance Cost: 1878992.19
2024-04-17 19:03 | INFO | Timeout limit is increased to 1800
2024-04-17 19:03 | INFO | Query 37 Size of the uncertainty table is = 3485/7390
2024-04-17 19:03 | INFO | Query 37 Size of the filtered table is = 73
2024-04-17 19:03 | INFO | Query 37 Active Learning Random Query Runtime on Validation Set: 1387847.53
2024-04-17 19:03 | INFO | Query 37 Active Learning Random Query Runtime on Test Set: 158454.65
2024-04-17 19:03 | INFO | Query 37 Active Learning Random Query Instance Cost: 1971217.84
2024-04-17 19:03 | INFO | Timeout limit is increased to 1900
2024-04-17 19:03 | INFO | Query 38 Size of the uncertainty table is = 3384/7390
2024-04-17 19:03 | INFO | Query 38 Size of the filtered table is = 73
2024-04-17 19:04 | INFO | Query 38 Active Learning Random Query Runtime on Validation Set: 1387774.17
2024-04-17 19:04 | INFO | Query 38 Active Learning Random Query Runtime on Test Set: 157217.26
2024-04-17 19:04 | INFO | Query 38 Active Learning Random Query Instance Cost: 2074590.3
2024-04-17 19:04 | INFO | Query 39 Size of the uncertainty table is = 3265/7390
2024-04-17 19:04 | INFO | Query 39 Size of the filtered table is = 73
2024-04-17 19:04 | INFO | Query 39 Active Learning Random Query Runtime on Validation Set: 1387837.94
2024-04-17 19:04 | INFO | Query 39 Active Learning Random Query Runtime on Test Set: 158450.55
2024-04-17 19:04 | INFO | Query 39 Active Learning Random Query Instance Cost: 2163677.29
2024-04-17 19:04 | INFO | Timeout limit is increased to 2000
2024-04-17 19:04 | INFO | Query 40 Size of the uncertainty table is = 3153/7390
2024-04-17 19:04 | INFO | Query 40 Size of the filtered table is = 73
2024-04-17 19:05 | INFO | Query 40 Active Learning Random Query Runtime on Validation Set: 1387771.44
2024-04-17 19:05 | INFO | Query 40 Active Learning Random Query Runtime on Test Set: 157984.52
2024-04-17 19:05 | INFO | Query 40 Active Learning Random Query Instance Cost: 2252073.72
2024-04-17 19:05 | INFO | Query 41 Size of the uncertainty table is = 3059/7390
2024-04-17 19:05 | INFO | Query 41 Size of the filtered table is = 73
2024-04-17 19:05 | INFO | Query 41 Active Learning Random Query Runtime on Validation Set: 1387771.64
2024-04-17 19:05 | INFO | Query 41 Active Learning Random Query Runtime on Test Set: 192209.97
2024-04-17 19:05 | INFO | Query 41 Active Learning Random Query Instance Cost: 2320367.17
2024-04-17 19:05 | INFO | Timeout limit is increased to 2100
2024-04-17 19:05 | INFO | Query 42 Size of the uncertainty table is = 2960/7390
2024-04-17 19:05 | INFO | Query 42 Size of the filtered table is = 73
2024-04-17 19:06 | INFO | Query 42 Active Learning Random Query Runtime on Validation Set: 1387847.53
2024-04-17 19:06 | INFO | Query 42 Active Learning Random Query Runtime on Test Set: 156212.15
2024-04-17 19:06 | INFO | Query 42 Active Learning Random Query Instance Cost: 2414838.65
2024-04-17 19:06 | INFO | Timeout limit is increased to 2200
2024-04-17 19:06 | INFO | Query 43 Size of the uncertainty table is = 2881/7390
2024-04-17 19:06 | INFO | Query 43 Size of the filtered table is = 73
2024-04-17 19:06 | INFO | Query 43 Active Learning Random Query Runtime on Validation Set: 1423761.46
2024-04-17 19:06 | INFO | Query 43 Active Learning Random Query Runtime on Test Set: 156208.9
2024-04-17 19:06 | INFO | Query 43 Active Learning Random Query Instance Cost: 2516797.71
2024-04-17 19:06 | INFO | Timeout limit is increased to 2300
2024-04-17 19:06 | INFO | Query 44 Size of the uncertainty table is = 2786/7390
2024-04-17 19:06 | INFO | Query 44 Size of the filtered table is = 73
2024-04-17 19:06 | INFO | Query 44 Active Learning Random Query Runtime on Validation Set: 1387839.41
2024-04-17 19:06 | INFO | Query 44 Active Learning Random Query Runtime on Test Set: 192110.77
2024-04-17 19:06 | INFO | Query 44 Active Learning Random Query Instance Cost: 2601076.77
2024-04-17 19:07 | INFO | Query 45 Size of the uncertainty table is = 2700/7390
2024-04-17 19:07 | INFO | Query 45 Size of the filtered table is = 73
2024-04-17 19:07 | INFO | Query 45 Active Learning Random Query Runtime on Validation Set: 1351839.76
2024-04-17 19:07 | INFO | Query 45 Active Learning Random Query Runtime on Test Set: 192206.94
2024-04-17 19:07 | INFO | Query 45 Active Learning Random Query Instance Cost: 2696221.87
2024-04-17 19:07 | INFO | Query 46 Size of the uncertainty table is = 2623/7390
2024-04-17 19:07 | INFO | Query 46 Size of the filtered table is = 73
2024-04-17 19:07 | INFO | Query 46 Active Learning Random Query Runtime on Validation Set: 1387847.2
2024-04-17 19:07 | INFO | Query 46 Active Learning Random Query Runtime on Test Set: 192110.97
2024-04-17 19:07 | INFO | Query 46 Active Learning Random Query Instance Cost: 2777458.23
2024-04-17 19:07 | INFO | Timeout limit is increased to 2400
2024-04-17 19:07 | INFO | Query 47 Size of the uncertainty table is = 2550/7390
2024-04-17 19:07 | INFO | Query 47 Size of the filtered table is = 73
2024-04-17 19:08 | INFO | Query 47 Active Learning Random Query Runtime on Validation Set: 1423763.81
2024-04-17 19:08 | INFO | Query 47 Active Learning Random Query Runtime on Test Set: 156236.24
2024-04-17 19:08 | INFO | Query 47 Active Learning Random Query Instance Cost: 2878893.53
2024-04-17 19:08 | INFO | Timeout limit is increased to 2500
2024-04-17 19:08 | INFO | Query 48 Size of the uncertainty table is = 2484/7390
2024-04-17 19:08 | INFO | Query 48 Size of the filtered table is = 73
2024-04-17 19:08 | INFO | Query 48 Active Learning Random Query Runtime on Validation Set: 1388222.97
2024-04-17 19:08 | INFO | Query 48 Active Learning Random Query Runtime on Test Set: 192210.25
2024-04-17 19:08 | INFO | Query 48 Active Learning Random Query Instance Cost: 3001319.28
2024-04-17 19:08 | INFO | Query 49 Size of the uncertainty table is = 2415/7390
2024-04-17 19:08 | INFO | Query 49 Size of the filtered table is = 73
2024-04-17 19:09 | INFO | Query 49 Active Learning Random Query Runtime on Validation Set: 1030692.36
2024-04-17 19:09 | INFO | Query 49 Active Learning Random Query Runtime on Test Set: 191835.05
2024-04-17 19:09 | INFO | Query 49 Active Learning Random Query Instance Cost: 3097216.65
2024-04-17 19:09 | INFO | Query 50 Size of the uncertainty table is = 2341/7390
2024-04-17 19:09 | INFO | Query 50 Size of the filtered table is = 73
2024-04-17 19:09 | INFO | Query 50 Active Learning Random Query Runtime on Validation Set: 1318270.69
2024-04-17 19:09 | INFO | Query 50 Active Learning Random Query Runtime on Test Set: 191735.23
2024-04-17 19:09 | INFO | Query 50 Active Learning Random Query Instance Cost: 3187469.98
2024-04-17 19:09 | INFO | Timeout limit is increased to 2600
2024-04-17 19:09 | INFO | Query 51 Size of the uncertainty table is = 2287/7390
2024-04-17 19:09 | INFO | Query 51 Size of the filtered table is = 73
2024-04-17 19:10 | INFO | Query 51 Active Learning Random Query Runtime on Validation Set: 1387843.86
2024-04-17 19:10 | INFO | Query 51 Active Learning Random Query Runtime on Test Set: 156113.61
2024-04-17 19:10 | INFO | Query 51 Active Learning Random Query Instance Cost: 3295018.15
2024-04-17 19:10 | INFO | Timeout limit is increased to 2700
2024-04-17 19:10 | INFO | Query 52 Size of the uncertainty table is = 2240/7390
2024-04-17 19:10 | INFO | Query 52 Size of the filtered table is = 73
2024-04-17 19:10 | INFO | Query 52 Active Learning Random Query Runtime on Validation Set: 1423772.35
2024-04-17 19:10 | INFO | Query 52 Active Learning Random Query Runtime on Test Set: 156218.49
2024-04-17 19:10 | INFO | Query 52 Active Learning Random Query Instance Cost: 3381417.99
2024-04-17 19:10 | INFO | Timeout limit is increased to 2800
2024-04-17 19:10 | INFO | Query 53 Size of the uncertainty table is = 2191/7390
2024-04-17 19:10 | INFO | Query 53 Size of the filtered table is = 73
2024-04-17 19:11 | INFO | Query 53 Active Learning Random Query Runtime on Validation Set: 1387847.05
2024-04-17 19:11 | INFO | Query 53 Active Learning Random Query Runtime on Test Set: 156116.55
2024-04-17 19:11 | INFO | Query 53 Active Learning Random Query Instance Cost: 3485852.06
2024-04-17 19:11 | INFO | Query 54 Size of the uncertainty table is = 2144/7390
2024-04-17 19:11 | INFO | Query 54 Size of the filtered table is = 73
2024-04-17 19:11 | INFO | Query 54 Active Learning Random Query Runtime on Validation Set: 1387839.4
2024-04-17 19:11 | INFO | Query 54 Active Learning Random Query Runtime on Test Set: 156394.31
2024-04-17 19:11 | INFO | Query 54 Active Learning Random Query Instance Cost: 3590734.65
2024-04-17 19:11 | INFO | Query 55 Size of the uncertainty table is = 2106/7390
2024-04-17 19:11 | INFO | Query 55 Size of the filtered table is = 73
2024-04-17 19:12 | INFO | Query 55 Active Learning Random Query Runtime on Validation Set: 1387776.85
2024-04-17 19:12 | INFO | Query 55 Active Learning Random Query Runtime on Test Set: 156116.2
2024-04-17 19:12 | INFO | Query 55 Active Learning Random Query Instance Cost: 3688361.0
2024-04-17 19:12 | INFO | Query 56 Size of the uncertainty table is = 2063/7390
2024-04-17 19:12 | INFO | Query 56 Size of the filtered table is = 73
2024-04-17 19:12 | INFO | Query 56 Active Learning Random Query Runtime on Validation Set: 1387839.42
2024-04-17 19:12 | INFO | Query 56 Active Learning Random Query Runtime on Test Set: 156236.09
2024-04-17 19:12 | INFO | Query 56 Active Learning Random Query Instance Cost: 3782963.62
2024-04-17 19:12 | INFO | Timeout limit is increased to 2900
2024-04-17 19:12 | INFO | Query 57 Size of the uncertainty table is = 2025/7390
2024-04-17 19:12 | INFO | Query 57 Size of the filtered table is = 73
2024-04-17 19:13 | INFO | Query 57 Active Learning Random Query Runtime on Validation Set: 1387839.42
2024-04-17 19:13 | INFO | Query 57 Active Learning Random Query Runtime on Test Set: 156235.99
2024-04-17 19:13 | INFO | Query 57 Active Learning Random Query Instance Cost: 3874088.38
2024-04-17 19:13 | INFO | Timeout limit is increased to 3000
2024-04-17 19:13 | INFO | Query 58 Size of the uncertainty table is = 1978/7390
2024-04-17 19:13 | INFO | Query 58 Size of the filtered table is = 73
2024-04-17 19:13 | INFO | Query 58 Active Learning Random Query Runtime on Validation Set: 1387839.42
2024-04-17 19:13 | INFO | Query 58 Active Learning Random Query Runtime on Test Set: 156212.12
2024-04-17 19:13 | INFO | Query 58 Active Learning Random Query Instance Cost: 3964348.35
2024-04-17 19:13 | INFO | Timeout limit is increased to 3100
2024-04-17 19:13 | INFO | Query 59 Size of the uncertainty table is = 1952/7390
2024-04-17 19:13 | INFO | Query 59 Size of the filtered table is = 73
2024-04-17 19:14 | INFO | Query 59 Active Learning Random Query Runtime on Validation Set: 1387841.15
2024-04-17 19:14 | INFO | Query 59 Active Learning Random Query Runtime on Test Set: 192116.08
2024-04-17 19:14 | INFO | Query 59 Active Learning Random Query Instance Cost: 4080567.8
2024-04-17 19:14 | INFO | Timeout limit is increased to 3200
2024-04-17 19:14 | INFO | Query 60 Size of the uncertainty table is = 1912/7390
2024-04-17 19:14 | INFO | Query 60 Size of the filtered table is = 73
2024-04-17 19:14 | INFO | Query 60 Active Learning Random Query Runtime on Validation Set: 1387847.04
2024-04-17 19:14 | INFO | Query 60 Active Learning Random Query Runtime on Test Set: 156212.12
2024-04-17 19:14 | INFO | Query 60 Active Learning Random Query Instance Cost: 4178931.31
2024-04-17 19:14 | INFO | Timeout limit is increased to 3300
2024-04-17 19:14 | INFO | Query 61 Size of the uncertainty table is = 1886/7390
2024-04-17 19:14 | INFO | Query 61 Size of the filtered table is = 73
2024-04-17 19:15 | INFO | Query 61 Active Learning Random Query Runtime on Validation Set: 1387847.04
2024-04-17 19:15 | INFO | Query 61 Active Learning Random Query Runtime on Test Set: 192113.97
2024-04-17 19:15 | INFO | Query 61 Active Learning Random Query Instance Cost: 4272670.09
2024-04-17 19:15 | INFO | Timeout limit is increased to 3400
2024-04-17 19:15 | INFO | Query 62 Size of the uncertainty table is = 1867/7390
2024-04-17 19:15 | INFO | Query 62 Size of the filtered table is = 73
2024-04-17 19:15 | INFO | Query 62 Active Learning Random Query Runtime on Validation Set: 1318291.07
2024-04-17 19:15 | INFO | Query 62 Active Learning Random Query Runtime on Test Set: 156212.02
2024-04-17 19:15 | INFO | Query 62 Active Learning Random Query Instance Cost: 4396697.36
2024-04-17 19:15 | INFO | Query 63 Size of the uncertainty table is = 1839/7390
2024-04-17 19:15 | INFO | Query 63 Size of the filtered table is = 73
2024-04-17 19:16 | INFO | Query 63 Active Learning Random Query Runtime on Validation Set: 1066699.66
2024-04-17 19:16 | INFO | Query 63 Active Learning Random Query Runtime on Test Set: 155639.6
2024-04-17 19:16 | INFO | Query 63 Active Learning Random Query Instance Cost: 4496348.52
2024-04-17 19:16 | INFO | Query 64 Size of the uncertainty table is = 1824/7390
2024-04-17 19:16 | INFO | Query 64 Size of the filtered table is = 73
2024-04-17 19:16 | INFO | Query 64 Active Learning Random Query Runtime on Validation Set: 1066684.57
2024-04-17 19:16 | INFO | Query 64 Active Learning Random Query Runtime on Test Set: 155639.9
2024-04-17 19:16 | INFO | Query 64 Active Learning Random Query Instance Cost: 4616634.96
2024-04-17 19:16 | INFO | Query 65 Size of the uncertainty table is = 1808/7390
2024-04-17 19:16 | INFO | Query 65 Size of the filtered table is = 73
2024-04-17 19:17 | INFO | Query 65 Active Learning Random Query Runtime on Validation Set: 1066324.53
2024-04-17 19:17 | INFO | Query 65 Active Learning Random Query Runtime on Test Set: 155639.95
2024-04-17 19:17 | INFO | Query 65 Active Learning Random Query Instance Cost: 4703284.8
2024-04-17 19:17 | INFO | Query 66 Size of the uncertainty table is = 1785/7390
2024-04-17 19:17 | INFO | Query 66 Size of the filtered table is = 73
2024-04-17 19:17 | INFO | Query 66 Active Learning Random Query Runtime on Validation Set: 1066317.08
2024-04-17 19:17 | INFO | Query 66 Active Learning Random Query Runtime on Test Set: 155639.95
2024-04-17 19:17 | INFO | Query 66 Active Learning Random Query Instance Cost: 4786909.63
2024-04-17 19:17 | INFO | Query 67 Size of the uncertainty table is = 1782/7390
2024-04-17 19:17 | INFO | Query 67 Size of the filtered table is = 73
2024-04-17 19:18 | INFO | Query 67 Active Learning Random Query Runtime on Validation Set: 1174297.0
2024-04-17 19:18 | INFO | Query 67 Active Learning Random Query Runtime on Test Set: 155639.95
2024-04-17 19:18 | INFO | Query 67 Active Learning Random Query Instance Cost: 4866739.72
2024-04-17 19:18 | INFO | Timeout limit is increased to 3500
2024-04-17 19:18 | INFO | Query 68 Size of the uncertainty table is = 1769/7390
2024-04-17 19:18 | INFO | Query 68 Size of the filtered table is = 73
2024-04-17 19:18 | INFO | Query 68 Active Learning Random Query Runtime on Validation Set: 1066317.08
2024-04-17 19:18 | INFO | Query 68 Active Learning Random Query Runtime on Test Set: 155639.95
2024-04-17 19:18 | INFO | Query 68 Active Learning Random Query Instance Cost: 4947120.4
2024-04-17 19:18 | INFO | Query 69 Size of the uncertainty table is = 1763/7390
2024-04-17 19:18 | INFO | Query 69 Size of the filtered table is = 73
2024-04-17 19:19 | INFO | Query 69 Active Learning Random Query Runtime on Validation Set: 1066317.06
2024-04-17 19:19 | INFO | Query 69 Active Learning Random Query Runtime on Test Set: 156116.5
2024-04-17 19:19 | INFO | Query 69 Active Learning Random Query Instance Cost: 5016283.09
2024-04-17 19:19 | INFO | Query 70 Size of the uncertainty table is = 1749/7390
2024-04-17 19:19 | INFO | Query 70 Size of the filtered table is = 73
2024-04-17 19:19 | INFO | Query 70 Active Learning Random Query Runtime on Validation Set: 1066317.06
2024-04-17 19:19 | INFO | Query 70 Active Learning Random Query Runtime on Test Set: 156116.5
2024-04-17 19:19 | INFO | Query 70 Active Learning Random Query Instance Cost: 5068361.1
2024-04-17 19:19 | INFO | Timeout limit is increased to 3600
2024-04-17 19:19 | INFO | Query 71 Size of the uncertainty table is = 1748/7390
2024-04-17 19:19 | INFO | Query 71 Size of the filtered table is = 73
2024-04-17 19:20 | INFO | Query 71 Active Learning Random Query Runtime on Validation Set: 1318291.23
2024-04-17 19:20 | INFO | Query 71 Active Learning Random Query Runtime on Test Set: 156116.5
2024-04-17 19:20 | INFO | Query 71 Active Learning Random Query Instance Cost: 5144787.82
2024-04-17 19:20 | INFO | Timeout limit is increased to 3600
2024-04-17 19:20 | INFO | Query 72 Size of the uncertainty table is = 16/7390
2024-04-17 19:20 | INFO | Query 72 Size of the filtered table is = 16
2024-04-17 19:20 | INFO | Query 72 Active Learning Random Query Runtime on Validation Set: 1387847.04
2024-04-17 19:20 | INFO | Query 72 Active Learning Random Query Runtime on Test Set: 156116.5
2024-04-17 19:20 | INFO | Query 72 Active Learning Random Query Instance Cost: 5148933.75
2024-04-17 19:20 | INFO | Timeout limit is increased to 3600
2024-04-17 19:20 | INFO | runtime_train_score is written as json file
2024-04-17 19:20 | INFO | runtime_test_score is written as json file
2024-04-17 19:20 | INFO | runtime_validation_score is written as json file
2024-04-17 19:20 | INFO | instance_cost is written as json file
2024-04-17 19:20 | INFO | Experiment is finished
