2024-04-17 18:44 | INFO | Paramaters are: {'dataset': 'MAXSAT12-PMS', 'penalty': 10, 'weight': 'No_Weight', 'voting': 'Hard', 'pre_selection_size': 64, 'pre_selection_technique': 'No_pre_selection', 'feature_elimination_threshold': 20, 'imputer_strategy': 'median', 'feature_selection_technique': 'No_feature_selection', 'feature_scaling_technique': 'StandardScaler', 'initial_train_size': 20, 'query_size': 1, 'timeout_predictor_usage': 'Yes', 'timeout_limit': 100, 'timeout_increase_rate': 100, 'RANDOM_STATE_SEED': 12345, 'n_splits': 10, 'split_number': 6, 'max_timeout': 3600, 'param_grid': {'n_estimators': 100, 'criterion': 'gini', 'max_features': 'sqrt', 'max_depth': 2147483648, 'min_samples_split': 2, 'bootstrap': True}}
2024-04-17 18:44 | INFO | MAXSAT12-PMS is current dataset
2024-04-17 18:44 | INFO | DATASETS/MAXSAT12-PMS/algorithm_runs.csv is found
2024-04-17 18:44 | INFO | DATASETS/MAXSAT12-PMS/algorithm_runs.csv is finished
2024-04-17 18:44 | INFO | DATASETS/MAXSAT12-PMS/feature_values.csv is found
2024-04-17 18:44 | INFO | DATASETS/MAXSAT12-PMS/feature_values.csv is finished
2024-04-17 18:44 | INFO | DATASETS/MAXSAT12-PMS/feature_costs.csv is found
2024-04-17 18:44 | INFO | DATASETS/MAXSAT12-PMS/feature_costs.csv is finished
2024-04-17 18:44 | INFO | Feature cost of train set is 29.55
2024-04-17 18:45 | INFO | Initial Active Learning Random Query Runtime on Validation Set: 297765.86
2024-04-17 18:45 | INFO | Initial Active Learning Random Query Runtime on Test Set: 218009.31
2024-04-17 18:45 | INFO | Initial Active Learning Random Query Instance Cost: 5153.77
2024-04-17 18:45 | INFO | Bin size = 77
2024-04-17 18:45 | INFO | Query 1 Size of the uncertainty table is = 7808/7755
2024-04-17 18:45 | INFO | Query 1 Size of the filtered table is = 77
2024-04-17 18:45 | INFO | Query 1 Active Learning Random Query Runtime on Validation Set: 47154.88
2024-04-17 18:45 | INFO | Query 1 Active Learning Random Query Runtime on Test Set: 110427.49
2024-04-17 18:45 | INFO | Query 1 Active Learning Random Query Instance Cost: 11624.17
2024-04-17 18:45 | INFO | Query 2 Size of the uncertainty table is = 7736/7755
2024-04-17 18:45 | INFO | Query 2 Size of the filtered table is = 77
2024-04-17 18:46 | INFO | Query 2 Active Learning Random Query Runtime on Validation Set: 297772.86
2024-04-17 18:46 | INFO | Query 2 Active Learning Random Query Runtime on Test Set: 110451.6
2024-04-17 18:46 | INFO | Query 2 Active Learning Random Query Instance Cost: 18018.98
2024-04-17 18:46 | INFO | Timeout limit is increased to 200
2024-04-17 18:46 | INFO | Query 3 Size of the uncertainty table is = 7647/7755
2024-04-17 18:46 | INFO | Query 3 Size of the filtered table is = 77
2024-04-17 18:46 | INFO | Query 3 Active Learning Random Query Runtime on Validation Set: 444183.27
2024-04-17 18:46 | INFO | Query 3 Active Learning Random Query Runtime on Test Set: 111188.47
2024-04-17 18:46 | INFO | Query 3 Active Learning Random Query Instance Cost: 27662.02
2024-04-17 18:46 | INFO | Timeout limit is increased to 300
2024-04-17 18:46 | INFO | Query 4 Size of the uncertainty table is = 7535/7755
2024-04-17 18:46 | INFO | Query 4 Size of the filtered table is = 77
2024-04-17 18:47 | INFO | Query 4 Active Learning Random Query Runtime on Validation Set: 516192.43
2024-04-17 18:47 | INFO | Query 4 Active Learning Random Query Runtime on Test Set: 75407.55
2024-04-17 18:47 | INFO | Query 4 Active Learning Random Query Instance Cost: 44169.36
2024-04-17 18:47 | INFO | Timeout limit is increased to 400
2024-04-17 18:47 | INFO | Query 5 Size of the uncertainty table is = 7402/7755
2024-04-17 18:47 | INFO | Query 5 Size of the filtered table is = 77
2024-04-17 18:47 | INFO | Query 5 Active Learning Random Query Runtime on Validation Set: 515894.27
2024-04-17 18:47 | INFO | Query 5 Active Learning Random Query Runtime on Test Set: 75331.98
2024-04-17 18:47 | INFO | Query 5 Active Learning Random Query Instance Cost: 63338.63
2024-04-17 18:47 | INFO | Query 6 Size of the uncertainty table is = 7263/7755
2024-04-17 18:47 | INFO | Query 6 Size of the filtered table is = 77
2024-04-17 18:48 | INFO | Query 6 Active Learning Random Query Runtime on Validation Set: 515888.14
2024-04-17 18:48 | INFO | Query 6 Active Learning Random Query Runtime on Test Set: 75285.94
2024-04-17 18:48 | INFO | Query 6 Active Learning Random Query Instance Cost: 83263.91
2024-04-17 18:48 | INFO | Query 7 Size of the uncertainty table is = 7108/7755
2024-04-17 18:48 | INFO | Query 7 Size of the filtered table is = 77
2024-04-17 18:48 | INFO | Query 7 Active Learning Random Query Runtime on Validation Set: 515765.78
2024-04-17 18:48 | INFO | Query 7 Active Learning Random Query Runtime on Test Set: 75211.78
2024-04-17 18:48 | INFO | Query 7 Active Learning Random Query Instance Cost: 103580.45
2024-04-17 18:48 | INFO | Query 8 Size of the uncertainty table is = 6970/7755
2024-04-17 18:48 | INFO | Query 8 Size of the filtered table is = 77
2024-04-17 18:49 | INFO | Query 8 Active Learning Random Query Runtime on Validation Set: 477513.28
2024-04-17 18:49 | INFO | Query 8 Active Learning Random Query Runtime on Test Set: 146731.49
2024-04-17 18:49 | INFO | Query 8 Active Learning Random Query Instance Cost: 123574.18
2024-04-17 18:49 | INFO | Query 9 Size of the uncertainty table is = 6813/7755
2024-04-17 18:49 | INFO | Query 9 Size of the filtered table is = 77
2024-04-17 18:49 | INFO | Query 9 Active Learning Random Query Runtime on Validation Set: 695319.74
2024-04-17 18:49 | INFO | Query 9 Active Learning Random Query Runtime on Test Set: 146732.62
2024-04-17 18:49 | INFO | Query 9 Active Learning Random Query Instance Cost: 140634.63
2024-04-17 18:49 | INFO | Timeout limit is increased to 500
2024-04-17 18:49 | INFO | Query 10 Size of the uncertainty table is = 6637/7755
2024-04-17 18:49 | INFO | Query 10 Size of the filtered table is = 77
2024-04-17 18:50 | INFO | Query 10 Active Learning Random Query Runtime on Validation Set: 695014.91
2024-04-17 18:50 | INFO | Query 10 Active Learning Random Query Runtime on Test Set: 145966.61
2024-04-17 18:50 | INFO | Query 10 Active Learning Random Query Instance Cost: 165341.99
2024-04-17 18:50 | INFO | Query 11 Size of the uncertainty table is = 6437/7755
2024-04-17 18:50 | INFO | Query 11 Size of the filtered table is = 77
2024-04-17 18:50 | INFO | Query 11 Active Learning Random Query Runtime on Validation Set: 622849.14
2024-04-17 18:50 | INFO | Query 11 Active Learning Random Query Runtime on Test Set: 109973.77
2024-04-17 18:50 | INFO | Query 11 Active Learning Random Query Instance Cost: 186982.08
2024-04-17 18:50 | INFO | Query 12 Size of the uncertainty table is = 6251/7755
2024-04-17 18:50 | INFO | Query 12 Size of the filtered table is = 77
2024-04-17 18:51 | INFO | Query 12 Active Learning Random Query Runtime on Validation Set: 298376.41
2024-04-17 18:51 | INFO | Query 12 Active Learning Random Query Runtime on Test Set: 38480.93
2024-04-17 18:51 | INFO | Query 12 Active Learning Random Query Instance Cost: 214210.5
2024-04-17 18:51 | INFO | Query 13 Size of the uncertainty table is = 6057/7755
2024-04-17 18:51 | INFO | Query 13 Size of the filtered table is = 77
2024-04-17 18:52 | INFO | Query 13 Active Learning Random Query Runtime on Validation Set: 477975.59
2024-04-17 18:52 | INFO | Query 13 Active Learning Random Query Runtime on Test Set: 110027.87
2024-04-17 18:52 | INFO | Query 13 Active Learning Random Query Instance Cost: 234369.33
2024-04-17 18:52 | INFO | Timeout limit is increased to 600
2024-04-17 18:52 | INFO | Query 14 Size of the uncertainty table is = 5851/7755
2024-04-17 18:52 | INFO | Query 14 Size of the filtered table is = 77
2024-04-17 18:52 | INFO | Query 14 Active Learning Random Query Runtime on Validation Set: 298402.38
2024-04-17 18:52 | INFO | Query 14 Active Learning Random Query Runtime on Test Set: 110497.36
2024-04-17 18:52 | INFO | Query 14 Active Learning Random Query Instance Cost: 261067.62
2024-04-17 18:52 | INFO | Query 15 Size of the uncertainty table is = 5627/7755
2024-04-17 18:52 | INFO | Query 15 Size of the filtered table is = 77
2024-04-17 18:53 | INFO | Query 15 Active Learning Random Query Runtime on Validation Set: 226672.99
2024-04-17 18:53 | INFO | Query 15 Active Learning Random Query Runtime on Test Set: 38987.52
2024-04-17 18:53 | INFO | Query 15 Active Learning Random Query Instance Cost: 285829.33
2024-04-17 18:53 | INFO | Query 16 Size of the uncertainty table is = 5389/7755
2024-04-17 18:53 | INFO | Query 16 Size of the filtered table is = 77
2024-04-17 18:53 | INFO | Query 16 Active Learning Random Query Runtime on Validation Set: 226611.78
2024-04-17 18:53 | INFO | Query 16 Active Learning Random Query Runtime on Test Set: 38988.33
2024-04-17 18:53 | INFO | Query 16 Active Learning Random Query Instance Cost: 310366.59
2024-04-17 18:53 | INFO | Query 17 Size of the uncertainty table is = 5157/7755
2024-04-17 18:53 | INFO | Query 17 Size of the filtered table is = 77
2024-04-17 18:54 | INFO | Query 17 Active Learning Random Query Runtime on Validation Set: 226642.76
2024-04-17 18:54 | INFO | Query 17 Active Learning Random Query Runtime on Test Set: 39083.64
2024-04-17 18:54 | INFO | Query 17 Active Learning Random Query Instance Cost: 336320.2
2024-04-17 18:54 | INFO | Timeout limit is increased to 700
2024-04-17 18:54 | INFO | Query 18 Size of the uncertainty table is = 4956/7755
2024-04-17 18:54 | INFO | Query 18 Size of the filtered table is = 77
2024-04-17 18:54 | INFO | Query 18 Active Learning Random Query Runtime on Validation Set: 226662.89
2024-04-17 18:54 | INFO | Query 18 Active Learning Random Query Runtime on Test Set: 39090.89
2024-04-17 18:54 | INFO | Query 18 Active Learning Random Query Instance Cost: 364801.23
2024-04-17 18:54 | INFO | Timeout limit is increased to 800
2024-04-17 18:54 | INFO | Query 19 Size of the uncertainty table is = 4732/7755
2024-04-17 18:54 | INFO | Query 19 Size of the filtered table is = 77
2024-04-17 18:55 | INFO | Query 19 Active Learning Random Query Runtime on Validation Set: 8607.15
2024-04-17 18:55 | INFO | Query 19 Active Learning Random Query Runtime on Test Set: 38302.27
2024-04-17 18:55 | INFO | Query 19 Active Learning Random Query Instance Cost: 394286.79
2024-04-17 18:55 | INFO | Query 20 Size of the uncertainty table is = 4485/7755
2024-04-17 18:55 | INFO | Query 20 Size of the filtered table is = 77
2024-04-17 18:55 | INFO | Query 20 Active Learning Random Query Runtime on Validation Set: 226728.53
2024-04-17 18:55 | INFO | Query 20 Active Learning Random Query Runtime on Test Set: 3297.0
2024-04-17 18:55 | INFO | Query 20 Active Learning Random Query Instance Cost: 425208.08
2024-04-17 18:55 | INFO | Timeout limit is increased to 900
2024-04-17 18:55 | INFO | Query 21 Size of the uncertainty table is = 4265/7755
2024-04-17 18:55 | INFO | Query 21 Size of the filtered table is = 77
2024-04-17 18:56 | INFO | Query 21 Active Learning Random Query Runtime on Validation Set: 8600.37
2024-04-17 18:56 | INFO | Query 21 Active Learning Random Query Runtime on Test Set: 2545.71
2024-04-17 18:56 | INFO | Query 21 Active Learning Random Query Instance Cost: 470424.86
2024-04-17 18:56 | INFO | Query 22 Size of the uncertainty table is = 4033/7755
2024-04-17 18:56 | INFO | Query 22 Size of the filtered table is = 77
2024-04-17 18:56 | INFO | Query 22 Active Learning Random Query Runtime on Validation Set: 224351.99
2024-04-17 18:56 | INFO | Query 22 Active Learning Random Query Runtime on Test Set: 39052.21
2024-04-17 18:56 | INFO | Query 22 Active Learning Random Query Instance Cost: 512691.15
2024-04-17 18:56 | INFO | Timeout limit is increased to 1000
2024-04-17 18:56 | INFO | Query 23 Size of the uncertainty table is = 3813/7755
2024-04-17 18:56 | INFO | Query 23 Size of the filtered table is = 77
2024-04-17 18:57 | INFO | Query 23 Active Learning Random Query Runtime on Validation Set: 8592.23
2024-04-17 18:57 | INFO | Query 23 Active Learning Random Query Runtime on Test Set: 2524.49
2024-04-17 18:57 | INFO | Query 23 Active Learning Random Query Instance Cost: 552381.16
2024-04-17 18:57 | INFO | Query 24 Size of the uncertainty table is = 3562/7755
2024-04-17 18:57 | INFO | Query 24 Size of the filtered table is = 77
2024-04-17 18:58 | INFO | Query 24 Active Learning Random Query Runtime on Validation Set: 44779.9
2024-04-17 18:58 | INFO | Query 24 Active Learning Random Query Runtime on Test Set: 2524.19
2024-04-17 18:58 | INFO | Query 24 Active Learning Random Query Instance Cost: 595513.81
2024-04-17 18:58 | INFO | Timeout limit is increased to 1100
2024-04-17 18:58 | INFO | Query 25 Size of the uncertainty table is = 3339/7755
2024-04-17 18:58 | INFO | Query 25 Size of the filtered table is = 77
2024-04-17 18:58 | INFO | Query 25 Active Learning Random Query Runtime on Validation Set: 8550.95
2024-04-17 18:58 | INFO | Query 25 Active Learning Random Query Runtime on Test Set: 2525.05
2024-04-17 18:58 | INFO | Query 25 Active Learning Random Query Instance Cost: 646659.28
2024-04-17 18:58 | INFO | Query 26 Size of the uncertainty table is = 3092/7755
2024-04-17 18:58 | INFO | Query 26 Size of the filtered table is = 77
2024-04-17 18:59 | INFO | Query 26 Active Learning Random Query Runtime on Validation Set: 8617.66
2024-04-17 18:59 | INFO | Query 26 Active Learning Random Query Runtime on Test Set: 38282.24
2024-04-17 18:59 | INFO | Query 26 Active Learning Random Query Instance Cost: 693750.75
2024-04-17 18:59 | INFO | Timeout limit is increased to 1200
2024-04-17 18:59 | INFO | Query 27 Size of the uncertainty table is = 2864/7755
2024-04-17 18:59 | INFO | Query 27 Size of the filtered table is = 77
2024-04-17 18:59 | INFO | Query 27 Active Learning Random Query Runtime on Validation Set: 8526.59
2024-04-17 18:59 | INFO | Query 27 Active Learning Random Query Runtime on Test Set: 2528.06
2024-04-17 18:59 | INFO | Query 27 Active Learning Random Query Instance Cost: 744668.97
2024-04-17 18:59 | INFO | Query 28 Size of the uncertainty table is = 2640/7755
2024-04-17 18:59 | INFO | Query 28 Size of the filtered table is = 77
2024-04-17 19:00 | INFO | Query 28 Active Learning Random Query Runtime on Validation Set: 8518.96
2024-04-17 19:00 | INFO | Query 28 Active Learning Random Query Runtime on Test Set: 2523.55
2024-04-17 19:00 | INFO | Query 28 Active Learning Random Query Instance Cost: 783041.05
2024-04-17 19:00 | INFO | Query 29 Size of the uncertainty table is = 2404/7755
2024-04-17 19:00 | INFO | Query 29 Size of the filtered table is = 77
2024-04-17 19:00 | INFO | Query 29 Active Learning Random Query Runtime on Validation Set: 117072.55
2024-04-17 19:00 | INFO | Query 29 Active Learning Random Query Runtime on Test Set: 3283.57
2024-04-17 19:00 | INFO | Query 29 Active Learning Random Query Instance Cost: 836773.07
2024-04-17 19:00 | INFO | Timeout limit is increased to 1300
2024-04-17 19:00 | INFO | Query 30 Size of the uncertainty table is = 2238/7755
2024-04-17 19:00 | INFO | Query 30 Size of the filtered table is = 77
2024-04-17 19:01 | INFO | Query 30 Active Learning Random Query Runtime on Validation Set: 226828.64
2024-04-17 19:01 | INFO | Query 30 Active Learning Random Query Runtime on Test Set: 3238.75
2024-04-17 19:01 | INFO | Query 30 Active Learning Random Query Instance Cost: 892622.88
2024-04-17 19:01 | INFO | Timeout limit is increased to 1400
2024-04-17 19:01 | INFO | Query 31 Size of the uncertainty table is = 2029/7755
2024-04-17 19:01 | INFO | Query 31 Size of the filtered table is = 77
2024-04-17 19:01 | INFO | Query 31 Active Learning Random Query Runtime on Validation Set: 190969.81
2024-04-17 19:01 | INFO | Query 31 Active Learning Random Query Runtime on Test Set: 3337.97
2024-04-17 19:01 | INFO | Query 31 Active Learning Random Query Instance Cost: 942744.61
2024-04-17 19:02 | INFO | Query 32 Size of the uncertainty table is = 1849/7755
2024-04-17 19:02 | INFO | Query 32 Size of the filtered table is = 77
2024-04-17 19:02 | INFO | Query 32 Active Learning Random Query Runtime on Validation Set: 406419.13
2024-04-17 19:02 | INFO | Query 32 Active Learning Random Query Runtime on Test Set: 74747.27
2024-04-17 19:02 | INFO | Query 32 Active Learning Random Query Instance Cost: 997586.45
2024-04-17 19:02 | INFO | Timeout limit is increased to 1500
2024-04-17 19:02 | INFO | Query 33 Size of the uncertainty table is = 1665/7755
2024-04-17 19:02 | INFO | Query 33 Size of the filtered table is = 77
2024-04-17 19:03 | INFO | Query 33 Active Learning Random Query Runtime on Validation Set: 117097.98
2024-04-17 19:03 | INFO | Query 33 Active Learning Random Query Runtime on Test Set: 38584.65
2024-04-17 19:03 | INFO | Query 33 Active Learning Random Query Instance Cost: 1071313.95
2024-04-17 19:03 | INFO | Query 34 Size of the uncertainty table is = 1519/7755
2024-04-17 19:03 | INFO | Query 34 Size of the filtered table is = 77
2024-04-17 19:03 | INFO | Query 34 Active Learning Random Query Runtime on Validation Set: 8690.9
2024-04-17 19:03 | INFO | Query 34 Active Learning Random Query Runtime on Test Set: 2493.31
2024-04-17 19:03 | INFO | Query 34 Active Learning Random Query Instance Cost: 1126665.37
2024-04-17 19:03 | INFO | Query 35 Size of the uncertainty table is = 1381/7755
2024-04-17 19:03 | INFO | Query 35 Size of the filtered table is = 77
2024-04-17 19:04 | INFO | Query 35 Active Learning Random Query Runtime on Validation Set: 8690.9
2024-04-17 19:04 | INFO | Query 35 Active Learning Random Query Runtime on Test Set: 2586.39
2024-04-17 19:04 | INFO | Query 35 Active Learning Random Query Instance Cost: 1179984.53
2024-04-17 19:04 | INFO | Timeout limit is increased to 1600
2024-04-17 19:04 | INFO | Query 36 Size of the uncertainty table is = 1265/7755
2024-04-17 19:04 | INFO | Query 36 Size of the filtered table is = 77
2024-04-17 19:04 | INFO | Query 36 Active Learning Random Query Runtime on Validation Set: 8713.03
2024-04-17 19:04 | INFO | Query 36 Active Learning Random Query Runtime on Test Set: 2587.11
2024-04-17 19:04 | INFO | Query 36 Active Learning Random Query Instance Cost: 1245244.65
2024-04-17 19:04 | INFO | Timeout limit is increased to 1700
2024-04-17 19:04 | INFO | Query 37 Size of the uncertainty table is = 1167/7755
2024-04-17 19:04 | INFO | Query 37 Size of the filtered table is = 77
2024-04-17 19:05 | INFO | Query 37 Active Learning Random Query Runtime on Validation Set: 117168.22
2024-04-17 19:05 | INFO | Query 37 Active Learning Random Query Runtime on Test Set: 3342.06
2024-04-17 19:05 | INFO | Query 37 Active Learning Random Query Instance Cost: 1303906.08
2024-04-17 19:05 | INFO | Timeout limit is increased to 1800
2024-04-17 19:05 | INFO | Query 38 Size of the uncertainty table is = 1096/7755
2024-04-17 19:05 | INFO | Query 38 Size of the filtered table is = 77
2024-04-17 19:05 | INFO | Query 38 Active Learning Random Query Runtime on Validation Set: 226804.19
2024-04-17 19:05 | INFO | Query 38 Active Learning Random Query Runtime on Test Set: 3238.68
2024-04-17 19:05 | INFO | Query 38 Active Learning Random Query Instance Cost: 1374792.21
2024-04-17 19:05 | INFO | Timeout limit is increased to 1900
2024-04-17 19:05 | INFO | Query 39 Size of the uncertainty table is = 1052/7755
2024-04-17 19:05 | INFO | Query 39 Size of the filtered table is = 77
2024-04-17 19:06 | INFO | Query 39 Active Learning Random Query Runtime on Validation Set: 226804.19
2024-04-17 19:06 | INFO | Query 39 Active Learning Random Query Runtime on Test Set: 39330.0
2024-04-17 19:06 | INFO | Query 39 Active Learning Random Query Instance Cost: 1445194.11
2024-04-17 19:06 | INFO | Timeout limit is increased to 2000
2024-04-17 19:06 | INFO | Query 40 Size of the uncertainty table is = 998/7755
2024-04-17 19:06 | INFO | Query 40 Size of the filtered table is = 77
2024-04-17 19:07 | INFO | Query 40 Active Learning Random Query Runtime on Validation Set: 226802.94
2024-04-17 19:07 | INFO | Query 40 Active Learning Random Query Runtime on Test Set: 3373.19
2024-04-17 19:07 | INFO | Query 40 Active Learning Random Query Instance Cost: 1515391.86
2024-04-17 19:07 | INFO | Query 41 Size of the uncertainty table is = 966/7755
2024-04-17 19:07 | INFO | Query 41 Size of the filtered table is = 77
2024-04-17 19:07 | INFO | Query 41 Active Learning Random Query Runtime on Validation Set: 81259.64
2024-04-17 19:07 | INFO | Query 41 Active Learning Random Query Runtime on Test Set: 3351.65
2024-04-17 19:07 | INFO | Query 41 Active Learning Random Query Instance Cost: 1574100.92
2024-04-17 19:07 | INFO | Query 42 Size of the uncertainty table is = 934/7755
2024-04-17 19:07 | INFO | Query 42 Size of the filtered table is = 77
2024-04-17 19:08 | INFO | Query 42 Active Learning Random Query Runtime on Validation Set: 117168.24
2024-04-17 19:08 | INFO | Query 42 Active Learning Random Query Runtime on Test Set: 39344.91
2024-04-17 19:08 | INFO | Query 42 Active Learning Random Query Instance Cost: 1622161.84
2024-04-17 19:08 | INFO | Timeout limit is increased to 2100
2024-04-17 19:08 | INFO | Query 43 Size of the uncertainty table is = 899/7755
2024-04-17 19:08 | INFO | Query 43 Size of the filtered table is = 77
2024-04-17 19:08 | INFO | Query 43 Active Learning Random Query Runtime on Validation Set: 44931.03
2024-04-17 19:08 | INFO | Query 43 Active Learning Random Query Runtime on Test Set: 38593.81
2024-04-17 19:08 | INFO | Query 43 Active Learning Random Query Instance Cost: 1678308.42
2024-04-17 19:08 | INFO | Query 44 Size of the uncertainty table is = 887/7755
2024-04-17 19:08 | INFO | Query 44 Size of the filtered table is = 77
2024-04-17 19:09 | INFO | Query 44 Active Learning Random Query Runtime on Validation Set: 44931.03
2024-04-17 19:09 | INFO | Query 44 Active Learning Random Query Runtime on Test Set: 38593.81
2024-04-17 19:09 | INFO | Query 44 Active Learning Random Query Instance Cost: 1721669.0
2024-04-17 19:09 | INFO | Timeout limit is increased to 2200
2024-04-17 19:09 | INFO | Query 45 Size of the uncertainty table is = 869/7755
2024-04-17 19:09 | INFO | Query 45 Size of the filtered table is = 77
2024-04-17 19:09 | INFO | Query 45 Active Learning Random Query Runtime on Validation Set: 226804.17
2024-04-17 19:09 | INFO | Query 45 Active Learning Random Query Runtime on Test Set: 3342.06
2024-04-17 19:09 | INFO | Query 45 Active Learning Random Query Instance Cost: 1780890.17
2024-04-17 19:09 | INFO | Timeout limit is increased to 2300
2024-04-17 19:09 | INFO | Query 46 Size of the uncertainty table is = 846/7755
2024-04-17 19:09 | INFO | Query 46 Size of the filtered table is = 77
2024-04-17 19:10 | INFO | Query 46 Active Learning Random Query Runtime on Validation Set: 226804.17
2024-04-17 19:10 | INFO | Query 46 Active Learning Random Query Runtime on Test Set: 3343.34
2024-04-17 19:10 | INFO | Query 46 Active Learning Random Query Instance Cost: 1831006.97
2024-04-17 19:10 | INFO | Timeout limit is increased to 2400
2024-04-17 19:10 | INFO | Query 47 Size of the uncertainty table is = 837/7755
2024-04-17 19:10 | INFO | Query 47 Size of the filtered table is = 77
2024-04-17 19:10 | INFO | Query 47 Active Learning Random Query Runtime on Validation Set: 226804.17
2024-04-17 19:10 | INFO | Query 47 Active Learning Random Query Runtime on Test Set: 3343.34
2024-04-17 19:10 | INFO | Query 47 Active Learning Random Query Instance Cost: 1889579.24
2024-04-17 19:10 | INFO | Timeout limit is increased to 2500
2024-04-17 19:10 | INFO | Query 48 Size of the uncertainty table is = 833/7755
2024-04-17 19:10 | INFO | Query 48 Size of the filtered table is = 77
2024-04-17 19:11 | INFO | Query 48 Active Learning Random Query Runtime on Validation Set: 119111.88
2024-04-17 19:11 | INFO | Query 48 Active Learning Random Query Runtime on Test Set: 3343.79
2024-04-17 19:11 | INFO | Query 48 Active Learning Random Query Instance Cost: 1951732.96
2024-04-17 19:11 | INFO | Query 49 Size of the uncertainty table is = 831/7755
2024-04-17 19:11 | INFO | Query 49 Size of the filtered table is = 77
2024-04-17 19:12 | INFO | Query 49 Active Learning Random Query Runtime on Validation Set: 119111.88
2024-04-17 19:12 | INFO | Query 49 Active Learning Random Query Runtime on Test Set: 39336.53
2024-04-17 19:12 | INFO | Query 49 Active Learning Random Query Instance Cost: 2000576.69
2024-04-17 19:12 | INFO | Timeout limit is increased to 2600
2024-04-17 19:12 | INFO | Query 50 Size of the uncertainty table is = 825/7755
2024-04-17 19:12 | INFO | Query 50 Size of the filtered table is = 77
2024-04-17 19:12 | INFO | Query 50 Active Learning Random Query Runtime on Validation Set: 119111.88
2024-04-17 19:12 | INFO | Query 50 Active Learning Random Query Runtime on Test Set: 3343.79
2024-04-17 19:12 | INFO | Query 50 Active Learning Random Query Instance Cost: 2061093.27
2024-04-17 19:12 | INFO | Timeout limit is increased to 2700
2024-04-17 19:12 | INFO | Query 51 Size of the uncertainty table is = 822/7755
2024-04-17 19:12 | INFO | Query 51 Size of the filtered table is = 77
2024-04-17 19:13 | INFO | Query 51 Active Learning Random Query Runtime on Validation Set: 119111.88
2024-04-17 19:13 | INFO | Query 51 Active Learning Random Query Runtime on Test Set: 3343.79
2024-04-17 19:13 | INFO | Query 51 Active Learning Random Query Instance Cost: 2127993.27
2024-04-17 19:13 | INFO | Timeout limit is increased to 2800
2024-04-17 19:13 | INFO | Query 52 Size of the uncertainty table is = 822/7755
2024-04-17 19:13 | INFO | Query 52 Size of the filtered table is = 77
2024-04-17 19:13 | INFO | Query 52 Active Learning Random Query Runtime on Validation Set: 119111.88
2024-04-17 19:13 | INFO | Query 52 Active Learning Random Query Runtime on Test Set: 3343.79
2024-04-17 19:13 | INFO | Query 52 Active Learning Random Query Instance Cost: 2193315.23
2024-04-17 19:13 | INFO | Timeout limit is increased to 2900
2024-04-17 19:13 | INFO | Query 53 Size of the uncertainty table is = 820/7755
2024-04-17 19:13 | INFO | Query 53 Size of the filtered table is = 77
2024-04-17 19:14 | INFO | Query 53 Active Learning Random Query Runtime on Validation Set: 119111.88
2024-04-17 19:14 | INFO | Query 53 Active Learning Random Query Runtime on Test Set: 3343.79
2024-04-17 19:14 | INFO | Query 53 Active Learning Random Query Instance Cost: 2265000.84
2024-04-17 19:14 | INFO | Timeout limit is increased to 3000
2024-04-17 19:14 | INFO | Query 54 Size of the uncertainty table is = 816/7755
2024-04-17 19:14 | INFO | Query 54 Size of the filtered table is = 77
2024-04-17 19:14 | INFO | Query 54 Active Learning Random Query Runtime on Validation Set: 119111.88
2024-04-17 19:14 | INFO | Query 54 Active Learning Random Query Runtime on Test Set: 3343.78
2024-04-17 19:14 | INFO | Query 54 Active Learning Random Query Instance Cost: 2328262.73
2024-04-17 19:14 | INFO | Timeout limit is increased to 3100
2024-04-17 19:14 | INFO | Query 55 Size of the uncertainty table is = 813/7755
2024-04-17 19:14 | INFO | Query 55 Size of the filtered table is = 77
2024-04-17 19:15 | INFO | Query 55 Active Learning Random Query Runtime on Validation Set: 119111.88
2024-04-17 19:15 | INFO | Query 55 Active Learning Random Query Runtime on Test Set: 3343.78
2024-04-17 19:15 | INFO | Query 55 Active Learning Random Query Instance Cost: 2406362.73
2024-04-17 19:15 | INFO | Timeout limit is increased to 3200
2024-04-17 19:15 | INFO | Query 56 Size of the uncertainty table is = 813/7755
2024-04-17 19:15 | INFO | Query 56 Size of the filtered table is = 77
2024-04-17 19:16 | INFO | Query 56 Active Learning Random Query Runtime on Validation Set: 119111.88
2024-04-17 19:16 | INFO | Query 56 Active Learning Random Query Runtime on Test Set: 3343.78
2024-04-17 19:16 | INFO | Query 56 Active Learning Random Query Instance Cost: 2472462.73
2024-04-17 19:16 | INFO | Timeout limit is increased to 3300
2024-04-17 19:16 | INFO | Query 57 Size of the uncertainty table is = 813/7755
2024-04-17 19:16 | INFO | Query 57 Size of the filtered table is = 77
2024-04-17 19:16 | INFO | Query 57 Active Learning Random Query Runtime on Validation Set: 119111.88
2024-04-17 19:16 | INFO | Query 57 Active Learning Random Query Runtime on Test Set: 3343.78
2024-04-17 19:16 | INFO | Query 57 Active Learning Random Query Instance Cost: 2565562.73
2024-04-17 19:16 | INFO | Timeout limit is increased to 3400
2024-04-17 19:16 | INFO | Query 58 Size of the uncertainty table is = 813/7755
2024-04-17 19:16 | INFO | Query 58 Size of the filtered table is = 77
2024-04-17 19:17 | INFO | Query 58 Active Learning Random Query Runtime on Validation Set: 119111.88
2024-04-17 19:17 | INFO | Query 58 Active Learning Random Query Runtime on Test Set: 3343.78
2024-04-17 19:17 | INFO | Query 58 Active Learning Random Query Instance Cost: 2647762.73
2024-04-17 19:17 | INFO | Timeout limit is increased to 3500
2024-04-17 19:17 | INFO | Query 59 Size of the uncertainty table is = 813/7755
2024-04-17 19:17 | INFO | Query 59 Size of the filtered table is = 77
2024-04-17 19:17 | INFO | Query 59 Active Learning Random Query Runtime on Validation Set: 119111.88
2024-04-17 19:17 | INFO | Query 59 Active Learning Random Query Runtime on Test Set: 3343.78
2024-04-17 19:17 | INFO | Query 59 Active Learning Random Query Instance Cost: 2727262.73
2024-04-17 19:17 | INFO | Timeout limit is increased to 3600
2024-04-17 19:17 | INFO | Query 60 Size of the uncertainty table is = 813/7755
2024-04-17 19:17 | INFO | Query 60 Size of the filtered table is = 77
2024-04-17 19:18 | INFO | Query 60 Active Learning Random Query Runtime on Validation Set: 119111.88
2024-04-17 19:18 | INFO | Query 60 Active Learning Random Query Runtime on Test Set: 3343.78
2024-04-17 19:18 | INFO | Query 60 Active Learning Random Query Instance Cost: 2797962.73
2024-04-17 19:18 | INFO | Timeout limit is increased to 3600
2024-04-17 19:18 | INFO | runtime_train_score is written as json file
2024-04-17 19:18 | INFO | runtime_test_score is written as json file
2024-04-17 19:18 | INFO | runtime_validation_score is written as json file
2024-04-17 19:18 | INFO | instance_cost is written as json file
2024-04-17 19:18 | INFO | Experiment is finished
