2024-04-17 18:45 | INFO | Paramaters are: {'dataset': 'QBF-2011', 'penalty': 10, 'weight': 'No_Weight', 'voting': 'Hard', 'pre_selection_size': 64, 'pre_selection_technique': 'No_pre_selection', 'feature_elimination_threshold': 20, 'imputer_strategy': 'median', 'feature_selection_technique': 'No_feature_selection', 'feature_scaling_technique': 'StandardScaler', 'initial_train_size': 20, 'query_size': 1, 'timeout_predictor_usage': 'Yes', 'timeout_limit': 100, 'timeout_increase_rate': 100, 'RANDOM_STATE_SEED': 7, 'n_splits': 10, 'split_number': 6, 'max_timeout': 3600, 'param_grid': {'n_estimators': 100, 'criterion': 'gini', 'max_features': 'sqrt', 'max_depth': 2147483648, 'min_samples_split': 2, 'bootstrap': True}}
2024-04-17 18:45 | INFO | QBF-2011 is current dataset
2024-04-17 18:45 | INFO | DATASETS/QBF-2011/algorithm_runs.csv is found
2024-04-17 18:45 | INFO | DATASETS/QBF-2011/algorithm_runs.csv is finished
2024-04-17 18:45 | INFO | DATASETS/QBF-2011/feature_values.csv is found
2024-04-17 18:45 | INFO | DATASETS/QBF-2011/feature_values.csv is finished
2024-04-17 18:45 | INFO | Feature cost of train set is 0
2024-04-17 18:45 | INFO | Initial Active Learning Random Query Runtime on Validation Set: 1819977.79
2024-04-17 18:45 | INFO | Initial Active Learning Random Query Runtime on Test Set: 700959.72
2024-04-17 18:45 | INFO | Initial Active Learning Random Query Instance Cost: 6029.84
2024-04-17 18:45 | INFO | Bin size = 73
2024-04-17 18:45 | INFO | Query 1 Size of the uncertainty table is = 7469/7390
2024-04-17 18:45 | INFO | Query 1 Size of the filtered table is = 73
2024-04-17 18:45 | INFO | Query 1 Active Learning Random Query Runtime on Validation Set: 1316122.93
2024-04-17 18:45 | INFO | Query 1 Active Learning Random Query Runtime on Test Set: 666955.13
2024-04-17 18:45 | INFO | Query 1 Active Learning Random Query Instance Cost: 13845.34
2024-04-17 18:45 | INFO | Query 2 Size of the uncertainty table is = 7420/7390
2024-04-17 18:45 | INFO | Query 2 Size of the filtered table is = 73
2024-04-17 18:46 | INFO | Query 2 Active Learning Random Query Runtime on Validation Set: 1705545.8
2024-04-17 18:46 | INFO | Query 2 Active Learning Random Query Runtime on Test Set: 594872.72
2024-04-17 18:46 | INFO | Query 2 Active Learning Random Query Instance Cost: 21237.63
2024-04-17 18:46 | INFO | Timeout limit is increased to 200
2024-04-17 18:46 | INFO | Query 3 Size of the uncertainty table is = 7357/7390
2024-04-17 18:46 | INFO | Query 3 Size of the filtered table is = 73
2024-04-17 18:46 | INFO | Query 3 Active Learning Random Query Runtime on Validation Set: 1136224.44
2024-04-17 18:46 | INFO | Query 3 Active Learning Random Query Runtime on Test Set: 489233.17
2024-04-17 18:46 | INFO | Query 3 Active Learning Random Query Instance Cost: 35876.5
2024-04-17 18:46 | INFO | Query 4 Size of the uncertainty table is = 7278/7390
2024-04-17 18:46 | INFO | Query 4 Size of the filtered table is = 73
2024-04-17 18:47 | INFO | Query 4 Active Learning Random Query Runtime on Validation Set: 1208182.78
2024-04-17 18:47 | INFO | Query 4 Active Learning Random Query Runtime on Test Set: 418152.11
2024-04-17 18:47 | INFO | Query 4 Active Learning Random Query Instance Cost: 51404.58
2024-04-17 18:47 | INFO | Timeout limit is increased to 300
2024-04-17 18:47 | INFO | Query 5 Size of the uncertainty table is = 7208/7390
2024-04-17 18:47 | INFO | Query 5 Size of the filtered table is = 73
2024-04-17 18:47 | INFO | Query 5 Active Learning Random Query Runtime on Validation Set: 1279868.6
2024-04-17 18:47 | INFO | Query 5 Active Learning Random Query Runtime on Test Set: 526088.17
2024-04-17 18:47 | INFO | Query 5 Active Learning Random Query Instance Cost: 76798.7
2024-04-17 18:47 | INFO | Timeout limit is increased to 400
2024-04-17 18:47 | INFO | Query 6 Size of the uncertainty table is = 7135/7390
2024-04-17 18:47 | INFO | Query 6 Size of the filtered table is = 73
2024-04-17 18:48 | INFO | Query 6 Active Learning Random Query Runtime on Validation Set: 1316193.36
2024-04-17 18:48 | INFO | Query 6 Active Learning Random Query Runtime on Test Set: 419151.99
2024-04-17 18:48 | INFO | Query 6 Active Learning Random Query Instance Cost: 107158.51
2024-04-17 18:48 | INFO | Timeout limit is increased to 500
2024-04-17 18:48 | INFO | Query 7 Size of the uncertainty table is = 7039/7390
2024-04-17 18:48 | INFO | Query 7 Size of the filtered table is = 73
2024-04-17 18:48 | INFO | Query 7 Active Learning Random Query Runtime on Validation Set: 1279794.86
2024-04-17 18:48 | INFO | Query 7 Active Learning Random Query Runtime on Test Set: 452174.34
2024-04-17 18:48 | INFO | Query 7 Active Learning Random Query Instance Cost: 141291.24
2024-04-17 18:48 | INFO | Query 8 Size of the uncertainty table is = 6945/7390
2024-04-17 18:48 | INFO | Query 8 Size of the filtered table is = 73
2024-04-17 18:49 | INFO | Query 8 Active Learning Random Query Runtime on Validation Set: 1244197.07
2024-04-17 18:49 | INFO | Query 8 Active Learning Random Query Runtime on Test Set: 381973.67
2024-04-17 18:49 | INFO | Query 8 Active Learning Random Query Instance Cost: 180304.61
2024-04-17 18:49 | INFO | Query 9 Size of the uncertainty table is = 6854/7390
2024-04-17 18:49 | INFO | Query 9 Size of the filtered table is = 73
2024-04-17 18:49 | INFO | Query 9 Active Learning Random Query Runtime on Validation Set: 1098440.16
2024-04-17 18:49 | INFO | Query 9 Active Learning Random Query Runtime on Test Set: 275062.45
2024-04-17 18:49 | INFO | Query 9 Active Learning Random Query Instance Cost: 214628.17
2024-04-17 18:49 | INFO | Query 10 Size of the uncertainty table is = 6741/7390
2024-04-17 18:49 | INFO | Query 10 Size of the filtered table is = 73
2024-04-17 18:50 | INFO | Query 10 Active Learning Random Query Runtime on Validation Set: 1386107.64
2024-04-17 18:50 | INFO | Query 10 Active Learning Random Query Runtime on Test Set: 342817.86
2024-04-17 18:50 | INFO | Query 10 Active Learning Random Query Instance Cost: 248392.15
2024-04-17 18:50 | INFO | Timeout limit is increased to 600
2024-04-17 18:50 | INFO | Query 11 Size of the uncertainty table is = 6640/7390
2024-04-17 18:50 | INFO | Query 11 Size of the filtered table is = 73
2024-04-17 18:50 | INFO | Query 11 Active Learning Random Query Runtime on Validation Set: 1421909.72
2024-04-17 18:50 | INFO | Query 11 Active Learning Random Query Runtime on Test Set: 306726.13
2024-04-17 18:50 | INFO | Query 11 Active Learning Random Query Instance Cost: 294309.44
2024-04-17 18:50 | INFO | Timeout limit is increased to 700
2024-04-17 18:50 | INFO | Query 12 Size of the uncertainty table is = 6520/7390
2024-04-17 18:50 | INFO | Query 12 Size of the filtered table is = 73
2024-04-17 18:51 | INFO | Query 12 Active Learning Random Query Runtime on Validation Set: 1386300.45
2024-04-17 18:51 | INFO | Query 12 Active Learning Random Query Runtime on Test Set: 304757.64
2024-04-17 18:51 | INFO | Query 12 Active Learning Random Query Instance Cost: 340329.32
2024-04-17 18:51 | INFO | Query 13 Size of the uncertainty table is = 6412/7390
2024-04-17 18:51 | INFO | Query 13 Size of the filtered table is = 73
2024-04-17 18:51 | INFO | Query 13 Active Learning Random Query Runtime on Validation Set: 1386069.45
2024-04-17 18:51 | INFO | Query 13 Active Learning Random Query Runtime on Test Set: 268640.94
2024-04-17 18:51 | INFO | Query 13 Active Learning Random Query Instance Cost: 383122.08
2024-04-17 18:51 | INFO | Query 14 Size of the uncertainty table is = 6289/7390
2024-04-17 18:51 | INFO | Query 14 Size of the filtered table is = 73
2024-04-17 18:52 | INFO | Query 14 Active Learning Random Query Runtime on Validation Set: 1314184.37
2024-04-17 18:52 | INFO | Query 14 Active Learning Random Query Runtime on Test Set: 340593.04
2024-04-17 18:52 | INFO | Query 14 Active Learning Random Query Instance Cost: 424474.41
2024-04-17 18:52 | INFO | Query 15 Size of the uncertainty table is = 6164/7390
2024-04-17 18:52 | INFO | Query 15 Size of the filtered table is = 73
2024-04-17 18:52 | INFO | Query 15 Active Learning Random Query Runtime on Validation Set: 1136313.11
2024-04-17 18:52 | INFO | Query 15 Active Learning Random Query Runtime on Test Set: 270254.12
2024-04-17 18:52 | INFO | Query 15 Active Learning Random Query Instance Cost: 461846.29
2024-04-17 18:52 | INFO | Query 16 Size of the uncertainty table is = 6053/7390
2024-04-17 18:52 | INFO | Query 16 Size of the filtered table is = 73
2024-04-17 18:52 | INFO | Query 16 Active Learning Random Query Runtime on Validation Set: 1208302.23
2024-04-17 18:52 | INFO | Query 16 Active Learning Random Query Runtime on Test Set: 373441.7
2024-04-17 18:52 | INFO | Query 16 Active Learning Random Query Instance Cost: 498320.31
2024-04-17 18:52 | INFO | Timeout limit is increased to 800
2024-04-17 18:52 | INFO | Query 17 Size of the uncertainty table is = 5921/7390
2024-04-17 18:52 | INFO | Query 17 Size of the filtered table is = 73
2024-04-17 18:53 | INFO | Query 17 Active Learning Random Query Runtime on Validation Set: 1171857.28
2024-04-17 18:53 | INFO | Query 17 Active Learning Random Query Runtime on Test Set: 306319.8
2024-04-17 18:53 | INFO | Query 17 Active Learning Random Query Instance Cost: 544155.89
2024-04-17 18:53 | INFO | Query 18 Size of the uncertainty table is = 5790/7390
2024-04-17 18:53 | INFO | Query 18 Size of the filtered table is = 73
2024-04-17 18:53 | INFO | Query 18 Active Learning Random Query Runtime on Validation Set: 1351720.12
2024-04-17 18:53 | INFO | Query 18 Active Learning Random Query Runtime on Test Set: 340015.17
2024-04-17 18:53 | INFO | Query 18 Active Learning Random Query Instance Cost: 584567.59
2024-04-17 18:53 | INFO | Timeout limit is increased to 900
2024-04-17 18:53 | INFO | Query 19 Size of the uncertainty table is = 5631/7390
2024-04-17 18:53 | INFO | Query 19 Size of the filtered table is = 73
2024-04-17 18:54 | INFO | Query 19 Active Learning Random Query Runtime on Validation Set: 1136197.12
2024-04-17 18:54 | INFO | Query 19 Active Learning Random Query Runtime on Test Set: 304523.91
2024-04-17 18:54 | INFO | Query 19 Active Learning Random Query Instance Cost: 642052.56
2024-04-17 18:54 | INFO | Query 20 Size of the uncertainty table is = 5505/7390
2024-04-17 18:54 | INFO | Query 20 Size of the filtered table is = 73
2024-04-17 18:54 | INFO | Query 20 Active Learning Random Query Runtime on Validation Set: 1351720.28
2024-04-17 18:54 | INFO | Query 20 Active Learning Random Query Runtime on Test Set: 337424.72
2024-04-17 18:54 | INFO | Query 20 Active Learning Random Query Instance Cost: 705291.76
2024-04-17 18:54 | INFO | Timeout limit is increased to 1000
2024-04-17 18:54 | INFO | Query 21 Size of the uncertainty table is = 5378/7390
2024-04-17 18:54 | INFO | Query 21 Size of the filtered table is = 73
2024-04-17 18:55 | INFO | Query 21 Active Learning Random Query Runtime on Validation Set: 1351728.49
2024-04-17 18:55 | INFO | Query 21 Active Learning Random Query Runtime on Test Set: 335528.76
2024-04-17 18:55 | INFO | Query 21 Active Learning Random Query Instance Cost: 752662.79
2024-04-17 18:55 | INFO | Timeout limit is increased to 1100
2024-04-17 18:55 | INFO | Query 22 Size of the uncertainty table is = 5235/7390
2024-04-17 18:55 | INFO | Query 22 Size of the filtered table is = 73
2024-04-17 18:55 | INFO | Query 22 Active Learning Random Query Runtime on Validation Set: 1387753.57
2024-04-17 18:55 | INFO | Query 22 Active Learning Random Query Runtime on Test Set: 265518.96
2024-04-17 18:55 | INFO | Query 22 Active Learning Random Query Instance Cost: 817856.49
2024-04-17 18:55 | INFO | Timeout limit is increased to 1200
2024-04-17 18:55 | INFO | Query 23 Size of the uncertainty table is = 5114/7390
2024-04-17 18:55 | INFO | Query 23 Size of the filtered table is = 73
2024-04-17 18:56 | INFO | Query 23 Active Learning Random Query Runtime on Validation Set: 1244299.27
2024-04-17 18:56 | INFO | Query 23 Active Learning Random Query Runtime on Test Set: 229934.02
2024-04-17 18:56 | INFO | Query 23 Active Learning Random Query Instance Cost: 894203.08
2024-04-17 18:56 | INFO | Query 24 Size of the uncertainty table is = 4962/7390
2024-04-17 18:56 | INFO | Query 24 Size of the filtered table is = 73
2024-04-17 18:56 | INFO | Query 24 Active Learning Random Query Runtime on Validation Set: 1387719.59
2024-04-17 18:56 | INFO | Query 24 Active Learning Random Query Runtime on Test Set: 337518.73
2024-04-17 18:56 | INFO | Query 24 Active Learning Random Query Instance Cost: 946082.61
2024-04-17 18:56 | INFO | Timeout limit is increased to 1300
2024-04-17 18:56 | INFO | Query 25 Size of the uncertainty table is = 4803/7390
2024-04-17 18:56 | INFO | Query 25 Size of the filtered table is = 73
2024-04-17 18:57 | INFO | Query 25 Active Learning Random Query Runtime on Validation Set: 1387712.96
2024-04-17 18:57 | INFO | Query 25 Active Learning Random Query Runtime on Test Set: 373523.7
2024-04-17 18:57 | INFO | Query 25 Active Learning Random Query Instance Cost: 1030927.16
2024-04-17 18:57 | INFO | Query 26 Size of the uncertainty table is = 4689/7390
2024-04-17 18:57 | INFO | Query 26 Size of the filtered table is = 73
2024-04-17 18:57 | INFO | Query 26 Active Learning Random Query Runtime on Validation Set: 1387697.27
2024-04-17 18:57 | INFO | Query 26 Active Learning Random Query Runtime on Test Set: 301424.98
2024-04-17 18:57 | INFO | Query 26 Active Learning Random Query Instance Cost: 1100357.44
2024-04-17 18:57 | INFO | Query 27 Size of the uncertainty table is = 4574/7390
2024-04-17 18:57 | INFO | Query 27 Size of the filtered table is = 73
2024-04-17 18:58 | INFO | Query 27 Active Learning Random Query Runtime on Validation Set: 1387697.55
2024-04-17 18:58 | INFO | Query 27 Active Learning Random Query Runtime on Test Set: 373522.56
2024-04-17 18:58 | INFO | Query 27 Active Learning Random Query Instance Cost: 1163480.88
2024-04-17 18:58 | INFO | Timeout limit is increased to 1400
2024-04-17 18:58 | INFO | Query 28 Size of the uncertainty table is = 4436/7390
2024-04-17 18:58 | INFO | Query 28 Size of the filtered table is = 73
2024-04-17 18:58 | INFO | Query 28 Active Learning Random Query Runtime on Validation Set: 1387721.18
2024-04-17 18:58 | INFO | Query 28 Active Learning Random Query Runtime on Test Set: 373523.75
2024-04-17 18:58 | INFO | Query 28 Active Learning Random Query Instance Cost: 1235442.65
2024-04-17 18:58 | INFO | Timeout limit is increased to 1500
2024-04-17 18:58 | INFO | Query 29 Size of the uncertainty table is = 4282/7390
2024-04-17 18:58 | INFO | Query 29 Size of the filtered table is = 73
2024-04-17 18:59 | INFO | Query 29 Active Learning Random Query Runtime on Validation Set: 1351813.52
2024-04-17 18:59 | INFO | Query 29 Active Learning Random Query Runtime on Test Set: 335528.82
2024-04-17 18:59 | INFO | Query 29 Active Learning Random Query Instance Cost: 1320976.75
2024-04-17 18:59 | INFO | Query 30 Size of the uncertainty table is = 4137/7390
2024-04-17 18:59 | INFO | Query 30 Size of the filtered table is = 73
2024-04-17 18:59 | INFO | Query 30 Active Learning Random Query Runtime on Validation Set: 1208369.73
2024-04-17 18:59 | INFO | Query 30 Active Learning Random Query Runtime on Test Set: 333774.52
2024-04-17 18:59 | INFO | Query 30 Active Learning Random Query Instance Cost: 1393537.99
2024-04-17 18:59 | INFO | Query 31 Size of the uncertainty table is = 4007/7390
2024-04-17 18:59 | INFO | Query 31 Size of the filtered table is = 73
2024-04-17 19:00 | INFO | Query 31 Active Learning Random Query Runtime on Validation Set: 1350507.95
2024-04-17 19:00 | INFO | Query 31 Active Learning Random Query Runtime on Test Set: 300159.17
2024-04-17 19:00 | INFO | Query 31 Active Learning Random Query Instance Cost: 1466715.13
2024-04-17 19:00 | INFO | Timeout limit is increased to 1600
2024-04-17 19:00 | INFO | Query 32 Size of the uncertainty table is = 3908/7390
2024-04-17 19:00 | INFO | Query 32 Size of the filtered table is = 73
2024-04-17 19:00 | INFO | Query 32 Active Learning Random Query Runtime on Validation Set: 1351793.87
2024-04-17 19:00 | INFO | Query 32 Active Learning Random Query Runtime on Test Set: 336261.63
2024-04-17 19:00 | INFO | Query 32 Active Learning Random Query Instance Cost: 1547688.47
2024-04-17 19:00 | INFO | Timeout limit is increased to 1700
2024-04-17 19:00 | INFO | Query 33 Size of the uncertainty table is = 3772/7390
2024-04-17 19:00 | INFO | Query 33 Size of the filtered table is = 73
2024-04-17 19:01 | INFO | Query 33 Active Learning Random Query Runtime on Validation Set: 1351828.4
2024-04-17 19:01 | INFO | Query 33 Active Learning Random Query Runtime on Test Set: 300162.72
2024-04-17 19:01 | INFO | Query 33 Active Learning Random Query Instance Cost: 1638931.06
2024-04-17 19:01 | INFO | Timeout limit is increased to 1800
2024-04-17 19:01 | INFO | Query 34 Size of the uncertainty table is = 3645/7390
2024-04-17 19:01 | INFO | Query 34 Size of the filtered table is = 73
2024-04-17 19:01 | INFO | Query 34 Active Learning Random Query Runtime on Validation Set: 1351824.45
2024-04-17 19:01 | INFO | Query 34 Active Learning Random Query Runtime on Test Set: 264172.17
2024-04-17 19:01 | INFO | Query 34 Active Learning Random Query Instance Cost: 1731000.43
2024-04-17 19:01 | INFO | Query 35 Size of the uncertainty table is = 3516/7390
2024-04-17 19:01 | INFO | Query 35 Size of the filtered table is = 73
2024-04-17 19:02 | INFO | Query 35 Active Learning Random Query Runtime on Validation Set: 1423696.79
2024-04-17 19:02 | INFO | Query 35 Active Learning Random Query Runtime on Test Set: 298190.98
2024-04-17 19:02 | INFO | Query 35 Active Learning Random Query Instance Cost: 1812156.33
2024-04-17 19:02 | INFO | Timeout limit is increased to 1900
2024-04-17 19:02 | INFO | Query 36 Size of the uncertainty table is = 3407/7390
2024-04-17 19:02 | INFO | Query 36 Size of the filtered table is = 73
2024-04-17 19:02 | INFO | Query 36 Active Learning Random Query Runtime on Validation Set: 1351816.99
2024-04-17 19:02 | INFO | Query 36 Active Learning Random Query Runtime on Test Set: 300161.21
2024-04-17 19:02 | INFO | Query 36 Active Learning Random Query Instance Cost: 1909670.56
2024-04-17 19:02 | INFO | Query 37 Size of the uncertainty table is = 3284/7390
2024-04-17 19:02 | INFO | Query 37 Size of the filtered table is = 73
2024-04-17 19:03 | INFO | Query 37 Active Learning Random Query Runtime on Validation Set: 1280561.71
2024-04-17 19:03 | INFO | Query 37 Active Learning Random Query Runtime on Test Set: 300159.22
2024-04-17 19:03 | INFO | Query 37 Active Learning Random Query Instance Cost: 2008393.02
2024-04-17 19:03 | INFO | Query 38 Size of the uncertainty table is = 3175/7390
2024-04-17 19:03 | INFO | Query 38 Size of the filtered table is = 73
2024-04-17 19:03 | INFO | Query 38 Active Learning Random Query Runtime on Validation Set: 1244350.96
2024-04-17 19:03 | INFO | Query 38 Active Learning Random Query Runtime on Test Set: 228170.12
2024-04-17 19:03 | INFO | Query 38 Active Learning Random Query Instance Cost: 2097481.86
2024-04-17 19:03 | INFO | Query 39 Size of the uncertainty table is = 3063/7390
2024-04-17 19:03 | INFO | Query 39 Size of the filtered table is = 73
2024-04-17 19:04 | INFO | Query 39 Active Learning Random Query Runtime on Validation Set: 1351804.56
2024-04-17 19:04 | INFO | Query 39 Active Learning Random Query Runtime on Test Set: 228171.43
2024-04-17 19:04 | INFO | Query 39 Active Learning Random Query Instance Cost: 2191439.88
2024-04-17 19:04 | INFO | Timeout limit is increased to 2000
2024-04-17 19:04 | INFO | Query 40 Size of the uncertainty table is = 2951/7390
2024-04-17 19:04 | INFO | Query 40 Size of the filtered table is = 73
2024-04-17 19:04 | INFO | Query 40 Active Learning Random Query Runtime on Validation Set: 1351824.43
2024-04-17 19:04 | INFO | Query 40 Active Learning Random Query Runtime on Test Set: 371523.34
2024-04-17 19:04 | INFO | Query 40 Active Learning Random Query Instance Cost: 2276625.36
2024-04-17 19:04 | INFO | Timeout limit is increased to 2100
2024-04-17 19:04 | INFO | Query 41 Size of the uncertainty table is = 2830/7390
2024-04-17 19:04 | INFO | Query 41 Size of the filtered table is = 73
2024-04-17 19:05 | INFO | Query 41 Active Learning Random Query Runtime on Validation Set: 1352159.19
2024-04-17 19:05 | INFO | Query 41 Active Learning Random Query Runtime on Test Set: 263540.92
2024-04-17 19:05 | INFO | Query 41 Active Learning Random Query Instance Cost: 2367253.84
2024-04-17 19:05 | INFO | Timeout limit is increased to 2200
2024-04-17 19:05 | INFO | Query 42 Size of the uncertainty table is = 2744/7390
2024-04-17 19:05 | INFO | Query 42 Size of the filtered table is = 73
2024-04-17 19:05 | INFO | Query 42 Active Learning Random Query Runtime on Validation Set: 1351816.0
2024-04-17 19:05 | INFO | Query 42 Active Learning Random Query Runtime on Test Set: 335529.86
2024-04-17 19:05 | INFO | Query 42 Active Learning Random Query Instance Cost: 2467587.39
2024-04-17 19:05 | INFO | Query 43 Size of the uncertainty table is = 2649/7390
2024-04-17 19:05 | INFO | Query 43 Size of the filtered table is = 73
2024-04-17 19:06 | INFO | Query 43 Active Learning Random Query Runtime on Validation Set: 1351792.92
2024-04-17 19:06 | INFO | Query 43 Active Learning Random Query Runtime on Test Set: 300158.18
2024-04-17 19:06 | INFO | Query 43 Active Learning Random Query Instance Cost: 2548588.38
2024-04-17 19:06 | INFO | Query 44 Size of the uncertainty table is = 2572/7390
2024-04-17 19:06 | INFO | Query 44 Size of the filtered table is = 73
2024-04-17 19:06 | INFO | Query 44 Active Learning Random Query Runtime on Validation Set: 1387715.82
2024-04-17 19:06 | INFO | Query 44 Active Learning Random Query Runtime on Test Set: 300153.89
2024-04-17 19:06 | INFO | Query 44 Active Learning Random Query Instance Cost: 2638655.86
2024-04-17 19:06 | INFO | Timeout limit is increased to 2300
2024-04-17 19:06 | INFO | Query 45 Size of the uncertainty table is = 2466/7390
2024-04-17 19:06 | INFO | Query 45 Size of the filtered table is = 73
2024-04-17 19:07 | INFO | Query 45 Active Learning Random Query Runtime on Validation Set: 1387699.22
2024-04-17 19:07 | INFO | Query 45 Active Learning Random Query Runtime on Test Set: 371523.22
2024-04-17 19:07 | INFO | Query 45 Active Learning Random Query Instance Cost: 2763924.34
2024-04-17 19:07 | INFO | Query 46 Size of the uncertainty table is = 2410/7390
2024-04-17 19:07 | INFO | Query 46 Size of the filtered table is = 73
2024-04-17 19:07 | INFO | Query 46 Active Learning Random Query Runtime on Validation Set: 1351754.51
2024-04-17 19:07 | INFO | Query 46 Active Learning Random Query Runtime on Test Set: 300065.81
2024-04-17 19:07 | INFO | Query 46 Active Learning Random Query Instance Cost: 2847758.35
2024-04-17 19:07 | INFO | Query 47 Size of the uncertainty table is = 2315/7390
2024-04-17 19:07 | INFO | Query 47 Size of the filtered table is = 73
2024-04-17 19:08 | INFO | Query 47 Active Learning Random Query Runtime on Validation Set: 1315895.24
2024-04-17 19:08 | INFO | Query 47 Active Learning Random Query Runtime on Test Set: 299853.62
2024-04-17 19:08 | INFO | Query 47 Active Learning Random Query Instance Cost: 2937106.17
2024-04-17 19:08 | INFO | Query 48 Size of the uncertainty table is = 2261/7390
2024-04-17 19:08 | INFO | Query 48 Size of the filtered table is = 73
2024-04-17 19:08 | INFO | Query 48 Active Learning Random Query Runtime on Validation Set: 1172276.23
2024-04-17 19:08 | INFO | Query 48 Active Learning Random Query Runtime on Test Set: 230465.77
2024-04-17 19:08 | INFO | Query 48 Active Learning Random Query Instance Cost: 3006051.89
2024-04-17 19:08 | INFO | Query 49 Size of the uncertainty table is = 2212/7390
2024-04-17 19:08 | INFO | Query 49 Size of the filtered table is = 73
2024-04-17 19:09 | INFO | Query 49 Active Learning Random Query Runtime on Validation Set: 1136270.75
2024-04-17 19:09 | INFO | Query 49 Active Learning Random Query Runtime on Test Set: 192495.89
2024-04-17 19:09 | INFO | Query 49 Active Learning Random Query Instance Cost: 3086531.74
2024-04-17 19:09 | INFO | Query 50 Size of the uncertainty table is = 2169/7390
2024-04-17 19:09 | INFO | Query 50 Size of the filtered table is = 73
2024-04-17 19:09 | INFO | Query 50 Active Learning Random Query Runtime on Validation Set: 1315892.0
2024-04-17 19:09 | INFO | Query 50 Active Learning Random Query Runtime on Test Set: 226319.95
2024-04-17 19:09 | INFO | Query 50 Active Learning Random Query Instance Cost: 3160040.95
2024-04-17 19:09 | INFO | Timeout limit is increased to 2400
2024-04-17 19:09 | INFO | Query 51 Size of the uncertainty table is = 2122/7390
2024-04-17 19:09 | INFO | Query 51 Size of the filtered table is = 73
2024-04-17 19:10 | INFO | Query 51 Active Learning Random Query Runtime on Validation Set: 1279894.28
2024-04-17 19:10 | INFO | Query 51 Active Learning Random Query Runtime on Test Set: 228617.89
2024-04-17 19:10 | INFO | Query 51 Active Learning Random Query Instance Cost: 3230717.77
2024-04-17 19:10 | INFO | Query 52 Size of the uncertainty table is = 2085/7390
2024-04-17 19:10 | INFO | Query 52 Size of the filtered table is = 73
2024-04-17 19:10 | INFO | Query 52 Active Learning Random Query Runtime on Validation Set: 1244002.88
2024-04-17 19:10 | INFO | Query 52 Active Learning Random Query Runtime on Test Set: 192630.84
2024-04-17 19:10 | INFO | Query 52 Active Learning Random Query Instance Cost: 3319748.29
2024-04-17 19:10 | INFO | Query 53 Size of the uncertainty table is = 2031/7390
2024-04-17 19:10 | INFO | Query 53 Size of the filtered table is = 73
2024-04-17 19:11 | INFO | Query 53 Active Learning Random Query Runtime on Validation Set: 1387699.19
2024-04-17 19:11 | INFO | Query 53 Active Learning Random Query Runtime on Test Set: 261689.69
2024-04-17 19:11 | INFO | Query 53 Active Learning Random Query Instance Cost: 3376457.72
2024-04-17 19:11 | INFO | Timeout limit is increased to 2500
2024-04-17 19:11 | INFO | Query 54 Size of the uncertainty table is = 2003/7390
2024-04-17 19:11 | INFO | Query 54 Size of the filtered table is = 73
2024-04-17 19:11 | INFO | Query 54 Active Learning Random Query Runtime on Validation Set: 1387721.7
2024-04-17 19:11 | INFO | Query 54 Active Learning Random Query Runtime on Test Set: 261689.69
2024-04-17 19:11 | INFO | Query 54 Active Learning Random Query Instance Cost: 3445658.27
2024-04-17 19:11 | INFO | Timeout limit is increased to 2600
2024-04-17 19:11 | INFO | Query 55 Size of the uncertainty table is = 1981/7390
2024-04-17 19:11 | INFO | Query 55 Size of the filtered table is = 73
2024-04-17 19:12 | INFO | Query 55 Active Learning Random Query Runtime on Validation Set: 1387705.1
2024-04-17 19:12 | INFO | Query 55 Active Learning Random Query Runtime on Test Set: 262319.6
2024-04-17 19:12 | INFO | Query 55 Active Learning Random Query Instance Cost: 3528673.47
2024-04-17 19:12 | INFO | Query 56 Size of the uncertainty table is = 1961/7390
2024-04-17 19:12 | INFO | Query 56 Size of the filtered table is = 73
2024-04-17 19:12 | INFO | Query 56 Active Learning Random Query Runtime on Validation Set: 1387702.22
2024-04-17 19:12 | INFO | Query 56 Active Learning Random Query Runtime on Test Set: 262309.0
2024-04-17 19:12 | INFO | Query 56 Active Learning Random Query Instance Cost: 3597118.64
2024-04-17 19:12 | INFO | Query 57 Size of the uncertainty table is = 1925/7390
2024-04-17 19:12 | INFO | Query 57 Size of the filtered table is = 73
2024-04-17 19:13 | INFO | Query 57 Active Learning Random Query Runtime on Validation Set: 1387705.15
2024-04-17 19:13 | INFO | Query 57 Active Learning Random Query Runtime on Test Set: 262308.99
2024-04-17 19:13 | INFO | Query 57 Active Learning Random Query Instance Cost: 3656871.06
2024-04-17 19:13 | INFO | Timeout limit is increased to 2700
2024-04-17 19:13 | INFO | Query 58 Size of the uncertainty table is = 1907/7390
2024-04-17 19:13 | INFO | Query 58 Size of the filtered table is = 73
2024-04-17 19:13 | INFO | Query 58 Active Learning Random Query Runtime on Validation Set: 1387701.87
2024-04-17 19:13 | INFO | Query 58 Active Learning Random Query Runtime on Test Set: 298306.65
2024-04-17 19:13 | INFO | Query 58 Active Learning Random Query Instance Cost: 3728019.85
2024-04-17 19:13 | INFO | Query 59 Size of the uncertainty table is = 1874/7390
2024-04-17 19:13 | INFO | Query 59 Size of the filtered table is = 73
2024-04-17 19:14 | INFO | Query 59 Active Learning Random Query Runtime on Validation Set: 1387701.87
2024-04-17 19:14 | INFO | Query 59 Active Learning Random Query Runtime on Test Set: 298306.65
2024-04-17 19:14 | INFO | Query 59 Active Learning Random Query Instance Cost: 3803214.2
2024-04-17 19:14 | INFO | Timeout limit is increased to 2800
2024-04-17 19:14 | INFO | Query 60 Size of the uncertainty table is = 1863/7390
2024-04-17 19:14 | INFO | Query 60 Size of the filtered table is = 73
2024-04-17 19:14 | INFO | Query 60 Active Learning Random Query Runtime on Validation Set: 1387705.13
2024-04-17 19:14 | INFO | Query 60 Active Learning Random Query Runtime on Test Set: 262420.82
2024-04-17 19:14 | INFO | Query 60 Active Learning Random Query Instance Cost: 3871153.54
2024-04-17 19:14 | INFO | Timeout limit is increased to 2900
2024-04-17 19:14 | INFO | Query 61 Size of the uncertainty table is = 1836/7390
2024-04-17 19:14 | INFO | Query 61 Size of the filtered table is = 73
2024-04-17 19:15 | INFO | Query 61 Active Learning Random Query Runtime on Validation Set: 1387705.13
2024-04-17 19:15 | INFO | Query 61 Active Learning Random Query Runtime on Test Set: 262420.82
2024-04-17 19:15 | INFO | Query 61 Active Learning Random Query Instance Cost: 3959269.77
2024-04-17 19:15 | INFO | Timeout limit is increased to 3000
2024-04-17 19:15 | INFO | Query 62 Size of the uncertainty table is = 1823/7390
2024-04-17 19:15 | INFO | Query 62 Size of the filtered table is = 73
2024-04-17 19:15 | INFO | Query 62 Active Learning Random Query Runtime on Validation Set: 1387695.97
2024-04-17 19:15 | INFO | Query 62 Active Learning Random Query Runtime on Test Set: 262418.83
2024-04-17 19:15 | INFO | Query 62 Active Learning Random Query Instance Cost: 4054737.53
2024-04-17 19:15 | INFO | Query 63 Size of the uncertainty table is = 1801/7390
2024-04-17 19:15 | INFO | Query 63 Size of the filtered table is = 73
2024-04-17 19:16 | INFO | Query 63 Active Learning Random Query Runtime on Validation Set: 1387699.22
2024-04-17 19:16 | INFO | Query 63 Active Learning Random Query Runtime on Test Set: 262418.83
2024-04-17 19:16 | INFO | Query 63 Active Learning Random Query Instance Cost: 4142313.35
2024-04-17 19:16 | INFO | Timeout limit is increased to 3100
2024-04-17 19:16 | INFO | Query 64 Size of the uncertainty table is = 1792/7390
2024-04-17 19:16 | INFO | Query 64 Size of the filtered table is = 73
2024-04-17 19:16 | INFO | Query 64 Active Learning Random Query Runtime on Validation Set: 1387699.22
2024-04-17 19:16 | INFO | Query 64 Active Learning Random Query Runtime on Test Set: 262418.83
2024-04-17 19:16 | INFO | Query 64 Active Learning Random Query Instance Cost: 4223957.15
2024-04-17 19:16 | INFO | Timeout limit is increased to 3200
2024-04-17 19:16 | INFO | Query 65 Size of the uncertainty table is = 1778/7390
2024-04-17 19:16 | INFO | Query 65 Size of the filtered table is = 73
2024-04-17 19:17 | INFO | Query 65 Active Learning Random Query Runtime on Validation Set: 1280126.81
2024-04-17 19:17 | INFO | Query 65 Active Learning Random Query Runtime on Test Set: 297788.62
2024-04-17 19:17 | INFO | Query 65 Active Learning Random Query Instance Cost: 4311926.76
2024-04-17 19:17 | INFO | Query 66 Size of the uncertainty table is = 1761/7390
2024-04-17 19:17 | INFO | Query 66 Size of the filtered table is = 73
2024-04-17 19:17 | INFO | Query 66 Active Learning Random Query Runtime on Validation Set: 1244247.74
2024-04-17 19:17 | INFO | Query 66 Active Learning Random Query Runtime on Test Set: 228630.44
2024-04-17 19:17 | INFO | Query 66 Active Learning Random Query Instance Cost: 4399965.28
2024-04-17 19:17 | INFO | Query 67 Size of the uncertainty table is = 1748/7390
2024-04-17 19:17 | INFO | Query 67 Size of the filtered table is = 73
2024-04-17 19:18 | INFO | Query 67 Active Learning Random Query Runtime on Validation Set: 1244247.74
2024-04-17 19:18 | INFO | Query 67 Active Learning Random Query Runtime on Test Set: 228729.71
2024-04-17 19:18 | INFO | Query 67 Active Learning Random Query Instance Cost: 4473045.6
2024-04-17 19:18 | INFO | Timeout limit is increased to 3300
2024-04-17 19:18 | INFO | Query 68 Size of the uncertainty table is = 1743/7390
2024-04-17 19:18 | INFO | Query 68 Size of the filtered table is = 73
2024-04-17 19:18 | INFO | Query 68 Active Learning Random Query Runtime on Validation Set: 1244247.74
2024-04-17 19:18 | INFO | Query 68 Active Learning Random Query Runtime on Test Set: 228731.7
2024-04-17 19:18 | INFO | Query 68 Active Learning Random Query Instance Cost: 4557679.18
2024-04-17 19:18 | INFO | Timeout limit is increased to 3400
2024-04-17 19:18 | INFO | Query 69 Size of the uncertainty table is = 1736/7390
2024-04-17 19:18 | INFO | Query 69 Size of the filtered table is = 73
2024-04-17 19:19 | INFO | Query 69 Active Learning Random Query Runtime on Validation Set: 1244244.49
2024-04-17 19:19 | INFO | Query 69 Active Learning Random Query Runtime on Test Set: 228506.74
2024-04-17 19:19 | INFO | Query 69 Active Learning Random Query Instance Cost: 4644940.78
2024-04-17 19:19 | INFO | Query 70 Size of the uncertainty table is = 1727/7390
2024-04-17 19:19 | INFO | Query 70 Size of the filtered table is = 73
2024-04-17 19:19 | INFO | Query 70 Active Learning Random Query Runtime on Validation Set: 1244244.49
2024-04-17 19:19 | INFO | Query 70 Active Learning Random Query Runtime on Test Set: 228506.74
2024-04-17 19:19 | INFO | Query 70 Active Learning Random Query Instance Cost: 4717440.78
2024-04-17 19:19 | INFO | Timeout limit is increased to 3500
2024-04-17 19:19 | INFO | Query 71 Size of the uncertainty table is = 1727/7390
2024-04-17 19:19 | INFO | Query 71 Size of the filtered table is = 73
2024-04-17 19:20 | INFO | Query 71 Active Learning Random Query Runtime on Validation Set: 1244244.49
2024-04-17 19:20 | INFO | Query 71 Active Learning Random Query Runtime on Test Set: 228506.74
2024-04-17 19:20 | INFO | Query 71 Active Learning Random Query Instance Cost: 4816334.7
2024-04-17 19:20 | INFO | Timeout limit is increased to 3600
2024-04-17 19:20 | INFO | Query 72 Size of the uncertainty table is = 1720/7390
2024-04-17 19:20 | INFO | Query 72 Size of the filtered table is = 73
2024-04-17 19:20 | INFO | Query 72 Active Learning Random Query Runtime on Validation Set: 1315735.87
2024-04-17 19:20 | INFO | Query 72 Active Learning Random Query Runtime on Test Set: 262195.86
2024-04-17 19:20 | INFO | Query 72 Active Learning Random Query Instance Cost: 4907186.39
2024-04-17 19:20 | INFO | Timeout limit is increased to 3600
2024-04-17 19:20 | INFO | Query 73 Size of the uncertainty table is = 8/7390
2024-04-17 19:20 | INFO | Query 73 Size of the filtered table is = 8
2024-04-17 19:21 | INFO | Query 73 Active Learning Random Query Runtime on Validation Set: 1387699.22
2024-04-17 19:21 | INFO | Query 73 Active Learning Random Query Runtime on Test Set: 262420.82
2024-04-17 19:21 | INFO | Query 73 Active Learning Random Query Instance Cost: 4911486.48
2024-04-17 19:21 | INFO | Timeout limit is increased to 3600
2024-04-17 19:21 | INFO | runtime_train_score is written as json file
2024-04-17 19:21 | INFO | runtime_test_score is written as json file
2024-04-17 19:21 | INFO | runtime_validation_score is written as json file
2024-04-17 19:21 | INFO | instance_cost is written as json file
2024-04-17 19:21 | INFO | Experiment is finished
