2024-04-17 19:12 | INFO | Paramaters are: {'dataset': 'ASP-POTASSCO', 'penalty': 10, 'weight': 'No_Weight', 'voting': 'Hard', 'pre_selection_size': 64, 'pre_selection_technique': 'No_pre_selection', 'feature_elimination_threshold': 20, 'imputer_strategy': 'median', 'feature_selection_technique': 'No_feature_selection', 'feature_scaling_technique': 'StandardScaler', 'initial_train_size': 20, 'query_size': 1, 'timeout_predictor_usage': 'No', 'timeout_limit': 100, 'timeout_increase_rate': 100, 'RANDOM_STATE_SEED': 12345, 'n_splits': 10, 'split_number': 0, 'max_timeout': 3600, 'param_grid': {'n_estimators': 100, 'criterion': 'gini', 'max_features': 'sqrt', 'max_depth': 2147483648, 'min_samples_split': 2, 'bootstrap': True}}
2024-04-17 19:12 | INFO | ASP-POTASSCO is current dataset
2024-04-17 19:12 | INFO | DATASETS/ASP-POTASSCO/algorithm_runs.arff is found
2024-04-17 19:12 | INFO | DATASETS/ASP-POTASSCO/algorithm_runs.arff is finished
2024-04-17 19:12 | INFO | DATASETS/ASP-POTASSCO/feature_values.arff is found
2024-04-17 19:12 | INFO | DATASETS/ASP-POTASSCO/feature_values.arff is finished
2024-04-17 19:12 | INFO | DATASETS/ASP-POTASSCO/feature_costs.arff is found
2024-04-17 19:12 | INFO | DATASETS/ASP-POTASSCO/feature_costs.arff is finished
2024-04-17 19:12 | INFO | Feature cost of train set is 1056.14
2024-04-17 19:15 | INFO | Initial Active Learning Random Query Runtime on Validation Set: 406928.42
2024-04-17 19:15 | INFO | Initial Active Learning Random Query Runtime on Test Set: 257923.45
2024-04-17 19:15 | INFO | Initial Active Learning Random Query Instance Cost: 6344.24
2024-04-17 19:15 | INFO | Bin size = 392
2024-04-17 19:15 | INFO | Query 1 Size of the uncertainty table is = 39395/39270
2024-04-17 19:15 | INFO | Query 1 Size of the filtered table is = 392
2024-04-17 19:17 | INFO | Query 1 Active Learning Random Query Runtime on Validation Set: 298680.45
2024-04-17 19:17 | INFO | Query 1 Active Learning Random Query Runtime on Test Set: 257422.38
2024-04-17 19:17 | INFO | Query 1 Active Learning Random Query Instance Cost: 31251.98
2024-04-17 19:17 | INFO | Query 2 Size of the uncertainty table is = 38853/39270
2024-04-17 19:17 | INFO | Query 2 Size of the filtered table is = 392
2024-04-17 19:20 | INFO | Query 2 Active Learning Random Query Runtime on Validation Set: 442102.04
2024-04-17 19:20 | INFO | Query 2 Active Learning Random Query Runtime on Test Set: 294218.76
2024-04-17 19:20 | INFO | Query 2 Active Learning Random Query Instance Cost: 55339.46
2024-04-17 19:20 | INFO | Timeout limit is increased to 200
2024-04-17 19:20 | INFO | Query 3 Size of the uncertainty table is = 37897/39270
2024-04-17 19:20 | INFO | Query 3 Size of the filtered table is = 392
2024-04-17 19:22 | INFO | Query 3 Active Learning Random Query Runtime on Validation Set: 371049.18
2024-04-17 19:22 | INFO | Query 3 Active Learning Random Query Runtime on Test Set: 293247.73
2024-04-17 19:22 | INFO | Query 3 Active Learning Random Query Instance Cost: 100707.98
2024-04-17 19:22 | INFO | Query 4 Size of the uncertainty table is = 36606/39270
2024-04-17 19:22 | INFO | Query 4 Size of the filtered table is = 392
2024-04-17 19:25 | INFO | Query 4 Active Learning Random Query Runtime on Validation Set: 335005.01
2024-04-17 19:25 | INFO | Query 4 Active Learning Random Query Runtime on Test Set: 257466.99
2024-04-17 19:25 | INFO | Query 4 Active Learning Random Query Instance Cost: 142458.2
2024-04-17 19:25 | INFO | Query 5 Size of the uncertainty table is = 35078/39270
2024-04-17 19:25 | INFO | Query 5 Size of the filtered table is = 392
2024-04-17 19:28 | INFO | Query 5 Active Learning Random Query Runtime on Validation Set: 296617.99
2024-04-17 19:28 | INFO | Query 5 Active Learning Random Query Runtime on Test Set: 150590.14
2024-04-17 19:28 | INFO | Query 5 Active Learning Random Query Instance Cost: 180879.42
2024-04-17 19:28 | INFO | Query 6 Size of the uncertainty table is = 33364/39270
2024-04-17 19:28 | INFO | Query 6 Size of the filtered table is = 392
2024-04-17 19:30 | INFO | Query 6 Active Learning Random Query Runtime on Validation Set: 260457.77
2024-04-17 19:30 | INFO | Query 6 Active Learning Random Query Runtime on Test Set: 184851.42
2024-04-17 19:30 | INFO | Query 6 Active Learning Random Query Instance Cost: 216596.8
2024-04-17 19:30 | INFO | Query 7 Size of the uncertainty table is = 31362/39270
2024-04-17 19:30 | INFO | Query 7 Size of the filtered table is = 392
2024-04-17 19:33 | INFO | Query 7 Active Learning Random Query Runtime on Validation Set: 366609.55
2024-04-17 19:33 | INFO | Query 7 Active Learning Random Query Runtime on Test Set: 220656.57
2024-04-17 19:33 | INFO | Query 7 Active Learning Random Query Instance Cost: 247137.81
2024-04-17 19:33 | INFO | Timeout limit is increased to 300
2024-04-17 19:33 | INFO | Query 8 Size of the uncertainty table is = 29433/39270
2024-04-17 19:33 | INFO | Query 8 Size of the filtered table is = 392
2024-04-17 19:36 | INFO | Query 8 Active Learning Random Query Runtime on Validation Set: 402885.01
2024-04-17 19:36 | INFO | Query 8 Active Learning Random Query Runtime on Test Set: 184519.52
2024-04-17 19:36 | INFO | Query 8 Active Learning Random Query Instance Cost: 300510.38
2024-04-17 19:36 | INFO | Timeout limit is increased to 400
2024-04-17 19:36 | INFO | Query 9 Size of the uncertainty table is = 27249/39270
2024-04-17 19:36 | INFO | Query 9 Size of the filtered table is = 392
2024-04-17 19:39 | INFO | Query 9 Active Learning Random Query Runtime on Validation Set: 295708.94
2024-04-17 19:39 | INFO | Query 9 Active Learning Random Query Runtime on Test Set: 148953.24
2024-04-17 19:39 | INFO | Query 9 Active Learning Random Query Instance Cost: 365199.81
2024-04-17 19:39 | INFO | Query 10 Size of the uncertainty table is = 24824/39270
2024-04-17 19:39 | INFO | Query 10 Size of the filtered table is = 392
2024-04-17 19:41 | INFO | Query 10 Active Learning Random Query Runtime on Validation Set: 367553.32
2024-04-17 19:41 | INFO | Query 10 Active Learning Random Query Runtime on Test Set: 184266.12
2024-04-17 19:41 | INFO | Query 10 Active Learning Random Query Instance Cost: 431803.58
2024-04-17 19:41 | INFO | Timeout limit is increased to 500
2024-04-17 19:41 | INFO | Query 11 Size of the uncertainty table is = 22514/39270
2024-04-17 19:41 | INFO | Query 11 Size of the filtered table is = 392
2024-04-17 19:44 | INFO | Query 11 Active Learning Random Query Runtime on Validation Set: 260302.86
2024-04-17 19:44 | INFO | Query 11 Active Learning Random Query Runtime on Test Set: 184255.92
2024-04-17 19:44 | INFO | Query 11 Active Learning Random Query Instance Cost: 517101.33
2024-04-17 19:44 | INFO | Query 12 Size of the uncertainty table is = 20003/39270
2024-04-17 19:44 | INFO | Query 12 Size of the filtered table is = 392
2024-04-17 19:47 | INFO | Query 12 Active Learning Random Query Runtime on Validation Set: 547107.56
2024-04-17 19:47 | INFO | Query 12 Active Learning Random Query Runtime on Test Set: 112210.8
2024-04-17 19:47 | INFO | Query 12 Active Learning Random Query Instance Cost: 591028.62
2024-04-17 19:47 | INFO | Timeout limit is increased to 600
2024-04-17 19:47 | INFO | Query 13 Size of the uncertainty table is = 17595/39270
2024-04-17 19:47 | INFO | Query 13 Size of the filtered table is = 392
2024-04-17 19:49 | INFO | Query 13 Active Learning Random Query Runtime on Validation Set: 402490.74
2024-04-17 19:49 | INFO | Query 13 Active Learning Random Query Runtime on Test Set: 219379.42
2024-04-17 19:49 | INFO | Query 13 Active Learning Random Query Instance Cost: 688600.81
2024-04-17 19:49 | INFO | Query 14 Size of the uncertainty table is = 15087/39270
2024-04-17 19:49 | INFO | Query 14 Size of the filtered table is = 392
2024-04-17 19:52 | INFO | Query 14 Active Learning Random Query Runtime on Validation Set: 367213.5
2024-04-17 19:52 | INFO | Query 14 Active Learning Random Query Runtime on Test Set: 112513.12
2024-04-17 19:52 | INFO | Query 14 Active Learning Random Query Instance Cost: 776839.17
2024-04-17 19:52 | INFO | Query 15 Size of the uncertainty table is = 12601/39270
2024-04-17 19:52 | INFO | Query 15 Size of the filtered table is = 392
2024-04-17 19:55 | INFO | Query 15 Active Learning Random Query Runtime on Validation Set: 294869.69
2024-04-17 19:55 | INFO | Query 15 Active Learning Random Query Runtime on Test Set: 112583.04
2024-04-17 19:55 | INFO | Query 15 Active Learning Random Query Instance Cost: 865575.86
2024-04-17 19:55 | INFO | Query 16 Size of the uncertainty table is = 10459/39270
2024-04-17 19:55 | INFO | Query 16 Size of the filtered table is = 392
2024-04-17 19:57 | INFO | Query 16 Active Learning Random Query Runtime on Validation Set: 402225.61
2024-04-17 19:57 | INFO | Query 16 Active Learning Random Query Runtime on Test Set: 112880.77
2024-04-17 19:57 | INFO | Query 16 Active Learning Random Query Instance Cost: 935210.75
2024-04-17 19:57 | INFO | Timeout limit is increased to 700
2024-04-17 19:57 | INFO | Query 17 Size of the uncertainty table is = 8577/39270
2024-04-17 19:57 | INFO | Query 17 Size of the filtered table is = 392
2024-04-17 20:00 | INFO | Query 17 Active Learning Random Query Runtime on Validation Set: 439175.9
2024-04-17 20:00 | INFO | Query 17 Active Learning Random Query Runtime on Test Set: 112237.63
2024-04-17 20:00 | INFO | Query 17 Active Learning Random Query Instance Cost: 1038031.28
2024-04-17 20:00 | INFO | Timeout limit is increased to 800
2024-04-17 20:00 | INFO | Query 18 Size of the uncertainty table is = 7000/39270
2024-04-17 20:00 | INFO | Query 18 Size of the filtered table is = 392
2024-04-17 20:03 | INFO | Query 18 Active Learning Random Query Runtime on Validation Set: 329536.36
2024-04-17 20:03 | INFO | Query 18 Active Learning Random Query Runtime on Test Set: 113051.02
2024-04-17 20:03 | INFO | Query 18 Active Learning Random Query Instance Cost: 1161251.78
2024-04-17 20:03 | INFO | Query 19 Size of the uncertainty table is = 5823/39270
2024-04-17 20:03 | INFO | Query 19 Size of the filtered table is = 392
2024-04-17 20:06 | INFO | Query 19 Active Learning Random Query Runtime on Validation Set: 402051.29
2024-04-17 20:06 | INFO | Query 19 Active Learning Random Query Runtime on Test Set: 76497.06
2024-04-17 20:06 | INFO | Query 19 Active Learning Random Query Instance Cost: 1250585.43
2024-04-17 20:06 | INFO | Timeout limit is increased to 900
2024-04-17 20:06 | INFO | Query 20 Size of the uncertainty table is = 5011/39270
2024-04-17 20:06 | INFO | Query 20 Size of the filtered table is = 392
2024-04-17 20:08 | INFO | Query 20 Active Learning Random Query Runtime on Validation Set: 438162.24
2024-04-17 20:08 | INFO | Query 20 Active Learning Random Query Runtime on Test Set: 76493.15
2024-04-17 20:08 | INFO | Query 20 Active Learning Random Query Instance Cost: 1371991.2
2024-04-17 20:08 | INFO | Timeout limit is increased to 1000
2024-04-17 20:08 | INFO | Query 21 Size of the uncertainty table is = 4592/39270
2024-04-17 20:08 | INFO | Query 21 Size of the filtered table is = 392
2024-04-17 20:11 | INFO | Query 21 Active Learning Random Query Runtime on Validation Set: 401880.75
2024-04-17 20:11 | INFO | Query 21 Active Learning Random Query Runtime on Test Set: 112600.24
2024-04-17 20:11 | INFO | Query 21 Active Learning Random Query Instance Cost: 1504245.3
2024-04-17 20:11 | INFO | Query 22 Size of the uncertainty table is = 4379/39270
2024-04-17 20:11 | INFO | Query 22 Size of the filtered table is = 392
2024-04-17 20:14 | INFO | Query 22 Active Learning Random Query Runtime on Validation Set: 401941.09
2024-04-17 20:14 | INFO | Query 22 Active Learning Random Query Runtime on Test Set: 112517.66
2024-04-17 20:14 | INFO | Query 22 Active Learning Random Query Instance Cost: 1586092.09
2024-04-17 20:14 | INFO | Timeout limit is increased to 1100
2024-04-17 20:14 | INFO | Query 23 Size of the uncertainty table is = 4244/39270
2024-04-17 20:14 | INFO | Query 23 Size of the filtered table is = 392
2024-04-17 20:16 | INFO | Query 23 Active Learning Random Query Runtime on Validation Set: 366675.71
2024-04-17 20:16 | INFO | Query 23 Active Learning Random Query Runtime on Test Set: 40604.71
2024-04-17 20:16 | INFO | Query 23 Active Learning Random Query Instance Cost: 1693842.69
2024-04-17 20:16 | INFO | Query 24 Size of the uncertainty table is = 4186/39270
2024-04-17 20:16 | INFO | Query 24 Size of the filtered table is = 392
2024-04-17 20:19 | INFO | Query 24 Active Learning Random Query Runtime on Validation Set: 366426.46
2024-04-17 20:19 | INFO | Query 24 Active Learning Random Query Runtime on Test Set: 40594.61
2024-04-17 20:19 | INFO | Query 24 Active Learning Random Query Instance Cost: 1753676.62
2024-04-17 20:19 | INFO | Query 25 Size of the uncertainty table is = 4157/39270
2024-04-17 20:19 | INFO | Query 25 Size of the filtered table is = 392
2024-04-17 20:21 | INFO | Query 25 Active Learning Random Query Runtime on Validation Set: 402256.88
2024-04-17 20:21 | INFO | Query 25 Active Learning Random Query Runtime on Test Set: 40571.76
2024-04-17 20:21 | INFO | Query 25 Active Learning Random Query Instance Cost: 1789434.4
2024-04-17 20:21 | INFO | Timeout limit is increased to 1200
2024-04-17 20:22 | INFO | Query 26 Size of the uncertainty table is = 4131/39270
2024-04-17 20:22 | INFO | Query 26 Size of the filtered table is = 392
2024-04-17 20:24 | INFO | Query 26 Active Learning Random Query Runtime on Validation Set: 365697.12
2024-04-17 20:24 | INFO | Query 26 Active Learning Random Query Runtime on Test Set: 40538.65
2024-04-17 20:24 | INFO | Query 26 Active Learning Random Query Instance Cost: 1871615.85
2024-04-17 20:24 | INFO | Query 27 Size of the uncertainty table is = 4119/39270
2024-04-17 20:24 | INFO | Query 27 Size of the filtered table is = 392
2024-04-17 20:27 | INFO | Query 27 Active Learning Random Query Runtime on Validation Set: 365697.12
2024-04-17 20:27 | INFO | Query 27 Active Learning Random Query Runtime on Test Set: 40538.65
2024-04-17 20:27 | INFO | Query 27 Active Learning Random Query Instance Cost: 1916702.57
2024-04-17 20:27 | INFO | Timeout limit is increased to 1300
2024-04-17 20:27 | INFO | Query 28 Size of the uncertainty table is = 4115/39270
2024-04-17 20:27 | INFO | Query 28 Size of the filtered table is = 392
2024-04-17 20:29 | INFO | Query 28 Active Learning Random Query Runtime on Validation Set: 365697.12
2024-04-17 20:29 | INFO | Query 28 Active Learning Random Query Runtime on Test Set: 40538.63
2024-04-17 20:29 | INFO | Query 28 Active Learning Random Query Instance Cost: 2001053.36
2024-04-17 20:29 | INFO | Timeout limit is increased to 1400
2024-04-17 20:29 | INFO | Query 29 Size of the uncertainty table is = 4112/39270
2024-04-17 20:29 | INFO | Query 29 Size of the filtered table is = 392
2024-04-17 20:32 | INFO | Query 29 Active Learning Random Query Runtime on Validation Set: 401623.45
2024-04-17 20:32 | INFO | Query 29 Active Learning Random Query Runtime on Test Set: 40541.79
2024-04-17 20:32 | INFO | Query 29 Active Learning Random Query Instance Cost: 2105474.03
2024-04-17 20:32 | INFO | Timeout limit is increased to 1500
2024-04-17 20:32 | INFO | Query 30 Size of the uncertainty table is = 4107/39270
2024-04-17 20:32 | INFO | Query 30 Size of the filtered table is = 392
2024-04-17 20:35 | INFO | Query 30 Active Learning Random Query Runtime on Validation Set: 401623.45
2024-04-17 20:35 | INFO | Query 30 Active Learning Random Query Runtime on Test Set: 40541.79
2024-04-17 20:35 | INFO | Query 30 Active Learning Random Query Instance Cost: 2226208.91
2024-04-17 20:35 | INFO | Timeout limit is increased to 1600
2024-04-17 20:35 | INFO | Query 31 Size of the uncertainty table is = 4106/39270
2024-04-17 20:35 | INFO | Query 31 Size of the filtered table is = 392
2024-04-17 20:37 | INFO | Query 31 Active Learning Random Query Runtime on Validation Set: 401623.45
2024-04-17 20:37 | INFO | Query 31 Active Learning Random Query Runtime on Test Set: 40541.79
2024-04-17 20:37 | INFO | Query 31 Active Learning Random Query Instance Cost: 2347108.91
2024-04-17 20:37 | INFO | Timeout limit is increased to 1700
2024-04-17 20:37 | INFO | Query 32 Size of the uncertainty table is = 4106/39270
2024-04-17 20:37 | INFO | Query 32 Size of the filtered table is = 392
2024-04-17 20:40 | INFO | Query 32 Active Learning Random Query Runtime on Validation Set: 401623.45
2024-04-17 20:40 | INFO | Query 32 Active Learning Random Query Runtime on Test Set: 40541.79
2024-04-17 20:40 | INFO | Query 32 Active Learning Random Query Instance Cost: 2475908.91
2024-04-17 20:40 | INFO | Timeout limit is increased to 1800
2024-04-17 20:40 | INFO | Query 33 Size of the uncertainty table is = 4106/39270
2024-04-17 20:40 | INFO | Query 33 Size of the filtered table is = 392
2024-04-17 20:42 | INFO | Query 33 Active Learning Random Query Runtime on Validation Set: 402395.2
2024-04-17 20:42 | INFO | Query 33 Active Learning Random Query Runtime on Test Set: 40541.81
2024-04-17 20:42 | INFO | Query 33 Active Learning Random Query Instance Cost: 2603364.13
2024-04-17 20:42 | INFO | Timeout limit is increased to 1900
2024-04-17 20:42 | INFO | Query 34 Size of the uncertainty table is = 4105/39270
2024-04-17 20:42 | INFO | Query 34 Size of the filtered table is = 392
2024-04-17 20:45 | INFO | Query 34 Active Learning Random Query Runtime on Validation Set: 402395.2
2024-04-17 20:45 | INFO | Query 34 Active Learning Random Query Runtime on Test Set: 40541.81
2024-04-17 20:45 | INFO | Query 34 Active Learning Random Query Instance Cost: 2733164.13
2024-04-17 20:45 | INFO | Timeout limit is increased to 2000
2024-04-17 20:45 | INFO | Query 35 Size of the uncertainty table is = 4105/39270
2024-04-17 20:45 | INFO | Query 35 Size of the filtered table is = 392
2024-04-17 20:48 | INFO | Query 35 Active Learning Random Query Runtime on Validation Set: 402395.2
2024-04-17 20:48 | INFO | Query 35 Active Learning Random Query Runtime on Test Set: 40541.81
2024-04-17 20:48 | INFO | Query 35 Active Learning Random Query Instance Cost: 2865020.31
2024-04-17 20:48 | INFO | Timeout limit is increased to 2100
2024-04-17 20:48 | INFO | Query 36 Size of the uncertainty table is = 4104/39270
2024-04-17 20:48 | INFO | Query 36 Size of the filtered table is = 392
2024-04-17 20:50 | INFO | Query 36 Active Learning Random Query Runtime on Validation Set: 402395.2
2024-04-17 20:50 | INFO | Query 36 Active Learning Random Query Runtime on Test Set: 40541.81
2024-04-17 20:50 | INFO | Query 36 Active Learning Random Query Instance Cost: 2998756.49
2024-04-17 20:50 | INFO | Timeout limit is increased to 2200
2024-04-17 20:50 | INFO | Query 37 Size of the uncertainty table is = 4103/39270
2024-04-17 20:50 | INFO | Query 37 Size of the filtered table is = 392
2024-04-17 20:53 | INFO | Query 37 Active Learning Random Query Runtime on Validation Set: 402395.2
2024-04-17 20:53 | INFO | Query 37 Active Learning Random Query Runtime on Test Set: 40541.81
2024-04-17 20:53 | INFO | Query 37 Active Learning Random Query Instance Cost: 3141256.49
2024-04-17 20:53 | INFO | Timeout limit is increased to 2300
2024-04-17 20:53 | INFO | Query 38 Size of the uncertainty table is = 4103/39270
2024-04-17 20:53 | INFO | Query 38 Size of the filtered table is = 392
2024-04-17 20:56 | INFO | Query 38 Active Learning Random Query Runtime on Validation Set: 402395.2
2024-04-17 20:56 | INFO | Query 38 Active Learning Random Query Runtime on Test Set: 40541.81
2024-04-17 20:56 | INFO | Query 38 Active Learning Random Query Instance Cost: 3281256.49
2024-04-17 20:56 | INFO | Timeout limit is increased to 2400
2024-04-17 20:56 | INFO | Query 39 Size of the uncertainty table is = 4103/39270
2024-04-17 20:56 | INFO | Query 39 Size of the filtered table is = 392
2024-04-17 20:58 | INFO | Query 39 Active Learning Random Query Runtime on Validation Set: 402395.2
2024-04-17 20:58 | INFO | Query 39 Active Learning Random Query Runtime on Test Set: 40541.81
2024-04-17 20:58 | INFO | Query 39 Active Learning Random Query Instance Cost: 3422556.49
2024-04-17 20:58 | INFO | Timeout limit is increased to 2500
2024-04-17 20:58 | INFO | Query 40 Size of the uncertainty table is = 4103/39270
2024-04-17 20:58 | INFO | Query 40 Size of the filtered table is = 392
2024-04-17 21:01 | INFO | Query 40 Active Learning Random Query Runtime on Validation Set: 402395.2
2024-04-17 21:01 | INFO | Query 40 Active Learning Random Query Runtime on Test Set: 40541.81
2024-04-17 21:01 | INFO | Query 40 Active Learning Random Query Instance Cost: 3561656.49
2024-04-17 21:01 | INFO | Timeout limit is increased to 2600
2024-04-17 21:01 | INFO | Query 41 Size of the uncertainty table is = 4103/39270
2024-04-17 21:01 | INFO | Query 41 Size of the filtered table is = 392
2024-04-17 21:03 | INFO | Query 41 Active Learning Random Query Runtime on Validation Set: 402395.2
2024-04-17 21:03 | INFO | Query 41 Active Learning Random Query Runtime on Test Set: 40541.81
2024-04-17 21:03 | INFO | Query 41 Active Learning Random Query Instance Cost: 3685456.49
2024-04-17 21:03 | INFO | Timeout limit is increased to 2700
2024-04-17 21:03 | INFO | Query 42 Size of the uncertainty table is = 4103/39270
2024-04-17 21:03 | INFO | Query 42 Size of the filtered table is = 392
2024-04-17 21:06 | INFO | Query 42 Active Learning Random Query Runtime on Validation Set: 402395.2
2024-04-17 21:06 | INFO | Query 42 Active Learning Random Query Runtime on Test Set: 40541.81
2024-04-17 21:06 | INFO | Query 42 Active Learning Random Query Instance Cost: 3821956.49
2024-04-17 21:06 | INFO | Timeout limit is increased to 2800
2024-04-17 21:06 | INFO | Query 43 Size of the uncertainty table is = 4103/39270
2024-04-17 21:06 | INFO | Query 43 Size of the filtered table is = 392
2024-04-17 21:09 | INFO | Query 43 Active Learning Random Query Runtime on Validation Set: 402395.2
2024-04-17 21:09 | INFO | Query 43 Active Learning Random Query Runtime on Test Set: 40541.81
2024-04-17 21:09 | INFO | Query 43 Active Learning Random Query Instance Cost: 3961268.29
2024-04-17 21:09 | INFO | Timeout limit is increased to 2900
2024-04-17 21:09 | INFO | Query 44 Size of the uncertainty table is = 4102/39270
2024-04-17 21:09 | INFO | Query 44 Size of the filtered table is = 392
2024-04-17 21:11 | INFO | Query 44 Active Learning Random Query Runtime on Validation Set: 402395.2
2024-04-17 21:11 | INFO | Query 44 Active Learning Random Query Runtime on Test Set: 40541.81
2024-04-17 21:11 | INFO | Query 44 Active Learning Random Query Instance Cost: 4102168.29
2024-04-17 21:11 | INFO | Timeout limit is increased to 3000
2024-04-17 21:11 | INFO | Query 45 Size of the uncertainty table is = 4102/39270
2024-04-17 21:11 | INFO | Query 45 Size of the filtered table is = 392
2024-04-17 21:14 | INFO | Query 45 Active Learning Random Query Runtime on Validation Set: 402395.2
2024-04-17 21:14 | INFO | Query 45 Active Learning Random Query Runtime on Test Set: 40541.81
2024-04-17 21:14 | INFO | Query 45 Active Learning Random Query Instance Cost: 4236228.39
2024-04-17 21:14 | INFO | Timeout limit is increased to 3100
2024-04-17 21:14 | INFO | Query 46 Size of the uncertainty table is = 4101/39270
2024-04-17 21:14 | INFO | Query 46 Size of the filtered table is = 392
2024-04-17 21:17 | INFO | Query 46 Active Learning Random Query Runtime on Validation Set: 402395.2
2024-04-17 21:17 | INFO | Query 46 Active Learning Random Query Runtime on Test Set: 40541.81
2024-04-17 21:17 | INFO | Query 46 Active Learning Random Query Instance Cost: 4370728.39
2024-04-17 21:17 | INFO | Timeout limit is increased to 3200
2024-04-17 21:17 | INFO | Query 47 Size of the uncertainty table is = 4101/39270
2024-04-17 21:17 | INFO | Query 47 Size of the filtered table is = 392
2024-04-17 21:19 | INFO | Query 47 Active Learning Random Query Runtime on Validation Set: 402395.2
2024-04-17 21:19 | INFO | Query 47 Active Learning Random Query Runtime on Test Set: 40541.81
2024-04-17 21:19 | INFO | Query 47 Active Learning Random Query Instance Cost: 4505156.06
2024-04-17 21:19 | INFO | Timeout limit is increased to 3300
2024-04-17 21:19 | INFO | Query 48 Size of the uncertainty table is = 4100/39270
2024-04-17 21:19 | INFO | Query 48 Size of the filtered table is = 392
2024-04-17 21:22 | INFO | Query 48 Active Learning Random Query Runtime on Validation Set: 402395.2
2024-04-17 21:22 | INFO | Query 48 Active Learning Random Query Runtime on Test Set: 40541.81
2024-04-17 21:22 | INFO | Query 48 Active Learning Random Query Instance Cost: 4641456.06
2024-04-17 21:22 | INFO | Timeout limit is increased to 3400
2024-04-17 21:22 | INFO | Query 49 Size of the uncertainty table is = 4100/39270
2024-04-17 21:22 | INFO | Query 49 Size of the filtered table is = 392
2024-04-17 21:24 | INFO | Query 49 Active Learning Random Query Runtime on Validation Set: 402395.2
2024-04-17 21:24 | INFO | Query 49 Active Learning Random Query Runtime on Test Set: 40541.81
2024-04-17 21:24 | INFO | Query 49 Active Learning Random Query Instance Cost: 4781656.06
2024-04-17 21:24 | INFO | Timeout limit is increased to 3500
2024-04-17 21:24 | INFO | Query 50 Size of the uncertainty table is = 4100/39270
2024-04-17 21:24 | INFO | Query 50 Size of the filtered table is = 392
2024-04-17 21:27 | INFO | Query 50 Active Learning Random Query Runtime on Validation Set: 402395.2
2024-04-17 21:27 | INFO | Query 50 Active Learning Random Query Runtime on Test Set: 40541.81
2024-04-17 21:27 | INFO | Query 50 Active Learning Random Query Instance Cost: 4917756.06
2024-04-17 21:27 | INFO | Timeout limit is increased to 3600
2024-04-17 21:27 | INFO | Query 51 Size of the uncertainty table is = 4100/39270
2024-04-17 21:27 | INFO | Query 51 Size of the filtered table is = 392
2024-04-17 21:29 | INFO | Query 51 Active Learning Random Query Runtime on Validation Set: 402409.14
2024-04-17 21:29 | INFO | Query 51 Active Learning Random Query Runtime on Test Set: 40541.81
2024-04-17 21:29 | INFO | Query 51 Active Learning Random Query Instance Cost: 5054207.08
2024-04-17 21:29 | INFO | Timeout limit is increased to 3600
2024-04-17 21:29 | INFO | runtime_train_score is written as json file
2024-04-17 21:29 | INFO | runtime_test_score is written as json file
2024-04-17 21:29 | INFO | runtime_validation_score is written as json file
2024-04-17 21:29 | INFO | instance_cost is written as json file
2024-04-17 21:29 | INFO | Experiment is finished
