2024-04-17 19:08 | INFO | Paramaters are: {'dataset': 'QBF-2011', 'penalty': 10, 'weight': 'No_Weight', 'voting': 'Hard', 'pre_selection_size': 64, 'pre_selection_technique': 'No_pre_selection', 'feature_elimination_threshold': 20, 'imputer_strategy': 'median', 'feature_selection_technique': 'No_feature_selection', 'feature_scaling_technique': 'StandardScaler', 'initial_train_size': 20, 'query_size': 1, 'timeout_predictor_usage': 'No', 'timeout_limit': 100, 'timeout_increase_rate': 100, 'RANDOM_STATE_SEED': 12345, 'n_splits': 10, 'split_number': 4, 'max_timeout': 3600, 'param_grid': {'n_estimators': 100, 'criterion': 'gini', 'max_features': 'sqrt', 'max_depth': 2147483648, 'min_samples_split': 2, 'bootstrap': True}}
2024-04-17 19:08 | INFO | QBF-2011 is current dataset
2024-04-17 19:08 | INFO | DATASETS/QBF-2011/algorithm_runs.csv is found
2024-04-17 19:08 | INFO | DATASETS/QBF-2011/algorithm_runs.csv is finished
2024-04-17 19:08 | INFO | DATASETS/QBF-2011/feature_values.csv is found
2024-04-17 19:08 | INFO | DATASETS/QBF-2011/feature_values.csv is finished
2024-04-17 19:08 | INFO | Feature cost of train set is 0
2024-04-17 19:09 | INFO | Initial Active Learning Random Query Runtime on Validation Set: 1532363.38
2024-04-17 19:09 | INFO | Initial Active Learning Random Query Runtime on Test Set: 737328.4
2024-04-17 19:09 | INFO | Initial Active Learning Random Query Instance Cost: 5195.36
2024-04-17 19:09 | INFO | Bin size = 73
2024-04-17 19:09 | INFO | Query 1 Size of the uncertainty table is = 7451/7390
2024-04-17 19:09 | INFO | Query 1 Size of the filtered table is = 73
2024-04-17 19:09 | INFO | Query 1 Active Learning Random Query Runtime on Validation Set: 1572128.44
2024-04-17 19:09 | INFO | Query 1 Active Learning Random Query Runtime on Test Set: 734062.22
2024-04-17 19:09 | INFO | Query 1 Active Learning Random Query Instance Cost: 13369.16
2024-04-17 19:09 | INFO | Timeout limit is increased to 200
2024-04-17 19:09 | INFO | Query 2 Size of the uncertainty table is = 7402/7390
2024-04-17 19:09 | INFO | Query 2 Size of the filtered table is = 73
2024-04-17 19:09 | INFO | Query 2 Active Learning Random Query Runtime on Validation Set: 1606649.13
2024-04-17 19:09 | INFO | Query 2 Active Learning Random Query Runtime on Test Set: 735564.59
2024-04-17 19:09 | INFO | Query 2 Active Learning Random Query Instance Cost: 29287.08
2024-04-17 19:09 | INFO | Timeout limit is increased to 300
2024-04-17 19:09 | INFO | Query 3 Size of the uncertainty table is = 7349/7390
2024-04-17 19:09 | INFO | Query 3 Size of the filtered table is = 73
2024-04-17 19:10 | INFO | Query 3 Active Learning Random Query Runtime on Validation Set: 1714048.71
2024-04-17 19:10 | INFO | Query 3 Active Learning Random Query Runtime on Test Set: 734355.62
2024-04-17 19:10 | INFO | Query 3 Active Learning Random Query Instance Cost: 54146.04
2024-04-17 19:10 | INFO | Timeout limit is increased to 400
2024-04-17 19:10 | INFO | Query 4 Size of the uncertainty table is = 7271/7390
2024-04-17 19:10 | INFO | Query 4 Size of the filtered table is = 73
2024-04-17 19:10 | INFO | Query 4 Active Learning Random Query Runtime on Validation Set: 1279153.91
2024-04-17 19:10 | INFO | Query 4 Active Learning Random Query Runtime on Test Set: 697606.89
2024-04-17 19:10 | INFO | Query 4 Active Learning Random Query Instance Cost: 84833.13
2024-04-17 19:10 | INFO | Query 5 Size of the uncertainty table is = 7196/7390
2024-04-17 19:10 | INFO | Query 5 Size of the filtered table is = 73
2024-04-17 19:11 | INFO | Query 5 Active Learning Random Query Runtime on Validation Set: 1351130.96
2024-04-17 19:11 | INFO | Query 5 Active Learning Random Query Runtime on Test Set: 661250.11
2024-04-17 19:11 | INFO | Query 5 Active Learning Random Query Instance Cost: 118380.06
2024-04-17 19:11 | INFO | Timeout limit is increased to 500
2024-04-17 19:11 | INFO | Query 6 Size of the uncertainty table is = 7111/7390
2024-04-17 19:11 | INFO | Query 6 Size of the filtered table is = 73
2024-04-17 19:11 | INFO | Query 6 Active Learning Random Query Runtime on Validation Set: 1493042.83
2024-04-17 19:11 | INFO | Query 6 Active Learning Random Query Runtime on Test Set: 556762.78
2024-04-17 19:11 | INFO | Query 6 Active Learning Random Query Instance Cost: 155876.23
2024-04-17 19:11 | INFO | Timeout limit is increased to 600
2024-04-17 19:11 | INFO | Query 7 Size of the uncertainty table is = 7027/7390
2024-04-17 19:11 | INFO | Query 7 Size of the filtered table is = 73
2024-04-17 19:12 | INFO | Query 7 Active Learning Random Query Runtime on Validation Set: 1529032.28
2024-04-17 19:12 | INFO | Query 7 Active Learning Random Query Runtime on Test Set: 626100.6
2024-04-17 19:12 | INFO | Query 7 Active Learning Random Query Instance Cost: 203844.51
2024-04-17 19:12 | INFO | Timeout limit is increased to 700
2024-04-17 19:12 | INFO | Query 8 Size of the uncertainty table is = 6949/7390
2024-04-17 19:12 | INFO | Query 8 Size of the filtered table is = 73
2024-04-17 19:12 | INFO | Query 8 Active Learning Random Query Runtime on Validation Set: 1422942.96
2024-04-17 19:12 | INFO | Query 8 Active Learning Random Query Runtime on Test Set: 625481.76
2024-04-17 19:12 | INFO | Query 8 Active Learning Random Query Instance Cost: 250688.38
2024-04-17 19:12 | INFO | Query 9 Size of the uncertainty table is = 6844/7390
2024-04-17 19:12 | INFO | Query 9 Size of the filtered table is = 73
2024-04-17 19:13 | INFO | Query 9 Active Learning Random Query Runtime on Validation Set: 1387128.05
2024-04-17 19:13 | INFO | Query 9 Active Learning Random Query Runtime on Test Set: 556658.35
2024-04-17 19:13 | INFO | Query 9 Active Learning Random Query Instance Cost: 297914.22
2024-04-17 19:13 | INFO | Query 10 Size of the uncertainty table is = 6751/7390
2024-04-17 19:13 | INFO | Query 10 Size of the filtered table is = 73
2024-04-17 19:13 | INFO | Query 10 Active Learning Random Query Runtime on Validation Set: 1387088.33
2024-04-17 19:13 | INFO | Query 10 Active Learning Random Query Runtime on Test Set: 521524.05
2024-04-17 19:13 | INFO | Query 10 Active Learning Random Query Instance Cost: 347742.37
2024-04-17 19:13 | INFO | Query 11 Size of the uncertainty table is = 6654/7390
2024-04-17 19:13 | INFO | Query 11 Size of the filtered table is = 73
2024-04-17 19:14 | INFO | Query 11 Active Learning Random Query Runtime on Validation Set: 1386998.87
2024-04-17 19:14 | INFO | Query 11 Active Learning Random Query Runtime on Test Set: 520020.2
2024-04-17 19:14 | INFO | Query 11 Active Learning Random Query Instance Cost: 391469.31
2024-04-17 19:14 | INFO | Query 12 Size of the uncertainty table is = 6563/7390
2024-04-17 19:14 | INFO | Query 12 Size of the filtered table is = 73
2024-04-17 19:14 | INFO | Query 12 Active Learning Random Query Runtime on Validation Set: 1422922.51
2024-04-17 19:14 | INFO | Query 12 Active Learning Random Query Runtime on Test Set: 556621.71
2024-04-17 19:14 | INFO | Query 12 Active Learning Random Query Instance Cost: 432979.44
2024-04-17 19:14 | INFO | Timeout limit is increased to 800
2024-04-17 19:14 | INFO | Query 13 Size of the uncertainty table is = 6462/7390
2024-04-17 19:14 | INFO | Query 13 Size of the filtered table is = 73
2024-04-17 19:15 | INFO | Query 13 Active Learning Random Query Runtime on Validation Set: 1425278.25
2024-04-17 19:15 | INFO | Query 13 Active Learning Random Query Runtime on Test Set: 413273.82
2024-04-17 19:15 | INFO | Query 13 Active Learning Random Query Instance Cost: 477806.49
2024-04-17 19:15 | INFO | Timeout limit is increased to 900
2024-04-17 19:15 | INFO | Query 14 Size of the uncertainty table is = 6339/7390
2024-04-17 19:15 | INFO | Query 14 Size of the filtered table is = 73
2024-04-17 19:15 | INFO | Query 14 Active Learning Random Query Runtime on Validation Set: 1457439.18
2024-04-17 19:15 | INFO | Query 14 Active Learning Random Query Runtime on Test Set: 415342.74
2024-04-17 19:15 | INFO | Query 14 Active Learning Random Query Instance Cost: 528266.55
2024-04-17 19:15 | INFO | Timeout limit is increased to 1000
2024-04-17 19:15 | INFO | Query 15 Size of the uncertainty table is = 6208/7390
2024-04-17 19:15 | INFO | Query 15 Size of the filtered table is = 73
2024-04-17 19:15 | INFO | Query 15 Active Learning Random Query Runtime on Validation Set: 1207805.04
2024-04-17 19:15 | INFO | Query 15 Active Learning Random Query Runtime on Test Set: 415178.34
2024-04-17 19:15 | INFO | Query 15 Active Learning Random Query Instance Cost: 583913.39
2024-04-17 19:15 | INFO | Query 16 Size of the uncertainty table is = 6070/7390
2024-04-17 19:15 | INFO | Query 16 Size of the filtered table is = 73
2024-04-17 19:16 | INFO | Query 16 Active Learning Random Query Runtime on Validation Set: 1418821.89
2024-04-17 19:16 | INFO | Query 16 Active Learning Random Query Runtime on Test Set: 451166.18
2024-04-17 19:16 | INFO | Query 16 Active Learning Random Query Instance Cost: 639384.18
2024-04-17 19:16 | INFO | Timeout limit is increased to 1100
2024-04-17 19:16 | INFO | Query 17 Size of the uncertainty table is = 5946/7390
2024-04-17 19:16 | INFO | Query 17 Size of the filtered table is = 73
2024-04-17 19:16 | INFO | Query 17 Active Learning Random Query Runtime on Validation Set: 1385310.53
2024-04-17 19:16 | INFO | Query 17 Active Learning Random Query Runtime on Test Set: 379909.09
2024-04-17 19:16 | INFO | Query 17 Active Learning Random Query Instance Cost: 708289.81
2024-04-17 19:16 | INFO | Query 18 Size of the uncertainty table is = 5833/7390
2024-04-17 19:16 | INFO | Query 18 Size of the filtered table is = 73
2024-04-17 19:17 | INFO | Query 18 Active Learning Random Query Runtime on Validation Set: 1421323.03
2024-04-17 19:17 | INFO | Query 18 Active Learning Random Query Runtime on Test Set: 303848.34
2024-04-17 19:17 | INFO | Query 18 Active Learning Random Query Instance Cost: 767222.56
2024-04-17 19:17 | INFO | Timeout limit is increased to 1200
2024-04-17 19:17 | INFO | Query 19 Size of the uncertainty table is = 5708/7390
2024-04-17 19:17 | INFO | Query 19 Size of the filtered table is = 73
2024-04-17 19:17 | INFO | Query 19 Active Learning Random Query Runtime on Validation Set: 1385272.41
2024-04-17 19:17 | INFO | Query 19 Active Learning Random Query Runtime on Test Set: 339835.87
2024-04-17 19:17 | INFO | Query 19 Active Learning Random Query Instance Cost: 836982.73
2024-04-17 19:17 | INFO | Query 20 Size of the uncertainty table is = 5585/7390
2024-04-17 19:17 | INFO | Query 20 Size of the filtered table is = 73
2024-04-17 19:18 | INFO | Query 20 Active Learning Random Query Runtime on Validation Set: 1348569.53
2024-04-17 19:18 | INFO | Query 20 Active Learning Random Query Runtime on Test Set: 375804.26
2024-04-17 19:18 | INFO | Query 20 Active Learning Random Query Instance Cost: 895708.05
2024-04-17 19:18 | INFO | Query 21 Size of the uncertainty table is = 5421/7390
2024-04-17 19:18 | INFO | Query 21 Size of the filtered table is = 73
2024-04-17 19:18 | INFO | Query 21 Active Learning Random Query Runtime on Validation Set: 1384464.19
2024-04-17 19:18 | INFO | Query 21 Active Learning Random Query Runtime on Test Set: 377807.11
2024-04-17 19:18 | INFO | Query 21 Active Learning Random Query Instance Cost: 954624.35
2024-04-17 19:18 | INFO | Timeout limit is increased to 1300
2024-04-17 19:18 | INFO | Query 22 Size of the uncertainty table is = 5282/7390
2024-04-17 19:18 | INFO | Query 22 Size of the filtered table is = 73
2024-04-17 19:19 | INFO | Query 22 Active Learning Random Query Runtime on Validation Set: 1348581.14
2024-04-17 19:19 | INFO | Query 22 Active Learning Random Query Runtime on Test Set: 413121.97
2024-04-17 19:19 | INFO | Query 22 Active Learning Random Query Instance Cost: 1033524.94
2024-04-17 19:19 | INFO | Query 23 Size of the uncertainty table is = 5157/7390
2024-04-17 19:19 | INFO | Query 23 Size of the filtered table is = 73
2024-04-17 19:19 | INFO | Query 23 Active Learning Random Query Runtime on Validation Set: 1420626.07
2024-04-17 19:19 | INFO | Query 23 Active Learning Random Query Runtime on Test Set: 378725.56
2024-04-17 19:19 | INFO | Query 23 Active Learning Random Query Instance Cost: 1093479.09
2024-04-17 19:19 | INFO | Timeout limit is increased to 1400
2024-04-17 19:19 | INFO | Query 24 Size of the uncertainty table is = 5024/7390
2024-04-17 19:19 | INFO | Query 24 Size of the filtered table is = 73
2024-04-17 19:20 | INFO | Query 24 Active Learning Random Query Runtime on Validation Set: 1348627.95
2024-04-17 19:20 | INFO | Query 24 Active Learning Random Query Runtime on Test Set: 449915.41
2024-04-17 19:20 | INFO | Query 24 Active Learning Random Query Instance Cost: 1171898.61
2024-04-17 19:20 | INFO | Query 25 Size of the uncertainty table is = 4909/7390
2024-04-17 19:20 | INFO | Query 25 Size of the filtered table is = 73
2024-04-17 19:20 | INFO | Query 25 Active Learning Random Query Runtime on Validation Set: 1495112.95
2024-04-17 19:20 | INFO | Query 25 Active Learning Random Query Runtime on Test Set: 377920.19
2024-04-17 19:20 | INFO | Query 25 Active Learning Random Query Instance Cost: 1260173.52
2024-04-17 19:20 | INFO | Timeout limit is increased to 1500
2024-04-17 19:20 | INFO | Query 26 Size of the uncertainty table is = 4774/7390
2024-04-17 19:20 | INFO | Query 26 Size of the filtered table is = 73
2024-04-17 19:21 | INFO | Query 26 Active Learning Random Query Runtime on Validation Set: 1459010.3
2024-04-17 19:21 | INFO | Query 26 Active Learning Random Query Runtime on Test Set: 336388.39
2024-04-17 19:21 | INFO | Query 26 Active Learning Random Query Instance Cost: 1347004.01
2024-04-17 19:21 | INFO | Query 27 Size of the uncertainty table is = 4642/7390
2024-04-17 19:21 | INFO | Query 27 Size of the filtered table is = 73
2024-04-17 19:21 | INFO | Query 27 Active Learning Random Query Runtime on Validation Set: 1351116.42
2024-04-17 19:21 | INFO | Query 27 Active Learning Random Query Runtime on Test Set: 334953.75
2024-04-17 19:21 | INFO | Query 27 Active Learning Random Query Instance Cost: 1412531.63
2024-04-17 19:21 | INFO | Query 28 Size of the uncertainty table is = 4498/7390
2024-04-17 19:21 | INFO | Query 28 Size of the filtered table is = 73
2024-04-17 19:22 | INFO | Query 28 Active Learning Random Query Runtime on Validation Set: 1423072.86
2024-04-17 19:22 | INFO | Query 28 Active Learning Random Query Runtime on Test Set: 267009.8
2024-04-17 19:22 | INFO | Query 28 Active Learning Random Query Instance Cost: 1494000.38
2024-04-17 19:22 | INFO | Timeout limit is increased to 1600
2024-04-17 19:22 | INFO | Query 29 Size of the uncertainty table is = 4379/7390
2024-04-17 19:22 | INFO | Query 29 Size of the filtered table is = 73
2024-04-17 19:22 | INFO | Query 29 Active Learning Random Query Runtime on Validation Set: 1351115.69
2024-04-17 19:22 | INFO | Query 29 Active Learning Random Query Runtime on Test Set: 298894.65
2024-04-17 19:22 | INFO | Query 29 Active Learning Random Query Instance Cost: 1566680.16
2024-04-17 19:22 | INFO | Query 30 Size of the uncertainty table is = 4226/7390
2024-04-17 19:22 | INFO | Query 30 Size of the filtered table is = 73
2024-04-17 19:23 | INFO | Query 30 Active Learning Random Query Runtime on Validation Set: 1351115.68
2024-04-17 19:23 | INFO | Query 30 Active Learning Random Query Runtime on Test Set: 299367.88
2024-04-17 19:23 | INFO | Query 30 Active Learning Random Query Instance Cost: 1642592.78
2024-04-17 19:23 | INFO | Query 31 Size of the uncertainty table is = 4103/7390
2024-04-17 19:23 | INFO | Query 31 Size of the filtered table is = 73
2024-04-17 19:23 | INFO | Query 31 Active Learning Random Query Runtime on Validation Set: 1351115.61
2024-04-17 19:23 | INFO | Query 31 Active Learning Random Query Runtime on Test Set: 262891.58
2024-04-17 19:23 | INFO | Query 31 Active Learning Random Query Instance Cost: 1715058.53
2024-04-17 19:23 | INFO | Query 32 Size of the uncertainty table is = 3997/7390
2024-04-17 19:23 | INFO | Query 32 Size of the filtered table is = 73
2024-04-17 19:23 | INFO | Query 32 Active Learning Random Query Runtime on Validation Set: 1387115.58
2024-04-17 19:23 | INFO | Query 32 Active Learning Random Query Runtime on Test Set: 262891.98
2024-04-17 19:23 | INFO | Query 32 Active Learning Random Query Instance Cost: 1786203.35
2024-04-17 19:23 | INFO | Timeout limit is increased to 1700
2024-04-17 19:23 | INFO | Query 33 Size of the uncertainty table is = 3860/7390
2024-04-17 19:23 | INFO | Query 33 Size of the filtered table is = 73
2024-04-17 19:24 | INFO | Query 33 Active Learning Random Query Runtime on Validation Set: 1387115.59
2024-04-17 19:24 | INFO | Query 33 Active Learning Random Query Runtime on Test Set: 263620.31
2024-04-17 19:24 | INFO | Query 33 Active Learning Random Query Instance Cost: 1842283.85
2024-04-17 19:24 | INFO | Timeout limit is increased to 1800
2024-04-17 19:24 | INFO | Query 34 Size of the uncertainty table is = 3720/7390
2024-04-17 19:24 | INFO | Query 34 Size of the filtered table is = 73
2024-04-17 19:24 | INFO | Query 34 Active Learning Random Query Runtime on Validation Set: 1351110.35
2024-04-17 19:24 | INFO | Query 34 Active Learning Random Query Runtime on Test Set: 262821.08
2024-04-17 19:24 | INFO | Query 34 Active Learning Random Query Instance Cost: 1937888.26
2024-04-17 19:24 | INFO | Query 35 Size of the uncertainty table is = 3586/7390
2024-04-17 19:24 | INFO | Query 35 Size of the filtered table is = 73
2024-04-17 19:25 | INFO | Query 35 Active Learning Random Query Runtime on Validation Set: 1351178.17
2024-04-17 19:25 | INFO | Query 35 Active Learning Random Query Runtime on Test Set: 227838.58
2024-04-17 19:25 | INFO | Query 35 Active Learning Random Query Instance Cost: 2023473.88
2024-04-17 19:25 | INFO | Timeout limit is increased to 1900
2024-04-17 19:25 | INFO | Query 36 Size of the uncertainty table is = 3449/7390
2024-04-17 19:25 | INFO | Query 36 Size of the filtered table is = 73
2024-04-17 19:25 | INFO | Query 36 Active Learning Random Query Runtime on Validation Set: 1423115.58
2024-04-17 19:25 | INFO | Query 36 Active Learning Random Query Runtime on Test Set: 263800.08
2024-04-17 19:25 | INFO | Query 36 Active Learning Random Query Instance Cost: 2107250.37
2024-04-17 19:25 | INFO | Timeout limit is increased to 2000
2024-04-17 19:25 | INFO | Query 37 Size of the uncertainty table is = 3322/7390
2024-04-17 19:25 | INFO | Query 37 Size of the filtered table is = 73
2024-04-17 19:26 | INFO | Query 37 Active Learning Random Query Runtime on Validation Set: 1387104.22
2024-04-17 19:26 | INFO | Query 37 Active Learning Random Query Runtime on Test Set: 227789.37
2024-04-17 19:26 | INFO | Query 37 Active Learning Random Query Instance Cost: 2197952.92
2024-04-17 19:26 | INFO | Query 38 Size of the uncertainty table is = 3211/7390
2024-04-17 19:26 | INFO | Query 38 Size of the filtered table is = 73
2024-04-17 19:26 | INFO | Query 38 Active Learning Random Query Runtime on Validation Set: 1387115.68
2024-04-17 19:26 | INFO | Query 38 Active Learning Random Query Runtime on Test Set: 263834.99
2024-04-17 19:26 | INFO | Query 38 Active Learning Random Query Instance Cost: 2278831.53
2024-04-17 19:26 | INFO | Timeout limit is increased to 2100
2024-04-17 19:26 | INFO | Query 39 Size of the uncertainty table is = 3102/7390
2024-04-17 19:26 | INFO | Query 39 Size of the filtered table is = 73
2024-04-17 19:27 | INFO | Query 39 Active Learning Random Query Runtime on Validation Set: 1423115.71
2024-04-17 19:27 | INFO | Query 39 Active Learning Random Query Runtime on Test Set: 263533.29
2024-04-17 19:27 | INFO | Query 39 Active Learning Random Query Instance Cost: 2382988.52
2024-04-17 19:27 | INFO | Timeout limit is increased to 2200
2024-04-17 19:27 | INFO | Query 40 Size of the uncertainty table is = 3014/7390
2024-04-17 19:27 | INFO | Query 40 Size of the filtered table is = 73
2024-04-17 19:27 | INFO | Query 40 Active Learning Random Query Runtime on Validation Set: 1351198.75
2024-04-17 19:27 | INFO | Query 40 Active Learning Random Query Runtime on Test Set: 227349.87
2024-04-17 19:27 | INFO | Query 40 Active Learning Random Query Instance Cost: 2488695.95
2024-04-17 19:27 | INFO | Query 41 Size of the uncertainty table is = 2922/7390
2024-04-17 19:27 | INFO | Query 41 Size of the filtered table is = 73
2024-04-17 19:28 | INFO | Query 41 Active Learning Random Query Runtime on Validation Set: 1351198.75
2024-04-17 19:28 | INFO | Query 41 Active Learning Random Query Runtime on Test Set: 227058.79
2024-04-17 19:28 | INFO | Query 41 Active Learning Random Query Instance Cost: 2580404.2
2024-04-17 19:28 | INFO | Timeout limit is increased to 2300
2024-04-17 19:28 | INFO | Query 42 Size of the uncertainty table is = 2818/7390
2024-04-17 19:28 | INFO | Query 42 Size of the filtered table is = 73
2024-04-17 19:28 | INFO | Query 42 Active Learning Random Query Runtime on Validation Set: 1351198.84
2024-04-17 19:28 | INFO | Query 42 Active Learning Random Query Runtime on Test Set: 227538.93
2024-04-17 19:28 | INFO | Query 42 Active Learning Random Query Instance Cost: 2678526.76
2024-04-17 19:28 | INFO | Timeout limit is increased to 2400
2024-04-17 19:28 | INFO | Query 43 Size of the uncertainty table is = 2736/7390
2024-04-17 19:28 | INFO | Query 43 Size of the filtered table is = 73
2024-04-17 19:29 | INFO | Query 43 Active Learning Random Query Runtime on Validation Set: 1387135.59
2024-04-17 19:29 | INFO | Query 43 Active Learning Random Query Runtime on Test Set: 227161.92
2024-04-17 19:29 | INFO | Query 43 Active Learning Random Query Instance Cost: 2776141.58
2024-04-17 19:29 | INFO | Timeout limit is increased to 2500
2024-04-17 19:29 | INFO | Query 44 Size of the uncertainty table is = 2643/7390
2024-04-17 19:29 | INFO | Query 44 Size of the filtered table is = 73
2024-04-17 19:29 | INFO | Query 44 Active Learning Random Query Runtime on Validation Set: 1387198.13
2024-04-17 19:29 | INFO | Query 44 Active Learning Random Query Runtime on Test Set: 226952.37
2024-04-17 19:29 | INFO | Query 44 Active Learning Random Query Instance Cost: 2896977.16
2024-04-17 19:29 | INFO | Timeout limit is increased to 2600
2024-04-17 19:29 | INFO | Query 45 Size of the uncertainty table is = 2553/7390
2024-04-17 19:29 | INFO | Query 45 Size of the filtered table is = 73
2024-04-17 19:30 | INFO | Query 45 Active Learning Random Query Runtime on Validation Set: 1387192.91
2024-04-17 19:30 | INFO | Query 45 Active Learning Random Query Runtime on Test Set: 262912.67
2024-04-17 19:30 | INFO | Query 45 Active Learning Random Query Instance Cost: 2999608.07
2024-04-17 19:30 | INFO | Query 46 Size of the uncertainty table is = 2466/7390
2024-04-17 19:30 | INFO | Query 46 Size of the filtered table is = 73
2024-04-17 19:30 | INFO | Query 46 Active Learning Random Query Runtime on Validation Set: 1387192.88
2024-04-17 19:30 | INFO | Query 46 Active Learning Random Query Runtime on Test Set: 262851.2
2024-04-17 19:30 | INFO | Query 46 Active Learning Random Query Instance Cost: 3109125.44
2024-04-17 19:30 | INFO | Query 47 Size of the uncertainty table is = 2408/7390
2024-04-17 19:30 | INFO | Query 47 Size of the filtered table is = 73
2024-04-17 19:31 | INFO | Query 47 Active Learning Random Query Runtime on Validation Set: 1351179.01
2024-04-17 19:31 | INFO | Query 47 Active Learning Random Query Runtime on Test Set: 261838.89
2024-04-17 19:31 | INFO | Query 47 Active Learning Random Query Instance Cost: 3202309.75
2024-04-17 19:31 | INFO | Query 48 Size of the uncertainty table is = 2309/7390
2024-04-17 19:31 | INFO | Query 48 Size of the filtered table is = 73
2024-04-17 19:31 | INFO | Query 48 Active Learning Random Query Runtime on Validation Set: 1351179.06
2024-04-17 19:31 | INFO | Query 48 Active Learning Random Query Runtime on Test Set: 227628.98
2024-04-17 19:31 | INFO | Query 48 Active Learning Random Query Instance Cost: 3294854.97
2024-04-17 19:31 | INFO | Timeout limit is increased to 2700
2024-04-17 19:31 | INFO | Query 49 Size of the uncertainty table is = 2236/7390
2024-04-17 19:31 | INFO | Query 49 Size of the filtered table is = 73
2024-04-17 19:32 | INFO | Query 49 Active Learning Random Query Runtime on Validation Set: 1351179.04
2024-04-17 19:32 | INFO | Query 49 Active Learning Random Query Runtime on Test Set: 227261.5
2024-04-17 19:32 | INFO | Query 49 Active Learning Random Query Instance Cost: 3412126.17
2024-04-17 19:32 | INFO | Query 50 Size of the uncertainty table is = 2188/7390
2024-04-17 19:32 | INFO | Query 50 Size of the filtered table is = 73
2024-04-17 19:32 | INFO | Query 50 Active Learning Random Query Runtime on Validation Set: 1423102.66
2024-04-17 19:32 | INFO | Query 50 Active Learning Random Query Runtime on Test Set: 262744.61
2024-04-17 19:32 | INFO | Query 50 Active Learning Random Query Instance Cost: 3513341.3
2024-04-17 19:32 | INFO | Timeout limit is increased to 2800
2024-04-17 19:32 | INFO | Query 51 Size of the uncertainty table is = 2131/7390
2024-04-17 19:32 | INFO | Query 51 Size of the filtered table is = 73
2024-04-17 19:33 | INFO | Query 51 Active Learning Random Query Runtime on Validation Set: 1351198.88
2024-04-17 19:33 | INFO | Query 51 Active Learning Random Query Runtime on Test Set: 262851.04
2024-04-17 19:33 | INFO | Query 51 Active Learning Random Query Instance Cost: 3625501.19
2024-04-17 19:33 | INFO | Query 52 Size of the uncertainty table is = 2083/7390
2024-04-17 19:33 | INFO | Query 52 Size of the filtered table is = 73
2024-04-17 19:33 | INFO | Query 52 Active Learning Random Query Runtime on Validation Set: 1351195.61
2024-04-17 19:33 | INFO | Query 52 Active Learning Random Query Runtime on Test Set: 225984.8
2024-04-17 19:33 | INFO | Query 52 Active Learning Random Query Instance Cost: 3712611.28
2024-04-17 19:33 | INFO | Query 53 Size of the uncertainty table is = 2034/7390
2024-04-17 19:33 | INFO | Query 53 Size of the filtered table is = 73
2024-04-17 19:34 | INFO | Query 53 Active Learning Random Query Runtime on Validation Set: 1351198.86
2024-04-17 19:34 | INFO | Query 53 Active Learning Random Query Runtime on Test Set: 225984.8
2024-04-17 19:34 | INFO | Query 53 Active Learning Random Query Instance Cost: 3799813.87
2024-04-17 19:34 | INFO | Timeout limit is increased to 2900
2024-04-17 19:34 | INFO | Query 54 Size of the uncertainty table is = 2004/7390
2024-04-17 19:34 | INFO | Query 54 Size of the filtered table is = 73
2024-04-17 19:34 | INFO | Query 54 Active Learning Random Query Runtime on Validation Set: 1351179.0
2024-04-17 19:34 | INFO | Query 54 Active Learning Random Query Runtime on Test Set: 226460.95
2024-04-17 19:34 | INFO | Query 54 Active Learning Random Query Instance Cost: 3885414.38
2024-04-17 19:34 | INFO | Query 55 Size of the uncertainty table is = 1977/7390
2024-04-17 19:34 | INFO | Query 55 Size of the filtered table is = 73
2024-04-17 19:35 | INFO | Query 55 Active Learning Random Query Runtime on Validation Set: 1351179.0
2024-04-17 19:35 | INFO | Query 55 Active Learning Random Query Runtime on Test Set: 225878.59
2024-04-17 19:35 | INFO | Query 55 Active Learning Random Query Instance Cost: 3970988.39
2024-04-17 19:35 | INFO | Timeout limit is increased to 3000
2024-04-17 19:35 | INFO | Query 56 Size of the uncertainty table is = 1933/7390
2024-04-17 19:35 | INFO | Query 56 Size of the filtered table is = 73
2024-04-17 19:35 | INFO | Query 56 Active Learning Random Query Runtime on Validation Set: 1387073.64
2024-04-17 19:35 | INFO | Query 56 Active Learning Random Query Runtime on Test Set: 225878.59
2024-04-17 19:35 | INFO | Query 56 Active Learning Random Query Instance Cost: 4071282.98
2024-04-17 19:35 | INFO | Timeout limit is increased to 3100
2024-04-17 19:35 | INFO | Query 57 Size of the uncertainty table is = 1895/7390
2024-04-17 19:35 | INFO | Query 57 Size of the filtered table is = 73
2024-04-17 19:35 | INFO | Query 57 Active Learning Random Query Runtime on Validation Set: 1387093.46
2024-04-17 19:35 | INFO | Query 57 Active Learning Random Query Runtime on Test Set: 262850.96
2024-04-17 19:35 | INFO | Query 57 Active Learning Random Query Instance Cost: 4162613.97
2024-04-17 19:35 | INFO | Timeout limit is increased to 3200
2024-04-17 19:35 | INFO | Query 58 Size of the uncertainty table is = 1881/7390
2024-04-17 19:35 | INFO | Query 58 Size of the filtered table is = 73
2024-04-17 19:36 | INFO | Query 58 Active Learning Random Query Runtime on Validation Set: 1387093.5
2024-04-17 19:36 | INFO | Query 58 Active Learning Random Query Runtime on Test Set: 263327.54
2024-04-17 19:36 | INFO | Query 58 Active Learning Random Query Instance Cost: 4271504.58
2024-04-17 19:36 | INFO | Timeout limit is increased to 3300
2024-04-17 19:36 | INFO | Query 59 Size of the uncertainty table is = 1854/7390
2024-04-17 19:36 | INFO | Query 59 Size of the filtered table is = 73
2024-04-17 19:36 | INFO | Query 59 Active Learning Random Query Runtime on Validation Set: 1387085.86
2024-04-17 19:36 | INFO | Query 59 Active Learning Random Query Runtime on Test Set: 262744.78
2024-04-17 19:36 | INFO | Query 59 Active Learning Random Query Instance Cost: 4384000.03
2024-04-17 19:36 | INFO | Query 60 Size of the uncertainty table is = 1827/7390
2024-04-17 19:36 | INFO | Query 60 Size of the filtered table is = 73
2024-04-17 19:37 | INFO | Query 60 Active Learning Random Query Runtime on Validation Set: 1423085.12
2024-04-17 19:37 | INFO | Query 60 Active Learning Random Query Runtime on Test Set: 263221.33
2024-04-17 19:37 | INFO | Query 60 Active Learning Random Query Instance Cost: 4459992.8
2024-04-17 19:37 | INFO | Timeout limit is increased to 3400
2024-04-17 19:37 | INFO | Query 61 Size of the uncertainty table is = 1809/7390
2024-04-17 19:37 | INFO | Query 61 Size of the filtered table is = 73
2024-04-17 19:37 | INFO | Query 61 Active Learning Random Query Runtime on Validation Set: 1423092.76
2024-04-17 19:37 | INFO | Query 61 Active Learning Random Query Runtime on Test Set: 263221.33
2024-04-17 19:37 | INFO | Query 61 Active Learning Random Query Instance Cost: 4557547.92
2024-04-17 19:37 | INFO | Timeout limit is increased to 3500
2024-04-17 19:37 | INFO | Query 62 Size of the uncertainty table is = 1791/7390
2024-04-17 19:37 | INFO | Query 62 Size of the filtered table is = 73
2024-04-17 19:38 | INFO | Query 62 Active Learning Random Query Runtime on Validation Set: 1423092.76
2024-04-17 19:38 | INFO | Query 62 Active Learning Random Query Runtime on Test Set: 262744.78
2024-04-17 19:38 | INFO | Query 62 Active Learning Random Query Instance Cost: 4644975.42
2024-04-17 19:38 | INFO | Timeout limit is increased to 3600
2024-04-17 19:38 | INFO | Query 63 Size of the uncertainty table is = 1787/7390
2024-04-17 19:38 | INFO | Query 63 Size of the filtered table is = 73
2024-04-17 19:38 | INFO | Query 63 Active Learning Random Query Runtime on Validation Set: 1423092.76
2024-04-17 19:38 | INFO | Query 63 Active Learning Random Query Runtime on Test Set: 263327.54
2024-04-17 19:38 | INFO | Query 63 Active Learning Random Query Instance Cost: 4747430.06
2024-04-17 19:38 | INFO | Timeout limit is increased to 3600
2024-04-17 19:38 | INFO | Query 64 Size of the uncertainty table is = 44/7390
2024-04-17 19:38 | INFO | Query 64 Size of the filtered table is = 44
2024-04-17 19:39 | INFO | Query 64 Active Learning Random Query Runtime on Validation Set: 1459018.1
2024-04-17 19:39 | INFO | Query 64 Active Learning Random Query Runtime on Test Set: 262850.99
2024-04-17 19:39 | INFO | Query 64 Active Learning Random Query Instance Cost: 4794143.76
2024-04-17 19:39 | INFO | Timeout limit is increased to 3600
2024-04-17 19:39 | INFO | runtime_train_score is written as json file
2024-04-17 19:39 | INFO | runtime_test_score is written as json file
2024-04-17 19:39 | INFO | runtime_validation_score is written as json file
2024-04-17 19:39 | INFO | instance_cost is written as json file
2024-04-17 19:39 | INFO | Experiment is finished
