2024-04-17 19:12 | INFO | Paramaters are: {'dataset': 'ASP-POTASSCO', 'penalty': 10, 'weight': 'No_Weight', 'voting': 'Hard', 'pre_selection_size': 64, 'pre_selection_technique': 'No_pre_selection', 'feature_elimination_threshold': 20, 'imputer_strategy': 'median', 'feature_selection_technique': 'No_feature_selection', 'feature_scaling_technique': 'StandardScaler', 'initial_train_size': 20, 'query_size': 1, 'timeout_predictor_usage': 'Yes', 'timeout_limit': 100, 'timeout_increase_rate': 100, 'RANDOM_STATE_SEED': 12345, 'n_splits': 10, 'split_number': 0, 'max_timeout': 3600, 'param_grid': {'n_estimators': 100, 'criterion': 'gini', 'max_features': 'sqrt', 'max_depth': 2147483648, 'min_samples_split': 2, 'bootstrap': True}}
2024-04-17 19:12 | INFO | ASP-POTASSCO is current dataset
2024-04-17 19:12 | INFO | DATASETS/ASP-POTASSCO/algorithm_runs.arff is found
2024-04-17 19:12 | INFO | DATASETS/ASP-POTASSCO/algorithm_runs.arff is finished
2024-04-17 19:12 | INFO | DATASETS/ASP-POTASSCO/feature_values.arff is found
2024-04-17 19:12 | INFO | DATASETS/ASP-POTASSCO/feature_values.arff is finished
2024-04-17 19:12 | INFO | DATASETS/ASP-POTASSCO/feature_costs.arff is found
2024-04-17 19:12 | INFO | DATASETS/ASP-POTASSCO/feature_costs.arff is finished
2024-04-17 19:12 | INFO | Feature cost of train set is 1056.14
2024-04-17 19:15 | INFO | Initial Active Learning Random Query Runtime on Validation Set: 406928.42
2024-04-17 19:15 | INFO | Initial Active Learning Random Query Runtime on Test Set: 257923.45
2024-04-17 19:15 | INFO | Initial Active Learning Random Query Instance Cost: 6344.24
2024-04-17 19:15 | INFO | Bin size = 392
2024-04-17 19:15 | INFO | Query 1 Size of the uncertainty table is = 39395/39270
2024-04-17 19:15 | INFO | Query 1 Size of the filtered table is = 392
2024-04-17 19:17 | INFO | Query 1 Active Learning Random Query Runtime on Validation Set: 477562.59
2024-04-17 19:17 | INFO | Query 1 Active Learning Random Query Runtime on Test Set: 257079.57
2024-04-17 19:17 | INFO | Query 1 Active Learning Random Query Instance Cost: 32479.46
2024-04-17 19:17 | INFO | Timeout limit is increased to 200
2024-04-17 19:18 | INFO | Query 2 Size of the uncertainty table is = 38787/39270
2024-04-17 19:18 | INFO | Query 2 Size of the filtered table is = 392
2024-04-17 19:20 | INFO | Query 2 Active Learning Random Query Runtime on Validation Set: 156328.4
2024-04-17 19:20 | INFO | Query 2 Active Learning Random Query Runtime on Test Set: 328171.62
2024-04-17 19:20 | INFO | Query 2 Active Learning Random Query Instance Cost: 79310.73
2024-04-17 19:20 | INFO | Query 3 Size of the uncertainty table is = 37854/39270
2024-04-17 19:20 | INFO | Query 3 Size of the filtered table is = 392
2024-04-17 19:23 | INFO | Query 3 Active Learning Random Query Runtime on Validation Set: 153478.01
2024-04-17 19:23 | INFO | Query 3 Active Learning Random Query Runtime on Test Set: 256605.8
2024-04-17 19:23 | INFO | Query 3 Active Learning Random Query Instance Cost: 118563.11
2024-04-17 19:23 | INFO | Query 4 Size of the uncertainty table is = 36558/39270
2024-04-17 19:23 | INFO | Query 4 Size of the filtered table is = 392
2024-04-17 19:26 | INFO | Query 4 Active Learning Random Query Runtime on Validation Set: 225077.84
2024-04-17 19:26 | INFO | Query 4 Active Learning Random Query Runtime on Test Set: 292550.81
2024-04-17 19:26 | INFO | Query 4 Active Learning Random Query Instance Cost: 159382.24
2024-04-17 19:26 | INFO | Timeout limit is increased to 300
2024-04-17 19:26 | INFO | Query 5 Size of the uncertainty table is = 35047/39270
2024-04-17 19:26 | INFO | Query 5 Size of the filtered table is = 392
2024-04-17 19:28 | INFO | Query 5 Active Learning Random Query Runtime on Validation Set: 260972.96
2024-04-17 19:28 | INFO | Query 5 Active Learning Random Query Runtime on Test Set: 148492.41
2024-04-17 19:28 | INFO | Query 5 Active Learning Random Query Instance Cost: 211396.81
2024-04-17 19:28 | INFO | Timeout limit is increased to 400
2024-04-17 19:28 | INFO | Query 6 Size of the uncertainty table is = 33271/39270
2024-04-17 19:28 | INFO | Query 6 Size of the filtered table is = 392
2024-04-17 19:31 | INFO | Query 6 Active Learning Random Query Runtime on Validation Set: 331419.21
2024-04-17 19:31 | INFO | Query 6 Active Learning Random Query Runtime on Test Set: 256289.74
2024-04-17 19:31 | INFO | Query 6 Active Learning Random Query Instance Cost: 274780.77
2024-04-17 19:31 | INFO | Timeout limit is increased to 500
2024-04-17 19:31 | INFO | Query 7 Size of the uncertainty table is = 31210/39270
2024-04-17 19:31 | INFO | Query 7 Size of the filtered table is = 392
2024-04-17 19:34 | INFO | Query 7 Active Learning Random Query Runtime on Validation Set: 475714.56
2024-04-17 19:34 | INFO | Query 7 Active Learning Random Query Runtime on Test Set: 184711.92
2024-04-17 19:34 | INFO | Query 7 Active Learning Random Query Instance Cost: 354544.94
2024-04-17 19:34 | INFO | Timeout limit is increased to 600
2024-04-17 19:34 | INFO | Query 8 Size of the uncertainty table is = 28935/39270
2024-04-17 19:34 | INFO | Query 8 Size of the filtered table is = 392
2024-04-17 19:37 | INFO | Query 8 Active Learning Random Query Runtime on Validation Set: 404212.16
2024-04-17 19:37 | INFO | Query 8 Active Learning Random Query Runtime on Test Set: 112875.27
2024-04-17 19:37 | INFO | Query 8 Active Learning Random Query Instance Cost: 457256.22
2024-04-17 19:37 | INFO | Query 9 Size of the uncertainty table is = 26627/39270
2024-04-17 19:37 | INFO | Query 9 Size of the filtered table is = 392
2024-04-17 19:39 | INFO | Query 9 Active Learning Random Query Runtime on Validation Set: 294403.19
2024-04-17 19:39 | INFO | Query 9 Active Learning Random Query Runtime on Test Set: 76567.26
2024-04-17 19:39 | INFO | Query 9 Active Learning Random Query Instance Cost: 539525.77
2024-04-17 19:39 | INFO | Query 10 Size of the uncertainty table is = 24188/39270
2024-04-17 19:39 | INFO | Query 10 Size of the filtered table is = 392
2024-04-17 19:42 | INFO | Query 10 Active Learning Random Query Runtime on Validation Set: 330721.31
2024-04-17 19:42 | INFO | Query 10 Active Learning Random Query Runtime on Test Set: 76675.43
2024-04-17 19:42 | INFO | Query 10 Active Learning Random Query Instance Cost: 628611.9
2024-04-17 19:42 | INFO | Timeout limit is increased to 700
2024-04-17 19:42 | INFO | Query 11 Size of the uncertainty table is = 21839/39270
2024-04-17 19:42 | INFO | Query 11 Size of the filtered table is = 392
2024-04-17 19:45 | INFO | Query 11 Active Learning Random Query Runtime on Validation Set: 294654.74
2024-04-17 19:45 | INFO | Query 11 Active Learning Random Query Runtime on Test Set: 76523.46
2024-04-17 19:45 | INFO | Query 11 Active Learning Random Query Instance Cost: 733275.36
2024-04-17 19:45 | INFO | Query 12 Size of the uncertainty table is = 19365/39270
2024-04-17 19:45 | INFO | Query 12 Size of the filtered table is = 392
2024-04-17 19:48 | INFO | Query 12 Active Learning Random Query Runtime on Validation Set: 294820.62
2024-04-17 19:48 | INFO | Query 12 Active Learning Random Query Runtime on Test Set: 147939.35
2024-04-17 19:48 | INFO | Query 12 Active Learning Random Query Instance Cost: 818647.77
2024-04-17 19:48 | INFO | Timeout limit is increased to 800
2024-04-17 19:48 | INFO | Query 13 Size of the uncertainty table is = 16916/39270
2024-04-17 19:48 | INFO | Query 13 Size of the filtered table is = 392
2024-04-17 19:51 | INFO | Query 13 Active Learning Random Query Runtime on Validation Set: 294195.54
2024-04-17 19:51 | INFO | Query 13 Active Learning Random Query Runtime on Test Set: 76371.18
2024-04-17 19:51 | INFO | Query 13 Active Learning Random Query Instance Cost: 946879.86
2024-04-17 19:51 | INFO | Query 14 Size of the uncertainty table is = 14585/39270
2024-04-17 19:51 | INFO | Query 14 Size of the filtered table is = 392
2024-04-17 19:54 | INFO | Query 14 Active Learning Random Query Runtime on Validation Set: 330872.09
2024-04-17 19:54 | INFO | Query 14 Active Learning Random Query Runtime on Test Set: 111938.04
2024-04-17 19:54 | INFO | Query 14 Active Learning Random Query Instance Cost: 1050631.94
2024-04-17 19:54 | INFO | Timeout limit is increased to 900
2024-04-17 19:54 | INFO | Query 15 Size of the uncertainty table is = 12382/39270
2024-04-17 19:54 | INFO | Query 15 Size of the filtered table is = 392
2024-04-17 19:57 | INFO | Query 15 Active Learning Random Query Runtime on Validation Set: 437991.81
2024-04-17 19:57 | INFO | Query 15 Active Learning Random Query Runtime on Test Set: 112265.98
2024-04-17 19:57 | INFO | Query 15 Active Learning Random Query Instance Cost: 1166130.27
2024-04-17 19:57 | INFO | Timeout limit is increased to 1000
2024-04-17 19:57 | INFO | Query 16 Size of the uncertainty table is = 10303/39270
2024-04-17 19:57 | INFO | Query 16 Size of the filtered table is = 392
2024-04-17 20:00 | INFO | Query 16 Active Learning Random Query Runtime on Validation Set: 401952.12
2024-04-17 20:00 | INFO | Query 16 Active Learning Random Query Runtime on Test Set: 40736.96
2024-04-17 20:00 | INFO | Query 16 Active Learning Random Query Instance Cost: 1309228.42
2024-04-17 20:00 | INFO | Query 17 Size of the uncertainty table is = 8442/39270
2024-04-17 20:00 | INFO | Query 17 Size of the filtered table is = 392
2024-04-17 20:02 | INFO | Query 17 Active Learning Random Query Runtime on Validation Set: 401218.72
2024-04-17 20:02 | INFO | Query 17 Active Learning Random Query Runtime on Test Set: 76562.92
2024-04-17 20:02 | INFO | Query 17 Active Learning Random Query Instance Cost: 1429265.07
2024-04-17 20:03 | INFO | Query 18 Size of the uncertainty table is = 6903/39270
2024-04-17 20:03 | INFO | Query 18 Size of the filtered table is = 392
2024-04-17 20:06 | INFO | Query 18 Active Learning Random Query Runtime on Validation Set: 367064.01
2024-04-17 20:06 | INFO | Query 18 Active Learning Random Query Runtime on Test Set: 76511.21
2024-04-17 20:06 | INFO | Query 18 Active Learning Random Query Instance Cost: 1517182.28
2024-04-17 20:06 | INFO | Query 19 Size of the uncertainty table is = 5648/39270
2024-04-17 20:06 | INFO | Query 19 Size of the filtered table is = 392
2024-04-17 20:09 | INFO | Query 19 Active Learning Random Query Runtime on Validation Set: 330165.38
2024-04-17 20:09 | INFO | Query 19 Active Learning Random Query Runtime on Test Set: 76600.36
2024-04-17 20:09 | INFO | Query 19 Active Learning Random Query Instance Cost: 1584915.53
2024-04-17 20:09 | INFO | Query 20 Size of the uncertainty table is = 4940/39270
2024-04-17 20:09 | INFO | Query 20 Size of the filtered table is = 392
2024-04-17 20:12 | INFO | Query 20 Active Learning Random Query Runtime on Validation Set: 366629.24
2024-04-17 20:12 | INFO | Query 20 Active Learning Random Query Runtime on Test Set: 76802.09
2024-04-17 20:12 | INFO | Query 20 Active Learning Random Query Instance Cost: 1631439.79
2024-04-17 20:12 | INFO | Timeout limit is increased to 1100
2024-04-17 20:12 | INFO | Query 21 Size of the uncertainty table is = 4464/39270
2024-04-17 20:12 | INFO | Query 21 Size of the filtered table is = 392
2024-04-17 20:15 | INFO | Query 21 Active Learning Random Query Runtime on Validation Set: 437997.15
2024-04-17 20:15 | INFO | Query 21 Active Learning Random Query Runtime on Test Set: 112703.97
2024-04-17 20:15 | INFO | Query 21 Active Learning Random Query Instance Cost: 1718917.49
2024-04-17 20:15 | INFO | Timeout limit is increased to 1200
2024-04-17 20:15 | INFO | Query 22 Size of the uncertainty table is = 4245/39270
2024-04-17 20:15 | INFO | Query 22 Size of the filtered table is = 392
2024-04-17 20:18 | INFO | Query 22 Active Learning Random Query Runtime on Validation Set: 401865.35
2024-04-17 20:18 | INFO | Query 22 Active Learning Random Query Runtime on Test Set: 76708.63
2024-04-17 20:18 | INFO | Query 22 Active Learning Random Query Instance Cost: 1824219.73
2024-04-17 20:18 | INFO | Query 23 Size of the uncertainty table is = 4167/39270
2024-04-17 20:18 | INFO | Query 23 Size of the filtered table is = 392
2024-04-17 20:20 | INFO | Query 23 Active Learning Random Query Runtime on Validation Set: 365775.76
2024-04-17 20:20 | INFO | Query 23 Active Learning Random Query Runtime on Test Set: 112209.76
2024-04-17 20:20 | INFO | Query 23 Active Learning Random Query Instance Cost: 1884817.84
2024-04-17 20:21 | INFO | Query 24 Size of the uncertainty table is = 4122/39270
2024-04-17 20:21 | INFO | Query 24 Size of the filtered table is = 392
2024-04-17 20:23 | INFO | Query 24 Active Learning Random Query Runtime on Validation Set: 365796.18
2024-04-17 20:23 | INFO | Query 24 Active Learning Random Query Runtime on Test Set: 112209.76
2024-04-17 20:23 | INFO | Query 24 Active Learning Random Query Instance Cost: 1919263.95
2024-04-17 20:23 | INFO | Timeout limit is increased to 1300
2024-04-17 20:23 | INFO | Query 25 Size of the uncertainty table is = 4119/39270
2024-04-17 20:23 | INFO | Query 25 Size of the filtered table is = 392
2024-04-17 20:26 | INFO | Query 25 Active Learning Random Query Runtime on Validation Set: 365887.98
2024-04-17 20:26 | INFO | Query 25 Active Learning Random Query Runtime on Test Set: 76276.82
2024-04-17 20:26 | INFO | Query 25 Active Learning Random Query Instance Cost: 2000028.52
2024-04-17 20:26 | INFO | Timeout limit is increased to 1400
2024-04-17 20:26 | INFO | Query 26 Size of the uncertainty table is = 4114/39270
2024-04-17 20:26 | INFO | Query 26 Size of the filtered table is = 392
2024-04-17 20:29 | INFO | Query 26 Active Learning Random Query Runtime on Validation Set: 365792.48
2024-04-17 20:29 | INFO | Query 26 Active Learning Random Query Runtime on Test Set: 112209.76
2024-04-17 20:29 | INFO | Query 26 Active Learning Random Query Instance Cost: 2108268.37
2024-04-17 20:29 | INFO | Query 27 Size of the uncertainty table is = 4110/39270
2024-04-17 20:29 | INFO | Query 27 Size of the filtered table is = 392
2024-04-17 20:32 | INFO | Query 27 Active Learning Random Query Runtime on Validation Set: 365792.48
2024-04-17 20:32 | INFO | Query 27 Active Learning Random Query Runtime on Test Set: 112209.76
2024-04-17 20:32 | INFO | Query 27 Active Learning Random Query Instance Cost: 2171216.96
2024-04-17 20:32 | INFO | Timeout limit is increased to 1500
2024-04-17 20:32 | INFO | Query 28 Size of the uncertainty table is = 4108/39270
2024-04-17 20:32 | INFO | Query 28 Size of the filtered table is = 392
2024-04-17 20:35 | INFO | Query 28 Active Learning Random Query Runtime on Validation Set: 365792.48
2024-04-17 20:35 | INFO | Query 28 Active Learning Random Query Runtime on Test Set: 112209.76
2024-04-17 20:35 | INFO | Query 28 Active Learning Random Query Instance Cost: 2267116.96
2024-04-17 20:35 | INFO | Timeout limit is increased to 1600
2024-04-17 20:35 | INFO | Query 29 Size of the uncertainty table is = 4108/39270
2024-04-17 20:35 | INFO | Query 29 Size of the filtered table is = 392
2024-04-17 20:38 | INFO | Query 29 Active Learning Random Query Runtime on Validation Set: 365792.48
2024-04-17 20:38 | INFO | Query 29 Active Learning Random Query Runtime on Test Set: 112230.82
2024-04-17 20:38 | INFO | Query 29 Active Learning Random Query Instance Cost: 2370886.87
2024-04-17 20:38 | INFO | Timeout limit is increased to 1700
2024-04-17 20:38 | INFO | Query 30 Size of the uncertainty table is = 4107/39270
2024-04-17 20:38 | INFO | Query 30 Size of the filtered table is = 392
2024-04-17 20:41 | INFO | Query 30 Active Learning Random Query Runtime on Validation Set: 365792.48
2024-04-17 20:41 | INFO | Query 30 Active Learning Random Query Runtime on Test Set: 112230.82
2024-04-17 20:41 | INFO | Query 30 Active Learning Random Query Instance Cost: 2492861.6
2024-04-17 20:41 | INFO | Timeout limit is increased to 1800
2024-04-17 20:41 | INFO | Query 31 Size of the uncertainty table is = 4106/39270
2024-04-17 20:41 | INFO | Query 31 Size of the filtered table is = 392
2024-04-17 20:44 | INFO | Query 31 Active Learning Random Query Runtime on Validation Set: 365792.48
2024-04-17 20:44 | INFO | Query 31 Active Learning Random Query Runtime on Test Set: 112230.82
2024-04-17 20:44 | INFO | Query 31 Active Learning Random Query Instance Cost: 2623261.6
2024-04-17 20:44 | INFO | Timeout limit is increased to 1900
2024-04-17 20:44 | INFO | Query 32 Size of the uncertainty table is = 4106/39270
2024-04-17 20:44 | INFO | Query 32 Size of the filtered table is = 392
2024-04-17 20:47 | INFO | Query 32 Active Learning Random Query Runtime on Validation Set: 365792.48
2024-04-17 20:47 | INFO | Query 32 Active Learning Random Query Runtime on Test Set: 112230.82
2024-04-17 20:47 | INFO | Query 32 Active Learning Random Query Instance Cost: 2750477.0
2024-04-17 20:47 | INFO | Timeout limit is increased to 2000
2024-04-17 20:47 | INFO | Query 33 Size of the uncertainty table is = 4105/39270
2024-04-17 20:47 | INFO | Query 33 Size of the filtered table is = 392
2024-04-17 20:50 | INFO | Query 33 Active Learning Random Query Runtime on Validation Set: 365792.48
2024-04-17 20:50 | INFO | Query 33 Active Learning Random Query Runtime on Test Set: 112230.82
2024-04-17 20:50 | INFO | Query 33 Active Learning Random Query Instance Cost: 2887777.0
2024-04-17 20:50 | INFO | Timeout limit is increased to 2100
2024-04-17 20:50 | INFO | Query 34 Size of the uncertainty table is = 4105/39270
2024-04-17 20:50 | INFO | Query 34 Size of the filtered table is = 392
2024-04-17 20:53 | INFO | Query 34 Active Learning Random Query Runtime on Validation Set: 365792.48
2024-04-17 20:53 | INFO | Query 34 Active Learning Random Query Runtime on Test Set: 112230.82
2024-04-17 20:53 | INFO | Query 34 Active Learning Random Query Instance Cost: 3020377.0
2024-04-17 20:53 | INFO | Timeout limit is increased to 2200
2024-04-17 20:53 | INFO | Query 35 Size of the uncertainty table is = 4105/39270
2024-04-17 20:53 | INFO | Query 35 Size of the filtered table is = 392
2024-04-17 20:56 | INFO | Query 35 Active Learning Random Query Runtime on Validation Set: 365792.48
2024-04-17 20:56 | INFO | Query 35 Active Learning Random Query Runtime on Test Set: 112230.82
2024-04-17 20:56 | INFO | Query 35 Active Learning Random Query Instance Cost: 3156362.52
2024-04-17 20:56 | INFO | Timeout limit is increased to 2300
2024-04-17 20:56 | INFO | Query 36 Size of the uncertainty table is = 4103/39270
2024-04-17 20:56 | INFO | Query 36 Size of the filtered table is = 392
2024-04-17 20:59 | INFO | Query 36 Active Learning Random Query Runtime on Validation Set: 365792.48
2024-04-17 20:59 | INFO | Query 36 Active Learning Random Query Runtime on Test Set: 112230.82
2024-04-17 20:59 | INFO | Query 36 Active Learning Random Query Instance Cost: 3308962.52
2024-04-17 20:59 | INFO | Timeout limit is increased to 2400
2024-04-17 20:59 | INFO | Query 37 Size of the uncertainty table is = 4103/39270
2024-04-17 20:59 | INFO | Query 37 Size of the filtered table is = 392
2024-04-17 21:02 | INFO | Query 37 Active Learning Random Query Runtime on Validation Set: 365816.75
2024-04-17 21:02 | INFO | Query 37 Active Learning Random Query Runtime on Test Set: 112230.79
2024-04-17 21:02 | INFO | Query 37 Active Learning Random Query Instance Cost: 3454653.17
2024-04-17 21:02 | INFO | Timeout limit is increased to 2500
2024-04-17 21:02 | INFO | Query 38 Size of the uncertainty table is = 4100/39270
2024-04-17 21:02 | INFO | Query 38 Size of the filtered table is = 392
2024-04-17 21:05 | INFO | Query 38 Active Learning Random Query Runtime on Validation Set: 365816.75
2024-04-17 21:05 | INFO | Query 38 Active Learning Random Query Runtime on Test Set: 112230.79
2024-04-17 21:05 | INFO | Query 38 Active Learning Random Query Instance Cost: 3577453.17
2024-04-17 21:05 | INFO | Timeout limit is increased to 2600
2024-04-17 21:05 | INFO | Query 39 Size of the uncertainty table is = 4100/39270
2024-04-17 21:05 | INFO | Query 39 Size of the filtered table is = 392
2024-04-17 21:08 | INFO | Query 39 Active Learning Random Query Runtime on Validation Set: 365816.75
2024-04-17 21:08 | INFO | Query 39 Active Learning Random Query Runtime on Test Set: 112230.79
2024-04-17 21:08 | INFO | Query 39 Active Learning Random Query Instance Cost: 3713153.17
2024-04-17 21:08 | INFO | Timeout limit is increased to 2700
2024-04-17 21:08 | INFO | Query 40 Size of the uncertainty table is = 4100/39270
2024-04-17 21:08 | INFO | Query 40 Size of the filtered table is = 392
2024-04-17 21:11 | INFO | Query 40 Active Learning Random Query Runtime on Validation Set: 365816.75
2024-04-17 21:11 | INFO | Query 40 Active Learning Random Query Runtime on Test Set: 112230.79
2024-04-17 21:11 | INFO | Query 40 Active Learning Random Query Instance Cost: 3841053.17
2024-04-17 21:11 | INFO | Timeout limit is increased to 2800
2024-04-17 21:11 | INFO | Query 41 Size of the uncertainty table is = 4100/39270
2024-04-17 21:11 | INFO | Query 41 Size of the filtered table is = 392
2024-04-17 21:13 | INFO | Query 41 Active Learning Random Query Runtime on Validation Set: 365816.75
2024-04-17 21:13 | INFO | Query 41 Active Learning Random Query Runtime on Test Set: 112230.79
2024-04-17 21:13 | INFO | Query 41 Active Learning Random Query Instance Cost: 3977753.17
2024-04-17 21:13 | INFO | Timeout limit is increased to 2900
2024-04-17 21:13 | INFO | Query 42 Size of the uncertainty table is = 4100/39270
2024-04-17 21:13 | INFO | Query 42 Size of the filtered table is = 392
2024-04-17 21:16 | INFO | Query 42 Active Learning Random Query Runtime on Validation Set: 365814.76
2024-04-17 21:16 | INFO | Query 42 Active Learning Random Query Runtime on Test Set: 112230.79
2024-04-17 21:16 | INFO | Query 42 Active Learning Random Query Instance Cost: 4124795.62
2024-04-17 21:16 | INFO | Query 43 Size of the uncertainty table is = 4099/39270
2024-04-17 21:16 | INFO | Query 43 Size of the filtered table is = 392
2024-04-17 21:19 | INFO | Query 43 Active Learning Random Query Runtime on Validation Set: 365814.76
2024-04-17 21:19 | INFO | Query 43 Active Learning Random Query Runtime on Test Set: 112230.79
2024-04-17 21:19 | INFO | Query 43 Active Learning Random Query Instance Cost: 4190295.62
2024-04-17 21:19 | INFO | Timeout limit is increased to 3000
2024-04-17 21:19 | INFO | Query 44 Size of the uncertainty table is = 4099/39270
2024-04-17 21:19 | INFO | Query 44 Size of the filtered table is = 392
2024-04-17 21:22 | INFO | Query 44 Active Learning Random Query Runtime on Validation Set: 365814.76
2024-04-17 21:22 | INFO | Query 44 Active Learning Random Query Runtime on Test Set: 112230.79
2024-04-17 21:22 | INFO | Query 44 Active Learning Random Query Instance Cost: 4298295.62
2024-04-17 21:22 | INFO | Timeout limit is increased to 3100
2024-04-17 21:22 | INFO | Query 45 Size of the uncertainty table is = 4099/39270
2024-04-17 21:22 | INFO | Query 45 Size of the filtered table is = 392
2024-04-17 21:25 | INFO | Query 45 Active Learning Random Query Runtime on Validation Set: 365814.76
2024-04-17 21:25 | INFO | Query 45 Active Learning Random Query Runtime on Test Set: 112230.79
2024-04-17 21:25 | INFO | Query 45 Active Learning Random Query Instance Cost: 4423995.62
2024-04-17 21:25 | INFO | Timeout limit is increased to 3200
2024-04-17 21:25 | INFO | Query 46 Size of the uncertainty table is = 4099/39270
2024-04-17 21:25 | INFO | Query 46 Size of the filtered table is = 392
2024-04-17 21:28 | INFO | Query 46 Active Learning Random Query Runtime on Validation Set: 365814.76
2024-04-17 21:28 | INFO | Query 46 Active Learning Random Query Runtime on Test Set: 112230.79
2024-04-17 21:28 | INFO | Query 46 Active Learning Random Query Instance Cost: 4547995.62
2024-04-17 21:28 | INFO | Timeout limit is increased to 3300
2024-04-17 21:28 | INFO | Query 47 Size of the uncertainty table is = 4099/39270
2024-04-17 21:28 | INFO | Query 47 Size of the filtered table is = 392
2024-04-17 21:31 | INFO | Query 47 Active Learning Random Query Runtime on Validation Set: 365814.76
2024-04-17 21:31 | INFO | Query 47 Active Learning Random Query Runtime on Test Set: 112230.79
2024-04-17 21:31 | INFO | Query 47 Active Learning Random Query Instance Cost: 4678695.62
2024-04-17 21:31 | INFO | Timeout limit is increased to 3400
2024-04-17 21:31 | INFO | Query 48 Size of the uncertainty table is = 4099/39270
2024-04-17 21:31 | INFO | Query 48 Size of the filtered table is = 392
2024-04-17 21:34 | INFO | Query 48 Active Learning Random Query Runtime on Validation Set: 365814.76
2024-04-17 21:34 | INFO | Query 48 Active Learning Random Query Runtime on Test Set: 112230.79
2024-04-17 21:34 | INFO | Query 48 Active Learning Random Query Instance Cost: 4818195.62
2024-04-17 21:34 | INFO | Timeout limit is increased to 3500
2024-04-17 21:34 | INFO | Query 49 Size of the uncertainty table is = 4099/39270
2024-04-17 21:34 | INFO | Query 49 Size of the filtered table is = 392
2024-04-17 21:37 | INFO | Query 49 Active Learning Random Query Runtime on Validation Set: 365814.76
2024-04-17 21:37 | INFO | Query 49 Active Learning Random Query Runtime on Test Set: 112230.79
2024-04-17 21:37 | INFO | Query 49 Active Learning Random Query Instance Cost: 4946295.62
2024-04-17 21:37 | INFO | Timeout limit is increased to 3600
2024-04-17 21:37 | INFO | Query 50 Size of the uncertainty table is = 4099/39270
2024-04-17 21:37 | INFO | Query 50 Size of the filtered table is = 392
2024-04-17 21:40 | INFO | Query 50 Active Learning Random Query Runtime on Validation Set: 365814.76
2024-04-17 21:40 | INFO | Query 50 Active Learning Random Query Runtime on Test Set: 112230.79
2024-04-17 21:40 | INFO | Query 50 Active Learning Random Query Instance Cost: 5074195.62
2024-04-17 21:40 | INFO | Timeout limit is increased to 3600
2024-04-17 21:40 | INFO | runtime_train_score is written as json file
2024-04-17 21:40 | INFO | runtime_test_score is written as json file
2024-04-17 21:40 | INFO | runtime_validation_score is written as json file
2024-04-17 21:40 | INFO | instance_cost is written as json file
2024-04-17 21:40 | INFO | Experiment is finished
