2024-04-17 18:55 | INFO | Paramaters are: {'dataset': 'QBF-2011', 'penalty': 10, 'weight': 'No_Weight', 'voting': 'Hard', 'pre_selection_size': 64, 'pre_selection_technique': 'No_pre_selection', 'feature_elimination_threshold': 20, 'imputer_strategy': 'median', 'feature_selection_technique': 'No_feature_selection', 'feature_scaling_technique': 'StandardScaler', 'initial_train_size': 20, 'query_size': 1, 'timeout_predictor_usage': 'No', 'timeout_limit': 100, 'timeout_increase_rate': 100, 'RANDOM_STATE_SEED': 99, 'n_splits': 10, 'split_number': 4, 'max_timeout': 3600, 'param_grid': {'n_estimators': 100, 'criterion': 'gini', 'max_features': 'sqrt', 'max_depth': 2147483648, 'min_samples_split': 2, 'bootstrap': True}}
2024-04-17 18:55 | INFO | QBF-2011 is current dataset
2024-04-17 18:55 | INFO | DATASETS/QBF-2011/algorithm_runs.csv is found
2024-04-17 18:55 | INFO | DATASETS/QBF-2011/algorithm_runs.csv is finished
2024-04-17 18:55 | INFO | DATASETS/QBF-2011/feature_values.csv is found
2024-04-17 18:55 | INFO | DATASETS/QBF-2011/feature_values.csv is finished
2024-04-17 18:55 | INFO | Feature cost of train set is 0
2024-04-17 18:56 | INFO | Initial Active Learning Random Query Runtime on Validation Set: 1646805.77
2024-04-17 18:56 | INFO | Initial Active Learning Random Query Runtime on Test Set: 805909.04
2024-04-17 18:56 | INFO | Initial Active Learning Random Query Instance Cost: 5875.07
2024-04-17 18:56 | INFO | Bin size = 73
2024-04-17 18:56 | INFO | Query 1 Size of the uncertainty table is = 7468/7390
2024-04-17 18:56 | INFO | Query 1 Size of the filtered table is = 73
2024-04-17 18:56 | INFO | Query 1 Active Learning Random Query Runtime on Validation Set: 1325310.14
2024-04-17 18:56 | INFO | Query 1 Active Learning Random Query Runtime on Test Set: 733872.1
2024-04-17 18:56 | INFO | Query 1 Active Learning Random Query Instance Cost: 14669.81
2024-04-17 18:56 | INFO | Query 2 Size of the uncertainty table is = 7420/7390
2024-04-17 18:56 | INFO | Query 2 Size of the filtered table is = 73
2024-04-17 18:56 | INFO | Query 2 Active Learning Random Query Runtime on Validation Set: 1574818.83
2024-04-17 18:56 | INFO | Query 2 Active Learning Random Query Runtime on Test Set: 626234.86
2024-04-17 18:56 | INFO | Query 2 Active Learning Random Query Instance Cost: 22456.16
2024-04-17 18:56 | INFO | Timeout limit is increased to 200
2024-04-17 18:56 | INFO | Query 3 Size of the uncertainty table is = 7357/7390
2024-04-17 18:56 | INFO | Query 3 Size of the filtered table is = 73
2024-04-17 18:57 | INFO | Query 3 Active Learning Random Query Runtime on Validation Set: 1387854.76
2024-04-17 18:57 | INFO | Query 3 Active Learning Random Query Runtime on Test Set: 589810.73
2024-04-17 18:57 | INFO | Query 3 Active Learning Random Query Instance Cost: 37429.13
2024-04-17 18:57 | INFO | Query 4 Size of the uncertainty table is = 7299/7390
2024-04-17 18:57 | INFO | Query 4 Size of the filtered table is = 73
2024-04-17 18:57 | INFO | Query 4 Active Learning Random Query Runtime on Validation Set: 1351460.7
2024-04-17 18:57 | INFO | Query 4 Active Learning Random Query Runtime on Test Set: 554413.84
2024-04-17 18:57 | INFO | Query 4 Active Learning Random Query Instance Cost: 51092.46
2024-04-17 18:57 | INFO | Query 5 Size of the uncertainty table is = 7220/7390
2024-04-17 18:57 | INFO | Query 5 Size of the filtered table is = 73
2024-04-17 18:58 | INFO | Query 5 Active Learning Random Query Runtime on Validation Set: 1524971.89
2024-04-17 18:58 | INFO | Query 5 Active Learning Random Query Runtime on Test Set: 624060.27
2024-04-17 18:58 | INFO | Query 5 Active Learning Random Query Instance Cost: 65848.55
2024-04-17 18:58 | INFO | Timeout limit is increased to 300
2024-04-17 18:58 | INFO | Query 6 Size of the uncertainty table is = 7135/7390
2024-04-17 18:58 | INFO | Query 6 Size of the filtered table is = 73
2024-04-17 18:58 | INFO | Query 6 Active Learning Random Query Runtime on Validation Set: 1529350.07
2024-04-17 18:58 | INFO | Query 6 Active Learning Random Query Runtime on Test Set: 514595.88
2024-04-17 18:58 | INFO | Query 6 Active Learning Random Query Instance Cost: 88813.18
2024-04-17 18:58 | INFO | Timeout limit is increased to 400
2024-04-17 18:58 | INFO | Query 7 Size of the uncertainty table is = 7052/7390
2024-04-17 18:58 | INFO | Query 7 Size of the filtered table is = 73
2024-04-17 18:59 | INFO | Query 7 Active Learning Random Query Runtime on Validation Set: 1495234.96
2024-04-17 18:59 | INFO | Query 7 Active Learning Random Query Runtime on Test Set: 479726.25
2024-04-17 18:59 | INFO | Query 7 Active Learning Random Query Instance Cost: 120575.19
2024-04-17 18:59 | INFO | Query 8 Size of the uncertainty table is = 6964/7390
2024-04-17 18:59 | INFO | Query 8 Size of the filtered table is = 73
2024-04-17 18:59 | INFO | Query 8 Active Learning Random Query Runtime on Validation Set: 1351464.79
2024-04-17 18:59 | INFO | Query 8 Active Learning Random Query Runtime on Test Set: 585129.51
2024-04-17 18:59 | INFO | Query 8 Active Learning Random Query Instance Cost: 150994.34
2024-04-17 18:59 | INFO | Query 9 Size of the uncertainty table is = 6868/7390
2024-04-17 18:59 | INFO | Query 9 Size of the filtered table is = 73
2024-04-17 19:00 | INFO | Query 9 Active Learning Random Query Runtime on Validation Set: 1421556.55
2024-04-17 19:00 | INFO | Query 9 Active Learning Random Query Runtime on Test Set: 406132.26
2024-04-17 19:00 | INFO | Query 9 Active Learning Random Query Instance Cost: 177587.27
2024-04-17 19:00 | INFO | Timeout limit is increased to 500
2024-04-17 19:00 | INFO | Query 10 Size of the uncertainty table is = 6778/7390
2024-04-17 19:00 | INFO | Query 10 Size of the filtered table is = 73
2024-04-17 19:00 | INFO | Query 10 Active Learning Random Query Runtime on Validation Set: 1348932.85
2024-04-17 19:00 | INFO | Query 10 Active Learning Random Query Runtime on Test Set: 298683.9
2024-04-17 19:00 | INFO | Query 10 Active Learning Random Query Instance Cost: 209874.51
2024-04-17 19:00 | INFO | Query 11 Size of the uncertainty table is = 6654/7390
2024-04-17 19:00 | INFO | Query 11 Size of the filtered table is = 73
2024-04-17 19:00 | INFO | Query 11 Active Learning Random Query Runtime on Validation Set: 1351465.03
2024-04-17 19:00 | INFO | Query 11 Active Learning Random Query Runtime on Test Set: 334396.42
2024-04-17 19:00 | INFO | Query 11 Active Learning Random Query Instance Cost: 234345.33
2024-04-17 19:00 | INFO | Timeout limit is increased to 600
2024-04-17 19:00 | INFO | Query 12 Size of the uncertainty table is = 6516/7390
2024-04-17 19:00 | INFO | Query 12 Size of the filtered table is = 73
2024-04-17 19:01 | INFO | Query 12 Active Learning Random Query Runtime on Validation Set: 1384926.38
2024-04-17 19:01 | INFO | Query 12 Active Learning Random Query Runtime on Test Set: 406372.54
2024-04-17 19:01 | INFO | Query 12 Active Learning Random Query Instance Cost: 272219.69
2024-04-17 19:01 | INFO | Timeout limit is increased to 700
2024-04-17 19:01 | INFO | Query 13 Size of the uncertainty table is = 6398/7390
2024-04-17 19:01 | INFO | Query 13 Size of the filtered table is = 73
2024-04-17 19:01 | INFO | Query 13 Active Learning Random Query Runtime on Validation Set: 1384997.0
2024-04-17 19:01 | INFO | Query 13 Active Learning Random Query Runtime on Test Set: 372922.08
2024-04-17 19:01 | INFO | Query 13 Active Learning Random Query Instance Cost: 321188.59
2024-04-17 19:01 | INFO | Timeout limit is increased to 800
2024-04-17 19:01 | INFO | Query 14 Size of the uncertainty table is = 6295/7390
2024-04-17 19:01 | INFO | Query 14 Size of the filtered table is = 73
2024-04-17 19:02 | INFO | Query 14 Active Learning Random Query Runtime on Validation Set: 1385001.62
2024-04-17 19:02 | INFO | Query 14 Active Learning Random Query Runtime on Test Set: 373442.61
2024-04-17 19:02 | INFO | Query 14 Active Learning Random Query Instance Cost: 372634.14
2024-04-17 19:02 | INFO | Timeout limit is increased to 900
2024-04-17 19:02 | INFO | Query 15 Size of the uncertainty table is = 6158/7390
2024-04-17 19:02 | INFO | Query 15 Size of the filtered table is = 73
2024-04-17 19:02 | INFO | Query 15 Active Learning Random Query Runtime on Validation Set: 1384994.49
2024-04-17 19:02 | INFO | Query 15 Active Learning Random Query Runtime on Test Set: 372514.96
2024-04-17 19:02 | INFO | Query 15 Active Learning Random Query Instance Cost: 432710.65
2024-04-17 19:02 | INFO | Query 16 Size of the uncertainty table is = 6030/7390
2024-04-17 19:02 | INFO | Query 16 Size of the filtered table is = 73
2024-04-17 19:03 | INFO | Query 16 Active Learning Random Query Runtime on Validation Set: 1385002.31
2024-04-17 19:03 | INFO | Query 16 Active Learning Random Query Runtime on Test Set: 372518.04
2024-04-17 19:03 | INFO | Query 16 Active Learning Random Query Instance Cost: 495342.05
2024-04-17 19:03 | INFO | Timeout limit is increased to 1000
2024-04-17 19:03 | INFO | Query 17 Size of the uncertainty table is = 5904/7390
2024-04-17 19:03 | INFO | Query 17 Size of the filtered table is = 73
2024-04-17 19:03 | INFO | Query 17 Active Learning Random Query Runtime on Validation Set: 1385013.41
2024-04-17 19:03 | INFO | Query 17 Active Learning Random Query Runtime on Test Set: 304426.31
2024-04-17 19:03 | INFO | Query 17 Active Learning Random Query Instance Cost: 558732.76
2024-04-17 19:03 | INFO | Timeout limit is increased to 1100
2024-04-17 19:03 | INFO | Query 18 Size of the uncertainty table is = 5779/7390
2024-04-17 19:03 | INFO | Query 18 Size of the filtered table is = 73
2024-04-17 19:04 | INFO | Query 18 Active Learning Random Query Runtime on Validation Set: 1385012.99
2024-04-17 19:04 | INFO | Query 18 Active Learning Random Query Runtime on Test Set: 269307.64
2024-04-17 19:04 | INFO | Query 18 Active Learning Random Query Instance Cost: 636198.86
2024-04-17 19:04 | INFO | Query 19 Size of the uncertainty table is = 5662/7390
2024-04-17 19:04 | INFO | Query 19 Size of the filtered table is = 73
2024-04-17 19:04 | INFO | Query 19 Active Learning Random Query Runtime on Validation Set: 1420932.33
2024-04-17 19:04 | INFO | Query 19 Active Learning Random Query Runtime on Test Set: 376208.76
2024-04-17 19:04 | INFO | Query 19 Active Learning Random Query Instance Cost: 711804.07
2024-04-17 19:04 | INFO | Timeout limit is increased to 1200
2024-04-17 19:04 | INFO | Query 20 Size of the uncertainty table is = 5524/7390
2024-04-17 19:04 | INFO | Query 20 Size of the filtered table is = 73
2024-04-17 19:05 | INFO | Query 20 Active Learning Random Query Runtime on Validation Set: 1349016.81
2024-04-17 19:05 | INFO | Query 20 Active Learning Random Query Runtime on Test Set: 412121.38
2024-04-17 19:05 | INFO | Query 20 Active Learning Random Query Instance Cost: 781204.32
2024-04-17 19:05 | INFO | Query 21 Size of the uncertainty table is = 5403/7390
2024-04-17 19:05 | INFO | Query 21 Size of the filtered table is = 73
2024-04-17 19:05 | INFO | Query 21 Active Learning Random Query Runtime on Validation Set: 1385015.69
2024-04-17 19:05 | INFO | Query 21 Active Learning Random Query Runtime on Test Set: 412119.58
2024-04-17 19:05 | INFO | Query 21 Active Learning Random Query Instance Cost: 836647.08
2024-04-17 19:05 | INFO | Timeout limit is increased to 1300
2024-04-17 19:05 | INFO | Query 22 Size of the uncertainty table is = 5255/7390
2024-04-17 19:05 | INFO | Query 22 Size of the filtered table is = 73
2024-04-17 19:05 | INFO | Query 22 Active Learning Random Query Runtime on Validation Set: 1313425.2
2024-04-17 19:05 | INFO | Query 22 Active Learning Random Query Runtime on Test Set: 339454.62
2024-04-17 19:05 | INFO | Query 22 Active Learning Random Query Instance Cost: 908373.84
2024-04-17 19:05 | INFO | Query 23 Size of the uncertainty table is = 5120/7390
2024-04-17 19:05 | INFO | Query 23 Size of the filtered table is = 73
2024-04-17 19:06 | INFO | Query 23 Active Learning Random Query Runtime on Validation Set: 1313039.69
2024-04-17 19:06 | INFO | Query 23 Active Learning Random Query Runtime on Test Set: 303736.54
2024-04-17 19:06 | INFO | Query 23 Active Learning Random Query Instance Cost: 992880.23
2024-04-17 19:06 | INFO | Query 24 Size of the uncertainty table is = 5016/7390
2024-04-17 19:06 | INFO | Query 24 Size of the filtered table is = 73
2024-04-17 19:06 | INFO | Query 24 Active Learning Random Query Runtime on Validation Set: 1349048.89
2024-04-17 19:06 | INFO | Query 24 Active Learning Random Query Runtime on Test Set: 303652.23
2024-04-17 19:06 | INFO | Query 24 Active Learning Random Query Instance Cost: 1065818.75
2024-04-17 19:06 | INFO | Timeout limit is increased to 1400
2024-04-17 19:06 | INFO | Query 25 Size of the uncertainty table is = 4877/7390
2024-04-17 19:06 | INFO | Query 25 Size of the filtered table is = 73
2024-04-17 19:07 | INFO | Query 25 Active Learning Random Query Runtime on Validation Set: 1277114.37
2024-04-17 19:07 | INFO | Query 25 Active Learning Random Query Runtime on Test Set: 232357.86
2024-04-17 19:07 | INFO | Query 25 Active Learning Random Query Instance Cost: 1145633.33
2024-04-17 19:07 | INFO | Query 26 Size of the uncertainty table is = 4726/7390
2024-04-17 19:07 | INFO | Query 26 Size of the filtered table is = 73
2024-04-17 19:07 | INFO | Query 26 Active Learning Random Query Runtime on Validation Set: 1313127.52
2024-04-17 19:07 | INFO | Query 26 Active Learning Random Query Runtime on Test Set: 305254.89
2024-04-17 19:07 | INFO | Query 26 Active Learning Random Query Instance Cost: 1230771.94
2024-04-17 19:07 | INFO | Timeout limit is increased to 1500
2024-04-17 19:07 | INFO | Query 27 Size of the uncertainty table is = 4588/7390
2024-04-17 19:07 | INFO | Query 27 Size of the filtered table is = 73
2024-04-17 19:08 | INFO | Query 27 Active Learning Random Query Runtime on Validation Set: 1349019.75
2024-04-17 19:08 | INFO | Query 27 Active Learning Random Query Runtime on Test Set: 268427.62
2024-04-17 19:08 | INFO | Query 27 Active Learning Random Query Instance Cost: 1319384.2
2024-04-17 19:08 | INFO | Timeout limit is increased to 1600
2024-04-17 19:08 | INFO | Query 28 Size of the uncertainty table is = 4468/7390
2024-04-17 19:08 | INFO | Query 28 Size of the filtered table is = 73
2024-04-17 19:08 | INFO | Query 28 Active Learning Random Query Runtime on Validation Set: 1313133.47
2024-04-17 19:08 | INFO | Query 28 Active Learning Random Query Runtime on Test Set: 232435.92
2024-04-17 19:08 | INFO | Query 28 Active Learning Random Query Instance Cost: 1402310.17
2024-04-17 19:08 | INFO | Query 29 Size of the uncertainty table is = 4315/7390
2024-04-17 19:08 | INFO | Query 29 Size of the filtered table is = 73
2024-04-17 19:09 | INFO | Query 29 Active Learning Random Query Runtime on Validation Set: 1313862.53
2024-04-17 19:09 | INFO | Query 29 Active Learning Random Query Runtime on Test Set: 233606.46
2024-04-17 19:09 | INFO | Query 29 Active Learning Random Query Instance Cost: 1475441.38
2024-04-17 19:09 | INFO | Timeout limit is increased to 1700
2024-04-17 19:09 | INFO | Query 30 Size of the uncertainty table is = 4176/7390
2024-04-17 19:09 | INFO | Query 30 Size of the filtered table is = 73
2024-04-17 19:09 | INFO | Query 30 Active Learning Random Query Runtime on Validation Set: 1277068.29
2024-04-17 19:09 | INFO | Query 30 Active Learning Random Query Runtime on Test Set: 233263.3
2024-04-17 19:09 | INFO | Query 30 Active Learning Random Query Instance Cost: 1560962.43
2024-04-17 19:09 | INFO | Query 31 Size of the uncertainty table is = 4050/7390
2024-04-17 19:09 | INFO | Query 31 Size of the filtered table is = 73
2024-04-17 19:10 | INFO | Query 31 Active Learning Random Query Runtime on Validation Set: 1349040.21
2024-04-17 19:10 | INFO | Query 31 Active Learning Random Query Runtime on Test Set: 233263.29
2024-04-17 19:10 | INFO | Query 31 Active Learning Random Query Instance Cost: 1646374.93
2024-04-17 19:10 | INFO | Timeout limit is increased to 1800
2024-04-17 19:10 | INFO | Query 32 Size of the uncertainty table is = 3916/7390
2024-04-17 19:10 | INFO | Query 32 Size of the filtered table is = 73
2024-04-17 19:10 | INFO | Query 32 Active Learning Random Query Runtime on Validation Set: 1349032.68
2024-04-17 19:10 | INFO | Query 32 Active Learning Random Query Runtime on Test Set: 228508.88
2024-04-17 19:10 | INFO | Query 32 Active Learning Random Query Instance Cost: 1743656.46
2024-04-17 19:10 | INFO | Query 33 Size of the uncertainty table is = 3813/7390
2024-04-17 19:10 | INFO | Query 33 Size of the filtered table is = 73
2024-04-17 19:10 | INFO | Query 33 Active Learning Random Query Runtime on Validation Set: 1349040.21
2024-04-17 19:10 | INFO | Query 33 Active Learning Random Query Runtime on Test Set: 228508.84
2024-04-17 19:10 | INFO | Query 33 Active Learning Random Query Instance Cost: 1824053.67
2024-04-17 19:10 | INFO | Timeout limit is increased to 1900
2024-04-17 19:11 | INFO | Query 34 Size of the uncertainty table is = 3692/7390
2024-04-17 19:11 | INFO | Query 34 Size of the filtered table is = 73
2024-04-17 19:11 | INFO | Query 34 Active Learning Random Query Runtime on Validation Set: 1313020.75
2024-04-17 19:11 | INFO | Query 34 Active Learning Random Query Runtime on Test Set: 228508.88
2024-04-17 19:11 | INFO | Query 34 Active Learning Random Query Instance Cost: 1933150.31
2024-04-17 19:11 | INFO | Query 35 Size of the uncertainty table is = 3576/7390
2024-04-17 19:11 | INFO | Query 35 Size of the filtered table is = 73
2024-04-17 19:11 | INFO | Query 35 Active Learning Random Query Runtime on Validation Set: 1313028.64
2024-04-17 19:11 | INFO | Query 35 Active Learning Random Query Runtime on Test Set: 228508.88
2024-04-17 19:11 | INFO | Query 35 Active Learning Random Query Instance Cost: 2025685.79
2024-04-17 19:11 | INFO | Timeout limit is increased to 2000
2024-04-17 19:11 | INFO | Query 36 Size of the uncertainty table is = 3481/7390
2024-04-17 19:11 | INFO | Query 36 Size of the filtered table is = 73
2024-04-17 19:12 | INFO | Query 36 Active Learning Random Query Runtime on Validation Set: 1312962.84
2024-04-17 19:12 | INFO | Query 36 Active Learning Random Query Runtime on Test Set: 261466.49
2024-04-17 19:12 | INFO | Query 36 Active Learning Random Query Instance Cost: 2133151.73
2024-04-17 19:12 | INFO | Query 37 Size of the uncertainty table is = 3355/7390
2024-04-17 19:12 | INFO | Query 37 Size of the filtered table is = 73
2024-04-17 19:12 | INFO | Query 37 Active Learning Random Query Runtime on Validation Set: 1277121.49
2024-04-17 19:12 | INFO | Query 37 Active Learning Random Query Runtime on Test Set: 225481.33
2024-04-17 19:12 | INFO | Query 37 Active Learning Random Query Instance Cost: 2222890.57
2024-04-17 19:12 | INFO | Query 38 Size of the uncertainty table is = 3236/7390
2024-04-17 19:12 | INFO | Query 38 Size of the filtered table is = 73
2024-04-17 19:13 | INFO | Query 38 Active Learning Random Query Runtime on Validation Set: 1313036.27
2024-04-17 19:13 | INFO | Query 38 Active Learning Random Query Runtime on Test Set: 228508.88
2024-04-17 19:13 | INFO | Query 38 Active Learning Random Query Instance Cost: 2291391.55
2024-04-17 19:13 | INFO | Timeout limit is increased to 2100
2024-04-17 19:13 | INFO | Query 39 Size of the uncertainty table is = 3095/7390
2024-04-17 19:13 | INFO | Query 39 Size of the filtered table is = 73
2024-04-17 19:13 | INFO | Query 39 Active Learning Random Query Runtime on Validation Set: 1205233.86
2024-04-17 19:13 | INFO | Query 39 Active Learning Random Query Runtime on Test Set: 192519.16
2024-04-17 19:13 | INFO | Query 39 Active Learning Random Query Instance Cost: 2383991.22
2024-04-17 19:13 | INFO | Query 40 Size of the uncertainty table is = 2980/7390
2024-04-17 19:13 | INFO | Query 40 Size of the filtered table is = 73
2024-04-17 19:14 | INFO | Query 40 Active Learning Random Query Runtime on Validation Set: 1207446.86
2024-04-17 19:14 | INFO | Query 40 Active Learning Random Query Runtime on Test Set: 264496.85
2024-04-17 19:14 | INFO | Query 40 Active Learning Random Query Instance Cost: 2483709.2
2024-04-17 19:14 | INFO | Timeout limit is increased to 2200
2024-04-17 19:14 | INFO | Query 41 Size of the uncertainty table is = 2861/7390
2024-04-17 19:14 | INFO | Query 41 Size of the filtered table is = 73
2024-04-17 19:14 | INFO | Query 41 Active Learning Random Query Runtime on Validation Set: 1277065.11
2024-04-17 19:14 | INFO | Query 41 Active Learning Random Query Runtime on Test Set: 264496.85
2024-04-17 19:14 | INFO | Query 41 Active Learning Random Query Instance Cost: 2593364.06
2024-04-17 19:14 | INFO | Timeout limit is increased to 2300
2024-04-17 19:14 | INFO | Query 42 Size of the uncertainty table is = 2768/7390
2024-04-17 19:14 | INFO | Query 42 Size of the filtered table is = 73
2024-04-17 19:15 | INFO | Query 42 Active Learning Random Query Runtime on Validation Set: 919981.28
2024-04-17 19:15 | INFO | Query 42 Active Learning Random Query Runtime on Test Set: 228642.77
2024-04-17 19:15 | INFO | Query 42 Active Learning Random Query Instance Cost: 2689816.72
2024-04-17 19:15 | INFO | Query 43 Size of the uncertainty table is = 2632/7390
2024-04-17 19:15 | INFO | Query 43 Size of the filtered table is = 73
2024-04-17 19:15 | INFO | Query 43 Active Learning Random Query Runtime on Validation Set: 1241094.69
2024-04-17 19:15 | INFO | Query 43 Active Learning Random Query Runtime on Test Set: 228508.83
2024-04-17 19:15 | INFO | Query 43 Active Learning Random Query Instance Cost: 2806026.22
2024-04-17 19:15 | INFO | Timeout limit is increased to 2400
2024-04-17 19:15 | INFO | Query 44 Size of the uncertainty table is = 2559/7390
2024-04-17 19:15 | INFO | Query 44 Size of the filtered table is = 73
2024-04-17 19:16 | INFO | Query 44 Active Learning Random Query Runtime on Validation Set: 1277051.21
2024-04-17 19:16 | INFO | Query 44 Active Learning Random Query Runtime on Test Set: 228509.99
2024-04-17 19:16 | INFO | Query 44 Active Learning Random Query Instance Cost: 2914526.35
2024-04-17 19:16 | INFO | Timeout limit is increased to 2500
2024-04-17 19:16 | INFO | Query 45 Size of the uncertainty table is = 2480/7390
2024-04-17 19:16 | INFO | Query 45 Size of the filtered table is = 73
2024-04-17 19:16 | INFO | Query 45 Active Learning Random Query Runtime on Validation Set: 1205215.62
2024-04-17 19:16 | INFO | Query 45 Active Learning Random Query Runtime on Test Set: 264495.18
2024-04-17 19:16 | INFO | Query 45 Active Learning Random Query Instance Cost: 3028053.93
2024-04-17 19:16 | INFO | Query 46 Size of the uncertainty table is = 2416/7390
2024-04-17 19:16 | INFO | Query 46 Size of the filtered table is = 73
2024-04-17 19:17 | INFO | Query 46 Active Learning Random Query Runtime on Validation Set: 1171528.05
2024-04-17 19:17 | INFO | Query 46 Active Learning Random Query Runtime on Test Set: 192520.35
2024-04-17 19:17 | INFO | Query 46 Active Learning Random Query Instance Cost: 3135747.04
2024-04-17 19:17 | INFO | Query 47 Size of the uncertainty table is = 2345/7390
2024-04-17 19:17 | INFO | Query 47 Size of the filtered table is = 73
2024-04-17 19:17 | INFO | Query 47 Active Learning Random Query Runtime on Validation Set: 1277115.87
2024-04-17 19:17 | INFO | Query 47 Active Learning Random Query Runtime on Test Set: 228509.99
2024-04-17 19:17 | INFO | Query 47 Active Learning Random Query Instance Cost: 3224475.5
2024-04-17 19:17 | INFO | Timeout limit is increased to 2600
2024-04-17 19:17 | INFO | Query 48 Size of the uncertainty table is = 2270/7390
2024-04-17 19:17 | INFO | Query 48 Size of the filtered table is = 73
2024-04-17 19:18 | INFO | Query 48 Active Learning Random Query Runtime on Validation Set: 1135826.47
2024-04-17 19:18 | INFO | Query 48 Active Learning Random Query Runtime on Test Set: 228509.99
2024-04-17 19:18 | INFO | Query 48 Active Learning Random Query Instance Cost: 3329541.09
2024-04-17 19:18 | INFO | Query 49 Size of the uncertainty table is = 2229/7390
2024-04-17 19:18 | INFO | Query 49 Size of the filtered table is = 73
2024-04-17 19:18 | INFO | Query 49 Active Learning Random Query Runtime on Validation Set: 1313121.07
2024-04-17 19:18 | INFO | Query 49 Active Learning Random Query Runtime on Test Set: 228510.04
2024-04-17 19:18 | INFO | Query 49 Active Learning Random Query Instance Cost: 3409743.54
2024-04-17 19:18 | INFO | Timeout limit is increased to 2700
2024-04-17 19:18 | INFO | Query 50 Size of the uncertainty table is = 2173/7390
2024-04-17 19:18 | INFO | Query 50 Size of the filtered table is = 73
2024-04-17 19:18 | INFO | Query 50 Active Learning Random Query Runtime on Validation Set: 1313181.25
2024-04-17 19:18 | INFO | Query 50 Active Learning Random Query Runtime on Test Set: 264495.18
2024-04-17 19:18 | INFO | Query 50 Active Learning Random Query Instance Cost: 3518990.69
2024-04-17 19:18 | INFO | Timeout limit is increased to 2800
2024-04-17 19:18 | INFO | Query 51 Size of the uncertainty table is = 2116/7390
2024-04-17 19:18 | INFO | Query 51 Size of the filtered table is = 73
2024-04-17 19:19 | INFO | Query 51 Active Learning Random Query Runtime on Validation Set: 1384924.75
2024-04-17 19:19 | INFO | Query 51 Active Learning Random Query Runtime on Test Set: 228509.99
2024-04-17 19:19 | INFO | Query 51 Active Learning Random Query Instance Cost: 3626362.63
2024-04-17 19:19 | INFO | Timeout limit is increased to 2900
2024-04-17 19:19 | INFO | Query 52 Size of the uncertainty table is = 2069/7390
2024-04-17 19:19 | INFO | Query 52 Size of the filtered table is = 73
2024-04-17 19:19 | INFO | Query 52 Active Learning Random Query Runtime on Validation Set: 1384930.66
2024-04-17 19:19 | INFO | Query 52 Active Learning Random Query Runtime on Test Set: 263413.16
2024-04-17 19:19 | INFO | Query 52 Active Learning Random Query Instance Cost: 3713213.04
2024-04-17 19:19 | INFO | Timeout limit is increased to 3000
2024-04-17 19:19 | INFO | Query 53 Size of the uncertainty table is = 2032/7390
2024-04-17 19:19 | INFO | Query 53 Size of the filtered table is = 73
2024-04-17 19:20 | INFO | Query 53 Active Learning Random Query Runtime on Validation Set: 1207359.71
2024-04-17 19:20 | INFO | Query 53 Active Learning Random Query Runtime on Test Set: 261854.01
2024-04-17 19:20 | INFO | Query 53 Active Learning Random Query Instance Cost: 3818187.63
2024-04-17 19:20 | INFO | Query 54 Size of the uncertainty table is = 1985/7390
2024-04-17 19:20 | INFO | Query 54 Size of the filtered table is = 73
2024-04-17 19:20 | INFO | Query 54 Active Learning Random Query Runtime on Validation Set: 1277012.81
2024-04-17 19:20 | INFO | Query 54 Active Learning Random Query Runtime on Test Set: 263414.32
2024-04-17 19:20 | INFO | Query 54 Active Learning Random Query Instance Cost: 3913130.89
2024-04-17 19:20 | INFO | Timeout limit is increased to 3100
2024-04-17 19:20 | INFO | Query 55 Size of the uncertainty table is = 1959/7390
2024-04-17 19:20 | INFO | Query 55 Size of the filtered table is = 73
2024-04-17 19:21 | INFO | Query 55 Active Learning Random Query Runtime on Validation Set: 1099459.07
2024-04-17 19:21 | INFO | Query 55 Active Learning Random Query Runtime on Test Set: 263414.38
2024-04-17 19:21 | INFO | Query 55 Active Learning Random Query Instance Cost: 4029743.7
2024-04-17 19:21 | INFO | Query 56 Size of the uncertainty table is = 1915/7390
2024-04-17 19:21 | INFO | Query 56 Size of the filtered table is = 73
2024-04-17 19:21 | INFO | Query 56 Active Learning Random Query Runtime on Validation Set: 1099564.63
2024-04-17 19:21 | INFO | Query 56 Active Learning Random Query Runtime on Test Set: 260386.78
2024-04-17 19:21 | INFO | Query 56 Active Learning Random Query Instance Cost: 4129662.96
2024-04-17 19:21 | INFO | Timeout limit is increased to 3200
2024-04-17 19:21 | INFO | Query 57 Size of the uncertainty table is = 1891/7390
2024-04-17 19:21 | INFO | Query 57 Size of the filtered table is = 73
2024-04-17 19:22 | INFO | Query 57 Active Learning Random Query Runtime on Validation Set: 1313004.41
2024-04-17 19:22 | INFO | Query 57 Active Learning Random Query Runtime on Test Set: 228510.0
2024-04-17 19:22 | INFO | Query 57 Active Learning Random Query Instance Cost: 4222927.54
2024-04-17 19:22 | INFO | Timeout limit is increased to 3300
2024-04-17 19:22 | INFO | Query 58 Size of the uncertainty table is = 1867/7390
2024-04-17 19:22 | INFO | Query 58 Size of the filtered table is = 73
2024-04-17 19:22 | INFO | Query 58 Active Learning Random Query Runtime on Validation Set: 1349011.12
2024-04-17 19:22 | INFO | Query 58 Active Learning Random Query Runtime on Test Set: 263414.33
2024-04-17 19:22 | INFO | Query 58 Active Learning Random Query Instance Cost: 4344051.3
2024-04-17 19:22 | INFO | Timeout limit is increased to 3400
2024-04-17 19:22 | INFO | Query 59 Size of the uncertainty table is = 1835/7390
2024-04-17 19:22 | INFO | Query 59 Size of the filtered table is = 73
2024-04-17 19:23 | INFO | Query 59 Active Learning Random Query Runtime on Validation Set: 1313151.9
2024-04-17 19:23 | INFO | Query 59 Active Learning Random Query Runtime on Test Set: 261854.01
2024-04-17 19:23 | INFO | Query 59 Active Learning Random Query Instance Cost: 4450820.52
2024-04-17 19:23 | INFO | Query 60 Size of the uncertainty table is = 1831/7390
2024-04-17 19:23 | INFO | Query 60 Size of the filtered table is = 73
2024-04-17 19:23 | INFO | Query 60 Active Learning Random Query Runtime on Validation Set: 1313151.9
2024-04-17 19:23 | INFO | Query 60 Active Learning Random Query Runtime on Test Set: 261854.01
2024-04-17 19:23 | INFO | Query 60 Active Learning Random Query Instance Cost: 4556011.71
2024-04-17 19:23 | INFO | Timeout limit is increased to 3500
2024-04-17 19:23 | INFO | Query 61 Size of the uncertainty table is = 1820/7390
2024-04-17 19:23 | INFO | Query 61 Size of the filtered table is = 73
2024-04-17 19:24 | INFO | Query 61 Active Learning Random Query Runtime on Validation Set: 1277145.19
2024-04-17 19:24 | INFO | Query 61 Active Learning Random Query Runtime on Test Set: 226949.73
2024-04-17 19:24 | INFO | Query 61 Active Learning Random Query Instance Cost: 4670799.5
2024-04-17 19:24 | INFO | Query 62 Size of the uncertainty table is = 1803/7390
2024-04-17 19:24 | INFO | Query 62 Size of the filtered table is = 73
2024-04-17 19:24 | INFO | Query 62 Active Learning Random Query Runtime on Validation Set: 1277158.38
2024-04-17 19:24 | INFO | Query 62 Active Learning Random Query Runtime on Test Set: 226949.73
2024-04-17 19:24 | INFO | Query 62 Active Learning Random Query Instance Cost: 4773592.36
2024-04-17 19:24 | INFO | Timeout limit is increased to 3600
2024-04-17 19:24 | INFO | Query 63 Size of the uncertainty table is = 1788/7390
2024-04-17 19:24 | INFO | Query 63 Size of the filtered table is = 73
2024-04-17 19:25 | INFO | Query 63 Active Learning Random Query Runtime on Validation Set: 1313017.76
2024-04-17 19:25 | INFO | Query 63 Active Learning Random Query Runtime on Test Set: 263414.38
2024-04-17 19:25 | INFO | Query 63 Active Learning Random Query Instance Cost: 4875416.92
2024-04-17 19:25 | INFO | Timeout limit is increased to 3600
2024-04-17 19:25 | INFO | Query 64 Size of the uncertainty table is = 44/7390
2024-04-17 19:25 | INFO | Query 64 Size of the filtered table is = 44
2024-04-17 19:25 | INFO | Query 64 Active Learning Random Query Runtime on Validation Set: 1207466.76
2024-04-17 19:25 | INFO | Query 64 Active Learning Random Query Runtime on Test Set: 260386.78
2024-04-17 19:25 | INFO | Query 64 Active Learning Random Query Instance Cost: 4913411.92
2024-04-17 19:25 | INFO | runtime_train_score is written as json file
2024-04-17 19:25 | INFO | runtime_test_score is written as json file
2024-04-17 19:25 | INFO | runtime_validation_score is written as json file
2024-04-17 19:25 | INFO | instance_cost is written as json file
2024-04-17 19:25 | INFO | Experiment is finished
