2024-04-17 19:14 | INFO | Paramaters are: {'dataset': 'ASP-POTASSCO', 'penalty': 10, 'weight': 'No_Weight', 'voting': 'Hard', 'pre_selection_size': 64, 'pre_selection_technique': 'No_pre_selection', 'feature_elimination_threshold': 20, 'imputer_strategy': 'median', 'feature_selection_technique': 'No_feature_selection', 'feature_scaling_technique': 'StandardScaler', 'initial_train_size': 20, 'query_size': 1, 'timeout_predictor_usage': 'Yes', 'timeout_limit': 100, 'timeout_increase_rate': 100, 'RANDOM_STATE_SEED': 12345, 'n_splits': 10, 'split_number': 5, 'max_timeout': 3600, 'param_grid': {'n_estimators': 100, 'criterion': 'gini', 'max_features': 'sqrt', 'max_depth': 2147483648, 'min_samples_split': 2, 'bootstrap': True}}
2024-04-17 19:14 | INFO | ASP-POTASSCO is current dataset
2024-04-17 19:14 | INFO | DATASETS/ASP-POTASSCO/algorithm_runs.arff is found
2024-04-17 19:14 | INFO | DATASETS/ASP-POTASSCO/algorithm_runs.arff is finished
2024-04-17 19:14 | INFO | DATASETS/ASP-POTASSCO/feature_values.arff is found
2024-04-17 19:14 | INFO | DATASETS/ASP-POTASSCO/feature_values.arff is finished
2024-04-17 19:14 | INFO | DATASETS/ASP-POTASSCO/feature_costs.arff is found
2024-04-17 19:14 | INFO | DATASETS/ASP-POTASSCO/feature_costs.arff is finished
2024-04-17 19:14 | INFO | Feature cost of train set is 1089.11
2024-04-17 19:16 | INFO | Initial Active Learning Random Query Runtime on Validation Set: 411179.54
2024-04-17 19:16 | INFO | Initial Active Learning Random Query Runtime on Test Set: 507823.79
2024-04-17 19:16 | INFO | Initial Active Learning Random Query Instance Cost: 9535.76
2024-04-17 19:16 | INFO | Bin size = 393
2024-04-17 19:17 | INFO | Query 1 Size of the uncertainty table is = 39584/39325
2024-04-17 19:17 | INFO | Query 1 Size of the filtered table is = 393
2024-04-17 19:19 | INFO | Query 1 Active Learning Random Query Runtime on Validation Set: 447269.53
2024-04-17 19:19 | INFO | Query 1 Active Learning Random Query Runtime on Test Set: 327264.83
2024-04-17 19:19 | INFO | Query 1 Active Learning Random Query Instance Cost: 33909.4
2024-04-17 19:19 | INFO | Timeout limit is increased to 200
2024-04-17 19:19 | INFO | Query 2 Size of the uncertainty table is = 39075/39325
2024-04-17 19:19 | INFO | Query 2 Size of the filtered table is = 393
2024-04-17 19:22 | INFO | Query 2 Active Learning Random Query Runtime on Validation Set: 661590.63
2024-04-17 19:22 | INFO | Query 2 Active Learning Random Query Runtime on Test Set: 256394.91
2024-04-17 19:22 | INFO | Query 2 Active Learning Random Query Instance Cost: 78245.33
2024-04-17 19:22 | INFO | Timeout limit is increased to 300
2024-04-17 19:22 | INFO | Query 3 Size of the uncertainty table is = 37990/39325
2024-04-17 19:22 | INFO | Query 3 Size of the filtered table is = 393
2024-04-17 19:24 | INFO | Query 3 Active Learning Random Query Runtime on Validation Set: 481405.03
2024-04-17 19:24 | INFO | Query 3 Active Learning Random Query Runtime on Test Set: 220003.35
2024-04-17 19:24 | INFO | Query 3 Active Learning Random Query Instance Cost: 132445.27
2024-04-17 19:24 | INFO | Query 4 Size of the uncertainty table is = 36580/39325
2024-04-17 19:24 | INFO | Query 4 Size of the filtered table is = 393
2024-04-17 19:27 | INFO | Query 4 Active Learning Random Query Runtime on Validation Set: 582571.77
2024-04-17 19:27 | INFO | Query 4 Active Learning Random Query Runtime on Test Set: 220063.44
2024-04-17 19:27 | INFO | Query 4 Active Learning Random Query Instance Cost: 188153.89
2024-04-17 19:27 | INFO | Timeout limit is increased to 400
2024-04-17 19:27 | INFO | Query 5 Size of the uncertainty table is = 34975/39325
2024-04-17 19:27 | INFO | Query 5 Size of the filtered table is = 393
2024-04-17 19:30 | INFO | Query 5 Active Learning Random Query Runtime on Validation Set: 153352.11
2024-04-17 19:30 | INFO | Query 5 Active Learning Random Query Runtime on Test Set: 147690.2
2024-04-17 19:30 | INFO | Query 5 Active Learning Random Query Instance Cost: 264593.51
2024-04-17 19:30 | INFO | Query 6 Size of the uncertainty table is = 33317/39325
2024-04-17 19:30 | INFO | Query 6 Size of the filtered table is = 393
2024-04-17 19:33 | INFO | Query 6 Active Learning Random Query Runtime on Validation Set: 368442.53
2024-04-17 19:33 | INFO | Query 6 Active Learning Random Query Runtime on Test Set: 220078.56
2024-04-17 19:33 | INFO | Query 6 Active Learning Random Query Instance Cost: 333365.22
2024-04-17 19:33 | INFO | Timeout limit is increased to 500
2024-04-17 19:33 | INFO | Query 7 Size of the uncertainty table is = 31283/39325
2024-04-17 19:33 | INFO | Query 7 Size of the filtered table is = 393
2024-04-17 19:35 | INFO | Query 7 Active Learning Random Query Runtime on Validation Set: 297260.78
2024-04-17 19:35 | INFO | Query 7 Active Learning Random Query Runtime on Test Set: 219995.72
2024-04-17 19:35 | INFO | Query 7 Active Learning Random Query Instance Cost: 414826.44
2024-04-17 19:35 | INFO | Query 8 Size of the uncertainty table is = 29061/39325
2024-04-17 19:35 | INFO | Query 8 Size of the filtered table is = 393
2024-04-17 19:38 | INFO | Query 8 Active Learning Random Query Runtime on Validation Set: 331696.59
2024-04-17 19:38 | INFO | Query 8 Active Learning Random Query Runtime on Test Set: 111995.81
2024-04-17 19:38 | INFO | Query 8 Active Learning Random Query Instance Cost: 485162.3
2024-04-17 19:38 | INFO | Timeout limit is increased to 600
2024-04-17 19:38 | INFO | Query 9 Size of the uncertainty table is = 26762/39325
2024-04-17 19:38 | INFO | Query 9 Size of the filtered table is = 393
2024-04-17 19:41 | INFO | Query 9 Active Learning Random Query Runtime on Validation Set: 404043.58
2024-04-17 19:41 | INFO | Query 9 Active Learning Random Query Runtime on Test Set: 147880.71
2024-04-17 19:41 | INFO | Query 9 Active Learning Random Query Instance Cost: 582829.68
2024-04-17 19:41 | INFO | Timeout limit is increased to 700
2024-04-17 19:41 | INFO | Query 10 Size of the uncertainty table is = 24358/39325
2024-04-17 19:41 | INFO | Query 10 Size of the filtered table is = 393
2024-04-17 19:44 | INFO | Query 10 Active Learning Random Query Runtime on Validation Set: 332036.75
2024-04-17 19:44 | INFO | Query 10 Active Learning Random Query Runtime on Test Set: 183603.77
2024-04-17 19:44 | INFO | Query 10 Active Learning Random Query Instance Cost: 678265.81
2024-04-17 19:44 | INFO | Query 11 Size of the uncertainty table is = 21860/39325
2024-04-17 19:44 | INFO | Query 11 Size of the filtered table is = 393
2024-04-17 19:46 | INFO | Query 11 Active Learning Random Query Runtime on Validation Set: 332508.15
2024-04-17 19:46 | INFO | Query 11 Active Learning Random Query Runtime on Test Set: 183878.41
2024-04-17 19:46 | INFO | Query 11 Active Learning Random Query Instance Cost: 773684.12
2024-04-17 19:46 | INFO | Timeout limit is increased to 800
2024-04-17 19:46 | INFO | Query 12 Size of the uncertainty table is = 19245/39325
2024-04-17 19:46 | INFO | Query 12 Size of the filtered table is = 393
2024-04-17 19:49 | INFO | Query 12 Active Learning Random Query Runtime on Validation Set: 367173.38
2024-04-17 19:49 | INFO | Query 12 Active Learning Random Query Runtime on Test Set: 111951.66
2024-04-17 19:49 | INFO | Query 12 Active Learning Random Query Instance Cost: 888166.44
2024-04-17 19:49 | INFO | Timeout limit is increased to 900
2024-04-17 19:49 | INFO | Query 13 Size of the uncertainty table is = 16777/39325
2024-04-17 19:49 | INFO | Query 13 Size of the filtered table is = 393
2024-04-17 19:52 | INFO | Query 13 Active Learning Random Query Runtime on Validation Set: 402601.49
2024-04-17 19:52 | INFO | Query 13 Active Learning Random Query Runtime on Test Set: 111480.11
2024-04-17 19:52 | INFO | Query 13 Active Learning Random Query Instance Cost: 1012936.38
2024-04-17 19:52 | INFO | Timeout limit is increased to 1000
2024-04-17 19:52 | INFO | Query 14 Size of the uncertainty table is = 14310/39325
2024-04-17 19:52 | INFO | Query 14 Size of the filtered table is = 393
2024-04-17 19:55 | INFO | Query 14 Active Learning Random Query Runtime on Validation Set: 365425.0
2024-04-17 19:55 | INFO | Query 14 Active Learning Random Query Runtime on Test Set: 111574.56
2024-04-17 19:55 | INFO | Query 14 Active Learning Random Query Instance Cost: 1161931.66
2024-04-17 19:55 | INFO | Query 15 Size of the uncertainty table is = 12096/39325
2024-04-17 19:55 | INFO | Query 15 Size of the filtered table is = 393
2024-04-17 19:58 | INFO | Query 15 Active Learning Random Query Runtime on Validation Set: 403240.92
2024-04-17 19:58 | INFO | Query 15 Active Learning Random Query Runtime on Test Set: 147566.05
2024-04-17 19:58 | INFO | Query 15 Active Learning Random Query Instance Cost: 1282896.79
2024-04-17 19:58 | INFO | Timeout limit is increased to 1100
2024-04-17 19:58 | INFO | Query 16 Size of the uncertainty table is = 9910/39325
2024-04-17 19:58 | INFO | Query 16 Size of the filtered table is = 393
2024-04-17 20:01 | INFO | Query 16 Active Learning Random Query Runtime on Validation Set: 366885.72
2024-04-17 20:01 | INFO | Query 16 Active Learning Random Query Runtime on Test Set: 75788.66
2024-04-17 20:01 | INFO | Query 16 Active Learning Random Query Instance Cost: 1439487.36
2024-04-17 20:01 | INFO | Query 17 Size of the uncertainty table is = 8156/39325
2024-04-17 20:01 | INFO | Query 17 Size of the filtered table is = 393
2024-04-17 20:04 | INFO | Query 17 Active Learning Random Query Runtime on Validation Set: 366490.47
2024-04-17 20:04 | INFO | Query 17 Active Learning Random Query Runtime on Test Set: 147645.81
2024-04-17 20:04 | INFO | Query 17 Active Learning Random Query Instance Cost: 1559144.38
2024-04-17 20:04 | INFO | Query 18 Size of the uncertainty table is = 6638/39325
2024-04-17 20:04 | INFO | Query 18 Size of the filtered table is = 393
2024-04-17 20:07 | INFO | Query 18 Active Learning Random Query Runtime on Validation Set: 366476.68
2024-04-17 20:07 | INFO | Query 18 Active Learning Random Query Runtime on Test Set: 112272.16
2024-04-17 20:07 | INFO | Query 18 Active Learning Random Query Instance Cost: 1670188.93
2024-04-17 20:07 | INFO | Query 19 Size of the uncertainty table is = 5610/39325
2024-04-17 20:07 | INFO | Query 19 Size of the filtered table is = 393
2024-04-17 20:10 | INFO | Query 19 Active Learning Random Query Runtime on Validation Set: 402739.67
2024-04-17 20:10 | INFO | Query 19 Active Learning Random Query Runtime on Test Set: 76354.53
2024-04-17 20:10 | INFO | Query 19 Active Learning Random Query Instance Cost: 1753962.72
2024-04-17 20:10 | INFO | Timeout limit is increased to 1200
2024-04-17 20:10 | INFO | Query 20 Size of the uncertainty table is = 4842/39325
2024-04-17 20:10 | INFO | Query 20 Size of the filtered table is = 393
2024-04-17 20:13 | INFO | Query 20 Active Learning Random Query Runtime on Validation Set: 329868.74
2024-04-17 20:13 | INFO | Query 20 Active Learning Random Query Runtime on Test Set: 112319.41
2024-04-17 20:13 | INFO | Query 20 Active Learning Random Query Instance Cost: 1855646.9
2024-04-17 20:13 | INFO | Query 21 Size of the uncertainty table is = 4472/39325
2024-04-17 20:13 | INFO | Query 21 Size of the filtered table is = 393
2024-04-17 20:16 | INFO | Query 21 Active Learning Random Query Runtime on Validation Set: 330777.29
2024-04-17 20:16 | INFO | Query 21 Active Learning Random Query Runtime on Test Set: 148061.24
2024-04-17 20:16 | INFO | Query 21 Active Learning Random Query Instance Cost: 1910682.85
2024-04-17 20:16 | INFO | Timeout limit is increased to 1300
2024-04-17 20:16 | INFO | Query 22 Size of the uncertainty table is = 4274/39325
2024-04-17 20:16 | INFO | Query 22 Size of the filtered table is = 393
2024-04-17 20:19 | INFO | Query 22 Active Learning Random Query Runtime on Validation Set: 295900.97
2024-04-17 20:19 | INFO | Query 22 Active Learning Random Query Runtime on Test Set: 147832.76
2024-04-17 20:19 | INFO | Query 22 Active Learning Random Query Instance Cost: 2014057.4
2024-04-17 20:19 | INFO | Query 23 Size of the uncertainty table is = 4242/39325
2024-04-17 20:19 | INFO | Query 23 Size of the filtered table is = 393
2024-04-17 20:22 | INFO | Query 23 Active Learning Random Query Runtime on Validation Set: 295467.51
2024-04-17 20:22 | INFO | Query 23 Active Learning Random Query Runtime on Test Set: 147857.87
2024-04-17 20:22 | INFO | Query 23 Active Learning Random Query Instance Cost: 2064878.51
2024-04-17 20:22 | INFO | Query 24 Size of the uncertainty table is = 4221/39325
2024-04-17 20:22 | INFO | Query 24 Size of the filtered table is = 393
2024-04-17 20:24 | INFO | Query 24 Active Learning Random Query Runtime on Validation Set: 295467.51
2024-04-17 20:24 | INFO | Query 24 Active Learning Random Query Runtime on Test Set: 147857.87
2024-04-17 20:24 | INFO | Query 24 Active Learning Random Query Instance Cost: 2093538.47
2024-04-17 20:24 | INFO | Timeout limit is increased to 1400
2024-04-17 20:24 | INFO | Query 25 Size of the uncertainty table is = 4209/39325
2024-04-17 20:24 | INFO | Query 25 Size of the filtered table is = 393
2024-04-17 20:27 | INFO | Query 25 Active Learning Random Query Runtime on Validation Set: 295110.52
2024-04-17 20:27 | INFO | Query 25 Active Learning Random Query Runtime on Test Set: 147842.97
2024-04-17 20:27 | INFO | Query 25 Active Learning Random Query Instance Cost: 2171687.55
2024-04-17 20:27 | INFO | Query 26 Size of the uncertainty table is = 4174/39325
2024-04-17 20:27 | INFO | Query 26 Size of the filtered table is = 393
2024-04-17 20:30 | INFO | Query 26 Active Learning Random Query Runtime on Validation Set: 295110.52
2024-04-17 20:30 | INFO | Query 26 Active Learning Random Query Runtime on Test Set: 111918.3
2024-04-17 20:30 | INFO | Query 26 Active Learning Random Query Instance Cost: 2218434.85
2024-04-17 20:30 | INFO | Timeout limit is increased to 1500
2024-04-17 20:30 | INFO | Query 27 Size of the uncertainty table is = 4163/39325
2024-04-17 20:30 | INFO | Query 27 Size of the filtered table is = 393
2024-04-17 20:33 | INFO | Query 27 Active Learning Random Query Runtime on Validation Set: 295321.39
2024-04-17 20:33 | INFO | Query 27 Active Learning Random Query Runtime on Test Set: 111917.38
2024-04-17 20:33 | INFO | Query 27 Active Learning Random Query Instance Cost: 2305007.38
2024-04-17 20:33 | INFO | Timeout limit is increased to 1600
2024-04-17 20:33 | INFO | Query 28 Size of the uncertainty table is = 4154/39325
2024-04-17 20:33 | INFO | Query 28 Size of the filtered table is = 393
2024-04-17 20:36 | INFO | Query 28 Active Learning Random Query Runtime on Validation Set: 295321.39
2024-04-17 20:36 | INFO | Query 28 Active Learning Random Query Runtime on Test Set: 111917.38
2024-04-17 20:36 | INFO | Query 28 Active Learning Random Query Instance Cost: 2413209.82
2024-04-17 20:36 | INFO | Timeout limit is increased to 1700
2024-04-17 20:36 | INFO | Query 29 Size of the uncertainty table is = 4148/39325
2024-04-17 20:36 | INFO | Query 29 Size of the filtered table is = 393
2024-04-17 20:39 | INFO | Query 29 Active Learning Random Query Runtime on Validation Set: 295321.39
2024-04-17 20:39 | INFO | Query 29 Active Learning Random Query Runtime on Test Set: 111917.38
2024-04-17 20:39 | INFO | Query 29 Active Learning Random Query Instance Cost: 2535665.01
2024-04-17 20:39 | INFO | Timeout limit is increased to 1800
2024-04-17 20:39 | INFO | Query 30 Size of the uncertainty table is = 4146/39325
2024-04-17 20:39 | INFO | Query 30 Size of the filtered table is = 393
2024-04-17 20:42 | INFO | Query 30 Active Learning Random Query Runtime on Validation Set: 295321.39
2024-04-17 20:42 | INFO | Query 30 Active Learning Random Query Runtime on Test Set: 111917.38
2024-04-17 20:42 | INFO | Query 30 Active Learning Random Query Instance Cost: 2661465.01
2024-04-17 20:42 | INFO | Timeout limit is increased to 1900
2024-04-17 20:42 | INFO | Query 31 Size of the uncertainty table is = 4146/39325
2024-04-17 20:42 | INFO | Query 31 Size of the filtered table is = 393
2024-04-17 20:45 | INFO | Query 31 Active Learning Random Query Runtime on Validation Set: 295321.39
2024-04-17 20:45 | INFO | Query 31 Active Learning Random Query Runtime on Test Set: 111917.38
2024-04-17 20:45 | INFO | Query 31 Active Learning Random Query Instance Cost: 2785465.01
2024-04-17 20:45 | INFO | Timeout limit is increased to 2000
2024-04-17 20:45 | INFO | Query 32 Size of the uncertainty table is = 4146/39325
2024-04-17 20:45 | INFO | Query 32 Size of the filtered table is = 393
2024-04-17 20:48 | INFO | Query 32 Active Learning Random Query Runtime on Validation Set: 295321.39
2024-04-17 20:48 | INFO | Query 32 Active Learning Random Query Runtime on Test Set: 111917.38
2024-04-17 20:48 | INFO | Query 32 Active Learning Random Query Instance Cost: 2922108.97
2024-04-17 20:48 | INFO | Timeout limit is increased to 2100
2024-04-17 20:48 | INFO | Query 33 Size of the uncertainty table is = 4143/39325
2024-04-17 20:48 | INFO | Query 33 Size of the filtered table is = 393
2024-04-17 20:51 | INFO | Query 33 Active Learning Random Query Runtime on Validation Set: 295321.39
2024-04-17 20:51 | INFO | Query 33 Active Learning Random Query Runtime on Test Set: 111917.38
2024-04-17 20:51 | INFO | Query 33 Active Learning Random Query Instance Cost: 3064071.16
2024-04-17 20:51 | INFO | Timeout limit is increased to 2200
2024-04-17 20:51 | INFO | Query 34 Size of the uncertainty table is = 4142/39325
2024-04-17 20:51 | INFO | Query 34 Size of the filtered table is = 393
2024-04-17 20:54 | INFO | Query 34 Active Learning Random Query Runtime on Validation Set: 295321.39
2024-04-17 20:54 | INFO | Query 34 Active Learning Random Query Runtime on Test Set: 111806.09
2024-04-17 20:54 | INFO | Query 34 Active Learning Random Query Instance Cost: 3191974.23
2024-04-17 20:54 | INFO | Timeout limit is increased to 2300
2024-04-17 20:54 | INFO | Query 35 Size of the uncertainty table is = 4141/39325
2024-04-17 20:54 | INFO | Query 35 Size of the filtered table is = 393
2024-04-17 20:56 | INFO | Query 35 Active Learning Random Query Runtime on Validation Set: 295321.39
2024-04-17 20:56 | INFO | Query 35 Active Learning Random Query Runtime on Test Set: 111806.13
2024-04-17 20:56 | INFO | Query 35 Active Learning Random Query Instance Cost: 3321648.05
2024-04-17 20:56 | INFO | Timeout limit is increased to 2400
2024-04-17 20:56 | INFO | Query 36 Size of the uncertainty table is = 4140/39325
2024-04-17 20:56 | INFO | Query 36 Size of the filtered table is = 393
2024-04-17 20:59 | INFO | Query 36 Active Learning Random Query Runtime on Validation Set: 295321.39
2024-04-17 20:59 | INFO | Query 36 Active Learning Random Query Runtime on Test Set: 111806.13
2024-04-17 20:59 | INFO | Query 36 Active Learning Random Query Instance Cost: 3464348.05
2024-04-17 20:59 | INFO | Timeout limit is increased to 2500
2024-04-17 20:59 | INFO | Query 37 Size of the uncertainty table is = 4140/39325
2024-04-17 20:59 | INFO | Query 37 Size of the filtered table is = 393
2024-04-17 21:02 | INFO | Query 37 Active Learning Random Query Runtime on Validation Set: 295321.39
2024-04-17 21:02 | INFO | Query 37 Active Learning Random Query Runtime on Test Set: 111806.13
2024-04-17 21:02 | INFO | Query 37 Active Learning Random Query Instance Cost: 3602248.05
2024-04-17 21:02 | INFO | Timeout limit is increased to 2600
2024-04-17 21:02 | INFO | Query 38 Size of the uncertainty table is = 4140/39325
2024-04-17 21:02 | INFO | Query 38 Size of the filtered table is = 393
2024-04-17 21:05 | INFO | Query 38 Active Learning Random Query Runtime on Validation Set: 295321.39
2024-04-17 21:05 | INFO | Query 38 Active Learning Random Query Runtime on Test Set: 111806.13
2024-04-17 21:05 | INFO | Query 38 Active Learning Random Query Instance Cost: 3738948.05
2024-04-17 21:05 | INFO | Timeout limit is increased to 2700
2024-04-17 21:05 | INFO | Query 39 Size of the uncertainty table is = 4140/39325
2024-04-17 21:05 | INFO | Query 39 Size of the filtered table is = 393
2024-04-17 21:08 | INFO | Query 39 Active Learning Random Query Runtime on Validation Set: 295321.39
2024-04-17 21:08 | INFO | Query 39 Active Learning Random Query Runtime on Test Set: 111806.13
2024-04-17 21:08 | INFO | Query 39 Active Learning Random Query Instance Cost: 3882848.05
2024-04-17 21:08 | INFO | Timeout limit is increased to 2800
2024-04-17 21:08 | INFO | Query 40 Size of the uncertainty table is = 4140/39325
2024-04-17 21:08 | INFO | Query 40 Size of the filtered table is = 393
2024-04-17 21:11 | INFO | Query 40 Active Learning Random Query Runtime on Validation Set: 295321.39
2024-04-17 21:11 | INFO | Query 40 Active Learning Random Query Runtime on Test Set: 111806.13
2024-04-17 21:11 | INFO | Query 40 Active Learning Random Query Instance Cost: 4009562.68
2024-04-17 21:11 | INFO | Timeout limit is increased to 2900
2024-04-17 21:11 | INFO | Query 41 Size of the uncertainty table is = 4137/39325
2024-04-17 21:11 | INFO | Query 41 Size of the filtered table is = 393
2024-04-17 21:14 | INFO | Query 41 Active Learning Random Query Runtime on Validation Set: 295321.39
2024-04-17 21:14 | INFO | Query 41 Active Learning Random Query Runtime on Test Set: 111806.13
2024-04-17 21:14 | INFO | Query 41 Active Learning Random Query Instance Cost: 4147862.68
2024-04-17 21:14 | INFO | Timeout limit is increased to 3000
2024-04-17 21:14 | INFO | Query 42 Size of the uncertainty table is = 4137/39325
2024-04-17 21:14 | INFO | Query 42 Size of the filtered table is = 393
2024-04-17 21:17 | INFO | Query 42 Active Learning Random Query Runtime on Validation Set: 295321.39
2024-04-17 21:17 | INFO | Query 42 Active Learning Random Query Runtime on Test Set: 111806.13
2024-04-17 21:17 | INFO | Query 42 Active Learning Random Query Instance Cost: 4284762.68
2024-04-17 21:17 | INFO | Timeout limit is increased to 3100
2024-04-17 21:17 | INFO | Query 43 Size of the uncertainty table is = 4137/39325
2024-04-17 21:17 | INFO | Query 43 Size of the filtered table is = 393
2024-04-17 21:20 | INFO | Query 43 Active Learning Random Query Runtime on Validation Set: 295321.39
2024-04-17 21:20 | INFO | Query 43 Active Learning Random Query Runtime on Test Set: 111806.13
2024-04-17 21:20 | INFO | Query 43 Active Learning Random Query Instance Cost: 4418362.68
2024-04-17 21:20 | INFO | Timeout limit is increased to 3200
2024-04-17 21:20 | INFO | Query 44 Size of the uncertainty table is = 4137/39325
2024-04-17 21:20 | INFO | Query 44 Size of the filtered table is = 393
2024-04-17 21:23 | INFO | Query 44 Active Learning Random Query Runtime on Validation Set: 295321.39
2024-04-17 21:23 | INFO | Query 44 Active Learning Random Query Runtime on Test Set: 111806.13
2024-04-17 21:23 | INFO | Query 44 Active Learning Random Query Instance Cost: 4547262.68
2024-04-17 21:23 | INFO | Timeout limit is increased to 3300
2024-04-17 21:23 | INFO | Query 45 Size of the uncertainty table is = 4137/39325
2024-04-17 21:23 | INFO | Query 45 Size of the filtered table is = 393
2024-04-17 21:25 | INFO | Query 45 Active Learning Random Query Runtime on Validation Set: 295321.39
2024-04-17 21:25 | INFO | Query 45 Active Learning Random Query Runtime on Test Set: 111806.13
2024-04-17 21:25 | INFO | Query 45 Active Learning Random Query Instance Cost: 4685462.68
2024-04-17 21:25 | INFO | Timeout limit is increased to 3400
2024-04-17 21:25 | INFO | Query 46 Size of the uncertainty table is = 4137/39325
2024-04-17 21:25 | INFO | Query 46 Size of the filtered table is = 393
2024-04-17 21:28 | INFO | Query 46 Active Learning Random Query Runtime on Validation Set: 295321.39
2024-04-17 21:28 | INFO | Query 46 Active Learning Random Query Runtime on Test Set: 111806.13
2024-04-17 21:28 | INFO | Query 46 Active Learning Random Query Instance Cost: 4823462.68
2024-04-17 21:28 | INFO | Timeout limit is increased to 3500
2024-04-17 21:28 | INFO | Query 47 Size of the uncertainty table is = 4137/39325
2024-04-17 21:28 | INFO | Query 47 Size of the filtered table is = 393
2024-04-17 21:31 | INFO | Query 47 Active Learning Random Query Runtime on Validation Set: 295321.39
2024-04-17 21:31 | INFO | Query 47 Active Learning Random Query Runtime on Test Set: 111806.13
2024-04-17 21:31 | INFO | Query 47 Active Learning Random Query Instance Cost: 4962262.68
2024-04-17 21:31 | INFO | Timeout limit is increased to 3600
2024-04-17 21:31 | INFO | Query 48 Size of the uncertainty table is = 4137/39325
2024-04-17 21:31 | INFO | Query 48 Size of the filtered table is = 393
2024-04-17 21:34 | INFO | Query 48 Active Learning Random Query Runtime on Validation Set: 295321.39
2024-04-17 21:34 | INFO | Query 48 Active Learning Random Query Runtime on Test Set: 111806.13
2024-04-17 21:34 | INFO | Query 48 Active Learning Random Query Instance Cost: 5097562.68
2024-04-17 21:34 | INFO | Timeout limit is increased to 3600
2024-04-17 21:34 | INFO | runtime_train_score is written as json file
2024-04-17 21:34 | INFO | runtime_test_score is written as json file
2024-04-17 21:34 | INFO | runtime_validation_score is written as json file
2024-04-17 21:34 | INFO | instance_cost is written as json file
2024-04-17 21:34 | INFO | Experiment is finished
