2024-04-17 18:44 | INFO | Paramaters are: {'dataset': 'MAXSAT19-UCMS', 'penalty': 10, 'weight': 'No_Weight', 'voting': 'Hard', 'pre_selection_size': 64, 'pre_selection_technique': 'No_pre_selection', 'feature_elimination_threshold': 20, 'imputer_strategy': 'median', 'feature_selection_technique': 'No_feature_selection', 'feature_scaling_technique': 'StandardScaler', 'initial_train_size': 20, 'query_size': 1, 'timeout_predictor_usage': 'Yes', 'timeout_limit': 100, 'timeout_increase_rate': 100, 'RANDOM_STATE_SEED': 12345, 'n_splits': 10, 'split_number': 9, 'max_timeout': 3600, 'param_grid': {'n_estimators': 100, 'criterion': 'gini', 'max_features': 'sqrt', 'max_depth': 2147483648, 'min_samples_split': 2, 'bootstrap': True}}
2024-04-17 18:44 | INFO | MAXSAT19-UCMS is current dataset
2024-04-17 18:44 | INFO | DATASETS/MAXSAT19-UCMS/algorithm_runs.arff is found
2024-04-17 18:44 | INFO | DATASETS/MAXSAT19-UCMS/algorithm_runs.arff is finished
2024-04-17 18:44 | INFO | DATASETS/MAXSAT19-UCMS/feature_values.arff is found
2024-04-17 18:44 | INFO | DATASETS/MAXSAT19-UCMS/feature_values.arff is finished
2024-04-17 18:44 | INFO | DATASETS/MAXSAT19-UCMS/feature_costs.arff is found
2024-04-17 18:44 | INFO | DATASETS/MAXSAT19-UCMS/feature_costs.arff is finished
2024-04-17 18:44 | INFO | Feature cost of train set is 32475.97
2024-04-17 18:45 | INFO | Initial Active Learning Random Query Runtime on Validation Set: 224742.07
2024-04-17 18:45 | INFO | Initial Active Learning Random Query Runtime on Test Set: 148225.37
2024-04-17 18:45 | INFO | Initial Active Learning Random Query Instance Cost: 6949.43
2024-04-17 18:45 | INFO | Bin size = 50
2024-04-17 18:45 | INFO | Query 1 Size of the uncertainty table is = 5133/5040
2024-04-17 18:45 | INFO | Query 1 Size of the filtered table is = 50
2024-04-17 18:45 | INFO | Query 1 Active Learning Random Query Runtime on Validation Set: 266621.48
2024-04-17 18:45 | INFO | Query 1 Active Learning Random Query Runtime on Test Set: 156846.64
2024-04-17 18:45 | INFO | Query 1 Active Learning Random Query Instance Cost: 12366.47
2024-04-17 18:45 | INFO | Timeout limit is increased to 200
2024-04-17 18:45 | INFO | Query 2 Size of the uncertainty table is = 5091/5040
2024-04-17 18:45 | INFO | Query 2 Size of the filtered table is = 50
2024-04-17 18:46 | INFO | Query 2 Active Learning Random Query Runtime on Validation Set: 236361.36
2024-04-17 18:46 | INFO | Query 2 Active Learning Random Query Runtime on Test Set: 161176.42
2024-04-17 18:46 | INFO | Query 2 Active Learning Random Query Instance Cost: 22667.8
2024-04-17 18:46 | INFO | Query 3 Size of the uncertainty table is = 5032/5040
2024-04-17 18:46 | INFO | Query 3 Size of the filtered table is = 50
2024-04-17 18:46 | INFO | Query 3 Active Learning Random Query Runtime on Validation Set: 235101.41
2024-04-17 18:46 | INFO | Query 3 Active Learning Random Query Runtime on Test Set: 162338.94
2024-04-17 18:46 | INFO | Query 3 Active Learning Random Query Instance Cost: 30477.32
2024-04-17 18:46 | INFO | Query 4 Size of the uncertainty table is = 4948/5040
2024-04-17 18:46 | INFO | Query 4 Size of the filtered table is = 50
2024-04-17 18:46 | INFO | Query 4 Active Learning Random Query Runtime on Validation Set: 312765.66
2024-04-17 18:46 | INFO | Query 4 Active Learning Random Query Runtime on Test Set: 130938.82
2024-04-17 18:46 | INFO | Query 4 Active Learning Random Query Instance Cost: 38783.6
2024-04-17 18:46 | INFO | Timeout limit is increased to 300
2024-04-17 18:46 | INFO | Query 5 Size of the uncertainty table is = 4868/5040
2024-04-17 18:46 | INFO | Query 5 Size of the filtered table is = 50
2024-04-17 18:47 | INFO | Query 5 Active Learning Random Query Runtime on Validation Set: 315078.71
2024-04-17 18:47 | INFO | Query 5 Active Learning Random Query Runtime on Test Set: 166317.24
2024-04-17 18:47 | INFO | Query 5 Active Learning Random Query Instance Cost: 48209.05
2024-04-17 18:47 | INFO | Timeout limit is increased to 400
2024-04-17 18:47 | INFO | Query 6 Size of the uncertainty table is = 4758/5040
2024-04-17 18:47 | INFO | Query 6 Size of the filtered table is = 50
2024-04-17 18:47 | INFO | Query 6 Active Learning Random Query Runtime on Validation Set: 280813.65
2024-04-17 18:47 | INFO | Query 6 Active Learning Random Query Runtime on Test Set: 131452.97
2024-04-17 18:47 | INFO | Query 6 Active Learning Random Query Instance Cost: 59273.61
2024-04-17 18:47 | INFO | Query 7 Size of the uncertainty table is = 4603/5040
2024-04-17 18:47 | INFO | Query 7 Size of the filtered table is = 50
2024-04-17 18:48 | INFO | Query 7 Active Learning Random Query Runtime on Validation Set: 318696.74
2024-04-17 18:48 | INFO | Query 7 Active Learning Random Query Runtime on Test Set: 134066.31
2024-04-17 18:48 | INFO | Query 7 Active Learning Random Query Instance Cost: 69216.66
2024-04-17 18:48 | INFO | Timeout limit is increased to 500
2024-04-17 18:48 | INFO | Query 8 Size of the uncertainty table is = 4476/5040
2024-04-17 18:48 | INFO | Query 8 Size of the filtered table is = 50
2024-04-17 18:48 | INFO | Query 8 Active Learning Random Query Runtime on Validation Set: 356287.74
2024-04-17 18:48 | INFO | Query 8 Active Learning Random Query Runtime on Test Set: 135618.16
2024-04-17 18:48 | INFO | Query 8 Active Learning Random Query Instance Cost: 86082.23
2024-04-17 18:48 | INFO | Timeout limit is increased to 600
2024-04-17 18:48 | INFO | Query 9 Size of the uncertainty table is = 4341/5040
2024-04-17 18:48 | INFO | Query 9 Size of the filtered table is = 50
2024-04-17 18:48 | INFO | Query 9 Active Learning Random Query Runtime on Validation Set: 286031.86
2024-04-17 18:48 | INFO | Query 9 Active Learning Random Query Runtime on Test Set: 137918.4
2024-04-17 18:48 | INFO | Query 9 Active Learning Random Query Instance Cost: 98496.7
2024-04-17 18:48 | INFO | Query 10 Size of the uncertainty table is = 4196/5040
2024-04-17 18:48 | INFO | Query 10 Size of the filtered table is = 50
2024-04-17 18:49 | INFO | Query 10 Active Learning Random Query Runtime on Validation Set: 290610.44
2024-04-17 18:49 | INFO | Query 10 Active Learning Random Query Runtime on Test Set: 140047.45
2024-04-17 18:49 | INFO | Query 10 Active Learning Random Query Instance Cost: 116000.67
2024-04-17 18:49 | INFO | Timeout limit is increased to 700
2024-04-17 18:49 | INFO | Query 11 Size of the uncertainty table is = 4033/5040
2024-04-17 18:49 | INFO | Query 11 Size of the filtered table is = 50
2024-04-17 18:49 | INFO | Query 11 Active Learning Random Query Runtime on Validation Set: 289834.09
2024-04-17 18:49 | INFO | Query 11 Active Learning Random Query Runtime on Test Set: 176565.1
2024-04-17 18:49 | INFO | Query 11 Active Learning Random Query Instance Cost: 137493.72
2024-04-17 18:49 | INFO | Query 12 Size of the uncertainty table is = 3868/5040
2024-04-17 18:49 | INFO | Query 12 Size of the filtered table is = 50
2024-04-17 18:50 | INFO | Query 12 Active Learning Random Query Runtime on Validation Set: 359895.51
2024-04-17 18:50 | INFO | Query 12 Active Learning Random Query Runtime on Test Set: 176467.91
2024-04-17 18:50 | INFO | Query 12 Active Learning Random Query Instance Cost: 159710.01
2024-04-17 18:50 | INFO | Timeout limit is increased to 800
2024-04-17 18:50 | INFO | Query 13 Size of the uncertainty table is = 3700/5040
2024-04-17 18:50 | INFO | Query 13 Size of the filtered table is = 50
2024-04-17 18:50 | INFO | Query 13 Active Learning Random Query Runtime on Validation Set: 327387.0
2024-04-17 18:50 | INFO | Query 13 Active Learning Random Query Runtime on Test Set: 176387.25
2024-04-17 18:50 | INFO | Query 13 Active Learning Random Query Instance Cost: 178564.04
2024-04-17 18:50 | INFO | Query 14 Size of the uncertainty table is = 3513/5040
2024-04-17 18:50 | INFO | Query 14 Size of the filtered table is = 50
2024-04-17 18:50 | INFO | Query 14 Active Learning Random Query Runtime on Validation Set: 256026.6
2024-04-17 18:50 | INFO | Query 14 Active Learning Random Query Runtime on Test Set: 140953.18
2024-04-17 18:50 | INFO | Query 14 Active Learning Random Query Instance Cost: 197003.32
2024-04-17 18:50 | INFO | Query 15 Size of the uncertainty table is = 3313/5040
2024-04-17 18:50 | INFO | Query 15 Size of the filtered table is = 50
2024-04-17 18:51 | INFO | Query 15 Active Learning Random Query Runtime on Validation Set: 256343.55
2024-04-17 18:51 | INFO | Query 15 Active Learning Random Query Runtime on Test Set: 141252.46
2024-04-17 18:51 | INFO | Query 15 Active Learning Random Query Instance Cost: 221689.5
2024-04-17 18:51 | INFO | Timeout limit is increased to 900
2024-04-17 18:51 | INFO | Query 16 Size of the uncertainty table is = 3159/5040
2024-04-17 18:51 | INFO | Query 16 Size of the filtered table is = 50
2024-04-17 18:51 | INFO | Query 16 Active Learning Random Query Runtime on Validation Set: 366444.37
2024-04-17 18:51 | INFO | Query 16 Active Learning Random Query Runtime on Test Set: 141356.87
2024-04-17 18:51 | INFO | Query 16 Active Learning Random Query Instance Cost: 242301.18
2024-04-17 18:51 | INFO | Timeout limit is increased to 1000
2024-04-17 18:51 | INFO | Query 17 Size of the uncertainty table is = 2999/5040
2024-04-17 18:51 | INFO | Query 17 Size of the filtered table is = 50
2024-04-17 18:52 | INFO | Query 17 Active Learning Random Query Runtime on Validation Set: 294468.97
2024-04-17 18:52 | INFO | Query 17 Active Learning Random Query Runtime on Test Set: 177322.52
2024-04-17 18:52 | INFO | Query 17 Active Learning Random Query Instance Cost: 263650.83
2024-04-17 18:52 | INFO | Query 18 Size of the uncertainty table is = 2812/5040
2024-04-17 18:52 | INFO | Query 18 Size of the filtered table is = 50
2024-04-17 18:52 | INFO | Query 18 Active Learning Random Query Runtime on Validation Set: 258783.52
2024-04-17 18:52 | INFO | Query 18 Active Learning Random Query Runtime on Test Set: 177357.9
2024-04-17 18:52 | INFO | Query 18 Active Learning Random Query Instance Cost: 283525.45
2024-04-17 18:52 | INFO | Query 19 Size of the uncertainty table is = 2646/5040
2024-04-17 18:52 | INFO | Query 19 Size of the filtered table is = 50
2024-04-17 18:53 | INFO | Query 19 Active Learning Random Query Runtime on Validation Set: 329614.29
2024-04-17 18:53 | INFO | Query 19 Active Learning Random Query Runtime on Test Set: 106387.17
2024-04-17 18:53 | INFO | Query 19 Active Learning Random Query Instance Cost: 305646.67
2024-04-17 18:53 | INFO | Timeout limit is increased to 1100
2024-04-17 18:53 | INFO | Query 20 Size of the uncertainty table is = 2444/5040
2024-04-17 18:53 | INFO | Query 20 Size of the filtered table is = 50
2024-04-17 18:53 | INFO | Query 20 Active Learning Random Query Runtime on Validation Set: 366318.12
2024-04-17 18:53 | INFO | Query 20 Active Learning Random Query Runtime on Test Set: 106414.44
2024-04-17 18:53 | INFO | Query 20 Active Learning Random Query Instance Cost: 328761.07
2024-04-17 18:53 | INFO | Timeout limit is increased to 1200
2024-04-17 18:53 | INFO | Query 21 Size of the uncertainty table is = 2269/5040
2024-04-17 18:53 | INFO | Query 21 Size of the filtered table is = 50
2024-04-17 18:53 | INFO | Query 21 Active Learning Random Query Runtime on Validation Set: 362437.54
2024-04-17 18:53 | INFO | Query 21 Active Learning Random Query Runtime on Test Set: 106398.83
2024-04-17 18:53 | INFO | Query 21 Active Learning Random Query Instance Cost: 357790.34
2024-04-17 18:53 | INFO | Query 22 Size of the uncertainty table is = 2063/5040
2024-04-17 18:53 | INFO | Query 22 Size of the filtered table is = 50
2024-04-17 18:54 | INFO | Query 22 Active Learning Random Query Runtime on Validation Set: 363152.71
2024-04-17 18:54 | INFO | Query 22 Active Learning Random Query Runtime on Test Set: 106406.58
2024-04-17 18:54 | INFO | Query 22 Active Learning Random Query Instance Cost: 387056.89
2024-04-17 18:54 | INFO | Timeout limit is increased to 1300
2024-04-17 18:54 | INFO | Query 23 Size of the uncertainty table is = 1937/5040
2024-04-17 18:54 | INFO | Query 23 Size of the filtered table is = 50
2024-04-17 18:54 | INFO | Query 23 Active Learning Random Query Runtime on Validation Set: 330596.44
2024-04-17 18:54 | INFO | Query 23 Active Learning Random Query Runtime on Test Set: 106398.83
2024-04-17 18:54 | INFO | Query 23 Active Learning Random Query Instance Cost: 414771.92
2024-04-17 18:54 | INFO | Query 24 Size of the uncertainty table is = 1783/5040
2024-04-17 18:54 | INFO | Query 24 Size of the filtered table is = 50
2024-04-17 18:55 | INFO | Query 24 Active Learning Random Query Runtime on Validation Set: 294609.21
2024-04-17 18:55 | INFO | Query 24 Active Learning Random Query Runtime on Test Set: 106406.58
2024-04-17 18:55 | INFO | Query 24 Active Learning Random Query Instance Cost: 444094.37
2024-04-17 18:55 | INFO | Query 25 Size of the uncertainty table is = 1641/5040
2024-04-17 18:55 | INFO | Query 25 Size of the filtered table is = 50
2024-04-17 18:55 | INFO | Query 25 Active Learning Random Query Runtime on Validation Set: 293894.46
2024-04-17 18:55 | INFO | Query 25 Active Learning Random Query Runtime on Test Set: 106406.98
2024-04-17 18:55 | INFO | Query 25 Active Learning Random Query Instance Cost: 475056.93
2024-04-17 18:55 | INFO | Query 26 Size of the uncertainty table is = 1513/5040
2024-04-17 18:55 | INFO | Query 26 Size of the filtered table is = 50
2024-04-17 18:55 | INFO | Query 26 Active Learning Random Query Runtime on Validation Set: 293942.97
2024-04-17 18:55 | INFO | Query 26 Active Learning Random Query Runtime on Test Set: 106390.22
2024-04-17 18:55 | INFO | Query 26 Active Learning Random Query Instance Cost: 497447.42
2024-04-17 18:55 | INFO | Timeout limit is increased to 1400
2024-04-17 18:55 | INFO | Query 27 Size of the uncertainty table is = 1365/5040
2024-04-17 18:55 | INFO | Query 27 Size of the filtered table is = 50
2024-04-17 18:56 | INFO | Query 27 Active Learning Random Query Runtime on Validation Set: 293946.99
2024-04-17 18:56 | INFO | Query 27 Active Learning Random Query Runtime on Test Set: 106389.82
2024-04-17 18:56 | INFO | Query 27 Active Learning Random Query Instance Cost: 525802.3
2024-04-17 18:56 | INFO | Timeout limit is increased to 1500
2024-04-17 18:56 | INFO | Query 28 Size of the uncertainty table is = 1247/5040
2024-04-17 18:56 | INFO | Query 28 Size of the filtered table is = 50
2024-04-17 18:56 | INFO | Query 28 Active Learning Random Query Runtime on Validation Set: 329873.82
2024-04-17 18:56 | INFO | Query 28 Active Learning Random Query Runtime on Test Set: 106390.22
2024-04-17 18:56 | INFO | Query 28 Active Learning Random Query Instance Cost: 554139.84
2024-04-17 18:56 | INFO | Timeout limit is increased to 1600
2024-04-17 18:56 | INFO | Query 29 Size of the uncertainty table is = 1142/5040
2024-04-17 18:56 | INFO | Query 29 Size of the filtered table is = 50
2024-04-17 18:57 | INFO | Query 29 Active Learning Random Query Runtime on Validation Set: 329929.64
2024-04-17 18:57 | INFO | Query 29 Active Learning Random Query Runtime on Test Set: 106305.94
2024-04-17 18:57 | INFO | Query 29 Active Learning Random Query Instance Cost: 576424.98
2024-04-17 18:57 | INFO | Timeout limit is increased to 1700
2024-04-17 18:57 | INFO | Query 30 Size of the uncertainty table is = 1022/5040
2024-04-17 18:57 | INFO | Query 30 Size of the filtered table is = 50
2024-04-17 18:57 | INFO | Query 30 Active Learning Random Query Runtime on Validation Set: 329935.14
2024-04-17 18:57 | INFO | Query 30 Active Learning Random Query Runtime on Test Set: 106389.65
2024-04-17 18:57 | INFO | Query 30 Active Learning Random Query Instance Cost: 609534.7
2024-04-17 18:57 | INFO | Timeout limit is increased to 1800
2024-04-17 18:57 | INFO | Query 31 Size of the uncertainty table is = 928/5040
2024-04-17 18:57 | INFO | Query 31 Size of the filtered table is = 50
2024-04-17 18:57 | INFO | Query 31 Active Learning Random Query Runtime on Validation Set: 329989.19
2024-04-17 18:57 | INFO | Query 31 Active Learning Random Query Runtime on Test Set: 106292.14
2024-04-17 18:57 | INFO | Query 31 Active Learning Random Query Instance Cost: 644955.04
2024-04-17 18:57 | INFO | Timeout limit is increased to 1900
2024-04-17 18:57 | INFO | Query 32 Size of the uncertainty table is = 839/5040
2024-04-17 18:57 | INFO | Query 32 Size of the filtered table is = 50
2024-04-17 18:58 | INFO | Query 32 Active Learning Random Query Runtime on Validation Set: 329987.34
2024-04-17 18:58 | INFO | Query 32 Active Learning Random Query Runtime on Test Set: 106382.47
2024-04-17 18:58 | INFO | Query 32 Active Learning Random Query Instance Cost: 690352.04
2024-04-17 18:58 | INFO | Query 33 Size of the uncertainty table is = 762/5040
2024-04-17 18:58 | INFO | Query 33 Size of the filtered table is = 50
2024-04-17 18:58 | INFO | Query 33 Active Learning Random Query Runtime on Validation Set: 329979.65
2024-04-17 18:58 | INFO | Query 33 Active Learning Random Query Runtime on Test Set: 106389.65
2024-04-17 18:58 | INFO | Query 33 Active Learning Random Query Instance Cost: 715900.31
2024-04-17 18:58 | INFO | Query 34 Size of the uncertainty table is = 703/5040
2024-04-17 18:58 | INFO | Query 34 Size of the filtered table is = 50
2024-04-17 18:59 | INFO | Query 34 Active Learning Random Query Runtime on Validation Set: 329637.1
2024-04-17 18:59 | INFO | Query 34 Active Learning Random Query Runtime on Test Set: 106382.47
2024-04-17 18:59 | INFO | Query 34 Active Learning Random Query Instance Cost: 738818.12
2024-04-17 18:59 | INFO | Query 35 Size of the uncertainty table is = 669/5040
2024-04-17 18:59 | INFO | Query 35 Size of the filtered table is = 50
2024-04-17 18:59 | INFO | Query 35 Active Learning Random Query Runtime on Validation Set: 329975.61
2024-04-17 18:59 | INFO | Query 35 Active Learning Random Query Runtime on Test Set: 106382.47
2024-04-17 18:59 | INFO | Query 35 Active Learning Random Query Instance Cost: 761916.15
2024-04-17 18:59 | INFO | Timeout limit is increased to 2000
2024-04-17 18:59 | INFO | Query 36 Size of the uncertainty table is = 636/5040
2024-04-17 18:59 | INFO | Query 36 Size of the filtered table is = 50
2024-04-17 19:00 | INFO | Query 36 Active Learning Random Query Runtime on Validation Set: 329979.65
2024-04-17 19:00 | INFO | Query 36 Active Learning Random Query Runtime on Test Set: 106382.47
2024-04-17 19:00 | INFO | Query 36 Active Learning Random Query Instance Cost: 780896.13
2024-04-17 19:00 | INFO | Timeout limit is increased to 2100
2024-04-17 19:00 | INFO | Query 37 Size of the uncertainty table is = 597/5040
2024-04-17 19:00 | INFO | Query 37 Size of the filtered table is = 50
2024-04-17 19:00 | INFO | Query 37 Active Learning Random Query Runtime on Validation Set: 329979.7
2024-04-17 19:00 | INFO | Query 37 Active Learning Random Query Runtime on Test Set: 106299.89
2024-04-17 19:00 | INFO | Query 37 Active Learning Random Query Instance Cost: 820515.32
2024-04-17 19:00 | INFO | Timeout limit is increased to 2200
2024-04-17 19:00 | INFO | Query 38 Size of the uncertainty table is = 578/5040
2024-04-17 19:00 | INFO | Query 38 Size of the filtered table is = 50
2024-04-17 19:00 | INFO | Query 38 Active Learning Random Query Runtime on Validation Set: 329985.9
2024-04-17 19:00 | INFO | Query 38 Active Learning Random Query Runtime on Test Set: 106292.14
2024-04-17 19:00 | INFO | Query 38 Active Learning Random Query Instance Cost: 850795.89
2024-04-17 19:00 | INFO | Timeout limit is increased to 2300
2024-04-17 19:00 | INFO | Query 39 Size of the uncertainty table is = 572/5040
2024-04-17 19:00 | INFO | Query 39 Size of the filtered table is = 50
2024-04-17 19:01 | INFO | Query 39 Active Learning Random Query Runtime on Validation Set: 329985.9
2024-04-17 19:01 | INFO | Query 39 Active Learning Random Query Runtime on Test Set: 106292.14
2024-04-17 19:01 | INFO | Query 39 Active Learning Random Query Instance Cost: 874273.96
2024-04-17 19:01 | INFO | Timeout limit is increased to 2400
2024-04-17 19:01 | INFO | Query 40 Size of the uncertainty table is = 565/5040
2024-04-17 19:01 | INFO | Query 40 Size of the filtered table is = 50
2024-04-17 19:01 | INFO | Query 40 Active Learning Random Query Runtime on Validation Set: 329985.9
2024-04-17 19:01 | INFO | Query 40 Active Learning Random Query Runtime on Test Set: 106292.14
2024-04-17 19:01 | INFO | Query 40 Active Learning Random Query Instance Cost: 913187.86
2024-04-17 19:01 | INFO | Timeout limit is increased to 2500
2024-04-17 19:01 | INFO | Query 41 Size of the uncertainty table is = 553/5040
2024-04-17 19:01 | INFO | Query 41 Size of the filtered table is = 50
2024-04-17 19:02 | INFO | Query 41 Active Learning Random Query Runtime on Validation Set: 329985.9
2024-04-17 19:02 | INFO | Query 41 Active Learning Random Query Runtime on Test Set: 106292.14
2024-04-17 19:02 | INFO | Query 41 Active Learning Random Query Instance Cost: 938187.86
2024-04-17 19:02 | INFO | Timeout limit is increased to 2600
2024-04-17 19:02 | INFO | Query 42 Size of the uncertainty table is = 553/5040
2024-04-17 19:02 | INFO | Query 42 Size of the filtered table is = 50
2024-04-17 19:02 | INFO | Query 42 Active Learning Random Query Runtime on Validation Set: 329985.9
2024-04-17 19:02 | INFO | Query 42 Active Learning Random Query Runtime on Test Set: 106292.14
2024-04-17 19:02 | INFO | Query 42 Active Learning Random Query Instance Cost: 967035.37
2024-04-17 19:02 | INFO | Timeout limit is increased to 2700
2024-04-17 19:02 | INFO | Query 43 Size of the uncertainty table is = 548/5040
2024-04-17 19:02 | INFO | Query 43 Size of the filtered table is = 50
2024-04-17 19:02 | INFO | Query 43 Active Learning Random Query Runtime on Validation Set: 329985.9
2024-04-17 19:02 | INFO | Query 43 Active Learning Random Query Runtime on Test Set: 106292.14
2024-04-17 19:02 | INFO | Query 43 Active Learning Random Query Instance Cost: 996900.67
2024-04-17 19:02 | INFO | Timeout limit is increased to 2800
2024-04-17 19:02 | INFO | Query 44 Size of the uncertainty table is = 547/5040
2024-04-17 19:02 | INFO | Query 44 Size of the filtered table is = 50
2024-04-17 19:03 | INFO | Query 44 Active Learning Random Query Runtime on Validation Set: 329979.17
2024-04-17 19:03 | INFO | Query 44 Active Learning Random Query Runtime on Test Set: 106299.32
2024-04-17 19:03 | INFO | Query 44 Active Learning Random Query Instance Cost: 1029429.96
2024-04-17 19:03 | INFO | Query 45 Size of the uncertainty table is = 542/5040
2024-04-17 19:03 | INFO | Query 45 Size of the filtered table is = 50
2024-04-17 19:03 | INFO | Query 45 Active Learning Random Query Runtime on Validation Set: 329979.17
2024-04-17 19:03 | INFO | Query 45 Active Learning Random Query Runtime on Test Set: 106389.65
2024-04-17 19:03 | INFO | Query 45 Active Learning Random Query Instance Cost: 1047685.21
2024-04-17 19:03 | INFO | Timeout limit is increased to 2900
2024-04-17 19:03 | INFO | Query 46 Size of the uncertainty table is = 537/5040
2024-04-17 19:03 | INFO | Query 46 Size of the filtered table is = 50
2024-04-17 19:04 | INFO | Query 46 Active Learning Random Query Runtime on Validation Set: 329979.17
2024-04-17 19:04 | INFO | Query 46 Active Learning Random Query Runtime on Test Set: 106389.65
2024-04-17 19:04 | INFO | Query 46 Active Learning Random Query Instance Cost: 1072005.14
2024-04-17 19:04 | INFO | Timeout limit is increased to 3000
2024-04-17 19:04 | INFO | Query 47 Size of the uncertainty table is = 536/5040
2024-04-17 19:04 | INFO | Query 47 Size of the filtered table is = 50
2024-04-17 19:04 | INFO | Query 47 Active Learning Random Query Runtime on Validation Set: 329979.17
2024-04-17 19:04 | INFO | Query 47 Active Learning Random Query Runtime on Test Set: 106389.65
2024-04-17 19:04 | INFO | Query 47 Active Learning Random Query Instance Cost: 1104523.72
2024-04-17 19:04 | INFO | Timeout limit is increased to 3100
2024-04-17 19:04 | INFO | Query 48 Size of the uncertainty table is = 533/5040
2024-04-17 19:04 | INFO | Query 48 Size of the filtered table is = 50
2024-04-17 19:04 | INFO | Query 48 Active Learning Random Query Runtime on Validation Set: 329920.63
2024-04-17 19:04 | INFO | Query 48 Active Learning Random Query Runtime on Test Set: 106389.65
2024-04-17 19:04 | INFO | Query 48 Active Learning Random Query Instance Cost: 1124356.9
2024-04-17 19:04 | INFO | Query 49 Size of the uncertainty table is = 519/5040
2024-04-17 19:04 | INFO | Query 49 Size of the filtered table is = 50
2024-04-17 19:05 | INFO | Query 49 Active Learning Random Query Runtime on Validation Set: 329920.63
2024-04-17 19:05 | INFO | Query 49 Active Learning Random Query Runtime on Test Set: 106389.65
2024-04-17 19:05 | INFO | Query 49 Active Learning Random Query Instance Cost: 1143922.83
2024-04-17 19:05 | INFO | Timeout limit is increased to 3200
2024-04-17 19:05 | INFO | Query 50 Size of the uncertainty table is = 516/5040
2024-04-17 19:05 | INFO | Query 50 Size of the filtered table is = 50
2024-04-17 19:05 | INFO | Query 50 Active Learning Random Query Runtime on Validation Set: 329920.63
2024-04-17 19:05 | INFO | Query 50 Active Learning Random Query Runtime on Test Set: 106389.65
2024-04-17 19:05 | INFO | Query 50 Active Learning Random Query Instance Cost: 1165222.83
2024-04-17 19:05 | INFO | Timeout limit is increased to 3300
2024-04-17 19:05 | INFO | Query 51 Size of the uncertainty table is = 516/5040
2024-04-17 19:05 | INFO | Query 51 Size of the filtered table is = 50
2024-04-17 19:05 | INFO | Query 51 Active Learning Random Query Runtime on Validation Set: 329913.42
2024-04-17 19:05 | INFO | Query 51 Active Learning Random Query Runtime on Test Set: 106397.4
2024-04-17 19:05 | INFO | Query 51 Active Learning Random Query Instance Cost: 1192036.27
2024-04-17 19:05 | INFO | Query 52 Size of the uncertainty table is = 510/5040
2024-04-17 19:05 | INFO | Query 52 Size of the filtered table is = 50
2024-04-17 19:06 | INFO | Query 52 Active Learning Random Query Runtime on Validation Set: 329636.18
2024-04-17 19:06 | INFO | Query 52 Active Learning Random Query Runtime on Test Set: 106307.07
2024-04-17 19:06 | INFO | Query 52 Active Learning Random Query Instance Cost: 1216325.05
2024-04-17 19:06 | INFO | Query 53 Size of the uncertainty table is = 501/5040
2024-04-17 19:06 | INFO | Query 53 Size of the filtered table is = 50
2024-04-17 19:06 | INFO | Query 53 Active Learning Random Query Runtime on Validation Set: 329636.18
2024-04-17 19:06 | INFO | Query 53 Active Learning Random Query Runtime on Test Set: 106307.07
2024-04-17 19:06 | INFO | Query 53 Active Learning Random Query Instance Cost: 1227125.05
2024-04-17 19:06 | INFO | Timeout limit is increased to 3400
2024-04-17 19:06 | INFO | Query 54 Size of the uncertainty table is = 501/5040
2024-04-17 19:06 | INFO | Query 54 Size of the filtered table is = 50
2024-04-17 19:07 | INFO | Query 54 Active Learning Random Query Runtime on Validation Set: 329636.18
2024-04-17 19:07 | INFO | Query 54 Active Learning Random Query Runtime on Test Set: 106307.07
2024-04-17 19:07 | INFO | Query 54 Active Learning Random Query Instance Cost: 1243725.05
2024-04-17 19:07 | INFO | Timeout limit is increased to 3500
2024-04-17 19:07 | INFO | Query 55 Size of the uncertainty table is = 501/5040
2024-04-17 19:07 | INFO | Query 55 Size of the filtered table is = 50
2024-04-17 19:07 | INFO | Query 55 Active Learning Random Query Runtime on Validation Set: 329639.69
2024-04-17 19:07 | INFO | Query 55 Active Learning Random Query Runtime on Test Set: 106307.07
2024-04-17 19:07 | INFO | Query 55 Active Learning Random Query Instance Cost: 1259212.81
2024-04-17 19:07 | INFO | Timeout limit is increased to 3600
2024-04-17 19:07 | INFO | Query 56 Size of the uncertainty table is = 495/5040
2024-04-17 19:07 | INFO | Query 56 Size of the filtered table is = 50
2024-04-17 19:07 | INFO | Query 56 Active Learning Random Query Runtime on Validation Set: 329639.69
2024-04-17 19:07 | INFO | Query 56 Active Learning Random Query Runtime on Test Set: 106307.07
2024-04-17 19:07 | INFO | Query 56 Active Learning Random Query Instance Cost: 1297452.64
2024-04-17 19:07 | INFO | Timeout limit is increased to 3600
2024-04-17 19:07 | INFO | runtime_train_score is written as json file
2024-04-17 19:07 | INFO | runtime_test_score is written as json file
2024-04-17 19:07 | INFO | runtime_validation_score is written as json file
2024-04-17 19:07 | INFO | instance_cost is written as json file
2024-04-17 19:07 | INFO | Experiment is finished
