2024-04-17 18:44 | INFO | Paramaters are: {'dataset': 'MAXSAT12-PMS', 'penalty': 10, 'weight': 'No_Weight', 'voting': 'Hard', 'pre_selection_size': 64, 'pre_selection_technique': 'No_pre_selection', 'feature_elimination_threshold': 20, 'imputer_strategy': 'median', 'feature_selection_technique': 'No_feature_selection', 'feature_scaling_technique': 'StandardScaler', 'initial_train_size': 20, 'query_size': 1, 'timeout_predictor_usage': 'Yes', 'timeout_limit': 100, 'timeout_increase_rate': 100, 'RANDOM_STATE_SEED': 99, 'n_splits': 10, 'split_number': 6, 'max_timeout': 3600, 'param_grid': {'n_estimators': 100, 'criterion': 'gini', 'max_features': 'sqrt', 'max_depth': 2147483648, 'min_samples_split': 2, 'bootstrap': True}}
2024-04-17 18:44 | INFO | MAXSAT12-PMS is current dataset
2024-04-17 18:44 | INFO | DATASETS/MAXSAT12-PMS/algorithm_runs.csv is found
2024-04-17 18:44 | INFO | DATASETS/MAXSAT12-PMS/algorithm_runs.csv is finished
2024-04-17 18:44 | INFO | DATASETS/MAXSAT12-PMS/feature_values.csv is found
2024-04-17 18:44 | INFO | DATASETS/MAXSAT12-PMS/feature_values.csv is finished
2024-04-17 18:44 | INFO | DATASETS/MAXSAT12-PMS/feature_costs.csv is found
2024-04-17 18:44 | INFO | DATASETS/MAXSAT12-PMS/feature_costs.csv is finished
2024-04-17 18:44 | INFO | Feature cost of train set is 33.88
2024-04-17 18:44 | INFO | Initial Active Learning Random Query Runtime on Validation Set: 226455.9
2024-04-17 18:44 | INFO | Initial Active Learning Random Query Runtime on Test Set: 4464.25
2024-04-17 18:44 | INFO | Initial Active Learning Random Query Instance Cost: 7179.21
2024-04-17 18:44 | INFO | Bin size = 77
2024-04-17 18:44 | INFO | Query 1 Size of the uncertainty table is = 7861/7755
2024-04-17 18:44 | INFO | Query 1 Size of the filtered table is = 77
2024-04-17 18:45 | INFO | Query 1 Active Learning Random Query Runtime on Validation Set: 11736.94
2024-04-17 18:45 | INFO | Query 1 Active Learning Random Query Runtime on Test Set: 40273.55
2024-04-17 18:45 | INFO | Query 1 Active Learning Random Query Instance Cost: 13270.77
2024-04-17 18:45 | INFO | Query 2 Size of the uncertainty table is = 7791/7755
2024-04-17 18:45 | INFO | Query 2 Size of the filtered table is = 77
2024-04-17 18:45 | INFO | Query 2 Active Learning Random Query Runtime on Validation Set: 8561.22
2024-04-17 18:45 | INFO | Query 2 Active Learning Random Query Runtime on Test Set: 4505.33
2024-04-17 18:45 | INFO | Query 2 Active Learning Random Query Instance Cost: 19259.56
2024-04-17 18:45 | INFO | Query 3 Size of the uncertainty table is = 7708/7755
2024-04-17 18:45 | INFO | Query 3 Size of the filtered table is = 77
2024-04-17 18:46 | INFO | Query 3 Active Learning Random Query Runtime on Validation Set: 8563.21
2024-04-17 18:46 | INFO | Query 3 Active Learning Random Query Runtime on Test Set: 38866.47
2024-04-17 18:46 | INFO | Query 3 Active Learning Random Query Instance Cost: 25319.68
2024-04-17 18:46 | INFO | Timeout limit is increased to 200
2024-04-17 18:46 | INFO | Query 4 Size of the uncertainty table is = 7594/7755
2024-04-17 18:46 | INFO | Query 4 Size of the filtered table is = 77
2024-04-17 18:46 | INFO | Query 4 Active Learning Random Query Runtime on Validation Set: 8567.39
2024-04-17 18:46 | INFO | Query 4 Active Learning Random Query Runtime on Test Set: 38896.05
2024-04-17 18:46 | INFO | Query 4 Active Learning Random Query Instance Cost: 38318.04
2024-04-17 18:46 | INFO | Timeout limit is increased to 300
2024-04-17 18:46 | INFO | Query 5 Size of the uncertainty table is = 7501/7755
2024-04-17 18:46 | INFO | Query 5 Size of the filtered table is = 77
2024-04-17 18:47 | INFO | Query 5 Active Learning Random Query Runtime on Validation Set: 8570.71
2024-04-17 18:47 | INFO | Query 5 Active Learning Random Query Runtime on Test Set: 38850.39
2024-04-17 18:47 | INFO | Query 5 Active Learning Random Query Instance Cost: 56828.73
2024-04-17 18:47 | INFO | Timeout limit is increased to 400
2024-04-17 18:47 | INFO | Query 6 Size of the uncertainty table is = 7377/7755
2024-04-17 18:47 | INFO | Query 6 Size of the filtered table is = 77
2024-04-17 18:47 | INFO | Query 6 Active Learning Random Query Runtime on Validation Set: 8670.55
2024-04-17 18:47 | INFO | Query 6 Active Learning Random Query Runtime on Test Set: 38894.05
2024-04-17 18:47 | INFO | Query 6 Active Learning Random Query Instance Cost: 82723.45
2024-04-17 18:47 | INFO | Timeout limit is increased to 500
2024-04-17 18:47 | INFO | Query 7 Size of the uncertainty table is = 7237/7755
2024-04-17 18:47 | INFO | Query 7 Size of the filtered table is = 77
2024-04-17 18:48 | INFO | Query 7 Active Learning Random Query Runtime on Validation Set: 8671.35
2024-04-17 18:48 | INFO | Query 7 Active Learning Random Query Runtime on Test Set: 38856.94
2024-04-17 18:48 | INFO | Query 7 Active Learning Random Query Instance Cost: 111601.74
2024-04-17 18:48 | INFO | Timeout limit is increased to 600
2024-04-17 18:48 | INFO | Query 8 Size of the uncertainty table is = 7081/7755
2024-04-17 18:48 | INFO | Query 8 Size of the filtered table is = 77
2024-04-17 18:48 | INFO | Query 8 Active Learning Random Query Runtime on Validation Set: 8671.83
2024-04-17 18:48 | INFO | Query 8 Active Learning Random Query Runtime on Test Set: 4093.58
2024-04-17 18:48 | INFO | Query 8 Active Learning Random Query Instance Cost: 142754.77
2024-04-17 18:48 | INFO | Timeout limit is increased to 700
2024-04-17 18:48 | INFO | Query 9 Size of the uncertainty table is = 6884/7755
2024-04-17 18:48 | INFO | Query 9 Size of the filtered table is = 77
2024-04-17 18:49 | INFO | Query 9 Active Learning Random Query Runtime on Validation Set: 8579.85
2024-04-17 18:49 | INFO | Query 9 Active Learning Random Query Runtime on Test Set: 3678.28
2024-04-17 18:49 | INFO | Query 9 Active Learning Random Query Instance Cost: 174615.34
2024-04-17 18:49 | INFO | Query 10 Size of the uncertainty table is = 6694/7755
2024-04-17 18:49 | INFO | Query 10 Size of the filtered table is = 77
2024-04-17 18:50 | INFO | Query 10 Active Learning Random Query Runtime on Validation Set: 8580.85
2024-04-17 18:50 | INFO | Query 10 Active Learning Random Query Runtime on Test Set: 3715.92
2024-04-17 18:50 | INFO | Query 10 Active Learning Random Query Instance Cost: 203557.69
2024-04-17 18:50 | INFO | Timeout limit is increased to 800
2024-04-17 18:50 | INFO | Query 11 Size of the uncertainty table is = 6491/7755
2024-04-17 18:50 | INFO | Query 11 Size of the filtered table is = 77
2024-04-17 18:50 | INFO | Query 11 Active Learning Random Query Runtime on Validation Set: 8581.64
2024-04-17 18:50 | INFO | Query 11 Active Learning Random Query Runtime on Test Set: 3692.36
2024-04-17 18:50 | INFO | Query 11 Active Learning Random Query Instance Cost: 235305.56
2024-04-17 18:50 | INFO | Timeout limit is increased to 900
2024-04-17 18:50 | INFO | Query 12 Size of the uncertainty table is = 6285/7755
2024-04-17 18:50 | INFO | Query 12 Size of the filtered table is = 77
2024-04-17 18:51 | INFO | Query 12 Active Learning Random Query Runtime on Validation Set: 8621.21
2024-04-17 18:51 | INFO | Query 12 Active Learning Random Query Runtime on Test Set: 3699.16
2024-04-17 18:51 | INFO | Query 12 Active Learning Random Query Instance Cost: 279174.24
2024-04-17 18:51 | INFO | Timeout limit is increased to 1000
2024-04-17 18:51 | INFO | Query 13 Size of the uncertainty table is = 6091/7755
2024-04-17 18:51 | INFO | Query 13 Size of the filtered table is = 77
2024-04-17 18:51 | INFO | Query 13 Active Learning Random Query Runtime on Validation Set: 8621.83
2024-04-17 18:51 | INFO | Query 13 Active Learning Random Query Runtime on Test Set: 3717.6
2024-04-17 18:51 | INFO | Query 13 Active Learning Random Query Instance Cost: 332388.76
2024-04-17 18:51 | INFO | Timeout limit is increased to 1100
2024-04-17 18:51 | INFO | Query 14 Size of the uncertainty table is = 5887/7755
2024-04-17 18:51 | INFO | Query 14 Size of the filtered table is = 77
2024-04-17 18:52 | INFO | Query 14 Active Learning Random Query Runtime on Validation Set: 8589.43
2024-04-17 18:52 | INFO | Query 14 Active Learning Random Query Runtime on Test Set: 39521.17
2024-04-17 18:52 | INFO | Query 14 Active Learning Random Query Instance Cost: 384893.1
2024-04-17 18:52 | INFO | Query 15 Size of the uncertainty table is = 5697/7755
2024-04-17 18:52 | INFO | Query 15 Size of the filtered table is = 77
2024-04-17 18:52 | INFO | Query 15 Active Learning Random Query Runtime on Validation Set: 8642.43
2024-04-17 18:52 | INFO | Query 15 Active Learning Random Query Runtime on Test Set: 3696.02
2024-04-17 18:52 | INFO | Query 15 Active Learning Random Query Instance Cost: 426122.16
2024-04-17 18:52 | INFO | Timeout limit is increased to 1200
2024-04-17 18:52 | INFO | Query 16 Size of the uncertainty table is = 5485/7755
2024-04-17 18:52 | INFO | Query 16 Size of the filtered table is = 77
2024-04-17 18:53 | INFO | Query 16 Active Learning Random Query Runtime on Validation Set: 223942.18
2024-04-17 18:53 | INFO | Query 16 Active Learning Random Query Runtime on Test Set: 39400.94
2024-04-17 18:53 | INFO | Query 16 Active Learning Random Query Instance Cost: 475399.51
2024-04-17 18:53 | INFO | Timeout limit is increased to 1300
2024-04-17 18:53 | INFO | Query 17 Size of the uncertainty table is = 5248/7755
2024-04-17 18:53 | INFO | Query 17 Size of the filtered table is = 77
2024-04-17 18:53 | INFO | Query 17 Active Learning Random Query Runtime on Validation Set: 8584.69
2024-04-17 18:53 | INFO | Query 17 Active Learning Random Query Runtime on Test Set: 3685.57
2024-04-17 18:53 | INFO | Query 17 Active Learning Random Query Instance Cost: 530661.4
2024-04-17 18:53 | INFO | Query 18 Size of the uncertainty table is = 5028/7755
2024-04-17 18:53 | INFO | Query 18 Size of the filtered table is = 77
2024-04-17 18:54 | INFO | Query 18 Active Learning Random Query Runtime on Validation Set: 8584.86
2024-04-17 18:54 | INFO | Query 18 Active Learning Random Query Runtime on Test Set: 3687.52
2024-04-17 18:54 | INFO | Query 18 Active Learning Random Query Instance Cost: 592197.47
2024-04-17 18:54 | INFO | Timeout limit is increased to 1400
2024-04-17 18:54 | INFO | Query 19 Size of the uncertainty table is = 4803/7755
2024-04-17 18:54 | INFO | Query 19 Size of the filtered table is = 77
2024-04-17 18:54 | INFO | Query 19 Active Learning Random Query Runtime on Validation Set: 8540.69
2024-04-17 18:54 | INFO | Query 19 Active Learning Random Query Runtime on Test Set: 3701.97
2024-04-17 18:54 | INFO | Query 19 Active Learning Random Query Instance Cost: 636612.41
2024-04-17 18:54 | INFO | Query 20 Size of the uncertainty table is = 4572/7755
2024-04-17 18:54 | INFO | Query 20 Size of the filtered table is = 77
2024-04-17 18:55 | INFO | Query 20 Active Learning Random Query Runtime on Validation Set: 8696.58
2024-04-17 18:55 | INFO | Query 20 Active Learning Random Query Runtime on Test Set: 3685.97
2024-04-17 18:55 | INFO | Query 20 Active Learning Random Query Instance Cost: 705813.22
2024-04-17 18:55 | INFO | Timeout limit is increased to 1500
2024-04-17 18:55 | INFO | Query 21 Size of the uncertainty table is = 4349/7755
2024-04-17 18:55 | INFO | Query 21 Size of the filtered table is = 77
2024-04-17 18:56 | INFO | Query 21 Active Learning Random Query Runtime on Validation Set: 9172.14
2024-04-17 18:56 | INFO | Query 21 Active Learning Random Query Runtime on Test Set: 3716.64
2024-04-17 18:56 | INFO | Query 21 Active Learning Random Query Instance Cost: 754667.36
2024-04-17 18:56 | INFO | Timeout limit is increased to 1600
2024-04-17 18:56 | INFO | Query 22 Size of the uncertainty table is = 4070/7755
2024-04-17 18:56 | INFO | Query 22 Size of the filtered table is = 77
2024-04-17 18:56 | INFO | Query 22 Active Learning Random Query Runtime on Validation Set: 46491.09
2024-04-17 18:56 | INFO | Query 22 Active Learning Random Query Runtime on Test Set: 3696.51
2024-04-17 18:56 | INFO | Query 22 Active Learning Random Query Instance Cost: 828402.13
2024-04-17 18:56 | INFO | Timeout limit is increased to 1700
2024-04-17 18:56 | INFO | Query 23 Size of the uncertainty table is = 3793/7755
2024-04-17 18:56 | INFO | Query 23 Size of the filtered table is = 77
2024-04-17 18:57 | INFO | Query 23 Active Learning Random Query Runtime on Validation Set: 8899.86
2024-04-17 18:57 | INFO | Query 23 Active Learning Random Query Runtime on Test Set: 3705.19
2024-04-17 18:57 | INFO | Query 23 Active Learning Random Query Instance Cost: 904715.63
2024-04-17 18:57 | INFO | Query 24 Size of the uncertainty table is = 3575/7755
2024-04-17 18:57 | INFO | Query 24 Size of the filtered table is = 77
2024-04-17 18:57 | INFO | Query 24 Active Learning Random Query Runtime on Validation Set: 8539.34
2024-04-17 18:57 | INFO | Query 24 Active Learning Random Query Runtime on Test Set: 3711.63
2024-04-17 18:57 | INFO | Query 24 Active Learning Random Query Instance Cost: 971916.88
2024-04-17 18:57 | INFO | Query 25 Size of the uncertainty table is = 3312/7755
2024-04-17 18:57 | INFO | Query 25 Size of the filtered table is = 77
2024-04-17 18:58 | INFO | Query 25 Active Learning Random Query Runtime on Validation Set: 8848.38
2024-04-17 18:58 | INFO | Query 25 Active Learning Random Query Runtime on Test Set: 3711.06
2024-04-17 18:58 | INFO | Query 25 Active Learning Random Query Instance Cost: 1026020.32
2024-04-17 18:58 | INFO | Timeout limit is increased to 1800
2024-04-17 18:58 | INFO | Query 26 Size of the uncertainty table is = 3077/7755
2024-04-17 18:58 | INFO | Query 26 Size of the filtered table is = 77
2024-04-17 18:58 | INFO | Query 26 Active Learning Random Query Runtime on Validation Set: 8539.46
2024-04-17 18:58 | INFO | Query 26 Active Learning Random Query Runtime on Test Set: 3696.34
2024-04-17 18:58 | INFO | Query 26 Active Learning Random Query Instance Cost: 1094140.77
2024-04-17 18:58 | INFO | Query 27 Size of the uncertainty table is = 2859/7755
2024-04-17 18:58 | INFO | Query 27 Size of the filtered table is = 77
2024-04-17 18:59 | INFO | Query 27 Active Learning Random Query Runtime on Validation Set: 8631.76
2024-04-17 18:59 | INFO | Query 27 Active Learning Random Query Runtime on Test Set: 3710.74
2024-04-17 18:59 | INFO | Query 27 Active Learning Random Query Instance Cost: 1162184.79
2024-04-17 18:59 | INFO | Timeout limit is increased to 1900
2024-04-17 18:59 | INFO | Query 28 Size of the uncertainty table is = 2637/7755
2024-04-17 18:59 | INFO | Query 28 Size of the filtered table is = 77
2024-04-17 18:59 | INFO | Query 28 Active Learning Random Query Runtime on Validation Set: 8631.78
2024-04-17 18:59 | INFO | Query 28 Active Learning Random Query Runtime on Test Set: 3667.06
2024-04-17 18:59 | INFO | Query 28 Active Learning Random Query Instance Cost: 1232911.54
2024-04-17 18:59 | INFO | Timeout limit is increased to 2000
2024-04-17 18:59 | INFO | Query 29 Size of the uncertainty table is = 2430/7755
2024-04-17 18:59 | INFO | Query 29 Size of the filtered table is = 77
2024-04-17 19:00 | INFO | Query 29 Active Learning Random Query Runtime on Validation Set: 8681.09
2024-04-17 19:00 | INFO | Query 29 Active Learning Random Query Runtime on Test Set: 3670.88
2024-04-17 19:00 | INFO | Query 29 Active Learning Random Query Instance Cost: 1313568.85
2024-04-17 19:00 | INFO | Timeout limit is increased to 2100
2024-04-17 19:00 | INFO | Query 30 Size of the uncertainty table is = 2210/7755
2024-04-17 19:00 | INFO | Query 30 Size of the filtered table is = 77
2024-04-17 19:01 | INFO | Query 30 Active Learning Random Query Runtime on Validation Set: 299520.64
2024-04-17 19:01 | INFO | Query 30 Active Learning Random Query Runtime on Test Set: 39411.66
2024-04-17 19:01 | INFO | Query 30 Active Learning Random Query Instance Cost: 1397308.86
2024-04-17 19:01 | INFO | Timeout limit is increased to 2200
2024-04-17 19:01 | INFO | Query 31 Size of the uncertainty table is = 1982/7755
2024-04-17 19:01 | INFO | Query 31 Size of the filtered table is = 77
2024-04-17 19:01 | INFO | Query 31 Active Learning Random Query Runtime on Validation Set: 188418.19
2024-04-17 19:01 | INFO | Query 31 Active Learning Random Query Runtime on Test Set: 39412.7
2024-04-17 19:01 | INFO | Query 31 Active Learning Random Query Instance Cost: 1468137.31
2024-04-17 19:01 | INFO | Query 32 Size of the uncertainty table is = 1769/7755
2024-04-17 19:01 | INFO | Query 32 Size of the filtered table is = 77
2024-04-17 19:02 | INFO | Query 32 Active Learning Random Query Runtime on Validation Set: 8574.41
2024-04-17 19:02 | INFO | Query 32 Active Learning Random Query Runtime on Test Set: 3680.55
2024-04-17 19:02 | INFO | Query 32 Active Learning Random Query Instance Cost: 1556665.58
2024-04-17 19:02 | INFO | Query 33 Size of the uncertainty table is = 1592/7755
2024-04-17 19:02 | INFO | Query 33 Size of the filtered table is = 77
2024-04-17 19:02 | INFO | Query 33 Active Learning Random Query Runtime on Validation Set: 8576.91
2024-04-17 19:02 | INFO | Query 33 Active Learning Random Query Runtime on Test Set: 3658.92
2024-04-17 19:02 | INFO | Query 33 Active Learning Random Query Instance Cost: 1621153.35
2024-04-17 19:02 | INFO | Timeout limit is increased to 2300
2024-04-17 19:02 | INFO | Query 34 Size of the uncertainty table is = 1421/7755
2024-04-17 19:02 | INFO | Query 34 Size of the filtered table is = 77
2024-04-17 19:03 | INFO | Query 34 Active Learning Random Query Runtime on Validation Set: 8576.91
2024-04-17 19:03 | INFO | Query 34 Active Learning Random Query Runtime on Test Set: 3662.93
2024-04-17 19:03 | INFO | Query 34 Active Learning Random Query Instance Cost: 1686300.16
2024-04-17 19:03 | INFO | Timeout limit is increased to 2400
2024-04-17 19:03 | INFO | Query 35 Size of the uncertainty table is = 1283/7755
2024-04-17 19:03 | INFO | Query 35 Size of the filtered table is = 77
2024-04-17 19:03 | INFO | Query 35 Active Learning Random Query Runtime on Validation Set: 8631.84
2024-04-17 19:03 | INFO | Query 35 Active Learning Random Query Runtime on Test Set: 3663.92
2024-04-17 19:03 | INFO | Query 35 Active Learning Random Query Instance Cost: 1761107.04
2024-04-17 19:03 | INFO | Timeout limit is increased to 2500
2024-04-17 19:03 | INFO | Query 36 Size of the uncertainty table is = 1170/7755
2024-04-17 19:03 | INFO | Query 36 Size of the filtered table is = 77
2024-04-17 19:04 | INFO | Query 36 Active Learning Random Query Runtime on Validation Set: 8634.16
2024-04-17 19:04 | INFO | Query 36 Active Learning Random Query Runtime on Test Set: 3663.93
2024-04-17 19:04 | INFO | Query 36 Active Learning Random Query Instance Cost: 1842358.38
2024-04-17 19:04 | INFO | Timeout limit is increased to 2600
2024-04-17 19:04 | INFO | Query 37 Size of the uncertainty table is = 1065/7755
2024-04-17 19:04 | INFO | Query 37 Size of the filtered table is = 77
2024-04-17 19:04 | INFO | Query 37 Active Learning Random Query Runtime on Validation Set: 8734.94
2024-04-17 19:04 | INFO | Query 37 Active Learning Random Query Runtime on Test Set: 3668.73
2024-04-17 19:04 | INFO | Query 37 Active Learning Random Query Instance Cost: 1942250.26
2024-04-17 19:04 | INFO | Timeout limit is increased to 2700
2024-04-17 19:04 | INFO | Query 38 Size of the uncertainty table is = 992/7755
2024-04-17 19:04 | INFO | Query 38 Size of the filtered table is = 77
2024-04-17 19:05 | INFO | Query 38 Active Learning Random Query Runtime on Validation Set: 8677.71
2024-04-17 19:05 | INFO | Query 38 Active Learning Random Query Runtime on Test Set: 3661.61
2024-04-17 19:05 | INFO | Query 38 Active Learning Random Query Instance Cost: 2028994.35
2024-04-17 19:05 | INFO | Query 39 Size of the uncertainty table is = 964/7755
2024-04-17 19:05 | INFO | Query 39 Size of the filtered table is = 77
2024-04-17 19:06 | INFO | Query 39 Active Learning Random Query Runtime on Validation Set: 8599.5
2024-04-17 19:06 | INFO | Query 39 Active Learning Random Query Runtime on Test Set: 3661.61
2024-04-17 19:06 | INFO | Query 39 Active Learning Random Query Instance Cost: 2091628.84
2024-04-17 19:06 | INFO | Query 40 Size of the uncertainty table is = 926/7755
2024-04-17 19:06 | INFO | Query 40 Size of the filtered table is = 77
2024-04-17 19:06 | INFO | Query 40 Active Learning Random Query Runtime on Validation Set: 8574.39
2024-04-17 19:06 | INFO | Query 40 Active Learning Random Query Runtime on Test Set: 3661.6
2024-04-17 19:06 | INFO | Query 40 Active Learning Random Query Instance Cost: 2150916.05
2024-04-17 19:06 | INFO | Query 41 Size of the uncertainty table is = 891/7755
2024-04-17 19:06 | INFO | Query 41 Size of the filtered table is = 77
2024-04-17 19:07 | INFO | Query 41 Active Learning Random Query Runtime on Validation Set: 8656.95
2024-04-17 19:07 | INFO | Query 41 Active Learning Random Query Runtime on Test Set: 3656.8
2024-04-17 19:07 | INFO | Query 41 Active Learning Random Query Instance Cost: 2202330.37
2024-04-17 19:07 | INFO | Timeout limit is increased to 2800
2024-04-17 19:07 | INFO | Query 42 Size of the uncertainty table is = 866/7755
2024-04-17 19:07 | INFO | Query 42 Size of the filtered table is = 77
2024-04-17 19:07 | INFO | Query 42 Active Learning Random Query Runtime on Validation Set: 8631.82
2024-04-17 19:07 | INFO | Query 42 Active Learning Random Query Runtime on Test Set: 3656.8
2024-04-17 19:07 | INFO | Query 42 Active Learning Random Query Instance Cost: 2256915.37
2024-04-17 19:07 | INFO | Query 43 Size of the uncertainty table is = 851/7755
2024-04-17 19:07 | INFO | Query 43 Size of the filtered table is = 77
2024-04-17 19:08 | INFO | Query 43 Active Learning Random Query Runtime on Validation Set: 8631.82
2024-04-17 19:08 | INFO | Query 43 Active Learning Random Query Runtime on Test Set: 3656.8
2024-04-17 19:08 | INFO | Query 43 Active Learning Random Query Instance Cost: 2316125.82
2024-04-17 19:08 | INFO | Timeout limit is increased to 2900
2024-04-17 19:08 | INFO | Query 44 Size of the uncertainty table is = 844/7755
2024-04-17 19:08 | INFO | Query 44 Size of the filtered table is = 77
2024-04-17 19:08 | INFO | Query 44 Active Learning Random Query Runtime on Validation Set: 8631.82
2024-04-17 19:08 | INFO | Query 44 Active Learning Random Query Runtime on Test Set: 3656.81
2024-04-17 19:08 | INFO | Query 44 Active Learning Random Query Instance Cost: 2386479.74
2024-04-17 19:08 | INFO | Timeout limit is increased to 3000
2024-04-17 19:08 | INFO | Query 45 Size of the uncertainty table is = 840/7755
2024-04-17 19:08 | INFO | Query 45 Size of the filtered table is = 77
2024-04-17 19:09 | INFO | Query 45 Active Learning Random Query Runtime on Validation Set: 8631.82
2024-04-17 19:09 | INFO | Query 45 Active Learning Random Query Runtime on Test Set: 3656.8
2024-04-17 19:09 | INFO | Query 45 Active Learning Random Query Instance Cost: 2454679.85
2024-04-17 19:09 | INFO | Timeout limit is increased to 3100
2024-04-17 19:09 | INFO | Query 46 Size of the uncertainty table is = 835/7755
2024-04-17 19:09 | INFO | Query 46 Size of the filtered table is = 77
2024-04-17 19:10 | INFO | Query 46 Active Learning Random Query Runtime on Validation Set: 8631.82
2024-04-17 19:10 | INFO | Query 46 Active Learning Random Query Runtime on Test Set: 3656.93
2024-04-17 19:10 | INFO | Query 46 Active Learning Random Query Instance Cost: 2529241.81
2024-04-17 19:10 | INFO | Timeout limit is increased to 3200
2024-04-17 19:10 | INFO | Query 47 Size of the uncertainty table is = 832/7755
2024-04-17 19:10 | INFO | Query 47 Size of the filtered table is = 77
2024-04-17 19:10 | INFO | Query 47 Active Learning Random Query Runtime on Validation Set: 8631.82
2024-04-17 19:10 | INFO | Query 47 Active Learning Random Query Runtime on Test Set: 3656.93
2024-04-17 19:10 | INFO | Query 47 Active Learning Random Query Instance Cost: 2590041.81
2024-04-17 19:10 | INFO | Timeout limit is increased to 3300
2024-04-17 19:10 | INFO | Query 48 Size of the uncertainty table is = 832/7755
2024-04-17 19:10 | INFO | Query 48 Size of the filtered table is = 77
2024-04-17 19:11 | INFO | Query 48 Active Learning Random Query Runtime on Validation Set: 8631.82
2024-04-17 19:11 | INFO | Query 48 Active Learning Random Query Runtime on Test Set: 3656.93
2024-04-17 19:11 | INFO | Query 48 Active Learning Random Query Instance Cost: 2666841.81
2024-04-17 19:11 | INFO | Timeout limit is increased to 3400
2024-04-17 19:11 | INFO | Query 49 Size of the uncertainty table is = 832/7755
2024-04-17 19:11 | INFO | Query 49 Size of the filtered table is = 77
2024-04-17 19:11 | INFO | Query 49 Active Learning Random Query Runtime on Validation Set: 8631.82
2024-04-17 19:11 | INFO | Query 49 Active Learning Random Query Runtime on Test Set: 3656.93
2024-04-17 19:11 | INFO | Query 49 Active Learning Random Query Instance Cost: 2731841.81
2024-04-17 19:11 | INFO | Timeout limit is increased to 3500
2024-04-17 19:11 | INFO | Query 50 Size of the uncertainty table is = 832/7755
2024-04-17 19:11 | INFO | Query 50 Size of the filtered table is = 77
2024-04-17 19:12 | INFO | Query 50 Active Learning Random Query Runtime on Validation Set: 8631.82
2024-04-17 19:12 | INFO | Query 50 Active Learning Random Query Runtime on Test Set: 3656.93
2024-04-17 19:12 | INFO | Query 50 Active Learning Random Query Instance Cost: 2805941.81
2024-04-17 19:12 | INFO | Timeout limit is increased to 3600
2024-04-17 19:12 | INFO | Query 51 Size of the uncertainty table is = 832/7755
2024-04-17 19:12 | INFO | Query 51 Size of the filtered table is = 77
2024-04-17 19:12 | INFO | Query 51 Active Learning Random Query Runtime on Validation Set: 8631.82
2024-04-17 19:12 | INFO | Query 51 Active Learning Random Query Runtime on Test Set: 3656.93
2024-04-17 19:12 | INFO | Query 51 Active Learning Random Query Instance Cost: 2886141.81
2024-04-17 19:12 | INFO | Timeout limit is increased to 3600
2024-04-17 19:12 | INFO | runtime_train_score is written as json file
2024-04-17 19:12 | INFO | runtime_test_score is written as json file
2024-04-17 19:12 | INFO | runtime_validation_score is written as json file
2024-04-17 19:12 | INFO | instance_cost is written as json file
2024-04-17 19:12 | INFO | Experiment is finished
