2024-04-17 19:08 | INFO | Paramaters are: {'dataset': 'ASP-POTASSCO', 'penalty': 10, 'weight': 'No_Weight', 'voting': 'Hard', 'pre_selection_size': 64, 'pre_selection_technique': 'No_pre_selection', 'feature_elimination_threshold': 20, 'imputer_strategy': 'median', 'feature_selection_technique': 'No_feature_selection', 'feature_scaling_technique': 'StandardScaler', 'initial_train_size': 20, 'query_size': 1, 'timeout_predictor_usage': 'Yes', 'timeout_limit': 3600, 'timeout_increase_rate': 100, 'RANDOM_STATE_SEED': 123, 'n_splits': 10, 'split_number': 0, 'max_timeout': 3600, 'param_grid': {'n_estimators': 100, 'criterion': 'gini', 'max_features': 'sqrt', 'max_depth': 2147483648, 'min_samples_split': 2, 'bootstrap': True}}
2024-04-17 19:08 | INFO | ASP-POTASSCO is current dataset
2024-04-17 19:08 | INFO | DATASETS/ASP-POTASSCO/algorithm_runs.arff is found
2024-04-17 19:08 | INFO | DATASETS/ASP-POTASSCO/algorithm_runs.arff is finished
2024-04-17 19:08 | INFO | DATASETS/ASP-POTASSCO/feature_values.arff is found
2024-04-17 19:08 | INFO | DATASETS/ASP-POTASSCO/feature_values.arff is finished
2024-04-17 19:08 | INFO | DATASETS/ASP-POTASSCO/feature_costs.arff is found
2024-04-17 19:08 | INFO | DATASETS/ASP-POTASSCO/feature_costs.arff is finished
2024-04-17 19:08 | INFO | Feature cost of train set is 988.59
2024-04-17 19:11 | INFO | Initial Active Learning Random Query Runtime on Validation Set: 521018.83
2024-04-17 19:11 | INFO | Initial Active Learning Random Query Runtime on Test Set: 363466.45
2024-04-17 19:11 | INFO | Initial Active Learning Random Query Instance Cost: 249597.53
2024-04-17 19:11 | INFO | Bin size = 392
2024-04-17 19:11 | INFO | Query 1 Size of the uncertainty table is = 39270/39270
2024-04-17 19:11 | INFO | Query 1 Size of the filtered table is = 392
2024-04-17 19:13 | INFO | Query 1 Active Learning Random Query Runtime on Validation Set: 263861.69
2024-04-17 19:13 | INFO | Query 1 Active Learning Random Query Runtime on Test Set: 292345.23
2024-04-17 19:13 | INFO | Query 1 Active Learning Random Query Instance Cost: 819718.99
2024-04-17 19:13 | INFO | Query 2 Size of the uncertainty table is = 38613/39270
2024-04-17 19:13 | INFO | Query 2 Size of the filtered table is = 392
2024-04-17 19:16 | INFO | Query 2 Active Learning Random Query Runtime on Validation Set: 764294.63
2024-04-17 19:16 | INFO | Query 2 Active Learning Random Query Runtime on Test Set: 327576.9
2024-04-17 19:16 | INFO | Query 2 Active Learning Random Query Instance Cost: 1372530.46
2024-04-17 19:16 | INFO | Timeout limit is increased to 3600
2024-04-17 19:16 | INFO | Query 3 Size of the uncertainty table is = 37422/39270
2024-04-17 19:16 | INFO | Query 3 Size of the filtered table is = 392
2024-04-17 19:18 | INFO | Query 3 Active Learning Random Query Runtime on Validation Set: 690565.9
2024-04-17 19:18 | INFO | Query 3 Active Learning Random Query Runtime on Test Set: 219105.88
2024-04-17 19:18 | INFO | Query 3 Active Learning Random Query Instance Cost: 1746487.35
2024-04-17 19:18 | INFO | Query 4 Size of the uncertainty table is = 35871/39270
2024-04-17 19:18 | INFO | Query 4 Size of the filtered table is = 392
2024-04-17 19:21 | INFO | Query 4 Active Learning Random Query Runtime on Validation Set: 474243.01
2024-04-17 19:21 | INFO | Query 4 Active Learning Random Query Runtime on Test Set: 256635.16
2024-04-17 19:21 | INFO | Query 4 Active Learning Random Query Instance Cost: 2082073.21
2024-04-17 19:21 | INFO | Query 5 Size of the uncertainty table is = 34032/39270
2024-04-17 19:21 | INFO | Query 5 Size of the filtered table is = 392
2024-04-17 19:24 | INFO | Query 5 Active Learning Random Query Runtime on Validation Set: 224379.34
2024-04-17 19:24 | INFO | Query 5 Active Learning Random Query Runtime on Test Set: 184090.85
2024-04-17 19:24 | INFO | Query 5 Active Learning Random Query Instance Cost: 2490947.47
2024-04-17 19:24 | INFO | Query 6 Size of the uncertainty table is = 31920/39270
2024-04-17 19:24 | INFO | Query 6 Size of the filtered table is = 392
2024-04-17 19:26 | INFO | Query 6 Active Learning Random Query Runtime on Validation Set: 224407.83
2024-04-17 19:26 | INFO | Query 6 Active Learning Random Query Runtime on Test Set: 184834.43
2024-04-17 19:26 | INFO | Query 6 Active Learning Random Query Instance Cost: 2878014.3
2024-04-17 19:26 | INFO | Timeout limit is increased to 3600
2024-04-17 19:26 | INFO | Query 7 Size of the uncertainty table is = 29554/39270
2024-04-17 19:26 | INFO | Query 7 Size of the filtered table is = 392
2024-04-17 19:29 | INFO | Query 7 Active Learning Random Query Runtime on Validation Set: 368378.33
2024-04-17 19:29 | INFO | Query 7 Active Learning Random Query Runtime on Test Set: 148166.12
2024-04-17 19:29 | INFO | Query 7 Active Learning Random Query Instance Cost: 3187865.56
2024-04-17 19:29 | INFO | Timeout limit is increased to 3600
2024-04-17 19:29 | INFO | Query 8 Size of the uncertainty table is = 27024/39270
2024-04-17 19:29 | INFO | Query 8 Size of the filtered table is = 392
2024-04-17 19:32 | INFO | Query 8 Active Learning Random Query Runtime on Validation Set: 152613.77
2024-04-17 19:32 | INFO | Query 8 Active Learning Random Query Runtime on Test Set: 220552.85
2024-04-17 19:32 | INFO | Query 8 Active Learning Random Query Instance Cost: 3465986.9
2024-04-17 19:32 | INFO | Query 9 Size of the uncertainty table is = 24227/39270
2024-04-17 19:32 | INFO | Query 9 Size of the filtered table is = 392
2024-04-17 19:35 | INFO | Query 9 Active Learning Random Query Runtime on Validation Set: 224789.01
2024-04-17 19:35 | INFO | Query 9 Active Learning Random Query Runtime on Test Set: 220207.98
2024-04-17 19:35 | INFO | Query 9 Active Learning Random Query Instance Cost: 3776179.16
2024-04-17 19:35 | INFO | Timeout limit is increased to 3600
2024-04-17 19:35 | INFO | Query 10 Size of the uncertainty table is = 21418/39270
2024-04-17 19:35 | INFO | Query 10 Size of the filtered table is = 392
2024-04-17 19:37 | INFO | Query 10 Active Learning Random Query Runtime on Validation Set: 368821.2
2024-04-17 19:37 | INFO | Query 10 Active Learning Random Query Runtime on Test Set: 148682.7
2024-04-17 19:37 | INFO | Query 10 Active Learning Random Query Instance Cost: 4056827.05
2024-04-17 19:37 | INFO | Timeout limit is increased to 3600
2024-04-17 19:37 | INFO | Query 11 Size of the uncertainty table is = 18334/39270
2024-04-17 19:37 | INFO | Query 11 Size of the filtered table is = 392
2024-04-17 19:40 | INFO | Query 11 Active Learning Random Query Runtime on Validation Set: 331431.84
2024-04-17 19:40 | INFO | Query 11 Active Learning Random Query Runtime on Test Set: 219858.53
2024-04-17 19:40 | INFO | Query 11 Active Learning Random Query Instance Cost: 4371267.4
2024-04-17 19:40 | INFO | Query 12 Size of the uncertainty table is = 15306/39270
2024-04-17 19:40 | INFO | Query 12 Size of the filtered table is = 392
2024-04-17 19:43 | INFO | Query 12 Active Learning Random Query Runtime on Validation Set: 403095.25
2024-04-17 19:43 | INFO | Query 12 Active Learning Random Query Runtime on Test Set: 184047.03
2024-04-17 19:43 | INFO | Query 12 Active Learning Random Query Instance Cost: 4635999.37
2024-04-17 19:43 | INFO | Timeout limit is increased to 3600
2024-04-17 19:43 | INFO | Query 13 Size of the uncertainty table is = 12076/39270
2024-04-17 19:43 | INFO | Query 13 Size of the filtered table is = 392
2024-04-17 19:46 | INFO | Query 13 Active Learning Random Query Runtime on Validation Set: 366979.84
2024-04-17 19:46 | INFO | Query 13 Active Learning Random Query Runtime on Test Set: 184098.39
2024-04-17 19:46 | INFO | Query 13 Active Learning Random Query Instance Cost: 4908762.49
2024-04-17 19:46 | INFO | Query 14 Size of the uncertainty table is = 8834/39270
2024-04-17 19:46 | INFO | Query 14 Size of the filtered table is = 392
2024-04-17 19:49 | INFO | Query 14 Active Learning Random Query Runtime on Validation Set: 369084.72
2024-04-17 19:49 | INFO | Query 14 Active Learning Random Query Runtime on Test Set: 255480.52
2024-04-17 19:49 | INFO | Query 14 Active Learning Random Query Instance Cost: 5141130.27
2024-04-17 19:49 | INFO | Timeout limit is increased to 3600
2024-04-17 19:49 | INFO | Query 15 Size of the uncertainty table is = 5637/39270
2024-04-17 19:49 | INFO | Query 15 Size of the filtered table is = 392
2024-04-17 19:52 | INFO | Query 15 Active Learning Random Query Runtime on Validation Set: 367382.85
2024-04-17 19:52 | INFO | Query 15 Active Learning Random Query Runtime on Test Set: 256184.0
2024-04-17 19:52 | INFO | Query 15 Active Learning Random Query Instance Cost: 5350944.83
2024-04-17 19:52 | INFO | Query 16 Size of the uncertainty table is = 2799/39270
2024-04-17 19:52 | INFO | Query 16 Size of the filtered table is = 392
2024-04-17 19:55 | INFO | Query 16 Active Learning Random Query Runtime on Validation Set: 439187.19
2024-04-17 19:55 | INFO | Query 16 Active Learning Random Query Runtime on Test Set: 148249.57
2024-04-17 19:55 | INFO | Query 16 Active Learning Random Query Instance Cost: 5487412.82
2024-04-17 19:55 | INFO | Timeout limit is increased to 3600
2024-04-17 19:55 | INFO | Query 17 Size of the uncertainty table is = 741/39270
2024-04-17 19:55 | INFO | Query 17 Size of the filtered table is = 392
2024-04-17 19:58 | INFO | Query 17 Active Learning Random Query Runtime on Validation Set: 296424.83
2024-04-17 19:58 | INFO | Query 17 Active Learning Random Query Runtime on Test Set: 148383.02
2024-04-17 19:58 | INFO | Query 17 Active Learning Random Query Instance Cost: 5522928.23
2024-04-17 19:58 | INFO | runtime_train_score is written as json file
2024-04-17 19:58 | INFO | runtime_test_score is written as json file
2024-04-17 19:58 | INFO | runtime_validation_score is written as json file
2024-04-17 19:58 | INFO | instance_cost is written as json file
2024-04-17 19:58 | INFO | Experiment is finished
