2024-04-16 22:16 | INFO | Paramaters are: {'dataset': 'MAXSAT12-PMS', 'penalty': 10, 'weight': 'No_Weight', 'voting': 'Hard', 'pre_selection_size': 64, 'pre_selection_technique': 'No_pre_selection', 'feature_elimination_threshold': 20, 'imputer_strategy': 'median', 'feature_selection_technique': 'No_feature_selection', 'feature_scaling_technique': 'StandardScaler', 'initial_train_size': 20, 'query_size': 1, 'timeout_predictor_usage': 'No', 'timeout_limit': 100, 'timeout_increase_rate': 100, 'RANDOM_STATE_SEED': 7, 'n_splits': 10, 'split_number': 7, 'max_timeout': 3600, 'param_grid': {'n_estimators': 100, 'criterion': 'gini', 'max_features': 'sqrt', 'max_depth': 2147483648, 'min_samples_split': 2, 'bootstrap': True}}
2024-04-16 22:16 | INFO | MAXSAT12-PMS is current dataset
2024-04-16 22:16 | INFO | DATASETS/MAXSAT12-PMS/algorithm_runs.csv is found
2024-04-16 22:16 | INFO | DATASETS/MAXSAT12-PMS/algorithm_runs.csv is finished
2024-04-16 22:16 | INFO | DATASETS/MAXSAT12-PMS/feature_values.csv is found
2024-04-16 22:16 | INFO | DATASETS/MAXSAT12-PMS/feature_values.csv is finished
2024-04-16 22:16 | INFO | DATASETS/MAXSAT12-PMS/feature_costs.csv is found
2024-04-16 22:16 | INFO | DATASETS/MAXSAT12-PMS/feature_costs.csv is finished
2024-04-16 22:16 | INFO | Virtual best solver time in train = 18775.85
2024-04-16 22:16 | INFO | Single best solver list train = {'DSWPM1_924': 8582519.64, 'akmaxsat': 7839217.21, 'akmaxsat_ls': 7839180.45, 'pwbo2.1': 4092286.35, 'qmaxsat0.21comp': 2092539.23, 'qmaxsat0.21g2comp': 2444866.93}
2024-04-16 22:16 | INFO | Single best solver time train = qmaxsat0.21comp (2092539.23)
2024-04-16 22:16 | INFO | Virtual best solver time in validation = 7385.46
2024-04-16 22:16 | INFO | Single best solver list validation = {'DSWPM1_924': 2458556.75, 'akmaxsat': 4148818.98, 'akmaxsat_ls': 4148827.09, 'pwbo2.1': 767594.77, 'qmaxsat0.21comp': 695387.22, 'qmaxsat0.21g2comp': 8111.91}
2024-04-16 22:16 | INFO | Single best solver time validation = qmaxsat0.21g2comp (8111.91)
2024-04-16 22:16 | INFO | Virtual best solver time in test = 4391.78
2024-04-16 22:16 | INFO | Single best solver list test = {'DSWPM1_924': 1231672.58, 'akmaxsat': 1444935.47, 'akmaxsat_ls': 1444960.77, 'pwbo2.1': 651188.18, 'qmaxsat0.21comp': 258279.58, 'qmaxsat0.21g2comp': 219412.42}
2024-04-16 22:16 | INFO | Single best solver time test = qmaxsat0.21g2comp (219412.42)
2024-04-16 22:16 | INFO | Passive Learning Runtime on Validation Set: 81741.86
2024-04-16 22:16 | INFO | Passive Learning Runtime on Test Set: 75901.27
2024-04-16 22:16 | INFO | Passive Learning Instance Cost: 3471409.81
2024-04-16 22:17 | INFO | Initial Active Learning Runtime on Validation Set: 695420.78
2024-04-16 22:17 | INFO | Initial Active Learning Runtime on Test Set: 256157.55
2024-04-16 22:17 | INFO | Initial Active Learning Instance Cost: 4378.03
2024-04-16 22:17 | INFO | Bin size = 78
2024-04-16 22:17 | INFO | Query 1 Size of the uncertainty table is = 7808/7770
2024-04-16 22:17 | INFO | Query 1 Size of the filtered table is = 78
2024-04-16 22:17 | INFO | Query 1 Active Learning Runtime on Validation Set: 695420.78
2024-04-16 22:17 | INFO | Query 1 Active Learning Runtime on Test Set: 256145.06
2024-04-16 22:17 | INFO | Query 1 Active Learning Instance Cost: 16135.56
2024-04-16 22:17 | INFO | Timeout limit is increased to 200
2024-04-16 22:17 | INFO | Query 2 Size of the uncertainty table is = 7786/7770
2024-04-16 22:17 | INFO | Query 2 Size of the filtered table is = 78
2024-04-16 22:18 | INFO | Query 2 Active Learning Runtime on Validation Set: 695420.78
2024-04-16 22:18 | INFO | Query 2 Active Learning Runtime on Test Set: 220164.79
2024-04-16 22:18 | INFO | Query 2 Active Learning Instance Cost: 31828.87
2024-04-16 22:18 | INFO | Timeout limit is increased to 300
2024-04-16 22:18 | INFO | Query 3 Size of the uncertainty table is = 7763/7770
2024-04-16 22:18 | INFO | Query 3 Size of the filtered table is = 78
2024-04-16 22:18 | INFO | Query 3 Active Learning Runtime on Validation Set: 695404.66
2024-04-16 22:18 | INFO | Query 3 Active Learning Runtime on Test Set: 220278.11
2024-04-16 22:18 | INFO | Query 3 Active Learning Instance Cost: 45854.99
2024-04-16 22:18 | INFO | Query 4 Size of the uncertainty table is = 7715/7770
2024-04-16 22:18 | INFO | Query 4 Size of the filtered table is = 78
2024-04-16 22:19 | INFO | Query 4 Active Learning Runtime on Validation Set: 695346.7000000001
2024-04-16 22:19 | INFO | Query 4 Active Learning Runtime on Test Set: 220244.41999999998
2024-04-16 22:19 | INFO | Query 4 Active Learning Instance Cost: 63888.52
2024-04-16 22:19 | INFO | Query 5 Size of the uncertainty table is = 7622/7770
2024-04-16 22:19 | INFO | Query 5 Size of the filtered table is = 78
2024-04-16 22:20 | INFO | Query 5 Active Learning Runtime on Validation Set: 695346.7000000001
2024-04-16 22:20 | INFO | Query 5 Active Learning Runtime on Test Set: 220244.44
2024-04-16 22:20 | INFO | Query 5 Active Learning Instance Cost: 77571.65
2024-04-16 22:20 | INFO | Timeout limit is increased to 400
2024-04-16 22:20 | INFO | Query 6 Size of the uncertainty table is = 7484/7770
2024-04-16 22:20 | INFO | Query 6 Size of the filtered table is = 78
2024-04-16 22:20 | INFO | Query 6 Active Learning Runtime on Validation Set: 695393.39
2024-04-16 22:20 | INFO | Query 6 Active Learning Runtime on Test Set: 220221.78
2024-04-16 22:20 | INFO | Query 6 Active Learning Instance Cost: 104642.08
2024-04-16 22:20 | INFO | Timeout limit is increased to 500
2024-04-16 22:20 | INFO | Query 7 Size of the uncertainty table is = 7376/7770
2024-04-16 22:20 | INFO | Query 7 Size of the filtered table is = 78
2024-04-16 22:21 | INFO | Query 7 Active Learning Runtime on Validation Set: 695346.7000000001
2024-04-16 22:21 | INFO | Query 7 Active Learning Runtime on Test Set: 183288.65
2024-04-16 22:21 | INFO | Query 7 Active Learning Instance Cost: 133131.74
2024-04-16 22:21 | INFO | Query 8 Size of the uncertainty table is = 7258/7770
2024-04-16 22:21 | INFO | Query 8 Size of the filtered table is = 78
2024-04-16 22:21 | INFO | Query 8 Active Learning Runtime on Validation Set: 406177.8
2024-04-16 22:21 | INFO | Query 8 Active Learning Runtime on Test Set: 183175.59
2024-04-16 22:21 | INFO | Query 8 Active Learning Instance Cost: 178030.13
2024-04-16 22:21 | INFO | Query 9 Size of the uncertainty table is = 7169/7770
2024-04-16 22:21 | INFO | Query 9 Size of the filtered table is = 78
2024-04-16 22:22 | INFO | Query 9 Active Learning Runtime on Validation Set: 406251.9
2024-04-16 22:22 | INFO | Query 9 Active Learning Runtime on Test Set: 182880.21
2024-04-16 22:22 | INFO | Query 9 Active Learning Instance Cost: 200369.48
2024-04-16 22:22 | INFO | Timeout limit is increased to 600
2024-04-16 22:22 | INFO | Query 10 Size of the uncertainty table is = 7019/7770
2024-04-16 22:22 | INFO | Query 10 Size of the filtered table is = 78
2024-04-16 22:22 | INFO | Query 10 Active Learning Runtime on Validation Set: 406233.83
2024-04-16 22:22 | INFO | Query 10 Active Learning Runtime on Test Set: 183020.45
2024-04-16 22:22 | INFO | Query 10 Active Learning Instance Cost: 224293.54
2024-04-16 22:22 | INFO | Query 11 Size of the uncertainty table is = 6841/7770
2024-04-16 22:22 | INFO | Query 11 Size of the filtered table is = 78
2024-04-16 22:23 | INFO | Query 11 Active Learning Runtime on Validation Set: 406218.58
2024-04-16 22:23 | INFO | Query 11 Active Learning Runtime on Test Set: 147070.55
2024-04-16 22:23 | INFO | Query 11 Active Learning Instance Cost: 245397.08
2024-04-16 22:23 | INFO | Query 12 Size of the uncertainty table is = 6677/7770
2024-04-16 22:23 | INFO | Query 12 Size of the filtered table is = 78
2024-04-16 22:23 | INFO | Query 12 Active Learning Runtime on Validation Set: 800057.1200000001
2024-04-16 22:23 | INFO | Query 12 Active Learning Runtime on Test Set: 146867.79
2024-04-16 22:23 | INFO | Query 12 Active Learning Instance Cost: 271489.49
2024-04-16 22:23 | INFO | Timeout limit is increased to 700
2024-04-16 22:23 | INFO | Query 13 Size of the uncertainty table is = 6596/7770
2024-04-16 22:23 | INFO | Query 13 Size of the filtered table is = 78
2024-04-16 22:24 | INFO | Query 13 Active Learning Runtime on Validation Set: 693257.28
2024-04-16 22:24 | INFO | Query 13 Active Learning Runtime on Test Set: 146868.06
2024-04-16 22:24 | INFO | Query 13 Active Learning Instance Cost: 303738.61
2024-04-16 22:24 | INFO | Query 14 Size of the uncertainty table is = 6481/7770
2024-04-16 22:24 | INFO | Query 14 Size of the filtered table is = 78
2024-04-16 22:24 | INFO | Query 14 Active Learning Runtime on Validation Set: 585865.9500000001
2024-04-16 22:24 | INFO | Query 14 Active Learning Runtime on Test Set: 146868.06
2024-04-16 22:24 | INFO | Query 14 Active Learning Instance Cost: 324843.61
2024-04-16 22:24 | INFO | Query 15 Size of the uncertainty table is = 6419/7770
2024-04-16 22:24 | INFO | Query 15 Size of the filtered table is = 78
2024-04-16 22:25 | INFO | Query 15 Active Learning Runtime on Validation Set: 800033.6100000001
2024-04-16 22:25 | INFO | Query 15 Active Learning Runtime on Test Set: 146867.38
2024-04-16 22:25 | INFO | Query 15 Active Learning Instance Cost: 358037.78
2024-04-16 22:25 | INFO | Timeout limit is increased to 800
2024-04-16 22:25 | INFO | Query 16 Size of the uncertainty table is = 6377/7770
2024-04-16 22:25 | INFO | Query 16 Size of the filtered table is = 78
2024-04-16 22:26 | INFO | Query 16 Active Learning Runtime on Validation Set: 406191.75
2024-04-16 22:26 | INFO | Query 16 Active Learning Runtime on Test Set: 146891.18
2024-04-16 22:26 | INFO | Query 16 Active Learning Instance Cost: 385608.68
2024-04-16 22:26 | INFO | Query 17 Size of the uncertainty table is = 6306/7770
2024-04-16 22:26 | INFO | Query 17 Size of the filtered table is = 78
2024-04-16 22:26 | INFO | Query 17 Active Learning Runtime on Validation Set: 406183.56
2024-04-16 22:26 | INFO | Query 17 Active Learning Runtime on Test Set: 146932.68
2024-04-16 22:26 | INFO | Query 17 Active Learning Instance Cost: 423147.26
2024-04-16 22:26 | INFO | Query 18 Size of the uncertainty table is = 6278/7770
2024-04-16 22:26 | INFO | Query 18 Size of the filtered table is = 78
2024-04-16 22:27 | INFO | Query 18 Active Learning Runtime on Validation Set: 406198.26
2024-04-16 22:27 | INFO | Query 18 Active Learning Runtime on Test Set: 146919.83
2024-04-16 22:27 | INFO | Query 18 Active Learning Instance Cost: 432841.99
2024-04-16 22:27 | INFO | Timeout limit is increased to 900
2024-04-16 22:27 | INFO | Query 19 Size of the uncertainty table is = 6229/7770
2024-04-16 22:27 | INFO | Query 19 Size of the filtered table is = 78
2024-04-16 22:27 | INFO | Query 19 Active Learning Runtime on Validation Set: 406209.9
2024-04-16 22:27 | INFO | Query 19 Active Learning Runtime on Test Set: 146906.32
2024-04-16 22:27 | INFO | Query 19 Active Learning Instance Cost: 457590.05
2024-04-16 22:27 | INFO | Timeout limit is increased to 1000
2024-04-16 22:27 | INFO | Query 20 Size of the uncertainty table is = 6219/7770
2024-04-16 22:27 | INFO | Query 20 Size of the filtered table is = 78
2024-04-16 22:28 | INFO | Query 20 Active Learning Runtime on Validation Set: 406209.9
2024-04-16 22:28 | INFO | Query 20 Active Learning Runtime on Test Set: 146903.22
2024-04-16 22:28 | INFO | Query 20 Active Learning Instance Cost: 484533.4
2024-04-16 22:28 | INFO | Timeout limit is increased to 1100
2024-04-16 22:28 | INFO | Query 21 Size of the uncertainty table is = 6173/7770
2024-04-16 22:28 | INFO | Query 21 Size of the filtered table is = 78
2024-04-16 22:28 | INFO | Query 21 Active Learning Runtime on Validation Set: 406209.9
2024-04-16 22:28 | INFO | Query 21 Active Learning Runtime on Test Set: 112053.0
2024-04-16 22:28 | INFO | Query 21 Active Learning Instance Cost: 519495.14
2024-04-16 22:28 | INFO | Timeout limit is increased to 1200
2024-04-16 22:28 | INFO | Query 22 Size of the uncertainty table is = 6145/7770
2024-04-16 22:28 | INFO | Query 22 Size of the filtered table is = 78
2024-04-16 22:29 | INFO | Query 22 Active Learning Runtime on Validation Set: 406209.9
2024-04-16 22:29 | INFO | Query 22 Active Learning Runtime on Test Set: 112047.29
2024-04-16 22:29 | INFO | Query 22 Active Learning Instance Cost: 544548.85
2024-04-16 22:29 | INFO | Timeout limit is increased to 1300
2024-04-16 22:29 | INFO | Query 23 Size of the uncertainty table is = 6120/7770
2024-04-16 22:29 | INFO | Query 23 Size of the filtered table is = 78
2024-04-16 22:29 | INFO | Query 23 Active Learning Runtime on Validation Set: 406251.9
2024-04-16 22:29 | INFO | Query 23 Active Learning Runtime on Test Set: 112037.84
2024-04-16 22:29 | INFO | Query 23 Active Learning Instance Cost: 576060.06
2024-04-16 22:29 | INFO | Timeout limit is increased to 1400
2024-04-16 22:29 | INFO | Query 24 Size of the uncertainty table is = 6088/7770
2024-04-16 22:29 | INFO | Query 24 Size of the filtered table is = 78
2024-04-16 22:30 | INFO | Query 24 Active Learning Runtime on Validation Set: 406251.9
2024-04-16 22:30 | INFO | Query 24 Active Learning Runtime on Test Set: 112037.84
2024-04-16 22:30 | INFO | Query 24 Active Learning Instance Cost: 617160.53
2024-04-16 22:30 | INFO | Timeout limit is increased to 1500
2024-04-16 22:30 | INFO | Query 25 Size of the uncertainty table is = 6075/7770
2024-04-16 22:30 | INFO | Query 25 Size of the filtered table is = 78
2024-04-16 22:30 | INFO | Query 25 Active Learning Runtime on Validation Set: 406232.75
2024-04-16 22:30 | INFO | Query 25 Active Learning Runtime on Test Set: 112029.75
2024-04-16 22:30 | INFO | Query 25 Active Learning Instance Cost: 640008.82
2024-04-16 22:30 | INFO | Query 26 Size of the uncertainty table is = 6065/7770
2024-04-16 22:30 | INFO | Query 26 Size of the filtered table is = 78
2024-04-16 22:31 | INFO | Query 26 Active Learning Runtime on Validation Set: 406232.75
2024-04-16 22:31 | INFO | Query 26 Active Learning Runtime on Test Set: 112037.84
2024-04-16 22:31 | INFO | Query 26 Active Learning Instance Cost: 642224.22
2024-04-16 22:31 | INFO | Timeout limit is increased to 1600
2024-04-16 22:31 | INFO | Query 27 Size of the uncertainty table is = 6051/7770
2024-04-16 22:31 | INFO | Query 27 Size of the filtered table is = 78
2024-04-16 22:31 | INFO | Query 27 Active Learning Runtime on Validation Set: 406251.9
2024-04-16 22:31 | INFO | Query 27 Active Learning Runtime on Test Set: 112055.38
2024-04-16 22:31 | INFO | Query 27 Active Learning Instance Cost: 716541.98
2024-04-16 22:31 | INFO | Timeout limit is increased to 1700
2024-04-16 22:31 | INFO | Query 28 Size of the uncertainty table is = 6004/7770
2024-04-16 22:31 | INFO | Query 28 Size of the filtered table is = 78
2024-04-16 22:32 | INFO | Query 28 Active Learning Runtime on Validation Set: 406251.9
2024-04-16 22:32 | INFO | Query 28 Active Learning Runtime on Test Set: 112037.84
2024-04-16 22:32 | INFO | Query 28 Active Learning Instance Cost: 772767.89
2024-04-16 22:32 | INFO | Timeout limit is increased to 1800
2024-04-16 22:32 | INFO | Query 29 Size of the uncertainty table is = 5992/7770
2024-04-16 22:32 | INFO | Query 29 Size of the filtered table is = 78
2024-04-16 22:32 | INFO | Query 29 Active Learning Runtime on Validation Set: 406251.9
2024-04-16 22:32 | INFO | Query 29 Active Learning Runtime on Test Set: 112055.4
2024-04-16 22:32 | INFO | Query 29 Active Learning Instance Cost: 795869.86
2024-04-16 22:32 | INFO | Timeout limit is increased to 1900
2024-04-16 22:33 | INFO | Query 30 Size of the uncertainty table is = 5972/7770
2024-04-16 22:33 | INFO | Query 30 Size of the filtered table is = 78
2024-04-16 22:33 | INFO | Query 30 Active Learning Runtime on Validation Set: 406251.9
2024-04-16 22:33 | INFO | Query 30 Active Learning Runtime on Test Set: 112037.09
2024-04-16 22:33 | INFO | Query 30 Active Learning Instance Cost: 871098.65
2024-04-16 22:33 | INFO | Timeout limit is increased to 2000
2024-04-16 22:33 | INFO | Query 31 Size of the uncertainty table is = 5954/7770
2024-04-16 22:33 | INFO | Query 31 Size of the filtered table is = 78
2024-04-16 22:34 | INFO | Query 31 Active Learning Runtime on Validation Set: 406251.9
2024-04-16 22:34 | INFO | Query 31 Active Learning Runtime on Test Set: 112037.09
2024-04-16 22:34 | INFO | Query 31 Active Learning Instance Cost: 911299.13
2024-04-16 22:34 | INFO | Timeout limit is increased to 2100
2024-04-16 22:34 | INFO | Query 32 Size of the uncertainty table is = 5947/7770
2024-04-16 22:34 | INFO | Query 32 Size of the filtered table is = 78
2024-04-16 22:34 | INFO | Query 32 Active Learning Runtime on Validation Set: 406251.9
2024-04-16 22:34 | INFO | Query 32 Active Learning Runtime on Test Set: 112037.09
2024-04-16 22:34 | INFO | Query 32 Active Learning Instance Cost: 929197.47
2024-04-16 22:34 | INFO | Timeout limit is increased to 2200
2024-04-16 22:34 | INFO | Query 33 Size of the uncertainty table is = 5938/7770
2024-04-16 22:34 | INFO | Query 33 Size of the filtered table is = 78
2024-04-16 22:35 | INFO | Query 33 Active Learning Runtime on Validation Set: 406251.9
2024-04-16 22:35 | INFO | Query 33 Active Learning Runtime on Test Set: 112037.06999999999
2024-04-16 22:35 | INFO | Query 33 Active Learning Instance Cost: 965998.29
2024-04-16 22:35 | INFO | Timeout limit is increased to 2300
2024-04-16 22:35 | INFO | Query 34 Size of the uncertainty table is = 5924/7770
2024-04-16 22:35 | INFO | Query 34 Size of the filtered table is = 78
2024-04-16 22:35 | INFO | Query 34 Active Learning Runtime on Validation Set: 406251.9
2024-04-16 22:35 | INFO | Query 34 Active Learning Runtime on Test Set: 112037.06999999999
2024-04-16 22:35 | INFO | Query 34 Active Learning Instance Cost: 1029569.35
2024-04-16 22:35 | INFO | Timeout limit is increased to 2400
2024-04-16 22:35 | INFO | Query 35 Size of the uncertainty table is = 5921/7770
2024-04-16 22:35 | INFO | Query 35 Size of the filtered table is = 78
2024-04-16 22:36 | INFO | Query 35 Active Learning Runtime on Validation Set: 406251.9
2024-04-16 22:36 | INFO | Query 35 Active Learning Runtime on Test Set: 112037.06999999999
2024-04-16 22:36 | INFO | Query 35 Active Learning Instance Cost: 1048290.72
2024-04-16 22:36 | INFO | Timeout limit is increased to 2500
2024-04-16 22:36 | INFO | Query 36 Size of the uncertainty table is = 5917/7770
2024-04-16 22:36 | INFO | Query 36 Size of the filtered table is = 78
2024-04-16 22:36 | INFO | Query 36 Active Learning Runtime on Validation Set: 406232.75
2024-04-16 22:36 | INFO | Query 36 Active Learning Runtime on Test Set: 112037.06999999999
2024-04-16 22:36 | INFO | Query 36 Active Learning Instance Cost: 1107286.62
2024-04-16 22:36 | INFO | Query 37 Size of the uncertainty table is = 5888/7770
2024-04-16 22:36 | INFO | Query 37 Size of the filtered table is = 78
2024-04-16 22:37 | INFO | Query 37 Active Learning Runtime on Validation Set: 406126.01
2024-04-16 22:37 | INFO | Query 37 Active Learning Runtime on Test Set: 112121.23999999999
2024-04-16 22:37 | INFO | Query 37 Active Learning Instance Cost: 1134969.95
2024-04-16 22:37 | INFO | Query 38 Size of the uncertainty table is = 5846/7770
2024-04-16 22:37 | INFO | Query 38 Size of the filtered table is = 78
2024-04-16 22:37 | INFO | Query 38 Active Learning Runtime on Validation Set: 406117.04
2024-04-16 22:37 | INFO | Query 38 Active Learning Runtime on Test Set: 112103.7
2024-04-16 22:37 | INFO | Query 38 Active Learning Instance Cost: 1147865.31
2024-04-16 22:37 | INFO | Query 39 Size of the uncertainty table is = 5816/7770
2024-04-16 22:37 | INFO | Query 39 Size of the filtered table is = 78
2024-04-16 22:38 | INFO | Query 39 Active Learning Runtime on Validation Set: 406123.21
2024-04-16 22:38 | INFO | Query 39 Active Learning Runtime on Test Set: 112053.63
2024-04-16 22:38 | INFO | Query 39 Active Learning Instance Cost: 1169620.25
2024-04-16 22:38 | INFO | Timeout limit is increased to 2600
2024-04-16 22:38 | INFO | Query 40 Size of the uncertainty table is = 5794/7770
2024-04-16 22:38 | INFO | Query 40 Size of the filtered table is = 78
2024-04-16 22:38 | INFO | Query 40 Active Learning Runtime on Validation Set: 406100.14
2024-04-16 22:38 | INFO | Query 40 Active Learning Runtime on Test Set: 112052.51
2024-04-16 22:38 | INFO | Query 40 Active Learning Instance Cost: 1195087.99
2024-04-16 22:38 | INFO | Query 41 Size of the uncertainty table is = 5757/7770
2024-04-16 22:38 | INFO | Query 41 Size of the filtered table is = 78
2024-04-16 22:39 | INFO | Query 41 Active Learning Runtime on Validation Set: 8224.0
2024-04-16 22:39 | INFO | Query 41 Active Learning Runtime on Test Set: 40003.18
2024-04-16 22:39 | INFO | Query 41 Active Learning Instance Cost: 1202605.84
2024-04-16 22:39 | INFO | Query 42 Size of the uncertainty table is = 5733/7770
2024-04-16 22:39 | INFO | Query 42 Size of the filtered table is = 78
2024-04-16 22:39 | INFO | Query 42 Active Learning Runtime on Validation Set: 8224.0
2024-04-16 22:39 | INFO | Query 42 Active Learning Runtime on Test Set: 40020.72
2024-04-16 22:39 | INFO | Query 42 Active Learning Instance Cost: 1223694.94
2024-04-16 22:39 | INFO | Timeout limit is increased to 2700
2024-04-16 22:39 | INFO | Query 43 Size of the uncertainty table is = 5702/7770
2024-04-16 22:39 | INFO | Query 43 Size of the filtered table is = 78
2024-04-16 22:40 | INFO | Query 43 Active Learning Runtime on Validation Set: 8245.949999999999
2024-04-16 22:40 | INFO | Query 43 Active Learning Runtime on Test Set: 40020.72
2024-04-16 22:40 | INFO | Query 43 Active Learning Instance Cost: 1248663.66
2024-04-16 22:40 | INFO | Timeout limit is increased to 2800
2024-04-16 22:40 | INFO | Query 44 Size of the uncertainty table is = 5676/7770
2024-04-16 22:40 | INFO | Query 44 Size of the filtered table is = 78
2024-04-16 22:40 | INFO | Query 44 Active Learning Runtime on Validation Set: 8245.949999999999
2024-04-16 22:40 | INFO | Query 44 Active Learning Runtime on Test Set: 40020.72
2024-04-16 22:40 | INFO | Query 44 Active Learning Instance Cost: 1269664.72
2024-04-16 22:40 | INFO | Timeout limit is increased to 2900
2024-04-16 22:40 | INFO | Query 45 Size of the uncertainty table is = 5666/7770
2024-04-16 22:40 | INFO | Query 45 Size of the filtered table is = 78
2024-04-16 22:41 | INFO | Query 45 Active Learning Runtime on Validation Set: 8245.949999999999
2024-04-16 22:41 | INFO | Query 45 Active Learning Runtime on Test Set: 40020.72
2024-04-16 22:41 | INFO | Query 45 Active Learning Instance Cost: 1284514.11
2024-04-16 22:41 | INFO | Timeout limit is increased to 3000
2024-04-16 22:41 | INFO | Query 46 Size of the uncertainty table is = 5656/7770
2024-04-16 22:41 | INFO | Query 46 Size of the filtered table is = 78
2024-04-16 22:41 | INFO | Query 46 Active Learning Runtime on Validation Set: 8245.949999999999
2024-04-16 22:41 | INFO | Query 46 Active Learning Runtime on Test Set: 40020.72
2024-04-16 22:41 | INFO | Query 46 Active Learning Instance Cost: 1303531.16
2024-04-16 22:41 | INFO | Timeout limit is increased to 3100
2024-04-16 22:41 | INFO | Query 47 Size of the uncertainty table is = 5651/7770
2024-04-16 22:41 | INFO | Query 47 Size of the filtered table is = 78
2024-04-16 22:42 | INFO | Query 47 Active Learning Runtime on Validation Set: 8245.949999999999
2024-04-16 22:42 | INFO | Query 47 Active Learning Runtime on Test Set: 40020.72
2024-04-16 22:42 | INFO | Query 47 Active Learning Instance Cost: 1396812.11
2024-04-16 22:42 | INFO | Timeout limit is increased to 3200
2024-04-16 22:42 | INFO | Query 48 Size of the uncertainty table is = 5556/7770
2024-04-16 22:42 | INFO | Query 48 Size of the filtered table is = 78
2024-04-16 22:43 | INFO | Query 48 Active Learning Runtime on Validation Set: 8245.949999999999
2024-04-16 22:43 | INFO | Query 48 Active Learning Runtime on Test Set: 40020.72
2024-04-16 22:43 | INFO | Query 48 Active Learning Instance Cost: 1416731.36
2024-04-16 22:43 | INFO | Timeout limit is increased to 3300
2024-04-16 22:43 | INFO | Query 49 Size of the uncertainty table is = 5546/7770
2024-04-16 22:43 | INFO | Query 49 Size of the filtered table is = 78
2024-04-16 22:43 | INFO | Query 49 Active Learning Runtime on Validation Set: 8245.949999999999
2024-04-16 22:43 | INFO | Query 49 Active Learning Runtime on Test Set: 40020.72
2024-04-16 22:43 | INFO | Query 49 Active Learning Instance Cost: 1432864.44
2024-04-16 22:43 | INFO | Timeout limit is increased to 3400
2024-04-16 22:43 | INFO | Query 50 Size of the uncertainty table is = 5541/7770
2024-04-16 22:43 | INFO | Query 50 Size of the filtered table is = 78
2024-04-16 22:44 | INFO | Query 50 Active Learning Runtime on Validation Set: 8245.949999999999
2024-04-16 22:44 | INFO | Query 50 Active Learning Runtime on Test Set: 40020.72
2024-04-16 22:44 | INFO | Query 50 Active Learning Instance Cost: 1449920.79
2024-04-16 22:44 | INFO | Timeout limit is increased to 3500
2024-04-16 22:44 | INFO | Query 51 Size of the uncertainty table is = 5538/7770
2024-04-16 22:44 | INFO | Query 51 Size of the filtered table is = 78
2024-04-16 22:44 | INFO | Query 51 Active Learning Runtime on Validation Set: 8245.949999999999
2024-04-16 22:44 | INFO | Query 51 Active Learning Runtime on Test Set: 40020.72
2024-04-16 22:44 | INFO | Query 51 Active Learning Instance Cost: 1468820.79
2024-04-16 22:44 | INFO | Timeout limit is increased to 3600
2024-04-16 22:44 | INFO | Query 52 Size of the uncertainty table is = 5538/7770
2024-04-16 22:44 | INFO | Query 52 Size of the filtered table is = 78
2024-04-16 22:45 | INFO | Query 52 Active Learning Runtime on Validation Set: 8245.949999999999
2024-04-16 22:45 | INFO | Query 52 Active Learning Runtime on Test Set: 40020.72
2024-04-16 22:45 | INFO | Query 52 Active Learning Instance Cost: 1482220.79
2024-04-16 22:45 | INFO | Timeout limit is increased to 3600
2024-04-16 22:45 | INFO | Query 53 Size of the uncertainty table is = 4987/7770
2024-04-16 22:45 | INFO | Query 53 Size of the filtered table is = 78
2024-04-16 22:45 | INFO | Query 53 Active Learning Runtime on Validation Set: 262710.41
2024-04-16 22:45 | INFO | Query 53 Active Learning Runtime on Test Set: 112014.59999999999
2024-04-16 22:45 | INFO | Query 53 Active Learning Instance Cost: 1526419.27
2024-04-16 22:45 | INFO | Timeout limit is increased to 3600
2024-04-16 22:45 | INFO | Query 54 Size of the uncertainty table is = 4643/7770
2024-04-16 22:45 | INFO | Query 54 Size of the filtered table is = 78
2024-04-16 22:46 | INFO | Query 54 Active Learning Runtime on Validation Set: 8250.279999999999
2024-04-16 22:46 | INFO | Query 54 Active Learning Runtime on Test Set: 39964.56
2024-04-16 22:46 | INFO | Query 54 Active Learning Instance Cost: 1552607.61
2024-04-16 22:46 | INFO | Query 55 Size of the uncertainty table is = 4370/7770
2024-04-16 22:46 | INFO | Query 55 Size of the filtered table is = 78
2024-04-16 22:46 | INFO | Query 55 Active Learning Runtime on Validation Set: 8302.769999999999
2024-04-16 22:46 | INFO | Query 55 Active Learning Runtime on Test Set: 39964.57
2024-04-16 22:46 | INFO | Query 55 Active Learning Instance Cost: 1613897.33
2024-04-16 22:46 | INFO | Timeout limit is increased to 3600
2024-04-16 22:46 | INFO | Query 56 Size of the uncertainty table is = 4131/7770
2024-04-16 22:46 | INFO | Query 56 Size of the filtered table is = 78
2024-04-16 22:47 | INFO | Query 56 Active Learning Runtime on Validation Set: 191186.82
2024-04-16 22:47 | INFO | Query 56 Active Learning Runtime on Test Set: 75925.47
2024-04-16 22:47 | INFO | Query 56 Active Learning Instance Cost: 1711574.01
2024-04-16 22:47 | INFO | Timeout limit is increased to 3600
2024-04-16 22:47 | INFO | Query 57 Size of the uncertainty table is = 3805/7770
2024-04-16 22:47 | INFO | Query 57 Size of the filtered table is = 78
2024-04-16 22:48 | INFO | Query 57 Active Learning Runtime on Validation Set: 8203.03
2024-04-16 22:48 | INFO | Query 57 Active Learning Runtime on Test Set: 39964.56
2024-04-16 22:48 | INFO | Query 57 Active Learning Instance Cost: 1838478.97
2024-04-16 22:48 | INFO | Query 58 Size of the uncertainty table is = 3438/7770
2024-04-16 22:48 | INFO | Query 58 Size of the filtered table is = 78
2024-04-16 22:48 | INFO | Query 58 Active Learning Runtime on Validation Set: 117883.33
2024-04-16 22:48 | INFO | Query 58 Active Learning Runtime on Test Set: 75909.38
2024-04-16 22:48 | INFO | Query 58 Active Learning Instance Cost: 1977773.65
2024-04-16 22:48 | INFO | Timeout limit is increased to 3600
2024-04-16 22:48 | INFO | Query 59 Size of the uncertainty table is = 3146/7770
2024-04-16 22:48 | INFO | Query 59 Size of the filtered table is = 78
2024-04-16 22:49 | INFO | Query 59 Active Learning Runtime on Validation Set: 8251.3
2024-04-16 22:49 | INFO | Query 59 Active Learning Runtime on Test Set: 39964.31
2024-04-16 22:49 | INFO | Query 59 Active Learning Instance Cost: 2019387.98
2024-04-16 22:49 | INFO | Query 60 Size of the uncertainty table is = 2860/7770
2024-04-16 22:49 | INFO | Query 60 Size of the filtered table is = 78
2024-04-16 22:49 | INFO | Query 60 Active Learning Runtime on Validation Set: 8255.76
2024-04-16 22:49 | INFO | Query 60 Active Learning Runtime on Test Set: 39980.119999999995
2024-04-16 22:49 | INFO | Query 60 Active Learning Instance Cost: 2042955.0
2024-04-16 22:49 | INFO | Timeout limit is increased to 3600
2024-04-16 22:49 | INFO | Query 61 Size of the uncertainty table is = 2435/7770
2024-04-16 22:49 | INFO | Query 61 Size of the filtered table is = 78
2024-04-16 22:50 | INFO | Query 61 Active Learning Runtime on Validation Set: 8217.49
2024-04-16 22:50 | INFO | Query 61 Active Learning Runtime on Test Set: 39980.0
2024-04-16 22:50 | INFO | Query 61 Active Learning Instance Cost: 2093693.95
2024-04-16 22:50 | INFO | Query 62 Size of the uncertainty table is = 2071/7770
2024-04-16 22:50 | INFO | Query 62 Size of the filtered table is = 78
2024-04-16 22:51 | INFO | Query 62 Active Learning Runtime on Validation Set: 8069.5
2024-04-16 22:51 | INFO | Query 62 Active Learning Runtime on Test Set: 39979.899999999994
2024-04-16 22:51 | INFO | Query 62 Active Learning Instance Cost: 2147752.65
2024-04-16 22:51 | INFO | Query 63 Size of the uncertainty table is = 1681/7770
2024-04-16 22:51 | INFO | Query 63 Size of the filtered table is = 78
2024-04-16 22:51 | INFO | Query 63 Active Learning Runtime on Validation Set: 8103.93
2024-04-16 22:51 | INFO | Query 63 Active Learning Runtime on Test Set: 39981.78
2024-04-16 22:51 | INFO | Query 63 Active Learning Instance Cost: 2333177.8
2024-04-16 22:51 | INFO | Timeout limit is increased to 3600
2024-04-16 22:51 | INFO | Query 64 Size of the uncertainty table is = 1322/7770
2024-04-16 22:51 | INFO | Query 64 Size of the filtered table is = 78
2024-04-16 22:52 | INFO | Query 64 Active Learning Runtime on Validation Set: 8069.4800000000005
2024-04-16 22:52 | INFO | Query 64 Active Learning Runtime on Test Set: 39955.869999999995
2024-04-16 22:52 | INFO | Query 64 Active Learning Instance Cost: 2381039.53
2024-04-16 22:52 | INFO | Query 65 Size of the uncertainty table is = 1052/7770
2024-04-16 22:52 | INFO | Query 65 Size of the filtered table is = 78
2024-04-16 22:52 | INFO | Query 65 Active Learning Runtime on Validation Set: 8103.25
2024-04-16 22:52 | INFO | Query 65 Active Learning Runtime on Test Set: 39981.78
2024-04-16 22:52 | INFO | Query 65 Active Learning Instance Cost: 2462589.95
2024-04-16 22:52 | INFO | Timeout limit is increased to 3600
2024-04-16 22:52 | INFO | Query 66 Size of the uncertainty table is = 743/7770
2024-04-16 22:52 | INFO | Query 66 Size of the filtered table is = 78
2024-04-16 22:53 | INFO | Query 66 Active Learning Runtime on Validation Set: 8154.72
2024-04-16 22:53 | INFO | Query 66 Active Learning Runtime on Test Set: 39999.2
2024-04-16 22:53 | INFO | Query 66 Active Learning Instance Cost: 2498130.41
2024-04-16 22:53 | INFO | Timeout limit is increased to 3600
2024-04-16 22:53 | INFO | Query 67 Size of the uncertainty table is = 512/7770
2024-04-16 22:53 | INFO | Query 67 Size of the filtered table is = 78
2024-04-16 22:53 | INFO | Query 67 Active Learning Runtime on Validation Set: 8100.910000000001
2024-04-16 22:53 | INFO | Query 67 Active Learning Runtime on Test Set: 39957.88
2024-04-16 22:53 | INFO | Query 67 Active Learning Instance Cost: 2506828.87
2024-04-16 22:53 | INFO | Query 68 Size of the uncertainty table is = 243/7770
2024-04-16 22:53 | INFO | Query 68 Size of the filtered table is = 78
2024-04-16 22:54 | INFO | Query 68 Active Learning Runtime on Validation Set: 8100.910000000001
2024-04-16 22:54 | INFO | Query 68 Active Learning Runtime on Test Set: 39957.86
2024-04-16 22:54 | INFO | Query 68 Active Learning Instance Cost: 2684084.99
2024-04-16 22:54 | INFO | Timeout limit is increased to 3600
2024-04-16 22:54 | INFO | runtime_test_score is written as json file
2024-04-16 22:54 | INFO | runtime_validation_score is written as json file
2024-04-16 22:54 | INFO | instance_cost is written as json file
2024-04-16 22:54 | INFO | Experiment is finished
