2024-04-17 11:11 | INFO | Paramaters are: {'dataset': 'ASP-POTASSCO', 'penalty': 10, 'weight': 'No_Weight', 'voting': 'Hard', 'pre_selection_size': 64, 'pre_selection_technique': 'No_pre_selection', 'feature_elimination_threshold': 20, 'imputer_strategy': 'median', 'feature_selection_technique': 'No_feature_selection', 'feature_scaling_technique': 'StandardScaler', 'initial_train_size': 20, 'query_size': 1, 'timeout_predictor_usage': 'No', 'timeout_limit': 100, 'timeout_increase_rate': 100, 'RANDOM_STATE_SEED': 42, 'n_splits': 10, 'split_number': 6, 'max_timeout': 3600, 'param_grid': {'n_estimators': 100, 'criterion': 'gini', 'max_features': 'sqrt', 'max_depth': 2147483648, 'min_samples_split': 2, 'bootstrap': True}}
2024-04-17 11:11 | INFO | ASP-POTASSCO is current dataset
2024-04-17 11:11 | INFO | DATASETS/ASP-POTASSCO/algorithm_runs.arff is found
2024-04-17 11:11 | INFO | DATASETS/ASP-POTASSCO/algorithm_runs.arff is finished
2024-04-17 11:11 | INFO | DATASETS/ASP-POTASSCO/feature_values.arff is found
2024-04-17 11:11 | INFO | DATASETS/ASP-POTASSCO/feature_values.arff is finished
2024-04-17 11:11 | INFO | DATASETS/ASP-POTASSCO/feature_costs.arff is found
2024-04-17 11:11 | INFO | DATASETS/ASP-POTASSCO/feature_costs.arff is finished
2024-04-17 11:11 | INFO | Virtual best solver time in train = 20837.82
2024-04-17 11:11 | INFO | Single best solver list train = {'clasp/2.1.3/h1-n1': 2793093.0, 'clasp/2.1.3/h10-n1': 5029060.52, 'clasp/2.1.3/h11-n1': 6757909.5, 'clasp/2.1.3/h2-n1': 5027602.61, 'clasp/2.1.3/h3-n1': 5772583.56, 'clasp/2.1.3/h4-n1': 3776345.45, 'clasp/2.1.3/h5-n1': 4774175.53, 'clasp/2.1.3/h6-n1': 4131940.5, 'clasp/2.1.3/h7-n1': 6464604.3, 'clasp/2.1.3/h8-n1': 2995383.37, 'clasp/2.1.3/h9-n1': 4457922.51}
2024-04-17 11:11 | INFO | Single best solver time train = clasp/2.1.3/h1-n1 (2793093.0)
2024-04-17 11:11 | INFO | Virtual best solver time in validation = 2663.82
2024-04-17 11:11 | INFO | Single best solver list validation = {'clasp/2.1.3/h1-n1': 304851.04, 'clasp/2.1.3/h10-n1': 508204.32, 'clasp/2.1.3/h11-n1': 2390241.25, 'clasp/2.1.3/h2-n1': 402240.15, 'clasp/2.1.3/h3-n1': 2067395.82, 'clasp/2.1.3/h4-n1': 591925.01, 'clasp/2.1.3/h5-n1': 223036.51, 'clasp/2.1.3/h6-n1': 437671.95, 'clasp/2.1.3/h7-n1': 626683.2, 'clasp/2.1.3/h8-n1': 725161.32, 'clasp/2.1.3/h9-n1': 1707287.07}
2024-04-17 11:11 | INFO | Single best solver time validation = clasp/2.1.3/h5-n1 (223036.51)
2024-04-17 11:11 | INFO | Virtual best solver time in test = 3776.66
2024-04-17 11:11 | INFO | Single best solver list test = {'clasp/2.1.3/h1-n1': 578987.26, 'clasp/2.1.3/h10-n1': 795253.16, 'clasp/2.1.3/h11-n1': 1120184.63, 'clasp/2.1.3/h2-n1': 1011261.84, 'clasp/2.1.3/h3-n1': 1014022.64, 'clasp/2.1.3/h4-n1': 616579.43, 'clasp/2.1.3/h5-n1': 652142.69, 'clasp/2.1.3/h6-n1': 582068.04, 'clasp/2.1.3/h7-n1': 975593.39, 'clasp/2.1.3/h8-n1': 474565.42, 'clasp/2.1.3/h9-n1': 868919.06}
2024-04-17 11:11 | INFO | Single best solver time test = clasp/2.1.3/h8-n1 (474565.42)
2024-04-17 11:14 | INFO | Passive Learning Runtime on Validation Set: 187068.72
2024-04-17 11:14 | INFO | Passive Learning Runtime on Test Set: 114008.23
2024-04-17 11:14 | INFO | Passive Learning Instance Cost: 5486620.85
2024-04-17 11:16 | INFO | Initial Active Learning Runtime on Validation Set: 441656.05
2024-04-17 11:16 | INFO | Initial Active Learning Runtime on Test Set: 508799.75
2024-04-17 11:16 | INFO | Initial Active Learning Instance Cost: 6283.85
2024-04-17 11:16 | INFO | Bin size = 394
2024-04-17 11:16 | INFO | Query 1 Size of the uncertainty table is = 39506/39325
2024-04-17 11:16 | INFO | Query 1 Size of the filtered table is = 394
2024-04-17 11:19 | INFO | Query 1 Active Learning Runtime on Validation Set: 304698.86
2024-04-17 11:19 | INFO | Query 1 Active Learning Runtime on Test Set: 472300.45999999996
2024-04-17 11:19 | INFO | Query 1 Active Learning Instance Cost: 34048.89
2024-04-17 11:19 | INFO | Query 2 Size of the uncertainty table is = 38991/39325
2024-04-17 11:19 | INFO | Query 2 Size of the filtered table is = 394
2024-04-17 11:21 | INFO | Query 2 Active Learning Runtime on Validation Set: 446723.37
2024-04-17 11:21 | INFO | Query 2 Active Learning Runtime on Test Set: 400886.77999999997
2024-04-17 11:21 | INFO | Query 2 Active Learning Instance Cost: 58128.65
2024-04-17 11:21 | INFO | Timeout limit is increased to 200
2024-04-17 11:21 | INFO | Query 3 Size of the uncertainty table is = 38073/39325
2024-04-17 11:21 | INFO | Query 3 Size of the filtered table is = 394
2024-04-17 11:24 | INFO | Query 3 Active Learning Runtime on Validation Set: 476104.57999999996
2024-04-17 11:24 | INFO | Query 3 Active Learning Runtime on Test Set: 400706.64999999997
2024-04-17 11:24 | INFO | Query 3 Active Learning Instance Cost: 96497.77
2024-04-17 11:24 | INFO | Timeout limit is increased to 300
2024-04-17 11:24 | INFO | Query 4 Size of the uncertainty table is = 36839/39325
2024-04-17 11:24 | INFO | Query 4 Size of the filtered table is = 394
2024-04-17 11:27 | INFO | Query 4 Active Learning Runtime on Validation Set: 476951.50999999995
2024-04-17 11:27 | INFO | Query 4 Active Learning Runtime on Test Set: 258394.58000000002
2024-04-17 11:27 | INFO | Query 4 Active Learning Instance Cost: 159897.37
2024-04-17 11:27 | INFO | Timeout limit is increased to 400
2024-04-17 11:27 | INFO | Query 5 Size of the uncertainty table is = 35325/39325
2024-04-17 11:27 | INFO | Query 5 Size of the filtered table is = 394
2024-04-17 11:29 | INFO | Query 5 Active Learning Runtime on Validation Set: 366275.0
2024-04-17 11:29 | INFO | Query 5 Active Learning Runtime on Test Set: 258061.78
2024-04-17 11:29 | INFO | Query 5 Active Learning Instance Cost: 229463.16
2024-04-17 11:29 | INFO | Query 6 Size of the uncertainty table is = 33614/39325
2024-04-17 11:29 | INFO | Query 6 Size of the filtered table is = 394
2024-04-17 11:32 | INFO | Query 6 Active Learning Runtime on Validation Set: 475062.0
2024-04-17 11:32 | INFO | Query 6 Active Learning Runtime on Test Set: 222559.42
2024-04-17 11:32 | INFO | Query 6 Active Learning Instance Cost: 278756.56
2024-04-17 11:32 | INFO | Timeout limit is increased to 500
2024-04-17 11:32 | INFO | Query 7 Size of the uncertainty table is = 31475/39325
2024-04-17 11:32 | INFO | Query 7 Size of the filtered table is = 394
2024-04-17 11:35 | INFO | Query 7 Active Learning Runtime on Validation Set: 293656.92
2024-04-17 11:35 | INFO | Query 7 Active Learning Runtime on Test Set: 258017.23
2024-04-17 11:35 | INFO | Query 7 Active Learning Instance Cost: 349532.73
2024-04-17 11:35 | INFO | Query 8 Size of the uncertainty table is = 29470/39325
2024-04-17 11:35 | INFO | Query 8 Size of the filtered table is = 394
2024-04-17 11:37 | INFO | Query 8 Active Learning Runtime on Validation Set: 330314.42
2024-04-17 11:37 | INFO | Query 8 Active Learning Runtime on Test Set: 222360.23
2024-04-17 11:37 | INFO | Query 8 Active Learning Instance Cost: 401250.31
2024-04-17 11:37 | INFO | Timeout limit is increased to 600
2024-04-17 11:37 | INFO | Query 9 Size of the uncertainty table is = 27200/39325
2024-04-17 11:37 | INFO | Query 9 Size of the filtered table is = 394
2024-04-17 11:40 | INFO | Query 9 Active Learning Runtime on Validation Set: 402345.98
2024-04-17 11:40 | INFO | Query 9 Active Learning Runtime on Test Set: 221467.27000000002
2024-04-17 11:40 | INFO | Query 9 Active Learning Instance Cost: 476485.98
2024-04-17 11:40 | INFO | Timeout limit is increased to 700
2024-04-17 11:40 | INFO | Query 10 Size of the uncertainty table is = 25101/39325
2024-04-17 11:40 | INFO | Query 10 Size of the filtered table is = 394
2024-04-17 11:43 | INFO | Query 10 Active Learning Runtime on Validation Set: 329608.44999999995
2024-04-17 11:43 | INFO | Query 10 Active Learning Runtime on Test Set: 222341.0
2024-04-17 11:43 | INFO | Query 10 Active Learning Instance Cost: 555665.8
2024-04-17 11:43 | INFO | Query 11 Size of the uncertainty table is = 22941/39325
2024-04-17 11:43 | INFO | Query 11 Size of the filtered table is = 394
2024-04-17 11:46 | INFO | Query 11 Active Learning Runtime on Validation Set: 330379.51999999996
2024-04-17 11:46 | INFO | Query 11 Active Learning Runtime on Test Set: 186163.84
2024-04-17 11:46 | INFO | Query 11 Active Learning Instance Cost: 635257.79
2024-04-17 11:46 | INFO | Timeout limit is increased to 800
2024-04-17 11:46 | INFO | Query 12 Size of the uncertainty table is = 21001/39325
2024-04-17 11:46 | INFO | Query 12 Size of the filtered table is = 394
2024-04-17 11:49 | INFO | Query 12 Active Learning Runtime on Validation Set: 222400.93000000002
2024-04-17 11:49 | INFO | Query 12 Active Learning Runtime on Test Set: 186470.78
2024-04-17 11:49 | INFO | Query 12 Active Learning Instance Cost: 736901.75
2024-04-17 11:49 | INFO | Query 13 Size of the uncertainty table is = 19196/39325
2024-04-17 11:49 | INFO | Query 13 Size of the filtered table is = 394
2024-04-17 11:51 | INFO | Query 13 Active Learning Runtime on Validation Set: 258295.92
2024-04-17 11:51 | INFO | Query 13 Active Learning Runtime on Test Set: 221861.52000000002
2024-04-17 11:51 | INFO | Query 13 Active Learning Instance Cost: 844070.28
2024-04-17 11:51 | INFO | Timeout limit is increased to 900
2024-04-17 11:51 | INFO | Query 14 Size of the uncertainty table is = 17778/39325
2024-04-17 11:51 | INFO | Query 14 Size of the filtered table is = 394
2024-04-17 11:54 | INFO | Query 14 Active Learning Runtime on Validation Set: 293675.16
2024-04-17 11:54 | INFO | Query 14 Active Learning Runtime on Test Set: 185781.85
2024-04-17 11:54 | INFO | Query 14 Active Learning Instance Cost: 951350.1
2024-04-17 11:54 | INFO | Timeout limit is increased to 1000
2024-04-17 11:54 | INFO | Query 15 Size of the uncertainty table is = 16531/39325
2024-04-17 11:54 | INFO | Query 15 Size of the filtered table is = 394
2024-04-17 11:57 | INFO | Query 15 Active Learning Runtime on Validation Set: 258174.55000000002
2024-04-17 11:57 | INFO | Query 15 Active Learning Runtime on Test Set: 221818.06
2024-04-17 11:57 | INFO | Query 15 Active Learning Instance Cost: 1073522.69
2024-04-17 11:57 | INFO | Query 16 Size of the uncertainty table is = 15680/39325
2024-04-17 11:57 | INFO | Query 16 Size of the filtered table is = 394
2024-04-17 12:00 | INFO | Query 16 Active Learning Runtime on Validation Set: 258466.62
2024-04-17 12:00 | INFO | Query 16 Active Learning Runtime on Test Set: 149944.03
2024-04-17 12:00 | INFO | Query 16 Active Learning Instance Cost: 1149591.61
2024-04-17 12:00 | INFO | Timeout limit is increased to 1100
2024-04-17 12:00 | INFO | Query 17 Size of the uncertainty table is = 15086/39325
2024-04-17 12:00 | INFO | Query 17 Size of the filtered table is = 394
2024-04-17 12:03 | INFO | Query 17 Active Learning Runtime on Validation Set: 293541.41
2024-04-17 12:03 | INFO | Query 17 Active Learning Runtime on Test Set: 186472.08000000002
2024-04-17 12:03 | INFO | Query 17 Active Learning Instance Cost: 1251301.46
2024-04-17 12:03 | INFO | Timeout limit is increased to 1200
2024-04-17 12:03 | INFO | Query 18 Size of the uncertainty table is = 14632/39325
2024-04-17 12:03 | INFO | Query 18 Size of the filtered table is = 394
2024-04-17 12:06 | INFO | Query 18 Active Learning Runtime on Validation Set: 186832.2
2024-04-17 12:06 | INFO | Query 18 Active Learning Runtime on Test Set: 185913.98
2024-04-17 12:06 | INFO | Query 18 Active Learning Instance Cost: 1346936.05
2024-04-17 12:06 | INFO | Query 19 Size of the uncertainty table is = 14233/39325
2024-04-17 12:06 | INFO | Query 19 Size of the filtered table is = 394
2024-04-17 12:08 | INFO | Query 19 Active Learning Runtime on Validation Set: 258535.97
2024-04-17 12:08 | INFO | Query 19 Active Learning Runtime on Test Set: 150237.28
2024-04-17 12:08 | INFO | Query 19 Active Learning Instance Cost: 1432490.03
2024-04-17 12:08 | INFO | Timeout limit is increased to 1300
2024-04-17 12:08 | INFO | Query 20 Size of the uncertainty table is = 13888/39325
2024-04-17 12:08 | INFO | Query 20 Size of the filtered table is = 394
2024-04-17 12:11 | INFO | Query 20 Active Learning Runtime on Validation Set: 258201.44
2024-04-17 12:11 | INFO | Query 20 Active Learning Runtime on Test Set: 185816.53
2024-04-17 12:11 | INFO | Query 20 Active Learning Instance Cost: 1536079.95
2024-04-17 12:11 | INFO | Query 21 Size of the uncertainty table is = 13698/39325
2024-04-17 12:11 | INFO | Query 21 Size of the filtered table is = 394
2024-04-17 12:14 | INFO | Query 21 Active Learning Runtime on Validation Set: 258215.22
2024-04-17 12:14 | INFO | Query 21 Active Learning Runtime on Test Set: 150063.69
2024-04-17 12:14 | INFO | Query 21 Active Learning Instance Cost: 1594595.57
2024-04-17 12:14 | INFO | Timeout limit is increased to 1400
2024-04-17 12:14 | INFO | Query 22 Size of the uncertainty table is = 13434/39325
2024-04-17 12:14 | INFO | Query 22 Size of the filtered table is = 394
2024-04-17 12:17 | INFO | Query 22 Active Learning Runtime on Validation Set: 258753.21000000002
2024-04-17 12:17 | INFO | Query 22 Active Learning Runtime on Test Set: 150195.26
2024-04-17 12:17 | INFO | Query 22 Active Learning Instance Cost: 1720027.45
2024-04-17 12:17 | INFO | Timeout limit is increased to 1500
2024-04-17 12:17 | INFO | Query 23 Size of the uncertainty table is = 13185/39325
2024-04-17 12:17 | INFO | Query 23 Size of the filtered table is = 394
2024-04-17 12:20 | INFO | Query 23 Active Learning Runtime on Validation Set: 258172.11000000002
2024-04-17 12:20 | INFO | Query 23 Active Learning Runtime on Test Set: 221921.39
2024-04-17 12:20 | INFO | Query 23 Active Learning Instance Cost: 1815171.57
2024-04-17 12:20 | INFO | Query 24 Size of the uncertainty table is = 13059/39325
2024-04-17 12:20 | INFO | Query 24 Size of the filtered table is = 394
2024-04-17 12:22 | INFO | Query 24 Active Learning Runtime on Validation Set: 293422.83999999997
2024-04-17 12:22 | INFO | Query 24 Active Learning Runtime on Test Set: 186185.79
2024-04-17 12:22 | INFO | Query 24 Active Learning Instance Cost: 1834446.86
2024-04-17 12:22 | INFO | Timeout limit is increased to 1600
2024-04-17 12:22 | INFO | Query 25 Size of the uncertainty table is = 12890/39325
2024-04-17 12:22 | INFO | Query 25 Size of the filtered table is = 394
2024-04-17 12:25 | INFO | Query 25 Active Learning Runtime on Validation Set: 293425.23
2024-04-17 12:25 | INFO | Query 25 Active Learning Runtime on Test Set: 186316.64
2024-04-17 12:25 | INFO | Query 25 Active Learning Instance Cost: 1906814.11
2024-04-17 12:25 | INFO | Timeout limit is increased to 1700
2024-04-17 12:25 | INFO | Query 26 Size of the uncertainty table is = 12822/39325
2024-04-17 12:25 | INFO | Query 26 Size of the filtered table is = 394
2024-04-17 12:28 | INFO | Query 26 Active Learning Runtime on Validation Set: 258243.98
2024-04-17 12:28 | INFO | Query 26 Active Learning Runtime on Test Set: 186320.96000000002
2024-04-17 12:28 | INFO | Query 26 Active Learning Instance Cost: 1982076.35
2024-04-17 12:28 | INFO | Query 27 Size of the uncertainty table is = 12761/39325
2024-04-17 12:28 | INFO | Query 27 Size of the filtered table is = 394
2024-04-17 12:31 | INFO | Query 27 Active Learning Runtime on Validation Set: 150853.2
2024-04-17 12:31 | INFO | Query 27 Active Learning Runtime on Test Set: 150224.04
2024-04-17 12:31 | INFO | Query 27 Active Learning Instance Cost: 2000611.82
2024-04-17 12:31 | INFO | Query 28 Size of the uncertainty table is = 12713/39325
2024-04-17 12:31 | INFO | Query 28 Size of the filtered table is = 394
2024-04-17 12:34 | INFO | Query 28 Active Learning Runtime on Validation Set: 258909.83000000002
2024-04-17 12:34 | INFO | Query 28 Active Learning Runtime on Test Set: 186321.41
2024-04-17 12:34 | INFO | Query 28 Active Learning Instance Cost: 2012614.45
2024-04-17 12:34 | INFO | Timeout limit is increased to 1800
2024-04-17 12:34 | INFO | Query 29 Size of the uncertainty table is = 12696/39325
2024-04-17 12:34 | INFO | Query 29 Size of the filtered table is = 394
2024-04-17 12:36 | INFO | Query 29 Active Learning Runtime on Validation Set: 258951.36000000002
2024-04-17 12:36 | INFO | Query 29 Active Learning Runtime on Test Set: 186320.01
2024-04-17 12:36 | INFO | Query 29 Active Learning Instance Cost: 2079114.99
2024-04-17 12:36 | INFO | Timeout limit is increased to 1900
2024-04-17 12:36 | INFO | Query 30 Size of the uncertainty table is = 12677/39325
2024-04-17 12:36 | INFO | Query 30 Size of the filtered table is = 394
2024-04-17 12:39 | INFO | Query 30 Active Learning Runtime on Validation Set: 259314.13
2024-04-17 12:39 | INFO | Query 30 Active Learning Runtime on Test Set: 186323.49000000002
2024-04-17 12:39 | INFO | Query 30 Active Learning Instance Cost: 2143851.15
2024-04-17 12:39 | INFO | Timeout limit is increased to 2000
2024-04-17 12:39 | INFO | Query 31 Size of the uncertainty table is = 12659/39325
2024-04-17 12:39 | INFO | Query 31 Size of the filtered table is = 394
2024-04-17 12:42 | INFO | Query 31 Active Learning Runtime on Validation Set: 294653.76999999996
2024-04-17 12:42 | INFO | Query 31 Active Learning Runtime on Test Set: 186322.18000000002
2024-04-17 12:42 | INFO | Query 31 Active Learning Instance Cost: 2219778.31
2024-04-17 12:42 | INFO | Timeout limit is increased to 2100
2024-04-17 12:42 | INFO | Query 32 Size of the uncertainty table is = 12628/39325
2024-04-17 12:42 | INFO | Query 32 Size of the filtered table is = 394
2024-04-17 12:45 | INFO | Query 32 Active Learning Runtime on Validation Set: 295056.29
2024-04-17 12:45 | INFO | Query 32 Active Learning Runtime on Test Set: 186322.18000000002
2024-04-17 12:45 | INFO | Query 32 Active Learning Instance Cost: 2297691.05
2024-04-17 12:45 | INFO | Timeout limit is increased to 2200
2024-04-17 12:45 | INFO | Query 33 Size of the uncertainty table is = 12620/39325
2024-04-17 12:45 | INFO | Query 33 Size of the filtered table is = 394
2024-04-17 12:47 | INFO | Query 33 Active Learning Runtime on Validation Set: 294660.58999999997
2024-04-17 12:47 | INFO | Query 33 Active Learning Runtime on Test Set: 186322.18000000002
2024-04-17 12:47 | INFO | Query 33 Active Learning Instance Cost: 2362906.35
2024-04-17 12:47 | INFO | Query 34 Size of the uncertainty table is = 12602/39325
2024-04-17 12:47 | INFO | Query 34 Size of the filtered table is = 394
2024-04-17 12:50 | INFO | Query 34 Active Learning Runtime on Validation Set: 295088.43
2024-04-17 12:50 | INFO | Query 34 Active Learning Runtime on Test Set: 186159.98
2024-04-17 12:50 | INFO | Query 34 Active Learning Instance Cost: 2369675.69
2024-04-17 12:50 | INFO | Timeout limit is increased to 2300
2024-04-17 12:50 | INFO | Query 35 Size of the uncertainty table is = 12578/39325
2024-04-17 12:50 | INFO | Query 35 Size of the filtered table is = 394
2024-04-17 12:53 | INFO | Query 35 Active Learning Runtime on Validation Set: 294940.47
2024-04-17 12:53 | INFO | Query 35 Active Learning Runtime on Test Set: 186328.56
2024-04-17 12:53 | INFO | Query 35 Active Learning Instance Cost: 2435638.41
2024-04-17 12:53 | INFO | Query 36 Size of the uncertainty table is = 12569/39325
2024-04-17 12:53 | INFO | Query 36 Size of the filtered table is = 394
2024-04-17 12:56 | INFO | Query 36 Active Learning Runtime on Validation Set: 294940.47
2024-04-17 12:56 | INFO | Query 36 Active Learning Runtime on Test Set: 186328.56
2024-04-17 12:56 | INFO | Query 36 Active Learning Instance Cost: 2443938.41
2024-04-17 12:56 | INFO | Timeout limit is increased to 2400
2024-04-17 12:56 | INFO | Query 37 Size of the uncertainty table is = 12569/39325
2024-04-17 12:56 | INFO | Query 37 Size of the filtered table is = 394
2024-04-17 12:59 | INFO | Query 37 Active Learning Runtime on Validation Set: 294940.47
2024-04-17 12:59 | INFO | Query 37 Active Learning Runtime on Test Set: 186328.56
2024-04-17 12:59 | INFO | Query 37 Active Learning Instance Cost: 2503338.41
2024-04-17 12:59 | INFO | Timeout limit is increased to 2500
2024-04-17 12:59 | INFO | Query 38 Size of the uncertainty table is = 12569/39325
2024-04-17 12:59 | INFO | Query 38 Size of the filtered table is = 394
2024-04-17 13:01 | INFO | Query 38 Active Learning Runtime on Validation Set: 294940.47
2024-04-17 13:01 | INFO | Query 38 Active Learning Runtime on Test Set: 186328.56
2024-04-17 13:01 | INFO | Query 38 Active Learning Instance Cost: 2562738.41
2024-04-17 13:01 | INFO | Timeout limit is increased to 2600
2024-04-17 13:01 | INFO | Query 39 Size of the uncertainty table is = 12569/39325
2024-04-17 13:01 | INFO | Query 39 Size of the filtered table is = 394
2024-04-17 13:04 | INFO | Query 39 Active Learning Runtime on Validation Set: 294940.47
2024-04-17 13:04 | INFO | Query 39 Active Learning Runtime on Test Set: 186328.56
2024-04-17 13:04 | INFO | Query 39 Active Learning Instance Cost: 2622138.41
2024-04-17 13:04 | INFO | Timeout limit is increased to 2700
2024-04-17 13:04 | INFO | Query 40 Size of the uncertainty table is = 12569/39325
2024-04-17 13:04 | INFO | Query 40 Size of the filtered table is = 394
2024-04-17 13:07 | INFO | Query 40 Active Learning Runtime on Validation Set: 294940.47
2024-04-17 13:07 | INFO | Query 40 Active Learning Runtime on Test Set: 186328.56
2024-04-17 13:07 | INFO | Query 40 Active Learning Instance Cost: 2681538.41
2024-04-17 13:07 | INFO | Timeout limit is increased to 2800
2024-04-17 13:07 | INFO | Query 41 Size of the uncertainty table is = 12569/39325
2024-04-17 13:07 | INFO | Query 41 Size of the filtered table is = 394
2024-04-17 13:10 | INFO | Query 41 Active Learning Runtime on Validation Set: 294940.47
2024-04-17 13:10 | INFO | Query 41 Active Learning Runtime on Test Set: 186328.56
2024-04-17 13:10 | INFO | Query 41 Active Learning Instance Cost: 2740938.41
2024-04-17 13:10 | INFO | Timeout limit is increased to 2900
2024-04-17 13:10 | INFO | Query 42 Size of the uncertainty table is = 12569/39325
2024-04-17 13:10 | INFO | Query 42 Size of the filtered table is = 394
2024-04-17 13:12 | INFO | Query 42 Active Learning Runtime on Validation Set: 294940.47
2024-04-17 13:12 | INFO | Query 42 Active Learning Runtime on Test Set: 186328.56
2024-04-17 13:12 | INFO | Query 42 Active Learning Instance Cost: 2800338.41
2024-04-17 13:12 | INFO | Timeout limit is increased to 3000
2024-04-17 13:12 | INFO | Query 43 Size of the uncertainty table is = 12569/39325
2024-04-17 13:12 | INFO | Query 43 Size of the filtered table is = 394
2024-04-17 13:15 | INFO | Query 43 Active Learning Runtime on Validation Set: 294940.47
2024-04-17 13:15 | INFO | Query 43 Active Learning Runtime on Test Set: 186328.56
2024-04-17 13:15 | INFO | Query 43 Active Learning Instance Cost: 2859738.41
2024-04-17 13:15 | INFO | Timeout limit is increased to 3100
2024-04-17 13:15 | INFO | Query 44 Size of the uncertainty table is = 12569/39325
2024-04-17 13:15 | INFO | Query 44 Size of the filtered table is = 394
2024-04-17 13:18 | INFO | Query 44 Active Learning Runtime on Validation Set: 294940.47
2024-04-17 13:18 | INFO | Query 44 Active Learning Runtime on Test Set: 186328.56
2024-04-17 13:18 | INFO | Query 44 Active Learning Instance Cost: 2919138.41
2024-04-17 13:18 | INFO | Timeout limit is increased to 3200
2024-04-17 13:18 | INFO | Query 45 Size of the uncertainty table is = 12569/39325
2024-04-17 13:18 | INFO | Query 45 Size of the filtered table is = 394
2024-04-17 13:21 | INFO | Query 45 Active Learning Runtime on Validation Set: 294940.47
2024-04-17 13:21 | INFO | Query 45 Active Learning Runtime on Test Set: 186328.56
2024-04-17 13:21 | INFO | Query 45 Active Learning Instance Cost: 2978538.41
2024-04-17 13:21 | INFO | Timeout limit is increased to 3300
2024-04-17 13:21 | INFO | Query 46 Size of the uncertainty table is = 12569/39325
2024-04-17 13:21 | INFO | Query 46 Size of the filtered table is = 394
2024-04-17 13:23 | INFO | Query 46 Active Learning Runtime on Validation Set: 294940.47
2024-04-17 13:23 | INFO | Query 46 Active Learning Runtime on Test Set: 186328.56
2024-04-17 13:23 | INFO | Query 46 Active Learning Instance Cost: 3037938.41
2024-04-17 13:23 | INFO | Timeout limit is increased to 3400
2024-04-17 13:23 | INFO | Query 47 Size of the uncertainty table is = 12569/39325
2024-04-17 13:23 | INFO | Query 47 Size of the filtered table is = 394
2024-04-17 13:26 | INFO | Query 47 Active Learning Runtime on Validation Set: 294940.47
2024-04-17 13:26 | INFO | Query 47 Active Learning Runtime on Test Set: 186328.56
2024-04-17 13:26 | INFO | Query 47 Active Learning Instance Cost: 3097338.41
2024-04-17 13:26 | INFO | Timeout limit is increased to 3500
2024-04-17 13:26 | INFO | Query 48 Size of the uncertainty table is = 12569/39325
2024-04-17 13:26 | INFO | Query 48 Size of the filtered table is = 394
2024-04-17 13:29 | INFO | Query 48 Active Learning Runtime on Validation Set: 294940.47
2024-04-17 13:29 | INFO | Query 48 Active Learning Runtime on Test Set: 186328.56
2024-04-17 13:29 | INFO | Query 48 Active Learning Instance Cost: 3156738.41
2024-04-17 13:29 | INFO | Timeout limit is increased to 3600
2024-04-17 13:29 | INFO | Query 49 Size of the uncertainty table is = 12569/39325
2024-04-17 13:29 | INFO | Query 49 Size of the filtered table is = 394
2024-04-17 13:32 | INFO | Query 49 Active Learning Runtime on Validation Set: 294940.47
2024-04-17 13:32 | INFO | Query 49 Active Learning Runtime on Test Set: 186328.56
2024-04-17 13:32 | INFO | Query 49 Active Learning Instance Cost: 3216138.41
2024-04-17 13:32 | INFO | Timeout limit is increased to 3600
2024-04-17 13:32 | INFO | Query 50 Size of the uncertainty table is = 9034/39325
2024-04-17 13:32 | INFO | Query 50 Size of the filtered table is = 394
2024-04-17 13:35 | INFO | Query 50 Active Learning Runtime on Validation Set: 186544.71000000002
2024-04-17 13:35 | INFO | Query 50 Active Learning Runtime on Test Set: 257826.88
2024-04-17 13:35 | INFO | Query 50 Active Learning Instance Cost: 3595658.73
2024-04-17 13:35 | INFO | Query 51 Size of the uncertainty table is = 6376/39325
2024-04-17 13:35 | INFO | Query 51 Size of the filtered table is = 394
2024-04-17 13:38 | INFO | Query 51 Active Learning Runtime on Validation Set: 186346.61000000002
2024-04-17 13:38 | INFO | Query 51 Active Learning Runtime on Test Set: 114346.09999999999
2024-04-17 13:38 | INFO | Query 51 Active Learning Instance Cost: 3892018.7
2024-04-17 13:38 | INFO | Query 52 Size of the uncertainty table is = 3975/39325
2024-04-17 13:38 | INFO | Query 52 Size of the filtered table is = 394
2024-04-17 13:41 | INFO | Query 52 Active Learning Runtime on Validation Set: 296087.86
2024-04-17 13:41 | INFO | Query 52 Active Learning Runtime on Test Set: 150441.88
2024-04-17 13:41 | INFO | Query 52 Active Learning Instance Cost: 4028549.72
2024-04-17 13:41 | INFO | Timeout limit is increased to 3600
2024-04-17 13:41 | INFO | Query 53 Size of the uncertainty table is = 1954/39325
2024-04-17 13:41 | INFO | Query 53 Size of the filtered table is = 394
2024-04-17 13:44 | INFO | Query 53 Active Learning Runtime on Validation Set: 222501.2
2024-04-17 13:44 | INFO | Query 53 Active Learning Runtime on Test Set: 149915.94
2024-04-17 13:44 | INFO | Query 53 Active Learning Instance Cost: 4230838.76
2024-04-17 13:44 | INFO | Query 54 Size of the uncertainty table is = 505/39325
2024-04-17 13:44 | INFO | Query 54 Size of the filtered table is = 394
2024-04-17 13:47 | INFO | Query 54 Active Learning Runtime on Validation Set: 186848.44
2024-04-17 13:47 | INFO | Query 54 Active Learning Runtime on Test Set: 150587.51
2024-04-17 13:47 | INFO | Query 54 Active Learning Instance Cost: 4326458.08
2024-04-17 13:47 | INFO | runtime_test_score is written as json file
2024-04-17 13:47 | INFO | runtime_validation_score is written as json file
2024-04-17 13:47 | INFO | instance_cost is written as json file
2024-04-17 13:47 | INFO | Experiment is finished
