2024-04-17 19:08 | INFO | Paramaters are: {'dataset': 'ASP-POTASSCO', 'penalty': 10, 'weight': 'No_Weight', 'voting': 'Hard', 'pre_selection_size': 64, 'pre_selection_technique': 'No_pre_selection', 'feature_elimination_threshold': 20, 'imputer_strategy': 'median', 'feature_selection_technique': 'No_feature_selection', 'feature_scaling_technique': 'StandardScaler', 'initial_train_size': 20, 'query_size': 1, 'timeout_predictor_usage': 'No', 'timeout_limit': 100, 'timeout_increase_rate': 100, 'RANDOM_STATE_SEED': 99, 'n_splits': 10, 'split_number': 3, 'max_timeout': 3600, 'param_grid': {'n_estimators': 100, 'criterion': 'gini', 'max_features': 'sqrt', 'max_depth': 2147483648, 'min_samples_split': 2, 'bootstrap': True}}
2024-04-17 19:08 | INFO | ASP-POTASSCO is current dataset
2024-04-17 19:08 | INFO | DATASETS/ASP-POTASSCO/algorithm_runs.arff is found
2024-04-17 19:08 | INFO | DATASETS/ASP-POTASSCO/algorithm_runs.arff is finished
2024-04-17 19:08 | INFO | DATASETS/ASP-POTASSCO/feature_values.arff is found
2024-04-17 19:08 | INFO | DATASETS/ASP-POTASSCO/feature_values.arff is finished
2024-04-17 19:08 | INFO | DATASETS/ASP-POTASSCO/feature_costs.arff is found
2024-04-17 19:08 | INFO | DATASETS/ASP-POTASSCO/feature_costs.arff is finished
2024-04-17 19:08 | INFO | Feature cost of train set is 1076.57
2024-04-17 19:10 | INFO | Initial Active Learning Random Query Runtime on Validation Set: 407868.14
2024-04-17 19:10 | INFO | Initial Active Learning Random Query Runtime on Test Set: 327290.51
2024-04-17 19:10 | INFO | Initial Active Learning Random Query Instance Cost: 8277.06
2024-04-17 19:10 | INFO | Bin size = 393
2024-04-17 19:10 | INFO | Query 1 Size of the uncertainty table is = 39546/39325
2024-04-17 19:10 | INFO | Query 1 Size of the filtered table is = 393
2024-04-17 19:13 | INFO | Query 1 Active Learning Random Query Runtime on Validation Set: 480211.63
2024-04-17 19:13 | INFO | Query 1 Active Learning Random Query Runtime on Test Set: 327365.46
2024-04-17 19:13 | INFO | Query 1 Active Learning Random Query Instance Cost: 33351.18
2024-04-17 19:13 | INFO | Timeout limit is increased to 200
2024-04-17 19:13 | INFO | Query 2 Size of the uncertainty table is = 39016/39325
2024-04-17 19:13 | INFO | Query 2 Size of the filtered table is = 393
2024-04-17 19:16 | INFO | Query 2 Active Learning Random Query Runtime on Validation Set: 152776.94
2024-04-17 19:16 | INFO | Query 2 Active Learning Random Query Runtime on Test Set: 291549.89
2024-04-17 19:16 | INFO | Query 2 Active Learning Random Query Instance Cost: 80678.83
2024-04-17 19:16 | INFO | Query 3 Size of the uncertainty table is = 38055/39325
2024-04-17 19:16 | INFO | Query 3 Size of the filtered table is = 393
2024-04-17 19:19 | INFO | Query 3 Active Learning Random Query Runtime on Validation Set: 117480.72
2024-04-17 19:19 | INFO | Query 3 Active Learning Random Query Runtime on Test Set: 148524.16
2024-04-17 19:19 | INFO | Query 3 Active Learning Random Query Instance Cost: 123129.93
2024-04-17 19:19 | INFO | Query 4 Size of the uncertainty table is = 36780/39325
2024-04-17 19:19 | INFO | Query 4 Size of the filtered table is = 393
2024-04-17 19:22 | INFO | Query 4 Active Learning Random Query Runtime on Validation Set: 116193.9
2024-04-17 19:22 | INFO | Query 4 Active Learning Random Query Runtime on Test Set: 113811.98
2024-04-17 19:22 | INFO | Query 4 Active Learning Random Query Instance Cost: 168361.65
2024-04-17 19:22 | INFO | Query 5 Size of the uncertainty table is = 35207/39325
2024-04-17 19:22 | INFO | Query 5 Size of the filtered table is = 393
2024-04-17 19:24 | INFO | Query 5 Active Learning Random Query Runtime on Validation Set: 188940.36
2024-04-17 19:24 | INFO | Query 5 Active Learning Random Query Runtime on Test Set: 148891.25
2024-04-17 19:24 | INFO | Query 5 Active Learning Random Query Instance Cost: 206056.21
2024-04-17 19:24 | INFO | Timeout limit is increased to 300
2024-04-17 19:24 | INFO | Query 6 Size of the uncertainty table is = 33412/39325
2024-04-17 19:24 | INFO | Query 6 Size of the filtered table is = 393
2024-04-17 19:27 | INFO | Query 6 Active Learning Random Query Runtime on Validation Set: 477882.17
2024-04-17 19:27 | INFO | Query 6 Active Learning Random Query Runtime on Test Set: 78040.46
2024-04-17 19:27 | INFO | Query 6 Active Learning Random Query Instance Cost: 259299.65
2024-04-17 19:27 | INFO | Timeout limit is increased to 400
2024-04-17 19:27 | INFO | Query 7 Size of the uncertainty table is = 31424/39325
2024-04-17 19:27 | INFO | Query 7 Size of the filtered table is = 393
2024-04-17 19:30 | INFO | Query 7 Active Learning Random Query Runtime on Validation Set: 369704.18
2024-04-17 19:30 | INFO | Query 7 Active Learning Random Query Runtime on Test Set: 5973.02
2024-04-17 19:30 | INFO | Query 7 Active Learning Random Query Instance Cost: 328394.88
2024-04-17 19:30 | INFO | Query 8 Size of the uncertainty table is = 29220/39325
2024-04-17 19:30 | INFO | Query 8 Size of the filtered table is = 393
2024-04-17 19:33 | INFO | Query 8 Active Learning Random Query Runtime on Validation Set: 260208.33
2024-04-17 19:33 | INFO | Query 8 Active Learning Random Query Runtime on Test Set: 41809.64
2024-04-17 19:33 | INFO | Query 8 Active Learning Random Query Instance Cost: 397655.5
2024-04-17 19:33 | INFO | Query 9 Size of the uncertainty table is = 27090/39325
2024-04-17 19:33 | INFO | Query 9 Size of the filtered table is = 393
2024-04-17 19:36 | INFO | Query 9 Active Learning Random Query Runtime on Validation Set: 368130.32
2024-04-17 19:36 | INFO | Query 9 Active Learning Random Query Runtime on Test Set: 77794.06
2024-04-17 19:36 | INFO | Query 9 Active Learning Random Query Instance Cost: 457255.13
2024-04-17 19:36 | INFO | Timeout limit is increased to 500
2024-04-17 19:36 | INFO | Query 10 Size of the uncertainty table is = 24768/39325
2024-04-17 19:36 | INFO | Query 10 Size of the filtered table is = 393
2024-04-17 19:39 | INFO | Query 10 Active Learning Random Query Runtime on Validation Set: 403624.13
2024-04-17 19:39 | INFO | Query 10 Active Learning Random Query Runtime on Test Set: 42002.19
2024-04-17 19:39 | INFO | Query 10 Active Learning Random Query Instance Cost: 529054.72
2024-04-17 19:39 | INFO | Timeout limit is increased to 600
2024-04-17 19:39 | INFO | Query 11 Size of the uncertainty table is = 22179/39325
2024-04-17 19:39 | INFO | Query 11 Size of the filtered table is = 393
2024-04-17 19:42 | INFO | Query 11 Active Learning Random Query Runtime on Validation Set: 439721.7
2024-04-17 19:42 | INFO | Query 11 Active Learning Random Query Runtime on Test Set: 76871.78
2024-04-17 19:42 | INFO | Query 11 Active Learning Random Query Instance Cost: 626087.56
2024-04-17 19:42 | INFO | Timeout limit is increased to 700
2024-04-17 19:42 | INFO | Query 12 Size of the uncertainty table is = 19769/39325
2024-04-17 19:42 | INFO | Query 12 Size of the filtered table is = 393
2024-04-17 19:45 | INFO | Query 12 Active Learning Random Query Runtime on Validation Set: 546722.92
2024-04-17 19:45 | INFO | Query 12 Active Learning Random Query Runtime on Test Set: 41034.04
2024-04-17 19:45 | INFO | Query 12 Active Learning Random Query Instance Cost: 727214.44
2024-04-17 19:45 | INFO | Timeout limit is increased to 800
2024-04-17 19:45 | INFO | Query 13 Size of the uncertainty table is = 17210/39325
2024-04-17 19:45 | INFO | Query 13 Size of the filtered table is = 393
2024-04-17 19:48 | INFO | Query 13 Active Learning Random Query Runtime on Validation Set: 510790.23
2024-04-17 19:48 | INFO | Query 13 Active Learning Random Query Runtime on Test Set: 5377.19
2024-04-17 19:48 | INFO | Query 13 Active Learning Random Query Instance Cost: 859402.22
2024-04-17 19:48 | INFO | Query 14 Size of the uncertainty table is = 14824/39325
2024-04-17 19:48 | INFO | Query 14 Size of the filtered table is = 393
2024-04-17 19:51 | INFO | Query 14 Active Learning Random Query Runtime on Validation Set: 438680.94
2024-04-17 19:51 | INFO | Query 14 Active Learning Random Query Runtime on Test Set: 40907.04
2024-04-17 19:51 | INFO | Query 14 Active Learning Random Query Instance Cost: 972764.34
2024-04-17 19:51 | INFO | Query 15 Size of the uncertainty table is = 12547/39325
2024-04-17 19:51 | INFO | Query 15 Size of the filtered table is = 393
2024-04-17 19:55 | INFO | Query 15 Active Learning Random Query Runtime on Validation Set: 439646.61
2024-04-17 19:55 | INFO | Query 15 Active Learning Random Query Runtime on Test Set: 5218.93
2024-04-17 19:55 | INFO | Query 15 Active Learning Random Query Instance Cost: 1069886.79
2024-04-17 19:55 | INFO | Timeout limit is increased to 900
2024-04-17 19:55 | INFO | Query 16 Size of the uncertainty table is = 10462/39325
2024-04-17 19:55 | INFO | Query 16 Size of the filtered table is = 393
2024-04-17 19:58 | INFO | Query 16 Active Learning Random Query Runtime on Validation Set: 333291.07
2024-04-17 19:58 | INFO | Query 16 Active Learning Random Query Runtime on Test Set: 41035.89
2024-04-17 19:58 | INFO | Query 16 Active Learning Random Query Instance Cost: 1195298.55
2024-04-17 19:58 | INFO | Query 17 Size of the uncertainty table is = 8463/39325
2024-04-17 19:58 | INFO | Query 17 Size of the filtered table is = 393
2024-04-17 20:01 | INFO | Query 17 Active Learning Random Query Runtime on Validation Set: 332073.02
2024-04-17 20:01 | INFO | Query 17 Active Learning Random Query Runtime on Test Set: 5432.27
2024-04-17 20:01 | INFO | Query 17 Active Learning Random Query Instance Cost: 1292062.12
2024-04-17 20:01 | INFO | Query 18 Size of the uncertainty table is = 6727/39325
2024-04-17 20:01 | INFO | Query 18 Size of the filtered table is = 393
2024-04-17 20:04 | INFO | Query 18 Active Learning Random Query Runtime on Validation Set: 296010.48
2024-04-17 20:04 | INFO | Query 18 Active Learning Random Query Runtime on Test Set: 5841.46
2024-04-17 20:04 | INFO | Query 18 Active Learning Random Query Instance Cost: 1385880.98
2024-04-17 20:04 | INFO | Query 19 Size of the uncertainty table is = 5578/39325
2024-04-17 20:04 | INFO | Query 19 Size of the filtered table is = 393
2024-04-17 20:07 | INFO | Query 19 Active Learning Random Query Runtime on Validation Set: 438359.65
2024-04-17 20:07 | INFO | Query 19 Active Learning Random Query Runtime on Test Set: 5614.42
2024-04-17 20:07 | INFO | Query 19 Active Learning Random Query Instance Cost: 1454108.33
2024-04-17 20:07 | INFO | Timeout limit is increased to 1000
2024-04-17 20:07 | INFO | Query 20 Size of the uncertainty table is = 4921/39325
2024-04-17 20:07 | INFO | Query 20 Size of the filtered table is = 393
2024-04-17 20:11 | INFO | Query 20 Active Learning Random Query Runtime on Validation Set: 402868.27
2024-04-17 20:11 | INFO | Query 20 Active Learning Random Query Runtime on Test Set: 6231.95
2024-04-17 20:11 | INFO | Query 20 Active Learning Random Query Instance Cost: 1546091.36
2024-04-17 20:11 | INFO | Query 21 Size of the uncertainty table is = 4349/39325
2024-04-17 20:11 | INFO | Query 21 Size of the filtered table is = 393
2024-04-17 20:14 | INFO | Query 21 Active Learning Random Query Runtime on Validation Set: 438780.56
2024-04-17 20:14 | INFO | Query 21 Active Learning Random Query Runtime on Test Set: 5935.26
2024-04-17 20:14 | INFO | Query 21 Active Learning Random Query Instance Cost: 1606450.07
2024-04-17 20:14 | INFO | Timeout limit is increased to 1100
2024-04-17 20:14 | INFO | Query 22 Size of the uncertainty table is = 4126/39325
2024-04-17 20:14 | INFO | Query 22 Size of the filtered table is = 393
2024-04-17 20:17 | INFO | Query 22 Active Learning Random Query Runtime on Validation Set: 331128.0
2024-04-17 20:17 | INFO | Query 22 Active Learning Random Query Runtime on Test Set: 5666.42
2024-04-17 20:17 | INFO | Query 22 Active Learning Random Query Instance Cost: 1700176.2
2024-04-17 20:17 | INFO | Query 23 Size of the uncertainty table is = 4091/39325
2024-04-17 20:17 | INFO | Query 23 Size of the filtered table is = 393
2024-04-17 20:20 | INFO | Query 23 Active Learning Random Query Runtime on Validation Set: 475177.23
2024-04-17 20:20 | INFO | Query 23 Active Learning Random Query Runtime on Test Set: 5513.18
2024-04-17 20:20 | INFO | Query 23 Active Learning Random Query Instance Cost: 1749077.2
2024-04-17 20:20 | INFO | Timeout limit is increased to 1200
2024-04-17 20:20 | INFO | Query 24 Size of the uncertainty table is = 4026/39325
2024-04-17 20:20 | INFO | Query 24 Size of the filtered table is = 393
2024-04-17 20:23 | INFO | Query 24 Active Learning Random Query Runtime on Validation Set: 474702.46
2024-04-17 20:23 | INFO | Query 24 Active Learning Random Query Runtime on Test Set: 5435.1
2024-04-17 20:23 | INFO | Query 24 Active Learning Random Query Instance Cost: 1840962.42
2024-04-17 20:23 | INFO | Query 25 Size of the uncertainty table is = 4018/39325
2024-04-17 20:23 | INFO | Query 25 Size of the filtered table is = 393
2024-04-17 20:26 | INFO | Query 25 Active Learning Random Query Runtime on Validation Set: 474702.46
2024-04-17 20:26 | INFO | Query 25 Active Learning Random Query Runtime on Test Set: 5435.1
2024-04-17 20:26 | INFO | Query 25 Active Learning Random Query Instance Cost: 1895105.8
2024-04-17 20:26 | INFO | Timeout limit is increased to 1300
2024-04-17 20:26 | INFO | Query 26 Size of the uncertainty table is = 4015/39325
2024-04-17 20:26 | INFO | Query 26 Size of the filtered table is = 393
2024-04-17 20:29 | INFO | Query 26 Active Learning Random Query Runtime on Validation Set: 474696.46
2024-04-17 20:29 | INFO | Query 26 Active Learning Random Query Runtime on Test Set: 5435.95
2024-04-17 20:29 | INFO | Query 26 Active Learning Random Query Instance Cost: 1982471.16
2024-04-17 20:29 | INFO | Query 27 Size of the uncertainty table is = 4009/39325
2024-04-17 20:29 | INFO | Query 27 Size of the filtered table is = 393
2024-04-17 20:33 | INFO | Query 27 Active Learning Random Query Runtime on Validation Set: 474696.46
2024-04-17 20:33 | INFO | Query 27 Active Learning Random Query Runtime on Test Set: 5435.95
2024-04-17 20:33 | INFO | Query 27 Active Learning Random Query Instance Cost: 2028292.19
2024-04-17 20:33 | INFO | Timeout limit is increased to 1400
2024-04-17 20:33 | INFO | Query 28 Size of the uncertainty table is = 4003/39325
2024-04-17 20:33 | INFO | Query 28 Size of the filtered table is = 393
2024-04-17 20:36 | INFO | Query 28 Active Learning Random Query Runtime on Validation Set: 474696.46
2024-04-17 20:36 | INFO | Query 28 Active Learning Random Query Runtime on Test Set: 5435.95
2024-04-17 20:36 | INFO | Query 28 Active Learning Random Query Instance Cost: 2115357.37
2024-04-17 20:36 | INFO | Timeout limit is increased to 1500
2024-04-17 20:36 | INFO | Query 29 Size of the uncertainty table is = 4000/39325
2024-04-17 20:36 | INFO | Query 29 Size of the filtered table is = 393
2024-04-17 20:39 | INFO | Query 29 Active Learning Random Query Runtime on Validation Set: 474696.46
2024-04-17 20:39 | INFO | Query 29 Active Learning Random Query Runtime on Test Set: 5435.95
2024-04-17 20:39 | INFO | Query 29 Active Learning Random Query Instance Cost: 2223057.37
2024-04-17 20:39 | INFO | Timeout limit is increased to 1600
2024-04-17 20:39 | INFO | Query 30 Size of the uncertainty table is = 4000/39325
2024-04-17 20:39 | INFO | Query 30 Size of the filtered table is = 393
2024-04-17 20:42 | INFO | Query 30 Active Learning Random Query Runtime on Validation Set: 474696.46
2024-04-17 20:42 | INFO | Query 30 Active Learning Random Query Runtime on Test Set: 5435.95
2024-04-17 20:42 | INFO | Query 30 Active Learning Random Query Instance Cost: 2340357.37
2024-04-17 20:42 | INFO | Timeout limit is increased to 1700
2024-04-17 20:42 | INFO | Query 31 Size of the uncertainty table is = 4000/39325
2024-04-17 20:42 | INFO | Query 31 Size of the filtered table is = 393
2024-04-17 20:45 | INFO | Query 31 Active Learning Random Query Runtime on Validation Set: 474696.46
2024-04-17 20:45 | INFO | Query 31 Active Learning Random Query Runtime on Test Set: 5435.95
2024-04-17 20:45 | INFO | Query 31 Active Learning Random Query Instance Cost: 2475358.18
2024-04-17 20:45 | INFO | Timeout limit is increased to 1800
2024-04-17 20:45 | INFO | Query 32 Size of the uncertainty table is = 3995/39325
2024-04-17 20:45 | INFO | Query 32 Size of the filtered table is = 393
2024-04-17 20:48 | INFO | Query 32 Active Learning Random Query Runtime on Validation Set: 474696.46
2024-04-17 20:48 | INFO | Query 32 Active Learning Random Query Runtime on Test Set: 5435.95
2024-04-17 20:48 | INFO | Query 32 Active Learning Random Query Instance Cost: 2600158.18
2024-04-17 20:48 | INFO | Timeout limit is increased to 1900
2024-04-17 20:48 | INFO | Query 33 Size of the uncertainty table is = 3995/39325
2024-04-17 20:48 | INFO | Query 33 Size of the filtered table is = 393
2024-04-17 20:51 | INFO | Query 33 Active Learning Random Query Runtime on Validation Set: 474696.46
2024-04-17 20:51 | INFO | Query 33 Active Learning Random Query Runtime on Test Set: 5435.95
2024-04-17 20:51 | INFO | Query 33 Active Learning Random Query Instance Cost: 2730458.18
2024-04-17 20:51 | INFO | Timeout limit is increased to 2000
2024-04-17 20:51 | INFO | Query 34 Size of the uncertainty table is = 3995/39325
2024-04-17 20:51 | INFO | Query 34 Size of the filtered table is = 393
2024-04-17 20:54 | INFO | Query 34 Active Learning Random Query Runtime on Validation Set: 474696.46
2024-04-17 20:54 | INFO | Query 34 Active Learning Random Query Runtime on Test Set: 5435.97
2024-04-17 20:54 | INFO | Query 34 Active Learning Random Query Instance Cost: 2862838.23
2024-04-17 20:54 | INFO | Timeout limit is increased to 2100
2024-04-17 20:54 | INFO | Query 35 Size of the uncertainty table is = 3992/39325
2024-04-17 20:54 | INFO | Query 35 Size of the filtered table is = 393
2024-04-17 20:57 | INFO | Query 35 Active Learning Random Query Runtime on Validation Set: 474696.46
2024-04-17 20:57 | INFO | Query 35 Active Learning Random Query Runtime on Test Set: 5435.97
2024-04-17 20:57 | INFO | Query 35 Active Learning Random Query Instance Cost: 2997338.23
2024-04-17 20:57 | INFO | Timeout limit is increased to 2200
2024-04-17 20:57 | INFO | Query 36 Size of the uncertainty table is = 3992/39325
2024-04-17 20:57 | INFO | Query 36 Size of the filtered table is = 393
2024-04-17 21:01 | INFO | Query 36 Active Learning Random Query Runtime on Validation Set: 474696.46
2024-04-17 21:01 | INFO | Query 36 Active Learning Random Query Runtime on Test Set: 5435.97
2024-04-17 21:01 | INFO | Query 36 Active Learning Random Query Instance Cost: 3124838.23
2024-04-17 21:01 | INFO | Timeout limit is increased to 2300
2024-04-17 21:01 | INFO | Query 37 Size of the uncertainty table is = 3992/39325
2024-04-17 21:01 | INFO | Query 37 Size of the filtered table is = 393
2024-04-17 21:04 | INFO | Query 37 Active Learning Random Query Runtime on Validation Set: 438836.35
2024-04-17 21:04 | INFO | Query 37 Active Learning Random Query Runtime on Test Set: 5435.09
2024-04-17 21:04 | INFO | Query 37 Active Learning Random Query Instance Cost: 3264446.8
2024-04-17 21:04 | INFO | Query 38 Size of the uncertainty table is = 3988/39325
2024-04-17 21:04 | INFO | Query 38 Size of the filtered table is = 393
2024-04-17 21:07 | INFO | Query 38 Active Learning Random Query Runtime on Validation Set: 438836.35
2024-04-17 21:07 | INFO | Query 38 Active Learning Random Query Runtime on Test Set: 5435.09
2024-04-17 21:07 | INFO | Query 38 Active Learning Random Query Instance Cost: 3333246.8
2024-04-17 21:07 | INFO | Timeout limit is increased to 2400
2024-04-17 21:07 | INFO | Query 39 Size of the uncertainty table is = 3988/39325
2024-04-17 21:07 | INFO | Query 39 Size of the filtered table is = 393
2024-04-17 21:10 | INFO | Query 39 Active Learning Random Query Runtime on Validation Set: 438836.35
2024-04-17 21:10 | INFO | Query 39 Active Learning Random Query Runtime on Test Set: 5435.09
2024-04-17 21:10 | INFO | Query 39 Active Learning Random Query Instance Cost: 3442305.79
2024-04-17 21:10 | INFO | Timeout limit is increased to 2500
2024-04-17 21:10 | INFO | Query 40 Size of the uncertainty table is = 3987/39325
2024-04-17 21:10 | INFO | Query 40 Size of the filtered table is = 393
2024-04-17 21:13 | INFO | Query 40 Active Learning Random Query Runtime on Validation Set: 438836.35
2024-04-17 21:13 | INFO | Query 40 Active Learning Random Query Runtime on Test Set: 5435.09
2024-04-17 21:13 | INFO | Query 40 Active Learning Random Query Instance Cost: 3557505.79
2024-04-17 21:13 | INFO | Timeout limit is increased to 2600
2024-04-17 21:13 | INFO | Query 41 Size of the uncertainty table is = 3987/39325
2024-04-17 21:13 | INFO | Query 41 Size of the filtered table is = 393
2024-04-17 21:16 | INFO | Query 41 Active Learning Random Query Runtime on Validation Set: 438836.35
2024-04-17 21:16 | INFO | Query 41 Active Learning Random Query Runtime on Test Set: 5435.09
2024-04-17 21:16 | INFO | Query 41 Active Learning Random Query Instance Cost: 3675705.79
2024-04-17 21:16 | INFO | Timeout limit is increased to 2700
2024-04-17 21:16 | INFO | Query 42 Size of the uncertainty table is = 3987/39325
2024-04-17 21:16 | INFO | Query 42 Size of the filtered table is = 393
2024-04-17 21:19 | INFO | Query 42 Active Learning Random Query Runtime on Validation Set: 438836.35
2024-04-17 21:19 | INFO | Query 42 Active Learning Random Query Runtime on Test Set: 5435.09
2024-04-17 21:19 | INFO | Query 42 Active Learning Random Query Instance Cost: 3805605.79
2024-04-17 21:19 | INFO | Timeout limit is increased to 2800
2024-04-17 21:19 | INFO | Query 43 Size of the uncertainty table is = 3987/39325
2024-04-17 21:19 | INFO | Query 43 Size of the filtered table is = 393
2024-04-17 21:22 | INFO | Query 43 Active Learning Random Query Runtime on Validation Set: 438836.35
2024-04-17 21:22 | INFO | Query 43 Active Learning Random Query Runtime on Test Set: 5435.09
2024-04-17 21:22 | INFO | Query 43 Active Learning Random Query Instance Cost: 3931657.49
2024-04-17 21:22 | INFO | Timeout limit is increased to 2900
2024-04-17 21:22 | INFO | Query 44 Size of the uncertainty table is = 3986/39325
2024-04-17 21:22 | INFO | Query 44 Size of the filtered table is = 393
2024-04-17 21:26 | INFO | Query 44 Active Learning Random Query Runtime on Validation Set: 438836.35
2024-04-17 21:26 | INFO | Query 44 Active Learning Random Query Runtime on Test Set: 5435.09
2024-04-17 21:26 | INFO | Query 44 Active Learning Random Query Instance Cost: 4065257.49
2024-04-17 21:26 | INFO | Timeout limit is increased to 3000
2024-04-17 21:26 | INFO | Query 45 Size of the uncertainty table is = 3986/39325
2024-04-17 21:26 | INFO | Query 45 Size of the filtered table is = 393
2024-04-17 21:29 | INFO | Query 45 Active Learning Random Query Runtime on Validation Set: 438836.35
2024-04-17 21:29 | INFO | Query 45 Active Learning Random Query Runtime on Test Set: 5435.09
2024-04-17 21:29 | INFO | Query 45 Active Learning Random Query Instance Cost: 4199604.79
2024-04-17 21:29 | INFO | Timeout limit is increased to 3100
2024-04-17 21:29 | INFO | Query 46 Size of the uncertainty table is = 3983/39325
2024-04-17 21:29 | INFO | Query 46 Size of the filtered table is = 393
2024-04-17 21:32 | INFO | Query 46 Active Learning Random Query Runtime on Validation Set: 438836.35
2024-04-17 21:32 | INFO | Query 46 Active Learning Random Query Runtime on Test Set: 5435.09
2024-04-17 21:32 | INFO | Query 46 Active Learning Random Query Instance Cost: 4342604.79
2024-04-17 21:32 | INFO | Timeout limit is increased to 3200
2024-04-17 21:32 | INFO | Query 47 Size of the uncertainty table is = 3983/39325
2024-04-17 21:32 | INFO | Query 47 Size of the filtered table is = 393
2024-04-17 21:35 | INFO | Query 47 Active Learning Random Query Runtime on Validation Set: 438836.35
2024-04-17 21:35 | INFO | Query 47 Active Learning Random Query Runtime on Test Set: 5435.09
2024-04-17 21:35 | INFO | Query 47 Active Learning Random Query Instance Cost: 4490104.79
2024-04-17 21:35 | INFO | Timeout limit is increased to 3300
2024-04-17 21:35 | INFO | Query 48 Size of the uncertainty table is = 3983/39325
2024-04-17 21:35 | INFO | Query 48 Size of the filtered table is = 393
2024-04-17 21:38 | INFO | Query 48 Active Learning Random Query Runtime on Validation Set: 438836.35
2024-04-17 21:38 | INFO | Query 48 Active Learning Random Query Runtime on Test Set: 5435.09
2024-04-17 21:38 | INFO | Query 48 Active Learning Random Query Instance Cost: 4619104.79
2024-04-17 21:38 | INFO | Timeout limit is increased to 3400
2024-04-17 21:38 | INFO | Query 49 Size of the uncertainty table is = 3983/39325
2024-04-17 21:38 | INFO | Query 49 Size of the filtered table is = 393
2024-04-17 21:41 | INFO | Query 49 Active Learning Random Query Runtime on Validation Set: 438836.35
2024-04-17 21:41 | INFO | Query 49 Active Learning Random Query Runtime on Test Set: 5435.09
2024-04-17 21:41 | INFO | Query 49 Active Learning Random Query Instance Cost: 4745004.79
2024-04-17 21:41 | INFO | Timeout limit is increased to 3500
2024-04-17 21:41 | INFO | Query 50 Size of the uncertainty table is = 3983/39325
2024-04-17 21:41 | INFO | Query 50 Size of the filtered table is = 393
2024-04-17 21:44 | INFO | Query 50 Active Learning Random Query Runtime on Validation Set: 438836.35
2024-04-17 21:44 | INFO | Query 50 Active Learning Random Query Runtime on Test Set: 5435.09
2024-04-17 21:44 | INFO | Query 50 Active Learning Random Query Instance Cost: 4875304.79
2024-04-17 21:44 | INFO | Timeout limit is increased to 3600
2024-04-17 21:44 | INFO | Query 51 Size of the uncertainty table is = 3983/39325
2024-04-17 21:44 | INFO | Query 51 Size of the filtered table is = 393
2024-04-17 21:47 | INFO | Query 51 Active Learning Random Query Runtime on Validation Set: 438836.35
2024-04-17 21:47 | INFO | Query 51 Active Learning Random Query Runtime on Test Set: 5435.09
2024-04-17 21:47 | INFO | Query 51 Active Learning Random Query Instance Cost: 5018004.79
2024-04-17 21:47 | INFO | Timeout limit is increased to 3600
2024-04-17 21:47 | INFO | runtime_train_score is written as json file
2024-04-17 21:47 | INFO | runtime_test_score is written as json file
2024-04-17 21:47 | INFO | runtime_validation_score is written as json file
2024-04-17 21:47 | INFO | instance_cost is written as json file
2024-04-17 21:47 | INFO | Experiment is finished
