2024-04-17 18:14 | INFO | Paramaters are: {'dataset': 'MAXSAT12-PMS', 'penalty': 10, 'weight': 'No_Weight', 'voting': 'Hard', 'pre_selection_size': 64, 'pre_selection_technique': 'No_pre_selection', 'feature_elimination_threshold': 20, 'imputer_strategy': 'median', 'feature_selection_technique': 'No_feature_selection', 'feature_scaling_technique': 'StandardScaler', 'initial_train_size': 20, 'query_size': 1, 'timeout_predictor_usage': 'No', 'timeout_limit': 100, 'timeout_increase_rate': 100, 'RANDOM_STATE_SEED': 99, 'n_splits': 10, 'split_number': 3, 'max_timeout': 3600, 'param_grid': {'n_estimators': 100, 'criterion': 'gini', 'max_features': 'sqrt', 'max_depth': 2147483648, 'min_samples_split': 2, 'bootstrap': True}}
2024-04-17 18:14 | INFO | MAXSAT12-PMS is current dataset
2024-04-17 18:14 | INFO | DATASETS/MAXSAT12-PMS/algorithm_runs.csv is found
2024-04-17 18:14 | INFO | DATASETS/MAXSAT12-PMS/algorithm_runs.csv is finished
2024-04-17 18:14 | INFO | DATASETS/MAXSAT12-PMS/feature_values.csv is found
2024-04-17 18:14 | INFO | DATASETS/MAXSAT12-PMS/feature_values.csv is finished
2024-04-17 18:14 | INFO | DATASETS/MAXSAT12-PMS/feature_costs.csv is found
2024-04-17 18:14 | INFO | DATASETS/MAXSAT12-PMS/feature_costs.csv is finished
2024-04-17 18:14 | INFO | Feature cost of train set is 33.86
2024-04-17 18:14 | INFO | Initial Active Learning Random Query Runtime on Validation Set: 444273.55
2024-04-17 18:14 | INFO | Initial Active Learning Random Query Runtime on Test Set: 148842.76
2024-04-17 18:14 | INFO | Initial Active Learning Random Query Instance Cost: 6401.98
2024-04-17 18:14 | INFO | Bin size = 77
2024-04-17 18:14 | INFO | Query 1 Size of the uncertainty table is = 7827/7755
2024-04-17 18:14 | INFO | Query 1 Size of the filtered table is = 77
2024-04-17 18:15 | INFO | Query 1 Active Learning Random Query Runtime on Validation Set: 8382.24
2024-04-17 18:15 | INFO | Query 1 Active Learning Random Query Runtime on Test Set: 76913.04
2024-04-17 18:15 | INFO | Query 1 Active Learning Random Query Instance Cost: 12491.07
2024-04-17 18:15 | INFO | Query 2 Size of the uncertainty table is = 7750/7755
2024-04-17 18:15 | INFO | Query 2 Size of the filtered table is = 77
2024-04-17 18:15 | INFO | Query 2 Active Learning Random Query Runtime on Validation Set: 44263.97
2024-04-17 18:15 | INFO | Query 2 Active Learning Random Query Runtime on Test Set: 41605.71
2024-04-17 18:15 | INFO | Query 2 Active Learning Random Query Instance Cost: 18807.39
2024-04-17 18:15 | INFO | Timeout limit is increased to 200
2024-04-17 18:15 | INFO | Query 3 Size of the uncertainty table is = 7666/7755
2024-04-17 18:15 | INFO | Query 3 Size of the filtered table is = 77
2024-04-17 18:16 | INFO | Query 3 Active Learning Random Query Runtime on Validation Set: 8386.86
2024-04-17 18:16 | INFO | Query 3 Active Learning Random Query Runtime on Test Set: 38374.98
2024-04-17 18:16 | INFO | Query 3 Active Learning Random Query Instance Cost: 31142.0
2024-04-17 18:16 | INFO | Query 4 Size of the uncertainty table is = 7544/7755
2024-04-17 18:16 | INFO | Query 4 Size of the filtered table is = 77
2024-04-17 18:16 | INFO | Query 4 Active Learning Random Query Runtime on Validation Set: 8394.62
2024-04-17 18:16 | INFO | Query 4 Active Learning Random Query Runtime on Test Set: 38035.62
2024-04-17 18:16 | INFO | Query 4 Active Learning Random Query Instance Cost: 44320.43
2024-04-17 18:16 | INFO | Timeout limit is increased to 300
2024-04-17 18:16 | INFO | Query 5 Size of the uncertainty table is = 7423/7755
2024-04-17 18:16 | INFO | Query 5 Size of the filtered table is = 77
2024-04-17 18:17 | INFO | Query 5 Active Learning Random Query Runtime on Validation Set: 8509.99
2024-04-17 18:17 | INFO | Query 5 Active Learning Random Query Runtime on Test Set: 3185.77
2024-04-17 18:17 | INFO | Query 5 Active Learning Random Query Instance Cost: 64552.52
2024-04-17 18:17 | INFO | Timeout limit is increased to 400
2024-04-17 18:17 | INFO | Query 6 Size of the uncertainty table is = 7310/7755
2024-04-17 18:17 | INFO | Query 6 Size of the filtered table is = 77
2024-04-17 18:17 | INFO | Query 6 Active Learning Random Query Runtime on Validation Set: 8530.3
2024-04-17 18:17 | INFO | Query 6 Active Learning Random Query Runtime on Test Set: 38013.52
2024-04-17 18:17 | INFO | Query 6 Active Learning Random Query Instance Cost: 81935.19
2024-04-17 18:17 | INFO | Timeout limit is increased to 500
2024-04-17 18:17 | INFO | Query 7 Size of the uncertainty table is = 7164/7755
2024-04-17 18:17 | INFO | Query 7 Size of the filtered table is = 77
2024-04-17 18:18 | INFO | Query 7 Active Learning Random Query Runtime on Validation Set: 8514.18
2024-04-17 18:18 | INFO | Query 7 Active Learning Random Query Runtime on Test Set: 2944.73
2024-04-17 18:18 | INFO | Query 7 Active Learning Random Query Instance Cost: 102939.73
2024-04-17 18:18 | INFO | Query 8 Size of the uncertainty table is = 6987/7755
2024-04-17 18:18 | INFO | Query 8 Size of the filtered table is = 77
2024-04-17 18:18 | INFO | Query 8 Active Learning Random Query Runtime on Validation Set: 45215.87
2024-04-17 18:18 | INFO | Query 8 Active Learning Random Query Runtime on Test Set: 38490.49
2024-04-17 18:18 | INFO | Query 8 Active Learning Random Query Instance Cost: 124463.98
2024-04-17 18:18 | INFO | Timeout limit is increased to 600
2024-04-17 18:18 | INFO | Query 9 Size of the uncertainty table is = 6816/7755
2024-04-17 18:18 | INFO | Query 9 Size of the filtered table is = 77
2024-04-17 18:19 | INFO | Query 9 Active Learning Random Query Runtime on Validation Set: 47088.9
2024-04-17 18:19 | INFO | Query 9 Active Learning Random Query Runtime on Test Set: 38481.29
2024-04-17 18:19 | INFO | Query 9 Active Learning Random Query Instance Cost: 158117.68
2024-04-17 18:19 | INFO | Timeout limit is increased to 700
2024-04-17 18:19 | INFO | Query 10 Size of the uncertainty table is = 6656/7755
2024-04-17 18:19 | INFO | Query 10 Size of the filtered table is = 77
2024-04-17 18:19 | INFO | Query 10 Active Learning Random Query Runtime on Validation Set: 47089.43
2024-04-17 18:19 | INFO | Query 10 Active Learning Random Query Runtime on Test Set: 38492.39
2024-04-17 18:19 | INFO | Query 10 Active Learning Random Query Instance Cost: 195180.03
2024-04-17 18:19 | INFO | Timeout limit is increased to 800
2024-04-17 18:19 | INFO | Query 11 Size of the uncertainty table is = 6463/7755
2024-04-17 18:19 | INFO | Query 11 Size of the filtered table is = 77
2024-04-17 18:20 | INFO | Query 11 Active Learning Random Query Runtime on Validation Set: 8537.92
2024-04-17 18:20 | INFO | Query 11 Active Learning Random Query Runtime on Test Set: 38500.47
2024-04-17 18:20 | INFO | Query 11 Active Learning Random Query Instance Cost: 233973.91
2024-04-17 18:20 | INFO | Query 12 Size of the uncertainty table is = 6275/7755
2024-04-17 18:20 | INFO | Query 12 Size of the filtered table is = 77
2024-04-17 18:20 | INFO | Query 12 Active Learning Random Query Runtime on Validation Set: 8515.88
2024-04-17 18:20 | INFO | Query 12 Active Learning Random Query Runtime on Test Set: 38364.97
2024-04-17 18:20 | INFO | Query 12 Active Learning Random Query Instance Cost: 270346.72
2024-04-17 18:20 | INFO | Query 13 Size of the uncertainty table is = 6101/7755
2024-04-17 18:20 | INFO | Query 13 Size of the filtered table is = 77
2024-04-17 18:21 | INFO | Query 13 Active Learning Random Query Runtime on Validation Set: 8529.11
2024-04-17 18:21 | INFO | Query 13 Active Learning Random Query Runtime on Test Set: 38325.68
2024-04-17 18:21 | INFO | Query 13 Active Learning Random Query Instance Cost: 309545.47
2024-04-17 18:21 | INFO | Timeout limit is increased to 900
2024-04-17 18:21 | INFO | Query 14 Size of the uncertainty table is = 5900/7755
2024-04-17 18:21 | INFO | Query 14 Size of the filtered table is = 77
2024-04-17 18:21 | INFO | Query 14 Active Learning Random Query Runtime on Validation Set: 9194.3
2024-04-17 18:21 | INFO | Query 14 Active Learning Random Query Runtime on Test Set: 38126.83
2024-04-17 18:21 | INFO | Query 14 Active Learning Random Query Instance Cost: 347043.39
2024-04-17 18:21 | INFO | Timeout limit is increased to 1000
2024-04-17 18:21 | INFO | Query 15 Size of the uncertainty table is = 5674/7755
2024-04-17 18:21 | INFO | Query 15 Size of the filtered table is = 77
2024-04-17 18:22 | INFO | Query 15 Active Learning Random Query Runtime on Validation Set: 8426.85
2024-04-17 18:22 | INFO | Query 15 Active Learning Random Query Runtime on Test Set: 38057.86
2024-04-17 18:22 | INFO | Query 15 Active Learning Random Query Instance Cost: 393969.53
2024-04-17 18:22 | INFO | Query 16 Size of the uncertainty table is = 5476/7755
2024-04-17 18:22 | INFO | Query 16 Size of the filtered table is = 77
2024-04-17 18:22 | INFO | Query 16 Active Learning Random Query Runtime on Validation Set: 8472.54
2024-04-17 18:22 | INFO | Query 16 Active Learning Random Query Runtime on Test Set: 38061.57
2024-04-17 18:22 | INFO | Query 16 Active Learning Random Query Instance Cost: 428801.91
2024-04-17 18:22 | INFO | Timeout limit is increased to 1100
2024-04-17 18:22 | INFO | Query 17 Size of the uncertainty table is = 5223/7755
2024-04-17 18:22 | INFO | Query 17 Size of the filtered table is = 77
2024-04-17 18:23 | INFO | Query 17 Active Learning Random Query Runtime on Validation Set: 80263.67
2024-04-17 18:23 | INFO | Query 17 Active Learning Random Query Runtime on Test Set: 73760.16
2024-04-17 18:23 | INFO | Query 17 Active Learning Random Query Instance Cost: 477766.95
2024-04-17 18:23 | INFO | Timeout limit is increased to 1200
2024-04-17 18:23 | INFO | Query 18 Size of the uncertainty table is = 5002/7755
2024-04-17 18:23 | INFO | Query 18 Size of the filtered table is = 77
2024-04-17 18:23 | INFO | Query 18 Active Learning Random Query Runtime on Validation Set: 80249.77
2024-04-17 18:23 | INFO | Query 18 Active Learning Random Query Runtime on Test Set: 73784.4
2024-04-17 18:23 | INFO | Query 18 Active Learning Random Query Instance Cost: 520796.61
2024-04-17 18:23 | INFO | Query 19 Size of the uncertainty table is = 4794/7755
2024-04-17 18:23 | INFO | Query 19 Size of the filtered table is = 77
2024-04-17 18:24 | INFO | Query 19 Active Learning Random Query Runtime on Validation Set: 190979.29
2024-04-17 18:24 | INFO | Query 19 Active Learning Random Query Runtime on Test Set: 74044.09
2024-04-17 18:24 | INFO | Query 19 Active Learning Random Query Instance Cost: 567130.14
2024-04-17 18:24 | INFO | Timeout limit is increased to 1300
2024-04-17 18:24 | INFO | Query 20 Size of the uncertainty table is = 4544/7755
2024-04-17 18:24 | INFO | Query 20 Size of the filtered table is = 77
2024-04-17 18:24 | INFO | Query 20 Active Learning Random Query Runtime on Validation Set: 406360.67
2024-04-17 18:24 | INFO | Query 20 Active Learning Random Query Runtime on Test Set: 109767.67
2024-04-17 18:24 | INFO | Query 20 Active Learning Random Query Instance Cost: 617914.59
2024-04-17 18:24 | INFO | Timeout limit is increased to 1400
2024-04-17 18:24 | INFO | Query 21 Size of the uncertainty table is = 4313/7755
2024-04-17 18:24 | INFO | Query 21 Size of the filtered table is = 77
2024-04-17 18:25 | INFO | Query 21 Active Learning Random Query Runtime on Validation Set: 190461.22
2024-04-17 18:25 | INFO | Query 21 Active Learning Random Query Runtime on Test Set: 109439.53
2024-04-17 18:25 | INFO | Query 21 Active Learning Random Query Instance Cost: 671066.46
2024-04-17 18:25 | INFO | Query 22 Size of the uncertainty table is = 4074/7755
2024-04-17 18:25 | INFO | Query 22 Size of the filtered table is = 77
2024-04-17 18:25 | INFO | Query 22 Active Learning Random Query Runtime on Validation Set: 117517.04
2024-04-17 18:25 | INFO | Query 22 Active Learning Random Query Runtime on Test Set: 73953.4
2024-04-17 18:25 | INFO | Query 22 Active Learning Random Query Instance Cost: 715309.83
2024-04-17 18:25 | INFO | Query 23 Size of the uncertainty table is = 3829/7755
2024-04-17 18:25 | INFO | Query 23 Size of the filtered table is = 77
2024-04-17 18:26 | INFO | Query 23 Active Learning Random Query Runtime on Validation Set: 298606.64
2024-04-17 18:26 | INFO | Query 23 Active Learning Random Query Runtime on Test Set: 109809.89
2024-04-17 18:26 | INFO | Query 23 Active Learning Random Query Instance Cost: 761833.18
2024-04-17 18:26 | INFO | Timeout limit is increased to 1500
2024-04-17 18:26 | INFO | Query 24 Size of the uncertainty table is = 3599/7755
2024-04-17 18:26 | INFO | Query 24 Size of the filtered table is = 77
2024-04-17 18:26 | INFO | Query 24 Active Learning Random Query Runtime on Validation Set: 298608.02
2024-04-17 18:26 | INFO | Query 24 Active Learning Random Query Runtime on Test Set: 109942.55
2024-04-17 18:26 | INFO | Query 24 Active Learning Random Query Instance Cost: 827032.89
2024-04-17 18:26 | INFO | Timeout limit is increased to 1600
2024-04-17 18:26 | INFO | Query 25 Size of the uncertainty table is = 3382/7755
2024-04-17 18:26 | INFO | Query 25 Size of the filtered table is = 77
2024-04-17 18:27 | INFO | Query 25 Active Learning Random Query Runtime on Validation Set: 406399.23
2024-04-17 18:27 | INFO | Query 25 Active Learning Random Query Runtime on Test Set: 109933.37
2024-04-17 18:27 | INFO | Query 25 Active Learning Random Query Instance Cost: 886831.18
2024-04-17 18:27 | INFO | Timeout limit is increased to 1700
2024-04-17 18:27 | INFO | Query 26 Size of the uncertainty table is = 3131/7755
2024-04-17 18:27 | INFO | Query 26 Size of the filtered table is = 77
2024-04-17 18:28 | INFO | Query 26 Active Learning Random Query Runtime on Validation Set: 190999.41
2024-04-17 18:28 | INFO | Query 26 Active Learning Random Query Runtime on Test Set: 74181.68
2024-04-17 18:28 | INFO | Query 26 Active Learning Random Query Instance Cost: 951057.29
2024-04-17 18:28 | INFO | Query 27 Size of the uncertainty table is = 2886/7755
2024-04-17 18:28 | INFO | Query 27 Size of the filtered table is = 77
2024-04-17 18:28 | INFO | Query 27 Active Learning Random Query Runtime on Validation Set: 223858.1
2024-04-17 18:28 | INFO | Query 27 Active Learning Random Query Runtime on Test Set: 74063.31
2024-04-17 18:28 | INFO | Query 27 Active Learning Random Query Instance Cost: 1001618.53
2024-04-17 18:28 | INFO | Timeout limit is increased to 1800
2024-04-17 18:28 | INFO | Query 28 Size of the uncertainty table is = 2656/7755
2024-04-17 18:28 | INFO | Query 28 Size of the filtered table is = 77
2024-04-17 18:29 | INFO | Query 28 Active Learning Random Query Runtime on Validation Set: 223745.56
2024-04-17 18:29 | INFO | Query 28 Active Learning Random Query Runtime on Test Set: 73685.34
2024-04-17 18:29 | INFO | Query 28 Active Learning Random Query Instance Cost: 1062213.98
2024-04-17 18:29 | INFO | Query 29 Size of the uncertainty table is = 2436/7755
2024-04-17 18:29 | INFO | Query 29 Size of the filtered table is = 77
2024-04-17 18:29 | INFO | Query 29 Active Learning Random Query Runtime on Validation Set: 8405.4
2024-04-17 18:29 | INFO | Query 29 Active Learning Random Query Runtime on Test Set: 37917.9
2024-04-17 18:29 | INFO | Query 29 Active Learning Random Query Instance Cost: 1129044.71
2024-04-17 18:29 | INFO | Query 30 Size of the uncertainty table is = 2166/7755
2024-04-17 18:29 | INFO | Query 30 Size of the filtered table is = 77
2024-04-17 18:30 | INFO | Query 30 Active Learning Random Query Runtime on Validation Set: 191047.43
2024-04-17 18:30 | INFO | Query 30 Active Learning Random Query Runtime on Test Set: 74139.69
2024-04-17 18:30 | INFO | Query 30 Active Learning Random Query Instance Cost: 1205979.95
2024-04-17 18:30 | INFO | Timeout limit is increased to 1900
2024-04-17 18:30 | INFO | Query 31 Size of the uncertainty table is = 1944/7755
2024-04-17 18:30 | INFO | Query 31 Size of the filtered table is = 77
2024-04-17 18:30 | INFO | Query 31 Active Learning Random Query Runtime on Validation Set: 191005.26
2024-04-17 18:30 | INFO | Query 31 Active Learning Random Query Runtime on Test Set: 74143.64
2024-04-17 18:30 | INFO | Query 31 Active Learning Random Query Instance Cost: 1280448.43
2024-04-17 18:30 | INFO | Query 32 Size of the uncertainty table is = 1751/7755
2024-04-17 18:30 | INFO | Query 32 Size of the filtered table is = 77
2024-04-17 18:31 | INFO | Query 32 Active Learning Random Query Runtime on Validation Set: 8356.99
2024-04-17 18:31 | INFO | Query 32 Active Learning Random Query Runtime on Test Set: 37913.06
2024-04-17 18:31 | INFO | Query 32 Active Learning Random Query Instance Cost: 1352539.29
2024-04-17 18:31 | INFO | Query 33 Size of the uncertainty table is = 1605/7755
2024-04-17 18:31 | INFO | Query 33 Size of the filtered table is = 77
2024-04-17 18:31 | INFO | Query 33 Active Learning Random Query Runtime on Validation Set: 115970.15
2024-04-17 18:31 | INFO | Query 33 Active Learning Random Query Runtime on Test Set: 73635.71
2024-04-17 18:31 | INFO | Query 33 Active Learning Random Query Instance Cost: 1424403.53
2024-04-17 18:31 | INFO | Timeout limit is increased to 2000
2024-04-17 18:31 | INFO | Query 34 Size of the uncertainty table is = 1467/7755
2024-04-17 18:31 | INFO | Query 34 Size of the filtered table is = 77
2024-04-17 18:32 | INFO | Query 34 Active Learning Random Query Runtime on Validation Set: 223721.04
2024-04-17 18:32 | INFO | Query 34 Active Learning Random Query Runtime on Test Set: 73613.1
2024-04-17 18:32 | INFO | Query 34 Active Learning Random Query Instance Cost: 1500415.21
2024-04-17 18:32 | INFO | Timeout limit is increased to 2100
2024-04-17 18:32 | INFO | Query 35 Size of the uncertainty table is = 1335/7755
2024-04-17 18:32 | INFO | Query 35 Size of the filtered table is = 77
2024-04-17 18:32 | INFO | Query 35 Active Learning Random Query Runtime on Validation Set: 223720.8
2024-04-17 18:32 | INFO | Query 35 Active Learning Random Query Runtime on Test Set: 73636.16
2024-04-17 18:32 | INFO | Query 35 Active Learning Random Query Instance Cost: 1566234.69
2024-04-17 18:32 | INFO | Query 36 Size of the uncertainty table is = 1202/7755
2024-04-17 18:32 | INFO | Query 36 Size of the filtered table is = 77
2024-04-17 18:33 | INFO | Query 36 Active Learning Random Query Runtime on Validation Set: 406356.96
2024-04-17 18:33 | INFO | Query 36 Active Learning Random Query Runtime on Test Set: 109866.74
2024-04-17 18:33 | INFO | Query 36 Active Learning Random Query Instance Cost: 1629292.09
2024-04-17 18:33 | INFO | Timeout limit is increased to 2200
2024-04-17 18:33 | INFO | Query 37 Size of the uncertainty table is = 1120/7755
2024-04-17 18:33 | INFO | Query 37 Size of the filtered table is = 77
2024-04-17 18:33 | INFO | Query 37 Active Learning Random Query Runtime on Validation Set: 332593.65
2024-04-17 18:33 | INFO | Query 37 Active Learning Random Query Runtime on Test Set: 74005.69
2024-04-17 18:33 | INFO | Query 37 Active Learning Random Query Instance Cost: 1698640.75
2024-04-17 18:33 | INFO | Query 38 Size of the uncertainty table is = 1047/7755
2024-04-17 18:33 | INFO | Query 38 Size of the filtered table is = 77
2024-04-17 18:34 | INFO | Query 38 Active Learning Random Query Runtime on Validation Set: 223717.27
2024-04-17 18:34 | INFO | Query 38 Active Learning Random Query Runtime on Test Set: 73645.31
2024-04-17 18:34 | INFO | Query 38 Active Learning Random Query Instance Cost: 1756561.6
2024-04-17 18:34 | INFO | Query 39 Size of the uncertainty table is = 976/7755
2024-04-17 18:34 | INFO | Query 39 Size of the filtered table is = 77
2024-04-17 18:35 | INFO | Query 39 Active Learning Random Query Runtime on Validation Set: 223773.68
2024-04-17 18:35 | INFO | Query 39 Active Learning Random Query Runtime on Test Set: 74000.58
2024-04-17 18:35 | INFO | Query 39 Active Learning Random Query Instance Cost: 1805913.29
2024-04-17 18:35 | INFO | Timeout limit is increased to 2300
2024-04-17 18:35 | INFO | Query 40 Size of the uncertainty table is = 917/7755
2024-04-17 18:35 | INFO | Query 40 Size of the filtered table is = 77
2024-04-17 18:35 | INFO | Query 40 Active Learning Random Query Runtime on Validation Set: 223712.32
2024-04-17 18:35 | INFO | Query 40 Active Learning Random Query Runtime on Test Set: 73668.22
2024-04-17 18:35 | INFO | Query 40 Active Learning Random Query Instance Cost: 1863392.96
2024-04-17 18:35 | INFO | Query 41 Size of the uncertainty table is = 882/7755
2024-04-17 18:35 | INFO | Query 41 Size of the filtered table is = 77
2024-04-17 18:36 | INFO | Query 41 Active Learning Random Query Runtime on Validation Set: 115932.77
2024-04-17 18:36 | INFO | Query 41 Active Learning Random Query Runtime on Test Set: 73667.77
2024-04-17 18:36 | INFO | Query 41 Active Learning Random Query Instance Cost: 1916530.71
2024-04-17 18:36 | INFO | Query 42 Size of the uncertainty table is = 858/7755
2024-04-17 18:36 | INFO | Query 42 Size of the filtered table is = 77
2024-04-17 18:36 | INFO | Query 42 Active Learning Random Query Runtime on Validation Set: 8304.11
2024-04-17 18:36 | INFO | Query 42 Active Learning Random Query Runtime on Test Set: 37921.71
2024-04-17 18:36 | INFO | Query 42 Active Learning Random Query Instance Cost: 1952079.76
2024-04-17 18:36 | INFO | Query 43 Size of the uncertainty table is = 830/7755
2024-04-17 18:36 | INFO | Query 43 Size of the filtered table is = 77
2024-04-17 18:37 | INFO | Query 43 Active Learning Random Query Runtime on Validation Set: 8314.82
2024-04-17 18:37 | INFO | Query 43 Active Learning Random Query Runtime on Test Set: 37877.87
2024-04-17 18:37 | INFO | Query 43 Active Learning Random Query Instance Cost: 1986823.53
2024-04-17 18:37 | INFO | Timeout limit is increased to 2400
2024-04-17 18:37 | INFO | Query 44 Size of the uncertainty table is = 821/7755
2024-04-17 18:37 | INFO | Query 44 Size of the filtered table is = 77
2024-04-17 18:37 | INFO | Query 44 Active Learning Random Query Runtime on Validation Set: 8314.82
2024-04-17 18:37 | INFO | Query 44 Active Learning Random Query Runtime on Test Set: 37877.87
2024-04-17 18:37 | INFO | Query 44 Active Learning Random Query Instance Cost: 2028723.53
2024-04-17 18:37 | INFO | Timeout limit is increased to 2500
2024-04-17 18:37 | INFO | Query 45 Size of the uncertainty table is = 821/7755
2024-04-17 18:37 | INFO | Query 45 Size of the filtered table is = 77
2024-04-17 18:38 | INFO | Query 45 Active Learning Random Query Runtime on Validation Set: 8314.82
2024-04-17 18:38 | INFO | Query 45 Active Learning Random Query Runtime on Test Set: 37877.87
2024-04-17 18:38 | INFO | Query 45 Active Learning Random Query Instance Cost: 2070901.62
2024-04-17 18:38 | INFO | Timeout limit is increased to 2600
2024-04-17 18:38 | INFO | Query 46 Size of the uncertainty table is = 819/7755
2024-04-17 18:38 | INFO | Query 46 Size of the filtered table is = 77
2024-04-17 18:38 | INFO | Query 46 Active Learning Random Query Runtime on Validation Set: 8314.82
2024-04-17 18:38 | INFO | Query 46 Active Learning Random Query Runtime on Test Set: 37877.87
2024-04-17 18:38 | INFO | Query 46 Active Learning Random Query Instance Cost: 2116701.62
2024-04-17 18:38 | INFO | Timeout limit is increased to 2700
2024-04-17 18:38 | INFO | Query 47 Size of the uncertainty table is = 819/7755
2024-04-17 18:38 | INFO | Query 47 Size of the filtered table is = 77
2024-04-17 18:39 | INFO | Query 47 Active Learning Random Query Runtime on Validation Set: 8314.82
2024-04-17 18:39 | INFO | Query 47 Active Learning Random Query Runtime on Test Set: 37877.87
2024-04-17 18:39 | INFO | Query 47 Active Learning Random Query Instance Cost: 2172401.62
2024-04-17 18:39 | INFO | Timeout limit is increased to 2800
2024-04-17 18:39 | INFO | Query 48 Size of the uncertainty table is = 819/7755
2024-04-17 18:39 | INFO | Query 48 Size of the filtered table is = 77
2024-04-17 18:39 | INFO | Query 48 Active Learning Random Query Runtime on Validation Set: 8314.82
2024-04-17 18:39 | INFO | Query 48 Active Learning Random Query Runtime on Test Set: 37877.87
2024-04-17 18:39 | INFO | Query 48 Active Learning Random Query Instance Cost: 2236220.7
2024-04-17 18:39 | INFO | Timeout limit is increased to 2900
2024-04-17 18:39 | INFO | Query 49 Size of the uncertainty table is = 815/7755
2024-04-17 18:39 | INFO | Query 49 Size of the filtered table is = 77
2024-04-17 18:40 | INFO | Query 49 Active Learning Random Query Runtime on Validation Set: 8314.82
2024-04-17 18:40 | INFO | Query 49 Active Learning Random Query Runtime on Test Set: 37877.87
2024-04-17 18:40 | INFO | Query 49 Active Learning Random Query Instance Cost: 2299020.7
2024-04-17 18:40 | INFO | Timeout limit is increased to 3000
2024-04-17 18:40 | INFO | Query 50 Size of the uncertainty table is = 815/7755
2024-04-17 18:40 | INFO | Query 50 Size of the filtered table is = 77
2024-04-17 18:40 | INFO | Query 50 Active Learning Random Query Runtime on Validation Set: 8314.82
2024-04-17 18:40 | INFO | Query 50 Active Learning Random Query Runtime on Test Set: 37877.87
2024-04-17 18:40 | INFO | Query 50 Active Learning Random Query Instance Cost: 2363920.7
2024-04-17 18:40 | INFO | Timeout limit is increased to 3100
2024-04-17 18:40 | INFO | Query 51 Size of the uncertainty table is = 815/7755
2024-04-17 18:40 | INFO | Query 51 Size of the filtered table is = 77
2024-04-17 18:41 | INFO | Query 51 Active Learning Random Query Runtime on Validation Set: 8314.82
2024-04-17 18:41 | INFO | Query 51 Active Learning Random Query Runtime on Test Set: 37877.87
2024-04-17 18:41 | INFO | Query 51 Active Learning Random Query Instance Cost: 2432917.62
2024-04-17 18:41 | INFO | Timeout limit is increased to 3200
2024-04-17 18:41 | INFO | Query 52 Size of the uncertainty table is = 813/7755
2024-04-17 18:41 | INFO | Query 52 Size of the filtered table is = 77
2024-04-17 18:41 | INFO | Query 52 Active Learning Random Query Runtime on Validation Set: 8314.82
2024-04-17 18:41 | INFO | Query 52 Active Learning Random Query Runtime on Test Set: 37877.87
2024-04-17 18:41 | INFO | Query 52 Active Learning Random Query Instance Cost: 2499317.62
2024-04-17 18:41 | INFO | Timeout limit is increased to 3300
2024-04-17 18:41 | INFO | Query 53 Size of the uncertainty table is = 813/7755
2024-04-17 18:41 | INFO | Query 53 Size of the filtered table is = 77
2024-04-17 18:42 | INFO | Query 53 Active Learning Random Query Runtime on Validation Set: 8314.82
2024-04-17 18:42 | INFO | Query 53 Active Learning Random Query Runtime on Test Set: 37877.87
2024-04-17 18:42 | INFO | Query 53 Active Learning Random Query Instance Cost: 2575417.62
2024-04-17 18:42 | INFO | Timeout limit is increased to 3400
2024-04-17 18:42 | INFO | Query 54 Size of the uncertainty table is = 813/7755
2024-04-17 18:42 | INFO | Query 54 Size of the filtered table is = 77
2024-04-17 18:42 | INFO | Query 54 Active Learning Random Query Runtime on Validation Set: 8314.82
2024-04-17 18:42 | INFO | Query 54 Active Learning Random Query Runtime on Test Set: 37877.87
2024-04-17 18:42 | INFO | Query 54 Active Learning Random Query Instance Cost: 2645217.62
2024-04-17 18:42 | INFO | Timeout limit is increased to 3500
2024-04-17 18:42 | INFO | Query 55 Size of the uncertainty table is = 813/7755
2024-04-17 18:42 | INFO | Query 55 Size of the filtered table is = 77
2024-04-17 18:43 | INFO | Query 55 Active Learning Random Query Runtime on Validation Set: 8314.82
2024-04-17 18:43 | INFO | Query 55 Active Learning Random Query Runtime on Test Set: 37877.87
2024-04-17 18:43 | INFO | Query 55 Active Learning Random Query Instance Cost: 2714717.62
2024-04-17 18:43 | INFO | Timeout limit is increased to 3600
2024-04-17 18:43 | INFO | Query 56 Size of the uncertainty table is = 813/7755
2024-04-17 18:43 | INFO | Query 56 Size of the filtered table is = 77
2024-04-17 18:44 | INFO | Query 56 Active Learning Random Query Runtime on Validation Set: 8314.82
2024-04-17 18:44 | INFO | Query 56 Active Learning Random Query Runtime on Test Set: 37877.87
2024-04-17 18:44 | INFO | Query 56 Active Learning Random Query Instance Cost: 2780701.66
2024-04-17 18:44 | INFO | Timeout limit is increased to 3600
2024-04-17 18:44 | INFO | runtime_train_score is written as json file
2024-04-17 18:44 | INFO | runtime_test_score is written as json file
2024-04-17 18:44 | INFO | runtime_validation_score is written as json file
2024-04-17 18:44 | INFO | instance_cost is written as json file
2024-04-17 18:44 | INFO | Experiment is finished
