2024-04-17 10:41 | INFO | Paramaters are: {'dataset': 'QBF-2011', 'penalty': 10, 'weight': 'No_Weight', 'voting': 'Hard', 'pre_selection_size': 64, 'pre_selection_technique': 'No_pre_selection', 'feature_elimination_threshold': 20, 'imputer_strategy': 'median', 'feature_selection_technique': 'No_feature_selection', 'feature_scaling_technique': 'StandardScaler', 'initial_train_size': 20, 'query_size': 1, 'timeout_predictor_usage': 'No', 'timeout_limit': 3600, 'timeout_increase_rate': 100, 'RANDOM_STATE_SEED': 12345, 'n_splits': 10, 'split_number': 0, 'max_timeout': 3600, 'param_grid': {'n_estimators': 100, 'criterion': 'gini', 'max_features': 'sqrt', 'max_depth': 2147483648, 'min_samples_split': 2, 'bootstrap': True}}
2024-04-17 10:41 | INFO | QBF-2011 is current dataset
2024-04-17 10:41 | INFO | DATASETS/QBF-2011/algorithm_runs.csv is found
2024-04-17 10:41 | INFO | DATASETS/QBF-2011/algorithm_runs.csv is finished
2024-04-17 10:41 | INFO | DATASETS/QBF-2011/feature_values.csv is found
2024-04-17 10:41 | INFO | DATASETS/QBF-2011/feature_values.csv is finished
2024-04-17 10:41 | INFO | Virtual best solver time in train = 74220.45
2024-04-17 10:41 | INFO | Single best solver list train = {'2clsQ': 13729036.27, 'QuBE': 10264664.92, 'quantor': 18129021.61, 'sKizzo': 6321313.4, 'sSolve': 8578798.28}
2024-04-17 10:41 | INFO | Single best solver time train = sKizzo (6321313.4)
2024-04-17 10:41 | INFO | Virtual best solver time in validation = 18672.08
2024-04-17 10:41 | INFO | Single best solver list validation = {'2clsQ': 3189325.9, 'QuBE': 2278232.87, 'quantor': 3606635.77, 'sKizzo': 2359181.9, 'sSolve': 3009975.44}
2024-04-17 10:41 | INFO | Single best solver time validation = QuBE (2278232.87)
2024-04-17 10:41 | INFO | Virtual best solver time in test = 8259.38
2024-04-17 10:41 | INFO | Single best solver list test = {'2clsQ': 1715386.25, 'QuBE': 1377209.42, 'quantor': 2306085.22, 'sKizzo': 987178.3, 'sSolve': 1051411.58}
2024-04-17 10:41 | INFO | Single best solver time test = sKizzo (987178.3)
2024-04-17 10:42 | INFO | Passive Learning Runtime on Validation Set: 1385909.36
2024-04-17 10:42 | INFO | Passive Learning Runtime on Test Set: 265575.79
2024-04-17 10:42 | INFO | Passive Learning Instance Cost: 6154834.48
2024-04-17 10:42 | INFO | Initial Active Learning Runtime on Validation Set: 1713591.79
2024-04-17 10:42 | INFO | Initial Active Learning Runtime on Test Set: 659646.18
2024-04-17 10:42 | INFO | Initial Active Learning Instance Cost: 184256.27
2024-04-17 10:42 | INFO | Bin size = 74
2024-04-17 10:42 | INFO | Query 1 Size of the uncertainty table is = 7380/7380
2024-04-17 10:42 | INFO | Query 1 Size of the filtered table is = 74
2024-04-17 10:42 | INFO | Query 1 Active Learning Runtime on Validation Set: 1029848.76
2024-04-17 10:42 | INFO | Query 1 Active Learning Runtime on Test Set: 587830.58
2024-04-17 10:42 | INFO | Query 1 Active Learning Instance Cost: 457926.97
2024-04-17 10:42 | INFO | Query 2 Size of the uncertainty table is = 7295/7380
2024-04-17 10:42 | INFO | Query 2 Size of the filtered table is = 74
2024-04-17 10:43 | INFO | Query 2 Active Learning Runtime on Validation Set: 1348964.83
2024-04-17 10:43 | INFO | Query 2 Active Learning Runtime on Test Set: 447707.47
2024-04-17 10:43 | INFO | Query 2 Active Learning Instance Cost: 679778.75
2024-04-17 10:43 | INFO | Timeout limit is increased to 3600
2024-04-17 10:43 | INFO | Query 3 Size of the uncertainty table is = 7188/7380
2024-04-17 10:43 | INFO | Query 3 Size of the filtered table is = 74
2024-04-17 10:43 | INFO | Query 3 Active Learning Runtime on Validation Set: 1385854.21
2024-04-17 10:43 | INFO | Query 3 Active Learning Runtime on Test Set: 446163.52
2024-04-17 10:43 | INFO | Query 3 Active Learning Instance Cost: 967068.67
2024-04-17 10:43 | INFO | Timeout limit is increased to 3600
2024-04-17 10:43 | INFO | Query 4 Size of the uncertainty table is = 7081/7380
2024-04-17 10:43 | INFO | Query 4 Size of the filtered table is = 74
2024-04-17 10:44 | INFO | Query 4 Active Learning Runtime on Validation Set: 1346454.56
2024-04-17 10:44 | INFO | Query 4 Active Learning Runtime on Test Set: 338937.19
2024-04-17 10:44 | INFO | Query 4 Active Learning Instance Cost: 1196231.35
2024-04-17 10:44 | INFO | Query 5 Size of the uncertainty table is = 6945/7380
2024-04-17 10:44 | INFO | Query 5 Size of the filtered table is = 74
2024-04-17 10:44 | INFO | Query 5 Active Learning Runtime on Validation Set: 1314007.82
2024-04-17 10:44 | INFO | Query 5 Active Learning Runtime on Test Set: 337614.8
2024-04-17 10:44 | INFO | Query 5 Active Learning Instance Cost: 1404747.98
2024-04-17 10:44 | INFO | Query 6 Size of the uncertainty table is = 6820/7380
2024-04-17 10:44 | INFO | Query 6 Size of the filtered table is = 74
2024-04-17 10:45 | INFO | Query 6 Active Learning Runtime on Validation Set: 1349901.84
2024-04-17 10:45 | INFO | Query 6 Active Learning Runtime on Test Set: 409626.99
2024-04-17 10:45 | INFO | Query 6 Active Learning Instance Cost: 1608457.69
2024-04-17 10:45 | INFO | Timeout limit is increased to 3600
2024-04-17 10:45 | INFO | Query 7 Size of the uncertainty table is = 6696/7380
2024-04-17 10:45 | INFO | Query 7 Size of the filtered table is = 74
2024-04-17 10:45 | INFO | Query 7 Active Learning Runtime on Validation Set: 1349898.14
2024-04-17 10:45 | INFO | Query 7 Active Learning Runtime on Test Set: 301529.82
2024-04-17 10:45 | INFO | Query 7 Active Learning Instance Cost: 1860628.09
2024-04-17 10:45 | INFO | Query 8 Size of the uncertainty table is = 6526/7380
2024-04-17 10:45 | INFO | Query 8 Size of the filtered table is = 74
2024-04-17 10:46 | INFO | Query 8 Active Learning Runtime on Validation Set: 1277998.44
2024-04-17 10:46 | INFO | Query 8 Active Learning Runtime on Test Set: 301528.35
2024-04-17 10:46 | INFO | Query 8 Active Learning Instance Cost: 2025548.15
2024-04-17 10:46 | INFO | Query 9 Size of the uncertainty table is = 6372/7380
2024-04-17 10:46 | INFO | Query 9 Size of the filtered table is = 74
2024-04-17 10:46 | INFO | Query 9 Active Learning Runtime on Validation Set: 1244382.29
2024-04-17 10:46 | INFO | Query 9 Active Learning Runtime on Test Set: 335709.85
2024-04-17 10:46 | INFO | Query 9 Active Learning Instance Cost: 2156068.52
2024-04-17 10:46 | INFO | Query 10 Size of the uncertainty table is = 6219/7380
2024-04-17 10:46 | INFO | Query 10 Size of the filtered table is = 74
2024-04-17 10:47 | INFO | Query 10 Active Learning Runtime on Validation Set: 1386000.83
2024-04-17 10:47 | INFO | Query 10 Active Learning Runtime on Test Set: 335709.7
2024-04-17 10:47 | INFO | Query 10 Active Learning Instance Cost: 2318875.8
2024-04-17 10:47 | INFO | Timeout limit is increased to 3600
2024-04-17 10:47 | INFO | Query 11 Size of the uncertainty table is = 6058/7380
2024-04-17 10:47 | INFO | Query 11 Size of the filtered table is = 74
2024-04-17 10:47 | INFO | Query 11 Active Learning Runtime on Validation Set: 1349919.35
2024-04-17 10:47 | INFO | Query 11 Active Learning Runtime on Test Set: 335709.48
2024-04-17 10:47 | INFO | Query 11 Active Learning Instance Cost: 2575233.25
2024-04-17 10:47 | INFO | Query 12 Size of the uncertainty table is = 5905/7380
2024-04-17 10:47 | INFO | Query 12 Size of the filtered table is = 74
2024-04-17 10:47 | INFO | Query 12 Active Learning Runtime on Validation Set: 1349922.25
2024-04-17 10:47 | INFO | Query 12 Active Learning Runtime on Test Set: 335904.42
2024-04-17 10:47 | INFO | Query 12 Active Learning Instance Cost: 2861999.79
2024-04-17 10:47 | INFO | Timeout limit is increased to 3600
2024-04-17 10:47 | INFO | Query 13 Size of the uncertainty table is = 5702/7380
2024-04-17 10:47 | INFO | Query 13 Size of the filtered table is = 74
2024-04-17 10:48 | INFO | Query 13 Active Learning Runtime on Validation Set: 1133912.6
2024-04-17 10:48 | INFO | Query 13 Active Learning Runtime on Test Set: 300254.86
2024-04-17 10:48 | INFO | Query 13 Active Learning Instance Cost: 3021123.96
2024-04-17 10:48 | INFO | Query 14 Size of the uncertainty table is = 5533/7380
2024-04-17 10:48 | INFO | Query 14 Size of the filtered table is = 74
2024-04-17 10:48 | INFO | Query 14 Active Learning Runtime on Validation Set: 1314009.71
2024-04-17 10:48 | INFO | Query 14 Active Learning Runtime on Test Set: 301876.56
2024-04-17 10:48 | INFO | Query 14 Active Learning Instance Cost: 3215593.17
2024-04-17 10:48 | INFO | Timeout limit is increased to 3600
2024-04-17 10:48 | INFO | Query 15 Size of the uncertainty table is = 5290/7380
2024-04-17 10:48 | INFO | Query 15 Size of the filtered table is = 74
2024-04-17 10:49 | INFO | Query 15 Active Learning Runtime on Validation Set: 1134021.81
2024-04-17 10:49 | INFO | Query 15 Active Learning Runtime on Test Set: 265250.58
2024-04-17 10:49 | INFO | Query 15 Active Learning Instance Cost: 3330999.75
2024-04-17 10:49 | INFO | Query 16 Size of the uncertainty table is = 5095/7380
2024-04-17 10:49 | INFO | Query 16 Size of the filtered table is = 74
2024-04-17 10:49 | INFO | Query 16 Active Learning Runtime on Validation Set: 1349952.78
2024-04-17 10:49 | INFO | Query 16 Active Learning Runtime on Test Set: 301337.94
2024-04-17 10:49 | INFO | Query 16 Active Learning Instance Cost: 3488950.97
2024-04-17 10:49 | INFO | Timeout limit is increased to 3600
2024-04-17 10:49 | INFO | Query 17 Size of the uncertainty table is = 4925/7380
2024-04-17 10:49 | INFO | Query 17 Size of the filtered table is = 74
2024-04-17 10:50 | INFO | Query 17 Active Learning Runtime on Validation Set: 1349931.6
2024-04-17 10:50 | INFO | Query 17 Active Learning Runtime on Test Set: 265032.12
2024-04-17 10:50 | INFO | Query 17 Active Learning Instance Cost: 3645105.43
2024-04-17 10:50 | INFO | Query 18 Size of the uncertainty table is = 4719/7380
2024-04-17 10:50 | INFO | Query 18 Size of the filtered table is = 74
2024-04-17 10:50 | INFO | Query 18 Active Learning Runtime on Validation Set: 1386046.79
2024-04-17 10:50 | INFO | Query 18 Active Learning Runtime on Test Set: 229311.66
2024-04-17 10:50 | INFO | Query 18 Active Learning Instance Cost: 3820823.31
2024-04-17 10:50 | INFO | Timeout limit is increased to 3600
2024-04-17 10:50 | INFO | Query 19 Size of the uncertainty table is = 4523/7380
2024-04-17 10:50 | INFO | Query 19 Size of the filtered table is = 74
2024-04-17 10:51 | INFO | Query 19 Active Learning Runtime on Validation Set: 1385949.9
2024-04-17 10:51 | INFO | Query 19 Active Learning Runtime on Test Set: 265028.01
2024-04-17 10:51 | INFO | Query 19 Active Learning Instance Cost: 3919543.99
2024-04-17 10:51 | INFO | Query 20 Size of the uncertainty table is = 4346/7380
2024-04-17 10:51 | INFO | Query 20 Size of the filtered table is = 74
2024-04-17 10:51 | INFO | Query 20 Active Learning Runtime on Validation Set: 1349931.65
2024-04-17 10:51 | INFO | Query 20 Active Learning Runtime on Test Set: 229029.35
2024-04-17 10:51 | INFO | Query 20 Active Learning Instance Cost: 4076245.77
2024-04-17 10:51 | INFO | Query 21 Size of the uncertainty table is = 4173/7380
2024-04-17 10:51 | INFO | Query 21 Size of the filtered table is = 74
2024-04-17 10:52 | INFO | Query 21 Active Learning Runtime on Validation Set: 1349931.74
2024-04-17 10:52 | INFO | Query 21 Active Learning Runtime on Test Set: 229031.65
2024-04-17 10:52 | INFO | Query 21 Active Learning Instance Cost: 4279435.81
2024-04-17 10:52 | INFO | Timeout limit is increased to 3600
2024-04-17 10:52 | INFO | Query 22 Size of the uncertainty table is = 3915/7380
2024-04-17 10:52 | INFO | Query 22 Size of the filtered table is = 74
2024-04-17 10:52 | INFO | Query 22 Active Learning Runtime on Validation Set: 1314006.36
2024-04-17 10:52 | INFO | Query 22 Active Learning Runtime on Test Set: 229979.26
2024-04-17 10:52 | INFO | Query 22 Active Learning Instance Cost: 4397765.74
2024-04-17 10:52 | INFO | Query 23 Size of the uncertainty table is = 3713/7380
2024-04-17 10:52 | INFO | Query 23 Size of the filtered table is = 74
2024-04-17 10:53 | INFO | Query 23 Active Learning Runtime on Validation Set: 1350006.44
2024-04-17 10:53 | INFO | Query 23 Active Learning Runtime on Test Set: 264427.39
2024-04-17 10:53 | INFO | Query 23 Active Learning Instance Cost: 4571106.68
2024-04-17 10:53 | INFO | Timeout limit is increased to 3600
2024-04-17 10:53 | INFO | Query 24 Size of the uncertainty table is = 3503/7380
2024-04-17 10:53 | INFO | Query 24 Size of the filtered table is = 74
2024-04-17 10:53 | INFO | Query 24 Active Learning Runtime on Validation Set: 1349931.68
2024-04-17 10:53 | INFO | Query 24 Active Learning Runtime on Test Set: 264428.74
2024-04-17 10:53 | INFO | Query 24 Active Learning Instance Cost: 4673597.11
2024-04-17 10:53 | INFO | Query 25 Size of the uncertainty table is = 3335/7380
2024-04-17 10:53 | INFO | Query 25 Size of the filtered table is = 74
2024-04-17 10:54 | INFO | Query 25 Active Learning Runtime on Validation Set: 1349931.74
2024-04-17 10:54 | INFO | Query 25 Active Learning Runtime on Test Set: 228380.47
2024-04-17 10:54 | INFO | Query 25 Active Learning Instance Cost: 5024911.0
2024-04-17 10:54 | INFO | Timeout limit is increased to 3600
2024-04-17 10:54 | INFO | Query 26 Size of the uncertainty table is = 3088/7380
2024-04-17 10:54 | INFO | Query 26 Size of the filtered table is = 74
2024-04-17 10:54 | INFO | Query 26 Active Learning Runtime on Validation Set: 1314006.43
2024-04-17 10:54 | INFO | Query 26 Active Learning Runtime on Test Set: 228431.55
2024-04-17 10:54 | INFO | Query 26 Active Learning Instance Cost: 5106631.66
2024-04-17 10:54 | INFO | Query 27 Size of the uncertainty table is = 2963/7380
2024-04-17 10:54 | INFO | Query 27 Size of the filtered table is = 74
2024-04-17 10:55 | INFO | Query 27 Active Learning Runtime on Validation Set: 1314006.43
2024-04-17 10:55 | INFO | Query 27 Active Learning Runtime on Test Set: 228430.73
2024-04-17 10:55 | INFO | Query 27 Active Learning Instance Cost: 5248079.94
2024-04-17 10:55 | INFO | Timeout limit is increased to 3600
2024-04-17 10:55 | INFO | Query 28 Size of the uncertainty table is = 2809/7380
2024-04-17 10:55 | INFO | Query 28 Size of the filtered table is = 74
2024-04-17 10:55 | INFO | Query 28 Active Learning Runtime on Validation Set: 1349900.97
2024-04-17 10:55 | INFO | Query 28 Active Learning Runtime on Test Set: 229650.85
2024-04-17 10:55 | INFO | Query 28 Active Learning Instance Cost: 5364252.3
2024-04-17 10:55 | INFO | Timeout limit is increased to 3600
2024-04-17 10:55 | INFO | Query 29 Size of the uncertainty table is = 2576/7380
2024-04-17 10:55 | INFO | Query 29 Size of the filtered table is = 74
2024-04-17 10:56 | INFO | Query 29 Active Learning Runtime on Validation Set: 1385826.38
2024-04-17 10:56 | INFO | Query 29 Active Learning Runtime on Test Set: 229650.88
2024-04-17 10:56 | INFO | Query 29 Active Learning Instance Cost: 5477787.5
2024-04-17 10:56 | INFO | Timeout limit is increased to 3600
2024-04-17 10:56 | INFO | Query 30 Size of the uncertainty table is = 2334/7380
2024-04-17 10:56 | INFO | Query 30 Size of the filtered table is = 74
2024-04-17 10:56 | INFO | Query 30 Active Learning Runtime on Validation Set: 1349904.26
2024-04-17 10:56 | INFO | Query 30 Active Learning Runtime on Test Set: 229652.84
2024-04-17 10:56 | INFO | Query 30 Active Learning Instance Cost: 5582199.62
2024-04-17 10:56 | INFO | Query 31 Size of the uncertainty table is = 2083/7380
2024-04-17 10:56 | INFO | Query 31 Size of the filtered table is = 74
2024-04-17 10:56 | INFO | Query 31 Active Learning Runtime on Validation Set: 1313943.93
2024-04-17 10:56 | INFO | Query 31 Active Learning Runtime on Test Set: 265575.78
2024-04-17 10:56 | INFO | Query 31 Active Learning Instance Cost: 5635389.23
2024-04-17 10:56 | INFO | Query 32 Size of the uncertainty table is = 1862/7380
2024-04-17 10:56 | INFO | Query 32 Size of the filtered table is = 74
2024-04-17 10:57 | INFO | Query 32 Active Learning Runtime on Validation Set: 1349896.68
2024-04-17 10:57 | INFO | Query 32 Active Learning Runtime on Test Set: 229655.42
2024-04-17 10:57 | INFO | Query 32 Active Learning Instance Cost: 5747741.15
2024-04-17 10:57 | INFO | Timeout limit is increased to 3600
2024-04-17 10:57 | INFO | Query 33 Size of the uncertainty table is = 1611/7380
2024-04-17 10:57 | INFO | Query 33 Size of the filtered table is = 74
2024-04-17 10:57 | INFO | Query 33 Active Learning Runtime on Validation Set: 1349893.44
2024-04-17 10:57 | INFO | Query 33 Active Learning Runtime on Test Set: 229579.04
2024-04-17 10:57 | INFO | Query 33 Active Learning Instance Cost: 5789215.07
2024-04-17 10:57 | INFO | Query 34 Size of the uncertainty table is = 1366/7380
2024-04-17 10:57 | INFO | Query 34 Size of the filtered table is = 74
2024-04-17 10:58 | INFO | Query 34 Active Learning Runtime on Validation Set: 1349901.07
2024-04-17 10:58 | INFO | Query 34 Active Learning Runtime on Test Set: 229579.96
2024-04-17 10:58 | INFO | Query 34 Active Learning Instance Cost: 5867107.87
2024-04-17 10:58 | INFO | Timeout limit is increased to 3600
2024-04-17 10:58 | INFO | Query 35 Size of the uncertainty table is = 1111/7380
2024-04-17 10:58 | INFO | Query 35 Size of the filtered table is = 74
2024-04-17 10:58 | INFO | Query 35 Active Learning Runtime on Validation Set: 1349904.32
2024-04-17 10:58 | INFO | Query 35 Active Learning Runtime on Test Set: 265649.3
2024-04-17 10:58 | INFO | Query 35 Active Learning Instance Cost: 5958019.18
2024-04-17 10:58 | INFO | Timeout limit is increased to 3600
2024-04-17 10:58 | INFO | Query 36 Size of the uncertainty table is = 877/7380
2024-04-17 10:58 | INFO | Query 36 Size of the filtered table is = 74
2024-04-17 10:59 | INFO | Query 36 Active Learning Runtime on Validation Set: 1349946.37
2024-04-17 10:59 | INFO | Query 36 Active Learning Runtime on Test Set: 229579.14
2024-04-17 10:59 | INFO | Query 36 Active Learning Instance Cost: 5995131.16
2024-04-17 10:59 | INFO | Timeout limit is increased to 3600
2024-04-17 10:59 | INFO | Query 37 Size of the uncertainty table is = 621/7380
2024-04-17 10:59 | INFO | Query 37 Size of the filtered table is = 74
2024-04-17 10:59 | INFO | Query 37 Active Learning Runtime on Validation Set: 1349943.09
2024-04-17 10:59 | INFO | Query 37 Active Learning Runtime on Test Set: 229579.14
2024-04-17 10:59 | INFO | Query 37 Active Learning Instance Cost: 6075349.28
2024-04-17 10:59 | INFO | Query 38 Size of the uncertainty table is = 364/7380
2024-04-17 10:59 | INFO | Query 38 Size of the filtered table is = 74
2024-04-17 11:00 | INFO | Query 38 Active Learning Runtime on Validation Set: 1385943.08
2024-04-17 11:00 | INFO | Query 38 Active Learning Runtime on Test Set: 229650.85
2024-04-17 11:00 | INFO | Query 38 Active Learning Instance Cost: 6133102.52
2024-04-17 11:00 | INFO | Timeout limit is increased to 3600
2024-04-17 11:00 | INFO | Query 39 Size of the uncertainty table is = 146/7380
2024-04-17 11:00 | INFO | Query 39 Size of the filtered table is = 74
2024-04-17 11:00 | INFO | Query 39 Active Learning Runtime on Validation Set: 1349946.33
2024-04-17 11:00 | INFO | Query 39 Active Learning Runtime on Test Set: 229581.92
2024-04-17 11:00 | INFO | Query 39 Active Learning Instance Cost: 6148981.02
2024-04-17 11:00 | INFO | Query 40 Size of the uncertainty table is = 28/7380
2024-04-17 11:00 | INFO | Query 40 Size of the filtered table is = 28
2024-04-17 11:01 | INFO | Query 40 Active Learning Runtime on Validation Set: 1349946.33
2024-04-17 11:01 | INFO | Query 40 Active Learning Runtime on Test Set: 230586.09
2024-04-17 11:01 | INFO | Query 40 Active Learning Instance Cost: 6154834.48
2024-04-17 11:01 | INFO | Timeout limit is increased to 3600
2024-04-17 11:01 | INFO | runtime_test_score is written as json file
2024-04-17 11:01 | INFO | runtime_validation_score is written as json file
2024-04-17 11:01 | INFO | instance_cost is written as json file
2024-04-17 11:01 | INFO | Experiment is finished
