2024-04-16 22:03 | INFO | Paramaters are: {'dataset': 'CSP-2010', 'penalty': 10, 'weight': 'No_Weight', 'voting': 'Hard', 'pre_selection_size': 64, 'pre_selection_technique': 'No_pre_selection', 'feature_elimination_threshold': 20, 'imputer_strategy': 'median', 'feature_selection_technique': 'No_feature_selection', 'feature_scaling_technique': 'StandardScaler', 'initial_train_size': 20, 'query_size': 1, 'timeout_predictor_usage': 'No', 'timeout_limit': 3600, 'timeout_increase_rate': 100, 'RANDOM_STATE_SEED': 7, 'n_splits': 10, 'split_number': 1, 'max_timeout': 3600, 'param_grid': {'n_estimators': 100, 'criterion': 'gini', 'max_features': 'sqrt', 'max_depth': 2147483648, 'min_samples_split': 2, 'bootstrap': True}}
2024-04-16 22:03 | INFO | CSP-2010 is current dataset
2024-04-16 22:03 | INFO | DATASETS/CSP-2010/algorithm_runs.csv is found
2024-04-16 22:03 | INFO | DATASETS/CSP-2010/algorithm_runs.csv is finished
2024-04-16 22:03 | INFO | DATASETS/CSP-2010/feature_values.csv is found
2024-04-16 22:03 | INFO | DATASETS/CSP-2010/feature_values.csv is finished
2024-04-16 22:03 | INFO | Virtual best solver time in train = 70996.96
2024-04-16 22:03 | INFO | Single best solver list train = {'learning': 3362452.09, 'standard': 1177150.28}
2024-04-16 22:03 | INFO | Single best solver time train = standard (1177150.28)
2024-04-16 22:03 | INFO | Virtual best solver time in validation = 98116.3
2024-04-16 22:03 | INFO | Single best solver list validation = {'learning': 5060096.59, 'standard': 102599.78}
2024-04-16 22:03 | INFO | Single best solver time validation = standard (102599.78)
2024-04-16 22:03 | INFO | Virtual best solver time in test = 14320.1
2024-04-16 22:03 | INFO | Single best solver list test = {'learning': 916605.56, 'standard': 117514.35}
2024-04-16 22:03 | INFO | Single best solver time test = standard (117514.35)
2024-04-16 22:03 | INFO | Passive Learning Runtime on Validation Set: 102599.78
2024-04-16 22:03 | INFO | Passive Learning Runtime on Test Set: 81387.46
2024-04-16 22:03 | INFO | Passive Learning Instance Cost: 651602.37
2024-04-16 22:03 | INFO | Initial Active Learning Runtime on Validation Set: 102601.97
2024-04-16 22:03 | INFO | Initial Active Learning Runtime on Test Set: 117498.68
2024-04-16 22:03 | INFO | Initial Active Learning Instance Cost: 3915.11
2024-04-16 22:03 | INFO | Bin size = 12
2024-04-16 22:03 | INFO | Query 1 Size of the uncertainty table is = 1200/1200
2024-04-16 22:03 | INFO | Query 1 Size of the filtered table is = 12
2024-04-16 22:03 | INFO | Query 1 Active Learning Runtime on Validation Set: 102599.78
2024-04-16 22:03 | INFO | Query 1 Active Learning Runtime on Test Set: 81497.26
2024-04-16 22:03 | INFO | Query 1 Active Learning Instance Cost: 7656.13
2024-04-16 22:03 | INFO | Query 2 Size of the uncertainty table is = 1188/1200
2024-04-16 22:03 | INFO | Query 2 Size of the filtered table is = 12
2024-04-16 22:03 | INFO | Query 2 Active Learning Runtime on Validation Set: 102599.8
2024-04-16 22:03 | INFO | Query 2 Active Learning Runtime on Test Set: 81389.42
2024-04-16 22:03 | INFO | Query 2 Active Learning Instance Cost: 22064.56
2024-04-16 22:03 | INFO | Timeout limit is increased to 3600
2024-04-16 22:03 | INFO | Query 3 Size of the uncertainty table is = 1176/1200
2024-04-16 22:03 | INFO | Query 3 Size of the filtered table is = 12
2024-04-16 22:03 | INFO | Query 3 Active Learning Runtime on Validation Set: 102599.78
2024-04-16 22:03 | INFO | Query 3 Active Learning Runtime on Test Set: 81387.6
2024-04-16 22:03 | INFO | Query 3 Active Learning Instance Cost: 22075.28
2024-04-16 22:03 | INFO | Query 4 Size of the uncertainty table is = 1164/1200
2024-04-16 22:03 | INFO | Query 4 Size of the filtered table is = 12
2024-04-16 22:03 | INFO | Query 4 Active Learning Runtime on Validation Set: 102599.78
2024-04-16 22:03 | INFO | Query 4 Active Learning Runtime on Test Set: 81386.9
2024-04-16 22:03 | INFO | Query 4 Active Learning Instance Cost: 22102.28
2024-04-16 22:03 | INFO | Timeout limit is increased to 3600
2024-04-16 22:03 | INFO | Query 5 Size of the uncertainty table is = 1152/1200
2024-04-16 22:03 | INFO | Query 5 Size of the filtered table is = 12
2024-04-16 22:03 | INFO | Query 5 Active Learning Runtime on Validation Set: 102599.78
2024-04-16 22:03 | INFO | Query 5 Active Learning Runtime on Test Set: 81386.89
2024-04-16 22:03 | INFO | Query 5 Active Learning Instance Cost: 36164.33
2024-04-16 22:03 | INFO | Timeout limit is increased to 3600
2024-04-16 22:03 | INFO | Query 6 Size of the uncertainty table is = 1140/1200
2024-04-16 22:03 | INFO | Query 6 Size of the filtered table is = 12
2024-04-16 22:04 | INFO | Query 6 Active Learning Runtime on Validation Set: 102599.8
2024-04-16 22:04 | INFO | Query 6 Active Learning Runtime on Test Set: 81386.9
2024-04-16 22:04 | INFO | Query 6 Active Learning Instance Cost: 43369.69
2024-04-16 22:04 | INFO | Timeout limit is increased to 3600
2024-04-16 22:04 | INFO | Query 7 Size of the uncertainty table is = 1128/1200
2024-04-16 22:04 | INFO | Query 7 Size of the filtered table is = 12
2024-04-16 22:04 | INFO | Query 7 Active Learning Runtime on Validation Set: 102599.78
2024-04-16 22:04 | INFO | Query 7 Active Learning Runtime on Test Set: 81386.91
2024-04-16 22:04 | INFO | Query 7 Active Learning Instance Cost: 68908.54
2024-04-16 22:04 | INFO | Query 8 Size of the uncertainty table is = 1116/1200
2024-04-16 22:04 | INFO | Query 8 Size of the filtered table is = 12
2024-04-16 22:04 | INFO | Query 8 Active Learning Runtime on Validation Set: 102602.04
2024-04-16 22:04 | INFO | Query 8 Active Learning Runtime on Test Set: 81386.77
2024-04-16 22:04 | INFO | Query 8 Active Learning Instance Cost: 70257.1
2024-04-16 22:04 | INFO | Timeout limit is increased to 3600
2024-04-16 22:04 | INFO | Query 9 Size of the uncertainty table is = 1104/1200
2024-04-16 22:04 | INFO | Query 9 Size of the filtered table is = 12
2024-04-16 22:04 | INFO | Query 9 Active Learning Runtime on Validation Set: 102599.8
2024-04-16 22:04 | INFO | Query 9 Active Learning Runtime on Test Set: 81386.75
2024-04-16 22:04 | INFO | Query 9 Active Learning Instance Cost: 74720.11
2024-04-16 22:04 | INFO | Query 10 Size of the uncertainty table is = 1092/1200
2024-04-16 22:04 | INFO | Query 10 Size of the filtered table is = 12
2024-04-16 22:04 | INFO | Query 10 Active Learning Runtime on Validation Set: 102599.78
2024-04-16 22:04 | INFO | Query 10 Active Learning Runtime on Test Set: 81386.73
2024-04-16 22:04 | INFO | Query 10 Active Learning Instance Cost: 83210.5
2024-04-16 22:04 | INFO | Query 11 Size of the uncertainty table is = 1080/1200
2024-04-16 22:04 | INFO | Query 11 Size of the filtered table is = 12
2024-04-16 22:04 | INFO | Query 11 Active Learning Runtime on Validation Set: 102599.78
2024-04-16 22:04 | INFO | Query 11 Active Learning Runtime on Test Set: 81386.73
2024-04-16 22:04 | INFO | Query 11 Active Learning Instance Cost: 93877.29
2024-04-16 22:04 | INFO | Timeout limit is increased to 3600
2024-04-16 22:04 | INFO | Query 12 Size of the uncertainty table is = 1068/1200
2024-04-16 22:04 | INFO | Query 12 Size of the filtered table is = 12
2024-04-16 22:04 | INFO | Query 12 Active Learning Runtime on Validation Set: 102599.78
2024-04-16 22:04 | INFO | Query 12 Active Learning Runtime on Test Set: 81688.4
2024-04-16 22:04 | INFO | Query 12 Active Learning Instance Cost: 128833.27
2024-04-16 22:04 | INFO | Timeout limit is increased to 3600
2024-04-16 22:04 | INFO | Query 13 Size of the uncertainty table is = 1056/1200
2024-04-16 22:04 | INFO | Query 13 Size of the filtered table is = 12
2024-04-16 22:04 | INFO | Query 13 Active Learning Runtime on Validation Set: 102599.78
2024-04-16 22:04 | INFO | Query 13 Active Learning Runtime on Test Set: 81688.4
2024-04-16 22:04 | INFO | Query 13 Active Learning Instance Cost: 154922.73
2024-04-16 22:04 | INFO | Timeout limit is increased to 3600
2024-04-16 22:04 | INFO | Query 14 Size of the uncertainty table is = 1044/1200
2024-04-16 22:04 | INFO | Query 14 Size of the filtered table is = 12
2024-04-16 22:04 | INFO | Query 14 Active Learning Runtime on Validation Set: 102599.78
2024-04-16 22:04 | INFO | Query 14 Active Learning Runtime on Test Set: 81688.4
2024-04-16 22:04 | INFO | Query 14 Active Learning Instance Cost: 154946.32
2024-04-16 22:04 | INFO | Timeout limit is increased to 3600
2024-04-16 22:04 | INFO | Query 15 Size of the uncertainty table is = 1032/1200
2024-04-16 22:04 | INFO | Query 15 Size of the filtered table is = 12
2024-04-16 22:04 | INFO | Query 15 Active Learning Runtime on Validation Set: 102599.78
2024-04-16 22:04 | INFO | Query 15 Active Learning Runtime on Test Set: 81698.88
2024-04-16 22:04 | INFO | Query 15 Active Learning Instance Cost: 165919.19
2024-04-16 22:04 | INFO | Timeout limit is increased to 3600
2024-04-16 22:04 | INFO | Query 16 Size of the uncertainty table is = 1020/1200
2024-04-16 22:04 | INFO | Query 16 Size of the filtered table is = 12
2024-04-16 22:04 | INFO | Query 16 Active Learning Runtime on Validation Set: 102599.78
2024-04-16 22:04 | INFO | Query 16 Active Learning Runtime on Test Set: 81688.38
2024-04-16 22:04 | INFO | Query 16 Active Learning Instance Cost: 166840.28
2024-04-16 22:04 | INFO | Timeout limit is increased to 3600
2024-04-16 22:04 | INFO | Query 17 Size of the uncertainty table is = 1008/1200
2024-04-16 22:04 | INFO | Query 17 Size of the filtered table is = 12
2024-04-16 22:04 | INFO | Query 17 Active Learning Runtime on Validation Set: 102599.78
2024-04-16 22:04 | INFO | Query 17 Active Learning Runtime on Test Set: 81688.38
2024-04-16 22:04 | INFO | Query 17 Active Learning Instance Cost: 170643.31
2024-04-16 22:04 | INFO | Timeout limit is increased to 3600
2024-04-16 22:04 | INFO | Query 18 Size of the uncertainty table is = 996/1200
2024-04-16 22:04 | INFO | Query 18 Size of the filtered table is = 12
2024-04-16 22:05 | INFO | Query 18 Active Learning Runtime on Validation Set: 102599.78
2024-04-16 22:05 | INFO | Query 18 Active Learning Runtime on Test Set: 81688.38
2024-04-16 22:05 | INFO | Query 18 Active Learning Instance Cost: 172680.1
2024-04-16 22:05 | INFO | Timeout limit is increased to 3600
2024-04-16 22:05 | INFO | Query 19 Size of the uncertainty table is = 984/1200
2024-04-16 22:05 | INFO | Query 19 Size of the filtered table is = 12
2024-04-16 22:05 | INFO | Query 19 Active Learning Runtime on Validation Set: 102599.78
2024-04-16 22:05 | INFO | Query 19 Active Learning Runtime on Test Set: 81386.73
2024-04-16 22:05 | INFO | Query 19 Active Learning Instance Cost: 177096.94
2024-04-16 22:05 | INFO | Timeout limit is increased to 3600
2024-04-16 22:05 | INFO | Query 20 Size of the uncertainty table is = 972/1200
2024-04-16 22:05 | INFO | Query 20 Size of the filtered table is = 12
2024-04-16 22:05 | INFO | Query 20 Active Learning Runtime on Validation Set: 102599.78
2024-04-16 22:05 | INFO | Query 20 Active Learning Runtime on Test Set: 81688.38
2024-04-16 22:05 | INFO | Query 20 Active Learning Instance Cost: 177333.53
2024-04-16 22:05 | INFO | Timeout limit is increased to 3600
2024-04-16 22:05 | INFO | Query 21 Size of the uncertainty table is = 960/1200
2024-04-16 22:05 | INFO | Query 21 Size of the filtered table is = 12
2024-04-16 22:05 | INFO | Query 21 Active Learning Runtime on Validation Set: 102599.78
2024-04-16 22:05 | INFO | Query 21 Active Learning Runtime on Test Set: 81386.73
2024-04-16 22:05 | INFO | Query 21 Active Learning Instance Cost: 177343.18
2024-04-16 22:05 | INFO | Timeout limit is increased to 3600
2024-04-16 22:05 | INFO | Query 22 Size of the uncertainty table is = 948/1200
2024-04-16 22:05 | INFO | Query 22 Size of the filtered table is = 12
2024-04-16 22:05 | INFO | Query 22 Active Learning Runtime on Validation Set: 102599.78
2024-04-16 22:05 | INFO | Query 22 Active Learning Runtime on Test Set: 81386.73
2024-04-16 22:05 | INFO | Query 22 Active Learning Instance Cost: 181629.35
2024-04-16 22:05 | INFO | Timeout limit is increased to 3600
2024-04-16 22:05 | INFO | Query 23 Size of the uncertainty table is = 936/1200
2024-04-16 22:05 | INFO | Query 23 Size of the filtered table is = 12
2024-04-16 22:05 | INFO | Query 23 Active Learning Runtime on Validation Set: 102599.78
2024-04-16 22:05 | INFO | Query 23 Active Learning Runtime on Test Set: 81386.73
2024-04-16 22:05 | INFO | Query 23 Active Learning Instance Cost: 183585.07
2024-04-16 22:05 | INFO | Timeout limit is increased to 3600
2024-04-16 22:05 | INFO | Query 24 Size of the uncertainty table is = 924/1200
2024-04-16 22:05 | INFO | Query 24 Size of the filtered table is = 12
2024-04-16 22:05 | INFO | Query 24 Active Learning Runtime on Validation Set: 102599.78
2024-04-16 22:05 | INFO | Query 24 Active Learning Runtime on Test Set: 81386.73
2024-04-16 22:05 | INFO | Query 24 Active Learning Instance Cost: 195365.62
2024-04-16 22:05 | INFO | Timeout limit is increased to 3600
2024-04-16 22:05 | INFO | Query 25 Size of the uncertainty table is = 912/1200
2024-04-16 22:05 | INFO | Query 25 Size of the filtered table is = 12
2024-04-16 22:05 | INFO | Query 25 Active Learning Runtime on Validation Set: 102599.78
2024-04-16 22:05 | INFO | Query 25 Active Learning Runtime on Test Set: 81386.73
2024-04-16 22:05 | INFO | Query 25 Active Learning Instance Cost: 197115.83
2024-04-16 22:05 | INFO | Timeout limit is increased to 3600
2024-04-16 22:05 | INFO | Query 26 Size of the uncertainty table is = 900/1200
2024-04-16 22:05 | INFO | Query 26 Size of the filtered table is = 12
2024-04-16 22:05 | INFO | Query 26 Active Learning Runtime on Validation Set: 102599.78
2024-04-16 22:05 | INFO | Query 26 Active Learning Runtime on Test Set: 81386.85
2024-04-16 22:05 | INFO | Query 26 Active Learning Instance Cost: 200772.87
2024-04-16 22:05 | INFO | Timeout limit is increased to 3600
2024-04-16 22:05 | INFO | Query 27 Size of the uncertainty table is = 888/1200
2024-04-16 22:05 | INFO | Query 27 Size of the filtered table is = 12
2024-04-16 22:05 | INFO | Query 27 Active Learning Runtime on Validation Set: 102599.78
2024-04-16 22:05 | INFO | Query 27 Active Learning Runtime on Test Set: 81386.79
2024-04-16 22:05 | INFO | Query 27 Active Learning Instance Cost: 200781.94
2024-04-16 22:05 | INFO | Timeout limit is increased to 3600
2024-04-16 22:05 | INFO | Query 28 Size of the uncertainty table is = 876/1200
2024-04-16 22:05 | INFO | Query 28 Size of the filtered table is = 12
2024-04-16 22:05 | INFO | Query 28 Active Learning Runtime on Validation Set: 102599.78
2024-04-16 22:05 | INFO | Query 28 Active Learning Runtime on Test Set: 81386.79
2024-04-16 22:05 | INFO | Query 28 Active Learning Instance Cost: 200787.92
2024-04-16 22:05 | INFO | Timeout limit is increased to 3600
2024-04-16 22:05 | INFO | Query 29 Size of the uncertainty table is = 864/1200
2024-04-16 22:05 | INFO | Query 29 Size of the filtered table is = 12
2024-04-16 22:06 | INFO | Query 29 Active Learning Runtime on Validation Set: 102599.78
2024-04-16 22:06 | INFO | Query 29 Active Learning Runtime on Test Set: 81386.8
2024-04-16 22:06 | INFO | Query 29 Active Learning Instance Cost: 200793.79
2024-04-16 22:06 | INFO | Timeout limit is increased to 3600
2024-04-16 22:06 | INFO | Query 30 Size of the uncertainty table is = 852/1200
2024-04-16 22:06 | INFO | Query 30 Size of the filtered table is = 12
2024-04-16 22:06 | INFO | Query 30 Active Learning Runtime on Validation Set: 102599.78
2024-04-16 22:06 | INFO | Query 30 Active Learning Runtime on Test Set: 81386.79
2024-04-16 22:06 | INFO | Query 30 Active Learning Instance Cost: 205842.75
2024-04-16 22:06 | INFO | Timeout limit is increased to 3600
2024-04-16 22:06 | INFO | Query 31 Size of the uncertainty table is = 840/1200
2024-04-16 22:06 | INFO | Query 31 Size of the filtered table is = 12
2024-04-16 22:06 | INFO | Query 31 Active Learning Runtime on Validation Set: 102599.78
2024-04-16 22:06 | INFO | Query 31 Active Learning Runtime on Test Set: 81386.79
2024-04-16 22:06 | INFO | Query 31 Active Learning Instance Cost: 205847.17
2024-04-16 22:06 | INFO | Timeout limit is increased to 3600
2024-04-16 22:06 | INFO | Query 32 Size of the uncertainty table is = 828/1200
2024-04-16 22:06 | INFO | Query 32 Size of the filtered table is = 12
2024-04-16 22:06 | INFO | Query 32 Active Learning Runtime on Validation Set: 102599.78
2024-04-16 22:06 | INFO | Query 32 Active Learning Runtime on Test Set: 81386.79
2024-04-16 22:06 | INFO | Query 32 Active Learning Instance Cost: 205850.06
2024-04-16 22:06 | INFO | Timeout limit is increased to 3600
2024-04-16 22:06 | INFO | Query 33 Size of the uncertainty table is = 816/1200
2024-04-16 22:06 | INFO | Query 33 Size of the filtered table is = 12
2024-04-16 22:06 | INFO | Query 33 Active Learning Runtime on Validation Set: 102599.78
2024-04-16 22:06 | INFO | Query 33 Active Learning Runtime on Test Set: 81386.84
2024-04-16 22:06 | INFO | Query 33 Active Learning Instance Cost: 209612.86
2024-04-16 22:06 | INFO | Timeout limit is increased to 3600
2024-04-16 22:06 | INFO | Query 34 Size of the uncertainty table is = 804/1200
2024-04-16 22:06 | INFO | Query 34 Size of the filtered table is = 12
2024-04-16 22:06 | INFO | Query 34 Active Learning Runtime on Validation Set: 102599.78
2024-04-16 22:06 | INFO | Query 34 Active Learning Runtime on Test Set: 81386.82
2024-04-16 22:06 | INFO | Query 34 Active Learning Instance Cost: 209621.53
2024-04-16 22:06 | INFO | Timeout limit is increased to 3600
2024-04-16 22:06 | INFO | Query 35 Size of the uncertainty table is = 792/1200
2024-04-16 22:06 | INFO | Query 35 Size of the filtered table is = 12
2024-04-16 22:06 | INFO | Query 35 Active Learning Runtime on Validation Set: 102599.78
2024-04-16 22:06 | INFO | Query 35 Active Learning Runtime on Test Set: 81386.84
2024-04-16 22:06 | INFO | Query 35 Active Learning Instance Cost: 209630.21
2024-04-16 22:06 | INFO | Timeout limit is increased to 3600
2024-04-16 22:06 | INFO | Query 36 Size of the uncertainty table is = 780/1200
2024-04-16 22:06 | INFO | Query 36 Size of the filtered table is = 12
2024-04-16 22:06 | INFO | Query 36 Active Learning Runtime on Validation Set: 102599.78
2024-04-16 22:06 | INFO | Query 36 Active Learning Runtime on Test Set: 81386.84
2024-04-16 22:06 | INFO | Query 36 Active Learning Instance Cost: 209649.13
2024-04-16 22:06 | INFO | Timeout limit is increased to 3600
2024-04-16 22:06 | INFO | Query 37 Size of the uncertainty table is = 768/1200
2024-04-16 22:06 | INFO | Query 37 Size of the filtered table is = 12
2024-04-16 22:06 | INFO | Query 37 Active Learning Runtime on Validation Set: 102599.78
2024-04-16 22:06 | INFO | Query 37 Active Learning Runtime on Test Set: 81386.82
2024-04-16 22:06 | INFO | Query 37 Active Learning Instance Cost: 209660.18
2024-04-16 22:06 | INFO | Timeout limit is increased to 3600
2024-04-16 22:06 | INFO | Query 38 Size of the uncertainty table is = 756/1200
2024-04-16 22:06 | INFO | Query 38 Size of the filtered table is = 12
2024-04-16 22:06 | INFO | Query 38 Active Learning Runtime on Validation Set: 102599.78
2024-04-16 22:06 | INFO | Query 38 Active Learning Runtime on Test Set: 81386.84
2024-04-16 22:06 | INFO | Query 38 Active Learning Instance Cost: 210688.71
2024-04-16 22:06 | INFO | Timeout limit is increased to 3600
2024-04-16 22:06 | INFO | Query 39 Size of the uncertainty table is = 744/1200
2024-04-16 22:06 | INFO | Query 39 Size of the filtered table is = 12
2024-04-16 22:06 | INFO | Query 39 Active Learning Runtime on Validation Set: 102599.78
2024-04-16 22:06 | INFO | Query 39 Active Learning Runtime on Test Set: 81386.82
2024-04-16 22:06 | INFO | Query 39 Active Learning Instance Cost: 210700.8
2024-04-16 22:06 | INFO | Timeout limit is increased to 3600
2024-04-16 22:06 | INFO | Query 40 Size of the uncertainty table is = 732/1200
2024-04-16 22:06 | INFO | Query 40 Size of the filtered table is = 12
2024-04-16 22:06 | INFO | Query 40 Active Learning Runtime on Validation Set: 102599.78
2024-04-16 22:06 | INFO | Query 40 Active Learning Runtime on Test Set: 81386.82
2024-04-16 22:06 | INFO | Query 40 Active Learning Instance Cost: 210715.1
2024-04-16 22:06 | INFO | Timeout limit is increased to 3600
2024-04-16 22:06 | INFO | Query 41 Size of the uncertainty table is = 720/1200
2024-04-16 22:06 | INFO | Query 41 Size of the filtered table is = 12
2024-04-16 22:07 | INFO | Query 41 Active Learning Runtime on Validation Set: 102599.78
2024-04-16 22:07 | INFO | Query 41 Active Learning Runtime on Test Set: 81387.52
2024-04-16 22:07 | INFO | Query 41 Active Learning Instance Cost: 210726.97
2024-04-16 22:07 | INFO | Timeout limit is increased to 3600
2024-04-16 22:07 | INFO | Query 42 Size of the uncertainty table is = 708/1200
2024-04-16 22:07 | INFO | Query 42 Size of the filtered table is = 12
2024-04-16 22:07 | INFO | Query 42 Active Learning Runtime on Validation Set: 102599.78
2024-04-16 22:07 | INFO | Query 42 Active Learning Runtime on Test Set: 81388.46
2024-04-16 22:07 | INFO | Query 42 Active Learning Instance Cost: 210736.88
2024-04-16 22:07 | INFO | Timeout limit is increased to 3600
2024-04-16 22:07 | INFO | Query 43 Size of the uncertainty table is = 696/1200
2024-04-16 22:07 | INFO | Query 43 Size of the filtered table is = 12
2024-04-16 22:07 | INFO | Query 43 Active Learning Runtime on Validation Set: 102599.78
2024-04-16 22:07 | INFO | Query 43 Active Learning Runtime on Test Set: 81388.51
2024-04-16 22:07 | INFO | Query 43 Active Learning Instance Cost: 210811.48
2024-04-16 22:07 | INFO | Timeout limit is increased to 3600
2024-04-16 22:07 | INFO | Query 44 Size of the uncertainty table is = 684/1200
2024-04-16 22:07 | INFO | Query 44 Size of the filtered table is = 12
2024-04-16 22:07 | INFO | Query 44 Active Learning Runtime on Validation Set: 102599.78
2024-04-16 22:07 | INFO | Query 44 Active Learning Runtime on Test Set: 81388.48
2024-04-16 22:07 | INFO | Query 44 Active Learning Instance Cost: 218016.14
2024-04-16 22:07 | INFO | Timeout limit is increased to 3600
2024-04-16 22:07 | INFO | Query 45 Size of the uncertainty table is = 672/1200
2024-04-16 22:07 | INFO | Query 45 Size of the filtered table is = 12
2024-04-16 22:07 | INFO | Query 45 Active Learning Runtime on Validation Set: 102599.78
2024-04-16 22:07 | INFO | Query 45 Active Learning Runtime on Test Set: 81388.38
2024-04-16 22:07 | INFO | Query 45 Active Learning Instance Cost: 218020.71
2024-04-16 22:07 | INFO | Timeout limit is increased to 3600
2024-04-16 22:07 | INFO | Query 46 Size of the uncertainty table is = 660/1200
2024-04-16 22:07 | INFO | Query 46 Size of the filtered table is = 12
2024-04-16 22:07 | INFO | Query 46 Active Learning Runtime on Validation Set: 102599.78
2024-04-16 22:07 | INFO | Query 46 Active Learning Runtime on Test Set: 81388.39
2024-04-16 22:07 | INFO | Query 46 Active Learning Instance Cost: 225841.3
2024-04-16 22:07 | INFO | Timeout limit is increased to 3600
2024-04-16 22:07 | INFO | Query 47 Size of the uncertainty table is = 648/1200
2024-04-16 22:07 | INFO | Query 47 Size of the filtered table is = 12
2024-04-16 22:07 | INFO | Query 47 Active Learning Runtime on Validation Set: 102599.78
2024-04-16 22:07 | INFO | Query 47 Active Learning Runtime on Test Set: 81387.52
2024-04-16 22:07 | INFO | Query 47 Active Learning Instance Cost: 234174.74
2024-04-16 22:07 | INFO | Timeout limit is increased to 3600
2024-04-16 22:07 | INFO | Query 48 Size of the uncertainty table is = 636/1200
2024-04-16 22:07 | INFO | Query 48 Size of the filtered table is = 12
2024-04-16 22:07 | INFO | Query 48 Active Learning Runtime on Validation Set: 102599.78
2024-04-16 22:07 | INFO | Query 48 Active Learning Runtime on Test Set: 81387.41
2024-04-16 22:07 | INFO | Query 48 Active Learning Instance Cost: 234285.55
2024-04-16 22:07 | INFO | Timeout limit is increased to 3600
2024-04-16 22:07 | INFO | Query 49 Size of the uncertainty table is = 624/1200
2024-04-16 22:07 | INFO | Query 49 Size of the filtered table is = 12
2024-04-16 22:07 | INFO | Query 49 Active Learning Runtime on Validation Set: 102599.78
2024-04-16 22:07 | INFO | Query 49 Active Learning Runtime on Test Set: 81387.41
2024-04-16 22:07 | INFO | Query 49 Active Learning Instance Cost: 237944.67
2024-04-16 22:07 | INFO | Timeout limit is increased to 3600
2024-04-16 22:07 | INFO | Query 50 Size of the uncertainty table is = 612/1200
2024-04-16 22:07 | INFO | Query 50 Size of the filtered table is = 12
2024-04-16 22:07 | INFO | Query 50 Active Learning Runtime on Validation Set: 102599.78
2024-04-16 22:07 | INFO | Query 50 Active Learning Runtime on Test Set: 81387.0
2024-04-16 22:07 | INFO | Query 50 Active Learning Instance Cost: 244232.73
2024-04-16 22:07 | INFO | Timeout limit is increased to 3600
2024-04-16 22:07 | INFO | Query 51 Size of the uncertainty table is = 600/1200
2024-04-16 22:07 | INFO | Query 51 Size of the filtered table is = 12
2024-04-16 22:07 | INFO | Query 51 Active Learning Runtime on Validation Set: 102599.78
2024-04-16 22:07 | INFO | Query 51 Active Learning Runtime on Test Set: 81387.41
2024-04-16 22:07 | INFO | Query 51 Active Learning Instance Cost: 244960.18
2024-04-16 22:07 | INFO | Timeout limit is increased to 3600
2024-04-16 22:07 | INFO | Query 52 Size of the uncertainty table is = 588/1200
2024-04-16 22:07 | INFO | Query 52 Size of the filtered table is = 12
2024-04-16 22:08 | INFO | Query 52 Active Learning Runtime on Validation Set: 102599.78
2024-04-16 22:08 | INFO | Query 52 Active Learning Runtime on Test Set: 81387.01
2024-04-16 22:08 | INFO | Query 52 Active Learning Instance Cost: 244998.99
2024-04-16 22:08 | INFO | Timeout limit is increased to 3600
2024-04-16 22:08 | INFO | Query 53 Size of the uncertainty table is = 576/1200
2024-04-16 22:08 | INFO | Query 53 Size of the filtered table is = 12
2024-04-16 22:08 | INFO | Query 53 Active Learning Runtime on Validation Set: 102599.78
2024-04-16 22:08 | INFO | Query 53 Active Learning Runtime on Test Set: 81387.52
2024-04-16 22:08 | INFO | Query 53 Active Learning Instance Cost: 248943.86
2024-04-16 22:08 | INFO | Timeout limit is increased to 3600
2024-04-16 22:08 | INFO | Query 54 Size of the uncertainty table is = 564/1200
2024-04-16 22:08 | INFO | Query 54 Size of the filtered table is = 12
2024-04-16 22:08 | INFO | Query 54 Active Learning Runtime on Validation Set: 102599.78
2024-04-16 22:08 | INFO | Query 54 Active Learning Runtime on Test Set: 81387.52
2024-04-16 22:08 | INFO | Query 54 Active Learning Instance Cost: 248968.76
2024-04-16 22:08 | INFO | Timeout limit is increased to 3600
2024-04-16 22:08 | INFO | Query 55 Size of the uncertainty table is = 552/1200
2024-04-16 22:08 | INFO | Query 55 Size of the filtered table is = 12
2024-04-16 22:08 | INFO | Query 55 Active Learning Runtime on Validation Set: 102599.78
2024-04-16 22:08 | INFO | Query 55 Active Learning Runtime on Test Set: 81388.49
2024-04-16 22:08 | INFO | Query 55 Active Learning Instance Cost: 253623.56
2024-04-16 22:08 | INFO | Timeout limit is increased to 3600
2024-04-16 22:08 | INFO | Query 56 Size of the uncertainty table is = 540/1200
2024-04-16 22:08 | INFO | Query 56 Size of the filtered table is = 12
2024-04-16 22:08 | INFO | Query 56 Active Learning Runtime on Validation Set: 102599.78
2024-04-16 22:08 | INFO | Query 56 Active Learning Runtime on Test Set: 81387.69
2024-04-16 22:08 | INFO | Query 56 Active Learning Instance Cost: 264694.45
2024-04-16 22:08 | INFO | Timeout limit is increased to 3600
2024-04-16 22:08 | INFO | Query 57 Size of the uncertainty table is = 528/1200
2024-04-16 22:08 | INFO | Query 57 Size of the filtered table is = 12
2024-04-16 22:08 | INFO | Query 57 Active Learning Runtime on Validation Set: 102599.78
2024-04-16 22:08 | INFO | Query 57 Active Learning Runtime on Test Set: 81387.52
2024-04-16 22:08 | INFO | Query 57 Active Learning Instance Cost: 276962.51
2024-04-16 22:08 | INFO | Timeout limit is increased to 3600
2024-04-16 22:08 | INFO | Query 58 Size of the uncertainty table is = 516/1200
2024-04-16 22:08 | INFO | Query 58 Size of the filtered table is = 12
2024-04-16 22:08 | INFO | Query 58 Active Learning Runtime on Validation Set: 102599.78
2024-04-16 22:08 | INFO | Query 58 Active Learning Runtime on Test Set: 81388.5
2024-04-16 22:08 | INFO | Query 58 Active Learning Instance Cost: 281225.59
2024-04-16 22:08 | INFO | Timeout limit is increased to 3600
2024-04-16 22:08 | INFO | Query 59 Size of the uncertainty table is = 504/1200
2024-04-16 22:08 | INFO | Query 59 Size of the filtered table is = 12
2024-04-16 22:08 | INFO | Query 59 Active Learning Runtime on Validation Set: 102599.78
2024-04-16 22:08 | INFO | Query 59 Active Learning Runtime on Test Set: 81387.43
2024-04-16 22:08 | INFO | Query 59 Active Learning Instance Cost: 281229.13
2024-04-16 22:08 | INFO | Timeout limit is increased to 3600
2024-04-16 22:08 | INFO | Query 60 Size of the uncertainty table is = 492/1200
2024-04-16 22:08 | INFO | Query 60 Size of the filtered table is = 12
2024-04-16 22:08 | INFO | Query 60 Active Learning Runtime on Validation Set: 102599.78
2024-04-16 22:08 | INFO | Query 60 Active Learning Runtime on Test Set: 81388.4
2024-04-16 22:08 | INFO | Query 60 Active Learning Instance Cost: 281230.88
2024-04-16 22:08 | INFO | Timeout limit is increased to 3600
2024-04-16 22:08 | INFO | Query 61 Size of the uncertainty table is = 480/1200
2024-04-16 22:08 | INFO | Query 61 Size of the filtered table is = 12
2024-04-16 22:08 | INFO | Query 61 Active Learning Runtime on Validation Set: 102599.78
2024-04-16 22:08 | INFO | Query 61 Active Learning Runtime on Test Set: 81387.52
2024-04-16 22:08 | INFO | Query 61 Active Learning Instance Cost: 284840.77
2024-04-16 22:08 | INFO | Timeout limit is increased to 3600
2024-04-16 22:08 | INFO | Query 62 Size of the uncertainty table is = 468/1200
2024-04-16 22:08 | INFO | Query 62 Size of the filtered table is = 12
2024-04-16 22:08 | INFO | Query 62 Active Learning Runtime on Validation Set: 102599.78
2024-04-16 22:08 | INFO | Query 62 Active Learning Runtime on Test Set: 81388.4
2024-04-16 22:08 | INFO | Query 62 Active Learning Instance Cost: 287124.48
2024-04-16 22:08 | INFO | Timeout limit is increased to 3600
2024-04-16 22:08 | INFO | Query 63 Size of the uncertainty table is = 456/1200
2024-04-16 22:08 | INFO | Query 63 Size of the filtered table is = 12
2024-04-16 22:08 | INFO | Query 63 Active Learning Runtime on Validation Set: 102599.78
2024-04-16 22:08 | INFO | Query 63 Active Learning Runtime on Test Set: 81387.42
2024-04-16 22:08 | INFO | Query 63 Active Learning Instance Cost: 287239.68
2024-04-16 22:08 | INFO | Timeout limit is increased to 3600
2024-04-16 22:08 | INFO | Query 64 Size of the uncertainty table is = 444/1200
2024-04-16 22:08 | INFO | Query 64 Size of the filtered table is = 12
2024-04-16 22:09 | INFO | Query 64 Active Learning Runtime on Validation Set: 102599.78
2024-04-16 22:09 | INFO | Query 64 Active Learning Runtime on Test Set: 81387.43
2024-04-16 22:09 | INFO | Query 64 Active Learning Instance Cost: 294367.62
2024-04-16 22:09 | INFO | Timeout limit is increased to 3600
2024-04-16 22:09 | INFO | Query 65 Size of the uncertainty table is = 432/1200
2024-04-16 22:09 | INFO | Query 65 Size of the filtered table is = 12
2024-04-16 22:09 | INFO | Query 65 Active Learning Runtime on Validation Set: 102599.78
2024-04-16 22:09 | INFO | Query 65 Active Learning Runtime on Test Set: 81388.39
2024-04-16 22:09 | INFO | Query 65 Active Learning Instance Cost: 296892.61
2024-04-16 22:09 | INFO | Timeout limit is increased to 3600
2024-04-16 22:09 | INFO | Query 66 Size of the uncertainty table is = 420/1200
2024-04-16 22:09 | INFO | Query 66 Size of the filtered table is = 12
2024-04-16 22:09 | INFO | Query 66 Active Learning Runtime on Validation Set: 102599.78
2024-04-16 22:09 | INFO | Query 66 Active Learning Runtime on Test Set: 81387.43
2024-04-16 22:09 | INFO | Query 66 Active Learning Instance Cost: 309991.68
2024-04-16 22:09 | INFO | Timeout limit is increased to 3600
2024-04-16 22:09 | INFO | Query 67 Size of the uncertainty table is = 408/1200
2024-04-16 22:09 | INFO | Query 67 Size of the filtered table is = 12
2024-04-16 22:09 | INFO | Query 67 Active Learning Runtime on Validation Set: 102599.78
2024-04-16 22:09 | INFO | Query 67 Active Learning Runtime on Test Set: 81387.41
2024-04-16 22:09 | INFO | Query 67 Active Learning Instance Cost: 325551.22
2024-04-16 22:09 | INFO | Timeout limit is increased to 3600
2024-04-16 22:09 | INFO | Query 68 Size of the uncertainty table is = 396/1200
2024-04-16 22:09 | INFO | Query 68 Size of the filtered table is = 12
2024-04-16 22:09 | INFO | Query 68 Active Learning Runtime on Validation Set: 102599.78
2024-04-16 22:09 | INFO | Query 68 Active Learning Runtime on Test Set: 81387.52
2024-04-16 22:09 | INFO | Query 68 Active Learning Instance Cost: 332863.95
2024-04-16 22:09 | INFO | Timeout limit is increased to 3600
2024-04-16 22:09 | INFO | Query 69 Size of the uncertainty table is = 384/1200
2024-04-16 22:09 | INFO | Query 69 Size of the filtered table is = 12
2024-04-16 22:09 | INFO | Query 69 Active Learning Runtime on Validation Set: 102599.78
2024-04-16 22:09 | INFO | Query 69 Active Learning Runtime on Test Set: 81387.52
2024-04-16 22:09 | INFO | Query 69 Active Learning Instance Cost: 342147.72
2024-04-16 22:09 | INFO | Timeout limit is increased to 3600
2024-04-16 22:09 | INFO | Query 70 Size of the uncertainty table is = 372/1200
2024-04-16 22:09 | INFO | Query 70 Size of the filtered table is = 12
2024-04-16 22:09 | INFO | Query 70 Active Learning Runtime on Validation Set: 102599.78
2024-04-16 22:09 | INFO | Query 70 Active Learning Runtime on Test Set: 81387.42
2024-04-16 22:09 | INFO | Query 70 Active Learning Instance Cost: 342271.54
2024-04-16 22:09 | INFO | Timeout limit is increased to 3600
2024-04-16 22:09 | INFO | Query 71 Size of the uncertainty table is = 360/1200
2024-04-16 22:09 | INFO | Query 71 Size of the filtered table is = 12
2024-04-16 22:09 | INFO | Query 71 Active Learning Runtime on Validation Set: 102599.78
2024-04-16 22:09 | INFO | Query 71 Active Learning Runtime on Test Set: 81387.35
2024-04-16 22:09 | INFO | Query 71 Active Learning Instance Cost: 357518.93
2024-04-16 22:09 | INFO | Timeout limit is increased to 3600
2024-04-16 22:09 | INFO | Query 72 Size of the uncertainty table is = 348/1200
2024-04-16 22:09 | INFO | Query 72 Size of the filtered table is = 12
2024-04-16 22:09 | INFO | Query 72 Active Learning Runtime on Validation Set: 102599.78
2024-04-16 22:09 | INFO | Query 72 Active Learning Runtime on Test Set: 81388.39
2024-04-16 22:09 | INFO | Query 72 Active Learning Instance Cost: 366026.23
2024-04-16 22:09 | INFO | Timeout limit is increased to 3600
2024-04-16 22:09 | INFO | Query 73 Size of the uncertainty table is = 336/1200
2024-04-16 22:09 | INFO | Query 73 Size of the filtered table is = 12
2024-04-16 22:09 | INFO | Query 73 Active Learning Runtime on Validation Set: 102599.78
2024-04-16 22:09 | INFO | Query 73 Active Learning Runtime on Test Set: 81387.45
2024-04-16 22:09 | INFO | Query 73 Active Learning Instance Cost: 373259.51
2024-04-16 22:09 | INFO | Timeout limit is increased to 3600
2024-04-16 22:09 | INFO | Query 74 Size of the uncertainty table is = 324/1200
2024-04-16 22:09 | INFO | Query 74 Size of the filtered table is = 12
2024-04-16 22:10 | INFO | Query 74 Active Learning Runtime on Validation Set: 102599.78
2024-04-16 22:10 | INFO | Query 74 Active Learning Runtime on Test Set: 81387.45
2024-04-16 22:10 | INFO | Query 74 Active Learning Instance Cost: 377586.7
2024-04-16 22:10 | INFO | Timeout limit is increased to 3600
2024-04-16 22:10 | INFO | Query 75 Size of the uncertainty table is = 312/1200
2024-04-16 22:10 | INFO | Query 75 Size of the filtered table is = 12
2024-04-16 22:10 | INFO | Query 75 Active Learning Runtime on Validation Set: 102599.78
2024-04-16 22:10 | INFO | Query 75 Active Learning Runtime on Test Set: 81387.45
2024-04-16 22:10 | INFO | Query 75 Active Learning Instance Cost: 381373.29
2024-04-16 22:10 | INFO | Timeout limit is increased to 3600
2024-04-16 22:10 | INFO | Query 76 Size of the uncertainty table is = 300/1200
2024-04-16 22:10 | INFO | Query 76 Size of the filtered table is = 12
2024-04-16 22:10 | INFO | Query 76 Active Learning Runtime on Validation Set: 102599.78
2024-04-16 22:10 | INFO | Query 76 Active Learning Runtime on Test Set: 81387.45
2024-04-16 22:10 | INFO | Query 76 Active Learning Instance Cost: 381378.45
2024-04-16 22:10 | INFO | Timeout limit is increased to 3600
2024-04-16 22:10 | INFO | Query 77 Size of the uncertainty table is = 288/1200
2024-04-16 22:10 | INFO | Query 77 Size of the filtered table is = 12
2024-04-16 22:10 | INFO | Query 77 Active Learning Runtime on Validation Set: 102599.78
2024-04-16 22:10 | INFO | Query 77 Active Learning Runtime on Test Set: 81387.52
2024-04-16 22:10 | INFO | Query 77 Active Learning Instance Cost: 392444.47
2024-04-16 22:10 | INFO | Timeout limit is increased to 3600
2024-04-16 22:10 | INFO | Query 78 Size of the uncertainty table is = 276/1200
2024-04-16 22:10 | INFO | Query 78 Size of the filtered table is = 12
2024-04-16 22:10 | INFO | Query 78 Active Learning Runtime on Validation Set: 102599.78
2024-04-16 22:10 | INFO | Query 78 Active Learning Runtime on Test Set: 81387.36
2024-04-16 22:10 | INFO | Query 78 Active Learning Instance Cost: 416296.54
2024-04-16 22:10 | INFO | Timeout limit is increased to 3600
2024-04-16 22:10 | INFO | Query 79 Size of the uncertainty table is = 264/1200
2024-04-16 22:10 | INFO | Query 79 Size of the filtered table is = 12
2024-04-16 22:10 | INFO | Query 79 Active Learning Runtime on Validation Set: 102599.78
2024-04-16 22:10 | INFO | Query 79 Active Learning Runtime on Test Set: 81387.46
2024-04-16 22:10 | INFO | Query 79 Active Learning Instance Cost: 421900.65
2024-04-16 22:10 | INFO | Timeout limit is increased to 3600
2024-04-16 22:10 | INFO | Query 80 Size of the uncertainty table is = 252/1200
2024-04-16 22:10 | INFO | Query 80 Size of the filtered table is = 12
2024-04-16 22:10 | INFO | Query 80 Active Learning Runtime on Validation Set: 102599.78
2024-04-16 22:10 | INFO | Query 80 Active Learning Runtime on Test Set: 81387.43
2024-04-16 22:10 | INFO | Query 80 Active Learning Instance Cost: 436931.89
2024-04-16 22:10 | INFO | Timeout limit is increased to 3600
2024-04-16 22:10 | INFO | Query 81 Size of the uncertainty table is = 240/1200
2024-04-16 22:10 | INFO | Query 81 Size of the filtered table is = 12
2024-04-16 22:10 | INFO | Query 81 Active Learning Runtime on Validation Set: 98148.67
2024-04-16 22:10 | INFO | Query 81 Active Learning Runtime on Test Set: 81387.36
2024-04-16 22:10 | INFO | Query 81 Active Learning Instance Cost: 447949.92
2024-04-16 22:10 | INFO | Query 82 Size of the uncertainty table is = 228/1200
2024-04-16 22:10 | INFO | Query 82 Size of the filtered table is = 12
2024-04-16 22:10 | INFO | Query 82 Active Learning Runtime on Validation Set: 98148.67
2024-04-16 22:10 | INFO | Query 82 Active Learning Runtime on Test Set: 81387.46
2024-04-16 22:10 | INFO | Query 82 Active Learning Instance Cost: 448534.37
2024-04-16 22:10 | INFO | Timeout limit is increased to 3600
2024-04-16 22:10 | INFO | Query 83 Size of the uncertainty table is = 216/1200
2024-04-16 22:10 | INFO | Query 83 Size of the filtered table is = 12
2024-04-16 22:10 | INFO | Query 83 Active Learning Runtime on Validation Set: 98148.67
2024-04-16 22:10 | INFO | Query 83 Active Learning Runtime on Test Set: 81387.36
2024-04-16 22:10 | INFO | Query 83 Active Learning Instance Cost: 449752.64
2024-04-16 22:10 | INFO | Timeout limit is increased to 3600
2024-04-16 22:10 | INFO | Query 84 Size of the uncertainty table is = 204/1200
2024-04-16 22:10 | INFO | Query 84 Size of the filtered table is = 12
2024-04-16 22:10 | INFO | Query 84 Active Learning Runtime on Validation Set: 102599.78
2024-04-16 22:10 | INFO | Query 84 Active Learning Runtime on Test Set: 81387.47
2024-04-16 22:10 | INFO | Query 84 Active Learning Instance Cost: 457309.72
2024-04-16 22:10 | INFO | Timeout limit is increased to 3600
2024-04-16 22:10 | INFO | Query 85 Size of the uncertainty table is = 192/1200
2024-04-16 22:10 | INFO | Query 85 Size of the filtered table is = 12
2024-04-16 22:11 | INFO | Query 85 Active Learning Runtime on Validation Set: 102599.78
2024-04-16 22:11 | INFO | Query 85 Active Learning Runtime on Test Set: 81387.36
2024-04-16 22:11 | INFO | Query 85 Active Learning Instance Cost: 477035.5
2024-04-16 22:11 | INFO | Timeout limit is increased to 3600
2024-04-16 22:11 | INFO | Query 86 Size of the uncertainty table is = 180/1200
2024-04-16 22:11 | INFO | Query 86 Size of the filtered table is = 12
2024-04-16 22:11 | INFO | Query 86 Active Learning Runtime on Validation Set: 102599.78
2024-04-16 22:11 | INFO | Query 86 Active Learning Runtime on Test Set: 81388.32
2024-04-16 22:11 | INFO | Query 86 Active Learning Instance Cost: 477389.97
2024-04-16 22:11 | INFO | Timeout limit is increased to 3600
2024-04-16 22:11 | INFO | Query 87 Size of the uncertainty table is = 168/1200
2024-04-16 22:11 | INFO | Query 87 Size of the filtered table is = 12
2024-04-16 22:11 | INFO | Query 87 Active Learning Runtime on Validation Set: 102599.78
2024-04-16 22:11 | INFO | Query 87 Active Learning Runtime on Test Set: 81387.35
2024-04-16 22:11 | INFO | Query 87 Active Learning Instance Cost: 479033.6
2024-04-16 22:11 | INFO | Timeout limit is increased to 3600
2024-04-16 22:11 | INFO | Query 88 Size of the uncertainty table is = 156/1200
2024-04-16 22:11 | INFO | Query 88 Size of the filtered table is = 12
2024-04-16 22:11 | INFO | Query 88 Active Learning Runtime on Validation Set: 102599.78
2024-04-16 22:11 | INFO | Query 88 Active Learning Runtime on Test Set: 46292.79
2024-04-16 22:11 | INFO | Query 88 Active Learning Instance Cost: 479156.25
2024-04-16 22:11 | INFO | Timeout limit is increased to 3600
2024-04-16 22:11 | INFO | Query 89 Size of the uncertainty table is = 144/1200
2024-04-16 22:11 | INFO | Query 89 Size of the filtered table is = 12
2024-04-16 22:11 | INFO | Query 89 Active Learning Runtime on Validation Set: 102599.78
2024-04-16 22:11 | INFO | Query 89 Active Learning Runtime on Test Set: 81387.29
2024-04-16 22:11 | INFO | Query 89 Active Learning Instance Cost: 491022.79
2024-04-16 22:11 | INFO | Timeout limit is increased to 3600
2024-04-16 22:11 | INFO | Query 90 Size of the uncertainty table is = 132/1200
2024-04-16 22:11 | INFO | Query 90 Size of the filtered table is = 12
2024-04-16 22:11 | INFO | Query 90 Active Learning Runtime on Validation Set: 102599.78
2024-04-16 22:11 | INFO | Query 90 Active Learning Runtime on Test Set: 46292.38
2024-04-16 22:11 | INFO | Query 90 Active Learning Instance Cost: 508025.01
2024-04-16 22:11 | INFO | Timeout limit is increased to 3600
2024-04-16 22:11 | INFO | Query 91 Size of the uncertainty table is = 120/1200
2024-04-16 22:11 | INFO | Query 91 Size of the filtered table is = 12
2024-04-16 22:11 | INFO | Query 91 Active Learning Runtime on Validation Set: 102599.78
2024-04-16 22:11 | INFO | Query 91 Active Learning Runtime on Test Set: 81388.29
2024-04-16 22:11 | INFO | Query 91 Active Learning Instance Cost: 531686.95
2024-04-16 22:11 | INFO | Timeout limit is increased to 3600
2024-04-16 22:11 | INFO | Query 92 Size of the uncertainty table is = 108/1200
2024-04-16 22:11 | INFO | Query 92 Size of the filtered table is = 12
2024-04-16 22:11 | INFO | Query 92 Active Learning Runtime on Validation Set: 102599.78
2024-04-16 22:11 | INFO | Query 92 Active Learning Runtime on Test Set: 81387.41
2024-04-16 22:11 | INFO | Query 92 Active Learning Instance Cost: 542582.07
2024-04-16 22:11 | INFO | Timeout limit is increased to 3600
2024-04-16 22:11 | INFO | Query 93 Size of the uncertainty table is = 96/1200
2024-04-16 22:11 | INFO | Query 93 Size of the filtered table is = 12
2024-04-16 22:11 | INFO | Query 93 Active Learning Runtime on Validation Set: 102599.78
2024-04-16 22:11 | INFO | Query 93 Active Learning Runtime on Test Set: 81388.29
2024-04-16 22:11 | INFO | Query 93 Active Learning Instance Cost: 559616.09
2024-04-16 22:11 | INFO | Timeout limit is increased to 3600
2024-04-16 22:11 | INFO | Query 94 Size of the uncertainty table is = 84/1200
2024-04-16 22:11 | INFO | Query 94 Size of the filtered table is = 12
2024-04-16 22:11 | INFO | Query 94 Active Learning Runtime on Validation Set: 102599.78
2024-04-16 22:11 | INFO | Query 94 Active Learning Runtime on Test Set: 81387.36
2024-04-16 22:11 | INFO | Query 94 Active Learning Instance Cost: 569712.05
2024-04-16 22:11 | INFO | Timeout limit is increased to 3600
2024-04-16 22:11 | INFO | Query 95 Size of the uncertainty table is = 72/1200
2024-04-16 22:11 | INFO | Query 95 Size of the filtered table is = 12
2024-04-16 22:12 | INFO | Query 95 Active Learning Runtime on Validation Set: 102599.78
2024-04-16 22:12 | INFO | Query 95 Active Learning Runtime on Test Set: 81387.36
2024-04-16 22:12 | INFO | Query 95 Active Learning Instance Cost: 577373.66
2024-04-16 22:12 | INFO | Timeout limit is increased to 3600
2024-04-16 22:12 | INFO | Query 96 Size of the uncertainty table is = 60/1200
2024-04-16 22:12 | INFO | Query 96 Size of the filtered table is = 12
2024-04-16 22:12 | INFO | Query 96 Active Learning Runtime on Validation Set: 102599.78
2024-04-16 22:12 | INFO | Query 96 Active Learning Runtime on Test Set: 81388.5
2024-04-16 22:12 | INFO | Query 96 Active Learning Instance Cost: 582901.47
2024-04-16 22:12 | INFO | Timeout limit is increased to 3600
2024-04-16 22:12 | INFO | Query 97 Size of the uncertainty table is = 48/1200
2024-04-16 22:12 | INFO | Query 97 Size of the filtered table is = 12
2024-04-16 22:12 | INFO | Query 97 Active Learning Runtime on Validation Set: 102599.78
2024-04-16 22:12 | INFO | Query 97 Active Learning Runtime on Test Set: 81387.37
2024-04-16 22:12 | INFO | Query 97 Active Learning Instance Cost: 607019.73
2024-04-16 22:12 | INFO | Timeout limit is increased to 3600
2024-04-16 22:12 | INFO | Query 98 Size of the uncertainty table is = 36/1200
2024-04-16 22:12 | INFO | Query 98 Size of the filtered table is = 12
2024-04-16 22:12 | INFO | Query 98 Active Learning Runtime on Validation Set: 102599.78
2024-04-16 22:12 | INFO | Query 98 Active Learning Runtime on Test Set: 46292.77
2024-04-16 22:12 | INFO | Query 98 Active Learning Instance Cost: 620634.18
2024-04-16 22:12 | INFO | Timeout limit is increased to 3600
2024-04-16 22:12 | INFO | Query 99 Size of the uncertainty table is = 24/1200
2024-04-16 22:12 | INFO | Query 99 Size of the filtered table is = 12
2024-04-16 22:12 | INFO | Query 99 Active Learning Runtime on Validation Set: 102599.78
2024-04-16 22:12 | INFO | Query 99 Active Learning Runtime on Test Set: 81388.33
2024-04-16 22:12 | INFO | Query 99 Active Learning Instance Cost: 631622.43
2024-04-16 22:12 | INFO | Timeout limit is increased to 3600
2024-04-16 22:12 | INFO | Query 100 Size of the uncertainty table is = 12/1200
2024-04-16 22:12 | INFO | Query 100 Size of the filtered table is = 12
2024-04-16 22:12 | INFO | Query 100 Active Learning Runtime on Validation Set: 102599.78
2024-04-16 22:12 | INFO | Query 100 Active Learning Runtime on Test Set: 81388.33
2024-04-16 22:12 | INFO | Query 100 Active Learning Instance Cost: 637948.96
2024-04-16 22:12 | INFO | Timeout limit is increased to 3600
2024-04-16 22:12 | INFO | runtime_test_score is written as json file
2024-04-16 22:12 | INFO | runtime_validation_score is written as json file
2024-04-16 22:12 | INFO | instance_cost is written as json file
2024-04-16 22:12 | INFO | Experiment is finished
