2024-04-16 22:12 | INFO | Paramaters are: {'dataset': 'CSP-2010', 'penalty': 10, 'weight': 'No_Weight', 'voting': 'Hard', 'pre_selection_size': 64, 'pre_selection_technique': 'No_pre_selection', 'feature_elimination_threshold': 20, 'imputer_strategy': 'median', 'feature_selection_technique': 'No_feature_selection', 'feature_scaling_technique': 'StandardScaler', 'initial_train_size': 20, 'query_size': 1, 'timeout_predictor_usage': 'No', 'timeout_limit': 100, 'timeout_increase_rate': 100, 'RANDOM_STATE_SEED': 123, 'n_splits': 10, 'split_number': 0, 'max_timeout': 3600, 'param_grid': {'n_estimators': 100, 'criterion': 'gini', 'max_features': 'sqrt', 'max_depth': 2147483648, 'min_samples_split': 2, 'bootstrap': True}}
2024-04-16 22:12 | INFO | CSP-2010 is current dataset
2024-04-16 22:12 | INFO | DATASETS/CSP-2010/algorithm_runs.csv is found
2024-04-16 22:12 | INFO | DATASETS/CSP-2010/algorithm_runs.csv is finished
2024-04-16 22:12 | INFO | DATASETS/CSP-2010/feature_values.csv is found
2024-04-16 22:12 | INFO | DATASETS/CSP-2010/feature_values.csv is finished
2024-04-16 22:12 | INFO | Virtual best solver time in train = 75717.92
2024-04-16 22:12 | INFO | Single best solver list train = {'learning': 3410469.32, 'standard': 1141300.99}
2024-04-16 22:12 | INFO | Single best solver time train = standard (1141300.99)
2024-04-16 22:12 | INFO | Virtual best solver time in validation = 98071.42
2024-04-16 22:12 | INFO | Single best solver list validation = {'learning': 5066278.03, 'standard': 102541.76}
2024-04-16 22:12 | INFO | Single best solver time validation = standard (102541.76)
2024-04-16 22:12 | INFO | Virtual best solver time in test = 9644.01
2024-04-16 22:12 | INFO | Single best solver list test = {'learning': 862406.89, 'standard': 153421.66}
2024-04-16 22:12 | INFO | Single best solver time test = standard (153421.66)
2024-04-16 22:12 | INFO | Passive Learning Runtime on Validation Set: 102541.76
2024-04-16 22:12 | INFO | Passive Learning Runtime on Test Set: 45285.47
2024-04-16 22:12 | INFO | Passive Learning Instance Cost: 663770.31
2024-04-16 22:12 | INFO | Initial Active Learning Runtime on Validation Set: 98188.95
2024-04-16 22:12 | INFO | Initial Active Learning Runtime on Test Set: 82366.59
2024-04-16 22:12 | INFO | Initial Active Learning Instance Cost: 424.22
2024-04-16 22:12 | INFO | Bin size = 12
2024-04-16 22:12 | INFO | Query 1 Size of the uncertainty table is = 1201/1200
2024-04-16 22:12 | INFO | Query 1 Size of the filtered table is = 12
2024-04-16 22:12 | INFO | Query 1 Active Learning Runtime on Validation Set: 98092.85
2024-04-16 22:12 | INFO | Query 1 Active Learning Runtime on Test Set: 45230.06
2024-04-16 22:12 | INFO | Query 1 Active Learning Instance Cost: 847.15
2024-04-16 22:12 | INFO | Query 2 Size of the uncertainty table is = 1189/1200
2024-04-16 22:12 | INFO | Query 2 Size of the filtered table is = 12
2024-04-16 22:12 | INFO | Query 2 Active Learning Runtime on Validation Set: 102543.94
2024-04-16 22:12 | INFO | Query 2 Active Learning Runtime on Test Set: 81230.24
2024-04-16 22:12 | INFO | Query 2 Active Learning Instance Cost: 852.24
2024-04-16 22:12 | INFO | Timeout limit is increased to 200
2024-04-16 22:12 | INFO | Query 3 Size of the uncertainty table is = 1177/1200
2024-04-16 22:12 | INFO | Query 3 Size of the filtered table is = 12
2024-04-16 22:12 | INFO | Query 3 Active Learning Runtime on Validation Set: 102543.99
2024-04-16 22:12 | INFO | Query 3 Active Learning Runtime on Test Set: 81230.26
2024-04-16 22:12 | INFO | Query 3 Active Learning Instance Cost: 2664.61
2024-04-16 22:12 | INFO | Timeout limit is increased to 300
2024-04-16 22:12 | INFO | Query 4 Size of the uncertainty table is = 1170/1200
2024-04-16 22:12 | INFO | Query 4 Size of the filtered table is = 12
2024-04-16 22:12 | INFO | Query 4 Active Learning Runtime on Validation Set: 102541.76
2024-04-16 22:12 | INFO | Query 4 Active Learning Runtime on Test Set: 81231.87
2024-04-16 22:12 | INFO | Query 4 Active Learning Instance Cost: 4397.66
2024-04-16 22:12 | INFO | Query 5 Size of the uncertainty table is = 1161/1200
2024-04-16 22:12 | INFO | Query 5 Size of the filtered table is = 12
2024-04-16 22:12 | INFO | Query 5 Active Learning Runtime on Validation Set: 102541.76
2024-04-16 22:12 | INFO | Query 5 Active Learning Runtime on Test Set: 81231.8
2024-04-16 22:12 | INFO | Query 5 Active Learning Instance Cost: 4398.69
2024-04-16 22:12 | INFO | Timeout limit is increased to 400
2024-04-16 22:12 | INFO | Query 6 Size of the uncertainty table is = 1149/1200
2024-04-16 22:12 | INFO | Query 6 Size of the filtered table is = 12
2024-04-16 22:12 | INFO | Query 6 Active Learning Runtime on Validation Set: 102541.76
2024-04-16 22:12 | INFO | Query 6 Active Learning Runtime on Test Set: 81231.8
2024-04-16 22:12 | INFO | Query 6 Active Learning Instance Cost: 6865.43
2024-04-16 22:12 | INFO | Timeout limit is increased to 500
2024-04-16 22:12 | INFO | Query 7 Size of the uncertainty table is = 1137/1200
2024-04-16 22:12 | INFO | Query 7 Size of the filtered table is = 12
2024-04-16 22:12 | INFO | Query 7 Active Learning Runtime on Validation Set: 102541.76
2024-04-16 22:12 | INFO | Query 7 Active Learning Runtime on Test Set: 81231.99
2024-04-16 22:12 | INFO | Query 7 Active Learning Instance Cost: 6872.73
2024-04-16 22:12 | INFO | Timeout limit is increased to 600
2024-04-16 22:12 | INFO | Query 8 Size of the uncertainty table is = 1125/1200
2024-04-16 22:12 | INFO | Query 8 Size of the filtered table is = 12
2024-04-16 22:12 | INFO | Query 8 Active Learning Runtime on Validation Set: 98090.65
2024-04-16 22:12 | INFO | Query 8 Active Learning Runtime on Test Set: 81231.86
2024-04-16 22:12 | INFO | Query 8 Active Learning Instance Cost: 6876.0
2024-04-16 22:12 | INFO | Query 9 Size of the uncertainty table is = 1113/1200
2024-04-16 22:12 | INFO | Query 9 Size of the filtered table is = 12
2024-04-16 22:13 | INFO | Query 9 Active Learning Runtime on Validation Set: 102541.76
2024-04-16 22:13 | INFO | Query 9 Active Learning Runtime on Test Set: 81231.82
2024-04-16 22:13 | INFO | Query 9 Active Learning Instance Cost: 8976.04
2024-04-16 22:13 | INFO | Timeout limit is increased to 700
2024-04-16 22:13 | INFO | Query 10 Size of the uncertainty table is = 1102/1200
2024-04-16 22:13 | INFO | Query 10 Size of the filtered table is = 12
2024-04-16 22:13 | INFO | Query 10 Active Learning Runtime on Validation Set: 102541.76
2024-04-16 22:13 | INFO | Query 10 Active Learning Runtime on Test Set: 81231.85
2024-04-16 22:13 | INFO | Query 10 Active Learning Instance Cost: 11038.59
2024-04-16 22:13 | INFO | Timeout limit is increased to 800
2024-04-16 22:13 | INFO | Query 11 Size of the uncertainty table is = 1092/1200
2024-04-16 22:13 | INFO | Query 11 Size of the filtered table is = 12
2024-04-16 22:13 | INFO | Query 11 Active Learning Runtime on Validation Set: 102541.76
2024-04-16 22:13 | INFO | Query 11 Active Learning Runtime on Test Set: 81231.95
2024-04-16 22:13 | INFO | Query 11 Active Learning Instance Cost: 13012.8
2024-04-16 22:13 | INFO | Timeout limit is increased to 900
2024-04-16 22:13 | INFO | Query 12 Size of the uncertainty table is = 1082/1200
2024-04-16 22:13 | INFO | Query 12 Size of the filtered table is = 12
2024-04-16 22:13 | INFO | Query 12 Active Learning Runtime on Validation Set: 102541.76
2024-04-16 22:13 | INFO | Query 12 Active Learning Runtime on Test Set: 45232.06
2024-04-16 22:13 | INFO | Query 12 Active Learning Instance Cost: 17369.82
2024-04-16 22:13 | INFO | Timeout limit is increased to 1000
2024-04-16 22:13 | INFO | Query 13 Size of the uncertainty table is = 1073/1200
2024-04-16 22:13 | INFO | Query 13 Size of the filtered table is = 12
2024-04-16 22:13 | INFO | Query 13 Active Learning Runtime on Validation Set: 102541.76
2024-04-16 22:13 | INFO | Query 13 Active Learning Runtime on Test Set: 45232.01
2024-04-16 22:13 | INFO | Query 13 Active Learning Instance Cost: 17779.51
2024-04-16 22:13 | INFO | Timeout limit is increased to 1100
2024-04-16 22:13 | INFO | Query 14 Size of the uncertainty table is = 1063/1200
2024-04-16 22:13 | INFO | Query 14 Size of the filtered table is = 12
2024-04-16 22:13 | INFO | Query 14 Active Learning Runtime on Validation Set: 102541.76
2024-04-16 22:13 | INFO | Query 14 Active Learning Runtime on Test Set: 45232.01
2024-04-16 22:13 | INFO | Query 14 Active Learning Instance Cost: 23223.3
2024-04-16 22:13 | INFO | Timeout limit is increased to 1200
2024-04-16 22:13 | INFO | Query 15 Size of the uncertainty table is = 1053/1200
2024-04-16 22:13 | INFO | Query 15 Size of the filtered table is = 12
2024-04-16 22:13 | INFO | Query 15 Active Learning Runtime on Validation Set: 102541.77
2024-04-16 22:13 | INFO | Query 15 Active Learning Runtime on Test Set: 45231.91
2024-04-16 22:13 | INFO | Query 15 Active Learning Instance Cost: 27950.82
2024-04-16 22:13 | INFO | Timeout limit is increased to 1300
2024-04-16 22:13 | INFO | Query 16 Size of the uncertainty table is = 1045/1200
2024-04-16 22:13 | INFO | Query 16 Size of the filtered table is = 12
2024-04-16 22:13 | INFO | Query 16 Active Learning Runtime on Validation Set: 102541.76
2024-04-16 22:13 | INFO | Query 16 Active Learning Runtime on Test Set: 45232.04
2024-04-16 22:13 | INFO | Query 16 Active Learning Instance Cost: 35267.33
2024-04-16 22:13 | INFO | Query 17 Size of the uncertainty table is = 1037/1200
2024-04-16 22:13 | INFO | Query 17 Size of the filtered table is = 12
2024-04-16 22:13 | INFO | Query 17 Active Learning Runtime on Validation Set: 102541.76
2024-04-16 22:13 | INFO | Query 17 Active Learning Runtime on Test Set: 45231.97
2024-04-16 22:13 | INFO | Query 17 Active Learning Instance Cost: 50339.94
2024-04-16 22:13 | INFO | Timeout limit is increased to 1400
2024-04-16 22:13 | INFO | Query 18 Size of the uncertainty table is = 1031/1200
2024-04-16 22:13 | INFO | Query 18 Size of the filtered table is = 12
2024-04-16 22:13 | INFO | Query 18 Active Learning Runtime on Validation Set: 102541.76
2024-04-16 22:13 | INFO | Query 18 Active Learning Runtime on Test Set: 45232.0
2024-04-16 22:13 | INFO | Query 18 Active Learning Instance Cost: 52256.3
2024-04-16 22:13 | INFO | Timeout limit is increased to 1500
2024-04-16 22:13 | INFO | Query 19 Size of the uncertainty table is = 1022/1200
2024-04-16 22:13 | INFO | Query 19 Size of the filtered table is = 12
2024-04-16 22:13 | INFO | Query 19 Active Learning Runtime on Validation Set: 102541.76
2024-04-16 22:13 | INFO | Query 19 Active Learning Runtime on Test Set: 45232.04
2024-04-16 22:13 | INFO | Query 19 Active Learning Instance Cost: 53321.93
2024-04-16 22:13 | INFO | Timeout limit is increased to 1600
2024-04-16 22:13 | INFO | Query 20 Size of the uncertainty table is = 1012/1200
2024-04-16 22:13 | INFO | Query 20 Size of the filtered table is = 12
2024-04-16 22:13 | INFO | Query 20 Active Learning Runtime on Validation Set: 102541.76
2024-04-16 22:13 | INFO | Query 20 Active Learning Runtime on Test Set: 45232.02
2024-04-16 22:13 | INFO | Query 20 Active Learning Instance Cost: 53526.69
2024-04-16 22:13 | INFO | Timeout limit is increased to 1700
2024-04-16 22:13 | INFO | Query 21 Size of the uncertainty table is = 1001/1200
2024-04-16 22:13 | INFO | Query 21 Size of the filtered table is = 12
2024-04-16 22:13 | INFO | Query 21 Active Learning Runtime on Validation Set: 102541.76
2024-04-16 22:13 | INFO | Query 21 Active Learning Runtime on Test Set: 45231.92
2024-04-16 22:13 | INFO | Query 21 Active Learning Instance Cost: 59193.77
2024-04-16 22:13 | INFO | Timeout limit is increased to 1800
2024-04-16 22:13 | INFO | Query 22 Size of the uncertainty table is = 992/1200
2024-04-16 22:13 | INFO | Query 22 Size of the filtered table is = 12
2024-04-16 22:14 | INFO | Query 22 Active Learning Runtime on Validation Set: 102541.76
2024-04-16 22:14 | INFO | Query 22 Active Learning Runtime on Test Set: 45231.92
2024-04-16 22:14 | INFO | Query 22 Active Learning Instance Cost: 59800.87
2024-04-16 22:14 | INFO | Timeout limit is increased to 1900
2024-04-16 22:14 | INFO | Query 23 Size of the uncertainty table is = 983/1200
2024-04-16 22:14 | INFO | Query 23 Size of the filtered table is = 12
2024-04-16 22:14 | INFO | Query 23 Active Learning Runtime on Validation Set: 102541.76
2024-04-16 22:14 | INFO | Query 23 Active Learning Runtime on Test Set: 45231.92
2024-04-16 22:14 | INFO | Query 23 Active Learning Instance Cost: 65904.69
2024-04-16 22:14 | INFO | Timeout limit is increased to 2000
2024-04-16 22:14 | INFO | Query 24 Size of the uncertainty table is = 974/1200
2024-04-16 22:14 | INFO | Query 24 Size of the filtered table is = 12
2024-04-16 22:14 | INFO | Query 24 Active Learning Runtime on Validation Set: 102541.76
2024-04-16 22:14 | INFO | Query 24 Active Learning Runtime on Test Set: 45232.02
2024-04-16 22:14 | INFO | Query 24 Active Learning Instance Cost: 69061.77
2024-04-16 22:14 | INFO | Timeout limit is increased to 2100
2024-04-16 22:14 | INFO | Query 25 Size of the uncertainty table is = 966/1200
2024-04-16 22:14 | INFO | Query 25 Size of the filtered table is = 12
2024-04-16 22:14 | INFO | Query 25 Active Learning Runtime on Validation Set: 102541.76
2024-04-16 22:14 | INFO | Query 25 Active Learning Runtime on Test Set: 45232.02
2024-04-16 22:14 | INFO | Query 25 Active Learning Instance Cost: 70983.24
2024-04-16 22:14 | INFO | Timeout limit is increased to 2200
2024-04-16 22:14 | INFO | Query 26 Size of the uncertainty table is = 958/1200
2024-04-16 22:14 | INFO | Query 26 Size of the filtered table is = 12
2024-04-16 22:14 | INFO | Query 26 Active Learning Runtime on Validation Set: 102541.76
2024-04-16 22:14 | INFO | Query 26 Active Learning Runtime on Test Set: 45232.02
2024-04-16 22:14 | INFO | Query 26 Active Learning Instance Cost: 71622.17
2024-04-16 22:14 | INFO | Timeout limit is increased to 2300
2024-04-16 22:14 | INFO | Query 27 Size of the uncertainty table is = 949/1200
2024-04-16 22:14 | INFO | Query 27 Size of the filtered table is = 12
2024-04-16 22:14 | INFO | Query 27 Active Learning Runtime on Validation Set: 102541.76
2024-04-16 22:14 | INFO | Query 27 Active Learning Runtime on Test Set: 45231.95
2024-04-16 22:14 | INFO | Query 27 Active Learning Instance Cost: 72232.29
2024-04-16 22:14 | INFO | Timeout limit is increased to 2400
2024-04-16 22:14 | INFO | Query 28 Size of the uncertainty table is = 940/1200
2024-04-16 22:14 | INFO | Query 28 Size of the filtered table is = 12
2024-04-16 22:14 | INFO | Query 28 Active Learning Runtime on Validation Set: 102541.76
2024-04-16 22:14 | INFO | Query 28 Active Learning Runtime on Test Set: 45232.08
2024-04-16 22:14 | INFO | Query 28 Active Learning Instance Cost: 72645.88
2024-04-16 22:14 | INFO | Timeout limit is increased to 2500
2024-04-16 22:14 | INFO | Query 29 Size of the uncertainty table is = 930/1200
2024-04-16 22:14 | INFO | Query 29 Size of the filtered table is = 12
2024-04-16 22:14 | INFO | Query 29 Active Learning Runtime on Validation Set: 102541.76
2024-04-16 22:14 | INFO | Query 29 Active Learning Runtime on Test Set: 45232.15
2024-04-16 22:14 | INFO | Query 29 Active Learning Instance Cost: 73455.58
2024-04-16 22:14 | INFO | Timeout limit is increased to 2600
2024-04-16 22:14 | INFO | Query 30 Size of the uncertainty table is = 921/1200
2024-04-16 22:14 | INFO | Query 30 Size of the filtered table is = 12
2024-04-16 22:14 | INFO | Query 30 Active Learning Runtime on Validation Set: 102541.76
2024-04-16 22:14 | INFO | Query 30 Active Learning Runtime on Test Set: 45232.08
2024-04-16 22:14 | INFO | Query 30 Active Learning Instance Cost: 90173.75
2024-04-16 22:14 | INFO | Timeout limit is increased to 2700
2024-04-16 22:14 | INFO | Query 31 Size of the uncertainty table is = 912/1200
2024-04-16 22:14 | INFO | Query 31 Size of the filtered table is = 12
2024-04-16 22:14 | INFO | Query 31 Active Learning Runtime on Validation Set: 102541.76
2024-04-16 22:14 | INFO | Query 31 Active Learning Runtime on Test Set: 45232.11
2024-04-16 22:14 | INFO | Query 31 Active Learning Instance Cost: 95813.99
2024-04-16 22:14 | INFO | Timeout limit is increased to 2800
2024-04-16 22:14 | INFO | Query 32 Size of the uncertainty table is = 903/1200
2024-04-16 22:14 | INFO | Query 32 Size of the filtered table is = 12
2024-04-16 22:14 | INFO | Query 32 Active Learning Runtime on Validation Set: 102541.76
2024-04-16 22:14 | INFO | Query 32 Active Learning Runtime on Test Set: 45232.14
2024-04-16 22:14 | INFO | Query 32 Active Learning Instance Cost: 105757.16
2024-04-16 22:14 | INFO | Timeout limit is increased to 2900
2024-04-16 22:14 | INFO | Query 33 Size of the uncertainty table is = 895/1200
2024-04-16 22:14 | INFO | Query 33 Size of the filtered table is = 12
2024-04-16 22:14 | INFO | Query 33 Active Learning Runtime on Validation Set: 102541.76
2024-04-16 22:14 | INFO | Query 33 Active Learning Runtime on Test Set: 45232.29
2024-04-16 22:14 | INFO | Query 33 Active Learning Instance Cost: 115839.52
2024-04-16 22:14 | INFO | Timeout limit is increased to 3000
2024-04-16 22:14 | INFO | Query 34 Size of the uncertainty table is = 886/1200
2024-04-16 22:14 | INFO | Query 34 Size of the filtered table is = 12
2024-04-16 22:14 | INFO | Query 34 Active Learning Runtime on Validation Set: 102541.76
2024-04-16 22:14 | INFO | Query 34 Active Learning Runtime on Test Set: 45355.95
2024-04-16 22:14 | INFO | Query 34 Active Learning Instance Cost: 119607.04
2024-04-16 22:14 | INFO | Timeout limit is increased to 3100
2024-04-16 22:14 | INFO | Query 35 Size of the uncertainty table is = 876/1200
2024-04-16 22:14 | INFO | Query 35 Size of the filtered table is = 12
2024-04-16 22:15 | INFO | Query 35 Active Learning Runtime on Validation Set: 102541.76
2024-04-16 22:15 | INFO | Query 35 Active Learning Runtime on Test Set: 45355.88
2024-04-16 22:15 | INFO | Query 35 Active Learning Instance Cost: 123949.55
2024-04-16 22:15 | INFO | Timeout limit is increased to 3200
2024-04-16 22:15 | INFO | Query 36 Size of the uncertainty table is = 867/1200
2024-04-16 22:15 | INFO | Query 36 Size of the filtered table is = 12
2024-04-16 22:15 | INFO | Query 36 Active Learning Runtime on Validation Set: 102541.76
2024-04-16 22:15 | INFO | Query 36 Active Learning Runtime on Test Set: 45355.88
2024-04-16 22:15 | INFO | Query 36 Active Learning Instance Cost: 125802.67
2024-04-16 22:15 | INFO | Timeout limit is increased to 3300
2024-04-16 22:15 | INFO | Query 37 Size of the uncertainty table is = 858/1200
2024-04-16 22:15 | INFO | Query 37 Size of the filtered table is = 12
2024-04-16 22:15 | INFO | Query 37 Active Learning Runtime on Validation Set: 102541.76
2024-04-16 22:15 | INFO | Query 37 Active Learning Runtime on Test Set: 45356.38
2024-04-16 22:15 | INFO | Query 37 Active Learning Instance Cost: 126014.36
2024-04-16 22:15 | INFO | Timeout limit is increased to 3400
2024-04-16 22:15 | INFO | Query 38 Size of the uncertainty table is = 847/1200
2024-04-16 22:15 | INFO | Query 38 Size of the filtered table is = 12
2024-04-16 22:15 | INFO | Query 38 Active Learning Runtime on Validation Set: 102541.76
2024-04-16 22:15 | INFO | Query 38 Active Learning Runtime on Test Set: 45356.19
2024-04-16 22:15 | INFO | Query 38 Active Learning Instance Cost: 126027.27
2024-04-16 22:15 | INFO | Timeout limit is increased to 3500
2024-04-16 22:15 | INFO | Query 39 Size of the uncertainty table is = 835/1200
2024-04-16 22:15 | INFO | Query 39 Size of the filtered table is = 12
2024-04-16 22:15 | INFO | Query 39 Active Learning Runtime on Validation Set: 102541.76
2024-04-16 22:15 | INFO | Query 39 Active Learning Runtime on Test Set: 45355.95
2024-04-16 22:15 | INFO | Query 39 Active Learning Instance Cost: 126440.2
2024-04-16 22:15 | INFO | Timeout limit is increased to 3600
2024-04-16 22:15 | INFO | Query 40 Size of the uncertainty table is = 824/1200
2024-04-16 22:15 | INFO | Query 40 Size of the filtered table is = 12
2024-04-16 22:15 | INFO | Query 40 Active Learning Runtime on Validation Set: 102541.76
2024-04-16 22:15 | INFO | Query 40 Active Learning Runtime on Test Set: 45355.88
2024-04-16 22:15 | INFO | Query 40 Active Learning Instance Cost: 128250.68
2024-04-16 22:15 | INFO | Timeout limit is increased to 3600
2024-04-16 22:15 | INFO | Query 41 Size of the uncertainty table is = 807/1200
2024-04-16 22:15 | INFO | Query 41 Size of the filtered table is = 12
2024-04-16 22:15 | INFO | Query 41 Active Learning Runtime on Validation Set: 102541.76
2024-04-16 22:15 | INFO | Query 41 Active Learning Runtime on Test Set: 45355.95
2024-04-16 22:15 | INFO | Query 41 Active Learning Instance Cost: 128263.15
2024-04-16 22:15 | INFO | Timeout limit is increased to 3600
2024-04-16 22:15 | INFO | Query 42 Size of the uncertainty table is = 795/1200
2024-04-16 22:15 | INFO | Query 42 Size of the filtered table is = 12
2024-04-16 22:15 | INFO | Query 42 Active Learning Runtime on Validation Set: 102541.76
2024-04-16 22:15 | INFO | Query 42 Active Learning Runtime on Test Set: 9854.36
2024-04-16 22:15 | INFO | Query 42 Active Learning Instance Cost: 128278.64
2024-04-16 22:15 | INFO | Timeout limit is increased to 3600
2024-04-16 22:15 | INFO | Query 43 Size of the uncertainty table is = 783/1200
2024-04-16 22:15 | INFO | Query 43 Size of the filtered table is = 12
2024-04-16 22:15 | INFO | Query 43 Active Learning Runtime on Validation Set: 102541.76
2024-04-16 22:15 | INFO | Query 43 Active Learning Runtime on Test Set: 9854.43
2024-04-16 22:15 | INFO | Query 43 Active Learning Instance Cost: 128293.78
2024-04-16 22:15 | INFO | Timeout limit is increased to 3600
2024-04-16 22:15 | INFO | Query 44 Size of the uncertainty table is = 771/1200
2024-04-16 22:15 | INFO | Query 44 Size of the filtered table is = 12
2024-04-16 22:15 | INFO | Query 44 Active Learning Runtime on Validation Set: 102541.76
2024-04-16 22:15 | INFO | Query 44 Active Learning Runtime on Test Set: 9854.4
2024-04-16 22:15 | INFO | Query 44 Active Learning Instance Cost: 128306.26
2024-04-16 22:15 | INFO | Timeout limit is increased to 3600
2024-04-16 22:15 | INFO | Query 45 Size of the uncertainty table is = 759/1200
2024-04-16 22:15 | INFO | Query 45 Size of the filtered table is = 12
2024-04-16 22:15 | INFO | Query 45 Active Learning Runtime on Validation Set: 102541.76
2024-04-16 22:15 | INFO | Query 45 Active Learning Runtime on Test Set: 9854.51
2024-04-16 22:15 | INFO | Query 45 Active Learning Instance Cost: 128318.99
2024-04-16 22:15 | INFO | Timeout limit is increased to 3600
2024-04-16 22:15 | INFO | Query 46 Size of the uncertainty table is = 747/1200
2024-04-16 22:15 | INFO | Query 46 Size of the filtered table is = 12
2024-04-16 22:15 | INFO | Query 46 Active Learning Runtime on Validation Set: 102541.76
2024-04-16 22:15 | INFO | Query 46 Active Learning Runtime on Test Set: 9854.33
2024-04-16 22:15 | INFO | Query 46 Active Learning Instance Cost: 128333.34
2024-04-16 22:15 | INFO | Timeout limit is increased to 3600
2024-04-16 22:15 | INFO | Query 47 Size of the uncertainty table is = 735/1200
2024-04-16 22:15 | INFO | Query 47 Size of the filtered table is = 12
2024-04-16 22:15 | INFO | Query 47 Active Learning Runtime on Validation Set: 102541.76
2024-04-16 22:15 | INFO | Query 47 Active Learning Runtime on Test Set: 45355.95
2024-04-16 22:15 | INFO | Query 47 Active Learning Instance Cost: 128346.9
2024-04-16 22:15 | INFO | Timeout limit is increased to 3600
2024-04-16 22:15 | INFO | Query 48 Size of the uncertainty table is = 723/1200
2024-04-16 22:15 | INFO | Query 48 Size of the filtered table is = 12
2024-04-16 22:16 | INFO | Query 48 Active Learning Runtime on Validation Set: 102541.76
2024-04-16 22:16 | INFO | Query 48 Active Learning Runtime on Test Set: 45355.95
2024-04-16 22:16 | INFO | Query 48 Active Learning Instance Cost: 128362.64
2024-04-16 22:16 | INFO | Timeout limit is increased to 3600
2024-04-16 22:16 | INFO | Query 49 Size of the uncertainty table is = 711/1200
2024-04-16 22:16 | INFO | Query 49 Size of the filtered table is = 12
2024-04-16 22:16 | INFO | Query 49 Active Learning Runtime on Validation Set: 102541.76
2024-04-16 22:16 | INFO | Query 49 Active Learning Runtime on Test Set: 45355.88
2024-04-16 22:16 | INFO | Query 49 Active Learning Instance Cost: 133853.65
2024-04-16 22:16 | INFO | Timeout limit is increased to 3600
2024-04-16 22:16 | INFO | Query 50 Size of the uncertainty table is = 699/1200
2024-04-16 22:16 | INFO | Query 50 Size of the filtered table is = 12
2024-04-16 22:16 | INFO | Query 50 Active Learning Runtime on Validation Set: 102541.76
2024-04-16 22:16 | INFO | Query 50 Active Learning Runtime on Test Set: 45355.99
2024-04-16 22:16 | INFO | Query 50 Active Learning Instance Cost: 137778.53
2024-04-16 22:16 | INFO | Timeout limit is increased to 3600
2024-04-16 22:16 | INFO | Query 51 Size of the uncertainty table is = 687/1200
2024-04-16 22:16 | INFO | Query 51 Size of the filtered table is = 12
2024-04-16 22:16 | INFO | Query 51 Active Learning Runtime on Validation Set: 102541.76
2024-04-16 22:16 | INFO | Query 51 Active Learning Runtime on Test Set: 45355.93
2024-04-16 22:16 | INFO | Query 51 Active Learning Instance Cost: 137793.39
2024-04-16 22:16 | INFO | Timeout limit is increased to 3600
2024-04-16 22:16 | INFO | Query 52 Size of the uncertainty table is = 675/1200
2024-04-16 22:16 | INFO | Query 52 Size of the filtered table is = 12
2024-04-16 22:16 | INFO | Query 52 Active Learning Runtime on Validation Set: 102541.76
2024-04-16 22:16 | INFO | Query 52 Active Learning Runtime on Test Set: 45355.88
2024-04-16 22:16 | INFO | Query 52 Active Learning Instance Cost: 137804.21
2024-04-16 22:16 | INFO | Timeout limit is increased to 3600
2024-04-16 22:16 | INFO | Query 53 Size of the uncertainty table is = 663/1200
2024-04-16 22:16 | INFO | Query 53 Size of the filtered table is = 12
2024-04-16 22:16 | INFO | Query 53 Active Learning Runtime on Validation Set: 102541.76
2024-04-16 22:16 | INFO | Query 53 Active Learning Runtime on Test Set: 45355.88
2024-04-16 22:16 | INFO | Query 53 Active Learning Instance Cost: 144009.4
2024-04-16 22:16 | INFO | Timeout limit is increased to 3600
2024-04-16 22:16 | INFO | Query 54 Size of the uncertainty table is = 651/1200
2024-04-16 22:16 | INFO | Query 54 Size of the filtered table is = 12
2024-04-16 22:16 | INFO | Query 54 Active Learning Runtime on Validation Set: 102541.76
2024-04-16 22:16 | INFO | Query 54 Active Learning Runtime on Test Set: 45356.2
2024-04-16 22:16 | INFO | Query 54 Active Learning Instance Cost: 145724.09
2024-04-16 22:16 | INFO | Timeout limit is increased to 3600
2024-04-16 22:16 | INFO | Query 55 Size of the uncertainty table is = 639/1200
2024-04-16 22:16 | INFO | Query 55 Size of the filtered table is = 12
2024-04-16 22:16 | INFO | Query 55 Active Learning Runtime on Validation Set: 102541.76
2024-04-16 22:16 | INFO | Query 55 Active Learning Runtime on Test Set: 45355.91
2024-04-16 22:16 | INFO | Query 55 Active Learning Instance Cost: 145726.57
2024-04-16 22:16 | INFO | Timeout limit is increased to 3600
2024-04-16 22:16 | INFO | Query 56 Size of the uncertainty table is = 627/1200
2024-04-16 22:16 | INFO | Query 56 Size of the filtered table is = 12
2024-04-16 22:16 | INFO | Query 56 Active Learning Runtime on Validation Set: 102541.76
2024-04-16 22:16 | INFO | Query 56 Active Learning Runtime on Test Set: 45355.9
2024-04-16 22:16 | INFO | Query 56 Active Learning Instance Cost: 145730.5
2024-04-16 22:16 | INFO | Timeout limit is increased to 3600
2024-04-16 22:16 | INFO | Query 57 Size of the uncertainty table is = 615/1200
2024-04-16 22:16 | INFO | Query 57 Size of the filtered table is = 12
2024-04-16 22:16 | INFO | Query 57 Active Learning Runtime on Validation Set: 102541.76
2024-04-16 22:16 | INFO | Query 57 Active Learning Runtime on Test Set: 45356.11
2024-04-16 22:16 | INFO | Query 57 Active Learning Instance Cost: 145735.92
2024-04-16 22:16 | INFO | Timeout limit is increased to 3600
2024-04-16 22:16 | INFO | Query 58 Size of the uncertainty table is = 603/1200
2024-04-16 22:16 | INFO | Query 58 Size of the filtered table is = 12
2024-04-16 22:16 | INFO | Query 58 Active Learning Runtime on Validation Set: 102541.76
2024-04-16 22:16 | INFO | Query 58 Active Learning Runtime on Test Set: 45355.91
2024-04-16 22:16 | INFO | Query 58 Active Learning Instance Cost: 145761.69
2024-04-16 22:16 | INFO | Timeout limit is increased to 3600
2024-04-16 22:16 | INFO | Query 59 Size of the uncertainty table is = 591/1200
2024-04-16 22:16 | INFO | Query 59 Size of the filtered table is = 12
2024-04-16 22:16 | INFO | Query 59 Active Learning Runtime on Validation Set: 102541.76
2024-04-16 22:16 | INFO | Query 59 Active Learning Runtime on Test Set: 45356.0
2024-04-16 22:16 | INFO | Query 59 Active Learning Instance Cost: 146280.82
2024-04-16 22:16 | INFO | Timeout limit is increased to 3600
2024-04-16 22:16 | INFO | Query 60 Size of the uncertainty table is = 579/1200
2024-04-16 22:16 | INFO | Query 60 Size of the filtered table is = 12
2024-04-16 22:17 | INFO | Query 60 Active Learning Runtime on Validation Set: 102541.76
2024-04-16 22:17 | INFO | Query 60 Active Learning Runtime on Test Set: 45355.81
2024-04-16 22:17 | INFO | Query 60 Active Learning Instance Cost: 146375.75
2024-04-16 22:17 | INFO | Timeout limit is increased to 3600
2024-04-16 22:17 | INFO | Query 61 Size of the uncertainty table is = 567/1200
2024-04-16 22:17 | INFO | Query 61 Size of the filtered table is = 12
2024-04-16 22:17 | INFO | Query 61 Active Learning Runtime on Validation Set: 102541.76
2024-04-16 22:17 | INFO | Query 61 Active Learning Runtime on Test Set: 45356.51
2024-04-16 22:17 | INFO | Query 61 Active Learning Instance Cost: 150972.87
2024-04-16 22:17 | INFO | Timeout limit is increased to 3600
2024-04-16 22:17 | INFO | Query 62 Size of the uncertainty table is = 555/1200
2024-04-16 22:17 | INFO | Query 62 Size of the filtered table is = 12
2024-04-16 22:17 | INFO | Query 62 Active Learning Runtime on Validation Set: 102541.76
2024-04-16 22:17 | INFO | Query 62 Active Learning Runtime on Test Set: 45355.85
2024-04-16 22:17 | INFO | Query 62 Active Learning Instance Cost: 150977.86
2024-04-16 22:17 | INFO | Timeout limit is increased to 3600
2024-04-16 22:17 | INFO | Query 63 Size of the uncertainty table is = 543/1200
2024-04-16 22:17 | INFO | Query 63 Size of the filtered table is = 12
2024-04-16 22:17 | INFO | Query 63 Active Learning Runtime on Validation Set: 102541.76
2024-04-16 22:17 | INFO | Query 63 Active Learning Runtime on Test Set: 45355.79
2024-04-16 22:17 | INFO | Query 63 Active Learning Instance Cost: 150983.18
2024-04-16 22:17 | INFO | Timeout limit is increased to 3600
2024-04-16 22:17 | INFO | Query 64 Size of the uncertainty table is = 531/1200
2024-04-16 22:17 | INFO | Query 64 Size of the filtered table is = 12
2024-04-16 22:17 | INFO | Query 64 Active Learning Runtime on Validation Set: 102541.76
2024-04-16 22:17 | INFO | Query 64 Active Learning Runtime on Test Set: 45355.93
2024-04-16 22:17 | INFO | Query 64 Active Learning Instance Cost: 158913.01
2024-04-16 22:17 | INFO | Timeout limit is increased to 3600
2024-04-16 22:17 | INFO | Query 65 Size of the uncertainty table is = 519/1200
2024-04-16 22:17 | INFO | Query 65 Size of the filtered table is = 12
2024-04-16 22:17 | INFO | Query 65 Active Learning Runtime on Validation Set: 102541.76
2024-04-16 22:17 | INFO | Query 65 Active Learning Runtime on Test Set: 9854.28
2024-04-16 22:17 | INFO | Query 65 Active Learning Instance Cost: 162604.42
2024-04-16 22:17 | INFO | Timeout limit is increased to 3600
2024-04-16 22:17 | INFO | Query 66 Size of the uncertainty table is = 507/1200
2024-04-16 22:17 | INFO | Query 66 Size of the filtered table is = 12
2024-04-16 22:17 | INFO | Query 66 Active Learning Runtime on Validation Set: 102541.76
2024-04-16 22:17 | INFO | Query 66 Active Learning Runtime on Test Set: 45355.85
2024-04-16 22:17 | INFO | Query 66 Active Learning Instance Cost: 162606.17
2024-04-16 22:17 | INFO | Timeout limit is increased to 3600
2024-04-16 22:17 | INFO | Query 67 Size of the uncertainty table is = 495/1200
2024-04-16 22:17 | INFO | Query 67 Size of the filtered table is = 12
2024-04-16 22:17 | INFO | Query 67 Active Learning Runtime on Validation Set: 102541.76
2024-04-16 22:17 | INFO | Query 67 Active Learning Runtime on Test Set: 45355.82
2024-04-16 22:17 | INFO | Query 67 Active Learning Instance Cost: 162633.04
2024-04-16 22:17 | INFO | Timeout limit is increased to 3600
2024-04-16 22:17 | INFO | Query 68 Size of the uncertainty table is = 483/1200
2024-04-16 22:17 | INFO | Query 68 Size of the filtered table is = 12
2024-04-16 22:17 | INFO | Query 68 Active Learning Runtime on Validation Set: 102541.76
2024-04-16 22:17 | INFO | Query 68 Active Learning Runtime on Test Set: 45356.14
2024-04-16 22:17 | INFO | Query 68 Active Learning Instance Cost: 162634.21
2024-04-16 22:17 | INFO | Timeout limit is increased to 3600
2024-04-16 22:17 | INFO | Query 69 Size of the uncertainty table is = 471/1200
2024-04-16 22:17 | INFO | Query 69 Size of the filtered table is = 12
2024-04-16 22:17 | INFO | Query 69 Active Learning Runtime on Validation Set: 102541.76
2024-04-16 22:17 | INFO | Query 69 Active Learning Runtime on Test Set: 45355.82
2024-04-16 22:17 | INFO | Query 69 Active Learning Instance Cost: 166398.33
2024-04-16 22:17 | INFO | Timeout limit is increased to 3600
2024-04-16 22:17 | INFO | Query 70 Size of the uncertainty table is = 459/1200
2024-04-16 22:17 | INFO | Query 70 Size of the filtered table is = 12
2024-04-16 22:17 | INFO | Query 70 Active Learning Runtime on Validation Set: 102541.76
2024-04-16 22:17 | INFO | Query 70 Active Learning Runtime on Test Set: 45355.85
2024-04-16 22:17 | INFO | Query 70 Active Learning Instance Cost: 176328.19
2024-04-16 22:17 | INFO | Timeout limit is increased to 3600
2024-04-16 22:17 | INFO | Query 71 Size of the uncertainty table is = 447/1200
2024-04-16 22:17 | INFO | Query 71 Size of the filtered table is = 12
2024-04-16 22:17 | INFO | Query 71 Active Learning Runtime on Validation Set: 102541.76
2024-04-16 22:17 | INFO | Query 71 Active Learning Runtime on Test Set: 45355.86
2024-04-16 22:17 | INFO | Query 71 Active Learning Instance Cost: 195267.35
2024-04-16 22:17 | INFO | Timeout limit is increased to 3600
2024-04-16 22:17 | INFO | Query 72 Size of the uncertainty table is = 435/1200
2024-04-16 22:17 | INFO | Query 72 Size of the filtered table is = 12
2024-04-16 22:17 | INFO | Query 72 Active Learning Runtime on Validation Set: 102541.76
2024-04-16 22:17 | INFO | Query 72 Active Learning Runtime on Test Set: 45285.47
2024-04-16 22:17 | INFO | Query 72 Active Learning Instance Cost: 195412.07
2024-04-16 22:17 | INFO | Timeout limit is increased to 3600
2024-04-16 22:17 | INFO | Query 73 Size of the uncertainty table is = 423/1200
2024-04-16 22:17 | INFO | Query 73 Size of the filtered table is = 12
2024-04-16 22:18 | INFO | Query 73 Active Learning Runtime on Validation Set: 102541.76
2024-04-16 22:18 | INFO | Query 73 Active Learning Runtime on Test Set: 45285.46
2024-04-16 22:18 | INFO | Query 73 Active Learning Instance Cost: 202712.28
2024-04-16 22:18 | INFO | Timeout limit is increased to 3600
2024-04-16 22:18 | INFO | Query 74 Size of the uncertainty table is = 411/1200
2024-04-16 22:18 | INFO | Query 74 Size of the filtered table is = 12
2024-04-16 22:18 | INFO | Query 74 Active Learning Runtime on Validation Set: 102541.76
2024-04-16 22:18 | INFO | Query 74 Active Learning Runtime on Test Set: 45285.5
2024-04-16 22:18 | INFO | Query 74 Active Learning Instance Cost: 204345.41
2024-04-16 22:18 | INFO | Timeout limit is increased to 3600
2024-04-16 22:18 | INFO | Query 75 Size of the uncertainty table is = 399/1200
2024-04-16 22:18 | INFO | Query 75 Size of the filtered table is = 12
2024-04-16 22:18 | INFO | Query 75 Active Learning Runtime on Validation Set: 102541.76
2024-04-16 22:18 | INFO | Query 75 Active Learning Runtime on Test Set: 45285.46
2024-04-16 22:18 | INFO | Query 75 Active Learning Instance Cost: 204349.74
2024-04-16 22:18 | INFO | Timeout limit is increased to 3600
2024-04-16 22:18 | INFO | Query 76 Size of the uncertainty table is = 387/1200
2024-04-16 22:18 | INFO | Query 76 Size of the filtered table is = 12
2024-04-16 22:18 | INFO | Query 76 Active Learning Runtime on Validation Set: 102541.76
2024-04-16 22:18 | INFO | Query 76 Active Learning Runtime on Test Set: 45285.46
2024-04-16 22:18 | INFO | Query 76 Active Learning Instance Cost: 240758.4
2024-04-16 22:18 | INFO | Timeout limit is increased to 3600
2024-04-16 22:18 | INFO | Query 77 Size of the uncertainty table is = 375/1200
2024-04-16 22:18 | INFO | Query 77 Size of the filtered table is = 12
2024-04-16 22:18 | INFO | Query 77 Active Learning Runtime on Validation Set: 102541.76
2024-04-16 22:18 | INFO | Query 77 Active Learning Runtime on Test Set: 45285.45
2024-04-16 22:18 | INFO | Query 77 Active Learning Instance Cost: 249059.64
2024-04-16 22:18 | INFO | Timeout limit is increased to 3600
2024-04-16 22:18 | INFO | Query 78 Size of the uncertainty table is = 363/1200
2024-04-16 22:18 | INFO | Query 78 Size of the filtered table is = 12
2024-04-16 22:18 | INFO | Query 78 Active Learning Runtime on Validation Set: 102541.76
2024-04-16 22:18 | INFO | Query 78 Active Learning Runtime on Test Set: 45285.51
2024-04-16 22:18 | INFO | Query 78 Active Learning Instance Cost: 281892.81
2024-04-16 22:18 | INFO | Timeout limit is increased to 3600
2024-04-16 22:18 | INFO | Query 79 Size of the uncertainty table is = 351/1200
2024-04-16 22:18 | INFO | Query 79 Size of the filtered table is = 12
2024-04-16 22:18 | INFO | Query 79 Active Learning Runtime on Validation Set: 102541.76
2024-04-16 22:18 | INFO | Query 79 Active Learning Runtime on Test Set: 45285.42
2024-04-16 22:18 | INFO | Query 79 Active Learning Instance Cost: 288523.2
2024-04-16 22:18 | INFO | Timeout limit is increased to 3600
2024-04-16 22:18 | INFO | Query 80 Size of the uncertainty table is = 339/1200
2024-04-16 22:18 | INFO | Query 80 Size of the filtered table is = 12
2024-04-16 22:18 | INFO | Query 80 Active Learning Runtime on Validation Set: 102541.76
2024-04-16 22:18 | INFO | Query 80 Active Learning Runtime on Test Set: 45285.46
2024-04-16 22:18 | INFO | Query 80 Active Learning Instance Cost: 288601.13
2024-04-16 22:18 | INFO | Timeout limit is increased to 3600
2024-04-16 22:18 | INFO | Query 81 Size of the uncertainty table is = 327/1200
2024-04-16 22:18 | INFO | Query 81 Size of the filtered table is = 12
2024-04-16 22:18 | INFO | Query 81 Active Learning Runtime on Validation Set: 102541.76
2024-04-16 22:18 | INFO | Query 81 Active Learning Runtime on Test Set: 45285.5
2024-04-16 22:18 | INFO | Query 81 Active Learning Instance Cost: 305663.87
2024-04-16 22:18 | INFO | Timeout limit is increased to 3600
2024-04-16 22:18 | INFO | Query 82 Size of the uncertainty table is = 315/1200
2024-04-16 22:18 | INFO | Query 82 Size of the filtered table is = 12
2024-04-16 22:18 | INFO | Query 82 Active Learning Runtime on Validation Set: 102541.76
2024-04-16 22:18 | INFO | Query 82 Active Learning Runtime on Test Set: 45285.45
2024-04-16 22:18 | INFO | Query 82 Active Learning Instance Cost: 305808.99
2024-04-16 22:18 | INFO | Timeout limit is increased to 3600
2024-04-16 22:18 | INFO | Query 83 Size of the uncertainty table is = 303/1200
2024-04-16 22:18 | INFO | Query 83 Size of the filtered table is = 12
2024-04-16 22:18 | INFO | Query 83 Active Learning Runtime on Validation Set: 102541.76
2024-04-16 22:18 | INFO | Query 83 Active Learning Runtime on Test Set: 45285.44
2024-04-16 22:18 | INFO | Query 83 Active Learning Instance Cost: 307230.82
2024-04-16 22:18 | INFO | Timeout limit is increased to 3600
2024-04-16 22:18 | INFO | Query 84 Size of the uncertainty table is = 291/1200
2024-04-16 22:18 | INFO | Query 84 Size of the filtered table is = 12
2024-04-16 22:18 | INFO | Query 84 Active Learning Runtime on Validation Set: 102541.76
2024-04-16 22:18 | INFO | Query 84 Active Learning Runtime on Test Set: 45285.45
2024-04-16 22:18 | INFO | Query 84 Active Learning Instance Cost: 318996.13
2024-04-16 22:18 | INFO | Timeout limit is increased to 3600
2024-04-16 22:18 | INFO | Query 85 Size of the uncertainty table is = 279/1200
2024-04-16 22:18 | INFO | Query 85 Size of the filtered table is = 12
2024-04-16 22:19 | INFO | Query 85 Active Learning Runtime on Validation Set: 102541.76
2024-04-16 22:19 | INFO | Query 85 Active Learning Runtime on Test Set: 45285.44
2024-04-16 22:19 | INFO | Query 85 Active Learning Instance Cost: 322334.06
2024-04-16 22:19 | INFO | Timeout limit is increased to 3600
2024-04-16 22:19 | INFO | Query 86 Size of the uncertainty table is = 267/1200
2024-04-16 22:19 | INFO | Query 86 Size of the filtered table is = 12
2024-04-16 22:19 | INFO | Query 86 Active Learning Runtime on Validation Set: 102541.76
2024-04-16 22:19 | INFO | Query 86 Active Learning Runtime on Test Set: 45285.45
2024-04-16 22:19 | INFO | Query 86 Active Learning Instance Cost: 323609.82
2024-04-16 22:19 | INFO | Timeout limit is increased to 3600
2024-04-16 22:19 | INFO | Query 87 Size of the uncertainty table is = 255/1200
2024-04-16 22:19 | INFO | Query 87 Size of the filtered table is = 12
2024-04-16 22:19 | INFO | Query 87 Active Learning Runtime on Validation Set: 102541.76
2024-04-16 22:19 | INFO | Query 87 Active Learning Runtime on Test Set: 45285.35
2024-04-16 22:19 | INFO | Query 87 Active Learning Instance Cost: 334702.61
2024-04-16 22:19 | INFO | Timeout limit is increased to 3600
2024-04-16 22:19 | INFO | Query 88 Size of the uncertainty table is = 243/1200
2024-04-16 22:19 | INFO | Query 88 Size of the filtered table is = 12
2024-04-16 22:19 | INFO | Query 88 Active Learning Runtime on Validation Set: 102541.76
2024-04-16 22:19 | INFO | Query 88 Active Learning Runtime on Test Set: 45285.46
2024-04-16 22:19 | INFO | Query 88 Active Learning Instance Cost: 338384.93
2024-04-16 22:19 | INFO | Timeout limit is increased to 3600
2024-04-16 22:19 | INFO | Query 89 Size of the uncertainty table is = 231/1200
2024-04-16 22:19 | INFO | Query 89 Size of the filtered table is = 12
2024-04-16 22:19 | INFO | Query 89 Active Learning Runtime on Validation Set: 102541.76
2024-04-16 22:19 | INFO | Query 89 Active Learning Runtime on Test Set: 45285.49
2024-04-16 22:19 | INFO | Query 89 Active Learning Instance Cost: 342368.68
2024-04-16 22:19 | INFO | Timeout limit is increased to 3600
2024-04-16 22:19 | INFO | Query 90 Size of the uncertainty table is = 219/1200
2024-04-16 22:19 | INFO | Query 90 Size of the filtered table is = 12
2024-04-16 22:19 | INFO | Query 90 Active Learning Runtime on Validation Set: 102541.76
2024-04-16 22:19 | INFO | Query 90 Active Learning Runtime on Test Set: 45285.49
2024-04-16 22:19 | INFO | Query 90 Active Learning Instance Cost: 352000.43
2024-04-16 22:19 | INFO | Timeout limit is increased to 3600
2024-04-16 22:19 | INFO | Query 91 Size of the uncertainty table is = 207/1200
2024-04-16 22:19 | INFO | Query 91 Size of the filtered table is = 12
2024-04-16 22:19 | INFO | Query 91 Active Learning Runtime on Validation Set: 102541.76
2024-04-16 22:19 | INFO | Query 91 Active Learning Runtime on Test Set: 45285.45
2024-04-16 22:19 | INFO | Query 91 Active Learning Instance Cost: 352008.01
2024-04-16 22:19 | INFO | Timeout limit is increased to 3600
2024-04-16 22:19 | INFO | Query 92 Size of the uncertainty table is = 195/1200
2024-04-16 22:19 | INFO | Query 92 Size of the filtered table is = 12
2024-04-16 22:19 | INFO | Query 92 Active Learning Runtime on Validation Set: 102541.76
2024-04-16 22:19 | INFO | Query 92 Active Learning Runtime on Test Set: 45285.66
2024-04-16 22:19 | INFO | Query 92 Active Learning Instance Cost: 359872.54
2024-04-16 22:19 | INFO | Timeout limit is increased to 3600
2024-04-16 22:19 | INFO | Query 93 Size of the uncertainty table is = 183/1200
2024-04-16 22:19 | INFO | Query 93 Size of the filtered table is = 12
2024-04-16 22:19 | INFO | Query 93 Active Learning Runtime on Validation Set: 102541.76
2024-04-16 22:19 | INFO | Query 93 Active Learning Runtime on Test Set: 45285.73
2024-04-16 22:19 | INFO | Query 93 Active Learning Instance Cost: 373411.43
2024-04-16 22:19 | INFO | Timeout limit is increased to 3600
2024-04-16 22:19 | INFO | Query 94 Size of the uncertainty table is = 171/1200
2024-04-16 22:19 | INFO | Query 94 Size of the filtered table is = 12
2024-04-16 22:19 | INFO | Query 94 Active Learning Runtime on Validation Set: 102541.76
2024-04-16 22:19 | INFO | Query 94 Active Learning Runtime on Test Set: 45285.66
2024-04-16 22:19 | INFO | Query 94 Active Learning Instance Cost: 380686.63
2024-04-16 22:19 | INFO | Timeout limit is increased to 3600
2024-04-16 22:19 | INFO | Query 95 Size of the uncertainty table is = 159/1200
2024-04-16 22:19 | INFO | Query 95 Size of the filtered table is = 12
2024-04-16 22:19 | INFO | Query 95 Active Learning Runtime on Validation Set: 102541.76
2024-04-16 22:19 | INFO | Query 95 Active Learning Runtime on Test Set: 45285.71
2024-04-16 22:19 | INFO | Query 95 Active Learning Instance Cost: 409726.97
2024-04-16 22:19 | INFO | Timeout limit is increased to 3600
2024-04-16 22:19 | INFO | Query 96 Size of the uncertainty table is = 147/1200
2024-04-16 22:19 | INFO | Query 96 Size of the filtered table is = 12
2024-04-16 22:19 | INFO | Query 96 Active Learning Runtime on Validation Set: 102541.76
2024-04-16 22:19 | INFO | Query 96 Active Learning Runtime on Test Set: 45285.46
2024-04-16 22:19 | INFO | Query 96 Active Learning Instance Cost: 427926.53
2024-04-16 22:19 | INFO | Timeout limit is increased to 3600
2024-04-16 22:19 | INFO | Query 97 Size of the uncertainty table is = 135/1200
2024-04-16 22:19 | INFO | Query 97 Size of the filtered table is = 12
2024-04-16 22:20 | INFO | Query 97 Active Learning Runtime on Validation Set: 102541.76
2024-04-16 22:20 | INFO | Query 97 Active Learning Runtime on Test Set: 45285.63
2024-04-16 22:20 | INFO | Query 97 Active Learning Instance Cost: 450404.8
2024-04-16 22:20 | INFO | Timeout limit is increased to 3600
2024-04-16 22:20 | INFO | Query 98 Size of the uncertainty table is = 123/1200
2024-04-16 22:20 | INFO | Query 98 Size of the filtered table is = 12
2024-04-16 22:20 | INFO | Query 98 Active Learning Runtime on Validation Set: 102541.76
2024-04-16 22:20 | INFO | Query 98 Active Learning Runtime on Test Set: 45285.56
2024-04-16 22:20 | INFO | Query 98 Active Learning Instance Cost: 452505.35
2024-04-16 22:20 | INFO | Timeout limit is increased to 3600
2024-04-16 22:20 | INFO | Query 99 Size of the uncertainty table is = 111/1200
2024-04-16 22:20 | INFO | Query 99 Size of the filtered table is = 12
2024-04-16 22:20 | INFO | Query 99 Active Learning Runtime on Validation Set: 102541.76
2024-04-16 22:20 | INFO | Query 99 Active Learning Runtime on Test Set: 45285.63
2024-04-16 22:20 | INFO | Query 99 Active Learning Instance Cost: 471426.05
2024-04-16 22:20 | INFO | Timeout limit is increased to 3600
2024-04-16 22:20 | INFO | Query 100 Size of the uncertainty table is = 99/1200
2024-04-16 22:20 | INFO | Query 100 Size of the filtered table is = 12
2024-04-16 22:20 | INFO | Query 100 Active Learning Runtime on Validation Set: 102541.76
2024-04-16 22:20 | INFO | Query 100 Active Learning Runtime on Test Set: 45285.45
2024-04-16 22:20 | INFO | Query 100 Active Learning Instance Cost: 485487.96
2024-04-16 22:20 | INFO | Timeout limit is increased to 3600
2024-04-16 22:20 | INFO | Query 101 Size of the uncertainty table is = 87/1200
2024-04-16 22:20 | INFO | Query 101 Size of the filtered table is = 12
2024-04-16 22:20 | INFO | Query 101 Active Learning Runtime on Validation Set: 102541.76
2024-04-16 22:20 | INFO | Query 101 Active Learning Runtime on Test Set: 45285.44
2024-04-16 22:20 | INFO | Query 101 Active Learning Instance Cost: 499761.41
2024-04-16 22:20 | INFO | Timeout limit is increased to 3600
2024-04-16 22:20 | INFO | Query 102 Size of the uncertainty table is = 75/1200
2024-04-16 22:20 | INFO | Query 102 Size of the filtered table is = 12
2024-04-16 22:20 | INFO | Query 102 Active Learning Runtime on Validation Set: 102541.76
2024-04-16 22:20 | INFO | Query 102 Active Learning Runtime on Test Set: 45285.73
2024-04-16 22:20 | INFO | Query 102 Active Learning Instance Cost: 513304.48
2024-04-16 22:20 | INFO | Timeout limit is increased to 3600
2024-04-16 22:20 | INFO | Query 103 Size of the uncertainty table is = 63/1200
2024-04-16 22:20 | INFO | Query 103 Size of the filtered table is = 12
2024-04-16 22:20 | INFO | Query 103 Active Learning Runtime on Validation Set: 102541.76
2024-04-16 22:20 | INFO | Query 103 Active Learning Runtime on Test Set: 45285.58
2024-04-16 22:20 | INFO | Query 103 Active Learning Instance Cost: 514683.14
2024-04-16 22:20 | INFO | Timeout limit is increased to 3600
2024-04-16 22:20 | INFO | Query 104 Size of the uncertainty table is = 51/1200
2024-04-16 22:20 | INFO | Query 104 Size of the filtered table is = 12
2024-04-16 22:20 | INFO | Query 104 Active Learning Runtime on Validation Set: 102541.76
2024-04-16 22:20 | INFO | Query 104 Active Learning Runtime on Test Set: 45285.64
2024-04-16 22:20 | INFO | Query 104 Active Learning Instance Cost: 521363.03
2024-04-16 22:20 | INFO | Timeout limit is increased to 3600
2024-04-16 22:20 | INFO | Query 105 Size of the uncertainty table is = 39/1200
2024-04-16 22:20 | INFO | Query 105 Size of the filtered table is = 12
2024-04-16 22:20 | INFO | Query 105 Active Learning Runtime on Validation Set: 102541.76
2024-04-16 22:20 | INFO | Query 105 Active Learning Runtime on Test Set: 45285.49
2024-04-16 22:20 | INFO | Query 105 Active Learning Instance Cost: 529892.22
2024-04-16 22:20 | INFO | Timeout limit is increased to 3600
2024-04-16 22:20 | INFO | Query 106 Size of the uncertainty table is = 27/1200
2024-04-16 22:20 | INFO | Query 106 Size of the filtered table is = 12
2024-04-16 22:20 | INFO | Query 106 Active Learning Runtime on Validation Set: 102541.76
2024-04-16 22:20 | INFO | Query 106 Active Learning Runtime on Test Set: 45285.49
2024-04-16 22:20 | INFO | Query 106 Active Learning Instance Cost: 544722.41
2024-04-16 22:20 | INFO | Timeout limit is increased to 3600
2024-04-16 22:20 | INFO | Query 107 Size of the uncertainty table is = 15/1200
2024-04-16 22:20 | INFO | Query 107 Size of the filtered table is = 12
2024-04-16 22:20 | INFO | Query 107 Active Learning Runtime on Validation Set: 102541.76
2024-04-16 22:20 | INFO | Query 107 Active Learning Runtime on Test Set: 45285.49
2024-04-16 22:20 | INFO | Query 107 Active Learning Instance Cost: 546473.22
2024-04-16 22:20 | INFO | Timeout limit is increased to 3600
2024-04-16 22:20 | INFO | Query 108 Size of the uncertainty table is = 3/1200
2024-04-16 22:20 | INFO | Query 108 Size of the filtered table is = 3
2024-04-16 22:20 | INFO | Query 108 Active Learning Runtime on Validation Set: 102541.76
2024-04-16 22:20 | INFO | Query 108 Active Learning Runtime on Test Set: 45285.52
2024-04-16 22:20 | INFO | Query 108 Active Learning Instance Cost: 546760.71
2024-04-16 22:20 | INFO | Timeout limit is increased to 3600
2024-04-16 22:20 | INFO | runtime_test_score is written as json file
2024-04-16 22:20 | INFO | runtime_validation_score is written as json file
2024-04-16 22:20 | INFO | instance_cost is written as json file
2024-04-16 22:20 | INFO | Experiment is finished
