2024-04-17 17:52 | INFO | Paramaters are: {'dataset': 'CPMP-2015', 'penalty': 10, 'weight': 'No_Weight', 'voting': 'Hard', 'pre_selection_size': 64, 'pre_selection_technique': 'No_pre_selection', 'feature_elimination_threshold': 20, 'imputer_strategy': 'median', 'feature_selection_technique': 'No_feature_selection', 'feature_scaling_technique': 'StandardScaler', 'initial_train_size': 20, 'query_size': 1, 'timeout_predictor_usage': 'Yes', 'timeout_limit': 100, 'timeout_increase_rate': 100, 'RANDOM_STATE_SEED': 42, 'n_splits': 10, 'split_number': 4, 'max_timeout': 3600, 'param_grid': {'n_estimators': 100, 'criterion': 'gini', 'max_features': 'sqrt', 'max_depth': 2147483648, 'min_samples_split': 2, 'bootstrap': True}}
2024-04-17 17:52 | INFO | CPMP-2015 is current dataset
2024-04-17 17:52 | INFO | DATASETS/CPMP-2015/algorithm_runs.csv is found
2024-04-17 17:52 | INFO | DATASETS/CPMP-2015/algorithm_runs.csv is finished
2024-04-17 17:52 | INFO | DATASETS/CPMP-2015/feature_values.csv is found
2024-04-17 17:52 | INFO | DATASETS/CPMP-2015/feature_values.csv is finished
2024-04-17 17:52 | INFO | Feature cost of train set is 0
2024-04-17 17:53 | INFO | Initial Active Learning Random Query Runtime on Validation Set: 134016.25
2024-04-17 17:53 | INFO | Initial Active Learning Random Query Runtime on Test Set: 339546.41
2024-04-17 17:53 | INFO | Initial Active Learning Random Query Instance Cost: 2732.75
2024-04-17 17:53 | INFO | Bin size = 21
2024-04-17 17:53 | INFO | Query 1 Size of the uncertainty table is = 2173/2154
2024-04-17 17:53 | INFO | Query 1 Size of the filtered table is = 21
2024-04-17 17:53 | INFO | Query 1 Active Learning Random Query Runtime on Validation Set: 169257.37
2024-04-17 17:53 | INFO | Query 1 Active Learning Random Query Runtime on Test Set: 269048.72
2024-04-17 17:53 | INFO | Query 1 Active Learning Random Query Instance Cost: 5181.9
2024-04-17 17:53 | INFO | Timeout limit is increased to 200
2024-04-17 17:53 | INFO | Query 2 Size of the uncertainty table is = 2158/2154
2024-04-17 17:53 | INFO | Query 2 Size of the filtered table is = 21
2024-04-17 17:53 | INFO | Query 2 Active Learning Random Query Runtime on Validation Set: 133760.34
2024-04-17 17:53 | INFO | Query 2 Active Learning Random Query Runtime on Test Set: 229015.43
2024-04-17 17:53 | INFO | Query 2 Active Learning Random Query Instance Cost: 10008.9
2024-04-17 17:53 | INFO | Query 3 Size of the uncertainty table is = 2140/2154
2024-04-17 17:53 | INFO | Query 3 Size of the filtered table is = 21
2024-04-17 17:53 | INFO | Query 3 Active Learning Random Query Runtime on Validation Set: 133721.66
2024-04-17 17:53 | INFO | Query 3 Active Learning Random Query Runtime on Test Set: 194956.36
2024-04-17 17:53 | INFO | Query 3 Active Learning Random Query Instance Cost: 13420.74
2024-04-17 17:53 | INFO | Query 4 Size of the uncertainty table is = 2120/2154
2024-04-17 17:53 | INFO | Query 4 Size of the filtered table is = 21
2024-04-17 17:53 | INFO | Query 4 Active Learning Random Query Runtime on Validation Set: 133285.5
2024-04-17 17:53 | INFO | Query 4 Active Learning Random Query Runtime on Test Set: 195840.29
2024-04-17 17:53 | INFO | Query 4 Active Learning Random Query Instance Cost: 16609.59
2024-04-17 17:53 | INFO | Query 5 Size of the uncertainty table is = 2099/2154
2024-04-17 17:53 | INFO | Query 5 Size of the filtered table is = 21
2024-04-17 17:53 | INFO | Query 5 Active Learning Random Query Runtime on Validation Set: 133285.5
2024-04-17 17:53 | INFO | Query 5 Active Learning Random Query Runtime on Test Set: 264503.99
2024-04-17 17:53 | INFO | Query 5 Active Learning Random Query Instance Cost: 20857.33
2024-04-17 17:53 | INFO | Timeout limit is increased to 300
2024-04-17 17:53 | INFO | Query 6 Size of the uncertainty table is = 2086/2154
2024-04-17 17:53 | INFO | Query 6 Size of the filtered table is = 21
2024-04-17 17:53 | INFO | Query 6 Active Learning Random Query Runtime on Validation Set: 306564.66
2024-04-17 17:53 | INFO | Query 6 Active Learning Random Query Runtime on Test Set: 230528.47
2024-04-17 17:53 | INFO | Query 6 Active Learning Random Query Instance Cost: 26014.19
2024-04-17 17:53 | INFO | Timeout limit is increased to 400
2024-04-17 17:53 | INFO | Query 7 Size of the uncertainty table is = 2065/2154
2024-04-17 17:53 | INFO | Query 7 Size of the filtered table is = 21
2024-04-17 17:54 | INFO | Query 7 Active Learning Random Query Runtime on Validation Set: 238958.89
2024-04-17 17:54 | INFO | Query 7 Active Learning Random Query Runtime on Test Set: 231732.7
2024-04-17 17:54 | INFO | Query 7 Active Learning Random Query Instance Cost: 34512.6
2024-04-17 17:54 | INFO | Query 8 Size of the uncertainty table is = 2042/2154
2024-04-17 17:54 | INFO | Query 8 Size of the filtered table is = 21
2024-04-17 17:54 | INFO | Query 8 Active Learning Random Query Runtime on Validation Set: 202396.05
2024-04-17 17:54 | INFO | Query 8 Active Learning Random Query Runtime on Test Set: 264344.63
2024-04-17 17:54 | INFO | Query 8 Active Learning Random Query Instance Cost: 40223.68
2024-04-17 17:54 | INFO | Query 9 Size of the uncertainty table is = 2018/2154
2024-04-17 17:54 | INFO | Query 9 Size of the filtered table is = 21
2024-04-17 17:54 | INFO | Query 9 Active Learning Random Query Runtime on Validation Set: 238690.73
2024-04-17 17:54 | INFO | Query 9 Active Learning Random Query Runtime on Test Set: 265403.93
2024-04-17 17:54 | INFO | Query 9 Active Learning Random Query Instance Cost: 46367.67
2024-04-17 17:54 | INFO | Timeout limit is increased to 500
2024-04-17 17:54 | INFO | Query 10 Size of the uncertainty table is = 1988/2154
2024-04-17 17:54 | INFO | Query 10 Size of the filtered table is = 21
2024-04-17 17:54 | INFO | Query 10 Active Learning Random Query Runtime on Validation Set: 341816.93
2024-04-17 17:54 | INFO | Query 10 Active Learning Random Query Runtime on Test Set: 228285.71
2024-04-17 17:54 | INFO | Query 10 Active Learning Random Query Instance Cost: 51444.5
2024-04-17 17:54 | INFO | Timeout limit is increased to 600
2024-04-17 17:54 | INFO | Query 11 Size of the uncertainty table is = 1960/2154
2024-04-17 17:54 | INFO | Query 11 Size of the filtered table is = 21
2024-04-17 17:54 | INFO | Query 11 Active Learning Random Query Runtime on Validation Set: 273997.33
2024-04-17 17:54 | INFO | Query 11 Active Learning Random Query Runtime on Test Set: 228178.02
2024-04-17 17:54 | INFO | Query 11 Active Learning Random Query Instance Cost: 60105.29
2024-04-17 17:54 | INFO | Query 12 Size of the uncertainty table is = 1931/2154
2024-04-17 17:54 | INFO | Query 12 Size of the filtered table is = 21
2024-04-17 17:54 | INFO | Query 12 Active Learning Random Query Runtime on Validation Set: 273548.77
2024-04-17 17:54 | INFO | Query 12 Active Learning Random Query Runtime on Test Set: 299154.69
2024-04-17 17:54 | INFO | Query 12 Active Learning Random Query Instance Cost: 68724.08
2024-04-17 17:54 | INFO | Query 13 Size of the uncertainty table is = 1906/2154
2024-04-17 17:54 | INFO | Query 13 Size of the filtered table is = 21
2024-04-17 17:55 | INFO | Query 13 Active Learning Random Query Runtime on Validation Set: 345004.22
2024-04-17 17:55 | INFO | Query 13 Active Learning Random Query Runtime on Test Set: 227706.42
2024-04-17 17:55 | INFO | Query 13 Active Learning Random Query Instance Cost: 75451.32
2024-04-17 17:55 | INFO | Timeout limit is increased to 700
2024-04-17 17:55 | INFO | Query 14 Size of the uncertainty table is = 1877/2154
2024-04-17 17:55 | INFO | Query 14 Size of the filtered table is = 21
2024-04-17 17:55 | INFO | Query 14 Active Learning Random Query Runtime on Validation Set: 307962.59
2024-04-17 17:55 | INFO | Query 14 Active Learning Random Query Runtime on Test Set: 299546.62
2024-04-17 17:55 | INFO | Query 14 Active Learning Random Query Instance Cost: 84471.69
2024-04-17 17:55 | INFO | Query 15 Size of the uncertainty table is = 1849/2154
2024-04-17 17:55 | INFO | Query 15 Size of the filtered table is = 21
2024-04-17 17:55 | INFO | Query 15 Active Learning Random Query Runtime on Validation Set: 409683.3
2024-04-17 17:55 | INFO | Query 15 Active Learning Random Query Runtime on Test Set: 298182.0
2024-04-17 17:55 | INFO | Query 15 Active Learning Random Query Instance Cost: 90919.59
2024-04-17 17:55 | INFO | Timeout limit is increased to 800
2024-04-17 17:55 | INFO | Query 16 Size of the uncertainty table is = 1815/2154
2024-04-17 17:55 | INFO | Query 16 Size of the filtered table is = 21
2024-04-17 17:55 | INFO | Query 16 Active Learning Random Query Runtime on Validation Set: 410278.88
2024-04-17 17:55 | INFO | Query 16 Active Learning Random Query Runtime on Test Set: 228685.69
2024-04-17 17:55 | INFO | Query 16 Active Learning Random Query Instance Cost: 101570.49
2024-04-17 17:55 | INFO | Timeout limit is increased to 900
2024-04-17 17:55 | INFO | Query 17 Size of the uncertainty table is = 1790/2154
2024-04-17 17:55 | INFO | Query 17 Size of the filtered table is = 21
2024-04-17 17:55 | INFO | Query 17 Active Learning Random Query Runtime on Validation Set: 445981.11
2024-04-17 17:55 | INFO | Query 17 Active Learning Random Query Runtime on Test Set: 228134.77
2024-04-17 17:55 | INFO | Query 17 Active Learning Random Query Instance Cost: 114464.77
2024-04-17 17:55 | INFO | Timeout limit is increased to 1000
2024-04-17 17:55 | INFO | Query 18 Size of the uncertainty table is = 1764/2154
2024-04-17 17:55 | INFO | Query 18 Size of the filtered table is = 21
2024-04-17 17:55 | INFO | Query 18 Active Learning Random Query Runtime on Validation Set: 275069.1
2024-04-17 17:55 | INFO | Query 18 Active Learning Random Query Runtime on Test Set: 263673.97
2024-04-17 17:55 | INFO | Query 18 Active Learning Random Query Instance Cost: 127080.46
2024-04-17 17:55 | INFO | Query 19 Size of the uncertainty table is = 1736/2154
2024-04-17 17:55 | INFO | Query 19 Size of the filtered table is = 21
2024-04-17 17:55 | INFO | Query 19 Active Learning Random Query Runtime on Validation Set: 342960.75
2024-04-17 17:55 | INFO | Query 19 Active Learning Random Query Runtime on Test Set: 227565.14
2024-04-17 17:55 | INFO | Query 19 Active Learning Random Query Instance Cost: 139535.82
2024-04-17 17:55 | INFO | Timeout limit is increased to 1100
2024-04-17 17:55 | INFO | Query 20 Size of the uncertainty table is = 1708/2154
2024-04-17 17:55 | INFO | Query 20 Size of the filtered table is = 21
2024-04-17 17:56 | INFO | Query 20 Active Learning Random Query Runtime on Validation Set: 342418.4
2024-04-17 17:56 | INFO | Query 20 Active Learning Random Query Runtime on Test Set: 263267.46
2024-04-17 17:56 | INFO | Query 20 Active Learning Random Query Instance Cost: 158914.46
2024-04-17 17:56 | INFO | Query 21 Size of the uncertainty table is = 1677/2154
2024-04-17 17:56 | INFO | Query 21 Size of the filtered table is = 21
2024-04-17 17:56 | INFO | Query 21 Active Learning Random Query Runtime on Validation Set: 238657.5
2024-04-17 17:56 | INFO | Query 21 Active Learning Random Query Runtime on Test Set: 299264.13
2024-04-17 17:56 | INFO | Query 21 Active Learning Random Query Instance Cost: 171606.35
2024-04-17 17:56 | INFO | Query 22 Size of the uncertainty table is = 1640/2154
2024-04-17 17:56 | INFO | Query 22 Size of the filtered table is = 21
2024-04-17 17:56 | INFO | Query 22 Active Learning Random Query Runtime on Validation Set: 273777.16
2024-04-17 17:56 | INFO | Query 22 Active Learning Random Query Runtime on Test Set: 335270.99
2024-04-17 17:56 | INFO | Query 22 Active Learning Random Query Instance Cost: 185913.93
2024-04-17 17:56 | INFO | Timeout limit is increased to 1200
2024-04-17 17:56 | INFO | Query 23 Size of the uncertainty table is = 1622/2154
2024-04-17 17:56 | INFO | Query 23 Size of the filtered table is = 21
2024-04-17 17:56 | INFO | Query 23 Active Learning Random Query Runtime on Validation Set: 207012.78
2024-04-17 17:56 | INFO | Query 23 Active Learning Random Query Runtime on Test Set: 263562.83
2024-04-17 17:56 | INFO | Query 23 Active Learning Random Query Instance Cost: 198404.26
2024-04-17 17:56 | INFO | Query 24 Size of the uncertainty table is = 1587/2154
2024-04-17 17:56 | INFO | Query 24 Size of the filtered table is = 21
2024-04-17 17:56 | INFO | Query 24 Active Learning Random Query Runtime on Validation Set: 203412.38
2024-04-17 17:56 | INFO | Query 24 Active Learning Random Query Runtime on Test Set: 265151.1
2024-04-17 17:56 | INFO | Query 24 Active Learning Random Query Instance Cost: 216638.85
2024-04-17 17:56 | INFO | Query 25 Size of the uncertainty table is = 1552/2154
2024-04-17 17:56 | INFO | Query 25 Size of the filtered table is = 21
2024-04-17 17:56 | INFO | Query 25 Active Learning Random Query Runtime on Validation Set: 169668.38
2024-04-17 17:56 | INFO | Query 25 Active Learning Random Query Runtime on Test Set: 263651.2
2024-04-17 17:56 | INFO | Query 25 Active Learning Random Query Instance Cost: 225479.97
2024-04-17 17:56 | INFO | Query 26 Size of the uncertainty table is = 1516/2154
2024-04-17 17:56 | INFO | Query 26 Size of the filtered table is = 21
2024-04-17 17:57 | INFO | Query 26 Active Learning Random Query Runtime on Validation Set: 134241.22
2024-04-17 17:57 | INFO | Query 26 Active Learning Random Query Runtime on Test Set: 263679.78
2024-04-17 17:57 | INFO | Query 26 Active Learning Random Query Instance Cost: 243654.46
2024-04-17 17:57 | INFO | Query 27 Size of the uncertainty table is = 1494/2154
2024-04-17 17:57 | INFO | Query 27 Size of the filtered table is = 21
2024-04-17 17:57 | INFO | Query 27 Active Learning Random Query Runtime on Validation Set: 101031.69
2024-04-17 17:57 | INFO | Query 27 Active Learning Random Query Runtime on Test Set: 263295.22
2024-04-17 17:57 | INFO | Query 27 Active Learning Random Query Instance Cost: 256054.55
2024-04-17 17:57 | INFO | Query 28 Size of the uncertainty table is = 1453/2154
2024-04-17 17:57 | INFO | Query 28 Size of the filtered table is = 21
2024-04-17 17:57 | INFO | Query 28 Active Learning Random Query Runtime on Validation Set: 310661.76
2024-04-17 17:57 | INFO | Query 28 Active Learning Random Query Runtime on Test Set: 265673.77
2024-04-17 17:57 | INFO | Query 28 Active Learning Random Query Instance Cost: 264628.79
2024-04-17 17:57 | INFO | Timeout limit is increased to 1300
2024-04-17 17:57 | INFO | Query 29 Size of the uncertainty table is = 1414/2154
2024-04-17 17:57 | INFO | Query 29 Size of the filtered table is = 21
2024-04-17 17:57 | INFO | Query 29 Active Learning Random Query Runtime on Validation Set: 204349.8
2024-04-17 17:57 | INFO | Query 29 Active Learning Random Query Runtime on Test Set: 334128.79
2024-04-17 17:57 | INFO | Query 29 Active Learning Random Query Instance Cost: 278963.06
2024-04-17 17:57 | INFO | Query 30 Size of the uncertainty table is = 1365/2154
2024-04-17 17:57 | INFO | Query 30 Size of the filtered table is = 21
2024-04-17 17:57 | INFO | Query 30 Active Learning Random Query Runtime on Validation Set: 275013.84
2024-04-17 17:57 | INFO | Query 30 Active Learning Random Query Runtime on Test Set: 263290.75
2024-04-17 17:57 | INFO | Query 30 Active Learning Random Query Instance Cost: 288307.53
2024-04-17 17:57 | INFO | Timeout limit is increased to 1400
2024-04-17 17:57 | INFO | Query 31 Size of the uncertainty table is = 1331/2154
2024-04-17 17:57 | INFO | Query 31 Size of the filtered table is = 21
2024-04-17 17:57 | INFO | Query 31 Active Learning Random Query Runtime on Validation Set: 170051.38
2024-04-17 17:57 | INFO | Query 31 Active Learning Random Query Runtime on Test Set: 231286.98
2024-04-17 17:57 | INFO | Query 31 Active Learning Random Query Instance Cost: 304746.4
2024-04-17 17:57 | INFO | Query 32 Size of the uncertainty table is = 1290/2154
2024-04-17 17:57 | INFO | Query 32 Size of the filtered table is = 21
2024-04-17 17:57 | INFO | Query 32 Active Learning Random Query Runtime on Validation Set: 203904.11
2024-04-17 17:57 | INFO | Query 32 Active Learning Random Query Runtime on Test Set: 263869.29
2024-04-17 17:57 | INFO | Query 32 Active Learning Random Query Instance Cost: 322323.49
2024-04-17 17:57 | INFO | Timeout limit is increased to 1500
2024-04-17 17:57 | INFO | Query 33 Size of the uncertainty table is = 1255/2154
2024-04-17 17:57 | INFO | Query 33 Size of the filtered table is = 21
2024-04-17 17:58 | INFO | Query 33 Active Learning Random Query Runtime on Validation Set: 203904.01
2024-04-17 17:58 | INFO | Query 33 Active Learning Random Query Runtime on Test Set: 299223.12
2024-04-17 17:58 | INFO | Query 33 Active Learning Random Query Instance Cost: 334735.03
2024-04-17 17:58 | INFO | Query 34 Size of the uncertainty table is = 1210/2154
2024-04-17 17:58 | INFO | Query 34 Size of the filtered table is = 21
2024-04-17 17:58 | INFO | Query 34 Active Learning Random Query Runtime on Validation Set: 169236.08
2024-04-17 17:58 | INFO | Query 34 Active Learning Random Query Runtime on Test Set: 298602.12
2024-04-17 17:58 | INFO | Query 34 Active Learning Random Query Instance Cost: 351655.73
2024-04-17 17:58 | INFO | Query 35 Size of the uncertainty table is = 1175/2154
2024-04-17 17:58 | INFO | Query 35 Size of the filtered table is = 21
2024-04-17 17:58 | INFO | Query 35 Active Learning Random Query Runtime on Validation Set: 204211.49
2024-04-17 17:58 | INFO | Query 35 Active Learning Random Query Runtime on Test Set: 299739.24
2024-04-17 17:58 | INFO | Query 35 Active Learning Random Query Instance Cost: 363141.19
2024-04-17 17:58 | INFO | Timeout limit is increased to 1600
2024-04-17 17:58 | INFO | Query 36 Size of the uncertainty table is = 1136/2154
2024-04-17 17:58 | INFO | Query 36 Size of the filtered table is = 21
2024-04-17 17:58 | INFO | Query 36 Active Learning Random Query Runtime on Validation Set: 168250.01
2024-04-17 17:58 | INFO | Query 36 Active Learning Random Query Runtime on Test Set: 299387.96
2024-04-17 17:58 | INFO | Query 36 Active Learning Random Query Instance Cost: 379777.91
2024-04-17 17:58 | INFO | Query 37 Size of the uncertainty table is = 1098/2154
2024-04-17 17:58 | INFO | Query 37 Size of the filtered table is = 21
2024-04-17 17:58 | INFO | Query 37 Active Learning Random Query Runtime on Validation Set: 168197.69
2024-04-17 17:58 | INFO | Query 37 Active Learning Random Query Runtime on Test Set: 298906.88
2024-04-17 17:58 | INFO | Query 37 Active Learning Random Query Instance Cost: 395804.59
2024-04-17 17:58 | INFO | Query 38 Size of the uncertainty table is = 1065/2154
2024-04-17 17:58 | INFO | Query 38 Size of the filtered table is = 21
2024-04-17 17:58 | INFO | Query 38 Active Learning Random Query Runtime on Validation Set: 168197.5
2024-04-17 17:58 | INFO | Query 38 Active Learning Random Query Runtime on Test Set: 302272.78
2024-04-17 17:58 | INFO | Query 38 Active Learning Random Query Instance Cost: 415149.34
2024-04-17 17:58 | INFO | Query 39 Size of the uncertainty table is = 1034/2154
2024-04-17 17:58 | INFO | Query 39 Size of the filtered table is = 21
2024-04-17 17:59 | INFO | Query 39 Active Learning Random Query Runtime on Validation Set: 132452.38
2024-04-17 17:59 | INFO | Query 39 Active Learning Random Query Runtime on Test Set: 266528.81
2024-04-17 17:59 | INFO | Query 39 Active Learning Random Query Instance Cost: 437303.7
2024-04-17 17:59 | INFO | Query 40 Size of the uncertainty table is = 1005/2154
2024-04-17 17:59 | INFO | Query 40 Size of the filtered table is = 21
2024-04-17 17:59 | INFO | Query 40 Active Learning Random Query Runtime on Validation Set: 99176.69
2024-04-17 17:59 | INFO | Query 40 Active Learning Random Query Runtime on Test Set: 371714.8
2024-04-17 17:59 | INFO | Query 40 Active Learning Random Query Instance Cost: 450993.92
2024-04-17 17:59 | INFO | Query 41 Size of the uncertainty table is = 950/2154
2024-04-17 17:59 | INFO | Query 41 Size of the filtered table is = 21
2024-04-17 17:59 | INFO | Query 41 Active Learning Random Query Runtime on Validation Set: 169236.7
2024-04-17 17:59 | INFO | Query 41 Active Learning Random Query Runtime on Test Set: 266669.98
2024-04-17 17:59 | INFO | Query 41 Active Learning Random Query Instance Cost: 460336.35
2024-04-17 17:59 | INFO | Timeout limit is increased to 1700
2024-04-17 17:59 | INFO | Query 42 Size of the uncertainty table is = 919/2154
2024-04-17 17:59 | INFO | Query 42 Size of the filtered table is = 21
2024-04-17 17:59 | INFO | Query 42 Active Learning Random Query Runtime on Validation Set: 135073.23
2024-04-17 17:59 | INFO | Query 42 Active Learning Random Query Runtime on Test Set: 300006.56
2024-04-17 17:59 | INFO | Query 42 Active Learning Random Query Instance Cost: 483633.79
2024-04-17 17:59 | INFO | Query 43 Size of the uncertainty table is = 888/2154
2024-04-17 17:59 | INFO | Query 43 Size of the filtered table is = 21
2024-04-17 17:59 | INFO | Query 43 Active Learning Random Query Runtime on Validation Set: 99335.06
2024-04-17 17:59 | INFO | Query 43 Active Learning Random Query Runtime on Test Set: 334975.74
2024-04-17 17:59 | INFO | Query 43 Active Learning Random Query Instance Cost: 501059.67
2024-04-17 17:59 | INFO | Query 44 Size of the uncertainty table is = 851/2154
2024-04-17 17:59 | INFO | Query 44 Size of the filtered table is = 21
2024-04-17 17:59 | INFO | Query 44 Active Learning Random Query Runtime on Validation Set: 135089.46
2024-04-17 17:59 | INFO | Query 44 Active Learning Random Query Runtime on Test Set: 335279.82
2024-04-17 17:59 | INFO | Query 44 Active Learning Random Query Instance Cost: 506967.23
2024-04-17 17:59 | INFO | Timeout limit is increased to 1800
2024-04-17 17:59 | INFO | Query 45 Size of the uncertainty table is = 814/2154
2024-04-17 17:59 | INFO | Query 45 Size of the filtered table is = 21
2024-04-17 18:00 | INFO | Query 45 Active Learning Random Query Runtime on Validation Set: 135141.97
2024-04-17 18:00 | INFO | Query 45 Active Learning Random Query Runtime on Test Set: 335296.49
2024-04-17 18:00 | INFO | Query 45 Active Learning Random Query Instance Cost: 529504.57
2024-04-17 18:00 | INFO | Timeout limit is increased to 1900
2024-04-17 18:00 | INFO | Query 46 Size of the uncertainty table is = 776/2154
2024-04-17 18:00 | INFO | Query 46 Size of the filtered table is = 21
2024-04-17 18:00 | INFO | Query 46 Active Learning Random Query Runtime on Validation Set: 170168.57
2024-04-17 18:00 | INFO | Query 46 Active Learning Random Query Runtime on Test Set: 262962.31
2024-04-17 18:00 | INFO | Query 46 Active Learning Random Query Instance Cost: 548726.33
2024-04-17 18:00 | INFO | Timeout limit is increased to 2000
2024-04-17 18:00 | INFO | Query 47 Size of the uncertainty table is = 749/2154
2024-04-17 18:00 | INFO | Query 47 Size of the filtered table is = 21
2024-04-17 18:00 | INFO | Query 47 Active Learning Random Query Runtime on Validation Set: 135082.16
2024-04-17 18:00 | INFO | Query 47 Active Learning Random Query Runtime on Test Set: 298956.76
2024-04-17 18:00 | INFO | Query 47 Active Learning Random Query Instance Cost: 566054.12
2024-04-17 18:00 | INFO | Query 48 Size of the uncertainty table is = 709/2154
2024-04-17 18:00 | INFO | Query 48 Size of the filtered table is = 21
2024-04-17 18:00 | INFO | Query 48 Active Learning Random Query Runtime on Validation Set: 99335.06
2024-04-17 18:00 | INFO | Query 48 Active Learning Random Query Runtime on Test Set: 335214.87
2024-04-17 18:00 | INFO | Query 48 Active Learning Random Query Instance Cost: 590172.86
2024-04-17 18:00 | INFO | Query 49 Size of the uncertainty table is = 682/2154
2024-04-17 18:00 | INFO | Query 49 Size of the filtered table is = 21
2024-04-17 18:00 | INFO | Query 49 Active Learning Random Query Runtime on Validation Set: 135082.16
2024-04-17 18:00 | INFO | Query 49 Active Learning Random Query Runtime on Test Set: 299544.64
2024-04-17 18:00 | INFO | Query 49 Active Learning Random Query Instance Cost: 608266.99
2024-04-17 18:00 | INFO | Timeout limit is increased to 2100
2024-04-17 18:00 | INFO | Query 50 Size of the uncertainty table is = 647/2154
2024-04-17 18:00 | INFO | Query 50 Size of the filtered table is = 21
2024-04-17 18:00 | INFO | Query 50 Active Learning Random Query Runtime on Validation Set: 135089.46
2024-04-17 18:00 | INFO | Query 50 Active Learning Random Query Runtime on Test Set: 263481.8
2024-04-17 18:00 | INFO | Query 50 Active Learning Random Query Instance Cost: 623983.3
2024-04-17 18:00 | INFO | Timeout limit is increased to 2200
2024-04-17 18:00 | INFO | Query 51 Size of the uncertainty table is = 622/2154
2024-04-17 18:00 | INFO | Query 51 Size of the filtered table is = 21
2024-04-17 18:01 | INFO | Query 51 Active Learning Random Query Runtime on Validation Set: 99114.7
2024-04-17 18:01 | INFO | Query 51 Active Learning Random Query Runtime on Test Set: 226953.68
2024-04-17 18:01 | INFO | Query 51 Active Learning Random Query Instance Cost: 646564.74
2024-04-17 18:01 | INFO | Query 52 Size of the uncertainty table is = 599/2154
2024-04-17 18:01 | INFO | Query 52 Size of the filtered table is = 21
2024-04-17 18:01 | INFO | Query 52 Active Learning Random Query Runtime on Validation Set: 99327.57
2024-04-17 18:01 | INFO | Query 52 Active Learning Random Query Runtime on Test Set: 228791.0
2024-04-17 18:01 | INFO | Query 52 Active Learning Random Query Instance Cost: 673617.07
2024-04-17 18:01 | INFO | Timeout limit is increased to 2300
2024-04-17 18:01 | INFO | Query 53 Size of the uncertainty table is = 572/2154
2024-04-17 18:01 | INFO | Query 53 Size of the filtered table is = 21
2024-04-17 18:01 | INFO | Query 53 Active Learning Random Query Runtime on Validation Set: 99279.07
2024-04-17 18:01 | INFO | Query 53 Active Learning Random Query Runtime on Test Set: 196111.89
2024-04-17 18:01 | INFO | Query 53 Active Learning Random Query Instance Cost: 694380.92
2024-04-17 18:01 | INFO | Query 54 Size of the uncertainty table is = 542/2154
2024-04-17 18:01 | INFO | Query 54 Size of the filtered table is = 21
2024-04-17 18:01 | INFO | Query 54 Active Learning Random Query Runtime on Validation Set: 99279.07
2024-04-17 18:01 | INFO | Query 54 Active Learning Random Query Runtime on Test Set: 193365.53
2024-04-17 18:01 | INFO | Query 54 Active Learning Random Query Instance Cost: 721046.08
2024-04-17 18:01 | INFO | Timeout limit is increased to 2400
2024-04-17 18:01 | INFO | Query 55 Size of the uncertainty table is = 518/2154
2024-04-17 18:01 | INFO | Query 55 Size of the filtered table is = 21
2024-04-17 18:01 | INFO | Query 55 Active Learning Random Query Runtime on Validation Set: 99279.26
2024-04-17 18:01 | INFO | Query 55 Active Learning Random Query Runtime on Test Set: 160181.18
2024-04-17 18:01 | INFO | Query 55 Active Learning Random Query Instance Cost: 749453.7
2024-04-17 18:01 | INFO | Timeout limit is increased to 2500
2024-04-17 18:01 | INFO | Query 56 Size of the uncertainty table is = 502/2154
2024-04-17 18:01 | INFO | Query 56 Size of the filtered table is = 21
2024-04-17 18:01 | INFO | Query 56 Active Learning Random Query Runtime on Validation Set: 99279.26
2024-04-17 18:01 | INFO | Query 56 Active Learning Random Query Runtime on Test Set: 160117.29
2024-04-17 18:01 | INFO | Query 56 Active Learning Random Query Instance Cost: 773254.44
2024-04-17 18:01 | INFO | Timeout limit is increased to 2600
2024-04-17 18:01 | INFO | Query 57 Size of the uncertainty table is = 486/2154
2024-04-17 18:01 | INFO | Query 57 Size of the filtered table is = 21
2024-04-17 18:02 | INFO | Query 57 Active Learning Random Query Runtime on Validation Set: 99335.78
2024-04-17 18:02 | INFO | Query 57 Active Learning Random Query Runtime on Test Set: 229039.73
2024-04-17 18:02 | INFO | Query 57 Active Learning Random Query Instance Cost: 796725.0
2024-04-17 18:02 | INFO | Timeout limit is increased to 2700
2024-04-17 18:02 | INFO | Query 58 Size of the uncertainty table is = 463/2154
2024-04-17 18:02 | INFO | Query 58 Size of the filtered table is = 21
2024-04-17 18:02 | INFO | Query 58 Active Learning Random Query Runtime on Validation Set: 99335.78
2024-04-17 18:02 | INFO | Query 58 Active Learning Random Query Runtime on Test Set: 193045.03
2024-04-17 18:02 | INFO | Query 58 Active Learning Random Query Instance Cost: 827463.43
2024-04-17 18:02 | INFO | Timeout limit is increased to 2800
2024-04-17 18:02 | INFO | Query 59 Size of the uncertainty table is = 444/2154
2024-04-17 18:02 | INFO | Query 59 Size of the filtered table is = 21
2024-04-17 18:02 | INFO | Query 59 Active Learning Random Query Runtime on Validation Set: 99335.78
2024-04-17 18:02 | INFO | Query 59 Active Learning Random Query Runtime on Test Set: 160406.43
2024-04-17 18:02 | INFO | Query 59 Active Learning Random Query Instance Cost: 859996.52
2024-04-17 18:02 | INFO | Timeout limit is increased to 2900
2024-04-17 18:02 | INFO | Query 60 Size of the uncertainty table is = 424/2154
2024-04-17 18:02 | INFO | Query 60 Size of the filtered table is = 21
2024-04-17 18:02 | INFO | Query 60 Active Learning Random Query Runtime on Validation Set: 99334.87
2024-04-17 18:02 | INFO | Query 60 Active Learning Random Query Runtime on Test Set: 228729.89
2024-04-17 18:02 | INFO | Query 60 Active Learning Random Query Instance Cost: 898909.66
2024-04-17 18:02 | INFO | Query 61 Size of the uncertainty table is = 398/2154
2024-04-17 18:02 | INFO | Query 61 Size of the filtered table is = 21
2024-04-17 18:02 | INFO | Query 61 Active Learning Random Query Runtime on Validation Set: 135089.46
2024-04-17 18:02 | INFO | Query 61 Active Learning Random Query Runtime on Test Set: 196114.89
2024-04-17 18:02 | INFO | Query 61 Active Learning Random Query Instance Cost: 927356.82
2024-04-17 18:02 | INFO | Timeout limit is increased to 3000
2024-04-17 18:02 | INFO | Query 62 Size of the uncertainty table is = 378/2154
2024-04-17 18:02 | INFO | Query 62 Size of the filtered table is = 21
2024-04-17 18:02 | INFO | Query 62 Active Learning Random Query Runtime on Validation Set: 99177.8
2024-04-17 18:02 | INFO | Query 62 Active Learning Random Query Runtime on Test Set: 265133.98
2024-04-17 18:02 | INFO | Query 62 Active Learning Random Query Instance Cost: 954076.93
2024-04-17 18:02 | INFO | Query 63 Size of the uncertainty table is = 353/2154
2024-04-17 18:02 | INFO | Query 63 Size of the filtered table is = 21
2024-04-17 18:02 | INFO | Query 63 Active Learning Random Query Runtime on Validation Set: 99335.06
2024-04-17 18:02 | INFO | Query 63 Active Learning Random Query Runtime on Test Set: 300864.89
2024-04-17 18:02 | INFO | Query 63 Active Learning Random Query Instance Cost: 990022.71
2024-04-17 18:02 | INFO | Timeout limit is increased to 3100
2024-04-17 18:02 | INFO | Query 64 Size of the uncertainty table is = 337/2154
2024-04-17 18:02 | INFO | Query 64 Size of the filtered table is = 21
2024-04-17 18:03 | INFO | Query 64 Active Learning Random Query Runtime on Validation Set: 99335.06
2024-04-17 18:03 | INFO | Query 64 Active Learning Random Query Runtime on Test Set: 264608.6
2024-04-17 18:03 | INFO | Query 64 Active Learning Random Query Instance Cost: 1022119.64
2024-04-17 18:03 | INFO | Timeout limit is increased to 3200
2024-04-17 18:03 | INFO | Query 65 Size of the uncertainty table is = 330/2154
2024-04-17 18:03 | INFO | Query 65 Size of the filtered table is = 21
2024-04-17 18:03 | INFO | Query 65 Active Learning Random Query Runtime on Validation Set: 99335.06
2024-04-17 18:03 | INFO | Query 65 Active Learning Random Query Runtime on Test Set: 264866.05
2024-04-17 18:03 | INFO | Query 65 Active Learning Random Query Instance Cost: 1053304.95
2024-04-17 18:03 | INFO | Timeout limit is increased to 3300
2024-04-17 18:03 | INFO | Query 66 Size of the uncertainty table is = 315/2154
2024-04-17 18:03 | INFO | Query 66 Size of the filtered table is = 21
2024-04-17 18:03 | INFO | Query 66 Active Learning Random Query Runtime on Validation Set: 99335.06
2024-04-17 18:03 | INFO | Query 66 Active Learning Random Query Runtime on Test Set: 265215.7
2024-04-17 18:03 | INFO | Query 66 Active Learning Random Query Instance Cost: 1079104.96
2024-04-17 18:03 | INFO | Timeout limit is increased to 3400
2024-04-17 18:03 | INFO | Query 67 Size of the uncertainty table is = 308/2154
2024-04-17 18:03 | INFO | Query 67 Size of the filtered table is = 21
2024-04-17 18:03 | INFO | Query 67 Active Learning Random Query Runtime on Validation Set: 99335.06
2024-04-17 18:03 | INFO | Query 67 Active Learning Random Query Runtime on Test Set: 228475.66
2024-04-17 18:03 | INFO | Query 67 Active Learning Random Query Instance Cost: 1111133.44
2024-04-17 18:03 | INFO | Timeout limit is increased to 3500
2024-04-17 18:03 | INFO | Query 68 Size of the uncertainty table is = 297/2154
2024-04-17 18:03 | INFO | Query 68 Size of the filtered table is = 21
2024-04-17 18:03 | INFO | Query 68 Active Learning Random Query Runtime on Validation Set: 99335.06
2024-04-17 18:03 | INFO | Query 68 Active Learning Random Query Runtime on Test Set: 228889.2
2024-04-17 18:03 | INFO | Query 68 Active Learning Random Query Instance Cost: 1136934.12
2024-04-17 18:03 | INFO | Timeout limit is increased to 3600
2024-04-17 18:03 | INFO | Query 69 Size of the uncertainty table is = 294/2154
2024-04-17 18:03 | INFO | Query 69 Size of the filtered table is = 21
2024-04-17 18:03 | INFO | Query 69 Active Learning Random Query Runtime on Validation Set: 99335.06
2024-04-17 18:03 | INFO | Query 69 Active Learning Random Query Runtime on Test Set: 264867.22
2024-04-17 18:03 | INFO | Query 69 Active Learning Random Query Instance Cost: 1165713.89
2024-04-17 18:03 | INFO | Timeout limit is increased to 3600
2024-04-17 18:03 | INFO | Query 70 Size of the uncertainty table is = 17/2154
2024-04-17 18:03 | INFO | Query 70 Size of the filtered table is = 17
2024-04-17 18:04 | INFO | Query 70 Active Learning Random Query Runtime on Validation Set: 99335.06
2024-04-17 18:04 | INFO | Query 70 Active Learning Random Query Runtime on Test Set: 228536.96
2024-04-17 18:04 | INFO | Query 70 Active Learning Random Query Instance Cost: 1184989.8
2024-04-17 18:04 | INFO | Timeout limit is increased to 3600
2024-04-17 18:04 | INFO | runtime_train_score is written as json file
2024-04-17 18:04 | INFO | runtime_test_score is written as json file
2024-04-17 18:04 | INFO | runtime_validation_score is written as json file
2024-04-17 18:04 | INFO | instance_cost is written as json file
2024-04-17 18:04 | INFO | Experiment is finished
