2024-04-17 17:52 | INFO | Paramaters are: {'dataset': 'CPMP-2015', 'penalty': 10, 'weight': 'No_Weight', 'voting': 'Hard', 'pre_selection_size': 64, 'pre_selection_technique': 'No_pre_selection', 'feature_elimination_threshold': 20, 'imputer_strategy': 'median', 'feature_selection_technique': 'No_feature_selection', 'feature_scaling_technique': 'StandardScaler', 'initial_train_size': 20, 'query_size': 1, 'timeout_predictor_usage': 'No', 'timeout_limit': 100, 'timeout_increase_rate': 100, 'RANDOM_STATE_SEED': 123, 'n_splits': 10, 'split_number': 3, 'max_timeout': 3600, 'param_grid': {'n_estimators': 100, 'criterion': 'gini', 'max_features': 'sqrt', 'max_depth': 2147483648, 'min_samples_split': 2, 'bootstrap': True}}
2024-04-17 17:52 | INFO | CPMP-2015 is current dataset
2024-04-17 17:52 | INFO | DATASETS/CPMP-2015/algorithm_runs.csv is found
2024-04-17 17:52 | INFO | DATASETS/CPMP-2015/algorithm_runs.csv is finished
2024-04-17 17:52 | INFO | DATASETS/CPMP-2015/feature_values.csv is found
2024-04-17 17:52 | INFO | DATASETS/CPMP-2015/feature_values.csv is finished
2024-04-17 17:52 | INFO | Feature cost of train set is 0
2024-04-17 17:53 | INFO | Initial Active Learning Random Query Runtime on Validation Set: 698537.17
2024-04-17 17:53 | INFO | Initial Active Learning Random Query Runtime on Test Set: 406986.76
2024-04-17 17:53 | INFO | Initial Active Learning Random Query Instance Cost: 3633.55
2024-04-17 17:53 | INFO | Bin size = 21
2024-04-17 17:53 | INFO | Query 1 Size of the uncertainty table is = 2180/2154
2024-04-17 17:53 | INFO | Query 1 Size of the filtered table is = 21
2024-04-17 17:53 | INFO | Query 1 Active Learning Random Query Runtime on Validation Set: 1823187.54
2024-04-17 17:53 | INFO | Query 1 Active Learning Random Query Runtime on Test Set: 620518.69
2024-04-17 17:53 | INFO | Query 1 Active Learning Random Query Instance Cost: 5709.02
2024-04-17 17:53 | INFO | Timeout limit is increased to 200
2024-04-17 17:53 | INFO | Query 2 Size of the uncertainty table is = 2165/2154
2024-04-17 17:53 | INFO | Query 2 Size of the filtered table is = 21
2024-04-17 17:53 | INFO | Query 2 Active Learning Random Query Runtime on Validation Set: 1431874.8
2024-04-17 17:53 | INFO | Query 2 Active Learning Random Query Runtime on Test Set: 514791.94
2024-04-17 17:53 | INFO | Query 2 Active Learning Random Query Instance Cost: 7664.39
2024-04-17 17:53 | INFO | Query 3 Size of the uncertainty table is = 2146/2154
2024-04-17 17:53 | INFO | Query 3 Size of the filtered table is = 21
2024-04-17 17:53 | INFO | Query 3 Active Learning Random Query Runtime on Validation Set: 1015028.99
2024-04-17 17:53 | INFO | Query 3 Active Learning Random Query Runtime on Test Set: 370396.47
2024-04-17 17:53 | INFO | Query 3 Active Learning Random Query Instance Cost: 11527.06
2024-04-17 17:53 | INFO | Query 4 Size of the uncertainty table is = 2129/2154
2024-04-17 17:53 | INFO | Query 4 Size of the filtered table is = 21
2024-04-17 17:53 | INFO | Query 4 Active Learning Random Query Runtime on Validation Set: 1015028.99
2024-04-17 17:53 | INFO | Query 4 Active Learning Random Query Runtime on Test Set: 370397.43
2024-04-17 17:53 | INFO | Query 4 Active Learning Random Query Instance Cost: 16032.79
2024-04-17 17:53 | INFO | Timeout limit is increased to 300
2024-04-17 17:53 | INFO | Query 5 Size of the uncertainty table is = 2110/2154
2024-04-17 17:53 | INFO | Query 5 Size of the filtered table is = 21
2024-04-17 17:53 | INFO | Query 5 Active Learning Random Query Runtime on Validation Set: 314876.83
2024-04-17 17:53 | INFO | Query 5 Active Learning Random Query Runtime on Test Set: 230463.97
2024-04-17 17:53 | INFO | Query 5 Active Learning Random Query Instance Cost: 20489.39
2024-04-17 17:53 | INFO | Query 6 Size of the uncertainty table is = 2083/2154
2024-04-17 17:53 | INFO | Query 6 Size of the filtered table is = 21
2024-04-17 17:53 | INFO | Query 6 Active Learning Random Query Runtime on Validation Set: 206523.54
2024-04-17 17:53 | INFO | Query 6 Active Learning Random Query Runtime on Test Set: 195747.61
2024-04-17 17:53 | INFO | Query 6 Active Learning Random Query Instance Cost: 24352.76
2024-04-17 17:53 | INFO | Query 7 Size of the uncertainty table is = 2054/2154
2024-04-17 17:53 | INFO | Query 7 Size of the filtered table is = 21
2024-04-17 17:53 | INFO | Query 7 Active Learning Random Query Runtime on Validation Set: 208090.13
2024-04-17 17:53 | INFO | Query 7 Active Learning Random Query Runtime on Test Set: 229463.73
2024-04-17 17:53 | INFO | Query 7 Active Learning Random Query Instance Cost: 32609.77
2024-04-17 17:53 | INFO | Timeout limit is increased to 400
2024-04-17 17:54 | INFO | Query 8 Size of the uncertainty table is = 2038/2154
2024-04-17 17:54 | INFO | Query 8 Size of the filtered table is = 21
2024-04-17 17:54 | INFO | Query 8 Active Learning Random Query Runtime on Validation Set: 101771.23
2024-04-17 17:54 | INFO | Query 8 Active Learning Random Query Runtime on Test Set: 128778.39
2024-04-17 17:54 | INFO | Query 8 Active Learning Random Query Instance Cost: 39262.97
2024-04-17 17:54 | INFO | Query 9 Size of the uncertainty table is = 2009/2154
2024-04-17 17:54 | INFO | Query 9 Size of the filtered table is = 21
2024-04-17 17:54 | INFO | Query 9 Active Learning Random Query Runtime on Validation Set: 454212.32
2024-04-17 17:54 | INFO | Query 9 Active Learning Random Query Runtime on Test Set: 197063.94
2024-04-17 17:54 | INFO | Query 9 Active Learning Random Query Instance Cost: 43379.71
2024-04-17 17:54 | INFO | Timeout limit is increased to 500
2024-04-17 17:54 | INFO | Query 10 Size of the uncertainty table is = 1985/2154
2024-04-17 17:54 | INFO | Query 10 Size of the filtered table is = 21
2024-04-17 17:54 | INFO | Query 10 Active Learning Random Query Runtime on Validation Set: 416205.51
2024-04-17 17:54 | INFO | Query 10 Active Learning Random Query Runtime on Test Set: 230333.41
2024-04-17 17:54 | INFO | Query 10 Active Learning Random Query Instance Cost: 53121.78
2024-04-17 17:54 | INFO | Query 11 Size of the uncertainty table is = 1965/2154
2024-04-17 17:54 | INFO | Query 11 Size of the filtered table is = 21
2024-04-17 17:54 | INFO | Query 11 Active Learning Random Query Runtime on Validation Set: 556657.31
2024-04-17 17:54 | INFO | Query 11 Active Learning Random Query Runtime on Test Set: 230237.08
2024-04-17 17:54 | INFO | Query 11 Active Learning Random Query Instance Cost: 62350.09
2024-04-17 17:54 | INFO | Timeout limit is increased to 600
2024-04-17 17:54 | INFO | Query 12 Size of the uncertainty table is = 1935/2154
2024-04-17 17:54 | INFO | Query 12 Size of the filtered table is = 21
2024-04-17 17:54 | INFO | Query 12 Active Learning Random Query Runtime on Validation Set: 590539.23
2024-04-17 17:54 | INFO | Query 12 Active Learning Random Query Runtime on Test Set: 262807.3
2024-04-17 17:54 | INFO | Query 12 Active Learning Random Query Instance Cost: 71339.81
2024-04-17 17:54 | INFO | Timeout limit is increased to 700
2024-04-17 17:54 | INFO | Query 13 Size of the uncertainty table is = 1910/2154
2024-04-17 17:54 | INFO | Query 13 Size of the filtered table is = 21
2024-04-17 17:54 | INFO | Query 13 Active Learning Random Query Runtime on Validation Set: 522470.23
2024-04-17 17:54 | INFO | Query 13 Active Learning Random Query Runtime on Test Set: 301619.43
2024-04-17 17:54 | INFO | Query 13 Active Learning Random Query Instance Cost: 80452.03
2024-04-17 17:54 | INFO | Query 14 Size of the uncertainty table is = 1889/2154
2024-04-17 17:54 | INFO | Query 14 Size of the filtered table is = 21
2024-04-17 17:54 | INFO | Query 14 Active Learning Random Query Runtime on Validation Set: 267279.6
2024-04-17 17:54 | INFO | Query 14 Active Learning Random Query Runtime on Test Set: 197616.63
2024-04-17 17:54 | INFO | Query 14 Active Learning Random Query Instance Cost: 86666.52
2024-04-17 17:54 | INFO | Query 15 Size of the uncertainty table is = 1861/2154
2024-04-17 17:54 | INFO | Query 15 Size of the filtered table is = 21
2024-04-17 17:55 | INFO | Query 15 Active Learning Random Query Runtime on Validation Set: 235589.58
2024-04-17 17:55 | INFO | Query 15 Active Learning Random Query Runtime on Test Set: 162222.48
2024-04-17 17:55 | INFO | Query 15 Active Learning Random Query Instance Cost: 94120.18
2024-04-17 17:55 | INFO | Query 16 Size of the uncertainty table is = 1830/2154
2024-04-17 17:55 | INFO | Query 16 Size of the filtered table is = 21
2024-04-17 17:55 | INFO | Query 16 Active Learning Random Query Runtime on Validation Set: 514894.16
2024-04-17 17:55 | INFO | Query 16 Active Learning Random Query Runtime on Test Set: 195353.06
2024-04-17 17:55 | INFO | Query 16 Active Learning Random Query Instance Cost: 103587.81
2024-04-17 17:55 | INFO | Timeout limit is increased to 800
2024-04-17 17:55 | INFO | Query 17 Size of the uncertainty table is = 1795/2154
2024-04-17 17:55 | INFO | Query 17 Size of the filtered table is = 21
2024-04-17 17:55 | INFO | Query 17 Active Learning Random Query Runtime on Validation Set: 99198.34
2024-04-17 17:55 | INFO | Query 17 Active Learning Random Query Runtime on Test Set: 128437.78
2024-04-17 17:55 | INFO | Query 17 Active Learning Random Query Instance Cost: 112748.02
2024-04-17 17:55 | INFO | Query 18 Size of the uncertainty table is = 1750/2154
2024-04-17 17:55 | INFO | Query 18 Size of the filtered table is = 21
2024-04-17 17:55 | INFO | Query 18 Active Learning Random Query Runtime on Validation Set: 99198.6
2024-04-17 17:55 | INFO | Query 18 Active Learning Random Query Runtime on Test Set: 128795.69
2024-04-17 17:55 | INFO | Query 18 Active Learning Random Query Instance Cost: 122979.6
2024-04-17 17:55 | INFO | Timeout limit is increased to 900
2024-04-17 17:55 | INFO | Query 19 Size of the uncertainty table is = 1709/2154
2024-04-17 17:55 | INFO | Query 19 Size of the filtered table is = 21
2024-04-17 17:55 | INFO | Query 19 Active Learning Random Query Runtime on Validation Set: 99198.6
2024-04-17 17:55 | INFO | Query 19 Active Learning Random Query Runtime on Test Set: 128795.65
2024-04-17 17:55 | INFO | Query 19 Active Learning Random Query Instance Cost: 133001.47
2024-04-17 17:55 | INFO | Timeout limit is increased to 1000
2024-04-17 17:55 | INFO | Query 20 Size of the uncertainty table is = 1674/2154
2024-04-17 17:55 | INFO | Query 20 Size of the filtered table is = 21
2024-04-17 17:55 | INFO | Query 20 Active Learning Random Query Runtime on Validation Set: 99340.44
2024-04-17 17:55 | INFO | Query 20 Active Learning Random Query Runtime on Test Set: 161408.47
2024-04-17 17:55 | INFO | Query 20 Active Learning Random Query Instance Cost: 145584.39
2024-04-17 17:55 | INFO | Timeout limit is increased to 1100
2024-04-17 17:55 | INFO | Query 21 Size of the uncertainty table is = 1641/2154
2024-04-17 17:55 | INFO | Query 21 Size of the filtered table is = 21
2024-04-17 17:55 | INFO | Query 21 Active Learning Random Query Runtime on Validation Set: 99198.6
2024-04-17 17:55 | INFO | Query 21 Active Learning Random Query Runtime on Test Set: 125408.63
2024-04-17 17:55 | INFO | Query 21 Active Learning Random Query Instance Cost: 160311.55
2024-04-17 17:55 | INFO | Query 22 Size of the uncertainty table is = 1605/2154
2024-04-17 17:55 | INFO | Query 22 Size of the filtered table is = 21
2024-04-17 17:56 | INFO | Query 22 Active Learning Random Query Runtime on Validation Set: 99198.6
2024-04-17 17:56 | INFO | Query 22 Active Learning Random Query Runtime on Test Set: 125404.73
2024-04-17 17:56 | INFO | Query 22 Active Learning Random Query Instance Cost: 167802.26
2024-04-17 17:56 | INFO | Timeout limit is increased to 1200
2024-04-17 17:56 | INFO | Query 23 Size of the uncertainty table is = 1567/2154
2024-04-17 17:56 | INFO | Query 23 Size of the filtered table is = 21
2024-04-17 17:56 | INFO | Query 23 Active Learning Random Query Runtime on Validation Set: 99223.3
2024-04-17 17:56 | INFO | Query 23 Active Learning Random Query Runtime on Test Set: 92792.04
2024-04-17 17:56 | INFO | Query 23 Active Learning Random Query Instance Cost: 177203.14
2024-04-17 17:56 | INFO | Timeout limit is increased to 1300
2024-04-17 17:56 | INFO | Query 24 Size of the uncertainty table is = 1533/2154
2024-04-17 17:56 | INFO | Query 24 Size of the filtered table is = 21
2024-04-17 17:56 | INFO | Query 24 Active Learning Random Query Runtime on Validation Set: 99383.92
2024-04-17 17:56 | INFO | Query 24 Active Learning Random Query Runtime on Test Set: 92798.77
2024-04-17 17:56 | INFO | Query 24 Active Learning Random Query Instance Cost: 192977.12
2024-04-17 17:56 | INFO | Timeout limit is increased to 1400
2024-04-17 17:56 | INFO | Query 25 Size of the uncertainty table is = 1482/2154
2024-04-17 17:56 | INFO | Query 25 Size of the filtered table is = 21
2024-04-17 17:56 | INFO | Query 25 Active Learning Random Query Runtime on Validation Set: 99223.3
2024-04-17 17:56 | INFO | Query 25 Active Learning Random Query Runtime on Test Set: 92794.52
2024-04-17 17:56 | INFO | Query 25 Active Learning Random Query Instance Cost: 208539.89
2024-04-17 17:56 | INFO | Query 26 Size of the uncertainty table is = 1448/2154
2024-04-17 17:56 | INFO | Query 26 Size of the filtered table is = 21
2024-04-17 17:56 | INFO | Query 26 Active Learning Random Query Runtime on Validation Set: 134698.68
2024-04-17 17:56 | INFO | Query 26 Active Learning Random Query Runtime on Test Set: 56794.52
2024-04-17 17:56 | INFO | Query 26 Active Learning Random Query Instance Cost: 220488.7
2024-04-17 17:56 | INFO | Timeout limit is increased to 1500
2024-04-17 17:56 | INFO | Query 27 Size of the uncertainty table is = 1404/2154
2024-04-17 17:56 | INFO | Query 27 Size of the filtered table is = 21
2024-04-17 17:56 | INFO | Query 27 Active Learning Random Query Runtime on Validation Set: 134040.21
2024-04-17 17:56 | INFO | Query 27 Active Learning Random Query Runtime on Test Set: 56972.01
2024-04-17 17:56 | INFO | Query 27 Active Learning Random Query Instance Cost: 238568.72
2024-04-17 17:56 | INFO | Query 28 Size of the uncertainty table is = 1367/2154
2024-04-17 17:56 | INFO | Query 28 Size of the filtered table is = 21
2024-04-17 17:56 | INFO | Query 28 Active Learning Random Query Runtime on Validation Set: 133986.98
2024-04-17 17:56 | INFO | Query 28 Active Learning Random Query Runtime on Test Set: 90300.26
2024-04-17 17:56 | INFO | Query 28 Active Learning Random Query Instance Cost: 265866.56
2024-04-17 17:56 | INFO | Query 29 Size of the uncertainty table is = 1327/2154
2024-04-17 17:56 | INFO | Query 29 Size of the filtered table is = 21
2024-04-17 17:57 | INFO | Query 29 Active Learning Random Query Runtime on Validation Set: 99383.92
2024-04-17 17:57 | INFO | Query 29 Active Learning Random Query Runtime on Test Set: 56794.65
2024-04-17 17:57 | INFO | Query 29 Active Learning Random Query Instance Cost: 290963.41
2024-04-17 17:57 | INFO | Query 30 Size of the uncertainty table is = 1296/2154
2024-04-17 17:57 | INFO | Query 30 Size of the filtered table is = 21
2024-04-17 17:57 | INFO | Query 30 Active Learning Random Query Runtime on Validation Set: 134113.66
2024-04-17 17:57 | INFO | Query 30 Active Learning Random Query Runtime on Test Set: 90079.87
2024-04-17 17:57 | INFO | Query 30 Active Learning Random Query Instance Cost: 313856.08
2024-04-17 17:57 | INFO | Timeout limit is increased to 1600
2024-04-17 17:57 | INFO | Query 31 Size of the uncertainty table is = 1261/2154
2024-04-17 17:57 | INFO | Query 31 Size of the filtered table is = 21
2024-04-17 17:57 | INFO | Query 31 Active Learning Random Query Runtime on Validation Set: 99223.3
2024-04-17 17:57 | INFO | Query 31 Active Learning Random Query Runtime on Test Set: 89584.46
2024-04-17 17:57 | INFO | Query 31 Active Learning Random Query Instance Cost: 331832.41
2024-04-17 17:57 | INFO | Query 32 Size of the uncertainty table is = 1218/2154
2024-04-17 17:57 | INFO | Query 32 Size of the filtered table is = 21
2024-04-17 17:57 | INFO | Query 32 Active Learning Random Query Runtime on Validation Set: 99222.57
2024-04-17 17:57 | INFO | Query 32 Active Learning Random Query Runtime on Test Set: 125584.45
2024-04-17 17:57 | INFO | Query 32 Active Learning Random Query Instance Cost: 348975.52
2024-04-17 17:57 | INFO | Query 33 Size of the uncertainty table is = 1190/2154
2024-04-17 17:57 | INFO | Query 33 Size of the filtered table is = 21
2024-04-17 17:57 | INFO | Query 33 Active Learning Random Query Runtime on Validation Set: 99215.27
2024-04-17 17:57 | INFO | Query 33 Active Learning Random Query Runtime on Test Set: 89584.58
2024-04-17 17:57 | INFO | Query 33 Active Learning Random Query Instance Cost: 368014.54
2024-04-17 17:57 | INFO | Query 34 Size of the uncertainty table is = 1145/2154
2024-04-17 17:57 | INFO | Query 34 Size of the filtered table is = 21
2024-04-17 17:57 | INFO | Query 34 Active Learning Random Query Runtime on Validation Set: 134414.23
2024-04-17 17:57 | INFO | Query 34 Active Learning Random Query Runtime on Test Set: 89584.61
2024-04-17 17:57 | INFO | Query 34 Active Learning Random Query Instance Cost: 384702.09
2024-04-17 17:57 | INFO | Timeout limit is increased to 1700
2024-04-17 17:57 | INFO | Query 35 Size of the uncertainty table is = 1108/2154
2024-04-17 17:57 | INFO | Query 35 Size of the filtered table is = 21
2024-04-17 17:57 | INFO | Query 35 Active Learning Random Query Runtime on Validation Set: 203258.56
2024-04-17 17:57 | INFO | Query 35 Active Learning Random Query Runtime on Test Set: 89584.98
2024-04-17 17:57 | INFO | Query 35 Active Learning Random Query Instance Cost: 398828.06
2024-04-17 17:57 | INFO | Timeout limit is increased to 1800
2024-04-17 17:57 | INFO | Query 36 Size of the uncertainty table is = 1068/2154
2024-04-17 17:57 | INFO | Query 36 Size of the filtered table is = 21
2024-04-17 17:58 | INFO | Query 36 Active Learning Random Query Runtime on Validation Set: 133709.39
2024-04-17 17:58 | INFO | Query 36 Active Learning Random Query Runtime on Test Set: 21613.91
2024-04-17 17:58 | INFO | Query 36 Active Learning Random Query Instance Cost: 421082.71
2024-04-17 17:58 | INFO | Query 37 Size of the uncertainty table is = 1029/2154
2024-04-17 17:58 | INFO | Query 37 Size of the filtered table is = 21
2024-04-17 17:58 | INFO | Query 37 Active Learning Random Query Runtime on Validation Set: 168263.13
2024-04-17 17:58 | INFO | Query 37 Active Learning Random Query Runtime on Test Set: 58758.12
2024-04-17 17:58 | INFO | Query 37 Active Learning Random Query Instance Cost: 439600.02
2024-04-17 17:58 | INFO | Timeout limit is increased to 1900
2024-04-17 17:58 | INFO | Query 38 Size of the uncertainty table is = 986/2154
2024-04-17 17:58 | INFO | Query 38 Size of the filtered table is = 21
2024-04-17 17:58 | INFO | Query 38 Active Learning Random Query Runtime on Validation Set: 100428.52
2024-04-17 17:58 | INFO | Query 38 Active Learning Random Query Runtime on Test Set: 92767.42
2024-04-17 17:58 | INFO | Query 38 Active Learning Random Query Instance Cost: 462265.88
2024-04-17 17:58 | INFO | Query 39 Size of the uncertainty table is = 944/2154
2024-04-17 17:58 | INFO | Query 39 Size of the filtered table is = 21
2024-04-17 17:58 | INFO | Query 39 Active Learning Random Query Runtime on Validation Set: 168028.26
2024-04-17 17:58 | INFO | Query 39 Active Learning Random Query Runtime on Test Set: 125977.74
2024-04-17 17:58 | INFO | Query 39 Active Learning Random Query Instance Cost: 472418.7
2024-04-17 17:58 | INFO | Timeout limit is increased to 2000
2024-04-17 17:58 | INFO | Query 40 Size of the uncertainty table is = 902/2154
2024-04-17 17:58 | INFO | Query 40 Size of the filtered table is = 21
2024-04-17 17:58 | INFO | Query 40 Active Learning Random Query Runtime on Validation Set: 203653.98
2024-04-17 17:58 | INFO | Query 40 Active Learning Random Query Runtime on Test Set: 57569.31
2024-04-17 17:58 | INFO | Query 40 Active Learning Random Query Instance Cost: 494567.69
2024-04-17 17:58 | INFO | Timeout limit is increased to 2100
2024-04-17 17:58 | INFO | Query 41 Size of the uncertainty table is = 860/2154
2024-04-17 17:58 | INFO | Query 41 Size of the filtered table is = 21
2024-04-17 17:58 | INFO | Query 41 Active Learning Random Query Runtime on Validation Set: 168420.72
2024-04-17 17:58 | INFO | Query 41 Active Learning Random Query Runtime on Test Set: 92943.8
2024-04-17 17:58 | INFO | Query 41 Active Learning Random Query Instance Cost: 509999.43
2024-04-17 17:58 | INFO | Query 42 Size of the uncertainty table is = 817/2154
2024-04-17 17:58 | INFO | Query 42 Size of the filtered table is = 21
2024-04-17 17:58 | INFO | Query 42 Active Learning Random Query Runtime on Validation Set: 202892.99
2024-04-17 17:58 | INFO | Query 42 Active Learning Random Query Runtime on Test Set: 92767.24
2024-04-17 17:58 | INFO | Query 42 Active Learning Random Query Instance Cost: 530461.35
2024-04-17 17:58 | INFO | Timeout limit is increased to 2200
2024-04-17 17:58 | INFO | Query 43 Size of the uncertainty table is = 789/2154
2024-04-17 17:58 | INFO | Query 43 Size of the filtered table is = 21
2024-04-17 17:59 | INFO | Query 43 Active Learning Random Query Runtime on Validation Set: 169550.54
2024-04-17 17:59 | INFO | Query 43 Active Learning Random Query Runtime on Test Set: 56971.22
2024-04-17 17:59 | INFO | Query 43 Active Learning Random Query Instance Cost: 558664.29
2024-04-17 17:59 | INFO | Query 44 Size of the uncertainty table is = 759/2154
2024-04-17 17:59 | INFO | Query 44 Size of the filtered table is = 21
2024-04-17 17:59 | INFO | Query 44 Active Learning Random Query Runtime on Validation Set: 169550.54
2024-04-17 17:59 | INFO | Query 44 Active Learning Random Query Runtime on Test Set: 92764.62
2024-04-17 17:59 | INFO | Query 44 Active Learning Random Query Instance Cost: 582241.82
2024-04-17 17:59 | INFO | Timeout limit is increased to 2300
2024-04-17 17:59 | INFO | Query 45 Size of the uncertainty table is = 729/2154
2024-04-17 17:59 | INFO | Query 45 Size of the filtered table is = 21
2024-04-17 17:59 | INFO | Query 45 Active Learning Random Query Runtime on Validation Set: 168428.02
2024-04-17 17:59 | INFO | Query 45 Active Learning Random Query Runtime on Test Set: 92764.5
2024-04-17 17:59 | INFO | Query 45 Active Learning Random Query Instance Cost: 601660.84
2024-04-17 17:59 | INFO | Query 46 Size of the uncertainty table is = 690/2154
2024-04-17 17:59 | INFO | Query 46 Size of the filtered table is = 21
2024-04-17 17:59 | INFO | Query 46 Active Learning Random Query Runtime on Validation Set: 135961.15
2024-04-17 17:59 | INFO | Query 46 Active Learning Random Query Runtime on Test Set: 93759.63
2024-04-17 17:59 | INFO | Query 46 Active Learning Random Query Instance Cost: 622733.56
2024-04-17 17:59 | INFO | Query 47 Size of the uncertainty table is = 653/2154
2024-04-17 17:59 | INFO | Query 47 Size of the filtered table is = 21
2024-04-17 17:59 | INFO | Query 47 Active Learning Random Query Runtime on Validation Set: 202746.48
2024-04-17 17:59 | INFO | Query 47 Active Learning Random Query Runtime on Test Set: 92991.57
2024-04-17 17:59 | INFO | Query 47 Active Learning Random Query Instance Cost: 646244.3
2024-04-17 17:59 | INFO | Timeout limit is increased to 2400
2024-04-17 17:59 | INFO | Query 48 Size of the uncertainty table is = 622/2154
2024-04-17 17:59 | INFO | Query 48 Size of the filtered table is = 21
2024-04-17 17:59 | INFO | Query 48 Active Learning Random Query Runtime on Validation Set: 203215.55
2024-04-17 17:59 | INFO | Query 48 Active Learning Random Query Runtime on Test Set: 125598.73
2024-04-17 17:59 | INFO | Query 48 Active Learning Random Query Instance Cost: 676482.58
2024-04-17 17:59 | INFO | Timeout limit is increased to 2500
2024-04-17 17:59 | INFO | Query 49 Size of the uncertainty table is = 593/2154
2024-04-17 17:59 | INFO | Query 49 Size of the filtered table is = 21
2024-04-17 17:59 | INFO | Query 49 Active Learning Random Query Runtime on Validation Set: 168008.76
2024-04-17 17:59 | INFO | Query 49 Active Learning Random Query Runtime on Test Set: 125296.94
2024-04-17 17:59 | INFO | Query 49 Active Learning Random Query Instance Cost: 708649.9
2024-04-17 17:59 | INFO | Query 50 Size of the uncertainty table is = 561/2154
2024-04-17 17:59 | INFO | Query 50 Size of the filtered table is = 21
2024-04-17 18:00 | INFO | Query 50 Active Learning Random Query Runtime on Validation Set: 202747.2
2024-04-17 18:00 | INFO | Query 50 Active Learning Random Query Runtime on Test Set: 125377.31
2024-04-17 18:00 | INFO | Query 50 Active Learning Random Query Instance Cost: 731878.59
2024-04-17 18:00 | INFO | Timeout limit is increased to 2600
2024-04-17 18:00 | INFO | Query 51 Size of the uncertainty table is = 540/2154
2024-04-17 18:00 | INFO | Query 51 Size of the filtered table is = 21
2024-04-17 18:00 | INFO | Query 51 Active Learning Random Query Runtime on Validation Set: 168124.64
2024-04-17 18:00 | INFO | Query 51 Active Learning Random Query Runtime on Test Set: 125374.56
2024-04-17 18:00 | INFO | Query 51 Active Learning Random Query Instance Cost: 757478.84
2024-04-17 18:00 | INFO | Query 52 Size of the uncertainty table is = 515/2154
2024-04-17 18:00 | INFO | Query 52 Size of the filtered table is = 21
2024-04-17 18:00 | INFO | Query 52 Active Learning Random Query Runtime on Validation Set: 202746.48
2024-04-17 18:00 | INFO | Query 52 Active Learning Random Query Runtime on Test Set: 92764.08
2024-04-17 18:00 | INFO | Query 52 Active Learning Random Query Instance Cost: 793680.68
2024-04-17 18:00 | INFO | Timeout limit is increased to 2700
2024-04-17 18:00 | INFO | Query 53 Size of the uncertainty table is = 496/2154
2024-04-17 18:00 | INFO | Query 53 Size of the filtered table is = 21
2024-04-17 18:00 | INFO | Query 53 Active Learning Random Query Runtime on Validation Set: 203216.28
2024-04-17 18:00 | INFO | Query 53 Active Learning Random Query Runtime on Test Set: 126375.35
2024-04-17 18:00 | INFO | Query 53 Active Learning Random Query Instance Cost: 824537.99
2024-04-17 18:00 | INFO | Timeout limit is increased to 2800
2024-04-17 18:00 | INFO | Query 54 Size of the uncertainty table is = 473/2154
2024-04-17 18:00 | INFO | Query 54 Size of the filtered table is = 21
2024-04-17 18:00 | INFO | Query 54 Active Learning Random Query Runtime on Validation Set: 133384.41
2024-04-17 18:00 | INFO | Query 54 Active Learning Random Query Runtime on Test Set: 126201.63
2024-04-17 18:00 | INFO | Query 54 Active Learning Random Query Instance Cost: 848777.93
2024-04-17 18:00 | INFO | Query 55 Size of the uncertainty table is = 452/2154
2024-04-17 18:00 | INFO | Query 55 Size of the filtered table is = 21
2024-04-17 18:00 | INFO | Query 55 Active Learning Random Query Runtime on Validation Set: 168013.1
2024-04-17 18:00 | INFO | Query 55 Active Learning Random Query Runtime on Test Set: 126202.08
2024-04-17 18:00 | INFO | Query 55 Active Learning Random Query Instance Cost: 878773.08
2024-04-17 18:00 | INFO | Timeout limit is increased to 2900
2024-04-17 18:00 | INFO | Query 56 Size of the uncertainty table is = 427/2154
2024-04-17 18:00 | INFO | Query 56 Size of the filtered table is = 21
2024-04-17 18:00 | INFO | Query 56 Active Learning Random Query Runtime on Validation Set: 167168.03
2024-04-17 18:00 | INFO | Query 56 Active Learning Random Query Runtime on Test Set: 125769.38
2024-04-17 18:00 | INFO | Query 56 Active Learning Random Query Instance Cost: 904597.95
2024-04-17 18:00 | INFO | Query 57 Size of the uncertainty table is = 400/2154
2024-04-17 18:00 | INFO | Query 57 Size of the filtered table is = 21
2024-04-17 18:01 | INFO | Query 57 Active Learning Random Query Runtime on Validation Set: 202978.24
2024-04-17 18:01 | INFO | Query 57 Active Learning Random Query Runtime on Test Set: 125369.16
2024-04-17 18:01 | INFO | Query 57 Active Learning Random Query Instance Cost: 936684.87
2024-04-17 18:01 | INFO | Timeout limit is increased to 3000
2024-04-17 18:01 | INFO | Query 58 Size of the uncertainty table is = 381/2154
2024-04-17 18:01 | INFO | Query 58 Size of the filtered table is = 21
2024-04-17 18:01 | INFO | Query 58 Active Learning Random Query Runtime on Validation Set: 202798.99
2024-04-17 18:01 | INFO | Query 58 Active Learning Random Query Runtime on Test Set: 126143.84
2024-04-17 18:01 | INFO | Query 58 Active Learning Random Query Instance Cost: 974599.85
2024-04-17 18:01 | INFO | Query 59 Size of the uncertainty table is = 370/2154
2024-04-17 18:01 | INFO | Query 59 Size of the filtered table is = 21
2024-04-17 18:01 | INFO | Query 59 Active Learning Random Query Runtime on Validation Set: 239513.43
2024-04-17 18:01 | INFO | Query 59 Active Learning Random Query Runtime on Test Set: 126143.81
2024-04-17 18:01 | INFO | Query 59 Active Learning Random Query Instance Cost: 1003833.12
2024-04-17 18:01 | INFO | Timeout limit is increased to 3100
2024-04-17 18:01 | INFO | Query 60 Size of the uncertainty table is = 365/2154
2024-04-17 18:01 | INFO | Query 60 Size of the filtered table is = 21
2024-04-17 18:01 | INFO | Query 60 Active Learning Random Query Runtime on Validation Set: 239513.43
2024-04-17 18:01 | INFO | Query 60 Active Learning Random Query Runtime on Test Set: 126143.84
2024-04-17 18:01 | INFO | Query 60 Active Learning Random Query Instance Cost: 1026295.54
2024-04-17 18:01 | INFO | Timeout limit is increased to 3200
2024-04-17 18:01 | INFO | Query 61 Size of the uncertainty table is = 354/2154
2024-04-17 18:01 | INFO | Query 61 Size of the filtered table is = 21
2024-04-17 18:01 | INFO | Query 61 Active Learning Random Query Runtime on Validation Set: 239757.58
2024-04-17 18:01 | INFO | Query 61 Active Learning Random Query Runtime on Test Set: 123612.48
2024-04-17 18:01 | INFO | Query 61 Active Learning Random Query Instance Cost: 1044026.72
2024-04-17 18:01 | INFO | Timeout limit is increased to 3300
2024-04-17 18:01 | INFO | Query 62 Size of the uncertainty table is = 334/2154
2024-04-17 18:01 | INFO | Query 62 Size of the filtered table is = 21
2024-04-17 18:01 | INFO | Query 62 Active Learning Random Query Runtime on Validation Set: 204647.98
2024-04-17 18:01 | INFO | Query 62 Active Learning Random Query Runtime on Test Set: 123796.3
2024-04-17 18:01 | INFO | Query 62 Active Learning Random Query Instance Cost: 1066458.21
2024-04-17 18:01 | INFO | Query 63 Size of the uncertainty table is = 319/2154
2024-04-17 18:01 | INFO | Query 63 Size of the filtered table is = 21
2024-04-17 18:02 | INFO | Query 63 Active Learning Random Query Runtime on Validation Set: 239782.15
2024-04-17 18:02 | INFO | Query 63 Active Learning Random Query Runtime on Test Set: 123619.73
2024-04-17 18:02 | INFO | Query 63 Active Learning Random Query Instance Cost: 1099096.93
2024-04-17 18:02 | INFO | Timeout limit is increased to 3400
2024-04-17 18:02 | INFO | Query 64 Size of the uncertainty table is = 312/2154
2024-04-17 18:02 | INFO | Query 64 Size of the filtered table is = 21
2024-04-17 18:02 | INFO | Query 64 Active Learning Random Query Runtime on Validation Set: 203008.93
2024-04-17 18:02 | INFO | Query 64 Active Learning Random Query Runtime on Test Set: 124012.34
2024-04-17 18:02 | INFO | Query 64 Active Learning Random Query Instance Cost: 1133996.56
2024-04-17 18:02 | INFO | Query 65 Size of the uncertainty table is = 305/2154
2024-04-17 18:02 | INFO | Query 65 Size of the filtered table is = 21
2024-04-17 18:02 | INFO | Query 65 Active Learning Random Query Runtime on Validation Set: 203008.93
2024-04-17 18:02 | INFO | Query 65 Active Learning Random Query Runtime on Test Set: 124019.95
2024-04-17 18:02 | INFO | Query 65 Active Learning Random Query Instance Cost: 1160017.16
2024-04-17 18:02 | INFO | Timeout limit is increased to 3500
2024-04-17 18:02 | INFO | Query 66 Size of the uncertainty table is = 298/2154
2024-04-17 18:02 | INFO | Query 66 Size of the filtered table is = 21
2024-04-17 18:02 | INFO | Query 66 Active Learning Random Query Runtime on Validation Set: 168123.91
2024-04-17 18:02 | INFO | Query 66 Active Learning Random Query Runtime on Test Set: 123022.06
2024-04-17 18:02 | INFO | Query 66 Active Learning Random Query Instance Cost: 1182807.99
2024-04-17 18:02 | INFO | Query 67 Size of the uncertainty table is = 292/2154
2024-04-17 18:02 | INFO | Query 67 Size of the filtered table is = 21
2024-04-17 18:02 | INFO | Query 67 Active Learning Random Query Runtime on Validation Set: 168123.91
2024-04-17 18:02 | INFO | Query 67 Active Learning Random Query Runtime on Test Set: 123022.06
2024-04-17 18:02 | INFO | Query 67 Active Learning Random Query Instance Cost: 1205114.27
2024-04-17 18:02 | INFO | Timeout limit is increased to 3600
2024-04-17 18:02 | INFO | Query 68 Size of the uncertainty table is = 289/2154
2024-04-17 18:02 | INFO | Query 68 Size of the filtered table is = 21
2024-04-17 18:02 | INFO | Query 68 Active Learning Random Query Runtime on Validation Set: 168123.91
2024-04-17 18:02 | INFO | Query 68 Active Learning Random Query Runtime on Test Set: 123025.49
2024-04-17 18:02 | INFO | Query 68 Active Learning Random Query Instance Cost: 1226064.84
2024-04-17 18:02 | INFO | Timeout limit is increased to 3600
2024-04-17 18:02 | INFO | Query 69 Size of the uncertainty table is = 15/2154
2024-04-17 18:02 | INFO | Query 69 Size of the filtered table is = 15
2024-04-17 18:02 | INFO | Query 69 Active Learning Random Query Runtime on Validation Set: 168123.91
2024-04-17 18:02 | INFO | Query 69 Active Learning Random Query Runtime on Test Set: 123014.3
2024-04-17 18:02 | INFO | Query 69 Active Learning Random Query Instance Cost: 1242986.97
2024-04-17 18:02 | INFO | Timeout limit is increased to 3600
2024-04-17 18:02 | INFO | runtime_train_score is written as json file
2024-04-17 18:02 | INFO | runtime_test_score is written as json file
2024-04-17 18:02 | INFO | runtime_validation_score is written as json file
2024-04-17 18:02 | INFO | instance_cost is written as json file
2024-04-17 18:02 | INFO | Experiment is finished
