2024-04-17 18:12 | INFO | Paramaters are: {'dataset': 'MAXSAT12-PMS', 'penalty': 10, 'weight': 'No_Weight', 'voting': 'Hard', 'pre_selection_size': 64, 'pre_selection_technique': 'No_pre_selection', 'feature_elimination_threshold': 20, 'imputer_strategy': 'median', 'feature_selection_technique': 'No_feature_selection', 'feature_scaling_technique': 'StandardScaler', 'initial_train_size': 20, 'query_size': 1, 'timeout_predictor_usage': 'No', 'timeout_limit': 3600, 'timeout_increase_rate': 100, 'RANDOM_STATE_SEED': 7, 'n_splits': 10, 'split_number': 2, 'max_timeout': 3600, 'param_grid': {'n_estimators': 100, 'criterion': 'gini', 'max_features': 'sqrt', 'max_depth': 2147483648, 'min_samples_split': 2, 'bootstrap': True}}
2024-04-17 18:12 | INFO | MAXSAT12-PMS is current dataset
2024-04-17 18:12 | INFO | DATASETS/MAXSAT12-PMS/algorithm_runs.csv is found
2024-04-17 18:12 | INFO | DATASETS/MAXSAT12-PMS/algorithm_runs.csv is finished
2024-04-17 18:12 | INFO | DATASETS/MAXSAT12-PMS/feature_values.csv is found
2024-04-17 18:12 | INFO | DATASETS/MAXSAT12-PMS/feature_values.csv is finished
2024-04-17 18:12 | INFO | DATASETS/MAXSAT12-PMS/feature_costs.csv is found
2024-04-17 18:12 | INFO | DATASETS/MAXSAT12-PMS/feature_costs.csv is finished
2024-04-17 18:12 | INFO | Feature cost of train set is 29.51
2024-04-17 18:13 | INFO | Initial Active Learning Random Query Runtime on Validation Set: 298307.17
2024-04-17 18:13 | INFO | Initial Active Learning Random Query Runtime on Test Set: 109306.81
2024-04-17 18:13 | INFO | Initial Active Learning Random Query Instance Cost: 172974.58
2024-04-17 18:13 | INFO | Bin size = 77
2024-04-17 18:13 | INFO | Query 1 Size of the uncertainty table is = 7755/7755
2024-04-17 18:13 | INFO | Query 1 Size of the filtered table is = 77
2024-04-17 18:13 | INFO | Query 1 Active Learning Random Query Runtime on Validation Set: 298310.8
2024-04-17 18:13 | INFO | Query 1 Active Learning Random Query Runtime on Test Set: 38515.12
2024-04-17 18:13 | INFO | Query 1 Active Learning Random Query Instance Cost: 312806.5
2024-04-17 18:13 | INFO | Timeout limit is increased to 3600
2024-04-17 18:13 | INFO | Query 2 Size of the uncertainty table is = 7667/7755
2024-04-17 18:13 | INFO | Query 2 Size of the filtered table is = 77
2024-04-17 18:14 | INFO | Query 2 Active Learning Random Query Runtime on Validation Set: 480353.75
2024-04-17 18:14 | INFO | Query 2 Active Learning Random Query Runtime on Test Set: 109994.6
2024-04-17 18:14 | INFO | Query 2 Active Learning Random Query Instance Cost: 484437.44
2024-04-17 18:14 | INFO | Timeout limit is increased to 3600
2024-04-17 18:14 | INFO | Query 3 Size of the uncertainty table is = 7561/7755
2024-04-17 18:14 | INFO | Query 3 Size of the filtered table is = 77
2024-04-17 18:14 | INFO | Query 3 Active Learning Random Query Runtime on Validation Set: 298140.05
2024-04-17 18:14 | INFO | Query 3 Active Learning Random Query Runtime on Test Set: 109264.25
2024-04-17 18:14 | INFO | Query 3 Active Learning Random Query Instance Cost: 610007.53
2024-04-17 18:14 | INFO | Query 4 Size of the uncertainty table is = 7432/7755
2024-04-17 18:14 | INFO | Query 4 Size of the filtered table is = 77
2024-04-17 18:15 | INFO | Query 4 Active Learning Random Query Runtime on Validation Set: 549192.31
2024-04-17 18:15 | INFO | Query 4 Active Learning Random Query Runtime on Test Set: 75496.26
2024-04-17 18:15 | INFO | Query 4 Active Learning Random Query Instance Cost: 709716.24
2024-04-17 18:15 | INFO | Timeout limit is increased to 3600
2024-04-17 18:15 | INFO | Query 5 Size of the uncertainty table is = 7284/7755
2024-04-17 18:15 | INFO | Query 5 Size of the filtered table is = 77
2024-04-17 18:15 | INFO | Query 5 Active Learning Random Query Runtime on Validation Set: 731593.72
2024-04-17 18:15 | INFO | Query 5 Active Learning Random Query Runtime on Test Set: 147068.88
2024-04-17 18:15 | INFO | Query 5 Active Learning Random Query Instance Cost: 862154.33
2024-04-17 18:15 | INFO | Timeout limit is increased to 3600
2024-04-17 18:15 | INFO | Query 6 Size of the uncertainty table is = 7115/7755
2024-04-17 18:15 | INFO | Query 6 Size of the filtered table is = 77
2024-04-17 18:16 | INFO | Query 6 Active Learning Random Query Runtime on Validation Set: 260139.52
2024-04-17 18:16 | INFO | Query 6 Active Learning Random Query Runtime on Test Set: 110432.22
2024-04-17 18:16 | INFO | Query 6 Active Learning Random Query Instance Cost: 982072.69
2024-04-17 18:16 | INFO | Query 7 Size of the uncertainty table is = 6905/7755
2024-04-17 18:16 | INFO | Query 7 Size of the filtered table is = 77
2024-04-17 18:16 | INFO | Query 7 Active Learning Random Query Runtime on Validation Set: 10923.23
2024-04-17 18:16 | INFO | Query 7 Active Learning Random Query Runtime on Test Set: 109131.47
2024-04-17 18:16 | INFO | Query 7 Active Learning Random Query Instance Cost: 1123450.73
2024-04-17 18:16 | INFO | Query 8 Size of the uncertainty table is = 6719/7755
2024-04-17 18:16 | INFO | Query 8 Size of the filtered table is = 77
2024-04-17 18:17 | INFO | Query 8 Active Learning Random Query Runtime on Validation Set: 442356.95
2024-04-17 18:17 | INFO | Query 8 Active Learning Random Query Runtime on Test Set: 145697.41
2024-04-17 18:17 | INFO | Query 8 Active Learning Random Query Instance Cost: 1237595.08
2024-04-17 18:17 | INFO | Timeout limit is increased to 3600
2024-04-17 18:17 | INFO | Query 9 Size of the uncertainty table is = 6508/7755
2024-04-17 18:17 | INFO | Query 9 Size of the filtered table is = 77
2024-04-17 18:17 | INFO | Query 9 Active Learning Random Query Runtime on Validation Set: 260167.31
2024-04-17 18:17 | INFO | Query 9 Active Learning Random Query Runtime on Test Set: 109039.19
2024-04-17 18:17 | INFO | Query 9 Active Learning Random Query Instance Cost: 1312731.58
2024-04-17 18:17 | INFO | Query 10 Size of the uncertainty table is = 6281/7755
2024-04-17 18:17 | INFO | Query 10 Size of the filtered table is = 77
2024-04-17 18:18 | INFO | Query 10 Active Learning Random Query Runtime on Validation Set: 260151.44
2024-04-17 18:18 | INFO | Query 10 Active Learning Random Query Runtime on Test Set: 38536.29
2024-04-17 18:18 | INFO | Query 10 Active Learning Random Query Instance Cost: 1448614.16
2024-04-17 18:18 | INFO | Query 11 Size of the uncertainty table is = 6072/7755
2024-04-17 18:18 | INFO | Query 11 Size of the filtered table is = 77
2024-04-17 18:18 | INFO | Query 11 Active Learning Random Query Runtime on Validation Set: 9071.67
2024-04-17 18:18 | INFO | Query 11 Active Learning Random Query Runtime on Test Set: 73158.73
2024-04-17 18:18 | INFO | Query 11 Active Learning Random Query Instance Cost: 1589048.36
2024-04-17 18:18 | INFO | Query 12 Size of the uncertainty table is = 5843/7755
2024-04-17 18:18 | INFO | Query 12 Size of the filtered table is = 77
2024-04-17 18:19 | INFO | Query 12 Active Learning Random Query Runtime on Validation Set: 9228.86
2024-04-17 18:19 | INFO | Query 12 Active Learning Random Query Runtime on Test Set: 38462.45
2024-04-17 18:19 | INFO | Query 12 Active Learning Random Query Instance Cost: 1748782.57
2024-04-17 18:19 | INFO | Timeout limit is increased to 3600
2024-04-17 18:19 | INFO | Query 13 Size of the uncertainty table is = 5570/7755
2024-04-17 18:19 | INFO | Query 13 Size of the filtered table is = 77
2024-04-17 18:19 | INFO | Query 13 Active Learning Random Query Runtime on Validation Set: 260328.71
2024-04-17 18:19 | INFO | Query 13 Active Learning Random Query Runtime on Test Set: 72974.04
2024-04-17 18:19 | INFO | Query 13 Active Learning Random Query Instance Cost: 1872986.26
2024-04-17 18:19 | INFO | Timeout limit is increased to 3600
2024-04-17 18:19 | INFO | Query 14 Size of the uncertainty table is = 5323/7755
2024-04-17 18:19 | INFO | Query 14 Size of the filtered table is = 77
2024-04-17 18:20 | INFO | Query 14 Active Learning Random Query Runtime on Validation Set: 260343.11
2024-04-17 18:20 | INFO | Query 14 Active Learning Random Query Runtime on Test Set: 73083.29
2024-04-17 18:20 | INFO | Query 14 Active Learning Random Query Instance Cost: 2001512.34
2024-04-17 18:20 | INFO | Timeout limit is increased to 3600
2024-04-17 18:20 | INFO | Query 15 Size of the uncertainty table is = 5049/7755
2024-04-17 18:20 | INFO | Query 15 Size of the filtered table is = 77
2024-04-17 18:20 | INFO | Query 15 Active Learning Random Query Runtime on Validation Set: 9229.98
2024-04-17 18:20 | INFO | Query 15 Active Learning Random Query Runtime on Test Set: 109048.33
2024-04-17 18:20 | INFO | Query 15 Active Learning Random Query Instance Cost: 2091412.62
2024-04-17 18:20 | INFO | Query 16 Size of the uncertainty table is = 4798/7755
2024-04-17 18:20 | INFO | Query 16 Size of the filtered table is = 77
2024-04-17 18:21 | INFO | Query 16 Active Learning Random Query Runtime on Validation Set: 442430.27
2024-04-17 18:21 | INFO | Query 16 Active Learning Random Query Runtime on Test Set: 109728.7
2024-04-17 18:21 | INFO | Query 16 Active Learning Random Query Instance Cost: 2188817.7
2024-04-17 18:21 | INFO | Timeout limit is increased to 3600
2024-04-17 18:21 | INFO | Query 17 Size of the uncertainty table is = 4514/7755
2024-04-17 18:21 | INFO | Query 17 Size of the filtered table is = 77
2024-04-17 18:21 | INFO | Query 17 Active Learning Random Query Runtime on Validation Set: 260831.29
2024-04-17 18:21 | INFO | Query 17 Active Learning Random Query Runtime on Test Set: 73216.57
2024-04-17 18:21 | INFO | Query 17 Active Learning Random Query Instance Cost: 2257221.57
2024-04-17 18:21 | INFO | Query 18 Size of the uncertainty table is = 4266/7755
2024-04-17 18:21 | INFO | Query 18 Size of the filtered table is = 77
2024-04-17 18:22 | INFO | Query 18 Active Learning Random Query Runtime on Validation Set: 9102.2
2024-04-17 18:22 | INFO | Query 18 Active Learning Random Query Runtime on Test Set: 73136.91
2024-04-17 18:22 | INFO | Query 18 Active Learning Random Query Instance Cost: 2373291.81
2024-04-17 18:22 | INFO | Query 19 Size of the uncertainty table is = 3951/7755
2024-04-17 18:22 | INFO | Query 19 Size of the filtered table is = 77
2024-04-17 18:22 | INFO | Query 19 Active Learning Random Query Runtime on Validation Set: 9115.65
2024-04-17 18:22 | INFO | Query 19 Active Learning Random Query Runtime on Test Set: 73066.49
2024-04-17 18:22 | INFO | Query 19 Active Learning Random Query Instance Cost: 2506228.79
2024-04-17 18:22 | INFO | Timeout limit is increased to 3600
2024-04-17 18:22 | INFO | Query 20 Size of the uncertainty table is = 3643/7755
2024-04-17 18:22 | INFO | Query 20 Size of the filtered table is = 77
2024-04-17 18:23 | INFO | Query 20 Active Learning Random Query Runtime on Validation Set: 9116.59
2024-04-17 18:23 | INFO | Query 20 Active Learning Random Query Runtime on Test Set: 109133.53
2024-04-17 18:23 | INFO | Query 20 Active Learning Random Query Instance Cost: 2577437.07
2024-04-17 18:23 | INFO | Timeout limit is increased to 3600
2024-04-17 18:23 | INFO | Query 21 Size of the uncertainty table is = 3325/7755
2024-04-17 18:23 | INFO | Query 21 Size of the filtered table is = 77
2024-04-17 18:23 | INFO | Query 21 Active Learning Random Query Runtime on Validation Set: 9232.9
2024-04-17 18:23 | INFO | Query 21 Active Learning Random Query Runtime on Test Set: 73121.08
2024-04-17 18:23 | INFO | Query 21 Active Learning Random Query Instance Cost: 2658571.43
2024-04-17 18:23 | INFO | Timeout limit is increased to 3600
2024-04-17 18:23 | INFO | Query 22 Size of the uncertainty table is = 3018/7755
2024-04-17 18:23 | INFO | Query 22 Size of the filtered table is = 77
2024-04-17 18:24 | INFO | Query 22 Active Learning Random Query Runtime on Validation Set: 9324.42
2024-04-17 18:24 | INFO | Query 22 Active Learning Random Query Runtime on Test Set: 109188.29
2024-04-17 18:24 | INFO | Query 22 Active Learning Random Query Instance Cost: 2778958.67
2024-04-17 18:24 | INFO | Timeout limit is increased to 3600
2024-04-17 18:24 | INFO | Query 23 Size of the uncertainty table is = 2695/7755
2024-04-17 18:24 | INFO | Query 23 Size of the filtered table is = 77
2024-04-17 18:24 | INFO | Query 23 Active Learning Random Query Runtime on Validation Set: 9248.15
2024-04-17 18:24 | INFO | Query 23 Active Learning Random Query Runtime on Test Set: 73063.06
2024-04-17 18:24 | INFO | Query 23 Active Learning Random Query Instance Cost: 2884704.22
2024-04-17 18:24 | INFO | Query 24 Size of the uncertainty table is = 2360/7755
2024-04-17 18:24 | INFO | Query 24 Size of the filtered table is = 77
2024-04-17 18:25 | INFO | Query 24 Active Learning Random Query Runtime on Validation Set: 10084.14
2024-04-17 18:25 | INFO | Query 24 Active Learning Random Query Runtime on Test Set: 73114.8
2024-04-17 18:25 | INFO | Query 24 Active Learning Random Query Instance Cost: 2991922.88
2024-04-17 18:25 | INFO | Timeout limit is increased to 3600
2024-04-17 18:25 | INFO | Query 25 Size of the uncertainty table is = 2019/7755
2024-04-17 18:25 | INFO | Query 25 Size of the filtered table is = 77
2024-04-17 18:25 | INFO | Query 25 Active Learning Random Query Runtime on Validation Set: 9292.82
2024-04-17 18:25 | INFO | Query 25 Active Learning Random Query Runtime on Test Set: 73063.07
2024-04-17 18:25 | INFO | Query 25 Active Learning Random Query Instance Cost: 3067642.17
2024-04-17 18:25 | INFO | Query 26 Size of the uncertainty table is = 1697/7755
2024-04-17 18:25 | INFO | Query 26 Size of the filtered table is = 77
2024-04-17 18:26 | INFO | Query 26 Active Learning Random Query Runtime on Validation Set: 9164.46
2024-04-17 18:26 | INFO | Query 26 Active Learning Random Query Runtime on Test Set: 2547.53
2024-04-17 18:26 | INFO | Query 26 Active Learning Random Query Instance Cost: 3148350.56
2024-04-17 18:26 | INFO | Query 27 Size of the uncertainty table is = 1368/7755
2024-04-17 18:26 | INFO | Query 27 Size of the filtered table is = 77
2024-04-17 18:26 | INFO | Query 27 Active Learning Random Query Runtime on Validation Set: 9164.48
2024-04-17 18:26 | INFO | Query 27 Active Learning Random Query Runtime on Test Set: 2604.09
2024-04-17 18:26 | INFO | Query 27 Active Learning Random Query Instance Cost: 3212562.5
2024-04-17 18:26 | INFO | Timeout limit is increased to 3600
2024-04-17 18:26 | INFO | Query 28 Size of the uncertainty table is = 1065/7755
2024-04-17 18:26 | INFO | Query 28 Size of the filtered table is = 77
2024-04-17 18:27 | INFO | Query 28 Active Learning Random Query Runtime on Validation Set: 9293.78
2024-04-17 18:27 | INFO | Query 28 Active Learning Random Query Runtime on Test Set: 38352.01
2024-04-17 18:27 | INFO | Query 28 Active Learning Random Query Instance Cost: 3298260.98
2024-04-17 18:27 | INFO | Timeout limit is increased to 3600
2024-04-17 18:27 | INFO | Query 29 Size of the uncertainty table is = 747/7755
2024-04-17 18:27 | INFO | Query 29 Size of the filtered table is = 77
2024-04-17 18:27 | INFO | Query 29 Active Learning Random Query Runtime on Validation Set: 45942.47
2024-04-17 18:27 | INFO | Query 29 Active Learning Random Query Runtime on Test Set: 2593.29
2024-04-17 18:27 | INFO | Query 29 Active Learning Random Query Instance Cost: 3361781.93
2024-04-17 18:27 | INFO | Timeout limit is increased to 3600
2024-04-17 18:27 | INFO | Query 30 Size of the uncertainty table is = 433/7755
2024-04-17 18:27 | INFO | Query 30 Size of the filtered table is = 77
2024-04-17 18:28 | INFO | Query 30 Active Learning Random Query Runtime on Validation Set: 9315.6
2024-04-17 18:28 | INFO | Query 30 Active Learning Random Query Runtime on Test Set: 2592.96
2024-04-17 18:28 | INFO | Query 30 Active Learning Random Query Instance Cost: 3413062.05
2024-04-17 18:28 | INFO | Query 31 Size of the uncertainty table is = 166/7755
2024-04-17 18:28 | INFO | Query 31 Size of the filtered table is = 77
2024-04-17 18:28 | INFO | Query 31 Active Learning Random Query Runtime on Validation Set: 9260.69
2024-04-17 18:28 | INFO | Query 31 Active Learning Random Query Runtime on Test Set: 2593.05
2024-04-17 18:28 | INFO | Query 31 Active Learning Random Query Instance Cost: 3447762.8
2024-04-17 18:28 | INFO | Query 32 Size of the uncertainty table is = 5/7755
2024-04-17 18:28 | INFO | Query 32 Size of the filtered table is = 5
2024-04-17 18:29 | INFO | Query 32 Active Learning Random Query Runtime on Validation Set: 9260.69
2024-04-17 18:29 | INFO | Query 32 Active Learning Random Query Runtime on Test Set: 2593.05
2024-04-17 18:29 | INFO | Query 32 Active Learning Random Query Instance Cost: 3447762.8
2024-04-17 18:29 | INFO | Timeout limit is increased to 3600
2024-04-17 18:29 | INFO | runtime_train_score is written as json file
2024-04-17 18:29 | INFO | runtime_test_score is written as json file
2024-04-17 18:29 | INFO | runtime_validation_score is written as json file
2024-04-17 18:29 | INFO | instance_cost is written as json file
2024-04-17 18:29 | INFO | Experiment is finished
