2024-04-17 17:52 | INFO | Paramaters are: {'dataset': 'CPMP-2015', 'penalty': 10, 'weight': 'No_Weight', 'voting': 'Hard', 'pre_selection_size': 64, 'pre_selection_technique': 'No_pre_selection', 'feature_elimination_threshold': 20, 'imputer_strategy': 'median', 'feature_selection_technique': 'No_feature_selection', 'feature_scaling_technique': 'StandardScaler', 'initial_train_size': 20, 'query_size': 1, 'timeout_predictor_usage': 'Yes', 'timeout_limit': 100, 'timeout_increase_rate': 100, 'RANDOM_STATE_SEED': 123, 'n_splits': 10, 'split_number': 3, 'max_timeout': 3600, 'param_grid': {'n_estimators': 100, 'criterion': 'gini', 'max_features': 'sqrt', 'max_depth': 2147483648, 'min_samples_split': 2, 'bootstrap': True}}
2024-04-17 17:52 | INFO | CPMP-2015 is current dataset
2024-04-17 17:52 | INFO | DATASETS/CPMP-2015/algorithm_runs.csv is found
2024-04-17 17:52 | INFO | DATASETS/CPMP-2015/algorithm_runs.csv is finished
2024-04-17 17:52 | INFO | DATASETS/CPMP-2015/feature_values.csv is found
2024-04-17 17:52 | INFO | DATASETS/CPMP-2015/feature_values.csv is finished
2024-04-17 17:52 | INFO | Feature cost of train set is 0
2024-04-17 17:53 | INFO | Initial Active Learning Random Query Runtime on Validation Set: 698537.17
2024-04-17 17:53 | INFO | Initial Active Learning Random Query Runtime on Test Set: 406986.76
2024-04-17 17:53 | INFO | Initial Active Learning Random Query Instance Cost: 3633.55
2024-04-17 17:53 | INFO | Bin size = 21
2024-04-17 17:53 | INFO | Query 1 Size of the uncertainty table is = 2180/2154
2024-04-17 17:53 | INFO | Query 1 Size of the filtered table is = 21
2024-04-17 17:53 | INFO | Query 1 Active Learning Random Query Runtime on Validation Set: 1655635.05
2024-04-17 17:53 | INFO | Query 1 Active Learning Random Query Runtime on Test Set: 587834.19
2024-04-17 17:53 | INFO | Query 1 Active Learning Random Query Instance Cost: 5072.86
2024-04-17 17:53 | INFO | Timeout limit is increased to 200
2024-04-17 17:53 | INFO | Query 2 Size of the uncertainty table is = 2162/2154
2024-04-17 17:53 | INFO | Query 2 Size of the filtered table is = 21
2024-04-17 17:53 | INFO | Query 2 Active Learning Random Query Runtime on Validation Set: 1761834.18
2024-04-17 17:53 | INFO | Query 2 Active Learning Random Query Runtime on Test Set: 582951.74
2024-04-17 17:53 | INFO | Query 2 Active Learning Random Query Instance Cost: 8825.46
2024-04-17 17:53 | INFO | Timeout limit is increased to 300
2024-04-17 17:53 | INFO | Query 3 Size of the uncertainty table is = 2145/2154
2024-04-17 17:53 | INFO | Query 3 Size of the filtered table is = 21
2024-04-17 17:53 | INFO | Query 3 Active Learning Random Query Runtime on Validation Set: 1119252.42
2024-04-17 17:53 | INFO | Query 3 Active Learning Random Query Runtime on Test Set: 340755.15
2024-04-17 17:53 | INFO | Query 3 Active Learning Random Query Instance Cost: 13561.6
2024-04-17 17:53 | INFO | Query 4 Size of the uncertainty table is = 2125/2154
2024-04-17 17:53 | INFO | Query 4 Size of the filtered table is = 21
2024-04-17 17:53 | INFO | Query 4 Active Learning Random Query Runtime on Validation Set: 631681.91
2024-04-17 17:53 | INFO | Query 4 Active Learning Random Query Runtime on Test Set: 340040.97
2024-04-17 17:53 | INFO | Query 4 Active Learning Random Query Instance Cost: 17993.65
2024-04-17 17:53 | INFO | Query 5 Size of the uncertainty table is = 2107/2154
2024-04-17 17:53 | INFO | Query 5 Size of the filtered table is = 21
2024-04-17 17:53 | INFO | Query 5 Active Learning Random Query Runtime on Validation Set: 1269335.99
2024-04-17 17:53 | INFO | Query 5 Active Learning Random Query Runtime on Test Set: 375726.67
2024-04-17 17:53 | INFO | Query 5 Active Learning Random Query Instance Cost: 23275.97
2024-04-17 17:53 | INFO | Timeout limit is increased to 400
2024-04-17 17:53 | INFO | Query 6 Size of the uncertainty table is = 2084/2154
2024-04-17 17:53 | INFO | Query 6 Size of the filtered table is = 21
2024-04-17 17:54 | INFO | Query 6 Active Learning Random Query Runtime on Validation Set: 1057720.58
2024-04-17 17:54 | INFO | Query 6 Active Learning Random Query Runtime on Test Set: 377553.7
2024-04-17 17:54 | INFO | Query 6 Active Learning Random Query Instance Cost: 31540.51
2024-04-17 17:54 | INFO | Query 7 Size of the uncertainty table is = 2068/2154
2024-04-17 17:54 | INFO | Query 7 Size of the filtered table is = 21
2024-04-17 17:54 | INFO | Query 7 Active Learning Random Query Runtime on Validation Set: 1200783.72
2024-04-17 17:54 | INFO | Query 7 Active Learning Random Query Runtime on Test Set: 446403.87
2024-04-17 17:54 | INFO | Query 7 Active Learning Random Query Instance Cost: 38020.17
2024-04-17 17:54 | INFO | Timeout limit is increased to 500
2024-04-17 17:54 | INFO | Query 8 Size of the uncertainty table is = 2041/2154
2024-04-17 17:54 | INFO | Query 8 Size of the filtered table is = 21
2024-04-17 17:54 | INFO | Query 8 Active Learning Random Query Runtime on Validation Set: 1235174.97
2024-04-17 17:54 | INFO | Query 8 Active Learning Random Query Runtime on Test Set: 446092.6
2024-04-17 17:54 | INFO | Query 8 Active Learning Random Query Instance Cost: 46987.62
2024-04-17 17:54 | INFO | Timeout limit is increased to 600
2024-04-17 17:54 | INFO | Query 9 Size of the uncertainty table is = 2020/2154
2024-04-17 17:54 | INFO | Query 9 Size of the filtered table is = 21
2024-04-17 17:54 | INFO | Query 9 Active Learning Random Query Runtime on Validation Set: 1202761.63
2024-04-17 17:54 | INFO | Query 9 Active Learning Random Query Runtime on Test Set: 480322.29
2024-04-17 17:54 | INFO | Query 9 Active Learning Random Query Instance Cost: 53127.81
2024-04-17 17:54 | INFO | Query 10 Size of the uncertainty table is = 1993/2154
2024-04-17 17:54 | INFO | Query 10 Size of the filtered table is = 21
2024-04-17 17:54 | INFO | Query 10 Active Learning Random Query Runtime on Validation Set: 1516456.1
2024-04-17 17:54 | INFO | Query 10 Active Learning Random Query Runtime on Test Set: 478451.28
2024-04-17 17:54 | INFO | Query 10 Active Learning Random Query Instance Cost: 62488.53
2024-04-17 17:54 | INFO | Timeout limit is increased to 700
2024-04-17 17:54 | INFO | Query 11 Size of the uncertainty table is = 1973/2154
2024-04-17 17:54 | INFO | Query 11 Size of the filtered table is = 21
2024-04-17 17:54 | INFO | Query 11 Active Learning Random Query Runtime on Validation Set: 1475759.89
2024-04-17 17:54 | INFO | Query 11 Active Learning Random Query Runtime on Test Set: 477384.17
2024-04-17 17:54 | INFO | Query 11 Active Learning Random Query Instance Cost: 73717.68
2024-04-17 17:54 | INFO | Query 12 Size of the uncertainty table is = 1944/2154
2024-04-17 17:54 | INFO | Query 12 Size of the filtered table is = 21
2024-04-17 17:54 | INFO | Query 12 Active Learning Random Query Runtime on Validation Set: 1190245.43
2024-04-17 17:54 | INFO | Query 12 Active Learning Random Query Runtime on Test Set: 337088.17
2024-04-17 17:54 | INFO | Query 12 Active Learning Random Query Instance Cost: 79949.23
2024-04-17 17:54 | INFO | Query 13 Size of the uncertainty table is = 1918/2154
2024-04-17 17:54 | INFO | Query 13 Size of the filtered table is = 21
2024-04-17 17:55 | INFO | Query 13 Active Learning Random Query Runtime on Validation Set: 1223873.92
2024-04-17 17:55 | INFO | Query 13 Active Learning Random Query Runtime on Test Set: 375158.18
2024-04-17 17:55 | INFO | Query 13 Active Learning Random Query Instance Cost: 91262.8
2024-04-17 17:55 | INFO | Timeout limit is increased to 800
2024-04-17 17:55 | INFO | Query 14 Size of the uncertainty table is = 1887/2154
2024-04-17 17:55 | INFO | Query 14 Size of the filtered table is = 21
2024-04-17 17:55 | INFO | Query 14 Active Learning Random Query Runtime on Validation Set: 1081000.11
2024-04-17 17:55 | INFO | Query 14 Active Learning Random Query Runtime on Test Set: 373879.91
2024-04-17 17:55 | INFO | Query 14 Active Learning Random Query Instance Cost: 96459.06
2024-04-17 17:55 | INFO | Query 15 Size of the uncertainty table is = 1853/2154
2024-04-17 17:55 | INFO | Query 15 Size of the filtered table is = 21
2024-04-17 17:55 | INFO | Query 15 Active Learning Random Query Runtime on Validation Set: 1049658.49
2024-04-17 17:55 | INFO | Query 15 Active Learning Random Query Runtime on Test Set: 230545.32
2024-04-17 17:55 | INFO | Query 15 Active Learning Random Query Instance Cost: 108243.58
2024-04-17 17:55 | INFO | Query 16 Size of the uncertainty table is = 1831/2154
2024-04-17 17:55 | INFO | Query 16 Size of the filtered table is = 21
2024-04-17 17:55 | INFO | Query 16 Active Learning Random Query Runtime on Validation Set: 911893.37
2024-04-17 17:55 | INFO | Query 16 Active Learning Random Query Runtime on Test Set: 371519.96
2024-04-17 17:55 | INFO | Query 16 Active Learning Random Query Instance Cost: 116814.61
2024-04-17 17:55 | INFO | Query 17 Size of the uncertainty table is = 1797/2154
2024-04-17 17:55 | INFO | Query 17 Size of the filtered table is = 21
2024-04-17 17:55 | INFO | Query 17 Active Learning Random Query Runtime on Validation Set: 520175.7
2024-04-17 17:55 | INFO | Query 17 Active Learning Random Query Runtime on Test Set: 299135.49
2024-04-17 17:55 | INFO | Query 17 Active Learning Random Query Instance Cost: 123955.73
2024-04-17 17:55 | INFO | Query 18 Size of the uncertainty table is = 1765/2154
2024-04-17 17:55 | INFO | Query 18 Size of the filtered table is = 21
2024-04-17 17:55 | INFO | Query 18 Active Learning Random Query Runtime on Validation Set: 447815.16
2024-04-17 17:55 | INFO | Query 18 Active Learning Random Query Runtime on Test Set: 264550.96
2024-04-17 17:55 | INFO | Query 18 Active Learning Random Query Instance Cost: 132104.47
2024-04-17 17:55 | INFO | Query 19 Size of the uncertainty table is = 1726/2154
2024-04-17 17:55 | INFO | Query 19 Size of the filtered table is = 21
2024-04-17 17:56 | INFO | Query 19 Active Learning Random Query Runtime on Validation Set: 696721.51
2024-04-17 17:56 | INFO | Query 19 Active Learning Random Query Runtime on Test Set: 303563.84
2024-04-17 17:56 | INFO | Query 19 Active Learning Random Query Instance Cost: 141916.52
2024-04-17 17:56 | INFO | Timeout limit is increased to 900
2024-04-17 17:56 | INFO | Query 20 Size of the uncertainty table is = 1695/2154
2024-04-17 17:56 | INFO | Query 20 Size of the filtered table is = 21
2024-04-17 17:56 | INFO | Query 20 Active Learning Random Query Runtime on Validation Set: 485140.78
2024-04-17 17:56 | INFO | Query 20 Active Learning Random Query Runtime on Test Set: 232702.09
2024-04-17 17:56 | INFO | Query 20 Active Learning Random Query Instance Cost: 150682.98
2024-04-17 17:56 | INFO | Query 21 Size of the uncertainty table is = 1651/2154
2024-04-17 17:56 | INFO | Query 21 Size of the filtered table is = 21
2024-04-17 17:56 | INFO | Query 21 Active Learning Random Query Runtime on Validation Set: 484862.81
2024-04-17 17:56 | INFO | Query 21 Active Learning Random Query Runtime on Test Set: 266550.68
2024-04-17 17:56 | INFO | Query 21 Active Learning Random Query Instance Cost: 162322.38
2024-04-17 17:56 | INFO | Query 22 Size of the uncertainty table is = 1618/2154
2024-04-17 17:56 | INFO | Query 22 Size of the filtered table is = 21
2024-04-17 17:56 | INFO | Query 22 Active Learning Random Query Runtime on Validation Set: 486113.18
2024-04-17 17:56 | INFO | Query 22 Active Learning Random Query Runtime on Test Set: 196736.16
2024-04-17 17:56 | INFO | Query 22 Active Learning Random Query Instance Cost: 165258.85
2024-04-17 17:56 | INFO | Timeout limit is increased to 1000
2024-04-17 17:56 | INFO | Query 23 Size of the uncertainty table is = 1584/2154
2024-04-17 17:56 | INFO | Query 23 Size of the filtered table is = 21
2024-04-17 17:56 | INFO | Query 23 Active Learning Random Query Runtime on Validation Set: 588525.96
2024-04-17 17:56 | INFO | Query 23 Active Learning Random Query Runtime on Test Set: 127173.68
2024-04-17 17:56 | INFO | Query 23 Active Learning Random Query Instance Cost: 181368.56
2024-04-17 17:56 | INFO | Timeout limit is increased to 1100
2024-04-17 17:56 | INFO | Query 24 Size of the uncertainty table is = 1548/2154
2024-04-17 17:56 | INFO | Query 24 Size of the filtered table is = 21
2024-04-17 17:56 | INFO | Query 24 Active Learning Random Query Runtime on Validation Set: 483742.37
2024-04-17 17:56 | INFO | Query 24 Active Learning Random Query Runtime on Test Set: 229024.48
2024-04-17 17:56 | INFO | Query 24 Active Learning Random Query Instance Cost: 195089.52
2024-04-17 17:56 | INFO | Query 25 Size of the uncertainty table is = 1509/2154
2024-04-17 17:56 | INFO | Query 25 Size of the filtered table is = 21
2024-04-17 17:57 | INFO | Query 25 Active Learning Random Query Runtime on Validation Set: 517374.13
2024-04-17 17:57 | INFO | Query 25 Active Learning Random Query Runtime on Test Set: 268317.42
2024-04-17 17:57 | INFO | Query 25 Active Learning Random Query Instance Cost: 207255.06
2024-04-17 17:57 | INFO | Timeout limit is increased to 1200
2024-04-17 17:57 | INFO | Query 26 Size of the uncertainty table is = 1481/2154
2024-04-17 17:57 | INFO | Query 26 Size of the filtered table is = 21
2024-04-17 17:57 | INFO | Query 26 Active Learning Random Query Runtime on Validation Set: 451805.84
2024-04-17 17:57 | INFO | Query 26 Active Learning Random Query Runtime on Test Set: 160107.41
2024-04-17 17:57 | INFO | Query 26 Active Learning Random Query Instance Cost: 220773.47
2024-04-17 17:57 | INFO | Query 27 Size of the uncertainty table is = 1443/2154
2024-04-17 17:57 | INFO | Query 27 Size of the filtered table is = 21
2024-04-17 17:57 | INFO | Query 27 Active Learning Random Query Runtime on Validation Set: 549537.87
2024-04-17 17:57 | INFO | Query 27 Active Learning Random Query Runtime on Test Set: 194737.61
2024-04-17 17:57 | INFO | Query 27 Active Learning Random Query Instance Cost: 233980.49
2024-04-17 17:57 | INFO | Timeout limit is increased to 1300
2024-04-17 17:57 | INFO | Query 28 Size of the uncertainty table is = 1409/2154
2024-04-17 17:57 | INFO | Query 28 Size of the filtered table is = 21
2024-04-17 17:57 | INFO | Query 28 Active Learning Random Query Runtime on Validation Set: 625220.9
2024-04-17 17:57 | INFO | Query 28 Active Learning Random Query Runtime on Test Set: 263145.64
2024-04-17 17:57 | INFO | Query 28 Active Learning Random Query Instance Cost: 253152.16
2024-04-17 17:57 | INFO | Timeout limit is increased to 1400
2024-04-17 17:57 | INFO | Query 29 Size of the uncertainty table is = 1369/2154
2024-04-17 17:57 | INFO | Query 29 Size of the filtered table is = 21
2024-04-17 17:57 | INFO | Query 29 Active Learning Random Query Runtime on Validation Set: 348133.08
2024-04-17 17:57 | INFO | Query 29 Active Learning Random Query Runtime on Test Set: 194248.33
2024-04-17 17:57 | INFO | Query 29 Active Learning Random Query Instance Cost: 274128.36
2024-04-17 17:57 | INFO | Query 30 Size of the uncertainty table is = 1339/2154
2024-04-17 17:57 | INFO | Query 30 Size of the filtered table is = 21
2024-04-17 17:57 | INFO | Query 30 Active Learning Random Query Runtime on Validation Set: 276805.42
2024-04-17 17:57 | INFO | Query 30 Active Learning Random Query Runtime on Test Set: 194563.28
2024-04-17 17:57 | INFO | Query 30 Active Learning Random Query Instance Cost: 288333.68
2024-04-17 17:57 | INFO | Query 31 Size of the uncertainty table is = 1300/2154
2024-04-17 17:57 | INFO | Query 31 Size of the filtered table is = 21
2024-04-17 17:58 | INFO | Query 31 Active Learning Random Query Runtime on Validation Set: 204506.23
2024-04-17 17:58 | INFO | Query 31 Active Learning Random Query Runtime on Test Set: 126549.15
2024-04-17 17:58 | INFO | Query 31 Active Learning Random Query Instance Cost: 303399.24
2024-04-17 17:58 | INFO | Query 32 Size of the uncertainty table is = 1257/2154
2024-04-17 17:58 | INFO | Query 32 Size of the filtered table is = 21
2024-04-17 17:58 | INFO | Query 32 Active Learning Random Query Runtime on Validation Set: 206235.62
2024-04-17 17:58 | INFO | Query 32 Active Learning Random Query Runtime on Test Set: 158784.84
2024-04-17 17:58 | INFO | Query 32 Active Learning Random Query Instance Cost: 311967.09
2024-04-17 17:58 | INFO | Timeout limit is increased to 1500
2024-04-17 17:58 | INFO | Query 33 Size of the uncertainty table is = 1212/2154
2024-04-17 17:58 | INFO | Query 33 Size of the filtered table is = 21
2024-04-17 17:58 | INFO | Query 33 Active Learning Random Query Runtime on Validation Set: 202165.31
2024-04-17 17:58 | INFO | Query 33 Active Learning Random Query Runtime on Test Set: 158788.43
2024-04-17 17:58 | INFO | Query 33 Active Learning Random Query Instance Cost: 331681.59
2024-04-17 17:58 | INFO | Query 34 Size of the uncertainty table is = 1168/2154
2024-04-17 17:58 | INFO | Query 34 Size of the filtered table is = 21
2024-04-17 17:58 | INFO | Query 34 Active Learning Random Query Runtime on Validation Set: 312705.21
2024-04-17 17:58 | INFO | Query 34 Active Learning Random Query Runtime on Test Set: 161190.34
2024-04-17 17:58 | INFO | Query 34 Active Learning Random Query Instance Cost: 346483.26
2024-04-17 17:58 | INFO | Timeout limit is increased to 1600
2024-04-17 17:58 | INFO | Query 35 Size of the uncertainty table is = 1130/2154
2024-04-17 17:58 | INFO | Query 35 Size of the filtered table is = 21
2024-04-17 17:58 | INFO | Query 35 Active Learning Random Query Runtime on Validation Set: 241956.42
2024-04-17 17:58 | INFO | Query 35 Active Learning Random Query Runtime on Test Set: 158788.58
2024-04-17 17:58 | INFO | Query 35 Active Learning Random Query Instance Cost: 362789.62
2024-04-17 17:58 | INFO | Query 36 Size of the uncertainty table is = 1094/2154
2024-04-17 17:58 | INFO | Query 36 Size of the filtered table is = 21
2024-04-17 17:58 | INFO | Query 36 Active Learning Random Query Runtime on Validation Set: 204702.7
2024-04-17 17:58 | INFO | Query 36 Active Learning Random Query Runtime on Test Set: 126318.03
2024-04-17 17:58 | INFO | Query 36 Active Learning Random Query Instance Cost: 385713.03
2024-04-17 17:58 | INFO | Query 37 Size of the uncertainty table is = 1066/2154
2024-04-17 17:58 | INFO | Query 37 Size of the filtered table is = 21
2024-04-17 17:59 | INFO | Query 37 Active Learning Random Query Runtime on Validation Set: 206109.77
2024-04-17 17:59 | INFO | Query 37 Active Learning Random Query Runtime on Test Set: 92765.06
2024-04-17 17:59 | INFO | Query 37 Active Learning Random Query Instance Cost: 404060.43
2024-04-17 17:59 | INFO | Timeout limit is increased to 1700
2024-04-17 17:59 | INFO | Query 38 Size of the uncertainty table is = 1031/2154
2024-04-17 17:59 | INFO | Query 38 Size of the filtered table is = 21
2024-04-17 17:59 | INFO | Query 38 Active Learning Random Query Runtime on Validation Set: 204414.24
2024-04-17 17:59 | INFO | Query 38 Active Learning Random Query Runtime on Test Set: 92765.02
2024-04-17 17:59 | INFO | Query 38 Active Learning Random Query Instance Cost: 427816.26
2024-04-17 17:59 | INFO | Query 39 Size of the uncertainty table is = 1002/2154
2024-04-17 17:59 | INFO | Query 39 Size of the filtered table is = 21
2024-04-17 17:59 | INFO | Query 39 Active Learning Random Query Runtime on Validation Set: 171131.74
2024-04-17 17:59 | INFO | Query 39 Active Learning Random Query Runtime on Test Set: 92980.94
2024-04-17 17:59 | INFO | Query 39 Active Learning Random Query Instance Cost: 448212.63
2024-04-17 17:59 | INFO | Query 40 Size of the uncertainty table is = 965/2154
2024-04-17 17:59 | INFO | Query 40 Size of the filtered table is = 21
2024-04-17 17:59 | INFO | Query 40 Active Learning Random Query Runtime on Validation Set: 204115.77
2024-04-17 17:59 | INFO | Query 40 Active Learning Random Query Runtime on Test Set: 92981.48
2024-04-17 17:59 | INFO | Query 40 Active Learning Random Query Instance Cost: 466930.92
2024-04-17 17:59 | INFO | Timeout limit is increased to 1800
2024-04-17 17:59 | INFO | Query 41 Size of the uncertainty table is = 930/2154
2024-04-17 17:59 | INFO | Query 41 Size of the filtered table is = 21
2024-04-17 17:59 | INFO | Query 41 Active Learning Random Query Runtime on Validation Set: 172728.34
2024-04-17 17:59 | INFO | Query 41 Active Learning Random Query Runtime on Test Set: 125593.69
2024-04-17 17:59 | INFO | Query 41 Active Learning Random Query Instance Cost: 488593.15
2024-04-17 17:59 | INFO | Query 42 Size of the uncertainty table is = 895/2154
2024-04-17 17:59 | INFO | Query 42 Size of the filtered table is = 21
2024-04-17 17:59 | INFO | Query 42 Active Learning Random Query Runtime on Validation Set: 204072.34
2024-04-17 17:59 | INFO | Query 42 Active Learning Random Query Runtime on Test Set: 125225.11
2024-04-17 17:59 | INFO | Query 42 Active Learning Random Query Instance Cost: 510266.21
2024-04-17 17:59 | INFO | Timeout limit is increased to 1900
2024-04-17 17:59 | INFO | Query 43 Size of the uncertainty table is = 871/2154
2024-04-17 17:59 | INFO | Query 43 Size of the filtered table is = 21
2024-04-17 18:00 | INFO | Query 43 Active Learning Random Query Runtime on Validation Set: 204435.81
2024-04-17 18:00 | INFO | Query 43 Active Learning Random Query Runtime on Test Set: 92604.85
2024-04-17 18:00 | INFO | Query 43 Active Learning Random Query Instance Cost: 531534.68
2024-04-17 18:00 | INFO | Timeout limit is increased to 2000
2024-04-17 18:00 | INFO | Query 44 Size of the uncertainty table is = 835/2154
2024-04-17 18:00 | INFO | Query 44 Size of the filtered table is = 21
2024-04-17 18:00 | INFO | Query 44 Active Learning Random Query Runtime on Validation Set: 171149.76
2024-04-17 18:00 | INFO | Query 44 Active Learning Random Query Runtime on Test Set: 124993.62
2024-04-17 18:00 | INFO | Query 44 Active Learning Random Query Instance Cost: 551947.07
2024-04-17 18:00 | INFO | Query 45 Size of the uncertainty table is = 812/2154
2024-04-17 18:00 | INFO | Query 45 Size of the filtered table is = 21
2024-04-17 18:00 | INFO | Query 45 Active Learning Random Query Runtime on Validation Set: 238230.94
2024-04-17 18:00 | INFO | Query 45 Active Learning Random Query Runtime on Test Set: 92380.79
2024-04-17 18:00 | INFO | Query 45 Active Learning Random Query Instance Cost: 567513.25
2024-04-17 18:00 | INFO | Timeout limit is increased to 2100
2024-04-17 18:00 | INFO | Query 46 Size of the uncertainty table is = 767/2154
2024-04-17 18:00 | INFO | Query 46 Size of the filtered table is = 21
2024-04-17 18:00 | INFO | Query 46 Active Learning Random Query Runtime on Validation Set: 205521.41
2024-04-17 18:00 | INFO | Query 46 Active Learning Random Query Runtime on Test Set: 92604.05
2024-04-17 18:00 | INFO | Query 46 Active Learning Random Query Instance Cost: 594483.45
2024-04-17 18:00 | INFO | Query 47 Size of the uncertainty table is = 738/2154
2024-04-17 18:00 | INFO | Query 47 Size of the filtered table is = 21
2024-04-17 18:00 | INFO | Query 47 Active Learning Random Query Runtime on Validation Set: 203008.25
2024-04-17 18:00 | INFO | Query 47 Active Learning Random Query Runtime on Test Set: 90249.58
2024-04-17 18:00 | INFO | Query 47 Active Learning Random Query Instance Cost: 623084.86
2024-04-17 18:00 | INFO | Query 48 Size of the uncertainty table is = 705/2154
2024-04-17 18:00 | INFO | Query 48 Size of the filtered table is = 21
2024-04-17 18:00 | INFO | Query 48 Active Learning Random Query Runtime on Validation Set: 202955.74
2024-04-17 18:00 | INFO | Query 48 Active Learning Random Query Runtime on Test Set: 90025.93
2024-04-17 18:00 | INFO | Query 48 Active Learning Random Query Instance Cost: 647881.66
2024-04-17 18:00 | INFO | Query 49 Size of the uncertainty table is = 678/2154
2024-04-17 18:00 | INFO | Query 49 Size of the filtered table is = 21
2024-04-17 18:01 | INFO | Query 49 Active Learning Random Query Runtime on Validation Set: 204020.92
2024-04-17 18:01 | INFO | Query 49 Active Learning Random Query Runtime on Test Set: 126549.34
2024-04-17 18:01 | INFO | Query 49 Active Learning Random Query Instance Cost: 660792.5
2024-04-17 18:01 | INFO | Timeout limit is increased to 2200
2024-04-17 18:01 | INFO | Query 50 Size of the uncertainty table is = 639/2154
2024-04-17 18:01 | INFO | Query 50 Size of the filtered table is = 21
2024-04-17 18:01 | INFO | Query 50 Active Learning Random Query Runtime on Validation Set: 169862.97
2024-04-17 18:01 | INFO | Query 50 Active Learning Random Query Runtime on Test Set: 92756.9
2024-04-17 18:01 | INFO | Query 50 Active Learning Random Query Instance Cost: 687339.15
2024-04-17 18:01 | INFO | Query 51 Size of the uncertainty table is = 612/2154
2024-04-17 18:01 | INFO | Query 51 Size of the filtered table is = 21
2024-04-17 18:01 | INFO | Query 51 Active Learning Random Query Runtime on Validation Set: 135031.24
2024-04-17 18:01 | INFO | Query 51 Active Learning Random Query Runtime on Test Set: 92757.03
2024-04-17 18:01 | INFO | Query 51 Active Learning Random Query Instance Cost: 705230.72
2024-04-17 18:01 | INFO | Query 52 Size of the uncertainty table is = 579/2154
2024-04-17 18:01 | INFO | Query 52 Size of the filtered table is = 21
2024-04-17 18:01 | INFO | Query 52 Active Learning Random Query Runtime on Validation Set: 168728.2
2024-04-17 18:01 | INFO | Query 52 Active Learning Random Query Runtime on Test Set: 125975.25
2024-04-17 18:01 | INFO | Query 52 Active Learning Random Query Instance Cost: 719993.25
2024-04-17 18:01 | INFO | Timeout limit is increased to 2300
2024-04-17 18:01 | INFO | Query 53 Size of the uncertainty table is = 553/2154
2024-04-17 18:01 | INFO | Query 53 Size of the filtered table is = 21
2024-04-17 18:01 | INFO | Query 53 Active Learning Random Query Runtime on Validation Set: 135031.24
2024-04-17 18:01 | INFO | Query 53 Active Learning Random Query Runtime on Test Set: 56714.31
2024-04-17 18:01 | INFO | Query 53 Active Learning Random Query Instance Cost: 745076.4
2024-04-17 18:01 | INFO | Query 54 Size of the uncertainty table is = 534/2154
2024-04-17 18:01 | INFO | Query 54 Size of the filtered table is = 21
2024-04-17 18:01 | INFO | Query 54 Active Learning Random Query Runtime on Validation Set: 135031.24
2024-04-17 18:01 | INFO | Query 54 Active Learning Random Query Runtime on Test Set: 125369.29
2024-04-17 18:01 | INFO | Query 54 Active Learning Random Query Instance Cost: 763546.86
2024-04-17 18:01 | INFO | Timeout limit is increased to 2400
2024-04-17 18:01 | INFO | Query 55 Size of the uncertainty table is = 502/2154
2024-04-17 18:01 | INFO | Query 55 Size of the filtered table is = 21
2024-04-17 18:02 | INFO | Query 55 Active Learning Random Query Runtime on Validation Set: 168125.45
2024-04-17 18:02 | INFO | Query 55 Active Learning Random Query Runtime on Test Set: 93361.87
2024-04-17 18:02 | INFO | Query 55 Active Learning Random Query Instance Cost: 783504.93
2024-04-17 18:02 | INFO | Timeout limit is increased to 2500
2024-04-17 18:02 | INFO | Query 56 Size of the uncertainty table is = 478/2154
2024-04-17 18:02 | INFO | Query 56 Size of the filtered table is = 21
2024-04-17 18:02 | INFO | Query 56 Active Learning Random Query Runtime on Validation Set: 135031.96
2024-04-17 18:02 | INFO | Query 56 Active Learning Random Query Runtime on Test Set: 92756.89
2024-04-17 18:02 | INFO | Query 56 Active Learning Random Query Instance Cost: 811045.08
2024-04-17 18:02 | INFO | Query 57 Size of the uncertainty table is = 453/2154
2024-04-17 18:02 | INFO | Query 57 Size of the filtered table is = 21
2024-04-17 18:02 | INFO | Query 57 Active Learning Random Query Runtime on Validation Set: 135192.59
2024-04-17 18:02 | INFO | Query 57 Active Learning Random Query Runtime on Test Set: 123237.54
2024-04-17 18:02 | INFO | Query 57 Active Learning Random Query Instance Cost: 844879.34
2024-04-17 18:02 | INFO | Timeout limit is increased to 2600
2024-04-17 18:02 | INFO | Query 58 Size of the uncertainty table is = 422/2154
2024-04-17 18:02 | INFO | Query 58 Size of the filtered table is = 21
2024-04-17 18:02 | INFO | Query 58 Active Learning Random Query Runtime on Validation Set: 135031.24
2024-04-17 18:02 | INFO | Query 58 Active Learning Random Query Runtime on Test Set: 123237.67
2024-04-17 18:02 | INFO | Query 58 Active Learning Random Query Instance Cost: 869374.32
2024-04-17 18:02 | INFO | Query 59 Size of the uncertainty table is = 388/2154
2024-04-17 18:02 | INFO | Query 59 Size of the filtered table is = 21
2024-04-17 18:02 | INFO | Query 59 Active Learning Random Query Runtime on Validation Set: 168123.91
2024-04-17 18:02 | INFO | Query 59 Active Learning Random Query Runtime on Test Set: 123835.89
2024-04-17 18:02 | INFO | Query 59 Active Learning Random Query Instance Cost: 900107.23
2024-04-17 18:02 | INFO | Timeout limit is increased to 2700
2024-04-17 18:02 | INFO | Query 60 Size of the uncertainty table is = 375/2154
2024-04-17 18:02 | INFO | Query 60 Size of the filtered table is = 21
2024-04-17 18:03 | INFO | Query 60 Active Learning Random Query Runtime on Validation Set: 132313.71
2024-04-17 18:03 | INFO | Query 60 Active Learning Random Query Runtime on Test Set: 123238.51
2024-04-17 18:03 | INFO | Query 60 Active Learning Random Query Instance Cost: 917918.32
2024-04-17 18:03 | INFO | Query 61 Size of the uncertainty table is = 358/2154
2024-04-17 18:03 | INFO | Query 61 Size of the filtered table is = 21
2024-04-17 18:03 | INFO | Query 61 Active Learning Random Query Runtime on Validation Set: 132319.17
2024-04-17 18:03 | INFO | Query 61 Active Learning Random Query Runtime on Test Set: 123843.38
2024-04-17 18:03 | INFO | Query 61 Active Learning Random Query Instance Cost: 943339.53
2024-04-17 18:03 | INFO | Timeout limit is increased to 2800
2024-04-17 18:03 | INFO | Query 62 Size of the uncertainty table is = 342/2154
2024-04-17 18:03 | INFO | Query 62 Size of the filtered table is = 21
2024-04-17 18:03 | INFO | Query 62 Active Learning Random Query Runtime on Validation Set: 132366.22
2024-04-17 18:03 | INFO | Query 62 Active Learning Random Query Runtime on Test Set: 123843.88
2024-04-17 18:03 | INFO | Query 62 Active Learning Random Query Instance Cost: 970176.25
2024-04-17 18:03 | INFO | Timeout limit is increased to 2900
2024-04-17 18:03 | INFO | Query 63 Size of the uncertainty table is = 334/2154
2024-04-17 18:03 | INFO | Query 63 Size of the filtered table is = 21
2024-04-17 18:03 | INFO | Query 63 Active Learning Random Query Runtime on Validation Set: 135031.24
2024-04-17 18:03 | INFO | Query 63 Active Learning Random Query Runtime on Test Set: 123245.83
2024-04-17 18:03 | INFO | Query 63 Active Learning Random Query Instance Cost: 997720.33
2024-04-17 18:03 | INFO | Timeout limit is increased to 3000
2024-04-17 18:03 | INFO | Query 64 Size of the uncertainty table is = 326/2154
2024-04-17 18:03 | INFO | Query 64 Size of the filtered table is = 21
2024-04-17 18:03 | INFO | Query 64 Active Learning Random Query Runtime on Validation Set: 135031.24
2024-04-17 18:03 | INFO | Query 64 Active Learning Random Query Runtime on Test Set: 123238.1
2024-04-17 18:03 | INFO | Query 64 Active Learning Random Query Instance Cost: 1029531.43
2024-04-17 18:03 | INFO | Timeout limit is increased to 3100
2024-04-17 18:03 | INFO | Query 65 Size of the uncertainty table is = 317/2154
2024-04-17 18:03 | INFO | Query 65 Size of the filtered table is = 21
2024-04-17 18:03 | INFO | Query 65 Active Learning Random Query Runtime on Validation Set: 132313.71
2024-04-17 18:03 | INFO | Query 65 Active Learning Random Query Runtime on Test Set: 159238.6
2024-04-17 18:03 | INFO | Query 65 Active Learning Random Query Instance Cost: 1049155.31
2024-04-17 18:03 | INFO | Query 66 Size of the uncertainty table is = 306/2154
2024-04-17 18:03 | INFO | Query 66 Size of the filtered table is = 21
2024-04-17 18:04 | INFO | Query 66 Active Learning Random Query Runtime on Validation Set: 132313.71
2024-04-17 18:04 | INFO | Query 66 Active Learning Random Query Runtime on Test Set: 123237.95
2024-04-17 18:04 | INFO | Query 66 Active Learning Random Query Instance Cost: 1067012.59
2024-04-17 18:04 | INFO | Timeout limit is increased to 3200
2024-04-17 18:04 | INFO | Query 67 Size of the uncertainty table is = 300/2154
2024-04-17 18:04 | INFO | Query 67 Size of the filtered table is = 21
2024-04-17 18:04 | INFO | Query 67 Active Learning Random Query Runtime on Validation Set: 132313.71
2024-04-17 18:04 | INFO | Query 67 Active Learning Random Query Runtime on Test Set: 123237.95
2024-04-17 18:04 | INFO | Query 67 Active Learning Random Query Instance Cost: 1090168.92
2024-04-17 18:04 | INFO | Timeout limit is increased to 3300
2024-04-17 18:04 | INFO | Query 68 Size of the uncertainty table is = 298/2154
2024-04-17 18:04 | INFO | Query 68 Size of the filtered table is = 21
2024-04-17 18:04 | INFO | Query 68 Active Learning Random Query Runtime on Validation Set: 99221.04
2024-04-17 18:04 | INFO | Query 68 Active Learning Random Query Runtime on Test Set: 123237.95
2024-04-17 18:04 | INFO | Query 68 Active Learning Random Query Instance Cost: 1113397.64
2024-04-17 18:04 | INFO | Query 69 Size of the uncertainty table is = 293/2154
2024-04-17 18:04 | INFO | Query 69 Size of the filtered table is = 21
2024-04-17 18:04 | INFO | Query 69 Active Learning Random Query Runtime on Validation Set: 169862.97
2024-04-17 18:04 | INFO | Query 69 Active Learning Random Query Runtime on Test Set: 125024.27
2024-04-17 18:04 | INFO | Query 69 Active Learning Random Query Instance Cost: 1141105.24
2024-04-17 18:04 | INFO | Timeout limit is increased to 3400
2024-04-17 18:04 | INFO | Query 70 Size of the uncertainty table is = 288/2154
2024-04-17 18:04 | INFO | Query 70 Size of the filtered table is = 21
2024-04-17 18:04 | INFO | Query 70 Active Learning Random Query Runtime on Validation Set: 168285.26
2024-04-17 18:04 | INFO | Query 70 Active Learning Random Query Runtime on Test Set: 123237.95
2024-04-17 18:04 | INFO | Query 70 Active Learning Random Query Instance Cost: 1170588.01
2024-04-17 18:04 | INFO | Query 71 Size of the uncertainty table is = 284/2154
2024-04-17 18:04 | INFO | Query 71 Size of the filtered table is = 21
2024-04-17 18:04 | INFO | Query 71 Active Learning Random Query Runtime on Validation Set: 132369.51
2024-04-17 18:04 | INFO | Query 71 Active Learning Random Query Runtime on Test Set: 123237.95
2024-04-17 18:04 | INFO | Query 71 Active Learning Random Query Instance Cost: 1198060.34
2024-04-17 18:04 | INFO | Query 72 Size of the uncertainty table is = 275/2154
2024-04-17 18:04 | INFO | Query 72 Size of the filtered table is = 21
2024-04-17 18:05 | INFO | Query 72 Active Learning Random Query Runtime on Validation Set: 99276.84
2024-04-17 18:05 | INFO | Query 72 Active Learning Random Query Runtime on Test Set: 125024.27
2024-04-17 18:05 | INFO | Query 72 Active Learning Random Query Instance Cost: 1233473.79
2024-04-17 18:05 | INFO | Query 73 Size of the uncertainty table is = 274/2154
2024-04-17 18:05 | INFO | Query 73 Size of the filtered table is = 21
2024-04-17 18:05 | INFO | Query 73 Active Learning Random Query Runtime on Validation Set: 135031.24
2024-04-17 18:05 | INFO | Query 73 Active Learning Random Query Runtime on Test Set: 125024.27
2024-04-17 18:05 | INFO | Query 73 Active Learning Random Query Instance Cost: 1256417.08
2024-04-17 18:05 | INFO | Timeout limit is increased to 3500
2024-04-17 18:05 | INFO | Query 74 Size of the uncertainty table is = 272/2154
2024-04-17 18:05 | INFO | Query 74 Size of the filtered table is = 21
2024-04-17 18:05 | INFO | Query 74 Active Learning Random Query Runtime on Validation Set: 135031.24
2024-04-17 18:05 | INFO | Query 74 Active Learning Random Query Runtime on Test Set: 124800.2
2024-04-17 18:05 | INFO | Query 74 Active Learning Random Query Instance Cost: 1275476.46
2024-04-17 18:05 | INFO | Timeout limit is increased to 3600
2024-04-17 18:05 | INFO | Query 75 Size of the uncertainty table is = 261/2154
2024-04-17 18:05 | INFO | Query 75 Size of the filtered table is = 21
2024-04-17 18:05 | INFO | Query 75 Active Learning Random Query Runtime on Validation Set: 135031.24
2024-04-17 18:05 | INFO | Query 75 Active Learning Random Query Runtime on Test Set: 124800.2
2024-04-17 18:05 | INFO | Query 75 Active Learning Random Query Instance Cost: 1297976.46
2024-04-17 18:05 | INFO | Timeout limit is increased to 3600
2024-04-17 18:05 | INFO | Query 76 Size of the uncertainty table is = 3/2154
2024-04-17 18:05 | INFO | Query 76 Size of the filtered table is = 3
2024-04-17 18:05 | INFO | Query 76 Active Learning Random Query Runtime on Validation Set: 135031.24
2024-04-17 18:05 | INFO | Query 76 Active Learning Random Query Runtime on Test Set: 124800.64
2024-04-17 18:05 | INFO | Query 76 Active Learning Random Query Instance Cost: 1297976.6
2024-04-17 18:05 | INFO | Timeout limit is increased to 3600
2024-04-17 18:05 | INFO | runtime_train_score is written as json file
2024-04-17 18:05 | INFO | runtime_test_score is written as json file
2024-04-17 18:05 | INFO | runtime_validation_score is written as json file
2024-04-17 18:05 | INFO | instance_cost is written as json file
2024-04-17 18:05 | INFO | Experiment is finished
