2024-04-17 17:52 | INFO | Paramaters are: {'dataset': 'CPMP-2015', 'penalty': 10, 'weight': 'No_Weight', 'voting': 'Hard', 'pre_selection_size': 64, 'pre_selection_technique': 'No_pre_selection', 'feature_elimination_threshold': 20, 'imputer_strategy': 'median', 'feature_selection_technique': 'No_feature_selection', 'feature_scaling_technique': 'StandardScaler', 'initial_train_size': 20, 'query_size': 1, 'timeout_predictor_usage': 'Yes', 'timeout_limit': 3600, 'timeout_increase_rate': 100, 'RANDOM_STATE_SEED': 42, 'n_splits': 10, 'split_number': 5, 'max_timeout': 3600, 'param_grid': {'n_estimators': 100, 'criterion': 'gini', 'max_features': 'sqrt', 'max_depth': 2147483648, 'min_samples_split': 2, 'bootstrap': True}}
2024-04-17 17:52 | INFO | CPMP-2015 is current dataset
2024-04-17 17:52 | INFO | DATASETS/CPMP-2015/algorithm_runs.csv is found
2024-04-17 17:52 | INFO | DATASETS/CPMP-2015/algorithm_runs.csv is finished
2024-04-17 17:52 | INFO | DATASETS/CPMP-2015/feature_values.csv is found
2024-04-17 17:52 | INFO | DATASETS/CPMP-2015/feature_values.csv is finished
2024-04-17 17:52 | INFO | Feature cost of train set is 0
2024-04-17 17:53 | INFO | Initial Active Learning Random Query Runtime on Validation Set: 132279.2
2024-04-17 17:53 | INFO | Initial Active Learning Random Query Runtime on Test Set: 442363.87
2024-04-17 17:53 | INFO | Initial Active Learning Random Query Instance Cost: 52009.08
2024-04-17 17:53 | INFO | Bin size = 21
2024-04-17 17:53 | INFO | Query 1 Size of the uncertainty table is = 2154/2154
2024-04-17 17:53 | INFO | Query 1 Size of the filtered table is = 21
2024-04-17 17:53 | INFO | Query 1 Active Learning Random Query Runtime on Validation Set: 167805.15
2024-04-17 17:53 | INFO | Query 1 Active Learning Random Query Runtime on Test Set: 476930.67
2024-04-17 17:53 | INFO | Query 1 Active Learning Random Query Instance Cost: 85930.33
2024-04-17 17:53 | INFO | Timeout limit is increased to 3600
2024-04-17 17:53 | INFO | Query 2 Size of the uncertainty table is = 2132/2154
2024-04-17 17:53 | INFO | Query 2 Size of the filtered table is = 21
2024-04-17 17:53 | INFO | Query 2 Active Learning Random Query Runtime on Validation Set: 167632.49
2024-04-17 17:53 | INFO | Query 2 Active Learning Random Query Runtime on Test Set: 476942.65
2024-04-17 17:53 | INFO | Query 2 Active Learning Random Query Instance Cost: 131124.76
2024-04-17 17:53 | INFO | Query 3 Size of the uncertainty table is = 2111/2154
2024-04-17 17:53 | INFO | Query 3 Size of the filtered table is = 21
2024-04-17 17:53 | INFO | Query 3 Active Learning Random Query Runtime on Validation Set: 132466.03
2024-04-17 17:53 | INFO | Query 3 Active Learning Random Query Runtime on Test Set: 440980.69
2024-04-17 17:53 | INFO | Query 3 Active Learning Random Query Instance Cost: 162476.05
2024-04-17 17:53 | INFO | Query 4 Size of the uncertainty table is = 2084/2154
2024-04-17 17:53 | INFO | Query 4 Size of the filtered table is = 21
2024-04-17 17:53 | INFO | Query 4 Active Learning Random Query Runtime on Validation Set: 238672.44
2024-04-17 17:53 | INFO | Query 4 Active Learning Random Query Runtime on Test Set: 404925.86
2024-04-17 17:53 | INFO | Query 4 Active Learning Random Query Instance Cost: 186777.22
2024-04-17 17:53 | INFO | Timeout limit is increased to 3600
2024-04-17 17:53 | INFO | Query 5 Size of the uncertainty table is = 2058/2154
2024-04-17 17:53 | INFO | Query 5 Size of the filtered table is = 21
2024-04-17 17:53 | INFO | Query 5 Active Learning Random Query Runtime on Validation Set: 380046.9
2024-04-17 17:53 | INFO | Query 5 Active Learning Random Query Runtime on Test Set: 474608.13
2024-04-17 17:53 | INFO | Query 5 Active Learning Random Query Instance Cost: 232275.88
2024-04-17 17:53 | INFO | Timeout limit is increased to 3600
2024-04-17 17:53 | INFO | Query 6 Size of the uncertainty table is = 2036/2154
2024-04-17 17:53 | INFO | Query 6 Size of the filtered table is = 21
2024-04-17 17:53 | INFO | Query 6 Active Learning Random Query Runtime on Validation Set: 201741.39
2024-04-17 17:53 | INFO | Query 6 Active Learning Random Query Runtime on Test Set: 370042.83
2024-04-17 17:53 | INFO | Query 6 Active Learning Random Query Instance Cost: 271601.51
2024-04-17 17:53 | INFO | Query 7 Size of the uncertainty table is = 2002/2154
2024-04-17 17:53 | INFO | Query 7 Size of the filtered table is = 21
2024-04-17 17:54 | INFO | Query 7 Active Learning Random Query Runtime on Validation Set: 237285.77
2024-04-17 17:54 | INFO | Query 7 Active Learning Random Query Runtime on Test Set: 367906.99
2024-04-17 17:54 | INFO | Query 7 Active Learning Random Query Instance Cost: 299232.62
2024-04-17 17:54 | INFO | Timeout limit is increased to 3600
2024-04-17 17:54 | INFO | Query 8 Size of the uncertainty table is = 1964/2154
2024-04-17 17:54 | INFO | Query 8 Size of the filtered table is = 21
2024-04-17 17:54 | INFO | Query 8 Active Learning Random Query Runtime on Validation Set: 238080.44
2024-04-17 17:54 | INFO | Query 8 Active Learning Random Query Runtime on Test Set: 331121.79
2024-04-17 17:54 | INFO | Query 8 Active Learning Random Query Instance Cost: 341493.64
2024-04-17 17:54 | INFO | Timeout limit is increased to 3600
2024-04-17 17:54 | INFO | Query 9 Size of the uncertainty table is = 1937/2154
2024-04-17 17:54 | INFO | Query 9 Size of the filtered table is = 21
2024-04-17 17:54 | INFO | Query 9 Active Learning Random Query Runtime on Validation Set: 238334.09
2024-04-17 17:54 | INFO | Query 9 Active Learning Random Query Runtime on Test Set: 403798.78
2024-04-17 17:54 | INFO | Query 9 Active Learning Random Query Instance Cost: 364247.26
2024-04-17 17:54 | INFO | Timeout limit is increased to 3600
2024-04-17 17:54 | INFO | Query 10 Size of the uncertainty table is = 1904/2154
2024-04-17 17:54 | INFO | Query 10 Size of the filtered table is = 21
2024-04-17 17:54 | INFO | Query 10 Active Learning Random Query Runtime on Validation Set: 205910.68
2024-04-17 17:54 | INFO | Query 10 Active Learning Random Query Runtime on Test Set: 403759.46
2024-04-17 17:54 | INFO | Query 10 Active Learning Random Query Instance Cost: 375757.36
2024-04-17 17:54 | INFO | Query 11 Size of the uncertainty table is = 1864/2154
2024-04-17 17:54 | INFO | Query 11 Size of the filtered table is = 21
2024-04-17 17:54 | INFO | Query 11 Active Learning Random Query Runtime on Validation Set: 239227.52
2024-04-17 17:54 | INFO | Query 11 Active Learning Random Query Runtime on Test Set: 403108.99
2024-04-17 17:54 | INFO | Query 11 Active Learning Random Query Instance Cost: 402257.52
2024-04-17 17:54 | INFO | Timeout limit is increased to 3600
2024-04-17 17:54 | INFO | Query 12 Size of the uncertainty table is = 1832/2154
2024-04-17 17:54 | INFO | Query 12 Size of the filtered table is = 21
2024-04-17 17:54 | INFO | Query 12 Active Learning Random Query Runtime on Validation Set: 205909.95
2024-04-17 17:54 | INFO | Query 12 Active Learning Random Query Runtime on Test Set: 438826.61
2024-04-17 17:54 | INFO | Query 12 Active Learning Random Query Instance Cost: 433996.93
2024-04-17 17:54 | INFO | Query 13 Size of the uncertainty table is = 1792/2154
2024-04-17 17:54 | INFO | Query 13 Size of the filtered table is = 21
2024-04-17 17:55 | INFO | Query 13 Active Learning Random Query Runtime on Validation Set: 238334.09
2024-04-17 17:55 | INFO | Query 13 Active Learning Random Query Runtime on Test Set: 402956.96
2024-04-17 17:55 | INFO | Query 13 Active Learning Random Query Instance Cost: 471417.17
2024-04-17 17:55 | INFO | Timeout limit is increased to 3600
2024-04-17 17:55 | INFO | Query 14 Size of the uncertainty table is = 1759/2154
2024-04-17 17:55 | INFO | Query 14 Size of the filtered table is = 21
2024-04-17 17:55 | INFO | Query 14 Active Learning Random Query Runtime on Validation Set: 204752.26
2024-04-17 17:55 | INFO | Query 14 Active Learning Random Query Runtime on Test Set: 367325.8
2024-04-17 17:55 | INFO | Query 14 Active Learning Random Query Instance Cost: 506524.76
2024-04-17 17:55 | INFO | Query 15 Size of the uncertainty table is = 1716/2154
2024-04-17 17:55 | INFO | Query 15 Size of the filtered table is = 21
2024-04-17 17:55 | INFO | Query 15 Active Learning Random Query Runtime on Validation Set: 206055.65
2024-04-17 17:55 | INFO | Query 15 Active Learning Random Query Runtime on Test Set: 403731.88
2024-04-17 17:55 | INFO | Query 15 Active Learning Random Query Instance Cost: 537375.58
2024-04-17 17:55 | INFO | Timeout limit is increased to 3600
2024-04-17 17:55 | INFO | Query 16 Size of the uncertainty table is = 1676/2154
2024-04-17 17:55 | INFO | Query 16 Size of the filtered table is = 21
2024-04-17 17:55 | INFO | Query 16 Active Learning Random Query Runtime on Validation Set: 206301.71
2024-04-17 17:55 | INFO | Query 16 Active Learning Random Query Runtime on Test Set: 402865.35
2024-04-17 17:55 | INFO | Query 16 Active Learning Random Query Instance Cost: 567961.97
2024-04-17 17:55 | INFO | Timeout limit is increased to 3600
2024-04-17 17:55 | INFO | Query 17 Size of the uncertainty table is = 1639/2154
2024-04-17 17:55 | INFO | Query 17 Size of the filtered table is = 21
2024-04-17 17:55 | INFO | Query 17 Active Learning Random Query Runtime on Validation Set: 204912.86
2024-04-17 17:55 | INFO | Query 17 Active Learning Random Query Runtime on Test Set: 404907.4
2024-04-17 17:55 | INFO | Query 17 Active Learning Random Query Instance Cost: 603663.16
2024-04-17 17:55 | INFO | Query 18 Size of the uncertainty table is = 1595/2154
2024-04-17 17:55 | INFO | Query 18 Size of the filtered table is = 21
2024-04-17 17:55 | INFO | Query 18 Active Learning Random Query Runtime on Validation Set: 205915.75
2024-04-17 17:55 | INFO | Query 18 Active Learning Random Query Runtime on Test Set: 403727.06
2024-04-17 17:55 | INFO | Query 18 Active Learning Random Query Instance Cost: 646398.07
2024-04-17 17:55 | INFO | Timeout limit is increased to 3600
2024-04-17 17:55 | INFO | Query 19 Size of the uncertainty table is = 1554/2154
2024-04-17 17:55 | INFO | Query 19 Size of the filtered table is = 21
2024-04-17 17:55 | INFO | Query 19 Active Learning Random Query Runtime on Validation Set: 205779.14
2024-04-17 17:55 | INFO | Query 19 Active Learning Random Query Runtime on Test Set: 403725.27
2024-04-17 17:55 | INFO | Query 19 Active Learning Random Query Instance Cost: 675318.31
2024-04-17 17:55 | INFO | Query 20 Size of the uncertainty table is = 1510/2154
2024-04-17 17:55 | INFO | Query 20 Size of the filtered table is = 21
2024-04-17 17:56 | INFO | Query 20 Active Learning Random Query Runtime on Validation Set: 170525.44
2024-04-17 17:56 | INFO | Query 20 Active Learning Random Query Runtime on Test Set: 370490.98
2024-04-17 17:56 | INFO | Query 20 Active Learning Random Query Instance Cost: 695063.23
2024-04-17 17:56 | INFO | Query 21 Size of the uncertainty table is = 1475/2154
2024-04-17 17:56 | INFO | Query 21 Size of the filtered table is = 21
2024-04-17 17:56 | INFO | Query 21 Active Learning Random Query Runtime on Validation Set: 168632.77
2024-04-17 17:56 | INFO | Query 21 Active Learning Random Query Runtime on Test Set: 334590.44
2024-04-17 17:56 | INFO | Query 21 Active Learning Random Query Instance Cost: 737020.72
2024-04-17 17:56 | INFO | Query 22 Size of the uncertainty table is = 1420/2154
2024-04-17 17:56 | INFO | Query 22 Size of the filtered table is = 21
2024-04-17 17:56 | INFO | Query 22 Active Learning Random Query Runtime on Validation Set: 169045.69
2024-04-17 17:56 | INFO | Query 22 Active Learning Random Query Runtime on Test Set: 335402.79
2024-04-17 17:56 | INFO | Query 22 Active Learning Random Query Instance Cost: 763767.21
2024-04-17 17:56 | INFO | Timeout limit is increased to 3600
2024-04-17 17:56 | INFO | Query 23 Size of the uncertainty table is = 1371/2154
2024-04-17 17:56 | INFO | Query 23 Size of the filtered table is = 21
2024-04-17 17:56 | INFO | Query 23 Active Learning Random Query Runtime on Validation Set: 169230.44
2024-04-17 17:56 | INFO | Query 23 Active Learning Random Query Runtime on Test Set: 370591.01
2024-04-17 17:56 | INFO | Query 23 Active Learning Random Query Instance Cost: 793351.0
2024-04-17 17:56 | INFO | Timeout limit is increased to 3600
2024-04-17 17:56 | INFO | Query 24 Size of the uncertainty table is = 1330/2154
2024-04-17 17:56 | INFO | Query 24 Size of the filtered table is = 21
2024-04-17 17:56 | INFO | Query 24 Active Learning Random Query Runtime on Validation Set: 168998.19
2024-04-17 17:56 | INFO | Query 24 Active Learning Random Query Runtime on Test Set: 334861.31
2024-04-17 17:56 | INFO | Query 24 Active Learning Random Query Instance Cost: 842899.99
2024-04-17 17:56 | INFO | Query 25 Size of the uncertainty table is = 1293/2154
2024-04-17 17:56 | INFO | Query 25 Size of the filtered table is = 21
2024-04-17 17:56 | INFO | Query 25 Active Learning Random Query Runtime on Validation Set: 168523.44
2024-04-17 17:56 | INFO | Query 25 Active Learning Random Query Runtime on Test Set: 334997.45
2024-04-17 17:56 | INFO | Query 25 Active Learning Random Query Instance Cost: 874896.33
2024-04-17 17:56 | INFO | Query 26 Size of the uncertainty table is = 1251/2154
2024-04-17 17:56 | INFO | Query 26 Size of the filtered table is = 21
2024-04-17 17:57 | INFO | Query 26 Active Learning Random Query Runtime on Validation Set: 170878.4
2024-04-17 17:57 | INFO | Query 26 Active Learning Random Query Runtime on Test Set: 299666.59
2024-04-17 17:57 | INFO | Query 26 Active Learning Random Query Instance Cost: 897044.36
2024-04-17 17:57 | INFO | Timeout limit is increased to 3600
2024-04-17 17:57 | INFO | Query 27 Size of the uncertainty table is = 1204/2154
2024-04-17 17:57 | INFO | Query 27 Size of the filtered table is = 21
2024-04-17 17:57 | INFO | Query 27 Active Learning Random Query Runtime on Validation Set: 167642.62
2024-04-17 17:57 | INFO | Query 27 Active Learning Random Query Runtime on Test Set: 333213.02
2024-04-17 17:57 | INFO | Query 27 Active Learning Random Query Instance Cost: 934772.78
2024-04-17 17:57 | INFO | Query 28 Size of the uncertainty table is = 1163/2154
2024-04-17 17:57 | INFO | Query 28 Size of the filtered table is = 21
2024-04-17 17:57 | INFO | Query 28 Active Learning Random Query Runtime on Validation Set: 134355.51
2024-04-17 17:57 | INFO | Query 28 Active Learning Random Query Runtime on Test Set: 298705.59
2024-04-17 17:57 | INFO | Query 28 Active Learning Random Query Instance Cost: 967611.69
2024-04-17 17:57 | INFO | Query 29 Size of the uncertainty table is = 1118/2154
2024-04-17 17:57 | INFO | Query 29 Size of the filtered table is = 21
2024-04-17 17:57 | INFO | Query 29 Active Learning Random Query Runtime on Validation Set: 167513.32
2024-04-17 17:57 | INFO | Query 29 Active Learning Random Query Runtime on Test Set: 297684.99
2024-04-17 17:57 | INFO | Query 29 Active Learning Random Query Instance Cost: 996096.96
2024-04-17 17:57 | INFO | Timeout limit is increased to 3600
2024-04-17 17:57 | INFO | Query 30 Size of the uncertainty table is = 1067/2154
2024-04-17 17:57 | INFO | Query 30 Size of the filtered table is = 21
2024-04-17 17:57 | INFO | Query 30 Active Learning Random Query Runtime on Validation Set: 168166.06
2024-04-17 17:57 | INFO | Query 30 Active Learning Random Query Runtime on Test Set: 299225.96
2024-04-17 17:57 | INFO | Query 30 Active Learning Random Query Instance Cost: 1034784.26
2024-04-17 17:57 | INFO | Timeout limit is increased to 3600
2024-04-17 17:57 | INFO | Query 31 Size of the uncertainty table is = 1022/2154
2024-04-17 17:57 | INFO | Query 31 Size of the filtered table is = 21
2024-04-17 17:57 | INFO | Query 31 Active Learning Random Query Runtime on Validation Set: 100247.0
2024-04-17 17:57 | INFO | Query 31 Active Learning Random Query Runtime on Test Set: 262582.51
2024-04-17 17:57 | INFO | Query 31 Active Learning Random Query Instance Cost: 1068938.99
2024-04-17 17:57 | INFO | Query 32 Size of the uncertainty table is = 973/2154
2024-04-17 17:57 | INFO | Query 32 Size of the filtered table is = 21
2024-04-17 17:58 | INFO | Query 32 Active Learning Random Query Runtime on Validation Set: 168453.97
2024-04-17 17:58 | INFO | Query 32 Active Learning Random Query Runtime on Test Set: 333951.12
2024-04-17 17:58 | INFO | Query 32 Active Learning Random Query Instance Cost: 1087404.73
2024-04-17 17:58 | INFO | Timeout limit is increased to 3600
2024-04-17 17:58 | INFO | Query 33 Size of the uncertainty table is = 921/2154
2024-04-17 17:58 | INFO | Query 33 Size of the filtered table is = 21
2024-04-17 17:58 | INFO | Query 33 Active Learning Random Query Runtime on Validation Set: 133112.16
2024-04-17 17:58 | INFO | Query 33 Active Learning Random Query Runtime on Test Set: 370297.43
2024-04-17 17:58 | INFO | Query 33 Active Learning Random Query Instance Cost: 1117841.12
2024-04-17 17:58 | INFO | Query 34 Size of the uncertainty table is = 867/2154
2024-04-17 17:58 | INFO | Query 34 Size of the filtered table is = 21
2024-04-17 17:58 | INFO | Query 34 Active Learning Random Query Runtime on Validation Set: 133318.42
2024-04-17 17:58 | INFO | Query 34 Active Learning Random Query Runtime on Test Set: 298745.98
2024-04-17 17:58 | INFO | Query 34 Active Learning Random Query Instance Cost: 1153165.93
2024-04-17 17:58 | INFO | Timeout limit is increased to 3600
2024-04-17 17:58 | INFO | Query 35 Size of the uncertainty table is = 817/2154
2024-04-17 17:58 | INFO | Query 35 Size of the filtered table is = 21
2024-04-17 17:58 | INFO | Query 35 Active Learning Random Query Runtime on Validation Set: 135480.54
2024-04-17 17:58 | INFO | Query 35 Active Learning Random Query Runtime on Test Set: 262136.48
2024-04-17 17:58 | INFO | Query 35 Active Learning Random Query Instance Cost: 1179835.4
2024-04-17 17:58 | INFO | Timeout limit is increased to 3600
2024-04-17 17:58 | INFO | Query 36 Size of the uncertainty table is = 764/2154
2024-04-17 17:58 | INFO | Query 36 Size of the filtered table is = 21
2024-04-17 17:58 | INFO | Query 36 Active Learning Random Query Runtime on Validation Set: 98608.83
2024-04-17 17:58 | INFO | Query 36 Active Learning Random Query Runtime on Test Set: 190884.14
2024-04-17 17:58 | INFO | Query 36 Active Learning Random Query Instance Cost: 1209170.91
2024-04-17 17:58 | INFO | Query 37 Size of the uncertainty table is = 703/2154
2024-04-17 17:58 | INFO | Query 37 Size of the filtered table is = 21
2024-04-17 17:58 | INFO | Query 37 Active Learning Random Query Runtime on Validation Set: 100305.19
2024-04-17 17:58 | INFO | Query 37 Active Learning Random Query Runtime on Test Set: 262715.59
2024-04-17 17:58 | INFO | Query 37 Active Learning Random Query Instance Cost: 1244623.71
2024-04-17 17:58 | INFO | Timeout limit is increased to 3600
2024-04-17 17:58 | INFO | Query 38 Size of the uncertainty table is = 640/2154
2024-04-17 17:58 | INFO | Query 38 Size of the filtered table is = 21
2024-04-17 17:58 | INFO | Query 38 Active Learning Random Query Runtime on Validation Set: 134718.1
2024-04-17 17:58 | INFO | Query 38 Active Learning Random Query Runtime on Test Set: 262537.76
2024-04-17 17:58 | INFO | Query 38 Active Learning Random Query Instance Cost: 1267059.91
2024-04-17 17:58 | INFO | Timeout limit is increased to 3600
2024-04-17 17:58 | INFO | Query 39 Size of the uncertainty table is = 574/2154
2024-04-17 17:58 | INFO | Query 39 Size of the filtered table is = 21
2024-04-17 17:59 | INFO | Query 39 Active Learning Random Query Runtime on Validation Set: 98683.17
2024-04-17 17:59 | INFO | Query 39 Active Learning Random Query Runtime on Test Set: 298484.44
2024-04-17 17:59 | INFO | Query 39 Active Learning Random Query Instance Cost: 1307322.07
2024-04-17 17:59 | INFO | Query 40 Size of the uncertainty table is = 516/2154
2024-04-17 17:59 | INFO | Query 40 Size of the filtered table is = 21
2024-04-17 17:59 | INFO | Query 40 Active Learning Random Query Runtime on Validation Set: 98609.02
2024-04-17 17:59 | INFO | Query 40 Active Learning Random Query Runtime on Test Set: 298503.31
2024-04-17 17:59 | INFO | Query 40 Active Learning Random Query Instance Cost: 1325070.86
2024-04-17 17:59 | INFO | Query 41 Size of the uncertainty table is = 466/2154
2024-04-17 17:59 | INFO | Query 41 Size of the filtered table is = 21
2024-04-17 17:59 | INFO | Query 41 Active Learning Random Query Runtime on Validation Set: 134486.34
2024-04-17 17:59 | INFO | Query 41 Active Learning Random Query Runtime on Test Set: 262640.97
2024-04-17 17:59 | INFO | Query 41 Active Learning Random Query Instance Cost: 1354307.58
2024-04-17 17:59 | INFO | Timeout limit is increased to 3600
2024-04-17 17:59 | INFO | Query 42 Size of the uncertainty table is = 417/2154
2024-04-17 17:59 | INFO | Query 42 Size of the filtered table is = 21
2024-04-17 17:59 | INFO | Query 42 Active Learning Random Query Runtime on Validation Set: 135017.89
2024-04-17 17:59 | INFO | Query 42 Active Learning Random Query Runtime on Test Set: 370232.3
2024-04-17 17:59 | INFO | Query 42 Active Learning Random Query Instance Cost: 1380578.79
2024-04-17 17:59 | INFO | Timeout limit is increased to 3600
2024-04-17 17:59 | INFO | Query 43 Size of the uncertainty table is = 360/2154
2024-04-17 17:59 | INFO | Query 43 Size of the filtered table is = 21
2024-04-17 17:59 | INFO | Query 43 Active Learning Random Query Runtime on Validation Set: 134718.1
2024-04-17 17:59 | INFO | Query 43 Active Learning Random Query Runtime on Test Set: 298585.67
2024-04-17 17:59 | INFO | Query 43 Active Learning Random Query Instance Cost: 1407689.91
2024-04-17 17:59 | INFO | Query 44 Size of the uncertainty table is = 310/2154
2024-04-17 17:59 | INFO | Query 44 Size of the filtered table is = 21
2024-04-17 17:59 | INFO | Query 44 Active Learning Random Query Runtime on Validation Set: 98990.49
2024-04-17 17:59 | INFO | Query 44 Active Learning Random Query Runtime on Test Set: 370245.88
2024-04-17 17:59 | INFO | Query 44 Active Learning Random Query Instance Cost: 1449494.26
2024-04-17 17:59 | INFO | Query 45 Size of the uncertainty table is = 256/2154
2024-04-17 17:59 | INFO | Query 45 Size of the filtered table is = 21
2024-04-17 18:00 | INFO | Query 45 Active Learning Random Query Runtime on Validation Set: 98814.53
2024-04-17 18:00 | INFO | Query 45 Active Learning Random Query Runtime on Test Set: 334374.37
2024-04-17 18:00 | INFO | Query 45 Active Learning Random Query Instance Cost: 1474722.92
2024-04-17 18:00 | INFO | Query 46 Size of the uncertainty table is = 202/2154
2024-04-17 18:00 | INFO | Query 46 Size of the filtered table is = 21
2024-04-17 18:00 | INFO | Query 46 Active Learning Random Query Runtime on Validation Set: 134739.24
2024-04-17 18:00 | INFO | Query 46 Active Learning Random Query Runtime on Test Set: 262600.78
2024-04-17 18:00 | INFO | Query 46 Active Learning Random Query Instance Cost: 1503929.42
2024-04-17 18:00 | INFO | Timeout limit is increased to 3600
2024-04-17 18:00 | INFO | Query 47 Size of the uncertainty table is = 152/2154
2024-04-17 18:00 | INFO | Query 47 Size of the filtered table is = 21
2024-04-17 18:00 | INFO | Query 47 Active Learning Random Query Runtime on Validation Set: 134739.24
2024-04-17 18:00 | INFO | Query 47 Active Learning Random Query Runtime on Test Set: 298495.31
2024-04-17 18:00 | INFO | Query 47 Active Learning Random Query Instance Cost: 1520848.47
2024-04-17 18:00 | INFO | Timeout limit is increased to 3600
2024-04-17 18:00 | INFO | Query 48 Size of the uncertainty table is = 103/2154
2024-04-17 18:00 | INFO | Query 48 Size of the filtered table is = 21
2024-04-17 18:00 | INFO | Query 48 Active Learning Random Query Runtime on Validation Set: 98505.83
2024-04-17 18:00 | INFO | Query 48 Active Learning Random Query Runtime on Test Set: 334512.57
2024-04-17 18:00 | INFO | Query 48 Active Learning Random Query Instance Cost: 1539382.42
2024-04-17 18:00 | INFO | Query 49 Size of the uncertainty table is = 53/2154
2024-04-17 18:00 | INFO | Query 49 Size of the filtered table is = 21
2024-04-17 18:00 | INFO | Query 49 Active Learning Random Query Runtime on Validation Set: 134573.41
2024-04-17 18:00 | INFO | Query 49 Active Learning Random Query Runtime on Test Set: 333615.65
2024-04-17 18:00 | INFO | Query 49 Active Learning Random Query Instance Cost: 1556902.81
2024-04-17 18:00 | INFO | Timeout limit is increased to 3600
2024-04-17 18:00 | INFO | Query 50 Size of the uncertainty table is = 9/2154
2024-04-17 18:00 | INFO | Query 50 Size of the filtered table is = 9
2024-04-17 18:00 | INFO | Query 50 Active Learning Random Query Runtime on Validation Set: 134253.39
2024-04-17 18:00 | INFO | Query 50 Active Learning Random Query Runtime on Test Set: 225510.12
2024-04-17 18:00 | INFO | Query 50 Active Learning Random Query Instance Cost: 1556904.68
2024-04-17 18:00 | INFO | runtime_train_score is written as json file
2024-04-17 18:00 | INFO | runtime_test_score is written as json file
2024-04-17 18:00 | INFO | runtime_validation_score is written as json file
2024-04-17 18:00 | INFO | instance_cost is written as json file
2024-04-17 18:00 | INFO | Experiment is finished
