2024-04-17 18:12 | INFO | Paramaters are: {'dataset': 'CSP-2010', 'penalty': 10, 'weight': 'No_Weight', 'voting': 'Hard', 'pre_selection_size': 64, 'pre_selection_technique': 'No_pre_selection', 'feature_elimination_threshold': 20, 'imputer_strategy': 'median', 'feature_selection_technique': 'No_feature_selection', 'feature_scaling_technique': 'StandardScaler', 'initial_train_size': 20, 'query_size': 1, 'timeout_predictor_usage': 'Yes', 'timeout_limit': 3600, 'timeout_increase_rate': 100, 'RANDOM_STATE_SEED': 12345, 'n_splits': 10, 'split_number': 5, 'max_timeout': 3600, 'param_grid': {'n_estimators': 100, 'criterion': 'gini', 'max_features': 'sqrt', 'max_depth': 2147483648, 'min_samples_split': 2, 'bootstrap': True}}
2024-04-17 18:12 | INFO | CSP-2010 is current dataset
2024-04-17 18:12 | INFO | DATASETS/CSP-2010/algorithm_runs.csv is found
2024-04-17 18:12 | INFO | DATASETS/CSP-2010/algorithm_runs.csv is finished
2024-04-17 18:12 | INFO | DATASETS/CSP-2010/feature_values.csv is found
2024-04-17 18:12 | INFO | DATASETS/CSP-2010/feature_values.csv is finished
2024-04-17 18:12 | INFO | Feature cost of train set is 0
2024-04-17 18:12 | INFO | Initial Active Learning Random Query Runtime on Validation Set: 144922.16
2024-04-17 18:12 | INFO | Initial Active Learning Random Query Runtime on Test Set: 156216.68
2024-04-17 18:12 | INFO | Initial Active Learning Random Query Instance Cost: 16300.98
2024-04-17 18:12 | INFO | Bin size = 12
2024-04-17 18:12 | INFO | Query 1 Size of the uncertainty table is = 1200/1200
2024-04-17 18:12 | INFO | Query 1 Size of the filtered table is = 12
2024-04-17 18:13 | INFO | Query 1 Active Learning Random Query Runtime on Validation Set: 105596.79
2024-04-17 18:13 | INFO | Query 1 Active Learning Random Query Runtime on Test Set: 121240.54
2024-04-17 18:13 | INFO | Query 1 Active Learning Random Query Instance Cost: 23590.72
2024-04-17 18:13 | INFO | Query 2 Size of the uncertainty table is = 1188/1200
2024-04-17 18:13 | INFO | Query 2 Size of the filtered table is = 12
2024-04-17 18:13 | INFO | Query 2 Active Learning Random Query Runtime on Validation Set: 101145.65
2024-04-17 18:13 | INFO | Query 2 Active Learning Random Query Runtime on Test Set: 155819.55
2024-04-17 18:13 | INFO | Query 2 Active Learning Random Query Instance Cost: 27347.65
2024-04-17 18:13 | INFO | Query 3 Size of the uncertainty table is = 1176/1200
2024-04-17 18:13 | INFO | Query 3 Size of the filtered table is = 12
2024-04-17 18:13 | INFO | Query 3 Active Learning Random Query Runtime on Validation Set: 105595.79
2024-04-17 18:13 | INFO | Query 3 Active Learning Random Query Runtime on Test Set: 121242.68
2024-04-17 18:13 | INFO | Query 3 Active Learning Random Query Instance Cost: 40249.43
2024-04-17 18:13 | INFO | Timeout limit is increased to 3600
2024-04-17 18:13 | INFO | Query 4 Size of the uncertainty table is = 1164/1200
2024-04-17 18:13 | INFO | Query 4 Size of the filtered table is = 12
2024-04-17 18:13 | INFO | Query 4 Active Learning Random Query Runtime on Validation Set: 101144.63
2024-04-17 18:13 | INFO | Query 4 Active Learning Random Query Runtime on Test Set: 121242.96
2024-04-17 18:13 | INFO | Query 4 Active Learning Random Query Instance Cost: 47757.56
2024-04-17 18:13 | INFO | Query 5 Size of the uncertainty table is = 1152/1200
2024-04-17 18:13 | INFO | Query 5 Size of the filtered table is = 12
2024-04-17 18:13 | INFO | Query 5 Active Learning Random Query Runtime on Validation Set: 105594.15
2024-04-17 18:13 | INFO | Query 5 Active Learning Random Query Runtime on Test Set: 121242.96
2024-04-17 18:13 | INFO | Query 5 Active Learning Random Query Instance Cost: 55195.85
2024-04-17 18:13 | INFO | Timeout limit is increased to 3600
2024-04-17 18:13 | INFO | Query 6 Size of the uncertainty table is = 1140/1200
2024-04-17 18:13 | INFO | Query 6 Size of the filtered table is = 12
2024-04-17 18:13 | INFO | Query 6 Active Learning Random Query Runtime on Validation Set: 105595.78
2024-04-17 18:13 | INFO | Query 6 Active Learning Random Query Runtime on Test Set: 121242.96
2024-04-17 18:13 | INFO | Query 6 Active Learning Random Query Instance Cost: 68807.11
2024-04-17 18:13 | INFO | Timeout limit is increased to 3600
2024-04-17 18:13 | INFO | Query 7 Size of the uncertainty table is = 1128/1200
2024-04-17 18:13 | INFO | Query 7 Size of the filtered table is = 12
2024-04-17 18:13 | INFO | Query 7 Active Learning Random Query Runtime on Validation Set: 105595.78
2024-04-17 18:13 | INFO | Query 7 Active Learning Random Query Runtime on Test Set: 121643.71
2024-04-17 18:13 | INFO | Query 7 Active Learning Random Query Instance Cost: 87434.55
2024-04-17 18:13 | INFO | Timeout limit is increased to 3600
2024-04-17 18:13 | INFO | Query 8 Size of the uncertainty table is = 1116/1200
2024-04-17 18:13 | INFO | Query 8 Size of the filtered table is = 12
2024-04-17 18:13 | INFO | Query 8 Active Learning Random Query Runtime on Validation Set: 105595.78
2024-04-17 18:13 | INFO | Query 8 Active Learning Random Query Runtime on Test Set: 153988.97
2024-04-17 18:13 | INFO | Query 8 Active Learning Random Query Instance Cost: 91067.42
2024-04-17 18:13 | INFO | Timeout limit is increased to 3600
2024-04-17 18:13 | INFO | Query 9 Size of the uncertainty table is = 1104/1200
2024-04-17 18:13 | INFO | Query 9 Size of the filtered table is = 12
2024-04-17 18:13 | INFO | Query 9 Active Learning Random Query Runtime on Validation Set: 105595.78
2024-04-17 18:13 | INFO | Query 9 Active Learning Random Query Runtime on Test Set: 121641.01
2024-04-17 18:13 | INFO | Query 9 Active Learning Random Query Instance Cost: 98756.08
2024-04-17 18:13 | INFO | Timeout limit is increased to 3600
2024-04-17 18:13 | INFO | Query 10 Size of the uncertainty table is = 1092/1200
2024-04-17 18:13 | INFO | Query 10 Size of the filtered table is = 12
2024-04-17 18:13 | INFO | Query 10 Active Learning Random Query Runtime on Validation Set: 105595.78
2024-04-17 18:13 | INFO | Query 10 Active Learning Random Query Runtime on Test Set: 153988.96
2024-04-17 18:13 | INFO | Query 10 Active Learning Random Query Instance Cost: 112167.01
2024-04-17 18:13 | INFO | Timeout limit is increased to 3600
2024-04-17 18:13 | INFO | Query 11 Size of the uncertainty table is = 1080/1200
2024-04-17 18:13 | INFO | Query 11 Size of the filtered table is = 12
2024-04-17 18:13 | INFO | Query 11 Active Learning Random Query Runtime on Validation Set: 105595.78
2024-04-17 18:13 | INFO | Query 11 Active Learning Random Query Runtime on Test Set: 121641.04
2024-04-17 18:13 | INFO | Query 11 Active Learning Random Query Instance Cost: 118630.02
2024-04-17 18:13 | INFO | Timeout limit is increased to 3600
2024-04-17 18:13 | INFO | Query 12 Size of the uncertainty table is = 1068/1200
2024-04-17 18:13 | INFO | Query 12 Size of the filtered table is = 12
2024-04-17 18:13 | INFO | Query 12 Active Learning Random Query Runtime on Validation Set: 105595.78
2024-04-17 18:13 | INFO | Query 12 Active Learning Random Query Runtime on Test Set: 121638.91
2024-04-17 18:13 | INFO | Query 12 Active Learning Random Query Instance Cost: 118664.5
2024-04-17 18:13 | INFO | Timeout limit is increased to 3600
2024-04-17 18:13 | INFO | Query 13 Size of the uncertainty table is = 1056/1200
2024-04-17 18:13 | INFO | Query 13 Size of the filtered table is = 12
2024-04-17 18:14 | INFO | Query 13 Active Learning Random Query Runtime on Validation Set: 105595.78
2024-04-17 18:14 | INFO | Query 13 Active Learning Random Query Runtime on Test Set: 121638.9
2024-04-17 18:14 | INFO | Query 13 Active Learning Random Query Instance Cost: 120997.05
2024-04-17 18:14 | INFO | Timeout limit is increased to 3600
2024-04-17 18:14 | INFO | Query 14 Size of the uncertainty table is = 1044/1200
2024-04-17 18:14 | INFO | Query 14 Size of the filtered table is = 12
2024-04-17 18:14 | INFO | Query 14 Active Learning Random Query Runtime on Validation Set: 105595.78
2024-04-17 18:14 | INFO | Query 14 Active Learning Random Query Runtime on Test Set: 121638.54
2024-04-17 18:14 | INFO | Query 14 Active Learning Random Query Instance Cost: 128007.52
2024-04-17 18:14 | INFO | Timeout limit is increased to 3600
2024-04-17 18:14 | INFO | Query 15 Size of the uncertainty table is = 1032/1200
2024-04-17 18:14 | INFO | Query 15 Size of the filtered table is = 12
2024-04-17 18:14 | INFO | Query 15 Active Learning Random Query Runtime on Validation Set: 105595.78
2024-04-17 18:14 | INFO | Query 15 Active Learning Random Query Runtime on Test Set: 121638.86
2024-04-17 18:14 | INFO | Query 15 Active Learning Random Query Instance Cost: 133530.73
2024-04-17 18:14 | INFO | Timeout limit is increased to 3600
2024-04-17 18:14 | INFO | Query 16 Size of the uncertainty table is = 1020/1200
2024-04-17 18:14 | INFO | Query 16 Size of the filtered table is = 12
2024-04-17 18:14 | INFO | Query 16 Active Learning Random Query Runtime on Validation Set: 105595.78
2024-04-17 18:14 | INFO | Query 16 Active Learning Random Query Runtime on Test Set: 121241.19
2024-04-17 18:14 | INFO | Query 16 Active Learning Random Query Instance Cost: 144290.16
2024-04-17 18:14 | INFO | Timeout limit is increased to 3600
2024-04-17 18:14 | INFO | Query 17 Size of the uncertainty table is = 1008/1200
2024-04-17 18:14 | INFO | Query 17 Size of the filtered table is = 12
2024-04-17 18:14 | INFO | Query 17 Active Learning Random Query Runtime on Validation Set: 105595.78
2024-04-17 18:14 | INFO | Query 17 Active Learning Random Query Runtime on Test Set: 121241.55
2024-04-17 18:14 | INFO | Query 17 Active Learning Random Query Instance Cost: 144390.92
2024-04-17 18:14 | INFO | Timeout limit is increased to 3600
2024-04-17 18:14 | INFO | Query 18 Size of the uncertainty table is = 996/1200
2024-04-17 18:14 | INFO | Query 18 Size of the filtered table is = 12
2024-04-17 18:14 | INFO | Query 18 Active Learning Random Query Runtime on Validation Set: 105595.78
2024-04-17 18:14 | INFO | Query 18 Active Learning Random Query Runtime on Test Set: 121241.65
2024-04-17 18:14 | INFO | Query 18 Active Learning Random Query Instance Cost: 144836.67
2024-04-17 18:14 | INFO | Timeout limit is increased to 3600
2024-04-17 18:14 | INFO | Query 19 Size of the uncertainty table is = 984/1200
2024-04-17 18:14 | INFO | Query 19 Size of the filtered table is = 12
2024-04-17 18:14 | INFO | Query 19 Active Learning Random Query Runtime on Validation Set: 105595.78
2024-04-17 18:14 | INFO | Query 19 Active Learning Random Query Runtime on Test Set: 121241.65
2024-04-17 18:14 | INFO | Query 19 Active Learning Random Query Instance Cost: 155726.62
2024-04-17 18:14 | INFO | Timeout limit is increased to 3600
2024-04-17 18:14 | INFO | Query 20 Size of the uncertainty table is = 972/1200
2024-04-17 18:14 | INFO | Query 20 Size of the filtered table is = 12
2024-04-17 18:14 | INFO | Query 20 Active Learning Random Query Runtime on Validation Set: 105595.78
2024-04-17 18:14 | INFO | Query 20 Active Learning Random Query Runtime on Test Set: 121241.67
2024-04-17 18:14 | INFO | Query 20 Active Learning Random Query Instance Cost: 164894.67
2024-04-17 18:14 | INFO | Timeout limit is increased to 3600
2024-04-17 18:14 | INFO | Query 21 Size of the uncertainty table is = 960/1200
2024-04-17 18:14 | INFO | Query 21 Size of the filtered table is = 12
2024-04-17 18:14 | INFO | Query 21 Active Learning Random Query Runtime on Validation Set: 105595.79
2024-04-17 18:14 | INFO | Query 21 Active Learning Random Query Runtime on Test Set: 121241.25
2024-04-17 18:14 | INFO | Query 21 Active Learning Random Query Instance Cost: 164906.32
2024-04-17 18:14 | INFO | Timeout limit is increased to 3600
2024-04-17 18:14 | INFO | Query 22 Size of the uncertainty table is = 948/1200
2024-04-17 18:14 | INFO | Query 22 Size of the filtered table is = 12
2024-04-17 18:14 | INFO | Query 22 Active Learning Random Query Runtime on Validation Set: 105595.78
2024-04-17 18:14 | INFO | Query 22 Active Learning Random Query Runtime on Test Set: 121241.31
2024-04-17 18:14 | INFO | Query 22 Active Learning Random Query Instance Cost: 176894.36
2024-04-17 18:14 | INFO | Query 23 Size of the uncertainty table is = 936/1200
2024-04-17 18:14 | INFO | Query 23 Size of the filtered table is = 12
2024-04-17 18:14 | INFO | Query 23 Active Learning Random Query Runtime on Validation Set: 105595.78
2024-04-17 18:14 | INFO | Query 23 Active Learning Random Query Runtime on Test Set: 121241.31
2024-04-17 18:14 | INFO | Query 23 Active Learning Random Query Instance Cost: 181282.0
2024-04-17 18:14 | INFO | Timeout limit is increased to 3600
2024-04-17 18:14 | INFO | Query 24 Size of the uncertainty table is = 924/1200
2024-04-17 18:14 | INFO | Query 24 Size of the filtered table is = 12
2024-04-17 18:14 | INFO | Query 24 Active Learning Random Query Runtime on Validation Set: 105595.78
2024-04-17 18:14 | INFO | Query 24 Active Learning Random Query Runtime on Test Set: 121240.89
2024-04-17 18:14 | INFO | Query 24 Active Learning Random Query Instance Cost: 185252.42
2024-04-17 18:14 | INFO | Timeout limit is increased to 3600
2024-04-17 18:14 | INFO | Query 25 Size of the uncertainty table is = 912/1200
2024-04-17 18:14 | INFO | Query 25 Size of the filtered table is = 12
2024-04-17 18:14 | INFO | Query 25 Active Learning Random Query Runtime on Validation Set: 105595.78
2024-04-17 18:14 | INFO | Query 25 Active Learning Random Query Runtime on Test Set: 121240.91
2024-04-17 18:14 | INFO | Query 25 Active Learning Random Query Instance Cost: 189759.54
2024-04-17 18:14 | INFO | Timeout limit is increased to 3600
2024-04-17 18:14 | INFO | Query 26 Size of the uncertainty table is = 900/1200
2024-04-17 18:14 | INFO | Query 26 Size of the filtered table is = 12
2024-04-17 18:15 | INFO | Query 26 Active Learning Random Query Runtime on Validation Set: 105595.78
2024-04-17 18:15 | INFO | Query 26 Active Learning Random Query Runtime on Test Set: 121240.9
2024-04-17 18:15 | INFO | Query 26 Active Learning Random Query Instance Cost: 189897.35
2024-04-17 18:15 | INFO | Timeout limit is increased to 3600
2024-04-17 18:15 | INFO | Query 27 Size of the uncertainty table is = 888/1200
2024-04-17 18:15 | INFO | Query 27 Size of the filtered table is = 12
2024-04-17 18:15 | INFO | Query 27 Active Learning Random Query Runtime on Validation Set: 105595.78
2024-04-17 18:15 | INFO | Query 27 Active Learning Random Query Runtime on Test Set: 121240.88
2024-04-17 18:15 | INFO | Query 27 Active Learning Random Query Instance Cost: 194574.65
2024-04-17 18:15 | INFO | Timeout limit is increased to 3600
2024-04-17 18:15 | INFO | Query 28 Size of the uncertainty table is = 876/1200
2024-04-17 18:15 | INFO | Query 28 Size of the filtered table is = 12
2024-04-17 18:15 | INFO | Query 28 Active Learning Random Query Runtime on Validation Set: 105595.78
2024-04-17 18:15 | INFO | Query 28 Active Learning Random Query Runtime on Test Set: 121240.88
2024-04-17 18:15 | INFO | Query 28 Active Learning Random Query Instance Cost: 210251.3
2024-04-17 18:15 | INFO | Timeout limit is increased to 3600
2024-04-17 18:15 | INFO | Query 29 Size of the uncertainty table is = 864/1200
2024-04-17 18:15 | INFO | Query 29 Size of the filtered table is = 12
2024-04-17 18:15 | INFO | Query 29 Active Learning Random Query Runtime on Validation Set: 105595.78
2024-04-17 18:15 | INFO | Query 29 Active Learning Random Query Runtime on Test Set: 121241.2
2024-04-17 18:15 | INFO | Query 29 Active Learning Random Query Instance Cost: 213870.21
2024-04-17 18:15 | INFO | Timeout limit is increased to 3600
2024-04-17 18:15 | INFO | Query 30 Size of the uncertainty table is = 852/1200
2024-04-17 18:15 | INFO | Query 30 Size of the filtered table is = 12
2024-04-17 18:15 | INFO | Query 30 Active Learning Random Query Runtime on Validation Set: 105595.78
2024-04-17 18:15 | INFO | Query 30 Active Learning Random Query Runtime on Test Set: 121241.21
2024-04-17 18:15 | INFO | Query 30 Active Learning Random Query Instance Cost: 222674.89
2024-04-17 18:15 | INFO | Timeout limit is increased to 3600
2024-04-17 18:15 | INFO | Query 31 Size of the uncertainty table is = 840/1200
2024-04-17 18:15 | INFO | Query 31 Size of the filtered table is = 12
2024-04-17 18:15 | INFO | Query 31 Active Learning Random Query Runtime on Validation Set: 105595.78
2024-04-17 18:15 | INFO | Query 31 Active Learning Random Query Runtime on Test Set: 121241.25
2024-04-17 18:15 | INFO | Query 31 Active Learning Random Query Instance Cost: 226522.05
2024-04-17 18:15 | INFO | Timeout limit is increased to 3600
2024-04-17 18:15 | INFO | Query 32 Size of the uncertainty table is = 828/1200
2024-04-17 18:15 | INFO | Query 32 Size of the filtered table is = 12
2024-04-17 18:15 | INFO | Query 32 Active Learning Random Query Runtime on Validation Set: 105595.78
2024-04-17 18:15 | INFO | Query 32 Active Learning Random Query Runtime on Test Set: 121241.21
2024-04-17 18:15 | INFO | Query 32 Active Learning Random Query Instance Cost: 237555.43
2024-04-17 18:15 | INFO | Timeout limit is increased to 3600
2024-04-17 18:15 | INFO | Query 33 Size of the uncertainty table is = 816/1200
2024-04-17 18:15 | INFO | Query 33 Size of the filtered table is = 12
2024-04-17 18:15 | INFO | Query 33 Active Learning Random Query Runtime on Validation Set: 105595.78
2024-04-17 18:15 | INFO | Query 33 Active Learning Random Query Runtime on Test Set: 50522.29
2024-04-17 18:15 | INFO | Query 33 Active Learning Random Query Instance Cost: 239530.43
2024-04-17 18:15 | INFO | Timeout limit is increased to 3600
2024-04-17 18:15 | INFO | Query 34 Size of the uncertainty table is = 804/1200
2024-04-17 18:15 | INFO | Query 34 Size of the filtered table is = 12
2024-04-17 18:15 | INFO | Query 34 Active Learning Random Query Runtime on Validation Set: 105595.78
2024-04-17 18:15 | INFO | Query 34 Active Learning Random Query Runtime on Test Set: 85537.07
2024-04-17 18:15 | INFO | Query 34 Active Learning Random Query Instance Cost: 239828.0
2024-04-17 18:15 | INFO | Timeout limit is increased to 3600
2024-04-17 18:15 | INFO | Query 35 Size of the uncertainty table is = 792/1200
2024-04-17 18:15 | INFO | Query 35 Size of the filtered table is = 12
2024-04-17 18:15 | INFO | Query 35 Active Learning Random Query Runtime on Validation Set: 105595.78
2024-04-17 18:15 | INFO | Query 35 Active Learning Random Query Runtime on Test Set: 121240.88
2024-04-17 18:15 | INFO | Query 35 Active Learning Random Query Instance Cost: 243566.7
2024-04-17 18:15 | INFO | Timeout limit is increased to 3600
2024-04-17 18:15 | INFO | Query 36 Size of the uncertainty table is = 780/1200
2024-04-17 18:15 | INFO | Query 36 Size of the filtered table is = 12
2024-04-17 18:15 | INFO | Query 36 Active Learning Random Query Runtime on Validation Set: 105595.78
2024-04-17 18:15 | INFO | Query 36 Active Learning Random Query Runtime on Test Set: 50522.33
2024-04-17 18:15 | INFO | Query 36 Active Learning Random Query Instance Cost: 255255.53
2024-04-17 18:15 | INFO | Timeout limit is increased to 3600
2024-04-17 18:15 | INFO | Query 37 Size of the uncertainty table is = 768/1200
2024-04-17 18:15 | INFO | Query 37 Size of the filtered table is = 12
2024-04-17 18:15 | INFO | Query 37 Active Learning Random Query Runtime on Validation Set: 105595.78
2024-04-17 18:15 | INFO | Query 37 Active Learning Random Query Runtime on Test Set: 85537.75
2024-04-17 18:15 | INFO | Query 37 Active Learning Random Query Instance Cost: 266980.32
2024-04-17 18:15 | INFO | Timeout limit is increased to 3600
2024-04-17 18:15 | INFO | Query 38 Size of the uncertainty table is = 756/1200
2024-04-17 18:15 | INFO | Query 38 Size of the filtered table is = 12
2024-04-17 18:16 | INFO | Query 38 Active Learning Random Query Runtime on Validation Set: 105595.78
2024-04-17 18:16 | INFO | Query 38 Active Learning Random Query Runtime on Test Set: 50525.74
2024-04-17 18:16 | INFO | Query 38 Active Learning Random Query Instance Cost: 267164.42
2024-04-17 18:16 | INFO | Timeout limit is increased to 3600
2024-04-17 18:16 | INFO | Query 39 Size of the uncertainty table is = 744/1200
2024-04-17 18:16 | INFO | Query 39 Size of the filtered table is = 12
2024-04-17 18:16 | INFO | Query 39 Active Learning Random Query Runtime on Validation Set: 105595.78
2024-04-17 18:16 | INFO | Query 39 Active Learning Random Query Runtime on Test Set: 121244.33
2024-04-17 18:16 | INFO | Query 39 Active Learning Random Query Instance Cost: 274610.53
2024-04-17 18:16 | INFO | Timeout limit is increased to 3600
2024-04-17 18:16 | INFO | Query 40 Size of the uncertainty table is = 732/1200
2024-04-17 18:16 | INFO | Query 40 Size of the filtered table is = 12
2024-04-17 18:16 | INFO | Query 40 Active Learning Random Query Runtime on Validation Set: 105595.78
2024-04-17 18:16 | INFO | Query 40 Active Learning Random Query Runtime on Test Set: 85537.45
2024-04-17 18:16 | INFO | Query 40 Active Learning Random Query Instance Cost: 291293.75
2024-04-17 18:16 | INFO | Timeout limit is increased to 3600
2024-04-17 18:16 | INFO | Query 41 Size of the uncertainty table is = 720/1200
2024-04-17 18:16 | INFO | Query 41 Size of the filtered table is = 12
2024-04-17 18:16 | INFO | Query 41 Active Learning Random Query Runtime on Validation Set: 105595.78
2024-04-17 18:16 | INFO | Query 41 Active Learning Random Query Runtime on Test Set: 50522.02
2024-04-17 18:16 | INFO | Query 41 Active Learning Random Query Instance Cost: 299573.24
2024-04-17 18:16 | INFO | Timeout limit is increased to 3600
2024-04-17 18:16 | INFO | Query 42 Size of the uncertainty table is = 708/1200
2024-04-17 18:16 | INFO | Query 42 Size of the filtered table is = 12
2024-04-17 18:16 | INFO | Query 42 Active Learning Random Query Runtime on Validation Set: 105595.78
2024-04-17 18:16 | INFO | Query 42 Active Learning Random Query Runtime on Test Set: 85537.05
2024-04-17 18:16 | INFO | Query 42 Active Learning Random Query Instance Cost: 303185.61
2024-04-17 18:16 | INFO | Timeout limit is increased to 3600
2024-04-17 18:16 | INFO | Query 43 Size of the uncertainty table is = 696/1200
2024-04-17 18:16 | INFO | Query 43 Size of the filtered table is = 12
2024-04-17 18:16 | INFO | Query 43 Active Learning Random Query Runtime on Validation Set: 105595.78
2024-04-17 18:16 | INFO | Query 43 Active Learning Random Query Runtime on Test Set: 50525.06
2024-04-17 18:16 | INFO | Query 43 Active Learning Random Query Instance Cost: 308024.63
2024-04-17 18:16 | INFO | Timeout limit is increased to 3600
2024-04-17 18:16 | INFO | Query 44 Size of the uncertainty table is = 684/1200
2024-04-17 18:16 | INFO | Query 44 Size of the filtered table is = 12
2024-04-17 18:16 | INFO | Query 44 Active Learning Random Query Runtime on Validation Set: 105595.78
2024-04-17 18:16 | INFO | Query 44 Active Learning Random Query Runtime on Test Set: 121240.89
2024-04-17 18:16 | INFO | Query 44 Active Learning Random Query Instance Cost: 322553.26
2024-04-17 18:16 | INFO | Timeout limit is increased to 3600
2024-04-17 18:16 | INFO | Query 45 Size of the uncertainty table is = 672/1200
2024-04-17 18:16 | INFO | Query 45 Size of the filtered table is = 12
2024-04-17 18:16 | INFO | Query 45 Active Learning Random Query Runtime on Validation Set: 105595.78
2024-04-17 18:16 | INFO | Query 45 Active Learning Random Query Runtime on Test Set: 121241.58
2024-04-17 18:16 | INFO | Query 45 Active Learning Random Query Instance Cost: 328702.04
2024-04-17 18:16 | INFO | Timeout limit is increased to 3600
2024-04-17 18:16 | INFO | Query 46 Size of the uncertainty table is = 660/1200
2024-04-17 18:16 | INFO | Query 46 Size of the filtered table is = 12
2024-04-17 18:16 | INFO | Query 46 Active Learning Random Query Runtime on Validation Set: 105595.78
2024-04-17 18:16 | INFO | Query 46 Active Learning Random Query Runtime on Test Set: 121244.31
2024-04-17 18:16 | INFO | Query 46 Active Learning Random Query Instance Cost: 332183.37
2024-04-17 18:16 | INFO | Timeout limit is increased to 3600
2024-04-17 18:16 | INFO | Query 47 Size of the uncertainty table is = 648/1200
2024-04-17 18:16 | INFO | Query 47 Size of the filtered table is = 12
2024-04-17 18:16 | INFO | Query 47 Active Learning Random Query Runtime on Validation Set: 105595.78
2024-04-17 18:16 | INFO | Query 47 Active Learning Random Query Runtime on Test Set: 50522.66
2024-04-17 18:16 | INFO | Query 47 Active Learning Random Query Instance Cost: 332212.21
2024-04-17 18:16 | INFO | Timeout limit is increased to 3600
2024-04-17 18:16 | INFO | Query 48 Size of the uncertainty table is = 636/1200
2024-04-17 18:16 | INFO | Query 48 Size of the filtered table is = 12
2024-04-17 18:16 | INFO | Query 48 Active Learning Random Query Runtime on Validation Set: 105595.78
2024-04-17 18:16 | INFO | Query 48 Active Learning Random Query Runtime on Test Set: 121241.59
2024-04-17 18:16 | INFO | Query 48 Active Learning Random Query Instance Cost: 343250.1
2024-04-17 18:16 | INFO | Timeout limit is increased to 3600
2024-04-17 18:16 | INFO | Query 49 Size of the uncertainty table is = 624/1200
2024-04-17 18:16 | INFO | Query 49 Size of the filtered table is = 12
2024-04-17 18:17 | INFO | Query 49 Active Learning Random Query Runtime on Validation Set: 105595.78
2024-04-17 18:17 | INFO | Query 49 Active Learning Random Query Runtime on Test Set: 86225.79
2024-04-17 18:17 | INFO | Query 49 Active Learning Random Query Instance Cost: 354245.3
2024-04-17 18:17 | INFO | Timeout limit is increased to 3600
2024-04-17 18:17 | INFO | Query 50 Size of the uncertainty table is = 612/1200
2024-04-17 18:17 | INFO | Query 50 Size of the filtered table is = 12
2024-04-17 18:17 | INFO | Query 50 Active Learning Random Query Runtime on Validation Set: 105595.78
2024-04-17 18:17 | INFO | Query 50 Active Learning Random Query Runtime on Test Set: 121240.88
2024-04-17 18:17 | INFO | Query 50 Active Learning Random Query Instance Cost: 358613.78
2024-04-17 18:17 | INFO | Timeout limit is increased to 3600
2024-04-17 18:17 | INFO | Query 51 Size of the uncertainty table is = 600/1200
2024-04-17 18:17 | INFO | Query 51 Size of the filtered table is = 12
2024-04-17 18:17 | INFO | Query 51 Active Learning Random Query Runtime on Validation Set: 105595.78
2024-04-17 18:17 | INFO | Query 51 Active Learning Random Query Runtime on Test Set: 50522.35
2024-04-17 18:17 | INFO | Query 51 Active Learning Random Query Instance Cost: 370295.25
2024-04-17 18:17 | INFO | Timeout limit is increased to 3600
2024-04-17 18:17 | INFO | Query 52 Size of the uncertainty table is = 588/1200
2024-04-17 18:17 | INFO | Query 52 Size of the filtered table is = 12
2024-04-17 18:17 | INFO | Query 52 Active Learning Random Query Runtime on Validation Set: 105595.78
2024-04-17 18:17 | INFO | Query 52 Active Learning Random Query Runtime on Test Set: 121241.61
2024-04-17 18:17 | INFO | Query 52 Active Learning Random Query Instance Cost: 374392.06
2024-04-17 18:17 | INFO | Timeout limit is increased to 3600
2024-04-17 18:17 | INFO | Query 53 Size of the uncertainty table is = 576/1200
2024-04-17 18:17 | INFO | Query 53 Size of the filtered table is = 12
2024-04-17 18:17 | INFO | Query 53 Active Learning Random Query Runtime on Validation Set: 105595.78
2024-04-17 18:17 | INFO | Query 53 Active Learning Random Query Runtime on Test Set: 121241.19
2024-04-17 18:17 | INFO | Query 53 Active Learning Random Query Instance Cost: 378465.75
2024-04-17 18:17 | INFO | Timeout limit is increased to 3600
2024-04-17 18:17 | INFO | Query 54 Size of the uncertainty table is = 564/1200
2024-04-17 18:17 | INFO | Query 54 Size of the filtered table is = 12
2024-04-17 18:17 | INFO | Query 54 Active Learning Random Query Runtime on Validation Set: 105595.78
2024-04-17 18:17 | INFO | Query 54 Active Learning Random Query Runtime on Test Set: 121241.19
2024-04-17 18:17 | INFO | Query 54 Active Learning Random Query Instance Cost: 389906.17
2024-04-17 18:17 | INFO | Timeout limit is increased to 3600
2024-04-17 18:17 | INFO | Query 55 Size of the uncertainty table is = 552/1200
2024-04-17 18:17 | INFO | Query 55 Size of the filtered table is = 12
2024-04-17 18:17 | INFO | Query 55 Active Learning Random Query Runtime on Validation Set: 105595.78
2024-04-17 18:17 | INFO | Query 55 Active Learning Random Query Runtime on Test Set: 121241.18
2024-04-17 18:17 | INFO | Query 55 Active Learning Random Query Instance Cost: 393564.36
2024-04-17 18:17 | INFO | Timeout limit is increased to 3600
2024-04-17 18:17 | INFO | Query 56 Size of the uncertainty table is = 540/1200
2024-04-17 18:17 | INFO | Query 56 Size of the filtered table is = 12
2024-04-17 18:17 | INFO | Query 56 Active Learning Random Query Runtime on Validation Set: 105595.78
2024-04-17 18:17 | INFO | Query 56 Active Learning Random Query Runtime on Test Set: 121241.24
2024-04-17 18:17 | INFO | Query 56 Active Learning Random Query Instance Cost: 393632.4
2024-04-17 18:17 | INFO | Timeout limit is increased to 3600
2024-04-17 18:17 | INFO | Query 57 Size of the uncertainty table is = 528/1200
2024-04-17 18:17 | INFO | Query 57 Size of the filtered table is = 12
2024-04-17 18:17 | INFO | Query 57 Active Learning Random Query Runtime on Validation Set: 105595.78
2024-04-17 18:17 | INFO | Query 57 Active Learning Random Query Runtime on Test Set: 121241.54
2024-04-17 18:17 | INFO | Query 57 Active Learning Random Query Instance Cost: 396260.12
2024-04-17 18:17 | INFO | Timeout limit is increased to 3600
2024-04-17 18:17 | INFO | Query 58 Size of the uncertainty table is = 516/1200
2024-04-17 18:17 | INFO | Query 58 Size of the filtered table is = 12
2024-04-17 18:17 | INFO | Query 58 Active Learning Random Query Runtime on Validation Set: 105595.78
2024-04-17 18:17 | INFO | Query 58 Active Learning Random Query Runtime on Test Set: 121241.17
2024-04-17 18:17 | INFO | Query 58 Active Learning Random Query Instance Cost: 404356.45
2024-04-17 18:17 | INFO | Timeout limit is increased to 3600
2024-04-17 18:17 | INFO | Query 59 Size of the uncertainty table is = 504/1200
2024-04-17 18:17 | INFO | Query 59 Size of the filtered table is = 12
2024-04-17 18:17 | INFO | Query 59 Active Learning Random Query Runtime on Validation Set: 105595.78
2024-04-17 18:17 | INFO | Query 59 Active Learning Random Query Runtime on Test Set: 121244.25
2024-04-17 18:17 | INFO | Query 59 Active Learning Random Query Instance Cost: 410087.66
2024-04-17 18:17 | INFO | Timeout limit is increased to 3600
2024-04-17 18:17 | INFO | Query 60 Size of the uncertainty table is = 492/1200
2024-04-17 18:17 | INFO | Query 60 Size of the filtered table is = 12
2024-04-17 18:17 | INFO | Query 60 Active Learning Random Query Runtime on Validation Set: 105595.78
2024-04-17 18:17 | INFO | Query 60 Active Learning Random Query Runtime on Test Set: 50522.3
2024-04-17 18:17 | INFO | Query 60 Active Learning Random Query Instance Cost: 417406.09
2024-04-17 18:17 | INFO | Timeout limit is increased to 3600
2024-04-17 18:17 | INFO | Query 61 Size of the uncertainty table is = 480/1200
2024-04-17 18:17 | INFO | Query 61 Size of the filtered table is = 12
2024-04-17 18:18 | INFO | Query 61 Active Learning Random Query Runtime on Validation Set: 105595.78
2024-04-17 18:18 | INFO | Query 61 Active Learning Random Query Runtime on Test Set: 50522.69
2024-04-17 18:18 | INFO | Query 61 Active Learning Random Query Instance Cost: 428957.86
2024-04-17 18:18 | INFO | Timeout limit is increased to 3600
2024-04-17 18:18 | INFO | Query 62 Size of the uncertainty table is = 468/1200
2024-04-17 18:18 | INFO | Query 62 Size of the filtered table is = 12
2024-04-17 18:18 | INFO | Query 62 Active Learning Random Query Runtime on Validation Set: 105595.78
2024-04-17 18:18 | INFO | Query 62 Active Learning Random Query Runtime on Test Set: 86226.13
2024-04-17 18:18 | INFO | Query 62 Active Learning Random Query Instance Cost: 433539.99
2024-04-17 18:18 | INFO | Timeout limit is increased to 3600
2024-04-17 18:18 | INFO | Query 63 Size of the uncertainty table is = 456/1200
2024-04-17 18:18 | INFO | Query 63 Size of the filtered table is = 12
2024-04-17 18:18 | INFO | Query 63 Active Learning Random Query Runtime on Validation Set: 105595.78
2024-04-17 18:18 | INFO | Query 63 Active Learning Random Query Runtime on Test Set: 121241.27
2024-04-17 18:18 | INFO | Query 63 Active Learning Random Query Instance Cost: 441575.25
2024-04-17 18:18 | INFO | Timeout limit is increased to 3600
2024-04-17 18:18 | INFO | Query 64 Size of the uncertainty table is = 444/1200
2024-04-17 18:18 | INFO | Query 64 Size of the filtered table is = 12
2024-04-17 18:18 | INFO | Query 64 Active Learning Random Query Runtime on Validation Set: 105595.78
2024-04-17 18:18 | INFO | Query 64 Active Learning Random Query Runtime on Test Set: 121244.3
2024-04-17 18:18 | INFO | Query 64 Active Learning Random Query Instance Cost: 451337.43
2024-04-17 18:18 | INFO | Timeout limit is increased to 3600
2024-04-17 18:18 | INFO | Query 65 Size of the uncertainty table is = 432/1200
2024-04-17 18:18 | INFO | Query 65 Size of the filtered table is = 12
2024-04-17 18:18 | INFO | Query 65 Active Learning Random Query Runtime on Validation Set: 105595.78
2024-04-17 18:18 | INFO | Query 65 Active Learning Random Query Runtime on Test Set: 121240.9
2024-04-17 18:18 | INFO | Query 65 Active Learning Random Query Instance Cost: 459467.68
2024-04-17 18:18 | INFO | Timeout limit is increased to 3600
2024-04-17 18:18 | INFO | Query 66 Size of the uncertainty table is = 420/1200
2024-04-17 18:18 | INFO | Query 66 Size of the filtered table is = 12
2024-04-17 18:18 | INFO | Query 66 Active Learning Random Query Runtime on Validation Set: 105595.78
2024-04-17 18:18 | INFO | Query 66 Active Learning Random Query Runtime on Test Set: 121241.55
2024-04-17 18:18 | INFO | Query 66 Active Learning Random Query Instance Cost: 467928.9
2024-04-17 18:18 | INFO | Timeout limit is increased to 3600
2024-04-17 18:18 | INFO | Query 67 Size of the uncertainty table is = 408/1200
2024-04-17 18:18 | INFO | Query 67 Size of the filtered table is = 12
2024-04-17 18:18 | INFO | Query 67 Active Learning Random Query Runtime on Validation Set: 105595.78
2024-04-17 18:18 | INFO | Query 67 Active Learning Random Query Runtime on Test Set: 121241.54
2024-04-17 18:18 | INFO | Query 67 Active Learning Random Query Instance Cost: 471580.19
2024-04-17 18:18 | INFO | Timeout limit is increased to 3600
2024-04-17 18:18 | INFO | Query 68 Size of the uncertainty table is = 396/1200
2024-04-17 18:18 | INFO | Query 68 Size of the filtered table is = 12
2024-04-17 18:18 | INFO | Query 68 Active Learning Random Query Runtime on Validation Set: 105595.78
2024-04-17 18:18 | INFO | Query 68 Active Learning Random Query Runtime on Test Set: 85538.76
2024-04-17 18:18 | INFO | Query 68 Active Learning Random Query Instance Cost: 476512.49
2024-04-17 18:18 | INFO | Timeout limit is increased to 3600
2024-04-17 18:18 | INFO | Query 69 Size of the uncertainty table is = 384/1200
2024-04-17 18:18 | INFO | Query 69 Size of the filtered table is = 12
2024-04-17 18:18 | INFO | Query 69 Active Learning Random Query Runtime on Validation Set: 105595.78
2024-04-17 18:18 | INFO | Query 69 Active Learning Random Query Runtime on Test Set: 50523.32
2024-04-17 18:18 | INFO | Query 69 Active Learning Random Query Instance Cost: 484718.28
2024-04-17 18:18 | INFO | Timeout limit is increased to 3600
2024-04-17 18:18 | INFO | Query 70 Size of the uncertainty table is = 372/1200
2024-04-17 18:18 | INFO | Query 70 Size of the filtered table is = 12
2024-04-17 18:18 | INFO | Query 70 Active Learning Random Query Runtime on Validation Set: 105595.78
2024-04-17 18:18 | INFO | Query 70 Active Learning Random Query Runtime on Test Set: 17465.75
2024-04-17 18:18 | INFO | Query 70 Active Learning Random Query Instance Cost: 494334.41
2024-04-17 18:18 | INFO | Timeout limit is increased to 3600
2024-04-17 18:18 | INFO | Query 71 Size of the uncertainty table is = 360/1200
2024-04-17 18:18 | INFO | Query 71 Size of the filtered table is = 12
2024-04-17 18:18 | INFO | Query 71 Active Learning Random Query Runtime on Validation Set: 105595.78
2024-04-17 18:18 | INFO | Query 71 Active Learning Random Query Runtime on Test Set: 52480.84
2024-04-17 18:18 | INFO | Query 71 Active Learning Random Query Instance Cost: 494507.05
2024-04-17 18:18 | INFO | Timeout limit is increased to 3600
2024-04-17 18:18 | INFO | Query 72 Size of the uncertainty table is = 348/1200
2024-04-17 18:18 | INFO | Query 72 Size of the filtered table is = 12
2024-04-17 18:19 | INFO | Query 72 Active Learning Random Query Runtime on Validation Set: 105595.78
2024-04-17 18:19 | INFO | Query 72 Active Learning Random Query Runtime on Test Set: 17465.68
2024-04-17 18:19 | INFO | Query 72 Active Learning Random Query Instance Cost: 494718.62
2024-04-17 18:19 | INFO | Timeout limit is increased to 3600
2024-04-17 18:19 | INFO | Query 73 Size of the uncertainty table is = 336/1200
2024-04-17 18:19 | INFO | Query 73 Size of the filtered table is = 12
2024-04-17 18:19 | INFO | Query 73 Active Learning Random Query Runtime on Validation Set: 105595.78
2024-04-17 18:19 | INFO | Query 73 Active Learning Random Query Runtime on Test Set: 17465.68
2024-04-17 18:19 | INFO | Query 73 Active Learning Random Query Instance Cost: 498548.0
2024-04-17 18:19 | INFO | Timeout limit is increased to 3600
2024-04-17 18:19 | INFO | Query 74 Size of the uncertainty table is = 324/1200
2024-04-17 18:19 | INFO | Query 74 Size of the filtered table is = 12
2024-04-17 18:19 | INFO | Query 74 Active Learning Random Query Runtime on Validation Set: 105595.78
2024-04-17 18:19 | INFO | Query 74 Active Learning Random Query Runtime on Test Set: 88184.97
2024-04-17 18:19 | INFO | Query 74 Active Learning Random Query Instance Cost: 499056.93
2024-04-17 18:19 | INFO | Timeout limit is increased to 3600
2024-04-17 18:19 | INFO | Query 75 Size of the uncertainty table is = 312/1200
2024-04-17 18:19 | INFO | Query 75 Size of the filtered table is = 12
2024-04-17 18:19 | INFO | Query 75 Active Learning Random Query Runtime on Validation Set: 105595.78
2024-04-17 18:19 | INFO | Query 75 Active Learning Random Query Runtime on Test Set: 53169.86
2024-04-17 18:19 | INFO | Query 75 Active Learning Random Query Instance Cost: 499091.88
2024-04-17 18:19 | INFO | Timeout limit is increased to 3600
2024-04-17 18:19 | INFO | Query 76 Size of the uncertainty table is = 300/1200
2024-04-17 18:19 | INFO | Query 76 Size of the filtered table is = 12
2024-04-17 18:19 | INFO | Query 76 Active Learning Random Query Runtime on Validation Set: 105595.78
2024-04-17 18:19 | INFO | Query 76 Active Learning Random Query Runtime on Test Set: 17465.62
2024-04-17 18:19 | INFO | Query 76 Active Learning Random Query Instance Cost: 511086.02
2024-04-17 18:19 | INFO | Timeout limit is increased to 3600
2024-04-17 18:19 | INFO | Query 77 Size of the uncertainty table is = 288/1200
2024-04-17 18:19 | INFO | Query 77 Size of the filtered table is = 12
2024-04-17 18:19 | INFO | Query 77 Active Learning Random Query Runtime on Validation Set: 105595.78
2024-04-17 18:19 | INFO | Query 77 Active Learning Random Query Runtime on Test Set: 88184.24
2024-04-17 18:19 | INFO | Query 77 Active Learning Random Query Instance Cost: 514704.84
2024-04-17 18:19 | INFO | Timeout limit is increased to 3600
2024-04-17 18:19 | INFO | Query 78 Size of the uncertainty table is = 276/1200
2024-04-17 18:19 | INFO | Query 78 Size of the filtered table is = 12
2024-04-17 18:19 | INFO | Query 78 Active Learning Random Query Runtime on Validation Set: 105595.78
2024-04-17 18:19 | INFO | Query 78 Active Learning Random Query Runtime on Test Set: 88184.24
2024-04-17 18:19 | INFO | Query 78 Active Learning Random Query Instance Cost: 515762.01
2024-04-17 18:19 | INFO | Timeout limit is increased to 3600
2024-04-17 18:19 | INFO | Query 79 Size of the uncertainty table is = 264/1200
2024-04-17 18:19 | INFO | Query 79 Size of the filtered table is = 12
2024-04-17 18:19 | INFO | Query 79 Active Learning Random Query Runtime on Validation Set: 105595.78
2024-04-17 18:19 | INFO | Query 79 Active Learning Random Query Runtime on Test Set: 17465.64
2024-04-17 18:19 | INFO | Query 79 Active Learning Random Query Instance Cost: 525045.03
2024-04-17 18:19 | INFO | Timeout limit is increased to 3600
2024-04-17 18:19 | INFO | Query 80 Size of the uncertainty table is = 252/1200
2024-04-17 18:19 | INFO | Query 80 Size of the filtered table is = 12
2024-04-17 18:19 | INFO | Query 80 Active Learning Random Query Runtime on Validation Set: 105595.78
2024-04-17 18:19 | INFO | Query 80 Active Learning Random Query Runtime on Test Set: 17465.68
2024-04-17 18:19 | INFO | Query 80 Active Learning Random Query Instance Cost: 530050.49
2024-04-17 18:19 | INFO | Timeout limit is increased to 3600
2024-04-17 18:19 | INFO | Query 81 Size of the uncertainty table is = 240/1200
2024-04-17 18:19 | INFO | Query 81 Size of the filtered table is = 12
2024-04-17 18:19 | INFO | Query 81 Active Learning Random Query Runtime on Validation Set: 105595.78
2024-04-17 18:19 | INFO | Query 81 Active Learning Random Query Runtime on Test Set: 17466.04
2024-04-17 18:19 | INFO | Query 81 Active Learning Random Query Instance Cost: 532033.89
2024-04-17 18:19 | INFO | Timeout limit is increased to 3600
2024-04-17 18:19 | INFO | Query 82 Size of the uncertainty table is = 228/1200
2024-04-17 18:19 | INFO | Query 82 Size of the filtered table is = 12
2024-04-17 18:19 | INFO | Query 82 Active Learning Random Query Runtime on Validation Set: 105595.78
2024-04-17 18:19 | INFO | Query 82 Active Learning Random Query Runtime on Test Set: 88184.61
2024-04-17 18:19 | INFO | Query 82 Active Learning Random Query Instance Cost: 540463.54
2024-04-17 18:19 | INFO | Timeout limit is increased to 3600
2024-04-17 18:19 | INFO | Query 83 Size of the uncertainty table is = 216/1200
2024-04-17 18:19 | INFO | Query 83 Size of the filtered table is = 12
2024-04-17 18:20 | INFO | Query 83 Active Learning Random Query Runtime on Validation Set: 105595.78
2024-04-17 18:20 | INFO | Query 83 Active Learning Random Query Runtime on Test Set: 88184.26
2024-04-17 18:20 | INFO | Query 83 Active Learning Random Query Instance Cost: 546568.67
2024-04-17 18:20 | INFO | Timeout limit is increased to 3600
2024-04-17 18:20 | INFO | Query 84 Size of the uncertainty table is = 204/1200
2024-04-17 18:20 | INFO | Query 84 Size of the filtered table is = 12
2024-04-17 18:20 | INFO | Query 84 Active Learning Random Query Runtime on Validation Set: 105595.78
2024-04-17 18:20 | INFO | Query 84 Active Learning Random Query Runtime on Test Set: 17465.71
2024-04-17 18:20 | INFO | Query 84 Active Learning Random Query Instance Cost: 554339.07
2024-04-17 18:20 | INFO | Timeout limit is increased to 3600
2024-04-17 18:20 | INFO | Query 85 Size of the uncertainty table is = 192/1200
2024-04-17 18:20 | INFO | Query 85 Size of the filtered table is = 12
2024-04-17 18:20 | INFO | Query 85 Active Learning Random Query Runtime on Validation Set: 105595.78
2024-04-17 18:20 | INFO | Query 85 Active Learning Random Query Runtime on Test Set: 17465.99
2024-04-17 18:20 | INFO | Query 85 Active Learning Random Query Instance Cost: 561705.8
2024-04-17 18:20 | INFO | Timeout limit is increased to 3600
2024-04-17 18:20 | INFO | Query 86 Size of the uncertainty table is = 180/1200
2024-04-17 18:20 | INFO | Query 86 Size of the filtered table is = 12
2024-04-17 18:20 | INFO | Query 86 Active Learning Random Query Runtime on Validation Set: 105595.78
2024-04-17 18:20 | INFO | Query 86 Active Learning Random Query Runtime on Test Set: 88184.91
2024-04-17 18:20 | INFO | Query 86 Active Learning Random Query Instance Cost: 561720.43
2024-04-17 18:20 | INFO | Timeout limit is increased to 3600
2024-04-17 18:20 | INFO | Query 87 Size of the uncertainty table is = 168/1200
2024-04-17 18:20 | INFO | Query 87 Size of the filtered table is = 12
2024-04-17 18:20 | INFO | Query 87 Active Learning Random Query Runtime on Validation Set: 105595.78
2024-04-17 18:20 | INFO | Query 87 Active Learning Random Query Runtime on Test Set: 88184.91
2024-04-17 18:20 | INFO | Query 87 Active Learning Random Query Instance Cost: 565382.01
2024-04-17 18:20 | INFO | Timeout limit is increased to 3600
2024-04-17 18:20 | INFO | Query 88 Size of the uncertainty table is = 156/1200
2024-04-17 18:20 | INFO | Query 88 Size of the filtered table is = 12
2024-04-17 18:20 | INFO | Query 88 Active Learning Random Query Runtime on Validation Set: 105595.78
2024-04-17 18:20 | INFO | Query 88 Active Learning Random Query Runtime on Test Set: 88184.58
2024-04-17 18:20 | INFO | Query 88 Active Learning Random Query Instance Cost: 565824.02
2024-04-17 18:20 | INFO | Timeout limit is increased to 3600
2024-04-17 18:20 | INFO | Query 89 Size of the uncertainty table is = 144/1200
2024-04-17 18:20 | INFO | Query 89 Size of the filtered table is = 12
2024-04-17 18:20 | INFO | Query 89 Active Learning Random Query Runtime on Validation Set: 105595.78
2024-04-17 18:20 | INFO | Query 89 Active Learning Random Query Runtime on Test Set: 17466.99
2024-04-17 18:20 | INFO | Query 89 Active Learning Random Query Instance Cost: 572081.85
2024-04-17 18:20 | INFO | Timeout limit is increased to 3600
2024-04-17 18:20 | INFO | Query 90 Size of the uncertainty table is = 132/1200
2024-04-17 18:20 | INFO | Query 90 Size of the filtered table is = 12
2024-04-17 18:20 | INFO | Query 90 Active Learning Random Query Runtime on Validation Set: 105595.78
2024-04-17 18:20 | INFO | Query 90 Active Learning Random Query Runtime on Test Set: 88184.93
2024-04-17 18:20 | INFO | Query 90 Active Learning Random Query Instance Cost: 572090.67
2024-04-17 18:20 | INFO | Timeout limit is increased to 3600
2024-04-17 18:20 | INFO | Query 91 Size of the uncertainty table is = 120/1200
2024-04-17 18:20 | INFO | Query 91 Size of the filtered table is = 12
2024-04-17 18:20 | INFO | Query 91 Active Learning Random Query Runtime on Validation Set: 105595.78
2024-04-17 18:20 | INFO | Query 91 Active Learning Random Query Runtime on Test Set: 88185.91
2024-04-17 18:20 | INFO | Query 91 Active Learning Random Query Instance Cost: 578966.08
2024-04-17 18:20 | INFO | Timeout limit is increased to 3600
2024-04-17 18:20 | INFO | Query 92 Size of the uncertainty table is = 108/1200
2024-04-17 18:20 | INFO | Query 92 Size of the filtered table is = 12
2024-04-17 18:20 | INFO | Query 92 Active Learning Random Query Runtime on Validation Set: 105595.78
2024-04-17 18:20 | INFO | Query 92 Active Learning Random Query Runtime on Test Set: 17465.99
2024-04-17 18:20 | INFO | Query 92 Active Learning Random Query Instance Cost: 586820.64
2024-04-17 18:20 | INFO | Timeout limit is increased to 3600
2024-04-17 18:20 | INFO | Query 93 Size of the uncertainty table is = 96/1200
2024-04-17 18:20 | INFO | Query 93 Size of the filtered table is = 12
2024-04-17 18:20 | INFO | Query 93 Active Learning Random Query Runtime on Validation Set: 105595.78
2024-04-17 18:20 | INFO | Query 93 Active Learning Random Query Runtime on Test Set: 17469.09
2024-04-17 18:20 | INFO | Query 93 Active Learning Random Query Instance Cost: 591564.33
2024-04-17 18:20 | INFO | Timeout limit is increased to 3600
2024-04-17 18:20 | INFO | Query 94 Size of the uncertainty table is = 84/1200
2024-04-17 18:20 | INFO | Query 94 Size of the filtered table is = 12
2024-04-17 18:21 | INFO | Query 94 Active Learning Random Query Runtime on Validation Set: 101144.67
2024-04-17 18:21 | INFO | Query 94 Active Learning Random Query Runtime on Test Set: 17465.99
2024-04-17 18:21 | INFO | Query 94 Active Learning Random Query Instance Cost: 599858.69
2024-04-17 18:21 | INFO | Query 95 Size of the uncertainty table is = 72/1200
2024-04-17 18:21 | INFO | Query 95 Size of the filtered table is = 12
2024-04-17 18:21 | INFO | Query 95 Active Learning Random Query Runtime on Validation Set: 105595.78
2024-04-17 18:21 | INFO | Query 95 Active Learning Random Query Runtime on Test Set: 17469.78
2024-04-17 18:21 | INFO | Query 95 Active Learning Random Query Instance Cost: 603657.34
2024-04-17 18:21 | INFO | Timeout limit is increased to 3600
2024-04-17 18:21 | INFO | Query 96 Size of the uncertainty table is = 60/1200
2024-04-17 18:21 | INFO | Query 96 Size of the filtered table is = 12
2024-04-17 18:21 | INFO | Query 96 Active Learning Random Query Runtime on Validation Set: 105595.78
2024-04-17 18:21 | INFO | Query 96 Active Learning Random Query Runtime on Test Set: 17465.99
2024-04-17 18:21 | INFO | Query 96 Active Learning Random Query Instance Cost: 611246.51
2024-04-17 18:21 | INFO | Timeout limit is increased to 3600
2024-04-17 18:21 | INFO | Query 97 Size of the uncertainty table is = 48/1200
2024-04-17 18:21 | INFO | Query 97 Size of the filtered table is = 12
2024-04-17 18:21 | INFO | Query 97 Active Learning Random Query Runtime on Validation Set: 105595.78
2024-04-17 18:21 | INFO | Query 97 Active Learning Random Query Runtime on Test Set: 17469.08
2024-04-17 18:21 | INFO | Query 97 Active Learning Random Query Instance Cost: 612462.94
2024-04-17 18:21 | INFO | Timeout limit is increased to 3600
2024-04-17 18:21 | INFO | Query 98 Size of the uncertainty table is = 36/1200
2024-04-17 18:21 | INFO | Query 98 Size of the filtered table is = 12
2024-04-17 18:21 | INFO | Query 98 Active Learning Random Query Runtime on Validation Set: 105595.78
2024-04-17 18:21 | INFO | Query 98 Active Learning Random Query Runtime on Test Set: 17470.07
2024-04-17 18:21 | INFO | Query 98 Active Learning Random Query Instance Cost: 612499.51
2024-04-17 18:21 | INFO | Timeout limit is increased to 3600
2024-04-17 18:21 | INFO | Query 99 Size of the uncertainty table is = 24/1200
2024-04-17 18:21 | INFO | Query 99 Size of the filtered table is = 12
2024-04-17 18:21 | INFO | Query 99 Active Learning Random Query Runtime on Validation Set: 105595.78
2024-04-17 18:21 | INFO | Query 99 Active Learning Random Query Runtime on Test Set: 17469.08
2024-04-17 18:21 | INFO | Query 99 Active Learning Random Query Instance Cost: 625915.07
2024-04-17 18:21 | INFO | Timeout limit is increased to 3600
2024-04-17 18:21 | INFO | Query 100 Size of the uncertainty table is = 12/1200
2024-04-17 18:21 | INFO | Query 100 Size of the filtered table is = 12
2024-04-17 18:21 | INFO | Query 100 Active Learning Random Query Runtime on Validation Set: 105595.78
2024-04-17 18:21 | INFO | Query 100 Active Learning Random Query Runtime on Test Set: 17468.39
2024-04-17 18:21 | INFO | Query 100 Active Learning Random Query Instance Cost: 632110.66
2024-04-17 18:21 | INFO | Timeout limit is increased to 3600
2024-04-17 18:21 | INFO | runtime_train_score is written as json file
2024-04-17 18:21 | INFO | runtime_test_score is written as json file
2024-04-17 18:21 | INFO | runtime_validation_score is written as json file
2024-04-17 18:21 | INFO | instance_cost is written as json file
2024-04-17 18:21 | INFO | Experiment is finished
