2024-04-17 18:44 | INFO | Paramaters are: {'dataset': 'QBF-2011', 'penalty': 10, 'weight': 'No_Weight', 'voting': 'Hard', 'pre_selection_size': 64, 'pre_selection_technique': 'No_pre_selection', 'feature_elimination_threshold': 20, 'imputer_strategy': 'median', 'feature_selection_technique': 'No_feature_selection', 'feature_scaling_technique': 'StandardScaler', 'initial_train_size': 20, 'query_size': 1, 'timeout_predictor_usage': 'No', 'timeout_limit': 100, 'timeout_increase_rate': 100, 'RANDOM_STATE_SEED': 7, 'n_splits': 10, 'split_number': 3, 'max_timeout': 3600, 'param_grid': {'n_estimators': 100, 'criterion': 'gini', 'max_features': 'sqrt', 'max_depth': 2147483648, 'min_samples_split': 2, 'bootstrap': True}}
2024-04-17 18:44 | INFO | QBF-2011 is current dataset
2024-04-17 18:44 | INFO | DATASETS/QBF-2011/algorithm_runs.csv is found
2024-04-17 18:44 | INFO | DATASETS/QBF-2011/algorithm_runs.csv is finished
2024-04-17 18:44 | INFO | DATASETS/QBF-2011/feature_values.csv is found
2024-04-17 18:44 | INFO | DATASETS/QBF-2011/feature_values.csv is finished
2024-04-17 18:44 | INFO | Feature cost of train set is 0
2024-04-17 18:45 | INFO | Initial Active Learning Random Query Runtime on Validation Set: 2183512.1
2024-04-17 18:45 | INFO | Initial Active Learning Random Query Runtime on Test Set: 840549.51
2024-04-17 18:45 | INFO | Initial Active Learning Random Query Instance Cost: 6230.02
2024-04-17 18:45 | INFO | Bin size = 73
2024-04-17 18:45 | INFO | Query 1 Size of the uncertainty table is = 7453/7380
2024-04-17 18:45 | INFO | Query 1 Size of the filtered table is = 73
2024-04-17 18:45 | INFO | Query 1 Active Learning Random Query Runtime on Validation Set: 2252292.98
2024-04-17 18:45 | INFO | Query 1 Active Learning Random Query Runtime on Test Set: 805428.72
2024-04-17 18:45 | INFO | Query 1 Active Learning Random Query Instance Cost: 15226.39
2024-04-17 18:45 | INFO | Timeout limit is increased to 200
2024-04-17 18:45 | INFO | Query 2 Size of the uncertainty table is = 7410/7380
2024-04-17 18:45 | INFO | Query 2 Size of the filtered table is = 73
2024-04-17 18:46 | INFO | Query 2 Active Learning Random Query Runtime on Validation Set: 1789437.98
2024-04-17 18:46 | INFO | Query 2 Active Learning Random Query Runtime on Test Set: 839067.37
2024-04-17 18:46 | INFO | Query 2 Active Learning Random Query Instance Cost: 31304.02
2024-04-17 18:46 | INFO | Query 3 Size of the uncertainty table is = 7339/7380
2024-04-17 18:46 | INFO | Query 3 Size of the filtered table is = 73
2024-04-17 18:46 | INFO | Query 3 Active Learning Random Query Runtime on Validation Set: 1643262.07
2024-04-17 18:46 | INFO | Query 3 Active Learning Random Query Runtime on Test Set: 554081.86
2024-04-17 18:46 | INFO | Query 3 Active Learning Random Query Instance Cost: 46017.87
2024-04-17 18:46 | INFO | Query 4 Size of the uncertainty table is = 7280/7380
2024-04-17 18:46 | INFO | Query 4 Size of the filtered table is = 73
2024-04-17 18:47 | INFO | Query 4 Active Learning Random Query Runtime on Validation Set: 1678679.4
2024-04-17 18:47 | INFO | Query 4 Active Learning Random Query Runtime on Test Set: 482049.53
2024-04-17 18:47 | INFO | Query 4 Active Learning Random Query Instance Cost: 61972.87
2024-04-17 18:47 | INFO | Timeout limit is increased to 300
2024-04-17 18:47 | INFO | Query 5 Size of the uncertainty table is = 7219/7380
2024-04-17 18:47 | INFO | Query 5 Size of the filtered table is = 73
2024-04-17 18:47 | INFO | Query 5 Active Learning Random Query Runtime on Validation Set: 1606739.74
2024-04-17 18:47 | INFO | Query 5 Active Learning Random Query Runtime on Test Set: 446221.39
2024-04-17 18:47 | INFO | Query 5 Active Learning Random Query Instance Cost: 84201.46
2024-04-17 18:47 | INFO | Query 6 Size of the uncertainty table is = 7128/7380
2024-04-17 18:47 | INFO | Query 6 Size of the filtered table is = 73
2024-04-17 18:48 | INFO | Query 6 Active Learning Random Query Runtime on Validation Set: 1499842.6
2024-04-17 18:48 | INFO | Query 6 Active Learning Random Query Runtime on Test Set: 411398.71
2024-04-17 18:48 | INFO | Query 6 Active Learning Random Query Instance Cost: 105495.72
2024-04-17 18:48 | INFO | Query 7 Size of the uncertainty table is = 7047/7380
2024-04-17 18:48 | INFO | Query 7 Size of the filtered table is = 73
2024-04-17 18:48 | INFO | Query 7 Active Learning Random Query Runtime on Validation Set: 1459552.69
2024-04-17 18:48 | INFO | Query 7 Active Learning Random Query Runtime on Test Set: 410073.73
2024-04-17 18:48 | INFO | Query 7 Active Learning Random Query Instance Cost: 126890.08
2024-04-17 18:48 | INFO | Query 8 Size of the uncertainty table is = 6955/7380
2024-04-17 18:48 | INFO | Query 8 Size of the filtered table is = 73
2024-04-17 18:49 | INFO | Query 8 Active Learning Random Query Runtime on Validation Set: 1381690.72
2024-04-17 18:49 | INFO | Query 8 Active Learning Random Query Runtime on Test Set: 302955.6
2024-04-17 18:49 | INFO | Query 8 Active Learning Random Query Instance Cost: 151842.71
2024-04-17 18:49 | INFO | Query 9 Size of the uncertainty table is = 6879/7380
2024-04-17 18:49 | INFO | Query 9 Size of the filtered table is = 73
2024-04-17 18:49 | INFO | Query 9 Active Learning Random Query Runtime on Validation Set: 1385354.57
2024-04-17 18:49 | INFO | Query 9 Active Learning Random Query Runtime on Test Set: 338878.04
2024-04-17 18:49 | INFO | Query 9 Active Learning Random Query Instance Cost: 171457.3
2024-04-17 18:49 | INFO | Timeout limit is increased to 400
2024-04-17 18:49 | INFO | Query 10 Size of the uncertainty table is = 6790/7380
2024-04-17 18:49 | INFO | Query 10 Size of the filtered table is = 73
2024-04-17 18:50 | INFO | Query 10 Active Learning Random Query Runtime on Validation Set: 1277491.25
2024-04-17 18:50 | INFO | Query 10 Active Learning Random Query Runtime on Test Set: 373244.28
2024-04-17 18:50 | INFO | Query 10 Active Learning Random Query Instance Cost: 198729.87
2024-04-17 18:50 | INFO | Query 11 Size of the uncertainty table is = 6696/7380
2024-04-17 18:50 | INFO | Query 11 Size of the filtered table is = 73
2024-04-17 18:50 | INFO | Query 11 Active Learning Random Query Runtime on Validation Set: 1416955.69
2024-04-17 18:50 | INFO | Query 11 Active Learning Random Query Runtime on Test Set: 481212.82
2024-04-17 18:50 | INFO | Query 11 Active Learning Random Query Instance Cost: 222165.13
2024-04-17 18:50 | INFO | Timeout limit is increased to 500
2024-04-17 18:50 | INFO | Query 12 Size of the uncertainty table is = 6578/7380
2024-04-17 18:50 | INFO | Query 12 Size of the filtered table is = 73
2024-04-17 18:51 | INFO | Query 12 Active Learning Random Query Runtime on Validation Set: 1134429.52
2024-04-17 18:51 | INFO | Query 12 Active Learning Random Query Runtime on Test Set: 552046.4
2024-04-17 18:51 | INFO | Query 12 Active Learning Random Query Instance Cost: 255658.59
2024-04-17 18:51 | INFO | Query 13 Size of the uncertainty table is = 6455/7380
2024-04-17 18:51 | INFO | Query 13 Size of the filtered table is = 73
2024-04-17 18:51 | INFO | Query 13 Active Learning Random Query Runtime on Validation Set: 1241068.5
2024-04-17 18:51 | INFO | Query 13 Active Learning Random Query Runtime on Test Set: 369687.42
2024-04-17 18:51 | INFO | Query 13 Active Learning Random Query Instance Cost: 284713.99
2024-04-17 18:51 | INFO | Timeout limit is increased to 600
2024-04-17 18:51 | INFO | Query 14 Size of the uncertainty table is = 6327/7380
2024-04-17 18:51 | INFO | Query 14 Size of the filtered table is = 73
2024-04-17 18:51 | INFO | Query 14 Active Learning Random Query Runtime on Validation Set: 990388.71
2024-04-17 18:51 | INFO | Query 14 Active Learning Random Query Runtime on Test Set: 405656.84
2024-04-17 18:51 | INFO | Query 14 Active Learning Random Query Instance Cost: 316993.79
2024-04-17 18:52 | INFO | Query 15 Size of the uncertainty table is = 6189/7380
2024-04-17 18:52 | INFO | Query 15 Size of the filtered table is = 73
2024-04-17 18:52 | INFO | Query 15 Active Learning Random Query Runtime on Validation Set: 1133636.47
2024-04-17 18:52 | INFO | Query 15 Active Learning Random Query Runtime on Test Set: 405580.06
2024-04-17 18:52 | INFO | Query 15 Active Learning Random Query Instance Cost: 358351.42
2024-04-17 18:52 | INFO | Timeout limit is increased to 700
2024-04-17 18:52 | INFO | Query 16 Size of the uncertainty table is = 6080/7380
2024-04-17 18:52 | INFO | Query 16 Size of the filtered table is = 73
2024-04-17 18:52 | INFO | Query 16 Active Learning Random Query Runtime on Validation Set: 1313846.51
2024-04-17 18:52 | INFO | Query 16 Active Learning Random Query Runtime on Test Set: 369913.04
2024-04-17 18:52 | INFO | Query 16 Active Learning Random Query Instance Cost: 401971.51
2024-04-17 18:52 | INFO | Timeout limit is increased to 800
2024-04-17 18:52 | INFO | Query 17 Size of the uncertainty table is = 5963/7380
2024-04-17 18:52 | INFO | Query 17 Size of the filtered table is = 73
2024-04-17 18:53 | INFO | Query 17 Active Learning Random Query Runtime on Validation Set: 1384331.82
2024-04-17 18:53 | INFO | Query 17 Active Learning Random Query Runtime on Test Set: 367500.26
2024-04-17 18:53 | INFO | Query 17 Active Learning Random Query Instance Cost: 454052.17
2024-04-17 18:53 | INFO | Timeout limit is increased to 900
2024-04-17 18:53 | INFO | Query 18 Size of the uncertainty table is = 5835/7380
2024-04-17 18:53 | INFO | Query 18 Size of the filtered table is = 73
2024-04-17 18:53 | INFO | Query 18 Active Learning Random Query Runtime on Validation Set: 1276337.63
2024-04-17 18:53 | INFO | Query 18 Active Learning Random Query Runtime on Test Set: 367098.58
2024-04-17 18:53 | INFO | Query 18 Active Learning Random Query Instance Cost: 520813.08
2024-04-17 18:53 | INFO | Query 19 Size of the uncertainty table is = 5746/7380
2024-04-17 18:53 | INFO | Query 19 Size of the filtered table is = 73
2024-04-17 18:54 | INFO | Query 19 Active Learning Random Query Runtime on Validation Set: 1385060.93
2024-04-17 18:54 | INFO | Query 19 Active Learning Random Query Runtime on Test Set: 295781.68
2024-04-17 18:54 | INFO | Query 19 Active Learning Random Query Instance Cost: 572875.84
2024-04-17 18:54 | INFO | Timeout limit is increased to 1000
2024-04-17 18:54 | INFO | Query 20 Size of the uncertainty table is = 5610/7380
2024-04-17 18:54 | INFO | Query 20 Size of the filtered table is = 73
2024-04-17 18:54 | INFO | Query 20 Active Learning Random Query Runtime on Validation Set: 1314357.06
2024-04-17 18:54 | INFO | Query 20 Active Learning Random Query Runtime on Test Set: 337138.95
2024-04-17 18:54 | INFO | Query 20 Active Learning Random Query Instance Cost: 635037.44
2024-04-17 18:54 | INFO | Query 21 Size of the uncertainty table is = 5467/7380
2024-04-17 18:54 | INFO | Query 21 Size of the filtered table is = 73
2024-04-17 18:55 | INFO | Query 21 Active Learning Random Query Runtime on Validation Set: 1386286.81
2024-04-17 18:55 | INFO | Query 21 Active Learning Random Query Runtime on Test Set: 265847.85
2024-04-17 18:55 | INFO | Query 21 Active Learning Random Query Instance Cost: 686932.05
2024-04-17 18:55 | INFO | Timeout limit is increased to 1100
2024-04-17 18:55 | INFO | Query 22 Size of the uncertainty table is = 5298/7380
2024-04-17 18:55 | INFO | Query 22 Size of the filtered table is = 73
2024-04-17 18:55 | INFO | Query 22 Active Learning Random Query Runtime on Validation Set: 1350356.25
2024-04-17 18:55 | INFO | Query 22 Active Learning Random Query Runtime on Test Set: 265385.65
2024-04-17 18:55 | INFO | Query 22 Active Learning Random Query Instance Cost: 761567.39
2024-04-17 18:55 | INFO | Query 23 Size of the uncertainty table is = 5164/7380
2024-04-17 18:55 | INFO | Query 23 Size of the filtered table is = 73
2024-04-17 18:56 | INFO | Query 23 Active Learning Random Query Runtime on Validation Set: 1349283.99
2024-04-17 18:56 | INFO | Query 23 Active Learning Random Query Runtime on Test Set: 229912.86
2024-04-17 18:56 | INFO | Query 23 Active Learning Random Query Instance Cost: 822425.41
2024-04-17 18:56 | INFO | Query 24 Size of the uncertainty table is = 5026/7380
2024-04-17 18:56 | INFO | Query 24 Size of the filtered table is = 73
2024-04-17 18:56 | INFO | Query 24 Active Learning Random Query Runtime on Validation Set: 1349289.23
2024-04-17 18:56 | INFO | Query 24 Active Learning Random Query Runtime on Test Set: 264354.68
2024-04-17 18:56 | INFO | Query 24 Active Learning Random Query Instance Cost: 887044.79
2024-04-17 18:56 | INFO | Timeout limit is increased to 1200
2024-04-17 18:56 | INFO | Query 25 Size of the uncertainty table is = 4895/7380
2024-04-17 18:56 | INFO | Query 25 Size of the filtered table is = 73
2024-04-17 18:57 | INFO | Query 25 Active Learning Random Query Runtime on Validation Set: 1171733.82
2024-04-17 18:57 | INFO | Query 25 Active Learning Random Query Runtime on Test Set: 264881.71
2024-04-17 18:57 | INFO | Query 25 Active Learning Random Query Instance Cost: 951490.71
2024-04-17 18:57 | INFO | Query 26 Size of the uncertainty table is = 4748/7380
2024-04-17 18:57 | INFO | Query 26 Size of the filtered table is = 73
2024-04-17 18:57 | INFO | Query 26 Active Learning Random Query Runtime on Validation Set: 1385248.78
2024-04-17 18:57 | INFO | Query 26 Active Learning Random Query Runtime on Test Set: 265849.15
2024-04-17 18:57 | INFO | Query 26 Active Learning Random Query Instance Cost: 1017982.24
2024-04-17 18:57 | INFO | Timeout limit is increased to 1300
2024-04-17 18:57 | INFO | Query 27 Size of the uncertainty table is = 4592/7380
2024-04-17 18:57 | INFO | Query 27 Size of the filtered table is = 73
2024-04-17 18:58 | INFO | Query 27 Active Learning Random Query Runtime on Validation Set: 1277278.13
2024-04-17 18:58 | INFO | Query 27 Active Learning Random Query Runtime on Test Set: 300801.76
2024-04-17 18:58 | INFO | Query 27 Active Learning Random Query Instance Cost: 1091432.1
2024-04-17 18:58 | INFO | Query 28 Size of the uncertainty table is = 4464/7380
2024-04-17 18:58 | INFO | Query 28 Size of the filtered table is = 73
2024-04-17 18:58 | INFO | Query 28 Active Learning Random Query Runtime on Validation Set: 1349263.77
2024-04-17 18:58 | INFO | Query 28 Active Learning Random Query Runtime on Test Set: 300801.47
2024-04-17 18:58 | INFO | Query 28 Active Learning Random Query Instance Cost: 1158655.06
2024-04-17 18:58 | INFO | Timeout limit is increased to 1400
2024-04-17 18:58 | INFO | Query 29 Size of the uncertainty table is = 4308/7380
2024-04-17 18:58 | INFO | Query 29 Size of the filtered table is = 73
2024-04-17 18:59 | INFO | Query 29 Active Learning Random Query Runtime on Validation Set: 1349329.59
2024-04-17 18:59 | INFO | Query 29 Active Learning Random Query Runtime on Test Set: 300803.41
2024-04-17 18:59 | INFO | Query 29 Active Learning Random Query Instance Cost: 1244334.19
2024-04-17 18:59 | INFO | Timeout limit is increased to 1500
2024-04-17 18:59 | INFO | Query 30 Size of the uncertainty table is = 4187/7380
2024-04-17 18:59 | INFO | Query 30 Size of the filtered table is = 73
2024-04-17 18:59 | INFO | Query 30 Active Learning Random Query Runtime on Validation Set: 1349595.73
2024-04-17 18:59 | INFO | Query 30 Active Learning Random Query Runtime on Test Set: 264551.56
2024-04-17 18:59 | INFO | Query 30 Active Learning Random Query Instance Cost: 1333597.41
2024-04-17 18:59 | INFO | Timeout limit is increased to 1600
2024-04-17 18:59 | INFO | Query 31 Size of the uncertainty table is = 4051/7380
2024-04-17 18:59 | INFO | Query 31 Size of the filtered table is = 73
2024-04-17 19:00 | INFO | Query 31 Active Learning Random Query Runtime on Validation Set: 1313269.9
2024-04-17 19:00 | INFO | Query 31 Active Learning Random Query Runtime on Test Set: 298560.69
2024-04-17 19:00 | INFO | Query 31 Active Learning Random Query Instance Cost: 1410703.56
2024-04-17 19:00 | INFO | Query 32 Size of the uncertainty table is = 3920/7380
2024-04-17 19:00 | INFO | Query 32 Size of the filtered table is = 73
2024-04-17 19:00 | INFO | Query 32 Active Learning Random Query Runtime on Validation Set: 1385321.14
2024-04-17 19:00 | INFO | Query 32 Active Learning Random Query Runtime on Test Set: 335938.92
2024-04-17 19:00 | INFO | Query 32 Active Learning Random Query Instance Cost: 1490670.58
2024-04-17 19:00 | INFO | Timeout limit is increased to 1700
2024-04-17 19:00 | INFO | Query 33 Size of the uncertainty table is = 3768/7380
2024-04-17 19:00 | INFO | Query 33 Size of the filtered table is = 73
2024-04-17 19:01 | INFO | Query 33 Active Learning Random Query Runtime on Validation Set: 1100127.41
2024-04-17 19:01 | INFO | Query 33 Active Learning Random Query Runtime on Test Set: 336216.28
2024-04-17 19:01 | INFO | Query 33 Active Learning Random Query Instance Cost: 1575607.73
2024-04-17 19:01 | INFO | Query 34 Size of the uncertainty table is = 3639/7380
2024-04-17 19:01 | INFO | Query 34 Size of the filtered table is = 73
2024-04-17 19:01 | INFO | Query 34 Active Learning Random Query Runtime on Validation Set: 1241679.42
2024-04-17 19:01 | INFO | Query 34 Active Learning Random Query Runtime on Test Set: 334557.16
2024-04-17 19:01 | INFO | Query 34 Active Learning Random Query Instance Cost: 1668364.11
2024-04-17 19:01 | INFO | Timeout limit is increased to 1800
2024-04-17 19:01 | INFO | Query 35 Size of the uncertainty table is = 3519/7380
2024-04-17 19:01 | INFO | Query 35 Size of the filtered table is = 73
2024-04-17 19:02 | INFO | Query 35 Active Learning Random Query Runtime on Validation Set: 1385247.39
2024-04-17 19:02 | INFO | Query 35 Active Learning Random Query Runtime on Test Set: 336117.48
2024-04-17 19:02 | INFO | Query 35 Active Learning Random Query Instance Cost: 1778142.95
2024-04-17 19:02 | INFO | Timeout limit is increased to 1900
2024-04-17 19:02 | INFO | Query 36 Size of the uncertainty table is = 3410/7380
2024-04-17 19:02 | INFO | Query 36 Size of the filtered table is = 73
2024-04-17 19:02 | INFO | Query 36 Active Learning Random Query Runtime on Validation Set: 1349323.89
2024-04-17 19:02 | INFO | Query 36 Active Learning Random Query Runtime on Test Set: 371937.41
2024-04-17 19:02 | INFO | Query 36 Active Learning Random Query Instance Cost: 1867101.73
2024-04-17 19:02 | INFO | Query 37 Size of the uncertainty table is = 3290/7380
2024-04-17 19:02 | INFO | Query 37 Size of the filtered table is = 73
2024-04-17 19:03 | INFO | Query 37 Active Learning Random Query Runtime on Validation Set: 1385401.51
2024-04-17 19:03 | INFO | Query 37 Active Learning Random Query Runtime on Test Set: 336184.25
2024-04-17 19:03 | INFO | Query 37 Active Learning Random Query Instance Cost: 1963707.44
2024-04-17 19:03 | INFO | Timeout limit is increased to 2000
2024-04-17 19:03 | INFO | Query 38 Size of the uncertainty table is = 3172/7380
2024-04-17 19:03 | INFO | Query 38 Size of the filtered table is = 73
2024-04-17 19:03 | INFO | Query 38 Active Learning Random Query Runtime on Validation Set: 1421260.6
2024-04-17 19:03 | INFO | Query 38 Active Learning Random Query Runtime on Test Set: 335906.08
2024-04-17 19:03 | INFO | Query 38 Active Learning Random Query Instance Cost: 2068690.28
2024-04-17 19:03 | INFO | Timeout limit is increased to 2100
2024-04-17 19:03 | INFO | Query 39 Size of the uncertainty table is = 3084/7380
2024-04-17 19:03 | INFO | Query 39 Size of the filtered table is = 73
2024-04-17 19:04 | INFO | Query 39 Active Learning Random Query Runtime on Validation Set: 1421187.05
2024-04-17 19:04 | INFO | Query 39 Active Learning Random Query Runtime on Test Set: 299905.14
2024-04-17 19:04 | INFO | Query 39 Active Learning Random Query Instance Cost: 2168629.8
2024-04-17 19:04 | INFO | Query 40 Size of the uncertainty table is = 2966/7380
2024-04-17 19:04 | INFO | Query 40 Size of the filtered table is = 73
2024-04-17 19:04 | INFO | Query 40 Active Learning Random Query Runtime on Validation Set: 1421257.61
2024-04-17 19:04 | INFO | Query 40 Active Learning Random Query Runtime on Test Set: 299906.12
2024-04-17 19:04 | INFO | Query 40 Active Learning Random Query Instance Cost: 2278944.92
2024-04-17 19:04 | INFO | Timeout limit is increased to 2200
2024-04-17 19:04 | INFO | Query 41 Size of the uncertainty table is = 2889/7380
2024-04-17 19:04 | INFO | Query 41 Size of the filtered table is = 73
2024-04-17 19:05 | INFO | Query 41 Active Learning Random Query Runtime on Validation Set: 1421182.98
2024-04-17 19:05 | INFO | Query 41 Active Learning Random Query Runtime on Test Set: 299904.91
2024-04-17 19:05 | INFO | Query 41 Active Learning Random Query Instance Cost: 2364398.74
2024-04-17 19:05 | INFO | Query 42 Size of the uncertainty table is = 2788/7380
2024-04-17 19:05 | INFO | Query 42 Size of the filtered table is = 73
2024-04-17 19:05 | INFO | Query 42 Active Learning Random Query Runtime on Validation Set: 1385258.35
2024-04-17 19:05 | INFO | Query 42 Active Learning Random Query Runtime on Test Set: 298408.16
2024-04-17 19:05 | INFO | Query 42 Active Learning Random Query Instance Cost: 2462031.71
2024-04-17 19:05 | INFO | Query 43 Size of the uncertainty table is = 2692/7380
2024-04-17 19:05 | INFO | Query 43 Size of the filtered table is = 73
2024-04-17 19:06 | INFO | Query 43 Active Learning Random Query Runtime on Validation Set: 1421253.6
2024-04-17 19:06 | INFO | Query 43 Active Learning Random Query Runtime on Test Set: 299905.07
2024-04-17 19:06 | INFO | Query 43 Active Learning Random Query Instance Cost: 2570327.56
2024-04-17 19:06 | INFO | Timeout limit is increased to 2300
2024-04-17 19:06 | INFO | Query 44 Size of the uncertainty table is = 2606/7380
2024-04-17 19:06 | INFO | Query 44 Size of the filtered table is = 73
2024-04-17 19:06 | INFO | Query 44 Active Learning Random Query Runtime on Validation Set: 1385258.35
2024-04-17 19:06 | INFO | Query 44 Active Learning Random Query Runtime on Test Set: 299904.93
2024-04-17 19:06 | INFO | Query 44 Active Learning Random Query Instance Cost: 2678586.66
2024-04-17 19:06 | INFO | Query 45 Size of the uncertainty table is = 2520/7380
2024-04-17 19:06 | INFO | Query 45 Size of the filtered table is = 73
2024-04-17 19:07 | INFO | Query 45 Active Learning Random Query Runtime on Validation Set: 1349191.99
2024-04-17 19:07 | INFO | Query 45 Active Learning Random Query Runtime on Test Set: 299906.14
2024-04-17 19:07 | INFO | Query 45 Active Learning Random Query Instance Cost: 2784209.33
2024-04-17 19:07 | INFO | Query 46 Size of the uncertainty table is = 2443/7380
2024-04-17 19:07 | INFO | Query 46 Size of the filtered table is = 73
2024-04-17 19:07 | INFO | Query 46 Active Learning Random Query Runtime on Validation Set: 1205740.52
2024-04-17 19:07 | INFO | Query 46 Active Learning Random Query Runtime on Test Set: 299904.91
2024-04-17 19:07 | INFO | Query 46 Active Learning Random Query Instance Cost: 2861725.98
2024-04-17 19:07 | INFO | Query 47 Size of the uncertainty table is = 2375/7380
2024-04-17 19:07 | INFO | Query 47 Size of the filtered table is = 73
2024-04-17 19:08 | INFO | Query 47 Active Learning Random Query Runtime on Validation Set: 1136132.98
2024-04-17 19:08 | INFO | Query 47 Active Learning Random Query Runtime on Test Set: 297331.1
2024-04-17 19:08 | INFO | Query 47 Active Learning Random Query Instance Cost: 2958797.71
2024-04-17 19:08 | INFO | Query 48 Size of the uncertainty table is = 2305/7380
2024-04-17 19:08 | INFO | Query 48 Size of the filtered table is = 73
2024-04-17 19:08 | INFO | Query 48 Active Learning Random Query Runtime on Validation Set: 1385258.36
2024-04-17 19:08 | INFO | Query 48 Active Learning Random Query Runtime on Test Set: 261435.29
2024-04-17 19:08 | INFO | Query 48 Active Learning Random Query Instance Cost: 3054155.65
2024-04-17 19:08 | INFO | Timeout limit is increased to 2400
2024-04-17 19:08 | INFO | Query 49 Size of the uncertainty table is = 2260/7380
2024-04-17 19:08 | INFO | Query 49 Size of the filtered table is = 73
2024-04-17 19:09 | INFO | Query 49 Active Learning Random Query Runtime on Validation Set: 1349273.17
2024-04-17 19:09 | INFO | Query 49 Active Learning Random Query Runtime on Test Set: 259874.92
2024-04-17 19:09 | INFO | Query 49 Active Learning Random Query Instance Cost: 3144223.49
2024-04-17 19:09 | INFO | Query 50 Size of the uncertainty table is = 2206/7380
2024-04-17 19:09 | INFO | Query 50 Size of the filtered table is = 73
2024-04-17 19:09 | INFO | Query 50 Active Learning Random Query Runtime on Validation Set: 1349273.16
2024-04-17 19:09 | INFO | Query 50 Active Learning Random Query Runtime on Test Set: 295705.26
2024-04-17 19:09 | INFO | Query 50 Active Learning Random Query Instance Cost: 3230903.4
2024-04-17 19:09 | INFO | Query 51 Size of the uncertainty table is = 2152/7380
2024-04-17 19:09 | INFO | Query 51 Size of the filtered table is = 73
2024-04-17 19:10 | INFO | Query 51 Active Learning Random Query Runtime on Validation Set: 1421253.62
2024-04-17 19:10 | INFO | Query 51 Active Learning Random Query Runtime on Test Set: 295705.24
2024-04-17 19:10 | INFO | Query 51 Active Learning Random Query Instance Cost: 3298461.74
2024-04-17 19:10 | INFO | Timeout limit is increased to 2500
2024-04-17 19:10 | INFO | Query 52 Size of the uncertainty table is = 2127/7380
2024-04-17 19:10 | INFO | Query 52 Size of the filtered table is = 73
2024-04-17 19:10 | INFO | Query 52 Active Learning Random Query Runtime on Validation Set: 1385313.28
2024-04-17 19:10 | INFO | Query 52 Active Learning Random Query Runtime on Test Set: 298280.28
2024-04-17 19:10 | INFO | Query 52 Active Learning Random Query Instance Cost: 3381692.82
2024-04-17 19:10 | INFO | Query 53 Size of the uncertainty table is = 2088/7380
2024-04-17 19:10 | INFO | Query 53 Size of the filtered table is = 73
2024-04-17 19:11 | INFO | Query 53 Active Learning Random Query Runtime on Validation Set: 1349273.17
2024-04-17 19:11 | INFO | Query 53 Active Learning Random Query Runtime on Test Set: 295769.54
2024-04-17 19:11 | INFO | Query 53 Active Learning Random Query Instance Cost: 3456737.25
2024-04-17 19:11 | INFO | Query 54 Size of the uncertainty table is = 2040/7380
2024-04-17 19:11 | INFO | Query 54 Size of the filtered table is = 73
2024-04-17 19:11 | INFO | Query 54 Active Learning Random Query Runtime on Validation Set: 1349335.73
2024-04-17 19:11 | INFO | Query 54 Active Learning Random Query Runtime on Test Set: 298344.56
2024-04-17 19:11 | INFO | Query 54 Active Learning Random Query Instance Cost: 3521939.35
2024-04-17 19:11 | INFO | Timeout limit is increased to 2600
2024-04-17 19:11 | INFO | Query 55 Size of the uncertainty table is = 2007/7380
2024-04-17 19:11 | INFO | Query 55 Size of the filtered table is = 73
2024-04-17 19:12 | INFO | Query 55 Active Learning Random Query Runtime on Validation Set: 1349335.73
2024-04-17 19:12 | INFO | Query 55 Active Learning Random Query Runtime on Test Set: 298344.58
2024-04-17 19:12 | INFO | Query 55 Active Learning Random Query Instance Cost: 3591488.05
2024-04-17 19:12 | INFO | Timeout limit is increased to 2700
2024-04-17 19:12 | INFO | Query 56 Size of the uncertainty table is = 1981/7380
2024-04-17 19:12 | INFO | Query 56 Size of the filtered table is = 73
2024-04-17 19:12 | INFO | Query 56 Active Learning Random Query Runtime on Validation Set: 1349335.73
2024-04-17 19:12 | INFO | Query 56 Active Learning Random Query Runtime on Test Set: 295769.56
2024-04-17 19:12 | INFO | Query 56 Active Learning Random Query Instance Cost: 3660269.39
2024-04-17 19:12 | INFO | Timeout limit is increased to 2800
2024-04-17 19:12 | INFO | Query 57 Size of the uncertainty table is = 1958/7380
2024-04-17 19:12 | INFO | Query 57 Size of the filtered table is = 73
2024-04-17 19:13 | INFO | Query 57 Active Learning Random Query Runtime on Validation Set: 1100197.93
2024-04-17 19:13 | INFO | Query 57 Active Learning Random Query Runtime on Test Set: 295769.61
2024-04-17 19:13 | INFO | Query 57 Active Learning Random Query Instance Cost: 3751985.72
2024-04-17 19:13 | INFO | Query 58 Size of the uncertainty table is = 1930/7380
2024-04-17 19:13 | INFO | Query 58 Size of the filtered table is = 73
2024-04-17 19:13 | INFO | Query 58 Active Learning Random Query Runtime on Validation Set: 1349320.64
2024-04-17 19:13 | INFO | Query 58 Active Learning Random Query Runtime on Test Set: 295769.83
2024-04-17 19:13 | INFO | Query 58 Active Learning Random Query Instance Cost: 3836894.94
2024-04-17 19:13 | INFO | Timeout limit is increased to 2900
2024-04-17 19:13 | INFO | Query 59 Size of the uncertainty table is = 1905/7380
2024-04-17 19:13 | INFO | Query 59 Size of the filtered table is = 73
2024-04-17 19:14 | INFO | Query 59 Active Learning Random Query Runtime on Validation Set: 1277469.46
2024-04-17 19:14 | INFO | Query 59 Active Learning Random Query Runtime on Test Set: 295769.62
2024-04-17 19:14 | INFO | Query 59 Active Learning Random Query Instance Cost: 3933309.52
2024-04-17 19:14 | INFO | Query 60 Size of the uncertainty table is = 1892/7380
2024-04-17 19:14 | INFO | Query 60 Size of the filtered table is = 73
2024-04-17 19:14 | INFO | Query 60 Active Learning Random Query Runtime on Validation Set: 1205804.28
2024-04-17 19:14 | INFO | Query 60 Active Learning Random Query Runtime on Test Set: 295769.62
2024-04-17 19:14 | INFO | Query 60 Active Learning Random Query Instance Cost: 4016371.79
2024-04-17 19:14 | INFO | Query 61 Size of the uncertainty table is = 1864/7380
2024-04-17 19:14 | INFO | Query 61 Size of the filtered table is = 73
2024-04-17 19:15 | INFO | Query 61 Active Learning Random Query Runtime on Validation Set: 1205811.73
2024-04-17 19:15 | INFO | Query 61 Active Learning Random Query Runtime on Test Set: 295769.62
2024-04-17 19:15 | INFO | Query 61 Active Learning Random Query Instance Cost: 4089349.02
2024-04-17 19:15 | INFO | Timeout limit is increased to 3000
2024-04-17 19:15 | INFO | Query 62 Size of the uncertainty table is = 1856/7380
2024-04-17 19:15 | INFO | Query 62 Size of the filtered table is = 73
2024-04-17 19:15 | INFO | Query 62 Active Learning Random Query Runtime on Validation Set: 1313273.57
2024-04-17 19:15 | INFO | Query 62 Active Learning Random Query Runtime on Test Set: 295769.62
2024-04-17 19:15 | INFO | Query 62 Active Learning Random Query Instance Cost: 4167652.62
2024-04-17 19:15 | INFO | Timeout limit is increased to 3100
2024-04-17 19:15 | INFO | Query 63 Size of the uncertainty table is = 1844/7380
2024-04-17 19:15 | INFO | Query 63 Size of the filtered table is = 73
2024-04-17 19:16 | INFO | Query 63 Active Learning Random Query Runtime on Validation Set: 1313273.57
2024-04-17 19:16 | INFO | Query 63 Active Learning Random Query Runtime on Test Set: 295769.62
2024-04-17 19:16 | INFO | Query 63 Active Learning Random Query Instance Cost: 4266201.57
2024-04-17 19:16 | INFO | Timeout limit is increased to 3200
2024-04-17 19:16 | INFO | Query 64 Size of the uncertainty table is = 1839/7380
2024-04-17 19:16 | INFO | Query 64 Size of the filtered table is = 73
2024-04-17 19:16 | INFO | Query 64 Active Learning Random Query Runtime on Validation Set: 1313338.45
2024-04-17 19:16 | INFO | Query 64 Active Learning Random Query Runtime on Test Set: 295769.62
2024-04-17 19:16 | INFO | Query 64 Active Learning Random Query Instance Cost: 4360383.29
2024-04-17 19:16 | INFO | Timeout limit is increased to 3300
2024-04-17 19:16 | INFO | Query 65 Size of the uncertainty table is = 1808/7380
2024-04-17 19:16 | INFO | Query 65 Size of the filtered table is = 73
2024-04-17 19:17 | INFO | Query 65 Active Learning Random Query Runtime on Validation Set: 1349335.73
2024-04-17 19:17 | INFO | Query 65 Active Learning Random Query Runtime on Test Set: 295651.13
2024-04-17 19:17 | INFO | Query 65 Active Learning Random Query Instance Cost: 4471918.72
2024-04-17 19:17 | INFO | Timeout limit is increased to 3400
2024-04-17 19:17 | INFO | Query 66 Size of the uncertainty table is = 1790/7380
2024-04-17 19:17 | INFO | Query 66 Size of the filtered table is = 73
2024-04-17 19:17 | INFO | Query 66 Active Learning Random Query Runtime on Validation Set: 1349335.73
2024-04-17 19:17 | INFO | Query 66 Active Learning Random Query Runtime on Test Set: 295769.61
2024-04-17 19:17 | INFO | Query 66 Active Learning Random Query Instance Cost: 4577728.32
2024-04-17 19:17 | INFO | Timeout limit is increased to 3500
2024-04-17 19:17 | INFO | Query 67 Size of the uncertainty table is = 1777/7380
2024-04-17 19:17 | INFO | Query 67 Size of the filtered table is = 73
2024-04-17 19:18 | INFO | Query 67 Active Learning Random Query Runtime on Validation Set: 1349335.73
2024-04-17 19:18 | INFO | Query 67 Active Learning Random Query Runtime on Test Set: 259874.93
2024-04-17 19:18 | INFO | Query 67 Active Learning Random Query Instance Cost: 4675466.16
2024-04-17 19:18 | INFO | Timeout limit is increased to 3600
2024-04-17 19:18 | INFO | Query 68 Size of the uncertainty table is = 1761/7380
2024-04-17 19:18 | INFO | Query 68 Size of the filtered table is = 73
2024-04-17 19:18 | INFO | Query 68 Active Learning Random Query Runtime on Validation Set: 1349335.73
2024-04-17 19:18 | INFO | Query 68 Active Learning Random Query Runtime on Test Set: 259874.93
2024-04-17 19:18 | INFO | Query 68 Active Learning Random Query Instance Cost: 4778762.59
2024-04-17 19:18 | INFO | Timeout limit is increased to 3600
2024-04-17 19:18 | INFO | Query 69 Size of the uncertainty table is = 32/7380
2024-04-17 19:18 | INFO | Query 69 Size of the filtered table is = 32
2024-04-17 19:19 | INFO | Query 69 Active Learning Random Query Runtime on Validation Set: 1385334.99
2024-04-17 19:19 | INFO | Query 69 Active Learning Random Query Runtime on Test Set: 259756.5
2024-04-17 19:19 | INFO | Query 69 Active Learning Random Query Instance Cost: 4817304.38
2024-04-17 19:19 | INFO | Timeout limit is increased to 3600
2024-04-17 19:19 | INFO | runtime_train_score is written as json file
2024-04-17 19:19 | INFO | runtime_test_score is written as json file
2024-04-17 19:19 | INFO | runtime_validation_score is written as json file
2024-04-17 19:19 | INFO | instance_cost is written as json file
2024-04-17 19:19 | INFO | Experiment is finished
