2024-04-17 19:08 | INFO | Paramaters are: {'dataset': 'ASP-POTASSCO', 'penalty': 10, 'weight': 'No_Weight', 'voting': 'Hard', 'pre_selection_size': 64, 'pre_selection_technique': 'No_pre_selection', 'feature_elimination_threshold': 20, 'imputer_strategy': 'median', 'feature_selection_technique': 'No_feature_selection', 'feature_scaling_technique': 'StandardScaler', 'initial_train_size': 20, 'query_size': 1, 'timeout_predictor_usage': 'No', 'timeout_limit': 3600, 'timeout_increase_rate': 100, 'RANDOM_STATE_SEED': 99, 'n_splits': 10, 'split_number': 6, 'max_timeout': 3600, 'param_grid': {'n_estimators': 100, 'criterion': 'gini', 'max_features': 'sqrt', 'max_depth': 2147483648, 'min_samples_split': 2, 'bootstrap': True}}
2024-04-17 19:08 | INFO | ASP-POTASSCO is current dataset
2024-04-17 19:08 | INFO | DATASETS/ASP-POTASSCO/algorithm_runs.arff is found
2024-04-17 19:08 | INFO | DATASETS/ASP-POTASSCO/algorithm_runs.arff is finished
2024-04-17 19:08 | INFO | DATASETS/ASP-POTASSCO/feature_values.arff is found
2024-04-17 19:08 | INFO | DATASETS/ASP-POTASSCO/feature_values.arff is finished
2024-04-17 19:08 | INFO | DATASETS/ASP-POTASSCO/feature_costs.arff is found
2024-04-17 19:08 | INFO | DATASETS/ASP-POTASSCO/feature_costs.arff is finished
2024-04-17 19:08 | INFO | Feature cost of train set is 979.33
2024-04-17 19:10 | INFO | Initial Active Learning Random Query Runtime on Validation Set: 444422.8
2024-04-17 19:10 | INFO | Initial Active Learning Random Query Runtime on Test Set: 436172.16
2024-04-17 19:10 | INFO | Initial Active Learning Random Query Instance Cost: 152069.89
2024-04-17 19:10 | INFO | Bin size = 393
2024-04-17 19:10 | INFO | Query 1 Size of the uncertainty table is = 39325/39325
2024-04-17 19:10 | INFO | Query 1 Size of the filtered table is = 393
2024-04-17 19:13 | INFO | Query 1 Active Learning Random Query Runtime on Validation Set: 231201.76
2024-04-17 19:13 | INFO | Query 1 Active Learning Random Query Runtime on Test Set: 401107.15
2024-04-17 19:13 | INFO | Query 1 Active Learning Random Query Instance Cost: 659398.55
2024-04-17 19:13 | INFO | Query 2 Size of the uncertainty table is = 38617/39325
2024-04-17 19:13 | INFO | Query 2 Size of the filtered table is = 393
2024-04-17 19:15 | INFO | Query 2 Active Learning Random Query Runtime on Validation Set: 303080.47
2024-04-17 19:15 | INFO | Query 2 Active Learning Random Query Runtime on Test Set: 365805.82
2024-04-17 19:15 | INFO | Query 2 Active Learning Random Query Instance Cost: 1067683.43
2024-04-17 19:15 | INFO | Timeout limit is increased to 3600
2024-04-17 19:15 | INFO | Query 3 Size of the uncertainty table is = 37454/39325
2024-04-17 19:15 | INFO | Query 3 Size of the filtered table is = 393
2024-04-17 19:18 | INFO | Query 3 Active Learning Random Query Runtime on Validation Set: 264850.51
2024-04-17 19:18 | INFO | Query 3 Active Learning Random Query Runtime on Test Set: 365841.51
2024-04-17 19:18 | INFO | Query 3 Active Learning Random Query Instance Cost: 1529293.85
2024-04-17 19:18 | INFO | Query 4 Size of the uncertainty table is = 35929/39325
2024-04-17 19:18 | INFO | Query 4 Size of the filtered table is = 393
2024-04-17 19:21 | INFO | Query 4 Active Learning Random Query Runtime on Validation Set: 259937.12
2024-04-17 19:21 | INFO | Query 4 Active Learning Random Query Runtime on Test Set: 222017.4
2024-04-17 19:21 | INFO | Query 4 Active Learning Random Query Instance Cost: 1920795.13
2024-04-17 19:21 | INFO | Query 5 Size of the uncertainty table is = 34059/39325
2024-04-17 19:21 | INFO | Query 5 Size of the filtered table is = 393
2024-04-17 19:23 | INFO | Query 5 Active Learning Random Query Runtime on Validation Set: 186774.4
2024-04-17 19:23 | INFO | Query 5 Active Learning Random Query Runtime on Test Set: 293420.23
2024-04-17 19:23 | INFO | Query 5 Active Learning Random Query Instance Cost: 2291809.3
2024-04-17 19:23 | INFO | Query 6 Size of the uncertainty table is = 31800/39325
2024-04-17 19:23 | INFO | Query 6 Size of the filtered table is = 393
2024-04-17 19:26 | INFO | Query 6 Active Learning Random Query Runtime on Validation Set: 187258.03
2024-04-17 19:26 | INFO | Query 6 Active Learning Random Query Runtime on Test Set: 328631.81
2024-04-17 19:26 | INFO | Query 6 Active Learning Random Query Instance Cost: 2695335.26
2024-04-17 19:26 | INFO | Timeout limit is increased to 3600
2024-04-17 19:26 | INFO | Query 7 Size of the uncertainty table is = 29486/39325
2024-04-17 19:26 | INFO | Query 7 Size of the filtered table is = 393
2024-04-17 19:29 | INFO | Query 7 Active Learning Random Query Runtime on Validation Set: 115596.95
2024-04-17 19:29 | INFO | Query 7 Active Learning Random Query Runtime on Test Set: 256886.55
2024-04-17 19:29 | INFO | Query 7 Active Learning Random Query Instance Cost: 3006495.83
2024-04-17 19:29 | INFO | Query 8 Size of the uncertainty table is = 26901/39325
2024-04-17 19:29 | INFO | Query 8 Size of the filtered table is = 393
2024-04-17 19:31 | INFO | Query 8 Active Learning Random Query Runtime on Validation Set: 150497.34
2024-04-17 19:31 | INFO | Query 8 Active Learning Random Query Runtime on Test Set: 258030.32
2024-04-17 19:31 | INFO | Query 8 Active Learning Random Query Instance Cost: 3314654.15
2024-04-17 19:31 | INFO | Timeout limit is increased to 3600
2024-04-17 19:31 | INFO | Query 9 Size of the uncertainty table is = 24172/39325
2024-04-17 19:31 | INFO | Query 9 Size of the filtered table is = 393
2024-04-17 19:34 | INFO | Query 9 Active Learning Random Query Runtime on Validation Set: 186788.7
2024-04-17 19:34 | INFO | Query 9 Active Learning Random Query Runtime on Test Set: 292768.0
2024-04-17 19:34 | INFO | Query 9 Active Learning Random Query Instance Cost: 3631987.9
2024-04-17 19:34 | INFO | Timeout limit is increased to 3600
2024-04-17 19:34 | INFO | Query 10 Size of the uncertainty table is = 21278/39325
2024-04-17 19:34 | INFO | Query 10 Size of the filtered table is = 393
2024-04-17 19:37 | INFO | Query 10 Active Learning Random Query Runtime on Validation Set: 223430.27
2024-04-17 19:37 | INFO | Query 10 Active Learning Random Query Runtime on Test Set: 220992.72
2024-04-17 19:37 | INFO | Query 10 Active Learning Random Query Instance Cost: 3910822.4
2024-04-17 19:37 | INFO | Timeout limit is increased to 3600
2024-04-17 19:37 | INFO | Query 11 Size of the uncertainty table is = 18264/39325
2024-04-17 19:37 | INFO | Query 11 Size of the filtered table is = 393
2024-04-17 19:40 | INFO | Query 11 Active Learning Random Query Runtime on Validation Set: 331145.44
2024-04-17 19:40 | INFO | Query 11 Active Learning Random Query Runtime on Test Set: 257025.66
2024-04-17 19:40 | INFO | Query 11 Active Learning Random Query Instance Cost: 4211568.56
2024-04-17 19:40 | INFO | Timeout limit is increased to 3600
2024-04-17 19:40 | INFO | Query 12 Size of the uncertainty table is = 15167/39325
2024-04-17 19:40 | INFO | Query 12 Size of the filtered table is = 393
2024-04-17 19:42 | INFO | Query 12 Active Learning Random Query Runtime on Validation Set: 510194.15
2024-04-17 19:42 | INFO | Query 12 Active Learning Random Query Runtime on Test Set: 256881.11
2024-04-17 19:42 | INFO | Query 12 Active Learning Random Query Instance Cost: 4480020.22
2024-04-17 19:42 | INFO | Timeout limit is increased to 3600
2024-04-17 19:42 | INFO | Query 13 Size of the uncertainty table is = 12055/39325
2024-04-17 19:42 | INFO | Query 13 Size of the filtered table is = 393
2024-04-17 19:45 | INFO | Query 13 Active Learning Random Query Runtime on Validation Set: 366330.48
2024-04-17 19:45 | INFO | Query 13 Active Learning Random Query Runtime on Test Set: 292907.51
2024-04-17 19:45 | INFO | Query 13 Active Learning Random Query Instance Cost: 4741844.35
2024-04-17 19:45 | INFO | Query 14 Size of the uncertainty table is = 8947/39325
2024-04-17 19:45 | INFO | Query 14 Size of the filtered table is = 393
2024-04-17 19:48 | INFO | Query 14 Active Learning Random Query Runtime on Validation Set: 257800.26
2024-04-17 19:48 | INFO | Query 14 Active Learning Random Query Runtime on Test Set: 293075.33
2024-04-17 19:48 | INFO | Query 14 Active Learning Random Query Instance Cost: 4953975.82
2024-04-17 19:48 | INFO | Query 15 Size of the uncertainty table is = 5775/39325
2024-04-17 19:48 | INFO | Query 15 Size of the filtered table is = 393
2024-04-17 19:51 | INFO | Query 15 Active Learning Random Query Runtime on Validation Set: 221785.85
2024-04-17 19:51 | INFO | Query 15 Active Learning Random Query Runtime on Test Set: 292567.25
2024-04-17 19:51 | INFO | Query 15 Active Learning Random Query Instance Cost: 5127600.21
2024-04-17 19:51 | INFO | Query 16 Size of the uncertainty table is = 2890/39325
2024-04-17 19:51 | INFO | Query 16 Size of the filtered table is = 393
2024-04-17 19:54 | INFO | Query 16 Active Learning Random Query Runtime on Validation Set: 473688.95
2024-04-17 19:54 | INFO | Query 16 Active Learning Random Query Runtime on Test Set: 257454.39
2024-04-17 19:54 | INFO | Query 16 Active Learning Random Query Instance Cost: 5267384.76
2024-04-17 19:54 | INFO | Timeout limit is increased to 3600
2024-04-17 19:54 | INFO | Query 17 Size of the uncertainty table is = 719/39325
2024-04-17 19:54 | INFO | Query 17 Size of the filtered table is = 393
2024-04-17 19:57 | INFO | Query 17 Active Learning Random Query Runtime on Validation Set: 329837.92
2024-04-17 19:57 | INFO | Query 17 Active Learning Random Query Runtime on Test Set: 292652.54
2024-04-17 19:57 | INFO | Query 17 Active Learning Random Query Instance Cost: 5309165.44
2024-04-17 19:57 | INFO | runtime_train_score is written as json file
2024-04-17 19:57 | INFO | runtime_test_score is written as json file
2024-04-17 19:57 | INFO | runtime_validation_score is written as json file
2024-04-17 19:57 | INFO | instance_cost is written as json file
2024-04-17 19:57 | INFO | Experiment is finished
