2024-04-17 18:43 | INFO | Paramaters are: {'dataset': 'MAXSAT12-PMS', 'penalty': 10, 'weight': 'No_Weight', 'voting': 'Hard', 'pre_selection_size': 64, 'pre_selection_technique': 'No_pre_selection', 'feature_elimination_threshold': 20, 'imputer_strategy': 'median', 'feature_selection_technique': 'No_feature_selection', 'feature_scaling_technique': 'StandardScaler', 'initial_train_size': 20, 'query_size': 1, 'timeout_predictor_usage': 'Yes', 'timeout_limit': 100, 'timeout_increase_rate': 100, 'RANDOM_STATE_SEED': 123, 'n_splits': 10, 'split_number': 2, 'max_timeout': 3600, 'param_grid': {'n_estimators': 100, 'criterion': 'gini', 'max_features': 'sqrt', 'max_depth': 2147483648, 'min_samples_split': 2, 'bootstrap': True}}
2024-04-17 18:43 | INFO | MAXSAT12-PMS is current dataset
2024-04-17 18:43 | INFO | DATASETS/MAXSAT12-PMS/algorithm_runs.csv is found
2024-04-17 18:43 | INFO | DATASETS/MAXSAT12-PMS/algorithm_runs.csv is finished
2024-04-17 18:43 | INFO | DATASETS/MAXSAT12-PMS/feature_values.csv is found
2024-04-17 18:43 | INFO | DATASETS/MAXSAT12-PMS/feature_values.csv is finished
2024-04-17 18:43 | INFO | DATASETS/MAXSAT12-PMS/feature_costs.csv is found
2024-04-17 18:43 | INFO | DATASETS/MAXSAT12-PMS/feature_costs.csv is finished
2024-04-17 18:43 | INFO | Feature cost of train set is 28.97
2024-04-17 18:44 | INFO | Initial Active Learning Random Query Runtime on Validation Set: 516515.83
2024-04-17 18:44 | INFO | Initial Active Learning Random Query Runtime on Test Set: 150389.74
2024-04-17 18:44 | INFO | Initial Active Learning Random Query Instance Cost: 3778.48
2024-04-17 18:44 | INFO | Bin size = 77
2024-04-17 18:44 | INFO | Query 1 Size of the uncertainty table is = 7779/7755
2024-04-17 18:44 | INFO | Query 1 Size of the filtered table is = 77
2024-04-17 18:44 | INFO | Query 1 Active Learning Random Query Runtime on Validation Set: 297657.17
2024-04-17 18:44 | INFO | Query 1 Active Learning Random Query Runtime on Test Set: 111302.01
2024-04-17 18:44 | INFO | Query 1 Active Learning Random Query Instance Cost: 11027.18
2024-04-17 18:45 | INFO | Query 2 Size of the uncertainty table is = 7718/7755
2024-04-17 18:45 | INFO | Query 2 Size of the filtered table is = 77
2024-04-17 18:45 | INFO | Query 2 Active Learning Random Query Runtime on Validation Set: 516523.85
2024-04-17 18:45 | INFO | Query 2 Active Learning Random Query Runtime on Test Set: 111206.6
2024-04-17 18:45 | INFO | Query 2 Active Learning Random Query Instance Cost: 18270.77
2024-04-17 18:45 | INFO | Timeout limit is increased to 200
2024-04-17 18:45 | INFO | Query 3 Size of the uncertainty table is = 7629/7755
2024-04-17 18:45 | INFO | Query 3 Size of the filtered table is = 77
2024-04-17 18:46 | INFO | Query 3 Active Learning Random Query Runtime on Validation Set: 297699.15
2024-04-17 18:46 | INFO | Query 3 Active Learning Random Query Runtime on Test Set: 147311.12
2024-04-17 18:46 | INFO | Query 3 Active Learning Random Query Instance Cost: 32762.13
2024-04-17 18:46 | INFO | Query 4 Size of the uncertainty table is = 7518/7755
2024-04-17 18:46 | INFO | Query 4 Size of the filtered table is = 77
2024-04-17 18:46 | INFO | Query 4 Active Learning Random Query Runtime on Validation Set: 297667.46
2024-04-17 18:46 | INFO | Query 4 Active Learning Random Query Runtime on Test Set: 147307.67
2024-04-17 18:46 | INFO | Query 4 Active Learning Random Query Instance Cost: 44384.01
2024-04-17 18:46 | INFO | Query 5 Size of the uncertainty table is = 7399/7755
2024-04-17 18:46 | INFO | Query 5 Size of the filtered table is = 77
2024-04-17 18:47 | INFO | Query 5 Active Learning Random Query Runtime on Validation Set: 516492.83
2024-04-17 18:47 | INFO | Query 5 Active Learning Random Query Runtime on Test Set: 147109.77
2024-04-17 18:47 | INFO | Query 5 Active Learning Random Query Instance Cost: 58077.31
2024-04-17 18:47 | INFO | Timeout limit is increased to 300
2024-04-17 18:47 | INFO | Query 6 Size of the uncertainty table is = 7289/7755
2024-04-17 18:47 | INFO | Query 6 Size of the filtered table is = 77
2024-04-17 18:47 | INFO | Query 6 Active Learning Random Query Runtime on Validation Set: 297630.53
2024-04-17 18:47 | INFO | Query 6 Active Learning Random Query Runtime on Test Set: 146910.23
2024-04-17 18:47 | INFO | Query 6 Active Learning Random Query Instance Cost: 77000.89
2024-04-17 18:47 | INFO | Query 7 Size of the uncertainty table is = 7153/7755
2024-04-17 18:47 | INFO | Query 7 Size of the filtered table is = 77
2024-04-17 18:48 | INFO | Query 7 Active Learning Random Query Runtime on Validation Set: 767547.84
2024-04-17 18:48 | INFO | Query 7 Active Learning Random Query Runtime on Test Set: 146916.03
2024-04-17 18:48 | INFO | Query 7 Active Learning Random Query Instance Cost: 93446.69
2024-04-17 18:48 | INFO | Timeout limit is increased to 400
2024-04-17 18:48 | INFO | Query 8 Size of the uncertainty table is = 7001/7755
2024-04-17 18:48 | INFO | Query 8 Size of the filtered table is = 77
2024-04-17 18:48 | INFO | Query 8 Active Learning Random Query Runtime on Validation Set: 767523.75
2024-04-17 18:48 | INFO | Query 8 Active Learning Random Query Runtime on Test Set: 111230.15
2024-04-17 18:48 | INFO | Query 8 Active Learning Random Query Instance Cost: 117021.68
2024-04-17 18:48 | INFO | Query 9 Size of the uncertainty table is = 6859/7755
2024-04-17 18:48 | INFO | Query 9 Size of the filtered table is = 77
2024-04-17 18:49 | INFO | Query 9 Active Learning Random Query Runtime on Validation Set: 947302.95
2024-04-17 18:49 | INFO | Query 9 Active Learning Random Query Runtime on Test Set: 110941.32
2024-04-17 18:49 | INFO | Query 9 Active Learning Random Query Instance Cost: 136366.02
2024-04-17 18:49 | INFO | Timeout limit is increased to 500
2024-04-17 18:49 | INFO | Query 10 Size of the uncertainty table is = 6666/7755
2024-04-17 18:49 | INFO | Query 10 Size of the filtered table is = 77
2024-04-17 18:49 | INFO | Query 10 Active Learning Random Query Runtime on Validation Set: 440557.19
2024-04-17 18:49 | INFO | Query 10 Active Learning Random Query Runtime on Test Set: 110683.71
2024-04-17 18:49 | INFO | Query 10 Active Learning Random Query Instance Cost: 162139.07
2024-04-17 18:49 | INFO | Query 11 Size of the uncertainty table is = 6494/7755
2024-04-17 18:49 | INFO | Query 11 Size of the filtered table is = 77
2024-04-17 18:50 | INFO | Query 11 Active Learning Random Query Runtime on Validation Set: 8422.9
2024-04-17 18:50 | INFO | Query 11 Active Learning Random Query Runtime on Test Set: 146668.12
2024-04-17 18:50 | INFO | Query 11 Active Learning Random Query Instance Cost: 182992.95
2024-04-17 18:50 | INFO | Query 12 Size of the uncertainty table is = 6289/7755
2024-04-17 18:50 | INFO | Query 12 Size of the filtered table is = 77
2024-04-17 18:51 | INFO | Query 12 Active Learning Random Query Runtime on Validation Set: 8423.55
2024-04-17 18:51 | INFO | Query 12 Active Learning Random Query Runtime on Test Set: 110684.68
2024-04-17 18:51 | INFO | Query 12 Active Learning Random Query Instance Cost: 209108.76
2024-04-17 18:51 | INFO | Timeout limit is increased to 600
2024-04-17 18:51 | INFO | Query 13 Size of the uncertainty table is = 6089/7755
2024-04-17 18:51 | INFO | Query 13 Size of the filtered table is = 77
2024-04-17 18:51 | INFO | Query 13 Active Learning Random Query Runtime on Validation Set: 512283.27
2024-04-17 18:51 | INFO | Query 13 Active Learning Random Query Runtime on Test Set: 146572.31
2024-04-17 18:51 | INFO | Query 13 Active Learning Random Query Instance Cost: 234269.88
2024-04-17 18:51 | INFO | Timeout limit is increased to 700
2024-04-17 18:51 | INFO | Query 14 Size of the uncertainty table is = 5874/7755
2024-04-17 18:51 | INFO | Query 14 Size of the filtered table is = 77
2024-04-17 18:52 | INFO | Query 14 Active Learning Random Query Runtime on Validation Set: 513117.51
2024-04-17 18:52 | INFO | Query 14 Active Learning Random Query Runtime on Test Set: 146583.62
2024-04-17 18:52 | INFO | Query 14 Active Learning Random Query Instance Cost: 264639.98
2024-04-17 18:52 | INFO | Timeout limit is increased to 800
2024-04-17 18:52 | INFO | Query 15 Size of the uncertainty table is = 5669/7755
2024-04-17 18:52 | INFO | Query 15 Size of the filtered table is = 77
2024-04-17 18:52 | INFO | Query 15 Active Learning Random Query Runtime on Validation Set: 9284.79
2024-04-17 18:52 | INFO | Query 15 Active Learning Random Query Runtime on Test Set: 146572.08
2024-04-17 18:52 | INFO | Query 15 Active Learning Random Query Instance Cost: 301315.83
2024-04-17 18:52 | INFO | Query 16 Size of the uncertainty table is = 5462/7755
2024-04-17 18:52 | INFO | Query 16 Size of the filtered table is = 77
2024-04-17 18:53 | INFO | Query 16 Active Learning Random Query Runtime on Validation Set: 8482.29
2024-04-17 18:53 | INFO | Query 16 Active Learning Random Query Runtime on Test Set: 146569.85
2024-04-17 18:53 | INFO | Query 16 Active Learning Random Query Instance Cost: 335162.06
2024-04-17 18:53 | INFO | Query 17 Size of the uncertainty table is = 5240/7755
2024-04-17 18:53 | INFO | Query 17 Size of the filtered table is = 77
2024-04-17 18:53 | INFO | Query 17 Active Learning Random Query Runtime on Validation Set: 8425.33
2024-04-17 18:53 | INFO | Query 17 Active Learning Random Query Runtime on Test Set: 74681.73
2024-04-17 18:53 | INFO | Query 17 Active Learning Random Query Instance Cost: 372030.41
2024-04-17 18:53 | INFO | Query 18 Size of the uncertainty table is = 5020/7755
2024-04-17 18:53 | INFO | Query 18 Size of the filtered table is = 77
2024-04-17 18:54 | INFO | Query 18 Active Learning Random Query Runtime on Validation Set: 9163.82
2024-04-17 18:54 | INFO | Query 18 Active Learning Random Query Runtime on Test Set: 74681.9
2024-04-17 18:54 | INFO | Query 18 Active Learning Random Query Instance Cost: 403826.35
2024-04-17 18:54 | INFO | Timeout limit is increased to 900
2024-04-17 18:54 | INFO | Query 19 Size of the uncertainty table is = 4800/7755
2024-04-17 18:54 | INFO | Query 19 Size of the filtered table is = 77
2024-04-17 18:55 | INFO | Query 19 Active Learning Random Query Runtime on Validation Set: 8425.0
2024-04-17 18:55 | INFO | Query 19 Active Learning Random Query Runtime on Test Set: 74583.43
2024-04-17 18:55 | INFO | Query 19 Active Learning Random Query Instance Cost: 439095.09
2024-04-17 18:55 | INFO | Query 20 Size of the uncertainty table is = 4564/7755
2024-04-17 18:55 | INFO | Query 20 Size of the filtered table is = 77
2024-04-17 18:55 | INFO | Query 20 Active Learning Random Query Runtime on Validation Set: 9199.24
2024-04-17 18:55 | INFO | Query 20 Active Learning Random Query Runtime on Test Set: 73006.06
2024-04-17 18:55 | INFO | Query 20 Active Learning Random Query Instance Cost: 477892.08
2024-04-17 18:55 | INFO | Timeout limit is increased to 1000
2024-04-17 18:55 | INFO | Query 21 Size of the uncertainty table is = 4312/7755
2024-04-17 18:55 | INFO | Query 21 Size of the filtered table is = 77
2024-04-17 18:56 | INFO | Query 21 Active Learning Random Query Runtime on Validation Set: 154847.51
2024-04-17 18:56 | INFO | Query 21 Active Learning Random Query Runtime on Test Set: 73006.3
2024-04-17 18:56 | INFO | Query 21 Active Learning Random Query Instance Cost: 525854.74
2024-04-17 18:56 | INFO | Timeout limit is increased to 1100
2024-04-17 18:56 | INFO | Query 22 Size of the uncertainty table is = 4097/7755
2024-04-17 18:56 | INFO | Query 22 Size of the filtered table is = 77
2024-04-17 18:56 | INFO | Query 22 Active Learning Random Query Runtime on Validation Set: 8425.92
2024-04-17 18:56 | INFO | Query 22 Active Learning Random Query Runtime on Test Set: 73006.44
2024-04-17 18:56 | INFO | Query 22 Active Learning Random Query Instance Cost: 570896.34
2024-04-17 18:56 | INFO | Query 23 Size of the uncertainty table is = 3846/7755
2024-04-17 18:56 | INFO | Query 23 Size of the filtered table is = 77
2024-04-17 18:57 | INFO | Query 23 Active Learning Random Query Runtime on Validation Set: 8447.26
2024-04-17 18:57 | INFO | Query 23 Active Learning Random Query Runtime on Test Set: 37008.08
2024-04-17 18:57 | INFO | Query 23 Active Learning Random Query Instance Cost: 610100.11
2024-04-17 18:57 | INFO | Timeout limit is increased to 1200
2024-04-17 18:57 | INFO | Query 24 Size of the uncertainty table is = 3593/7755
2024-04-17 18:57 | INFO | Query 24 Size of the filtered table is = 77
2024-04-17 18:57 | INFO | Query 24 Active Learning Random Query Runtime on Validation Set: 8447.27
2024-04-17 18:57 | INFO | Query 24 Active Learning Random Query Runtime on Test Set: 73006.52
2024-04-17 18:57 | INFO | Query 24 Active Learning Random Query Instance Cost: 652494.72
2024-04-17 18:57 | INFO | Timeout limit is increased to 1300
2024-04-17 18:57 | INFO | Query 25 Size of the uncertainty table is = 3349/7755
2024-04-17 18:57 | INFO | Query 25 Size of the filtered table is = 77
2024-04-17 18:58 | INFO | Query 25 Active Learning Random Query Runtime on Validation Set: 8472.17
2024-04-17 18:58 | INFO | Query 25 Active Learning Random Query Runtime on Test Set: 36906.03
2024-04-17 18:58 | INFO | Query 25 Active Learning Random Query Instance Cost: 703674.71
2024-04-17 18:58 | INFO | Timeout limit is increased to 1400
2024-04-17 18:58 | INFO | Query 26 Size of the uncertainty table is = 3100/7755
2024-04-17 18:58 | INFO | Query 26 Size of the filtered table is = 77
2024-04-17 18:59 | INFO | Query 26 Active Learning Random Query Runtime on Validation Set: 8481.98
2024-04-17 18:59 | INFO | Query 26 Active Learning Random Query Runtime on Test Set: 37005.94
2024-04-17 18:59 | INFO | Query 26 Active Learning Random Query Instance Cost: 761183.25
2024-04-17 18:59 | INFO | Timeout limit is increased to 1500
2024-04-17 18:59 | INFO | Query 27 Size of the uncertainty table is = 2871/7755
2024-04-17 18:59 | INFO | Query 27 Size of the filtered table is = 77
2024-04-17 18:59 | INFO | Query 27 Active Learning Random Query Runtime on Validation Set: 8449.59
2024-04-17 18:59 | INFO | Query 27 Active Learning Random Query Runtime on Test Set: 37006.22
2024-04-17 18:59 | INFO | Query 27 Active Learning Random Query Instance Cost: 832302.35
2024-04-17 18:59 | INFO | Query 28 Size of the uncertainty table is = 2661/7755
2024-04-17 18:59 | INFO | Query 28 Size of the filtered table is = 77
2024-04-17 19:00 | INFO | Query 28 Active Learning Random Query Runtime on Validation Set: 8428.19
2024-04-17 19:00 | INFO | Query 28 Active Learning Random Query Runtime on Test Set: 37005.91
2024-04-17 19:00 | INFO | Query 28 Active Learning Random Query Instance Cost: 905603.02
2024-04-17 19:00 | INFO | Query 29 Size of the uncertainty table is = 2460/7755
2024-04-17 19:00 | INFO | Query 29 Size of the filtered table is = 77
2024-04-17 19:00 | INFO | Query 29 Active Learning Random Query Runtime on Validation Set: 8498.72
2024-04-17 19:00 | INFO | Query 29 Active Learning Random Query Runtime on Test Set: 37007.1
2024-04-17 19:00 | INFO | Query 29 Active Learning Random Query Instance Cost: 983899.23
2024-04-17 19:00 | INFO | Timeout limit is increased to 1600
2024-04-17 19:00 | INFO | Query 30 Size of the uncertainty table is = 2250/7755
2024-04-17 19:00 | INFO | Query 30 Size of the filtered table is = 77
2024-04-17 19:01 | INFO | Query 30 Active Learning Random Query Runtime on Validation Set: 8498.76
2024-04-17 19:01 | INFO | Query 30 Active Learning Random Query Runtime on Test Set: 37006.15
2024-04-17 19:01 | INFO | Query 30 Active Learning Random Query Instance Cost: 1032115.43
2024-04-17 19:01 | INFO | Timeout limit is increased to 1700
2024-04-17 19:01 | INFO | Query 31 Size of the uncertainty table is = 2057/7755
2024-04-17 19:01 | INFO | Query 31 Size of the filtered table is = 77
2024-04-17 19:01 | INFO | Query 31 Active Learning Random Query Runtime on Validation Set: 8501.1
2024-04-17 19:01 | INFO | Query 31 Active Learning Random Query Runtime on Test Set: 37005.59
2024-04-17 19:01 | INFO | Query 31 Active Learning Random Query Instance Cost: 1123994.1
2024-04-17 19:01 | INFO | Timeout limit is increased to 1800
2024-04-17 19:01 | INFO | Query 32 Size of the uncertainty table is = 1872/7755
2024-04-17 19:01 | INFO | Query 32 Size of the filtered table is = 77
2024-04-17 19:02 | INFO | Query 32 Active Learning Random Query Runtime on Validation Set: 8498.76
2024-04-17 19:02 | INFO | Query 32 Active Learning Random Query Runtime on Test Set: 37005.01
2024-04-17 19:02 | INFO | Query 32 Active Learning Random Query Instance Cost: 1189779.0
2024-04-17 19:02 | INFO | Query 33 Size of the uncertainty table is = 1703/7755
2024-04-17 19:02 | INFO | Query 33 Size of the filtered table is = 77
2024-04-17 19:03 | INFO | Query 33 Active Learning Random Query Runtime on Validation Set: 8498.76
2024-04-17 19:03 | INFO | Query 33 Active Learning Random Query Runtime on Test Set: 37006.06
2024-04-17 19:03 | INFO | Query 33 Active Learning Random Query Instance Cost: 1252209.44
2024-04-17 19:03 | INFO | Timeout limit is increased to 1900
2024-04-17 19:03 | INFO | Query 34 Size of the uncertainty table is = 1546/7755
2024-04-17 19:03 | INFO | Query 34 Size of the filtered table is = 77
2024-04-17 19:03 | INFO | Query 34 Active Learning Random Query Runtime on Validation Set: 8498.78
2024-04-17 19:03 | INFO | Query 34 Active Learning Random Query Runtime on Test Set: 37005.67
2024-04-17 19:03 | INFO | Query 34 Active Learning Random Query Instance Cost: 1331368.2
2024-04-17 19:03 | INFO | Timeout limit is increased to 2000
2024-04-17 19:03 | INFO | Query 35 Size of the uncertainty table is = 1403/7755
2024-04-17 19:03 | INFO | Query 35 Size of the filtered table is = 77
2024-04-17 19:04 | INFO | Query 35 Active Learning Random Query Runtime on Validation Set: 8479.75
2024-04-17 19:04 | INFO | Query 35 Active Learning Random Query Runtime on Test Set: 37005.1
2024-04-17 19:04 | INFO | Query 35 Active Learning Random Query Instance Cost: 1399984.17
2024-04-17 19:04 | INFO | Query 36 Size of the uncertainty table is = 1289/7755
2024-04-17 19:04 | INFO | Query 36 Size of the filtered table is = 77
2024-04-17 19:04 | INFO | Query 36 Active Learning Random Query Runtime on Validation Set: 8501.1
2024-04-17 19:04 | INFO | Query 36 Active Learning Random Query Runtime on Test Set: 37005.65
2024-04-17 19:04 | INFO | Query 36 Active Learning Random Query Instance Cost: 1472660.64
2024-04-17 19:04 | INFO | Timeout limit is increased to 2100
2024-04-17 19:04 | INFO | Query 37 Size of the uncertainty table is = 1196/7755
2024-04-17 19:04 | INFO | Query 37 Size of the filtered table is = 77
2024-04-17 19:05 | INFO | Query 37 Active Learning Random Query Runtime on Validation Set: 8449.63
2024-04-17 19:05 | INFO | Query 37 Active Learning Random Query Runtime on Test Set: 37005.65
2024-04-17 19:05 | INFO | Query 37 Active Learning Random Query Instance Cost: 1540466.09
2024-04-17 19:05 | INFO | Query 38 Size of the uncertainty table is = 1095/7755
2024-04-17 19:05 | INFO | Query 38 Size of the filtered table is = 77
2024-04-17 19:05 | INFO | Query 38 Active Learning Random Query Runtime on Validation Set: 8449.63
2024-04-17 19:05 | INFO | Query 38 Active Learning Random Query Runtime on Test Set: 37005.65
2024-04-17 19:05 | INFO | Query 38 Active Learning Random Query Instance Cost: 1613474.7
2024-04-17 19:05 | INFO | Timeout limit is increased to 2200
2024-04-17 19:05 | INFO | Query 39 Size of the uncertainty table is = 1042/7755
2024-04-17 19:05 | INFO | Query 39 Size of the filtered table is = 77
2024-04-17 19:06 | INFO | Query 39 Active Learning Random Query Runtime on Validation Set: 8501.1
2024-04-17 19:06 | INFO | Query 39 Active Learning Random Query Runtime on Test Set: 37005.65
2024-04-17 19:06 | INFO | Query 39 Active Learning Random Query Instance Cost: 1695317.03
2024-04-17 19:06 | INFO | Timeout limit is increased to 2300
2024-04-17 19:06 | INFO | Query 40 Size of the uncertainty table is = 985/7755
2024-04-17 19:06 | INFO | Query 40 Size of the filtered table is = 77
2024-04-17 19:07 | INFO | Query 40 Active Learning Random Query Runtime on Validation Set: 8501.1
2024-04-17 19:07 | INFO | Query 40 Active Learning Random Query Runtime on Test Set: 37005.65
2024-04-17 19:07 | INFO | Query 40 Active Learning Random Query Instance Cost: 1758583.66
2024-04-17 19:07 | INFO | Timeout limit is increased to 2400
2024-04-17 19:07 | INFO | Query 41 Size of the uncertainty table is = 951/7755
2024-04-17 19:07 | INFO | Query 41 Size of the filtered table is = 77
2024-04-17 19:07 | INFO | Query 41 Active Learning Random Query Runtime on Validation Set: 8501.12
2024-04-17 19:07 | INFO | Query 41 Active Learning Random Query Runtime on Test Set: 37005.65
2024-04-17 19:07 | INFO | Query 41 Active Learning Random Query Instance Cost: 1841240.03
2024-04-17 19:07 | INFO | Timeout limit is increased to 2500
2024-04-17 19:07 | INFO | Query 42 Size of the uncertainty table is = 923/7755
2024-04-17 19:07 | INFO | Query 42 Size of the filtered table is = 77
2024-04-17 19:08 | INFO | Query 42 Active Learning Random Query Runtime on Validation Set: 8501.12
2024-04-17 19:08 | INFO | Query 42 Active Learning Random Query Runtime on Test Set: 37005.65
2024-04-17 19:08 | INFO | Query 42 Active Learning Random Query Instance Cost: 1914497.06
2024-04-17 19:08 | INFO | Timeout limit is increased to 2600
2024-04-17 19:08 | INFO | Query 43 Size of the uncertainty table is = 910/7755
2024-04-17 19:08 | INFO | Query 43 Size of the filtered table is = 77
2024-04-17 19:08 | INFO | Query 43 Active Learning Random Query Runtime on Validation Set: 8498.76
2024-04-17 19:08 | INFO | Query 43 Active Learning Random Query Runtime on Test Set: 37005.65
2024-04-17 19:08 | INFO | Query 43 Active Learning Random Query Instance Cost: 2005000.84
2024-04-17 19:08 | INFO | Query 44 Size of the uncertainty table is = 891/7755
2024-04-17 19:08 | INFO | Query 44 Size of the filtered table is = 77
2024-04-17 19:09 | INFO | Query 44 Active Learning Random Query Runtime on Validation Set: 8498.76
2024-04-17 19:09 | INFO | Query 44 Active Learning Random Query Runtime on Test Set: 37005.35
2024-04-17 19:09 | INFO | Query 44 Active Learning Random Query Instance Cost: 2067476.21
2024-04-17 19:09 | INFO | Timeout limit is increased to 2700
2024-04-17 19:09 | INFO | Query 45 Size of the uncertainty table is = 865/7755
2024-04-17 19:09 | INFO | Query 45 Size of the filtered table is = 77
2024-04-17 19:09 | INFO | Query 45 Active Learning Random Query Runtime on Validation Set: 8498.76
2024-04-17 19:09 | INFO | Query 45 Active Learning Random Query Runtime on Test Set: 37005.35
2024-04-17 19:09 | INFO | Query 45 Active Learning Random Query Instance Cost: 2136677.18
2024-04-17 19:09 | INFO | Timeout limit is increased to 2800
2024-04-17 19:09 | INFO | Query 46 Size of the uncertainty table is = 861/7755
2024-04-17 19:09 | INFO | Query 46 Size of the filtered table is = 77
2024-04-17 19:10 | INFO | Query 46 Active Learning Random Query Runtime on Validation Set: 8498.76
2024-04-17 19:10 | INFO | Query 46 Active Learning Random Query Runtime on Test Set: 37005.65
2024-04-17 19:10 | INFO | Query 46 Active Learning Random Query Instance Cost: 2196759.46
2024-04-17 19:10 | INFO | Timeout limit is increased to 2900
2024-04-17 19:10 | INFO | Query 47 Size of the uncertainty table is = 852/7755
2024-04-17 19:10 | INFO | Query 47 Size of the filtered table is = 77
2024-04-17 19:11 | INFO | Query 47 Active Learning Random Query Runtime on Validation Set: 8498.76
2024-04-17 19:11 | INFO | Query 47 Active Learning Random Query Runtime on Test Set: 37005.65
2024-04-17 19:11 | INFO | Query 47 Active Learning Random Query Instance Cost: 2277981.79
2024-04-17 19:11 | INFO | Timeout limit is increased to 3000
2024-04-17 19:11 | INFO | Query 48 Size of the uncertainty table is = 841/7755
2024-04-17 19:11 | INFO | Query 48 Size of the filtered table is = 77
2024-04-17 19:11 | INFO | Query 48 Active Learning Random Query Runtime on Validation Set: 8498.76
2024-04-17 19:11 | INFO | Query 48 Active Learning Random Query Runtime on Test Set: 37005.65
2024-04-17 19:11 | INFO | Query 48 Active Learning Random Query Instance Cost: 2346081.79
2024-04-17 19:11 | INFO | Timeout limit is increased to 3100
2024-04-17 19:11 | INFO | Query 49 Size of the uncertainty table is = 841/7755
2024-04-17 19:11 | INFO | Query 49 Size of the filtered table is = 77
2024-04-17 19:12 | INFO | Query 49 Active Learning Random Query Runtime on Validation Set: 8498.76
2024-04-17 19:12 | INFO | Query 49 Active Learning Random Query Runtime on Test Set: 37005.65
2024-04-17 19:12 | INFO | Query 49 Active Learning Random Query Instance Cost: 2418360.88
2024-04-17 19:12 | INFO | Timeout limit is increased to 3200
2024-04-17 19:12 | INFO | Query 50 Size of the uncertainty table is = 838/7755
2024-04-17 19:12 | INFO | Query 50 Size of the filtered table is = 77
2024-04-17 19:12 | INFO | Query 50 Active Learning Random Query Runtime on Validation Set: 8498.76
2024-04-17 19:12 | INFO | Query 50 Active Learning Random Query Runtime on Test Set: 37005.65
2024-04-17 19:12 | INFO | Query 50 Active Learning Random Query Instance Cost: 2509245.66
2024-04-17 19:12 | INFO | Timeout limit is increased to 3300
2024-04-17 19:12 | INFO | Query 51 Size of the uncertainty table is = 836/7755
2024-04-17 19:12 | INFO | Query 51 Size of the filtered table is = 77
2024-04-17 19:13 | INFO | Query 51 Active Learning Random Query Runtime on Validation Set: 8498.76
2024-04-17 19:13 | INFO | Query 51 Active Learning Random Query Runtime on Test Set: 37005.65
2024-04-17 19:13 | INFO | Query 51 Active Learning Random Query Instance Cost: 2585445.66
2024-04-17 19:13 | INFO | Timeout limit is increased to 3400
2024-04-17 19:13 | INFO | Query 52 Size of the uncertainty table is = 836/7755
2024-04-17 19:13 | INFO | Query 52 Size of the filtered table is = 77
2024-04-17 19:13 | INFO | Query 52 Active Learning Random Query Runtime on Validation Set: 8498.76
2024-04-17 19:13 | INFO | Query 52 Active Learning Random Query Runtime on Test Set: 37005.65
2024-04-17 19:13 | INFO | Query 52 Active Learning Random Query Instance Cost: 2656145.66
2024-04-17 19:13 | INFO | Timeout limit is increased to 3500
2024-04-17 19:13 | INFO | Query 53 Size of the uncertainty table is = 836/7755
2024-04-17 19:13 | INFO | Query 53 Size of the filtered table is = 77
2024-04-17 19:14 | INFO | Query 53 Active Learning Random Query Runtime on Validation Set: 8498.76
2024-04-17 19:14 | INFO | Query 53 Active Learning Random Query Runtime on Test Set: 37005.65
2024-04-17 19:14 | INFO | Query 53 Active Learning Random Query Instance Cost: 2744145.66
2024-04-17 19:14 | INFO | Timeout limit is increased to 3600
2024-04-17 19:14 | INFO | Query 54 Size of the uncertainty table is = 836/7755
2024-04-17 19:14 | INFO | Query 54 Size of the filtered table is = 77
2024-04-17 19:15 | INFO | Query 54 Active Learning Random Query Runtime on Validation Set: 8498.76
2024-04-17 19:15 | INFO | Query 54 Active Learning Random Query Runtime on Test Set: 37005.65
2024-04-17 19:15 | INFO | Query 54 Active Learning Random Query Instance Cost: 2831104.4
2024-04-17 19:15 | INFO | Timeout limit is increased to 3600
2024-04-17 19:15 | INFO | runtime_train_score is written as json file
2024-04-17 19:15 | INFO | runtime_test_score is written as json file
2024-04-17 19:15 | INFO | runtime_validation_score is written as json file
2024-04-17 19:15 | INFO | instance_cost is written as json file
2024-04-17 19:15 | INFO | Experiment is finished
