2024-04-17 18:43 | INFO | Paramaters are: {'dataset': 'MAXSAT12-PMS', 'penalty': 10, 'weight': 'No_Weight', 'voting': 'Hard', 'pre_selection_size': 64, 'pre_selection_technique': 'No_pre_selection', 'feature_elimination_threshold': 20, 'imputer_strategy': 'median', 'feature_selection_technique': 'No_feature_selection', 'feature_scaling_technique': 'StandardScaler', 'initial_train_size': 20, 'query_size': 1, 'timeout_predictor_usage': 'Yes', 'timeout_limit': 100, 'timeout_increase_rate': 100, 'RANDOM_STATE_SEED': 123, 'n_splits': 10, 'split_number': 3, 'max_timeout': 3600, 'param_grid': {'n_estimators': 100, 'criterion': 'gini', 'max_features': 'sqrt', 'max_depth': 2147483648, 'min_samples_split': 2, 'bootstrap': True}}
2024-04-17 18:43 | INFO | MAXSAT12-PMS is current dataset
2024-04-17 18:43 | INFO | DATASETS/MAXSAT12-PMS/algorithm_runs.csv is found
2024-04-17 18:43 | INFO | DATASETS/MAXSAT12-PMS/algorithm_runs.csv is finished
2024-04-17 18:43 | INFO | DATASETS/MAXSAT12-PMS/feature_values.csv is found
2024-04-17 18:43 | INFO | DATASETS/MAXSAT12-PMS/feature_values.csv is finished
2024-04-17 18:43 | INFO | DATASETS/MAXSAT12-PMS/feature_costs.csv is found
2024-04-17 18:43 | INFO | DATASETS/MAXSAT12-PMS/feature_costs.csv is finished
2024-04-17 18:43 | INFO | Feature cost of train set is 34.09
2024-04-17 18:44 | INFO | Initial Active Learning Random Query Runtime on Validation Set: 295510.45
2024-04-17 18:44 | INFO | Initial Active Learning Random Query Runtime on Test Set: 114455.99
2024-04-17 18:44 | INFO | Initial Active Learning Random Query Instance Cost: 3267.05
2024-04-17 18:44 | INFO | Bin size = 77
2024-04-17 18:44 | INFO | Query 1 Size of the uncertainty table is = 7774/7755
2024-04-17 18:44 | INFO | Query 1 Size of the filtered table is = 77
2024-04-17 18:44 | INFO | Query 1 Active Learning Random Query Runtime on Validation Set: 295520.26
2024-04-17 18:44 | INFO | Query 1 Active Learning Random Query Runtime on Test Set: 114578.33
2024-04-17 18:44 | INFO | Query 1 Active Learning Random Query Instance Cost: 10479.51
2024-04-17 18:44 | INFO | Timeout limit is increased to 200
2024-04-17 18:44 | INFO | Query 2 Size of the uncertainty table is = 7707/7755
2024-04-17 18:44 | INFO | Query 2 Size of the filtered table is = 77
2024-04-17 18:45 | INFO | Query 2 Active Learning Random Query Runtime on Validation Set: 8228.79
2024-04-17 18:45 | INFO | Query 2 Active Learning Random Query Runtime on Test Set: 76531.23
2024-04-17 18:45 | INFO | Query 2 Active Learning Random Query Instance Cost: 25085.59
2024-04-17 18:45 | INFO | Query 3 Size of the uncertainty table is = 7613/7755
2024-04-17 18:45 | INFO | Query 3 Size of the filtered table is = 77
2024-04-17 18:45 | INFO | Query 3 Active Learning Random Query Runtime on Validation Set: 9537.48
2024-04-17 18:45 | INFO | Query 3 Active Learning Random Query Runtime on Test Set: 78403.65
2024-04-17 18:45 | INFO | Query 3 Active Learning Random Query Instance Cost: 36217.26
2024-04-17 18:45 | INFO | Timeout limit is increased to 300
2024-04-17 18:45 | INFO | Query 4 Size of the uncertainty table is = 7526/7755
2024-04-17 18:45 | INFO | Query 4 Size of the filtered table is = 77
2024-04-17 18:46 | INFO | Query 4 Active Learning Random Query Runtime on Validation Set: 9541.18
2024-04-17 18:46 | INFO | Query 4 Active Learning Random Query Runtime on Test Set: 78407.39
2024-04-17 18:46 | INFO | Query 4 Active Learning Random Query Instance Cost: 52442.57
2024-04-17 18:46 | INFO | Timeout limit is increased to 400
2024-04-17 18:46 | INFO | Query 5 Size of the uncertainty table is = 7414/7755
2024-04-17 18:46 | INFO | Query 5 Size of the filtered table is = 77
2024-04-17 18:46 | INFO | Query 5 Active Learning Random Query Runtime on Validation Set: 44917.04
2024-04-17 18:46 | INFO | Query 5 Active Learning Random Query Runtime on Test Set: 114358.2
2024-04-17 18:46 | INFO | Query 5 Active Learning Random Query Instance Cost: 75340.24
2024-04-17 18:46 | INFO | Timeout limit is increased to 500
2024-04-17 18:46 | INFO | Query 6 Size of the uncertainty table is = 7279/7755
2024-04-17 18:46 | INFO | Query 6 Size of the filtered table is = 77
2024-04-17 18:47 | INFO | Query 6 Active Learning Random Query Runtime on Validation Set: 8239.24
2024-04-17 18:47 | INFO | Query 6 Active Learning Random Query Runtime on Test Set: 76540.87
2024-04-17 18:47 | INFO | Query 6 Active Learning Random Query Instance Cost: 103215.05
2024-04-17 18:47 | INFO | Query 7 Size of the uncertainty table is = 7128/7755
2024-04-17 18:47 | INFO | Query 7 Size of the filtered table is = 77
2024-04-17 18:47 | INFO | Query 7 Active Learning Random Query Runtime on Validation Set: 8551.75
2024-04-17 18:47 | INFO | Query 7 Active Learning Random Query Runtime on Test Set: 78830.11
2024-04-17 18:47 | INFO | Query 7 Active Learning Random Query Instance Cost: 126739.06
2024-04-17 18:47 | INFO | Timeout limit is increased to 600
2024-04-17 18:47 | INFO | Query 8 Size of the uncertainty table is = 6952/7755
2024-04-17 18:47 | INFO | Query 8 Size of the filtered table is = 77
2024-04-17 18:48 | INFO | Query 8 Active Learning Random Query Runtime on Validation Set: 8222.05
2024-04-17 18:48 | INFO | Query 8 Active Learning Random Query Runtime on Test Set: 76518.25
2024-04-17 18:48 | INFO | Query 8 Active Learning Random Query Instance Cost: 154353.72
2024-04-17 18:48 | INFO | Query 9 Size of the uncertainty table is = 6791/7755
2024-04-17 18:48 | INFO | Query 9 Size of the filtered table is = 77
2024-04-17 18:48 | INFO | Query 9 Active Learning Random Query Runtime on Validation Set: 440723.71
2024-04-17 18:48 | INFO | Query 9 Active Learning Random Query Runtime on Test Set: 148491.54
2024-04-17 18:48 | INFO | Query 9 Active Learning Random Query Instance Cost: 181706.79
2024-04-17 18:48 | INFO | Timeout limit is increased to 700
2024-04-17 18:48 | INFO | Query 10 Size of the uncertainty table is = 6596/7755
2024-04-17 18:48 | INFO | Query 10 Size of the filtered table is = 77
2024-04-17 18:49 | INFO | Query 10 Active Learning Random Query Runtime on Validation Set: 440725.9
2024-04-17 18:49 | INFO | Query 10 Active Learning Random Query Runtime on Test Set: 148495.1
2024-04-17 18:49 | INFO | Query 10 Active Learning Random Query Instance Cost: 218581.91
2024-04-17 18:49 | INFO | Timeout limit is increased to 800
2024-04-17 18:49 | INFO | Query 11 Size of the uncertainty table is = 6427/7755
2024-04-17 18:49 | INFO | Query 11 Size of the filtered table is = 77
2024-04-17 18:49 | INFO | Query 11 Active Learning Random Query Runtime on Validation Set: 440749.73
2024-04-17 18:49 | INFO | Query 11 Active Learning Random Query Runtime on Test Set: 112527.65
2024-04-17 18:49 | INFO | Query 11 Active Learning Random Query Instance Cost: 253141.88
2024-04-17 18:49 | INFO | Timeout limit is increased to 900
2024-04-17 18:49 | INFO | Query 12 Size of the uncertainty table is = 6216/7755
2024-04-17 18:49 | INFO | Query 12 Size of the filtered table is = 77
2024-04-17 18:50 | INFO | Query 12 Active Learning Random Query Runtime on Validation Set: 476134.28
2024-04-17 18:50 | INFO | Query 12 Active Learning Random Query Runtime on Test Set: 148514.86
2024-04-17 18:50 | INFO | Query 12 Active Learning Random Query Instance Cost: 291509.7
2024-04-17 18:50 | INFO | Timeout limit is increased to 1000
2024-04-17 18:50 | INFO | Query 13 Size of the uncertainty table is = 6017/7755
2024-04-17 18:50 | INFO | Query 13 Size of the filtered table is = 77
2024-04-17 18:50 | INFO | Query 13 Active Learning Random Query Runtime on Validation Set: 440762.36
2024-04-17 18:50 | INFO | Query 13 Active Learning Random Query Runtime on Test Set: 148510.7
2024-04-17 18:50 | INFO | Query 13 Active Learning Random Query Instance Cost: 332603.43
2024-04-17 18:50 | INFO | Query 14 Size of the uncertainty table is = 5763/7755
2024-04-17 18:50 | INFO | Query 14 Size of the filtered table is = 77
2024-04-17 18:51 | INFO | Query 14 Active Learning Random Query Runtime on Validation Set: 296761.43
2024-04-17 18:51 | INFO | Query 14 Active Learning Random Query Runtime on Test Set: 112581.5
2024-04-17 18:51 | INFO | Query 14 Active Learning Random Query Instance Cost: 371324.62
2024-04-17 18:51 | INFO | Query 15 Size of the uncertainty table is = 5524/7755
2024-04-17 18:51 | INFO | Query 15 Size of the filtered table is = 77
2024-04-17 18:52 | INFO | Query 15 Active Learning Random Query Runtime on Validation Set: 404536.85
2024-04-17 18:52 | INFO | Query 15 Active Learning Random Query Runtime on Test Set: 148464.08
2024-04-17 18:52 | INFO | Query 15 Active Learning Random Query Instance Cost: 404478.41
2024-04-17 18:52 | INFO | Timeout limit is increased to 1100
2024-04-17 18:52 | INFO | Query 16 Size of the uncertainty table is = 5289/7755
2024-04-17 18:52 | INFO | Query 16 Size of the filtered table is = 77
2024-04-17 18:52 | INFO | Query 16 Active Learning Random Query Runtime on Validation Set: 333191.19
2024-04-17 18:52 | INFO | Query 16 Active Learning Random Query Runtime on Test Set: 112216.51
2024-04-17 18:52 | INFO | Query 16 Active Learning Random Query Instance Cost: 450508.65
2024-04-17 18:52 | INFO | Query 17 Size of the uncertainty table is = 5052/7755
2024-04-17 18:52 | INFO | Query 17 Size of the filtered table is = 77
2024-04-17 18:53 | INFO | Query 17 Active Learning Random Query Runtime on Validation Set: 369910.03
2024-04-17 18:53 | INFO | Query 17 Active Learning Random Query Runtime on Test Set: 146853.56
2024-04-17 18:53 | INFO | Query 17 Active Learning Random Query Instance Cost: 495228.78
2024-04-17 18:53 | INFO | Timeout limit is increased to 1200
2024-04-17 18:53 | INFO | Query 18 Size of the uncertainty table is = 4795/7755
2024-04-17 18:53 | INFO | Query 18 Size of the filtered table is = 77
2024-04-17 18:53 | INFO | Query 18 Active Learning Random Query Runtime on Validation Set: 370251.1
2024-04-17 18:53 | INFO | Query 18 Active Learning Random Query Runtime on Test Set: 182792.16
2024-04-17 18:53 | INFO | Query 18 Active Learning Random Query Instance Cost: 548594.16
2024-04-17 18:53 | INFO | Timeout limit is increased to 1300
2024-04-17 18:53 | INFO | Query 19 Size of the uncertainty table is = 4587/7755
2024-04-17 18:53 | INFO | Query 19 Size of the filtered table is = 77
2024-04-17 18:54 | INFO | Query 19 Active Learning Random Query Runtime on Validation Set: 370260.07
2024-04-17 18:54 | INFO | Query 19 Active Learning Random Query Runtime on Test Set: 146798.87
2024-04-17 18:54 | INFO | Query 19 Active Learning Random Query Instance Cost: 602114.79
2024-04-17 18:54 | INFO | Timeout limit is increased to 1400
2024-04-17 18:54 | INFO | Query 20 Size of the uncertainty table is = 4330/7755
2024-04-17 18:54 | INFO | Query 20 Size of the filtered table is = 77
2024-04-17 18:54 | INFO | Query 20 Active Learning Random Query Runtime on Validation Set: 332910.67
2024-04-17 18:54 | INFO | Query 20 Active Learning Random Query Runtime on Test Set: 110515.32
2024-04-17 18:54 | INFO | Query 20 Active Learning Random Query Instance Cost: 651490.81
2024-04-17 18:54 | INFO | Query 21 Size of the uncertainty table is = 4070/7755
2024-04-17 18:54 | INFO | Query 21 Size of the filtered table is = 77
2024-04-17 18:55 | INFO | Query 21 Active Learning Random Query Runtime on Validation Set: 406826.53
2024-04-17 18:55 | INFO | Query 21 Active Learning Random Query Runtime on Test Set: 184660.0
2024-04-17 18:55 | INFO | Query 21 Active Learning Random Query Instance Cost: 706700.79
2024-04-17 18:55 | INFO | Timeout limit is increased to 1500
2024-04-17 18:55 | INFO | Query 22 Size of the uncertainty table is = 3850/7755
2024-04-17 18:55 | INFO | Query 22 Size of the filtered table is = 77
2024-04-17 18:55 | INFO | Query 22 Active Learning Random Query Runtime on Validation Set: 371504.68
2024-04-17 18:55 | INFO | Query 22 Active Learning Random Query Runtime on Test Set: 184655.94
2024-04-17 18:55 | INFO | Query 22 Active Learning Random Query Instance Cost: 758262.42
2024-04-17 18:55 | INFO | Query 23 Size of the uncertainty table is = 3609/7755
2024-04-17 18:55 | INFO | Query 23 Size of the filtered table is = 77
2024-04-17 18:56 | INFO | Query 23 Active Learning Random Query Runtime on Validation Set: 406890.32
2024-04-17 18:56 | INFO | Query 23 Active Learning Random Query Runtime on Test Set: 184719.28
2024-04-17 18:56 | INFO | Query 23 Active Learning Random Query Instance Cost: 810499.47
2024-04-17 18:56 | INFO | Timeout limit is increased to 1600
2024-04-17 18:56 | INFO | Query 24 Size of the uncertainty table is = 3336/7755
2024-04-17 18:56 | INFO | Query 24 Size of the filtered table is = 77
2024-04-17 18:56 | INFO | Query 24 Active Learning Random Query Runtime on Validation Set: 371505.96
2024-04-17 18:56 | INFO | Query 24 Active Learning Random Query Runtime on Test Set: 184661.78
2024-04-17 18:56 | INFO | Query 24 Active Learning Random Query Instance Cost: 876454.6
2024-04-17 18:56 | INFO | Query 25 Size of the uncertainty table is = 3095/7755
2024-04-17 18:56 | INFO | Query 25 Size of the filtered table is = 77
2024-04-17 18:57 | INFO | Query 25 Active Learning Random Query Runtime on Validation Set: 117805.18
2024-04-17 18:57 | INFO | Query 25 Active Learning Random Query Runtime on Test Set: 110815.63
2024-04-17 18:57 | INFO | Query 25 Active Learning Random Query Instance Cost: 930072.29
2024-04-17 18:57 | INFO | Query 26 Size of the uncertainty table is = 2859/7755
2024-04-17 18:57 | INFO | Query 26 Size of the filtered table is = 77
2024-04-17 18:57 | INFO | Query 26 Active Learning Random Query Runtime on Validation Set: 223569.02
2024-04-17 18:57 | INFO | Query 26 Active Learning Random Query Runtime on Test Set: 74632.65
2024-04-17 18:57 | INFO | Query 26 Active Learning Random Query Instance Cost: 994457.13
2024-04-17 18:57 | INFO | Timeout limit is increased to 1700
2024-04-17 18:57 | INFO | Query 27 Size of the uncertainty table is = 2638/7755
2024-04-17 18:57 | INFO | Query 27 Size of the filtered table is = 77
2024-04-17 18:58 | INFO | Query 27 Active Learning Random Query Runtime on Validation Set: 151522.0
2024-04-17 18:58 | INFO | Query 27 Active Learning Random Query Runtime on Test Set: 38876.97
2024-04-17 18:58 | INFO | Query 27 Active Learning Random Query Instance Cost: 1063007.41
2024-04-17 18:58 | INFO | Query 28 Size of the uncertainty table is = 2423/7755
2024-04-17 18:58 | INFO | Query 28 Size of the filtered table is = 77
2024-04-17 18:58 | INFO | Query 28 Active Learning Random Query Runtime on Validation Set: 117536.68
2024-04-17 18:58 | INFO | Query 28 Active Learning Random Query Runtime on Test Set: 74821.89
2024-04-17 18:58 | INFO | Query 28 Active Learning Random Query Instance Cost: 1129980.89
2024-04-17 18:58 | INFO | Query 29 Size of the uncertainty table is = 2228/7755
2024-04-17 18:58 | INFO | Query 29 Size of the filtered table is = 77
2024-04-17 18:59 | INFO | Query 29 Active Learning Random Query Runtime on Validation Set: 187266.13
2024-04-17 18:59 | INFO | Query 29 Active Learning Random Query Runtime on Test Set: 38877.07
2024-04-17 18:59 | INFO | Query 29 Active Learning Random Query Instance Cost: 1197542.04
2024-04-17 18:59 | INFO | Timeout limit is increased to 1800
2024-04-17 18:59 | INFO | Query 30 Size of the uncertainty table is = 1994/7755
2024-04-17 18:59 | INFO | Query 30 Size of the filtered table is = 77
2024-04-17 18:59 | INFO | Query 30 Active Learning Random Query Runtime on Validation Set: 190550.45
2024-04-17 18:59 | INFO | Query 30 Active Learning Random Query Runtime on Test Set: 146826.64
2024-04-17 18:59 | INFO | Query 30 Active Learning Random Query Instance Cost: 1264222.08
2024-04-17 18:59 | INFO | Timeout limit is increased to 1900
2024-04-17 18:59 | INFO | Query 31 Size of the uncertainty table is = 1793/7755
2024-04-17 18:59 | INFO | Query 31 Size of the filtered table is = 77
2024-04-17 19:00 | INFO | Query 31 Active Learning Random Query Runtime on Validation Set: 8170.55
2024-04-17 19:00 | INFO | Query 31 Active Learning Random Query Runtime on Test Set: 38853.54
2024-04-17 19:00 | INFO | Query 31 Active Learning Random Query Instance Cost: 1339010.46
2024-04-17 19:00 | INFO | Query 32 Size of the uncertainty table is = 1621/7755
2024-04-17 19:00 | INFO | Query 32 Size of the filtered table is = 77
2024-04-17 19:00 | INFO | Query 32 Active Learning Random Query Runtime on Validation Set: 117721.25
2024-04-17 19:00 | INFO | Query 32 Active Learning Random Query Runtime on Test Set: 110795.9
2024-04-17 19:00 | INFO | Query 32 Active Learning Random Query Instance Cost: 1394186.11
2024-04-17 19:00 | INFO | Timeout limit is increased to 2000
2024-04-17 19:00 | INFO | Query 33 Size of the uncertainty table is = 1460/7755
2024-04-17 19:00 | INFO | Query 33 Size of the filtered table is = 77
2024-04-17 19:01 | INFO | Query 33 Active Learning Random Query Runtime on Validation Set: 370181.06
2024-04-17 19:01 | INFO | Query 33 Active Learning Random Query Runtime on Test Set: 182816.61
2024-04-17 19:01 | INFO | Query 33 Active Learning Random Query Instance Cost: 1465012.63
2024-04-17 19:01 | INFO | Timeout limit is increased to 2100
2024-04-17 19:01 | INFO | Query 34 Size of the uncertainty table is = 1306/7755
2024-04-17 19:01 | INFO | Query 34 Size of the filtered table is = 77
2024-04-17 19:01 | INFO | Query 34 Active Learning Random Query Runtime on Validation Set: 154823.71
2024-04-17 19:01 | INFO | Query 34 Active Learning Random Query Runtime on Test Set: 147114.65
2024-04-17 19:01 | INFO | Query 34 Active Learning Random Query Instance Cost: 1537173.29
2024-04-17 19:01 | INFO | Query 35 Size of the uncertainty table is = 1179/7755
2024-04-17 19:01 | INFO | Query 35 Size of the filtered table is = 77
2024-04-17 19:02 | INFO | Query 35 Active Learning Random Query Runtime on Validation Set: 155075.96
2024-04-17 19:02 | INFO | Query 35 Active Learning Random Query Runtime on Test Set: 147114.9
2024-04-17 19:02 | INFO | Query 35 Active Learning Random Query Instance Cost: 1609886.28
2024-04-17 19:02 | INFO | Timeout limit is increased to 2200
2024-04-17 19:02 | INFO | Query 36 Size of the uncertainty table is = 1079/7755
2024-04-17 19:02 | INFO | Query 36 Size of the filtered table is = 77
2024-04-17 19:02 | INFO | Query 36 Active Learning Random Query Runtime on Validation Set: 370181.13
2024-04-17 19:02 | INFO | Query 36 Active Learning Random Query Runtime on Test Set: 182815.22
2024-04-17 19:02 | INFO | Query 36 Active Learning Random Query Instance Cost: 1683546.33
2024-04-17 19:02 | INFO | Timeout limit is increased to 2300
2024-04-17 19:02 | INFO | Query 37 Size of the uncertainty table is = 1015/7755
2024-04-17 19:02 | INFO | Query 37 Size of the filtered table is = 77
2024-04-17 19:03 | INFO | Query 37 Active Learning Random Query Runtime on Validation Set: 262906.2
2024-04-17 19:03 | INFO | Query 37 Active Learning Random Query Runtime on Test Set: 182821.63
2024-04-17 19:03 | INFO | Query 37 Active Learning Random Query Instance Cost: 1750799.66
2024-04-17 19:03 | INFO | Query 38 Size of the uncertainty table is = 964/7755
2024-04-17 19:03 | INFO | Query 38 Size of the filtered table is = 77
2024-04-17 19:03 | INFO | Query 38 Active Learning Random Query Runtime on Validation Set: 370227.68
2024-04-17 19:03 | INFO | Query 38 Active Learning Random Query Runtime on Test Set: 182795.05
2024-04-17 19:03 | INFO | Query 38 Active Learning Random Query Instance Cost: 1809996.13
2024-04-17 19:03 | INFO | Timeout limit is increased to 2400
2024-04-17 19:03 | INFO | Query 39 Size of the uncertainty table is = 927/7755
2024-04-17 19:03 | INFO | Query 39 Size of the filtered table is = 77
2024-04-17 19:04 | INFO | Query 39 Active Learning Random Query Runtime on Validation Set: 116973.17
2024-04-17 19:04 | INFO | Query 39 Active Learning Random Query Runtime on Test Set: 111147.68
2024-04-17 19:04 | INFO | Query 39 Active Learning Random Query Instance Cost: 1867612.92
2024-04-17 19:04 | INFO | Query 40 Size of the uncertainty table is = 881/7755
2024-04-17 19:04 | INFO | Query 40 Size of the filtered table is = 77
2024-04-17 19:05 | INFO | Query 40 Active Learning Random Query Runtime on Validation Set: 44408.32
2024-04-17 19:05 | INFO | Query 40 Active Learning Random Query Runtime on Test Set: 74845.94
2024-04-17 19:05 | INFO | Query 40 Active Learning Random Query Instance Cost: 1909886.64
2024-04-17 19:05 | INFO | Query 41 Size of the uncertainty table is = 857/7755
2024-04-17 19:05 | INFO | Query 41 Size of the filtered table is = 77
2024-04-17 19:05 | INFO | Query 41 Active Learning Random Query Runtime on Validation Set: 44408.32
2024-04-17 19:05 | INFO | Query 41 Active Learning Random Query Runtime on Test Set: 74845.94
2024-04-17 19:05 | INFO | Query 41 Active Learning Random Query Instance Cost: 1953906.98
2024-04-17 19:05 | INFO | Timeout limit is increased to 2500
2024-04-17 19:05 | INFO | Query 42 Size of the uncertainty table is = 845/7755
2024-04-17 19:05 | INFO | Query 42 Size of the filtered table is = 77
2024-04-17 19:06 | INFO | Query 42 Active Learning Random Query Runtime on Validation Set: 44408.32
2024-04-17 19:06 | INFO | Query 42 Active Learning Random Query Runtime on Test Set: 74867.85
2024-04-17 19:06 | INFO | Query 42 Active Learning Random Query Instance Cost: 2006331.47
2024-04-17 19:06 | INFO | Timeout limit is increased to 2600
2024-04-17 19:06 | INFO | Query 43 Size of the uncertainty table is = 831/7755
2024-04-17 19:06 | INFO | Query 43 Size of the filtered table is = 77
2024-04-17 19:06 | INFO | Query 43 Active Learning Random Query Runtime on Validation Set: 44408.32
2024-04-17 19:06 | INFO | Query 43 Active Learning Random Query Runtime on Test Set: 74867.85
2024-04-17 19:06 | INFO | Query 43 Active Learning Random Query Instance Cost: 2057292.08
2024-04-17 19:06 | INFO | Timeout limit is increased to 2700
2024-04-17 19:06 | INFO | Query 44 Size of the uncertainty table is = 823/7755
2024-04-17 19:06 | INFO | Query 44 Size of the filtered table is = 77
2024-04-17 19:07 | INFO | Query 44 Active Learning Random Query Runtime on Validation Set: 44408.32
2024-04-17 19:07 | INFO | Query 44 Active Learning Random Query Runtime on Test Set: 74845.94
2024-04-17 19:07 | INFO | Query 44 Active Learning Random Query Instance Cost: 2125392.08
2024-04-17 19:07 | INFO | Timeout limit is increased to 2800
2024-04-17 19:07 | INFO | Query 45 Size of the uncertainty table is = 815/7755
2024-04-17 19:07 | INFO | Query 45 Size of the filtered table is = 77
2024-04-17 19:07 | INFO | Query 45 Active Learning Random Query Runtime on Validation Set: 44408.32
2024-04-17 19:07 | INFO | Query 45 Active Learning Random Query Runtime on Test Set: 74845.94
2024-04-17 19:07 | INFO | Query 45 Active Learning Random Query Instance Cost: 2188892.08
2024-04-17 19:07 | INFO | Timeout limit is increased to 2900
2024-04-17 19:07 | INFO | Query 46 Size of the uncertainty table is = 815/7755
2024-04-17 19:07 | INFO | Query 46 Size of the filtered table is = 77
2024-04-17 19:08 | INFO | Query 46 Active Learning Random Query Runtime on Validation Set: 44408.32
2024-04-17 19:08 | INFO | Query 46 Active Learning Random Query Runtime on Test Set: 74845.94
2024-04-17 19:08 | INFO | Query 46 Active Learning Random Query Instance Cost: 2254092.08
2024-04-17 19:08 | INFO | Timeout limit is increased to 3000
2024-04-17 19:08 | INFO | Query 47 Size of the uncertainty table is = 815/7755
2024-04-17 19:08 | INFO | Query 47 Size of the filtered table is = 77
2024-04-17 19:08 | INFO | Query 47 Active Learning Random Query Runtime on Validation Set: 44408.32
2024-04-17 19:08 | INFO | Query 47 Active Learning Random Query Runtime on Test Set: 74845.94
2024-04-17 19:08 | INFO | Query 47 Active Learning Random Query Instance Cost: 2321492.08
2024-04-17 19:08 | INFO | Timeout limit is increased to 3100
2024-04-17 19:08 | INFO | Query 48 Size of the uncertainty table is = 815/7755
2024-04-17 19:08 | INFO | Query 48 Size of the filtered table is = 77
2024-04-17 19:09 | INFO | Query 48 Active Learning Random Query Runtime on Validation Set: 8168.21
2024-04-17 19:09 | INFO | Query 48 Active Learning Random Query Runtime on Test Set: 74850.5
2024-04-17 19:09 | INFO | Query 48 Active Learning Random Query Instance Cost: 2392457.37
2024-04-17 19:09 | INFO | Query 49 Size of the uncertainty table is = 813/7755
2024-04-17 19:09 | INFO | Query 49 Size of the filtered table is = 77
2024-04-17 19:09 | INFO | Query 49 Active Learning Random Query Runtime on Validation Set: 8168.21
2024-04-17 19:09 | INFO | Query 49 Active Learning Random Query Runtime on Test Set: 74850.5
2024-04-17 19:09 | INFO | Query 49 Active Learning Random Query Instance Cost: 2450257.37
2024-04-17 19:09 | INFO | Timeout limit is increased to 3200
2024-04-17 19:09 | INFO | Query 50 Size of the uncertainty table is = 813/7755
2024-04-17 19:09 | INFO | Query 50 Size of the filtered table is = 77
2024-04-17 19:10 | INFO | Query 50 Active Learning Random Query Runtime on Validation Set: 8168.21
2024-04-17 19:10 | INFO | Query 50 Active Learning Random Query Runtime on Test Set: 74850.5
2024-04-17 19:10 | INFO | Query 50 Active Learning Random Query Instance Cost: 2509090.61
2024-04-17 19:10 | INFO | Timeout limit is increased to 3300
2024-04-17 19:10 | INFO | Query 51 Size of the uncertainty table is = 812/7755
2024-04-17 19:10 | INFO | Query 51 Size of the filtered table is = 77
2024-04-17 19:10 | INFO | Query 51 Active Learning Random Query Runtime on Validation Set: 8168.21
2024-04-17 19:10 | INFO | Query 51 Active Learning Random Query Runtime on Test Set: 74850.5
2024-04-17 19:10 | INFO | Query 51 Active Learning Random Query Instance Cost: 2580190.49
2024-04-17 19:10 | INFO | Timeout limit is increased to 3400
2024-04-17 19:10 | INFO | Query 52 Size of the uncertainty table is = 810/7755
2024-04-17 19:10 | INFO | Query 52 Size of the filtered table is = 77
2024-04-17 19:11 | INFO | Query 52 Active Learning Random Query Runtime on Validation Set: 8168.21
2024-04-17 19:11 | INFO | Query 52 Active Learning Random Query Runtime on Test Set: 74850.5
2024-04-17 19:11 | INFO | Query 52 Active Learning Random Query Instance Cost: 2656390.49
2024-04-17 19:11 | INFO | Timeout limit is increased to 3500
2024-04-17 19:11 | INFO | Query 53 Size of the uncertainty table is = 810/7755
2024-04-17 19:11 | INFO | Query 53 Size of the filtered table is = 77
2024-04-17 19:11 | INFO | Query 53 Active Learning Random Query Runtime on Validation Set: 8168.21
2024-04-17 19:11 | INFO | Query 53 Active Learning Random Query Runtime on Test Set: 74850.5
2024-04-17 19:11 | INFO | Query 53 Active Learning Random Query Instance Cost: 2721090.49
2024-04-17 19:11 | INFO | Timeout limit is increased to 3600
2024-04-17 19:11 | INFO | Query 54 Size of the uncertainty table is = 810/7755
2024-04-17 19:11 | INFO | Query 54 Size of the filtered table is = 77
2024-04-17 19:12 | INFO | Query 54 Active Learning Random Query Runtime on Validation Set: 8168.21
2024-04-17 19:12 | INFO | Query 54 Active Learning Random Query Runtime on Test Set: 74850.5
2024-04-17 19:12 | INFO | Query 54 Active Learning Random Query Instance Cost: 2791090.49
2024-04-17 19:12 | INFO | Timeout limit is increased to 3600
2024-04-17 19:12 | INFO | runtime_train_score is written as json file
2024-04-17 19:12 | INFO | runtime_test_score is written as json file
2024-04-17 19:12 | INFO | runtime_validation_score is written as json file
2024-04-17 19:12 | INFO | instance_cost is written as json file
2024-04-17 19:12 | INFO | Experiment is finished
