2024-04-17 19:12 | INFO | Paramaters are: {'dataset': 'ASP-POTASSCO', 'penalty': 10, 'weight': 'No_Weight', 'voting': 'Hard', 'pre_selection_size': 64, 'pre_selection_technique': 'No_pre_selection', 'feature_elimination_threshold': 20, 'imputer_strategy': 'median', 'feature_selection_technique': 'No_feature_selection', 'feature_scaling_technique': 'StandardScaler', 'initial_train_size': 20, 'query_size': 1, 'timeout_predictor_usage': 'Yes', 'timeout_limit': 100, 'timeout_increase_rate': 100, 'RANDOM_STATE_SEED': 123, 'n_splits': 10, 'split_number': 9, 'max_timeout': 3600, 'param_grid': {'n_estimators': 100, 'criterion': 'gini', 'max_features': 'sqrt', 'max_depth': 2147483648, 'min_samples_split': 2, 'bootstrap': True}}
2024-04-17 19:12 | INFO | ASP-POTASSCO is current dataset
2024-04-17 19:12 | INFO | DATASETS/ASP-POTASSCO/algorithm_runs.arff is found
2024-04-17 19:12 | INFO | DATASETS/ASP-POTASSCO/algorithm_runs.arff is finished
2024-04-17 19:12 | INFO | DATASETS/ASP-POTASSCO/feature_values.arff is found
2024-04-17 19:12 | INFO | DATASETS/ASP-POTASSCO/feature_values.arff is finished
2024-04-17 19:12 | INFO | DATASETS/ASP-POTASSCO/feature_costs.arff is found
2024-04-17 19:12 | INFO | DATASETS/ASP-POTASSCO/feature_costs.arff is finished
2024-04-17 19:12 | INFO | Feature cost of train set is 1108.96
2024-04-17 19:15 | INFO | Initial Active Learning Random Query Runtime on Validation Set: 590587.04
2024-04-17 19:15 | INFO | Initial Active Learning Random Query Runtime on Test Set: 400858.89
2024-04-17 19:15 | INFO | Initial Active Learning Random Query Instance Cost: 9942.75
2024-04-17 19:15 | INFO | Bin size = 393
2024-04-17 19:15 | INFO | Query 1 Size of the uncertainty table is = 39667/39325
2024-04-17 19:15 | INFO | Query 1 Size of the filtered table is = 393
2024-04-17 19:17 | INFO | Query 1 Active Learning Random Query Runtime on Validation Set: 402471.05
2024-04-17 19:17 | INFO | Query 1 Active Learning Random Query Runtime on Test Set: 364147.67
2024-04-17 19:17 | INFO | Query 1 Active Learning Random Query Instance Cost: 37885.19
2024-04-17 19:17 | INFO | Query 2 Size of the uncertainty table is = 39191/39325
2024-04-17 19:17 | INFO | Query 2 Size of the filtered table is = 393
2024-04-17 19:20 | INFO | Query 2 Active Learning Random Query Runtime on Validation Set: 511483.82
2024-04-17 19:20 | INFO | Query 2 Active Learning Random Query Runtime on Test Set: 363441.18
2024-04-17 19:20 | INFO | Query 2 Active Learning Random Query Instance Cost: 66421.77
2024-04-17 19:20 | INFO | Timeout limit is increased to 200
2024-04-17 19:20 | INFO | Query 3 Size of the uncertainty table is = 38352/39325
2024-04-17 19:20 | INFO | Query 3 Size of the filtered table is = 393
2024-04-17 19:23 | INFO | Query 3 Active Learning Random Query Runtime on Validation Set: 479589.27
2024-04-17 19:23 | INFO | Query 3 Active Learning Random Query Runtime on Test Set: 364473.7
2024-04-17 19:23 | INFO | Query 3 Active Learning Random Query Instance Cost: 113113.97
2024-04-17 19:23 | INFO | Query 4 Size of the uncertainty table is = 37109/39325
2024-04-17 19:23 | INFO | Query 4 Size of the filtered table is = 393
2024-04-17 19:25 | INFO | Query 4 Active Learning Random Query Runtime on Validation Set: 548029.74
2024-04-17 19:25 | INFO | Query 4 Active Learning Random Query Runtime on Test Set: 220657.85
2024-04-17 19:25 | INFO | Query 4 Active Learning Random Query Instance Cost: 152345.45
2024-04-17 19:25 | INFO | Timeout limit is increased to 300
2024-04-17 19:25 | INFO | Query 5 Size of the uncertainty table is = 35513/39325
2024-04-17 19:25 | INFO | Query 5 Size of the filtered table is = 393
2024-04-17 19:28 | INFO | Query 5 Active Learning Random Query Runtime on Validation Set: 259595.28
2024-04-17 19:28 | INFO | Query 5 Active Learning Random Query Runtime on Test Set: 149737.94
2024-04-17 19:28 | INFO | Query 5 Active Learning Random Query Instance Cost: 214786.74
2024-04-17 19:28 | INFO | Query 6 Size of the uncertainty table is = 33658/39325
2024-04-17 19:28 | INFO | Query 6 Size of the filtered table is = 393
2024-04-17 19:31 | INFO | Query 6 Active Learning Random Query Runtime on Validation Set: 224829.21
2024-04-17 19:31 | INFO | Query 6 Active Learning Random Query Runtime on Test Set: 149178.41
2024-04-17 19:31 | INFO | Query 6 Active Learning Random Query Instance Cost: 268078.54
2024-04-17 19:31 | INFO | Query 7 Size of the uncertainty table is = 31705/39325
2024-04-17 19:31 | INFO | Query 7 Size of the filtered table is = 393
2024-04-17 19:33 | INFO | Query 7 Active Learning Random Query Runtime on Validation Set: 224602.5
2024-04-17 19:33 | INFO | Query 7 Active Learning Random Query Runtime on Test Set: 113468.92
2024-04-17 19:33 | INFO | Query 7 Active Learning Random Query Instance Cost: 315197.95
2024-04-17 19:33 | INFO | Query 8 Size of the uncertainty table is = 29647/39325
2024-04-17 19:33 | INFO | Query 8 Size of the filtered table is = 393
2024-04-17 19:36 | INFO | Query 8 Active Learning Random Query Runtime on Validation Set: 259206.61
2024-04-17 19:36 | INFO | Query 8 Active Learning Random Query Runtime on Test Set: 149582.59
2024-04-17 19:36 | INFO | Query 8 Active Learning Random Query Instance Cost: 364437.29
2024-04-17 19:36 | INFO | Timeout limit is increased to 400
2024-04-17 19:36 | INFO | Query 9 Size of the uncertainty table is = 27491/39325
2024-04-17 19:36 | INFO | Query 9 Size of the filtered table is = 393
2024-04-17 19:39 | INFO | Query 9 Active Learning Random Query Runtime on Validation Set: 367440.42
2024-04-17 19:39 | INFO | Query 9 Active Learning Random Query Runtime on Test Set: 77601.55
2024-04-17 19:39 | INFO | Query 9 Active Learning Random Query Instance Cost: 427065.58
2024-04-17 19:39 | INFO | Timeout limit is increased to 500
2024-04-17 19:39 | INFO | Query 10 Size of the uncertainty table is = 25131/39325
2024-04-17 19:39 | INFO | Query 10 Size of the filtered table is = 393
2024-04-17 19:42 | INFO | Query 10 Active Learning Random Query Runtime on Validation Set: 403515.12
2024-04-17 19:42 | INFO | Query 10 Active Learning Random Query Runtime on Test Set: 113938.71
2024-04-17 19:42 | INFO | Query 10 Active Learning Random Query Instance Cost: 513219.15
2024-04-17 19:42 | INFO | Timeout limit is increased to 600
2024-04-17 19:42 | INFO | Query 11 Size of the uncertainty table is = 22809/39325
2024-04-17 19:42 | INFO | Query 11 Size of the filtered table is = 393
2024-04-17 19:45 | INFO | Query 11 Active Learning Random Query Runtime on Validation Set: 367465.49
2024-04-17 19:45 | INFO | Query 11 Active Learning Random Query Runtime on Test Set: 42179.08
2024-04-17 19:45 | INFO | Query 11 Active Learning Random Query Instance Cost: 597868.74
2024-04-17 19:45 | INFO | Query 12 Size of the uncertainty table is = 20290/39325
2024-04-17 19:45 | INFO | Query 12 Size of the filtered table is = 393
2024-04-17 19:48 | INFO | Query 12 Active Learning Random Query Runtime on Validation Set: 401586.57
2024-04-17 19:48 | INFO | Query 12 Active Learning Random Query Runtime on Test Set: 113575.37
2024-04-17 19:48 | INFO | Query 12 Active Learning Random Query Instance Cost: 683423.58
2024-04-17 19:48 | INFO | Timeout limit is increased to 700
2024-04-17 19:48 | INFO | Query 13 Size of the uncertainty table is = 17765/39325
2024-04-17 19:48 | INFO | Query 13 Size of the filtered table is = 393
2024-04-17 19:50 | INFO | Query 13 Active Learning Random Query Runtime on Validation Set: 438521.23
2024-04-17 19:50 | INFO | Query 13 Active Learning Random Query Runtime on Test Set: 113042.4
2024-04-17 19:50 | INFO | Query 13 Active Learning Random Query Instance Cost: 788189.67
2024-04-17 19:50 | INFO | Timeout limit is increased to 800
2024-04-17 19:51 | INFO | Query 14 Size of the uncertainty table is = 15316/39325
2024-04-17 19:51 | INFO | Query 14 Size of the filtered table is = 393
2024-04-17 19:53 | INFO | Query 14 Active Learning Random Query Runtime on Validation Set: 365680.38
2024-04-17 19:53 | INFO | Query 14 Active Learning Random Query Runtime on Test Set: 77400.97
2024-04-17 19:53 | INFO | Query 14 Active Learning Random Query Instance Cost: 912967.58
2024-04-17 19:53 | INFO | Query 15 Size of the uncertainty table is = 12981/39325
2024-04-17 19:53 | INFO | Query 15 Size of the filtered table is = 393
2024-04-17 19:56 | INFO | Query 15 Active Learning Random Query Runtime on Validation Set: 403119.46
2024-04-17 19:56 | INFO | Query 15 Active Learning Random Query Runtime on Test Set: 41843.47
2024-04-17 19:56 | INFO | Query 15 Active Learning Random Query Instance Cost: 1018508.76
2024-04-17 19:56 | INFO | Timeout limit is increased to 900
2024-04-17 19:56 | INFO | Query 16 Size of the uncertainty table is = 10808/39325
2024-04-17 19:56 | INFO | Query 16 Size of the filtered table is = 393
2024-04-17 19:59 | INFO | Query 16 Active Learning Random Query Runtime on Validation Set: 477494.97
2024-04-17 19:59 | INFO | Query 16 Active Learning Random Query Runtime on Test Set: 41880.51
2024-04-17 19:59 | INFO | Query 16 Active Learning Random Query Instance Cost: 1149843.17
2024-04-17 19:59 | INFO | Timeout limit is increased to 1000
2024-04-17 19:59 | INFO | Query 17 Size of the uncertainty table is = 8929/39325
2024-04-17 19:59 | INFO | Query 17 Size of the filtered table is = 393
2024-04-17 20:02 | INFO | Query 17 Active Learning Random Query Runtime on Validation Set: 438678.34
2024-04-17 20:02 | INFO | Query 17 Active Learning Random Query Runtime on Test Set: 41840.48
2024-04-17 20:02 | INFO | Query 17 Active Learning Random Query Instance Cost: 1296908.9
2024-04-17 20:02 | INFO | Query 18 Size of the uncertainty table is = 7373/39325
2024-04-17 20:02 | INFO | Query 18 Size of the filtered table is = 393
2024-04-17 20:05 | INFO | Query 18 Active Learning Random Query Runtime on Validation Set: 296093.67
2024-04-17 20:05 | INFO | Query 18 Active Learning Random Query Runtime on Test Set: 77738.54
2024-04-17 20:05 | INFO | Query 18 Active Learning Random Query Instance Cost: 1446958.92
2024-04-17 20:05 | INFO | Query 19 Size of the uncertainty table is = 6074/39325
2024-04-17 20:05 | INFO | Query 19 Size of the filtered table is = 393
2024-04-17 20:08 | INFO | Query 19 Active Learning Random Query Runtime on Validation Set: 331083.5
2024-04-17 20:08 | INFO | Query 19 Active Learning Random Query Runtime on Test Set: 6350.95
2024-04-17 20:08 | INFO | Query 19 Active Learning Random Query Instance Cost: 1535945.46
2024-04-17 20:08 | INFO | Timeout limit is increased to 1100
2024-04-17 20:08 | INFO | Query 20 Size of the uncertainty table is = 5117/39325
2024-04-17 20:08 | INFO | Query 20 Size of the filtered table is = 393
2024-04-17 20:11 | INFO | Query 20 Active Learning Random Query Runtime on Validation Set: 260111.49
2024-04-17 20:11 | INFO | Query 20 Active Learning Random Query Runtime on Test Set: 77779.93
2024-04-17 20:11 | INFO | Query 20 Active Learning Random Query Instance Cost: 1662318.8
2024-04-17 20:11 | INFO | Query 21 Size of the uncertainty table is = 4720/39325
2024-04-17 20:11 | INFO | Query 21 Size of the filtered table is = 393
2024-04-17 20:14 | INFO | Query 21 Active Learning Random Query Runtime on Validation Set: 366748.15
2024-04-17 20:14 | INFO | Query 21 Active Learning Random Query Runtime on Test Set: 6186.84
2024-04-17 20:14 | INFO | Query 21 Active Learning Random Query Instance Cost: 1737647.72
2024-04-17 20:14 | INFO | Timeout limit is increased to 1200
2024-04-17 20:14 | INFO | Query 22 Size of the uncertainty table is = 4422/39325
2024-04-17 20:14 | INFO | Query 22 Size of the filtered table is = 393
2024-04-17 20:17 | INFO | Query 22 Active Learning Random Query Runtime on Validation Set: 294958.29
2024-04-17 20:17 | INFO | Query 22 Active Learning Random Query Runtime on Test Set: 77936.75
2024-04-17 20:17 | INFO | Query 22 Active Learning Random Query Instance Cost: 1839078.98
2024-04-17 20:17 | INFO | Query 23 Size of the uncertainty table is = 4274/39325
2024-04-17 20:17 | INFO | Query 23 Size of the filtered table is = 393
2024-04-17 20:20 | INFO | Query 23 Active Learning Random Query Runtime on Validation Set: 295072.47
2024-04-17 20:20 | INFO | Query 23 Active Learning Random Query Runtime on Test Set: 184913.23
2024-04-17 20:20 | INFO | Query 23 Active Learning Random Query Instance Cost: 1900386.74
2024-04-17 20:20 | INFO | Timeout limit is increased to 1300
2024-04-17 20:20 | INFO | Query 24 Size of the uncertainty table is = 4231/39325
2024-04-17 20:20 | INFO | Query 24 Size of the filtered table is = 393
2024-04-17 20:23 | INFO | Query 24 Active Learning Random Query Runtime on Validation Set: 295647.48
2024-04-17 20:23 | INFO | Query 24 Active Learning Random Query Runtime on Test Set: 113459.36
2024-04-17 20:23 | INFO | Query 24 Active Learning Random Query Instance Cost: 1998019.48
2024-04-17 20:23 | INFO | Timeout limit is increased to 1400
2024-04-17 20:23 | INFO | Query 25 Size of the uncertainty table is = 4213/39325
2024-04-17 20:23 | INFO | Query 25 Size of the filtered table is = 393
2024-04-17 20:26 | INFO | Query 25 Active Learning Random Query Runtime on Validation Set: 295644.26
2024-04-17 20:26 | INFO | Query 25 Active Learning Random Query Runtime on Test Set: 77719.64
2024-04-17 20:26 | INFO | Query 25 Active Learning Random Query Instance Cost: 2106961.94
2024-04-17 20:26 | INFO | Query 26 Size of the uncertainty table is = 4207/39325
2024-04-17 20:26 | INFO | Query 26 Size of the filtered table is = 393
2024-04-17 20:29 | INFO | Query 26 Active Learning Random Query Runtime on Validation Set: 331035.99
2024-04-17 20:29 | INFO | Query 26 Active Learning Random Query Runtime on Test Set: 42188.42
2024-04-17 20:29 | INFO | Query 26 Active Learning Random Query Instance Cost: 2176692.2
2024-04-17 20:29 | INFO | Timeout limit is increased to 1500
2024-04-17 20:29 | INFO | Query 27 Size of the uncertainty table is = 4194/39325
2024-04-17 20:29 | INFO | Query 27 Size of the filtered table is = 393
2024-04-17 20:32 | INFO | Query 27 Active Learning Random Query Runtime on Validation Set: 331035.99
2024-04-17 20:32 | INFO | Query 27 Active Learning Random Query Runtime on Test Set: 42188.42
2024-04-17 20:32 | INFO | Query 27 Active Learning Random Query Instance Cost: 2275213.38
2024-04-17 20:32 | INFO | Timeout limit is increased to 1600
2024-04-17 20:32 | INFO | Query 28 Size of the uncertainty table is = 4193/39325
2024-04-17 20:32 | INFO | Query 28 Size of the filtered table is = 393
2024-04-17 20:35 | INFO | Query 28 Active Learning Random Query Runtime on Validation Set: 259660.15
2024-04-17 20:35 | INFO | Query 28 Active Learning Random Query Runtime on Test Set: 42188.57
2024-04-17 20:35 | INFO | Query 28 Active Learning Random Query Instance Cost: 2384566.8
2024-04-17 20:35 | INFO | Query 29 Size of the uncertainty table is = 4185/39325
2024-04-17 20:35 | INFO | Query 29 Size of the filtered table is = 393
2024-04-17 20:38 | INFO | Query 29 Active Learning Random Query Runtime on Validation Set: 259660.15
2024-04-17 20:38 | INFO | Query 29 Active Learning Random Query Runtime on Test Set: 42188.57
2024-04-17 20:38 | INFO | Query 29 Active Learning Random Query Instance Cost: 2441853.49
2024-04-17 20:38 | INFO | Timeout limit is increased to 1700
2024-04-17 20:38 | INFO | Query 30 Size of the uncertainty table is = 4177/39325
2024-04-17 20:38 | INFO | Query 30 Size of the filtered table is = 393
2024-04-17 20:41 | INFO | Query 30 Active Learning Random Query Runtime on Validation Set: 259660.15
2024-04-17 20:41 | INFO | Query 30 Active Learning Random Query Runtime on Test Set: 42188.57
2024-04-17 20:41 | INFO | Query 30 Active Learning Random Query Instance Cost: 2551951.77
2024-04-17 20:41 | INFO | Timeout limit is increased to 1800
2024-04-17 20:41 | INFO | Query 31 Size of the uncertainty table is = 4175/39325
2024-04-17 20:41 | INFO | Query 31 Size of the filtered table is = 393
2024-04-17 20:44 | INFO | Query 31 Active Learning Random Query Runtime on Validation Set: 259660.15
2024-04-17 20:44 | INFO | Query 31 Active Learning Random Query Runtime on Test Set: 42188.57
2024-04-17 20:44 | INFO | Query 31 Active Learning Random Query Instance Cost: 2665614.5
2024-04-17 20:44 | INFO | Timeout limit is increased to 1900
2024-04-17 20:44 | INFO | Query 32 Size of the uncertainty table is = 4174/39325
2024-04-17 20:44 | INFO | Query 32 Size of the filtered table is = 393
2024-04-17 20:47 | INFO | Query 32 Active Learning Random Query Runtime on Validation Set: 259518.16
2024-04-17 20:47 | INFO | Query 32 Active Learning Random Query Runtime on Test Set: 42274.37
2024-04-17 20:47 | INFO | Query 32 Active Learning Random Query Instance Cost: 2786732.56
2024-04-17 20:47 | INFO | Query 33 Size of the uncertainty table is = 4169/39325
2024-04-17 20:47 | INFO | Query 33 Size of the filtered table is = 393
2024-04-17 20:50 | INFO | Query 33 Active Learning Random Query Runtime on Validation Set: 259518.16
2024-04-17 20:50 | INFO | Query 33 Active Learning Random Query Runtime on Test Set: 42274.37
2024-04-17 20:50 | INFO | Query 33 Active Learning Random Query Instance Cost: 2859253.74
2024-04-17 20:50 | INFO | Timeout limit is increased to 2000
2024-04-17 20:50 | INFO | Query 34 Size of the uncertainty table is = 4167/39325
2024-04-17 20:50 | INFO | Query 34 Size of the filtered table is = 393
2024-04-17 20:53 | INFO | Query 34 Active Learning Random Query Runtime on Validation Set: 259518.16
2024-04-17 20:53 | INFO | Query 34 Active Learning Random Query Runtime on Test Set: 42274.37
2024-04-17 20:53 | INFO | Query 34 Active Learning Random Query Instance Cost: 2959353.74
2024-04-17 20:53 | INFO | Timeout limit is increased to 2100
2024-04-17 20:53 | INFO | Query 35 Size of the uncertainty table is = 4167/39325
2024-04-17 20:53 | INFO | Query 35 Size of the filtered table is = 393
2024-04-17 20:56 | INFO | Query 35 Active Learning Random Query Runtime on Validation Set: 259518.16
2024-04-17 20:56 | INFO | Query 35 Active Learning Random Query Runtime on Test Set: 42274.37
2024-04-17 20:56 | INFO | Query 35 Active Learning Random Query Instance Cost: 3071512.58
2024-04-17 20:56 | INFO | Timeout limit is increased to 2200
2024-04-17 20:56 | INFO | Query 36 Size of the uncertainty table is = 4165/39325
2024-04-17 20:56 | INFO | Query 36 Size of the filtered table is = 393
2024-04-17 20:59 | INFO | Query 36 Active Learning Random Query Runtime on Validation Set: 259518.16
2024-04-17 20:59 | INFO | Query 36 Active Learning Random Query Runtime on Test Set: 42274.37
2024-04-17 20:59 | INFO | Query 36 Active Learning Random Query Instance Cost: 3189131.27
2024-04-17 20:59 | INFO | Timeout limit is increased to 2300
2024-04-17 20:59 | INFO | Query 37 Size of the uncertainty table is = 4164/39325
2024-04-17 20:59 | INFO | Query 37 Size of the filtered table is = 393
2024-04-17 21:02 | INFO | Query 37 Active Learning Random Query Runtime on Validation Set: 259518.16
2024-04-17 21:02 | INFO | Query 37 Active Learning Random Query Runtime on Test Set: 42274.37
2024-04-17 21:02 | INFO | Query 37 Active Learning Random Query Instance Cost: 3315731.27
2024-04-17 21:02 | INFO | Timeout limit is increased to 2400
2024-04-17 21:02 | INFO | Query 38 Size of the uncertainty table is = 4164/39325
2024-04-17 21:02 | INFO | Query 38 Size of the filtered table is = 393
2024-04-17 21:05 | INFO | Query 38 Active Learning Random Query Runtime on Validation Set: 259518.16
2024-04-17 21:05 | INFO | Query 38 Active Learning Random Query Runtime on Test Set: 42274.37
2024-04-17 21:05 | INFO | Query 38 Active Learning Random Query Instance Cost: 3460578.46
2024-04-17 21:05 | INFO | Timeout limit is increased to 2500
2024-04-17 21:05 | INFO | Query 39 Size of the uncertainty table is = 4163/39325
2024-04-17 21:05 | INFO | Query 39 Size of the filtered table is = 393
2024-04-17 21:08 | INFO | Query 39 Active Learning Random Query Runtime on Validation Set: 259518.16
2024-04-17 21:08 | INFO | Query 39 Active Learning Random Query Runtime on Test Set: 42274.37
2024-04-17 21:08 | INFO | Query 39 Active Learning Random Query Instance Cost: 3592716.2
2024-04-17 21:08 | INFO | Timeout limit is increased to 2600
2024-04-17 21:08 | INFO | Query 40 Size of the uncertainty table is = 4162/39325
2024-04-17 21:08 | INFO | Query 40 Size of the filtered table is = 393
2024-04-17 21:11 | INFO | Query 40 Active Learning Random Query Runtime on Validation Set: 259518.16
2024-04-17 21:11 | INFO | Query 40 Active Learning Random Query Runtime on Test Set: 42274.37
2024-04-17 21:11 | INFO | Query 40 Active Learning Random Query Instance Cost: 3722216.2
2024-04-17 21:11 | INFO | Timeout limit is increased to 2700
2024-04-17 21:11 | INFO | Query 41 Size of the uncertainty table is = 4162/39325
2024-04-17 21:11 | INFO | Query 41 Size of the filtered table is = 393
2024-04-17 21:14 | INFO | Query 41 Active Learning Random Query Runtime on Validation Set: 259518.16
2024-04-17 21:14 | INFO | Query 41 Active Learning Random Query Runtime on Test Set: 42274.37
2024-04-17 21:14 | INFO | Query 41 Active Learning Random Query Instance Cost: 3859416.2
2024-04-17 21:14 | INFO | Timeout limit is increased to 2800
2024-04-17 21:14 | INFO | Query 42 Size of the uncertainty table is = 4162/39325
2024-04-17 21:14 | INFO | Query 42 Size of the filtered table is = 393
2024-04-17 21:17 | INFO | Query 42 Active Learning Random Query Runtime on Validation Set: 259518.16
2024-04-17 21:17 | INFO | Query 42 Active Learning Random Query Runtime on Test Set: 42274.37
2024-04-17 21:17 | INFO | Query 42 Active Learning Random Query Instance Cost: 3994016.2
2024-04-17 21:17 | INFO | Timeout limit is increased to 2900
2024-04-17 21:17 | INFO | Query 43 Size of the uncertainty table is = 4162/39325
2024-04-17 21:17 | INFO | Query 43 Size of the filtered table is = 393
2024-04-17 21:20 | INFO | Query 43 Active Learning Random Query Runtime on Validation Set: 259518.16
2024-04-17 21:20 | INFO | Query 43 Active Learning Random Query Runtime on Test Set: 42274.37
2024-04-17 21:20 | INFO | Query 43 Active Learning Random Query Instance Cost: 4134816.2
2024-04-17 21:20 | INFO | Timeout limit is increased to 3000
2024-04-17 21:20 | INFO | Query 44 Size of the uncertainty table is = 4162/39325
2024-04-17 21:20 | INFO | Query 44 Size of the filtered table is = 393
2024-04-17 21:23 | INFO | Query 44 Active Learning Random Query Runtime on Validation Set: 259518.16
2024-04-17 21:23 | INFO | Query 44 Active Learning Random Query Runtime on Test Set: 42274.37
2024-04-17 21:23 | INFO | Query 44 Active Learning Random Query Instance Cost: 4268816.2
2024-04-17 21:23 | INFO | Timeout limit is increased to 3100
2024-04-17 21:23 | INFO | Query 45 Size of the uncertainty table is = 4162/39325
2024-04-17 21:23 | INFO | Query 45 Size of the filtered table is = 393
2024-04-17 21:25 | INFO | Query 45 Active Learning Random Query Runtime on Validation Set: 259518.16
2024-04-17 21:25 | INFO | Query 45 Active Learning Random Query Runtime on Test Set: 42274.37
2024-04-17 21:25 | INFO | Query 45 Active Learning Random Query Instance Cost: 4406316.2
2024-04-17 21:25 | INFO | Timeout limit is increased to 3200
2024-04-17 21:25 | INFO | Query 46 Size of the uncertainty table is = 4162/39325
2024-04-17 21:25 | INFO | Query 46 Size of the filtered table is = 393
2024-04-17 21:28 | INFO | Query 46 Active Learning Random Query Runtime on Validation Set: 259518.16
2024-04-17 21:28 | INFO | Query 46 Active Learning Random Query Runtime on Test Set: 42274.37
2024-04-17 21:28 | INFO | Query 46 Active Learning Random Query Instance Cost: 4538616.2
2024-04-17 21:28 | INFO | Timeout limit is increased to 3300
2024-04-17 21:28 | INFO | Query 47 Size of the uncertainty table is = 4162/39325
2024-04-17 21:28 | INFO | Query 47 Size of the filtered table is = 393
2024-04-17 21:31 | INFO | Query 47 Active Learning Random Query Runtime on Validation Set: 259518.16
2024-04-17 21:31 | INFO | Query 47 Active Learning Random Query Runtime on Test Set: 42274.37
2024-04-17 21:31 | INFO | Query 47 Active Learning Random Query Instance Cost: 4676916.2
2024-04-17 21:31 | INFO | Timeout limit is increased to 3400
2024-04-17 21:31 | INFO | Query 48 Size of the uncertainty table is = 4162/39325
2024-04-17 21:31 | INFO | Query 48 Size of the filtered table is = 393
2024-04-17 21:34 | INFO | Query 48 Active Learning Random Query Runtime on Validation Set: 259518.16
2024-04-17 21:34 | INFO | Query 48 Active Learning Random Query Runtime on Test Set: 42274.37
2024-04-17 21:34 | INFO | Query 48 Active Learning Random Query Instance Cost: 4818716.2
2024-04-17 21:34 | INFO | Timeout limit is increased to 3500
2024-04-17 21:34 | INFO | Query 49 Size of the uncertainty table is = 4162/39325
2024-04-17 21:34 | INFO | Query 49 Size of the filtered table is = 393
2024-04-17 21:37 | INFO | Query 49 Active Learning Random Query Runtime on Validation Set: 259518.16
2024-04-17 21:37 | INFO | Query 49 Active Learning Random Query Runtime on Test Set: 42274.37
2024-04-17 21:37 | INFO | Query 49 Active Learning Random Query Instance Cost: 4952416.2
2024-04-17 21:37 | INFO | Timeout limit is increased to 3600
2024-04-17 21:37 | INFO | Query 50 Size of the uncertainty table is = 4162/39325
2024-04-17 21:37 | INFO | Query 50 Size of the filtered table is = 393
2024-04-17 21:40 | INFO | Query 50 Active Learning Random Query Runtime on Validation Set: 259518.16
2024-04-17 21:40 | INFO | Query 50 Active Learning Random Query Runtime on Test Set: 42274.37
2024-04-17 21:40 | INFO | Query 50 Active Learning Random Query Instance Cost: 5089216.2
2024-04-17 21:40 | INFO | Timeout limit is increased to 3600
2024-04-17 21:40 | INFO | runtime_train_score is written as json file
2024-04-17 21:40 | INFO | runtime_test_score is written as json file
2024-04-17 21:40 | INFO | runtime_validation_score is written as json file
2024-04-17 21:40 | INFO | instance_cost is written as json file
2024-04-17 21:40 | INFO | Experiment is finished
