2024-04-17 18:44 | INFO | Paramaters are: {'dataset': 'MAXSAT19-UCMS', 'penalty': 10, 'weight': 'No_Weight', 'voting': 'Hard', 'pre_selection_size': 64, 'pre_selection_technique': 'No_pre_selection', 'feature_elimination_threshold': 20, 'imputer_strategy': 'median', 'feature_selection_technique': 'No_feature_selection', 'feature_scaling_technique': 'StandardScaler', 'initial_train_size': 20, 'query_size': 1, 'timeout_predictor_usage': 'Yes', 'timeout_limit': 3600, 'timeout_increase_rate': 100, 'RANDOM_STATE_SEED': 12345, 'n_splits': 10, 'split_number': 8, 'max_timeout': 3600, 'param_grid': {'n_estimators': 100, 'criterion': 'gini', 'max_features': 'sqrt', 'max_depth': 2147483648, 'min_samples_split': 2, 'bootstrap': True}}
2024-04-17 18:44 | INFO | MAXSAT19-UCMS is current dataset
2024-04-17 18:44 | INFO | DATASETS/MAXSAT19-UCMS/algorithm_runs.arff is found
2024-04-17 18:44 | INFO | DATASETS/MAXSAT19-UCMS/algorithm_runs.arff is finished
2024-04-17 18:44 | INFO | DATASETS/MAXSAT19-UCMS/feature_values.arff is found
2024-04-17 18:44 | INFO | DATASETS/MAXSAT19-UCMS/feature_values.arff is finished
2024-04-17 18:44 | INFO | DATASETS/MAXSAT19-UCMS/feature_costs.arff is found
2024-04-17 18:44 | INFO | DATASETS/MAXSAT19-UCMS/feature_costs.arff is finished
2024-04-17 18:44 | INFO | Feature cost of train set is 32923.31
2024-04-17 18:45 | INFO | Initial Active Learning Random Query Runtime on Validation Set: 225765.98
2024-04-17 18:45 | INFO | Initial Active Learning Random Query Runtime on Test Set: 41853.53
2024-04-17 18:45 | INFO | Initial Active Learning Random Query Instance Cost: 153332.45
2024-04-17 18:45 | INFO | Bin size = 50
2024-04-17 18:45 | INFO | Query 1 Size of the uncertainty table is = 5040/5040
2024-04-17 18:45 | INFO | Query 1 Size of the filtered table is = 50
2024-04-17 18:45 | INFO | Query 1 Active Learning Random Query Runtime on Validation Set: 159847.59
2024-04-17 18:45 | INFO | Query 1 Active Learning Random Query Runtime on Test Set: 118064.55
2024-04-17 18:45 | INFO | Query 1 Active Learning Random Query Instance Cost: 219256.87
2024-04-17 18:45 | INFO | Query 2 Size of the uncertainty table is = 4986/5040
2024-04-17 18:45 | INFO | Query 2 Size of the filtered table is = 50
2024-04-17 18:46 | INFO | Query 2 Active Learning Random Query Runtime on Validation Set: 204186.91
2024-04-17 18:46 | INFO | Query 2 Active Learning Random Query Runtime on Test Set: 53863.36
2024-04-17 18:46 | INFO | Query 2 Active Learning Random Query Instance Cost: 340028.77
2024-04-17 18:46 | INFO | Timeout limit is increased to 3600
2024-04-17 18:46 | INFO | Query 3 Size of the uncertainty table is = 4905/5040
2024-04-17 18:46 | INFO | Query 3 Size of the filtered table is = 50
2024-04-17 18:46 | INFO | Query 3 Active Learning Random Query Runtime on Validation Set: 171421.82
2024-04-17 18:46 | INFO | Query 3 Active Learning Random Query Runtime on Test Set: 55744.86
2024-04-17 18:46 | INFO | Query 3 Active Learning Random Query Instance Cost: 423130.53
2024-04-17 18:46 | INFO | Query 4 Size of the uncertainty table is = 4789/5040
2024-04-17 18:46 | INFO | Query 4 Size of the filtered table is = 50
2024-04-17 18:46 | INFO | Query 4 Active Learning Random Query Runtime on Validation Set: 210856.51
2024-04-17 18:46 | INFO | Query 4 Active Learning Random Query Runtime on Test Set: 93819.01
2024-04-17 18:46 | INFO | Query 4 Active Learning Random Query Instance Cost: 503210.73
2024-04-17 18:46 | INFO | Timeout limit is increased to 3600
2024-04-17 18:46 | INFO | Query 5 Size of the uncertainty table is = 4673/5040
2024-04-17 18:46 | INFO | Query 5 Size of the filtered table is = 50
2024-04-17 18:47 | INFO | Query 5 Active Learning Random Query Runtime on Validation Set: 213224.69
2024-04-17 18:47 | INFO | Query 5 Active Learning Random Query Runtime on Test Set: 97574.5
2024-04-17 18:47 | INFO | Query 5 Active Learning Random Query Instance Cost: 570164.71
2024-04-17 18:47 | INFO | Timeout limit is increased to 3600
2024-04-17 18:47 | INFO | Query 6 Size of the uncertainty table is = 4552/5040
2024-04-17 18:47 | INFO | Query 6 Size of the filtered table is = 50
2024-04-17 18:47 | INFO | Query 6 Active Learning Random Query Runtime on Validation Set: 250862.13
2024-04-17 18:47 | INFO | Query 6 Active Learning Random Query Runtime on Test Set: 98290.1
2024-04-17 18:47 | INFO | Query 6 Active Learning Random Query Instance Cost: 657467.88
2024-04-17 18:47 | INFO | Timeout limit is increased to 3600
2024-04-17 18:47 | INFO | Query 7 Size of the uncertainty table is = 4394/5040
2024-04-17 18:47 | INFO | Query 7 Size of the filtered table is = 50
2024-04-17 18:48 | INFO | Query 7 Active Learning Random Query Runtime on Validation Set: 252766.85
2024-04-17 18:48 | INFO | Query 7 Active Learning Random Query Runtime on Test Set: 100658.46
2024-04-17 18:48 | INFO | Query 7 Active Learning Random Query Instance Cost: 697008.37
2024-04-17 18:48 | INFO | Timeout limit is increased to 3600
2024-04-17 18:48 | INFO | Query 8 Size of the uncertainty table is = 4207/5040
2024-04-17 18:48 | INFO | Query 8 Size of the filtered table is = 50
2024-04-17 18:48 | INFO | Query 8 Active Learning Random Query Runtime on Validation Set: 288036.58
2024-04-17 18:48 | INFO | Query 8 Active Learning Random Query Runtime on Test Set: 66062.48
2024-04-17 18:48 | INFO | Query 8 Active Learning Random Query Instance Cost: 758037.63
2024-04-17 18:48 | INFO | Timeout limit is increased to 3600
2024-04-17 18:48 | INFO | Query 9 Size of the uncertainty table is = 4027/5040
2024-04-17 18:48 | INFO | Query 9 Size of the filtered table is = 50
2024-04-17 18:48 | INFO | Query 9 Active Learning Random Query Runtime on Validation Set: 289048.93
2024-04-17 18:48 | INFO | Query 9 Active Learning Random Query Runtime on Test Set: 67028.65
2024-04-17 18:48 | INFO | Query 9 Active Learning Random Query Instance Cost: 818925.17
2024-04-17 18:48 | INFO | Timeout limit is increased to 3600
2024-04-17 18:48 | INFO | Query 10 Size of the uncertainty table is = 3847/5040
2024-04-17 18:48 | INFO | Query 10 Size of the filtered table is = 50
2024-04-17 18:49 | INFO | Query 10 Active Learning Random Query Runtime on Validation Set: 287923.98
2024-04-17 18:49 | INFO | Query 10 Active Learning Random Query Runtime on Test Set: 67407.12
2024-04-17 18:49 | INFO | Query 10 Active Learning Random Query Instance Cost: 877978.39
2024-04-17 18:49 | INFO | Query 11 Size of the uncertainty table is = 3694/5040
2024-04-17 18:49 | INFO | Query 11 Size of the filtered table is = 50
2024-04-17 18:49 | INFO | Query 11 Active Learning Random Query Runtime on Validation Set: 291172.4
2024-04-17 18:49 | INFO | Query 11 Active Learning Random Query Runtime on Test Set: 139991.31
2024-04-17 18:49 | INFO | Query 11 Active Learning Random Query Instance Cost: 943857.76
2024-04-17 18:49 | INFO | Timeout limit is increased to 3600
2024-04-17 18:49 | INFO | Query 12 Size of the uncertainty table is = 3502/5040
2024-04-17 18:49 | INFO | Query 12 Size of the filtered table is = 50
2024-04-17 18:50 | INFO | Query 12 Active Learning Random Query Runtime on Validation Set: 259368.35
2024-04-17 18:50 | INFO | Query 12 Active Learning Random Query Runtime on Test Set: 141655.73
2024-04-17 18:50 | INFO | Query 12 Active Learning Random Query Instance Cost: 997444.44
2024-04-17 18:50 | INFO | Query 13 Size of the uncertainty table is = 3279/5040
2024-04-17 18:50 | INFO | Query 13 Size of the filtered table is = 50
2024-04-17 18:50 | INFO | Query 13 Active Learning Random Query Runtime on Validation Set: 328600.97
2024-04-17 18:50 | INFO | Query 13 Active Learning Random Query Runtime on Test Set: 141823.4
2024-04-17 18:50 | INFO | Query 13 Active Learning Random Query Instance Cost: 1035818.86
2024-04-17 18:50 | INFO | Timeout limit is increased to 3600
2024-04-17 18:50 | INFO | Query 14 Size of the uncertainty table is = 3088/5040
2024-04-17 18:50 | INFO | Query 14 Size of the filtered table is = 50
2024-04-17 18:51 | INFO | Query 14 Active Learning Random Query Runtime on Validation Set: 330443.9
2024-04-17 18:51 | INFO | Query 14 Active Learning Random Query Runtime on Test Set: 72213.63
2024-04-17 18:51 | INFO | Query 14 Active Learning Random Query Instance Cost: 1081222.37
2024-04-17 18:51 | INFO | Timeout limit is increased to 3600
2024-04-17 18:51 | INFO | Query 15 Size of the uncertainty table is = 2874/5040
2024-04-17 18:51 | INFO | Query 15 Size of the filtered table is = 50
2024-04-17 18:51 | INFO | Query 15 Active Learning Random Query Runtime on Validation Set: 363084.15
2024-04-17 18:51 | INFO | Query 15 Active Learning Random Query Runtime on Test Set: 107019.12
2024-04-17 18:51 | INFO | Query 15 Active Learning Random Query Instance Cost: 1138685.59
2024-04-17 18:51 | INFO | Timeout limit is increased to 3600
2024-04-17 18:51 | INFO | Query 16 Size of the uncertainty table is = 2655/5040
2024-04-17 18:51 | INFO | Query 16 Size of the filtered table is = 50
2024-04-17 18:51 | INFO | Query 16 Active Learning Random Query Runtime on Validation Set: 330507.76
2024-04-17 18:51 | INFO | Query 16 Active Learning Random Query Runtime on Test Set: 72293.69
2024-04-17 18:51 | INFO | Query 16 Active Learning Random Query Instance Cost: 1176608.41
2024-04-17 18:51 | INFO | Query 17 Size of the uncertainty table is = 2437/5040
2024-04-17 18:51 | INFO | Query 17 Size of the filtered table is = 50
2024-04-17 18:52 | INFO | Query 17 Active Learning Random Query Runtime on Validation Set: 330507.25
2024-04-17 18:52 | INFO | Query 17 Active Learning Random Query Runtime on Test Set: 72644.48
2024-04-17 18:52 | INFO | Query 17 Active Learning Random Query Instance Cost: 1213937.8
2024-04-17 18:52 | INFO | Query 18 Size of the uncertainty table is = 2208/5040
2024-04-17 18:52 | INFO | Query 18 Size of the filtered table is = 50
2024-04-17 18:52 | INFO | Query 18 Active Learning Random Query Runtime on Validation Set: 331221.17
2024-04-17 18:52 | INFO | Query 18 Active Learning Random Query Runtime on Test Set: 71486.2
2024-04-17 18:52 | INFO | Query 18 Active Learning Random Query Instance Cost: 1290484.78
2024-04-17 18:52 | INFO | Timeout limit is increased to 3600
2024-04-17 18:52 | INFO | Query 19 Size of the uncertainty table is = 1958/5040
2024-04-17 18:52 | INFO | Query 19 Size of the filtered table is = 50
2024-04-17 18:53 | INFO | Query 19 Active Learning Random Query Runtime on Validation Set: 367222.81
2024-04-17 18:53 | INFO | Query 19 Active Learning Random Query Runtime on Test Set: 71052.51
2024-04-17 18:53 | INFO | Query 19 Active Learning Random Query Instance Cost: 1327502.46
2024-04-17 18:53 | INFO | Timeout limit is increased to 3600
2024-04-17 18:53 | INFO | Query 20 Size of the uncertainty table is = 1721/5040
2024-04-17 18:53 | INFO | Query 20 Size of the filtered table is = 50
2024-04-17 18:53 | INFO | Query 20 Active Learning Random Query Runtime on Validation Set: 366950.35
2024-04-17 18:53 | INFO | Query 20 Active Learning Random Query Runtime on Test Set: 71077.27
2024-04-17 18:53 | INFO | Query 20 Active Learning Random Query Instance Cost: 1365299.55
2024-04-17 18:53 | INFO | Query 21 Size of the uncertainty table is = 1470/5040
2024-04-17 18:53 | INFO | Query 21 Size of the filtered table is = 50
2024-04-17 18:53 | INFO | Query 21 Active Learning Random Query Runtime on Validation Set: 330966.01
2024-04-17 18:53 | INFO | Query 21 Active Learning Random Query Runtime on Test Set: 71073.28
2024-04-17 18:53 | INFO | Query 21 Active Learning Random Query Instance Cost: 1421007.16
2024-04-17 18:53 | INFO | Query 22 Size of the uncertainty table is = 1195/5040
2024-04-17 18:53 | INFO | Query 22 Size of the filtered table is = 50
2024-04-17 18:54 | INFO | Query 22 Active Learning Random Query Runtime on Validation Set: 330200.24
2024-04-17 18:54 | INFO | Query 22 Active Learning Random Query Runtime on Test Set: 71099.53
2024-04-17 18:54 | INFO | Query 22 Active Learning Random Query Instance Cost: 1475093.45
2024-04-17 18:54 | INFO | Query 23 Size of the uncertainty table is = 939/5040
2024-04-17 18:54 | INFO | Query 23 Size of the filtered table is = 50
2024-04-17 18:54 | INFO | Query 23 Active Learning Random Query Runtime on Validation Set: 294252.33
2024-04-17 18:54 | INFO | Query 23 Active Learning Random Query Runtime on Test Set: 71741.22
2024-04-17 18:54 | INFO | Query 23 Active Learning Random Query Instance Cost: 1510282.62
2024-04-17 18:54 | INFO | Query 24 Size of the uncertainty table is = 691/5040
2024-04-17 18:54 | INFO | Query 24 Size of the filtered table is = 50
2024-04-17 18:55 | INFO | Query 24 Active Learning Random Query Runtime on Validation Set: 330204.82
2024-04-17 18:55 | INFO | Query 24 Active Learning Random Query Runtime on Test Set: 71606.55
2024-04-17 18:55 | INFO | Query 24 Active Learning Random Query Instance Cost: 1544645.68
2024-04-17 18:55 | INFO | Timeout limit is increased to 3600
2024-04-17 18:55 | INFO | Query 25 Size of the uncertainty table is = 449/5040
2024-04-17 18:55 | INFO | Query 25 Size of the filtered table is = 50
2024-04-17 18:55 | INFO | Query 25 Active Learning Random Query Runtime on Validation Set: 294268.83
2024-04-17 18:55 | INFO | Query 25 Active Learning Random Query Runtime on Test Set: 71639.96
2024-04-17 18:55 | INFO | Query 25 Active Learning Random Query Instance Cost: 1571584.15
2024-04-17 18:55 | INFO | Query 26 Size of the uncertainty table is = 229/5040
2024-04-17 18:55 | INFO | Query 26 Size of the filtered table is = 50
2024-04-17 18:56 | INFO | Query 26 Active Learning Random Query Runtime on Validation Set: 294277.1
2024-04-17 18:56 | INFO | Query 26 Active Learning Random Query Runtime on Test Set: 71610.12
2024-04-17 18:56 | INFO | Query 26 Active Learning Random Query Instance Cost: 1600424.48
2024-04-17 18:56 | INFO | Timeout limit is increased to 3600
2024-04-17 18:56 | INFO | Query 27 Size of the uncertainty table is = 24/5040
2024-04-17 18:56 | INFO | Query 27 Size of the filtered table is = 24
2024-04-17 18:56 | INFO | Query 27 Active Learning Random Query Runtime on Validation Set: 258222.4
2024-04-17 18:56 | INFO | Query 27 Active Learning Random Query Runtime on Test Set: 71609.33
2024-04-17 18:56 | INFO | Query 27 Active Learning Random Query Instance Cost: 1604195.85
2024-04-17 18:56 | INFO | runtime_train_score is written as json file
2024-04-17 18:56 | INFO | runtime_test_score is written as json file
2024-04-17 18:56 | INFO | runtime_validation_score is written as json file
2024-04-17 18:56 | INFO | instance_cost is written as json file
2024-04-17 18:56 | INFO | Experiment is finished
