2024-04-17 19:08 | INFO | Paramaters are: {'dataset': 'ASP-POTASSCO', 'penalty': 10, 'weight': 'No_Weight', 'voting': 'Hard', 'pre_selection_size': 64, 'pre_selection_technique': 'No_pre_selection', 'feature_elimination_threshold': 20, 'imputer_strategy': 'median', 'feature_selection_technique': 'No_feature_selection', 'feature_scaling_technique': 'StandardScaler', 'initial_train_size': 20, 'query_size': 1, 'timeout_predictor_usage': 'Yes', 'timeout_limit': 100, 'timeout_increase_rate': 100, 'RANDOM_STATE_SEED': 42, 'n_splits': 10, 'split_number': 7, 'max_timeout': 3600, 'param_grid': {'n_estimators': 100, 'criterion': 'gini', 'max_features': 'sqrt', 'max_depth': 2147483648, 'min_samples_split': 2, 'bootstrap': True}}
2024-04-17 19:08 | INFO | ASP-POTASSCO is current dataset
2024-04-17 19:08 | INFO | DATASETS/ASP-POTASSCO/algorithm_runs.arff is found
2024-04-17 19:08 | INFO | DATASETS/ASP-POTASSCO/algorithm_runs.arff is finished
2024-04-17 19:08 | INFO | DATASETS/ASP-POTASSCO/feature_values.arff is found
2024-04-17 19:08 | INFO | DATASETS/ASP-POTASSCO/feature_values.arff is finished
2024-04-17 19:08 | INFO | DATASETS/ASP-POTASSCO/feature_costs.arff is found
2024-04-17 19:08 | INFO | DATASETS/ASP-POTASSCO/feature_costs.arff is finished
2024-04-17 19:08 | INFO | Feature cost of train set is 1057.23
2024-04-17 19:10 | INFO | Initial Active Learning Random Query Runtime on Validation Set: 688754.23
2024-04-17 19:10 | INFO | Initial Active Learning Random Query Runtime on Test Set: 541400.01
2024-04-17 19:10 | INFO | Initial Active Learning Random Query Instance Cost: 6754.33
2024-04-17 19:10 | INFO | Bin size = 393
2024-04-17 19:10 | INFO | Query 1 Size of the uncertainty table is = 39549/39325
2024-04-17 19:11 | INFO | Query 1 Size of the filtered table is = 393
2024-04-17 19:13 | INFO | Query 1 Active Learning Random Query Runtime on Validation Set: 79528.71
2024-04-17 19:13 | INFO | Query 1 Active Learning Random Query Runtime on Test Set: 219887.42
2024-04-17 19:13 | INFO | Query 1 Active Learning Random Query Instance Cost: 35881.67
2024-04-17 19:13 | INFO | Query 2 Size of the uncertainty table is = 39077/39325
2024-04-17 19:13 | INFO | Query 2 Size of the filtered table is = 393
2024-04-17 19:16 | INFO | Query 2 Active Learning Random Query Runtime on Validation Set: 511457.65
2024-04-17 19:16 | INFO | Query 2 Active Learning Random Query Runtime on Test Set: 256222.96
2024-04-17 19:16 | INFO | Query 2 Active Learning Random Query Instance Cost: 63489.23
2024-04-17 19:16 | INFO | Timeout limit is increased to 200
2024-04-17 19:16 | INFO | Query 3 Size of the uncertainty table is = 38150/39325
2024-04-17 19:16 | INFO | Query 3 Size of the filtered table is = 393
2024-04-17 19:18 | INFO | Query 3 Active Learning Random Query Runtime on Validation Set: 583658.8
2024-04-17 19:18 | INFO | Query 3 Active Learning Random Query Runtime on Test Set: 219774.46
2024-04-17 19:18 | INFO | Query 3 Active Learning Random Query Instance Cost: 110519.28
2024-04-17 19:18 | INFO | Timeout limit is increased to 300
2024-04-17 19:18 | INFO | Query 4 Size of the uncertainty table is = 36843/39325
2024-04-17 19:18 | INFO | Query 4 Size of the filtered table is = 393
2024-04-17 19:21 | INFO | Query 4 Active Learning Random Query Runtime on Validation Set: 337529.18
2024-04-17 19:21 | INFO | Query 4 Active Learning Random Query Runtime on Test Set: 184137.78
2024-04-17 19:21 | INFO | Query 4 Active Learning Random Query Instance Cost: 167794.02
2024-04-17 19:21 | INFO | Query 5 Size of the uncertainty table is = 35300/39325
2024-04-17 19:21 | INFO | Query 5 Size of the filtered table is = 393
2024-04-17 19:24 | INFO | Query 5 Active Learning Random Query Runtime on Validation Set: 443112.8
2024-04-17 19:24 | INFO | Query 5 Active Learning Random Query Runtime on Test Set: 256099.7
2024-04-17 19:24 | INFO | Query 5 Active Learning Random Query Instance Cost: 224844.13
2024-04-17 19:24 | INFO | Timeout limit is increased to 400
2024-04-17 19:24 | INFO | Query 6 Size of the uncertainty table is = 33568/39325
2024-04-17 19:24 | INFO | Query 6 Size of the filtered table is = 393
2024-04-17 19:26 | INFO | Query 6 Active Learning Random Query Runtime on Validation Set: 546894.2
2024-04-17 19:26 | INFO | Query 6 Active Learning Random Query Runtime on Test Set: 148729.33
2024-04-17 19:26 | INFO | Query 6 Active Learning Random Query Instance Cost: 295331.68
2024-04-17 19:26 | INFO | Timeout limit is increased to 500
2024-04-17 19:26 | INFO | Query 7 Size of the uncertainty table is = 31605/39325
2024-04-17 19:26 | INFO | Query 7 Size of the filtered table is = 393
2024-04-17 19:29 | INFO | Query 7 Active Learning Random Query Runtime on Validation Set: 260379.79
2024-04-17 19:29 | INFO | Query 7 Active Learning Random Query Runtime on Test Set: 220234.99
2024-04-17 19:29 | INFO | Query 7 Active Learning Random Query Instance Cost: 370130.58
2024-04-17 19:29 | INFO | Query 8 Size of the uncertainty table is = 29396/39325
2024-04-17 19:29 | INFO | Query 8 Size of the filtered table is = 393
2024-04-17 19:32 | INFO | Query 8 Active Learning Random Query Runtime on Validation Set: 294449.65
2024-04-17 19:32 | INFO | Query 8 Active Learning Random Query Runtime on Test Set: 148677.55
2024-04-17 19:32 | INFO | Query 8 Active Learning Random Query Instance Cost: 448431.82
2024-04-17 19:32 | INFO | Timeout limit is increased to 600
2024-04-17 19:32 | INFO | Query 9 Size of the uncertainty table is = 27110/39325
2024-04-17 19:32 | INFO | Query 9 Size of the filtered table is = 393
2024-04-17 19:35 | INFO | Query 9 Active Learning Random Query Runtime on Validation Set: 368878.93
2024-04-17 19:35 | INFO | Query 9 Active Learning Random Query Runtime on Test Set: 76630.52
2024-04-17 19:35 | INFO | Query 9 Active Learning Random Query Instance Cost: 528028.04
2024-04-17 19:35 | INFO | Timeout limit is increased to 700
2024-04-17 19:35 | INFO | Query 10 Size of the uncertainty table is = 24520/39325
2024-04-17 19:35 | INFO | Query 10 Size of the filtered table is = 393
2024-04-17 19:37 | INFO | Query 10 Active Learning Random Query Runtime on Validation Set: 260362.29
2024-04-17 19:37 | INFO | Query 10 Active Learning Random Query Runtime on Test Set: 76165.59
2024-04-17 19:37 | INFO | Query 10 Active Learning Random Query Instance Cost: 627776.92
2024-04-17 19:37 | INFO | Query 11 Size of the uncertainty table is = 22040/39325
2024-04-17 19:38 | INFO | Query 11 Size of the filtered table is = 393
2024-04-17 19:40 | INFO | Query 11 Active Learning Random Query Runtime on Validation Set: 439596.66
2024-04-17 19:40 | INFO | Query 11 Active Learning Random Query Runtime on Test Set: 112230.75
2024-04-17 19:40 | INFO | Query 11 Active Learning Random Query Instance Cost: 735553.87
2024-04-17 19:40 | INFO | Timeout limit is increased to 800
2024-04-17 19:40 | INFO | Query 12 Size of the uncertainty table is = 19601/39325
2024-04-17 19:40 | INFO | Query 12 Size of the filtered table is = 393
2024-04-17 19:43 | INFO | Query 12 Active Learning Random Query Runtime on Validation Set: 296419.41
2024-04-17 19:43 | INFO | Query 12 Active Learning Random Query Runtime on Test Set: 112404.11
2024-04-17 19:43 | INFO | Query 12 Active Learning Random Query Instance Cost: 863851.22
2024-04-17 19:43 | INFO | Query 13 Size of the uncertainty table is = 17230/39325
2024-04-17 19:43 | INFO | Query 13 Size of the filtered table is = 393
2024-04-17 19:46 | INFO | Query 13 Active Learning Random Query Runtime on Validation Set: 402724.21
2024-04-17 19:46 | INFO | Query 13 Active Learning Random Query Runtime on Test Set: 112305.26
2024-04-17 19:46 | INFO | Query 13 Active Learning Random Query Instance Cost: 964142.84
2024-04-17 19:46 | INFO | Timeout limit is increased to 900
2024-04-17 19:46 | INFO | Query 14 Size of the uncertainty table is = 14781/39325
2024-04-17 19:46 | INFO | Query 14 Size of the filtered table is = 393
2024-04-17 19:49 | INFO | Query 14 Active Learning Random Query Runtime on Validation Set: 510962.98
2024-04-17 19:49 | INFO | Query 14 Active Learning Random Query Runtime on Test Set: 112441.48
2024-04-17 19:49 | INFO | Query 14 Active Learning Random Query Instance Cost: 1066820.03
2024-04-17 19:49 | INFO | Timeout limit is increased to 1000
2024-04-17 19:49 | INFO | Query 15 Size of the uncertainty table is = 12344/39325
2024-04-17 19:49 | INFO | Query 15 Size of the filtered table is = 393
2024-04-17 19:52 | INFO | Query 15 Active Learning Random Query Runtime on Validation Set: 510836.47
2024-04-17 19:52 | INFO | Query 15 Active Learning Random Query Runtime on Test Set: 183825.92
2024-04-17 19:52 | INFO | Query 15 Active Learning Random Query Instance Cost: 1214070.06
2024-04-17 19:52 | INFO | Query 16 Size of the uncertainty table is = 10245/39325
2024-04-17 19:52 | INFO | Query 16 Size of the filtered table is = 393
2024-04-17 19:55 | INFO | Query 16 Active Learning Random Query Runtime on Validation Set: 222663.94
2024-04-17 19:55 | INFO | Query 16 Active Learning Random Query Runtime on Test Set: 76437.24
2024-04-17 19:55 | INFO | Query 16 Active Learning Random Query Instance Cost: 1331020.41
2024-04-17 19:55 | INFO | Query 17 Size of the uncertainty table is = 8340/39325
2024-04-17 19:55 | INFO | Query 17 Size of the filtered table is = 393
2024-04-17 19:58 | INFO | Query 17 Active Learning Random Query Runtime on Validation Set: 474423.65
2024-04-17 19:58 | INFO | Query 17 Active Learning Random Query Runtime on Test Set: 111896.6
2024-04-17 19:58 | INFO | Query 17 Active Learning Random Query Instance Cost: 1430190.72
2024-04-17 19:58 | INFO | Timeout limit is increased to 1100
2024-04-17 19:58 | INFO | Query 18 Size of the uncertainty table is = 6801/39325
2024-04-17 19:58 | INFO | Query 18 Size of the filtered table is = 393
2024-04-17 20:01 | INFO | Query 18 Active Learning Random Query Runtime on Validation Set: 401618.04
2024-04-17 20:01 | INFO | Query 18 Active Learning Random Query Runtime on Test Set: 75843.69
2024-04-17 20:01 | INFO | Query 18 Active Learning Random Query Instance Cost: 1566254.67
2024-04-17 20:01 | INFO | Query 19 Size of the uncertainty table is = 5521/39325
2024-04-17 20:01 | INFO | Query 19 Size of the filtered table is = 393
2024-04-17 20:03 | INFO | Query 19 Active Learning Random Query Runtime on Validation Set: 402795.04
2024-04-17 20:03 | INFO | Query 19 Active Learning Random Query Runtime on Test Set: 76146.02
2024-04-17 20:03 | INFO | Query 19 Active Learning Random Query Instance Cost: 1668745.45
2024-04-17 20:03 | INFO | Timeout limit is increased to 1200
2024-04-17 20:03 | INFO | Query 20 Size of the uncertainty table is = 4740/39325
2024-04-17 20:03 | INFO | Query 20 Size of the filtered table is = 393
2024-04-17 20:06 | INFO | Query 20 Active Learning Random Query Runtime on Validation Set: 473269.41
2024-04-17 20:06 | INFO | Query 20 Active Learning Random Query Runtime on Test Set: 76486.94
2024-04-17 20:06 | INFO | Query 20 Active Learning Random Query Instance Cost: 1789882.81
2024-04-17 20:06 | INFO | Timeout limit is increased to 1300
2024-04-17 20:06 | INFO | Query 21 Size of the uncertainty table is = 4348/39325
2024-04-17 20:06 | INFO | Query 21 Size of the filtered table is = 393
2024-04-17 20:09 | INFO | Query 21 Active Learning Random Query Runtime on Validation Set: 474151.35
2024-04-17 20:09 | INFO | Query 21 Active Learning Random Query Runtime on Test Set: 40572.29
2024-04-17 20:09 | INFO | Query 21 Active Learning Random Query Instance Cost: 1918357.65
2024-04-17 20:09 | INFO | Timeout limit is increased to 1400
2024-04-17 20:09 | INFO | Query 22 Size of the uncertainty table is = 4234/39325
2024-04-17 20:09 | INFO | Query 22 Size of the filtered table is = 393
2024-04-17 20:12 | INFO | Query 22 Active Learning Random Query Runtime on Validation Set: 402473.26
2024-04-17 20:12 | INFO | Query 22 Active Learning Random Query Runtime on Test Set: 76487.58
2024-04-17 20:12 | INFO | Query 22 Active Learning Random Query Instance Cost: 2053672.62
2024-04-17 20:12 | INFO | Query 23 Size of the uncertainty table is = 4184/39325
2024-04-17 20:12 | INFO | Query 23 Size of the filtered table is = 393
2024-04-17 20:15 | INFO | Query 23 Active Learning Random Query Runtime on Validation Set: 438237.26
2024-04-17 20:15 | INFO | Query 23 Active Learning Random Query Runtime on Test Set: 76492.62
2024-04-17 20:15 | INFO | Query 23 Active Learning Random Query Instance Cost: 2133865.17
2024-04-17 20:15 | INFO | Timeout limit is increased to 1500
2024-04-17 20:15 | INFO | Query 24 Size of the uncertainty table is = 4139/39325
2024-04-17 20:15 | INFO | Query 24 Size of the filtered table is = 393
2024-04-17 20:18 | INFO | Query 24 Active Learning Random Query Runtime on Validation Set: 438235.84
2024-04-17 20:18 | INFO | Query 24 Active Learning Random Query Runtime on Test Set: 76489.5
2024-04-17 20:18 | INFO | Query 24 Active Learning Random Query Instance Cost: 2240208.38
2024-04-17 20:18 | INFO | Query 25 Size of the uncertainty table is = 4119/39325
2024-04-17 20:18 | INFO | Query 25 Size of the filtered table is = 393
2024-04-17 20:21 | INFO | Query 25 Active Learning Random Query Runtime on Validation Set: 401733.15
2024-04-17 20:21 | INFO | Query 25 Active Learning Random Query Runtime on Test Set: 76322.23
2024-04-17 20:21 | INFO | Query 25 Active Learning Random Query Instance Cost: 2305038.43
2024-04-17 20:21 | INFO | Query 26 Size of the uncertainty table is = 4075/39325
2024-04-17 20:21 | INFO | Query 26 Size of the filtered table is = 393
2024-04-17 20:24 | INFO | Query 26 Active Learning Random Query Runtime on Validation Set: 401733.15
2024-04-17 20:24 | INFO | Query 26 Active Learning Random Query Runtime on Test Set: 76322.23
2024-04-17 20:24 | INFO | Query 26 Active Learning Random Query Instance Cost: 2341719.55
2024-04-17 20:24 | INFO | Timeout limit is increased to 1600
2024-04-17 20:24 | INFO | Query 27 Size of the uncertainty table is = 4066/39325
2024-04-17 20:24 | INFO | Query 27 Size of the filtered table is = 393
2024-04-17 20:27 | INFO | Query 27 Active Learning Random Query Runtime on Validation Set: 401733.15
2024-04-17 20:27 | INFO | Query 27 Active Learning Random Query Runtime on Test Set: 76322.23
2024-04-17 20:27 | INFO | Query 27 Active Learning Random Query Instance Cost: 2422955.37
2024-04-17 20:27 | INFO | Timeout limit is increased to 1700
2024-04-17 20:27 | INFO | Query 28 Size of the uncertainty table is = 4062/39325
2024-04-17 20:27 | INFO | Query 28 Size of the filtered table is = 393
2024-04-17 20:30 | INFO | Query 28 Active Learning Random Query Runtime on Validation Set: 401733.15
2024-04-17 20:30 | INFO | Query 28 Active Learning Random Query Runtime on Test Set: 76322.23
2024-04-17 20:30 | INFO | Query 28 Active Learning Random Query Instance Cost: 2525155.37
2024-04-17 20:30 | INFO | Timeout limit is increased to 1800
2024-04-17 20:30 | INFO | Query 29 Size of the uncertainty table is = 4062/39325
2024-04-17 20:30 | INFO | Query 29 Size of the filtered table is = 393
2024-04-17 20:32 | INFO | Query 29 Active Learning Random Query Runtime on Validation Set: 401733.15
2024-04-17 20:32 | INFO | Query 29 Active Learning Random Query Runtime on Test Set: 76322.23
2024-04-17 20:32 | INFO | Query 29 Active Learning Random Query Instance Cost: 2645549.13
2024-04-17 20:32 | INFO | Timeout limit is increased to 1900
2024-04-17 20:32 | INFO | Query 30 Size of the uncertainty table is = 4060/39325
2024-04-17 20:32 | INFO | Query 30 Size of the filtered table is = 393
2024-04-17 20:35 | INFO | Query 30 Active Learning Random Query Runtime on Validation Set: 401733.15
2024-04-17 20:35 | INFO | Query 30 Active Learning Random Query Runtime on Test Set: 76322.23
2024-04-17 20:35 | INFO | Query 30 Active Learning Random Query Instance Cost: 2767949.13
2024-04-17 20:35 | INFO | Timeout limit is increased to 2000
2024-04-17 20:35 | INFO | Query 31 Size of the uncertainty table is = 4060/39325
2024-04-17 20:35 | INFO | Query 31 Size of the filtered table is = 393
2024-04-17 20:38 | INFO | Query 31 Active Learning Random Query Runtime on Validation Set: 401733.15
2024-04-17 20:38 | INFO | Query 31 Active Learning Random Query Runtime on Test Set: 76322.23
2024-04-17 20:38 | INFO | Query 31 Active Learning Random Query Instance Cost: 2907687.92
2024-04-17 20:38 | INFO | Timeout limit is increased to 2100
2024-04-17 20:38 | INFO | Query 32 Size of the uncertainty table is = 4058/39325
2024-04-17 20:38 | INFO | Query 32 Size of the filtered table is = 393
2024-04-17 20:41 | INFO | Query 32 Active Learning Random Query Runtime on Validation Set: 401733.15
2024-04-17 20:41 | INFO | Query 32 Active Learning Random Query Runtime on Test Set: 76322.23
2024-04-17 20:41 | INFO | Query 32 Active Learning Random Query Instance Cost: 3036987.92
2024-04-17 20:41 | INFO | Timeout limit is increased to 2200
2024-04-17 20:41 | INFO | Query 33 Size of the uncertainty table is = 4058/39325
2024-04-17 20:41 | INFO | Query 33 Size of the filtered table is = 393
2024-04-17 20:44 | INFO | Query 33 Active Learning Random Query Runtime on Validation Set: 401733.15
2024-04-17 20:44 | INFO | Query 33 Active Learning Random Query Runtime on Test Set: 76322.23
2024-04-17 20:44 | INFO | Query 33 Active Learning Random Query Instance Cost: 3170087.92
2024-04-17 20:44 | INFO | Timeout limit is increased to 2300
2024-04-17 20:44 | INFO | Query 34 Size of the uncertainty table is = 4058/39325
2024-04-17 20:44 | INFO | Query 34 Size of the filtered table is = 393
2024-04-17 20:47 | INFO | Query 34 Active Learning Random Query Runtime on Validation Set: 401733.15
2024-04-17 20:47 | INFO | Query 34 Active Learning Random Query Runtime on Test Set: 76322.23
2024-04-17 20:47 | INFO | Query 34 Active Learning Random Query Instance Cost: 3305087.92
2024-04-17 20:47 | INFO | Timeout limit is increased to 2400
2024-04-17 20:47 | INFO | Query 35 Size of the uncertainty table is = 4058/39325
2024-04-17 20:47 | INFO | Query 35 Size of the filtered table is = 393
2024-04-17 20:50 | INFO | Query 35 Active Learning Random Query Runtime on Validation Set: 401733.15
2024-04-17 20:50 | INFO | Query 35 Active Learning Random Query Runtime on Test Set: 76322.23
2024-04-17 20:50 | INFO | Query 35 Active Learning Random Query Instance Cost: 3427087.92
2024-04-17 20:50 | INFO | Timeout limit is increased to 2500
2024-04-17 20:50 | INFO | Query 36 Size of the uncertainty table is = 4058/39325
2024-04-17 20:50 | INFO | Query 36 Size of the filtered table is = 393
2024-04-17 20:53 | INFO | Query 36 Active Learning Random Query Runtime on Validation Set: 401733.15
2024-04-17 20:53 | INFO | Query 36 Active Learning Random Query Runtime on Test Set: 76322.23
2024-04-17 20:53 | INFO | Query 36 Active Learning Random Query Instance Cost: 3558887.92
2024-04-17 20:53 | INFO | Timeout limit is increased to 2600
2024-04-17 20:53 | INFO | Query 37 Size of the uncertainty table is = 4058/39325
2024-04-17 20:53 | INFO | Query 37 Size of the filtered table is = 393
2024-04-17 20:55 | INFO | Query 37 Active Learning Random Query Runtime on Validation Set: 401733.15
2024-04-17 20:55 | INFO | Query 37 Active Learning Random Query Runtime on Test Set: 76322.23
2024-04-17 20:55 | INFO | Query 37 Active Learning Random Query Instance Cost: 3690087.92
2024-04-17 20:55 | INFO | Timeout limit is increased to 2700
2024-04-17 20:55 | INFO | Query 38 Size of the uncertainty table is = 4058/39325
2024-04-17 20:55 | INFO | Query 38 Size of the filtered table is = 393
2024-04-17 20:58 | INFO | Query 38 Active Learning Random Query Runtime on Validation Set: 401733.15
2024-04-17 20:58 | INFO | Query 38 Active Learning Random Query Runtime on Test Set: 76322.23
2024-04-17 20:58 | INFO | Query 38 Active Learning Random Query Instance Cost: 3832187.92
2024-04-17 20:58 | INFO | Timeout limit is increased to 2800
2024-04-17 20:58 | INFO | Query 39 Size of the uncertainty table is = 4058/39325
2024-04-17 20:58 | INFO | Query 39 Size of the filtered table is = 393
2024-04-17 21:01 | INFO | Query 39 Active Learning Random Query Runtime on Validation Set: 401733.15
2024-04-17 21:01 | INFO | Query 39 Active Learning Random Query Runtime on Test Set: 76322.23
2024-04-17 21:01 | INFO | Query 39 Active Learning Random Query Instance Cost: 3961387.92
2024-04-17 21:01 | INFO | Timeout limit is increased to 2900
2024-04-17 21:01 | INFO | Query 40 Size of the uncertainty table is = 4058/39325
2024-04-17 21:01 | INFO | Query 40 Size of the filtered table is = 393
2024-04-17 21:04 | INFO | Query 40 Active Learning Random Query Runtime on Validation Set: 401733.15
2024-04-17 21:04 | INFO | Query 40 Active Learning Random Query Runtime on Test Set: 76322.23
2024-04-17 21:04 | INFO | Query 40 Active Learning Random Query Instance Cost: 4094687.92
2024-04-17 21:04 | INFO | Timeout limit is increased to 3000
2024-04-17 21:04 | INFO | Query 41 Size of the uncertainty table is = 4058/39325
2024-04-17 21:04 | INFO | Query 41 Size of the filtered table is = 393
2024-04-17 21:07 | INFO | Query 41 Active Learning Random Query Runtime on Validation Set: 401733.15
2024-04-17 21:07 | INFO | Query 41 Active Learning Random Query Runtime on Test Set: 76322.23
2024-04-17 21:07 | INFO | Query 41 Active Learning Random Query Instance Cost: 4238487.92
2024-04-17 21:07 | INFO | Timeout limit is increased to 3100
2024-04-17 21:07 | INFO | Query 42 Size of the uncertainty table is = 4058/39325
2024-04-17 21:07 | INFO | Query 42 Size of the filtered table is = 393
2024-04-17 21:10 | INFO | Query 42 Active Learning Random Query Runtime on Validation Set: 401733.15
2024-04-17 21:10 | INFO | Query 42 Active Learning Random Query Runtime on Test Set: 76322.23
2024-04-17 21:10 | INFO | Query 42 Active Learning Random Query Instance Cost: 4371487.92
2024-04-17 21:10 | INFO | Timeout limit is increased to 3200
2024-04-17 21:10 | INFO | Query 43 Size of the uncertainty table is = 4058/39325
2024-04-17 21:10 | INFO | Query 43 Size of the filtered table is = 393
2024-04-17 21:13 | INFO | Query 43 Active Learning Random Query Runtime on Validation Set: 401733.15
2024-04-17 21:13 | INFO | Query 43 Active Learning Random Query Runtime on Test Set: 76322.23
2024-04-17 21:13 | INFO | Query 43 Active Learning Random Query Instance Cost: 4512687.92
2024-04-17 21:13 | INFO | Timeout limit is increased to 3300
2024-04-17 21:13 | INFO | Query 44 Size of the uncertainty table is = 4058/39325
2024-04-17 21:13 | INFO | Query 44 Size of the filtered table is = 393
2024-04-17 21:16 | INFO | Query 44 Active Learning Random Query Runtime on Validation Set: 401733.15
2024-04-17 21:16 | INFO | Query 44 Active Learning Random Query Runtime on Test Set: 76322.23
2024-04-17 21:16 | INFO | Query 44 Active Learning Random Query Instance Cost: 4653787.92
2024-04-17 21:16 | INFO | Timeout limit is increased to 3400
2024-04-17 21:16 | INFO | Query 45 Size of the uncertainty table is = 4058/39325
2024-04-17 21:16 | INFO | Query 45 Size of the filtered table is = 393
2024-04-17 21:18 | INFO | Query 45 Active Learning Random Query Runtime on Validation Set: 401733.15
2024-04-17 21:18 | INFO | Query 45 Active Learning Random Query Runtime on Test Set: 76322.23
2024-04-17 21:18 | INFO | Query 45 Active Learning Random Query Instance Cost: 4791330.96
2024-04-17 21:18 | INFO | Timeout limit is increased to 3500
2024-04-17 21:18 | INFO | Query 46 Size of the uncertainty table is = 4056/39325
2024-04-17 21:18 | INFO | Query 46 Size of the filtered table is = 393
2024-04-17 21:21 | INFO | Query 46 Active Learning Random Query Runtime on Validation Set: 401733.15
2024-04-17 21:21 | INFO | Query 46 Active Learning Random Query Runtime on Test Set: 76322.23
2024-04-17 21:21 | INFO | Query 46 Active Learning Random Query Instance Cost: 4918230.96
2024-04-17 21:21 | INFO | Timeout limit is increased to 3600
2024-04-17 21:21 | INFO | Query 47 Size of the uncertainty table is = 4056/39325
2024-04-17 21:21 | INFO | Query 47 Size of the filtered table is = 393
2024-04-17 21:24 | INFO | Query 47 Active Learning Random Query Runtime on Validation Set: 401733.15
2024-04-17 21:24 | INFO | Query 47 Active Learning Random Query Runtime on Test Set: 76322.23
2024-04-17 21:24 | INFO | Query 47 Active Learning Random Query Instance Cost: 5056830.96
2024-04-17 21:24 | INFO | Timeout limit is increased to 3600
2024-04-17 21:24 | INFO | runtime_train_score is written as json file
2024-04-17 21:24 | INFO | runtime_test_score is written as json file
2024-04-17 21:24 | INFO | runtime_validation_score is written as json file
2024-04-17 21:24 | INFO | instance_cost is written as json file
2024-04-17 21:24 | INFO | Experiment is finished
