2024-04-17 18:44 | INFO | Paramaters are: {'dataset': 'MAXSAT19-UCMS', 'penalty': 10, 'weight': 'No_Weight', 'voting': 'Hard', 'pre_selection_size': 64, 'pre_selection_technique': 'No_pre_selection', 'feature_elimination_threshold': 20, 'imputer_strategy': 'median', 'feature_selection_technique': 'No_feature_selection', 'feature_scaling_technique': 'StandardScaler', 'initial_train_size': 20, 'query_size': 1, 'timeout_predictor_usage': 'No', 'timeout_limit': 3600, 'timeout_increase_rate': 100, 'RANDOM_STATE_SEED': 123, 'n_splits': 10, 'split_number': 4, 'max_timeout': 3600, 'param_grid': {'n_estimators': 100, 'criterion': 'gini', 'max_features': 'sqrt', 'max_depth': 2147483648, 'min_samples_split': 2, 'bootstrap': True}}
2024-04-17 18:44 | INFO | MAXSAT19-UCMS is current dataset
2024-04-17 18:44 | INFO | DATASETS/MAXSAT19-UCMS/algorithm_runs.arff is found
2024-04-17 18:44 | INFO | DATASETS/MAXSAT19-UCMS/algorithm_runs.arff is finished
2024-04-17 18:44 | INFO | DATASETS/MAXSAT19-UCMS/feature_values.arff is found
2024-04-17 18:44 | INFO | DATASETS/MAXSAT19-UCMS/feature_values.arff is finished
2024-04-17 18:44 | INFO | DATASETS/MAXSAT19-UCMS/feature_costs.arff is found
2024-04-17 18:44 | INFO | DATASETS/MAXSAT19-UCMS/feature_costs.arff is finished
2024-04-17 18:44 | INFO | Feature cost of train set is 33133.97
2024-04-17 18:45 | INFO | Initial Active Learning Random Query Runtime on Validation Set: 223426.36
2024-04-17 18:45 | INFO | Initial Active Learning Random Query Runtime on Test Set: 218442.07
2024-04-17 18:45 | INFO | Initial Active Learning Random Query Instance Cost: 72871.15
2024-04-17 18:45 | INFO | Bin size = 50
2024-04-17 18:45 | INFO | Query 1 Size of the uncertainty table is = 5040/5040
2024-04-17 18:45 | INFO | Query 1 Size of the filtered table is = 50
2024-04-17 18:45 | INFO | Query 1 Active Learning Random Query Runtime on Validation Set: 228289.25
2024-04-17 18:45 | INFO | Query 1 Active Learning Random Query Runtime on Test Set: 224008.99
2024-04-17 18:45 | INFO | Query 1 Active Learning Random Query Instance Cost: 160032.25
2024-04-17 18:45 | INFO | Timeout limit is increased to 3600
2024-04-17 18:45 | INFO | Query 2 Size of the uncertainty table is = 4976/5040
2024-04-17 18:45 | INFO | Query 2 Size of the filtered table is = 50
2024-04-17 18:45 | INFO | Query 2 Active Learning Random Query Runtime on Validation Set: 233524.29
2024-04-17 18:45 | INFO | Query 2 Active Learning Random Query Runtime on Test Set: 228936.69
2024-04-17 18:45 | INFO | Query 2 Active Learning Random Query Instance Cost: 259097.71
2024-04-17 18:45 | INFO | Timeout limit is increased to 3600
2024-04-17 18:45 | INFO | Query 3 Size of the uncertainty table is = 4858/5040
2024-04-17 18:45 | INFO | Query 3 Size of the filtered table is = 50
2024-04-17 18:46 | INFO | Query 3 Active Learning Random Query Runtime on Validation Set: 202231.02
2024-04-17 18:46 | INFO | Query 3 Active Learning Random Query Runtime on Test Set: 197585.27
2024-04-17 18:46 | INFO | Query 3 Active Learning Random Query Instance Cost: 326599.29
2024-04-17 18:46 | INFO | Query 4 Size of the uncertainty table is = 4752/5040
2024-04-17 18:46 | INFO | Query 4 Size of the filtered table is = 50
2024-04-17 18:46 | INFO | Query 4 Active Learning Random Query Runtime on Validation Set: 206301.85
2024-04-17 18:46 | INFO | Query 4 Active Learning Random Query Runtime on Test Set: 168579.46
2024-04-17 18:46 | INFO | Query 4 Active Learning Random Query Instance Cost: 400610.38
2024-04-17 18:46 | INFO | Timeout limit is increased to 3600
2024-04-17 18:46 | INFO | Query 5 Size of the uncertainty table is = 4645/5040
2024-04-17 18:46 | INFO | Query 5 Size of the filtered table is = 50
2024-04-17 18:47 | INFO | Query 5 Active Learning Random Query Runtime on Validation Set: 282384.28
2024-04-17 18:47 | INFO | Query 5 Active Learning Random Query Runtime on Test Set: 172756.15
2024-04-17 18:47 | INFO | Query 5 Active Learning Random Query Instance Cost: 444190.53
2024-04-17 18:47 | INFO | Timeout limit is increased to 3600
2024-04-17 18:47 | INFO | Query 6 Size of the uncertainty table is = 4511/5040
2024-04-17 18:47 | INFO | Query 6 Size of the filtered table is = 50
2024-04-17 18:47 | INFO | Query 6 Active Learning Random Query Runtime on Validation Set: 211013.12
2024-04-17 18:47 | INFO | Query 6 Active Learning Random Query Runtime on Test Set: 173873.42
2024-04-17 18:47 | INFO | Query 6 Active Learning Random Query Instance Cost: 518136.44
2024-04-17 18:47 | INFO | Query 7 Size of the uncertainty table is = 4337/5040
2024-04-17 18:47 | INFO | Query 7 Size of the filtered table is = 50
2024-04-17 18:47 | INFO | Query 7 Active Learning Random Query Runtime on Validation Set: 212713.74
2024-04-17 18:47 | INFO | Query 7 Active Learning Random Query Runtime on Test Set: 174168.61
2024-04-17 18:47 | INFO | Query 7 Active Learning Random Query Instance Cost: 595307.14
2024-04-17 18:47 | INFO | Timeout limit is increased to 3600
2024-04-17 18:47 | INFO | Query 8 Size of the uncertainty table is = 4153/5040
2024-04-17 18:47 | INFO | Query 8 Size of the filtered table is = 50
2024-04-17 18:48 | INFO | Query 8 Active Learning Random Query Runtime on Validation Set: 213891.79
2024-04-17 18:48 | INFO | Query 8 Active Learning Random Query Runtime on Test Set: 140012.72
2024-04-17 18:48 | INFO | Query 8 Active Learning Random Query Instance Cost: 653993.74
2024-04-17 18:48 | INFO | Timeout limit is increased to 3600
2024-04-17 18:48 | INFO | Query 9 Size of the uncertainty table is = 3963/5040
2024-04-17 18:48 | INFO | Query 9 Size of the filtered table is = 50
2024-04-17 18:48 | INFO | Query 9 Active Learning Random Query Runtime on Validation Set: 214697.24
2024-04-17 18:48 | INFO | Query 9 Active Learning Random Query Runtime on Test Set: 141157.17
2024-04-17 18:48 | INFO | Query 9 Active Learning Random Query Instance Cost: 724438.5
2024-04-17 18:48 | INFO | Timeout limit is increased to 3600
2024-04-17 18:48 | INFO | Query 10 Size of the uncertainty table is = 3789/5040
2024-04-17 18:48 | INFO | Query 10 Size of the filtered table is = 50
2024-04-17 18:48 | INFO | Query 10 Active Learning Random Query Runtime on Validation Set: 216153.55
2024-04-17 18:48 | INFO | Query 10 Active Learning Random Query Runtime on Test Set: 141381.48
2024-04-17 18:48 | INFO | Query 10 Active Learning Random Query Instance Cost: 771206.44
2024-04-17 18:48 | INFO | Timeout limit is increased to 3600
2024-04-17 18:48 | INFO | Query 11 Size of the uncertainty table is = 3610/5040
2024-04-17 18:48 | INFO | Query 11 Size of the filtered table is = 50
2024-04-17 18:49 | INFO | Query 11 Active Learning Random Query Runtime on Validation Set: 215231.26
2024-04-17 18:49 | INFO | Query 11 Active Learning Random Query Runtime on Test Set: 106727.18
2024-04-17 18:49 | INFO | Query 11 Active Learning Random Query Instance Cost: 824782.53
2024-04-17 18:49 | INFO | Query 12 Size of the uncertainty table is = 3397/5040
2024-04-17 18:49 | INFO | Query 12 Size of the filtered table is = 50
2024-04-17 18:49 | INFO | Query 12 Active Learning Random Query Runtime on Validation Set: 290278.08
2024-04-17 18:49 | INFO | Query 12 Active Learning Random Query Runtime on Test Set: 107723.84
2024-04-17 18:49 | INFO | Query 12 Active Learning Random Query Instance Cost: 894726.03
2024-04-17 18:49 | INFO | Timeout limit is increased to 3600
2024-04-17 18:49 | INFO | Query 13 Size of the uncertainty table is = 3197/5040
2024-04-17 18:49 | INFO | Query 13 Size of the filtered table is = 50
2024-04-17 18:50 | INFO | Query 13 Active Learning Random Query Runtime on Validation Set: 217857.8
2024-04-17 18:50 | INFO | Query 13 Active Learning Random Query Runtime on Test Set: 109205.64
2024-04-17 18:50 | INFO | Query 13 Active Learning Random Query Instance Cost: 954258.38
2024-04-17 18:50 | INFO | Query 14 Size of the uncertainty table is = 2985/5040
2024-04-17 18:50 | INFO | Query 14 Size of the filtered table is = 50
2024-04-17 18:50 | INFO | Query 14 Active Learning Random Query Runtime on Validation Set: 217874.75
2024-04-17 18:50 | INFO | Query 14 Active Learning Random Query Runtime on Test Set: 109284.6
2024-04-17 18:50 | INFO | Query 14 Active Learning Random Query Instance Cost: 1025744.54
2024-04-17 18:50 | INFO | Timeout limit is increased to 3600
2024-04-17 18:50 | INFO | Query 15 Size of the uncertainty table is = 2746/5040
2024-04-17 18:50 | INFO | Query 15 Size of the filtered table is = 50
2024-04-17 18:50 | INFO | Query 15 Active Learning Random Query Runtime on Validation Set: 289290.17
2024-04-17 18:50 | INFO | Query 15 Active Learning Random Query Runtime on Test Set: 144381.03
2024-04-17 18:50 | INFO | Query 15 Active Learning Random Query Instance Cost: 1077548.84
2024-04-17 18:50 | INFO | Timeout limit is increased to 3600
2024-04-17 18:50 | INFO | Query 16 Size of the uncertainty table is = 2517/5040
2024-04-17 18:50 | INFO | Query 16 Size of the filtered table is = 50
2024-04-17 18:51 | INFO | Query 16 Active Learning Random Query Runtime on Validation Set: 362685.63
2024-04-17 18:51 | INFO | Query 16 Active Learning Random Query Runtime on Test Set: 109872.52
2024-04-17 18:51 | INFO | Query 16 Active Learning Random Query Instance Cost: 1138101.17
2024-04-17 18:51 | INFO | Timeout limit is increased to 3600
2024-04-17 18:51 | INFO | Query 17 Size of the uncertainty table is = 2287/5040
2024-04-17 18:51 | INFO | Query 17 Size of the filtered table is = 50
2024-04-17 18:51 | INFO | Query 17 Active Learning Random Query Runtime on Validation Set: 362755.07
2024-04-17 18:51 | INFO | Query 17 Active Learning Random Query Runtime on Test Set: 145932.46
2024-04-17 18:51 | INFO | Query 17 Active Learning Random Query Instance Cost: 1189676.59
2024-04-17 18:51 | INFO | Timeout limit is increased to 3600
2024-04-17 18:51 | INFO | Query 18 Size of the uncertainty table is = 2063/5040
2024-04-17 18:51 | INFO | Query 18 Size of the filtered table is = 50
2024-04-17 18:51 | INFO | Query 18 Active Learning Random Query Runtime on Validation Set: 326867.54
2024-04-17 18:51 | INFO | Query 18 Active Learning Random Query Runtime on Test Set: 110027.23
2024-04-17 18:51 | INFO | Query 18 Active Learning Random Query Instance Cost: 1232220.99
2024-04-17 18:51 | INFO | Query 19 Size of the uncertainty table is = 1814/5040
2024-04-17 18:51 | INFO | Query 19 Size of the filtered table is = 50
2024-04-17 18:52 | INFO | Query 19 Active Learning Random Query Runtime on Validation Set: 326760.22
2024-04-17 18:52 | INFO | Query 19 Active Learning Random Query Runtime on Test Set: 109987.45
2024-04-17 18:52 | INFO | Query 19 Active Learning Random Query Instance Cost: 1283946.27
2024-04-17 18:52 | INFO | Query 20 Size of the uncertainty table is = 1578/5040
2024-04-17 18:52 | INFO | Query 20 Size of the filtered table is = 50
2024-04-17 18:52 | INFO | Query 20 Active Learning Random Query Runtime on Validation Set: 327018.35
2024-04-17 18:52 | INFO | Query 20 Active Learning Random Query Runtime on Test Set: 145889.89
2024-04-17 18:52 | INFO | Query 20 Active Learning Random Query Instance Cost: 1347205.33
2024-04-17 18:52 | INFO | Timeout limit is increased to 3600
2024-04-17 18:52 | INFO | Query 21 Size of the uncertainty table is = 1322/5040
2024-04-17 18:52 | INFO | Query 21 Size of the filtered table is = 50
2024-04-17 18:53 | INFO | Query 21 Active Learning Random Query Runtime on Validation Set: 327041.67
2024-04-17 18:53 | INFO | Query 21 Active Learning Random Query Runtime on Test Set: 109898.17
2024-04-17 18:53 | INFO | Query 21 Active Learning Random Query Instance Cost: 1395302.92
2024-04-17 18:53 | INFO | Timeout limit is increased to 3600
2024-04-17 18:53 | INFO | Query 22 Size of the uncertainty table is = 1072/5040
2024-04-17 18:53 | INFO | Query 22 Size of the filtered table is = 50
2024-04-17 18:53 | INFO | Query 22 Active Learning Random Query Runtime on Validation Set: 291025.39
2024-04-17 18:53 | INFO | Query 22 Active Learning Random Query Runtime on Test Set: 109894.86
2024-04-17 18:53 | INFO | Query 22 Active Learning Random Query Instance Cost: 1444421.79
2024-04-17 18:53 | INFO | Query 23 Size of the uncertainty table is = 812/5040
2024-04-17 18:53 | INFO | Query 23 Size of the filtered table is = 50
2024-04-17 18:53 | INFO | Query 23 Active Learning Random Query Runtime on Validation Set: 291036.48
2024-04-17 18:53 | INFO | Query 23 Active Learning Random Query Runtime on Test Set: 109894.86
2024-04-17 18:53 | INFO | Query 23 Active Learning Random Query Instance Cost: 1489926.93
2024-04-17 18:53 | INFO | Timeout limit is increased to 3600
2024-04-17 18:53 | INFO | Query 24 Size of the uncertainty table is = 563/5040
2024-04-17 18:53 | INFO | Query 24 Size of the filtered table is = 50
2024-04-17 18:54 | INFO | Query 24 Active Learning Random Query Runtime on Validation Set: 291030.16
2024-04-17 18:54 | INFO | Query 24 Active Learning Random Query Runtime on Test Set: 145838.96
2024-04-17 18:54 | INFO | Query 24 Active Learning Random Query Instance Cost: 1528376.81
2024-04-17 18:54 | INFO | Query 25 Size of the uncertainty table is = 309/5040
2024-04-17 18:54 | INFO | Query 25 Size of the filtered table is = 50
2024-04-17 18:54 | INFO | Query 25 Active Learning Random Query Runtime on Validation Set: 291029.62
2024-04-17 18:54 | INFO | Query 25 Active Learning Random Query Runtime on Test Set: 145838.96
2024-04-17 18:54 | INFO | Query 25 Active Learning Random Query Instance Cost: 1556484.29
2024-04-17 18:54 | INFO | Query 26 Size of the uncertainty table is = 107/5040
2024-04-17 18:54 | INFO | Query 26 Size of the filtered table is = 50
2024-04-17 18:54 | INFO | Query 26 Active Learning Random Query Runtime on Validation Set: 291021.74
2024-04-17 18:54 | INFO | Query 26 Active Learning Random Query Runtime on Test Set: 145886.58
2024-04-17 18:54 | INFO | Query 26 Active Learning Random Query Instance Cost: 1564014.93
2024-04-17 18:54 | INFO | runtime_train_score is written as json file
2024-04-17 18:54 | INFO | runtime_test_score is written as json file
2024-04-17 18:54 | INFO | runtime_validation_score is written as json file
2024-04-17 18:54 | INFO | instance_cost is written as json file
2024-04-17 18:54 | INFO | Experiment is finished
