2024-04-17 18:44 | INFO | Paramaters are: {'dataset': 'MAXSAT19-UCMS', 'penalty': 10, 'weight': 'No_Weight', 'voting': 'Hard', 'pre_selection_size': 64, 'pre_selection_technique': 'No_pre_selection', 'feature_elimination_threshold': 20, 'imputer_strategy': 'median', 'feature_selection_technique': 'No_feature_selection', 'feature_scaling_technique': 'StandardScaler', 'initial_train_size': 20, 'query_size': 1, 'timeout_predictor_usage': 'No', 'timeout_limit': 100, 'timeout_increase_rate': 100, 'RANDOM_STATE_SEED': 99, 'n_splits': 10, 'split_number': 2, 'max_timeout': 3600, 'param_grid': {'n_estimators': 100, 'criterion': 'gini', 'max_features': 'sqrt', 'max_depth': 2147483648, 'min_samples_split': 2, 'bootstrap': True}}
2024-04-17 18:44 | INFO | MAXSAT19-UCMS is current dataset
2024-04-17 18:44 | INFO | DATASETS/MAXSAT19-UCMS/algorithm_runs.arff is found
2024-04-17 18:44 | INFO | DATASETS/MAXSAT19-UCMS/algorithm_runs.arff is finished
2024-04-17 18:44 | INFO | DATASETS/MAXSAT19-UCMS/feature_values.arff is found
2024-04-17 18:44 | INFO | DATASETS/MAXSAT19-UCMS/feature_values.arff is finished
2024-04-17 18:44 | INFO | DATASETS/MAXSAT19-UCMS/feature_costs.arff is found
2024-04-17 18:44 | INFO | DATASETS/MAXSAT19-UCMS/feature_costs.arff is finished
2024-04-17 18:44 | INFO | Feature cost of train set is 32206.07
2024-04-17 18:44 | INFO | Initial Active Learning Random Query Runtime on Validation Set: 193432.2
2024-04-17 18:44 | INFO | Initial Active Learning Random Query Runtime on Test Set: 147612.68
2024-04-17 18:44 | INFO | Initial Active Learning Random Query Instance Cost: 7600.54
2024-04-17 18:44 | INFO | Bin size = 50
2024-04-17 18:44 | INFO | Query 1 Size of the uncertainty table is = 5149/5040
2024-04-17 18:44 | INFO | Query 1 Size of the filtered table is = 50
2024-04-17 18:45 | INFO | Query 1 Active Learning Random Query Runtime on Validation Set: 199219.15
2024-04-17 18:45 | INFO | Query 1 Active Learning Random Query Runtime on Test Set: 116943.65
2024-04-17 18:45 | INFO | Query 1 Active Learning Random Query Instance Cost: 11420.9
2024-04-17 18:45 | INFO | Timeout limit is increased to 200
2024-04-17 18:45 | INFO | Query 2 Size of the uncertainty table is = 5108/5040
2024-04-17 18:45 | INFO | Query 2 Size of the filtered table is = 50
2024-04-17 18:45 | INFO | Query 2 Active Learning Random Query Runtime on Validation Set: 236538.9
2024-04-17 18:45 | INFO | Query 2 Active Learning Random Query Runtime on Test Set: 119865.12
2024-04-17 18:45 | INFO | Query 2 Active Learning Random Query Instance Cost: 20384.72
2024-04-17 18:45 | INFO | Timeout limit is increased to 300
2024-04-17 18:45 | INFO | Query 3 Size of the uncertainty table is = 5041/5040
2024-04-17 18:45 | INFO | Query 3 Size of the filtered table is = 50
2024-04-17 18:46 | INFO | Query 3 Active Learning Random Query Runtime on Validation Set: 173977.48
2024-04-17 18:46 | INFO | Query 3 Active Learning Random Query Runtime on Test Set: 123785.34
2024-04-17 18:46 | INFO | Query 3 Active Learning Random Query Instance Cost: 31168.39
2024-04-17 18:46 | INFO | Query 4 Size of the uncertainty table is = 4939/5040
2024-04-17 18:46 | INFO | Query 4 Size of the filtered table is = 50
2024-04-17 18:46 | INFO | Query 4 Active Learning Random Query Runtime on Validation Set: 244438.05
2024-04-17 18:46 | INFO | Query 4 Active Learning Random Query Runtime on Test Set: 162746.98
2024-04-17 18:46 | INFO | Query 4 Active Learning Random Query Instance Cost: 41784.5
2024-04-17 18:46 | INFO | Timeout limit is increased to 400
2024-04-17 18:46 | INFO | Query 5 Size of the uncertainty table is = 4852/5040
2024-04-17 18:46 | INFO | Query 5 Size of the filtered table is = 50
2024-04-17 18:46 | INFO | Query 5 Active Learning Random Query Runtime on Validation Set: 173611.19
2024-04-17 18:46 | INFO | Query 5 Active Learning Random Query Runtime on Test Set: 165020.66
2024-04-17 18:46 | INFO | Query 5 Active Learning Random Query Instance Cost: 52688.8
2024-04-17 18:46 | INFO | Query 6 Size of the uncertainty table is = 4723/5040
2024-04-17 18:46 | INFO | Query 6 Size of the filtered table is = 50
2024-04-17 18:47 | INFO | Query 6 Active Learning Random Query Runtime on Validation Set: 177064.75
2024-04-17 18:47 | INFO | Query 6 Active Learning Random Query Runtime on Test Set: 96039.51
2024-04-17 18:47 | INFO | Query 6 Active Learning Random Query Instance Cost: 65632.59
2024-04-17 18:47 | INFO | Timeout limit is increased to 500
2024-04-17 18:47 | INFO | Query 7 Size of the uncertainty table is = 4588/5040
2024-04-17 18:47 | INFO | Query 7 Size of the filtered table is = 50
2024-04-17 18:47 | INFO | Query 7 Active Learning Random Query Runtime on Validation Set: 213654.4
2024-04-17 18:47 | INFO | Query 7 Active Learning Random Query Runtime on Test Set: 97183.93
2024-04-17 18:47 | INFO | Query 7 Active Learning Random Query Instance Cost: 82504.47
2024-04-17 18:47 | INFO | Timeout limit is increased to 600
2024-04-17 18:47 | INFO | Query 8 Size of the uncertainty table is = 4471/5040
2024-04-17 18:47 | INFO | Query 8 Size of the filtered table is = 50
2024-04-17 18:48 | INFO | Query 8 Active Learning Random Query Runtime on Validation Set: 215700.34
2024-04-17 18:48 | INFO | Query 8 Active Learning Random Query Runtime on Test Set: 99003.98
2024-04-17 18:48 | INFO | Query 8 Active Learning Random Query Instance Cost: 101660.56
2024-04-17 18:48 | INFO | Timeout limit is increased to 700
2024-04-17 18:48 | INFO | Query 9 Size of the uncertainty table is = 4300/5040
2024-04-17 18:48 | INFO | Query 9 Size of the filtered table is = 50
2024-04-17 18:48 | INFO | Query 9 Active Learning Random Query Runtime on Validation Set: 253792.32
2024-04-17 18:48 | INFO | Query 9 Active Learning Random Query Runtime on Test Set: 172452.27
2024-04-17 18:48 | INFO | Query 9 Active Learning Random Query Instance Cost: 123052.99
2024-04-17 18:48 | INFO | Timeout limit is increased to 800
2024-04-17 18:48 | INFO | Query 10 Size of the uncertainty table is = 4148/5040
2024-04-17 18:48 | INFO | Query 10 Size of the filtered table is = 50
2024-04-17 18:48 | INFO | Query 10 Active Learning Random Query Runtime on Validation Set: 288148.26
2024-04-17 18:48 | INFO | Query 10 Active Learning Random Query Runtime on Test Set: 101576.04
2024-04-17 18:48 | INFO | Query 10 Active Learning Random Query Instance Cost: 145341.77
2024-04-17 18:48 | INFO | Timeout limit is increased to 900
2024-04-17 18:48 | INFO | Query 11 Size of the uncertainty table is = 4007/5040
2024-04-17 18:48 | INFO | Query 11 Size of the filtered table is = 50
2024-04-17 18:49 | INFO | Query 11 Active Learning Random Query Runtime on Validation Set: 253055.57
2024-04-17 18:49 | INFO | Query 11 Active Learning Random Query Runtime on Test Set: 102829.86
2024-04-17 18:49 | INFO | Query 11 Active Learning Random Query Instance Cost: 166130.88
2024-04-17 18:49 | INFO | Query 12 Size of the uncertainty table is = 3845/5040
2024-04-17 18:49 | INFO | Query 12 Size of the filtered table is = 50
2024-04-17 18:49 | INFO | Query 12 Active Learning Random Query Runtime on Validation Set: 256312.55
2024-04-17 18:49 | INFO | Query 12 Active Learning Random Query Runtime on Test Set: 103748.95
2024-04-17 18:49 | INFO | Query 12 Active Learning Random Query Instance Cost: 189324.77
2024-04-17 18:49 | INFO | Timeout limit is increased to 1000
2024-04-17 18:49 | INFO | Query 13 Size of the uncertainty table is = 3684/5040
2024-04-17 18:49 | INFO | Query 13 Size of the filtered table is = 50
2024-04-17 18:50 | INFO | Query 13 Active Learning Random Query Runtime on Validation Set: 293499.32
2024-04-17 18:50 | INFO | Query 13 Active Learning Random Query Runtime on Test Set: 105129.75
2024-04-17 18:50 | INFO | Query 13 Active Learning Random Query Instance Cost: 216807.99
2024-04-17 18:50 | INFO | Timeout limit is increased to 1100
2024-04-17 18:50 | INFO | Query 14 Size of the uncertainty table is = 3531/5040
2024-04-17 18:50 | INFO | Query 14 Size of the filtered table is = 50
2024-04-17 18:50 | INFO | Query 14 Active Learning Random Query Runtime on Validation Set: 329080.97
2024-04-17 18:50 | INFO | Query 14 Active Learning Random Query Runtime on Test Set: 105147.93
2024-04-17 18:50 | INFO | Query 14 Active Learning Random Query Instance Cost: 238720.12
2024-04-17 18:50 | INFO | Timeout limit is increased to 1200
2024-04-17 18:50 | INFO | Query 15 Size of the uncertainty table is = 3353/5040
2024-04-17 18:50 | INFO | Query 15 Size of the filtered table is = 50
2024-04-17 18:51 | INFO | Query 15 Active Learning Random Query Runtime on Validation Set: 292805.91
2024-04-17 18:51 | INFO | Query 15 Active Learning Random Query Runtime on Test Set: 105148.66
2024-04-17 18:51 | INFO | Query 15 Active Learning Random Query Instance Cost: 258307.14
2024-04-17 18:51 | INFO | Query 16 Size of the uncertainty table is = 3152/5040
2024-04-17 18:51 | INFO | Query 16 Size of the filtered table is = 50
2024-04-17 18:51 | INFO | Query 16 Active Learning Random Query Runtime on Validation Set: 293619.33
2024-04-17 18:51 | INFO | Query 16 Active Learning Random Query Runtime on Test Set: 141217.72
2024-04-17 18:51 | INFO | Query 16 Active Learning Random Query Instance Cost: 289027.26
2024-04-17 18:51 | INFO | Timeout limit is increased to 1300
2024-04-17 18:51 | INFO | Query 17 Size of the uncertainty table is = 3007/5040
2024-04-17 18:51 | INFO | Query 17 Size of the filtered table is = 50
2024-04-17 18:51 | INFO | Query 17 Active Learning Random Query Runtime on Validation Set: 368751.7
2024-04-17 18:51 | INFO | Query 17 Active Learning Random Query Runtime on Test Set: 141256.26
2024-04-17 18:51 | INFO | Query 17 Active Learning Random Query Instance Cost: 324251.04
2024-04-17 18:51 | INFO | Timeout limit is increased to 1400
2024-04-17 18:51 | INFO | Query 18 Size of the uncertainty table is = 2837/5040
2024-04-17 18:51 | INFO | Query 18 Size of the filtered table is = 50
2024-04-17 18:52 | INFO | Query 18 Active Learning Random Query Runtime on Validation Set: 296795.05
2024-04-17 18:52 | INFO | Query 18 Active Learning Random Query Runtime on Test Set: 105256.88
2024-04-17 18:52 | INFO | Query 18 Active Learning Random Query Instance Cost: 350909.68
2024-04-17 18:52 | INFO | Query 19 Size of the uncertainty table is = 2652/5040
2024-04-17 18:52 | INFO | Query 19 Size of the filtered table is = 50
2024-04-17 18:52 | INFO | Query 19 Active Learning Random Query Runtime on Validation Set: 332195.03
2024-04-17 18:52 | INFO | Query 19 Active Learning Random Query Runtime on Test Set: 105288.93
2024-04-17 18:52 | INFO | Query 19 Active Learning Random Query Instance Cost: 377693.78
2024-04-17 18:52 | INFO | Timeout limit is increased to 1500
2024-04-17 18:52 | INFO | Query 20 Size of the uncertainty table is = 2447/5040
2024-04-17 18:52 | INFO | Query 20 Size of the filtered table is = 50
2024-04-17 18:53 | INFO | Query 20 Active Learning Random Query Runtime on Validation Set: 292953.12
2024-04-17 18:53 | INFO | Query 20 Active Learning Random Query Runtime on Test Set: 105235.6
2024-04-17 18:53 | INFO | Query 20 Active Learning Random Query Instance Cost: 414285.62
2024-04-17 18:53 | INFO | Query 21 Size of the uncertainty table is = 2269/5040
2024-04-17 18:53 | INFO | Query 21 Size of the filtered table is = 50
2024-04-17 18:53 | INFO | Query 21 Active Learning Random Query Runtime on Validation Set: 292960.33
2024-04-17 18:53 | INFO | Query 21 Active Learning Random Query Runtime on Test Set: 105235.6
2024-04-17 18:53 | INFO | Query 21 Active Learning Random Query Instance Cost: 444475.07
2024-04-17 18:53 | INFO | Timeout limit is increased to 1600
2024-04-17 18:53 | INFO | Query 22 Size of the uncertainty table is = 2111/5040
2024-04-17 18:53 | INFO | Query 22 Size of the filtered table is = 50
2024-04-17 18:54 | INFO | Query 22 Active Learning Random Query Runtime on Validation Set: 293007.31
2024-04-17 18:54 | INFO | Query 22 Active Learning Random Query Runtime on Test Set: 105226.17
2024-04-17 18:54 | INFO | Query 22 Active Learning Random Query Instance Cost: 480212.09
2024-04-17 18:54 | INFO | Timeout limit is increased to 1700
2024-04-17 18:54 | INFO | Query 23 Size of the uncertainty table is = 1943/5040
2024-04-17 18:54 | INFO | Query 23 Size of the filtered table is = 50
2024-04-17 18:54 | INFO | Query 23 Active Learning Random Query Runtime on Validation Set: 292867.81
2024-04-17 18:54 | INFO | Query 23 Active Learning Random Query Runtime on Test Set: 105228.87
2024-04-17 18:54 | INFO | Query 23 Active Learning Random Query Instance Cost: 508804.9
2024-04-17 18:54 | INFO | Query 24 Size of the uncertainty table is = 1736/5040
2024-04-17 18:54 | INFO | Query 24 Size of the filtered table is = 50
2024-04-17 18:54 | INFO | Query 24 Active Learning Random Query Runtime on Validation Set: 257237.58
2024-04-17 18:54 | INFO | Query 24 Active Learning Random Query Runtime on Test Set: 105291.04
2024-04-17 18:54 | INFO | Query 24 Active Learning Random Query Instance Cost: 542504.11
2024-04-17 18:54 | INFO | Query 25 Size of the uncertainty table is = 1583/5040
2024-04-17 18:54 | INFO | Query 25 Size of the filtered table is = 50
2024-04-17 18:55 | INFO | Query 25 Active Learning Random Query Runtime on Validation Set: 256914.27
2024-04-17 18:55 | INFO | Query 25 Active Learning Random Query Runtime on Test Set: 105273.96
2024-04-17 18:55 | INFO | Query 25 Active Learning Random Query Instance Cost: 579943.49
2024-04-17 18:55 | INFO | Query 26 Size of the uncertainty table is = 1438/5040
2024-04-17 18:55 | INFO | Query 26 Size of the filtered table is = 50
2024-04-17 18:55 | INFO | Query 26 Active Learning Random Query Runtime on Validation Set: 257071.88
2024-04-17 18:55 | INFO | Query 26 Active Learning Random Query Runtime on Test Set: 105237.81
2024-04-17 18:55 | INFO | Query 26 Active Learning Random Query Instance Cost: 617222.83
2024-04-17 18:55 | INFO | Timeout limit is increased to 1800
2024-04-17 18:55 | INFO | Query 27 Size of the uncertainty table is = 1301/5040
2024-04-17 18:55 | INFO | Query 27 Size of the filtered table is = 50
2024-04-17 18:56 | INFO | Query 27 Active Learning Random Query Runtime on Validation Set: 257074.7
2024-04-17 18:56 | INFO | Query 27 Active Learning Random Query Runtime on Test Set: 105248.96
2024-04-17 18:56 | INFO | Query 27 Active Learning Random Query Instance Cost: 651766.48
2024-04-17 18:56 | INFO | Timeout limit is increased to 1900
2024-04-17 18:56 | INFO | Query 28 Size of the uncertainty table is = 1183/5040
2024-04-17 18:56 | INFO | Query 28 Size of the filtered table is = 50
2024-04-17 18:56 | INFO | Query 28 Active Learning Random Query Runtime on Validation Set: 257007.55
2024-04-17 18:56 | INFO | Query 28 Active Learning Random Query Runtime on Test Set: 105336.22
2024-04-17 18:56 | INFO | Query 28 Active Learning Random Query Instance Cost: 690699.77
2024-04-17 18:56 | INFO | Query 29 Size of the uncertainty table is = 1038/5040
2024-04-17 18:56 | INFO | Query 29 Size of the filtered table is = 50
2024-04-17 18:56 | INFO | Query 29 Active Learning Random Query Runtime on Validation Set: 257083.53
2024-04-17 18:56 | INFO | Query 29 Active Learning Random Query Runtime on Test Set: 105256.88
2024-04-17 18:56 | INFO | Query 29 Active Learning Random Query Instance Cost: 724386.91
2024-04-17 18:56 | INFO | Timeout limit is increased to 2000
2024-04-17 18:56 | INFO | Query 30 Size of the uncertainty table is = 941/5040
2024-04-17 18:56 | INFO | Query 30 Size of the filtered table is = 50
2024-04-17 18:57 | INFO | Query 30 Active Learning Random Query Runtime on Validation Set: 329458.76
2024-04-17 18:57 | INFO | Query 30 Active Learning Random Query Runtime on Test Set: 105299.4
2024-04-17 18:57 | INFO | Query 30 Active Learning Random Query Instance Cost: 764897.04
2024-04-17 18:57 | INFO | Timeout limit is increased to 2100
2024-04-17 18:57 | INFO | Query 31 Size of the uncertainty table is = 833/5040
2024-04-17 18:57 | INFO | Query 31 Size of the filtered table is = 50
2024-04-17 18:57 | INFO | Query 31 Active Learning Random Query Runtime on Validation Set: 329389.0
2024-04-17 18:57 | INFO | Query 31 Active Learning Random Query Runtime on Test Set: 105299.39
2024-04-17 18:57 | INFO | Query 31 Active Learning Random Query Instance Cost: 806757.96
2024-04-17 18:57 | INFO | Query 32 Size of the uncertainty table is = 773/5040
2024-04-17 18:57 | INFO | Query 32 Size of the filtered table is = 50
2024-04-17 18:58 | INFO | Query 32 Active Learning Random Query Runtime on Validation Set: 329459.19
2024-04-17 18:58 | INFO | Query 32 Active Learning Random Query Runtime on Test Set: 141315.56
2024-04-17 18:58 | INFO | Query 32 Active Learning Random Query Instance Cost: 842854.82
2024-04-17 18:58 | INFO | Timeout limit is increased to 2200
2024-04-17 18:58 | INFO | Query 33 Size of the uncertainty table is = 710/5040
2024-04-17 18:58 | INFO | Query 33 Size of the filtered table is = 50
2024-04-17 18:58 | INFO | Query 33 Active Learning Random Query Runtime on Validation Set: 329459.19
2024-04-17 18:58 | INFO | Query 33 Active Learning Random Query Runtime on Test Set: 105340.41
2024-04-17 18:58 | INFO | Query 33 Active Learning Random Query Instance Cost: 874144.09
2024-04-17 18:58 | INFO | Timeout limit is increased to 2300
2024-04-17 18:58 | INFO | Query 34 Size of the uncertainty table is = 658/5040
2024-04-17 18:58 | INFO | Query 34 Size of the filtered table is = 50
2024-04-17 18:59 | INFO | Query 34 Active Learning Random Query Runtime on Validation Set: 329459.72
2024-04-17 18:59 | INFO | Query 34 Active Learning Random Query Runtime on Test Set: 105309.4
2024-04-17 18:59 | INFO | Query 34 Active Learning Random Query Instance Cost: 911064.12
2024-04-17 18:59 | INFO | Timeout limit is increased to 2400
2024-04-17 18:59 | INFO | Query 35 Size of the uncertainty table is = 629/5040
2024-04-17 18:59 | INFO | Query 35 Size of the filtered table is = 50
2024-04-17 18:59 | INFO | Query 35 Active Learning Random Query Runtime on Validation Set: 329459.72
2024-04-17 18:59 | INFO | Query 35 Active Learning Random Query Runtime on Test Set: 105309.4
2024-04-17 18:59 | INFO | Query 35 Active Learning Random Query Instance Cost: 935461.5
2024-04-17 18:59 | INFO | Timeout limit is increased to 2500
2024-04-17 18:59 | INFO | Query 36 Size of the uncertainty table is = 620/5040
2024-04-17 18:59 | INFO | Query 36 Size of the filtered table is = 50
2024-04-17 18:59 | INFO | Query 36 Active Learning Random Query Runtime on Validation Set: 329459.19
2024-04-17 18:59 | INFO | Query 36 Active Learning Random Query Runtime on Test Set: 105309.4
2024-04-17 18:59 | INFO | Query 36 Active Learning Random Query Instance Cost: 965139.23
2024-04-17 18:59 | INFO | Query 37 Size of the uncertainty table is = 610/5040
2024-04-17 18:59 | INFO | Query 37 Size of the filtered table is = 50
2024-04-17 19:00 | INFO | Query 37 Active Learning Random Query Runtime on Validation Set: 329459.19
2024-04-17 19:00 | INFO | Query 37 Active Learning Random Query Runtime on Test Set: 105317.76
2024-04-17 19:00 | INFO | Query 37 Active Learning Random Query Instance Cost: 979751.81
2024-04-17 19:00 | INFO | Timeout limit is increased to 2600
2024-04-17 19:00 | INFO | Query 38 Size of the uncertainty table is = 596/5040
2024-04-17 19:00 | INFO | Query 38 Size of the filtered table is = 50
2024-04-17 19:00 | INFO | Query 38 Active Learning Random Query Runtime on Validation Set: 329459.19
2024-04-17 19:00 | INFO | Query 38 Active Learning Random Query Runtime on Test Set: 105261.87
2024-04-17 19:00 | INFO | Query 38 Active Learning Random Query Instance Cost: 1000550.46
2024-04-17 19:00 | INFO | Timeout limit is increased to 2700
2024-04-17 19:00 | INFO | Query 39 Size of the uncertainty table is = 588/5040
2024-04-17 19:00 | INFO | Query 39 Size of the filtered table is = 50
2024-04-17 19:01 | INFO | Query 39 Active Learning Random Query Runtime on Validation Set: 329459.19
2024-04-17 19:01 | INFO | Query 39 Active Learning Random Query Runtime on Test Set: 105261.87
2024-04-17 19:01 | INFO | Query 39 Active Learning Random Query Instance Cost: 1032107.61
2024-04-17 19:01 | INFO | Timeout limit is increased to 2800
2024-04-17 19:01 | INFO | Query 40 Size of the uncertainty table is = 585/5040
2024-04-17 19:01 | INFO | Query 40 Size of the filtered table is = 50
2024-04-17 19:01 | INFO | Query 40 Active Learning Random Query Runtime on Validation Set: 329459.72
2024-04-17 19:01 | INFO | Query 40 Active Learning Random Query Runtime on Test Set: 141259.67
2024-04-17 19:01 | INFO | Query 40 Active Learning Random Query Instance Cost: 1063302.83
2024-04-17 19:01 | INFO | Timeout limit is increased to 2900
2024-04-17 19:01 | INFO | Query 41 Size of the uncertainty table is = 575/5040
2024-04-17 19:01 | INFO | Query 41 Size of the filtered table is = 50
2024-04-17 19:01 | INFO | Query 41 Active Learning Random Query Runtime on Validation Set: 329459.72
2024-04-17 19:01 | INFO | Query 41 Active Learning Random Query Runtime on Test Set: 141259.67
2024-04-17 19:01 | INFO | Query 41 Active Learning Random Query Instance Cost: 1092337.28
2024-04-17 19:01 | INFO | Timeout limit is increased to 3000
2024-04-17 19:01 | INFO | Query 42 Size of the uncertainty table is = 574/5040
2024-04-17 19:01 | INFO | Query 42 Size of the filtered table is = 50
2024-04-17 19:02 | INFO | Query 42 Active Learning Random Query Runtime on Validation Set: 329459.72
2024-04-17 19:02 | INFO | Query 42 Active Learning Random Query Runtime on Test Set: 141361.83
2024-04-17 19:02 | INFO | Query 42 Active Learning Random Query Instance Cost: 1124541.57
2024-04-17 19:02 | INFO | Timeout limit is increased to 3100
2024-04-17 19:02 | INFO | Query 43 Size of the uncertainty table is = 572/5040
2024-04-17 19:02 | INFO | Query 43 Size of the filtered table is = 50
2024-04-17 19:02 | INFO | Query 43 Active Learning Random Query Runtime on Validation Set: 329459.72
2024-04-17 19:02 | INFO | Query 43 Active Learning Random Query Runtime on Test Set: 105364.02
2024-04-17 19:02 | INFO | Query 43 Active Learning Random Query Instance Cost: 1152922.74
2024-04-17 19:02 | INFO | Timeout limit is increased to 3200
2024-04-17 19:02 | INFO | Query 44 Size of the uncertainty table is = 565/5040
2024-04-17 19:02 | INFO | Query 44 Size of the filtered table is = 50
2024-04-17 19:03 | INFO | Query 44 Active Learning Random Query Runtime on Validation Set: 329495.31
2024-04-17 19:03 | INFO | Query 44 Active Learning Random Query Runtime on Test Set: 105361.99
2024-04-17 19:03 | INFO | Query 44 Active Learning Random Query Instance Cost: 1191387.68
2024-04-17 19:03 | INFO | Timeout limit is increased to 3300
2024-04-17 19:03 | INFO | Query 45 Size of the uncertainty table is = 559/5040
2024-04-17 19:03 | INFO | Query 45 Size of the filtered table is = 50
2024-04-17 19:03 | INFO | Query 45 Active Learning Random Query Runtime on Validation Set: 329495.31
2024-04-17 19:03 | INFO | Query 45 Active Learning Random Query Runtime on Test Set: 105315.72
2024-04-17 19:03 | INFO | Query 45 Active Learning Random Query Instance Cost: 1224935.72
2024-04-17 19:03 | INFO | Timeout limit is increased to 3400
2024-04-17 19:03 | INFO | Query 46 Size of the uncertainty table is = 553/5040
2024-04-17 19:03 | INFO | Query 46 Size of the filtered table is = 50
2024-04-17 19:04 | INFO | Query 46 Active Learning Random Query Runtime on Validation Set: 329495.31
2024-04-17 19:04 | INFO | Query 46 Active Learning Random Query Runtime on Test Set: 105315.72
2024-04-17 19:04 | INFO | Query 46 Active Learning Random Query Instance Cost: 1252723.48
2024-04-17 19:04 | INFO | Timeout limit is increased to 3500
2024-04-17 19:04 | INFO | Query 47 Size of the uncertainty table is = 547/5040
2024-04-17 19:04 | INFO | Query 47 Size of the filtered table is = 50
2024-04-17 19:04 | INFO | Query 47 Active Learning Random Query Runtime on Validation Set: 329496.64
2024-04-17 19:04 | INFO | Query 47 Active Learning Random Query Runtime on Test Set: 141315.56
2024-04-17 19:04 | INFO | Query 47 Active Learning Random Query Instance Cost: 1283304.84
2024-04-17 19:04 | INFO | Timeout limit is increased to 3600
2024-04-17 19:04 | INFO | Query 48 Size of the uncertainty table is = 533/5040
2024-04-17 19:04 | INFO | Query 48 Size of the filtered table is = 50
2024-04-17 19:04 | INFO | Query 48 Active Learning Random Query Runtime on Validation Set: 329467.78
2024-04-17 19:04 | INFO | Query 48 Active Learning Random Query Runtime on Test Set: 141315.56
2024-04-17 19:04 | INFO | Query 48 Active Learning Random Query Instance Cost: 1314924.06
2024-04-17 19:04 | INFO | runtime_train_score is written as json file
2024-04-17 19:04 | INFO | runtime_test_score is written as json file
2024-04-17 19:04 | INFO | runtime_validation_score is written as json file
2024-04-17 19:04 | INFO | instance_cost is written as json file
2024-04-17 19:04 | INFO | Experiment is finished
