2024-04-17 18:43 | INFO | Paramaters are: {'dataset': 'MAXSAT12-PMS', 'penalty': 10, 'weight': 'No_Weight', 'voting': 'Hard', 'pre_selection_size': 64, 'pre_selection_technique': 'No_pre_selection', 'feature_elimination_threshold': 20, 'imputer_strategy': 'median', 'feature_selection_technique': 'No_feature_selection', 'feature_scaling_technique': 'StandardScaler', 'initial_train_size': 20, 'query_size': 1, 'timeout_predictor_usage': 'Yes', 'timeout_limit': 3600, 'timeout_increase_rate': 100, 'RANDOM_STATE_SEED': 123, 'n_splits': 10, 'split_number': 6, 'max_timeout': 3600, 'param_grid': {'n_estimators': 100, 'criterion': 'gini', 'max_features': 'sqrt', 'max_depth': 2147483648, 'min_samples_split': 2, 'bootstrap': True}}
2024-04-17 18:43 | INFO | MAXSAT12-PMS is current dataset
2024-04-17 18:43 | INFO | DATASETS/MAXSAT12-PMS/algorithm_runs.csv is found
2024-04-17 18:43 | INFO | DATASETS/MAXSAT12-PMS/algorithm_runs.csv is finished
2024-04-17 18:43 | INFO | DATASETS/MAXSAT12-PMS/feature_values.csv is found
2024-04-17 18:43 | INFO | DATASETS/MAXSAT12-PMS/feature_values.csv is finished
2024-04-17 18:43 | INFO | DATASETS/MAXSAT12-PMS/feature_costs.csv is found
2024-04-17 18:43 | INFO | DATASETS/MAXSAT12-PMS/feature_costs.csv is finished
2024-04-17 18:43 | INFO | Feature cost of train set is 32.88
2024-04-17 18:44 | INFO | Initial Active Learning Random Query Runtime on Validation Set: 659467.2
2024-04-17 18:44 | INFO | Initial Active Learning Random Query Runtime on Test Set: 253994.25
2024-04-17 18:44 | INFO | Initial Active Learning Random Query Instance Cost: 107000.99
2024-04-17 18:44 | INFO | Bin size = 77
2024-04-17 18:44 | INFO | Query 1 Size of the uncertainty table is = 7755/7755
2024-04-17 18:44 | INFO | Query 1 Size of the filtered table is = 77
2024-04-17 18:44 | INFO | Query 1 Active Learning Random Query Runtime on Validation Set: 659403.43
2024-04-17 18:44 | INFO | Query 1 Active Learning Random Query Runtime on Test Set: 254098.85
2024-04-17 18:44 | INFO | Query 1 Active Learning Random Query Instance Cost: 278034.43
2024-04-17 18:44 | INFO | Query 2 Size of the uncertainty table is = 7676/7755
2024-04-17 18:44 | INFO | Query 2 Size of the filtered table is = 77
2024-04-17 18:45 | INFO | Query 2 Active Learning Random Query Runtime on Validation Set: 408878.95
2024-04-17 18:45 | INFO | Query 2 Active Learning Random Query Runtime on Test Set: 253294.59
2024-04-17 18:45 | INFO | Query 2 Active Learning Random Query Instance Cost: 426301.9
2024-04-17 18:45 | INFO | Query 3 Size of the uncertainty table is = 7558/7755
2024-04-17 18:45 | INFO | Query 3 Size of the filtered table is = 77
2024-04-17 18:45 | INFO | Query 3 Active Learning Random Query Runtime on Validation Set: 46774.98
2024-04-17 18:45 | INFO | Query 3 Active Learning Random Query Runtime on Test Set: 145678.34
2024-04-17 18:45 | INFO | Query 3 Active Learning Random Query Instance Cost: 596550.86
2024-04-17 18:45 | INFO | Query 4 Size of the uncertainty table is = 7430/7755
2024-04-17 18:45 | INFO | Query 4 Size of the filtered table is = 77
2024-04-17 18:46 | INFO | Query 4 Active Learning Random Query Runtime on Validation Set: 46781.39
2024-04-17 18:46 | INFO | Query 4 Active Learning Random Query Runtime on Test Set: 73542.41
2024-04-17 18:46 | INFO | Query 4 Active Learning Random Query Instance Cost: 768365.49
2024-04-17 18:46 | INFO | Timeout limit is increased to 3600
2024-04-17 18:46 | INFO | Query 5 Size of the uncertainty table is = 7275/7755
2024-04-17 18:46 | INFO | Query 5 Size of the filtered table is = 77
2024-04-17 18:47 | INFO | Query 5 Active Learning Random Query Runtime on Validation Set: 46782.12
2024-04-17 18:47 | INFO | Query 5 Active Learning Random Query Runtime on Test Set: 37641.02
2024-04-17 18:47 | INFO | Query 5 Active Learning Random Query Instance Cost: 885798.49
2024-04-17 18:47 | INFO | Timeout limit is increased to 3600
2024-04-17 18:47 | INFO | Query 6 Size of the uncertainty table is = 7090/7755
2024-04-17 18:47 | INFO | Query 6 Size of the filtered table is = 77
2024-04-17 18:47 | INFO | Query 6 Active Learning Random Query Runtime on Validation Set: 8230.2
2024-04-17 18:47 | INFO | Query 6 Active Learning Random Query Runtime on Test Set: 1653.33
2024-04-17 18:47 | INFO | Query 6 Active Learning Random Query Instance Cost: 1038330.17
2024-04-17 18:47 | INFO | Query 7 Size of the uncertainty table is = 6926/7755
2024-04-17 18:47 | INFO | Query 7 Size of the filtered table is = 77
2024-04-17 18:48 | INFO | Query 7 Active Learning Random Query Runtime on Validation Set: 8523.29
2024-04-17 18:48 | INFO | Query 7 Active Learning Random Query Runtime on Test Set: 1811.25
2024-04-17 18:48 | INFO | Query 7 Active Learning Random Query Instance Cost: 1194282.31
2024-04-17 18:48 | INFO | Timeout limit is increased to 3600
2024-04-17 18:48 | INFO | Query 8 Size of the uncertainty table is = 6735/7755
2024-04-17 18:48 | INFO | Query 8 Size of the filtered table is = 77
2024-04-17 18:48 | INFO | Query 8 Active Learning Random Query Runtime on Validation Set: 46849.98
2024-04-17 18:48 | INFO | Query 8 Active Learning Random Query Runtime on Test Set: 37746.37
2024-04-17 18:48 | INFO | Query 8 Active Learning Random Query Instance Cost: 1326115.03
2024-04-17 18:48 | INFO | Timeout limit is increased to 3600
2024-04-17 18:48 | INFO | Query 9 Size of the uncertainty table is = 6531/7755
2024-04-17 18:48 | INFO | Query 9 Size of the filtered table is = 77
2024-04-17 18:49 | INFO | Query 9 Active Learning Random Query Runtime on Validation Set: 477757.7
2024-04-17 18:49 | INFO | Query 9 Active Learning Random Query Runtime on Test Set: 2299.6
2024-04-17 18:49 | INFO | Query 9 Active Learning Random Query Instance Cost: 1455138.33
2024-04-17 18:49 | INFO | Timeout limit is increased to 3600
2024-04-17 18:49 | INFO | Query 10 Size of the uncertainty table is = 6291/7755
2024-04-17 18:49 | INFO | Query 10 Size of the filtered table is = 77
2024-04-17 18:49 | INFO | Query 10 Active Learning Random Query Runtime on Validation Set: 8582.5
2024-04-17 18:49 | INFO | Query 10 Active Learning Random Query Runtime on Test Set: 1730.41
2024-04-17 18:49 | INFO | Query 10 Active Learning Random Query Instance Cost: 1596643.94
2024-04-17 18:49 | INFO | Query 11 Size of the uncertainty table is = 6059/7755
2024-04-17 18:49 | INFO | Query 11 Size of the filtered table is = 77
2024-04-17 18:50 | INFO | Query 11 Active Learning Random Query Runtime on Validation Set: 8462.25
2024-04-17 18:50 | INFO | Query 11 Active Learning Random Query Runtime on Test Set: 37751.84
2024-04-17 18:50 | INFO | Query 11 Active Learning Random Query Instance Cost: 1741060.07
2024-04-17 18:50 | INFO | Query 12 Size of the uncertainty table is = 5806/7755
2024-04-17 18:50 | INFO | Query 12 Size of the filtered table is = 77
2024-04-17 18:50 | INFO | Query 12 Active Learning Random Query Runtime on Validation Set: 8549.01
2024-04-17 18:50 | INFO | Query 12 Active Learning Random Query Runtime on Test Set: 1654.96
2024-04-17 18:50 | INFO | Query 12 Active Learning Random Query Instance Cost: 1854888.42
2024-04-17 18:50 | INFO | Timeout limit is increased to 3600
2024-04-17 18:50 | INFO | Query 13 Size of the uncertainty table is = 5563/7755
2024-04-17 18:50 | INFO | Query 13 Size of the filtered table is = 77
2024-04-17 18:51 | INFO | Query 13 Active Learning Random Query Runtime on Validation Set: 8567.27
2024-04-17 18:51 | INFO | Query 13 Active Learning Random Query Runtime on Test Set: 37650.31
2024-04-17 18:51 | INFO | Query 13 Active Learning Random Query Instance Cost: 1979622.54
2024-04-17 18:51 | INFO | Timeout limit is increased to 3600
2024-04-17 18:51 | INFO | Query 14 Size of the uncertainty table is = 5309/7755
2024-04-17 18:51 | INFO | Query 14 Size of the filtered table is = 77
2024-04-17 18:51 | INFO | Query 14 Active Learning Random Query Runtime on Validation Set: 8390.5
2024-04-17 18:51 | INFO | Query 14 Active Learning Random Query Runtime on Test Set: 1657.59
2024-04-17 18:51 | INFO | Query 14 Active Learning Random Query Instance Cost: 2088079.36
2024-04-17 18:51 | INFO | Query 15 Size of the uncertainty table is = 5028/7755
2024-04-17 18:51 | INFO | Query 15 Size of the filtered table is = 77
2024-04-17 18:52 | INFO | Query 15 Active Learning Random Query Runtime on Validation Set: 8269.38
2024-04-17 18:52 | INFO | Query 15 Active Learning Random Query Runtime on Test Set: 1594.96
2024-04-17 18:52 | INFO | Query 15 Active Learning Random Query Instance Cost: 2183596.02
2024-04-17 18:52 | INFO | Query 16 Size of the uncertainty table is = 4753/7755
2024-04-17 18:52 | INFO | Query 16 Size of the filtered table is = 77
2024-04-17 18:52 | INFO | Query 16 Active Learning Random Query Runtime on Validation Set: 8269.59
2024-04-17 18:52 | INFO | Query 16 Active Learning Random Query Runtime on Test Set: 1556.74
2024-04-17 18:52 | INFO | Query 16 Active Learning Random Query Instance Cost: 2293073.29
2024-04-17 18:52 | INFO | Timeout limit is increased to 3600
2024-04-17 18:52 | INFO | Query 17 Size of the uncertainty table is = 4500/7755
2024-04-17 18:52 | INFO | Query 17 Size of the filtered table is = 77
2024-04-17 18:53 | INFO | Query 17 Active Learning Random Query Runtime on Validation Set: 8269.66
2024-04-17 18:53 | INFO | Query 17 Active Learning Random Query Runtime on Test Set: 1556.78
2024-04-17 18:53 | INFO | Query 17 Active Learning Random Query Instance Cost: 2403767.87
2024-04-17 18:53 | INFO | Timeout limit is increased to 3600
2024-04-17 18:53 | INFO | Query 18 Size of the uncertainty table is = 4230/7755
2024-04-17 18:53 | INFO | Query 18 Size of the filtered table is = 77
2024-04-17 18:53 | INFO | Query 18 Active Learning Random Query Runtime on Validation Set: 8432.5
2024-04-17 18:53 | INFO | Query 18 Active Learning Random Query Runtime on Test Set: 1634.93
2024-04-17 18:53 | INFO | Query 18 Active Learning Random Query Instance Cost: 2476772.89
2024-04-17 18:53 | INFO | Timeout limit is increased to 3600
2024-04-17 18:53 | INFO | Query 19 Size of the uncertainty table is = 3910/7755
2024-04-17 18:53 | INFO | Query 19 Size of the filtered table is = 77
2024-04-17 18:54 | INFO | Query 19 Active Learning Random Query Runtime on Validation Set: 8331.82
2024-04-17 18:54 | INFO | Query 19 Active Learning Random Query Runtime on Test Set: 1634.14
2024-04-17 18:54 | INFO | Query 19 Active Learning Random Query Instance Cost: 2574864.89
2024-04-17 18:54 | INFO | Query 20 Size of the uncertainty table is = 3610/7755
2024-04-17 18:54 | INFO | Query 20 Size of the filtered table is = 77
2024-04-17 18:55 | INFO | Query 20 Active Learning Random Query Runtime on Validation Set: 8348.04
2024-04-17 18:55 | INFO | Query 20 Active Learning Random Query Runtime on Test Set: 1633.45
2024-04-17 18:55 | INFO | Query 20 Active Learning Random Query Instance Cost: 2659744.14
2024-04-17 18:55 | INFO | Timeout limit is increased to 3600
2024-04-17 18:55 | INFO | Query 21 Size of the uncertainty table is = 3294/7755
2024-04-17 18:55 | INFO | Query 21 Size of the filtered table is = 77
2024-04-17 18:55 | INFO | Query 21 Active Learning Random Query Runtime on Validation Set: 8419.23
2024-04-17 18:55 | INFO | Query 21 Active Learning Random Query Runtime on Test Set: 1679.83
2024-04-17 18:55 | INFO | Query 21 Active Learning Random Query Instance Cost: 2779326.26
2024-04-17 18:55 | INFO | Timeout limit is increased to 3600
2024-04-17 18:55 | INFO | Query 22 Size of the uncertainty table is = 2988/7755
2024-04-17 18:55 | INFO | Query 22 Size of the filtered table is = 77
2024-04-17 18:56 | INFO | Query 22 Active Learning Random Query Runtime on Validation Set: 8307.95
2024-04-17 18:56 | INFO | Query 22 Active Learning Random Query Runtime on Test Set: 1526.02
2024-04-17 18:56 | INFO | Query 22 Active Learning Random Query Instance Cost: 2858169.65
2024-04-17 18:56 | INFO | Query 23 Size of the uncertainty table is = 2664/7755
2024-04-17 18:56 | INFO | Query 23 Size of the filtered table is = 77
2024-04-17 18:56 | INFO | Query 23 Active Learning Random Query Runtime on Validation Set: 8302.49
2024-04-17 18:56 | INFO | Query 23 Active Learning Random Query Runtime on Test Set: 1617.96
2024-04-17 18:56 | INFO | Query 23 Active Learning Random Query Instance Cost: 2954094.64
2024-04-17 18:56 | INFO | Query 24 Size of the uncertainty table is = 2332/7755
2024-04-17 18:56 | INFO | Query 24 Size of the filtered table is = 77
2024-04-17 18:57 | INFO | Query 24 Active Learning Random Query Runtime on Validation Set: 186949.94
2024-04-17 18:57 | INFO | Query 24 Active Learning Random Query Runtime on Test Set: 1542.01
2024-04-17 18:57 | INFO | Query 24 Active Learning Random Query Instance Cost: 3029794.97
2024-04-17 18:57 | INFO | Timeout limit is increased to 3600
2024-04-17 18:57 | INFO | Query 25 Size of the uncertainty table is = 2018/7755
2024-04-17 18:57 | INFO | Query 25 Size of the filtered table is = 77
2024-04-17 18:57 | INFO | Query 25 Active Learning Random Query Runtime on Validation Set: 8275.68
2024-04-17 18:57 | INFO | Query 25 Active Learning Random Query Runtime on Test Set: 1657.56
2024-04-17 18:57 | INFO | Query 25 Active Learning Random Query Instance Cost: 3124623.38
2024-04-17 18:57 | INFO | Query 26 Size of the uncertainty table is = 1692/7755
2024-04-17 18:57 | INFO | Query 26 Size of the filtered table is = 77
2024-04-17 18:58 | INFO | Query 26 Active Learning Random Query Runtime on Validation Set: 8362.57
2024-04-17 18:58 | INFO | Query 26 Active Learning Random Query Runtime on Test Set: 1658.32
2024-04-17 18:58 | INFO | Query 26 Active Learning Random Query Instance Cost: 3202269.32
2024-04-17 18:58 | INFO | Timeout limit is increased to 3600
2024-04-17 18:58 | INFO | Query 27 Size of the uncertainty table is = 1341/7755
2024-04-17 18:58 | INFO | Query 27 Size of the filtered table is = 77
2024-04-17 18:58 | INFO | Query 27 Active Learning Random Query Runtime on Validation Set: 8477.48
2024-04-17 18:58 | INFO | Query 27 Active Learning Random Query Runtime on Test Set: 1658.31
2024-04-17 18:58 | INFO | Query 27 Active Learning Random Query Instance Cost: 3277810.97
2024-04-17 18:58 | INFO | Timeout limit is increased to 3600
2024-04-17 18:58 | INFO | Query 28 Size of the uncertainty table is = 1061/7755
2024-04-17 18:58 | INFO | Query 28 Size of the filtered table is = 77
2024-04-17 18:59 | INFO | Query 28 Active Learning Random Query Runtime on Validation Set: 8455.02
2024-04-17 18:59 | INFO | Query 28 Active Learning Random Query Runtime on Test Set: 1658.27
2024-04-17 18:59 | INFO | Query 28 Active Learning Random Query Instance Cost: 3337522.61
2024-04-17 18:59 | INFO | Query 29 Size of the uncertainty table is = 762/7755
2024-04-17 18:59 | INFO | Query 29 Size of the filtered table is = 77
2024-04-17 19:00 | INFO | Query 29 Active Learning Random Query Runtime on Validation Set: 8454.94
2024-04-17 19:00 | INFO | Query 29 Active Learning Random Query Runtime on Test Set: 1658.36
2024-04-17 19:00 | INFO | Query 29 Active Learning Random Query Instance Cost: 3411925.47
2024-04-17 19:00 | INFO | Query 30 Size of the uncertainty table is = 474/7755
2024-04-17 19:00 | INFO | Query 30 Size of the filtered table is = 77
2024-04-17 19:00 | INFO | Query 30 Active Learning Random Query Runtime on Validation Set: 8477.48
2024-04-17 19:00 | INFO | Query 30 Active Learning Random Query Runtime on Test Set: 1634.55
2024-04-17 19:00 | INFO | Query 30 Active Learning Random Query Instance Cost: 3455098.62
2024-04-17 19:00 | INFO | Timeout limit is increased to 3600
2024-04-17 19:00 | INFO | Query 31 Size of the uncertainty table is = 181/7755
2024-04-17 19:00 | INFO | Query 31 Size of the filtered table is = 77
2024-04-17 19:01 | INFO | Query 31 Active Learning Random Query Runtime on Validation Set: 263012.46
2024-04-17 19:01 | INFO | Query 31 Active Learning Random Query Runtime on Test Set: 1709.26
2024-04-17 19:01 | INFO | Query 31 Active Learning Random Query Instance Cost: 3482795.91
2024-04-17 19:01 | INFO | Timeout limit is increased to 3600
2024-04-17 19:01 | INFO | Query 32 Size of the uncertainty table is = 15/7755
2024-04-17 19:01 | INFO | Query 32 Size of the filtered table is = 15
2024-04-17 19:01 | INFO | Query 32 Active Learning Random Query Runtime on Validation Set: 227318.4
2024-04-17 19:01 | INFO | Query 32 Active Learning Random Query Runtime on Test Set: 1534.24
2024-04-17 19:01 | INFO | Query 32 Active Learning Random Query Instance Cost: 3483243.46
2024-04-17 19:01 | INFO | runtime_train_score is written as json file
2024-04-17 19:01 | INFO | runtime_test_score is written as json file
2024-04-17 19:01 | INFO | runtime_validation_score is written as json file
2024-04-17 19:01 | INFO | instance_cost is written as json file
2024-04-17 19:01 | INFO | Experiment is finished
