2024-04-17 18:44 | INFO | Paramaters are: {'dataset': 'QBF-2011', 'penalty': 10, 'weight': 'No_Weight', 'voting': 'Hard', 'pre_selection_size': 64, 'pre_selection_technique': 'No_pre_selection', 'feature_elimination_threshold': 20, 'imputer_strategy': 'median', 'feature_selection_technique': 'No_feature_selection', 'feature_scaling_technique': 'StandardScaler', 'initial_train_size': 20, 'query_size': 1, 'timeout_predictor_usage': 'Yes', 'timeout_limit': 100, 'timeout_increase_rate': 100, 'RANDOM_STATE_SEED': 7, 'n_splits': 10, 'split_number': 2, 'max_timeout': 3600, 'param_grid': {'n_estimators': 100, 'criterion': 'gini', 'max_features': 'sqrt', 'max_depth': 2147483648, 'min_samples_split': 2, 'bootstrap': True}}
2024-04-17 18:44 | INFO | QBF-2011 is current dataset
2024-04-17 18:44 | INFO | DATASETS/QBF-2011/algorithm_runs.csv is found
2024-04-17 18:44 | INFO | DATASETS/QBF-2011/algorithm_runs.csv is finished
2024-04-17 18:44 | INFO | DATASETS/QBF-2011/feature_values.csv is found
2024-04-17 18:44 | INFO | DATASETS/QBF-2011/feature_values.csv is finished
2024-04-17 18:44 | INFO | Feature cost of train set is 0
2024-04-17 18:45 | INFO | Initial Active Learning Random Query Runtime on Validation Set: 1496000.43
2024-04-17 18:45 | INFO | Initial Active Learning Random Query Runtime on Test Set: 372219.07
2024-04-17 18:45 | INFO | Initial Active Learning Random Query Instance Cost: 6402.61
2024-04-17 18:45 | INFO | Bin size = 73
2024-04-17 18:45 | INFO | Query 1 Size of the uncertainty table is = 7469/7380
2024-04-17 18:45 | INFO | Query 1 Size of the filtered table is = 73
2024-04-17 18:45 | INFO | Query 1 Active Learning Random Query Runtime on Validation Set: 1675698.27
2024-04-17 18:45 | INFO | Query 1 Active Learning Random Query Runtime on Test Set: 482551.06
2024-04-17 18:45 | INFO | Query 1 Active Learning Random Query Instance Cost: 15196.15
2024-04-17 18:45 | INFO | Timeout limit is increased to 200
2024-04-17 18:45 | INFO | Query 2 Size of the uncertainty table is = 7428/7380
2024-04-17 18:45 | INFO | Query 2 Size of the filtered table is = 73
2024-04-17 18:46 | INFO | Query 2 Active Learning Random Query Runtime on Validation Set: 2067025.32
2024-04-17 18:46 | INFO | Query 2 Active Learning Random Query Runtime on Test Set: 516175.82
2024-04-17 18:46 | INFO | Query 2 Active Learning Random Query Instance Cost: 31828.52
2024-04-17 18:46 | INFO | Timeout limit is increased to 300
2024-04-17 18:46 | INFO | Query 3 Size of the uncertainty table is = 7371/7380
2024-04-17 18:46 | INFO | Query 3 Size of the filtered table is = 73
2024-04-17 18:46 | INFO | Query 3 Active Learning Random Query Runtime on Validation Set: 1642137.73
2024-04-17 18:46 | INFO | Query 3 Active Learning Random Query Runtime on Test Set: 375090.46
2024-04-17 18:46 | INFO | Query 3 Active Learning Random Query Instance Cost: 54160.4
2024-04-17 18:46 | INFO | Query 4 Size of the uncertainty table is = 7296/7380
2024-04-17 18:46 | INFO | Query 4 Size of the filtered table is = 73
2024-04-17 18:47 | INFO | Query 4 Active Learning Random Query Runtime on Validation Set: 1567672.18
2024-04-17 18:47 | INFO | Query 4 Active Learning Random Query Runtime on Test Set: 373506.92
2024-04-17 18:47 | INFO | Query 4 Active Learning Random Query Instance Cost: 74591.77
2024-04-17 18:47 | INFO | Query 5 Size of the uncertainty table is = 7218/7380
2024-04-17 18:47 | INFO | Query 5 Size of the filtered table is = 73
2024-04-17 18:47 | INFO | Query 5 Active Learning Random Query Runtime on Validation Set: 1999688.02
2024-04-17 18:47 | INFO | Query 5 Active Learning Random Query Runtime on Test Set: 416164.42
2024-04-17 18:47 | INFO | Query 5 Active Learning Random Query Instance Cost: 98522.89
2024-04-17 18:47 | INFO | Timeout limit is increased to 400
2024-04-17 18:47 | INFO | Query 6 Size of the uncertainty table is = 7141/7380
2024-04-17 18:47 | INFO | Query 6 Size of the filtered table is = 73
2024-04-17 18:48 | INFO | Query 6 Active Learning Random Query Runtime on Validation Set: 2252536.46
2024-04-17 18:48 | INFO | Query 6 Active Learning Random Query Runtime on Test Set: 595985.65
2024-04-17 18:48 | INFO | Query 6 Active Learning Random Query Instance Cost: 122936.6
2024-04-17 18:48 | INFO | Timeout limit is increased to 500
2024-04-17 18:48 | INFO | Query 7 Size of the uncertainty table is = 7057/7380
2024-04-17 18:48 | INFO | Query 7 Size of the filtered table is = 73
2024-04-17 18:48 | INFO | Query 7 Active Learning Random Query Runtime on Validation Set: 1676743.42
2024-04-17 18:48 | INFO | Query 7 Active Learning Random Query Runtime on Test Set: 343018.17
2024-04-17 18:48 | INFO | Query 7 Active Learning Random Query Instance Cost: 161638.42
2024-04-17 18:48 | INFO | Query 8 Size of the uncertainty table is = 6967/7380
2024-04-17 18:48 | INFO | Query 8 Size of the filtered table is = 73
2024-04-17 18:49 | INFO | Query 8 Active Learning Random Query Runtime on Validation Set: 1676729.89
2024-04-17 18:49 | INFO | Query 8 Active Learning Random Query Runtime on Test Set: 310422.81
2024-04-17 18:49 | INFO | Query 8 Active Learning Random Query Instance Cost: 193192.34
2024-04-17 18:49 | INFO | Query 9 Size of the uncertainty table is = 6847/7380
2024-04-17 18:49 | INFO | Query 9 Size of the filtered table is = 73
2024-04-17 18:49 | INFO | Query 9 Active Learning Random Query Runtime on Validation Set: 1639994.37
2024-04-17 18:49 | INFO | Query 9 Active Learning Random Query Runtime on Test Set: 410367.33
2024-04-17 18:49 | INFO | Query 9 Active Learning Random Query Instance Cost: 229280.02
2024-04-17 18:49 | INFO | Query 10 Size of the uncertainty table is = 6747/7380
2024-04-17 18:49 | INFO | Query 10 Size of the filtered table is = 73
2024-04-17 18:49 | INFO | Query 10 Active Learning Random Query Runtime on Validation Set: 1748912.87
2024-04-17 18:49 | INFO | Query 10 Active Learning Random Query Runtime on Test Set: 418960.74
2024-04-17 18:49 | INFO | Query 10 Active Learning Random Query Instance Cost: 263201.49
2024-04-17 18:49 | INFO | Timeout limit is increased to 600
2024-04-17 18:49 | INFO | Query 11 Size of the uncertainty table is = 6636/7380
2024-04-17 18:49 | INFO | Query 11 Size of the filtered table is = 73
2024-04-17 18:50 | INFO | Query 11 Active Learning Random Query Runtime on Validation Set: 1416808.18
2024-04-17 18:50 | INFO | Query 11 Active Learning Random Query Runtime on Test Set: 481038.7
2024-04-17 18:50 | INFO | Query 11 Active Learning Random Query Instance Cost: 305574.35
2024-04-17 18:50 | INFO | Query 12 Size of the uncertainty table is = 6514/7380
2024-04-17 18:50 | INFO | Query 12 Size of the filtered table is = 73
2024-04-17 18:50 | INFO | Query 12 Active Learning Random Query Runtime on Validation Set: 1488617.8
2024-04-17 18:50 | INFO | Query 12 Active Learning Random Query Runtime on Test Set: 444032.46
2024-04-17 18:50 | INFO | Query 12 Active Learning Random Query Instance Cost: 343307.5
2024-04-17 18:50 | INFO | Timeout limit is increased to 700
2024-04-17 18:50 | INFO | Query 13 Size of the uncertainty table is = 6408/7380
2024-04-17 18:50 | INFO | Query 13 Size of the filtered table is = 73
2024-04-17 18:51 | INFO | Query 13 Active Learning Random Query Runtime on Validation Set: 1241718.23
2024-04-17 18:51 | INFO | Query 13 Active Learning Random Query Runtime on Test Set: 516851.89
2024-04-17 18:51 | INFO | Query 13 Active Learning Random Query Instance Cost: 379072.22
2024-04-17 18:51 | INFO | Query 14 Size of the uncertainty table is = 6288/7380
2024-04-17 18:51 | INFO | Query 14 Size of the filtered table is = 73
2024-04-17 18:51 | INFO | Query 14 Active Learning Random Query Runtime on Validation Set: 1205246.21
2024-04-17 18:51 | INFO | Query 14 Active Learning Random Query Runtime on Test Set: 517366.61
2024-04-17 18:51 | INFO | Query 14 Active Learning Random Query Instance Cost: 424559.05
2024-04-17 18:51 | INFO | Query 15 Size of the uncertainty table is = 6171/7380
2024-04-17 18:51 | INFO | Query 15 Size of the filtered table is = 73
2024-04-17 18:52 | INFO | Query 15 Active Learning Random Query Runtime on Validation Set: 955253.86
2024-04-17 18:52 | INFO | Query 15 Active Learning Random Query Runtime on Test Set: 411348.07
2024-04-17 18:52 | INFO | Query 15 Active Learning Random Query Instance Cost: 470191.13
2024-04-17 18:52 | INFO | Query 16 Size of the uncertainty table is = 6060/7380
2024-04-17 18:52 | INFO | Query 16 Size of the filtered table is = 73
2024-04-17 18:52 | INFO | Query 16 Active Learning Random Query Runtime on Validation Set: 1207048.51
2024-04-17 18:52 | INFO | Query 16 Active Learning Random Query Runtime on Test Set: 375430.67
2024-04-17 18:52 | INFO | Query 16 Active Learning Random Query Instance Cost: 518193.37
2024-04-17 18:52 | INFO | Timeout limit is increased to 800
2024-04-17 18:52 | INFO | Query 17 Size of the uncertainty table is = 5954/7380
2024-04-17 18:52 | INFO | Query 17 Size of the filtered table is = 73
2024-04-17 18:53 | INFO | Query 17 Active Learning Random Query Runtime on Validation Set: 1133122.9
2024-04-17 18:53 | INFO | Query 17 Active Learning Random Query Runtime on Test Set: 339292.88
2024-04-17 18:53 | INFO | Query 17 Active Learning Random Query Instance Cost: 560677.18
2024-04-17 18:53 | INFO | Query 18 Size of the uncertainty table is = 5814/7380
2024-04-17 18:53 | INFO | Query 18 Size of the filtered table is = 73
2024-04-17 18:53 | INFO | Query 18 Active Learning Random Query Runtime on Validation Set: 919462.7
2024-04-17 18:53 | INFO | Query 18 Active Learning Random Query Runtime on Test Set: 194180.0
2024-04-17 18:53 | INFO | Query 18 Active Learning Random Query Instance Cost: 607468.47
2024-04-17 18:53 | INFO | Query 19 Size of the uncertainty table is = 5674/7380
2024-04-17 18:53 | INFO | Query 19 Size of the filtered table is = 73
2024-04-17 18:54 | INFO | Query 19 Active Learning Random Query Runtime on Validation Set: 1312585.39
2024-04-17 18:54 | INFO | Query 19 Active Learning Random Query Runtime on Test Set: 265816.75
2024-04-17 18:54 | INFO | Query 19 Active Learning Random Query Instance Cost: 644128.43
2024-04-17 18:54 | INFO | Timeout limit is increased to 900
2024-04-17 18:54 | INFO | Query 20 Size of the uncertainty table is = 5526/7380
2024-04-17 18:54 | INFO | Query 20 Size of the filtered table is = 73
2024-04-17 18:54 | INFO | Query 20 Active Learning Random Query Runtime on Validation Set: 1313109.38
2024-04-17 18:54 | INFO | Query 20 Active Learning Random Query Runtime on Test Set: 229636.01
2024-04-17 18:54 | INFO | Query 20 Active Learning Random Query Instance Cost: 690928.98
2024-04-17 18:54 | INFO | Timeout limit is increased to 1000
2024-04-17 18:54 | INFO | Query 21 Size of the uncertainty table is = 5405/7380
2024-04-17 18:54 | INFO | Query 21 Size of the filtered table is = 73
2024-04-17 18:55 | INFO | Query 21 Active Learning Random Query Runtime on Validation Set: 1420493.22
2024-04-17 18:55 | INFO | Query 21 Active Learning Random Query Runtime on Test Set: 265987.89
2024-04-17 18:55 | INFO | Query 21 Active Learning Random Query Instance Cost: 754030.5
2024-04-17 18:55 | INFO | Timeout limit is increased to 1100
2024-04-17 18:55 | INFO | Query 22 Size of the uncertainty table is = 5282/7380
2024-04-17 18:55 | INFO | Query 22 Size of the filtered table is = 73
2024-04-17 18:55 | INFO | Query 22 Active Learning Random Query Runtime on Validation Set: 1348770.81
2024-04-17 18:55 | INFO | Query 22 Active Learning Random Query Runtime on Test Set: 265978.18
2024-04-17 18:55 | INFO | Query 22 Active Learning Random Query Instance Cost: 812515.28
2024-04-17 18:55 | INFO | Query 23 Size of the uncertainty table is = 5133/7380
2024-04-17 18:55 | INFO | Query 23 Size of the filtered table is = 73
2024-04-17 18:56 | INFO | Query 23 Active Learning Random Query Runtime on Validation Set: 1420665.6
2024-04-17 18:56 | INFO | Query 23 Active Learning Random Query Runtime on Test Set: 229457.16
2024-04-17 18:56 | INFO | Query 23 Active Learning Random Query Instance Cost: 856260.19
2024-04-17 18:56 | INFO | Timeout limit is increased to 1200
2024-04-17 18:56 | INFO | Query 24 Size of the uncertainty table is = 4972/7380
2024-04-17 18:56 | INFO | Query 24 Size of the filtered table is = 73
2024-04-17 18:56 | INFO | Query 24 Active Learning Random Query Runtime on Validation Set: 1350856.24
2024-04-17 18:56 | INFO | Query 24 Active Learning Random Query Runtime on Test Set: 230889.91
2024-04-17 18:56 | INFO | Query 24 Active Learning Random Query Instance Cost: 928205.49
2024-04-17 18:56 | INFO | Query 25 Size of the uncertainty table is = 4820/7380
2024-04-17 18:56 | INFO | Query 25 Size of the filtered table is = 73
2024-04-17 18:57 | INFO | Query 25 Active Learning Random Query Runtime on Validation Set: 1456386.1
2024-04-17 18:57 | INFO | Query 25 Active Learning Random Query Runtime on Test Set: 230965.85
2024-04-17 18:57 | INFO | Query 25 Active Learning Random Query Instance Cost: 997218.61
2024-04-17 18:57 | INFO | Timeout limit is increased to 1300
2024-04-17 18:57 | INFO | Query 26 Size of the uncertainty table is = 4690/7380
2024-04-17 18:57 | INFO | Query 26 Size of the filtered table is = 73
2024-04-17 18:57 | INFO | Query 26 Active Learning Random Query Runtime on Validation Set: 1494848.75
2024-04-17 18:57 | INFO | Query 26 Active Learning Random Query Runtime on Test Set: 300670.91
2024-04-17 18:57 | INFO | Query 26 Active Learning Random Query Instance Cost: 1074973.91
2024-04-17 18:57 | INFO | Timeout limit is increased to 1400
2024-04-17 18:57 | INFO | Query 27 Size of the uncertainty table is = 4565/7380
2024-04-17 18:57 | INFO | Query 27 Size of the filtered table is = 73
2024-04-17 18:58 | INFO | Query 27 Active Learning Random Query Runtime on Validation Set: 1384560.72
2024-04-17 18:58 | INFO | Query 27 Active Learning Random Query Runtime on Test Set: 299227.62
2024-04-17 18:58 | INFO | Query 27 Active Learning Random Query Instance Cost: 1150585.84
2024-04-17 18:58 | INFO | Query 28 Size of the uncertainty table is = 4440/7380
2024-04-17 18:58 | INFO | Query 28 Size of the filtered table is = 73
2024-04-17 18:58 | INFO | Query 28 Active Learning Random Query Runtime on Validation Set: 1027271.82
2024-04-17 18:58 | INFO | Query 28 Active Learning Random Query Runtime on Test Set: 336682.75
2024-04-17 18:58 | INFO | Query 28 Active Learning Random Query Instance Cost: 1217478.9
2024-04-17 18:58 | INFO | Query 29 Size of the uncertainty table is = 4323/7380
2024-04-17 18:58 | INFO | Query 29 Size of the filtered table is = 73
2024-04-17 18:59 | INFO | Query 29 Active Learning Random Query Runtime on Validation Set: 1525838.53
2024-04-17 18:59 | INFO | Query 29 Active Learning Random Query Runtime on Test Set: 336835.42
2024-04-17 18:59 | INFO | Query 29 Active Learning Random Query Instance Cost: 1307638.36
2024-04-17 18:59 | INFO | Timeout limit is increased to 1500
2024-04-17 18:59 | INFO | Query 30 Size of the uncertainty table is = 4209/7380
2024-04-17 18:59 | INFO | Query 30 Size of the filtered table is = 73
2024-04-17 18:59 | INFO | Query 30 Active Learning Random Query Runtime on Validation Set: 1456406.48
2024-04-17 18:59 | INFO | Query 30 Active Learning Random Query Runtime on Test Set: 228413.43
2024-04-17 18:59 | INFO | Query 30 Active Learning Random Query Instance Cost: 1403666.67
2024-04-17 18:59 | INFO | Query 31 Size of the uncertainty table is = 4086/7380
2024-04-17 18:59 | INFO | Query 31 Size of the filtered table is = 73
2024-04-17 18:59 | INFO | Query 31 Active Learning Random Query Runtime on Validation Set: 1313403.26
2024-04-17 18:59 | INFO | Query 31 Active Learning Random Query Runtime on Test Set: 264731.76
2024-04-17 18:59 | INFO | Query 31 Active Learning Random Query Instance Cost: 1499477.51
2024-04-17 18:59 | INFO | Query 32 Size of the uncertainty table is = 3973/7380
2024-04-17 18:59 | INFO | Query 32 Size of the filtered table is = 73
2024-04-17 19:00 | INFO | Query 32 Active Learning Random Query Runtime on Validation Set: 1418839.55
2024-04-17 19:00 | INFO | Query 32 Active Learning Random Query Runtime on Test Set: 232096.8
2024-04-17 19:00 | INFO | Query 32 Active Learning Random Query Instance Cost: 1569101.36
2024-04-17 19:00 | INFO | Timeout limit is increased to 1600
2024-04-17 19:00 | INFO | Query 33 Size of the uncertainty table is = 3873/7380
2024-04-17 19:00 | INFO | Query 33 Size of the filtered table is = 73
2024-04-17 19:00 | INFO | Query 33 Active Learning Random Query Runtime on Validation Set: 1457530.88
2024-04-17 19:00 | INFO | Query 33 Active Learning Random Query Runtime on Test Set: 264732.63
2024-04-17 19:00 | INFO | Query 33 Active Learning Random Query Instance Cost: 1647669.39
2024-04-17 19:00 | INFO | Timeout limit is increased to 1700
2024-04-17 19:00 | INFO | Query 34 Size of the uncertainty table is = 3754/7380
2024-04-17 19:00 | INFO | Query 34 Size of the filtered table is = 73
2024-04-17 19:01 | INFO | Query 34 Active Learning Random Query Runtime on Validation Set: 1418688.68
2024-04-17 19:01 | INFO | Query 34 Active Learning Random Query Runtime on Test Set: 300370.94
2024-04-17 19:01 | INFO | Query 34 Active Learning Random Query Instance Cost: 1718320.11
2024-04-17 19:01 | INFO | Query 35 Size of the uncertainty table is = 3633/7380
2024-04-17 19:01 | INFO | Query 35 Size of the filtered table is = 73
2024-04-17 19:01 | INFO | Query 35 Active Learning Random Query Runtime on Validation Set: 1208224.46
2024-04-17 19:01 | INFO | Query 35 Active Learning Random Query Runtime on Test Set: 302800.0
2024-04-17 19:01 | INFO | Query 35 Active Learning Random Query Instance Cost: 1796910.27
2024-04-17 19:01 | INFO | Query 36 Size of the uncertainty table is = 3510/7380
2024-04-17 19:01 | INFO | Query 36 Size of the filtered table is = 73
2024-04-17 19:02 | INFO | Query 36 Active Learning Random Query Runtime on Validation Set: 1420598.81
2024-04-17 19:02 | INFO | Query 36 Active Learning Random Query Runtime on Test Set: 266627.03
2024-04-17 19:02 | INFO | Query 36 Active Learning Random Query Instance Cost: 1866144.36
2024-04-17 19:02 | INFO | Timeout limit is increased to 1800
2024-04-17 19:02 | INFO | Query 37 Size of the uncertainty table is = 3372/7380
2024-04-17 19:02 | INFO | Query 37 Size of the filtered table is = 73
2024-04-17 19:02 | INFO | Query 37 Active Learning Random Query Runtime on Validation Set: 1456661.45
2024-04-17 19:02 | INFO | Query 37 Active Learning Random Query Runtime on Test Set: 336544.11
2024-04-17 19:02 | INFO | Query 37 Active Learning Random Query Instance Cost: 1967900.95
2024-04-17 19:02 | INFO | Timeout limit is increased to 1900
2024-04-17 19:02 | INFO | Query 38 Size of the uncertainty table is = 3273/7380
2024-04-17 19:02 | INFO | Query 38 Size of the filtered table is = 73
2024-04-17 19:03 | INFO | Query 38 Active Learning Random Query Runtime on Validation Set: 1421531.16
2024-04-17 19:03 | INFO | Query 38 Active Learning Random Query Runtime on Test Set: 336372.72
2024-04-17 19:03 | INFO | Query 38 Active Learning Random Query Instance Cost: 2046029.62
2024-04-17 19:03 | INFO | Query 39 Size of the uncertainty table is = 3154/7380
2024-04-17 19:03 | INFO | Query 39 Size of the filtered table is = 73
2024-04-17 19:03 | INFO | Query 39 Active Learning Random Query Runtime on Validation Set: 1318148.69
2024-04-17 19:03 | INFO | Query 39 Active Learning Random Query Runtime on Test Set: 300372.67
2024-04-17 19:03 | INFO | Query 39 Active Learning Random Query Instance Cost: 2135339.02
2024-04-17 19:03 | INFO | Query 40 Size of the uncertainty table is = 3073/7380
2024-04-17 19:03 | INFO | Query 40 Size of the filtered table is = 73
2024-04-17 19:04 | INFO | Query 40 Active Learning Random Query Runtime on Validation Set: 1246041.6
2024-04-17 19:04 | INFO | Query 40 Active Learning Random Query Runtime on Test Set: 300371.57
2024-04-17 19:04 | INFO | Query 40 Active Learning Random Query Instance Cost: 2205682.59
2024-04-17 19:04 | INFO | Query 41 Size of the uncertainty table is = 2968/7380
2024-04-17 19:04 | INFO | Query 41 Size of the filtered table is = 73
2024-04-17 19:04 | INFO | Query 41 Active Learning Random Query Runtime on Validation Set: 1315455.81
2024-04-17 19:04 | INFO | Query 41 Active Learning Random Query Runtime on Test Set: 300411.46
2024-04-17 19:04 | INFO | Query 41 Active Learning Random Query Instance Cost: 2285082.13
2024-04-17 19:04 | INFO | Timeout limit is increased to 2000
2024-04-17 19:04 | INFO | Query 42 Size of the uncertainty table is = 2877/7380
2024-04-17 19:04 | INFO | Query 42 Size of the filtered table is = 73
2024-04-17 19:05 | INFO | Query 42 Active Learning Random Query Runtime on Validation Set: 1490837.69
2024-04-17 19:05 | INFO | Query 42 Active Learning Random Query Runtime on Test Set: 336372.16
2024-04-17 19:05 | INFO | Query 42 Active Learning Random Query Instance Cost: 2366614.13
2024-04-17 19:05 | INFO | Timeout limit is increased to 2100
2024-04-17 19:05 | INFO | Query 43 Size of the uncertainty table is = 2775/7380
2024-04-17 19:05 | INFO | Query 43 Size of the filtered table is = 73
2024-04-17 19:05 | INFO | Query 43 Active Learning Random Query Runtime on Validation Set: 1456594.23
2024-04-17 19:05 | INFO | Query 43 Active Learning Random Query Runtime on Test Set: 266625.55
2024-04-17 19:05 | INFO | Query 43 Active Learning Random Query Instance Cost: 2470578.52
2024-04-17 19:05 | INFO | Query 44 Size of the uncertainty table is = 2681/7380
2024-04-17 19:05 | INFO | Query 44 Size of the filtered table is = 73
2024-04-17 19:06 | INFO | Query 44 Active Learning Random Query Runtime on Validation Set: 1492552.01
2024-04-17 19:06 | INFO | Query 44 Active Learning Random Query Runtime on Test Set: 300371.99
2024-04-17 19:06 | INFO | Query 44 Active Learning Random Query Instance Cost: 2558658.75
2024-04-17 19:06 | INFO | Timeout limit is increased to 2200
2024-04-17 19:06 | INFO | Query 45 Size of the uncertainty table is = 2588/7380
2024-04-17 19:06 | INFO | Query 45 Size of the filtered table is = 73
2024-04-17 19:06 | INFO | Query 45 Active Learning Random Query Runtime on Validation Set: 1279516.76
2024-04-17 19:06 | INFO | Query 45 Active Learning Random Query Runtime on Test Set: 302626.04
2024-04-17 19:06 | INFO | Query 45 Active Learning Random Query Instance Cost: 2650127.2
2024-04-17 19:06 | INFO | Query 46 Size of the uncertainty table is = 2497/7380
2024-04-17 19:06 | INFO | Query 46 Size of the filtered table is = 73
2024-04-17 19:07 | INFO | Query 46 Active Learning Random Query Runtime on Validation Set: 1492737.48
2024-04-17 19:07 | INFO | Query 46 Active Learning Random Query Runtime on Test Set: 300371.63
2024-04-17 19:07 | INFO | Query 46 Active Learning Random Query Instance Cost: 2745411.37
2024-04-17 19:07 | INFO | Timeout limit is increased to 2300
2024-04-17 19:07 | INFO | Query 47 Size of the uncertainty table is = 2413/7380
2024-04-17 19:07 | INFO | Query 47 Size of the filtered table is = 73
2024-04-17 19:07 | INFO | Query 47 Active Learning Random Query Runtime on Validation Set: 1420619.43
2024-04-17 19:07 | INFO | Query 47 Active Learning Random Query Runtime on Test Set: 300371.7
2024-04-17 19:07 | INFO | Query 47 Active Learning Random Query Instance Cost: 2852677.77
2024-04-17 19:07 | INFO | Query 48 Size of the uncertainty table is = 2351/7380
2024-04-17 19:07 | INFO | Query 48 Size of the filtered table is = 73
2024-04-17 19:08 | INFO | Query 48 Active Learning Random Query Runtime on Validation Set: 1206976.76
2024-04-17 19:08 | INFO | Query 48 Active Learning Random Query Runtime on Test Set: 300371.74
2024-04-17 19:08 | INFO | Query 48 Active Learning Random Query Instance Cost: 2953990.14
2024-04-17 19:08 | INFO | Query 49 Size of the uncertainty table is = 2305/7380
2024-04-17 19:08 | INFO | Query 49 Size of the filtered table is = 73
2024-04-17 19:08 | INFO | Query 49 Active Learning Random Query Runtime on Validation Set: 1456601.17
2024-04-17 19:08 | INFO | Query 49 Active Learning Random Query Runtime on Test Set: 300204.17
2024-04-17 19:08 | INFO | Query 49 Active Learning Random Query Instance Cost: 3045275.47
2024-04-17 19:08 | INFO | Timeout limit is increased to 2400
2024-04-17 19:08 | INFO | Query 50 Size of the uncertainty table is = 2253/7380
2024-04-17 19:08 | INFO | Query 50 Size of the filtered table is = 73
2024-04-17 19:09 | INFO | Query 50 Active Learning Random Query Runtime on Validation Set: 1456496.47
2024-04-17 19:09 | INFO | Query 50 Active Learning Random Query Runtime on Test Set: 264203.2
2024-04-17 19:09 | INFO | Query 50 Active Learning Random Query Instance Cost: 3130364.03
2024-04-17 19:09 | INFO | Query 51 Size of the uncertainty table is = 2203/7380
2024-04-17 19:09 | INFO | Query 51 Size of the filtered table is = 73
2024-04-17 19:09 | INFO | Query 51 Active Learning Random Query Runtime on Validation Set: 1528491.04
2024-04-17 19:09 | INFO | Query 51 Active Learning Random Query Runtime on Test Set: 336202.96
2024-04-17 19:09 | INFO | Query 51 Active Learning Random Query Instance Cost: 3212080.97
2024-04-17 19:09 | INFO | Timeout limit is increased to 2500
2024-04-17 19:09 | INFO | Query 52 Size of the uncertainty table is = 2152/7380
2024-04-17 19:09 | INFO | Query 52 Size of the filtered table is = 73
2024-04-17 19:10 | INFO | Query 52 Active Learning Random Query Runtime on Validation Set: 1456636.65
2024-04-17 19:10 | INFO | Query 52 Active Learning Random Query Runtime on Test Set: 297362.68
2024-04-17 19:10 | INFO | Query 52 Active Learning Random Query Instance Cost: 3280398.9
2024-04-17 19:10 | INFO | Query 53 Size of the uncertainty table is = 2101/7380
2024-04-17 19:10 | INFO | Query 53 Size of the filtered table is = 73
2024-04-17 19:10 | INFO | Query 53 Active Learning Random Query Runtime on Validation Set: 1243453.59
2024-04-17 19:10 | INFO | Query 53 Active Learning Random Query Runtime on Test Set: 300180.21
2024-04-17 19:10 | INFO | Query 53 Active Learning Random Query Instance Cost: 3351525.03
2024-04-17 19:10 | INFO | Query 54 Size of the uncertainty table is = 2045/7380
2024-04-17 19:10 | INFO | Query 54 Size of the filtered table is = 73
2024-04-17 19:11 | INFO | Query 54 Active Learning Random Query Runtime on Validation Set: 1420665.0
2024-04-17 19:11 | INFO | Query 54 Active Learning Random Query Runtime on Test Set: 300203.12
2024-04-17 19:11 | INFO | Query 54 Active Learning Random Query Instance Cost: 3418090.28
2024-04-17 19:11 | INFO | Timeout limit is increased to 2600
2024-04-17 19:11 | INFO | Query 55 Size of the uncertainty table is = 1985/7380
2024-04-17 19:11 | INFO | Query 55 Size of the filtered table is = 73
2024-04-17 19:11 | INFO | Query 55 Active Learning Random Query Runtime on Validation Set: 1492558.41
2024-04-17 19:11 | INFO | Query 55 Active Learning Random Query Runtime on Test Set: 228184.88
2024-04-17 19:11 | INFO | Query 55 Active Learning Random Query Instance Cost: 3508675.41
2024-04-17 19:11 | INFO | Timeout limit is increased to 2700
2024-04-17 19:11 | INFO | Query 56 Size of the uncertainty table is = 1938/7380
2024-04-17 19:11 | INFO | Query 56 Size of the filtered table is = 73
2024-04-17 19:12 | INFO | Query 56 Active Learning Random Query Runtime on Validation Set: 1456559.15
2024-04-17 19:12 | INFO | Query 56 Active Learning Random Query Runtime on Test Set: 264172.87
2024-04-17 19:12 | INFO | Query 56 Active Learning Random Query Instance Cost: 3619597.84
2024-04-17 19:12 | INFO | Query 57 Size of the uncertainty table is = 1903/7380
2024-04-17 19:12 | INFO | Query 57 Size of the filtered table is = 73
2024-04-17 19:12 | INFO | Query 57 Active Learning Random Query Runtime on Validation Set: 1456558.48
2024-04-17 19:12 | INFO | Query 57 Active Learning Random Query Runtime on Test Set: 264172.87
2024-04-17 19:12 | INFO | Query 57 Active Learning Random Query Instance Cost: 3712230.54
2024-04-17 19:12 | INFO | Query 58 Size of the uncertainty table is = 1884/7380
2024-04-17 19:12 | INFO | Query 58 Size of the filtered table is = 73
2024-04-17 19:13 | INFO | Query 58 Active Learning Random Query Runtime on Validation Set: 1492495.85
2024-04-17 19:13 | INFO | Query 58 Active Learning Random Query Runtime on Test Set: 264172.87
2024-04-17 19:13 | INFO | Query 58 Active Learning Random Query Instance Cost: 3788229.56
2024-04-17 19:13 | INFO | Timeout limit is increased to 2800
2024-04-17 19:13 | INFO | Query 59 Size of the uncertainty table is = 1862/7380
2024-04-17 19:13 | INFO | Query 59 Size of the filtered table is = 73
2024-04-17 19:13 | INFO | Query 59 Active Learning Random Query Runtime on Validation Set: 1418752.69
2024-04-17 19:13 | INFO | Query 59 Active Learning Random Query Runtime on Test Set: 264172.87
2024-04-17 19:13 | INFO | Query 59 Active Learning Random Query Instance Cost: 3856775.54
2024-04-17 19:13 | INFO | Query 60 Size of the uncertainty table is = 1835/7380
2024-04-17 19:13 | INFO | Query 60 Size of the filtered table is = 73
2024-04-17 19:14 | INFO | Query 60 Active Learning Random Query Runtime on Validation Set: 1418752.69
2024-04-17 19:14 | INFO | Query 60 Active Learning Random Query Runtime on Test Set: 264172.87
2024-04-17 19:14 | INFO | Query 60 Active Learning Random Query Instance Cost: 3936975.54
2024-04-17 19:14 | INFO | Timeout limit is increased to 2900
2024-04-17 19:14 | INFO | Query 61 Size of the uncertainty table is = 1833/7380
2024-04-17 19:14 | INFO | Query 61 Size of the filtered table is = 73
2024-04-17 19:14 | INFO | Query 61 Active Learning Random Query Runtime on Validation Set: 1456510.65
2024-04-17 19:14 | INFO | Query 61 Active Learning Random Query Runtime on Test Set: 264172.87
2024-04-17 19:14 | INFO | Query 61 Active Learning Random Query Instance Cost: 4016514.68
2024-04-17 19:14 | INFO | Timeout limit is increased to 3000
2024-04-17 19:14 | INFO | Query 62 Size of the uncertainty table is = 1808/7380
2024-04-17 19:14 | INFO | Query 62 Size of the filtered table is = 73
2024-04-17 19:15 | INFO | Query 62 Active Learning Random Query Runtime on Validation Set: 1456510.65
2024-04-17 19:15 | INFO | Query 62 Active Learning Random Query Runtime on Test Set: 264196.84
2024-04-17 19:15 | INFO | Query 62 Active Learning Random Query Instance Cost: 4109661.7
2024-04-17 19:15 | INFO | Timeout limit is increased to 3100
2024-04-17 19:15 | INFO | Query 63 Size of the uncertainty table is = 1792/7380
2024-04-17 19:15 | INFO | Query 63 Size of the filtered table is = 73
2024-04-17 19:15 | INFO | Query 63 Active Learning Random Query Runtime on Validation Set: 1456510.66
2024-04-17 19:15 | INFO | Query 63 Active Learning Random Query Runtime on Test Set: 228208.85
2024-04-17 19:15 | INFO | Query 63 Active Learning Random Query Instance Cost: 4192675.49
2024-04-17 19:15 | INFO | Timeout limit is increased to 3200
2024-04-17 19:15 | INFO | Query 64 Size of the uncertainty table is = 1782/7380
2024-04-17 19:15 | INFO | Query 64 Size of the filtered table is = 73
2024-04-17 19:16 | INFO | Query 64 Active Learning Random Query Runtime on Validation Set: 1456510.66
2024-04-17 19:16 | INFO | Query 64 Active Learning Random Query Runtime on Test Set: 192210.53
2024-04-17 19:16 | INFO | Query 64 Active Learning Random Query Instance Cost: 4278924.11
2024-04-17 19:16 | INFO | Timeout limit is increased to 3300
2024-04-17 19:16 | INFO | Query 65 Size of the uncertainty table is = 1776/7380
2024-04-17 19:16 | INFO | Query 65 Size of the filtered table is = 73
2024-04-17 19:16 | INFO | Query 65 Active Learning Random Query Runtime on Validation Set: 1456510.66
2024-04-17 19:16 | INFO | Query 65 Active Learning Random Query Runtime on Test Set: 192210.53
2024-04-17 19:16 | INFO | Query 65 Active Learning Random Query Instance Cost: 4376129.39
2024-04-17 19:16 | INFO | Timeout limit is increased to 3400
2024-04-17 19:16 | INFO | Query 66 Size of the uncertainty table is = 1769/7380
2024-04-17 19:16 | INFO | Query 66 Size of the filtered table is = 73
2024-04-17 19:17 | INFO | Query 66 Active Learning Random Query Runtime on Validation Set: 1456510.66
2024-04-17 19:17 | INFO | Query 66 Active Learning Random Query Runtime on Test Set: 192210.53
2024-04-17 19:17 | INFO | Query 66 Active Learning Random Query Instance Cost: 4482198.88
2024-04-17 19:17 | INFO | Timeout limit is increased to 3500
2024-04-17 19:17 | INFO | Query 67 Size of the uncertainty table is = 1757/7380
2024-04-17 19:17 | INFO | Query 67 Size of the filtered table is = 73
2024-04-17 19:17 | INFO | Query 67 Active Learning Random Query Runtime on Validation Set: 1418752.69
2024-04-17 19:17 | INFO | Query 67 Active Learning Random Query Runtime on Test Set: 192210.53
2024-04-17 19:17 | INFO | Query 67 Active Learning Random Query Instance Cost: 4597582.29
2024-04-17 19:17 | INFO | Query 68 Size of the uncertainty table is = 1752/7380
2024-04-17 19:17 | INFO | Query 68 Size of the filtered table is = 73
2024-04-17 19:18 | INFO | Query 68 Active Learning Random Query Runtime on Validation Set: 1418752.69
2024-04-17 19:18 | INFO | Query 68 Active Learning Random Query Runtime on Test Set: 192210.53
2024-04-17 19:18 | INFO | Query 68 Active Learning Random Query Instance Cost: 4687382.29
2024-04-17 19:18 | INFO | Timeout limit is increased to 3600
2024-04-17 19:18 | INFO | Query 69 Size of the uncertainty table is = 1752/7380
2024-04-17 19:18 | INFO | Query 69 Size of the filtered table is = 73
2024-04-17 19:18 | INFO | Query 69 Active Learning Random Query Runtime on Validation Set: 1454737.88
2024-04-17 19:18 | INFO | Query 69 Active Learning Random Query Runtime on Test Set: 192210.53
2024-04-17 19:18 | INFO | Query 69 Active Learning Random Query Instance Cost: 4785451.38
2024-04-17 19:18 | INFO | Timeout limit is increased to 3600
2024-04-17 19:18 | INFO | Query 70 Size of the uncertainty table is = 12/7380
2024-04-17 19:18 | INFO | Query 70 Size of the filtered table is = 12
2024-04-17 19:19 | INFO | Query 70 Active Learning Random Query Runtime on Validation Set: 1454737.88
2024-04-17 19:19 | INFO | Query 70 Active Learning Random Query Runtime on Test Set: 228198.52
2024-04-17 19:19 | INFO | Query 70 Active Learning Random Query Instance Cost: 4791253.24
2024-04-17 19:19 | INFO | Timeout limit is increased to 3600
2024-04-17 19:19 | INFO | runtime_train_score is written as json file
2024-04-17 19:19 | INFO | runtime_test_score is written as json file
2024-04-17 19:19 | INFO | runtime_validation_score is written as json file
2024-04-17 19:19 | INFO | instance_cost is written as json file
2024-04-17 19:19 | INFO | Experiment is finished
