2024-04-17 18:43 | INFO | Paramaters are: {'dataset': 'MAXSAT19-UCMS', 'penalty': 10, 'weight': 'No_Weight', 'voting': 'Hard', 'pre_selection_size': 64, 'pre_selection_technique': 'No_pre_selection', 'feature_elimination_threshold': 20, 'imputer_strategy': 'median', 'feature_selection_technique': 'No_feature_selection', 'feature_scaling_technique': 'StandardScaler', 'initial_train_size': 20, 'query_size': 1, 'timeout_predictor_usage': 'Yes', 'timeout_limit': 3600, 'timeout_increase_rate': 100, 'RANDOM_STATE_SEED': 42, 'n_splits': 10, 'split_number': 4, 'max_timeout': 3600, 'param_grid': {'n_estimators': 100, 'criterion': 'gini', 'max_features': 'sqrt', 'max_depth': 2147483648, 'min_samples_split': 2, 'bootstrap': True}}
2024-04-17 18:43 | INFO | MAXSAT19-UCMS is current dataset
2024-04-17 18:43 | INFO | DATASETS/MAXSAT19-UCMS/algorithm_runs.arff is found
2024-04-17 18:43 | INFO | DATASETS/MAXSAT19-UCMS/algorithm_runs.arff is finished
2024-04-17 18:43 | INFO | DATASETS/MAXSAT19-UCMS/feature_values.arff is found
2024-04-17 18:43 | INFO | DATASETS/MAXSAT19-UCMS/feature_values.arff is finished
2024-04-17 18:43 | INFO | DATASETS/MAXSAT19-UCMS/feature_costs.arff is found
2024-04-17 18:43 | INFO | DATASETS/MAXSAT19-UCMS/feature_costs.arff is finished
2024-04-17 18:43 | INFO | Feature cost of train set is 32718.34
2024-04-17 18:44 | INFO | Initial Active Learning Random Query Runtime on Validation Set: 153118.4
2024-04-17 18:44 | INFO | Initial Active Learning Random Query Runtime on Test Set: 192454.65
2024-04-17 18:44 | INFO | Initial Active Learning Random Query Instance Cost: 138715.72
2024-04-17 18:44 | INFO | Bin size = 50
2024-04-17 18:44 | INFO | Query 1 Size of the uncertainty table is = 5040/5040
2024-04-17 18:44 | INFO | Query 1 Size of the filtered table is = 50
2024-04-17 18:44 | INFO | Query 1 Active Learning Random Query Runtime on Validation Set: 126607.79
2024-04-17 18:44 | INFO | Query 1 Active Learning Random Query Runtime on Test Set: 196484.93
2024-04-17 18:44 | INFO | Query 1 Active Learning Random Query Instance Cost: 224274.29
2024-04-17 18:44 | INFO | Query 2 Size of the uncertainty table is = 4974/5040
2024-04-17 18:44 | INFO | Query 2 Size of the filtered table is = 50
2024-04-17 18:44 | INFO | Query 2 Active Learning Random Query Runtime on Validation Set: 130731.43
2024-04-17 18:44 | INFO | Query 2 Active Learning Random Query Runtime on Test Set: 127686.04
2024-04-17 18:44 | INFO | Query 2 Active Learning Random Query Instance Cost: 308866.55
2024-04-17 18:44 | INFO | Timeout limit is increased to 3600
2024-04-17 18:44 | INFO | Query 3 Size of the uncertainty table is = 4891/5040
2024-04-17 18:44 | INFO | Query 3 Size of the filtered table is = 50
2024-04-17 18:45 | INFO | Query 3 Active Learning Random Query Runtime on Validation Set: 166063.03
2024-04-17 18:45 | INFO | Query 3 Active Learning Random Query Runtime on Test Set: 128221.23
2024-04-17 18:45 | INFO | Query 3 Active Learning Random Query Instance Cost: 388178.55
2024-04-17 18:45 | INFO | Timeout limit is increased to 3600
2024-04-17 18:45 | INFO | Query 4 Size of the uncertainty table is = 4794/5040
2024-04-17 18:45 | INFO | Query 4 Size of the filtered table is = 50
2024-04-17 18:45 | INFO | Query 4 Active Learning Random Query Runtime on Validation Set: 168381.38
2024-04-17 18:45 | INFO | Query 4 Active Learning Random Query Runtime on Test Set: 98578.2
2024-04-17 18:45 | INFO | Query 4 Active Learning Random Query Instance Cost: 443072.74
2024-04-17 18:45 | INFO | Timeout limit is increased to 3600
2024-04-17 18:45 | INFO | Query 5 Size of the uncertainty table is = 4688/5040
2024-04-17 18:45 | INFO | Query 5 Size of the filtered table is = 50
2024-04-17 18:46 | INFO | Query 5 Active Learning Random Query Runtime on Validation Set: 171465.99
2024-04-17 18:46 | INFO | Query 5 Active Learning Random Query Runtime on Test Set: 136523.0
2024-04-17 18:46 | INFO | Query 5 Active Learning Random Query Instance Cost: 514726.41
2024-04-17 18:46 | INFO | Timeout limit is increased to 3600
2024-04-17 18:46 | INFO | Query 6 Size of the uncertainty table is = 4573/5040
2024-04-17 18:46 | INFO | Query 6 Size of the filtered table is = 50
2024-04-17 18:46 | INFO | Query 6 Active Learning Random Query Runtime on Validation Set: 209110.99
2024-04-17 18:46 | INFO | Query 6 Active Learning Random Query Runtime on Test Set: 101091.06
2024-04-17 18:46 | INFO | Query 6 Active Learning Random Query Instance Cost: 587595.53
2024-04-17 18:46 | INFO | Timeout limit is increased to 3600
2024-04-17 18:46 | INFO | Query 7 Size of the uncertainty table is = 4420/5040
2024-04-17 18:46 | INFO | Query 7 Size of the filtered table is = 50
2024-04-17 18:46 | INFO | Query 7 Active Learning Random Query Runtime on Validation Set: 177558.92
2024-04-17 18:46 | INFO | Query 7 Active Learning Random Query Runtime on Test Set: 175715.0
2024-04-17 18:46 | INFO | Query 7 Active Learning Random Query Instance Cost: 643087.4
2024-04-17 18:46 | INFO | Query 8 Size of the uncertainty table is = 4272/5040
2024-04-17 18:46 | INFO | Query 8 Size of the filtered table is = 50
2024-04-17 18:47 | INFO | Query 8 Active Learning Random Query Runtime on Validation Set: 176663.6
2024-04-17 18:47 | INFO | Query 8 Active Learning Random Query Runtime on Test Set: 176931.45
2024-04-17 18:47 | INFO | Query 8 Active Learning Random Query Instance Cost: 712762.98
2024-04-17 18:47 | INFO | Query 9 Size of the uncertainty table is = 4074/5040
2024-04-17 18:47 | INFO | Query 9 Size of the filtered table is = 50
2024-04-17 18:47 | INFO | Query 9 Active Learning Random Query Runtime on Validation Set: 178183.18
2024-04-17 18:47 | INFO | Query 9 Active Learning Random Query Runtime on Test Set: 216135.08
2024-04-17 18:47 | INFO | Query 9 Active Learning Random Query Instance Cost: 751691.05
2024-04-17 18:47 | INFO | Timeout limit is increased to 3600
2024-04-17 18:47 | INFO | Query 10 Size of the uncertainty table is = 3894/5040
2024-04-17 18:47 | INFO | Query 10 Size of the filtered table is = 50
2024-04-17 18:48 | INFO | Query 10 Active Learning Random Query Runtime on Validation Set: 181459.29
2024-04-17 18:48 | INFO | Query 10 Active Learning Random Query Runtime on Test Set: 216305.65
2024-04-17 18:48 | INFO | Query 10 Active Learning Random Query Instance Cost: 796748.11
2024-04-17 18:48 | INFO | Timeout limit is increased to 3600
2024-04-17 18:48 | INFO | Query 11 Size of the uncertainty table is = 3711/5040
2024-04-17 18:48 | INFO | Query 11 Size of the filtered table is = 50
2024-04-17 18:48 | INFO | Query 11 Active Learning Random Query Runtime on Validation Set: 145843.44
2024-04-17 18:48 | INFO | Query 11 Active Learning Random Query Runtime on Test Set: 108679.82
2024-04-17 18:48 | INFO | Query 11 Active Learning Random Query Instance Cost: 860732.31
2024-04-17 18:48 | INFO | Query 12 Size of the uncertainty table is = 3544/5040
2024-04-17 18:48 | INFO | Query 12 Size of the filtered table is = 50
2024-04-17 18:48 | INFO | Query 12 Active Learning Random Query Runtime on Validation Set: 179185.85
2024-04-17 18:48 | INFO | Query 12 Active Learning Random Query Runtime on Test Set: 109654.8
2024-04-17 18:48 | INFO | Query 12 Active Learning Random Query Instance Cost: 915367.56
2024-04-17 18:48 | INFO | Timeout limit is increased to 3600
2024-04-17 18:48 | INFO | Query 13 Size of the uncertainty table is = 3336/5040
2024-04-17 18:48 | INFO | Query 13 Size of the filtered table is = 50
2024-04-17 18:49 | INFO | Query 13 Active Learning Random Query Runtime on Validation Set: 220094.83
2024-04-17 18:49 | INFO | Query 13 Active Learning Random Query Runtime on Test Set: 145405.8
2024-04-17 18:49 | INFO | Query 13 Active Learning Random Query Instance Cost: 980169.28
2024-04-17 18:49 | INFO | Timeout limit is increased to 3600
2024-04-17 18:49 | INFO | Query 14 Size of the uncertainty table is = 3130/5040
2024-04-17 18:49 | INFO | Query 14 Size of the filtered table is = 50
2024-04-17 18:49 | INFO | Query 14 Active Learning Random Query Runtime on Validation Set: 258069.34
2024-04-17 18:49 | INFO | Query 14 Active Learning Random Query Runtime on Test Set: 110977.92
2024-04-17 18:49 | INFO | Query 14 Active Learning Random Query Instance Cost: 1037331.74
2024-04-17 18:49 | INFO | Timeout limit is increased to 3600
2024-04-17 18:49 | INFO | Query 15 Size of the uncertainty table is = 2923/5040
2024-04-17 18:49 | INFO | Query 15 Size of the filtered table is = 50
2024-04-17 18:50 | INFO | Query 15 Active Learning Random Query Runtime on Validation Set: 222298.86
2024-04-17 18:50 | INFO | Query 15 Active Learning Random Query Runtime on Test Set: 111413.46
2024-04-17 18:50 | INFO | Query 15 Active Learning Random Query Instance Cost: 1118409.38
2024-04-17 18:50 | INFO | Query 16 Size of the uncertainty table is = 2699/5040
2024-04-17 18:50 | INFO | Query 16 Size of the filtered table is = 50
2024-04-17 18:50 | INFO | Query 16 Active Learning Random Query Runtime on Validation Set: 258201.36
2024-04-17 18:50 | INFO | Query 16 Active Learning Random Query Runtime on Test Set: 183842.27
2024-04-17 18:50 | INFO | Query 16 Active Learning Random Query Instance Cost: 1173816.28
2024-04-17 18:50 | INFO | Timeout limit is increased to 3600
2024-04-17 18:50 | INFO | Query 17 Size of the uncertainty table is = 2453/5040
2024-04-17 18:50 | INFO | Query 17 Size of the filtered table is = 50
2024-04-17 18:50 | INFO | Query 17 Active Learning Random Query Runtime on Validation Set: 258321.76
2024-04-17 18:50 | INFO | Query 17 Active Learning Random Query Runtime on Test Set: 181261.18
2024-04-17 18:50 | INFO | Query 17 Active Learning Random Query Instance Cost: 1223665.25
2024-04-17 18:50 | INFO | Timeout limit is increased to 3600
2024-04-17 18:50 | INFO | Query 18 Size of the uncertainty table is = 2214/5040
2024-04-17 18:50 | INFO | Query 18 Size of the filtered table is = 50
2024-04-17 18:51 | INFO | Query 18 Active Learning Random Query Runtime on Validation Set: 257150.11
2024-04-17 18:51 | INFO | Query 18 Active Learning Random Query Runtime on Test Set: 180988.74
2024-04-17 18:51 | INFO | Query 18 Active Learning Random Query Instance Cost: 1270798.37
2024-04-17 18:51 | INFO | Query 19 Size of the uncertainty table is = 1994/5040
2024-04-17 18:51 | INFO | Query 19 Size of the filtered table is = 50
2024-04-17 18:51 | INFO | Query 19 Active Learning Random Query Runtime on Validation Set: 221487.13
2024-04-17 18:51 | INFO | Query 19 Active Learning Random Query Runtime on Test Set: 180996.1
2024-04-17 18:51 | INFO | Query 19 Active Learning Random Query Instance Cost: 1315153.62
2024-04-17 18:51 | INFO | Query 20 Size of the uncertainty table is = 1751/5040
2024-04-17 18:51 | INFO | Query 20 Size of the filtered table is = 50
2024-04-17 18:52 | INFO | Query 20 Active Learning Random Query Runtime on Validation Set: 221137.3
2024-04-17 18:52 | INFO | Query 20 Active Learning Random Query Runtime on Test Set: 180992.33
2024-04-17 18:52 | INFO | Query 20 Active Learning Random Query Instance Cost: 1364339.39
2024-04-17 18:52 | INFO | Query 21 Size of the uncertainty table is = 1492/5040
2024-04-17 18:52 | INFO | Query 21 Size of the filtered table is = 50
2024-04-17 18:52 | INFO | Query 21 Active Learning Random Query Runtime on Validation Set: 185484.28
2024-04-17 18:52 | INFO | Query 21 Active Learning Random Query Runtime on Test Set: 180996.1
2024-04-17 18:52 | INFO | Query 21 Active Learning Random Query Instance Cost: 1417546.4
2024-04-17 18:52 | INFO | Query 22 Size of the uncertainty table is = 1240/5040
2024-04-17 18:52 | INFO | Query 22 Size of the filtered table is = 50
2024-04-17 18:52 | INFO | Query 22 Active Learning Random Query Runtime on Validation Set: 221265.78
2024-04-17 18:52 | INFO | Query 22 Active Learning Random Query Runtime on Test Set: 183541.84
2024-04-17 18:52 | INFO | Query 22 Active Learning Random Query Instance Cost: 1456367.81
2024-04-17 18:52 | INFO | Timeout limit is increased to 3600
2024-04-17 18:52 | INFO | Query 23 Size of the uncertainty table is = 998/5040
2024-04-17 18:52 | INFO | Query 23 Size of the filtered table is = 50
2024-04-17 18:53 | INFO | Query 23 Active Learning Random Query Runtime on Validation Set: 221203.54
2024-04-17 18:53 | INFO | Query 23 Active Learning Random Query Runtime on Test Set: 181977.75
2024-04-17 18:53 | INFO | Query 23 Active Learning Random Query Instance Cost: 1483743.72
2024-04-17 18:53 | INFO | Query 24 Size of the uncertainty table is = 743/5040
2024-04-17 18:53 | INFO | Query 24 Size of the filtered table is = 50
2024-04-17 18:53 | INFO | Query 24 Active Learning Random Query Runtime on Validation Set: 221543.02
2024-04-17 18:53 | INFO | Query 24 Active Learning Random Query Runtime on Test Set: 217895.03
2024-04-17 18:53 | INFO | Query 24 Active Learning Random Query Instance Cost: 1514688.9
2024-04-17 18:53 | INFO | Timeout limit is increased to 3600
2024-04-17 18:53 | INFO | Query 25 Size of the uncertainty table is = 495/5040
2024-04-17 18:53 | INFO | Query 25 Size of the filtered table is = 50
2024-04-17 18:54 | INFO | Query 25 Active Learning Random Query Runtime on Validation Set: 185319.4
2024-04-17 18:54 | INFO | Query 25 Active Learning Random Query Runtime on Test Set: 182752.64
2024-04-17 18:54 | INFO | Query 25 Active Learning Random Query Instance Cost: 1550495.12
2024-04-17 18:54 | INFO | Query 26 Size of the uncertainty table is = 265/5040
2024-04-17 18:54 | INFO | Query 26 Size of the filtered table is = 50
2024-04-17 18:54 | INFO | Query 26 Active Learning Random Query Runtime on Validation Set: 221026.15
2024-04-17 18:54 | INFO | Query 26 Active Learning Random Query Runtime on Test Set: 182748.87
2024-04-17 18:54 | INFO | Query 26 Active Learning Random Query Instance Cost: 1559329.13
2024-04-17 18:54 | INFO | Timeout limit is increased to 3600
2024-04-17 18:54 | INFO | Query 27 Size of the uncertainty table is = 94/5040
2024-04-17 18:54 | INFO | Query 27 Size of the filtered table is = 50
2024-04-17 18:55 | INFO | Query 27 Active Learning Random Query Runtime on Validation Set: 185360.63
2024-04-17 18:55 | INFO | Query 27 Active Learning Random Query Runtime on Test Set: 182748.87
2024-04-17 18:55 | INFO | Query 27 Active Learning Random Query Instance Cost: 1567949.73
2024-04-17 18:55 | INFO | runtime_train_score is written as json file
2024-04-17 18:55 | INFO | runtime_test_score is written as json file
2024-04-17 18:55 | INFO | runtime_validation_score is written as json file
2024-04-17 18:55 | INFO | instance_cost is written as json file
2024-04-17 18:55 | INFO | Experiment is finished
