2024-04-17 18:44 | INFO | Paramaters are: {'dataset': 'MAXSAT19-UCMS', 'penalty': 10, 'weight': 'No_Weight', 'voting': 'Hard', 'pre_selection_size': 64, 'pre_selection_technique': 'No_pre_selection', 'feature_elimination_threshold': 20, 'imputer_strategy': 'median', 'feature_selection_technique': 'No_feature_selection', 'feature_scaling_technique': 'StandardScaler', 'initial_train_size': 20, 'query_size': 1, 'timeout_predictor_usage': 'No', 'timeout_limit': 3600, 'timeout_increase_rate': 100, 'RANDOM_STATE_SEED': 99, 'n_splits': 10, 'split_number': 0, 'max_timeout': 3600, 'param_grid': {'n_estimators': 100, 'criterion': 'gini', 'max_features': 'sqrt', 'max_depth': 2147483648, 'min_samples_split': 2, 'bootstrap': True}}
2024-04-17 18:44 | INFO | MAXSAT19-UCMS is current dataset
2024-04-17 18:44 | INFO | DATASETS/MAXSAT19-UCMS/algorithm_runs.arff is found
2024-04-17 18:44 | INFO | DATASETS/MAXSAT19-UCMS/algorithm_runs.arff is finished
2024-04-17 18:44 | INFO | DATASETS/MAXSAT19-UCMS/feature_values.arff is found
2024-04-17 18:44 | INFO | DATASETS/MAXSAT19-UCMS/feature_values.arff is finished
2024-04-17 18:44 | INFO | DATASETS/MAXSAT19-UCMS/feature_costs.arff is found
2024-04-17 18:44 | INFO | DATASETS/MAXSAT19-UCMS/feature_costs.arff is finished
2024-04-17 18:44 | INFO | Feature cost of train set is 31399.82
2024-04-17 18:44 | INFO | Initial Active Learning Random Query Runtime on Validation Set: 186653.94
2024-04-17 18:44 | INFO | Initial Active Learning Random Query Runtime on Test Set: 82313.51
2024-04-17 18:44 | INFO | Initial Active Learning Random Query Instance Cost: 148709.92
2024-04-17 18:44 | INFO | Bin size = 50
2024-04-17 18:44 | INFO | Query 1 Size of the uncertainty table is = 5040/5040
2024-04-17 18:44 | INFO | Query 1 Size of the filtered table is = 50
2024-04-17 18:45 | INFO | Query 1 Active Learning Random Query Runtime on Validation Set: 191433.0
2024-04-17 18:45 | INFO | Query 1 Active Learning Random Query Runtime on Test Set: 88125.88
2024-04-17 18:45 | INFO | Query 1 Active Learning Random Query Instance Cost: 244562.0
2024-04-17 18:45 | INFO | Timeout limit is increased to 3600
2024-04-17 18:45 | INFO | Query 2 Size of the uncertainty table is = 4978/5040
2024-04-17 18:45 | INFO | Query 2 Size of the filtered table is = 50
2024-04-17 18:45 | INFO | Query 2 Active Learning Random Query Runtime on Validation Set: 232657.9
2024-04-17 18:45 | INFO | Query 2 Active Learning Random Query Runtime on Test Set: 92905.57
2024-04-17 18:45 | INFO | Query 2 Active Learning Random Query Instance Cost: 329681.09
2024-04-17 18:45 | INFO | Timeout limit is increased to 3600
2024-04-17 18:45 | INFO | Query 3 Size of the uncertainty table is = 4892/5040
2024-04-17 18:45 | INFO | Query 3 Size of the filtered table is = 50
2024-04-17 18:45 | INFO | Query 3 Active Learning Random Query Runtime on Validation Set: 237429.34
2024-04-17 18:45 | INFO | Query 3 Active Learning Random Query Runtime on Test Set: 97483.71
2024-04-17 18:45 | INFO | Query 3 Active Learning Random Query Instance Cost: 399788.41
2024-04-17 18:45 | INFO | Timeout limit is increased to 3600
2024-04-17 18:45 | INFO | Query 4 Size of the uncertainty table is = 4788/5040
2024-04-17 18:45 | INFO | Query 4 Size of the filtered table is = 50
2024-04-17 18:46 | INFO | Query 4 Active Learning Random Query Runtime on Validation Set: 239816.13
2024-04-17 18:46 | INFO | Query 4 Active Learning Random Query Runtime on Test Set: 99447.12
2024-04-17 18:46 | INFO | Query 4 Active Learning Random Query Instance Cost: 440263.74
2024-04-17 18:46 | INFO | Timeout limit is increased to 3600
2024-04-17 18:46 | INFO | Query 5 Size of the uncertainty table is = 4679/5040
2024-04-17 18:46 | INFO | Query 5 Size of the filtered table is = 50
2024-04-17 18:46 | INFO | Query 5 Active Learning Random Query Runtime on Validation Set: 243164.93
2024-04-17 18:46 | INFO | Query 5 Active Learning Random Query Runtime on Test Set: 104190.72
2024-04-17 18:46 | INFO | Query 5 Active Learning Random Query Instance Cost: 487417.21
2024-04-17 18:46 | INFO | Timeout limit is increased to 3600
2024-04-17 18:46 | INFO | Query 6 Size of the uncertainty table is = 4569/5040
2024-04-17 18:46 | INFO | Query 6 Size of the filtered table is = 50
2024-04-17 18:46 | INFO | Query 6 Active Learning Random Query Runtime on Validation Set: 243417.33
2024-04-17 18:46 | INFO | Query 6 Active Learning Random Query Runtime on Test Set: 105877.71
2024-04-17 18:46 | INFO | Query 6 Active Learning Random Query Instance Cost: 555657.45
2024-04-17 18:46 | INFO | Timeout limit is increased to 3600
2024-04-17 18:46 | INFO | Query 7 Size of the uncertainty table is = 4399/5040
2024-04-17 18:46 | INFO | Query 7 Size of the filtered table is = 50
2024-04-17 18:47 | INFO | Query 7 Active Learning Random Query Runtime on Validation Set: 210546.25
2024-04-17 18:47 | INFO | Query 7 Active Learning Random Query Runtime on Test Set: 107282.36
2024-04-17 18:47 | INFO | Query 7 Active Learning Random Query Instance Cost: 611253.46
2024-04-17 18:47 | INFO | Query 8 Size of the uncertainty table is = 4237/5040
2024-04-17 18:47 | INFO | Query 8 Size of the filtered table is = 50
2024-04-17 18:47 | INFO | Query 8 Active Learning Random Query Runtime on Validation Set: 210329.0
2024-04-17 18:47 | INFO | Query 8 Active Learning Random Query Runtime on Test Set: 144141.33
2024-04-17 18:47 | INFO | Query 8 Active Learning Random Query Instance Cost: 670478.81
2024-04-17 18:47 | INFO | Query 9 Size of the uncertainty table is = 4078/5040
2024-04-17 18:47 | INFO | Query 9 Size of the filtered table is = 50
2024-04-17 18:48 | INFO | Query 9 Active Learning Random Query Runtime on Validation Set: 211145.89
2024-04-17 18:48 | INFO | Query 9 Active Learning Random Query Runtime on Test Set: 144598.1
2024-04-17 18:48 | INFO | Query 9 Active Learning Random Query Instance Cost: 716679.98
2024-04-17 18:48 | INFO | Timeout limit is increased to 3600
2024-04-17 18:48 | INFO | Query 10 Size of the uncertainty table is = 3893/5040
2024-04-17 18:48 | INFO | Query 10 Size of the filtered table is = 50
2024-04-17 18:48 | INFO | Query 10 Active Learning Random Query Runtime on Validation Set: 211792.73
2024-04-17 18:48 | INFO | Query 10 Active Learning Random Query Runtime on Test Set: 145559.1
2024-04-17 18:48 | INFO | Query 10 Active Learning Random Query Instance Cost: 809698.31
2024-04-17 18:48 | INFO | Timeout limit is increased to 3600
2024-04-17 18:48 | INFO | Query 11 Size of the uncertainty table is = 3705/5040
2024-04-17 18:48 | INFO | Query 11 Size of the filtered table is = 50
2024-04-17 18:48 | INFO | Query 11 Active Learning Random Query Runtime on Validation Set: 215599.12
2024-04-17 18:48 | INFO | Query 11 Active Learning Random Query Runtime on Test Set: 110010.29
2024-04-17 18:48 | INFO | Query 11 Active Learning Random Query Instance Cost: 869647.48
2024-04-17 18:48 | INFO | Timeout limit is increased to 3600
2024-04-17 18:48 | INFO | Query 12 Size of the uncertainty table is = 3498/5040
2024-04-17 18:48 | INFO | Query 12 Size of the filtered table is = 50
2024-04-17 18:49 | INFO | Query 12 Active Learning Random Query Runtime on Validation Set: 249490.28
2024-04-17 18:49 | INFO | Query 12 Active Learning Random Query Runtime on Test Set: 110155.14
2024-04-17 18:49 | INFO | Query 12 Active Learning Random Query Instance Cost: 945589.74
2024-04-17 18:49 | INFO | Timeout limit is increased to 3600
2024-04-17 18:49 | INFO | Query 13 Size of the uncertainty table is = 3285/5040
2024-04-17 18:49 | INFO | Query 13 Size of the filtered table is = 50
2024-04-17 18:49 | INFO | Query 13 Active Learning Random Query Runtime on Validation Set: 249699.07
2024-04-17 18:49 | INFO | Query 13 Active Learning Random Query Runtime on Test Set: 110494.13
2024-04-17 18:49 | INFO | Query 13 Active Learning Random Query Instance Cost: 990443.64
2024-04-17 18:49 | INFO | Timeout limit is increased to 3600
2024-04-17 18:49 | INFO | Query 14 Size of the uncertainty table is = 3061/5040
2024-04-17 18:49 | INFO | Query 14 Size of the filtered table is = 50
2024-04-17 18:49 | INFO | Query 14 Active Learning Random Query Runtime on Validation Set: 252359.55
2024-04-17 18:49 | INFO | Query 14 Active Learning Random Query Runtime on Test Set: 110142.54
2024-04-17 18:49 | INFO | Query 14 Active Learning Random Query Instance Cost: 1048591.49
2024-04-17 18:49 | INFO | Timeout limit is increased to 3600
2024-04-17 18:49 | INFO | Query 15 Size of the uncertainty table is = 2856/5040
2024-04-17 18:49 | INFO | Query 15 Size of the filtered table is = 50
2024-04-17 18:50 | INFO | Query 15 Active Learning Random Query Runtime on Validation Set: 252781.25
2024-04-17 18:50 | INFO | Query 15 Active Learning Random Query Runtime on Test Set: 110203.37
2024-04-17 18:50 | INFO | Query 15 Active Learning Random Query Instance Cost: 1097391.36
2024-04-17 18:50 | INFO | Timeout limit is increased to 3600
2024-04-17 18:50 | INFO | Query 16 Size of the uncertainty table is = 2653/5040
2024-04-17 18:50 | INFO | Query 16 Size of the filtered table is = 50
2024-04-17 18:50 | INFO | Query 16 Active Learning Random Query Runtime on Validation Set: 288814.19
2024-04-17 18:50 | INFO | Query 16 Active Learning Random Query Runtime on Test Set: 110272.58
2024-04-17 18:50 | INFO | Query 16 Active Learning Random Query Instance Cost: 1132531.33
2024-04-17 18:50 | INFO | Timeout limit is increased to 3600
2024-04-17 18:50 | INFO | Query 17 Size of the uncertainty table is = 2434/5040
2024-04-17 18:50 | INFO | Query 17 Size of the filtered table is = 50
2024-04-17 18:50 | INFO | Query 17 Active Learning Random Query Runtime on Validation Set: 217147.63
2024-04-17 18:50 | INFO | Query 17 Active Learning Random Query Runtime on Test Set: 146593.04
2024-04-17 18:50 | INFO | Query 17 Active Learning Random Query Instance Cost: 1171604.8
2024-04-17 18:50 | INFO | Query 18 Size of the uncertainty table is = 2203/5040
2024-04-17 18:50 | INFO | Query 18 Size of the filtered table is = 50
2024-04-17 18:51 | INFO | Query 18 Active Learning Random Query Runtime on Validation Set: 250985.69
2024-04-17 18:51 | INFO | Query 18 Active Learning Random Query Runtime on Test Set: 147128.37
2024-04-17 18:51 | INFO | Query 18 Active Learning Random Query Instance Cost: 1225714.26
2024-04-17 18:51 | INFO | Timeout limit is increased to 3600
2024-04-17 18:51 | INFO | Query 19 Size of the uncertainty table is = 1950/5040
2024-04-17 18:51 | INFO | Query 19 Size of the filtered table is = 50
2024-04-17 18:51 | INFO | Query 19 Active Learning Random Query Runtime on Validation Set: 250407.53
2024-04-17 18:51 | INFO | Query 19 Active Learning Random Query Runtime on Test Set: 147247.77
2024-04-17 18:51 | INFO | Query 19 Active Learning Random Query Instance Cost: 1277651.1
2024-04-17 18:51 | INFO | Query 20 Size of the uncertainty table is = 1700/5040
2024-04-17 18:51 | INFO | Query 20 Size of the filtered table is = 50
2024-04-17 18:52 | INFO | Query 20 Active Learning Random Query Runtime on Validation Set: 252869.7
2024-04-17 18:52 | INFO | Query 20 Active Learning Random Query Runtime on Test Set: 147245.6
2024-04-17 18:52 | INFO | Query 20 Active Learning Random Query Instance Cost: 1321901.66
2024-04-17 18:52 | INFO | Timeout limit is increased to 3600
2024-04-17 18:52 | INFO | Query 21 Size of the uncertainty table is = 1455/5040
2024-04-17 18:52 | INFO | Query 21 Size of the filtered table is = 50
2024-04-17 18:52 | INFO | Query 21 Active Learning Random Query Runtime on Validation Set: 252463.03
2024-04-17 18:52 | INFO | Query 21 Active Learning Random Query Runtime on Test Set: 143810.54
2024-04-17 18:52 | INFO | Query 21 Active Learning Random Query Instance Cost: 1370021.42
2024-04-17 18:52 | INFO | Query 22 Size of the uncertainty table is = 1181/5040
2024-04-17 18:52 | INFO | Query 22 Size of the filtered table is = 50
2024-04-17 18:52 | INFO | Query 22 Active Learning Random Query Runtime on Validation Set: 252657.89
2024-04-17 18:52 | INFO | Query 22 Active Learning Random Query Runtime on Test Set: 215784.28
2024-04-17 18:52 | INFO | Query 22 Active Learning Random Query Instance Cost: 1421193.26
2024-04-17 18:52 | INFO | Timeout limit is increased to 3600
2024-04-17 18:52 | INFO | Query 23 Size of the uncertainty table is = 917/5040
2024-04-17 18:52 | INFO | Query 23 Size of the filtered table is = 50
2024-04-17 18:53 | INFO | Query 23 Active Learning Random Query Runtime on Validation Set: 288650.15
2024-04-17 18:53 | INFO | Query 23 Active Learning Random Query Runtime on Test Set: 111576.35
2024-04-17 18:53 | INFO | Query 23 Active Learning Random Query Instance Cost: 1460732.81
2024-04-17 18:53 | INFO | Timeout limit is increased to 3600
2024-04-17 18:53 | INFO | Query 24 Size of the uncertainty table is = 663/5040
2024-04-17 18:53 | INFO | Query 24 Size of the filtered table is = 50
2024-04-17 18:53 | INFO | Query 24 Active Learning Random Query Runtime on Validation Set: 288657.22
2024-04-17 18:53 | INFO | Query 24 Active Learning Random Query Runtime on Test Set: 183243.71
2024-04-17 18:53 | INFO | Query 24 Active Learning Random Query Instance Cost: 1502228.43
2024-04-17 18:53 | INFO | Timeout limit is increased to 3600
2024-04-17 18:53 | INFO | Query 25 Size of the uncertainty table is = 412/5040
2024-04-17 18:53 | INFO | Query 25 Size of the filtered table is = 50
2024-04-17 18:54 | INFO | Query 25 Active Learning Random Query Runtime on Validation Set: 288654.8
2024-04-17 18:54 | INFO | Query 25 Active Learning Random Query Runtime on Test Set: 215799.12
2024-04-17 18:54 | INFO | Query 25 Active Learning Random Query Instance Cost: 1538868.45
2024-04-17 18:54 | INFO | Query 26 Size of the uncertainty table is = 170/5040
2024-04-17 18:54 | INFO | Query 26 Size of the filtered table is = 50
2024-04-17 18:54 | INFO | Query 26 Active Learning Random Query Runtime on Validation Set: 288654.85
2024-04-17 18:54 | INFO | Query 26 Active Learning Random Query Runtime on Test Set: 215848.7
2024-04-17 18:54 | INFO | Query 26 Active Learning Random Query Instance Cost: 1556030.08
2024-04-17 18:54 | INFO | Timeout limit is increased to 3600
2024-04-17 18:54 | INFO | Query 27 Size of the uncertainty table is = 36/5040
2024-04-17 18:54 | INFO | Query 27 Size of the filtered table is = 36
2024-04-17 18:54 | INFO | Query 27 Active Learning Random Query Runtime on Validation Set: 288654.85
2024-04-17 18:54 | INFO | Query 27 Active Learning Random Query Runtime on Test Set: 183361.74
2024-04-17 18:54 | INFO | Query 27 Active Learning Random Query Instance Cost: 1556562.67
2024-04-17 18:54 | INFO | Timeout limit is increased to 3600
2024-04-17 18:54 | INFO | runtime_train_score is written as json file
2024-04-17 18:54 | INFO | runtime_test_score is written as json file
2024-04-17 18:54 | INFO | runtime_validation_score is written as json file
2024-04-17 18:54 | INFO | instance_cost is written as json file
2024-04-17 18:54 | INFO | Experiment is finished
