2024-04-17 10:37 | INFO | Paramaters are: {'dataset': 'MAXSAT19-UCMS', 'penalty': 10, 'weight': 'No_Weight', 'voting': 'Hard', 'pre_selection_size': 64, 'pre_selection_technique': 'No_pre_selection', 'feature_elimination_threshold': 20, 'imputer_strategy': 'median', 'feature_selection_technique': 'No_feature_selection', 'feature_scaling_technique': 'StandardScaler', 'initial_train_size': 20, 'query_size': 1, 'timeout_predictor_usage': 'No', 'timeout_limit': 3600, 'timeout_increase_rate': 100, 'RANDOM_STATE_SEED': 99, 'n_splits': 10, 'split_number': 5, 'max_timeout': 3600, 'param_grid': {'n_estimators': 100, 'criterion': 'gini', 'max_features': 'sqrt', 'max_depth': 2147483648, 'min_samples_split': 2, 'bootstrap': True}}
2024-04-17 10:37 | INFO | MAXSAT19-UCMS is current dataset
2024-04-17 10:37 | INFO | DATASETS/MAXSAT19-UCMS/algorithm_runs.arff is found
2024-04-17 10:37 | INFO | DATASETS/MAXSAT19-UCMS/algorithm_runs.arff is finished
2024-04-17 10:37 | INFO | DATASETS/MAXSAT19-UCMS/feature_values.arff is found
2024-04-17 10:37 | INFO | DATASETS/MAXSAT19-UCMS/feature_values.arff is finished
2024-04-17 10:37 | INFO | DATASETS/MAXSAT19-UCMS/feature_costs.arff is found
2024-04-17 10:37 | INFO | DATASETS/MAXSAT19-UCMS/feature_costs.arff is finished
2024-04-17 10:37 | INFO | Virtual best solver time in train = 54797.2
2024-04-17 10:37 | INFO | Single best solver list train = {'MaxHS': 1163441.98, 'Open.WBO.g': 1515924.91, 'Open.WBO.ms': 1338233.25, 'Open.WBO.ms.pre': 2046143.96, 'QMaxSAT2018': 4105334.21, 'UWrMaxSAT': 1281025.11, 'maxino2018': 1646855.1}
2024-04-17 10:37 | INFO | Single best solver time train = MaxHS (1163441.98)
2024-04-17 10:37 | INFO | Virtual best solver time in validation = 8862.24
2024-04-17 10:37 | INFO | Single best solver list validation = {'MaxHS': 328777.21, 'Open.WBO.g': 191203.54, 'Open.WBO.ms': 189503.6, 'Open.WBO.ms.pre': 184453.43, 'QMaxSAT2018': 548030.81, 'UWrMaxSAT': 149463.02, 'maxino2018': 218247.31}
2024-04-17 10:37 | INFO | Single best solver time validation = UWrMaxSAT (149463.02)
2024-04-17 10:37 | INFO | Virtual best solver time in test = 7897.44
2024-04-17 10:37 | INFO | Single best solver list test = {'MaxHS': 78606.68, 'Open.WBO.g': 291947.31, 'Open.WBO.ms': 255684.58, 'Open.WBO.ms.pre': 257135.98, 'QMaxSAT2018': 438243.88, 'UWrMaxSAT': 181393.19, 'maxino2018': 261832.43}
2024-04-17 10:37 | INFO | Single best solver time test = MaxHS (78606.68)
2024-04-17 10:37 | INFO | Passive Learning Runtime on Validation Set: 364095.24
2024-04-17 10:37 | INFO | Passive Learning Runtime on Test Set: 111468.78
2024-04-17 10:37 | INFO | Passive Learning Instance Cost: 1530158.52
2024-04-17 10:38 | INFO | Initial Active Learning Runtime on Validation Set: 291598.43
2024-04-17 10:38 | INFO | Initial Active Learning Runtime on Test Set: 289525.2
2024-04-17 10:38 | INFO | Initial Active Learning Instance Cost: 127270.8
2024-04-17 10:38 | INFO | Bin size = 51
2024-04-17 10:38 | INFO | Query 1 Size of the uncertainty table is = 5040/5040
2024-04-17 10:38 | INFO | Query 1 Size of the filtered table is = 51
2024-04-17 10:38 | INFO | Query 1 Active Learning Runtime on Validation Set: 291601.04000000004
2024-04-17 10:38 | INFO | Query 1 Active Learning Runtime on Test Set: 289525.2
2024-04-17 10:38 | INFO | Query 1 Active Learning Instance Cost: 180696.79
2024-04-17 10:38 | INFO | Timeout limit is increased to 3600
2024-04-17 10:38 | INFO | Query 2 Size of the uncertainty table is = 4985/5040
2024-04-17 10:38 | INFO | Query 2 Size of the filtered table is = 51
2024-04-17 10:39 | INFO | Query 2 Active Learning Runtime on Validation Set: 291675.4
2024-04-17 10:39 | INFO | Query 2 Active Learning Runtime on Test Set: 289525.2
2024-04-17 10:39 | INFO | Query 2 Active Learning Instance Cost: 272569.84
2024-04-17 10:39 | INFO | Timeout limit is increased to 3600
2024-04-17 10:39 | INFO | Query 3 Size of the uncertainty table is = 4918/5040
2024-04-17 10:39 | INFO | Query 3 Size of the filtered table is = 51
2024-04-17 10:39 | INFO | Query 3 Active Learning Runtime on Validation Set: 291347.22
2024-04-17 10:39 | INFO | Query 3 Active Learning Runtime on Test Set: 253453.85
2024-04-17 10:39 | INFO | Query 3 Active Learning Instance Cost: 342552.91
2024-04-17 10:39 | INFO | Query 4 Size of the uncertainty table is = 4825/5040
2024-04-17 10:39 | INFO | Query 4 Size of the filtered table is = 51
2024-04-17 10:39 | INFO | Query 4 Active Learning Runtime on Validation Set: 255307.24
2024-04-17 10:39 | INFO | Query 4 Active Learning Runtime on Test Set: 253430.52
2024-04-17 10:39 | INFO | Query 4 Active Learning Instance Cost: 379765.45
2024-04-17 10:39 | INFO | Query 5 Size of the uncertainty table is = 4710/5040
2024-04-17 10:39 | INFO | Query 5 Size of the filtered table is = 51
2024-04-17 10:40 | INFO | Query 5 Active Learning Runtime on Validation Set: 255312.33000000002
2024-04-17 10:40 | INFO | Query 5 Active Learning Runtime on Test Set: 253453.7
2024-04-17 10:40 | INFO | Query 5 Active Learning Instance Cost: 430294.79
2024-04-17 10:40 | INFO | Timeout limit is increased to 3600
2024-04-17 10:40 | INFO | Query 6 Size of the uncertainty table is = 4541/5040
2024-04-17 10:40 | INFO | Query 6 Size of the filtered table is = 51
2024-04-17 10:40 | INFO | Query 6 Active Learning Runtime on Validation Set: 255635.61000000002
2024-04-17 10:40 | INFO | Query 6 Active Learning Runtime on Test Set: 253450.13
2024-04-17 10:40 | INFO | Query 6 Active Learning Instance Cost: 488676.85
2024-04-17 10:40 | INFO | Timeout limit is increased to 3600
2024-04-17 10:40 | INFO | Query 7 Size of the uncertainty table is = 4416/5040
2024-04-17 10:40 | INFO | Query 7 Size of the filtered table is = 51
2024-04-17 10:40 | INFO | Query 7 Active Learning Runtime on Validation Set: 288214.5
2024-04-17 10:40 | INFO | Query 7 Active Learning Runtime on Test Set: 253453.58000000002
2024-04-17 10:40 | INFO | Query 7 Active Learning Instance Cost: 550125.15
2024-04-17 10:40 | INFO | Timeout limit is increased to 3600
2024-04-17 10:40 | INFO | Query 8 Size of the uncertainty table is = 4251/5040
2024-04-17 10:40 | INFO | Query 8 Size of the filtered table is = 51
2024-04-17 10:41 | INFO | Query 8 Active Learning Runtime on Validation Set: 291262.68
2024-04-17 10:41 | INFO | Query 8 Active Learning Runtime on Test Set: 253455.19
2024-04-17 10:41 | INFO | Query 8 Active Learning Instance Cost: 631271.31
2024-04-17 10:41 | INFO | Timeout limit is increased to 3600
2024-04-17 10:41 | INFO | Query 9 Size of the uncertainty table is = 4013/5040
2024-04-17 10:41 | INFO | Query 9 Size of the filtered table is = 51
2024-04-17 10:41 | INFO | Query 9 Active Learning Runtime on Validation Set: 327164.1
2024-04-17 10:41 | INFO | Query 9 Active Learning Runtime on Test Set: 217446.37
2024-04-17 10:41 | INFO | Query 9 Active Learning Instance Cost: 659227.61
2024-04-17 10:41 | INFO | Timeout limit is increased to 3600
2024-04-17 10:41 | INFO | Query 10 Size of the uncertainty table is = 3816/5040
2024-04-17 10:41 | INFO | Query 10 Size of the filtered table is = 51
2024-04-17 10:42 | INFO | Query 10 Active Learning Runtime on Validation Set: 327311.26
2024-04-17 10:42 | INFO | Query 10 Active Learning Runtime on Test Set: 217445.76
2024-04-17 10:42 | INFO | Query 10 Active Learning Instance Cost: 699704.65
2024-04-17 10:42 | INFO | Timeout limit is increased to 3600
2024-04-17 10:42 | INFO | Query 11 Size of the uncertainty table is = 3626/5040
2024-04-17 10:42 | INFO | Query 11 Size of the filtered table is = 51
2024-04-17 10:42 | INFO | Query 11 Active Learning Runtime on Validation Set: 290879.7
2024-04-17 10:42 | INFO | Query 11 Active Learning Runtime on Test Set: 217445.85
2024-04-17 10:42 | INFO | Query 11 Active Learning Instance Cost: 734054.42
2024-04-17 10:42 | INFO | Query 12 Size of the uncertainty table is = 3404/5040
2024-04-17 10:42 | INFO | Query 12 Size of the filtered table is = 51
2024-04-17 10:42 | INFO | Query 12 Active Learning Runtime on Validation Set: 291239.08
2024-04-17 10:42 | INFO | Query 12 Active Learning Runtime on Test Set: 253445.77
2024-04-17 10:42 | INFO | Query 12 Active Learning Instance Cost: 835014.32
2024-04-17 10:42 | INFO | Timeout limit is increased to 3600
2024-04-17 10:42 | INFO | Query 13 Size of the uncertainty table is = 3212/5040
2024-04-17 10:42 | INFO | Query 13 Size of the filtered table is = 51
2024-04-17 10:43 | INFO | Query 13 Active Learning Runtime on Validation Set: 290953.75
2024-04-17 10:43 | INFO | Query 13 Active Learning Runtime on Test Set: 253445.09
2024-04-17 10:43 | INFO | Query 13 Active Learning Instance Cost: 848639.28
2024-04-17 10:43 | INFO | Query 14 Size of the uncertainty table is = 3033/5040
2024-04-17 10:43 | INFO | Query 14 Size of the filtered table is = 51
2024-04-17 10:43 | INFO | Query 14 Active Learning Runtime on Validation Set: 290950.77
2024-04-17 10:43 | INFO | Query 14 Active Learning Runtime on Test Set: 253445.09
2024-04-17 10:43 | INFO | Query 14 Active Learning Instance Cost: 890246.9
2024-04-17 10:43 | INFO | Query 15 Size of the uncertainty table is = 2760/5040
2024-04-17 10:43 | INFO | Query 15 Size of the filtered table is = 51
2024-04-17 10:43 | INFO | Query 15 Active Learning Runtime on Validation Set: 254883.05000000002
2024-04-17 10:43 | INFO | Query 15 Active Learning Runtime on Test Set: 217407.30000000002
2024-04-17 10:43 | INFO | Query 15 Active Learning Instance Cost: 975607.76
2024-04-17 10:43 | INFO | Query 16 Size of the uncertainty table is = 2536/5040
2024-04-17 10:43 | INFO | Query 16 Size of the filtered table is = 51
2024-04-17 10:44 | INFO | Query 16 Active Learning Runtime on Validation Set: 291605.51
2024-04-17 10:44 | INFO | Query 16 Active Learning Runtime on Test Set: 217392.96
2024-04-17 10:44 | INFO | Query 16 Active Learning Instance Cost: 1011949.37
2024-04-17 10:44 | INFO | Timeout limit is increased to 3600
2024-04-17 10:44 | INFO | Query 17 Size of the uncertainty table is = 2356/5040
2024-04-17 10:44 | INFO | Query 17 Size of the filtered table is = 51
2024-04-17 10:44 | INFO | Query 17 Active Learning Runtime on Validation Set: 327599.19999999995
2024-04-17 10:44 | INFO | Query 17 Active Learning Runtime on Test Set: 218063.47
2024-04-17 10:44 | INFO | Query 17 Active Learning Instance Cost: 1082587.11
2024-04-17 10:44 | INFO | Timeout limit is increased to 3600
2024-04-17 10:44 | INFO | Query 18 Size of the uncertainty table is = 2143/5040
2024-04-17 10:44 | INFO | Query 18 Size of the filtered table is = 51
2024-04-17 10:45 | INFO | Query 18 Active Learning Runtime on Validation Set: 255657.97
2024-04-17 10:45 | INFO | Query 18 Active Learning Runtime on Test Set: 182068.78
2024-04-17 10:45 | INFO | Query 18 Active Learning Instance Cost: 1166755.03
2024-04-17 10:45 | INFO | Query 19 Size of the uncertainty table is = 1926/5040
2024-04-17 10:45 | INFO | Query 19 Size of the filtered table is = 51
2024-04-17 10:45 | INFO | Query 19 Active Learning Runtime on Validation Set: 291607.66000000003
2024-04-17 10:45 | INFO | Query 19 Active Learning Runtime on Test Set: 181117.7
2024-04-17 10:45 | INFO | Query 19 Active Learning Instance Cost: 1204908.85
2024-04-17 10:45 | INFO | Timeout limit is increased to 3600
2024-04-17 10:45 | INFO | Query 20 Size of the uncertainty table is = 1712/5040
2024-04-17 10:45 | INFO | Query 20 Size of the filtered table is = 51
2024-04-17 10:45 | INFO | Query 20 Active Learning Runtime on Validation Set: 291597.45
2024-04-17 10:45 | INFO | Query 20 Active Learning Runtime on Test Set: 181118.28
2024-04-17 10:45 | INFO | Query 20 Active Learning Instance Cost: 1296447.2
2024-04-17 10:45 | INFO | Query 21 Size of the uncertainty table is = 1497/5040
2024-04-17 10:45 | INFO | Query 21 Size of the filtered table is = 51
2024-04-17 10:46 | INFO | Query 21 Active Learning Runtime on Validation Set: 291485.22
2024-04-17 10:46 | INFO | Query 21 Active Learning Runtime on Test Set: 181119.46
2024-04-17 10:46 | INFO | Query 21 Active Learning Instance Cost: 1328690.18
2024-04-17 10:46 | INFO | Query 22 Size of the uncertainty table is = 1262/5040
2024-04-17 10:46 | INFO | Query 22 Size of the filtered table is = 51
2024-04-17 10:46 | INFO | Query 22 Active Learning Runtime on Validation Set: 255501.76
2024-04-17 10:46 | INFO | Query 22 Active Learning Runtime on Test Set: 147037.84
2024-04-17 10:46 | INFO | Query 22 Active Learning Instance Cost: 1394546.01
2024-04-17 10:46 | INFO | Query 23 Size of the uncertainty table is = 1062/5040
2024-04-17 10:46 | INFO | Query 23 Size of the filtered table is = 51
2024-04-17 10:47 | INFO | Query 23 Active Learning Runtime on Validation Set: 255501.23
2024-04-17 10:47 | INFO | Query 23 Active Learning Runtime on Test Set: 182065.93
2024-04-17 10:47 | INFO | Query 23 Active Learning Instance Cost: 1405136.55
2024-04-17 10:47 | INFO | Query 24 Size of the uncertainty table is = 878/5040
2024-04-17 10:47 | INFO | Query 24 Size of the filtered table is = 51
2024-04-17 10:47 | INFO | Query 24 Active Learning Runtime on Validation Set: 291485.22
2024-04-17 10:47 | INFO | Query 24 Active Learning Runtime on Test Set: 181110.33000000002
2024-04-17 10:47 | INFO | Query 24 Active Learning Instance Cost: 1434467.31
2024-04-17 10:47 | INFO | Timeout limit is increased to 3600
2024-04-17 10:47 | INFO | Query 25 Size of the uncertainty table is = 720/5040
2024-04-17 10:47 | INFO | Query 25 Size of the filtered table is = 51
2024-04-17 10:47 | INFO | Query 25 Active Learning Runtime on Validation Set: 255554.9
2024-04-17 10:47 | INFO | Query 25 Active Learning Runtime on Test Set: 109347.41
2024-04-17 10:47 | INFO | Query 25 Active Learning Instance Cost: 1471558.71
2024-04-17 10:47 | INFO | Query 26 Size of the uncertainty table is = 472/5040
2024-04-17 10:47 | INFO | Query 26 Size of the filtered table is = 51
2024-04-17 10:48 | INFO | Query 26 Active Learning Runtime on Validation Set: 256213.68
2024-04-17 10:48 | INFO | Query 26 Active Learning Runtime on Test Set: 76395.03
2024-04-17 10:48 | INFO | Query 26 Active Learning Instance Cost: 1492047.29
2024-04-17 10:48 | INFO | Timeout limit is increased to 3600
2024-04-17 10:48 | INFO | Query 27 Size of the uncertainty table is = 279/5040
2024-04-17 10:48 | INFO | Query 27 Size of the filtered table is = 51
2024-04-17 10:48 | INFO | Query 27 Active Learning Runtime on Validation Set: 328166.5
2024-04-17 10:48 | INFO | Query 27 Active Learning Runtime on Test Set: 111470.97
2024-04-17 10:48 | INFO | Query 27 Active Learning Instance Cost: 1525928.31
2024-04-17 10:48 | INFO | Timeout limit is increased to 3600
2024-04-17 10:48 | INFO | Query 28 Size of the uncertainty table is = 100/5040
2024-04-17 10:48 | INFO | Query 28 Size of the filtered table is = 51
2024-04-17 10:48 | INFO | Query 28 Active Learning Runtime on Validation Set: 364161.92000000004
2024-04-17 10:48 | INFO | Query 28 Active Learning Runtime on Test Set: 147468.52000000002
2024-04-17 10:48 | INFO | Query 28 Active Learning Instance Cost: 1530158.52
2024-04-17 10:48 | INFO | Timeout limit is increased to 3600
2024-04-17 10:48 | INFO | runtime_test_score is written as json file
2024-04-17 10:48 | INFO | runtime_validation_score is written as json file
2024-04-17 10:48 | INFO | instance_cost is written as json file
2024-04-17 10:48 | INFO | Experiment is finished
