2024-04-17 18:12 | INFO | Paramaters are: {'dataset': 'CSP-2010', 'penalty': 10, 'weight': 'No_Weight', 'voting': 'Hard', 'pre_selection_size': 64, 'pre_selection_technique': 'No_pre_selection', 'feature_elimination_threshold': 20, 'imputer_strategy': 'median', 'feature_selection_technique': 'No_feature_selection', 'feature_scaling_technique': 'StandardScaler', 'initial_train_size': 20, 'query_size': 1, 'timeout_predictor_usage': 'Yes', 'timeout_limit': 3600, 'timeout_increase_rate': 100, 'RANDOM_STATE_SEED': 123, 'n_splits': 10, 'split_number': 2, 'max_timeout': 3600, 'param_grid': {'n_estimators': 100, 'criterion': 'gini', 'max_features': 'sqrt', 'max_depth': 2147483648, 'min_samples_split': 2, 'bootstrap': True}}
2024-04-17 18:12 | INFO | CSP-2010 is current dataset
2024-04-17 18:12 | INFO | DATASETS/CSP-2010/algorithm_runs.csv is found
2024-04-17 18:12 | INFO | DATASETS/CSP-2010/algorithm_runs.csv is finished
2024-04-17 18:12 | INFO | DATASETS/CSP-2010/feature_values.csv is found
2024-04-17 18:12 | INFO | DATASETS/CSP-2010/feature_values.csv is finished
2024-04-17 18:12 | INFO | Feature cost of train set is 0
2024-04-17 18:12 | INFO | Initial Active Learning Random Query Runtime on Validation Set: 90866.85
2024-04-17 18:12 | INFO | Initial Active Learning Random Query Runtime on Test Set: 30623.63
2024-04-17 18:12 | INFO | Initial Active Learning Random Query Instance Cost: 8619.63
2024-04-17 18:12 | INFO | Bin size = 12
2024-04-17 18:12 | INFO | Query 1 Size of the uncertainty table is = 1200/1200
2024-04-17 18:12 | INFO | Query 1 Size of the filtered table is = 12
2024-04-17 18:13 | INFO | Query 1 Active Learning Random Query Runtime on Validation Set: 86416.72
2024-04-17 18:13 | INFO | Query 1 Active Learning Random Query Runtime on Test Set: 95238.41
2024-04-17 18:13 | INFO | Query 1 Active Learning Random Query Instance Cost: 8626.69
2024-04-17 18:13 | INFO | Query 2 Size of the uncertainty table is = 1188/1200
2024-04-17 18:13 | INFO | Query 2 Size of the filtered table is = 12
2024-04-17 18:13 | INFO | Query 2 Active Learning Random Query Runtime on Validation Set: 86416.72
2024-04-17 18:13 | INFO | Query 2 Active Learning Random Query Runtime on Test Set: 131223.14
2024-04-17 18:13 | INFO | Query 2 Active Learning Random Query Instance Cost: 12448.54
2024-04-17 18:13 | INFO | Timeout limit is increased to 3600
2024-04-17 18:13 | INFO | Query 3 Size of the uncertainty table is = 1176/1200
2024-04-17 18:13 | INFO | Query 3 Size of the filtered table is = 12
2024-04-17 18:13 | INFO | Query 3 Active Learning Random Query Runtime on Validation Set: 90865.2
2024-04-17 18:13 | INFO | Query 3 Active Learning Random Query Runtime on Test Set: 129413.64
2024-04-17 18:13 | INFO | Query 3 Active Learning Random Query Instance Cost: 37508.64
2024-04-17 18:13 | INFO | Timeout limit is increased to 3600
2024-04-17 18:13 | INFO | Query 4 Size of the uncertainty table is = 1164/1200
2024-04-17 18:13 | INFO | Query 4 Size of the filtered table is = 12
2024-04-17 18:13 | INFO | Query 4 Active Learning Random Query Runtime on Validation Set: 90866.85
2024-04-17 18:13 | INFO | Query 4 Active Learning Random Query Runtime on Test Set: 94947.94
2024-04-17 18:13 | INFO | Query 4 Active Learning Random Query Instance Cost: 38747.49
2024-04-17 18:13 | INFO | Timeout limit is increased to 3600
2024-04-17 18:13 | INFO | Query 5 Size of the uncertainty table is = 1152/1200
2024-04-17 18:13 | INFO | Query 5 Size of the filtered table is = 12
2024-04-17 18:13 | INFO | Query 5 Active Learning Random Query Runtime on Validation Set: 90866.85
2024-04-17 18:13 | INFO | Query 5 Active Learning Random Query Runtime on Test Set: 94947.89
2024-04-17 18:13 | INFO | Query 5 Active Learning Random Query Instance Cost: 43654.22
2024-04-17 18:13 | INFO | Timeout limit is increased to 3600
2024-04-17 18:13 | INFO | Query 6 Size of the uncertainty table is = 1140/1200
2024-04-17 18:13 | INFO | Query 6 Size of the filtered table is = 12
2024-04-17 18:13 | INFO | Query 6 Active Learning Random Query Runtime on Validation Set: 90866.85
2024-04-17 18:13 | INFO | Query 6 Active Learning Random Query Runtime on Test Set: 94947.93
2024-04-17 18:13 | INFO | Query 6 Active Learning Random Query Instance Cost: 43760.95
2024-04-17 18:13 | INFO | Timeout limit is increased to 3600
2024-04-17 18:13 | INFO | Query 7 Size of the uncertainty table is = 1128/1200
2024-04-17 18:13 | INFO | Query 7 Size of the filtered table is = 12
2024-04-17 18:13 | INFO | Query 7 Active Learning Random Query Runtime on Validation Set: 90866.87
2024-04-17 18:13 | INFO | Query 7 Active Learning Random Query Runtime on Test Set: 94947.49
2024-04-17 18:13 | INFO | Query 7 Active Learning Random Query Instance Cost: 47506.27
2024-04-17 18:13 | INFO | Timeout limit is increased to 3600
2024-04-17 18:13 | INFO | Query 8 Size of the uncertainty table is = 1116/1200
2024-04-17 18:13 | INFO | Query 8 Size of the filtered table is = 12
2024-04-17 18:13 | INFO | Query 8 Active Learning Random Query Runtime on Validation Set: 90866.85
2024-04-17 18:13 | INFO | Query 8 Active Learning Random Query Runtime on Test Set: 94947.49
2024-04-17 18:13 | INFO | Query 8 Active Learning Random Query Instance Cost: 55550.43
2024-04-17 18:13 | INFO | Query 9 Size of the uncertainty table is = 1104/1200
2024-04-17 18:13 | INFO | Query 9 Size of the filtered table is = 12
2024-04-17 18:13 | INFO | Query 9 Active Learning Random Query Runtime on Validation Set: 90866.85
2024-04-17 18:13 | INFO | Query 9 Active Learning Random Query Runtime on Test Set: 94947.58
2024-04-17 18:13 | INFO | Query 9 Active Learning Random Query Instance Cost: 59781.46
2024-04-17 18:13 | INFO | Timeout limit is increased to 3600
2024-04-17 18:13 | INFO | Query 10 Size of the uncertainty table is = 1092/1200
2024-04-17 18:13 | INFO | Query 10 Size of the filtered table is = 12
2024-04-17 18:13 | INFO | Query 10 Active Learning Random Query Runtime on Validation Set: 90866.85
2024-04-17 18:13 | INFO | Query 10 Active Learning Random Query Runtime on Test Set: 94963.52
2024-04-17 18:13 | INFO | Query 10 Active Learning Random Query Instance Cost: 64203.29
2024-04-17 18:13 | INFO | Timeout limit is increased to 3600
2024-04-17 18:13 | INFO | Query 11 Size of the uncertainty table is = 1080/1200
2024-04-17 18:13 | INFO | Query 11 Size of the filtered table is = 12
2024-04-17 18:13 | INFO | Query 11 Active Learning Random Query Runtime on Validation Set: 139423.33
2024-04-17 18:13 | INFO | Query 11 Active Learning Random Query Runtime on Test Set: 94962.57
2024-04-17 18:13 | INFO | Query 11 Active Learning Random Query Instance Cost: 74335.59
2024-04-17 18:13 | INFO | Timeout limit is increased to 3600
2024-04-17 18:13 | INFO | Query 12 Size of the uncertainty table is = 1068/1200
2024-04-17 18:13 | INFO | Query 12 Size of the filtered table is = 12
2024-04-17 18:13 | INFO | Query 12 Active Learning Random Query Runtime on Validation Set: 90866.85
2024-04-17 18:13 | INFO | Query 12 Active Learning Random Query Runtime on Test Set: 94948.26
2024-04-17 18:13 | INFO | Query 12 Active Learning Random Query Instance Cost: 74358.54
2024-04-17 18:13 | INFO | Query 13 Size of the uncertainty table is = 1056/1200
2024-04-17 18:13 | INFO | Query 13 Size of the filtered table is = 12
2024-04-17 18:14 | INFO | Query 13 Active Learning Random Query Runtime on Validation Set: 175441.88
2024-04-17 18:14 | INFO | Query 13 Active Learning Random Query Runtime on Test Set: 97928.47
2024-04-17 18:14 | INFO | Query 13 Active Learning Random Query Instance Cost: 81466.25
2024-04-17 18:14 | INFO | Timeout limit is increased to 3600
2024-04-17 18:14 | INFO | Query 14 Size of the uncertainty table is = 1044/1200
2024-04-17 18:14 | INFO | Query 14 Size of the filtered table is = 12
2024-04-17 18:14 | INFO | Query 14 Active Learning Random Query Runtime on Validation Set: 134664.47
2024-04-17 18:14 | INFO | Query 14 Active Learning Random Query Runtime on Test Set: 94947.71
2024-04-17 18:14 | INFO | Query 14 Active Learning Random Query Instance Cost: 97297.48
2024-04-17 18:14 | INFO | Query 15 Size of the uncertainty table is = 1032/1200
2024-04-17 18:14 | INFO | Query 15 Size of the filtered table is = 12
2024-04-17 18:14 | INFO | Query 15 Active Learning Random Query Runtime on Validation Set: 90866.85
2024-04-17 18:14 | INFO | Query 15 Active Learning Random Query Runtime on Test Set: 94962.75
2024-04-17 18:14 | INFO | Query 15 Active Learning Random Query Instance Cost: 98313.46
2024-04-17 18:14 | INFO | Query 16 Size of the uncertainty table is = 1020/1200
2024-04-17 18:14 | INFO | Query 16 Size of the filtered table is = 12
2024-04-17 18:14 | INFO | Query 16 Active Learning Random Query Runtime on Validation Set: 90866.85
2024-04-17 18:14 | INFO | Query 16 Active Learning Random Query Runtime on Test Set: 94947.75
2024-04-17 18:14 | INFO | Query 16 Active Learning Random Query Instance Cost: 103377.79
2024-04-17 18:14 | INFO | Timeout limit is increased to 3600
2024-04-17 18:14 | INFO | Query 17 Size of the uncertainty table is = 1008/1200
2024-04-17 18:14 | INFO | Query 17 Size of the filtered table is = 12
2024-04-17 18:14 | INFO | Query 17 Active Learning Random Query Runtime on Validation Set: 90866.85
2024-04-17 18:14 | INFO | Query 17 Active Learning Random Query Runtime on Test Set: 58962.86
2024-04-17 18:14 | INFO | Query 17 Active Learning Random Query Instance Cost: 107117.82
2024-04-17 18:14 | INFO | Timeout limit is increased to 3600
2024-04-17 18:14 | INFO | Query 18 Size of the uncertainty table is = 996/1200
2024-04-17 18:14 | INFO | Query 18 Size of the filtered table is = 12
2024-04-17 18:14 | INFO | Query 18 Active Learning Random Query Runtime on Validation Set: 162792.74
2024-04-17 18:14 | INFO | Query 18 Active Learning Random Query Runtime on Test Set: 58962.84
2024-04-17 18:14 | INFO | Query 18 Active Learning Random Query Instance Cost: 107474.74
2024-04-17 18:14 | INFO | Timeout limit is increased to 3600
2024-04-17 18:14 | INFO | Query 19 Size of the uncertainty table is = 984/1200
2024-04-17 18:14 | INFO | Query 19 Size of the filtered table is = 12
2024-04-17 18:14 | INFO | Query 19 Active Learning Random Query Runtime on Validation Set: 165448.5
2024-04-17 18:14 | INFO | Query 19 Active Learning Random Query Runtime on Test Set: 58962.92
2024-04-17 18:14 | INFO | Query 19 Active Learning Random Query Instance Cost: 111270.9
2024-04-17 18:14 | INFO | Timeout limit is increased to 3600
2024-04-17 18:14 | INFO | Query 20 Size of the uncertainty table is = 972/1200
2024-04-17 18:14 | INFO | Query 20 Size of the filtered table is = 12
2024-04-17 18:14 | INFO | Query 20 Active Learning Random Query Runtime on Validation Set: 90866.85
2024-04-17 18:14 | INFO | Query 20 Active Learning Random Query Runtime on Test Set: 58962.92
2024-04-17 18:14 | INFO | Query 20 Active Learning Random Query Instance Cost: 115128.22
2024-04-17 18:14 | INFO | Query 21 Size of the uncertainty table is = 960/1200
2024-04-17 18:14 | INFO | Query 21 Size of the filtered table is = 12
2024-04-17 18:14 | INFO | Query 21 Active Learning Random Query Runtime on Validation Set: 90866.85
2024-04-17 18:14 | INFO | Query 21 Active Learning Random Query Runtime on Test Set: 58962.9
2024-04-17 18:14 | INFO | Query 21 Active Learning Random Query Instance Cost: 115751.31
2024-04-17 18:14 | INFO | Timeout limit is increased to 3600
2024-04-17 18:14 | INFO | Query 22 Size of the uncertainty table is = 948/1200
2024-04-17 18:14 | INFO | Query 22 Size of the filtered table is = 12
2024-04-17 18:14 | INFO | Query 22 Active Learning Random Query Runtime on Validation Set: 90866.85
2024-04-17 18:14 | INFO | Query 22 Active Learning Random Query Runtime on Test Set: 58962.9
2024-04-17 18:14 | INFO | Query 22 Active Learning Random Query Instance Cost: 120771.39
2024-04-17 18:14 | INFO | Timeout limit is increased to 3600
2024-04-17 18:14 | INFO | Query 23 Size of the uncertainty table is = 936/1200
2024-04-17 18:14 | INFO | Query 23 Size of the filtered table is = 12
2024-04-17 18:14 | INFO | Query 23 Active Learning Random Query Runtime on Validation Set: 90866.85
2024-04-17 18:14 | INFO | Query 23 Active Learning Random Query Runtime on Test Set: 58962.9
2024-04-17 18:14 | INFO | Query 23 Active Learning Random Query Instance Cost: 132243.39
2024-04-17 18:14 | INFO | Timeout limit is increased to 3600
2024-04-17 18:14 | INFO | Query 24 Size of the uncertainty table is = 924/1200
2024-04-17 18:14 | INFO | Query 24 Size of the filtered table is = 12
2024-04-17 18:14 | INFO | Query 24 Active Learning Random Query Runtime on Validation Set: 90866.85
2024-04-17 18:14 | INFO | Query 24 Active Learning Random Query Runtime on Test Set: 58963.4
2024-04-17 18:14 | INFO | Query 24 Active Learning Random Query Instance Cost: 139769.63
2024-04-17 18:14 | INFO | Timeout limit is increased to 3600
2024-04-17 18:14 | INFO | Query 25 Size of the uncertainty table is = 912/1200
2024-04-17 18:14 | INFO | Query 25 Size of the filtered table is = 12
2024-04-17 18:14 | INFO | Query 25 Active Learning Random Query Runtime on Validation Set: 90866.85
2024-04-17 18:14 | INFO | Query 25 Active Learning Random Query Runtime on Test Set: 58962.82
2024-04-17 18:14 | INFO | Query 25 Active Learning Random Query Instance Cost: 139894.84
2024-04-17 18:14 | INFO | Timeout limit is increased to 3600
2024-04-17 18:14 | INFO | Query 26 Size of the uncertainty table is = 900/1200
2024-04-17 18:14 | INFO | Query 26 Size of the filtered table is = 12
2024-04-17 18:15 | INFO | Query 26 Active Learning Random Query Runtime on Validation Set: 90866.85
2024-04-17 18:15 | INFO | Query 26 Active Learning Random Query Runtime on Test Set: 58962.9
2024-04-17 18:15 | INFO | Query 26 Active Learning Random Query Instance Cost: 148620.74
2024-04-17 18:15 | INFO | Timeout limit is increased to 3600
2024-04-17 18:15 | INFO | Query 27 Size of the uncertainty table is = 888/1200
2024-04-17 18:15 | INFO | Query 27 Size of the filtered table is = 12
2024-04-17 18:15 | INFO | Query 27 Active Learning Random Query Runtime on Validation Set: 90866.85
2024-04-17 18:15 | INFO | Query 27 Active Learning Random Query Runtime on Test Set: 58962.83
2024-04-17 18:15 | INFO | Query 27 Active Learning Random Query Instance Cost: 155965.54
2024-04-17 18:15 | INFO | Timeout limit is increased to 3600
2024-04-17 18:15 | INFO | Query 28 Size of the uncertainty table is = 876/1200
2024-04-17 18:15 | INFO | Query 28 Size of the filtered table is = 12
2024-04-17 18:15 | INFO | Query 28 Active Learning Random Query Runtime on Validation Set: 90866.85
2024-04-17 18:15 | INFO | Query 28 Active Learning Random Query Runtime on Test Set: 58962.83
2024-04-17 18:15 | INFO | Query 28 Active Learning Random Query Instance Cost: 163754.53
2024-04-17 18:15 | INFO | Timeout limit is increased to 3600
2024-04-17 18:15 | INFO | Query 29 Size of the uncertainty table is = 864/1200
2024-04-17 18:15 | INFO | Query 29 Size of the filtered table is = 12
2024-04-17 18:15 | INFO | Query 29 Active Learning Random Query Runtime on Validation Set: 90866.85
2024-04-17 18:15 | INFO | Query 29 Active Learning Random Query Runtime on Test Set: 58962.84
2024-04-17 18:15 | INFO | Query 29 Active Learning Random Query Instance Cost: 163765.97
2024-04-17 18:15 | INFO | Timeout limit is increased to 3600
2024-04-17 18:15 | INFO | Query 30 Size of the uncertainty table is = 852/1200
2024-04-17 18:15 | INFO | Query 30 Size of the filtered table is = 12
2024-04-17 18:15 | INFO | Query 30 Active Learning Random Query Runtime on Validation Set: 90866.85
2024-04-17 18:15 | INFO | Query 30 Active Learning Random Query Runtime on Test Set: 58962.83
2024-04-17 18:15 | INFO | Query 30 Active Learning Random Query Instance Cost: 167900.35
2024-04-17 18:15 | INFO | Timeout limit is increased to 3600
2024-04-17 18:15 | INFO | Query 31 Size of the uncertainty table is = 840/1200
2024-04-17 18:15 | INFO | Query 31 Size of the filtered table is = 12
2024-04-17 18:15 | INFO | Query 31 Active Learning Random Query Runtime on Validation Set: 90866.85
2024-04-17 18:15 | INFO | Query 31 Active Learning Random Query Runtime on Test Set: 58962.83
2024-04-17 18:15 | INFO | Query 31 Active Learning Random Query Instance Cost: 178457.6
2024-04-17 18:15 | INFO | Timeout limit is increased to 3600
2024-04-17 18:15 | INFO | Query 32 Size of the uncertainty table is = 828/1200
2024-04-17 18:15 | INFO | Query 32 Size of the filtered table is = 12
2024-04-17 18:15 | INFO | Query 32 Active Learning Random Query Runtime on Validation Set: 90866.85
2024-04-17 18:15 | INFO | Query 32 Active Learning Random Query Runtime on Test Set: 58963.29
2024-04-17 18:15 | INFO | Query 32 Active Learning Random Query Instance Cost: 188143.88
2024-04-17 18:15 | INFO | Timeout limit is increased to 3600
2024-04-17 18:15 | INFO | Query 33 Size of the uncertainty table is = 816/1200
2024-04-17 18:15 | INFO | Query 33 Size of the filtered table is = 12
2024-04-17 18:15 | INFO | Query 33 Active Learning Random Query Runtime on Validation Set: 90866.85
2024-04-17 18:15 | INFO | Query 33 Active Learning Random Query Runtime on Test Set: 58963.34
2024-04-17 18:15 | INFO | Query 33 Active Learning Random Query Instance Cost: 189252.5
2024-04-17 18:15 | INFO | Timeout limit is increased to 3600
2024-04-17 18:15 | INFO | Query 34 Size of the uncertainty table is = 804/1200
2024-04-17 18:15 | INFO | Query 34 Size of the filtered table is = 12
2024-04-17 18:15 | INFO | Query 34 Active Learning Random Query Runtime on Validation Set: 90866.85
2024-04-17 18:15 | INFO | Query 34 Active Learning Random Query Runtime on Test Set: 58963.34
2024-04-17 18:15 | INFO | Query 34 Active Learning Random Query Instance Cost: 192887.02
2024-04-17 18:15 | INFO | Timeout limit is increased to 3600
2024-04-17 18:15 | INFO | Query 35 Size of the uncertainty table is = 792/1200
2024-04-17 18:15 | INFO | Query 35 Size of the filtered table is = 12
2024-04-17 18:15 | INFO | Query 35 Active Learning Random Query Runtime on Validation Set: 90866.85
2024-04-17 18:15 | INFO | Query 35 Active Learning Random Query Runtime on Test Set: 58963.34
2024-04-17 18:15 | INFO | Query 35 Active Learning Random Query Instance Cost: 211085.42
2024-04-17 18:15 | INFO | Timeout limit is increased to 3600
2024-04-17 18:15 | INFO | Query 36 Size of the uncertainty table is = 780/1200
2024-04-17 18:15 | INFO | Query 36 Size of the filtered table is = 12
2024-04-17 18:15 | INFO | Query 36 Active Learning Random Query Runtime on Validation Set: 90866.85
2024-04-17 18:15 | INFO | Query 36 Active Learning Random Query Runtime on Test Set: 58963.31
2024-04-17 18:15 | INFO | Query 36 Active Learning Random Query Instance Cost: 215331.14
2024-04-17 18:15 | INFO | Timeout limit is increased to 3600
2024-04-17 18:15 | INFO | Query 37 Size of the uncertainty table is = 768/1200
2024-04-17 18:15 | INFO | Query 37 Size of the filtered table is = 12
2024-04-17 18:15 | INFO | Query 37 Active Learning Random Query Runtime on Validation Set: 90866.85
2024-04-17 18:15 | INFO | Query 37 Active Learning Random Query Runtime on Test Set: 58963.36
2024-04-17 18:15 | INFO | Query 37 Active Learning Random Query Instance Cost: 217067.63
2024-04-17 18:15 | INFO | Timeout limit is increased to 3600
2024-04-17 18:15 | INFO | Query 38 Size of the uncertainty table is = 756/1200
2024-04-17 18:15 | INFO | Query 38 Size of the filtered table is = 12
2024-04-17 18:16 | INFO | Query 38 Active Learning Random Query Runtime on Validation Set: 90866.85
2024-04-17 18:16 | INFO | Query 38 Active Learning Random Query Runtime on Test Set: 58962.79
2024-04-17 18:16 | INFO | Query 38 Active Learning Random Query Instance Cost: 228969.37
2024-04-17 18:16 | INFO | Timeout limit is increased to 3600
2024-04-17 18:16 | INFO | Query 39 Size of the uncertainty table is = 744/1200
2024-04-17 18:16 | INFO | Query 39 Size of the filtered table is = 12
2024-04-17 18:16 | INFO | Query 39 Active Learning Random Query Runtime on Validation Set: 90866.85
2024-04-17 18:16 | INFO | Query 39 Active Learning Random Query Runtime on Test Set: 58963.3
2024-04-17 18:16 | INFO | Query 39 Active Learning Random Query Instance Cost: 229028.1
2024-04-17 18:16 | INFO | Timeout limit is increased to 3600
2024-04-17 18:16 | INFO | Query 40 Size of the uncertainty table is = 732/1200
2024-04-17 18:16 | INFO | Query 40 Size of the filtered table is = 12
2024-04-17 18:16 | INFO | Query 40 Active Learning Random Query Runtime on Validation Set: 90866.85
2024-04-17 18:16 | INFO | Query 40 Active Learning Random Query Runtime on Test Set: 58962.76
2024-04-17 18:16 | INFO | Query 40 Active Learning Random Query Instance Cost: 237090.96
2024-04-17 18:16 | INFO | Timeout limit is increased to 3600
2024-04-17 18:16 | INFO | Query 41 Size of the uncertainty table is = 720/1200
2024-04-17 18:16 | INFO | Query 41 Size of the filtered table is = 12
2024-04-17 18:16 | INFO | Query 41 Active Learning Random Query Runtime on Validation Set: 90866.85
2024-04-17 18:16 | INFO | Query 41 Active Learning Random Query Runtime on Test Set: 58962.84
2024-04-17 18:16 | INFO | Query 41 Active Learning Random Query Instance Cost: 240923.67
2024-04-17 18:16 | INFO | Timeout limit is increased to 3600
2024-04-17 18:16 | INFO | Query 42 Size of the uncertainty table is = 708/1200
2024-04-17 18:16 | INFO | Query 42 Size of the filtered table is = 12
2024-04-17 18:16 | INFO | Query 42 Active Learning Random Query Runtime on Validation Set: 90866.85
2024-04-17 18:16 | INFO | Query 42 Active Learning Random Query Runtime on Test Set: 58962.78
2024-04-17 18:16 | INFO | Query 42 Active Learning Random Query Instance Cost: 243126.11
2024-04-17 18:16 | INFO | Timeout limit is increased to 3600
2024-04-17 18:16 | INFO | Query 43 Size of the uncertainty table is = 696/1200
2024-04-17 18:16 | INFO | Query 43 Size of the filtered table is = 12
2024-04-17 18:16 | INFO | Query 43 Active Learning Random Query Runtime on Validation Set: 90866.85
2024-04-17 18:16 | INFO | Query 43 Active Learning Random Query Runtime on Test Set: 58962.71
2024-04-17 18:16 | INFO | Query 43 Active Learning Random Query Instance Cost: 251021.14
2024-04-17 18:16 | INFO | Timeout limit is increased to 3600
2024-04-17 18:16 | INFO | Query 44 Size of the uncertainty table is = 684/1200
2024-04-17 18:16 | INFO | Query 44 Size of the filtered table is = 12
2024-04-17 18:16 | INFO | Query 44 Active Learning Random Query Runtime on Validation Set: 90866.85
2024-04-17 18:16 | INFO | Query 44 Active Learning Random Query Runtime on Test Set: 58962.74
2024-04-17 18:16 | INFO | Query 44 Active Learning Random Query Instance Cost: 260767.13
2024-04-17 18:16 | INFO | Timeout limit is increased to 3600
2024-04-17 18:16 | INFO | Query 45 Size of the uncertainty table is = 672/1200
2024-04-17 18:16 | INFO | Query 45 Size of the filtered table is = 12
2024-04-17 18:16 | INFO | Query 45 Active Learning Random Query Runtime on Validation Set: 90866.85
2024-04-17 18:16 | INFO | Query 45 Active Learning Random Query Runtime on Test Set: 58962.74
2024-04-17 18:16 | INFO | Query 45 Active Learning Random Query Instance Cost: 272580.13
2024-04-17 18:16 | INFO | Timeout limit is increased to 3600
2024-04-17 18:16 | INFO | Query 46 Size of the uncertainty table is = 660/1200
2024-04-17 18:16 | INFO | Query 46 Size of the filtered table is = 12
2024-04-17 18:16 | INFO | Query 46 Active Learning Random Query Runtime on Validation Set: 90866.85
2024-04-17 18:16 | INFO | Query 46 Active Learning Random Query Runtime on Test Set: 58963.26
2024-04-17 18:16 | INFO | Query 46 Active Learning Random Query Instance Cost: 276542.39
2024-04-17 18:16 | INFO | Timeout limit is increased to 3600
2024-04-17 18:16 | INFO | Query 47 Size of the uncertainty table is = 648/1200
2024-04-17 18:16 | INFO | Query 47 Size of the filtered table is = 12
2024-04-17 18:16 | INFO | Query 47 Active Learning Random Query Runtime on Validation Set: 90866.85
2024-04-17 18:16 | INFO | Query 47 Active Learning Random Query Runtime on Test Set: 58963.26
2024-04-17 18:16 | INFO | Query 47 Active Learning Random Query Instance Cost: 285276.34
2024-04-17 18:16 | INFO | Timeout limit is increased to 3600
2024-04-17 18:16 | INFO | Query 48 Size of the uncertainty table is = 636/1200
2024-04-17 18:16 | INFO | Query 48 Size of the filtered table is = 12
2024-04-17 18:16 | INFO | Query 48 Active Learning Random Query Runtime on Validation Set: 90866.85
2024-04-17 18:16 | INFO | Query 48 Active Learning Random Query Runtime on Test Set: 58963.29
2024-04-17 18:16 | INFO | Query 48 Active Learning Random Query Instance Cost: 289966.5
2024-04-17 18:16 | INFO | Timeout limit is increased to 3600
2024-04-17 18:16 | INFO | Query 49 Size of the uncertainty table is = 624/1200
2024-04-17 18:16 | INFO | Query 49 Size of the filtered table is = 12
2024-04-17 18:16 | INFO | Query 49 Active Learning Random Query Runtime on Validation Set: 90866.85
2024-04-17 18:16 | INFO | Query 49 Active Learning Random Query Runtime on Test Set: 58962.74
2024-04-17 18:16 | INFO | Query 49 Active Learning Random Query Instance Cost: 299751.26
2024-04-17 18:16 | INFO | Timeout limit is increased to 3600
2024-04-17 18:16 | INFO | Query 50 Size of the uncertainty table is = 612/1200
2024-04-17 18:16 | INFO | Query 50 Size of the filtered table is = 12
2024-04-17 18:17 | INFO | Query 50 Active Learning Random Query Runtime on Validation Set: 90866.85
2024-04-17 18:17 | INFO | Query 50 Active Learning Random Query Runtime on Test Set: 58963.32
2024-04-17 18:17 | INFO | Query 50 Active Learning Random Query Instance Cost: 300103.82
2024-04-17 18:17 | INFO | Timeout limit is increased to 3600
2024-04-17 18:17 | INFO | Query 51 Size of the uncertainty table is = 600/1200
2024-04-17 18:17 | INFO | Query 51 Size of the filtered table is = 12
2024-04-17 18:17 | INFO | Query 51 Active Learning Random Query Runtime on Validation Set: 90866.85
2024-04-17 18:17 | INFO | Query 51 Active Learning Random Query Runtime on Test Set: 58962.74
2024-04-17 18:17 | INFO | Query 51 Active Learning Random Query Instance Cost: 305031.01
2024-04-17 18:17 | INFO | Timeout limit is increased to 3600
2024-04-17 18:17 | INFO | Query 52 Size of the uncertainty table is = 588/1200
2024-04-17 18:17 | INFO | Query 52 Size of the filtered table is = 12
2024-04-17 18:17 | INFO | Query 52 Active Learning Random Query Runtime on Validation Set: 90866.85
2024-04-17 18:17 | INFO | Query 52 Active Learning Random Query Runtime on Test Set: 58963.28
2024-04-17 18:17 | INFO | Query 52 Active Learning Random Query Instance Cost: 314083.73
2024-04-17 18:17 | INFO | Timeout limit is increased to 3600
2024-04-17 18:17 | INFO | Query 53 Size of the uncertainty table is = 576/1200
2024-04-17 18:17 | INFO | Query 53 Size of the filtered table is = 12
2024-04-17 18:17 | INFO | Query 53 Active Learning Random Query Runtime on Validation Set: 90866.85
2024-04-17 18:17 | INFO | Query 53 Active Learning Random Query Runtime on Test Set: 58962.73
2024-04-17 18:17 | INFO | Query 53 Active Learning Random Query Instance Cost: 318378.42
2024-04-17 18:17 | INFO | Timeout limit is increased to 3600
2024-04-17 18:17 | INFO | Query 54 Size of the uncertainty table is = 564/1200
2024-04-17 18:17 | INFO | Query 54 Size of the filtered table is = 12
2024-04-17 18:17 | INFO | Query 54 Active Learning Random Query Runtime on Validation Set: 90866.85
2024-04-17 18:17 | INFO | Query 54 Active Learning Random Query Runtime on Test Set: 58962.79
2024-04-17 18:17 | INFO | Query 54 Active Learning Random Query Instance Cost: 323003.82
2024-04-17 18:17 | INFO | Timeout limit is increased to 3600
2024-04-17 18:17 | INFO | Query 55 Size of the uncertainty table is = 552/1200
2024-04-17 18:17 | INFO | Query 55 Size of the filtered table is = 12
2024-04-17 18:17 | INFO | Query 55 Active Learning Random Query Runtime on Validation Set: 90866.85
2024-04-17 18:17 | INFO | Query 55 Active Learning Random Query Runtime on Test Set: 58962.76
2024-04-17 18:17 | INFO | Query 55 Active Learning Random Query Instance Cost: 330269.56
2024-04-17 18:17 | INFO | Timeout limit is increased to 3600
2024-04-17 18:17 | INFO | Query 56 Size of the uncertainty table is = 540/1200
2024-04-17 18:17 | INFO | Query 56 Size of the filtered table is = 12
2024-04-17 18:17 | INFO | Query 56 Active Learning Random Query Runtime on Validation Set: 90866.85
2024-04-17 18:17 | INFO | Query 56 Active Learning Random Query Runtime on Test Set: 25527.65
2024-04-17 18:17 | INFO | Query 56 Active Learning Random Query Instance Cost: 330291.28
2024-04-17 18:17 | INFO | Timeout limit is increased to 3600
2024-04-17 18:17 | INFO | Query 57 Size of the uncertainty table is = 528/1200
2024-04-17 18:17 | INFO | Query 57 Size of the filtered table is = 12
2024-04-17 18:17 | INFO | Query 57 Active Learning Random Query Runtime on Validation Set: 90866.85
2024-04-17 18:17 | INFO | Query 57 Active Learning Random Query Runtime on Test Set: 58962.81
2024-04-17 18:17 | INFO | Query 57 Active Learning Random Query Instance Cost: 346875.08
2024-04-17 18:17 | INFO | Timeout limit is increased to 3600
2024-04-17 18:17 | INFO | Query 58 Size of the uncertainty table is = 516/1200
2024-04-17 18:17 | INFO | Query 58 Size of the filtered table is = 12
2024-04-17 18:17 | INFO | Query 58 Active Learning Random Query Runtime on Validation Set: 90866.85
2024-04-17 18:17 | INFO | Query 58 Active Learning Random Query Runtime on Test Set: 58962.82
2024-04-17 18:17 | INFO | Query 58 Active Learning Random Query Instance Cost: 355191.75
2024-04-17 18:17 | INFO | Timeout limit is increased to 3600
2024-04-17 18:17 | INFO | Query 59 Size of the uncertainty table is = 504/1200
2024-04-17 18:17 | INFO | Query 59 Size of the filtered table is = 12
2024-04-17 18:17 | INFO | Query 59 Active Learning Random Query Runtime on Validation Set: 90866.85
2024-04-17 18:17 | INFO | Query 59 Active Learning Random Query Runtime on Test Set: 58962.84
2024-04-17 18:17 | INFO | Query 59 Active Learning Random Query Instance Cost: 366330.97
2024-04-17 18:17 | INFO | Timeout limit is increased to 3600
2024-04-17 18:17 | INFO | Query 60 Size of the uncertainty table is = 492/1200
2024-04-17 18:17 | INFO | Query 60 Size of the filtered table is = 12
2024-04-17 18:17 | INFO | Query 60 Active Learning Random Query Runtime on Validation Set: 90866.85
2024-04-17 18:17 | INFO | Query 60 Active Learning Random Query Runtime on Test Set: 58962.82
2024-04-17 18:17 | INFO | Query 60 Active Learning Random Query Instance Cost: 378107.18
2024-04-17 18:17 | INFO | Timeout limit is increased to 3600
2024-04-17 18:17 | INFO | Query 61 Size of the uncertainty table is = 480/1200
2024-04-17 18:17 | INFO | Query 61 Size of the filtered table is = 12
2024-04-17 18:18 | INFO | Query 61 Active Learning Random Query Runtime on Validation Set: 90866.85
2024-04-17 18:18 | INFO | Query 61 Active Learning Random Query Runtime on Test Set: 58962.79
2024-04-17 18:18 | INFO | Query 61 Active Learning Random Query Instance Cost: 387098.23
2024-04-17 18:18 | INFO | Timeout limit is increased to 3600
2024-04-17 18:18 | INFO | Query 62 Size of the uncertainty table is = 468/1200
2024-04-17 18:18 | INFO | Query 62 Size of the filtered table is = 12
2024-04-17 18:18 | INFO | Query 62 Active Learning Random Query Runtime on Validation Set: 90866.85
2024-04-17 18:18 | INFO | Query 62 Active Learning Random Query Runtime on Test Set: 58962.79
2024-04-17 18:18 | INFO | Query 62 Active Learning Random Query Instance Cost: 397359.86
2024-04-17 18:18 | INFO | Timeout limit is increased to 3600
2024-04-17 18:18 | INFO | Query 63 Size of the uncertainty table is = 456/1200
2024-04-17 18:18 | INFO | Query 63 Size of the filtered table is = 12
2024-04-17 18:18 | INFO | Query 63 Active Learning Random Query Runtime on Validation Set: 90866.85
2024-04-17 18:18 | INFO | Query 63 Active Learning Random Query Runtime on Test Set: 58962.82
2024-04-17 18:18 | INFO | Query 63 Active Learning Random Query Instance Cost: 404253.69
2024-04-17 18:18 | INFO | Timeout limit is increased to 3600
2024-04-17 18:18 | INFO | Query 64 Size of the uncertainty table is = 444/1200
2024-04-17 18:18 | INFO | Query 64 Size of the filtered table is = 12
2024-04-17 18:18 | INFO | Query 64 Active Learning Random Query Runtime on Validation Set: 90866.85
2024-04-17 18:18 | INFO | Query 64 Active Learning Random Query Runtime on Test Set: 58962.78
2024-04-17 18:18 | INFO | Query 64 Active Learning Random Query Instance Cost: 406094.06
2024-04-17 18:18 | INFO | Timeout limit is increased to 3600
2024-04-17 18:18 | INFO | Query 65 Size of the uncertainty table is = 432/1200
2024-04-17 18:18 | INFO | Query 65 Size of the filtered table is = 12
2024-04-17 18:18 | INFO | Query 65 Active Learning Random Query Runtime on Validation Set: 90866.85
2024-04-17 18:18 | INFO | Query 65 Active Learning Random Query Runtime on Test Set: 58962.78
2024-04-17 18:18 | INFO | Query 65 Active Learning Random Query Instance Cost: 414663.95
2024-04-17 18:18 | INFO | Timeout limit is increased to 3600
2024-04-17 18:18 | INFO | Query 66 Size of the uncertainty table is = 420/1200
2024-04-17 18:18 | INFO | Query 66 Size of the filtered table is = 12
2024-04-17 18:18 | INFO | Query 66 Active Learning Random Query Runtime on Validation Set: 90866.85
2024-04-17 18:18 | INFO | Query 66 Active Learning Random Query Runtime on Test Set: 58962.78
2024-04-17 18:18 | INFO | Query 66 Active Learning Random Query Instance Cost: 418709.59
2024-04-17 18:18 | INFO | Timeout limit is increased to 3600
2024-04-17 18:18 | INFO | Query 67 Size of the uncertainty table is = 408/1200
2024-04-17 18:18 | INFO | Query 67 Size of the filtered table is = 12
2024-04-17 18:18 | INFO | Query 67 Active Learning Random Query Runtime on Validation Set: 90866.85
2024-04-17 18:18 | INFO | Query 67 Active Learning Random Query Runtime on Test Set: 94947.63
2024-04-17 18:18 | INFO | Query 67 Active Learning Random Query Instance Cost: 423541.29
2024-04-17 18:18 | INFO | Timeout limit is increased to 3600
2024-04-17 18:18 | INFO | Query 68 Size of the uncertainty table is = 396/1200
2024-04-17 18:18 | INFO | Query 68 Size of the filtered table is = 12
2024-04-17 18:18 | INFO | Query 68 Active Learning Random Query Runtime on Validation Set: 90866.85
2024-04-17 18:18 | INFO | Query 68 Active Learning Random Query Runtime on Test Set: 94947.67
2024-04-17 18:18 | INFO | Query 68 Active Learning Random Query Instance Cost: 433306.64
2024-04-17 18:18 | INFO | Timeout limit is increased to 3600
2024-04-17 18:18 | INFO | Query 69 Size of the uncertainty table is = 384/1200
2024-04-17 18:18 | INFO | Query 69 Size of the filtered table is = 12
2024-04-17 18:18 | INFO | Query 69 Active Learning Random Query Runtime on Validation Set: 90866.85
2024-04-17 18:18 | INFO | Query 69 Active Learning Random Query Runtime on Test Set: 94947.63
2024-04-17 18:18 | INFO | Query 69 Active Learning Random Query Instance Cost: 450154.89
2024-04-17 18:18 | INFO | Timeout limit is increased to 3600
2024-04-17 18:18 | INFO | Query 70 Size of the uncertainty table is = 372/1200
2024-04-17 18:18 | INFO | Query 70 Size of the filtered table is = 12
2024-04-17 18:18 | INFO | Query 70 Active Learning Random Query Runtime on Validation Set: 90866.85
2024-04-17 18:18 | INFO | Query 70 Active Learning Random Query Runtime on Test Set: 94947.68
2024-04-17 18:18 | INFO | Query 70 Active Learning Random Query Instance Cost: 455236.22
2024-04-17 18:18 | INFO | Timeout limit is increased to 3600
2024-04-17 18:18 | INFO | Query 71 Size of the uncertainty table is = 360/1200
2024-04-17 18:18 | INFO | Query 71 Size of the filtered table is = 12
2024-04-17 18:18 | INFO | Query 71 Active Learning Random Query Runtime on Validation Set: 90866.85
2024-04-17 18:18 | INFO | Query 71 Active Learning Random Query Runtime on Test Set: 94947.95
2024-04-17 18:18 | INFO | Query 71 Active Learning Random Query Instance Cost: 466764.31
2024-04-17 18:18 | INFO | Timeout limit is increased to 3600
2024-04-17 18:18 | INFO | Query 72 Size of the uncertainty table is = 348/1200
2024-04-17 18:18 | INFO | Query 72 Size of the filtered table is = 12
2024-04-17 18:18 | INFO | Query 72 Active Learning Random Query Runtime on Validation Set: 90866.85
2024-04-17 18:18 | INFO | Query 72 Active Learning Random Query Runtime on Test Set: 94947.67
2024-04-17 18:18 | INFO | Query 72 Active Learning Random Query Instance Cost: 477758.25
2024-04-17 18:18 | INFO | Timeout limit is increased to 3600
2024-04-17 18:18 | INFO | Query 73 Size of the uncertainty table is = 336/1200
2024-04-17 18:18 | INFO | Query 73 Size of the filtered table is = 12
2024-04-17 18:19 | INFO | Query 73 Active Learning Random Query Runtime on Validation Set: 90866.85
2024-04-17 18:19 | INFO | Query 73 Active Learning Random Query Runtime on Test Set: 94947.96
2024-04-17 18:19 | INFO | Query 73 Active Learning Random Query Instance Cost: 478982.69
2024-04-17 18:19 | INFO | Timeout limit is increased to 3600
2024-04-17 18:19 | INFO | Query 74 Size of the uncertainty table is = 324/1200
2024-04-17 18:19 | INFO | Query 74 Size of the filtered table is = 12
2024-04-17 18:19 | INFO | Query 74 Active Learning Random Query Runtime on Validation Set: 90866.85
2024-04-17 18:19 | INFO | Query 74 Active Learning Random Query Runtime on Test Set: 94947.68
2024-04-17 18:19 | INFO | Query 74 Active Learning Random Query Instance Cost: 478996.09
2024-04-17 18:19 | INFO | Timeout limit is increased to 3600
2024-04-17 18:19 | INFO | Query 75 Size of the uncertainty table is = 312/1200
2024-04-17 18:19 | INFO | Query 75 Size of the filtered table is = 12
2024-04-17 18:19 | INFO | Query 75 Active Learning Random Query Runtime on Validation Set: 90866.85
2024-04-17 18:19 | INFO | Query 75 Active Learning Random Query Runtime on Test Set: 94947.68
2024-04-17 18:19 | INFO | Query 75 Active Learning Random Query Instance Cost: 481118.95
2024-04-17 18:19 | INFO | Timeout limit is increased to 3600
2024-04-17 18:19 | INFO | Query 76 Size of the uncertainty table is = 300/1200
2024-04-17 18:19 | INFO | Query 76 Size of the filtered table is = 12
2024-04-17 18:19 | INFO | Query 76 Active Learning Random Query Runtime on Validation Set: 90866.85
2024-04-17 18:19 | INFO | Query 76 Active Learning Random Query Runtime on Test Set: 94947.63
2024-04-17 18:19 | INFO | Query 76 Active Learning Random Query Instance Cost: 492817.56
2024-04-17 18:19 | INFO | Timeout limit is increased to 3600
2024-04-17 18:19 | INFO | Query 77 Size of the uncertainty table is = 288/1200
2024-04-17 18:19 | INFO | Query 77 Size of the filtered table is = 12
2024-04-17 18:19 | INFO | Query 77 Active Learning Random Query Runtime on Validation Set: 90866.85
2024-04-17 18:19 | INFO | Query 77 Active Learning Random Query Runtime on Test Set: 94947.69
2024-04-17 18:19 | INFO | Query 77 Active Learning Random Query Instance Cost: 500108.95
2024-04-17 18:19 | INFO | Timeout limit is increased to 3600
2024-04-17 18:19 | INFO | Query 78 Size of the uncertainty table is = 276/1200
2024-04-17 18:19 | INFO | Query 78 Size of the filtered table is = 12
2024-04-17 18:19 | INFO | Query 78 Active Learning Random Query Runtime on Validation Set: 90866.85
2024-04-17 18:19 | INFO | Query 78 Active Learning Random Query Runtime on Test Set: 94947.96
2024-04-17 18:19 | INFO | Query 78 Active Learning Random Query Instance Cost: 500315.62
2024-04-17 18:19 | INFO | Timeout limit is increased to 3600
2024-04-17 18:19 | INFO | Query 79 Size of the uncertainty table is = 264/1200
2024-04-17 18:19 | INFO | Query 79 Size of the filtered table is = 12
2024-04-17 18:19 | INFO | Query 79 Active Learning Random Query Runtime on Validation Set: 90866.85
2024-04-17 18:19 | INFO | Query 79 Active Learning Random Query Runtime on Test Set: 94947.91
2024-04-17 18:19 | INFO | Query 79 Active Learning Random Query Instance Cost: 508469.42
2024-04-17 18:19 | INFO | Timeout limit is increased to 3600
2024-04-17 18:19 | INFO | Query 80 Size of the uncertainty table is = 252/1200
2024-04-17 18:19 | INFO | Query 80 Size of the filtered table is = 12
2024-04-17 18:19 | INFO | Query 80 Active Learning Random Query Runtime on Validation Set: 90866.85
2024-04-17 18:19 | INFO | Query 80 Active Learning Random Query Runtime on Test Set: 58963.09
2024-04-17 18:19 | INFO | Query 80 Active Learning Random Query Instance Cost: 516886.9
2024-04-17 18:19 | INFO | Timeout limit is increased to 3600
2024-04-17 18:19 | INFO | Query 81 Size of the uncertainty table is = 240/1200
2024-04-17 18:19 | INFO | Query 81 Size of the filtered table is = 12
2024-04-17 18:19 | INFO | Query 81 Active Learning Random Query Runtime on Validation Set: 90866.85
2024-04-17 18:19 | INFO | Query 81 Active Learning Random Query Runtime on Test Set: 61512.78
2024-04-17 18:19 | INFO | Query 81 Active Learning Random Query Instance Cost: 521169.67
2024-04-17 18:19 | INFO | Timeout limit is increased to 3600
2024-04-17 18:19 | INFO | Query 82 Size of the uncertainty table is = 228/1200
2024-04-17 18:19 | INFO | Query 82 Size of the filtered table is = 12
2024-04-17 18:19 | INFO | Query 82 Active Learning Random Query Runtime on Validation Set: 90866.85
2024-04-17 18:19 | INFO | Query 82 Active Learning Random Query Runtime on Test Set: 94947.91
2024-04-17 18:19 | INFO | Query 82 Active Learning Random Query Instance Cost: 530834.92
2024-04-17 18:19 | INFO | Timeout limit is increased to 3600
2024-04-17 18:19 | INFO | Query 83 Size of the uncertainty table is = 216/1200
2024-04-17 18:19 | INFO | Query 83 Size of the filtered table is = 12
2024-04-17 18:19 | INFO | Query 83 Active Learning Random Query Runtime on Validation Set: 90866.85
2024-04-17 18:19 | INFO | Query 83 Active Learning Random Query Runtime on Test Set: 94947.64
2024-04-17 18:19 | INFO | Query 83 Active Learning Random Query Instance Cost: 534744.68
2024-04-17 18:19 | INFO | Timeout limit is increased to 3600
2024-04-17 18:19 | INFO | Query 84 Size of the uncertainty table is = 204/1200
2024-04-17 18:19 | INFO | Query 84 Size of the filtered table is = 12
2024-04-17 18:20 | INFO | Query 84 Active Learning Random Query Runtime on Validation Set: 90866.85
2024-04-17 18:20 | INFO | Query 84 Active Learning Random Query Runtime on Test Set: 94947.62
2024-04-17 18:20 | INFO | Query 84 Active Learning Random Query Instance Cost: 545876.04
2024-04-17 18:20 | INFO | Timeout limit is increased to 3600
2024-04-17 18:20 | INFO | Query 85 Size of the uncertainty table is = 192/1200
2024-04-17 18:20 | INFO | Query 85 Size of the filtered table is = 12
2024-04-17 18:20 | INFO | Query 85 Active Learning Random Query Runtime on Validation Set: 90866.85
2024-04-17 18:20 | INFO | Query 85 Active Learning Random Query Runtime on Test Set: 25527.6
2024-04-17 18:20 | INFO | Query 85 Active Learning Random Query Instance Cost: 553418.05
2024-04-17 18:20 | INFO | Timeout limit is increased to 3600
2024-04-17 18:20 | INFO | Query 86 Size of the uncertainty table is = 180/1200
2024-04-17 18:20 | INFO | Query 86 Size of the filtered table is = 12
2024-04-17 18:20 | INFO | Query 86 Active Learning Random Query Runtime on Validation Set: 90866.85
2024-04-17 18:20 | INFO | Query 86 Active Learning Random Query Runtime on Test Set: 58962.74
2024-04-17 18:20 | INFO | Query 86 Active Learning Random Query Instance Cost: 564257.58
2024-04-17 18:20 | INFO | Timeout limit is increased to 3600
2024-04-17 18:20 | INFO | Query 87 Size of the uncertainty table is = 168/1200
2024-04-17 18:20 | INFO | Query 87 Size of the filtered table is = 12
2024-04-17 18:20 | INFO | Query 87 Active Learning Random Query Runtime on Validation Set: 90866.85
2024-04-17 18:20 | INFO | Query 87 Active Learning Random Query Runtime on Test Set: 94947.59
2024-04-17 18:20 | INFO | Query 87 Active Learning Random Query Instance Cost: 578871.0
2024-04-17 18:20 | INFO | Timeout limit is increased to 3600
2024-04-17 18:20 | INFO | Query 88 Size of the uncertainty table is = 156/1200
2024-04-17 18:20 | INFO | Query 88 Size of the filtered table is = 12
2024-04-17 18:20 | INFO | Query 88 Active Learning Random Query Runtime on Validation Set: 90866.85
2024-04-17 18:20 | INFO | Query 88 Active Learning Random Query Runtime on Test Set: 94947.62
2024-04-17 18:20 | INFO | Query 88 Active Learning Random Query Instance Cost: 582740.16
2024-04-17 18:20 | INFO | Timeout limit is increased to 3600
2024-04-17 18:20 | INFO | Query 89 Size of the uncertainty table is = 144/1200
2024-04-17 18:20 | INFO | Query 89 Size of the filtered table is = 12
2024-04-17 18:20 | INFO | Query 89 Active Learning Random Query Runtime on Validation Set: 90866.85
2024-04-17 18:20 | INFO | Query 89 Active Learning Random Query Runtime on Test Set: 94947.59
2024-04-17 18:20 | INFO | Query 89 Active Learning Random Query Instance Cost: 586982.02
2024-04-17 18:20 | INFO | Timeout limit is increased to 3600
2024-04-17 18:20 | INFO | Query 90 Size of the uncertainty table is = 132/1200
2024-04-17 18:20 | INFO | Query 90 Size of the filtered table is = 12
2024-04-17 18:20 | INFO | Query 90 Active Learning Random Query Runtime on Validation Set: 90866.85
2024-04-17 18:20 | INFO | Query 90 Active Learning Random Query Runtime on Test Set: 94947.56
2024-04-17 18:20 | INFO | Query 90 Active Learning Random Query Instance Cost: 590673.42
2024-04-17 18:20 | INFO | Timeout limit is increased to 3600
2024-04-17 18:20 | INFO | Query 91 Size of the uncertainty table is = 120/1200
2024-04-17 18:20 | INFO | Query 91 Size of the filtered table is = 12
2024-04-17 18:20 | INFO | Query 91 Active Learning Random Query Runtime on Validation Set: 90866.85
2024-04-17 18:20 | INFO | Query 91 Active Learning Random Query Runtime on Test Set: 94947.57
2024-04-17 18:20 | INFO | Query 91 Active Learning Random Query Instance Cost: 590691.91
2024-04-17 18:20 | INFO | Timeout limit is increased to 3600
2024-04-17 18:20 | INFO | Query 92 Size of the uncertainty table is = 108/1200
2024-04-17 18:20 | INFO | Query 92 Size of the filtered table is = 12
2024-04-17 18:20 | INFO | Query 92 Active Learning Random Query Runtime on Validation Set: 90866.85
2024-04-17 18:20 | INFO | Query 92 Active Learning Random Query Runtime on Test Set: 94947.59
2024-04-17 18:20 | INFO | Query 92 Active Learning Random Query Instance Cost: 595647.24
2024-04-17 18:20 | INFO | Timeout limit is increased to 3600
2024-04-17 18:20 | INFO | Query 93 Size of the uncertainty table is = 96/1200
2024-04-17 18:20 | INFO | Query 93 Size of the filtered table is = 12
2024-04-17 18:20 | INFO | Query 93 Active Learning Random Query Runtime on Validation Set: 90866.85
2024-04-17 18:20 | INFO | Query 93 Active Learning Random Query Runtime on Test Set: 25527.92
2024-04-17 18:20 | INFO | Query 93 Active Learning Random Query Instance Cost: 602965.05
2024-04-17 18:20 | INFO | Timeout limit is increased to 3600
2024-04-17 18:20 | INFO | Query 94 Size of the uncertainty table is = 84/1200
2024-04-17 18:20 | INFO | Query 94 Size of the filtered table is = 12
2024-04-17 18:20 | INFO | Query 94 Active Learning Random Query Runtime on Validation Set: 90866.85
2024-04-17 18:20 | INFO | Query 94 Active Learning Random Query Runtime on Test Set: 58962.77
2024-04-17 18:20 | INFO | Query 94 Active Learning Random Query Instance Cost: 614862.41
2024-04-17 18:20 | INFO | Timeout limit is increased to 3600
2024-04-17 18:20 | INFO | Query 95 Size of the uncertainty table is = 72/1200
2024-04-17 18:20 | INFO | Query 95 Size of the filtered table is = 12
2024-04-17 18:21 | INFO | Query 95 Active Learning Random Query Runtime on Validation Set: 90866.85
2024-04-17 18:21 | INFO | Query 95 Active Learning Random Query Runtime on Test Set: 25527.92
2024-04-17 18:21 | INFO | Query 95 Active Learning Random Query Instance Cost: 614923.3
2024-04-17 18:21 | INFO | Timeout limit is increased to 3600
2024-04-17 18:21 | INFO | Query 96 Size of the uncertainty table is = 60/1200
2024-04-17 18:21 | INFO | Query 96 Size of the filtered table is = 12
2024-04-17 18:21 | INFO | Query 96 Active Learning Random Query Runtime on Validation Set: 90866.85
2024-04-17 18:21 | INFO | Query 96 Active Learning Random Query Runtime on Test Set: 25527.58
2024-04-17 18:21 | INFO | Query 96 Active Learning Random Query Instance Cost: 618854.27
2024-04-17 18:21 | INFO | Timeout limit is increased to 3600
2024-04-17 18:21 | INFO | Query 97 Size of the uncertainty table is = 48/1200
2024-04-17 18:21 | INFO | Query 97 Size of the filtered table is = 12
2024-04-17 18:21 | INFO | Query 97 Active Learning Random Query Runtime on Validation Set: 90866.85
2024-04-17 18:21 | INFO | Query 97 Active Learning Random Query Runtime on Test Set: 61338.55
2024-04-17 18:21 | INFO | Query 97 Active Learning Random Query Instance Cost: 625942.6
2024-04-17 18:21 | INFO | Timeout limit is increased to 3600
2024-04-17 18:21 | INFO | Query 98 Size of the uncertainty table is = 36/1200
2024-04-17 18:21 | INFO | Query 98 Size of the filtered table is = 12
2024-04-17 18:21 | INFO | Query 98 Active Learning Random Query Runtime on Validation Set: 90866.85
2024-04-17 18:21 | INFO | Query 98 Active Learning Random Query Runtime on Test Set: 25527.56
2024-04-17 18:21 | INFO | Query 98 Active Learning Random Query Instance Cost: 629980.9
2024-04-17 18:21 | INFO | Timeout limit is increased to 3600
2024-04-17 18:21 | INFO | Query 99 Size of the uncertainty table is = 24/1200
2024-04-17 18:21 | INFO | Query 99 Size of the filtered table is = 12
2024-04-17 18:21 | INFO | Query 99 Active Learning Random Query Runtime on Validation Set: 90866.85
2024-04-17 18:21 | INFO | Query 99 Active Learning Random Query Runtime on Test Set: 58962.98
2024-04-17 18:21 | INFO | Query 99 Active Learning Random Query Instance Cost: 638142.97
2024-04-17 18:21 | INFO | Timeout limit is increased to 3600
2024-04-17 18:21 | INFO | Query 100 Size of the uncertainty table is = 12/1200
2024-04-17 18:21 | INFO | Query 100 Size of the filtered table is = 12
2024-04-17 18:21 | INFO | Query 100 Active Learning Random Query Runtime on Validation Set: 90866.85
2024-04-17 18:21 | INFO | Query 100 Active Learning Random Query Runtime on Test Set: 25527.62
2024-04-17 18:21 | INFO | Query 100 Active Learning Random Query Instance Cost: 643631.31
2024-04-17 18:21 | INFO | Timeout limit is increased to 3600
2024-04-17 18:21 | INFO | runtime_train_score is written as json file
2024-04-17 18:21 | INFO | runtime_test_score is written as json file
2024-04-17 18:21 | INFO | runtime_validation_score is written as json file
2024-04-17 18:21 | INFO | instance_cost is written as json file
2024-04-17 18:21 | INFO | Experiment is finished
