2024-04-17 19:08 | INFO | Paramaters are: {'dataset': 'QBF-2011', 'penalty': 10, 'weight': 'No_Weight', 'voting': 'Hard', 'pre_selection_size': 64, 'pre_selection_technique': 'No_pre_selection', 'feature_elimination_threshold': 20, 'imputer_strategy': 'median', 'feature_selection_technique': 'No_feature_selection', 'feature_scaling_technique': 'StandardScaler', 'initial_train_size': 20, 'query_size': 1, 'timeout_predictor_usage': 'No', 'timeout_limit': 3600, 'timeout_increase_rate': 100, 'RANDOM_STATE_SEED': 99, 'n_splits': 10, 'split_number': 9, 'max_timeout': 3600, 'param_grid': {'n_estimators': 100, 'criterion': 'gini', 'max_features': 'sqrt', 'max_depth': 2147483648, 'min_samples_split': 2, 'bootstrap': True}}
2024-04-17 19:08 | INFO | QBF-2011 is current dataset
2024-04-17 19:08 | INFO | DATASETS/QBF-2011/algorithm_runs.csv is found
2024-04-17 19:08 | INFO | DATASETS/QBF-2011/algorithm_runs.csv is finished
2024-04-17 19:08 | INFO | DATASETS/QBF-2011/feature_values.csv is found
2024-04-17 19:08 | INFO | DATASETS/QBF-2011/feature_values.csv is finished
2024-04-17 19:08 | INFO | Feature cost of train set is 0
2024-04-17 19:08 | INFO | Initial Active Learning Random Query Runtime on Validation Set: 1641546.21
2024-04-17 19:08 | INFO | Initial Active Learning Random Query Runtime on Test Set: 911182.49
2024-04-17 19:08 | INFO | Initial Active Learning Random Query Instance Cost: 171089.86
2024-04-17 19:08 | INFO | Bin size = 73
2024-04-17 19:08 | INFO | Query 1 Size of the uncertainty table is = 7390/7390
2024-04-17 19:08 | INFO | Query 1 Size of the filtered table is = 73
2024-04-17 19:09 | INFO | Query 1 Active Learning Random Query Runtime on Validation Set: 1641958.85
2024-04-17 19:09 | INFO | Query 1 Active Learning Random Query Runtime on Test Set: 700743.0
2024-04-17 19:09 | INFO | Query 1 Active Learning Random Query Instance Cost: 403076.6
2024-04-17 19:09 | INFO | Timeout limit is increased to 3600
2024-04-17 19:09 | INFO | Query 2 Size of the uncertainty table is = 7316/7390
2024-04-17 19:09 | INFO | Query 2 Size of the filtered table is = 73
2024-04-17 19:09 | INFO | Query 2 Active Learning Random Query Runtime on Validation Set: 1747296.17
2024-04-17 19:09 | INFO | Query 2 Active Learning Random Query Runtime on Test Set: 593001.04
2024-04-17 19:09 | INFO | Query 2 Active Learning Random Query Instance Cost: 623352.59
2024-04-17 19:09 | INFO | Timeout limit is increased to 3600
2024-04-17 19:09 | INFO | Query 3 Size of the uncertainty table is = 7223/7390
2024-04-17 19:09 | INFO | Query 3 Size of the filtered table is = 73
2024-04-17 19:10 | INFO | Query 3 Active Learning Random Query Runtime on Validation Set: 1641925.34
2024-04-17 19:10 | INFO | Query 3 Active Learning Random Query Runtime on Test Set: 522734.7
2024-04-17 19:10 | INFO | Query 3 Active Learning Random Query Instance Cost: 829009.33
2024-04-17 19:10 | INFO | Query 4 Size of the uncertainty table is = 7131/7390
2024-04-17 19:10 | INFO | Query 4 Size of the filtered table is = 73
2024-04-17 19:10 | INFO | Query 4 Active Learning Random Query Runtime on Validation Set: 1346428.12
2024-04-17 19:10 | INFO | Query 4 Active Learning Random Query Runtime on Test Set: 448773.37
2024-04-17 19:10 | INFO | Query 4 Active Learning Random Query Instance Cost: 1048636.61
2024-04-17 19:10 | INFO | Query 5 Size of the uncertainty table is = 7018/7390
2024-04-17 19:10 | INFO | Query 5 Size of the filtered table is = 73
2024-04-17 19:11 | INFO | Query 5 Active Learning Random Query Runtime on Validation Set: 1381133.34
2024-04-17 19:11 | INFO | Query 5 Active Learning Random Query Runtime on Test Set: 305335.32
2024-04-17 19:11 | INFO | Query 5 Active Learning Random Query Instance Cost: 1250423.3
2024-04-17 19:11 | INFO | Timeout limit is increased to 3600
2024-04-17 19:11 | INFO | Query 6 Size of the uncertainty table is = 6917/7390
2024-04-17 19:11 | INFO | Query 6 Size of the filtered table is = 73
2024-04-17 19:11 | INFO | Query 6 Active Learning Random Query Runtime on Validation Set: 1382459.32
2024-04-17 19:11 | INFO | Query 6 Active Learning Random Query Runtime on Test Set: 343041.22
2024-04-17 19:11 | INFO | Query 6 Active Learning Random Query Instance Cost: 1462712.53
2024-04-17 19:11 | INFO | Timeout limit is increased to 3600
2024-04-17 19:11 | INFO | Query 7 Size of the uncertainty table is = 6776/7390
2024-04-17 19:11 | INFO | Query 7 Size of the filtered table is = 73
2024-04-17 19:11 | INFO | Query 7 Active Learning Random Query Runtime on Validation Set: 1382586.4
2024-04-17 19:11 | INFO | Query 7 Active Learning Random Query Runtime on Test Set: 305816.53
2024-04-17 19:11 | INFO | Query 7 Active Learning Random Query Instance Cost: 1671481.7
2024-04-17 19:11 | INFO | Timeout limit is increased to 3600
2024-04-17 19:11 | INFO | Query 8 Size of the uncertainty table is = 6619/7390
2024-04-17 19:11 | INFO | Query 8 Size of the filtered table is = 73
2024-04-17 19:12 | INFO | Query 8 Active Learning Random Query Runtime on Validation Set: 1384530.12
2024-04-17 19:12 | INFO | Query 8 Active Learning Random Query Runtime on Test Set: 342196.34
2024-04-17 19:12 | INFO | Query 8 Active Learning Random Query Instance Cost: 1858996.58
2024-04-17 19:12 | INFO | Timeout limit is increased to 3600
2024-04-17 19:12 | INFO | Query 9 Size of the uncertainty table is = 6471/7390
2024-04-17 19:12 | INFO | Query 9 Size of the filtered table is = 73
2024-04-17 19:12 | INFO | Query 9 Active Learning Random Query Runtime on Validation Set: 1418220.44
2024-04-17 19:12 | INFO | Query 9 Active Learning Random Query Runtime on Test Set: 374152.24
2024-04-17 19:12 | INFO | Query 9 Active Learning Random Query Instance Cost: 2038968.25
2024-04-17 19:12 | INFO | Timeout limit is increased to 3600
2024-04-17 19:12 | INFO | Query 10 Size of the uncertainty table is = 6309/7390
2024-04-17 19:12 | INFO | Query 10 Size of the filtered table is = 73
2024-04-17 19:13 | INFO | Query 10 Active Learning Random Query Runtime on Validation Set: 1382278.06
2024-04-17 19:13 | INFO | Query 10 Active Learning Random Query Runtime on Test Set: 340061.57
2024-04-17 19:13 | INFO | Query 10 Active Learning Random Query Instance Cost: 2229483.76
2024-04-17 19:13 | INFO | Query 11 Size of the uncertainty table is = 6158/7390
2024-04-17 19:13 | INFO | Query 11 Size of the filtered table is = 73
2024-04-17 19:13 | INFO | Query 11 Active Learning Random Query Runtime on Validation Set: 1384769.03
2024-04-17 19:13 | INFO | Query 11 Active Learning Random Query Runtime on Test Set: 340070.95
2024-04-17 19:13 | INFO | Query 11 Active Learning Random Query Instance Cost: 2377654.32
2024-04-17 19:13 | INFO | Timeout limit is increased to 3600
2024-04-17 19:13 | INFO | Query 12 Size of the uncertainty table is = 5989/7390
2024-04-17 19:13 | INFO | Query 12 Size of the filtered table is = 73
2024-04-17 19:14 | INFO | Query 12 Active Learning Random Query Runtime on Validation Set: 1346223.25
2024-04-17 19:14 | INFO | Query 12 Active Learning Random Query Runtime on Test Set: 342630.8
2024-04-17 19:14 | INFO | Query 12 Active Learning Random Query Instance Cost: 2537760.21
2024-04-17 19:14 | INFO | Query 13 Size of the uncertainty table is = 5808/7390
2024-04-17 19:14 | INFO | Query 13 Size of the filtered table is = 73
2024-04-17 19:14 | INFO | Query 13 Active Learning Random Query Runtime on Validation Set: 1310275.55
2024-04-17 19:14 | INFO | Query 13 Active Learning Random Query Runtime on Test Set: 268099.33
2024-04-17 19:14 | INFO | Query 13 Active Learning Random Query Instance Cost: 2718809.52
2024-04-17 19:14 | INFO | Query 14 Size of the uncertainty table is = 5637/7390
2024-04-17 19:14 | INFO | Query 14 Size of the filtered table is = 73
2024-04-17 19:15 | INFO | Query 14 Active Learning Random Query Runtime on Validation Set: 1346219.22
2024-04-17 19:15 | INFO | Query 14 Active Learning Random Query Runtime on Test Set: 268159.81
2024-04-17 19:15 | INFO | Query 14 Active Learning Random Query Instance Cost: 2868314.13
2024-04-17 19:15 | INFO | Timeout limit is increased to 3600
2024-04-17 19:15 | INFO | Query 15 Size of the uncertainty table is = 5439/7390
2024-04-17 19:15 | INFO | Query 15 Size of the filtered table is = 73
2024-04-17 19:15 | INFO | Query 15 Active Learning Random Query Runtime on Validation Set: 1346229.67
2024-04-17 19:15 | INFO | Query 15 Active Learning Random Query Runtime on Test Set: 306936.72
2024-04-17 19:15 | INFO | Query 15 Active Learning Random Query Instance Cost: 3059967.01
2024-04-17 19:15 | INFO | Timeout limit is increased to 3600
2024-04-17 19:15 | INFO | Query 16 Size of the uncertainty table is = 5248/7390
2024-04-17 19:15 | INFO | Query 16 Size of the filtered table is = 73
2024-04-17 19:16 | INFO | Query 16 Active Learning Random Query Runtime on Validation Set: 1346222.1
2024-04-17 19:16 | INFO | Query 16 Active Learning Random Query Runtime on Test Set: 302570.64
2024-04-17 19:16 | INFO | Query 16 Active Learning Random Query Instance Cost: 3239261.63
2024-04-17 19:16 | INFO | Query 17 Size of the uncertainty table is = 5047/7390
2024-04-17 19:16 | INFO | Query 17 Size of the filtered table is = 73
2024-04-17 19:16 | INFO | Query 17 Active Learning Random Query Runtime on Validation Set: 1382228.01
2024-04-17 19:16 | INFO | Query 17 Active Learning Random Query Runtime on Test Set: 265646.05
2024-04-17 19:16 | INFO | Query 17 Active Learning Random Query Instance Cost: 3400995.93
2024-04-17 19:16 | INFO | Timeout limit is increased to 3600
2024-04-17 19:16 | INFO | Query 18 Size of the uncertainty table is = 4852/7390
2024-04-17 19:16 | INFO | Query 18 Size of the filtered table is = 73
2024-04-17 19:17 | INFO | Query 18 Active Learning Random Query Runtime on Validation Set: 1348769.77
2024-04-17 19:17 | INFO | Query 18 Active Learning Random Query Runtime on Test Set: 229646.97
2024-04-17 19:17 | INFO | Query 18 Active Learning Random Query Instance Cost: 3540406.63
2024-04-17 19:17 | INFO | Query 19 Size of the uncertainty table is = 4659/7390
2024-04-17 19:17 | INFO | Query 19 Size of the filtered table is = 73
2024-04-17 19:17 | INFO | Query 19 Active Learning Random Query Runtime on Validation Set: 1420774.92
2024-04-17 19:17 | INFO | Query 19 Active Learning Random Query Runtime on Test Set: 299705.4
2024-04-17 19:17 | INFO | Query 19 Active Learning Random Query Instance Cost: 3685695.88
2024-04-17 19:17 | INFO | Timeout limit is increased to 3600
2024-04-17 19:17 | INFO | Query 20 Size of the uncertainty table is = 4445/7390
2024-04-17 19:17 | INFO | Query 20 Size of the filtered table is = 73
2024-04-17 19:18 | INFO | Query 20 Active Learning Random Query Runtime on Validation Set: 1348777.58
2024-04-17 19:18 | INFO | Query 20 Active Learning Random Query Runtime on Test Set: 337598.15
2024-04-17 19:18 | INFO | Query 20 Active Learning Random Query Instance Cost: 3870517.61
2024-04-17 19:18 | INFO | Query 21 Size of the uncertainty table is = 4228/7390
2024-04-17 19:18 | INFO | Query 21 Size of the filtered table is = 73
2024-04-17 19:18 | INFO | Query 21 Active Learning Random Query Runtime on Validation Set: 1348777.5
2024-04-17 19:18 | INFO | Query 21 Active Learning Random Query Runtime on Test Set: 301596.97
2024-04-17 19:18 | INFO | Query 21 Active Learning Random Query Instance Cost: 4002749.77
2024-04-17 19:18 | INFO | Query 22 Size of the uncertainty table is = 3993/7390
2024-04-17 19:18 | INFO | Query 22 Size of the filtered table is = 73
2024-04-17 19:19 | INFO | Query 22 Active Learning Random Query Runtime on Validation Set: 1348783.31
2024-04-17 19:19 | INFO | Query 22 Active Learning Random Query Runtime on Test Set: 301525.97
2024-04-17 19:19 | INFO | Query 22 Active Learning Random Query Instance Cost: 4173194.58
2024-04-17 19:19 | INFO | Timeout limit is increased to 3600
2024-04-17 19:19 | INFO | Query 23 Size of the uncertainty table is = 3796/7390
2024-04-17 19:19 | INFO | Query 23 Size of the filtered table is = 73
2024-04-17 19:19 | INFO | Query 23 Active Learning Random Query Runtime on Validation Set: 1382229.55
2024-04-17 19:19 | INFO | Query 23 Active Learning Random Query Runtime on Test Set: 268421.63
2024-04-17 19:19 | INFO | Query 23 Active Learning Random Query Instance Cost: 4307581.87
2024-04-17 19:19 | INFO | Timeout limit is increased to 3600
2024-04-17 19:19 | INFO | Query 24 Size of the uncertainty table is = 3569/7390
2024-04-17 19:19 | INFO | Query 24 Size of the filtered table is = 73
2024-04-17 19:19 | INFO | Query 24 Active Learning Random Query Runtime on Validation Set: 1346283.36
2024-04-17 19:19 | INFO | Query 24 Active Learning Random Query Runtime on Test Set: 265958.86
2024-04-17 19:19 | INFO | Query 24 Active Learning Random Query Instance Cost: 4464850.37
2024-04-17 19:19 | INFO | Query 25 Size of the uncertainty table is = 3344/7390
2024-04-17 19:19 | INFO | Query 25 Size of the filtered table is = 73
2024-04-17 19:20 | INFO | Query 25 Active Learning Random Query Runtime on Validation Set: 1348860.59
2024-04-17 19:20 | INFO | Query 25 Active Learning Random Query Runtime on Test Set: 265597.5
2024-04-17 19:20 | INFO | Query 25 Active Learning Random Query Instance Cost: 4586121.88
2024-04-17 19:20 | INFO | Timeout limit is increased to 3600
2024-04-17 19:20 | INFO | Query 26 Size of the uncertainty table is = 3095/7390
2024-04-17 19:20 | INFO | Query 26 Size of the filtered table is = 73
2024-04-17 19:20 | INFO | Query 26 Active Learning Random Query Runtime on Validation Set: 1348775.95
2024-04-17 19:20 | INFO | Query 26 Active Learning Random Query Runtime on Test Set: 301522.92
2024-04-17 19:20 | INFO | Query 26 Active Learning Random Query Instance Cost: 4723947.17
2024-04-17 19:20 | INFO | Query 27 Size of the uncertainty table is = 2855/7390
2024-04-17 19:20 | INFO | Query 27 Size of the filtered table is = 73
2024-04-17 19:21 | INFO | Query 27 Active Learning Random Query Runtime on Validation Set: 1384775.1
2024-04-17 19:21 | INFO | Query 27 Active Learning Random Query Runtime on Test Set: 301522.81
2024-04-17 19:21 | INFO | Query 27 Active Learning Random Query Instance Cost: 4872392.16
2024-04-17 19:21 | INFO | Timeout limit is increased to 3600
2024-04-17 19:21 | INFO | Query 28 Size of the uncertainty table is = 2621/7390
2024-04-17 19:21 | INFO | Query 28 Size of the filtered table is = 73
2024-04-17 19:21 | INFO | Query 28 Active Learning Random Query Runtime on Validation Set: 1243234.61
2024-04-17 19:21 | INFO | Query 28 Active Learning Random Query Runtime on Test Set: 265958.75
2024-04-17 19:21 | INFO | Query 28 Active Learning Random Query Instance Cost: 4986381.31
2024-04-17 19:21 | INFO | Query 29 Size of the uncertainty table is = 2378/7390
2024-04-17 19:21 | INFO | Query 29 Size of the filtered table is = 73
2024-04-17 19:22 | INFO | Query 29 Active Learning Random Query Runtime on Validation Set: 1279213.67
2024-04-17 19:22 | INFO | Query 29 Active Learning Random Query Runtime on Test Set: 265163.79
2024-04-17 19:22 | INFO | Query 29 Active Learning Random Query Instance Cost: 5127147.83
2024-04-17 19:22 | INFO | Timeout limit is increased to 3600
2024-04-17 19:22 | INFO | Query 30 Size of the uncertainty table is = 2112/7390
2024-04-17 19:22 | INFO | Query 30 Size of the filtered table is = 73
2024-04-17 19:22 | INFO | Query 30 Active Learning Random Query Runtime on Validation Set: 1384774.95
2024-04-17 19:22 | INFO | Query 30 Active Learning Random Query Runtime on Test Set: 265093.18
2024-04-17 19:22 | INFO | Query 30 Active Learning Random Query Instance Cost: 5240095.97
2024-04-17 19:22 | INFO | Timeout limit is increased to 3600
2024-04-17 19:22 | INFO | Query 31 Size of the uncertainty table is = 1854/7390
2024-04-17 19:22 | INFO | Query 31 Size of the filtered table is = 73
2024-04-17 19:23 | INFO | Query 31 Active Learning Random Query Runtime on Validation Set: 1384794.93
2024-04-17 19:23 | INFO | Query 31 Active Learning Random Query Runtime on Test Set: 301430.19
2024-04-17 19:23 | INFO | Query 31 Active Learning Random Query Instance Cost: 5381220.34
2024-04-17 19:23 | INFO | Timeout limit is increased to 3600
2024-04-17 19:23 | INFO | Query 32 Size of the uncertainty table is = 1577/7390
2024-04-17 19:23 | INFO | Query 32 Size of the filtered table is = 73
2024-04-17 19:23 | INFO | Query 32 Active Learning Random Query Runtime on Validation Set: 1384773.82
2024-04-17 19:23 | INFO | Query 32 Active Learning Random Query Runtime on Test Set: 301044.24
2024-04-17 19:23 | INFO | Query 32 Active Learning Random Query Instance Cost: 5504575.44
2024-04-17 19:23 | INFO | Query 33 Size of the uncertainty table is = 1317/7390
2024-04-17 19:23 | INFO | Query 33 Size of the filtered table is = 73
2024-04-17 19:24 | INFO | Query 33 Active Learning Random Query Runtime on Validation Set: 1384787.92
2024-04-17 19:24 | INFO | Query 33 Active Learning Random Query Runtime on Test Set: 265036.14
2024-04-17 19:24 | INFO | Query 33 Active Learning Random Query Instance Cost: 5629318.87
2024-04-17 19:24 | INFO | Timeout limit is increased to 3600
2024-04-17 19:24 | INFO | Query 34 Size of the uncertainty table is = 1068/7390
2024-04-17 19:24 | INFO | Query 34 Size of the filtered table is = 73
2024-04-17 19:24 | INFO | Query 34 Active Learning Random Query Runtime on Validation Set: 1312910.18
2024-04-17 19:24 | INFO | Query 34 Active Learning Random Query Runtime on Test Set: 300973.48
2024-04-17 19:24 | INFO | Query 34 Active Learning Random Query Instance Cost: 5752126.65
2024-04-17 19:24 | INFO | Query 35 Size of the uncertainty table is = 810/7390
2024-04-17 19:24 | INFO | Query 35 Size of the filtered table is = 73
2024-04-17 19:25 | INFO | Query 35 Active Learning Random Query Runtime on Validation Set: 1277056.71
2024-04-17 19:25 | INFO | Query 35 Active Learning Random Query Runtime on Test Set: 265074.62
2024-04-17 19:25 | INFO | Query 35 Active Learning Random Query Instance Cost: 5846107.04
2024-04-17 19:25 | INFO | Query 36 Size of the uncertainty table is = 562/7390
2024-04-17 19:25 | INFO | Query 36 Size of the filtered table is = 73
2024-04-17 19:25 | INFO | Query 36 Active Learning Random Query Runtime on Validation Set: 1312900.53
2024-04-17 19:25 | INFO | Query 36 Active Learning Random Query Runtime on Test Set: 265233.46
2024-04-17 19:25 | INFO | Query 36 Active Learning Random Query Instance Cost: 5980676.77
2024-04-17 19:25 | INFO | Timeout limit is increased to 3600
2024-04-17 19:25 | INFO | Query 37 Size of the uncertainty table is = 333/7390
2024-04-17 19:25 | INFO | Query 37 Size of the filtered table is = 73
2024-04-17 19:26 | INFO | Query 37 Active Learning Random Query Runtime on Validation Set: 1312882.89
2024-04-17 19:26 | INFO | Query 37 Active Learning Random Query Runtime on Test Set: 336975.78
2024-04-17 19:26 | INFO | Query 37 Active Learning Random Query Instance Cost: 6072833.36
2024-04-17 19:26 | INFO | Query 38 Size of the uncertainty table is = 126/7390
2024-04-17 19:26 | INFO | Query 38 Size of the filtered table is = 73
2024-04-17 19:26 | INFO | Query 38 Active Learning Random Query Runtime on Validation Set: 1312882.94
2024-04-17 19:26 | INFO | Query 38 Active Learning Random Query Runtime on Test Set: 300970.81
2024-04-17 19:26 | INFO | Query 38 Active Learning Random Query Instance Cost: 6117712.84
2024-04-17 19:26 | INFO | Timeout limit is increased to 3600
2024-04-17 19:26 | INFO | Query 39 Size of the uncertainty table is = 4/7390
2024-04-17 19:26 | INFO | Query 39 Size of the filtered table is = 4
2024-04-17 19:27 | INFO | Query 39 Active Learning Random Query Runtime on Validation Set: 1312882.94
2024-04-17 19:27 | INFO | Query 39 Active Learning Random Query Runtime on Test Set: 300970.86
2024-04-17 19:27 | INFO | Query 39 Active Learning Random Query Instance Cost: 6117713.58
2024-04-17 19:27 | INFO | Timeout limit is increased to 3600
2024-04-17 19:27 | INFO | runtime_train_score is written as json file
2024-04-17 19:27 | INFO | runtime_test_score is written as json file
2024-04-17 19:27 | INFO | runtime_validation_score is written as json file
2024-04-17 19:27 | INFO | instance_cost is written as json file
2024-04-17 19:27 | INFO | Experiment is finished
