2024-04-16 22:03 | INFO | Paramaters are: {'dataset': 'CPMP-2015', 'penalty': 10, 'weight': 'No_Weight', 'voting': 'Hard', 'pre_selection_size': 64, 'pre_selection_technique': 'No_pre_selection', 'feature_elimination_threshold': 20, 'imputer_strategy': 'median', 'feature_selection_technique': 'No_feature_selection', 'feature_scaling_technique': 'StandardScaler', 'initial_train_size': 20, 'query_size': 1, 'timeout_predictor_usage': 'Yes', 'timeout_limit': 3600, 'timeout_increase_rate': 100, 'RANDOM_STATE_SEED': 99, 'n_splits': 10, 'split_number': 4, 'max_timeout': 3600, 'param_grid': {'n_estimators': 100, 'criterion': 'gini', 'max_features': 'sqrt', 'max_depth': 2147483648, 'min_samples_split': 2, 'bootstrap': True}}
2024-04-16 22:03 | INFO | CPMP-2015 is current dataset
2024-04-16 22:03 | INFO | DATASETS/CPMP-2015/algorithm_runs.csv is found
2024-04-16 22:03 | INFO | DATASETS/CPMP-2015/algorithm_runs.csv is finished
2024-04-16 22:03 | INFO | DATASETS/CPMP-2015/feature_values.csv is found
2024-04-16 22:03 | INFO | DATASETS/CPMP-2015/feature_values.csv is finished
2024-04-16 22:03 | INFO | Virtual best solver time in train = 44434.02
2024-04-16 22:03 | INFO | Single best solver list train = {'astar-symmulgt-transmul': 3583917.16, 'astar-symmullt-transmul': 4012944.24, 'idastar-symmulgt-transmul': 3037287.36, 'idastar-symmullt-transmul': 3712352.28}
2024-04-16 22:03 | INFO | Single best solver time train = idastar-symmulgt-transmul (3037287.36)
2024-04-16 22:03 | INFO | Virtual best solver time in validation = 67320.81
2024-04-16 22:03 | INFO | Single best solver list validation = {'astar-symmulgt-transmul': 2321014.46, 'astar-symmullt-transmul': 2319793.79, 'idastar-symmulgt-transmul': 351925.68, 'idastar-symmullt-transmul': 102793.77}
2024-04-16 22:03 | INFO | Single best solver time validation = idastar-symmullt-transmul (102793.77)
2024-04-16 22:03 | INFO | Virtual best solver time in test = 8192.88
2024-04-16 22:03 | INFO | Single best solver list test = {'astar-symmulgt-transmul': 545421.36, 'astar-symmullt-transmul': 651809.15, 'idastar-symmulgt-transmul': 301318.76, 'idastar-symmullt-transmul': 371889.75}
2024-04-16 22:03 | INFO | Single best solver time test = idastar-symmulgt-transmul (301318.76)
2024-04-16 22:03 | INFO | Passive Learning Runtime on Validation Set: 135941.53
2024-04-16 22:03 | INFO | Passive Learning Runtime on Test Set: 301692.53
2024-04-16 22:03 | INFO | Passive Learning Instance Cost: 1580901.04
2024-04-16 22:03 | INFO | Initial Active Learning Runtime on Validation Set: 105886.97
2024-04-16 22:03 | INFO | Initial Active Learning Runtime on Test Set: 409798.74
2024-04-16 22:03 | INFO | Initial Active Learning Instance Cost: 96800.89
2024-04-16 22:03 | INFO | Bin size = 22
2024-04-16 22:03 | INFO | Query 1 Size of the uncertainty table is = 2154/2154
2024-04-16 22:03 | INFO | Query 1 Size of the filtered table is = 22
2024-04-16 22:03 | INFO | Query 1 Active Learning Runtime on Validation Set: 172294.41
2024-04-16 22:03 | INFO | Query 1 Active Learning Runtime on Test Set: 373819.75
2024-04-16 22:03 | INFO | Query 1 Active Learning Instance Cost: 136766.43
2024-04-16 22:03 | INFO | Timeout limit is increased to 3600
2024-04-16 22:03 | INFO | Query 2 Size of the uncertainty table is = 2132/2154
2024-04-16 22:03 | INFO | Query 2 Size of the filtered table is = 22
2024-04-16 22:03 | INFO | Query 2 Active Learning Runtime on Validation Set: 102793.77
2024-04-16 22:03 | INFO | Query 2 Active Learning Runtime on Test Set: 373757.24
2024-04-16 22:03 | INFO | Query 2 Active Learning Instance Cost: 184335.57
2024-04-16 22:03 | INFO | Query 3 Size of the uncertainty table is = 2107/2154
2024-04-16 22:03 | INFO | Query 3 Size of the filtered table is = 22
2024-04-16 22:04 | INFO | Query 3 Active Learning Runtime on Validation Set: 171516.78
2024-04-16 22:04 | INFO | Query 3 Active Learning Runtime on Test Set: 373757.24
2024-04-16 22:04 | INFO | Query 3 Active Learning Instance Cost: 245523.92
2024-04-16 22:04 | INFO | Timeout limit is increased to 3600
2024-04-16 22:04 | INFO | Query 4 Size of the uncertainty table is = 2079/2154
2024-04-16 22:04 | INFO | Query 4 Size of the filtered table is = 22
2024-04-16 22:04 | INFO | Query 4 Active Learning Runtime on Validation Set: 137416.33
2024-04-16 22:04 | INFO | Query 4 Active Learning Runtime on Test Set: 301997.35
2024-04-16 22:04 | INFO | Query 4 Active Learning Instance Cost: 303871.36
2024-04-16 22:04 | INFO | Query 5 Size of the uncertainty table is = 2045/2154
2024-04-16 22:04 | INFO | Query 5 Size of the filtered table is = 22
2024-04-16 22:04 | INFO | Query 5 Active Learning Runtime on Validation Set: 137416.33
2024-04-16 22:04 | INFO | Query 5 Active Learning Runtime on Test Set: 301094.33
2024-04-16 22:04 | INFO | Query 5 Active Learning Instance Cost: 360009.97
2024-04-16 22:04 | INFO | Timeout limit is increased to 3600
2024-04-16 22:04 | INFO | Query 6 Size of the uncertainty table is = 2013/2154
2024-04-16 22:04 | INFO | Query 6 Size of the filtered table is = 22
2024-04-16 22:04 | INFO | Query 6 Active Learning Runtime on Validation Set: 171686.67
2024-04-16 22:04 | INFO | Query 6 Active Learning Runtime on Test Set: 230292.25
2024-04-16 22:04 | INFO | Query 6 Active Learning Instance Cost: 400370.31
2024-04-16 22:04 | INFO | Timeout limit is increased to 3600
2024-04-16 22:04 | INFO | Query 7 Size of the uncertainty table is = 1976/2154
2024-04-16 22:04 | INFO | Query 7 Size of the filtered table is = 22
2024-04-16 22:04 | INFO | Query 7 Active Learning Runtime on Validation Set: 137416.33
2024-04-16 22:04 | INFO | Query 7 Active Learning Runtime on Test Set: 266289.52
2024-04-16 22:04 | INFO | Query 7 Active Learning Instance Cost: 453004.72
2024-04-16 22:04 | INFO | Query 8 Size of the uncertainty table is = 1939/2154
2024-04-16 22:04 | INFO | Query 8 Size of the filtered table is = 22
2024-04-16 22:05 | INFO | Query 8 Active Learning Runtime on Validation Set: 137416.33
2024-04-16 22:05 | INFO | Query 8 Active Learning Runtime on Test Set: 301031.95
2024-04-16 22:05 | INFO | Query 8 Active Learning Instance Cost: 515013.9
2024-04-16 22:05 | INFO | Timeout limit is increased to 3600
2024-04-16 22:05 | INFO | Query 9 Size of the uncertainty table is = 1906/2154
2024-04-16 22:05 | INFO | Query 9 Size of the filtered table is = 22
2024-04-16 22:05 | INFO | Query 9 Active Learning Runtime on Validation Set: 137416.33
2024-04-16 22:05 | INFO | Query 9 Active Learning Runtime on Test Set: 265564.09
2024-04-16 22:05 | INFO | Query 9 Active Learning Instance Cost: 569647.26
2024-04-16 22:05 | INFO | Timeout limit is increased to 3600
2024-04-16 22:05 | INFO | Query 10 Size of the uncertainty table is = 1870/2154
2024-04-16 22:05 | INFO | Query 10 Size of the filtered table is = 22
2024-04-16 22:05 | INFO | Query 10 Active Learning Runtime on Validation Set: 102793.77
2024-04-16 22:05 | INFO | Query 10 Active Learning Runtime on Test Set: 265564.09
2024-04-16 22:05 | INFO | Query 10 Active Learning Instance Cost: 618729.03
2024-04-16 22:05 | INFO | Query 11 Size of the uncertainty table is = 1836/2154
2024-04-16 22:05 | INFO | Query 11 Size of the filtered table is = 22
2024-04-16 22:05 | INFO | Query 11 Active Learning Runtime on Validation Set: 102793.77
2024-04-16 22:05 | INFO | Query 11 Active Learning Runtime on Test Set: 229826.55
2024-04-16 22:05 | INFO | Query 11 Active Learning Instance Cost: 660745.45
2024-04-16 22:05 | INFO | Timeout limit is increased to 3600
2024-04-16 22:05 | INFO | Query 12 Size of the uncertainty table is = 1804/2154
2024-04-16 22:05 | INFO | Query 12 Size of the filtered table is = 22
2024-04-16 22:05 | INFO | Query 12 Active Learning Runtime on Validation Set: 102793.77
2024-04-16 22:05 | INFO | Query 12 Active Learning Runtime on Test Set: 264941.18
2024-04-16 22:05 | INFO | Query 12 Active Learning Instance Cost: 692815.92
2024-04-16 22:05 | INFO | Timeout limit is increased to 3600
2024-04-16 22:05 | INFO | Query 13 Size of the uncertainty table is = 1760/2154
2024-04-16 22:05 | INFO | Query 13 Size of the filtered table is = 22
2024-04-16 22:05 | INFO | Query 13 Active Learning Runtime on Validation Set: 102793.77
2024-04-16 22:05 | INFO | Query 13 Active Learning Runtime on Test Set: 229165.87
2024-04-16 22:05 | INFO | Query 13 Active Learning Instance Cost: 740118.96
2024-04-16 22:05 | INFO | Timeout limit is increased to 3600
2024-04-16 22:05 | INFO | Query 14 Size of the uncertainty table is = 1726/2154
2024-04-16 22:05 | INFO | Query 14 Size of the filtered table is = 22
2024-04-16 22:06 | INFO | Query 14 Active Learning Runtime on Validation Set: 102793.77
2024-04-16 22:06 | INFO | Query 14 Active Learning Runtime on Test Set: 229656.36
2024-04-16 22:06 | INFO | Query 14 Active Learning Instance Cost: 787924.68
2024-04-16 22:06 | INFO | Timeout limit is increased to 3600
2024-04-16 22:06 | INFO | Query 15 Size of the uncertainty table is = 1688/2154
2024-04-16 22:06 | INFO | Query 15 Size of the filtered table is = 22
2024-04-16 22:06 | INFO | Query 15 Active Learning Runtime on Validation Set: 102793.77
2024-04-16 22:06 | INFO | Query 15 Active Learning Runtime on Test Set: 301553.47
2024-04-16 22:06 | INFO | Query 15 Active Learning Instance Cost: 827961.57
2024-04-16 22:06 | INFO | Timeout limit is increased to 3600
2024-04-16 22:06 | INFO | Query 16 Size of the uncertainty table is = 1643/2154
2024-04-16 22:06 | INFO | Query 16 Size of the filtered table is = 22
2024-04-16 22:06 | INFO | Query 16 Active Learning Runtime on Validation Set: 102793.77
2024-04-16 22:06 | INFO | Query 16 Active Learning Runtime on Test Set: 301986.87
2024-04-16 22:06 | INFO | Query 16 Active Learning Instance Cost: 851677.55
2024-04-16 22:06 | INFO | Timeout limit is increased to 3600
2024-04-16 22:06 | INFO | Query 17 Size of the uncertainty table is = 1602/2154
2024-04-16 22:06 | INFO | Query 17 Size of the filtered table is = 22
2024-04-16 22:06 | INFO | Query 17 Active Learning Runtime on Validation Set: 137416.33
2024-04-16 22:06 | INFO | Query 17 Active Learning Runtime on Test Set: 230424.91
2024-04-16 22:06 | INFO | Query 17 Active Learning Instance Cost: 898711.0
2024-04-16 22:06 | INFO | Timeout limit is increased to 3600
2024-04-16 22:06 | INFO | Query 18 Size of the uncertainty table is = 1552/2154
2024-04-16 22:06 | INFO | Query 18 Size of the filtered table is = 22
2024-04-16 22:06 | INFO | Query 18 Active Learning Runtime on Validation Set: 102793.77
2024-04-16 22:06 | INFO | Query 18 Active Learning Runtime on Test Set: 302568.06
2024-04-16 22:06 | INFO | Query 18 Active Learning Instance Cost: 932691.16
2024-04-16 22:06 | INFO | Query 19 Size of the uncertainty table is = 1502/2154
2024-04-16 22:06 | INFO | Query 19 Size of the filtered table is = 22
2024-04-16 22:06 | INFO | Query 19 Active Learning Runtime on Validation Set: 102793.77
2024-04-16 22:06 | INFO | Query 19 Active Learning Runtime on Test Set: 299765.45
2024-04-16 22:06 | INFO | Query 19 Active Learning Instance Cost: 972077.32
2024-04-16 22:06 | INFO | Timeout limit is increased to 3600
2024-04-16 22:06 | INFO | Query 20 Size of the uncertainty table is = 1450/2154
2024-04-16 22:06 | INFO | Query 20 Size of the filtered table is = 22
2024-04-16 22:07 | INFO | Query 20 Active Learning Runtime on Validation Set: 102793.77
2024-04-16 22:07 | INFO | Query 20 Active Learning Runtime on Test Set: 266507.4
2024-04-16 22:07 | INFO | Query 20 Active Learning Instance Cost: 1018241.91
2024-04-16 22:07 | INFO | Timeout limit is increased to 3600
2024-04-16 22:07 | INFO | Query 21 Size of the uncertainty table is = 1409/2154
2024-04-16 22:07 | INFO | Query 21 Size of the filtered table is = 22
2024-04-16 22:07 | INFO | Query 21 Active Learning Runtime on Validation Set: 102793.77
2024-04-16 22:07 | INFO | Query 21 Active Learning Runtime on Test Set: 267227.64
2024-04-16 22:07 | INFO | Query 21 Active Learning Instance Cost: 1058622.33
2024-04-16 22:07 | INFO | Timeout limit is increased to 3600
2024-04-16 22:07 | INFO | Query 22 Size of the uncertainty table is = 1365/2154
2024-04-16 22:07 | INFO | Query 22 Size of the filtered table is = 22
2024-04-16 22:07 | INFO | Query 22 Active Learning Runtime on Validation Set: 102793.77
2024-04-16 22:07 | INFO | Query 22 Active Learning Runtime on Test Set: 302562.4
2024-04-16 22:07 | INFO | Query 22 Active Learning Instance Cost: 1107968.19
2024-04-16 22:07 | INFO | Timeout limit is increased to 3600
2024-04-16 22:07 | INFO | Query 23 Size of the uncertainty table is = 1308/2154
2024-04-16 22:07 | INFO | Query 23 Size of the filtered table is = 22
2024-04-16 22:07 | INFO | Query 23 Active Learning Runtime on Validation Set: 102793.77
2024-04-16 22:07 | INFO | Query 23 Active Learning Runtime on Test Set: 374201.44
2024-04-16 22:07 | INFO | Query 23 Active Learning Instance Cost: 1127144.53
2024-04-16 22:07 | INFO | Timeout limit is increased to 3600
2024-04-16 22:07 | INFO | Query 24 Size of the uncertainty table is = 1260/2154
2024-04-16 22:07 | INFO | Query 24 Size of the filtered table is = 22
2024-04-16 22:07 | INFO | Query 24 Active Learning Runtime on Validation Set: 102793.77
2024-04-16 22:07 | INFO | Query 24 Active Learning Runtime on Test Set: 266564.98
2024-04-16 22:07 | INFO | Query 24 Active Learning Instance Cost: 1159770.38
2024-04-16 22:07 | INFO | Timeout limit is increased to 3600
2024-04-16 22:07 | INFO | Query 25 Size of the uncertainty table is = 1219/2154
2024-04-16 22:07 | INFO | Query 25 Size of the filtered table is = 22
2024-04-16 22:08 | INFO | Query 25 Active Learning Runtime on Validation Set: 102793.77
2024-04-16 22:08 | INFO | Query 25 Active Learning Runtime on Test Set: 338442.99
2024-04-16 22:08 | INFO | Query 25 Active Learning Instance Cost: 1185232.16
2024-04-16 22:08 | INFO | Timeout limit is increased to 3600
2024-04-16 22:08 | INFO | Query 26 Size of the uncertainty table is = 1176/2154
2024-04-16 22:08 | INFO | Query 26 Size of the filtered table is = 22
2024-04-16 22:08 | INFO | Query 26 Active Learning Runtime on Validation Set: 102793.77
2024-04-16 22:08 | INFO | Query 26 Active Learning Runtime on Test Set: 338450.29
2024-04-16 22:08 | INFO | Query 26 Active Learning Instance Cost: 1211481.26
2024-04-16 22:08 | INFO | Timeout limit is increased to 3600
2024-04-16 22:08 | INFO | Query 27 Size of the uncertainty table is = 1135/2154
2024-04-16 22:08 | INFO | Query 27 Size of the filtered table is = 22
2024-04-16 22:08 | INFO | Query 27 Active Learning Runtime on Validation Set: 102793.77
2024-04-16 22:08 | INFO | Query 27 Active Learning Runtime on Test Set: 373815.48
2024-04-16 22:08 | INFO | Query 27 Active Learning Instance Cost: 1249775.0
2024-04-16 22:08 | INFO | Timeout limit is increased to 3600
2024-04-16 22:08 | INFO | Query 28 Size of the uncertainty table is = 1082/2154
2024-04-16 22:08 | INFO | Query 28 Size of the filtered table is = 22
2024-04-16 22:08 | INFO | Query 28 Active Learning Runtime on Validation Set: 102793.77
2024-04-16 22:08 | INFO | Query 28 Active Learning Runtime on Test Set: 334716.94
2024-04-16 22:08 | INFO | Query 28 Active Learning Instance Cost: 1274913.54
2024-04-16 22:08 | INFO | Timeout limit is increased to 3600
2024-04-16 22:08 | INFO | Query 29 Size of the uncertainty table is = 1026/2154
2024-04-16 22:08 | INFO | Query 29 Size of the filtered table is = 22
2024-04-16 22:08 | INFO | Query 29 Active Learning Runtime on Validation Set: 102793.77
2024-04-16 22:08 | INFO | Query 29 Active Learning Runtime on Test Set: 266009.62
2024-04-16 22:08 | INFO | Query 29 Active Learning Instance Cost: 1307897.1
2024-04-16 22:08 | INFO | Timeout limit is increased to 3600
2024-04-16 22:08 | INFO | Query 30 Size of the uncertainty table is = 991/2154
2024-04-16 22:08 | INFO | Query 30 Size of the filtered table is = 22
2024-04-16 22:08 | INFO | Query 30 Active Learning Runtime on Validation Set: 102793.77
2024-04-16 22:08 | INFO | Query 30 Active Learning Runtime on Test Set: 335467.88
2024-04-16 22:08 | INFO | Query 30 Active Learning Instance Cost: 1333228.79
2024-04-16 22:08 | INFO | Timeout limit is increased to 3600
2024-04-16 22:08 | INFO | Query 31 Size of the uncertainty table is = 938/2154
2024-04-16 22:08 | INFO | Query 31 Size of the filtered table is = 22
2024-04-16 22:09 | INFO | Query 31 Active Learning Runtime on Validation Set: 102793.77
2024-04-16 22:09 | INFO | Query 31 Active Learning Runtime on Test Set: 227848.01
2024-04-16 22:09 | INFO | Query 31 Active Learning Instance Cost: 1346690.86
2024-04-16 22:09 | INFO | Timeout limit is increased to 3600
2024-04-16 22:09 | INFO | Query 32 Size of the uncertainty table is = 910/2154
2024-04-16 22:09 | INFO | Query 32 Size of the filtered table is = 22
2024-04-16 22:09 | INFO | Query 32 Active Learning Runtime on Validation Set: 102793.77
2024-04-16 22:09 | INFO | Query 32 Active Learning Runtime on Test Set: 300572.07
2024-04-16 22:09 | INFO | Query 32 Active Learning Instance Cost: 1365541.84
2024-04-16 22:09 | INFO | Timeout limit is increased to 3600
2024-04-16 22:09 | INFO | Query 33 Size of the uncertainty table is = 887/2154
2024-04-16 22:09 | INFO | Query 33 Size of the filtered table is = 22
2024-04-16 22:09 | INFO | Query 33 Active Learning Runtime on Validation Set: 102793.77
2024-04-16 22:09 | INFO | Query 33 Active Learning Runtime on Test Set: 301959.3
2024-04-16 22:09 | INFO | Query 33 Active Learning Instance Cost: 1411302.71
2024-04-16 22:09 | INFO | Timeout limit is increased to 3600
2024-04-16 22:09 | INFO | Query 34 Size of the uncertainty table is = 835/2154
2024-04-16 22:09 | INFO | Query 34 Size of the filtered table is = 22
2024-04-16 22:09 | INFO | Query 34 Active Learning Runtime on Validation Set: 102792.86
2024-04-16 22:09 | INFO | Query 34 Active Learning Runtime on Test Set: 337380.51
2024-04-16 22:09 | INFO | Query 34 Active Learning Instance Cost: 1422353.02
2024-04-16 22:09 | INFO | Query 35 Size of the uncertainty table is = 753/2154
2024-04-16 22:09 | INFO | Query 35 Size of the filtered table is = 22
2024-04-16 22:09 | INFO | Query 35 Active Learning Runtime on Validation Set: 102793.05
2024-04-16 22:09 | INFO | Query 35 Active Learning Runtime on Test Set: 373453.45
2024-04-16 22:09 | INFO | Query 35 Active Learning Instance Cost: 1426493.62
2024-04-16 22:09 | INFO | Timeout limit is increased to 3600
2024-04-16 22:09 | INFO | Query 36 Size of the uncertainty table is = 689/2154
2024-04-16 22:09 | INFO | Query 36 Size of the filtered table is = 22
2024-04-16 22:09 | INFO | Query 36 Active Learning Runtime on Validation Set: 102786.47
2024-04-16 22:09 | INFO | Query 36 Active Learning Runtime on Test Set: 373124.91
2024-04-16 22:09 | INFO | Query 36 Active Learning Instance Cost: 1430146.95
2024-04-16 22:09 | INFO | Query 37 Size of the uncertainty table is = 653/2154
2024-04-16 22:09 | INFO | Query 37 Size of the filtered table is = 22
2024-04-16 22:10 | INFO | Query 37 Active Learning Runtime on Validation Set: 102844.09
2024-04-16 22:10 | INFO | Query 37 Active Learning Runtime on Test Set: 265063.53
2024-04-16 22:10 | INFO | Query 37 Active Learning Instance Cost: 1437521.8
2024-04-16 22:10 | INFO | Timeout limit is increased to 3600
2024-04-16 22:10 | INFO | Query 38 Size of the uncertainty table is = 610/2154
2024-04-16 22:10 | INFO | Query 38 Size of the filtered table is = 22
2024-04-16 22:10 | INFO | Query 38 Active Learning Runtime on Validation Set: 102793.05
2024-04-16 22:10 | INFO | Query 38 Active Learning Runtime on Test Set: 373773.55
2024-04-16 22:10 | INFO | Query 38 Active Learning Instance Cost: 1437869.12
2024-04-16 22:10 | INFO | Query 39 Size of the uncertainty table is = 549/2154
2024-04-16 22:10 | INFO | Query 39 Size of the filtered table is = 22
2024-04-16 22:10 | INFO | Query 39 Active Learning Runtime on Validation Set: 102843.37
2024-04-16 22:10 | INFO | Query 39 Active Learning Runtime on Test Set: 299429.5
2024-04-16 22:10 | INFO | Query 39 Active Learning Instance Cost: 1445165.2
2024-04-16 22:10 | INFO | Timeout limit is increased to 3600
2024-04-16 22:10 | INFO | Query 40 Size of the uncertainty table is = 508/2154
2024-04-16 22:10 | INFO | Query 40 Size of the filtered table is = 22
2024-04-16 22:10 | INFO | Query 40 Active Learning Runtime on Validation Set: 102792.86
2024-04-16 22:10 | INFO | Query 40 Active Learning Runtime on Test Set: 338276.21
2024-04-16 22:10 | INFO | Query 40 Active Learning Instance Cost: 1463176.6
2024-04-16 22:10 | INFO | Query 41 Size of the uncertainty table is = 464/2154
2024-04-16 22:10 | INFO | Query 41 Size of the filtered table is = 22
2024-04-16 22:10 | INFO | Query 41 Active Learning Runtime on Validation Set: 102848.66
2024-04-16 22:10 | INFO | Query 41 Active Learning Runtime on Test Set: 338052.57
2024-04-16 22:10 | INFO | Query 41 Active Learning Instance Cost: 1468641.36
2024-04-16 22:10 | INFO | Timeout limit is increased to 3600
2024-04-16 22:10 | INFO | Query 42 Size of the uncertainty table is = 430/2154
2024-04-16 22:10 | INFO | Query 42 Size of the filtered table is = 22
2024-04-16 22:11 | INFO | Query 42 Active Learning Runtime on Validation Set: 102793.05
2024-04-16 22:11 | INFO | Query 42 Active Learning Runtime on Test Set: 300722.07
2024-04-16 22:11 | INFO | Query 42 Active Learning Instance Cost: 1472400.67
2024-04-16 22:11 | INFO | Query 43 Size of the uncertainty table is = 386/2154
2024-04-16 22:11 | INFO | Query 43 Size of the filtered table is = 22
2024-04-16 22:11 | INFO | Query 43 Active Learning Runtime on Validation Set: 102793.05
2024-04-16 22:11 | INFO | Query 43 Active Learning Runtime on Test Set: 301053.19
2024-04-16 22:11 | INFO | Query 43 Active Learning Instance Cost: 1481475.99
2024-04-16 22:11 | INFO | Timeout limit is increased to 3600
2024-04-16 22:11 | INFO | Query 44 Size of the uncertainty table is = 355/2154
2024-04-16 22:11 | INFO | Query 44 Size of the filtered table is = 22
2024-04-16 22:11 | INFO | Query 44 Active Learning Runtime on Validation Set: 102793.05
2024-04-16 22:11 | INFO | Query 44 Active Learning Runtime on Test Set: 266432.02
2024-04-16 22:11 | INFO | Query 44 Active Learning Instance Cost: 1488752.86
2024-04-16 22:11 | INFO | Timeout limit is increased to 3600
2024-04-16 22:11 | INFO | Query 45 Size of the uncertainty table is = 311/2154
2024-04-16 22:11 | INFO | Query 45 Size of the filtered table is = 22
2024-04-16 22:11 | INFO | Query 45 Active Learning Runtime on Validation Set: 102793.05
2024-04-16 22:11 | INFO | Query 45 Active Learning Runtime on Test Set: 301528.62
2024-04-16 22:11 | INFO | Query 45 Active Learning Instance Cost: 1497288.8
2024-04-16 22:11 | INFO | Timeout limit is increased to 3600
2024-04-16 22:11 | INFO | Query 46 Size of the uncertainty table is = 246/2154
2024-04-16 22:11 | INFO | Query 46 Size of the filtered table is = 22
2024-04-16 22:11 | INFO | Query 46 Active Learning Runtime on Validation Set: 138603.25
2024-04-16 22:11 | INFO | Query 46 Active Learning Runtime on Test Set: 337940.73
2024-04-16 22:11 | INFO | Query 46 Active Learning Instance Cost: 1501389.88
2024-04-16 22:11 | INFO | Timeout limit is increased to 3600
2024-04-16 22:11 | INFO | Query 47 Size of the uncertainty table is = 192/2154
2024-04-16 22:11 | INFO | Query 47 Size of the filtered table is = 22
2024-04-16 22:11 | INFO | Query 47 Active Learning Runtime on Validation Set: 104579.36
2024-04-16 22:11 | INFO | Query 47 Active Learning Runtime on Test Set: 266300.86
2024-04-16 22:11 | INFO | Query 47 Active Learning Instance Cost: 1524125.16
2024-04-16 22:11 | INFO | Query 48 Size of the uncertainty table is = 119/2154
2024-04-16 22:11 | INFO | Query 48 Size of the filtered table is = 22
2024-04-16 22:12 | INFO | Query 48 Active Learning Runtime on Validation Set: 102792.86
2024-04-16 22:12 | INFO | Query 48 Active Learning Runtime on Test Set: 301556.42
2024-04-16 22:12 | INFO | Query 48 Active Learning Instance Cost: 1535418.38
2024-04-16 22:12 | INFO | Query 49 Size of the uncertainty table is = 77/2154
2024-04-16 22:12 | INFO | Query 49 Size of the filtered table is = 22
2024-04-16 22:12 | INFO | Query 49 Active Learning Runtime on Validation Set: 138445.99
2024-04-16 22:12 | INFO | Query 49 Active Learning Runtime on Test Set: 265970.54
2024-04-16 22:12 | INFO | Query 49 Active Learning Instance Cost: 1550066.92
2024-04-16 22:12 | INFO | Timeout limit is increased to 3600
2024-04-16 22:12 | INFO | Query 50 Size of the uncertainty table is = 40/2154
2024-04-16 22:12 | INFO | Query 50 Size of the filtered table is = 9
2024-04-16 22:12 | INFO | Query 50 Active Learning Runtime on Validation Set: 140389.56
2024-04-16 22:12 | INFO | Query 50 Active Learning Runtime on Test Set: 301397.85
2024-04-16 22:12 | INFO | Query 50 Active Learning Instance Cost: 1557627.24
2024-04-16 22:12 | INFO | Timeout limit is increased to 3600
2024-04-16 22:12 | INFO | Query 51 Size of the uncertainty table is = 26/2154
2024-04-16 22:12 | INFO | Query 51 Size of the filtered table is = 22
2024-04-16 22:12 | INFO | Query 51 Active Learning Runtime on Validation Set: 102793.77
2024-04-16 22:12 | INFO | Query 51 Active Learning Runtime on Test Set: 338202.55
2024-04-16 22:12 | INFO | Query 51 Active Learning Instance Cost: 1580901.03
2024-04-16 22:12 | INFO | runtime_test_score is written as json file
2024-04-16 22:12 | INFO | runtime_validation_score is written as json file
2024-04-16 22:12 | INFO | instance_cost is written as json file
2024-04-16 22:12 | INFO | Experiment is finished
