2024-04-16 22:03 | INFO | Paramaters are: {'dataset': 'CPMP-2015', 'penalty': 10, 'weight': 'No_Weight', 'voting': 'Hard', 'pre_selection_size': 64, 'pre_selection_technique': 'No_pre_selection', 'feature_elimination_threshold': 20, 'imputer_strategy': 'median', 'feature_selection_technique': 'No_feature_selection', 'feature_scaling_technique': 'StandardScaler', 'initial_train_size': 20, 'query_size': 1, 'timeout_predictor_usage': 'No', 'timeout_limit': 3600, 'timeout_increase_rate': 100, 'RANDOM_STATE_SEED': 12345, 'n_splits': 10, 'split_number': 2, 'max_timeout': 3600, 'param_grid': {'n_estimators': 100, 'criterion': 'gini', 'max_features': 'sqrt', 'max_depth': 2147483648, 'min_samples_split': 2, 'bootstrap': True}}
2024-04-16 22:03 | INFO | CPMP-2015 is current dataset
2024-04-16 22:03 | INFO | DATASETS/CPMP-2015/algorithm_runs.csv is found
2024-04-16 22:03 | INFO | DATASETS/CPMP-2015/algorithm_runs.csv is finished
2024-04-16 22:03 | INFO | DATASETS/CPMP-2015/feature_values.csv is found
2024-04-16 22:03 | INFO | DATASETS/CPMP-2015/feature_values.csv is finished
2024-04-16 22:03 | INFO | Virtual best solver time in train = 38725.15
2024-04-16 22:03 | INFO | Single best solver list train = {'astar-symmulgt-transmul': 3440999.37, 'astar-symmullt-transmul': 4048849.31, 'idastar-symmulgt-transmul': 2893004.9, 'idastar-symmullt-transmul': 3668587.09}
2024-04-16 22:03 | INFO | Single best solver time train = idastar-symmulgt-transmul (2893004.9)
2024-04-16 22:03 | INFO | Virtual best solver time in validation = 70066.77
2024-04-16 22:03 | INFO | Single best solver list validation = {'astar-symmulgt-transmul': 2286382.24, 'astar-symmullt-transmul': 2284580.96, 'idastar-symmulgt-transmul': 353297.79, 'idastar-symmullt-transmul': 105433.56}
2024-04-16 22:03 | INFO | Single best solver time validation = idastar-symmullt-transmul (105433.56)
2024-04-16 22:03 | INFO | Virtual best solver time in test = 11155.79
2024-04-16 22:03 | INFO | Single best solver list test = {'astar-symmulgt-transmul': 722971.37, 'astar-symmullt-transmul': 651116.9, 'idastar-symmulgt-transmul': 444229.11, 'idastar-symmullt-transmul': 413015.15}
2024-04-16 22:03 | INFO | Single best solver time test = idastar-symmullt-transmul (413015.15)
2024-04-16 22:03 | INFO | Passive Learning Runtime on Validation Set: 143082.59
2024-04-16 22:03 | INFO | Passive Learning Runtime on Test Set: 333650.14
2024-04-16 22:03 | INFO | Passive Learning Instance Cost: 1545040.68
2024-04-16 22:03 | INFO | Initial Active Learning Runtime on Validation Set: 141258.59
2024-04-16 22:03 | INFO | Initial Active Learning Runtime on Test Set: 259162.39
2024-04-16 22:03 | INFO | Initial Active Learning Instance Cost: 100494.65
2024-04-16 22:03 | INFO | Bin size = 22
2024-04-16 22:03 | INFO | Query 1 Size of the uncertainty table is = 2154/2154
2024-04-16 22:03 | INFO | Query 1 Size of the filtered table is = 22
2024-04-16 22:03 | INFO | Query 1 Active Learning Runtime on Validation Set: 141563.78
2024-04-16 22:03 | INFO | Query 1 Active Learning Runtime on Test Set: 296370.42
2024-04-16 22:03 | INFO | Query 1 Active Learning Instance Cost: 160106.56
2024-04-16 22:03 | INFO | Timeout limit is increased to 3600
2024-04-16 22:03 | INFO | Query 2 Size of the uncertainty table is = 2132/2154
2024-04-16 22:03 | INFO | Query 2 Size of the filtered table is = 22
2024-04-16 22:03 | INFO | Query 2 Active Learning Runtime on Validation Set: 141685.16
2024-04-16 22:03 | INFO | Query 2 Active Learning Runtime on Test Set: 260451.9
2024-04-16 22:03 | INFO | Query 2 Active Learning Instance Cost: 210450.79
2024-04-16 22:03 | INFO | Timeout limit is increased to 3600
2024-04-16 22:03 | INFO | Query 3 Size of the uncertainty table is = 2110/2154
2024-04-16 22:03 | INFO | Query 3 Size of the filtered table is = 22
2024-04-16 22:04 | INFO | Query 3 Active Learning Runtime on Validation Set: 283413.99
2024-04-16 22:04 | INFO | Query 3 Active Learning Runtime on Test Set: 371125.27
2024-04-16 22:04 | INFO | Query 3 Active Learning Instance Cost: 272311.68
2024-04-16 22:04 | INFO | Timeout limit is increased to 3600
2024-04-16 22:04 | INFO | Query 4 Size of the uncertainty table is = 2077/2154
2024-04-16 22:04 | INFO | Query 4 Size of the filtered table is = 22
2024-04-16 22:04 | INFO | Query 4 Active Learning Runtime on Validation Set: 212232.11
2024-04-16 22:04 | INFO | Query 4 Active Learning Runtime on Test Set: 263777.11
2024-04-16 22:04 | INFO | Query 4 Active Learning Instance Cost: 314146.08
2024-04-16 22:04 | INFO | Query 5 Size of the uncertainty table is = 2051/2154
2024-04-16 22:04 | INFO | Query 5 Size of the filtered table is = 22
2024-04-16 22:04 | INFO | Query 5 Active Learning Runtime on Validation Set: 141629.78
2024-04-16 22:04 | INFO | Query 5 Active Learning Runtime on Test Set: 300971.6
2024-04-16 22:04 | INFO | Query 5 Active Learning Instance Cost: 367967.44
2024-04-16 22:04 | INFO | Query 6 Size of the uncertainty table is = 2024/2154
2024-04-16 22:04 | INFO | Query 6 Size of the filtered table is = 22
2024-04-16 22:04 | INFO | Query 6 Active Learning Runtime on Validation Set: 105482.93
2024-04-16 22:04 | INFO | Query 6 Active Learning Runtime on Test Set: 299685.4
2024-04-16 22:04 | INFO | Query 6 Active Learning Instance Cost: 399366.67
2024-04-16 22:04 | INFO | Query 7 Size of the uncertainty table is = 1991/2154
2024-04-16 22:04 | INFO | Query 7 Size of the filtered table is = 22
2024-04-16 22:04 | INFO | Query 7 Active Learning Runtime on Validation Set: 141816.07
2024-04-16 22:04 | INFO | Query 7 Active Learning Runtime on Test Set: 298416.52
2024-04-16 22:04 | INFO | Query 7 Active Learning Instance Cost: 454478.54
2024-04-16 22:04 | INFO | Timeout limit is increased to 3600
2024-04-16 22:04 | INFO | Query 8 Size of the uncertainty table is = 1953/2154
2024-04-16 22:04 | INFO | Query 8 Size of the filtered table is = 22
2024-04-16 22:04 | INFO | Query 8 Active Learning Runtime on Validation Set: 141226.27
2024-04-16 22:04 | INFO | Query 8 Active Learning Runtime on Test Set: 298588.47
2024-04-16 22:04 | INFO | Query 8 Active Learning Instance Cost: 502666.66
2024-04-16 22:04 | INFO | Query 9 Size of the uncertainty table is = 1917/2154
2024-04-16 22:04 | INFO | Query 9 Size of the filtered table is = 22
2024-04-16 22:04 | INFO | Query 9 Active Learning Runtime on Validation Set: 141191.48
2024-04-16 22:04 | INFO | Query 9 Active Learning Runtime on Test Set: 229667.61
2024-04-16 22:04 | INFO | Query 9 Active Learning Instance Cost: 547355.37
2024-04-16 22:05 | INFO | Query 10 Size of the uncertainty table is = 1878/2154
2024-04-16 22:05 | INFO | Query 10 Size of the filtered table is = 22
2024-04-16 22:05 | INFO | Query 10 Active Learning Runtime on Validation Set: 141191.48
2024-04-16 22:05 | INFO | Query 10 Active Learning Runtime on Test Set: 229844.94
2024-04-16 22:05 | INFO | Query 10 Active Learning Instance Cost: 594275.46
2024-04-16 22:05 | INFO | Timeout limit is increased to 3600
2024-04-16 22:05 | INFO | Query 11 Size of the uncertainty table is = 1833/2154
2024-04-16 22:05 | INFO | Query 11 Size of the filtered table is = 22
2024-04-16 22:05 | INFO | Query 11 Active Learning Runtime on Validation Set: 141191.48
2024-04-16 22:05 | INFO | Query 11 Active Learning Runtime on Test Set: 227589.04
2024-04-16 22:05 | INFO | Query 11 Active Learning Instance Cost: 619267.57
2024-04-16 22:05 | INFO | Timeout limit is increased to 3600
2024-04-16 22:05 | INFO | Query 12 Size of the uncertainty table is = 1800/2154
2024-04-16 22:05 | INFO | Query 12 Size of the filtered table is = 22
2024-04-16 22:05 | INFO | Query 12 Active Learning Runtime on Validation Set: 105489.36
2024-04-16 22:05 | INFO | Query 12 Active Learning Runtime on Test Set: 227181.88
2024-04-16 22:05 | INFO | Query 12 Active Learning Instance Cost: 674902.16
2024-04-16 22:05 | INFO | Query 13 Size of the uncertainty table is = 1764/2154
2024-04-16 22:05 | INFO | Query 13 Size of the filtered table is = 22
2024-04-16 22:05 | INFO | Query 13 Active Learning Runtime on Validation Set: 141264.01
2024-04-16 22:05 | INFO | Query 13 Active Learning Runtime on Test Set: 156346.27
2024-04-16 22:05 | INFO | Query 13 Active Learning Instance Cost: 733039.22
2024-04-16 22:05 | INFO | Timeout limit is increased to 3600
2024-04-16 22:05 | INFO | Query 14 Size of the uncertainty table is = 1726/2154
2024-04-16 22:05 | INFO | Query 14 Size of the filtered table is = 22
2024-04-16 22:05 | INFO | Query 14 Active Learning Runtime on Validation Set: 105504.19
2024-04-16 22:05 | INFO | Query 14 Active Learning Runtime on Test Set: 228919.4
2024-04-16 22:05 | INFO | Query 14 Active Learning Instance Cost: 785451.47
2024-04-16 22:05 | INFO | Query 15 Size of the uncertainty table is = 1691/2154
2024-04-16 22:05 | INFO | Query 15 Size of the filtered table is = 22
2024-04-16 22:05 | INFO | Query 15 Active Learning Runtime on Validation Set: 141496.67
2024-04-16 22:05 | INFO | Query 15 Active Learning Runtime on Test Set: 193131.1
2024-04-16 22:05 | INFO | Query 15 Active Learning Instance Cost: 825086.35
2024-04-16 22:05 | INFO | Timeout limit is increased to 3600
2024-04-16 22:05 | INFO | Query 16 Size of the uncertainty table is = 1651/2154
2024-04-16 22:05 | INFO | Query 16 Size of the filtered table is = 22
2024-04-16 22:06 | INFO | Query 16 Active Learning Runtime on Validation Set: 105686.46
2024-04-16 22:06 | INFO | Query 16 Active Learning Runtime on Test Set: 190883.26
2024-04-16 22:06 | INFO | Query 16 Active Learning Instance Cost: 856290.44
2024-04-16 22:06 | INFO | Query 17 Size of the uncertainty table is = 1610/2154
2024-04-16 22:06 | INFO | Query 17 Size of the filtered table is = 22
2024-04-16 22:06 | INFO | Query 17 Active Learning Runtime on Validation Set: 174847.75
2024-04-16 22:06 | INFO | Query 17 Active Learning Runtime on Test Set: 261968.95
2024-04-16 22:06 | INFO | Query 17 Active Learning Instance Cost: 898848.35
2024-04-16 22:06 | INFO | Timeout limit is increased to 3600
2024-04-16 22:06 | INFO | Query 18 Size of the uncertainty table is = 1562/2154
2024-04-16 22:06 | INFO | Query 18 Size of the filtered table is = 22
2024-04-16 22:06 | INFO | Query 18 Active Learning Runtime on Validation Set: 105366.72
2024-04-16 22:06 | INFO | Query 18 Active Learning Runtime on Test Set: 298688.65
2024-04-16 22:06 | INFO | Query 18 Active Learning Instance Cost: 921510.61
2024-04-16 22:06 | INFO | Query 19 Size of the uncertainty table is = 1521/2154
2024-04-16 22:06 | INFO | Query 19 Size of the filtered table is = 22
2024-04-16 22:06 | INFO | Query 19 Active Learning Runtime on Validation Set: 105366.72
2024-04-16 22:06 | INFO | Query 19 Active Learning Runtime on Test Set: 369822.0
2024-04-16 22:06 | INFO | Query 19 Active Learning Instance Cost: 961224.45
2024-04-16 22:06 | INFO | Timeout limit is increased to 3600
2024-04-16 22:06 | INFO | Query 20 Size of the uncertainty table is = 1479/2154
2024-04-16 22:06 | INFO | Query 20 Size of the filtered table is = 22
2024-04-16 22:06 | INFO | Query 20 Active Learning Runtime on Validation Set: 105366.44
2024-04-16 22:06 | INFO | Query 20 Active Learning Runtime on Test Set: 370501.51
2024-04-16 22:06 | INFO | Query 20 Active Learning Instance Cost: 976456.66
2024-04-16 22:06 | INFO | Query 21 Size of the uncertainty table is = 1437/2154
2024-04-16 22:06 | INFO | Query 21 Size of the filtered table is = 22
2024-04-16 22:06 | INFO | Query 21 Active Learning Runtime on Validation Set: 105686.46
2024-04-16 22:06 | INFO | Query 21 Active Learning Runtime on Test Set: 405348.7
2024-04-16 22:06 | INFO | Query 21 Active Learning Instance Cost: 1008478.22
2024-04-16 22:06 | INFO | Timeout limit is increased to 3600
2024-04-16 22:06 | INFO | Query 22 Size of the uncertainty table is = 1395/2154
2024-04-16 22:06 | INFO | Query 22 Size of the filtered table is = 22
2024-04-16 22:07 | INFO | Query 22 Active Learning Runtime on Validation Set: 105448.39
2024-04-16 22:07 | INFO | Query 22 Active Learning Runtime on Test Set: 405321.68
2024-04-16 22:07 | INFO | Query 22 Active Learning Instance Cost: 1034583.3
2024-04-16 22:07 | INFO | Query 23 Size of the uncertainty table is = 1358/2154
2024-04-16 22:07 | INFO | Query 23 Size of the filtered table is = 22
2024-04-16 22:07 | INFO | Query 23 Active Learning Runtime on Validation Set: 105504.47
2024-04-16 22:07 | INFO | Query 23 Active Learning Runtime on Test Set: 333701.19
2024-04-16 22:07 | INFO | Query 23 Active Learning Instance Cost: 1062622.21
2024-04-16 22:07 | INFO | Timeout limit is increased to 3600
2024-04-16 22:07 | INFO | Query 24 Size of the uncertainty table is = 1309/2154
2024-04-16 22:07 | INFO | Query 24 Size of the filtered table is = 22
2024-04-16 22:07 | INFO | Query 24 Active Learning Runtime on Validation Set: 105433.56
2024-04-16 22:07 | INFO | Query 24 Active Learning Runtime on Test Set: 368996.35
2024-04-16 22:07 | INFO | Query 24 Active Learning Instance Cost: 1092578.01
2024-04-16 22:07 | INFO | Query 25 Size of the uncertainty table is = 1270/2154
2024-04-16 22:07 | INFO | Query 25 Size of the filtered table is = 22
2024-04-16 22:07 | INFO | Query 25 Active Learning Runtime on Validation Set: 105489.64
2024-04-16 22:07 | INFO | Query 25 Active Learning Runtime on Test Set: 333695.76
2024-04-16 22:07 | INFO | Query 25 Active Learning Instance Cost: 1103141.26
2024-04-16 22:07 | INFO | Timeout limit is increased to 3600
2024-04-16 22:07 | INFO | Query 26 Size of the uncertainty table is = 1227/2154
2024-04-16 22:07 | INFO | Query 26 Size of the filtered table is = 22
2024-04-16 22:07 | INFO | Query 26 Active Learning Runtime on Validation Set: 141243.76
2024-04-16 22:07 | INFO | Query 26 Active Learning Runtime on Test Set: 404829.75
2024-04-16 22:07 | INFO | Query 26 Active Learning Instance Cost: 1111764.11
2024-04-16 22:07 | INFO | Timeout limit is increased to 3600
2024-04-16 22:07 | INFO | Query 27 Size of the uncertainty table is = 1181/2154
2024-04-16 22:07 | INFO | Query 27 Size of the filtered table is = 22
2024-04-16 22:07 | INFO | Query 27 Active Learning Runtime on Validation Set: 105489.36
2024-04-16 22:07 | INFO | Query 27 Active Learning Runtime on Test Set: 333695.86
2024-04-16 22:07 | INFO | Query 27 Active Learning Instance Cost: 1143417.85
2024-04-16 22:07 | INFO | Query 28 Size of the uncertainty table is = 1140/2154
2024-04-16 22:07 | INFO | Query 28 Size of the filtered table is = 22
2024-04-16 22:08 | INFO | Query 28 Active Learning Runtime on Validation Set: 105554.51
2024-04-16 22:08 | INFO | Query 28 Active Learning Runtime on Test Set: 369860.32
2024-04-16 22:08 | INFO | Query 28 Active Learning Instance Cost: 1182213.69
2024-04-16 22:08 | INFO | Timeout limit is increased to 3600
2024-04-16 22:08 | INFO | Query 29 Size of the uncertainty table is = 1101/2154
2024-04-16 22:08 | INFO | Query 29 Size of the filtered table is = 22
2024-04-16 22:08 | INFO | Query 29 Active Learning Runtime on Validation Set: 105433.56
2024-04-16 22:08 | INFO | Query 29 Active Learning Runtime on Test Set: 369695.59
2024-04-16 22:08 | INFO | Query 29 Active Learning Instance Cost: 1225563.64
2024-04-16 22:08 | INFO | Query 30 Size of the uncertainty table is = 1056/2154
2024-04-16 22:08 | INFO | Query 30 Size of the filtered table is = 22
2024-04-16 22:08 | INFO | Query 30 Active Learning Runtime on Validation Set: 105504.19
2024-04-16 22:08 | INFO | Query 30 Active Learning Runtime on Test Set: 297191.12
2024-04-16 22:08 | INFO | Query 30 Active Learning Instance Cost: 1258997.01
2024-04-16 22:08 | INFO | Timeout limit is increased to 3600
2024-04-16 22:08 | INFO | Query 31 Size of the uncertainty table is = 999/2154
2024-04-16 22:08 | INFO | Query 31 Size of the filtered table is = 22
2024-04-16 22:08 | INFO | Query 31 Active Learning Runtime on Validation Set: 141258.59
2024-04-16 22:08 | INFO | Query 31 Active Learning Runtime on Test Set: 404800.1
2024-04-16 22:08 | INFO | Query 31 Active Learning Instance Cost: 1281977.55
2024-04-16 22:08 | INFO | Timeout limit is increased to 3600
2024-04-16 22:08 | INFO | Query 32 Size of the uncertainty table is = 949/2154
2024-04-16 22:08 | INFO | Query 32 Size of the filtered table is = 22
2024-04-16 22:08 | INFO | Query 32 Active Learning Runtime on Validation Set: 140930.76
2024-04-16 22:08 | INFO | Query 32 Active Learning Runtime on Test Set: 333589.61
2024-04-16 22:08 | INFO | Query 32 Active Learning Instance Cost: 1305870.77
2024-04-16 22:08 | INFO | Query 33 Size of the uncertainty table is = 897/2154
2024-04-16 22:08 | INFO | Query 33 Size of the filtered table is = 22
2024-04-16 22:08 | INFO | Query 33 Active Learning Runtime on Validation Set: 141258.59
2024-04-16 22:08 | INFO | Query 33 Active Learning Runtime on Test Set: 333544.44
2024-04-16 22:08 | INFO | Query 33 Active Learning Instance Cost: 1327735.83
2024-04-16 22:08 | INFO | Timeout limit is increased to 3600
2024-04-16 22:08 | INFO | Query 34 Size of the uncertainty table is = 846/2154
2024-04-16 22:08 | INFO | Query 34 Size of the filtered table is = 22
2024-04-16 22:08 | INFO | Query 34 Active Learning Runtime on Validation Set: 141243.76
2024-04-16 22:08 | INFO | Query 34 Active Learning Runtime on Test Set: 262208.58
2024-04-16 22:08 | INFO | Query 34 Active Learning Instance Cost: 1359547.92
2024-04-16 22:08 | INFO | Query 35 Size of the uncertainty table is = 785/2154
2024-04-16 22:08 | INFO | Query 35 Size of the filtered table is = 22
2024-04-16 22:09 | INFO | Query 35 Active Learning Runtime on Validation Set: 141243.76
2024-04-16 22:09 | INFO | Query 35 Active Learning Runtime on Test Set: 262430.91
2024-04-16 22:09 | INFO | Query 35 Active Learning Instance Cost: 1399114.83
2024-04-16 22:09 | INFO | Timeout limit is increased to 3600
2024-04-16 22:09 | INFO | Query 36 Size of the uncertainty table is = 722/2154
2024-04-16 22:09 | INFO | Query 36 Size of the filtered table is = 22
2024-04-16 22:09 | INFO | Query 36 Active Learning Runtime on Validation Set: 141243.76
2024-04-16 22:09 | INFO | Query 36 Active Learning Runtime on Test Set: 262174.81
2024-04-16 22:09 | INFO | Query 36 Active Learning Instance Cost: 1436427.0
2024-04-16 22:09 | INFO | Timeout limit is increased to 3600
2024-04-16 22:09 | INFO | Query 37 Size of the uncertainty table is = 672/2154
2024-04-16 22:09 | INFO | Query 37 Size of the filtered table is = 22
2024-04-16 22:09 | INFO | Query 37 Active Learning Runtime on Validation Set: 141243.76
2024-04-16 22:09 | INFO | Query 37 Active Learning Runtime on Test Set: 263355.96
2024-04-16 22:09 | INFO | Query 37 Active Learning Instance Cost: 1445272.03
2024-04-16 22:09 | INFO | Timeout limit is increased to 3600
2024-04-16 22:09 | INFO | Query 38 Size of the uncertainty table is = 604/2154
2024-04-16 22:09 | INFO | Query 38 Size of the filtered table is = 22
2024-04-16 22:09 | INFO | Query 38 Active Learning Runtime on Validation Set: 105489.36
2024-04-16 22:09 | INFO | Query 38 Active Learning Runtime on Test Set: 227081.86
2024-04-16 22:09 | INFO | Query 38 Active Learning Instance Cost: 1463479.43
2024-04-16 22:09 | INFO | Query 39 Size of the uncertainty table is = 561/2154
2024-04-16 22:09 | INFO | Query 39 Size of the filtered table is = 22
2024-04-16 22:09 | INFO | Query 39 Active Learning Runtime on Validation Set: 141243.76
2024-04-16 22:09 | INFO | Query 39 Active Learning Runtime on Test Set: 333308.84
2024-04-16 22:09 | INFO | Query 39 Active Learning Instance Cost: 1482398.07
2024-04-16 22:09 | INFO | Timeout limit is increased to 3600
2024-04-16 22:09 | INFO | Query 40 Size of the uncertainty table is = 502/2154
2024-04-16 22:09 | INFO | Query 40 Size of the filtered table is = 22
2024-04-16 22:09 | INFO | Query 40 Active Learning Runtime on Validation Set: 141243.76
2024-04-16 22:09 | INFO | Query 40 Active Learning Runtime on Test Set: 333308.76
2024-04-16 22:09 | INFO | Query 40 Active Learning Instance Cost: 1486000.94
2024-04-16 22:09 | INFO | Timeout limit is increased to 3600
2024-04-16 22:09 | INFO | Query 41 Size of the uncertainty table is = 466/2154
2024-04-16 22:09 | INFO | Query 41 Size of the filtered table is = 22
2024-04-16 22:10 | INFO | Query 41 Active Learning Runtime on Validation Set: 141243.76
2024-04-16 22:10 | INFO | Query 41 Active Learning Runtime on Test Set: 224842.9
2024-04-16 22:10 | INFO | Query 41 Active Learning Instance Cost: 1518249.17
2024-04-16 22:10 | INFO | Timeout limit is increased to 3600
2024-04-16 22:10 | INFO | Query 42 Size of the uncertainty table is = 397/2154
2024-04-16 22:10 | INFO | Query 42 Size of the filtered table is = 22
2024-04-16 22:10 | INFO | Query 42 Active Learning Runtime on Validation Set: 141243.76
2024-04-16 22:10 | INFO | Query 42 Active Learning Runtime on Test Set: 297838.09
2024-04-16 22:10 | INFO | Query 42 Active Learning Instance Cost: 1526846.05
2024-04-16 22:10 | INFO | Timeout limit is increased to 3600
2024-04-16 22:10 | INFO | Query 43 Size of the uncertainty table is = 356/2154
2024-04-16 22:10 | INFO | Query 43 Size of the filtered table is = 22
2024-04-16 22:10 | INFO | Query 43 Active Learning Runtime on Validation Set: 141243.76
2024-04-16 22:10 | INFO | Query 43 Active Learning Runtime on Test Set: 369303.2
2024-04-16 22:10 | INFO | Query 43 Active Learning Instance Cost: 1538854.16
2024-04-16 22:10 | INFO | Timeout limit is increased to 3600
2024-04-16 22:10 | INFO | Query 44 Size of the uncertainty table is = 307/2154
2024-04-16 22:10 | INFO | Query 44 Size of the filtered table is = 22
2024-04-16 22:10 | INFO | Query 44 Active Learning Runtime on Validation Set: 141243.76
2024-04-16 22:10 | INFO | Query 44 Active Learning Runtime on Test Set: 335421.96
2024-04-16 22:10 | INFO | Query 44 Active Learning Instance Cost: 1539577.34
2024-04-16 22:10 | INFO | Timeout limit is increased to 3600
2024-04-16 22:10 | INFO | Query 45 Size of the uncertainty table is = 263/2154
2024-04-16 22:10 | INFO | Query 45 Size of the filtered table is = 22
2024-04-16 22:10 | INFO | Query 45 Active Learning Runtime on Validation Set: 141294.08
2024-04-16 22:10 | INFO | Query 45 Active Learning Runtime on Test Set: 299597.68
2024-04-16 22:10 | INFO | Query 45 Active Learning Instance Cost: 1541237.79
2024-04-16 22:10 | INFO | Timeout limit is increased to 3600
2024-04-16 22:10 | INFO | Query 46 Size of the uncertainty table is = 216/2154
2024-04-16 22:10 | INFO | Query 46 Size of the filtered table is = 22
2024-04-16 22:10 | INFO | Query 46 Active Learning Runtime on Validation Set: 141406.53
2024-04-16 22:10 | INFO | Query 46 Active Learning Runtime on Test Set: 335592.08
2024-04-16 22:10 | INFO | Query 46 Active Learning Instance Cost: 1542134.9
2024-04-16 22:10 | INFO | Timeout limit is increased to 3600
2024-04-16 22:10 | INFO | Query 47 Size of the uncertainty table is = 173/2154
2024-04-16 22:10 | INFO | Query 47 Size of the filtered table is = 22
2024-04-16 22:11 | INFO | Query 47 Active Learning Runtime on Validation Set: 141243.76
2024-04-16 22:11 | INFO | Query 47 Active Learning Runtime on Test Set: 298599.58
2024-04-16 22:11 | INFO | Query 47 Active Learning Instance Cost: 1542710.49
2024-04-16 22:11 | INFO | Query 48 Size of the uncertainty table is = 119/2154
2024-04-16 22:11 | INFO | Query 48 Size of the filtered table is = 22
2024-04-16 22:11 | INFO | Query 48 Active Learning Runtime on Validation Set: 174388.95
2024-04-16 22:11 | INFO | Query 48 Active Learning Runtime on Test Set: 298008.21
2024-04-16 22:11 | INFO | Query 48 Active Learning Instance Cost: 1543446.2
2024-04-16 22:11 | INFO | Timeout limit is increased to 3600
2024-04-16 22:11 | INFO | Query 49 Size of the uncertainty table is = 66/2154
2024-04-16 22:11 | INFO | Query 49 Size of the filtered table is = 22
2024-04-16 22:11 | INFO | Query 49 Active Learning Runtime on Validation Set: 107288.72
2024-04-16 22:11 | INFO | Query 49 Active Learning Runtime on Test Set: 298368.92
2024-04-16 22:11 | INFO | Query 49 Active Learning Instance Cost: 1544918.63
2024-04-16 22:11 | INFO | Query 50 Size of the uncertainty table is = 20/2154
2024-04-16 22:11 | INFO | Query 50 Size of the filtered table is = 20
2024-04-16 22:11 | INFO | Query 50 Active Learning Runtime on Validation Set: 143751.47
2024-04-16 22:11 | INFO | Query 50 Active Learning Runtime on Test Set: 261198.12
2024-04-16 22:11 | INFO | Query 50 Active Learning Instance Cost: 1545040.68
2024-04-16 22:11 | INFO | Timeout limit is increased to 3600
2024-04-16 22:11 | INFO | runtime_test_score is written as json file
2024-04-16 22:11 | INFO | runtime_validation_score is written as json file
2024-04-16 22:11 | INFO | instance_cost is written as json file
2024-04-16 22:11 | INFO | Experiment is finished
