2024-04-16 22:03 | INFO | Paramaters are: {'dataset': 'CPMP-2015', 'penalty': 10, 'weight': 'No_Weight', 'voting': 'Hard', 'pre_selection_size': 64, 'pre_selection_technique': 'No_pre_selection', 'feature_elimination_threshold': 20, 'imputer_strategy': 'median', 'feature_selection_technique': 'No_feature_selection', 'feature_scaling_technique': 'StandardScaler', 'initial_train_size': 20, 'query_size': 1, 'timeout_predictor_usage': 'Yes', 'timeout_limit': 100, 'timeout_increase_rate': 100, 'RANDOM_STATE_SEED': 123, 'n_splits': 10, 'split_number': 3, 'max_timeout': 3600, 'param_grid': {'n_estimators': 100, 'criterion': 'gini', 'max_features': 'sqrt', 'max_depth': 2147483648, 'min_samples_split': 2, 'bootstrap': True}}
2024-04-16 22:03 | INFO | CPMP-2015 is current dataset
2024-04-16 22:03 | INFO | DATASETS/CPMP-2015/algorithm_runs.csv is found
2024-04-16 22:03 | INFO | DATASETS/CPMP-2015/algorithm_runs.csv is finished
2024-04-16 22:03 | INFO | DATASETS/CPMP-2015/feature_values.csv is found
2024-04-16 22:03 | INFO | DATASETS/CPMP-2015/feature_values.csv is finished
2024-04-16 22:03 | INFO | Virtual best solver time in train = 38733.7
2024-04-16 22:03 | INFO | Single best solver list train = {'astar-symmulgt-transmul': 3440782.29, 'astar-symmullt-transmul': 3976700.48, 'idastar-symmulgt-transmul': 3146962.22, 'idastar-symmullt-transmul': 3847721.61}
2024-04-16 22:03 | INFO | Single best solver time train = idastar-symmulgt-transmul (3146962.22)
2024-04-16 22:03 | INFO | Virtual best solver time in validation = 63563.39
2024-04-16 22:03 | INFO | Single best solver list validation = {'astar-symmulgt-transmul': 2285099.97, 'astar-symmullt-transmul': 2283407.9, 'idastar-symmulgt-transmul': 310563.25, 'idastar-symmullt-transmul': 99223.3}
2024-04-16 22:03 | INFO | Single best solver time validation = idastar-symmullt-transmul (99223.3)
2024-04-16 22:03 | INFO | Virtual best solver time in test = 17650.62
2024-04-16 22:03 | INFO | Single best solver list test = {'astar-symmulgt-transmul': 724470.72, 'astar-symmullt-transmul': 724438.8, 'idastar-symmulgt-transmul': 233006.33, 'idastar-symmullt-transmul': 240090.89}
2024-04-16 22:03 | INFO | Single best solver time test = idastar-symmulgt-transmul (233006.33)
2024-04-16 22:03 | INFO | Passive Learning Runtime on Validation Set: 134372.78
2024-04-16 22:03 | INFO | Passive Learning Runtime on Test Set: 123237.54
2024-04-16 22:03 | INFO | Passive Learning Instance Cost: 1581766.6
2024-04-16 22:03 | INFO | Initial Active Learning Runtime on Validation Set: 310564.98
2024-04-16 22:03 | INFO | Initial Active Learning Runtime on Test Set: 196030.84
2024-04-16 22:03 | INFO | Initial Active Learning Instance Cost: 3675.38
2024-04-16 22:03 | INFO | Bin size = 22
2024-04-16 22:03 | INFO | Query 1 Size of the uncertainty table is = 2184/2154
2024-04-16 22:03 | INFO | Query 1 Size of the filtered table is = 22
2024-04-16 22:03 | INFO | Query 1 Active Learning Runtime on Validation Set: 173653.75
2024-04-16 22:03 | INFO | Query 1 Active Learning Runtime on Test Set: 197780.9
2024-04-16 22:03 | INFO | Query 1 Active Learning Instance Cost: 5905.92
2024-04-16 22:03 | INFO | Query 2 Size of the uncertainty table is = 2171/2154
2024-04-16 22:03 | INFO | Query 2 Size of the filtered table is = 22
2024-04-16 22:03 | INFO | Query 2 Active Learning Runtime on Validation Set: 236239.0
2024-04-16 22:03 | INFO | Query 2 Active Learning Runtime on Test Set: 233047.64
2024-04-16 22:03 | INFO | Query 2 Active Learning Instance Cost: 7866.19
2024-04-16 22:03 | INFO | Timeout limit is increased to 200
2024-04-16 22:03 | INFO | Query 3 Size of the uncertainty table is = 2153/2154
2024-04-16 22:03 | INFO | Query 3 Size of the filtered table is = 22
2024-04-16 22:04 | INFO | Query 3 Active Learning Runtime on Validation Set: 99314.82
2024-04-16 22:04 | INFO | Query 3 Active Learning Runtime on Test Set: 231267.07
2024-04-16 22:04 | INFO | Query 3 Active Learning Instance Cost: 12779.22
2024-04-16 22:04 | INFO | Query 4 Size of the uncertainty table is = 2133/2154
2024-04-16 22:04 | INFO | Query 4 Size of the filtered table is = 22
2024-04-16 22:04 | INFO | Query 4 Active Learning Runtime on Validation Set: 99571.84
2024-04-16 22:04 | INFO | Query 4 Active Learning Runtime on Test Set: 159194.72
2024-04-16 22:04 | INFO | Query 4 Active Learning Instance Cost: 16584.41
2024-04-16 22:04 | INFO | Timeout limit is increased to 300
2024-04-16 22:04 | INFO | Query 5 Size of the uncertainty table is = 2112/2154
2024-04-16 22:04 | INFO | Query 5 Size of the filtered table is = 22
2024-04-16 22:04 | INFO | Query 5 Active Learning Runtime on Validation Set: 100206.83
2024-04-16 22:04 | INFO | Query 5 Active Learning Runtime on Test Set: 159194.72
2024-04-16 22:04 | INFO | Query 5 Active Learning Instance Cost: 23165.68
2024-04-16 22:04 | INFO | Timeout limit is increased to 400
2024-04-16 22:04 | INFO | Query 6 Size of the uncertainty table is = 2094/2154
2024-04-16 22:04 | INFO | Query 6 Size of the filtered table is = 22
2024-04-16 22:04 | INFO | Query 6 Active Learning Runtime on Validation Set: 99319.78
2024-04-16 22:04 | INFO | Query 6 Active Learning Runtime on Test Set: 194805.67
2024-04-16 22:04 | INFO | Query 6 Active Learning Instance Cost: 31834.93
2024-04-16 22:04 | INFO | Query 7 Size of the uncertainty table is = 2076/2154
2024-04-16 22:04 | INFO | Query 7 Size of the filtered table is = 22
2024-04-16 22:04 | INFO | Query 7 Active Learning Runtime on Validation Set: 99222.39
2024-04-16 22:04 | INFO | Query 7 Active Learning Runtime on Test Set: 158804.07
2024-04-16 22:04 | INFO | Query 7 Active Learning Instance Cost: 38714.82
2024-04-16 22:04 | INFO | Query 8 Size of the uncertainty table is = 2050/2154
2024-04-16 22:04 | INFO | Query 8 Size of the filtered table is = 22
2024-04-16 22:04 | INFO | Query 8 Active Learning Runtime on Validation Set: 99222.39
2024-04-16 22:04 | INFO | Query 8 Active Learning Runtime on Test Set: 159161.82
2024-04-16 22:04 | INFO | Query 8 Active Learning Instance Cost: 47867.95
2024-04-16 22:04 | INFO | Timeout limit is increased to 500
2024-04-16 22:04 | INFO | Query 9 Size of the uncertainty table is = 2032/2154
2024-04-16 22:04 | INFO | Query 9 Size of the filtered table is = 22
2024-04-16 22:04 | INFO | Query 9 Active Learning Runtime on Validation Set: 99223.3
2024-04-16 22:04 | INFO | Query 9 Active Learning Runtime on Test Set: 161491.87
2024-04-16 22:04 | INFO | Query 9 Active Learning Instance Cost: 56956.24
2024-04-16 22:04 | INFO | Timeout limit is increased to 600
2024-04-16 22:04 | INFO | Query 10 Size of the uncertainty table is = 2004/2154
2024-04-16 22:04 | INFO | Query 10 Size of the filtered table is = 22
2024-04-16 22:05 | INFO | Query 10 Active Learning Runtime on Validation Set: 99223.3
2024-04-16 22:05 | INFO | Query 10 Active Learning Runtime on Test Set: 125520.62
2024-04-16 22:05 | INFO | Query 10 Active Learning Instance Cost: 67835.82
2024-04-16 22:05 | INFO | Timeout limit is increased to 700
2024-04-16 22:05 | INFO | Query 11 Size of the uncertainty table is = 1969/2154
2024-04-16 22:05 | INFO | Query 11 Size of the filtered table is = 22
2024-04-16 22:05 | INFO | Query 11 Active Learning Runtime on Validation Set: 135162.64
2024-04-16 22:05 | INFO | Query 11 Active Learning Runtime on Test Set: 125521.16
2024-04-16 22:05 | INFO | Query 11 Active Learning Instance Cost: 78921.0
2024-04-16 22:05 | INFO | Timeout limit is increased to 800
2024-04-16 22:05 | INFO | Query 12 Size of the uncertainty table is = 1946/2154
2024-04-16 22:05 | INFO | Query 12 Size of the filtered table is = 22
2024-04-16 22:05 | INFO | Query 12 Active Learning Runtime on Validation Set: 135162.64
2024-04-16 22:05 | INFO | Query 12 Active Learning Runtime on Test Set: 128686.89
2024-04-16 22:05 | INFO | Query 12 Active Learning Instance Cost: 94939.77
2024-04-16 22:05 | INFO | Timeout limit is increased to 900
2024-04-16 22:05 | INFO | Query 13 Size of the uncertainty table is = 1920/2154
2024-04-16 22:05 | INFO | Query 13 Size of the filtered table is = 22
2024-04-16 22:05 | INFO | Query 13 Active Learning Runtime on Validation Set: 135162.64
2024-04-16 22:05 | INFO | Query 13 Active Learning Runtime on Test Set: 128907.8
2024-04-16 22:05 | INFO | Query 13 Active Learning Instance Cost: 105426.74
2024-04-16 22:05 | INFO | Timeout limit is increased to 1000
2024-04-16 22:05 | INFO | Query 14 Size of the uncertainty table is = 1895/2154
2024-04-16 22:05 | INFO | Query 14 Size of the filtered table is = 22
2024-04-16 22:05 | INFO | Query 14 Active Learning Runtime on Validation Set: 135162.64
2024-04-16 22:05 | INFO | Query 14 Active Learning Runtime on Test Set: 92908.19
2024-04-16 22:05 | INFO | Query 14 Active Learning Instance Cost: 124712.21
2024-04-16 22:05 | INFO | Timeout limit is increased to 1100
2024-04-16 22:05 | INFO | Query 15 Size of the uncertainty table is = 1863/2154
2024-04-16 22:05 | INFO | Query 15 Size of the filtered table is = 22
2024-04-16 22:05 | INFO | Query 15 Active Learning Runtime on Validation Set: 135162.64
2024-04-16 22:05 | INFO | Query 15 Active Learning Runtime on Test Set: 92907.8
2024-04-16 22:05 | INFO | Query 15 Active Learning Instance Cost: 140273.94
2024-04-16 22:05 | INFO | Timeout limit is increased to 1200
2024-04-16 22:05 | INFO | Query 16 Size of the uncertainty table is = 1835/2154
2024-04-16 22:05 | INFO | Query 16 Size of the filtered table is = 22
2024-04-16 22:06 | INFO | Query 16 Active Learning Runtime on Validation Set: 135162.64
2024-04-16 22:06 | INFO | Query 16 Active Learning Runtime on Test Set: 128686.89
2024-04-16 22:06 | INFO | Query 16 Active Learning Instance Cost: 165884.88
2024-04-16 22:06 | INFO | Timeout limit is increased to 1300
2024-04-16 22:06 | INFO | Query 17 Size of the uncertainty table is = 1813/2154
2024-04-16 22:06 | INFO | Query 17 Size of the filtered table is = 22
2024-04-16 22:06 | INFO | Query 17 Active Learning Runtime on Validation Set: 99223.3
2024-04-16 22:06 | INFO | Query 17 Active Learning Runtime on Test Set: 92907.8
2024-04-16 22:06 | INFO | Query 17 Active Learning Instance Cost: 180527.68
2024-04-16 22:06 | INFO | Query 18 Size of the uncertainty table is = 1785/2154
2024-04-16 22:06 | INFO | Query 18 Size of the filtered table is = 22
2024-04-16 22:06 | INFO | Query 18 Active Learning Runtime on Validation Set: 99223.3
2024-04-16 22:06 | INFO | Query 18 Active Learning Runtime on Test Set: 161289.23
2024-04-16 22:06 | INFO | Query 18 Active Learning Instance Cost: 199266.06
2024-04-16 22:06 | INFO | Timeout limit is increased to 1400
2024-04-16 22:06 | INFO | Query 19 Size of the uncertainty table is = 1754/2154
2024-04-16 22:06 | INFO | Query 19 Size of the filtered table is = 22
2024-04-16 22:06 | INFO | Query 19 Active Learning Runtime on Validation Set: 99223.3
2024-04-16 22:06 | INFO | Query 19 Active Learning Runtime on Test Set: 161296.96
2024-04-16 22:06 | INFO | Query 19 Active Learning Instance Cost: 228201.67
2024-04-16 22:06 | INFO | Timeout limit is increased to 1500
2024-04-16 22:06 | INFO | Query 20 Size of the uncertainty table is = 1739/2154
2024-04-16 22:06 | INFO | Query 20 Size of the filtered table is = 22
2024-04-16 22:06 | INFO | Query 20 Active Learning Runtime on Validation Set: 99223.3
2024-04-16 22:06 | INFO | Query 20 Active Learning Runtime on Test Set: 161374.59
2024-04-16 22:06 | INFO | Query 20 Active Learning Instance Cost: 260846.63
2024-04-16 22:06 | INFO | Timeout limit is increased to 1600
2024-04-16 22:06 | INFO | Query 21 Size of the uncertainty table is = 1720/2154
2024-04-16 22:06 | INFO | Query 21 Size of the filtered table is = 22
2024-04-16 22:06 | INFO | Query 21 Active Learning Runtime on Validation Set: 99223.3
2024-04-16 22:06 | INFO | Query 21 Active Learning Runtime on Test Set: 161296.96
2024-04-16 22:06 | INFO | Query 21 Active Learning Instance Cost: 283353.47
2024-04-16 22:06 | INFO | Timeout limit is increased to 1700
2024-04-16 22:06 | INFO | Query 22 Size of the uncertainty table is = 1712/2154
2024-04-16 22:06 | INFO | Query 22 Size of the filtered table is = 22
2024-04-16 22:06 | INFO | Query 22 Active Learning Runtime on Validation Set: 99156.18
2024-04-16 22:06 | INFO | Query 22 Active Learning Runtime on Test Set: 161296.96
2024-04-16 22:06 | INFO | Query 22 Active Learning Instance Cost: 303349.66
2024-04-16 22:06 | INFO | Query 23 Size of the uncertainty table is = 1697/2154
2024-04-16 22:06 | INFO | Query 23 Size of the filtered table is = 22
2024-04-16 22:07 | INFO | Query 23 Active Learning Runtime on Validation Set: 99223.3
2024-04-16 22:07 | INFO | Query 23 Active Learning Runtime on Test Set: 128676.39
2024-04-16 22:07 | INFO | Query 23 Active Learning Instance Cost: 319365.52
2024-04-16 22:07 | INFO | Timeout limit is increased to 1800
2024-04-16 22:07 | INFO | Query 24 Size of the uncertainty table is = 1664/2154
2024-04-16 22:07 | INFO | Query 24 Size of the filtered table is = 22
2024-04-16 22:07 | INFO | Query 24 Active Learning Runtime on Validation Set: 170952.19
2024-04-16 22:07 | INFO | Query 24 Active Learning Runtime on Test Set: 128684.12
2024-04-16 22:07 | INFO | Query 24 Active Learning Instance Cost: 335388.75
2024-04-16 22:07 | INFO | Timeout limit is increased to 1900
2024-04-16 22:07 | INFO | Query 25 Size of the uncertainty table is = 1632/2154
2024-04-16 22:07 | INFO | Query 25 Size of the filtered table is = 22
2024-04-16 22:07 | INFO | Query 25 Active Learning Runtime on Validation Set: 135384.48
2024-04-16 22:07 | INFO | Query 25 Active Learning Runtime on Test Set: 125292.51
2024-04-16 22:07 | INFO | Query 25 Active Learning Instance Cost: 358385.28
2024-04-16 22:07 | INFO | Query 26 Size of the uncertainty table is = 1605/2154
2024-04-16 22:07 | INFO | Query 26 Size of the filtered table is = 22
2024-04-16 22:07 | INFO | Query 26 Active Learning Runtime on Validation Set: 135384.48
2024-04-16 22:07 | INFO | Query 26 Active Learning Runtime on Test Set: 161292.53
2024-04-16 22:07 | INFO | Query 26 Active Learning Instance Cost: 372920.65
2024-04-16 22:07 | INFO | Timeout limit is increased to 2000
2024-04-16 22:07 | INFO | Query 27 Size of the uncertainty table is = 1589/2154
2024-04-16 22:07 | INFO | Query 27 Size of the filtered table is = 22
2024-04-16 22:07 | INFO | Query 27 Active Learning Runtime on Validation Set: 135384.48
2024-04-16 22:07 | INFO | Query 27 Active Learning Runtime on Test Set: 128679.27
2024-04-16 22:07 | INFO | Query 27 Active Learning Instance Cost: 387243.09
2024-04-16 22:07 | INFO | Timeout limit is increased to 2100
2024-04-16 22:07 | INFO | Query 28 Size of the uncertainty table is = 1563/2154
2024-04-16 22:07 | INFO | Query 28 Size of the filtered table is = 22
2024-04-16 22:07 | INFO | Query 28 Active Learning Runtime on Validation Set: 135357.85
2024-04-16 22:07 | INFO | Query 28 Active Learning Runtime on Test Set: 128757.34
2024-04-16 22:07 | INFO | Query 28 Active Learning Instance Cost: 413334.73
2024-04-16 22:07 | INFO | Query 29 Size of the uncertainty table is = 1537/2154
2024-04-16 22:07 | INFO | Query 29 Size of the filtered table is = 22
2024-04-16 22:08 | INFO | Query 29 Active Learning Runtime on Validation Set: 135425.88
2024-04-16 22:08 | INFO | Query 29 Active Learning Runtime on Test Set: 128757.34
2024-04-16 22:08 | INFO | Query 29 Active Learning Instance Cost: 433227.5
2024-04-16 22:08 | INFO | Timeout limit is increased to 2200
2024-04-16 22:08 | INFO | Query 30 Size of the uncertainty table is = 1514/2154
2024-04-16 22:08 | INFO | Query 30 Size of the filtered table is = 22
2024-04-16 22:08 | INFO | Query 30 Active Learning Runtime on Validation Set: 135425.88
2024-04-16 22:08 | INFO | Query 30 Active Learning Runtime on Test Set: 128757.34
2024-04-16 22:08 | INFO | Query 30 Active Learning Instance Cost: 464006.01
2024-04-16 22:08 | INFO | Timeout limit is increased to 2300
2024-04-16 22:08 | INFO | Query 31 Size of the uncertainty table is = 1486/2154
2024-04-16 22:08 | INFO | Query 31 Size of the filtered table is = 22
2024-04-16 22:08 | INFO | Query 31 Active Learning Runtime on Validation Set: 135358.76
2024-04-16 22:08 | INFO | Query 31 Active Learning Runtime on Test Set: 128756.9
2024-04-16 22:08 | INFO | Query 31 Active Learning Instance Cost: 482272.75
2024-04-16 22:08 | INFO | Query 32 Size of the uncertainty table is = 1456/2154
2024-04-16 22:08 | INFO | Query 32 Size of the filtered table is = 22
2024-04-16 22:08 | INFO | Query 32 Active Learning Runtime on Validation Set: 135033.5
2024-04-16 22:08 | INFO | Query 32 Active Learning Runtime on Test Set: 161370.16
2024-04-16 22:08 | INFO | Query 32 Active Learning Instance Cost: 506026.02
2024-04-16 22:08 | INFO | Query 33 Size of the uncertainty table is = 1425/2154
2024-04-16 22:08 | INFO | Query 33 Size of the filtered table is = 22
2024-04-16 22:08 | INFO | Query 33 Active Learning Runtime on Validation Set: 135033.5
2024-04-16 22:08 | INFO | Query 33 Active Learning Runtime on Test Set: 125370.16
2024-04-16 22:08 | INFO | Query 33 Active Learning Instance Cost: 526255.83
2024-04-16 22:08 | INFO | Timeout limit is increased to 2400
2024-04-16 22:08 | INFO | Query 34 Size of the uncertainty table is = 1409/2154
2024-04-16 22:08 | INFO | Query 34 Size of the filtered table is = 22
2024-04-16 22:08 | INFO | Query 34 Active Learning Runtime on Validation Set: 99222.39
2024-04-16 22:08 | INFO | Query 34 Active Learning Runtime on Test Set: 161370.13
2024-04-16 22:08 | INFO | Query 34 Active Learning Instance Cost: 556972.66
2024-04-16 22:08 | INFO | Query 35 Size of the uncertainty table is = 1388/2154
2024-04-16 22:08 | INFO | Query 35 Size of the filtered table is = 22
2024-04-16 22:09 | INFO | Query 35 Active Learning Runtime on Validation Set: 135425.88
2024-04-16 22:09 | INFO | Query 35 Active Learning Runtime on Test Set: 161009.08
2024-04-16 22:09 | INFO | Query 35 Active Learning Instance Cost: 569596.04
2024-04-16 22:09 | INFO | Timeout limit is increased to 2500
2024-04-16 22:09 | INFO | Query 36 Size of the uncertainty table is = 1378/2154
2024-04-16 22:09 | INFO | Query 36 Size of the filtered table is = 22
2024-04-16 22:09 | INFO | Query 36 Active Learning Runtime on Validation Set: 135032.59
2024-04-16 22:09 | INFO | Query 36 Active Learning Runtime on Test Set: 161009.11
2024-04-16 22:09 | INFO | Query 36 Active Learning Instance Cost: 591087.64
2024-04-16 22:09 | INFO | Query 37 Size of the uncertainty table is = 1352/2154
2024-04-16 22:09 | INFO | Query 37 Size of the filtered table is = 22
2024-04-16 22:09 | INFO | Query 37 Active Learning Runtime on Validation Set: 135033.5
2024-04-16 22:09 | INFO | Query 37 Active Learning Runtime on Test Set: 161366.86
2024-04-16 22:09 | INFO | Query 37 Active Learning Instance Cost: 615363.9
2024-04-16 22:09 | INFO | Timeout limit is increased to 2600
2024-04-16 22:09 | INFO | Query 38 Size of the uncertainty table is = 1340/2154
2024-04-16 22:09 | INFO | Query 38 Size of the filtered table is = 22
2024-04-16 22:09 | INFO | Query 38 Active Learning Runtime on Validation Set: 99222.39
2024-04-16 22:09 | INFO | Query 38 Active Learning Runtime on Test Set: 161366.41
2024-04-16 22:09 | INFO | Query 38 Active Learning Instance Cost: 635507.33
2024-04-16 22:09 | INFO | Query 39 Size of the uncertainty table is = 1323/2154
2024-04-16 22:09 | INFO | Query 39 Size of the filtered table is = 22
2024-04-16 22:09 | INFO | Query 39 Active Learning Runtime on Validation Set: 135037.7
2024-04-16 22:09 | INFO | Query 39 Active Learning Runtime on Test Set: 161009.11
2024-04-16 22:09 | INFO | Query 39 Active Learning Instance Cost: 649369.69
2024-04-16 22:09 | INFO | Timeout limit is increased to 2700
2024-04-16 22:09 | INFO | Query 40 Size of the uncertainty table is = 1314/2154
2024-04-16 22:09 | INFO | Query 40 Size of the filtered table is = 22
2024-04-16 22:09 | INFO | Query 40 Active Learning Runtime on Validation Set: 99223.3
2024-04-16 22:09 | INFO | Query 40 Active Learning Runtime on Test Set: 125009.11
2024-04-16 22:09 | INFO | Query 40 Active Learning Instance Cost: 661781.0
2024-04-16 22:09 | INFO | Query 41 Size of the uncertainty table is = 1287/2154
2024-04-16 22:09 | INFO | Query 41 Size of the filtered table is = 22
2024-04-16 22:09 | INFO | Query 41 Active Learning Runtime on Validation Set: 99223.3
2024-04-16 22:09 | INFO | Query 41 Active Learning Runtime on Test Set: 125009.11
2024-04-16 22:09 | INFO | Query 41 Active Learning Instance Cost: 669881.95
2024-04-16 22:09 | INFO | Timeout limit is increased to 2800
2024-04-16 22:09 | INFO | Query 42 Size of the uncertainty table is = 1283/2154
2024-04-16 22:09 | INFO | Query 42 Size of the filtered table is = 22
2024-04-16 22:10 | INFO | Query 42 Active Learning Runtime on Validation Set: 206771.24
2024-04-16 22:10 | INFO | Query 42 Active Learning Runtime on Test Set: 125366.86
2024-04-16 22:10 | INFO | Query 42 Active Learning Instance Cost: 693203.71
2024-04-16 22:10 | INFO | Timeout limit is increased to 2900
2024-04-16 22:10 | INFO | Query 43 Size of the uncertainty table is = 1262/2154
2024-04-16 22:10 | INFO | Query 43 Size of the filtered table is = 22
2024-04-16 22:10 | INFO | Query 43 Active Learning Runtime on Validation Set: 99223.3
2024-04-16 22:10 | INFO | Query 43 Active Learning Runtime on Test Set: 125366.86
2024-04-16 22:10 | INFO | Query 43 Active Learning Instance Cost: 707832.09
2024-04-16 22:10 | INFO | Query 44 Size of the uncertainty table is = 1256/2154
2024-04-16 22:10 | INFO | Query 44 Size of the filtered table is = 22
2024-04-16 22:10 | INFO | Query 44 Active Learning Runtime on Validation Set: 99216.0
2024-04-16 22:10 | INFO | Query 44 Active Learning Runtime on Test Set: 125366.86
2024-04-16 22:10 | INFO | Query 44 Active Learning Instance Cost: 718800.46
2024-04-16 22:10 | INFO | Query 45 Size of the uncertainty table is = 1245/2154
2024-04-16 22:10 | INFO | Query 45 Size of the filtered table is = 22
2024-04-16 22:10 | INFO | Query 45 Active Learning Runtime on Validation Set: 99223.3
2024-04-16 22:10 | INFO | Query 45 Active Learning Runtime on Test Set: 125366.86
2024-04-16 22:10 | INFO | Query 45 Active Learning Instance Cost: 745455.43
2024-04-16 22:10 | INFO | Timeout limit is increased to 3000
2024-04-16 22:10 | INFO | Query 46 Size of the uncertainty table is = 1231/2154
2024-04-16 22:10 | INFO | Query 46 Size of the filtered table is = 22
2024-04-16 22:10 | INFO | Query 46 Active Learning Runtime on Validation Set: 99223.3
2024-04-16 22:10 | INFO | Query 46 Active Learning Runtime on Test Set: 125232.76
2024-04-16 22:10 | INFO | Query 46 Active Learning Instance Cost: 777075.25
2024-04-16 22:10 | INFO | Timeout limit is increased to 3100
2024-04-16 22:10 | INFO | Query 47 Size of the uncertainty table is = 1216/2154
2024-04-16 22:10 | INFO | Query 47 Size of the filtered table is = 22
2024-04-16 22:10 | INFO | Query 47 Active Learning Runtime on Validation Set: 99223.3
2024-04-16 22:10 | INFO | Query 47 Active Learning Runtime on Test Set: 125232.76
2024-04-16 22:10 | INFO | Query 47 Active Learning Instance Cost: 791875.25
2024-04-16 22:10 | INFO | Timeout limit is increased to 3200
2024-04-16 22:10 | INFO | Query 48 Size of the uncertainty table is = 1216/2154
2024-04-16 22:10 | INFO | Query 48 Size of the filtered table is = 22
2024-04-16 22:11 | INFO | Query 48 Active Learning Runtime on Validation Set: 99223.3
2024-04-16 22:11 | INFO | Query 48 Active Learning Runtime on Test Set: 125011.86
2024-04-16 22:11 | INFO | Query 48 Active Learning Instance Cost: 806151.7
2024-04-16 22:11 | INFO | Timeout limit is increased to 3300
2024-04-16 22:11 | INFO | Query 49 Size of the uncertainty table is = 1212/2154
2024-04-16 22:11 | INFO | Query 49 Size of the filtered table is = 22
2024-04-16 22:11 | INFO | Query 49 Active Learning Runtime on Validation Set: 99223.3
2024-04-16 22:11 | INFO | Query 49 Active Learning Runtime on Test Set: 125009.11
2024-04-16 22:11 | INFO | Query 49 Active Learning Instance Cost: 817110.65
2024-04-16 22:11 | INFO | Timeout limit is increased to 3400
2024-04-16 22:11 | INFO | Query 50 Size of the uncertainty table is = 1206/2154
2024-04-16 22:11 | INFO | Query 50 Size of the filtered table is = 22
2024-04-16 22:11 | INFO | Query 50 Active Learning Runtime on Validation Set: 99223.3
2024-04-16 22:11 | INFO | Query 50 Active Learning Runtime on Test Set: 125009.11
2024-04-16 22:11 | INFO | Query 50 Active Learning Instance Cost: 830610.65
2024-04-16 22:11 | INFO | Timeout limit is increased to 3500
2024-04-16 22:11 | INFO | Query 51 Size of the uncertainty table is = 1206/2154
2024-04-16 22:11 | INFO | Query 51 Size of the filtered table is = 22
2024-04-16 22:11 | INFO | Query 51 Active Learning Runtime on Validation Set: 135033.5
2024-04-16 22:11 | INFO | Query 51 Active Learning Runtime on Test Set: 125009.11
2024-04-16 22:11 | INFO | Query 51 Active Learning Instance Cost: 844110.65
2024-04-16 22:11 | INFO | Timeout limit is increased to 3600
2024-04-16 22:11 | INFO | Query 52 Size of the uncertainty table is = 1203/2154
2024-04-16 22:11 | INFO | Query 52 Size of the filtered table is = 22
2024-04-16 22:11 | INFO | Query 52 Active Learning Runtime on Validation Set: 135033.5
2024-04-16 22:11 | INFO | Query 52 Active Learning Runtime on Test Set: 125009.11
2024-04-16 22:11 | INFO | Query 52 Active Learning Instance Cost: 855510.65
2024-04-16 22:11 | INFO | Timeout limit is increased to 3600
2024-04-16 22:11 | INFO | Query 53 Size of the uncertainty table is = 974/2154
2024-04-16 22:11 | INFO | Query 53 Size of the filtered table is = 22
2024-04-16 22:11 | INFO | Query 53 Active Learning Runtime on Validation Set: 99220.9
2024-04-16 22:11 | INFO | Query 53 Active Learning Runtime on Test Set: 92754.05
2024-04-16 22:11 | INFO | Query 53 Active Learning Instance Cost: 893303.57
2024-04-16 22:11 | INFO | Query 54 Size of the uncertainty table is = 920/2154
2024-04-16 22:11 | INFO | Query 54 Size of the filtered table is = 22
2024-04-16 22:12 | INFO | Query 54 Active Learning Runtime on Validation Set: 132473.07
2024-04-16 22:12 | INFO | Query 54 Active Learning Runtime on Test Set: 128396.27
2024-04-16 22:12 | INFO | Query 54 Active Learning Instance Cost: 942729.57
2024-04-16 22:12 | INFO | Timeout limit is increased to 3600
2024-04-16 22:12 | INFO | Query 55 Size of the uncertainty table is = 880/2154
2024-04-16 22:12 | INFO | Query 55 Size of the filtered table is = 22
2024-04-16 22:12 | INFO | Query 55 Active Learning Runtime on Validation Set: 99221.45
2024-04-16 22:12 | INFO | Query 55 Active Learning Runtime on Test Set: 92754.02
2024-04-16 22:12 | INFO | Query 55 Active Learning Instance Cost: 978664.81
2024-04-16 22:12 | INFO | Query 56 Size of the uncertainty table is = 832/2154
2024-04-16 22:12 | INFO | Query 56 Size of the filtered table is = 22
2024-04-16 22:12 | INFO | Query 56 Active Learning Runtime on Validation Set: 135031.29
2024-04-16 22:12 | INFO | Query 56 Active Learning Runtime on Test Set: 92754.02
2024-04-16 22:12 | INFO | Query 56 Active Learning Instance Cost: 990152.93
2024-04-16 22:12 | INFO | Timeout limit is increased to 3600
2024-04-16 22:12 | INFO | Query 57 Size of the uncertainty table is = 783/2154
2024-04-16 22:12 | INFO | Query 57 Size of the filtered table is = 22
2024-04-16 22:12 | INFO | Query 57 Active Learning Runtime on Validation Set: 99220.9
2024-04-16 22:12 | INFO | Query 57 Active Learning Runtime on Test Set: 161369.16
2024-04-16 22:12 | INFO | Query 57 Active Learning Instance Cost: 1003073.67
2024-04-16 22:12 | INFO | Query 58 Size of the uncertainty table is = 740/2154
2024-04-16 22:12 | INFO | Query 58 Size of the filtered table is = 22
2024-04-16 22:12 | INFO | Query 58 Active Learning Runtime on Validation Set: 135031.05
2024-04-16 22:12 | INFO | Query 58 Active Learning Runtime on Test Set: 125366.86
2024-04-16 22:12 | INFO | Query 58 Active Learning Instance Cost: 1021933.5
2024-04-16 22:12 | INFO | Timeout limit is increased to 3600
2024-04-16 22:12 | INFO | Query 59 Size of the uncertainty table is = 688/2154
2024-04-16 22:12 | INFO | Query 59 Size of the filtered table is = 22
2024-04-16 22:12 | INFO | Query 59 Active Learning Runtime on Validation Set: 135351.26
2024-04-16 22:12 | INFO | Query 59 Active Learning Runtime on Test Set: 159018.87
2024-04-16 22:12 | INFO | Query 59 Active Learning Instance Cost: 1050446.77
2024-04-16 22:12 | INFO | Timeout limit is increased to 3600
2024-04-16 22:12 | INFO | Query 60 Size of the uncertainty table is = 632/2154
2024-04-16 22:12 | INFO | Query 60 Size of the filtered table is = 22
2024-04-16 22:13 | INFO | Query 60 Active Learning Runtime on Validation Set: 135160.38
2024-04-16 22:13 | INFO | Query 60 Active Learning Runtime on Test Set: 126398.33
2024-04-16 22:13 | INFO | Query 60 Active Learning Instance Cost: 1071024.37
2024-04-16 22:13 | INFO | Query 61 Size of the uncertainty table is = 580/2154
2024-04-16 22:13 | INFO | Query 61 Size of the filtered table is = 22
2024-04-16 22:13 | INFO | Query 61 Active Learning Runtime on Validation Set: 135031.24
2024-04-16 22:13 | INFO | Query 61 Active Learning Runtime on Test Set: 125369.58
2024-04-16 22:13 | INFO | Query 61 Active Learning Instance Cost: 1085471.47
2024-04-16 22:13 | INFO | Query 62 Size of the uncertainty table is = 531/2154
2024-04-16 22:13 | INFO | Query 62 Size of the filtered table is = 22
2024-04-16 22:13 | INFO | Query 62 Active Learning Runtime on Validation Set: 135030.88
2024-04-16 22:13 | INFO | Query 62 Active Learning Runtime on Test Set: 90398.34
2024-04-16 22:13 | INFO | Query 62 Active Learning Instance Cost: 1096689.91
2024-04-16 22:13 | INFO | Query 63 Size of the uncertainty table is = 487/2154
2024-04-16 22:13 | INFO | Query 63 Size of the filtered table is = 22
2024-04-16 22:13 | INFO | Query 63 Active Learning Runtime on Validation Set: 135351.26
2024-04-16 22:13 | INFO | Query 63 Active Learning Runtime on Test Set: 123011.14
2024-04-16 22:13 | INFO | Query 63 Active Learning Instance Cost: 1105747.83
2024-04-16 22:13 | INFO | Timeout limit is increased to 3600
2024-04-16 22:13 | INFO | Query 64 Size of the uncertainty table is = 434/2154
2024-04-16 22:13 | INFO | Query 64 Size of the filtered table is = 22
2024-04-16 22:13 | INFO | Query 64 Active Learning Runtime on Validation Set: 170970.58
2024-04-16 22:13 | INFO | Query 64 Active Learning Runtime on Test Set: 159011.56
2024-04-16 22:13 | INFO | Query 64 Active Learning Instance Cost: 1134740.64
2024-04-16 22:13 | INFO | Timeout limit is increased to 3600
2024-04-16 22:13 | INFO | Query 65 Size of the uncertainty table is = 372/2154
2024-04-16 22:13 | INFO | Query 65 Size of the filtered table is = 22
2024-04-16 22:13 | INFO | Query 65 Active Learning Runtime on Validation Set: 135031.24
2024-04-16 22:13 | INFO | Query 65 Active Learning Runtime on Test Set: 123011.59
2024-04-16 22:13 | INFO | Query 65 Active Learning Instance Cost: 1153020.48
2024-04-16 22:13 | INFO | Query 66 Size of the uncertainty table is = 318/2154
2024-04-16 22:13 | INFO | Query 66 Size of the filtered table is = 22
2024-04-16 22:14 | INFO | Query 66 Active Learning Runtime on Validation Set: 135031.24
2024-04-16 22:14 | INFO | Query 66 Active Learning Runtime on Test Set: 123246.21
2024-04-16 22:14 | INFO | Query 66 Active Learning Instance Cost: 1159183.49
2024-04-16 22:14 | INFO | Timeout limit is increased to 3600
2024-04-16 22:14 | INFO | Query 67 Size of the uncertainty table is = 264/2154
2024-04-16 22:14 | INFO | Query 67 Size of the filtered table is = 22
2024-04-16 22:14 | INFO | Query 67 Active Learning Runtime on Validation Set: 169189.55
2024-04-16 22:14 | INFO | Query 67 Active Learning Runtime on Test Set: 158698.52
2024-04-16 22:14 | INFO | Query 67 Active Learning Instance Cost: 1161394.22
2024-04-16 22:14 | INFO | Timeout limit is increased to 3600
2024-04-16 22:14 | INFO | Query 68 Size of the uncertainty table is = 176/2154
2024-04-16 22:14 | INFO | Query 68 Size of the filtered table is = 22
2024-04-16 22:14 | INFO | Query 68 Active Learning Runtime on Validation Set: 135031.24
2024-04-16 22:14 | INFO | Query 68 Active Learning Runtime on Test Set: 123246.27
2024-04-16 22:14 | INFO | Query 68 Active Learning Instance Cost: 1162215.03
2024-04-16 22:14 | INFO | Query 69 Size of the uncertainty table is = 126/2154
2024-04-16 22:14 | INFO | Query 69 Size of the filtered table is = 22
2024-04-16 22:14 | INFO | Query 69 Active Learning Runtime on Validation Set: 99572.02
2024-04-16 22:14 | INFO | Query 69 Active Learning Runtime on Test Set: 123022.62
2024-04-16 22:14 | INFO | Query 69 Active Learning Instance Cost: 1162286.31
2024-04-16 22:14 | INFO | Query 70 Size of the uncertainty table is = 92/2154
2024-04-16 22:14 | INFO | Query 70 Size of the filtered table is = 22
2024-04-16 22:14 | INFO | Query 70 Active Learning Runtime on Validation Set: 135031.24
2024-04-16 22:14 | INFO | Query 70 Active Learning Runtime on Test Set: 123245.83
2024-04-16 22:14 | INFO | Query 70 Active Learning Instance Cost: 1166280.64
2024-04-16 22:14 | INFO | Timeout limit is increased to 3600
2024-04-16 22:14 | INFO | Query 71 Size of the uncertainty table is = 37/2154
2024-04-16 22:14 | INFO | Query 71 Size of the filtered table is = 22
2024-04-16 22:14 | INFO | Query 71 Active Learning Runtime on Validation Set: 135031.24
2024-04-16 22:14 | INFO | Query 71 Active Learning Runtime on Test Set: 123249.25
2024-04-16 22:14 | INFO | Query 71 Active Learning Instance Cost: 1171584.02
2024-04-16 22:14 | INFO | Timeout limit is increased to 3600
2024-04-16 22:14 | INFO | Query 72 Size of the uncertainty table is = 3/2154
2024-04-16 22:14 | INFO | Query 72 Size of the filtered table is = 3
2024-04-16 22:15 | INFO | Query 72 Active Learning Runtime on Validation Set: 135030.88
2024-04-16 22:15 | INFO | Query 72 Active Learning Runtime on Test Set: 123245.95
2024-04-16 22:15 | INFO | Query 72 Active Learning Instance Cost: 1171611.01
2024-04-16 22:15 | INFO | runtime_test_score is written as json file
2024-04-16 22:15 | INFO | runtime_validation_score is written as json file
2024-04-16 22:15 | INFO | instance_cost is written as json file
2024-04-16 22:15 | INFO | Experiment is finished
