2024-04-16 22:11 | INFO | Paramaters are: {'dataset': 'CSP-2010', 'penalty': 10, 'weight': 'No_Weight', 'voting': 'Hard', 'pre_selection_size': 64, 'pre_selection_technique': 'No_pre_selection', 'feature_elimination_threshold': 20, 'imputer_strategy': 'median', 'feature_selection_technique': 'No_feature_selection', 'feature_scaling_technique': 'StandardScaler', 'initial_train_size': 20, 'query_size': 1, 'timeout_predictor_usage': 'Yes', 'timeout_limit': 3600, 'timeout_increase_rate': 100, 'RANDOM_STATE_SEED': 42, 'n_splits': 10, 'split_number': 9, 'max_timeout': 3600, 'param_grid': {'n_estimators': 100, 'criterion': 'gini', 'max_features': 'sqrt', 'max_depth': 2147483648, 'min_samples_split': 2, 'bootstrap': True}}
2024-04-16 22:11 | INFO | CSP-2010 is current dataset
2024-04-16 22:11 | INFO | DATASETS/CSP-2010/algorithm_runs.csv is found
2024-04-16 22:11 | INFO | DATASETS/CSP-2010/algorithm_runs.csv is finished
2024-04-16 22:11 | INFO | DATASETS/CSP-2010/feature_values.csv is found
2024-04-16 22:11 | INFO | DATASETS/CSP-2010/feature_values.csv is finished
2024-04-16 22:11 | INFO | Virtual best solver time in train = 70451.69
2024-04-16 22:11 | INFO | Single best solver list train = {'learning': 3300460.95, 'standard': 1031766.23}
2024-04-16 22:11 | INFO | Single best solver time train = standard (1031766.23)
2024-04-16 22:11 | INFO | Virtual best solver time in validation = 87852.75
2024-04-16 22:11 | INFO | Single best solver list validation = {'learning': 5028181.63, 'standard': 92318.81}
2024-04-16 22:11 | INFO | Single best solver time validation = standard (92318.81)
2024-04-16 22:11 | INFO | Virtual best solver time in test = 25128.91
2024-04-16 22:11 | INFO | Single best solver list test = {'learning': 1010511.66, 'standard': 273179.37}
2024-04-16 22:11 | INFO | Single best solver time test = standard (273179.37)
2024-04-16 22:11 | INFO | Passive Learning Runtime on Validation Set: 92318.81
2024-04-16 22:11 | INFO | Passive Learning Runtime on Test Set: 58584.28
2024-04-16 22:11 | INFO | Passive Learning Instance Cost: 638627.18
2024-04-16 22:11 | INFO | Initial Active Learning Runtime on Validation Set: 87868.69
2024-04-16 22:11 | INFO | Initial Active Learning Runtime on Test Set: 130310.68
2024-04-16 22:11 | INFO | Initial Active Learning Instance Cost: 7344.03
2024-04-16 22:11 | INFO | Bin size = 13
2024-04-16 22:11 | INFO | Query 1 Size of the uncertainty table is = 1201/1201
2024-04-16 22:11 | INFO | Query 1 Size of the filtered table is = 13
2024-04-16 22:11 | INFO | Query 1 Active Learning Runtime on Validation Set: 92319.46
2024-04-16 22:11 | INFO | Query 1 Active Learning Runtime on Test Set: 201840.47
2024-04-16 22:11 | INFO | Query 1 Active Learning Instance Cost: 22399.69
2024-04-16 22:11 | INFO | Timeout limit is increased to 3600
2024-04-16 22:11 | INFO | Query 2 Size of the uncertainty table is = 1188/1201
2024-04-16 22:11 | INFO | Query 2 Size of the filtered table is = 13
2024-04-16 22:11 | INFO | Query 2 Active Learning Runtime on Validation Set: 92318.81
2024-04-16 22:11 | INFO | Query 2 Active Learning Runtime on Test Set: 166111.34
2024-04-16 22:11 | INFO | Query 2 Active Learning Instance Cost: 22915.86
2024-04-16 22:11 | INFO | Query 3 Size of the uncertainty table is = 1175/1201
2024-04-16 22:11 | INFO | Query 3 Size of the filtered table is = 13
2024-04-16 22:11 | INFO | Query 3 Active Learning Runtime on Validation Set: 92318.81
2024-04-16 22:11 | INFO | Query 3 Active Learning Runtime on Test Set: 166111.34
2024-04-16 22:11 | INFO | Query 3 Active Learning Instance Cost: 43786.36
2024-04-16 22:11 | INFO | Timeout limit is increased to 3600
2024-04-16 22:11 | INFO | Query 4 Size of the uncertainty table is = 1162/1201
2024-04-16 22:11 | INFO | Query 4 Size of the filtered table is = 13
2024-04-16 22:12 | INFO | Query 4 Active Learning Runtime on Validation Set: 92318.81
2024-04-16 22:12 | INFO | Query 4 Active Learning Runtime on Test Set: 166111.11
2024-04-16 22:12 | INFO | Query 4 Active Learning Instance Cost: 43799.86
2024-04-16 22:12 | INFO | Timeout limit is increased to 3600
2024-04-16 22:12 | INFO | Query 5 Size of the uncertainty table is = 1149/1201
2024-04-16 22:12 | INFO | Query 5 Size of the filtered table is = 13
2024-04-16 22:12 | INFO | Query 5 Active Learning Runtime on Validation Set: 92318.81
2024-04-16 22:12 | INFO | Query 5 Active Learning Runtime on Test Set: 166111.02
2024-04-16 22:12 | INFO | Query 5 Active Learning Instance Cost: 43814.07
2024-04-16 22:12 | INFO | Timeout limit is increased to 3600
2024-04-16 22:12 | INFO | Query 6 Size of the uncertainty table is = 1136/1201
2024-04-16 22:12 | INFO | Query 6 Size of the filtered table is = 13
2024-04-16 22:12 | INFO | Query 6 Active Learning Runtime on Validation Set: 92318.81
2024-04-16 22:12 | INFO | Query 6 Active Learning Runtime on Test Set: 166112.21
2024-04-16 22:12 | INFO | Query 6 Active Learning Instance Cost: 43820.06
2024-04-16 22:12 | INFO | Timeout limit is increased to 3600
2024-04-16 22:12 | INFO | Query 7 Size of the uncertainty table is = 1123/1201
2024-04-16 22:12 | INFO | Query 7 Size of the filtered table is = 13
2024-04-16 22:12 | INFO | Query 7 Active Learning Runtime on Validation Set: 87867.7
2024-04-16 22:12 | INFO | Query 7 Active Learning Runtime on Test Set: 166111.1
2024-04-16 22:12 | INFO | Query 7 Active Learning Instance Cost: 47471.59
2024-04-16 22:12 | INFO | Query 8 Size of the uncertainty table is = 1110/1201
2024-04-16 22:12 | INFO | Query 8 Size of the filtered table is = 13
2024-04-16 22:12 | INFO | Query 8 Active Learning Runtime on Validation Set: 87867.7
2024-04-16 22:12 | INFO | Query 8 Active Learning Runtime on Test Set: 166112.04
2024-04-16 22:12 | INFO | Query 8 Active Learning Instance Cost: 78528.53
2024-04-16 22:12 | INFO | Timeout limit is increased to 3600
2024-04-16 22:12 | INFO | Query 9 Size of the uncertainty table is = 1097/1201
2024-04-16 22:12 | INFO | Query 9 Size of the filtered table is = 13
2024-04-16 22:12 | INFO | Query 9 Active Learning Runtime on Validation Set: 92318.81
2024-04-16 22:12 | INFO | Query 9 Active Learning Runtime on Test Set: 166111.1
2024-04-16 22:12 | INFO | Query 9 Active Learning Instance Cost: 78543.82
2024-04-16 22:12 | INFO | Timeout limit is increased to 3600
2024-04-16 22:12 | INFO | Query 10 Size of the uncertainty table is = 1084/1201
2024-04-16 22:12 | INFO | Query 10 Size of the filtered table is = 13
2024-04-16 22:12 | INFO | Query 10 Active Learning Runtime on Validation Set: 92318.81
2024-04-16 22:12 | INFO | Query 10 Active Learning Runtime on Test Set: 130111.64
2024-04-16 22:12 | INFO | Query 10 Active Learning Instance Cost: 86643.22
2024-04-16 22:12 | INFO | Timeout limit is increased to 3600
2024-04-16 22:12 | INFO | Query 11 Size of the uncertainty table is = 1071/1201
2024-04-16 22:12 | INFO | Query 11 Size of the filtered table is = 13
2024-04-16 22:12 | INFO | Query 11 Active Learning Runtime on Validation Set: 92318.81
2024-04-16 22:12 | INFO | Query 11 Active Learning Runtime on Test Set: 130111.15
2024-04-16 22:12 | INFO | Query 11 Active Learning Instance Cost: 87024.99
2024-04-16 22:12 | INFO | Timeout limit is increased to 3600
2024-04-16 22:12 | INFO | Query 12 Size of the uncertainty table is = 1058/1201
2024-04-16 22:12 | INFO | Query 12 Size of the filtered table is = 13
2024-04-16 22:12 | INFO | Query 12 Active Learning Runtime on Validation Set: 92318.81
2024-04-16 22:12 | INFO | Query 12 Active Learning Runtime on Test Set: 130111.2
2024-04-16 22:12 | INFO | Query 12 Active Learning Instance Cost: 92763.48
2024-04-16 22:12 | INFO | Timeout limit is increased to 3600
2024-04-16 22:12 | INFO | Query 13 Size of the uncertainty table is = 1045/1201
2024-04-16 22:12 | INFO | Query 13 Size of the filtered table is = 13
2024-04-16 22:12 | INFO | Query 13 Active Learning Runtime on Validation Set: 92318.81
2024-04-16 22:12 | INFO | Query 13 Active Learning Runtime on Test Set: 130111.15
2024-04-16 22:12 | INFO | Query 13 Active Learning Instance Cost: 92768.69
2024-04-16 22:12 | INFO | Timeout limit is increased to 3600
2024-04-16 22:12 | INFO | Query 14 Size of the uncertainty table is = 1032/1201
2024-04-16 22:12 | INFO | Query 14 Size of the filtered table is = 13
2024-04-16 22:12 | INFO | Query 14 Active Learning Runtime on Validation Set: 92318.81
2024-04-16 22:12 | INFO | Query 14 Active Learning Runtime on Test Set: 130111.15
2024-04-16 22:12 | INFO | Query 14 Active Learning Instance Cost: 92790.52
2024-04-16 22:12 | INFO | Timeout limit is increased to 3600
2024-04-16 22:12 | INFO | Query 15 Size of the uncertainty table is = 1019/1201
2024-04-16 22:12 | INFO | Query 15 Size of the filtered table is = 13
2024-04-16 22:12 | INFO | Query 15 Active Learning Runtime on Validation Set: 92318.81
2024-04-16 22:12 | INFO | Query 15 Active Learning Runtime on Test Set: 130112.09
2024-04-16 22:12 | INFO | Query 15 Active Learning Instance Cost: 95552.9
2024-04-16 22:12 | INFO | Timeout limit is increased to 3600
2024-04-16 22:12 | INFO | Query 16 Size of the uncertainty table is = 1006/1201
2024-04-16 22:12 | INFO | Query 16 Size of the filtered table is = 13
2024-04-16 22:13 | INFO | Query 16 Active Learning Runtime on Validation Set: 92318.81
2024-04-16 22:13 | INFO | Query 16 Active Learning Runtime on Test Set: 130112.05
2024-04-16 22:13 | INFO | Query 16 Active Learning Instance Cost: 120184.62
2024-04-16 22:13 | INFO | Timeout limit is increased to 3600
2024-04-16 22:13 | INFO | Query 17 Size of the uncertainty table is = 993/1201
2024-04-16 22:13 | INFO | Query 17 Size of the filtered table is = 13
2024-04-16 22:13 | INFO | Query 17 Active Learning Runtime on Validation Set: 92318.81
2024-04-16 22:13 | INFO | Query 17 Active Learning Runtime on Test Set: 130112.05
2024-04-16 22:13 | INFO | Query 17 Active Learning Instance Cost: 127397.39
2024-04-16 22:13 | INFO | Timeout limit is increased to 3600
2024-04-16 22:13 | INFO | Query 18 Size of the uncertainty table is = 980/1201
2024-04-16 22:13 | INFO | Query 18 Size of the filtered table is = 13
2024-04-16 22:13 | INFO | Query 18 Active Learning Runtime on Validation Set: 92318.81
2024-04-16 22:13 | INFO | Query 18 Active Learning Runtime on Test Set: 130112.09
2024-04-16 22:13 | INFO | Query 18 Active Learning Instance Cost: 133960.66
2024-04-16 22:13 | INFO | Timeout limit is increased to 3600
2024-04-16 22:13 | INFO | Query 19 Size of the uncertainty table is = 967/1201
2024-04-16 22:13 | INFO | Query 19 Size of the filtered table is = 13
2024-04-16 22:13 | INFO | Query 19 Active Learning Runtime on Validation Set: 92318.81
2024-04-16 22:13 | INFO | Query 19 Active Learning Runtime on Test Set: 61146.66
2024-04-16 22:13 | INFO | Query 19 Active Learning Instance Cost: 151219.97
2024-04-16 22:13 | INFO | Timeout limit is increased to 3600
2024-04-16 22:13 | INFO | Query 20 Size of the uncertainty table is = 954/1201
2024-04-16 22:13 | INFO | Query 20 Size of the filtered table is = 13
2024-04-16 22:13 | INFO | Query 20 Active Learning Runtime on Validation Set: 92318.81
2024-04-16 22:13 | INFO | Query 20 Active Learning Runtime on Test Set: 94581.75
2024-04-16 22:13 | INFO | Query 20 Active Learning Instance Cost: 158430.15
2024-04-16 22:13 | INFO | Timeout limit is increased to 3600
2024-04-16 22:13 | INFO | Query 21 Size of the uncertainty table is = 941/1201
2024-04-16 22:13 | INFO | Query 21 Size of the filtered table is = 13
2024-04-16 22:13 | INFO | Query 21 Active Learning Runtime on Validation Set: 92318.81
2024-04-16 22:13 | INFO | Query 21 Active Learning Runtime on Test Set: 94581.8
2024-04-16 22:13 | INFO | Query 21 Active Learning Instance Cost: 172194.73
2024-04-16 22:13 | INFO | Timeout limit is increased to 3600
2024-04-16 22:13 | INFO | Query 22 Size of the uncertainty table is = 928/1201
2024-04-16 22:13 | INFO | Query 22 Size of the filtered table is = 13
2024-04-16 22:13 | INFO | Query 22 Active Learning Runtime on Validation Set: 92318.81
2024-04-16 22:13 | INFO | Query 22 Active Learning Runtime on Test Set: 94581.75
2024-04-16 22:13 | INFO | Query 22 Active Learning Instance Cost: 173951.6
2024-04-16 22:13 | INFO | Timeout limit is increased to 3600
2024-04-16 22:13 | INFO | Query 23 Size of the uncertainty table is = 915/1201
2024-04-16 22:13 | INFO | Query 23 Size of the filtered table is = 13
2024-04-16 22:13 | INFO | Query 23 Active Learning Runtime on Validation Set: 92318.81
2024-04-16 22:13 | INFO | Query 23 Active Learning Runtime on Test Set: 94581.8
2024-04-16 22:13 | INFO | Query 23 Active Learning Instance Cost: 174108.94
2024-04-16 22:13 | INFO | Timeout limit is increased to 3600
2024-04-16 22:13 | INFO | Query 24 Size of the uncertainty table is = 902/1201
2024-04-16 22:13 | INFO | Query 24 Size of the filtered table is = 13
2024-04-16 22:13 | INFO | Query 24 Active Learning Runtime on Validation Set: 92318.81
2024-04-16 22:13 | INFO | Query 24 Active Learning Runtime on Test Set: 61146.62
2024-04-16 22:13 | INFO | Query 24 Active Learning Instance Cost: 174129.26
2024-04-16 22:13 | INFO | Timeout limit is increased to 3600
2024-04-16 22:13 | INFO | Query 25 Size of the uncertainty table is = 889/1201
2024-04-16 22:13 | INFO | Query 25 Size of the filtered table is = 13
2024-04-16 22:13 | INFO | Query 25 Active Learning Runtime on Validation Set: 92318.81
2024-04-16 22:13 | INFO | Query 25 Active Learning Runtime on Test Set: 94581.75
2024-04-16 22:13 | INFO | Query 25 Active Learning Instance Cost: 174189.68
2024-04-16 22:13 | INFO | Timeout limit is increased to 3600
2024-04-16 22:13 | INFO | Query 26 Size of the uncertainty table is = 876/1201
2024-04-16 22:13 | INFO | Query 26 Size of the filtered table is = 13
2024-04-16 22:13 | INFO | Query 26 Active Learning Runtime on Validation Set: 92318.81
2024-04-16 22:13 | INFO | Query 26 Active Learning Runtime on Test Set: 94581.75
2024-04-16 22:13 | INFO | Query 26 Active Learning Instance Cost: 177975.47
2024-04-16 22:13 | INFO | Timeout limit is increased to 3600
2024-04-16 22:13 | INFO | Query 27 Size of the uncertainty table is = 863/1201
2024-04-16 22:13 | INFO | Query 27 Size of the filtered table is = 13
2024-04-16 22:13 | INFO | Query 27 Active Learning Runtime on Validation Set: 92318.81
2024-04-16 22:13 | INFO | Query 27 Active Learning Runtime on Test Set: 94581.8
2024-04-16 22:13 | INFO | Query 27 Active Learning Instance Cost: 181584.36
2024-04-16 22:13 | INFO | Timeout limit is increased to 3600
2024-04-16 22:13 | INFO | Query 28 Size of the uncertainty table is = 850/1201
2024-04-16 22:13 | INFO | Query 28 Size of the filtered table is = 13
2024-04-16 22:14 | INFO | Query 28 Active Learning Runtime on Validation Set: 92318.81
2024-04-16 22:14 | INFO | Query 28 Active Learning Runtime on Test Set: 94581.75
2024-04-16 22:14 | INFO | Query 28 Active Learning Instance Cost: 193029.1
2024-04-16 22:14 | INFO | Timeout limit is increased to 3600
2024-04-16 22:14 | INFO | Query 29 Size of the uncertainty table is = 837/1201
2024-04-16 22:14 | INFO | Query 29 Size of the filtered table is = 13
2024-04-16 22:14 | INFO | Query 29 Active Learning Runtime on Validation Set: 92318.81
2024-04-16 22:14 | INFO | Query 29 Active Learning Runtime on Test Set: 94581.8
2024-04-16 22:14 | INFO | Query 29 Active Learning Instance Cost: 193043.35
2024-04-16 22:14 | INFO | Timeout limit is increased to 3600
2024-04-16 22:14 | INFO | Query 30 Size of the uncertainty table is = 824/1201
2024-04-16 22:14 | INFO | Query 30 Size of the filtered table is = 13
2024-04-16 22:14 | INFO | Query 30 Active Learning Runtime on Validation Set: 92318.81
2024-04-16 22:14 | INFO | Query 30 Active Learning Runtime on Test Set: 94581.75
2024-04-16 22:14 | INFO | Query 30 Active Learning Instance Cost: 193058.52
2024-04-16 22:14 | INFO | Timeout limit is increased to 3600
2024-04-16 22:14 | INFO | Query 31 Size of the uncertainty table is = 811/1201
2024-04-16 22:14 | INFO | Query 31 Size of the filtered table is = 13
2024-04-16 22:14 | INFO | Query 31 Active Learning Runtime on Validation Set: 92318.81
2024-04-16 22:14 | INFO | Query 31 Active Learning Runtime on Test Set: 94581.93
2024-04-16 22:14 | INFO | Query 31 Active Learning Instance Cost: 193155.32
2024-04-16 22:14 | INFO | Timeout limit is increased to 3600
2024-04-16 22:14 | INFO | Query 32 Size of the uncertainty table is = 798/1201
2024-04-16 22:14 | INFO | Query 32 Size of the filtered table is = 13
2024-04-16 22:14 | INFO | Query 32 Active Learning Runtime on Validation Set: 92318.81
2024-04-16 22:14 | INFO | Query 32 Active Learning Runtime on Test Set: 94582.09
2024-04-16 22:14 | INFO | Query 32 Active Learning Instance Cost: 193169.05
2024-04-16 22:14 | INFO | Timeout limit is increased to 3600
2024-04-16 22:14 | INFO | Query 33 Size of the uncertainty table is = 785/1201
2024-04-16 22:14 | INFO | Query 33 Size of the filtered table is = 13
2024-04-16 22:14 | INFO | Query 33 Active Learning Runtime on Validation Set: 92318.81
2024-04-16 22:14 | INFO | Query 33 Active Learning Runtime on Test Set: 94581.75
2024-04-16 22:14 | INFO | Query 33 Active Learning Instance Cost: 193180.05
2024-04-16 22:14 | INFO | Timeout limit is increased to 3600
2024-04-16 22:14 | INFO | Query 34 Size of the uncertainty table is = 772/1201
2024-04-16 22:14 | INFO | Query 34 Size of the filtered table is = 13
2024-04-16 22:14 | INFO | Query 34 Active Learning Runtime on Validation Set: 92318.81
2024-04-16 22:14 | INFO | Query 34 Active Learning Runtime on Test Set: 94581.87
2024-04-16 22:14 | INFO | Query 34 Active Learning Instance Cost: 197807.03
2024-04-16 22:14 | INFO | Timeout limit is increased to 3600
2024-04-16 22:14 | INFO | Query 35 Size of the uncertainty table is = 759/1201
2024-04-16 22:14 | INFO | Query 35 Size of the filtered table is = 13
2024-04-16 22:14 | INFO | Query 35 Active Learning Runtime on Validation Set: 92318.81
2024-04-16 22:14 | INFO | Query 35 Active Learning Runtime on Test Set: 94582.21
2024-04-16 22:14 | INFO | Query 35 Active Learning Instance Cost: 197810.04
2024-04-16 22:14 | INFO | Timeout limit is increased to 3600
2024-04-16 22:14 | INFO | Query 36 Size of the uncertainty table is = 746/1201
2024-04-16 22:14 | INFO | Query 36 Size of the filtered table is = 13
2024-04-16 22:14 | INFO | Query 36 Active Learning Runtime on Validation Set: 92318.81
2024-04-16 22:14 | INFO | Query 36 Active Learning Runtime on Test Set: 94581.72
2024-04-16 22:14 | INFO | Query 36 Active Learning Instance Cost: 197815.8
2024-04-16 22:14 | INFO | Timeout limit is increased to 3600
2024-04-16 22:14 | INFO | Query 37 Size of the uncertainty table is = 733/1201
2024-04-16 22:14 | INFO | Query 37 Size of the filtered table is = 13
2024-04-16 22:14 | INFO | Query 37 Active Learning Runtime on Validation Set: 92318.81
2024-04-16 22:14 | INFO | Query 37 Active Learning Runtime on Test Set: 94581.72
2024-04-16 22:14 | INFO | Query 37 Active Learning Instance Cost: 197820.17
2024-04-16 22:14 | INFO | Timeout limit is increased to 3600
2024-04-16 22:14 | INFO | Query 38 Size of the uncertainty table is = 720/1201
2024-04-16 22:14 | INFO | Query 38 Size of the filtered table is = 13
2024-04-16 22:14 | INFO | Query 38 Active Learning Runtime on Validation Set: 92318.81
2024-04-16 22:14 | INFO | Query 38 Active Learning Runtime on Test Set: 94582.21
2024-04-16 22:14 | INFO | Query 38 Active Learning Instance Cost: 197825.78
2024-04-16 22:14 | INFO | Timeout limit is increased to 3600
2024-04-16 22:14 | INFO | Query 39 Size of the uncertainty table is = 707/1201
2024-04-16 22:14 | INFO | Query 39 Size of the filtered table is = 13
2024-04-16 22:15 | INFO | Query 39 Active Learning Runtime on Validation Set: 92318.81
2024-04-16 22:15 | INFO | Query 39 Active Learning Runtime on Test Set: 94582.17
2024-04-16 22:15 | INFO | Query 39 Active Learning Instance Cost: 197831.32
2024-04-16 22:15 | INFO | Timeout limit is increased to 3600
2024-04-16 22:15 | INFO | Query 40 Size of the uncertainty table is = 694/1201
2024-04-16 22:15 | INFO | Query 40 Size of the filtered table is = 13
2024-04-16 22:15 | INFO | Query 40 Active Learning Runtime on Validation Set: 92318.81
2024-04-16 22:15 | INFO | Query 40 Active Learning Runtime on Test Set: 94582.17
2024-04-16 22:15 | INFO | Query 40 Active Learning Instance Cost: 197848.09
2024-04-16 22:15 | INFO | Timeout limit is increased to 3600
2024-04-16 22:15 | INFO | Query 41 Size of the uncertainty table is = 681/1201
2024-04-16 22:15 | INFO | Query 41 Size of the filtered table is = 13
2024-04-16 22:15 | INFO | Query 41 Active Learning Runtime on Validation Set: 92318.81
2024-04-16 22:15 | INFO | Query 41 Active Learning Runtime on Test Set: 94983.39
2024-04-16 22:15 | INFO | Query 41 Active Learning Instance Cost: 197881.69
2024-04-16 22:15 | INFO | Timeout limit is increased to 3600
2024-04-16 22:15 | INFO | Query 42 Size of the uncertainty table is = 668/1201
2024-04-16 22:15 | INFO | Query 42 Size of the filtered table is = 13
2024-04-16 22:15 | INFO | Query 42 Active Learning Runtime on Validation Set: 92318.81
2024-04-16 22:15 | INFO | Query 42 Active Learning Runtime on Test Set: 94569.54
2024-04-16 22:15 | INFO | Query 42 Active Learning Instance Cost: 202359.99
2024-04-16 22:15 | INFO | Timeout limit is increased to 3600
2024-04-16 22:15 | INFO | Query 43 Size of the uncertainty table is = 655/1201
2024-04-16 22:15 | INFO | Query 43 Size of the filtered table is = 13
2024-04-16 22:15 | INFO | Query 43 Active Learning Runtime on Validation Set: 92318.81
2024-04-16 22:15 | INFO | Query 43 Active Learning Runtime on Test Set: 94569.54
2024-04-16 22:15 | INFO | Query 43 Active Learning Instance Cost: 202361.88
2024-04-16 22:15 | INFO | Timeout limit is increased to 3600
2024-04-16 22:15 | INFO | Query 44 Size of the uncertainty table is = 642/1201
2024-04-16 22:15 | INFO | Query 44 Size of the filtered table is = 13
2024-04-16 22:15 | INFO | Query 44 Active Learning Runtime on Validation Set: 92318.81
2024-04-16 22:15 | INFO | Query 44 Active Learning Runtime on Test Set: 94569.55
2024-04-16 22:15 | INFO | Query 44 Active Learning Instance Cost: 202365.09
2024-04-16 22:15 | INFO | Timeout limit is increased to 3600
2024-04-16 22:15 | INFO | Query 45 Size of the uncertainty table is = 629/1201
2024-04-16 22:15 | INFO | Query 45 Size of the filtered table is = 13
2024-04-16 22:15 | INFO | Query 45 Active Learning Runtime on Validation Set: 92318.81
2024-04-16 22:15 | INFO | Query 45 Active Learning Runtime on Test Set: 94569.66
2024-04-16 22:15 | INFO | Query 45 Active Learning Instance Cost: 202369.94
2024-04-16 22:15 | INFO | Timeout limit is increased to 3600
2024-04-16 22:15 | INFO | Query 46 Size of the uncertainty table is = 616/1201
2024-04-16 22:15 | INFO | Query 46 Size of the filtered table is = 13
2024-04-16 22:15 | INFO | Query 46 Active Learning Runtime on Validation Set: 92318.81
2024-04-16 22:15 | INFO | Query 46 Active Learning Runtime on Test Set: 94569.17
2024-04-16 22:15 | INFO | Query 46 Active Learning Instance Cost: 206923.44
2024-04-16 22:15 | INFO | Timeout limit is increased to 3600
2024-04-16 22:15 | INFO | Query 47 Size of the uncertainty table is = 603/1201
2024-04-16 22:15 | INFO | Query 47 Size of the filtered table is = 13
2024-04-16 22:15 | INFO | Query 47 Active Learning Runtime on Validation Set: 92318.81
2024-04-16 22:15 | INFO | Query 47 Active Learning Runtime on Test Set: 94569.21
2024-04-16 22:15 | INFO | Query 47 Active Learning Instance Cost: 207004.89
2024-04-16 22:15 | INFO | Timeout limit is increased to 3600
2024-04-16 22:15 | INFO | Query 48 Size of the uncertainty table is = 590/1201
2024-04-16 22:15 | INFO | Query 48 Size of the filtered table is = 13
2024-04-16 22:15 | INFO | Query 48 Active Learning Runtime on Validation Set: 92318.81
2024-04-16 22:15 | INFO | Query 48 Active Learning Runtime on Test Set: 94569.54
2024-04-16 22:15 | INFO | Query 48 Active Learning Instance Cost: 210923.13
2024-04-16 22:15 | INFO | Timeout limit is increased to 3600
2024-04-16 22:15 | INFO | Query 49 Size of the uncertainty table is = 577/1201
2024-04-16 22:15 | INFO | Query 49 Size of the filtered table is = 13
2024-04-16 22:15 | INFO | Query 49 Active Learning Runtime on Validation Set: 92318.81
2024-04-16 22:15 | INFO | Query 49 Active Learning Runtime on Test Set: 94569.65
2024-04-16 22:15 | INFO | Query 49 Active Learning Instance Cost: 210998.94
2024-04-16 22:15 | INFO | Timeout limit is increased to 3600
2024-04-16 22:15 | INFO | Query 50 Size of the uncertainty table is = 564/1201
2024-04-16 22:15 | INFO | Query 50 Size of the filtered table is = 13
2024-04-16 22:16 | INFO | Query 50 Active Learning Runtime on Validation Set: 92318.81
2024-04-16 22:16 | INFO | Query 50 Active Learning Runtime on Test Set: 94569.17
2024-04-16 22:16 | INFO | Query 50 Active Learning Instance Cost: 227796.54
2024-04-16 22:16 | INFO | Timeout limit is increased to 3600
2024-04-16 22:16 | INFO | Query 51 Size of the uncertainty table is = 551/1201
2024-04-16 22:16 | INFO | Query 51 Size of the filtered table is = 13
2024-04-16 22:16 | INFO | Query 51 Active Learning Runtime on Validation Set: 92318.81
2024-04-16 22:16 | INFO | Query 51 Active Learning Runtime on Test Set: 94569.54
2024-04-16 22:16 | INFO | Query 51 Active Learning Instance Cost: 235056.65
2024-04-16 22:16 | INFO | Timeout limit is increased to 3600
2024-04-16 22:16 | INFO | Query 52 Size of the uncertainty table is = 538/1201
2024-04-16 22:16 | INFO | Query 52 Size of the filtered table is = 13
2024-04-16 22:16 | INFO | Query 52 Active Learning Runtime on Validation Set: 92318.81
2024-04-16 22:16 | INFO | Query 52 Active Learning Runtime on Test Set: 94569.59
2024-04-16 22:16 | INFO | Query 52 Active Learning Instance Cost: 238789.42
2024-04-16 22:16 | INFO | Timeout limit is increased to 3600
2024-04-16 22:16 | INFO | Query 53 Size of the uncertainty table is = 525/1201
2024-04-16 22:16 | INFO | Query 53 Size of the filtered table is = 13
2024-04-16 22:16 | INFO | Query 53 Active Learning Runtime on Validation Set: 92318.81
2024-04-16 22:16 | INFO | Query 53 Active Learning Runtime on Test Set: 94569.59
2024-04-16 22:16 | INFO | Query 53 Active Learning Instance Cost: 250017.35
2024-04-16 22:16 | INFO | Timeout limit is increased to 3600
2024-04-16 22:16 | INFO | Query 54 Size of the uncertainty table is = 512/1201
2024-04-16 22:16 | INFO | Query 54 Size of the filtered table is = 13
2024-04-16 22:16 | INFO | Query 54 Active Learning Runtime on Validation Set: 92318.81
2024-04-16 22:16 | INFO | Query 54 Active Learning Runtime on Test Set: 94569.17
2024-04-16 22:16 | INFO | Query 54 Active Learning Instance Cost: 253856.39
2024-04-16 22:16 | INFO | Timeout limit is increased to 3600
2024-04-16 22:16 | INFO | Query 55 Size of the uncertainty table is = 499/1201
2024-04-16 22:16 | INFO | Query 55 Size of the filtered table is = 13
2024-04-16 22:16 | INFO | Query 55 Active Learning Runtime on Validation Set: 92318.81
2024-04-16 22:16 | INFO | Query 55 Active Learning Runtime on Test Set: 94569.17
2024-04-16 22:16 | INFO | Query 55 Active Learning Instance Cost: 261245.77
2024-04-16 22:16 | INFO | Timeout limit is increased to 3600
2024-04-16 22:16 | INFO | Query 56 Size of the uncertainty table is = 486/1201
2024-04-16 22:16 | INFO | Query 56 Size of the filtered table is = 13
2024-04-16 22:16 | INFO | Query 56 Active Learning Runtime on Validation Set: 92318.81
2024-04-16 22:16 | INFO | Query 56 Active Learning Runtime on Test Set: 94569.17
2024-04-16 22:16 | INFO | Query 56 Active Learning Instance Cost: 261250.39
2024-04-16 22:16 | INFO | Timeout limit is increased to 3600
2024-04-16 22:16 | INFO | Query 57 Size of the uncertainty table is = 473/1201
2024-04-16 22:16 | INFO | Query 57 Size of the filtered table is = 13
2024-04-16 22:16 | INFO | Query 57 Active Learning Runtime on Validation Set: 92318.81
2024-04-16 22:16 | INFO | Query 57 Active Learning Runtime on Test Set: 94569.54
2024-04-16 22:16 | INFO | Query 57 Active Learning Instance Cost: 272190.95
2024-04-16 22:16 | INFO | Timeout limit is increased to 3600
2024-04-16 22:16 | INFO | Query 58 Size of the uncertainty table is = 460/1201
2024-04-16 22:16 | INFO | Query 58 Size of the filtered table is = 13
2024-04-16 22:16 | INFO | Query 58 Active Learning Runtime on Validation Set: 92318.81
2024-04-16 22:16 | INFO | Query 58 Active Learning Runtime on Test Set: 94569.21
2024-04-16 22:16 | INFO | Query 58 Active Learning Instance Cost: 272319.68
2024-04-16 22:16 | INFO | Timeout limit is increased to 3600
2024-04-16 22:16 | INFO | Query 59 Size of the uncertainty table is = 447/1201
2024-04-16 22:16 | INFO | Query 59 Size of the filtered table is = 13
2024-04-16 22:16 | INFO | Query 59 Active Learning Runtime on Validation Set: 92318.81
2024-04-16 22:16 | INFO | Query 59 Active Learning Runtime on Test Set: 94569.59
2024-04-16 22:16 | INFO | Query 59 Active Learning Instance Cost: 285515.02
2024-04-16 22:16 | INFO | Timeout limit is increased to 3600
2024-04-16 22:16 | INFO | Query 60 Size of the uncertainty table is = 434/1201
2024-04-16 22:16 | INFO | Query 60 Size of the filtered table is = 13
2024-04-16 22:16 | INFO | Query 60 Active Learning Runtime on Validation Set: 92318.81
2024-04-16 22:16 | INFO | Query 60 Active Learning Runtime on Test Set: 94569.18
2024-04-16 22:16 | INFO | Query 60 Active Learning Instance Cost: 289842.25
2024-04-16 22:16 | INFO | Timeout limit is increased to 3600
2024-04-16 22:16 | INFO | Query 61 Size of the uncertainty table is = 421/1201
2024-04-16 22:16 | INFO | Query 61 Size of the filtered table is = 13
2024-04-16 22:17 | INFO | Query 61 Active Learning Runtime on Validation Set: 92318.81
2024-04-16 22:17 | INFO | Query 61 Active Learning Runtime on Test Set: 94569.17
2024-04-16 22:17 | INFO | Query 61 Active Learning Instance Cost: 290489.35
2024-04-16 22:17 | INFO | Timeout limit is increased to 3600
2024-04-16 22:17 | INFO | Query 62 Size of the uncertainty table is = 408/1201
2024-04-16 22:17 | INFO | Query 62 Size of the filtered table is = 13
2024-04-16 22:17 | INFO | Query 62 Active Learning Runtime on Validation Set: 92318.81
2024-04-16 22:17 | INFO | Query 62 Active Learning Runtime on Test Set: 94569.51
2024-04-16 22:17 | INFO | Query 62 Active Learning Instance Cost: 309126.16
2024-04-16 22:17 | INFO | Timeout limit is increased to 3600
2024-04-16 22:17 | INFO | Query 63 Size of the uncertainty table is = 395/1201
2024-04-16 22:17 | INFO | Query 63 Size of the filtered table is = 13
2024-04-16 22:17 | INFO | Query 63 Active Learning Runtime on Validation Set: 92318.81
2024-04-16 22:17 | INFO | Query 63 Active Learning Runtime on Test Set: 94569.15
2024-04-16 22:17 | INFO | Query 63 Active Learning Instance Cost: 329192.95
2024-04-16 22:17 | INFO | Timeout limit is increased to 3600
2024-04-16 22:17 | INFO | Query 64 Size of the uncertainty table is = 382/1201
2024-04-16 22:17 | INFO | Query 64 Size of the filtered table is = 13
2024-04-16 22:17 | INFO | Query 64 Active Learning Runtime on Validation Set: 92318.81
2024-04-16 22:17 | INFO | Query 64 Active Learning Runtime on Test Set: 94569.18
2024-04-16 22:17 | INFO | Query 64 Active Learning Instance Cost: 333464.53
2024-04-16 22:17 | INFO | Timeout limit is increased to 3600
2024-04-16 22:17 | INFO | Query 65 Size of the uncertainty table is = 369/1201
2024-04-16 22:17 | INFO | Query 65 Size of the filtered table is = 13
2024-04-16 22:17 | INFO | Query 65 Active Learning Runtime on Validation Set: 92318.81
2024-04-16 22:17 | INFO | Query 65 Active Learning Runtime on Test Set: 94569.56
2024-04-16 22:17 | INFO | Query 65 Active Learning Instance Cost: 333472.29
2024-04-16 22:17 | INFO | Timeout limit is increased to 3600
2024-04-16 22:17 | INFO | Query 66 Size of the uncertainty table is = 356/1201
2024-04-16 22:17 | INFO | Query 66 Size of the filtered table is = 13
2024-04-16 22:17 | INFO | Query 66 Active Learning Runtime on Validation Set: 92318.81
2024-04-16 22:17 | INFO | Query 66 Active Learning Runtime on Test Set: 94569.6
2024-04-16 22:17 | INFO | Query 66 Active Learning Instance Cost: 342535.45
2024-04-16 22:17 | INFO | Timeout limit is increased to 3600
2024-04-16 22:17 | INFO | Query 67 Size of the uncertainty table is = 343/1201
2024-04-16 22:17 | INFO | Query 67 Size of the filtered table is = 13
2024-04-16 22:17 | INFO | Query 67 Active Learning Runtime on Validation Set: 92318.81
2024-04-16 22:17 | INFO | Query 67 Active Learning Runtime on Test Set: 94569.56
2024-04-16 22:17 | INFO | Query 67 Active Learning Instance Cost: 346261.49
2024-04-16 22:17 | INFO | Timeout limit is increased to 3600
2024-04-16 22:17 | INFO | Query 68 Size of the uncertainty table is = 330/1201
2024-04-16 22:17 | INFO | Query 68 Size of the filtered table is = 13
2024-04-16 22:17 | INFO | Query 68 Active Learning Runtime on Validation Set: 92318.81
2024-04-16 22:17 | INFO | Query 68 Active Learning Runtime on Test Set: 94569.59
2024-04-16 22:17 | INFO | Query 68 Active Learning Instance Cost: 364454.55
2024-04-16 22:17 | INFO | Timeout limit is increased to 3600
2024-04-16 22:17 | INFO | Query 69 Size of the uncertainty table is = 317/1201
2024-04-16 22:17 | INFO | Query 69 Size of the filtered table is = 13
2024-04-16 22:17 | INFO | Query 69 Active Learning Runtime on Validation Set: 92318.81
2024-04-16 22:17 | INFO | Query 69 Active Learning Runtime on Test Set: 94569.6
2024-04-16 22:17 | INFO | Query 69 Active Learning Instance Cost: 364459.45
2024-04-16 22:17 | INFO | Timeout limit is increased to 3600
2024-04-16 22:17 | INFO | Query 70 Size of the uncertainty table is = 304/1201
2024-04-16 22:17 | INFO | Query 70 Size of the filtered table is = 13
2024-04-16 22:17 | INFO | Query 70 Active Learning Runtime on Validation Set: 92318.81
2024-04-16 22:17 | INFO | Query 70 Active Learning Runtime on Test Set: 94569.61
2024-04-16 22:17 | INFO | Query 70 Active Learning Instance Cost: 364465.78
2024-04-16 22:17 | INFO | Timeout limit is increased to 3600
2024-04-16 22:17 | INFO | Query 71 Size of the uncertainty table is = 291/1201
2024-04-16 22:17 | INFO | Query 71 Size of the filtered table is = 13
2024-04-16 22:17 | INFO | Query 71 Active Learning Runtime on Validation Set: 92318.81
2024-04-16 22:17 | INFO | Query 71 Active Learning Runtime on Test Set: 94569.54
2024-04-16 22:17 | INFO | Query 71 Active Learning Instance Cost: 388080.72
2024-04-16 22:17 | INFO | Timeout limit is increased to 3600
2024-04-16 22:17 | INFO | Query 72 Size of the uncertainty table is = 278/1201
2024-04-16 22:17 | INFO | Query 72 Size of the filtered table is = 13
2024-04-16 22:18 | INFO | Query 72 Active Learning Runtime on Validation Set: 92318.81
2024-04-16 22:18 | INFO | Query 72 Active Learning Runtime on Test Set: 94569.54
2024-04-16 22:18 | INFO | Query 72 Active Learning Instance Cost: 393856.37
2024-04-16 22:18 | INFO | Timeout limit is increased to 3600
2024-04-16 22:18 | INFO | Query 73 Size of the uncertainty table is = 265/1201
2024-04-16 22:18 | INFO | Query 73 Size of the filtered table is = 13
2024-04-16 22:18 | INFO | Query 73 Active Learning Runtime on Validation Set: 92318.81
2024-04-16 22:18 | INFO | Query 73 Active Learning Runtime on Test Set: 94569.17
2024-04-16 22:18 | INFO | Query 73 Active Learning Instance Cost: 393981.17
2024-04-16 22:18 | INFO | Timeout limit is increased to 3600
2024-04-16 22:18 | INFO | Query 74 Size of the uncertainty table is = 252/1201
2024-04-16 22:18 | INFO | Query 74 Size of the filtered table is = 13
2024-04-16 22:18 | INFO | Query 74 Active Learning Runtime on Validation Set: 92318.81
2024-04-16 22:18 | INFO | Query 74 Active Learning Runtime on Test Set: 94569.56
2024-04-16 22:18 | INFO | Query 74 Active Learning Instance Cost: 405944.02
2024-04-16 22:18 | INFO | Timeout limit is increased to 3600
2024-04-16 22:18 | INFO | Query 75 Size of the uncertainty table is = 239/1201
2024-04-16 22:18 | INFO | Query 75 Size of the filtered table is = 13
2024-04-16 22:18 | INFO | Query 75 Active Learning Runtime on Validation Set: 92318.81
2024-04-16 22:18 | INFO | Query 75 Active Learning Runtime on Test Set: 94569.56
2024-04-16 22:18 | INFO | Query 75 Active Learning Instance Cost: 411337.06
2024-04-16 22:18 | INFO | Timeout limit is increased to 3600
2024-04-16 22:18 | INFO | Query 76 Size of the uncertainty table is = 226/1201
2024-04-16 22:18 | INFO | Query 76 Size of the filtered table is = 13
2024-04-16 22:18 | INFO | Query 76 Active Learning Runtime on Validation Set: 92318.81
2024-04-16 22:18 | INFO | Query 76 Active Learning Runtime on Test Set: 94569.18
2024-04-16 22:18 | INFO | Query 76 Active Learning Instance Cost: 421364.49
2024-04-16 22:18 | INFO | Timeout limit is increased to 3600
2024-04-16 22:18 | INFO | Query 77 Size of the uncertainty table is = 213/1201
2024-04-16 22:18 | INFO | Query 77 Size of the filtered table is = 13
2024-04-16 22:18 | INFO | Query 77 Active Learning Runtime on Validation Set: 92318.81
2024-04-16 22:18 | INFO | Query 77 Active Learning Runtime on Test Set: 94569.54
2024-04-16 22:18 | INFO | Query 77 Active Learning Instance Cost: 421553.26
2024-04-16 22:18 | INFO | Timeout limit is increased to 3600
2024-04-16 22:18 | INFO | Query 78 Size of the uncertainty table is = 200/1201
2024-04-16 22:18 | INFO | Query 78 Size of the filtered table is = 13
2024-04-16 22:18 | INFO | Query 78 Active Learning Runtime on Validation Set: 92318.81
2024-04-16 22:18 | INFO | Query 78 Active Learning Runtime on Test Set: 94569.68
2024-04-16 22:18 | INFO | Query 78 Active Learning Instance Cost: 432888.0
2024-04-16 22:18 | INFO | Timeout limit is increased to 3600
2024-04-16 22:18 | INFO | Query 79 Size of the uncertainty table is = 187/1201
2024-04-16 22:18 | INFO | Query 79 Size of the filtered table is = 13
2024-04-16 22:18 | INFO | Query 79 Active Learning Runtime on Validation Set: 92318.81
2024-04-16 22:18 | INFO | Query 79 Active Learning Runtime on Test Set: 94569.72
2024-04-16 22:18 | INFO | Query 79 Active Learning Instance Cost: 436545.98
2024-04-16 22:18 | INFO | Timeout limit is increased to 3600
2024-04-16 22:18 | INFO | Query 80 Size of the uncertainty table is = 174/1201
2024-04-16 22:18 | INFO | Query 80 Size of the filtered table is = 13
2024-04-16 22:18 | INFO | Query 80 Active Learning Runtime on Validation Set: 92318.81
2024-04-16 22:18 | INFO | Query 80 Active Learning Runtime on Test Set: 94569.34
2024-04-16 22:18 | INFO | Query 80 Active Learning Instance Cost: 454727.19
2024-04-16 22:18 | INFO | Timeout limit is increased to 3600
2024-04-16 22:18 | INFO | Query 81 Size of the uncertainty table is = 161/1201
2024-04-16 22:18 | INFO | Query 81 Size of the filtered table is = 13
2024-04-16 22:18 | INFO | Query 81 Active Learning Runtime on Validation Set: 92318.81
2024-04-16 22:18 | INFO | Query 81 Active Learning Runtime on Test Set: 94569.34
2024-04-16 22:18 | INFO | Query 81 Active Learning Instance Cost: 465760.86
2024-04-16 22:18 | INFO | Timeout limit is increased to 3600
2024-04-16 22:18 | INFO | Query 82 Size of the uncertainty table is = 148/1201
2024-04-16 22:18 | INFO | Query 82 Size of the filtered table is = 13
2024-04-16 22:19 | INFO | Query 82 Active Learning Runtime on Validation Set: 92318.81
2024-04-16 22:19 | INFO | Query 82 Active Learning Runtime on Test Set: 94569.81
2024-04-16 22:19 | INFO | Query 82 Active Learning Instance Cost: 476809.95
2024-04-16 22:19 | INFO | Timeout limit is increased to 3600
2024-04-16 22:19 | INFO | Query 83 Size of the uncertainty table is = 135/1201
2024-04-16 22:19 | INFO | Query 83 Size of the filtered table is = 13
2024-04-16 22:19 | INFO | Query 83 Active Learning Runtime on Validation Set: 92318.81
2024-04-16 22:19 | INFO | Query 83 Active Learning Runtime on Test Set: 94569.56
2024-04-16 22:19 | INFO | Query 83 Active Learning Instance Cost: 488058.61
2024-04-16 22:19 | INFO | Timeout limit is increased to 3600
2024-04-16 22:19 | INFO | Query 84 Size of the uncertainty table is = 122/1201
2024-04-16 22:19 | INFO | Query 84 Size of the filtered table is = 13
2024-04-16 22:19 | INFO | Query 84 Active Learning Runtime on Validation Set: 92318.81
2024-04-16 22:19 | INFO | Query 84 Active Learning Runtime on Test Set: 94569.72
2024-04-16 22:19 | INFO | Query 84 Active Learning Instance Cost: 508835.11
2024-04-16 22:19 | INFO | Timeout limit is increased to 3600
2024-04-16 22:19 | INFO | Query 85 Size of the uncertainty table is = 109/1201
2024-04-16 22:19 | INFO | Query 85 Size of the filtered table is = 13
2024-04-16 22:19 | INFO | Query 85 Active Learning Runtime on Validation Set: 92318.81
2024-04-16 22:19 | INFO | Query 85 Active Learning Runtime on Test Set: 58584.71
2024-04-16 22:19 | INFO | Query 85 Active Learning Instance Cost: 525623.32
2024-04-16 22:19 | INFO | Timeout limit is increased to 3600
2024-04-16 22:19 | INFO | Query 86 Size of the uncertainty table is = 96/1201
2024-04-16 22:19 | INFO | Query 86 Size of the filtered table is = 13
2024-04-16 22:19 | INFO | Query 86 Active Learning Runtime on Validation Set: 92318.81
2024-04-16 22:19 | INFO | Query 86 Active Learning Runtime on Test Set: 58584.71
2024-04-16 22:19 | INFO | Query 86 Active Learning Instance Cost: 534015.7
2024-04-16 22:19 | INFO | Timeout limit is increased to 3600
2024-04-16 22:19 | INFO | Query 87 Size of the uncertainty table is = 83/1201
2024-04-16 22:19 | INFO | Query 87 Size of the filtered table is = 13
2024-04-16 22:19 | INFO | Query 87 Active Learning Runtime on Validation Set: 92318.81
2024-04-16 22:19 | INFO | Query 87 Active Learning Runtime on Test Set: 25149.57
2024-04-16 22:19 | INFO | Query 87 Active Learning Instance Cost: 552996.18
2024-04-16 22:19 | INFO | Timeout limit is increased to 3600
2024-04-16 22:19 | INFO | Query 88 Size of the uncertainty table is = 70/1201
2024-04-16 22:19 | INFO | Query 88 Size of the filtered table is = 13
2024-04-16 22:19 | INFO | Query 88 Active Learning Runtime on Validation Set: 92318.81
2024-04-16 22:19 | INFO | Query 88 Active Learning Runtime on Test Set: 58584.71
2024-04-16 22:19 | INFO | Query 88 Active Learning Instance Cost: 572222.77
2024-04-16 22:19 | INFO | Timeout limit is increased to 3600
2024-04-16 22:19 | INFO | Query 89 Size of the uncertainty table is = 57/1201
2024-04-16 22:19 | INFO | Query 89 Size of the filtered table is = 13
2024-04-16 22:19 | INFO | Query 89 Active Learning Runtime on Validation Set: 92318.81
2024-04-16 22:19 | INFO | Query 89 Active Learning Runtime on Test Set: 58584.74
2024-04-16 22:19 | INFO | Query 89 Active Learning Instance Cost: 573556.05
2024-04-16 22:19 | INFO | Timeout limit is increased to 3600
2024-04-16 22:19 | INFO | Query 90 Size of the uncertainty table is = 44/1201
2024-04-16 22:19 | INFO | Query 90 Size of the filtered table is = 13
2024-04-16 22:19 | INFO | Query 90 Active Learning Runtime on Validation Set: 92318.81
2024-04-16 22:19 | INFO | Query 90 Active Learning Runtime on Test Set: 58584.87
2024-04-16 22:19 | INFO | Query 90 Active Learning Instance Cost: 602527.3
2024-04-16 22:19 | INFO | Timeout limit is increased to 3600
2024-04-16 22:19 | INFO | Query 91 Size of the uncertainty table is = 31/1201
2024-04-16 22:19 | INFO | Query 91 Size of the filtered table is = 13
2024-04-16 22:19 | INFO | Query 91 Active Learning Runtime on Validation Set: 92318.81
2024-04-16 22:19 | INFO | Query 91 Active Learning Runtime on Test Set: 58584.82
2024-04-16 22:19 | INFO | Query 91 Active Learning Instance Cost: 620125.74
2024-04-16 22:19 | INFO | Timeout limit is increased to 3600
2024-04-16 22:19 | INFO | Query 92 Size of the uncertainty table is = 18/1201
2024-04-16 22:19 | INFO | Query 92 Size of the filtered table is = 13
2024-04-16 22:19 | INFO | Query 92 Active Learning Runtime on Validation Set: 92318.81
2024-04-16 22:19 | INFO | Query 92 Active Learning Runtime on Test Set: 25149.73
2024-04-16 22:19 | INFO | Query 92 Active Learning Instance Cost: 622807.9
2024-04-16 22:19 | INFO | Timeout limit is increased to 3600
2024-04-16 22:19 | INFO | Query 93 Size of the uncertainty table is = 5/1201
2024-04-16 22:19 | INFO | Query 93 Size of the filtered table is = 5
2024-04-16 22:20 | INFO | Query 93 Active Learning Runtime on Validation Set: 92318.81
2024-04-16 22:20 | INFO | Query 93 Active Learning Runtime on Test Set: 58584.87
2024-04-16 22:20 | INFO | Query 93 Active Learning Instance Cost: 623150.78
2024-04-16 22:20 | INFO | Timeout limit is increased to 3600
2024-04-16 22:20 | INFO | runtime_test_score is written as json file
2024-04-16 22:20 | INFO | runtime_validation_score is written as json file
2024-04-16 22:20 | INFO | instance_cost is written as json file
2024-04-16 22:20 | INFO | Experiment is finished
