2024-04-17 10:37 | INFO | Paramaters are: {'dataset': 'MAXSAT19-UCMS', 'penalty': 10, 'weight': 'No_Weight', 'voting': 'Hard', 'pre_selection_size': 64, 'pre_selection_technique': 'No_pre_selection', 'feature_elimination_threshold': 20, 'imputer_strategy': 'median', 'feature_selection_technique': 'No_feature_selection', 'feature_scaling_technique': 'StandardScaler', 'initial_train_size': 20, 'query_size': 1, 'timeout_predictor_usage': 'No', 'timeout_limit': 100, 'timeout_increase_rate': 100, 'RANDOM_STATE_SEED': 12345, 'n_splits': 10, 'split_number': 8, 'max_timeout': 3600, 'param_grid': {'n_estimators': 100, 'criterion': 'gini', 'max_features': 'sqrt', 'max_depth': 2147483648, 'min_samples_split': 2, 'bootstrap': True}}
2024-04-17 10:37 | INFO | MAXSAT19-UCMS is current dataset
2024-04-17 10:37 | INFO | DATASETS/MAXSAT19-UCMS/algorithm_runs.arff is found
2024-04-17 10:37 | INFO | DATASETS/MAXSAT19-UCMS/algorithm_runs.arff is finished
2024-04-17 10:37 | INFO | DATASETS/MAXSAT19-UCMS/feature_values.arff is found
2024-04-17 10:37 | INFO | DATASETS/MAXSAT19-UCMS/feature_values.arff is finished
2024-04-17 10:37 | INFO | DATASETS/MAXSAT19-UCMS/feature_costs.arff is found
2024-04-17 10:37 | INFO | DATASETS/MAXSAT19-UCMS/feature_costs.arff is finished
2024-04-17 10:37 | INFO | Virtual best solver time in train = 56078.4
2024-04-17 10:37 | INFO | Single best solver list train = {'MaxHS': 1126029.6, 'Open.WBO.g': 1731640.01, 'Open.WBO.ms': 1585886.06, 'Open.WBO.ms.pre': 2153643.69, 'QMaxSAT2018': 4106132.28, 'UWrMaxSAT': 1387755.52, 'maxino2018': 1825108.68}
2024-04-17 10:37 | INFO | Single best solver time train = MaxHS (1126029.6)
2024-04-17 10:37 | INFO | Virtual best solver time in validation = 8987.47
2024-04-17 10:37 | INFO | Single best solver list validation = {'MaxHS': 331427.46, 'Open.WBO.g': 227069.79, 'Open.WBO.ms': 154698.91, 'Open.WBO.ms.pre': 185173.63, 'QMaxSAT2018': 513036.05, 'UWrMaxSAT': 149862.48, 'maxino2018': 223574.33}
2024-04-17 10:37 | INFO | Single best solver time validation = UWrMaxSAT (149862.48)
2024-04-17 10:37 | INFO | Virtual best solver time in test = 6491.01
2024-04-17 10:37 | INFO | Single best solver list test = {'MaxHS': 113368.8, 'Open.WBO.g': 40365.96, 'Open.WBO.ms': 42836.47, 'Open.WBO.ms.pre': 148916.05, 'QMaxSAT2018': 472440.58, 'UWrMaxSAT': 74263.31, 'maxino2018': 78251.83}
2024-04-17 10:37 | INFO | Single best solver time test = Open.WBO.g (40365.96)
2024-04-17 10:37 | INFO | Passive Learning Runtime on Validation Set: 225216.95
2024-04-17 10:37 | INFO | Passive Learning Runtime on Test Set: 71610.05
2024-04-17 10:37 | INFO | Passive Learning Instance Cost: 1604195.85
2024-04-17 10:38 | INFO | Initial Active Learning Runtime on Validation Set: 287742.64
2024-04-17 10:38 | INFO | Initial Active Learning Runtime on Test Set: 147907.45
2024-04-17 10:38 | INFO | Initial Active Learning Instance Cost: 7153.3
2024-04-17 10:38 | INFO | Bin size = 51
2024-04-17 10:38 | INFO | Query 1 Size of the uncertainty table is = 5133/5040
2024-04-17 10:38 | INFO | Query 1 Size of the filtered table is = 51
2024-04-17 10:38 | INFO | Query 1 Active Learning Runtime on Validation Set: 287728.28
2024-04-17 10:38 | INFO | Query 1 Active Learning Runtime on Test Set: 218677.1
2024-04-17 10:38 | INFO | Query 1 Active Learning Instance Cost: 13207.18
2024-04-17 10:38 | INFO | Query 2 Size of the uncertainty table is = 5089/5040
2024-04-17 10:38 | INFO | Query 2 Size of the filtered table is = 51
2024-04-17 10:39 | INFO | Query 2 Active Learning Runtime on Validation Set: 254001.2
2024-04-17 10:39 | INFO | Query 2 Active Learning Runtime on Test Set: 217117.94
2024-04-17 10:39 | INFO | Query 2 Active Learning Instance Cost: 18227.75
2024-04-17 10:39 | INFO | Query 3 Size of the uncertainty table is = 5047/5040
2024-04-17 10:39 | INFO | Query 3 Size of the filtered table is = 51
2024-04-17 10:39 | INFO | Query 3 Active Learning Runtime on Validation Set: 254034.76
2024-04-17 10:39 | INFO | Query 3 Active Learning Runtime on Test Set: 182506.62
2024-04-17 10:39 | INFO | Query 3 Active Learning Instance Cost: 22549.25
2024-04-17 10:39 | INFO | Timeout limit is increased to 200
2024-04-17 10:39 | INFO | Query 4 Size of the uncertainty table is = 4979/5040
2024-04-17 10:39 | INFO | Query 4 Size of the filtered table is = 51
2024-04-17 10:39 | INFO | Query 4 Active Learning Runtime on Validation Set: 362823.64
2024-04-17 10:39 | INFO | Query 4 Active Learning Runtime on Test Set: 183539.56
2024-04-17 10:39 | INFO | Query 4 Active Learning Instance Cost: 30689.29
2024-04-17 10:39 | INFO | Timeout limit is increased to 300
2024-04-17 10:39 | INFO | Query 5 Size of the uncertainty table is = 4899/5040
2024-04-17 10:39 | INFO | Query 5 Size of the filtered table is = 51
2024-04-17 10:40 | INFO | Query 5 Active Learning Runtime on Validation Set: 326876.83
2024-04-17 10:40 | INFO | Query 5 Active Learning Runtime on Test Set: 145619.46
2024-04-17 10:40 | INFO | Query 5 Active Learning Instance Cost: 45795.62
2024-04-17 10:40 | INFO | Query 6 Size of the uncertainty table is = 4809/5040
2024-04-17 10:40 | INFO | Query 6 Size of the filtered table is = 51
2024-04-17 10:40 | INFO | Query 6 Active Learning Runtime on Validation Set: 362789.08
2024-04-17 10:40 | INFO | Query 6 Active Learning Runtime on Test Set: 144442.28
2024-04-17 10:40 | INFO | Query 6 Active Learning Instance Cost: 53800.96
2024-04-17 10:40 | INFO | Timeout limit is increased to 400
2024-04-17 10:40 | INFO | Query 7 Size of the uncertainty table is = 4675/5040
2024-04-17 10:40 | INFO | Query 7 Size of the filtered table is = 51
2024-04-17 10:40 | INFO | Query 7 Active Learning Runtime on Validation Set: 326809.19
2024-04-17 10:40 | INFO | Query 7 Active Learning Runtime on Test Set: 146300.2
2024-04-17 10:40 | INFO | Query 7 Active Learning Instance Cost: 69162.18
2024-04-17 10:40 | INFO | Query 8 Size of the uncertainty table is = 4538/5040
2024-04-17 10:40 | INFO | Query 8 Size of the filtered table is = 51
2024-04-17 10:41 | INFO | Query 8 Active Learning Runtime on Validation Set: 324005.64
2024-04-17 10:41 | INFO | Query 8 Active Learning Runtime on Test Set: 143302.24
2024-04-17 10:41 | INFO | Query 8 Active Learning Instance Cost: 77385.41
2024-04-17 10:41 | INFO | Query 9 Size of the uncertainty table is = 4383/5040
2024-04-17 10:41 | INFO | Query 9 Size of the filtered table is = 51
2024-04-17 10:41 | INFO | Query 9 Active Learning Runtime on Validation Set: 324020.95
2024-04-17 10:41 | INFO | Query 9 Active Learning Runtime on Test Set: 107335.34999999999
2024-04-17 10:41 | INFO | Query 9 Active Learning Instance Cost: 87001.56
2024-04-17 10:41 | INFO | Timeout limit is increased to 500
2024-04-17 10:41 | INFO | Query 10 Size of the uncertainty table is = 4233/5040
2024-04-17 10:41 | INFO | Query 10 Size of the filtered table is = 51
2024-04-17 10:42 | INFO | Query 10 Active Learning Runtime on Validation Set: 360570.75
2024-04-17 10:42 | INFO | Query 10 Active Learning Runtime on Test Set: 143320.13
2024-04-17 10:42 | INFO | Query 10 Active Learning Instance Cost: 103107.59
2024-04-17 10:42 | INFO | Timeout limit is increased to 600
2024-04-17 10:42 | INFO | Query 11 Size of the uncertainty table is = 4084/5040
2024-04-17 10:42 | INFO | Query 11 Size of the filtered table is = 51
2024-04-17 10:42 | INFO | Query 11 Active Learning Runtime on Validation Set: 328073.12
2024-04-17 10:42 | INFO | Query 11 Active Learning Runtime on Test Set: 143769.36
2024-04-17 10:42 | INFO | Query 11 Active Learning Instance Cost: 121248.91
2024-04-17 10:42 | INFO | Query 12 Size of the uncertainty table is = 3938/5040
2024-04-17 10:42 | INFO | Query 12 Size of the filtered table is = 51
2024-04-17 10:42 | INFO | Query 12 Active Learning Runtime on Validation Set: 360558.27
2024-04-17 10:42 | INFO | Query 12 Active Learning Runtime on Test Set: 144388.37
2024-04-17 10:42 | INFO | Query 12 Active Learning Instance Cost: 135846.97
2024-04-17 10:42 | INFO | Timeout limit is increased to 700
2024-04-17 10:42 | INFO | Query 13 Size of the uncertainty table is = 3818/5040
2024-04-17 10:42 | INFO | Query 13 Size of the filtered table is = 51
2024-04-17 10:43 | INFO | Query 13 Active Learning Runtime on Validation Set: 291780.11
2024-04-17 10:43 | INFO | Query 13 Active Learning Runtime on Test Set: 108096.81
2024-04-17 10:43 | INFO | Query 13 Active Learning Instance Cost: 152069.68
2024-04-17 10:43 | INFO | Query 14 Size of the uncertainty table is = 3692/5040
2024-04-17 10:43 | INFO | Query 14 Size of the filtered table is = 51
2024-04-17 10:43 | INFO | Query 14 Active Learning Runtime on Validation Set: 255680.28
2024-04-17 10:43 | INFO | Query 14 Active Learning Runtime on Test Set: 108102.98999999999
2024-04-17 10:43 | INFO | Query 14 Active Learning Instance Cost: 169896.68
2024-04-17 10:43 | INFO | Query 15 Size of the uncertainty table is = 3591/5040
2024-04-17 10:43 | INFO | Query 15 Size of the filtered table is = 51
2024-04-17 10:44 | INFO | Query 15 Active Learning Runtime on Validation Set: 291710.77
2024-04-17 10:44 | INFO | Query 15 Active Learning Runtime on Test Set: 108216.17
2024-04-17 10:44 | INFO | Query 15 Active Learning Instance Cost: 189882.41
2024-04-17 10:44 | INFO | Timeout limit is increased to 800
2024-04-17 10:44 | INFO | Query 16 Size of the uncertainty table is = 3513/5040
2024-04-17 10:44 | INFO | Query 16 Size of the filtered table is = 51
2024-04-17 10:44 | INFO | Query 16 Active Learning Runtime on Validation Set: 291702.08999999997
2024-04-17 10:44 | INFO | Query 16 Active Learning Runtime on Test Set: 108510.13
2024-04-17 10:44 | INFO | Query 16 Active Learning Instance Cost: 206860.82
2024-04-17 10:44 | INFO | Query 17 Size of the uncertainty table is = 3404/5040
2024-04-17 10:44 | INFO | Query 17 Size of the filtered table is = 51
2024-04-17 10:44 | INFO | Query 17 Active Learning Runtime on Validation Set: 255154.4
2024-04-17 10:44 | INFO | Query 17 Active Learning Runtime on Test Set: 72514.56
2024-04-17 10:44 | INFO | Query 17 Active Learning Instance Cost: 222610.95
2024-04-17 10:44 | INFO | Query 18 Size of the uncertainty table is = 3278/5040
2024-04-17 10:44 | INFO | Query 18 Size of the filtered table is = 51
2024-04-17 10:45 | INFO | Query 18 Active Learning Runtime on Validation Set: 291145.7
2024-04-17 10:45 | INFO | Query 18 Active Learning Runtime on Test Set: 71777.76999999999
2024-04-17 10:45 | INFO | Query 18 Active Learning Instance Cost: 229817.71
2024-04-17 10:45 | INFO | Timeout limit is increased to 900
2024-04-17 10:45 | INFO | Query 19 Size of the uncertainty table is = 3130/5040
2024-04-17 10:45 | INFO | Query 19 Size of the filtered table is = 51
2024-04-17 10:45 | INFO | Query 19 Active Learning Runtime on Validation Set: 291693.86
2024-04-17 10:45 | INFO | Query 19 Active Learning Runtime on Test Set: 107781.3
2024-04-17 10:45 | INFO | Query 19 Active Learning Instance Cost: 245244.07
2024-04-17 10:45 | INFO | Timeout limit is increased to 1000
2024-04-17 10:45 | INFO | Query 20 Size of the uncertainty table is = 3004/5040
2024-04-17 10:45 | INFO | Query 20 Size of the filtered table is = 51
2024-04-17 10:45 | INFO | Query 20 Active Learning Runtime on Validation Set: 256124.09
2024-04-17 10:45 | INFO | Query 20 Active Learning Runtime on Test Set: 71779.5
2024-04-17 10:45 | INFO | Query 20 Active Learning Instance Cost: 266032.09
2024-04-17 10:46 | INFO | Query 21 Size of the uncertainty table is = 2894/5040
2024-04-17 10:46 | INFO | Query 21 Size of the filtered table is = 51
2024-04-17 10:46 | INFO | Query 21 Active Learning Runtime on Validation Set: 256080.48
2024-04-17 10:46 | INFO | Query 21 Active Learning Runtime on Test Set: 71461.26999999999
2024-04-17 10:46 | INFO | Query 21 Active Learning Instance Cost: 279788.87
2024-04-17 10:46 | INFO | Query 22 Size of the uncertainty table is = 2812/5040
2024-04-17 10:46 | INFO | Query 22 Size of the filtered table is = 51
2024-04-17 10:46 | INFO | Query 22 Active Learning Runtime on Validation Set: 255575.63999999998
2024-04-17 10:46 | INFO | Query 22 Active Learning Runtime on Test Set: 106714.39
2024-04-17 10:46 | INFO | Query 22 Active Learning Instance Cost: 300168.26
2024-04-17 10:46 | INFO | Query 23 Size of the uncertainty table is = 2727/5040
2024-04-17 10:46 | INFO | Query 23 Size of the filtered table is = 51
2024-04-17 10:47 | INFO | Query 23 Active Learning Runtime on Validation Set: 220140.47
2024-04-17 10:47 | INFO | Query 23 Active Learning Runtime on Test Set: 106725.92
2024-04-17 10:47 | INFO | Query 23 Active Learning Instance Cost: 304714.19
2024-04-17 10:47 | INFO | Query 24 Size of the uncertainty table is = 2688/5040
2024-04-17 10:47 | INFO | Query 24 Size of the filtered table is = 51
2024-04-17 10:47 | INFO | Query 24 Active Learning Runtime on Validation Set: 220097.08
2024-04-17 10:47 | INFO | Query 24 Active Learning Runtime on Test Set: 106726.94
2024-04-17 10:47 | INFO | Query 24 Active Learning Instance Cost: 310259.23
2024-04-17 10:47 | INFO | Query 25 Size of the uncertainty table is = 2646/5040
2024-04-17 10:47 | INFO | Query 25 Size of the filtered table is = 51
2024-04-17 10:47 | INFO | Query 25 Active Learning Runtime on Validation Set: 222008.69
2024-04-17 10:47 | INFO | Query 25 Active Learning Runtime on Test Set: 106725.92
2024-04-17 10:47 | INFO | Query 25 Active Learning Instance Cost: 312901.9
2024-04-17 10:47 | INFO | Timeout limit is increased to 1100
2024-04-17 10:47 | INFO | Query 26 Size of the uncertainty table is = 2598/5040
2024-04-17 10:47 | INFO | Query 26 Size of the filtered table is = 51
2024-04-17 10:48 | INFO | Query 26 Active Learning Runtime on Validation Set: 222009.59
2024-04-17 10:48 | INFO | Query 26 Active Learning Runtime on Test Set: 70722.39
2024-04-17 10:48 | INFO | Query 26 Active Learning Instance Cost: 322590.25
2024-04-17 10:48 | INFO | Timeout limit is increased to 1200
2024-04-17 10:48 | INFO | Query 27 Size of the uncertainty table is = 2554/5040
2024-04-17 10:48 | INFO | Query 27 Size of the filtered table is = 51
2024-04-17 10:48 | INFO | Query 27 Active Learning Runtime on Validation Set: 257991.91999999998
2024-04-17 10:48 | INFO | Query 27 Active Learning Runtime on Test Set: 70722.39
2024-04-17 10:48 | INFO | Query 27 Active Learning Instance Cost: 337897.78
2024-04-17 10:48 | INFO | Timeout limit is increased to 1300
2024-04-17 10:48 | INFO | Query 28 Size of the uncertainty table is = 2504/5040
2024-04-17 10:48 | INFO | Query 28 Size of the filtered table is = 51
2024-04-17 10:49 | INFO | Query 28 Active Learning Runtime on Validation Set: 222000.48
2024-04-17 10:49 | INFO | Query 28 Active Learning Runtime on Test Set: 70422.48
2024-04-17 10:49 | INFO | Query 28 Active Learning Instance Cost: 354870.16
2024-04-17 10:49 | INFO | Query 29 Size of the uncertainty table is = 2448/5040
2024-04-17 10:49 | INFO | Query 29 Size of the filtered table is = 51
2024-04-17 10:49 | INFO | Query 29 Active Learning Runtime on Validation Set: 222008.69
2024-04-17 10:49 | INFO | Query 29 Active Learning Runtime on Test Set: 70717.23
2024-04-17 10:49 | INFO | Query 29 Active Learning Instance Cost: 363719.59
2024-04-17 10:49 | INFO | Timeout limit is increased to 1400
2024-04-17 10:49 | INFO | Query 30 Size of the uncertainty table is = 2389/5040
2024-04-17 10:49 | INFO | Query 30 Size of the filtered table is = 51
2024-04-17 10:49 | INFO | Query 30 Active Learning Runtime on Validation Set: 222000.94
2024-04-17 10:49 | INFO | Query 30 Active Learning Runtime on Test Set: 70716.29000000001
2024-04-17 10:49 | INFO | Query 30 Active Learning Instance Cost: 381617.49
2024-04-17 10:49 | INFO | Query 31 Size of the uncertainty table is = 2357/5040
2024-04-17 10:49 | INFO | Query 31 Size of the filtered table is = 51
2024-04-17 10:50 | INFO | Query 31 Active Learning Runtime on Validation Set: 186607.57
2024-04-17 10:50 | INFO | Query 31 Active Learning Runtime on Test Set: 70728.76
2024-04-17 10:50 | INFO | Query 31 Active Learning Instance Cost: 387443.09
2024-04-17 10:50 | INFO | Query 32 Size of the uncertainty table is = 2335/5040
2024-04-17 10:50 | INFO | Query 32 Size of the filtered table is = 51
2024-04-17 10:50 | INFO | Query 32 Active Learning Runtime on Validation Set: 222101.36
2024-04-17 10:50 | INFO | Query 32 Active Learning Runtime on Test Set: 70716.29000000001
2024-04-17 10:50 | INFO | Query 32 Active Learning Instance Cost: 404514.91
2024-04-17 10:50 | INFO | Timeout limit is increased to 1500
2024-04-17 10:50 | INFO | Query 33 Size of the uncertainty table is = 2271/5040
2024-04-17 10:50 | INFO | Query 33 Size of the filtered table is = 51
2024-04-17 10:51 | INFO | Query 33 Active Learning Runtime on Validation Set: 222101.32
2024-04-17 10:51 | INFO | Query 33 Active Learning Runtime on Test Set: 70715.26999999999
2024-04-17 10:51 | INFO | Query 33 Active Learning Instance Cost: 416372.73
2024-04-17 10:51 | INFO | Query 34 Size of the uncertainty table is = 2254/5040
2024-04-17 10:51 | INFO | Query 34 Size of the filtered table is = 51
2024-04-17 10:51 | INFO | Query 34 Active Learning Runtime on Validation Set: 222628.91
2024-04-17 10:51 | INFO | Query 34 Active Learning Runtime on Test Set: 106719.81999999999
2024-04-17 10:51 | INFO | Query 34 Active Learning Instance Cost: 418877.74
2024-04-17 10:51 | INFO | Timeout limit is increased to 1600
2024-04-17 10:51 | INFO | Query 35 Size of the uncertainty table is = 2231/5040
2024-04-17 10:51 | INFO | Query 35 Size of the filtered table is = 51
2024-04-17 10:51 | INFO | Query 35 Active Learning Runtime on Validation Set: 222629.38
2024-04-17 10:51 | INFO | Query 35 Active Learning Runtime on Test Set: 106719.81999999999
2024-04-17 10:51 | INFO | Query 35 Active Learning Instance Cost: 430941.32
2024-04-17 10:51 | INFO | Timeout limit is increased to 1700
2024-04-17 10:51 | INFO | Query 36 Size of the uncertainty table is = 2217/5040
2024-04-17 10:51 | INFO | Query 36 Size of the filtered table is = 51
2024-04-17 10:52 | INFO | Query 36 Active Learning Runtime on Validation Set: 222629.38
2024-04-17 10:52 | INFO | Query 36 Active Learning Runtime on Test Set: 106719.81999999999
2024-04-17 10:52 | INFO | Query 36 Active Learning Instance Cost: 441012.44
2024-04-17 10:52 | INFO | Timeout limit is increased to 1800
2024-04-17 10:52 | INFO | Query 37 Size of the uncertainty table is = 2209/5040
2024-04-17 10:52 | INFO | Query 37 Size of the filtered table is = 51
2024-04-17 10:52 | INFO | Query 37 Active Learning Runtime on Validation Set: 222079.66999999998
2024-04-17 10:52 | INFO | Query 37 Active Learning Runtime on Test Set: 70716.29000000001
2024-04-17 10:52 | INFO | Query 37 Active Learning Instance Cost: 449177.57
2024-04-17 10:52 | INFO | Query 38 Size of the uncertainty table is = 2205/5040
2024-04-17 10:52 | INFO | Query 38 Size of the filtered table is = 51
2024-04-17 10:52 | INFO | Query 38 Active Learning Runtime on Validation Set: 222079.66999999998
2024-04-17 10:52 | INFO | Query 38 Active Learning Runtime on Test Set: 70716.29000000001
2024-04-17 10:52 | INFO | Query 38 Active Learning Instance Cost: 449477.57
2024-04-17 10:52 | INFO | Timeout limit is increased to 1900
2024-04-17 10:52 | INFO | Query 39 Size of the uncertainty table is = 2205/5040
2024-04-17 10:52 | INFO | Query 39 Size of the filtered table is = 51
2024-04-17 10:53 | INFO | Query 39 Active Learning Runtime on Validation Set: 222079.66999999998
2024-04-17 10:53 | INFO | Query 39 Active Learning Runtime on Test Set: 70716.29000000001
2024-04-17 10:53 | INFO | Query 39 Active Learning Instance Cost: 457477.57
2024-04-17 10:53 | INFO | Timeout limit is increased to 2000
2024-04-17 10:53 | INFO | Query 40 Size of the uncertainty table is = 2205/5040
2024-04-17 10:53 | INFO | Query 40 Size of the filtered table is = 51
2024-04-17 10:53 | INFO | Query 40 Active Learning Runtime on Validation Set: 222079.66999999998
2024-04-17 10:53 | INFO | Query 40 Active Learning Runtime on Test Set: 70716.29000000001
2024-04-17 10:53 | INFO | Query 40 Active Learning Instance Cost: 465419.04
2024-04-17 10:53 | INFO | Timeout limit is increased to 2100
2024-04-17 10:53 | INFO | Query 41 Size of the uncertainty table is = 2201/5040
2024-04-17 10:53 | INFO | Query 41 Size of the filtered table is = 51
2024-04-17 10:54 | INFO | Query 41 Active Learning Runtime on Validation Set: 258071.38999999998
2024-04-17 10:54 | INFO | Query 41 Active Learning Runtime on Test Set: 106708.28
2024-04-17 10:54 | INFO | Query 41 Active Learning Instance Cost: 475357.78
2024-04-17 10:54 | INFO | Timeout limit is increased to 2200
2024-04-17 10:54 | INFO | Query 42 Size of the uncertainty table is = 2187/5040
2024-04-17 10:54 | INFO | Query 42 Size of the filtered table is = 51
2024-04-17 10:54 | INFO | Query 42 Active Learning Runtime on Validation Set: 258071.38999999998
2024-04-17 10:54 | INFO | Query 42 Active Learning Runtime on Test Set: 106708.28
2024-04-17 10:54 | INFO | Query 42 Active Learning Instance Cost: 487814.32
2024-04-17 10:54 | INFO | Timeout limit is increased to 2300
2024-04-17 10:54 | INFO | Query 43 Size of the uncertainty table is = 2184/5040
2024-04-17 10:54 | INFO | Query 43 Size of the filtered table is = 51
2024-04-17 10:54 | INFO | Query 43 Active Learning Runtime on Validation Set: 258071.38999999998
2024-04-17 10:54 | INFO | Query 43 Active Learning Runtime on Test Set: 106708.28
2024-04-17 10:54 | INFO | Query 43 Active Learning Instance Cost: 501858.55
2024-04-17 10:54 | INFO | Timeout limit is increased to 2400
2024-04-17 10:54 | INFO | Query 44 Size of the uncertainty table is = 2181/5040
2024-04-17 10:54 | INFO | Query 44 Size of the filtered table is = 51
2024-04-17 10:55 | INFO | Query 44 Active Learning Runtime on Validation Set: 258071.38999999998
2024-04-17 10:55 | INFO | Query 44 Active Learning Runtime on Test Set: 106708.28
2024-04-17 10:55 | INFO | Query 44 Active Learning Instance Cost: 511445.43
2024-04-17 10:55 | INFO | Timeout limit is increased to 2500
2024-04-17 10:55 | INFO | Query 45 Size of the uncertainty table is = 2176/5040
2024-04-17 10:55 | INFO | Query 45 Size of the filtered table is = 51
2024-04-17 10:55 | INFO | Query 45 Active Learning Runtime on Validation Set: 258071.38999999998
2024-04-17 10:55 | INFO | Query 45 Active Learning Runtime on Test Set: 106708.28
2024-04-17 10:55 | INFO | Query 45 Active Learning Instance Cost: 519545.43
2024-04-17 10:55 | INFO | Timeout limit is increased to 2600
2024-04-17 10:55 | INFO | Query 46 Size of the uncertainty table is = 2176/5040
2024-04-17 10:55 | INFO | Query 46 Size of the filtered table is = 51
2024-04-17 10:55 | INFO | Query 46 Active Learning Runtime on Validation Set: 258071.38999999998
2024-04-17 10:55 | INFO | Query 46 Active Learning Runtime on Test Set: 106708.28
2024-04-17 10:55 | INFO | Query 46 Active Learning Instance Cost: 527245.43
2024-04-17 10:55 | INFO | Timeout limit is increased to 2700
2024-04-17 10:55 | INFO | Query 47 Size of the uncertainty table is = 2176/5040
2024-04-17 10:55 | INFO | Query 47 Size of the filtered table is = 51
2024-04-17 10:56 | INFO | Query 47 Active Learning Runtime on Validation Set: 258071.38999999998
2024-04-17 10:56 | INFO | Query 47 Active Learning Runtime on Test Set: 106708.28
2024-04-17 10:56 | INFO | Query 47 Active Learning Instance Cost: 534945.43
2024-04-17 10:56 | INFO | Timeout limit is increased to 2800
2024-04-17 10:56 | INFO | Query 48 Size of the uncertainty table is = 2176/5040
2024-04-17 10:56 | INFO | Query 48 Size of the filtered table is = 51
2024-04-17 10:56 | INFO | Query 48 Active Learning Runtime on Validation Set: 258071.38999999998
2024-04-17 10:56 | INFO | Query 48 Active Learning Runtime on Test Set: 106708.28
2024-04-17 10:56 | INFO | Query 48 Active Learning Instance Cost: 542645.43
2024-04-17 10:56 | INFO | Timeout limit is increased to 2900
2024-04-17 10:56 | INFO | Query 49 Size of the uncertainty table is = 2176/5040
2024-04-17 10:56 | INFO | Query 49 Size of the filtered table is = 51
2024-04-17 10:57 | INFO | Query 49 Active Learning Runtime on Validation Set: 258071.38999999998
2024-04-17 10:57 | INFO | Query 49 Active Learning Runtime on Test Set: 106708.28
2024-04-17 10:57 | INFO | Query 49 Active Learning Instance Cost: 550345.43
2024-04-17 10:57 | INFO | Timeout limit is increased to 3000
2024-04-17 10:57 | INFO | Query 50 Size of the uncertainty table is = 2176/5040
2024-04-17 10:57 | INFO | Query 50 Size of the filtered table is = 51
2024-04-17 10:57 | INFO | Query 50 Active Learning Runtime on Validation Set: 258071.38999999998
2024-04-17 10:57 | INFO | Query 50 Active Learning Runtime on Test Set: 106708.28
2024-04-17 10:57 | INFO | Query 50 Active Learning Instance Cost: 558045.43
2024-04-17 10:57 | INFO | Timeout limit is increased to 3100
2024-04-17 10:57 | INFO | Query 51 Size of the uncertainty table is = 2176/5040
2024-04-17 10:57 | INFO | Query 51 Size of the filtered table is = 51
2024-04-17 10:57 | INFO | Query 51 Active Learning Runtime on Validation Set: 222079.78
2024-04-17 10:57 | INFO | Query 51 Active Learning Runtime on Test Set: 106708.28
2024-04-17 10:57 | INFO | Query 51 Active Learning Instance Cost: 565704.13
2024-04-17 10:57 | INFO | Query 52 Size of the uncertainty table is = 2171/5040
2024-04-17 10:57 | INFO | Query 52 Size of the filtered table is = 51
2024-04-17 10:58 | INFO | Query 52 Active Learning Runtime on Validation Set: 222079.2
2024-04-17 10:58 | INFO | Query 52 Active Learning Runtime on Test Set: 106708.28
2024-04-17 10:58 | INFO | Query 52 Active Learning Instance Cost: 573420.5
2024-04-17 10:58 | INFO | Query 53 Size of the uncertainty table is = 2167/5040
2024-04-17 10:58 | INFO | Query 53 Size of the filtered table is = 51
2024-04-17 10:58 | INFO | Query 53 Active Learning Runtime on Validation Set: 222079.2
2024-04-17 10:58 | INFO | Query 53 Active Learning Runtime on Test Set: 106708.28
2024-04-17 10:58 | INFO | Query 53 Active Learning Instance Cost: 584020.5
2024-04-17 10:58 | INFO | Timeout limit is increased to 3200
2024-04-17 10:58 | INFO | Query 54 Size of the uncertainty table is = 2167/5040
2024-04-17 10:58 | INFO | Query 54 Size of the filtered table is = 51
2024-04-17 10:58 | INFO | Query 54 Active Learning Runtime on Validation Set: 258001.88999999998
2024-04-17 10:58 | INFO | Query 54 Active Learning Runtime on Test Set: 106708.28
2024-04-17 10:58 | INFO | Query 54 Active Learning Instance Cost: 591349.67
2024-04-17 10:58 | INFO | Timeout limit is increased to 3300
2024-04-17 10:58 | INFO | Query 55 Size of the uncertainty table is = 2163/5040
2024-04-17 10:58 | INFO | Query 55 Size of the filtered table is = 51
2024-04-17 10:59 | INFO | Query 55 Active Learning Runtime on Validation Set: 258000.78
2024-04-17 10:59 | INFO | Query 55 Active Learning Runtime on Test Set: 106708.28
2024-04-17 10:59 | INFO | Query 55 Active Learning Instance Cost: 613805.6
2024-04-17 10:59 | INFO | Query 56 Size of the uncertainty table is = 2153/5040
2024-04-17 10:59 | INFO | Query 56 Size of the filtered table is = 51
2024-04-17 10:59 | INFO | Query 56 Active Learning Runtime on Validation Set: 257993.25
2024-04-17 10:59 | INFO | Query 56 Active Learning Runtime on Test Set: 106708.28
2024-04-17 10:59 | INFO | Query 56 Active Learning Instance Cost: 621479.08
2024-04-17 10:59 | INFO | Query 57 Size of the uncertainty table is = 2138/5040
2024-04-17 10:59 | INFO | Query 57 Size of the filtered table is = 51
2024-04-17 10:59 | INFO | Query 57 Active Learning Runtime on Validation Set: 293977.23
2024-04-17 10:59 | INFO | Query 57 Active Learning Runtime on Test Set: 106708.28
2024-04-17 10:59 | INFO | Query 57 Active Learning Instance Cost: 627997.74
2024-04-17 10:59 | INFO | Timeout limit is increased to 3400
2024-04-17 10:59 | INFO | Query 58 Size of the uncertainty table is = 2129/5040
2024-04-17 10:59 | INFO | Query 58 Size of the filtered table is = 51
2024-04-17 11:00 | INFO | Query 58 Active Learning Runtime on Validation Set: 293985.56
2024-04-17 11:00 | INFO | Query 58 Active Learning Runtime on Test Set: 106708.28
2024-04-17 11:00 | INFO | Query 58 Active Learning Instance Cost: 638298.32
2024-04-17 11:00 | INFO | Timeout limit is increased to 3500
2024-04-17 11:00 | INFO | Query 59 Size of the uncertainty table is = 2124/5040
2024-04-17 11:00 | INFO | Query 59 Size of the filtered table is = 51
2024-04-17 11:00 | INFO | Query 59 Active Learning Runtime on Validation Set: 293985.56
2024-04-17 11:00 | INFO | Query 59 Active Learning Runtime on Test Set: 106708.28
2024-04-17 11:00 | INFO | Query 59 Active Learning Instance Cost: 646298.32
2024-04-17 11:00 | INFO | Timeout limit is increased to 3600
2024-04-17 11:00 | INFO | Query 60 Size of the uncertainty table is = 2124/5040
2024-04-17 11:00 | INFO | Query 60 Size of the filtered table is = 51
2024-04-17 11:01 | INFO | Query 60 Active Learning Runtime on Validation Set: 293985.56
2024-04-17 11:01 | INFO | Query 60 Active Learning Runtime on Test Set: 106708.28
2024-04-17 11:01 | INFO | Query 60 Active Learning Instance Cost: 653898.32
2024-04-17 11:01 | INFO | Timeout limit is increased to 3600
2024-04-17 11:01 | INFO | Query 61 Size of the uncertainty table is = 1617/5040
2024-04-17 11:01 | INFO | Query 61 Size of the filtered table is = 51
2024-04-17 11:01 | INFO | Query 61 Active Learning Runtime on Validation Set: 258550.66
2024-04-17 11:01 | INFO | Query 61 Active Learning Runtime on Test Set: 72020.84
2024-04-17 11:01 | INFO | Query 61 Active Learning Instance Cost: 712228.62
2024-04-17 11:01 | INFO | Query 62 Size of the uncertainty table is = 1379/5040
2024-04-17 11:01 | INFO | Query 62 Size of the filtered table is = 51
2024-04-17 11:01 | INFO | Query 62 Active Learning Runtime on Validation Set: 258541.23
2024-04-17 11:01 | INFO | Query 62 Active Learning Runtime on Test Set: 72103.01999999999
2024-04-17 11:01 | INFO | Query 62 Active Learning Instance Cost: 775320.05
2024-04-17 11:01 | INFO | Query 63 Size of the uncertainty table is = 1170/5040
2024-04-17 11:01 | INFO | Query 63 Size of the filtered table is = 51
2024-04-17 11:02 | INFO | Query 63 Active Learning Runtime on Validation Set: 258545.56
2024-04-17 11:02 | INFO | Query 63 Active Learning Runtime on Test Set: 72016.79999999999
2024-04-17 11:02 | INFO | Query 63 Active Learning Instance Cost: 827528.87
2024-04-17 11:02 | INFO | Timeout limit is increased to 3600
2024-04-17 11:02 | INFO | Query 64 Size of the uncertainty table is = 944/5040
2024-04-17 11:02 | INFO | Query 64 Size of the filtered table is = 51
2024-04-17 11:02 | INFO | Query 64 Active Learning Runtime on Validation Set: 258294.08
2024-04-17 11:02 | INFO | Query 64 Active Learning Runtime on Test Set: 71790.62
2024-04-17 11:02 | INFO | Query 64 Active Learning Instance Cost: 865008.77
2024-04-17 11:02 | INFO | Query 65 Size of the uncertainty table is = 696/5040
2024-04-17 11:02 | INFO | Query 65 Size of the filtered table is = 51
2024-04-17 11:03 | INFO | Query 65 Active Learning Runtime on Validation Set: 294279.63
2024-04-17 11:03 | INFO | Query 65 Active Learning Runtime on Test Set: 71654.54999999999
2024-04-17 11:03 | INFO | Query 65 Active Learning Instance Cost: 947130.0
2024-04-17 11:03 | INFO | Timeout limit is increased to 3600
2024-04-17 11:03 | INFO | Query 66 Size of the uncertainty table is = 432/5040
2024-04-17 11:03 | INFO | Query 66 Size of the filtered table is = 51
2024-04-17 11:03 | INFO | Query 66 Active Learning Runtime on Validation Set: 261271.81
2024-04-17 11:03 | INFO | Query 66 Active Learning Runtime on Test Set: 71653.42
2024-04-17 11:03 | INFO | Query 66 Active Learning Instance Cost: 968337.6
2024-04-17 11:03 | INFO | Query 67 Size of the uncertainty table is = 262/5040
2024-04-17 11:03 | INFO | Query 67 Size of the filtered table is = 51
2024-04-17 11:03 | INFO | Query 67 Active Learning Runtime on Validation Set: 294602.13
2024-04-17 11:03 | INFO | Query 67 Active Learning Runtime on Test Set: 71642.54999999999
2024-04-17 11:03 | INFO | Query 67 Active Learning Instance Cost: 1011398.93
2024-04-17 11:03 | INFO | Timeout limit is increased to 3600
2024-04-17 11:03 | INFO | Query 68 Size of the uncertainty table is = 113/5040
2024-04-17 11:03 | INFO | Query 68 Size of the filtered table is = 51
2024-04-17 11:04 | INFO | Query 68 Active Learning Runtime on Validation Set: 294207.35
2024-04-17 11:04 | INFO | Query 68 Active Learning Runtime on Test Set: 71610.23
2024-04-17 11:04 | INFO | Query 68 Active Learning Instance Cost: 1045746.08
2024-04-17 11:04 | INFO | Query 69 Size of the uncertainty table is = 6/5040
2024-04-17 11:04 | INFO | Query 69 Size of the filtered table is = 6
2024-04-17 11:04 | INFO | Query 69 Active Learning Runtime on Validation Set: 294207.35
2024-04-17 11:04 | INFO | Query 69 Active Learning Runtime on Test Set: 71610.23
2024-04-17 11:04 | INFO | Query 69 Active Learning Instance Cost: 1049346.08
2024-04-17 11:04 | INFO | Timeout limit is increased to 3600
2024-04-17 11:04 | INFO | runtime_test_score is written as json file
2024-04-17 11:04 | INFO | runtime_validation_score is written as json file
2024-04-17 11:04 | INFO | instance_cost is written as json file
2024-04-17 11:04 | INFO | Experiment is finished
