2024-04-17 10:37 | INFO | Paramaters are: {'dataset': 'MAXSAT19-UCMS', 'penalty': 10, 'weight': 'No_Weight', 'voting': 'Hard', 'pre_selection_size': 64, 'pre_selection_technique': 'No_pre_selection', 'feature_elimination_threshold': 20, 'imputer_strategy': 'median', 'feature_selection_technique': 'No_feature_selection', 'feature_scaling_technique': 'StandardScaler', 'initial_train_size': 20, 'query_size': 1, 'timeout_predictor_usage': 'Yes', 'timeout_limit': 100, 'timeout_increase_rate': 100, 'RANDOM_STATE_SEED': 99, 'n_splits': 10, 'split_number': 8, 'max_timeout': 3600, 'param_grid': {'n_estimators': 100, 'criterion': 'gini', 'max_features': 'sqrt', 'max_depth': 2147483648, 'min_samples_split': 2, 'bootstrap': True}}
2024-04-17 10:37 | INFO | MAXSAT19-UCMS is current dataset
2024-04-17 10:37 | INFO | DATASETS/MAXSAT19-UCMS/algorithm_runs.arff is found
2024-04-17 10:37 | INFO | DATASETS/MAXSAT19-UCMS/algorithm_runs.arff is finished
2024-04-17 10:37 | INFO | DATASETS/MAXSAT19-UCMS/feature_values.arff is found
2024-04-17 10:37 | INFO | DATASETS/MAXSAT19-UCMS/feature_values.arff is finished
2024-04-17 10:37 | INFO | DATASETS/MAXSAT19-UCMS/feature_costs.arff is found
2024-04-17 10:37 | INFO | DATASETS/MAXSAT19-UCMS/feature_costs.arff is finished
2024-04-17 10:37 | INFO | Virtual best solver time in train = 54505.97
2024-04-17 10:37 | INFO | Single best solver list train = {'MaxHS': 1089092.04, 'Open.WBO.g': 1549950.88, 'Open.WBO.ms': 1405638.86, 'Open.WBO.ms.pre': 2081255.74, 'QMaxSAT2018': 4001805.16, 'UWrMaxSAT': 1280964.33, 'maxino2018': 1683518.4}
2024-04-17 10:37 | INFO | Single best solver time train = MaxHS (1089092.04)
2024-04-17 10:37 | INFO | Virtual best solver time in validation = 10368.06
2024-04-17 10:37 | INFO | Single best solver list validation = {'MaxHS': 331480.92, 'Open.WBO.g': 189570.93, 'Open.WBO.ms': 154032.63, 'Open.WBO.ms.pre': 149431.77, 'QMaxSAT2018': 513120.05, 'UWrMaxSAT': 113983.08, 'maxino2018': 187638.88}
2024-04-17 10:37 | INFO | Single best solver time validation = UWrMaxSAT (113983.08)
2024-04-17 10:37 | INFO | Virtual best solver time in test = 6682.86
2024-04-17 10:37 | INFO | Single best solver list test = {'MaxHS': 150252.9, 'Open.WBO.g': 259553.96, 'Open.WBO.ms': 223749.95, 'Open.WBO.ms.pre': 257045.85, 'QMaxSAT2018': 576683.7, 'UWrMaxSAT': 216933.91, 'maxino2018': 255777.57}
2024-04-17 10:37 | INFO | Single best solver time test = MaxHS (150252.9)
2024-04-17 10:37 | INFO | Passive Learning Runtime on Validation Set: 256615.22
2024-04-17 10:37 | INFO | Passive Learning Runtime on Test Set: 215054.03
2024-04-17 10:37 | INFO | Passive Learning Instance Cost: 1525425.41
2024-04-17 10:38 | INFO | Initial Active Learning Runtime on Validation Set: 217052.92
2024-04-17 10:38 | INFO | Initial Active Learning Runtime on Test Set: 179411.89
2024-04-17 10:38 | INFO | Initial Active Learning Instance Cost: 8063.91
2024-04-17 10:38 | INFO | Bin size = 51
2024-04-17 10:38 | INFO | Query 1 Size of the uncertainty table is = 5155/5040
2024-04-17 10:38 | INFO | Query 1 Size of the filtered table is = 51
2024-04-17 10:38 | INFO | Query 1 Active Learning Runtime on Validation Set: 183347.15000000002
2024-04-17 10:38 | INFO | Query 1 Active Learning Runtime on Test Set: 179405.37
2024-04-17 10:38 | INFO | Query 1 Active Learning Instance Cost: 13527.78
2024-04-17 10:38 | INFO | Query 2 Size of the uncertainty table is = 5098/5040
2024-04-17 10:38 | INFO | Query 2 Size of the filtered table is = 51
2024-04-17 10:38 | INFO | Query 2 Active Learning Runtime on Validation Set: 218874.66000000003
2024-04-17 10:38 | INFO | Query 2 Active Learning Runtime on Test Set: 179401.58000000002
2024-04-17 10:38 | INFO | Query 2 Active Learning Instance Cost: 19136.09
2024-04-17 10:38 | INFO | Timeout limit is increased to 200
2024-04-17 10:38 | INFO | Query 3 Size of the uncertainty table is = 5037/5040
2024-04-17 10:38 | INFO | Query 3 Size of the filtered table is = 51
2024-04-17 10:39 | INFO | Query 3 Active Learning Runtime on Validation Set: 183132.59999999998
2024-04-17 10:39 | INFO | Query 3 Active Learning Runtime on Test Set: 179348.49
2024-04-17 10:39 | INFO | Query 3 Active Learning Instance Cost: 27488.77
2024-04-17 10:39 | INFO | Query 4 Size of the uncertainty table is = 4959/5040
2024-04-17 10:39 | INFO | Query 4 Size of the filtered table is = 51
2024-04-17 10:39 | INFO | Query 4 Active Learning Runtime on Validation Set: 180552.47999999998
2024-04-17 10:39 | INFO | Query 4 Active Learning Runtime on Test Set: 179382.12
2024-04-17 10:39 | INFO | Query 4 Active Learning Instance Cost: 36013.59
2024-04-17 10:39 | INFO | Query 5 Size of the uncertainty table is = 4860/5040
2024-04-17 10:39 | INFO | Query 5 Size of the filtered table is = 51
2024-04-17 10:40 | INFO | Query 5 Active Learning Runtime on Validation Set: 182906.3
2024-04-17 10:40 | INFO | Query 5 Active Learning Runtime on Test Set: 179401.99
2024-04-17 10:40 | INFO | Query 5 Active Learning Instance Cost: 42330.14
2024-04-17 10:40 | INFO | Timeout limit is increased to 300
2024-04-17 10:40 | INFO | Query 6 Size of the uncertainty table is = 4755/5040
2024-04-17 10:40 | INFO | Query 6 Size of the filtered table is = 51
2024-04-17 10:40 | INFO | Query 6 Active Learning Runtime on Validation Set: 182902.05
2024-04-17 10:40 | INFO | Query 6 Active Learning Runtime on Test Set: 179368.28999999998
2024-04-17 10:40 | INFO | Query 6 Active Learning Instance Cost: 49080.87
2024-04-17 10:40 | INFO | Query 7 Size of the uncertainty table is = 4622/5040
2024-04-17 10:40 | INFO | Query 7 Size of the filtered table is = 51
2024-04-17 10:40 | INFO | Query 7 Active Learning Runtime on Validation Set: 218853.53999999998
2024-04-17 10:40 | INFO | Query 7 Active Learning Runtime on Test Set: 143375.76
2024-04-17 10:40 | INFO | Query 7 Active Learning Instance Cost: 57474.44
2024-04-17 10:40 | INFO | Timeout limit is increased to 400
2024-04-17 10:40 | INFO | Query 8 Size of the uncertainty table is = 4497/5040
2024-04-17 10:40 | INFO | Query 8 Size of the filtered table is = 51
2024-04-17 10:41 | INFO | Query 8 Active Learning Runtime on Validation Set: 186314.40000000002
2024-04-17 10:41 | INFO | Query 8 Active Learning Runtime on Test Set: 143430.75
2024-04-17 10:41 | INFO | Query 8 Active Learning Instance Cost: 70646.37
2024-04-17 10:41 | INFO | Query 9 Size of the uncertainty table is = 4364/5040
2024-04-17 10:41 | INFO | Query 9 Size of the filtered table is = 51
2024-04-17 10:41 | INFO | Query 9 Active Learning Runtime on Validation Set: 150135.07
2024-04-17 10:41 | INFO | Query 9 Active Learning Runtime on Test Set: 144282.77000000002
2024-04-17 10:41 | INFO | Query 9 Active Learning Instance Cost: 82518.86
2024-04-17 10:41 | INFO | Query 10 Size of the uncertainty table is = 4233/5040
2024-04-17 10:41 | INFO | Query 10 Size of the filtered table is = 51
2024-04-17 10:42 | INFO | Query 10 Active Learning Runtime on Validation Set: 117794.1
2024-04-17 10:42 | INFO | Query 10 Active Learning Runtime on Test Set: 180345.46000000002
2024-04-17 10:42 | INFO | Query 10 Active Learning Instance Cost: 91879.84
2024-04-17 10:42 | INFO | Query 11 Size of the uncertainty table is = 4080/5040
2024-04-17 10:42 | INFO | Query 11 Size of the filtered table is = 51
2024-04-17 10:42 | INFO | Query 11 Active Learning Runtime on Validation Set: 117788.24
2024-04-17 10:42 | INFO | Query 11 Active Learning Runtime on Test Set: 180311.88
2024-04-17 10:42 | INFO | Query 11 Active Learning Instance Cost: 102558.09
2024-04-17 10:42 | INFO | Query 12 Size of the uncertainty table is = 3908/5040
2024-04-17 10:42 | INFO | Query 12 Size of the filtered table is = 51
2024-04-17 10:42 | INFO | Query 12 Active Learning Runtime on Validation Set: 117765.55
2024-04-17 10:42 | INFO | Query 12 Active Learning Runtime on Test Set: 180144.93
2024-04-17 10:42 | INFO | Query 12 Active Learning Instance Cost: 111800.88
2024-04-17 10:42 | INFO | Query 13 Size of the uncertainty table is = 3746/5040
2024-04-17 10:42 | INFO | Query 13 Size of the filtered table is = 51
2024-04-17 10:43 | INFO | Query 13 Active Learning Runtime on Validation Set: 150782.32
2024-04-17 10:43 | INFO | Query 13 Active Learning Runtime on Test Set: 144225.21000000002
2024-04-17 10:43 | INFO | Query 13 Active Learning Instance Cost: 121514.94
2024-04-17 10:43 | INFO | Timeout limit is increased to 500
2024-04-17 10:43 | INFO | Query 14 Size of the uncertainty table is = 3565/5040
2024-04-17 10:43 | INFO | Query 14 Size of the filtered table is = 51
2024-04-17 10:43 | INFO | Query 14 Active Learning Runtime on Validation Set: 117744.32
2024-04-17 10:43 | INFO | Query 14 Active Learning Runtime on Test Set: 107497.37000000001
2024-04-17 10:43 | INFO | Query 14 Active Learning Instance Cost: 134087.8
2024-04-17 10:43 | INFO | Query 15 Size of the uncertainty table is = 3399/5040
2024-04-17 10:43 | INFO | Query 15 Size of the filtered table is = 51
2024-04-17 10:43 | INFO | Query 15 Active Learning Runtime on Validation Set: 223485.59000000003
2024-04-17 10:43 | INFO | Query 15 Active Learning Runtime on Test Set: 107144.69
2024-04-17 10:43 | INFO | Query 15 Active Learning Instance Cost: 145462.83
2024-04-17 10:43 | INFO | Timeout limit is increased to 600
2024-04-17 10:44 | INFO | Query 16 Size of the uncertainty table is = 3308/5040
2024-04-17 10:44 | INFO | Query 16 Size of the filtered table is = 51
2024-04-17 10:44 | INFO | Query 16 Active Learning Runtime on Validation Set: 186760.18
2024-04-17 10:44 | INFO | Query 16 Active Learning Runtime on Test Set: 107145.13
2024-04-17 10:44 | INFO | Query 16 Active Learning Instance Cost: 161888.58
2024-04-17 10:44 | INFO | Query 17 Size of the uncertainty table is = 3175/5040
2024-04-17 10:44 | INFO | Query 17 Size of the filtered table is = 51
2024-04-17 10:44 | INFO | Query 17 Active Learning Runtime on Validation Set: 222186.63
2024-04-17 10:44 | INFO | Query 17 Active Learning Runtime on Test Set: 107145.13
2024-04-17 10:44 | INFO | Query 17 Active Learning Instance Cost: 174338.8
2024-04-17 10:44 | INFO | Timeout limit is increased to 700
2024-04-17 10:44 | INFO | Query 18 Size of the uncertainty table is = 3087/5040
2024-04-17 10:44 | INFO | Query 18 Size of the filtered table is = 51
2024-04-17 10:45 | INFO | Query 18 Active Learning Runtime on Validation Set: 222280.53999999998
2024-04-17 10:45 | INFO | Query 18 Active Learning Runtime on Test Set: 143064.96000000002
2024-04-17 10:45 | INFO | Query 18 Active Learning Instance Cost: 192589.65
2024-04-17 10:45 | INFO | Timeout limit is increased to 800
2024-04-17 10:45 | INFO | Query 19 Size of the uncertainty table is = 2928/5040
2024-04-17 10:45 | INFO | Query 19 Size of the filtered table is = 51
2024-04-17 10:45 | INFO | Query 19 Active Learning Runtime on Validation Set: 258977.26
2024-04-17 10:45 | INFO | Query 19 Active Learning Runtime on Test Set: 143129.16999999998
2024-04-17 10:45 | INFO | Query 19 Active Learning Instance Cost: 207682.22
2024-04-17 10:45 | INFO | Timeout limit is increased to 900
2024-04-17 10:45 | INFO | Query 20 Size of the uncertainty table is = 2856/5040
2024-04-17 10:45 | INFO | Query 20 Size of the filtered table is = 51
2024-04-17 10:45 | INFO | Query 20 Active Learning Runtime on Validation Set: 258977.31
2024-04-17 10:45 | INFO | Query 20 Active Learning Runtime on Test Set: 143129.16999999998
2024-04-17 10:45 | INFO | Query 20 Active Learning Instance Cost: 230531.85
2024-04-17 10:45 | INFO | Timeout limit is increased to 1000
2024-04-17 10:46 | INFO | Query 21 Size of the uncertainty table is = 2742/5040
2024-04-17 10:46 | INFO | Query 21 Size of the filtered table is = 51
2024-04-17 10:46 | INFO | Query 21 Active Learning Runtime on Validation Set: 186287.11
2024-04-17 10:46 | INFO | Query 21 Active Learning Runtime on Test Set: 143126.98
2024-04-17 10:46 | INFO | Query 21 Active Learning Instance Cost: 253008.67
2024-04-17 10:46 | INFO | Query 22 Size of the uncertainty table is = 2704/5040
2024-04-17 10:46 | INFO | Query 22 Size of the filtered table is = 51
2024-04-17 10:46 | INFO | Query 22 Active Learning Runtime on Validation Set: 258907.89
2024-04-17 10:46 | INFO | Query 22 Active Learning Runtime on Test Set: 143132.51
2024-04-17 10:46 | INFO | Query 22 Active Learning Instance Cost: 274506.41
2024-04-17 10:46 | INFO | Timeout limit is increased to 1100
2024-04-17 10:46 | INFO | Query 23 Size of the uncertainty table is = 2624/5040
2024-04-17 10:46 | INFO | Query 23 Size of the filtered table is = 51
2024-04-17 10:47 | INFO | Query 23 Active Learning Runtime on Validation Set: 223243.57
2024-04-17 10:47 | INFO | Query 23 Active Learning Runtime on Test Set: 143126.98
2024-04-17 10:47 | INFO | Query 23 Active Learning Instance Cost: 329665.99
2024-04-17 10:47 | INFO | Query 24 Size of the uncertainty table is = 2462/5040
2024-04-17 10:47 | INFO | Query 24 Size of the filtered table is = 51
2024-04-17 10:47 | INFO | Query 24 Active Learning Runtime on Validation Set: 292012.53
2024-04-17 10:47 | INFO | Query 24 Active Learning Runtime on Test Set: 143130.37
2024-04-17 10:47 | INFO | Query 24 Active Learning Instance Cost: 340780.06
2024-04-17 10:47 | INFO | Timeout limit is increased to 1200
2024-04-17 10:47 | INFO | Query 25 Size of the uncertainty table is = 2428/5040
2024-04-17 10:47 | INFO | Query 25 Size of the filtered table is = 51
2024-04-17 10:47 | INFO | Query 25 Active Learning Runtime on Validation Set: 255525.78999999998
2024-04-17 10:47 | INFO | Query 25 Active Learning Runtime on Test Set: 143126.98
2024-04-17 10:47 | INFO | Query 25 Active Learning Instance Cost: 363274.92
2024-04-17 10:48 | INFO | Query 26 Size of the uncertainty table is = 2315/5040
2024-04-17 10:48 | INFO | Query 26 Size of the filtered table is = 51
2024-04-17 10:48 | INFO | Query 26 Active Learning Runtime on Validation Set: 292120.05
2024-04-17 10:48 | INFO | Query 26 Active Learning Runtime on Test Set: 143135.87
2024-04-17 10:48 | INFO | Query 26 Active Learning Instance Cost: 373291.26
2024-04-17 10:48 | INFO | Timeout limit is increased to 1300
2024-04-17 10:48 | INFO | Query 27 Size of the uncertainty table is = 2271/5040
2024-04-17 10:48 | INFO | Query 27 Size of the filtered table is = 51
2024-04-17 10:48 | INFO | Query 27 Active Learning Runtime on Validation Set: 220381.14
2024-04-17 10:48 | INFO | Query 27 Active Learning Runtime on Test Set: 143178.87
2024-04-17 10:48 | INFO | Query 27 Active Learning Instance Cost: 398659.2
2024-04-17 10:48 | INFO | Query 28 Size of the uncertainty table is = 2188/5040
2024-04-17 10:48 | INFO | Query 28 Size of the filtered table is = 51
2024-04-17 10:49 | INFO | Query 28 Active Learning Runtime on Validation Set: 255907.37
2024-04-17 10:49 | INFO | Query 28 Active Learning Runtime on Test Set: 179098.69
2024-04-17 10:49 | INFO | Query 28 Active Learning Instance Cost: 407454.45
2024-04-17 10:49 | INFO | Timeout limit is increased to 1400
2024-04-17 10:49 | INFO | Query 29 Size of the uncertainty table is = 2169/5040
2024-04-17 10:49 | INFO | Query 29 Size of the filtered table is = 51
2024-04-17 10:49 | INFO | Query 29 Active Learning Runtime on Validation Set: 292411.28
2024-04-17 10:49 | INFO | Query 29 Active Learning Runtime on Test Set: 143178.87
2024-04-17 10:49 | INFO | Query 29 Active Learning Instance Cost: 427794.07
2024-04-17 10:49 | INFO | Timeout limit is increased to 1500
2024-04-17 10:49 | INFO | Query 30 Size of the uncertainty table is = 2098/5040
2024-04-17 10:49 | INFO | Query 30 Size of the filtered table is = 51
2024-04-17 10:49 | INFO | Query 30 Active Learning Runtime on Validation Set: 328390.85000000003
2024-04-17 10:49 | INFO | Query 30 Active Learning Runtime on Test Set: 143178.87
2024-04-17 10:49 | INFO | Query 30 Active Learning Instance Cost: 443973.95
2024-04-17 10:49 | INFO | Timeout limit is increased to 1600
2024-04-17 10:49 | INFO | Query 31 Size of the uncertainty table is = 2088/5040
2024-04-17 10:49 | INFO | Query 31 Size of the filtered table is = 51
2024-04-17 10:50 | INFO | Query 31 Active Learning Runtime on Validation Set: 328402.5
2024-04-17 10:50 | INFO | Query 31 Active Learning Runtime on Test Set: 143178.87
2024-04-17 10:50 | INFO | Query 31 Active Learning Instance Cost: 465223.33
2024-04-17 10:50 | INFO | Timeout limit is increased to 1700
2024-04-17 10:50 | INFO | Query 32 Size of the uncertainty table is = 2068/5040
2024-04-17 10:50 | INFO | Query 32 Size of the filtered table is = 51
2024-04-17 10:50 | INFO | Query 32 Active Learning Runtime on Validation Set: 328302.72000000003
2024-04-17 10:50 | INFO | Query 32 Active Learning Runtime on Test Set: 143178.87
2024-04-17 10:50 | INFO | Query 32 Active Learning Instance Cost: 479179.48
2024-04-17 10:50 | INFO | Query 33 Size of the uncertainty table is = 2065/5040
2024-04-17 10:50 | INFO | Query 33 Size of the filtered table is = 51
2024-04-17 10:51 | INFO | Query 33 Active Learning Runtime on Validation Set: 328348.86000000004
2024-04-17 10:51 | INFO | Query 33 Active Learning Runtime on Test Set: 143178.87
2024-04-17 10:51 | INFO | Query 33 Active Learning Instance Cost: 487529.54
2024-04-17 10:51 | INFO | Timeout limit is increased to 1800
2024-04-17 10:51 | INFO | Query 34 Size of the uncertainty table is = 2049/5040
2024-04-17 10:51 | INFO | Query 34 Size of the filtered table is = 51
2024-04-17 10:51 | INFO | Query 34 Active Learning Runtime on Validation Set: 328025.49
2024-04-17 10:51 | INFO | Query 34 Active Learning Runtime on Test Set: 179172.19
2024-04-17 10:51 | INFO | Query 34 Active Learning Instance Cost: 520745.77
2024-04-17 10:51 | INFO | Query 35 Size of the uncertainty table is = 1926/5040
2024-04-17 10:51 | INFO | Query 35 Size of the filtered table is = 51
2024-04-17 10:51 | INFO | Query 35 Active Learning Runtime on Validation Set: 328035.49
2024-04-17 10:51 | INFO | Query 35 Active Learning Runtime on Test Set: 179173.40000000002
2024-04-17 10:51 | INFO | Query 35 Active Learning Instance Cost: 528649.4
2024-04-17 10:51 | INFO | Timeout limit is increased to 1900
2024-04-17 10:51 | INFO | Query 36 Size of the uncertainty table is = 1915/5040
2024-04-17 10:51 | INFO | Query 36 Size of the filtered table is = 51
2024-04-17 10:52 | INFO | Query 36 Active Learning Runtime on Validation Set: 328013.83
2024-04-17 10:52 | INFO | Query 36 Active Learning Runtime on Test Set: 179171.2
2024-04-17 10:52 | INFO | Query 36 Active Learning Instance Cost: 547493.52
2024-04-17 10:52 | INFO | Query 37 Size of the uncertainty table is = 1892/5040
2024-04-17 10:52 | INFO | Query 37 Size of the filtered table is = 51
2024-04-17 10:52 | INFO | Query 37 Active Learning Runtime on Validation Set: 328013.83
2024-04-17 10:52 | INFO | Query 37 Active Learning Runtime on Test Set: 179171.2
2024-04-17 10:52 | INFO | Query 37 Active Learning Instance Cost: 554293.52
2024-04-17 10:52 | INFO | Timeout limit is increased to 2000
2024-04-17 10:52 | INFO | Query 38 Size of the uncertainty table is = 1892/5040
2024-04-17 10:52 | INFO | Query 38 Size of the filtered table is = 51
2024-04-17 10:53 | INFO | Query 38 Active Learning Runtime on Validation Set: 292104.87
2024-04-17 10:53 | INFO | Query 38 Active Learning Runtime on Test Set: 179173.40000000002
2024-04-17 10:53 | INFO | Query 38 Active Learning Instance Cost: 585792.37
2024-04-17 10:53 | INFO | Query 39 Size of the uncertainty table is = 1829/5040
2024-04-17 10:53 | INFO | Query 39 Size of the filtered table is = 51
2024-04-17 10:53 | INFO | Query 39 Active Learning Runtime on Validation Set: 292104.87
2024-04-17 10:53 | INFO | Query 39 Active Learning Runtime on Test Set: 179173.40000000002
2024-04-17 10:53 | INFO | Query 39 Active Learning Instance Cost: 593765.99
2024-04-17 10:53 | INFO | Timeout limit is increased to 2100
2024-04-17 10:53 | INFO | Query 40 Size of the uncertainty table is = 1821/5040
2024-04-17 10:53 | INFO | Query 40 Size of the filtered table is = 51
2024-04-17 10:53 | INFO | Query 40 Active Learning Runtime on Validation Set: 328047.53
2024-04-17 10:53 | INFO | Query 40 Active Learning Runtime on Test Set: 179173.40000000002
2024-04-17 10:53 | INFO | Query 40 Active Learning Instance Cost: 614983.25
2024-04-17 10:53 | INFO | Timeout limit is increased to 2200
2024-04-17 10:53 | INFO | Query 41 Size of the uncertainty table is = 1804/5040
2024-04-17 10:53 | INFO | Query 41 Size of the filtered table is = 51
2024-04-17 10:54 | INFO | Query 41 Active Learning Runtime on Validation Set: 328047.53
2024-04-17 10:54 | INFO | Query 41 Active Learning Runtime on Test Set: 179173.40000000002
2024-04-17 10:54 | INFO | Query 41 Active Learning Instance Cost: 630096.76
2024-04-17 10:54 | INFO | Timeout limit is increased to 2300
2024-04-17 10:54 | INFO | Query 42 Size of the uncertainty table is = 1803/5040
2024-04-17 10:54 | INFO | Query 42 Size of the filtered table is = 51
2024-04-17 10:54 | INFO | Query 42 Active Learning Runtime on Validation Set: 328047.53
2024-04-17 10:54 | INFO | Query 42 Active Learning Runtime on Test Set: 179173.40000000002
2024-04-17 10:54 | INFO | Query 42 Active Learning Instance Cost: 645696.76
2024-04-17 10:54 | INFO | Timeout limit is increased to 2400
2024-04-17 10:54 | INFO | Query 43 Size of the uncertainty table is = 1803/5040
2024-04-17 10:54 | INFO | Query 43 Size of the filtered table is = 51
2024-04-17 10:55 | INFO | Query 43 Active Learning Runtime on Validation Set: 328047.53
2024-04-17 10:55 | INFO | Query 43 Active Learning Runtime on Test Set: 179173.40000000002
2024-04-17 10:55 | INFO | Query 43 Active Learning Instance Cost: 659666.98
2024-04-17 10:55 | INFO | Timeout limit is increased to 2500
2024-04-17 10:55 | INFO | Query 44 Size of the uncertainty table is = 1798/5040
2024-04-17 10:55 | INFO | Query 44 Size of the filtered table is = 51
2024-04-17 10:55 | INFO | Query 44 Active Learning Runtime on Validation Set: 328047.53
2024-04-17 10:55 | INFO | Query 44 Active Learning Runtime on Test Set: 179173.40000000002
2024-04-17 10:55 | INFO | Query 44 Active Learning Instance Cost: 673666.98
2024-04-17 10:55 | INFO | Timeout limit is increased to 2600
2024-04-17 10:55 | INFO | Query 45 Size of the uncertainty table is = 1798/5040
2024-04-17 10:55 | INFO | Query 45 Size of the filtered table is = 51
2024-04-17 10:55 | INFO | Query 45 Active Learning Runtime on Validation Set: 328047.53
2024-04-17 10:55 | INFO | Query 45 Active Learning Runtime on Test Set: 179173.40000000002
2024-04-17 10:55 | INFO | Query 45 Active Learning Instance Cost: 687166.98
2024-04-17 10:55 | INFO | Timeout limit is increased to 2700
2024-04-17 10:55 | INFO | Query 46 Size of the uncertainty table is = 1798/5040
2024-04-17 10:55 | INFO | Query 46 Size of the filtered table is = 51
2024-04-17 10:56 | INFO | Query 46 Active Learning Runtime on Validation Set: 328047.53
2024-04-17 10:56 | INFO | Query 46 Active Learning Runtime on Test Set: 179173.40000000002
2024-04-17 10:56 | INFO | Query 46 Active Learning Instance Cost: 700666.98
2024-04-17 10:56 | INFO | Timeout limit is increased to 2800
2024-04-17 10:56 | INFO | Query 47 Size of the uncertainty table is = 1798/5040
2024-04-17 10:56 | INFO | Query 47 Size of the filtered table is = 51
2024-04-17 10:56 | INFO | Query 47 Active Learning Runtime on Validation Set: 328047.53
2024-04-17 10:56 | INFO | Query 47 Active Learning Runtime on Test Set: 179173.40000000002
2024-04-17 10:56 | INFO | Query 47 Active Learning Instance Cost: 715366.98
2024-04-17 10:56 | INFO | Timeout limit is increased to 2900
2024-04-17 10:56 | INFO | Query 48 Size of the uncertainty table is = 1798/5040
2024-04-17 10:56 | INFO | Query 48 Size of the filtered table is = 51
2024-04-17 10:57 | INFO | Query 48 Active Learning Runtime on Validation Set: 328047.53
2024-04-17 10:57 | INFO | Query 48 Active Learning Runtime on Test Set: 179173.40000000002
2024-04-17 10:57 | INFO | Query 48 Active Learning Instance Cost: 729466.98
2024-04-17 10:57 | INFO | Timeout limit is increased to 3000
2024-04-17 10:57 | INFO | Query 49 Size of the uncertainty table is = 1798/5040
2024-04-17 10:57 | INFO | Query 49 Size of the filtered table is = 51
2024-04-17 10:57 | INFO | Query 49 Active Learning Runtime on Validation Set: 328047.53
2024-04-17 10:57 | INFO | Query 49 Active Learning Runtime on Test Set: 179173.40000000002
2024-04-17 10:57 | INFO | Query 49 Active Learning Instance Cost: 743366.98
2024-04-17 10:57 | INFO | Timeout limit is increased to 3100
2024-04-17 10:57 | INFO | Query 50 Size of the uncertainty table is = 1798/5040
2024-04-17 10:57 | INFO | Query 50 Size of the filtered table is = 51
2024-04-17 10:57 | INFO | Query 50 Active Learning Runtime on Validation Set: 328047.53
2024-04-17 10:57 | INFO | Query 50 Active Learning Runtime on Test Set: 179173.40000000002
2024-04-17 10:57 | INFO | Query 50 Active Learning Instance Cost: 757338.02
2024-04-17 10:57 | INFO | Timeout limit is increased to 3200
2024-04-17 10:57 | INFO | Query 51 Size of the uncertainty table is = 1794/5040
2024-04-17 10:57 | INFO | Query 51 Size of the filtered table is = 51
2024-04-17 10:58 | INFO | Query 51 Active Learning Runtime on Validation Set: 328047.92000000004
2024-04-17 10:58 | INFO | Query 51 Active Learning Runtime on Test Set: 179173.40000000002
2024-04-17 10:58 | INFO | Query 51 Active Learning Instance Cost: 771025.89
2024-04-17 10:58 | INFO | Timeout limit is increased to 3300
2024-04-17 10:58 | INFO | Query 52 Size of the uncertainty table is = 1785/5040
2024-04-17 10:58 | INFO | Query 52 Size of the filtered table is = 51
2024-04-17 10:58 | INFO | Query 52 Active Learning Runtime on Validation Set: 328047.92000000004
2024-04-17 10:58 | INFO | Query 52 Active Learning Runtime on Test Set: 179173.40000000002
2024-04-17 10:58 | INFO | Query 52 Active Learning Instance Cost: 788425.89
2024-04-17 10:58 | INFO | Timeout limit is increased to 3400
2024-04-17 10:58 | INFO | Query 53 Size of the uncertainty table is = 1785/5040
2024-04-17 10:58 | INFO | Query 53 Size of the filtered table is = 51
2024-04-17 10:59 | INFO | Query 53 Active Learning Runtime on Validation Set: 328047.92000000004
2024-04-17 10:59 | INFO | Query 53 Active Learning Runtime on Test Set: 179173.40000000002
2024-04-17 10:59 | INFO | Query 53 Active Learning Instance Cost: 801525.89
2024-04-17 10:59 | INFO | Timeout limit is increased to 3500
2024-04-17 10:59 | INFO | Query 54 Size of the uncertainty table is = 1785/5040
2024-04-17 10:59 | INFO | Query 54 Size of the filtered table is = 51
2024-04-17 10:59 | INFO | Query 54 Active Learning Runtime on Validation Set: 328047.92000000004
2024-04-17 10:59 | INFO | Query 54 Active Learning Runtime on Test Set: 179173.40000000002
2024-04-17 10:59 | INFO | Query 54 Active Learning Instance Cost: 814025.89
2024-04-17 10:59 | INFO | Timeout limit is increased to 3600
2024-04-17 10:59 | INFO | Query 55 Size of the uncertainty table is = 1785/5040
2024-04-17 10:59 | INFO | Query 55 Size of the filtered table is = 51
2024-04-17 10:59 | INFO | Query 55 Active Learning Runtime on Validation Set: 328047.92000000004
2024-04-17 10:59 | INFO | Query 55 Active Learning Runtime on Test Set: 179173.40000000002
2024-04-17 10:59 | INFO | Query 55 Active Learning Instance Cost: 828025.89
2024-04-17 10:59 | INFO | Timeout limit is increased to 3600
2024-04-17 10:59 | INFO | Query 56 Size of the uncertainty table is = 1353/5040
2024-04-17 10:59 | INFO | Query 56 Size of the filtered table is = 51
2024-04-17 11:00 | INFO | Query 56 Active Learning Runtime on Validation Set: 328043.29000000004
2024-04-17 11:00 | INFO | Query 56 Active Learning Runtime on Test Set: 215085.53000000003
2024-04-17 11:00 | INFO | Query 56 Active Learning Instance Cost: 942031.17
2024-04-17 11:00 | INFO | Query 57 Size of the uncertainty table is = 1123/5040
2024-04-17 11:00 | INFO | Query 57 Size of the filtered table is = 51
2024-04-17 11:00 | INFO | Query 57 Active Learning Runtime on Validation Set: 328086.61000000004
2024-04-17 11:00 | INFO | Query 57 Active Learning Runtime on Test Set: 215086.47000000003
2024-04-17 11:00 | INFO | Query 57 Active Learning Instance Cost: 1017680.36
2024-04-17 11:00 | INFO | Timeout limit is increased to 3600
2024-04-17 11:00 | INFO | Query 58 Size of the uncertainty table is = 916/5040
2024-04-17 11:00 | INFO | Query 58 Size of the filtered table is = 51
2024-04-17 11:01 | INFO | Query 58 Active Learning Runtime on Validation Set: 328040.17000000004
2024-04-17 11:01 | INFO | Query 58 Active Learning Runtime on Test Set: 215089.86
2024-04-17 11:01 | INFO | Query 58 Active Learning Instance Cost: 1039913.37
2024-04-17 11:01 | INFO | Query 59 Size of the uncertainty table is = 668/5040
2024-04-17 11:01 | INFO | Query 59 Size of the filtered table is = 51
2024-04-17 11:01 | INFO | Query 59 Active Learning Runtime on Validation Set: 328087.41000000003
2024-04-17 11:01 | INFO | Query 59 Active Learning Runtime on Test Set: 215084.59999999998
2024-04-17 11:01 | INFO | Query 59 Active Learning Instance Cost: 1077586.93
2024-04-17 11:01 | INFO | Timeout limit is increased to 3600
2024-04-17 11:01 | INFO | Query 60 Size of the uncertainty table is = 457/5040
2024-04-17 11:01 | INFO | Query 60 Size of the filtered table is = 51
2024-04-17 11:02 | INFO | Query 60 Active Learning Runtime on Validation Set: 328093.87
2024-04-17 11:02 | INFO | Query 60 Active Learning Runtime on Test Set: 179167.72999999998
2024-04-17 11:02 | INFO | Query 60 Active Learning Instance Cost: 1081859.42
2024-04-17 11:02 | INFO | Timeout limit is increased to 3600
2024-04-17 11:02 | INFO | Query 61 Size of the uncertainty table is = 307/5040
2024-04-17 11:02 | INFO | Query 61 Size of the filtered table is = 51
2024-04-17 11:02 | INFO | Query 61 Active Learning Runtime on Validation Set: 328096.17000000004
2024-04-17 11:02 | INFO | Query 61 Active Learning Runtime on Test Set: 215119.95
2024-04-17 11:02 | INFO | Query 61 Active Learning Instance Cost: 1083107.12
2024-04-17 11:02 | INFO | Timeout limit is increased to 3600
2024-04-17 11:02 | INFO | Query 62 Size of the uncertainty table is = 136/5040
2024-04-17 11:02 | INFO | Query 62 Size of the filtered table is = 51
2024-04-17 11:02 | INFO | Query 62 Active Learning Runtime on Validation Set: 328088.42000000004
2024-04-17 11:02 | INFO | Query 62 Active Learning Runtime on Test Set: 215087.55
2024-04-17 11:02 | INFO | Query 62 Active Learning Instance Cost: 1125371.64
2024-04-17 11:02 | INFO | Query 63 Size of the uncertainty table is = 18/5040
2024-04-17 11:02 | INFO | Query 63 Size of the filtered table is = 17
2024-04-17 11:03 | INFO | Query 63 Active Learning Runtime on Validation Set: 328088.42000000004
2024-04-17 11:03 | INFO | Query 63 Active Learning Runtime on Test Set: 215087.55
2024-04-17 11:03 | INFO | Query 63 Active Learning Instance Cost: 1136171.64
2024-04-17 11:03 | INFO | Timeout limit is increased to 3600
2024-04-17 11:03 | INFO | runtime_test_score is written as json file
2024-04-17 11:03 | INFO | runtime_validation_score is written as json file
2024-04-17 11:03 | INFO | instance_cost is written as json file
2024-04-17 11:03 | INFO | Experiment is finished
