2024-04-17 10:11 | INFO | Paramaters are: {'dataset': 'MAXSAT12-PMS', 'penalty': 10, 'weight': 'No_Weight', 'voting': 'Hard', 'pre_selection_size': 64, 'pre_selection_technique': 'No_pre_selection', 'feature_elimination_threshold': 20, 'imputer_strategy': 'median', 'feature_selection_technique': 'No_feature_selection', 'feature_scaling_technique': 'StandardScaler', 'initial_train_size': 20, 'query_size': 1, 'timeout_predictor_usage': 'No', 'timeout_limit': 100, 'timeout_increase_rate': 100, 'RANDOM_STATE_SEED': 12345, 'n_splits': 10, 'split_number': 6, 'max_timeout': 3600, 'param_grid': {'n_estimators': 100, 'criterion': 'gini', 'max_features': 'sqrt', 'max_depth': 2147483648, 'min_samples_split': 2, 'bootstrap': True}}
2024-04-17 10:11 | INFO | MAXSAT12-PMS is current dataset
2024-04-17 10:11 | INFO | DATASETS/MAXSAT12-PMS/algorithm_runs.csv is found
2024-04-17 10:11 | INFO | DATASETS/MAXSAT12-PMS/algorithm_runs.csv is finished
2024-04-17 10:11 | INFO | DATASETS/MAXSAT12-PMS/feature_values.csv is found
2024-04-17 10:11 | INFO | DATASETS/MAXSAT12-PMS/feature_values.csv is finished
2024-04-17 10:11 | INFO | DATASETS/MAXSAT12-PMS/feature_costs.csv is found
2024-04-17 10:11 | INFO | DATASETS/MAXSAT12-PMS/feature_costs.csv is finished
2024-04-17 10:11 | INFO | Virtual best solver time in train = 20479.74
2024-04-17 10:11 | INFO | Single best solver list train = {'DSWPM1_924': 8653960.12, 'akmaxsat': 7876317.5, 'akmaxsat_ls': 7876282.01, 'pwbo2.1': 4234991.33, 'qmaxsat0.21comp': 2059675.59, 'qmaxsat0.21g2comp': 2444692.7}
2024-04-17 10:11 | INFO | Single best solver time train = qmaxsat0.21comp (2059675.59)
2024-04-17 10:11 | INFO | Virtual best solver time in validation = 7696.76
2024-04-17 10:11 | INFO | Single best solver list validation = {'DSWPM1_924': 2459071.0, 'akmaxsat': 4256417.53, 'akmaxsat_ls': 4256432.04, 'pwbo2.1': 876832.2, 'qmaxsat0.21comp': 695560.5, 'qmaxsat0.21g2comp': 8595.81}
2024-04-17 10:11 | INFO | Single best solver time validation = qmaxsat0.21g2comp (8595.81)
2024-04-17 10:11 | INFO | Virtual best solver time in test = 2376.59
2024-04-17 10:11 | INFO | Single best solver list test = {'DSWPM1_924': 1159717.85, 'akmaxsat': 1300236.63, 'akmaxsat_ls': 1300254.26, 'pwbo2.1': 399245.77, 'qmaxsat0.21comp': 290969.94, 'qmaxsat0.21g2comp': 219102.75}
2024-04-17 10:11 | INFO | Single best solver time test = qmaxsat0.21g2comp (219102.75)
2024-04-17 10:12 | INFO | Passive Learning Runtime on Validation Set: 8726.36
2024-04-17 10:12 | INFO | Passive Learning Runtime on Test Set: 2591.82
2024-04-17 10:12 | INFO | Passive Learning Instance Cost: 3499919.25
2024-04-17 10:12 | INFO | Initial Active Learning Runtime on Validation Set: 226229.42
2024-04-17 10:12 | INFO | Initial Active Learning Runtime on Test Set: 254588.66
2024-04-17 10:12 | INFO | Initial Active Learning Instance Cost: 4830.39
2024-04-17 10:12 | INFO | Bin size = 78
2024-04-17 10:12 | INFO | Query 1 Size of the uncertainty table is = 7812/7755
2024-04-17 10:12 | INFO | Query 1 Size of the filtered table is = 78
2024-04-17 10:13 | INFO | Query 1 Active Learning Runtime on Validation Set: 226165.43
2024-04-17 10:13 | INFO | Query 1 Active Learning Runtime on Test Set: 146208.44999999998
2024-04-17 10:13 | INFO | Query 1 Active Learning Instance Cost: 8732.07
2024-04-17 10:13 | INFO | Query 2 Size of the uncertainty table is = 7732/7755
2024-04-17 10:13 | INFO | Query 2 Size of the filtered table is = 78
2024-04-17 10:13 | INFO | Query 2 Active Learning Runtime on Validation Set: 226165.46
2024-04-17 10:13 | INFO | Query 2 Active Learning Runtime on Test Set: 146200.69
2024-04-17 10:13 | INFO | Query 2 Active Learning Instance Cost: 12795.63
2024-04-17 10:13 | INFO | Timeout limit is increased to 200
2024-04-17 10:13 | INFO | Query 3 Size of the uncertainty table is = 7629/7755
2024-04-17 10:13 | INFO | Query 3 Size of the filtered table is = 78
2024-04-17 10:14 | INFO | Query 3 Active Learning Runtime on Validation Set: 226165.43
2024-04-17 10:14 | INFO | Query 3 Active Learning Runtime on Test Set: 110241.95
2024-04-17 10:14 | INFO | Query 3 Active Learning Instance Cost: 25552.97
2024-04-17 10:14 | INFO | Query 4 Size of the uncertainty table is = 7521/7755
2024-04-17 10:14 | INFO | Query 4 Size of the filtered table is = 78
2024-04-17 10:14 | INFO | Query 4 Active Learning Runtime on Validation Set: 47147.450000000004
2024-04-17 10:14 | INFO | Query 4 Active Learning Runtime on Test Set: 146101.50999999998
2024-04-17 10:14 | INFO | Query 4 Active Learning Instance Cost: 37303.35
2024-04-17 10:14 | INFO | Query 5 Size of the uncertainty table is = 7398/7755
2024-04-17 10:14 | INFO | Query 5 Size of the filtered table is = 78
2024-04-17 10:15 | INFO | Query 5 Active Learning Runtime on Validation Set: 297794.26
2024-04-17 10:15 | INFO | Query 5 Active Learning Runtime on Test Set: 110141.69
2024-04-17 10:15 | INFO | Query 5 Active Learning Instance Cost: 47127.72
2024-04-17 10:15 | INFO | Timeout limit is increased to 300
2024-04-17 10:15 | INFO | Query 6 Size of the uncertainty table is = 7258/7755
2024-04-17 10:15 | INFO | Query 6 Size of the filtered table is = 78
2024-04-17 10:15 | INFO | Query 6 Active Learning Runtime on Validation Set: 8625.359999999999
2024-04-17 10:15 | INFO | Query 6 Active Learning Runtime on Test Set: 74363.85
2024-04-17 10:15 | INFO | Query 6 Active Learning Instance Cost: 61503.8
2024-04-17 10:15 | INFO | Query 7 Size of the uncertainty table is = 7112/7755
2024-04-17 10:15 | INFO | Query 7 Size of the filtered table is = 78
2024-04-17 10:16 | INFO | Query 7 Active Learning Runtime on Validation Set: 8625.359999999999
2024-04-17 10:16 | INFO | Query 7 Active Learning Runtime on Test Set: 74062.47
2024-04-17 10:16 | INFO | Query 7 Active Learning Instance Cost: 74098.36
2024-04-17 10:16 | INFO | Timeout limit is increased to 400
2024-04-17 10:16 | INFO | Query 8 Size of the uncertainty table is = 6990/7755
2024-04-17 10:16 | INFO | Query 8 Size of the filtered table is = 78
2024-04-17 10:16 | INFO | Query 8 Active Learning Runtime on Validation Set: 8625.359999999999
2024-04-17 10:16 | INFO | Query 8 Active Learning Runtime on Test Set: 73996.86
2024-04-17 10:16 | INFO | Query 8 Active Learning Instance Cost: 105863.89
2024-04-17 10:16 | INFO | Timeout limit is increased to 500
2024-04-17 10:16 | INFO | Query 9 Size of the uncertainty table is = 6884/7755
2024-04-17 10:16 | INFO | Query 9 Size of the filtered table is = 78
2024-04-17 10:17 | INFO | Query 9 Active Learning Runtime on Validation Set: 8625.359999999999
2024-04-17 10:17 | INFO | Query 9 Active Learning Runtime on Test Set: 38302.54
2024-04-17 10:17 | INFO | Query 9 Active Learning Instance Cost: 142300.27
2024-04-17 10:17 | INFO | Timeout limit is increased to 600
2024-04-17 10:17 | INFO | Query 10 Size of the uncertainty table is = 6737/7755
2024-04-17 10:17 | INFO | Query 10 Size of the filtered table is = 78
2024-04-17 10:17 | INFO | Query 10 Active Learning Runtime on Validation Set: 8625.359999999999
2024-04-17 10:17 | INFO | Query 10 Active Learning Runtime on Test Set: 38305.380000000005
2024-04-17 10:17 | INFO | Query 10 Active Learning Instance Cost: 174163.5
2024-04-17 10:17 | INFO | Timeout limit is increased to 700
2024-04-17 10:17 | INFO | Query 11 Size of the uncertainty table is = 6647/7755
2024-04-17 10:17 | INFO | Query 11 Size of the filtered table is = 78
2024-04-17 10:18 | INFO | Query 11 Active Learning Runtime on Validation Set: 8625.359999999999
2024-04-17 10:18 | INFO | Query 11 Active Learning Runtime on Test Set: 38305.41
2024-04-17 10:18 | INFO | Query 11 Active Learning Instance Cost: 203607.98
2024-04-17 10:18 | INFO | Timeout limit is increased to 800
2024-04-17 10:18 | INFO | Query 12 Size of the uncertainty table is = 6581/7755
2024-04-17 10:18 | INFO | Query 12 Size of the filtered table is = 78
2024-04-17 10:18 | INFO | Query 12 Active Learning Runtime on Validation Set: 8625.359999999999
2024-04-17 10:18 | INFO | Query 12 Active Learning Runtime on Test Set: 38340.87
2024-04-17 10:18 | INFO | Query 12 Active Learning Instance Cost: 263445.63
2024-04-17 10:18 | INFO | Timeout limit is increased to 900
2024-04-17 10:18 | INFO | Query 13 Size of the uncertainty table is = 6516/7755
2024-04-17 10:18 | INFO | Query 13 Size of the filtered table is = 78
2024-04-17 10:19 | INFO | Query 13 Active Learning Runtime on Validation Set: 47178.840000000004
2024-04-17 10:19 | INFO | Query 13 Active Learning Runtime on Test Set: 38339.590000000004
2024-04-17 10:19 | INFO | Query 13 Active Learning Instance Cost: 299291.33
2024-04-17 10:19 | INFO | Timeout limit is increased to 1000
2024-04-17 10:19 | INFO | Query 14 Size of the uncertainty table is = 6399/7755
2024-04-17 10:19 | INFO | Query 14 Size of the filtered table is = 78
2024-04-17 10:19 | INFO | Query 14 Active Learning Runtime on Validation Set: 43999.770000000004
2024-04-17 10:19 | INFO | Query 14 Active Learning Runtime on Test Set: 38341.340000000004
2024-04-17 10:19 | INFO | Query 14 Active Learning Instance Cost: 333373.11
2024-04-17 10:19 | INFO | Query 15 Size of the uncertainty table is = 6260/7755
2024-04-17 10:19 | INFO | Query 15 Size of the filtered table is = 78
2024-04-17 10:20 | INFO | Query 15 Active Learning Runtime on Validation Set: 8625.39
2024-04-17 10:20 | INFO | Query 15 Active Learning Runtime on Test Set: 38304.04
2024-04-17 10:20 | INFO | Query 15 Active Learning Instance Cost: 370869.15
2024-04-17 10:20 | INFO | Query 16 Size of the uncertainty table is = 6162/7755
2024-04-17 10:20 | INFO | Query 16 Size of the filtered table is = 78
2024-04-17 10:20 | INFO | Query 16 Active Learning Runtime on Validation Set: 8625.39
2024-04-17 10:20 | INFO | Query 16 Active Learning Runtime on Test Set: 38304.12
2024-04-17 10:20 | INFO | Query 16 Active Learning Instance Cost: 416475.66
2024-04-17 10:20 | INFO | Timeout limit is increased to 1100
2024-04-17 10:20 | INFO | Query 17 Size of the uncertainty table is = 6147/7755
2024-04-17 10:20 | INFO | Query 17 Size of the filtered table is = 78
2024-04-17 10:21 | INFO | Query 17 Active Learning Runtime on Validation Set: 8625.39
2024-04-17 10:21 | INFO | Query 17 Active Learning Runtime on Test Set: 38304.04
2024-04-17 10:21 | INFO | Query 17 Active Learning Instance Cost: 434996.82
2024-04-17 10:21 | INFO | Timeout limit is increased to 1200
2024-04-17 10:21 | INFO | Query 18 Size of the uncertainty table is = 6138/7755
2024-04-17 10:21 | INFO | Query 18 Size of the filtered table is = 78
2024-04-17 10:21 | INFO | Query 18 Active Learning Runtime on Validation Set: 8625.39
2024-04-17 10:21 | INFO | Query 18 Active Learning Runtime on Test Set: 38304.04
2024-04-17 10:21 | INFO | Query 18 Active Learning Instance Cost: 453869.91
2024-04-17 10:21 | INFO | Timeout limit is increased to 1300
2024-04-17 10:21 | INFO | Query 19 Size of the uncertainty table is = 6129/7755
2024-04-17 10:21 | INFO | Query 19 Size of the filtered table is = 78
2024-04-17 10:22 | INFO | Query 19 Active Learning Runtime on Validation Set: 9932.74
2024-04-17 10:22 | INFO | Query 19 Active Learning Runtime on Test Set: 38304.12
2024-04-17 10:22 | INFO | Query 19 Active Learning Instance Cost: 474536.19
2024-04-17 10:22 | INFO | Timeout limit is increased to 1400
2024-04-17 10:22 | INFO | Query 20 Size of the uncertainty table is = 6113/7755
2024-04-17 10:22 | INFO | Query 20 Size of the filtered table is = 78
2024-04-17 10:22 | INFO | Query 20 Active Learning Runtime on Validation Set: 9932.74
2024-04-17 10:22 | INFO | Query 20 Active Learning Runtime on Test Set: 38304.130000000005
2024-04-17 10:22 | INFO | Query 20 Active Learning Instance Cost: 578863.48
2024-04-17 10:22 | INFO | Timeout limit is increased to 1500
2024-04-17 10:22 | INFO | Query 21 Size of the uncertainty table is = 6062/7755
2024-04-17 10:22 | INFO | Query 21 Size of the filtered table is = 78
2024-04-17 10:23 | INFO | Query 21 Active Learning Runtime on Validation Set: 9932.74
2024-04-17 10:23 | INFO | Query 21 Active Learning Runtime on Test Set: 38304.130000000005
2024-04-17 10:23 | INFO | Query 21 Active Learning Instance Cost: 623792.69
2024-04-17 10:23 | INFO | Timeout limit is increased to 1600
2024-04-17 10:23 | INFO | Query 22 Size of the uncertainty table is = 5998/7755
2024-04-17 10:23 | INFO | Query 22 Size of the filtered table is = 78
2024-04-17 10:23 | INFO | Query 22 Active Learning Runtime on Validation Set: 8625.39
2024-04-17 10:23 | INFO | Query 22 Active Learning Runtime on Test Set: 38304.07
2024-04-17 10:23 | INFO | Query 22 Active Learning Instance Cost: 657815.28
2024-04-17 10:23 | INFO | Query 23 Size of the uncertainty table is = 5961/7755
2024-04-17 10:23 | INFO | Query 23 Size of the filtered table is = 78
2024-04-17 10:23 | INFO | Query 23 Active Learning Runtime on Validation Set: 11804.47
2024-04-17 10:23 | INFO | Query 23 Active Learning Runtime on Test Set: 38304.07
2024-04-17 10:23 | INFO | Query 23 Active Learning Instance Cost: 672642.5
2024-04-17 10:23 | INFO | Timeout limit is increased to 1700
2024-04-17 10:23 | INFO | Query 24 Size of the uncertainty table is = 5947/7755
2024-04-17 10:23 | INFO | Query 24 Size of the filtered table is = 78
2024-04-17 10:24 | INFO | Query 24 Active Learning Runtime on Validation Set: 11804.439999999999
2024-04-17 10:24 | INFO | Query 24 Active Learning Runtime on Test Set: 38304.100000000006
2024-04-17 10:24 | INFO | Query 24 Active Learning Instance Cost: 709949.53
2024-04-17 10:24 | INFO | Query 25 Size of the uncertainty table is = 5936/7755
2024-04-17 10:24 | INFO | Query 25 Size of the filtered table is = 78
2024-04-17 10:24 | INFO | Query 25 Active Learning Runtime on Validation Set: 11804.439999999999
2024-04-17 10:24 | INFO | Query 25 Active Learning Runtime on Test Set: 38304.100000000006
2024-04-17 10:24 | INFO | Query 25 Active Learning Instance Cost: 712556.52
2024-04-17 10:24 | INFO | Timeout limit is increased to 1800
2024-04-17 10:24 | INFO | Query 26 Size of the uncertainty table is = 5934/7755
2024-04-17 10:24 | INFO | Query 26 Size of the filtered table is = 78
2024-04-17 10:25 | INFO | Query 26 Active Learning Runtime on Validation Set: 11804.439999999999
2024-04-17 10:25 | INFO | Query 26 Active Learning Runtime on Test Set: 38304.100000000006
2024-04-17 10:25 | INFO | Query 26 Active Learning Instance Cost: 731857.41
2024-04-17 10:25 | INFO | Timeout limit is increased to 1900
2024-04-17 10:25 | INFO | Query 27 Size of the uncertainty table is = 5932/7755
2024-04-17 10:25 | INFO | Query 27 Size of the filtered table is = 78
2024-04-17 10:25 | INFO | Query 27 Active Learning Runtime on Validation Set: 11804.439999999999
2024-04-17 10:25 | INFO | Query 27 Active Learning Runtime on Test Set: 38304.100000000006
2024-04-17 10:25 | INFO | Query 27 Active Learning Instance Cost: 759235.74
2024-04-17 10:25 | INFO | Timeout limit is increased to 2000
2024-04-17 10:25 | INFO | Query 28 Size of the uncertainty table is = 5912/7755
2024-04-17 10:25 | INFO | Query 28 Size of the filtered table is = 78
2024-04-17 10:26 | INFO | Query 28 Active Learning Runtime on Validation Set: 11804.439999999999
2024-04-17 10:26 | INFO | Query 28 Active Learning Runtime on Test Set: 38304.100000000006
2024-04-17 10:26 | INFO | Query 28 Active Learning Instance Cost: 783957.77
2024-04-17 10:26 | INFO | Timeout limit is increased to 2100
2024-04-17 10:26 | INFO | Query 29 Size of the uncertainty table is = 5898/7755
2024-04-17 10:26 | INFO | Query 29 Size of the filtered table is = 78
2024-04-17 10:26 | INFO | Query 29 Active Learning Runtime on Validation Set: 11804.439999999999
2024-04-17 10:26 | INFO | Query 29 Active Learning Runtime on Test Set: 38304.100000000006
2024-04-17 10:26 | INFO | Query 29 Active Learning Instance Cost: 804004.77
2024-04-17 10:26 | INFO | Timeout limit is increased to 2200
2024-04-17 10:26 | INFO | Query 30 Size of the uncertainty table is = 5888/7755
2024-04-17 10:26 | INFO | Query 30 Size of the filtered table is = 78
2024-04-17 10:27 | INFO | Query 30 Active Learning Runtime on Validation Set: 11804.439999999999
2024-04-17 10:27 | INFO | Query 30 Active Learning Runtime on Test Set: 38304.100000000006
2024-04-17 10:27 | INFO | Query 30 Active Learning Instance Cost: 826506.86
2024-04-17 10:27 | INFO | Timeout limit is increased to 2300
2024-04-17 10:27 | INFO | Query 31 Size of the uncertainty table is = 5884/7755
2024-04-17 10:27 | INFO | Query 31 Size of the filtered table is = 78
2024-04-17 10:27 | INFO | Query 31 Active Learning Runtime on Validation Set: 11804.439999999999
2024-04-17 10:27 | INFO | Query 31 Active Learning Runtime on Test Set: 38304.100000000006
2024-04-17 10:27 | INFO | Query 31 Active Learning Instance Cost: 857607.01
2024-04-17 10:27 | INFO | Timeout limit is increased to 2400
2024-04-17 10:27 | INFO | Query 32 Size of the uncertainty table is = 5882/7755
2024-04-17 10:27 | INFO | Query 32 Size of the filtered table is = 78
2024-04-17 10:28 | INFO | Query 32 Active Learning Runtime on Validation Set: 11804.439999999999
2024-04-17 10:28 | INFO | Query 32 Active Learning Runtime on Test Set: 38304.100000000006
2024-04-17 10:28 | INFO | Query 32 Active Learning Instance Cost: 881407.01
2024-04-17 10:28 | INFO | Timeout limit is increased to 2500
2024-04-17 10:28 | INFO | Query 33 Size of the uncertainty table is = 5882/7755
2024-04-17 10:28 | INFO | Query 33 Size of the filtered table is = 78
2024-04-17 10:28 | INFO | Query 33 Active Learning Runtime on Validation Set: 11804.439999999999
2024-04-17 10:28 | INFO | Query 33 Active Learning Runtime on Test Set: 38304.100000000006
2024-04-17 10:28 | INFO | Query 33 Active Learning Instance Cost: 896607.01
2024-04-17 10:28 | INFO | Timeout limit is increased to 2600
2024-04-17 10:28 | INFO | Query 34 Size of the uncertainty table is = 5882/7755
2024-04-17 10:28 | INFO | Query 34 Size of the filtered table is = 78
2024-04-17 10:29 | INFO | Query 34 Active Learning Runtime on Validation Set: 11804.439999999999
2024-04-17 10:29 | INFO | Query 34 Active Learning Runtime on Test Set: 38304.100000000006
2024-04-17 10:29 | INFO | Query 34 Active Learning Instance Cost: 911807.01
2024-04-17 10:29 | INFO | Timeout limit is increased to 2700
2024-04-17 10:29 | INFO | Query 35 Size of the uncertainty table is = 5882/7755
2024-04-17 10:29 | INFO | Query 35 Size of the filtered table is = 78
2024-04-17 10:29 | INFO | Query 35 Active Learning Runtime on Validation Set: 11804.439999999999
2024-04-17 10:29 | INFO | Query 35 Active Learning Runtime on Test Set: 38304.100000000006
2024-04-17 10:29 | INFO | Query 35 Active Learning Instance Cost: 927007.01
2024-04-17 10:29 | INFO | Timeout limit is increased to 2800
2024-04-17 10:29 | INFO | Query 36 Size of the uncertainty table is = 5882/7755
2024-04-17 10:29 | INFO | Query 36 Size of the filtered table is = 78
2024-04-17 10:30 | INFO | Query 36 Active Learning Runtime on Validation Set: 11804.439999999999
2024-04-17 10:30 | INFO | Query 36 Active Learning Runtime on Test Set: 38304.100000000006
2024-04-17 10:30 | INFO | Query 36 Active Learning Instance Cost: 942207.01
2024-04-17 10:30 | INFO | Timeout limit is increased to 2900
2024-04-17 10:30 | INFO | Query 37 Size of the uncertainty table is = 5882/7755
2024-04-17 10:30 | INFO | Query 37 Size of the filtered table is = 78
2024-04-17 10:30 | INFO | Query 37 Active Learning Runtime on Validation Set: 11804.439999999999
2024-04-17 10:30 | INFO | Query 37 Active Learning Runtime on Test Set: 38304.100000000006
2024-04-17 10:30 | INFO | Query 37 Active Learning Instance Cost: 957407.01
2024-04-17 10:30 | INFO | Timeout limit is increased to 3000
2024-04-17 10:30 | INFO | Query 38 Size of the uncertainty table is = 5882/7755
2024-04-17 10:30 | INFO | Query 38 Size of the filtered table is = 78
2024-04-17 10:31 | INFO | Query 38 Active Learning Runtime on Validation Set: 11804.439999999999
2024-04-17 10:31 | INFO | Query 38 Active Learning Runtime on Test Set: 38304.100000000006
2024-04-17 10:31 | INFO | Query 38 Active Learning Instance Cost: 972607.01
2024-04-17 10:31 | INFO | Timeout limit is increased to 3100
2024-04-17 10:31 | INFO | Query 39 Size of the uncertainty table is = 5882/7755
2024-04-17 10:31 | INFO | Query 39 Size of the filtered table is = 78
2024-04-17 10:31 | INFO | Query 39 Active Learning Runtime on Validation Set: 11804.439999999999
2024-04-17 10:31 | INFO | Query 39 Active Learning Runtime on Test Set: 38304.100000000006
2024-04-17 10:31 | INFO | Query 39 Active Learning Instance Cost: 987807.01
2024-04-17 10:31 | INFO | Timeout limit is increased to 3200
2024-04-17 10:31 | INFO | Query 40 Size of the uncertainty table is = 5882/7755
2024-04-17 10:31 | INFO | Query 40 Size of the filtered table is = 78
2024-04-17 10:32 | INFO | Query 40 Active Learning Runtime on Validation Set: 11804.439999999999
2024-04-17 10:32 | INFO | Query 40 Active Learning Runtime on Test Set: 38304.100000000006
2024-04-17 10:32 | INFO | Query 40 Active Learning Instance Cost: 1003007.01
2024-04-17 10:32 | INFO | Timeout limit is increased to 3300
2024-04-17 10:32 | INFO | Query 41 Size of the uncertainty table is = 5882/7755
2024-04-17 10:32 | INFO | Query 41 Size of the filtered table is = 78
2024-04-17 10:32 | INFO | Query 41 Active Learning Runtime on Validation Set: 11804.439999999999
2024-04-17 10:32 | INFO | Query 41 Active Learning Runtime on Test Set: 38304.100000000006
2024-04-17 10:32 | INFO | Query 41 Active Learning Instance Cost: 1018207.01
2024-04-17 10:32 | INFO | Timeout limit is increased to 3400
2024-04-17 10:32 | INFO | Query 42 Size of the uncertainty table is = 5882/7755
2024-04-17 10:32 | INFO | Query 42 Size of the filtered table is = 78
2024-04-17 10:33 | INFO | Query 42 Active Learning Runtime on Validation Set: 11804.439999999999
2024-04-17 10:33 | INFO | Query 42 Active Learning Runtime on Test Set: 38304.100000000006
2024-04-17 10:33 | INFO | Query 42 Active Learning Instance Cost: 1033407.01
2024-04-17 10:33 | INFO | Timeout limit is increased to 3500
2024-04-17 10:33 | INFO | Query 43 Size of the uncertainty table is = 5882/7755
2024-04-17 10:33 | INFO | Query 43 Size of the filtered table is = 78
2024-04-17 10:33 | INFO | Query 43 Active Learning Runtime on Validation Set: 11804.439999999999
2024-04-17 10:33 | INFO | Query 43 Active Learning Runtime on Test Set: 38304.100000000006
2024-04-17 10:33 | INFO | Query 43 Active Learning Instance Cost: 1048607.01
2024-04-17 10:33 | INFO | Timeout limit is increased to 3600
2024-04-17 10:33 | INFO | Query 44 Size of the uncertainty table is = 5882/7755
2024-04-17 10:33 | INFO | Query 44 Size of the filtered table is = 78
2024-04-17 10:34 | INFO | Query 44 Active Learning Runtime on Validation Set: 11804.439999999999
2024-04-17 10:34 | INFO | Query 44 Active Learning Runtime on Test Set: 38304.100000000006
2024-04-17 10:34 | INFO | Query 44 Active Learning Instance Cost: 1063807.01
2024-04-17 10:34 | INFO | Timeout limit is increased to 3600
2024-04-17 10:34 | INFO | Query 45 Size of the uncertainty table is = 5399/7755
2024-04-17 10:34 | INFO | Query 45 Size of the filtered table is = 78
2024-04-17 10:34 | INFO | Query 45 Active Learning Runtime on Validation Set: 8625.39
2024-04-17 10:34 | INFO | Query 45 Active Learning Runtime on Test Set: 38304.07
2024-04-17 10:34 | INFO | Query 45 Active Learning Instance Cost: 1176023.52
2024-04-17 10:34 | INFO | Query 46 Size of the uncertainty table is = 5137/7755
2024-04-17 10:34 | INFO | Query 46 Size of the filtered table is = 78
2024-04-17 10:35 | INFO | Query 46 Active Learning Runtime on Validation Set: 8625.39
2024-04-17 10:35 | INFO | Query 46 Active Learning Runtime on Test Set: 38308.270000000004
2024-04-17 10:35 | INFO | Query 46 Active Learning Instance Cost: 1282881.71
2024-04-17 10:35 | INFO | Timeout limit is increased to 3600
2024-04-17 10:35 | INFO | Query 47 Size of the uncertainty table is = 4875/7755
2024-04-17 10:35 | INFO | Query 47 Size of the filtered table is = 78
2024-04-17 10:35 | INFO | Query 47 Active Learning Runtime on Validation Set: 43999.79
2024-04-17 10:35 | INFO | Query 47 Active Learning Runtime on Test Set: 38299.630000000005
2024-04-17 10:35 | INFO | Query 47 Active Learning Instance Cost: 1428081.88
2024-04-17 10:35 | INFO | Timeout limit is increased to 3600
2024-04-17 10:35 | INFO | Query 48 Size of the uncertainty table is = 4591/7755
2024-04-17 10:35 | INFO | Query 48 Size of the filtered table is = 78
2024-04-17 10:36 | INFO | Query 48 Active Learning Runtime on Validation Set: 8625.39
2024-04-17 10:36 | INFO | Query 48 Active Learning Runtime on Test Set: 2542.1000000000004
2024-04-17 10:36 | INFO | Query 48 Active Learning Instance Cost: 1607370.35
2024-04-17 10:36 | INFO | Query 49 Size of the uncertainty table is = 4300/7755
2024-04-17 10:36 | INFO | Query 49 Size of the filtered table is = 78
2024-04-17 10:36 | INFO | Query 49 Active Learning Runtime on Validation Set: 8625.39
2024-04-17 10:36 | INFO | Query 49 Active Learning Runtime on Test Set: 2534.3700000000003
2024-04-17 10:36 | INFO | Query 49 Active Learning Instance Cost: 1678260.93
2024-04-17 10:36 | INFO | Timeout limit is increased to 3600
2024-04-17 10:36 | INFO | Query 50 Size of the uncertainty table is = 4010/7755
2024-04-17 10:36 | INFO | Query 50 Size of the filtered table is = 78
2024-04-17 10:37 | INFO | Query 50 Active Learning Runtime on Validation Set: 8625.39
2024-04-17 10:37 | INFO | Query 50 Active Learning Runtime on Test Set: 2534.4500000000003
2024-04-17 10:37 | INFO | Query 50 Active Learning Instance Cost: 1724955.12
2024-04-17 10:37 | INFO | Timeout limit is increased to 3600
2024-04-17 10:37 | INFO | Query 51 Size of the uncertainty table is = 3724/7755
2024-04-17 10:37 | INFO | Query 51 Size of the filtered table is = 78
2024-04-17 10:37 | INFO | Query 51 Active Learning Runtime on Validation Set: 8625.369999999999
2024-04-17 10:37 | INFO | Query 51 Active Learning Runtime on Test Set: 2568.8300000000004
2024-04-17 10:37 | INFO | Query 51 Active Learning Instance Cost: 1740905.02
2024-04-17 10:37 | INFO | Query 52 Size of the uncertainty table is = 3436/7755
2024-04-17 10:37 | INFO | Query 52 Size of the filtered table is = 78
2024-04-17 10:38 | INFO | Query 52 Active Learning Runtime on Validation Set: 8625.369999999999
2024-04-17 10:38 | INFO | Query 52 Active Learning Runtime on Test Set: 2560.4900000000002
2024-04-17 10:38 | INFO | Query 52 Active Learning Instance Cost: 1785039.02
2024-04-17 10:38 | INFO | Timeout limit is increased to 3600
2024-04-17 10:38 | INFO | Query 53 Size of the uncertainty table is = 3086/7755
2024-04-17 10:38 | INFO | Query 53 Size of the filtered table is = 78
2024-04-17 10:38 | INFO | Query 53 Active Learning Runtime on Validation Set: 8713.029999999999
2024-04-17 10:38 | INFO | Query 53 Active Learning Runtime on Test Set: 38620.14
2024-04-17 10:38 | INFO | Query 53 Active Learning Instance Cost: 1901513.32
2024-04-17 10:38 | INFO | Timeout limit is increased to 3600
2024-04-17 10:38 | INFO | Query 54 Size of the uncertainty table is = 2572/7755
2024-04-17 10:38 | INFO | Query 54 Size of the filtered table is = 78
2024-04-17 10:39 | INFO | Query 54 Active Learning Runtime on Validation Set: 8713.029999999999
2024-04-17 10:39 | INFO | Query 54 Active Learning Runtime on Test Set: 38619.490000000005
2024-04-17 10:39 | INFO | Query 54 Active Learning Instance Cost: 2006948.45
2024-04-17 10:39 | INFO | Timeout limit is increased to 3600
2024-04-17 10:39 | INFO | Query 55 Size of the uncertainty table is = 2265/7755
2024-04-17 10:39 | INFO | Query 55 Size of the filtered table is = 78
2024-04-17 10:39 | INFO | Query 55 Active Learning Runtime on Validation Set: 8690.92
2024-04-17 10:39 | INFO | Query 55 Active Learning Runtime on Test Set: 38593.64
2024-04-17 10:39 | INFO | Query 55 Active Learning Instance Cost: 2039664.69
2024-04-17 10:39 | INFO | Query 56 Size of the uncertainty table is = 2036/7755
2024-04-17 10:39 | INFO | Query 56 Size of the filtered table is = 78
2024-04-17 10:40 | INFO | Query 56 Active Learning Runtime on Validation Set: 8690.9
2024-04-17 10:40 | INFO | Query 56 Active Learning Runtime on Test Set: 38629.55
2024-04-17 10:40 | INFO | Query 56 Active Learning Instance Cost: 2057808.52
2024-04-17 10:40 | INFO | Query 57 Size of the uncertainty table is = 1797/7755
2024-04-17 10:40 | INFO | Query 57 Size of the filtered table is = 78
2024-04-17 10:40 | INFO | Query 57 Active Learning Runtime on Validation Set: 8690.9
2024-04-17 10:40 | INFO | Query 57 Active Learning Runtime on Test Set: 38530.98
2024-04-17 10:40 | INFO | Query 57 Active Learning Instance Cost: 2198635.21
2024-04-17 10:40 | INFO | Timeout limit is increased to 3600
2024-04-17 10:40 | INFO | Query 58 Size of the uncertainty table is = 1441/7755
2024-04-17 10:40 | INFO | Query 58 Size of the filtered table is = 78
2024-04-17 10:41 | INFO | Query 58 Active Learning Runtime on Validation Set: 8690.92
2024-04-17 10:41 | INFO | Query 58 Active Learning Runtime on Test Set: 2537.0800000000004
2024-04-17 10:41 | INFO | Query 58 Active Learning Instance Cost: 2260807.92
2024-04-17 10:41 | INFO | Timeout limit is increased to 3600
2024-04-17 10:41 | INFO | Query 59 Size of the uncertainty table is = 1130/7755
2024-04-17 10:41 | INFO | Query 59 Size of the filtered table is = 78
2024-04-17 10:41 | INFO | Query 59 Active Learning Runtime on Validation Set: 8690.9
2024-04-17 10:41 | INFO | Query 59 Active Learning Runtime on Test Set: 38495.48
2024-04-17 10:41 | INFO | Query 59 Active Learning Instance Cost: 2316105.09
2024-04-17 10:41 | INFO | Query 60 Size of the uncertainty table is = 886/7755
2024-04-17 10:41 | INFO | Query 60 Size of the filtered table is = 78
2024-04-17 10:42 | INFO | Query 60 Active Learning Runtime on Validation Set: 8713.029999999999
2024-04-17 10:42 | INFO | Query 60 Active Learning Runtime on Test Set: 38593.350000000006
2024-04-17 10:42 | INFO | Query 60 Active Learning Instance Cost: 2348442.04
2024-04-17 10:42 | INFO | Timeout limit is increased to 3600
2024-04-17 10:42 | INFO | Query 61 Size of the uncertainty table is = 681/7755
2024-04-17 10:42 | INFO | Query 61 Size of the filtered table is = 78
2024-04-17 10:42 | INFO | Query 61 Active Learning Runtime on Validation Set: 8713.029999999999
2024-04-17 10:42 | INFO | Query 61 Active Learning Runtime on Test Set: 38494.96000000001
2024-04-17 10:42 | INFO | Query 61 Active Learning Instance Cost: 2393378.9
2024-04-17 10:42 | INFO | Timeout limit is increased to 3600
2024-04-17 10:42 | INFO | Query 62 Size of the uncertainty table is = 413/7755
2024-04-17 10:42 | INFO | Query 62 Size of the filtered table is = 78
2024-04-17 10:43 | INFO | Query 62 Active Learning Runtime on Validation Set: 8690.92
2024-04-17 10:43 | INFO | Query 62 Active Learning Runtime on Test Set: 2493.26
2024-04-17 10:43 | INFO | Query 62 Active Learning Instance Cost: 2573383.75
2024-04-17 10:43 | INFO | Query 63 Size of the uncertainty table is = 137/7755
2024-04-17 10:43 | INFO | Query 63 Size of the filtered table is = 78
2024-04-17 10:43 | INFO | Query 63 Active Learning Runtime on Validation Set: 8713.029999999999
2024-04-17 10:43 | INFO | Query 63 Active Learning Runtime on Test Set: 2493.0800000000004
2024-04-17 10:43 | INFO | Query 63 Active Learning Instance Cost: 2645371.14
2024-04-17 10:43 | INFO | Timeout limit is increased to 3600
2024-04-17 10:43 | INFO | Query 64 Size of the uncertainty table is = 5/7755
2024-04-17 10:43 | INFO | Query 64 Size of the filtered table is = 5
2024-04-17 10:44 | INFO | Query 64 Active Learning Runtime on Validation Set: 8713.029999999999
2024-04-17 10:44 | INFO | Query 64 Active Learning Runtime on Test Set: 2493.0800000000004
2024-04-17 10:44 | INFO | Query 64 Active Learning Instance Cost: 2648971.14
2024-04-17 10:44 | INFO | Timeout limit is increased to 3600
2024-04-17 10:44 | INFO | runtime_test_score is written as json file
2024-04-17 10:44 | INFO | runtime_validation_score is written as json file
2024-04-17 10:44 | INFO | instance_cost is written as json file
2024-04-17 10:44 | INFO | Experiment is finished
