2024-04-17 10:41 | INFO | Paramaters are: {'dataset': 'QBF-2011', 'penalty': 10, 'weight': 'No_Weight', 'voting': 'Hard', 'pre_selection_size': 64, 'pre_selection_technique': 'No_pre_selection', 'feature_elimination_threshold': 20, 'imputer_strategy': 'median', 'feature_selection_technique': 'No_feature_selection', 'feature_scaling_technique': 'StandardScaler', 'initial_train_size': 20, 'query_size': 1, 'timeout_predictor_usage': 'No', 'timeout_limit': 100, 'timeout_increase_rate': 100, 'RANDOM_STATE_SEED': 123, 'n_splits': 10, 'split_number': 3, 'max_timeout': 3600, 'param_grid': {'n_estimators': 100, 'criterion': 'gini', 'max_features': 'sqrt', 'max_depth': 2147483648, 'min_samples_split': 2, 'bootstrap': True}}
2024-04-17 10:41 | INFO | QBF-2011 is current dataset
2024-04-17 10:41 | INFO | DATASETS/QBF-2011/algorithm_runs.csv is found
2024-04-17 10:41 | INFO | DATASETS/QBF-2011/algorithm_runs.csv is finished
2024-04-17 10:41 | INFO | DATASETS/QBF-2011/feature_values.csv is found
2024-04-17 10:41 | INFO | DATASETS/QBF-2011/feature_values.csv is finished
2024-04-17 10:41 | INFO | Virtual best solver time in train = 69543.88
2024-04-17 10:41 | INFO | Single best solver list train = {'2clsQ': 13551617.07, 'QuBE': 10191920.88, 'quantor': 18165126.57, 'sKizzo': 6323869.35, 'sSolve': 8502846.18}
2024-04-17 10:41 | INFO | Single best solver time train = sKizzo (6323869.35)
2024-04-17 10:41 | INFO | Virtual best solver time in validation = 16305.52
2024-04-17 10:41 | INFO | Single best solver list validation = {'2clsQ': 3151272.59, 'QuBE': 2242345.93, 'quantor': 3604070.15, 'sKizzo': 2253127.06, 'sSolve': 3003088.24}
2024-04-17 10:41 | INFO | Single best solver time validation = QuBE (2242345.93)
2024-04-17 10:41 | INFO | Virtual best solver time in test = 15302.51
2024-04-17 10:41 | INFO | Single best solver list test = {'2clsQ': 1930858.76, 'QuBE': 1485840.4, 'quantor': 2272545.88, 'sKizzo': 1090677.19, 'sSolve': 1134250.88}
2024-04-17 10:41 | INFO | Single best solver time test = sKizzo (1090677.19)
2024-04-17 10:42 | INFO | Passive Learning Runtime on Validation Set: 1349345.52
2024-04-17 10:42 | INFO | Passive Learning Runtime on Test Set: 308249.98
2024-04-17 10:42 | INFO | Passive Learning Instance Cost: 6126580.05
2024-04-17 10:42 | INFO | Initial Active Learning Runtime on Validation Set: 1348622.38
2024-04-17 10:42 | INFO | Initial Active Learning Runtime on Test Set: 1158885.85
2024-04-17 10:42 | INFO | Initial Active Learning Instance Cost: 5586.76
2024-04-17 10:42 | INFO | Bin size = 74
2024-04-17 10:42 | INFO | Query 1 Size of the uncertainty table is = 7444/7380
2024-04-17 10:42 | INFO | Query 1 Size of the filtered table is = 74
2024-04-17 10:42 | INFO | Query 1 Active Learning Runtime on Validation Set: 1382253.74
2024-04-17 10:42 | INFO | Query 1 Active Learning Runtime on Test Set: 1197643.8
2024-04-17 10:42 | INFO | Query 1 Active Learning Instance Cost: 12326.63
2024-04-17 10:42 | INFO | Timeout limit is increased to 200
2024-04-17 10:42 | INFO | Query 2 Size of the uncertainty table is = 7380/7380
2024-04-17 10:42 | INFO | Query 2 Size of the filtered table is = 74
2024-04-17 10:43 | INFO | Query 2 Active Learning Runtime on Validation Set: 1065394.18
2024-04-17 10:43 | INFO | Query 2 Active Learning Runtime on Test Set: 1053293.47
2024-04-17 10:43 | INFO | Query 2 Active Learning Instance Cost: 28254.33
2024-04-17 10:43 | INFO | Query 3 Size of the uncertainty table is = 7318/7380
2024-04-17 10:43 | INFO | Query 3 Size of the filtered table is = 74
2024-04-17 10:43 | INFO | Query 3 Active Learning Runtime on Validation Set: 885968.34
2024-04-17 10:43 | INFO | Query 3 Active Learning Runtime on Test Set: 1125189.18
2024-04-17 10:43 | INFO | Query 3 Active Learning Instance Cost: 40362.61
2024-04-17 10:43 | INFO | Query 4 Size of the uncertainty table is = 7224/7380
2024-04-17 10:43 | INFO | Query 4 Size of the filtered table is = 74
2024-04-17 10:44 | INFO | Query 4 Active Learning Runtime on Validation Set: 958980.97
2024-04-17 10:44 | INFO | Query 4 Active Learning Runtime on Test Set: 949033.73
2024-04-17 10:44 | INFO | Query 4 Active Learning Instance Cost: 53993.08
2024-04-17 10:44 | INFO | Timeout limit is increased to 300
2024-04-17 10:44 | INFO | Query 5 Size of the uncertainty table is = 7146/7380
2024-04-17 10:44 | INFO | Query 5 Size of the filtered table is = 74
2024-04-17 10:44 | INFO | Query 5 Active Learning Runtime on Validation Set: 886744.13
2024-04-17 10:44 | INFO | Query 5 Active Learning Runtime on Test Set: 629352.63
2024-04-17 10:44 | INFO | Query 5 Active Learning Instance Cost: 75878.32
2024-04-17 10:44 | INFO | Query 6 Size of the uncertainty table is = 7075/7380
2024-04-17 10:44 | INFO | Query 6 Size of the filtered table is = 74
2024-04-17 10:45 | INFO | Query 6 Active Learning Runtime on Validation Set: 923070.46
2024-04-17 10:45 | INFO | Query 6 Active Learning Runtime on Test Set: 665286.92
2024-04-17 10:45 | INFO | Query 6 Active Learning Instance Cost: 95575.46
2024-04-17 10:45 | INFO | Timeout limit is increased to 400
2024-04-17 10:45 | INFO | Query 7 Size of the uncertainty table is = 6978/7380
2024-04-17 10:45 | INFO | Query 7 Size of the filtered table is = 74
2024-04-17 10:45 | INFO | Query 7 Active Learning Runtime on Validation Set: 886743.09
2024-04-17 10:45 | INFO | Query 7 Active Learning Runtime on Test Set: 629287.18
2024-04-17 10:45 | INFO | Query 7 Active Learning Instance Cost: 122221.32
2024-04-17 10:45 | INFO | Query 8 Size of the uncertainty table is = 6881/7380
2024-04-17 10:45 | INFO | Query 8 Size of the filtered table is = 74
2024-04-17 10:45 | INFO | Query 8 Active Learning Runtime on Validation Set: 1239624.02
2024-04-17 10:45 | INFO | Query 8 Active Learning Runtime on Test Set: 595831.63
2024-04-17 10:45 | INFO | Query 8 Active Learning Instance Cost: 161235.75
2024-04-17 10:45 | INFO | Timeout limit is increased to 500
2024-04-17 10:45 | INFO | Query 9 Size of the uncertainty table is = 6817/7380
2024-04-17 10:45 | INFO | Query 9 Size of the filtered table is = 74
2024-04-17 10:46 | INFO | Query 9 Active Learning Runtime on Validation Set: 1385421.07
2024-04-17 10:46 | INFO | Query 9 Active Learning Runtime on Test Set: 595810.66
2024-04-17 10:46 | INFO | Query 9 Active Learning Instance Cost: 192881.75
2024-04-17 10:46 | INFO | Timeout limit is increased to 600
2024-04-17 10:46 | INFO | Query 10 Size of the uncertainty table is = 6708/7380
2024-04-17 10:46 | INFO | Query 10 Size of the filtered table is = 74
2024-04-17 10:46 | INFO | Query 10 Active Learning Runtime on Validation Set: 1776764.99
2024-04-17 10:46 | INFO | Query 10 Active Learning Runtime on Test Set: 631806.22
2024-04-17 10:46 | INFO | Query 10 Active Learning Instance Cost: 239892.6
2024-04-17 10:46 | INFO | Timeout limit is increased to 700
2024-04-17 10:46 | INFO | Query 11 Size of the uncertainty table is = 6622/7380
2024-04-17 10:46 | INFO | Query 11 Size of the filtered table is = 74
2024-04-17 10:47 | INFO | Query 11 Active Learning Runtime on Validation Set: 1352430.44
2024-04-17 10:47 | INFO | Query 11 Active Learning Runtime on Test Set: 488345.44
2024-04-17 10:47 | INFO | Query 11 Active Learning Instance Cost: 297771.38
2024-04-17 10:47 | INFO | Query 12 Size of the uncertainty table is = 6532/7380
2024-04-17 10:47 | INFO | Query 12 Size of the filtered table is = 74
2024-04-17 10:47 | INFO | Query 12 Active Learning Runtime on Validation Set: 1171513.45
2024-04-17 10:47 | INFO | Query 12 Active Learning Runtime on Test Set: 488355.18
2024-04-17 10:47 | INFO | Query 12 Active Learning Instance Cost: 339876.76
2024-04-17 10:47 | INFO | Query 13 Size of the uncertainty table is = 6467/7380
2024-04-17 10:47 | INFO | Query 13 Size of the filtered table is = 74
2024-04-17 10:48 | INFO | Query 13 Active Learning Runtime on Validation Set: 1060697.45
2024-04-17 10:48 | INFO | Query 13 Active Learning Runtime on Test Set: 488325.81
2024-04-17 10:48 | INFO | Query 13 Active Learning Instance Cost: 389484.4
2024-04-17 10:48 | INFO | Query 14 Size of the uncertainty table is = 6396/7380
2024-04-17 10:48 | INFO | Query 14 Size of the filtered table is = 74
2024-04-17 10:48 | INFO | Query 14 Active Learning Runtime on Validation Set: 921393.28
2024-04-17 10:48 | INFO | Query 14 Active Learning Runtime on Test Set: 488304.83
2024-04-17 10:48 | INFO | Query 14 Active Learning Instance Cost: 435387.75
2024-04-17 10:48 | INFO | Query 15 Size of the uncertainty table is = 6342/7380
2024-04-17 10:48 | INFO | Query 15 Size of the filtered table is = 74
2024-04-17 10:49 | INFO | Query 15 Active Learning Runtime on Validation Set: 918601.95
2024-04-17 10:49 | INFO | Query 15 Active Learning Runtime on Test Set: 488311.55
2024-04-17 10:49 | INFO | Query 15 Active Learning Instance Cost: 479600.04
2024-04-17 10:49 | INFO | Query 16 Size of the uncertainty table is = 6274/7380
2024-04-17 10:49 | INFO | Query 16 Size of the filtered table is = 74
2024-04-17 10:49 | INFO | Query 16 Active Learning Runtime on Validation Set: 920695.1
2024-04-17 10:49 | INFO | Query 16 Active Learning Runtime on Test Set: 488304.26
2024-04-17 10:49 | INFO | Query 16 Active Learning Instance Cost: 509218.94
2024-04-17 10:49 | INFO | Timeout limit is increased to 800
2024-04-17 10:49 | INFO | Query 17 Size of the uncertainty table is = 6197/7380
2024-04-17 10:49 | INFO | Query 17 Size of the filtered table is = 74
2024-04-17 10:50 | INFO | Query 17 Active Learning Runtime on Validation Set: 1313417.66
2024-04-17 10:50 | INFO | Query 17 Active Learning Runtime on Test Set: 488303.71
2024-04-17 10:50 | INFO | Query 17 Active Learning Instance Cost: 542869.98
2024-04-17 10:50 | INFO | Timeout limit is increased to 900
2024-04-17 10:50 | INFO | Query 18 Size of the uncertainty table is = 6132/7380
2024-04-17 10:50 | INFO | Query 18 Size of the filtered table is = 74
2024-04-17 10:50 | INFO | Query 18 Active Learning Runtime on Validation Set: 1313425.06
2024-04-17 10:50 | INFO | Query 18 Active Learning Runtime on Test Set: 488304.12
2024-04-17 10:50 | INFO | Query 18 Active Learning Instance Cost: 605036.0
2024-04-17 10:50 | INFO | Timeout limit is increased to 1000
2024-04-17 10:50 | INFO | Query 19 Size of the uncertainty table is = 6090/7380
2024-04-17 10:50 | INFO | Query 19 Size of the filtered table is = 74
2024-04-17 10:50 | INFO | Query 19 Active Learning Runtime on Validation Set: 1313425.04
2024-04-17 10:50 | INFO | Query 19 Active Learning Runtime on Test Set: 452316.13
2024-04-17 10:50 | INFO | Query 19 Active Learning Instance Cost: 664445.96
2024-04-17 10:50 | INFO | Query 20 Size of the uncertainty table is = 6052/7380
2024-04-17 10:50 | INFO | Query 20 Size of the filtered table is = 74
2024-04-17 10:51 | INFO | Query 20 Active Learning Runtime on Validation Set: 1313425.04
2024-04-17 10:51 | INFO | Query 20 Active Learning Runtime on Test Set: 416596.24
2024-04-17 10:51 | INFO | Query 20 Active Learning Instance Cost: 684607.92
2024-04-17 10:51 | INFO | Timeout limit is increased to 1100
2024-04-17 10:51 | INFO | Query 21 Size of the uncertainty table is = 6008/7380
2024-04-17 10:51 | INFO | Query 21 Size of the filtered table is = 74
2024-04-17 10:51 | INFO | Query 21 Active Learning Runtime on Validation Set: 1313430.95
2024-04-17 10:51 | INFO | Query 21 Active Learning Runtime on Test Set: 416596.28
2024-04-17 10:51 | INFO | Query 21 Active Learning Instance Cost: 745234.51
2024-04-17 10:51 | INFO | Timeout limit is increased to 1200
2024-04-17 10:51 | INFO | Query 22 Size of the uncertainty table is = 5971/7380
2024-04-17 10:51 | INFO | Query 22 Size of the filtered table is = 74
2024-04-17 10:52 | INFO | Query 22 Active Learning Runtime on Validation Set: 1313425.03
2024-04-17 10:52 | INFO | Query 22 Active Learning Runtime on Test Set: 416209.13
2024-04-17 10:52 | INFO | Query 22 Active Learning Instance Cost: 794825.26
2024-04-17 10:52 | INFO | Query 23 Size of the uncertainty table is = 5927/7380
2024-04-17 10:52 | INFO | Query 23 Size of the filtered table is = 74
2024-04-17 10:52 | INFO | Query 23 Active Learning Runtime on Validation Set: 1313417.75
2024-04-17 10:52 | INFO | Query 23 Active Learning Runtime on Test Set: 416209.18
2024-04-17 10:52 | INFO | Query 23 Active Learning Instance Cost: 826320.61
2024-04-17 10:52 | INFO | Query 24 Size of the uncertainty table is = 5900/7380
2024-04-17 10:52 | INFO | Query 24 Size of the filtered table is = 74
2024-04-17 10:53 | INFO | Query 24 Active Learning Runtime on Validation Set: 1100304.59
2024-04-17 10:53 | INFO | Query 24 Active Learning Runtime on Test Set: 416208.69
2024-04-17 10:53 | INFO | Query 24 Active Learning Instance Cost: 858207.58
2024-04-17 10:53 | INFO | Query 25 Size of the uncertainty table is = 5882/7380
2024-04-17 10:53 | INFO | Query 25 Size of the filtered table is = 74
2024-04-17 10:53 | INFO | Query 25 Active Learning Runtime on Validation Set: 1313423.04
2024-04-17 10:53 | INFO | Query 25 Active Learning Runtime on Test Set: 416245.55
2024-04-17 10:53 | INFO | Query 25 Active Learning Instance Cost: 866298.98
2024-04-17 10:53 | INFO | Timeout limit is increased to 1300
2024-04-17 10:53 | INFO | Query 26 Size of the uncertainty table is = 5844/7380
2024-04-17 10:53 | INFO | Query 26 Size of the filtered table is = 74
2024-04-17 10:54 | INFO | Query 26 Active Learning Runtime on Validation Set: 1313430.44
2024-04-17 10:54 | INFO | Query 26 Active Learning Runtime on Test Set: 416245.5
2024-04-17 10:54 | INFO | Query 26 Active Learning Instance Cost: 892470.73
2024-04-17 10:54 | INFO | Timeout limit is increased to 1400
2024-04-17 10:54 | INFO | Query 27 Size of the uncertainty table is = 5836/7380
2024-04-17 10:54 | INFO | Query 27 Size of the filtered table is = 74
2024-04-17 10:54 | INFO | Query 27 Active Learning Runtime on Validation Set: 1313430.44
2024-04-17 10:54 | INFO | Query 27 Active Learning Runtime on Test Set: 416245.5
2024-04-17 10:54 | INFO | Query 27 Active Learning Instance Cost: 911970.73
2024-04-17 10:54 | INFO | Timeout limit is increased to 1500
2024-04-17 10:54 | INFO | Query 28 Size of the uncertainty table is = 5836/7380
2024-04-17 10:54 | INFO | Query 28 Size of the filtered table is = 74
2024-04-17 10:54 | INFO | Query 28 Active Learning Runtime on Validation Set: 1313430.44
2024-04-17 10:54 | INFO | Query 28 Active Learning Runtime on Test Set: 416245.5
2024-04-17 10:54 | INFO | Query 28 Active Learning Instance Cost: 926180.26
2024-04-17 10:54 | INFO | Timeout limit is increased to 1600
2024-04-17 10:54 | INFO | Query 29 Size of the uncertainty table is = 5833/7380
2024-04-17 10:54 | INFO | Query 29 Size of the filtered table is = 74
2024-04-17 10:55 | INFO | Query 29 Active Learning Runtime on Validation Set: 1313430.44
2024-04-17 10:55 | INFO | Query 29 Active Learning Runtime on Test Set: 416209.13
2024-04-17 10:55 | INFO | Query 29 Active Learning Instance Cost: 948280.26
2024-04-17 10:55 | INFO | Timeout limit is increased to 1700
2024-04-17 10:55 | INFO | Query 30 Size of the uncertainty table is = 5831/7380
2024-04-17 10:55 | INFO | Query 30 Size of the filtered table is = 74
2024-04-17 10:55 | INFO | Query 30 Active Learning Runtime on Validation Set: 1313430.44
2024-04-17 10:55 | INFO | Query 30 Active Learning Runtime on Test Set: 416209.13
2024-04-17 10:55 | INFO | Query 30 Active Learning Instance Cost: 964214.76
2024-04-17 10:55 | INFO | Timeout limit is increased to 1800
2024-04-17 10:55 | INFO | Query 31 Size of the uncertainty table is = 5830/7380
2024-04-17 10:55 | INFO | Query 31 Size of the filtered table is = 74
2024-04-17 10:56 | INFO | Query 31 Active Learning Runtime on Validation Set: 1313430.46
2024-04-17 10:56 | INFO | Query 31 Active Learning Runtime on Test Set: 416245.5
2024-04-17 10:56 | INFO | Query 31 Active Learning Instance Cost: 989117.32
2024-04-17 10:56 | INFO | Timeout limit is increased to 1900
2024-04-17 10:56 | INFO | Query 32 Size of the uncertainty table is = 5822/7380
2024-04-17 10:56 | INFO | Query 32 Size of the filtered table is = 74
2024-04-17 10:56 | INFO | Query 32 Active Learning Runtime on Validation Set: 1313430.46
2024-04-17 10:56 | INFO | Query 32 Active Learning Runtime on Test Set: 416245.5
2024-04-17 10:56 | INFO | Query 32 Active Learning Instance Cost: 1029806.32
2024-04-17 10:56 | INFO | Timeout limit is increased to 2000
2024-04-17 10:56 | INFO | Query 33 Size of the uncertainty table is = 5819/7380
2024-04-17 10:56 | INFO | Query 33 Size of the filtered table is = 74
2024-04-17 10:57 | INFO | Query 33 Active Learning Runtime on Validation Set: 1348914.78
2024-04-17 10:57 | INFO | Query 33 Active Learning Runtime on Test Set: 416208.69
2024-04-17 10:57 | INFO | Query 33 Active Learning Instance Cost: 1056712.18
2024-04-17 10:57 | INFO | Timeout limit is increased to 2100
2024-04-17 10:57 | INFO | Query 34 Size of the uncertainty table is = 5811/7380
2024-04-17 10:57 | INFO | Query 34 Size of the filtered table is = 74
2024-04-17 10:57 | INFO | Query 34 Active Learning Runtime on Validation Set: 1348914.76
2024-04-17 10:57 | INFO | Query 34 Active Learning Runtime on Test Set: 416209.72
2024-04-17 10:57 | INFO | Query 34 Active Learning Instance Cost: 1101519.12
2024-04-17 10:57 | INFO | Query 35 Size of the uncertainty table is = 5797/7380
2024-04-17 10:57 | INFO | Query 35 Size of the filtered table is = 74
2024-04-17 10:58 | INFO | Query 35 Active Learning Runtime on Validation Set: 1420912.08
2024-04-17 10:58 | INFO | Query 35 Active Learning Runtime on Test Set: 416209.43
2024-04-17 10:58 | INFO | Query 35 Active Learning Instance Cost: 1145331.95
2024-04-17 10:58 | INFO | Timeout limit is increased to 2200
2024-04-17 10:58 | INFO | Query 36 Size of the uncertainty table is = 5792/7380
2024-04-17 10:58 | INFO | Query 36 Size of the filtered table is = 74
2024-04-17 10:58 | INFO | Query 36 Active Learning Runtime on Validation Set: 1384912.97
2024-04-17 10:58 | INFO | Query 36 Active Learning Runtime on Test Set: 416208.72
2024-04-17 10:58 | INFO | Query 36 Active Learning Instance Cost: 1182932.81
2024-04-17 10:58 | INFO | Query 37 Size of the uncertainty table is = 5782/7380
2024-04-17 10:58 | INFO | Query 37 Size of the filtered table is = 74
2024-04-17 10:59 | INFO | Query 37 Active Learning Runtime on Validation Set: 1420911.93
2024-04-17 10:59 | INFO | Query 37 Active Learning Runtime on Test Set: 416208.99
2024-04-17 10:59 | INFO | Query 37 Active Learning Instance Cost: 1198249.27
2024-04-17 10:59 | INFO | Timeout limit is increased to 2300
2024-04-17 10:59 | INFO | Query 38 Size of the uncertainty table is = 5773/7380
2024-04-17 10:59 | INFO | Query 38 Size of the filtered table is = 74
2024-04-17 10:59 | INFO | Query 38 Active Learning Runtime on Validation Set: 1385815.74
2024-04-17 10:59 | INFO | Query 38 Active Learning Runtime on Test Set: 416208.99
2024-04-17 10:59 | INFO | Query 38 Active Learning Instance Cost: 1233015.17
2024-04-17 10:59 | INFO | Query 39 Size of the uncertainty table is = 5760/7380
2024-04-17 10:59 | INFO | Query 39 Size of the filtered table is = 74
2024-04-17 10:59 | INFO | Query 39 Active Learning Runtime on Validation Set: 1205611.02
2024-04-17 10:59 | INFO | Query 39 Active Learning Runtime on Test Set: 416208.28
2024-04-17 10:59 | INFO | Query 39 Active Learning Instance Cost: 1245234.38
2024-04-17 10:59 | INFO | Query 40 Size of the uncertainty table is = 5751/7380
2024-04-17 10:59 | INFO | Query 40 Size of the filtered table is = 74
2024-04-17 11:00 | INFO | Query 40 Active Learning Runtime on Validation Set: 1385427.76
2024-04-17 11:00 | INFO | Query 40 Active Learning Runtime on Test Set: 416208.99
2024-04-17 11:00 | INFO | Query 40 Active Learning Instance Cost: 1291011.57
2024-04-17 11:00 | INFO | Timeout limit is increased to 2400
2024-04-17 11:00 | INFO | Query 41 Size of the uncertainty table is = 5741/7380
2024-04-17 11:00 | INFO | Query 41 Size of the filtered table is = 74
2024-04-17 11:00 | INFO | Query 41 Active Learning Runtime on Validation Set: 1385427.76
2024-04-17 11:00 | INFO | Query 41 Active Learning Runtime on Test Set: 416208.99
2024-04-17 11:00 | INFO | Query 41 Active Learning Instance Cost: 1334511.64
2024-04-17 11:00 | INFO | Timeout limit is increased to 2500
2024-04-17 11:00 | INFO | Query 42 Size of the uncertainty table is = 5739/7380
2024-04-17 11:00 | INFO | Query 42 Size of the filtered table is = 74
2024-04-17 11:01 | INFO | Query 42 Active Learning Runtime on Validation Set: 1385427.76
2024-04-17 11:01 | INFO | Query 42 Active Learning Runtime on Test Set: 416208.99
2024-04-17 11:01 | INFO | Query 42 Active Learning Instance Cost: 1359711.64
2024-04-17 11:01 | INFO | Timeout limit is increased to 2600
2024-04-17 11:01 | INFO | Query 43 Size of the uncertainty table is = 5739/7380
2024-04-17 11:01 | INFO | Query 43 Size of the filtered table is = 74
2024-04-17 11:01 | INFO | Query 43 Active Learning Runtime on Validation Set: 1385427.76
2024-04-17 11:01 | INFO | Query 43 Active Learning Runtime on Test Set: 416208.99
2024-04-17 11:01 | INFO | Query 43 Active Learning Instance Cost: 1373511.64
2024-04-17 11:01 | INFO | Timeout limit is increased to 2700
2024-04-17 11:01 | INFO | Query 44 Size of the uncertainty table is = 5739/7380
2024-04-17 11:01 | INFO | Query 44 Size of the filtered table is = 74
2024-04-17 11:02 | INFO | Query 44 Active Learning Runtime on Validation Set: 1385427.76
2024-04-17 11:02 | INFO | Query 44 Active Learning Runtime on Test Set: 416208.99
2024-04-17 11:02 | INFO | Query 44 Active Learning Instance Cost: 1387311.64
2024-04-17 11:02 | INFO | Timeout limit is increased to 2800
2024-04-17 11:02 | INFO | Query 45 Size of the uncertainty table is = 5739/7380
2024-04-17 11:02 | INFO | Query 45 Size of the filtered table is = 74
2024-04-17 11:02 | INFO | Query 45 Active Learning Runtime on Validation Set: 1385427.76
2024-04-17 11:02 | INFO | Query 45 Active Learning Runtime on Test Set: 416208.99
2024-04-17 11:02 | INFO | Query 45 Active Learning Instance Cost: 1401111.64
2024-04-17 11:02 | INFO | Timeout limit is increased to 2900
2024-04-17 11:02 | INFO | Query 46 Size of the uncertainty table is = 5739/7380
2024-04-17 11:02 | INFO | Query 46 Size of the filtered table is = 74
2024-04-17 11:03 | INFO | Query 46 Active Learning Runtime on Validation Set: 1385427.76
2024-04-17 11:03 | INFO | Query 46 Active Learning Runtime on Test Set: 416208.99
2024-04-17 11:03 | INFO | Query 46 Active Learning Instance Cost: 1414911.64
2024-04-17 11:03 | INFO | Timeout limit is increased to 3000
2024-04-17 11:03 | INFO | Query 47 Size of the uncertainty table is = 5739/7380
2024-04-17 11:03 | INFO | Query 47 Size of the filtered table is = 74
2024-04-17 11:03 | INFO | Query 47 Active Learning Runtime on Validation Set: 1385427.76
2024-04-17 11:03 | INFO | Query 47 Active Learning Runtime on Test Set: 416208.99
2024-04-17 11:03 | INFO | Query 47 Active Learning Instance Cost: 1428711.64
2024-04-17 11:03 | INFO | Timeout limit is increased to 3100
2024-04-17 11:03 | INFO | Query 48 Size of the uncertainty table is = 5739/7380
2024-04-17 11:03 | INFO | Query 48 Size of the filtered table is = 74
2024-04-17 11:03 | INFO | Query 48 Active Learning Runtime on Validation Set: 1385427.76
2024-04-17 11:03 | INFO | Query 48 Active Learning Runtime on Test Set: 416208.99
2024-04-17 11:03 | INFO | Query 48 Active Learning Instance Cost: 1442511.64
2024-04-17 11:03 | INFO | Timeout limit is increased to 3200
2024-04-17 11:03 | INFO | Query 49 Size of the uncertainty table is = 5739/7380
2024-04-17 11:03 | INFO | Query 49 Size of the filtered table is = 74
2024-04-17 11:04 | INFO | Query 49 Active Learning Runtime on Validation Set: 1385427.76
2024-04-17 11:04 | INFO | Query 49 Active Learning Runtime on Test Set: 416208.99
2024-04-17 11:04 | INFO | Query 49 Active Learning Instance Cost: 1456311.64
2024-04-17 11:04 | INFO | Timeout limit is increased to 3300
2024-04-17 11:04 | INFO | Query 50 Size of the uncertainty table is = 5739/7380
2024-04-17 11:04 | INFO | Query 50 Size of the filtered table is = 74
2024-04-17 11:04 | INFO | Query 50 Active Learning Runtime on Validation Set: 1385427.76
2024-04-17 11:04 | INFO | Query 50 Active Learning Runtime on Test Set: 416208.99
2024-04-17 11:04 | INFO | Query 50 Active Learning Instance Cost: 1470111.64
2024-04-17 11:04 | INFO | Timeout limit is increased to 3400
2024-04-17 11:04 | INFO | Query 51 Size of the uncertainty table is = 5739/7380
2024-04-17 11:04 | INFO | Query 51 Size of the filtered table is = 74
2024-04-17 11:05 | INFO | Query 51 Active Learning Runtime on Validation Set: 1385427.76
2024-04-17 11:05 | INFO | Query 51 Active Learning Runtime on Test Set: 416208.99
2024-04-17 11:05 | INFO | Query 51 Active Learning Instance Cost: 1483911.64
2024-04-17 11:05 | INFO | Timeout limit is increased to 3500
2024-04-17 11:05 | INFO | Query 52 Size of the uncertainty table is = 5739/7380
2024-04-17 11:05 | INFO | Query 52 Size of the filtered table is = 74
2024-04-17 11:05 | INFO | Query 52 Active Learning Runtime on Validation Set: 1385427.76
2024-04-17 11:05 | INFO | Query 52 Active Learning Runtime on Test Set: 416208.99
2024-04-17 11:05 | INFO | Query 52 Active Learning Instance Cost: 1497711.64
2024-04-17 11:05 | INFO | Timeout limit is increased to 3600
2024-04-17 11:05 | INFO | Query 53 Size of the uncertainty table is = 5739/7380
2024-04-17 11:05 | INFO | Query 53 Size of the filtered table is = 74
2024-04-17 11:06 | INFO | Query 53 Active Learning Runtime on Validation Set: 1385427.76
2024-04-17 11:06 | INFO | Query 53 Active Learning Runtime on Test Set: 416208.99
2024-04-17 11:06 | INFO | Query 53 Active Learning Instance Cost: 1511511.64
2024-04-17 11:06 | INFO | Timeout limit is increased to 3600
2024-04-17 11:06 | INFO | Query 54 Size of the uncertainty table is = 4699/7380
2024-04-17 11:06 | INFO | Query 54 Size of the filtered table is = 74
2024-04-17 11:06 | INFO | Query 54 Active Learning Runtime on Validation Set: 1172659.78
2024-04-17 11:06 | INFO | Query 54 Active Learning Runtime on Test Set: 451965.76
2024-04-17 11:06 | INFO | Query 54 Active Learning Instance Cost: 1798542.8
2024-04-17 11:06 | INFO | Query 55 Size of the uncertainty table is = 4465/7380
2024-04-17 11:06 | INFO | Query 55 Size of the filtered table is = 74
2024-04-17 11:06 | INFO | Query 55 Active Learning Runtime on Validation Set: 1385355.91
2024-04-17 11:06 | INFO | Query 55 Active Learning Runtime on Test Set: 345123.14
2024-04-17 11:06 | INFO | Query 55 Active Learning Instance Cost: 1999622.17
2024-04-17 11:06 | INFO | Timeout limit is increased to 3600
2024-04-17 11:06 | INFO | Query 56 Size of the uncertainty table is = 4242/7380
2024-04-17 11:06 | INFO | Query 56 Size of the filtered table is = 74
2024-04-17 11:07 | INFO | Query 56 Active Learning Runtime on Validation Set: 1421353.62
2024-04-17 11:07 | INFO | Query 56 Active Learning Runtime on Test Set: 344461.81
2024-04-17 11:07 | INFO | Query 56 Active Learning Instance Cost: 2153496.17
2024-04-17 11:07 | INFO | Timeout limit is increased to 3600
2024-04-17 11:07 | INFO | Query 57 Size of the uncertainty table is = 4018/7380
2024-04-17 11:07 | INFO | Query 57 Size of the filtered table is = 74
2024-04-17 11:07 | INFO | Query 57 Active Learning Runtime on Validation Set: 1349365.83
2024-04-17 11:07 | INFO | Query 57 Active Learning Runtime on Test Set: 344495.43
2024-04-17 11:07 | INFO | Query 57 Active Learning Instance Cost: 2258584.98
2024-04-17 11:07 | INFO | Query 58 Size of the uncertainty table is = 3817/7380
2024-04-17 11:07 | INFO | Query 58 Size of the filtered table is = 74
2024-04-17 11:08 | INFO | Query 58 Active Learning Runtime on Validation Set: 1313430.59
2024-04-17 11:08 | INFO | Query 58 Active Learning Runtime on Test Set: 344494.99
2024-04-17 11:08 | INFO | Query 58 Active Learning Instance Cost: 2481287.52
2024-04-17 11:08 | INFO | Query 59 Size of the uncertainty table is = 3605/7380
2024-04-17 11:08 | INFO | Query 59 Size of the filtered table is = 74
2024-04-17 11:08 | INFO | Query 59 Active Learning Runtime on Validation Set: 1313477.22
2024-04-17 11:08 | INFO | Query 59 Active Learning Runtime on Test Set: 344495.5
2024-04-17 11:08 | INFO | Query 59 Active Learning Instance Cost: 2632829.66
2024-04-17 11:08 | INFO | Timeout limit is increased to 3600
2024-04-17 11:08 | INFO | Query 60 Size of the uncertainty table is = 3373/7380
2024-04-17 11:08 | INFO | Query 60 Size of the filtered table is = 74
2024-04-17 11:09 | INFO | Query 60 Active Learning Runtime on Validation Set: 1313450.03
2024-04-17 11:09 | INFO | Query 60 Active Learning Runtime on Test Set: 308601.82
2024-04-17 11:09 | INFO | Query 60 Active Learning Instance Cost: 2783806.57
2024-04-17 11:09 | INFO | Query 61 Size of the uncertainty table is = 3131/7380
2024-04-17 11:09 | INFO | Query 61 Size of the filtered table is = 74
2024-04-17 11:09 | INFO | Query 61 Active Learning Runtime on Validation Set: 1349350.66
2024-04-17 11:09 | INFO | Query 61 Active Learning Runtime on Test Set: 306837.57
2024-04-17 11:09 | INFO | Query 61 Active Learning Instance Cost: 2948175.4
2024-04-17 11:09 | INFO | Timeout limit is increased to 3600
2024-04-17 11:09 | INFO | Query 62 Size of the uncertainty table is = 2925/7380
2024-04-17 11:09 | INFO | Query 62 Size of the filtered table is = 74
2024-04-17 11:10 | INFO | Query 62 Active Learning Runtime on Validation Set: 1349339.54
2024-04-17 11:10 | INFO | Query 62 Active Learning Runtime on Test Set: 306874.7
2024-04-17 11:10 | INFO | Query 62 Active Learning Instance Cost: 3112049.25
2024-04-17 11:10 | INFO | Query 63 Size of the uncertainty table is = 2659/7380
2024-04-17 11:10 | INFO | Query 63 Size of the filtered table is = 74
2024-04-17 11:10 | INFO | Query 63 Active Learning Runtime on Validation Set: 1313452.8
2024-04-17 11:10 | INFO | Query 63 Active Learning Runtime on Test Set: 306874.69
2024-04-17 11:10 | INFO | Query 63 Active Learning Instance Cost: 3362961.37
2024-04-17 11:10 | INFO | Query 64 Size of the uncertainty table is = 2436/7380
2024-04-17 11:10 | INFO | Query 64 Size of the filtered table is = 74
2024-04-17 11:11 | INFO | Query 64 Active Learning Runtime on Validation Set: 1349330.89
2024-04-17 11:11 | INFO | Query 64 Active Learning Runtime on Test Set: 344482.09
2024-04-17 11:11 | INFO | Query 64 Active Learning Instance Cost: 3436427.72
2024-04-17 11:11 | INFO | Timeout limit is increased to 3600
2024-04-17 11:11 | INFO | Query 65 Size of the uncertainty table is = 2185/7380
2024-04-17 11:11 | INFO | Query 65 Size of the filtered table is = 74
2024-04-17 11:11 | INFO | Query 65 Active Learning Runtime on Validation Set: 1349350.69
2024-04-17 11:11 | INFO | Query 65 Active Learning Runtime on Test Set: 308584.16
2024-04-17 11:11 | INFO | Query 65 Active Learning Instance Cost: 3637176.63
2024-04-17 11:11 | INFO | Timeout limit is increased to 3600
2024-04-17 11:11 | INFO | Query 66 Size of the uncertainty table is = 1924/7380
2024-04-17 11:11 | INFO | Query 66 Size of the filtered table is = 74
2024-04-17 11:11 | INFO | Query 66 Active Learning Runtime on Validation Set: 1349350.79
2024-04-17 11:11 | INFO | Query 66 Active Learning Runtime on Test Set: 307383.63
2024-04-17 11:11 | INFO | Query 66 Active Learning Instance Cost: 3714535.3
2024-04-17 11:11 | INFO | Timeout limit is increased to 3600
2024-04-17 11:11 | INFO | Query 67 Size of the uncertainty table is = 1721/7380
2024-04-17 11:11 | INFO | Query 67 Size of the filtered table is = 74
2024-04-17 11:12 | INFO | Query 67 Active Learning Runtime on Validation Set: 1313791.87
2024-04-17 11:12 | INFO | Query 67 Active Learning Runtime on Test Set: 308616.06
2024-04-17 11:12 | INFO | Query 67 Active Learning Instance Cost: 3803111.96
2024-04-17 11:12 | INFO | Query 68 Size of the uncertainty table is = 1529/7380
2024-04-17 11:12 | INFO | Query 68 Size of the filtered table is = 74
2024-04-17 11:12 | INFO | Query 68 Active Learning Runtime on Validation Set: 1349350.68
2024-04-17 11:12 | INFO | Query 68 Active Learning Runtime on Test Set: 307949.21
2024-04-17 11:12 | INFO | Query 68 Active Learning Instance Cost: 3896137.35
2024-04-17 11:12 | INFO | Timeout limit is increased to 3600
2024-04-17 11:12 | INFO | Query 69 Size of the uncertainty table is = 1276/7380
2024-04-17 11:12 | INFO | Query 69 Size of the filtered table is = 74
2024-04-17 11:13 | INFO | Query 69 Active Learning Runtime on Validation Set: 1313456.12
2024-04-17 11:13 | INFO | Query 69 Active Learning Runtime on Test Set: 344319.12
2024-04-17 11:13 | INFO | Query 69 Active Learning Instance Cost: 4045301.44
2024-04-17 11:13 | INFO | Query 70 Size of the uncertainty table is = 1037/7380
2024-04-17 11:13 | INFO | Query 70 Size of the filtered table is = 74
2024-04-17 11:13 | INFO | Query 70 Active Learning Runtime on Validation Set: 1313795.99
2024-04-17 11:13 | INFO | Query 70 Active Learning Runtime on Test Set: 308172.38
2024-04-17 11:13 | INFO | Query 70 Active Learning Instance Cost: 4144364.16
2024-04-17 11:13 | INFO | Timeout limit is increased to 3600
2024-04-17 11:13 | INFO | Query 71 Size of the uncertainty table is = 776/7380
2024-04-17 11:13 | INFO | Query 71 Size of the filtered table is = 74
2024-04-17 11:14 | INFO | Query 71 Active Learning Runtime on Validation Set: 1313455.52
2024-04-17 11:14 | INFO | Query 71 Active Learning Runtime on Test Set: 308332.27
2024-04-17 11:14 | INFO | Query 71 Active Learning Instance Cost: 4320023.4
2024-04-17 11:14 | INFO | Query 72 Size of the uncertainty table is = 515/7380
2024-04-17 11:14 | INFO | Query 72 Size of the filtered table is = 74
2024-04-17 11:14 | INFO | Query 72 Active Learning Runtime on Validation Set: 1277825.57
2024-04-17 11:14 | INFO | Query 72 Active Learning Runtime on Test Set: 308331.52
2024-04-17 11:14 | INFO | Query 72 Active Learning Instance Cost: 4450287.14
2024-04-17 11:14 | INFO | Query 73 Size of the uncertainty table is = 269/7380
2024-04-17 11:14 | INFO | Query 73 Size of the filtered table is = 74
2024-04-17 11:15 | INFO | Query 73 Active Learning Runtime on Validation Set: 1313452.81
2024-04-17 11:15 | INFO | Query 73 Active Learning Runtime on Test Set: 308331.49
2024-04-17 11:15 | INFO | Query 73 Active Learning Instance Cost: 4517665.14
2024-04-17 11:15 | INFO | Timeout limit is increased to 3600
2024-04-17 11:15 | INFO | Query 74 Size of the uncertainty table is = 71/7380
2024-04-17 11:15 | INFO | Query 74 Size of the filtered table is = 71
2024-04-17 11:15 | INFO | Query 74 Active Learning Runtime on Validation Set: 1313456.07
2024-04-17 11:15 | INFO | Query 74 Active Learning Runtime on Test Set: 308294.24
2024-04-17 11:15 | INFO | Query 74 Active Learning Instance Cost: 4524297.69
2024-04-17 11:15 | INFO | Timeout limit is increased to 3600
2024-04-17 11:15 | INFO | runtime_test_score is written as json file
2024-04-17 11:15 | INFO | runtime_validation_score is written as json file
2024-04-17 11:15 | INFO | instance_cost is written as json file
2024-04-17 11:15 | INFO | Experiment is finished
