2024-04-17 11:11 | INFO | Paramaters are: {'dataset': 'ASP-POTASSCO', 'penalty': 10, 'weight': 'No_Weight', 'voting': 'Hard', 'pre_selection_size': 64, 'pre_selection_technique': 'No_pre_selection', 'feature_elimination_threshold': 20, 'imputer_strategy': 'median', 'feature_selection_technique': 'No_feature_selection', 'feature_scaling_technique': 'StandardScaler', 'initial_train_size': 20, 'query_size': 1, 'timeout_predictor_usage': 'No', 'timeout_limit': 100, 'timeout_increase_rate': 100, 'RANDOM_STATE_SEED': 7, 'n_splits': 10, 'split_number': 6, 'max_timeout': 3600, 'param_grid': {'n_estimators': 100, 'criterion': 'gini', 'max_features': 'sqrt', 'max_depth': 2147483648, 'min_samples_split': 2, 'bootstrap': True}}
2024-04-17 11:11 | INFO | ASP-POTASSCO is current dataset
2024-04-17 11:11 | INFO | DATASETS/ASP-POTASSCO/algorithm_runs.arff is found
2024-04-17 11:11 | INFO | DATASETS/ASP-POTASSCO/algorithm_runs.arff is finished
2024-04-17 11:11 | INFO | DATASETS/ASP-POTASSCO/feature_values.arff is found
2024-04-17 11:11 | INFO | DATASETS/ASP-POTASSCO/feature_values.arff is finished
2024-04-17 11:11 | INFO | DATASETS/ASP-POTASSCO/feature_costs.arff is found
2024-04-17 11:11 | INFO | DATASETS/ASP-POTASSCO/feature_costs.arff is finished
2024-04-17 11:11 | INFO | Virtual best solver time in train = 21128.1
2024-04-17 11:11 | INFO | Single best solver list train = {'clasp/2.1.3/h1-n1': 2901215.37, 'clasp/2.1.3/h10-n1': 4993613.73, 'clasp/2.1.3/h11-n1': 6900532.53, 'clasp/2.1.3/h2-n1': 5314318.22, 'clasp/2.1.3/h3-n1': 5984538.81, 'clasp/2.1.3/h4-n1': 3669913.47, 'clasp/2.1.3/h5-n1': 4845613.21, 'clasp/2.1.3/h6-n1': 4131554.4, 'clasp/2.1.3/h7-n1': 6609056.82, 'clasp/2.1.3/h8-n1': 2887196.31, 'clasp/2.1.3/h9-n1': 4671844.64}
2024-04-17 11:11 | INFO | Single best solver time train = clasp/2.1.3/h8-n1 (2887196.31)
2024-04-17 11:11 | INFO | Virtual best solver time in validation = 2812.77
2024-04-17 11:11 | INFO | Single best solver list validation = {'clasp/2.1.3/h1-n1': 268336.67, 'clasp/2.1.3/h10-n1': 616727.84, 'clasp/2.1.3/h11-n1': 2462201.2, 'clasp/2.1.3/h2-n1': 546020.8, 'clasp/2.1.3/h3-n1': 2174454.59, 'clasp/2.1.3/h4-n1': 734666.95, 'clasp/2.1.3/h5-n1': 259152.87, 'clasp/2.1.3/h6-n1': 581933.79, 'clasp/2.1.3/h7-n1': 626380.97, 'clasp/2.1.3/h8-n1': 904839.56, 'clasp/2.1.3/h9-n1': 1815100.65}
2024-04-17 11:11 | INFO | Single best solver time validation = clasp/2.1.3/h5-n1 (259152.87)
2024-04-17 11:11 | INFO | Virtual best solver time in test = 3337.43
2024-04-17 11:11 | INFO | Single best solver list test = {'clasp/2.1.3/h1-n1': 507379.26, 'clasp/2.1.3/h10-n1': 722176.43, 'clasp/2.1.3/h11-n1': 905601.66, 'clasp/2.1.3/h2-n1': 580765.58, 'clasp/2.1.3/h3-n1': 695008.62, 'clasp/2.1.3/h4-n1': 580269.46, 'clasp/2.1.3/h5-n1': 544588.65, 'clasp/2.1.3/h6-n1': 438192.3, 'clasp/2.1.3/h7-n1': 831443.1, 'clasp/2.1.3/h8-n1': 403074.24, 'clasp/2.1.3/h9-n1': 547183.35}
2024-04-17 11:11 | INFO | Single best solver time test = clasp/2.1.3/h8-n1 (403074.24)
2024-04-17 11:14 | INFO | Passive Learning Runtime on Validation Set: 365828.26
2024-04-17 11:14 | INFO | Passive Learning Runtime on Test Set: 113470.84
2024-04-17 11:14 | INFO | Passive Learning Instance Cost: 5572997.5
2024-04-17 11:16 | INFO | Initial Active Learning Runtime on Validation Set: 656206.71
2024-04-17 11:16 | INFO | Initial Active Learning Runtime on Test Set: 435390.76
2024-04-17 11:16 | INFO | Initial Active Learning Instance Cost: 5823.32
2024-04-17 11:16 | INFO | Bin size = 394
2024-04-17 11:16 | INFO | Query 1 Size of the uncertainty table is = 39515/39325
2024-04-17 11:16 | INFO | Query 1 Size of the filtered table is = 394
2024-04-17 11:19 | INFO | Query 1 Active Learning Runtime on Validation Set: 115957.89
2024-04-17 11:19 | INFO | Query 1 Active Learning Runtime on Test Set: 434916.81
2024-04-17 11:19 | INFO | Query 1 Active Learning Instance Cost: 29562.64
2024-04-17 11:19 | INFO | Query 2 Size of the uncertainty table is = 38946/39325
2024-04-17 11:19 | INFO | Query 2 Size of the filtered table is = 394
2024-04-17 11:22 | INFO | Query 2 Active Learning Runtime on Validation Set: 151783.25
2024-04-17 11:22 | INFO | Query 2 Active Learning Runtime on Test Set: 363063.26
2024-04-17 11:22 | INFO | Query 2 Active Learning Instance Cost: 51515.1
2024-04-17 11:22 | INFO | Timeout limit is increased to 200
2024-04-17 11:22 | INFO | Query 3 Size of the uncertainty table is = 37929/39325
2024-04-17 11:22 | INFO | Query 3 Size of the filtered table is = 394
2024-04-17 11:24 | INFO | Query 3 Active Learning Runtime on Validation Set: 259246.17
2024-04-17 11:24 | INFO | Query 3 Active Learning Runtime on Test Set: 221172.63
2024-04-17 11:24 | INFO | Query 3 Active Learning Instance Cost: 94315.41
2024-04-17 11:24 | INFO | Timeout limit is increased to 300
2024-04-17 11:24 | INFO | Query 4 Size of the uncertainty table is = 36679/39325
2024-04-17 11:24 | INFO | Query 4 Size of the filtered table is = 394
2024-04-17 11:27 | INFO | Query 4 Active Learning Runtime on Validation Set: 114885.44
2024-04-17 11:27 | INFO | Query 4 Active Learning Runtime on Test Set: 184834.63
2024-04-17 11:27 | INFO | Query 4 Active Learning Instance Cost: 156439.57
2024-04-17 11:27 | INFO | Query 5 Size of the uncertainty table is = 35134/39325
2024-04-17 11:27 | INFO | Query 5 Size of the filtered table is = 394
2024-04-17 11:30 | INFO | Query 5 Active Learning Runtime on Validation Set: 258462.81
2024-04-17 11:30 | INFO | Query 5 Active Learning Runtime on Test Set: 149175.28
2024-04-17 11:30 | INFO | Query 5 Active Learning Instance Cost: 206366.03
2024-04-17 11:30 | INFO | Timeout limit is increased to 400
2024-04-17 11:30 | INFO | Query 6 Size of the uncertainty table is = 33491/39325
2024-04-17 11:30 | INFO | Query 6 Size of the filtered table is = 394
2024-04-17 11:32 | INFO | Query 6 Active Learning Runtime on Validation Set: 150762.27000000002
2024-04-17 11:32 | INFO | Query 6 Active Learning Runtime on Test Set: 113611.13
2024-04-17 11:32 | INFO | Query 6 Active Learning Instance Cost: 265268.82
2024-04-17 11:32 | INFO | Query 7 Size of the uncertainty table is = 31552/39325
2024-04-17 11:32 | INFO | Query 7 Size of the filtered table is = 394
2024-04-17 11:35 | INFO | Query 7 Active Learning Runtime on Validation Set: 187343.97
2024-04-17 11:35 | INFO | Query 7 Active Learning Runtime on Test Set: 114071.59000000001
2024-04-17 11:35 | INFO | Query 7 Active Learning Instance Cost: 307567.89
2024-04-17 11:35 | INFO | Timeout limit is increased to 500
2024-04-17 11:35 | INFO | Query 8 Size of the uncertainty table is = 29480/39325
2024-04-17 11:35 | INFO | Query 8 Size of the filtered table is = 394
2024-04-17 11:38 | INFO | Query 8 Active Learning Runtime on Validation Set: 330627.6
2024-04-17 11:38 | INFO | Query 8 Active Learning Runtime on Test Set: 113928.43000000001
2024-04-17 11:38 | INFO | Query 8 Active Learning Instance Cost: 381813.48
2024-04-17 11:38 | INFO | Timeout limit is increased to 600
2024-04-17 11:38 | INFO | Query 9 Size of the uncertainty table is = 27366/39325
2024-04-17 11:38 | INFO | Query 9 Size of the filtered table is = 394
2024-04-17 11:40 | INFO | Query 9 Active Learning Runtime on Validation Set: 329669.69
2024-04-17 11:40 | INFO | Query 9 Active Learning Runtime on Test Set: 113361.73000000001
2024-04-17 11:40 | INFO | Query 9 Active Learning Instance Cost: 476726.77
2024-04-17 11:40 | INFO | Query 10 Size of the uncertainty table is = 25370/39325
2024-04-17 11:40 | INFO | Query 10 Size of the filtered table is = 394
2024-04-17 11:43 | INFO | Query 10 Active Learning Runtime on Validation Set: 401445.95
2024-04-17 11:43 | INFO | Query 10 Active Learning Runtime on Test Set: 77394.82
2024-04-17 11:43 | INFO | Query 10 Active Learning Instance Cost: 552000.48
2024-04-17 11:43 | INFO | Timeout limit is increased to 700
2024-04-17 11:43 | INFO | Query 11 Size of the uncertainty table is = 23394/39325
2024-04-17 11:43 | INFO | Query 11 Size of the filtered table is = 394
2024-04-17 11:46 | INFO | Query 11 Active Learning Runtime on Validation Set: 365199.22000000003
2024-04-17 11:46 | INFO | Query 11 Active Learning Runtime on Test Set: 113322.64
2024-04-17 11:46 | INFO | Query 11 Active Learning Instance Cost: 637271.39
2024-04-17 11:46 | INFO | Query 12 Size of the uncertainty table is = 21502/39325
2024-04-17 11:46 | INFO | Query 12 Size of the filtered table is = 394
2024-04-17 11:49 | INFO | Query 12 Active Learning Runtime on Validation Set: 366255.47000000003
2024-04-17 11:49 | INFO | Query 12 Active Learning Runtime on Test Set: 77986.20000000001
2024-04-17 11:49 | INFO | Query 12 Active Learning Instance Cost: 709384.75
2024-04-17 11:49 | INFO | Timeout limit is increased to 800
2024-04-17 11:49 | INFO | Query 13 Size of the uncertainty table is = 19783/39325
2024-04-17 11:49 | INFO | Query 13 Size of the filtered table is = 394
2024-04-17 11:52 | INFO | Query 13 Active Learning Runtime on Validation Set: 401970.45
2024-04-17 11:52 | INFO | Query 13 Active Learning Runtime on Test Set: 113973.16
2024-04-17 11:52 | INFO | Query 13 Active Learning Instance Cost: 810584.65
2024-04-17 11:52 | INFO | Timeout limit is increased to 900
2024-04-17 11:52 | INFO | Query 14 Size of the uncertainty table is = 18133/39325
2024-04-17 11:52 | INFO | Query 14 Size of the filtered table is = 394
2024-04-17 11:54 | INFO | Query 14 Active Learning Runtime on Validation Set: 365565.98
2024-04-17 11:54 | INFO | Query 14 Active Learning Runtime on Test Set: 113100.48000000001
2024-04-17 11:54 | INFO | Query 14 Active Learning Instance Cost: 942144.25
2024-04-17 11:54 | INFO | Query 15 Size of the uncertainty table is = 16915/39325
2024-04-17 11:54 | INFO | Query 15 Size of the filtered table is = 394
2024-04-17 11:57 | INFO | Query 15 Active Learning Runtime on Validation Set: 329663.26
2024-04-17 11:57 | INFO | Query 15 Active Learning Runtime on Test Set: 113195.24
2024-04-17 11:57 | INFO | Query 15 Active Learning Instance Cost: 1026354.51
2024-04-17 11:57 | INFO | Query 16 Size of the uncertainty table is = 15912/39325
2024-04-17 11:57 | INFO | Query 16 Size of the filtered table is = 394
2024-04-17 12:00 | INFO | Query 16 Active Learning Runtime on Validation Set: 329371.17
2024-04-17 12:00 | INFO | Query 16 Active Learning Runtime on Test Set: 114118.29000000001
2024-04-17 12:00 | INFO | Query 16 Active Learning Instance Cost: 1096383.44
2024-04-17 12:00 | INFO | Query 17 Size of the uncertainty table is = 14962/39325
2024-04-17 12:00 | INFO | Query 17 Size of the filtered table is = 394
2024-04-17 12:03 | INFO | Query 17 Active Learning Runtime on Validation Set: 365513.72000000003
2024-04-17 12:03 | INFO | Query 17 Active Learning Runtime on Test Set: 112886.95000000001
2024-04-17 12:03 | INFO | Query 17 Active Learning Instance Cost: 1162934.84
2024-04-17 12:03 | INFO | Timeout limit is increased to 1000
2024-04-17 12:03 | INFO | Query 18 Size of the uncertainty table is = 14345/39325
2024-04-17 12:03 | INFO | Query 18 Size of the filtered table is = 394
2024-04-17 12:06 | INFO | Query 18 Active Learning Runtime on Validation Set: 364868.0
2024-04-17 12:06 | INFO | Query 18 Active Learning Runtime on Test Set: 113266.0
2024-04-17 12:06 | INFO | Query 18 Active Learning Instance Cost: 1260893.75
2024-04-17 12:06 | INFO | Query 19 Size of the uncertainty table is = 13748/39325
2024-04-17 12:06 | INFO | Query 19 Size of the filtered table is = 394
2024-04-17 12:09 | INFO | Query 19 Active Learning Runtime on Validation Set: 364666.86
2024-04-17 12:09 | INFO | Query 19 Active Learning Runtime on Test Set: 113128.81
2024-04-17 12:09 | INFO | Query 19 Active Learning Instance Cost: 1319503.19
2024-04-17 12:09 | INFO | Query 20 Size of the uncertainty table is = 13319/39325
2024-04-17 12:09 | INFO | Query 20 Size of the filtered table is = 394
2024-04-17 12:12 | INFO | Query 20 Active Learning Runtime on Validation Set: 436873.71
2024-04-17 12:12 | INFO | Query 20 Active Learning Runtime on Test Set: 113795.19
2024-04-17 12:12 | INFO | Query 20 Active Learning Instance Cost: 1351681.11
2024-04-17 12:12 | INFO | Timeout limit is increased to 1100
2024-04-17 12:12 | INFO | Query 21 Size of the uncertainty table is = 13052/39325
2024-04-17 12:12 | INFO | Query 21 Size of the filtered table is = 394
2024-04-17 12:14 | INFO | Query 21 Active Learning Runtime on Validation Set: 365317.94
2024-04-17 12:14 | INFO | Query 21 Active Learning Runtime on Test Set: 113733.34000000001
2024-04-17 12:14 | INFO | Query 21 Active Learning Instance Cost: 1419014.0
2024-04-17 12:14 | INFO | Query 22 Size of the uncertainty table is = 12842/39325
2024-04-17 12:14 | INFO | Query 22 Size of the filtered table is = 394
2024-04-17 12:17 | INFO | Query 22 Active Learning Runtime on Validation Set: 400985.82
2024-04-17 12:17 | INFO | Query 22 Active Learning Runtime on Test Set: 149707.92
2024-04-17 12:17 | INFO | Query 22 Active Learning Instance Cost: 1446144.57
2024-04-17 12:17 | INFO | Timeout limit is increased to 1200
2024-04-17 12:17 | INFO | Query 23 Size of the uncertainty table is = 12706/39325
2024-04-17 12:17 | INFO | Query 23 Size of the filtered table is = 394
2024-04-17 12:20 | INFO | Query 23 Active Learning Runtime on Validation Set: 328544.4
2024-04-17 12:20 | INFO | Query 23 Active Learning Runtime on Test Set: 149552.01
2024-04-17 12:20 | INFO | Query 23 Active Learning Instance Cost: 1515040.47
2024-04-17 12:20 | INFO | Query 24 Size of the uncertainty table is = 12601/39325
2024-04-17 12:20 | INFO | Query 24 Size of the filtered table is = 394
2024-04-17 12:22 | INFO | Query 24 Active Learning Runtime on Validation Set: 401169.64
2024-04-17 12:22 | INFO | Query 24 Active Learning Runtime on Test Set: 149227.15
2024-04-17 12:22 | INFO | Query 24 Active Learning Instance Cost: 1540511.57
2024-04-17 12:22 | INFO | Timeout limit is increased to 1300
2024-04-17 12:22 | INFO | Query 25 Size of the uncertainty table is = 12505/39325
2024-04-17 12:22 | INFO | Query 25 Size of the filtered table is = 394
2024-04-17 12:25 | INFO | Query 25 Active Learning Runtime on Validation Set: 401377.18
2024-04-17 12:25 | INFO | Query 25 Active Learning Runtime on Test Set: 149543.37
2024-04-17 12:25 | INFO | Query 25 Active Learning Instance Cost: 1615194.85
2024-04-17 12:25 | INFO | Timeout limit is increased to 1400
2024-04-17 12:25 | INFO | Query 26 Size of the uncertainty table is = 12388/39325
2024-04-17 12:25 | INFO | Query 26 Size of the filtered table is = 394
2024-04-17 12:27 | INFO | Query 26 Active Learning Runtime on Validation Set: 437008.37
2024-04-17 12:27 | INFO | Query 26 Active Learning Runtime on Test Set: 149811.5
2024-04-17 12:27 | INFO | Query 26 Active Learning Instance Cost: 1692301.26
2024-04-17 12:27 | INFO | Timeout limit is increased to 1500
2024-04-17 12:27 | INFO | Query 27 Size of the uncertainty table is = 12353/39325
2024-04-17 12:27 | INFO | Query 27 Size of the filtered table is = 394
2024-04-17 12:30 | INFO | Query 27 Active Learning Runtime on Validation Set: 329513.76
2024-04-17 12:30 | INFO | Query 27 Active Learning Runtime on Test Set: 185797.2
2024-04-17 12:30 | INFO | Query 27 Active Learning Instance Cost: 1769907.17
2024-04-17 12:30 | INFO | Query 28 Size of the uncertainty table is = 12320/39325
2024-04-17 12:30 | INFO | Query 28 Size of the filtered table is = 394
2024-04-17 12:32 | INFO | Query 28 Active Learning Runtime on Validation Set: 329244.79
2024-04-17 12:32 | INFO | Query 28 Active Learning Runtime on Test Set: 185579.72
2024-04-17 12:32 | INFO | Query 28 Active Learning Instance Cost: 1789445.07
2024-04-17 12:32 | INFO | Query 29 Size of the uncertainty table is = 12270/39325
2024-04-17 12:32 | INFO | Query 29 Size of the filtered table is = 394
2024-04-17 12:35 | INFO | Query 29 Active Learning Runtime on Validation Set: 400532.17
2024-04-17 12:35 | INFO | Query 29 Active Learning Runtime on Test Set: 114265.20000000001
2024-04-17 12:35 | INFO | Query 29 Active Learning Instance Cost: 1799986.47
2024-04-17 12:35 | INFO | Timeout limit is increased to 1600
2024-04-17 12:35 | INFO | Query 30 Size of the uncertainty table is = 12231/39325
2024-04-17 12:35 | INFO | Query 30 Size of the filtered table is = 394
2024-04-17 12:37 | INFO | Query 30 Active Learning Runtime on Validation Set: 400872.09
2024-04-17 12:37 | INFO | Query 30 Active Learning Runtime on Test Set: 114268.09000000001
2024-04-17 12:37 | INFO | Query 30 Active Learning Instance Cost: 1865785.92
2024-04-17 12:37 | INFO | Timeout limit is increased to 1700
2024-04-17 12:38 | INFO | Query 31 Size of the uncertainty table is = 12213/39325
2024-04-17 12:38 | INFO | Query 31 Size of the filtered table is = 394
2024-04-17 12:40 | INFO | Query 31 Active Learning Runtime on Validation Set: 365260.45
2024-04-17 12:40 | INFO | Query 31 Active Learning Runtime on Test Set: 114320.07
2024-04-17 12:40 | INFO | Query 31 Active Learning Instance Cost: 1932659.56
2024-04-17 12:40 | INFO | Query 32 Size of the uncertainty table is = 12199/39325
2024-04-17 12:40 | INFO | Query 32 Size of the filtered table is = 394
2024-04-17 12:42 | INFO | Query 32 Active Learning Runtime on Validation Set: 401475.98
2024-04-17 12:42 | INFO | Query 32 Active Learning Runtime on Test Set: 113780.17
2024-04-17 12:42 | INFO | Query 32 Active Learning Instance Cost: 1937159.44
2024-04-17 12:42 | INFO | Timeout limit is increased to 1800
2024-04-17 12:42 | INFO | Query 33 Size of the uncertainty table is = 12182/39325
2024-04-17 12:42 | INFO | Query 33 Size of the filtered table is = 394
2024-04-17 12:45 | INFO | Query 33 Active Learning Runtime on Validation Set: 437366.42
2024-04-17 12:45 | INFO | Query 33 Active Learning Runtime on Test Set: 113669.12000000001
2024-04-17 12:45 | INFO | Query 33 Active Learning Instance Cost: 2003322.99
2024-04-17 12:45 | INFO | Timeout limit is increased to 1900
2024-04-17 12:45 | INFO | Query 34 Size of the uncertainty table is = 12172/39325
2024-04-17 12:45 | INFO | Query 34 Size of the filtered table is = 394
2024-04-17 12:47 | INFO | Query 34 Active Learning Runtime on Validation Set: 437457.86
2024-04-17 12:47 | INFO | Query 34 Active Learning Runtime on Test Set: 113668.31
2024-04-17 12:47 | INFO | Query 34 Active Learning Instance Cost: 2065138.26
2024-04-17 12:47 | INFO | Timeout limit is increased to 2000
2024-04-17 12:47 | INFO | Query 35 Size of the uncertainty table is = 12165/39325
2024-04-17 12:47 | INFO | Query 35 Size of the filtered table is = 394
2024-04-17 12:50 | INFO | Query 35 Active Learning Runtime on Validation Set: 437457.86
2024-04-17 12:50 | INFO | Query 35 Active Learning Runtime on Test Set: 113668.31
2024-04-17 12:50 | INFO | Query 35 Active Learning Instance Cost: 2128138.26
2024-04-17 12:50 | INFO | Timeout limit is increased to 2100
2024-04-17 12:50 | INFO | Query 36 Size of the uncertainty table is = 12165/39325
2024-04-17 12:50 | INFO | Query 36 Size of the filtered table is = 394
2024-04-17 12:52 | INFO | Query 36 Active Learning Runtime on Validation Set: 437457.86
2024-04-17 12:52 | INFO | Query 36 Active Learning Runtime on Test Set: 113668.31
2024-04-17 12:52 | INFO | Query 36 Active Learning Instance Cost: 2187138.26
2024-04-17 12:52 | INFO | Timeout limit is increased to 2200
2024-04-17 12:52 | INFO | Query 37 Size of the uncertainty table is = 12165/39325
2024-04-17 12:52 | INFO | Query 37 Size of the filtered table is = 394
2024-04-17 12:55 | INFO | Query 37 Active Learning Runtime on Validation Set: 437457.86
2024-04-17 12:55 | INFO | Query 37 Active Learning Runtime on Test Set: 113668.31
2024-04-17 12:55 | INFO | Query 37 Active Learning Instance Cost: 2246138.26
2024-04-17 12:55 | INFO | Timeout limit is increased to 2300
2024-04-17 12:55 | INFO | Query 38 Size of the uncertainty table is = 12165/39325
2024-04-17 12:55 | INFO | Query 38 Size of the filtered table is = 394
2024-04-17 12:57 | INFO | Query 38 Active Learning Runtime on Validation Set: 437457.86
2024-04-17 12:57 | INFO | Query 38 Active Learning Runtime on Test Set: 113668.31
2024-04-17 12:57 | INFO | Query 38 Active Learning Instance Cost: 2305138.26
2024-04-17 12:57 | INFO | Timeout limit is increased to 2400
2024-04-17 12:57 | INFO | Query 39 Size of the uncertainty table is = 12165/39325
2024-04-17 12:57 | INFO | Query 39 Size of the filtered table is = 394
2024-04-17 13:00 | INFO | Query 39 Active Learning Runtime on Validation Set: 437457.86
2024-04-17 13:00 | INFO | Query 39 Active Learning Runtime on Test Set: 113668.31
2024-04-17 13:00 | INFO | Query 39 Active Learning Instance Cost: 2364138.26
2024-04-17 13:00 | INFO | Timeout limit is increased to 2500
2024-04-17 13:00 | INFO | Query 40 Size of the uncertainty table is = 12165/39325
2024-04-17 13:00 | INFO | Query 40 Size of the filtered table is = 394
2024-04-17 13:02 | INFO | Query 40 Active Learning Runtime on Validation Set: 437457.86
2024-04-17 13:02 | INFO | Query 40 Active Learning Runtime on Test Set: 113668.31
2024-04-17 13:02 | INFO | Query 40 Active Learning Instance Cost: 2423138.26
2024-04-17 13:02 | INFO | Timeout limit is increased to 2600
2024-04-17 13:02 | INFO | Query 41 Size of the uncertainty table is = 12165/39325
2024-04-17 13:02 | INFO | Query 41 Size of the filtered table is = 394
2024-04-17 13:05 | INFO | Query 41 Active Learning Runtime on Validation Set: 437457.86
2024-04-17 13:05 | INFO | Query 41 Active Learning Runtime on Test Set: 113668.31
2024-04-17 13:05 | INFO | Query 41 Active Learning Instance Cost: 2482138.26
2024-04-17 13:05 | INFO | Timeout limit is increased to 2700
2024-04-17 13:05 | INFO | Query 42 Size of the uncertainty table is = 12165/39325
2024-04-17 13:05 | INFO | Query 42 Size of the filtered table is = 394
2024-04-17 13:07 | INFO | Query 42 Active Learning Runtime on Validation Set: 437457.86
2024-04-17 13:07 | INFO | Query 42 Active Learning Runtime on Test Set: 113668.31
2024-04-17 13:07 | INFO | Query 42 Active Learning Instance Cost: 2541138.26
2024-04-17 13:07 | INFO | Timeout limit is increased to 2800
2024-04-17 13:07 | INFO | Query 43 Size of the uncertainty table is = 12165/39325
2024-04-17 13:07 | INFO | Query 43 Size of the filtered table is = 394
2024-04-17 13:10 | INFO | Query 43 Active Learning Runtime on Validation Set: 437457.86
2024-04-17 13:10 | INFO | Query 43 Active Learning Runtime on Test Set: 113668.31
2024-04-17 13:10 | INFO | Query 43 Active Learning Instance Cost: 2600138.26
2024-04-17 13:10 | INFO | Timeout limit is increased to 2900
2024-04-17 13:10 | INFO | Query 44 Size of the uncertainty table is = 12165/39325
2024-04-17 13:10 | INFO | Query 44 Size of the filtered table is = 394
2024-04-17 13:12 | INFO | Query 44 Active Learning Runtime on Validation Set: 437457.86
2024-04-17 13:12 | INFO | Query 44 Active Learning Runtime on Test Set: 113668.31
2024-04-17 13:12 | INFO | Query 44 Active Learning Instance Cost: 2659138.26
2024-04-17 13:12 | INFO | Timeout limit is increased to 3000
2024-04-17 13:12 | INFO | Query 45 Size of the uncertainty table is = 12165/39325
2024-04-17 13:12 | INFO | Query 45 Size of the filtered table is = 394
2024-04-17 13:15 | INFO | Query 45 Active Learning Runtime on Validation Set: 437457.86
2024-04-17 13:15 | INFO | Query 45 Active Learning Runtime on Test Set: 113668.31
2024-04-17 13:15 | INFO | Query 45 Active Learning Instance Cost: 2718138.26
2024-04-17 13:15 | INFO | Timeout limit is increased to 3100
2024-04-17 13:15 | INFO | Query 46 Size of the uncertainty table is = 12165/39325
2024-04-17 13:15 | INFO | Query 46 Size of the filtered table is = 394
2024-04-17 13:17 | INFO | Query 46 Active Learning Runtime on Validation Set: 437457.86
2024-04-17 13:17 | INFO | Query 46 Active Learning Runtime on Test Set: 113668.31
2024-04-17 13:17 | INFO | Query 46 Active Learning Instance Cost: 2777138.26
2024-04-17 13:17 | INFO | Timeout limit is increased to 3200
2024-04-17 13:17 | INFO | Query 47 Size of the uncertainty table is = 12165/39325
2024-04-17 13:17 | INFO | Query 47 Size of the filtered table is = 394
2024-04-17 13:20 | INFO | Query 47 Active Learning Runtime on Validation Set: 437457.86
2024-04-17 13:20 | INFO | Query 47 Active Learning Runtime on Test Set: 113668.31
2024-04-17 13:20 | INFO | Query 47 Active Learning Instance Cost: 2836138.26
2024-04-17 13:20 | INFO | Timeout limit is increased to 3300
2024-04-17 13:20 | INFO | Query 48 Size of the uncertainty table is = 12165/39325
2024-04-17 13:20 | INFO | Query 48 Size of the filtered table is = 394
2024-04-17 13:22 | INFO | Query 48 Active Learning Runtime on Validation Set: 437457.86
2024-04-17 13:22 | INFO | Query 48 Active Learning Runtime on Test Set: 113668.31
2024-04-17 13:22 | INFO | Query 48 Active Learning Instance Cost: 2895138.26
2024-04-17 13:22 | INFO | Timeout limit is increased to 3400
2024-04-17 13:22 | INFO | Query 49 Size of the uncertainty table is = 12165/39325
2024-04-17 13:22 | INFO | Query 49 Size of the filtered table is = 394
2024-04-17 13:25 | INFO | Query 49 Active Learning Runtime on Validation Set: 437457.86
2024-04-17 13:25 | INFO | Query 49 Active Learning Runtime on Test Set: 113668.31
2024-04-17 13:25 | INFO | Query 49 Active Learning Instance Cost: 2954138.26
2024-04-17 13:25 | INFO | Timeout limit is increased to 3500
2024-04-17 13:25 | INFO | Query 50 Size of the uncertainty table is = 12165/39325
2024-04-17 13:25 | INFO | Query 50 Size of the filtered table is = 394
2024-04-17 13:27 | INFO | Query 50 Active Learning Runtime on Validation Set: 437457.86
2024-04-17 13:27 | INFO | Query 50 Active Learning Runtime on Test Set: 113668.31
2024-04-17 13:27 | INFO | Query 50 Active Learning Instance Cost: 3013138.26
2024-04-17 13:27 | INFO | Timeout limit is increased to 3600
2024-04-17 13:27 | INFO | Query 51 Size of the uncertainty table is = 12165/39325
2024-04-17 13:27 | INFO | Query 51 Size of the filtered table is = 394
2024-04-17 13:30 | INFO | Query 51 Active Learning Runtime on Validation Set: 437457.86
2024-04-17 13:30 | INFO | Query 51 Active Learning Runtime on Test Set: 113668.31
2024-04-17 13:30 | INFO | Query 51 Active Learning Instance Cost: 3072138.26
2024-04-17 13:30 | INFO | Timeout limit is increased to 3600
2024-04-17 13:30 | INFO | Query 52 Size of the uncertainty table is = 8416/39325
2024-04-17 13:30 | INFO | Query 52 Size of the filtered table is = 394
2024-04-17 13:33 | INFO | Query 52 Active Learning Runtime on Validation Set: 364800.71
2024-04-17 13:33 | INFO | Query 52 Active Learning Runtime on Test Set: 149335.14
2024-04-17 13:33 | INFO | Query 52 Active Learning Instance Cost: 3410210.35
2024-04-17 13:33 | INFO | Query 53 Size of the uncertainty table is = 5929/39325
2024-04-17 13:33 | INFO | Query 53 Size of the filtered table is = 394
2024-04-17 13:36 | INFO | Query 53 Active Learning Runtime on Validation Set: 401798.98
2024-04-17 13:36 | INFO | Query 53 Active Learning Runtime on Test Set: 113866.67
2024-04-17 13:36 | INFO | Query 53 Active Learning Instance Cost: 3769843.5
2024-04-17 13:36 | INFO | Timeout limit is increased to 3600
2024-04-17 13:36 | INFO | Query 54 Size of the uncertainty table is = 3788/39325
2024-04-17 13:36 | INFO | Query 54 Size of the filtered table is = 394
2024-04-17 13:38 | INFO | Query 54 Active Learning Runtime on Validation Set: 437115.81
2024-04-17 13:38 | INFO | Query 54 Active Learning Runtime on Test Set: 77892.20000000001
2024-04-17 13:38 | INFO | Query 54 Active Learning Instance Cost: 3987062.19
2024-04-17 13:38 | INFO | Timeout limit is increased to 3600
2024-04-17 13:39 | INFO | Query 55 Size of the uncertainty table is = 1807/39325
2024-04-17 13:39 | INFO | Query 55 Size of the filtered table is = 394
2024-04-17 13:41 | INFO | Query 55 Active Learning Runtime on Validation Set: 366267.54
2024-04-17 13:41 | INFO | Query 55 Active Learning Runtime on Test Set: 149774.19
2024-04-17 13:41 | INFO | Query 55 Active Learning Instance Cost: 4121685.03
2024-04-17 13:41 | INFO | Query 56 Size of the uncertainty table is = 399/39325
2024-04-17 13:41 | INFO | Query 56 Size of the filtered table is = 394
2024-04-17 13:44 | INFO | Query 56 Active Learning Runtime on Validation Set: 329671.14
2024-04-17 13:44 | INFO | Query 56 Active Learning Runtime on Test Set: 113296.36
2024-04-17 13:44 | INFO | Query 56 Active Learning Instance Cost: 4291772.1
2024-04-17 13:44 | INFO | runtime_test_score is written as json file
2024-04-17 13:44 | INFO | runtime_validation_score is written as json file
2024-04-17 13:44 | INFO | instance_cost is written as json file
2024-04-17 13:44 | INFO | Experiment is finished
