2024-04-17 11:11 | INFO | Paramaters are: {'dataset': 'ASP-POTASSCO', 'penalty': 10, 'weight': 'No_Weight', 'voting': 'Hard', 'pre_selection_size': 64, 'pre_selection_technique': 'No_pre_selection', 'feature_elimination_threshold': 20, 'imputer_strategy': 'median', 'feature_selection_technique': 'No_feature_selection', 'feature_scaling_technique': 'StandardScaler', 'initial_train_size': 20, 'query_size': 1, 'timeout_predictor_usage': 'Yes', 'timeout_limit': 3600, 'timeout_increase_rate': 100, 'RANDOM_STATE_SEED': 123, 'n_splits': 10, 'split_number': 3, 'max_timeout': 3600, 'param_grid': {'n_estimators': 100, 'criterion': 'gini', 'max_features': 'sqrt', 'max_depth': 2147483648, 'min_samples_split': 2, 'bootstrap': True}}
2024-04-17 11:11 | INFO | ASP-POTASSCO is current dataset
2024-04-17 11:11 | INFO | DATASETS/ASP-POTASSCO/algorithm_runs.arff is found
2024-04-17 11:11 | INFO | DATASETS/ASP-POTASSCO/algorithm_runs.arff is finished
2024-04-17 11:11 | INFO | DATASETS/ASP-POTASSCO/feature_values.arff is found
2024-04-17 11:11 | INFO | DATASETS/ASP-POTASSCO/feature_values.arff is finished
2024-04-17 11:11 | INFO | DATASETS/ASP-POTASSCO/feature_costs.arff is found
2024-04-17 11:11 | INFO | DATASETS/ASP-POTASSCO/feature_costs.arff is finished
2024-04-17 11:11 | INFO | Virtual best solver time in train = 22501.55
2024-04-17 11:11 | INFO | Single best solver list train = {'clasp/2.1.3/h1-n1': 3294235.61, 'clasp/2.1.3/h10-n1': 4813833.48, 'clasp/2.1.3/h11-n1': 6505892.91, 'clasp/2.1.3/h2-n1': 4992388.26, 'clasp/2.1.3/h3-n1': 5698170.96, 'clasp/2.1.3/h4-n1': 3596168.24, 'clasp/2.1.3/h5-n1': 4918381.61, 'clasp/2.1.3/h6-n1': 3953697.23, 'clasp/2.1.3/h7-n1': 6536521.11, 'clasp/2.1.3/h8-n1': 2744757.02, 'clasp/2.1.3/h9-n1': 4493026.72}
2024-04-17 11:11 | INFO | Single best solver time train = clasp/2.1.3/h8-n1 (2744757.02)
2024-04-17 11:11 | INFO | Virtual best solver time in validation = 3054.04
2024-04-17 11:11 | INFO | Single best solver list validation = {'clasp/2.1.3/h1-n1': 305576.14, 'clasp/2.1.3/h10-n1': 904106.26, 'clasp/2.1.3/h11-n1': 2748919.2, 'clasp/2.1.3/h2-n1': 834305.68, 'clasp/2.1.3/h3-n1': 2212786.47, 'clasp/2.1.3/h4-n1': 1058085.72, 'clasp/2.1.3/h5-n1': 295169.23, 'clasp/2.1.3/h6-n1': 833618.71, 'clasp/2.1.3/h7-n1': 734754.19, 'clasp/2.1.3/h8-n1': 1049568.01, 'clasp/2.1.3/h9-n1': 1923797.72}
2024-04-17 11:11 | INFO | Single best solver time validation = clasp/2.1.3/h5-n1 (295169.23)
2024-04-17 11:11 | INFO | Virtual best solver time in test = 1722.71
2024-04-17 11:11 | INFO | Single best solver list test = {'clasp/2.1.3/h1-n1': 77119.55, 'clasp/2.1.3/h10-n1': 614578.26, 'clasp/2.1.3/h11-n1': 1013523.27, 'clasp/2.1.3/h2-n1': 614410.67, 'clasp/2.1.3/h3-n1': 943044.59, 'clasp/2.1.3/h4-n1': 330595.92, 'clasp/2.1.3/h5-n1': 435803.89, 'clasp/2.1.3/h6-n1': 364364.55, 'clasp/2.1.3/h7-n1': 795605.58, 'clasp/2.1.3/h8-n1': 400785.08, 'clasp/2.1.3/h9-n1': 617304.2}
2024-04-17 11:11 | INFO | Single best solver time test = clasp/2.1.3/h1-n1 (77119.55)
2024-04-17 11:14 | INFO | Passive Learning Runtime on Validation Set: 295484.87
2024-04-17 11:14 | INFO | Passive Learning Runtime on Test Set: 75511.02
2024-04-17 11:14 | INFO | Passive Learning Instance Cost: 5441873.14
2024-04-17 11:17 | INFO | Initial Active Learning Runtime on Validation Set: 475748.41
2024-04-17 11:17 | INFO | Initial Active Learning Runtime on Test Set: 148301.79
2024-04-17 11:17 | INFO | Initial Active Learning Instance Cost: 183563.64
2024-04-17 11:17 | INFO | Bin size = 394
2024-04-17 11:17 | INFO | Query 1 Size of the uncertainty table is = 39325/39325
2024-04-17 11:17 | INFO | Query 1 Size of the filtered table is = 394
2024-04-17 11:19 | INFO | Query 1 Active Learning Runtime on Validation Set: 474539.12
2024-04-17 11:19 | INFO | Query 1 Active Learning Runtime on Test Set: 111451.53
2024-04-17 11:19 | INFO | Query 1 Active Learning Instance Cost: 546028.84
2024-04-17 11:19 | INFO | Query 2 Size of the uncertainty table is = 38588/39325
2024-04-17 11:19 | INFO | Query 2 Size of the filtered table is = 394
2024-04-17 11:22 | INFO | Query 2 Active Learning Runtime on Validation Set: 152782.08000000002
2024-04-17 11:22 | INFO | Query 2 Active Learning Runtime on Test Set: 39372.2
2024-04-17 11:22 | INFO | Query 2 Active Learning Instance Cost: 858423.52
2024-04-17 11:22 | INFO | Query 3 Size of the uncertainty table is = 37356/39325
2024-04-17 11:22 | INFO | Query 3 Size of the filtered table is = 394
2024-04-17 11:25 | INFO | Query 3 Active Learning Runtime on Validation Set: 116361.54000000001
2024-04-17 11:25 | INFO | Query 3 Active Learning Runtime on Test Set: 39184.28
2024-04-17 11:25 | INFO | Query 3 Active Learning Instance Cost: 1100018.14
2024-04-17 11:25 | INFO | Query 4 Size of the uncertainty table is = 35631/39325
2024-04-17 11:25 | INFO | Query 4 Size of the filtered table is = 394
2024-04-17 11:27 | INFO | Query 4 Active Learning Runtime on Validation Set: 152008.0
2024-04-17 11:27 | INFO | Query 4 Active Learning Runtime on Test Set: 39303.99
2024-04-17 11:27 | INFO | Query 4 Active Learning Instance Cost: 1375878.55
2024-04-17 11:27 | INFO | Timeout limit is increased to 3600
2024-04-17 11:27 | INFO | Query 5 Size of the uncertainty table is = 33619/39325
2024-04-17 11:27 | INFO | Query 5 Size of the filtered table is = 394
2024-04-17 11:30 | INFO | Query 5 Active Learning Runtime on Validation Set: 46277.549999999996
2024-04-17 11:30 | INFO | Query 5 Active Learning Runtime on Test Set: 39093.93
2024-04-17 11:30 | INFO | Query 5 Active Learning Instance Cost: 1615568.38
2024-04-17 11:30 | INFO | Query 6 Size of the uncertainty table is = 31495/39325
2024-04-17 11:30 | INFO | Query 6 Size of the filtered table is = 394
2024-04-17 11:33 | INFO | Query 6 Active Learning Runtime on Validation Set: 116961.93000000001
2024-04-17 11:33 | INFO | Query 6 Active Learning Runtime on Test Set: 3383.69
2024-04-17 11:33 | INFO | Query 6 Active Learning Instance Cost: 1779867.01
2024-04-17 11:33 | INFO | Timeout limit is increased to 3600
2024-04-17 11:33 | INFO | Query 7 Size of the uncertainty table is = 29145/39325
2024-04-17 11:33 | INFO | Query 7 Size of the filtered table is = 394
2024-04-17 11:36 | INFO | Query 7 Active Learning Runtime on Validation Set: 440433.35
2024-04-17 11:36 | INFO | Query 7 Active Learning Runtime on Test Set: 39129.61
2024-04-17 11:36 | INFO | Query 7 Active Learning Instance Cost: 2021294.8
2024-04-17 11:36 | INFO | Timeout limit is increased to 3600
2024-04-17 11:36 | INFO | Query 8 Size of the uncertainty table is = 26638/39325
2024-04-17 11:36 | INFO | Query 8 Size of the filtered table is = 394
2024-04-17 11:38 | INFO | Query 8 Active Learning Runtime on Validation Set: 548523.9
2024-04-17 11:38 | INFO | Query 8 Active Learning Runtime on Test Set: 75185.89
2024-04-17 11:38 | INFO | Query 8 Active Learning Instance Cost: 2248399.35
2024-04-17 11:38 | INFO | Timeout limit is increased to 3600
2024-04-17 11:38 | INFO | Query 9 Size of the uncertainty table is = 24059/39325
2024-04-17 11:38 | INFO | Query 9 Size of the filtered table is = 394
2024-04-17 11:41 | INFO | Query 9 Active Learning Runtime on Validation Set: 619318.85
2024-04-17 11:41 | INFO | Query 9 Active Learning Runtime on Test Set: 75276.31
2024-04-17 11:41 | INFO | Query 9 Active Learning Instance Cost: 2442498.59
2024-04-17 11:41 | INFO | Timeout limit is increased to 3600
2024-04-17 11:41 | INFO | Query 10 Size of the uncertainty table is = 21403/39325
2024-04-17 11:41 | INFO | Query 10 Size of the filtered table is = 394
2024-04-17 11:44 | INFO | Query 10 Active Learning Runtime on Validation Set: 618104.61
2024-04-17 11:44 | INFO | Query 10 Active Learning Runtime on Test Set: 110954.18000000001
2024-04-17 11:44 | INFO | Query 10 Active Learning Instance Cost: 2612791.2
2024-04-17 11:44 | INFO | Query 11 Size of the uncertainty table is = 18802/39325
2024-04-17 11:44 | INFO | Query 11 Size of the filtered table is = 394
2024-04-17 11:47 | INFO | Query 11 Active Learning Runtime on Validation Set: 332053.63
2024-04-17 11:47 | INFO | Query 11 Active Learning Runtime on Test Set: 39369.509999999995
2024-04-17 11:47 | INFO | Query 11 Active Learning Instance Cost: 2797246.06
2024-04-17 11:47 | INFO | Query 12 Size of the uncertainty table is = 16332/39325
2024-04-17 11:47 | INFO | Query 12 Size of the filtered table is = 394
2024-04-17 11:50 | INFO | Query 12 Active Learning Runtime on Validation Set: 152234.86000000002
2024-04-17 11:50 | INFO | Query 12 Active Learning Runtime on Test Set: 111048.89
2024-04-17 11:50 | INFO | Query 12 Active Learning Instance Cost: 2984125.08
2024-04-17 11:50 | INFO | Query 13 Size of the uncertainty table is = 13851/39325
2024-04-17 11:50 | INFO | Query 13 Size of the filtered table is = 394
2024-04-17 11:53 | INFO | Query 13 Active Learning Runtime on Validation Set: 296163.6
2024-04-17 11:53 | INFO | Query 13 Active Learning Runtime on Test Set: 111151.5
2024-04-17 11:53 | INFO | Query 13 Active Learning Instance Cost: 3228910.84
2024-04-17 11:53 | INFO | Timeout limit is increased to 3600
2024-04-17 11:53 | INFO | Query 14 Size of the uncertainty table is = 11523/39325
2024-04-17 11:53 | INFO | Query 14 Size of the filtered table is = 394
2024-04-17 11:56 | INFO | Query 14 Active Learning Runtime on Validation Set: 367589.57
2024-04-17 11:56 | INFO | Query 14 Active Learning Runtime on Test Set: 75258.06
2024-04-17 11:56 | INFO | Query 14 Active Learning Instance Cost: 3481085.03
2024-04-17 11:56 | INFO | Timeout limit is increased to 3600
2024-04-17 11:56 | INFO | Query 15 Size of the uncertainty table is = 9040/39325
2024-04-17 11:56 | INFO | Query 15 Size of the filtered table is = 394
2024-04-17 11:59 | INFO | Query 15 Active Learning Runtime on Validation Set: 331638.44
2024-04-17 11:59 | INFO | Query 15 Active Learning Runtime on Test Set: 39235.32
2024-04-17 11:59 | INFO | Query 15 Active Learning Instance Cost: 3774408.14
2024-04-17 11:59 | INFO | Query 16 Size of the uncertainty table is = 6722/39325
2024-04-17 11:59 | INFO | Query 16 Size of the filtered table is = 394
2024-04-17 12:02 | INFO | Query 16 Active Learning Runtime on Validation Set: 295492.35
2024-04-17 12:02 | INFO | Query 16 Active Learning Runtime on Test Set: 75623.61
2024-04-17 12:02 | INFO | Query 16 Active Learning Instance Cost: 4080372.84
2024-04-17 12:02 | INFO | Query 17 Size of the uncertainty table is = 4592/39325
2024-04-17 12:02 | INFO | Query 17 Size of the filtered table is = 394
2024-04-17 12:05 | INFO | Query 17 Active Learning Runtime on Validation Set: 366253.18
2024-04-17 12:05 | INFO | Query 17 Active Learning Runtime on Test Set: 75015.25
2024-04-17 12:05 | INFO | Query 17 Active Learning Instance Cost: 4366355.09
2024-04-17 12:05 | INFO | Timeout limit is increased to 3600
2024-04-17 12:05 | INFO | Query 18 Size of the uncertainty table is = 2960/39325
2024-04-17 12:05 | INFO | Query 18 Size of the filtered table is = 394
2024-04-17 12:08 | INFO | Query 18 Active Learning Runtime on Validation Set: 438579.1
2024-04-17 12:08 | INFO | Query 18 Active Learning Runtime on Test Set: 75293.13
2024-04-17 12:08 | INFO | Query 18 Active Learning Instance Cost: 4897894.18
2024-04-17 12:08 | INFO | Timeout limit is increased to 3600
2024-04-17 12:09 | INFO | Query 19 Size of the uncertainty table is = 1373/39325
2024-04-17 12:09 | INFO | Query 19 Size of the filtered table is = 394
2024-04-17 12:12 | INFO | Query 19 Active Learning Runtime on Validation Set: 547173.64
2024-04-17 12:12 | INFO | Query 19 Active Learning Runtime on Test Set: 75277.21
2024-04-17 12:12 | INFO | Query 19 Active Learning Instance Cost: 5420142.68
2024-04-17 12:12 | INFO | Timeout limit is increased to 3600
2024-04-17 12:12 | INFO | Query 20 Size of the uncertainty table is = 60/39325
2024-04-17 12:12 | INFO | Query 20 Size of the filtered table is = 2
2024-04-17 12:15 | INFO | Query 20 Active Learning Runtime on Validation Set: 547239.63
2024-04-17 12:15 | INFO | Query 20 Active Learning Runtime on Test Set: 75277.21
2024-04-17 12:15 | INFO | Query 20 Active Learning Instance Cost: 5427342.68
2024-04-17 12:15 | INFO | Timeout limit is increased to 3600
2024-04-17 12:15 | INFO | Query 21 Size of the uncertainty table is = 40/39325
2024-04-17 12:15 | INFO | Query 21 Size of the filtered table is = 40
2024-04-17 12:18 | INFO | Query 21 Active Learning Runtime on Validation Set: 475577.23
2024-04-17 12:18 | INFO | Query 21 Active Learning Runtime on Test Set: 75372.73000000001
2024-04-17 12:18 | INFO | Query 21 Active Learning Instance Cost: 5441873.14
2024-04-17 12:18 | INFO | runtime_test_score is written as json file
2024-04-17 12:18 | INFO | runtime_validation_score is written as json file
2024-04-17 12:18 | INFO | instance_cost is written as json file
2024-04-17 12:18 | INFO | Experiment is finished
