2024-04-17 11:12 | INFO | Paramaters are: {'dataset': 'ASP-POTASSCO', 'penalty': 10, 'weight': 'No_Weight', 'voting': 'Hard', 'pre_selection_size': 64, 'pre_selection_technique': 'No_pre_selection', 'feature_elimination_threshold': 20, 'imputer_strategy': 'median', 'feature_selection_technique': 'No_feature_selection', 'feature_scaling_technique': 'StandardScaler', 'initial_train_size': 20, 'query_size': 1, 'timeout_predictor_usage': 'Yes', 'timeout_limit': 3600, 'timeout_increase_rate': 100, 'RANDOM_STATE_SEED': 12345, 'n_splits': 10, 'split_number': 5, 'max_timeout': 3600, 'param_grid': {'n_estimators': 100, 'criterion': 'gini', 'max_features': 'sqrt', 'max_depth': 2147483648, 'min_samples_split': 2, 'bootstrap': True}}
2024-04-17 11:12 | INFO | ASP-POTASSCO is current dataset
2024-04-17 11:12 | INFO | DATASETS/ASP-POTASSCO/algorithm_runs.arff is found
2024-04-17 11:12 | INFO | DATASETS/ASP-POTASSCO/algorithm_runs.arff is finished
2024-04-17 11:12 | INFO | DATASETS/ASP-POTASSCO/feature_values.arff is found
2024-04-17 11:12 | INFO | DATASETS/ASP-POTASSCO/feature_values.arff is finished
2024-04-17 11:12 | INFO | DATASETS/ASP-POTASSCO/feature_costs.arff is found
2024-04-17 11:12 | INFO | DATASETS/ASP-POTASSCO/feature_costs.arff is finished
2024-04-17 11:12 | INFO | Virtual best solver time in train = 21889.49
2024-04-17 11:12 | INFO | Single best solver list train = {'clasp/2.1.3/h1-n1': 3007411.61, 'clasp/2.1.3/h10-n1': 5065675.81, 'clasp/2.1.3/h11-n1': 6686251.86, 'clasp/2.1.3/h2-n1': 5243436.98, 'clasp/2.1.3/h3-n1': 5806013.71, 'clasp/2.1.3/h4-n1': 3524766.19, 'clasp/2.1.3/h5-n1': 4954135.88, 'clasp/2.1.3/h6-n1': 4099105.94, 'clasp/2.1.3/h7-n1': 6644393.52, 'clasp/2.1.3/h8-n1': 2637705.28, 'clasp/2.1.3/h9-n1': 4601019.29}
2024-04-17 11:12 | INFO | Single best solver time train = clasp/2.1.3/h8-n1 (2637705.28)
2024-04-17 11:12 | INFO | Virtual best solver time in validation = 3181.54
2024-04-17 11:12 | INFO | Single best solver list validation = {'clasp/2.1.3/h1-n1': 270071.03, 'clasp/2.1.3/h10-n1': 796617.49, 'clasp/2.1.3/h11-n1': 2678008.38, 'clasp/2.1.3/h2-n1': 761559.02, 'clasp/2.1.3/h3-n1': 2427378.48, 'clasp/2.1.3/h4-n1': 915347.45, 'clasp/2.1.3/h5-n1': 295713.14, 'clasp/2.1.3/h6-n1': 654355.73, 'clasp/2.1.3/h7-n1': 735436.1, 'clasp/2.1.3/h8-n1': 1049496.84, 'clasp/2.1.3/h9-n1': 1888544.05}
2024-04-17 11:12 | INFO | Single best solver time validation = clasp/2.1.3/h1-n1 (270071.03)
2024-04-17 11:12 | INFO | Virtual best solver time in test = 2207.27
2024-04-17 11:12 | INFO | Single best solver list test = {'clasp/2.1.3/h1-n1': 399448.67, 'clasp/2.1.3/h10-n1': 470224.7, 'clasp/2.1.3/h11-n1': 904075.14, 'clasp/2.1.3/h2-n1': 436108.61, 'clasp/2.1.3/h3-n1': 620609.83, 'clasp/2.1.3/h4-n1': 544736.23, 'clasp/2.1.3/h5-n1': 399505.7, 'clasp/2.1.3/h6-n1': 398218.82, 'clasp/2.1.3/h7-n1': 687051.26, 'clasp/2.1.3/h8-n1': 507908.0, 'clasp/2.1.3/h9-n1': 544565.3}
2024-04-17 11:12 | INFO | Single best solver time test = clasp/2.1.3/h6-n1 (398218.82)
2024-04-17 11:15 | INFO | Passive Learning Runtime on Validation Set: 438495.97
2024-04-17 11:15 | INFO | Passive Learning Runtime on Test Set: 148023.02
2024-04-17 11:15 | INFO | Passive Learning Instance Cost: 5516716.05
2024-04-17 11:17 | INFO | Initial Active Learning Runtime on Validation Set: 764802.09
2024-04-17 11:17 | INFO | Initial Active Learning Runtime on Test Set: 184557.82
2024-04-17 11:17 | INFO | Initial Active Learning Instance Cost: 201748.82
2024-04-17 11:17 | INFO | Bin size = 394
2024-04-17 11:17 | INFO | Query 1 Size of the uncertainty table is = 39325/39325
2024-04-17 11:17 | INFO | Query 1 Size of the filtered table is = 394
2024-04-17 11:20 | INFO | Query 1 Active Learning Runtime on Validation Set: 479367.86
2024-04-17 11:20 | INFO | Query 1 Active Learning Runtime on Test Set: 220303.28999999998
2024-04-17 11:20 | INFO | Query 1 Active Learning Instance Cost: 474615.12
2024-04-17 11:20 | INFO | Query 2 Size of the uncertainty table is = 38566/39325
2024-04-17 11:20 | INFO | Query 2 Size of the filtered table is = 394
2024-04-17 11:23 | INFO | Query 2 Active Learning Runtime on Validation Set: 442634.6
2024-04-17 11:23 | INFO | Query 2 Active Learning Runtime on Test Set: 255441.87999999998
2024-04-17 11:23 | INFO | Query 2 Active Learning Instance Cost: 766702.07
2024-04-17 11:23 | INFO | Query 3 Size of the uncertainty table is = 37368/39325
2024-04-17 11:23 | INFO | Query 3 Size of the filtered table is = 394
2024-04-17 11:26 | INFO | Query 3 Active Learning Runtime on Validation Set: 473709.86
2024-04-17 11:26 | INFO | Query 3 Active Learning Runtime on Test Set: 183820.41999999998
2024-04-17 11:26 | INFO | Query 3 Active Learning Instance Cost: 1084668.13
2024-04-17 11:26 | INFO | Timeout limit is increased to 3600
2024-04-17 11:26 | INFO | Query 4 Size of the uncertainty table is = 35634/39325
2024-04-17 11:26 | INFO | Query 4 Size of the filtered table is = 394
2024-04-17 11:28 | INFO | Query 4 Active Learning Runtime on Validation Set: 509063.26
2024-04-17 11:28 | INFO | Query 4 Active Learning Runtime on Test Set: 148568.86
2024-04-17 11:28 | INFO | Query 4 Active Learning Instance Cost: 1428400.27
2024-04-17 11:28 | INFO | Timeout limit is increased to 3600
2024-04-17 11:28 | INFO | Query 5 Size of the uncertainty table is = 33698/39325
2024-04-17 11:28 | INFO | Query 5 Size of the filtered table is = 394
2024-04-17 11:31 | INFO | Query 5 Active Learning Runtime on Validation Set: 294616.82
2024-04-17 11:31 | INFO | Query 5 Active Learning Runtime on Test Set: 148628.38999999998
2024-04-17 11:31 | INFO | Query 5 Active Learning Instance Cost: 1666245.87
2024-04-17 11:31 | INFO | Query 6 Size of the uncertainty table is = 31510/39325
2024-04-17 11:31 | INFO | Query 6 Size of the filtered table is = 394
2024-04-17 11:34 | INFO | Query 6 Active Learning Runtime on Validation Set: 437038.04
2024-04-17 11:34 | INFO | Query 6 Active Learning Runtime on Test Set: 147791.81
2024-04-17 11:34 | INFO | Query 6 Active Learning Instance Cost: 1943376.51
2024-04-17 11:34 | INFO | Timeout limit is increased to 3600
2024-04-17 11:34 | INFO | Query 7 Size of the uncertainty table is = 29183/39325
2024-04-17 11:34 | INFO | Query 7 Size of the filtered table is = 394
2024-04-17 11:37 | INFO | Query 7 Active Learning Runtime on Validation Set: 437540.49
2024-04-17 11:37 | INFO | Query 7 Active Learning Runtime on Test Set: 112225.66
2024-04-17 11:37 | INFO | Query 7 Active Learning Instance Cost: 2200566.46
2024-04-17 11:37 | INFO | Timeout limit is increased to 3600
2024-04-17 11:37 | INFO | Query 8 Size of the uncertainty table is = 26700/39325
2024-04-17 11:37 | INFO | Query 8 Size of the filtered table is = 394
2024-04-17 11:40 | INFO | Query 8 Active Learning Runtime on Validation Set: 403469.73
2024-04-17 11:40 | INFO | Query 8 Active Learning Runtime on Test Set: 219577.62
2024-04-17 11:40 | INFO | Query 8 Active Learning Instance Cost: 2431905.22
2024-04-17 11:40 | INFO | Query 9 Size of the uncertainty table is = 24108/39325
2024-04-17 11:40 | INFO | Query 9 Size of the filtered table is = 394
2024-04-17 11:43 | INFO | Query 9 Active Learning Runtime on Validation Set: 365393.68
2024-04-17 11:43 | INFO | Query 9 Active Learning Runtime on Test Set: 147767.25999999998
2024-04-17 11:43 | INFO | Query 9 Active Learning Instance Cost: 2689616.2
2024-04-17 11:43 | INFO | Query 10 Size of the uncertainty table is = 21487/39325
2024-04-17 11:43 | INFO | Query 10 Size of the filtered table is = 394
2024-04-17 11:46 | INFO | Query 10 Active Learning Runtime on Validation Set: 474494.25
2024-04-17 11:46 | INFO | Query 10 Active Learning Runtime on Test Set: 219560.06
2024-04-17 11:46 | INFO | Query 10 Active Learning Instance Cost: 2907506.68
2024-04-17 11:46 | INFO | Timeout limit is increased to 3600
2024-04-17 11:46 | INFO | Query 11 Size of the uncertainty table is = 18713/39325
2024-04-17 11:46 | INFO | Query 11 Size of the filtered table is = 394
2024-04-17 11:49 | INFO | Query 11 Active Learning Runtime on Validation Set: 366740.24
2024-04-17 11:49 | INFO | Query 11 Active Learning Runtime on Test Set: 219885.4
2024-04-17 11:49 | INFO | Query 11 Active Learning Instance Cost: 3109669.65
2024-04-17 11:49 | INFO | Query 12 Size of the uncertainty table is = 16043/39325
2024-04-17 11:49 | INFO | Query 12 Size of the filtered table is = 394
2024-04-17 11:52 | INFO | Query 12 Active Learning Runtime on Validation Set: 438704.38
2024-04-17 11:52 | INFO | Query 12 Active Learning Runtime on Test Set: 147899.81
2024-04-17 11:52 | INFO | Query 12 Active Learning Instance Cost: 3284000.98
2024-04-17 11:52 | INFO | Timeout limit is increased to 3600
2024-04-17 11:52 | INFO | Query 13 Size of the uncertainty table is = 13393/39325
2024-04-17 11:52 | INFO | Query 13 Size of the filtered table is = 394
2024-04-17 11:55 | INFO | Query 13 Active Learning Runtime on Validation Set: 366235.48
2024-04-17 11:55 | INFO | Query 13 Active Learning Runtime on Test Set: 76640.1
2024-04-17 11:55 | INFO | Query 13 Active Learning Instance Cost: 3465970.27
2024-04-17 11:55 | INFO | Query 14 Size of the uncertainty table is = 10884/39325
2024-04-17 11:55 | INFO | Query 14 Size of the filtered table is = 394
2024-04-17 11:59 | INFO | Query 14 Active Learning Runtime on Validation Set: 403078.45999999996
2024-04-17 11:59 | INFO | Query 14 Active Learning Runtime on Test Set: 147730.63999999998
2024-04-17 11:59 | INFO | Query 14 Active Learning Instance Cost: 3699966.35
2024-04-17 11:59 | INFO | Timeout limit is increased to 3600
2024-04-17 11:59 | INFO | Query 15 Size of the uncertainty table is = 8499/39325
2024-04-17 11:59 | INFO | Query 15 Size of the filtered table is = 394
2024-04-17 12:02 | INFO | Query 15 Active Learning Runtime on Validation Set: 510313.36
2024-04-17 12:02 | INFO | Query 15 Active Learning Runtime on Test Set: 183967.37
2024-04-17 12:02 | INFO | Query 15 Active Learning Instance Cost: 3930342.82
2024-04-17 12:02 | INFO | Timeout limit is increased to 3600
2024-04-17 12:02 | INFO | Query 16 Size of the uncertainty table is = 6335/39325
2024-04-17 12:02 | INFO | Query 16 Size of the filtered table is = 394
2024-04-17 12:05 | INFO | Query 16 Active Learning Runtime on Validation Set: 402614.38
2024-04-17 12:05 | INFO | Query 16 Active Learning Runtime on Test Set: 184100.81
2024-04-17 12:05 | INFO | Query 16 Active Learning Instance Cost: 4200855.51
2024-04-17 12:05 | INFO | Query 17 Size of the uncertainty table is = 4521/39325
2024-04-17 12:05 | INFO | Query 17 Size of the filtered table is = 394
2024-04-17 12:08 | INFO | Query 17 Active Learning Runtime on Validation Set: 365821.51999999996
2024-04-17 12:08 | INFO | Query 17 Active Learning Runtime on Test Set: 183909.78999999998
2024-04-17 12:08 | INFO | Query 17 Active Learning Instance Cost: 4511737.45
2024-04-17 12:08 | INFO | Query 18 Size of the uncertainty table is = 2733/39325
2024-04-17 12:08 | INFO | Query 18 Size of the filtered table is = 394
2024-04-17 12:12 | INFO | Query 18 Active Learning Runtime on Validation Set: 473604.61
2024-04-17 12:12 | INFO | Query 18 Active Learning Runtime on Test Set: 184116.65
2024-04-17 12:12 | INFO | Query 18 Active Learning Instance Cost: 5095030.8
2024-04-17 12:12 | INFO | Timeout limit is increased to 3600
2024-04-17 12:12 | INFO | Query 19 Size of the uncertainty table is = 1056/39325
2024-04-17 12:12 | INFO | Query 19 Size of the filtered table is = 380
2024-04-17 12:15 | INFO | Query 19 Active Learning Runtime on Validation Set: 510174.45
2024-04-17 12:15 | INFO | Query 19 Active Learning Runtime on Test Set: 148018.37
2024-04-17 12:15 | INFO | Query 19 Active Learning Instance Cost: 5516716.05
2024-04-17 12:15 | INFO | Timeout limit is increased to 3600
2024-04-17 12:15 | INFO | runtime_test_score is written as json file
2024-04-17 12:15 | INFO | runtime_validation_score is written as json file
2024-04-17 12:15 | INFO | instance_cost is written as json file
2024-04-17 12:15 | INFO | Experiment is finished
