2024-04-17 11:11 | INFO | Paramaters are: {'dataset': 'ASP-POTASSCO', 'penalty': 10, 'weight': 'No_Weight', 'voting': 'Hard', 'pre_selection_size': 64, 'pre_selection_technique': 'No_pre_selection', 'feature_elimination_threshold': 20, 'imputer_strategy': 'median', 'feature_selection_technique': 'No_feature_selection', 'feature_scaling_technique': 'StandardScaler', 'initial_train_size': 20, 'query_size': 1, 'timeout_predictor_usage': 'Yes', 'timeout_limit': 3600, 'timeout_increase_rate': 100, 'RANDOM_STATE_SEED': 123, 'n_splits': 10, 'split_number': 1, 'max_timeout': 3600, 'param_grid': {'n_estimators': 100, 'criterion': 'gini', 'max_features': 'sqrt', 'max_depth': 2147483648, 'min_samples_split': 2, 'bootstrap': True}}
2024-04-17 11:11 | INFO | ASP-POTASSCO is current dataset
2024-04-17 11:11 | INFO | DATASETS/ASP-POTASSCO/algorithm_runs.arff is found
2024-04-17 11:11 | INFO | DATASETS/ASP-POTASSCO/algorithm_runs.arff is finished
2024-04-17 11:11 | INFO | DATASETS/ASP-POTASSCO/feature_values.arff is found
2024-04-17 11:11 | INFO | DATASETS/ASP-POTASSCO/feature_values.arff is finished
2024-04-17 11:11 | INFO | DATASETS/ASP-POTASSCO/feature_costs.arff is found
2024-04-17 11:11 | INFO | DATASETS/ASP-POTASSCO/feature_costs.arff is finished
2024-04-17 11:11 | INFO | Virtual best solver time in train = 21076.76
2024-04-17 11:11 | INFO | Single best solver list train = {'clasp/2.1.3/h1-n1': 2935429.31, 'clasp/2.1.3/h10-n1': 5065578.19, 'clasp/2.1.3/h11-n1': 6435255.16, 'clasp/2.1.3/h2-n1': 5278476.72, 'clasp/2.1.3/h3-n1': 5700802.82, 'clasp/2.1.3/h4-n1': 3704639.86, 'clasp/2.1.3/h5-n1': 4737389.8, 'clasp/2.1.3/h6-n1': 3952529.7, 'clasp/2.1.3/h7-n1': 6426738.27, 'clasp/2.1.3/h8-n1': 2923583.02, 'clasp/2.1.3/h9-n1': 4457526.21}
2024-04-17 11:11 | INFO | Single best solver time train = clasp/2.1.3/h8-n1 (2923583.02)
2024-04-17 11:11 | INFO | Virtual best solver time in validation = 2975.27
2024-04-17 11:11 | INFO | Single best solver list validation = {'clasp/2.1.3/h1-n1': 304949.89, 'clasp/2.1.3/h10-n1': 652353.39, 'clasp/2.1.3/h11-n1': 2461369.11, 'clasp/2.1.3/h2-n1': 546483.99, 'clasp/2.1.3/h3-n1': 2175061.82, 'clasp/2.1.3/h4-n1': 771754.68, 'clasp/2.1.3/h5-n1': 295152.86, 'clasp/2.1.3/h6-n1': 581358.86, 'clasp/2.1.3/h7-n1': 734989.52, 'clasp/2.1.3/h8-n1': 869084.44, 'clasp/2.1.3/h9-n1': 1815440.59}
2024-04-17 11:11 | INFO | Single best solver time validation = clasp/2.1.3/h5-n1 (295152.86)
2024-04-17 11:11 | INFO | Virtual best solver time in test = 3226.28
2024-04-17 11:11 | INFO | Single best solver list test = {'clasp/2.1.3/h1-n1': 436552.1, 'clasp/2.1.3/h10-n1': 614586.42, 'clasp/2.1.3/h11-n1': 1371711.12, 'clasp/2.1.3/h2-n1': 616143.89, 'clasp/2.1.3/h3-n1': 978137.38, 'clasp/2.1.3/h4-n1': 508455.34, 'clasp/2.1.3/h5-n1': 616812.06, 'clasp/2.1.3/h6-n1': 617791.92, 'clasp/2.1.3/h7-n1': 905153.1, 'clasp/2.1.3/h8-n1': 402442.65, 'clasp/2.1.3/h9-n1': 761161.84}
2024-04-17 11:11 | INFO | Single best solver time test = clasp/2.1.3/h8-n1 (402442.65)
2024-04-17 11:14 | INFO | Passive Learning Runtime on Validation Set: 401939.04
2024-04-17 11:14 | INFO | Passive Learning Runtime on Test Set: 113759.1
2024-04-17 11:14 | INFO | Passive Learning Instance Cost: 5447949.07
2024-04-17 11:17 | INFO | Initial Active Learning Runtime on Validation Set: 366506.85
2024-04-17 11:17 | INFO | Initial Active Learning Runtime on Test Set: 256765.5
2024-04-17 11:17 | INFO | Initial Active Learning Instance Cost: 196606.42
2024-04-17 11:17 | INFO | Bin size = 394
2024-04-17 11:17 | INFO | Query 1 Size of the uncertainty table is = 39325/39325
2024-04-17 11:17 | INFO | Query 1 Size of the filtered table is = 394
2024-04-17 11:19 | INFO | Query 1 Active Learning Runtime on Validation Set: 365588.34
2024-04-17 11:19 | INFO | Query 1 Active Learning Runtime on Test Set: 364964.55000000005
2024-04-17 11:19 | INFO | Query 1 Active Learning Instance Cost: 471483.9
2024-04-17 11:19 | INFO | Query 2 Size of the uncertainty table is = 38597/39325
2024-04-17 11:19 | INFO | Query 2 Size of the filtered table is = 394
2024-04-17 11:22 | INFO | Query 2 Active Learning Runtime on Validation Set: 438819.19
2024-04-17 11:22 | INFO | Query 2 Active Learning Runtime on Test Set: 256856.22999999998
2024-04-17 11:22 | INFO | Query 2 Active Learning Instance Cost: 815351.46
2024-04-17 11:22 | INFO | Timeout limit is increased to 3600
2024-04-17 11:22 | INFO | Query 3 Size of the uncertainty table is = 37248/39325
2024-04-17 11:22 | INFO | Query 3 Size of the filtered table is = 394
2024-04-17 11:24 | INFO | Query 3 Active Learning Runtime on Validation Set: 548321.25
2024-04-17 11:24 | INFO | Query 3 Active Learning Runtime on Test Set: 220207.66999999998
2024-04-17 11:24 | INFO | Query 3 Active Learning Instance Cost: 1083951.58
2024-04-17 11:24 | INFO | Timeout limit is increased to 3600
2024-04-17 11:24 | INFO | Query 4 Size of the uncertainty table is = 35611/39325
2024-04-17 11:24 | INFO | Query 4 Size of the filtered table is = 394
2024-04-17 11:27 | INFO | Query 4 Active Learning Runtime on Validation Set: 365948.21
2024-04-17 11:27 | INFO | Query 4 Active Learning Runtime on Test Set: 149165.16
2024-04-17 11:27 | INFO | Query 4 Active Learning Instance Cost: 1343036.58
2024-04-17 11:27 | INFO | Query 5 Size of the uncertainty table is = 33627/39325
2024-04-17 11:27 | INFO | Query 5 Size of the filtered table is = 394
2024-04-17 11:30 | INFO | Query 5 Active Learning Runtime on Validation Set: 438755.34
2024-04-17 11:30 | INFO | Query 5 Active Learning Runtime on Test Set: 150082.08
2024-04-17 11:30 | INFO | Query 5 Active Learning Instance Cost: 1650031.27
2024-04-17 11:30 | INFO | Timeout limit is increased to 3600
2024-04-17 11:30 | INFO | Query 6 Size of the uncertainty table is = 31479/39325
2024-04-17 11:30 | INFO | Query 6 Size of the filtered table is = 394
2024-04-17 11:32 | INFO | Query 6 Active Learning Runtime on Validation Set: 365051.13
2024-04-17 11:32 | INFO | Query 6 Active Learning Runtime on Test Set: 221305.72
2024-04-17 11:32 | INFO | Query 6 Active Learning Instance Cost: 1862572.24
2024-04-17 11:32 | INFO | Query 7 Size of the uncertainty table is = 29074/39325
2024-04-17 11:32 | INFO | Query 7 Size of the filtered table is = 394
2024-04-17 11:35 | INFO | Query 7 Active Learning Runtime on Validation Set: 222329.86
2024-04-17 11:35 | INFO | Query 7 Active Learning Runtime on Test Set: 114584.48000000001
2024-04-17 11:35 | INFO | Query 7 Active Learning Instance Cost: 2054285.75
2024-04-17 11:35 | INFO | Query 8 Size of the uncertainty table is = 26533/39325
2024-04-17 11:35 | INFO | Query 8 Size of the filtered table is = 394
2024-04-17 11:38 | INFO | Query 8 Active Learning Runtime on Validation Set: 329895.66000000003
2024-04-17 11:38 | INFO | Query 8 Active Learning Runtime on Test Set: 185435.74
2024-04-17 11:38 | INFO | Query 8 Active Learning Instance Cost: 2239338.78
2024-04-17 11:38 | INFO | Timeout limit is increased to 3600
2024-04-17 11:38 | INFO | Query 9 Size of the uncertainty table is = 23925/39325
2024-04-17 11:38 | INFO | Query 9 Size of the filtered table is = 394
2024-04-17 11:40 | INFO | Query 9 Active Learning Runtime on Validation Set: 329579.92000000004
2024-04-17 11:40 | INFO | Query 9 Active Learning Runtime on Test Set: 150368.68
2024-04-17 11:40 | INFO | Query 9 Active Learning Instance Cost: 2408198.69
2024-04-17 11:41 | INFO | Query 10 Size of the uncertainty table is = 21209/39325
2024-04-17 11:41 | INFO | Query 10 Size of the filtered table is = 394
2024-04-17 11:43 | INFO | Query 10 Active Learning Runtime on Validation Set: 473218.98000000004
2024-04-17 11:43 | INFO | Query 10 Active Learning Runtime on Test Set: 113845.90000000001
2024-04-17 11:43 | INFO | Query 10 Active Learning Instance Cost: 2539005.0
2024-04-17 11:43 | INFO | Timeout limit is increased to 3600
2024-04-17 11:43 | INFO | Query 11 Size of the uncertainty table is = 18461/39325
2024-04-17 11:43 | INFO | Query 11 Size of the filtered table is = 394
2024-04-17 11:46 | INFO | Query 11 Active Learning Runtime on Validation Set: 473899.27
2024-04-17 11:46 | INFO | Query 11 Active Learning Runtime on Test Set: 113536.38
2024-04-17 11:46 | INFO | Query 11 Active Learning Instance Cost: 2712643.17
2024-04-17 11:46 | INFO | Timeout limit is increased to 3600
2024-04-17 11:46 | INFO | Query 12 Size of the uncertainty table is = 15761/39325
2024-04-17 11:46 | INFO | Query 12 Size of the filtered table is = 394
2024-04-17 11:49 | INFO | Query 12 Active Learning Runtime on Validation Set: 365505.60000000003
2024-04-17 11:49 | INFO | Query 12 Active Learning Runtime on Test Set: 113477.95
2024-04-17 11:49 | INFO | Query 12 Active Learning Instance Cost: 2931619.95
2024-04-17 11:49 | INFO | Query 13 Size of the uncertainty table is = 13237/39325
2024-04-17 11:49 | INFO | Query 13 Size of the filtered table is = 394
2024-04-17 11:52 | INFO | Query 13 Active Learning Runtime on Validation Set: 294091.77
2024-04-17 11:52 | INFO | Query 13 Active Learning Runtime on Test Set: 113171.73000000001
2024-04-17 11:52 | INFO | Query 13 Active Learning Instance Cost: 3238799.14
2024-04-17 11:52 | INFO | Query 14 Size of the uncertainty table is = 10677/39325
2024-04-17 11:52 | INFO | Query 14 Size of the filtered table is = 394
2024-04-17 11:55 | INFO | Query 14 Active Learning Runtime on Validation Set: 293926.24
2024-04-17 11:55 | INFO | Query 14 Active Learning Runtime on Test Set: 78143.3
2024-04-17 11:55 | INFO | Query 14 Active Learning Instance Cost: 3450864.37
2024-04-17 11:55 | INFO | Query 15 Size of the uncertainty table is = 8336/39325
2024-04-17 11:55 | INFO | Query 15 Size of the filtered table is = 394
2024-04-17 11:58 | INFO | Query 15 Active Learning Runtime on Validation Set: 401813.69
2024-04-17 11:58 | INFO | Query 15 Active Learning Runtime on Test Set: 113746.99
2024-04-17 11:58 | INFO | Query 15 Active Learning Instance Cost: 3639413.58
2024-04-17 11:58 | INFO | Timeout limit is increased to 3600
2024-04-17 11:58 | INFO | Query 16 Size of the uncertainty table is = 6435/39325
2024-04-17 11:58 | INFO | Query 16 Size of the filtered table is = 394
2024-04-17 12:01 | INFO | Query 16 Active Learning Runtime on Validation Set: 438004.63
2024-04-17 12:01 | INFO | Query 16 Active Learning Runtime on Test Set: 113655.42
2024-04-17 12:01 | INFO | Query 16 Active Learning Instance Cost: 3949166.73
2024-04-17 12:01 | INFO | Timeout limit is increased to 3600
2024-04-17 12:01 | INFO | Query 17 Size of the uncertainty table is = 4532/39325
2024-04-17 12:01 | INFO | Query 17 Size of the filtered table is = 394
2024-04-17 12:04 | INFO | Query 17 Active Learning Runtime on Validation Set: 438502.09
2024-04-17 12:04 | INFO | Query 17 Active Learning Runtime on Test Set: 113265.54000000001
2024-04-17 12:04 | INFO | Query 17 Active Learning Instance Cost: 4429124.21
2024-04-17 12:04 | INFO | Timeout limit is increased to 3600
2024-04-17 12:04 | INFO | Query 18 Size of the uncertainty table is = 2810/39325
2024-04-17 12:04 | INFO | Query 18 Size of the filtered table is = 394
2024-04-17 12:07 | INFO | Query 18 Active Learning Runtime on Validation Set: 330159.32
2024-04-17 12:07 | INFO | Query 18 Active Learning Runtime on Test Set: 149640.05
2024-04-17 12:07 | INFO | Query 18 Active Learning Instance Cost: 4964575.22
2024-04-17 12:07 | INFO | Query 19 Size of the uncertainty table is = 1276/39325
2024-04-17 12:07 | INFO | Query 19 Size of the filtered table is = 394
2024-04-17 12:10 | INFO | Query 19 Active Learning Runtime on Validation Set: 365946.34
2024-04-17 12:10 | INFO | Query 19 Active Learning Runtime on Test Set: 113687.32
2024-04-17 12:10 | INFO | Query 19 Active Learning Instance Cost: 5415032.55
2024-04-17 12:10 | INFO | Timeout limit is increased to 3600
2024-04-17 12:10 | INFO | Query 20 Size of the uncertainty table is = 85/39325
2024-04-17 12:10 | INFO | Query 20 Size of the filtered table is = 7
2024-04-17 12:13 | INFO | Query 20 Active Learning Runtime on Validation Set: 329892.15
2024-04-17 12:13 | INFO | Query 20 Active Learning Runtime on Test Set: 113687.06
2024-04-17 12:13 | INFO | Query 20 Active Learning Instance Cost: 5429432.55
2024-04-17 12:13 | INFO | Query 21 Size of the uncertainty table is = 45/39325
2024-04-17 12:13 | INFO | Query 21 Size of the filtered table is = 45
2024-04-17 12:16 | INFO | Query 21 Active Learning Runtime on Validation Set: 366126.96
2024-04-17 12:16 | INFO | Query 21 Active Learning Runtime on Test Set: 113687.06
2024-04-17 12:16 | INFO | Query 21 Active Learning Instance Cost: 5447949.07
2024-04-17 12:16 | INFO | Timeout limit is increased to 3600
2024-04-17 12:16 | INFO | runtime_test_score is written as json file
2024-04-17 12:16 | INFO | runtime_validation_score is written as json file
2024-04-17 12:16 | INFO | instance_cost is written as json file
2024-04-17 12:16 | INFO | Experiment is finished
