2024-04-17 10:22 | INFO | Paramaters are: {'dataset': 'MAXSAT19-UCMS', 'penalty': 10, 'weight': 'No_Weight', 'voting': 'Hard', 'pre_selection_size': 64, 'pre_selection_technique': 'No_pre_selection', 'feature_elimination_threshold': 20, 'imputer_strategy': 'median', 'feature_selection_technique': 'No_feature_selection', 'feature_scaling_technique': 'StandardScaler', 'initial_train_size': 20, 'query_size': 1, 'timeout_predictor_usage': 'No', 'timeout_limit': 100, 'timeout_increase_rate': 100, 'RANDOM_STATE_SEED': 7, 'n_splits': 10, 'split_number': 5, 'max_timeout': 3600, 'param_grid': {'n_estimators': 100, 'criterion': 'gini', 'max_features': 'sqrt', 'max_depth': 2147483648, 'min_samples_split': 2, 'bootstrap': True}}
2024-04-17 10:22 | INFO | MAXSAT19-UCMS is current dataset
2024-04-17 10:22 | INFO | DATASETS/MAXSAT19-UCMS/algorithm_runs.arff is found
2024-04-17 10:22 | INFO | DATASETS/MAXSAT19-UCMS/algorithm_runs.arff is finished
2024-04-17 10:22 | INFO | DATASETS/MAXSAT19-UCMS/feature_values.arff is found
2024-04-17 10:22 | INFO | DATASETS/MAXSAT19-UCMS/feature_values.arff is finished
2024-04-17 10:22 | INFO | DATASETS/MAXSAT19-UCMS/feature_costs.arff is found
2024-04-17 10:22 | INFO | DATASETS/MAXSAT19-UCMS/feature_costs.arff is finished
2024-04-17 10:22 | INFO | Virtual best solver time in train = 56195.89
2024-04-17 10:22 | INFO | Single best solver list train = {'MaxHS': 1055417.83, 'Open.WBO.g': 1653236.77, 'Open.WBO.ms': 1513461.27, 'Open.WBO.ms.pre': 2047757.13, 'QMaxSAT2018': 4105930.35, 'UWrMaxSAT': 1279112.24, 'maxino2018': 1716607.95}
2024-04-17 10:22 | INFO | Single best solver time train = MaxHS (1055417.83)
2024-04-17 10:22 | INFO | Virtual best solver time in validation = 9016.51
2024-04-17 10:22 | INFO | Single best solver list validation = {'MaxHS': 331297.12, 'Open.WBO.g': 188982.26, 'Open.WBO.ms': 153458.29, 'Open.WBO.ms.pre': 220621.87, 'QMaxSAT2018': 512861.45, 'UWrMaxSAT': 149343.91, 'maxino2018': 223324.92}
2024-04-17 10:22 | INFO | Single best solver time validation = UWrMaxSAT (149343.91)
2024-04-17 10:22 | INFO | Virtual best solver time in test = 6344.47
2024-04-17 10:22 | INFO | Single best solver list test = {'MaxHS': 184110.92, 'Open.WBO.g': 156856.74, 'Open.WBO.ms': 116501.88, 'Open.WBO.ms.pre': 219354.37, 'QMaxSAT2018': 472817.1, 'UWrMaxSAT': 183425.17, 'maxino2018': 187001.98}
2024-04-17 10:22 | INFO | Single best solver time test = Open.WBO.ms (116501.88)
2024-04-17 10:22 | INFO | Passive Learning Runtime on Validation Set: 294933.39
2024-04-17 10:22 | INFO | Passive Learning Runtime on Test Set: 144021.59
2024-04-17 10:22 | INFO | Passive Learning Instance Cost: 1545523.54
2024-04-17 10:23 | INFO | Initial Active Learning Runtime on Validation Set: 254029.26
2024-04-17 10:23 | INFO | Initial Active Learning Runtime on Test Set: 144686.97
2024-04-17 10:23 | INFO | Initial Active Learning Instance Cost: 8808.41
2024-04-17 10:23 | INFO | Bin size = 51
2024-04-17 10:23 | INFO | Query 1 Size of the uncertainty table is = 5156/5040
2024-04-17 10:23 | INFO | Query 1 Size of the filtered table is = 51
2024-04-17 10:23 | INFO | Query 1 Active Learning Runtime on Validation Set: 253972.99
2024-04-17 10:23 | INFO | Query 1 Active Learning Runtime on Test Set: 144686.46
2024-04-17 10:23 | INFO | Query 1 Active Learning Instance Cost: 14293.52
2024-04-17 10:23 | INFO | Query 2 Size of the uncertainty table is = 5122/5040
2024-04-17 10:23 | INFO | Query 2 Size of the filtered table is = 51
2024-04-17 10:23 | INFO | Query 2 Active Learning Runtime on Validation Set: 253972.99
2024-04-17 10:23 | INFO | Query 2 Active Learning Runtime on Test Set: 144927.41
2024-04-17 10:23 | INFO | Query 2 Active Learning Instance Cost: 18375.55
2024-04-17 10:23 | INFO | Timeout limit is increased to 200
2024-04-17 10:23 | INFO | Query 3 Size of the uncertainty table is = 5067/5040
2024-04-17 10:23 | INFO | Query 3 Size of the filtered table is = 51
2024-04-17 10:24 | INFO | Query 3 Active Learning Runtime on Validation Set: 253967.01
2024-04-17 10:24 | INFO | Query 3 Active Learning Runtime on Test Set: 145253.51
2024-04-17 10:24 | INFO | Query 3 Active Learning Instance Cost: 27392.9
2024-04-17 10:24 | INFO | Query 4 Size of the uncertainty table is = 4993/5040
2024-04-17 10:24 | INFO | Query 4 Size of the filtered table is = 51
2024-04-17 10:24 | INFO | Query 4 Active Learning Runtime on Validation Set: 254025.17
2024-04-17 10:24 | INFO | Query 4 Active Learning Runtime on Test Set: 146413.91
2024-04-17 10:24 | INFO | Query 4 Active Learning Instance Cost: 36523.36
2024-04-17 10:24 | INFO | Timeout limit is increased to 300
2024-04-17 10:24 | INFO | Query 5 Size of the uncertainty table is = 4934/5040
2024-04-17 10:24 | INFO | Query 5 Size of the filtered table is = 51
2024-04-17 10:25 | INFO | Query 5 Active Learning Runtime on Validation Set: 221447.02000000002
2024-04-17 10:25 | INFO | Query 5 Active Learning Runtime on Test Set: 144979.63999999998
2024-04-17 10:25 | INFO | Query 5 Active Learning Instance Cost: 50759.78
2024-04-17 10:25 | INFO | Query 6 Size of the uncertainty table is = 4849/5040
2024-04-17 10:25 | INFO | Query 6 Size of the filtered table is = 51
2024-04-17 10:25 | INFO | Query 6 Active Learning Runtime on Validation Set: 223093.51
2024-04-17 10:25 | INFO | Query 6 Active Learning Runtime on Test Set: 144946.31
2024-04-17 10:25 | INFO | Query 6 Active Learning Instance Cost: 58809.44
2024-04-17 10:25 | INFO | Timeout limit is increased to 400
2024-04-17 10:25 | INFO | Query 7 Size of the uncertainty table is = 4744/5040
2024-04-17 10:25 | INFO | Query 7 Size of the filtered table is = 51
2024-04-17 10:25 | INFO | Query 7 Active Learning Runtime on Validation Set: 185764.75
2024-04-17 10:25 | INFO | Query 7 Active Learning Runtime on Test Set: 144948.21
2024-04-17 10:25 | INFO | Query 7 Active Learning Instance Cost: 69133.05
2024-04-17 10:25 | INFO | Query 8 Size of the uncertainty table is = 4639/5040
2024-04-17 10:25 | INFO | Query 8 Size of the filtered table is = 51
2024-04-17 10:26 | INFO | Query 8 Active Learning Runtime on Validation Set: 218802.06
2024-04-17 10:26 | INFO | Query 8 Active Learning Runtime on Test Set: 145530.66
2024-04-17 10:26 | INFO | Query 8 Active Learning Instance Cost: 77368.82
2024-04-17 10:26 | INFO | Timeout limit is increased to 500
2024-04-17 10:26 | INFO | Query 9 Size of the uncertainty table is = 4518/5040
2024-04-17 10:26 | INFO | Query 9 Size of the filtered table is = 51
2024-04-17 10:26 | INFO | Query 9 Active Learning Runtime on Validation Set: 218748.39
2024-04-17 10:26 | INFO | Query 9 Active Learning Runtime on Test Set: 145530.66
2024-04-17 10:26 | INFO | Query 9 Active Learning Instance Cost: 95605.87
2024-04-17 10:26 | INFO | Query 10 Size of the uncertainty table is = 4447/5040
2024-04-17 10:26 | INFO | Query 10 Size of the filtered table is = 51
2024-04-17 10:27 | INFO | Query 10 Active Learning Runtime on Validation Set: 185735.82
2024-04-17 10:27 | INFO | Query 10 Active Learning Runtime on Test Set: 145530.66
2024-04-17 10:27 | INFO | Query 10 Active Learning Instance Cost: 106126.78
2024-04-17 10:27 | INFO | Query 11 Size of the uncertainty table is = 4348/5040
2024-04-17 10:27 | INFO | Query 11 Size of the filtered table is = 51
2024-04-17 10:27 | INFO | Query 11 Active Learning Runtime on Validation Set: 185682.16
2024-04-17 10:27 | INFO | Query 11 Active Learning Runtime on Test Set: 145884.27
2024-04-17 10:27 | INFO | Query 11 Active Learning Instance Cost: 118656.17
2024-04-17 10:27 | INFO | Query 12 Size of the uncertainty table is = 4208/5040
2024-04-17 10:27 | INFO | Query 12 Size of the filtered table is = 51
2024-04-17 10:27 | INFO | Query 12 Active Learning Runtime on Validation Set: 221733.75
2024-04-17 10:27 | INFO | Query 12 Active Learning Runtime on Test Set: 180029.4
2024-04-17 10:27 | INFO | Query 12 Active Learning Instance Cost: 137507.03
2024-04-17 10:27 | INFO | Timeout limit is increased to 600
2024-04-17 10:27 | INFO | Query 13 Size of the uncertainty table is = 4133/5040
2024-04-17 10:27 | INFO | Query 13 Size of the filtered table is = 51
2024-04-17 10:28 | INFO | Query 13 Active Learning Runtime on Validation Set: 294286.92
2024-04-17 10:28 | INFO | Query 13 Active Learning Runtime on Test Set: 217113.54
2024-04-17 10:28 | INFO | Query 13 Active Learning Instance Cost: 153122.73
2024-04-17 10:28 | INFO | Timeout limit is increased to 700
2024-04-17 10:28 | INFO | Query 14 Size of the uncertainty table is = 4038/5040
2024-04-17 10:28 | INFO | Query 14 Size of the filtered table is = 51
2024-04-17 10:28 | INFO | Query 14 Active Learning Runtime on Validation Set: 294286.81
2024-04-17 10:28 | INFO | Query 14 Active Learning Runtime on Test Set: 181111.89
2024-04-17 10:28 | INFO | Query 14 Active Learning Instance Cost: 174775.36
2024-04-17 10:28 | INFO | Query 15 Size of the uncertainty table is = 3946/5040
2024-04-17 10:28 | INFO | Query 15 Size of the filtered table is = 51
2024-04-17 10:29 | INFO | Query 15 Active Learning Runtime on Validation Set: 294239.0
2024-04-17 10:29 | INFO | Query 15 Active Learning Runtime on Test Set: 217115.72
2024-04-17 10:29 | INFO | Query 15 Active Learning Instance Cost: 190530.75
2024-04-17 10:29 | INFO | Query 16 Size of the uncertainty table is = 3865/5040
2024-04-17 10:29 | INFO | Query 16 Size of the filtered table is = 51
2024-04-17 10:29 | INFO | Query 16 Active Learning Runtime on Validation Set: 258639.95
2024-04-17 10:29 | INFO | Query 16 Active Learning Runtime on Test Set: 181123.86000000002
2024-04-17 10:29 | INFO | Query 16 Active Learning Instance Cost: 199269.59
2024-04-17 10:29 | INFO | Query 17 Size of the uncertainty table is = 3771/5040
2024-04-17 10:29 | INFO | Query 17 Size of the filtered table is = 51
2024-04-17 10:29 | INFO | Query 17 Active Learning Runtime on Validation Set: 331179.89
2024-04-17 10:29 | INFO | Query 17 Active Learning Runtime on Test Set: 216042.46
2024-04-17 10:29 | INFO | Query 17 Active Learning Instance Cost: 214511.33
2024-04-17 10:29 | INFO | Timeout limit is increased to 800
2024-04-17 10:29 | INFO | Query 18 Size of the uncertainty table is = 3691/5040
2024-04-17 10:29 | INFO | Query 18 Size of the filtered table is = 51
2024-04-17 10:30 | INFO | Query 18 Active Learning Runtime on Validation Set: 295178.33999999997
2024-04-17 10:30 | INFO | Query 18 Active Learning Runtime on Test Set: 216128.28
2024-04-17 10:30 | INFO | Query 18 Active Learning Instance Cost: 228113.57
2024-04-17 10:30 | INFO | Query 19 Size of the uncertainty table is = 3607/5040
2024-04-17 10:30 | INFO | Query 19 Size of the filtered table is = 51
2024-04-17 10:30 | INFO | Query 19 Active Learning Runtime on Validation Set: 260093.35
2024-04-17 10:30 | INFO | Query 19 Active Learning Runtime on Test Set: 183072.75
2024-04-17 10:30 | INFO | Query 19 Active Learning Instance Cost: 237522.16
2024-04-17 10:30 | INFO | Query 20 Size of the uncertainty table is = 3534/5040
2024-04-17 10:30 | INFO | Query 20 Size of the filtered table is = 51
2024-04-17 10:31 | INFO | Query 20 Active Learning Runtime on Validation Set: 260022.63
2024-04-17 10:31 | INFO | Query 20 Active Learning Runtime on Test Set: 183119.24
2024-04-17 10:31 | INFO | Query 20 Active Learning Instance Cost: 243260.26
2024-04-17 10:31 | INFO | Query 21 Size of the uncertainty table is = 3452/5040
2024-04-17 10:31 | INFO | Query 21 Size of the filtered table is = 51
2024-04-17 10:31 | INFO | Query 21 Active Learning Runtime on Validation Set: 260049.9
2024-04-17 10:31 | INFO | Query 21 Active Learning Runtime on Test Set: 147068.6
2024-04-17 10:31 | INFO | Query 21 Active Learning Instance Cost: 248256.29
2024-04-17 10:31 | INFO | Timeout limit is increased to 900
2024-04-17 10:31 | INFO | Query 22 Size of the uncertainty table is = 3383/5040
2024-04-17 10:31 | INFO | Query 22 Size of the filtered table is = 51
2024-04-17 10:31 | INFO | Query 22 Active Learning Runtime on Validation Set: 331148.8
2024-04-17 10:31 | INFO | Query 22 Active Learning Runtime on Test Set: 145521.27
2024-04-17 10:31 | INFO | Query 22 Active Learning Instance Cost: 263390.98
2024-04-17 10:31 | INFO | Timeout limit is increased to 1000
2024-04-17 10:31 | INFO | Query 23 Size of the uncertainty table is = 3268/5040
2024-04-17 10:31 | INFO | Query 23 Size of the filtered table is = 51
2024-04-17 10:32 | INFO | Query 23 Active Learning Runtime on Validation Set: 331053.21
2024-04-17 10:32 | INFO | Query 23 Active Learning Runtime on Test Set: 180117.96
2024-04-17 10:32 | INFO | Query 23 Active Learning Instance Cost: 276428.75
2024-04-17 10:32 | INFO | Query 24 Size of the uncertainty table is = 3175/5040
2024-04-17 10:32 | INFO | Query 24 Size of the filtered table is = 51
2024-04-17 10:32 | INFO | Query 24 Active Learning Runtime on Validation Set: 294949.33
2024-04-17 10:32 | INFO | Query 24 Active Learning Runtime on Test Set: 180114.72
2024-04-17 10:32 | INFO | Query 24 Active Learning Instance Cost: 288671.47
2024-04-17 10:32 | INFO | Query 25 Size of the uncertainty table is = 3065/5040
2024-04-17 10:32 | INFO | Query 25 Size of the filtered table is = 51
2024-04-17 10:33 | INFO | Query 25 Active Learning Runtime on Validation Set: 294971.87
2024-04-17 10:33 | INFO | Query 25 Active Learning Runtime on Test Set: 145196.49
2024-04-17 10:33 | INFO | Query 25 Active Learning Instance Cost: 301694.11
2024-04-17 10:33 | INFO | Timeout limit is increased to 1100
2024-04-17 10:33 | INFO | Query 26 Size of the uncertainty table is = 2987/5040
2024-04-17 10:33 | INFO | Query 26 Size of the filtered table is = 51
2024-04-17 10:33 | INFO | Query 26 Active Learning Runtime on Validation Set: 330970.68
2024-04-17 10:33 | INFO | Query 26 Active Learning Runtime on Test Set: 180114.71
2024-04-17 10:33 | INFO | Query 26 Active Learning Instance Cost: 318337.12
2024-04-17 10:33 | INFO | Timeout limit is increased to 1200
2024-04-17 10:33 | INFO | Query 27 Size of the uncertainty table is = 2973/5040
2024-04-17 10:33 | INFO | Query 27 Size of the filtered table is = 51
2024-04-17 10:34 | INFO | Query 27 Active Learning Runtime on Validation Set: 330970.68
2024-04-17 10:34 | INFO | Query 27 Active Learning Runtime on Test Set: 180114.71
2024-04-17 10:34 | INFO | Query 27 Active Learning Instance Cost: 331791.57
2024-04-17 10:34 | INFO | Timeout limit is increased to 1300
2024-04-17 10:34 | INFO | Query 28 Size of the uncertainty table is = 2958/5040
2024-04-17 10:34 | INFO | Query 28 Size of the filtered table is = 51
2024-04-17 10:34 | INFO | Query 28 Active Learning Runtime on Validation Set: 295031.23
2024-04-17 10:34 | INFO | Query 28 Active Learning Runtime on Test Set: 180063.12
2024-04-17 10:34 | INFO | Query 28 Active Learning Instance Cost: 345587.7
2024-04-17 10:34 | INFO | Query 29 Size of the uncertainty table is = 2927/5040
2024-04-17 10:34 | INFO | Query 29 Size of the filtered table is = 51
2024-04-17 10:34 | INFO | Query 29 Active Learning Runtime on Validation Set: 294972.22
2024-04-17 10:34 | INFO | Query 29 Active Learning Runtime on Test Set: 180110.01
2024-04-17 10:34 | INFO | Query 29 Active Learning Instance Cost: 367377.68
2024-04-17 10:34 | INFO | Query 30 Size of the uncertainty table is = 2869/5040
2024-04-17 10:34 | INFO | Query 30 Size of the filtered table is = 51
2024-04-17 10:35 | INFO | Query 30 Active Learning Runtime on Validation Set: 261940.65
2024-04-17 10:35 | INFO | Query 30 Active Learning Runtime on Test Set: 179883.88
2024-04-17 10:35 | INFO | Query 30 Active Learning Instance Cost: 385506.02
2024-04-17 10:35 | INFO | Query 31 Size of the uncertainty table is = 2824/5040
2024-04-17 10:35 | INFO | Query 31 Size of the filtered table is = 51
2024-04-17 10:35 | INFO | Query 31 Active Learning Runtime on Validation Set: 262006.74
2024-04-17 10:35 | INFO | Query 31 Active Learning Runtime on Test Set: 180111.85
2024-04-17 10:35 | INFO | Query 31 Active Learning Instance Cost: 396060.7
2024-04-17 10:35 | INFO | Timeout limit is increased to 1400
2024-04-17 10:35 | INFO | Query 32 Size of the uncertainty table is = 2754/5040
2024-04-17 10:35 | INFO | Query 32 Size of the filtered table is = 51
2024-04-17 10:36 | INFO | Query 32 Active Learning Runtime on Validation Set: 294905.92
2024-04-17 10:36 | INFO | Query 32 Active Learning Runtime on Test Set: 180110.03
2024-04-17 10:36 | INFO | Query 32 Active Learning Instance Cost: 406694.67
2024-04-17 10:36 | INFO | Timeout limit is increased to 1500
2024-04-17 10:36 | INFO | Query 33 Size of the uncertainty table is = 2641/5040
2024-04-17 10:36 | INFO | Query 33 Size of the filtered table is = 51
2024-04-17 10:36 | INFO | Query 33 Active Learning Runtime on Validation Set: 294875.39999999997
2024-04-17 10:36 | INFO | Query 33 Active Learning Runtime on Test Set: 179994.2
2024-04-17 10:36 | INFO | Query 33 Active Learning Instance Cost: 425946.22
2024-04-17 10:36 | INFO | Query 34 Size of the uncertainty table is = 2579/5040
2024-04-17 10:36 | INFO | Query 34 Size of the filtered table is = 51
2024-04-17 10:36 | INFO | Query 34 Active Learning Runtime on Validation Set: 294876.89
2024-04-17 10:36 | INFO | Query 34 Active Learning Runtime on Test Set: 179982.23
2024-04-17 10:36 | INFO | Query 34 Active Learning Instance Cost: 433028.28
2024-04-17 10:36 | INFO | Timeout limit is increased to 1600
2024-04-17 10:36 | INFO | Query 35 Size of the uncertainty table is = 2550/5040
2024-04-17 10:36 | INFO | Query 35 Size of the filtered table is = 51
2024-04-17 10:37 | INFO | Query 35 Active Learning Runtime on Validation Set: 292451.64
2024-04-17 10:37 | INFO | Query 35 Active Learning Runtime on Test Set: 179994.71
2024-04-17 10:37 | INFO | Query 35 Active Learning Instance Cost: 443016.76
2024-04-17 10:37 | INFO | Query 36 Size of the uncertainty table is = 2485/5040
2024-04-17 10:37 | INFO | Query 36 Size of the filtered table is = 51
2024-04-17 10:37 | INFO | Query 36 Active Learning Runtime on Validation Set: 292400.93
2024-04-17 10:37 | INFO | Query 36 Active Learning Runtime on Test Set: 179994.71
2024-04-17 10:37 | INFO | Query 36 Active Learning Instance Cost: 447379.33
2024-04-17 10:37 | INFO | Query 37 Size of the uncertainty table is = 2453/5040
2024-04-17 10:37 | INFO | Query 37 Size of the filtered table is = 51
2024-04-17 10:38 | INFO | Query 37 Active Learning Runtime on Validation Set: 292400.93
2024-04-17 10:38 | INFO | Query 37 Active Learning Runtime on Test Set: 179994.71
2024-04-17 10:38 | INFO | Query 37 Active Learning Instance Cost: 449484.07
2024-04-17 10:38 | INFO | Timeout limit is increased to 1700
2024-04-17 10:38 | INFO | Query 38 Size of the uncertainty table is = 2407/5040
2024-04-17 10:38 | INFO | Query 38 Size of the filtered table is = 51
2024-04-17 10:38 | INFO | Query 38 Active Learning Runtime on Validation Set: 292399.86
2024-04-17 10:38 | INFO | Query 38 Active Learning Runtime on Test Set: 179987.54
2024-04-17 10:38 | INFO | Query 38 Active Learning Instance Cost: 461645.38
2024-04-17 10:38 | INFO | Query 39 Size of the uncertainty table is = 2377/5040
2024-04-17 10:38 | INFO | Query 39 Size of the filtered table is = 51
2024-04-17 10:38 | INFO | Query 39 Active Learning Runtime on Validation Set: 294959.97
2024-04-17 10:38 | INFO | Query 39 Active Learning Runtime on Test Set: 179987.54
2024-04-17 10:38 | INFO | Query 39 Active Learning Instance Cost: 464694.31
2024-04-17 10:38 | INFO | Timeout limit is increased to 1800
2024-04-17 10:38 | INFO | Query 40 Size of the uncertainty table is = 2367/5040
2024-04-17 10:38 | INFO | Query 40 Size of the filtered table is = 51
2024-04-17 10:39 | INFO | Query 40 Active Learning Runtime on Validation Set: 294959.97
2024-04-17 10:39 | INFO | Query 40 Active Learning Runtime on Test Set: 179987.54
2024-04-17 10:39 | INFO | Query 40 Active Learning Instance Cost: 479926.94
2024-04-17 10:39 | INFO | Timeout limit is increased to 1900
2024-04-17 10:39 | INFO | Query 41 Size of the uncertainty table is = 2364/5040
2024-04-17 10:39 | INFO | Query 41 Size of the filtered table is = 51
2024-04-17 10:39 | INFO | Query 41 Active Learning Runtime on Validation Set: 294959.97
2024-04-17 10:39 | INFO | Query 41 Active Learning Runtime on Test Set: 179987.54
2024-04-17 10:39 | INFO | Query 41 Active Learning Instance Cost: 489826.94
2024-04-17 10:39 | INFO | Timeout limit is increased to 2000
2024-04-17 10:39 | INFO | Query 42 Size of the uncertainty table is = 2364/5040
2024-04-17 10:39 | INFO | Query 42 Size of the filtered table is = 51
2024-04-17 10:40 | INFO | Query 42 Active Learning Runtime on Validation Set: 294967.05
2024-04-17 10:40 | INFO | Query 42 Active Learning Runtime on Test Set: 179987.54
2024-04-17 10:40 | INFO | Query 42 Active Learning Instance Cost: 497589.45
2024-04-17 10:40 | INFO | Timeout limit is increased to 2100
2024-04-17 10:40 | INFO | Query 43 Size of the uncertainty table is = 2352/5040
2024-04-17 10:40 | INFO | Query 43 Size of the filtered table is = 51
2024-04-17 10:40 | INFO | Query 43 Active Learning Runtime on Validation Set: 294967.05
2024-04-17 10:40 | INFO | Query 43 Active Learning Runtime on Test Set: 179987.54
2024-04-17 10:40 | INFO | Query 43 Active Learning Instance Cost: 512390.41
2024-04-17 10:40 | INFO | Timeout limit is increased to 2200
2024-04-17 10:40 | INFO | Query 44 Size of the uncertainty table is = 2350/5040
2024-04-17 10:40 | INFO | Query 44 Size of the filtered table is = 51
2024-04-17 10:40 | INFO | Query 44 Active Learning Runtime on Validation Set: 294967.05
2024-04-17 10:40 | INFO | Query 44 Active Learning Runtime on Test Set: 179987.54
2024-04-17 10:40 | INFO | Query 44 Active Learning Instance Cost: 522290.41
2024-04-17 10:40 | INFO | Timeout limit is increased to 2300
2024-04-17 10:40 | INFO | Query 45 Size of the uncertainty table is = 2350/5040
2024-04-17 10:40 | INFO | Query 45 Size of the filtered table is = 51
2024-04-17 10:41 | INFO | Query 45 Active Learning Runtime on Validation Set: 294960.32
2024-04-17 10:41 | INFO | Query 45 Active Learning Runtime on Test Set: 179987.54
2024-04-17 10:41 | INFO | Query 45 Active Learning Instance Cost: 530349.95
2024-04-17 10:41 | INFO | Query 46 Size of the uncertainty table is = 2343/5040
2024-04-17 10:41 | INFO | Query 46 Size of the filtered table is = 51
2024-04-17 10:41 | INFO | Query 46 Active Learning Runtime on Validation Set: 294856.66
2024-04-17 10:41 | INFO | Query 46 Active Learning Runtime on Test Set: 179990.75
2024-04-17 10:41 | INFO | Query 46 Active Learning Instance Cost: 534621.39
2024-04-17 10:41 | INFO | Query 47 Size of the uncertainty table is = 2334/5040
2024-04-17 10:41 | INFO | Query 47 Size of the filtered table is = 51
2024-04-17 10:42 | INFO | Query 47 Active Learning Runtime on Validation Set: 294863.49
2024-04-17 10:42 | INFO | Query 47 Active Learning Runtime on Test Set: 179987.54
2024-04-17 10:42 | INFO | Query 47 Active Learning Instance Cost: 538231.4
2024-04-17 10:42 | INFO | Timeout limit is increased to 2400
2024-04-17 10:42 | INFO | Query 48 Size of the uncertainty table is = 2322/5040
2024-04-17 10:42 | INFO | Query 48 Size of the filtered table is = 51
2024-04-17 10:42 | INFO | Query 48 Active Learning Runtime on Validation Set: 294863.49
2024-04-17 10:42 | INFO | Query 48 Active Learning Runtime on Test Set: 179987.54
2024-04-17 10:42 | INFO | Query 48 Active Learning Instance Cost: 547033.91
2024-04-17 10:42 | INFO | Timeout limit is increased to 2500
2024-04-17 10:42 | INFO | Query 49 Size of the uncertainty table is = 2316/5040
2024-04-17 10:42 | INFO | Query 49 Size of the filtered table is = 51
2024-04-17 10:42 | INFO | Query 49 Active Learning Runtime on Validation Set: 294847.55
2024-04-17 10:42 | INFO | Query 49 Active Learning Runtime on Test Set: 179987.54
2024-04-17 10:42 | INFO | Query 49 Active Learning Instance Cost: 554934.69
2024-04-17 10:42 | INFO | Query 50 Size of the uncertainty table is = 2313/5040
2024-04-17 10:42 | INFO | Query 50 Size of the filtered table is = 51
2024-04-17 10:43 | INFO | Query 50 Active Learning Runtime on Validation Set: 294847.55
2024-04-17 10:43 | INFO | Query 50 Active Learning Runtime on Test Set: 179987.54
2024-04-17 10:43 | INFO | Query 50 Active Learning Instance Cost: 559334.69
2024-04-17 10:43 | INFO | Timeout limit is increased to 2600
2024-04-17 10:43 | INFO | Query 51 Size of the uncertainty table is = 2313/5040
2024-04-17 10:43 | INFO | Query 51 Size of the filtered table is = 51
2024-04-17 10:43 | INFO | Query 51 Active Learning Runtime on Validation Set: 294847.55
2024-04-17 10:43 | INFO | Query 51 Active Learning Runtime on Test Set: 179987.54
2024-04-17 10:43 | INFO | Query 51 Active Learning Instance Cost: 567334.69
2024-04-17 10:43 | INFO | Timeout limit is increased to 2700
2024-04-17 10:43 | INFO | Query 52 Size of the uncertainty table is = 2313/5040
2024-04-17 10:43 | INFO | Query 52 Size of the filtered table is = 51
2024-04-17 10:44 | INFO | Query 52 Active Learning Runtime on Validation Set: 294847.55
2024-04-17 10:44 | INFO | Query 52 Active Learning Runtime on Test Set: 179987.54
2024-04-17 10:44 | INFO | Query 52 Active Learning Instance Cost: 575334.69
2024-04-17 10:44 | INFO | Timeout limit is increased to 2800
2024-04-17 10:44 | INFO | Query 53 Size of the uncertainty table is = 2313/5040
2024-04-17 10:44 | INFO | Query 53 Size of the filtered table is = 51
2024-04-17 10:44 | INFO | Query 53 Active Learning Runtime on Validation Set: 294847.55
2024-04-17 10:44 | INFO | Query 53 Active Learning Runtime on Test Set: 179987.54
2024-04-17 10:44 | INFO | Query 53 Active Learning Instance Cost: 583334.69
2024-04-17 10:44 | INFO | Timeout limit is increased to 2900
2024-04-17 10:44 | INFO | Query 54 Size of the uncertainty table is = 2313/5040
2024-04-17 10:44 | INFO | Query 54 Size of the filtered table is = 51
2024-04-17 10:44 | INFO | Query 54 Active Learning Runtime on Validation Set: 294847.55
2024-04-17 10:44 | INFO | Query 54 Active Learning Runtime on Test Set: 179987.54
2024-04-17 10:44 | INFO | Query 54 Active Learning Instance Cost: 591334.69
2024-04-17 10:44 | INFO | Timeout limit is increased to 3000
2024-04-17 10:44 | INFO | Query 55 Size of the uncertainty table is = 2313/5040
2024-04-17 10:44 | INFO | Query 55 Size of the filtered table is = 51
2024-04-17 10:45 | INFO | Query 55 Active Learning Runtime on Validation Set: 294847.55
2024-04-17 10:45 | INFO | Query 55 Active Learning Runtime on Test Set: 179987.54
2024-04-17 10:45 | INFO | Query 55 Active Learning Instance Cost: 599334.69
2024-04-17 10:45 | INFO | Timeout limit is increased to 3100
2024-04-17 10:45 | INFO | Query 56 Size of the uncertainty table is = 2313/5040
2024-04-17 10:45 | INFO | Query 56 Size of the filtered table is = 51
2024-04-17 10:45 | INFO | Query 56 Active Learning Runtime on Validation Set: 294847.55
2024-04-17 10:45 | INFO | Query 56 Active Learning Runtime on Test Set: 179987.54
2024-04-17 10:45 | INFO | Query 56 Active Learning Instance Cost: 607334.69
2024-04-17 10:45 | INFO | Timeout limit is increased to 3200
2024-04-17 10:45 | INFO | Query 57 Size of the uncertainty table is = 2313/5040
2024-04-17 10:45 | INFO | Query 57 Size of the filtered table is = 51
2024-04-17 10:46 | INFO | Query 57 Active Learning Runtime on Validation Set: 294847.55
2024-04-17 10:46 | INFO | Query 57 Active Learning Runtime on Test Set: 179987.54
2024-04-17 10:46 | INFO | Query 57 Active Learning Instance Cost: 615334.69
2024-04-17 10:46 | INFO | Timeout limit is increased to 3300
2024-04-17 10:46 | INFO | Query 58 Size of the uncertainty table is = 2313/5040
2024-04-17 10:46 | INFO | Query 58 Size of the filtered table is = 51
2024-04-17 10:46 | INFO | Query 58 Active Learning Runtime on Validation Set: 294847.55
2024-04-17 10:46 | INFO | Query 58 Active Learning Runtime on Test Set: 179987.54
2024-04-17 10:46 | INFO | Query 58 Active Learning Instance Cost: 623334.69
2024-04-17 10:46 | INFO | Timeout limit is increased to 3400
2024-04-17 10:46 | INFO | Query 59 Size of the uncertainty table is = 2313/5040
2024-04-17 10:46 | INFO | Query 59 Size of the filtered table is = 51
2024-04-17 10:46 | INFO | Query 59 Active Learning Runtime on Validation Set: 294847.55
2024-04-17 10:46 | INFO | Query 59 Active Learning Runtime on Test Set: 179987.54
2024-04-17 10:46 | INFO | Query 59 Active Learning Instance Cost: 631334.69
2024-04-17 10:46 | INFO | Timeout limit is increased to 3500
2024-04-17 10:46 | INFO | Query 60 Size of the uncertainty table is = 2313/5040
2024-04-17 10:46 | INFO | Query 60 Size of the filtered table is = 51
2024-04-17 10:47 | INFO | Query 60 Active Learning Runtime on Validation Set: 294847.55
2024-04-17 10:47 | INFO | Query 60 Active Learning Runtime on Test Set: 179987.54
2024-04-17 10:47 | INFO | Query 60 Active Learning Instance Cost: 639334.69
2024-04-17 10:47 | INFO | Timeout limit is increased to 3600
2024-04-17 10:47 | INFO | Query 61 Size of the uncertainty table is = 2313/5040
2024-04-17 10:47 | INFO | Query 61 Size of the filtered table is = 51
2024-04-17 10:47 | INFO | Query 61 Active Learning Runtime on Validation Set: 294847.55
2024-04-17 10:47 | INFO | Query 61 Active Learning Runtime on Test Set: 179987.54
2024-04-17 10:47 | INFO | Query 61 Active Learning Instance Cost: 647334.69
2024-04-17 10:47 | INFO | Timeout limit is increased to 3600
2024-04-17 10:47 | INFO | Query 62 Size of the uncertainty table is = 1774/5040
2024-04-17 10:47 | INFO | Query 62 Size of the filtered table is = 51
2024-04-17 10:48 | INFO | Query 62 Active Learning Runtime on Validation Set: 295004.06
2024-04-17 10:48 | INFO | Query 62 Active Learning Runtime on Test Set: 179759.45
2024-04-17 10:48 | INFO | Query 62 Active Learning Instance Cost: 698750.15
2024-04-17 10:48 | INFO | Timeout limit is increased to 3600
2024-04-17 10:48 | INFO | Query 63 Size of the uncertainty table is = 1537/5040
2024-04-17 10:48 | INFO | Query 63 Size of the filtered table is = 51
2024-04-17 10:48 | INFO | Query 63 Active Learning Runtime on Validation Set: 330762.23
2024-04-17 10:48 | INFO | Query 63 Active Learning Runtime on Test Set: 179758.44
2024-04-17 10:48 | INFO | Query 63 Active Learning Instance Cost: 733408.76
2024-04-17 10:48 | INFO | Timeout limit is increased to 3600
2024-04-17 10:48 | INFO | Query 64 Size of the uncertainty table is = 1316/5040
2024-04-17 10:48 | INFO | Query 64 Size of the filtered table is = 51
2024-04-17 10:48 | INFO | Query 64 Active Learning Runtime on Validation Set: 294942.51
2024-04-17 10:48 | INFO | Query 64 Active Learning Runtime on Test Set: 180663.28
2024-04-17 10:48 | INFO | Query 64 Active Learning Instance Cost: 790135.27
2024-04-17 10:48 | INFO | Query 65 Size of the uncertainty table is = 1051/5040
2024-04-17 10:48 | INFO | Query 65 Size of the filtered table is = 51
2024-04-17 10:49 | INFO | Query 65 Active Learning Runtime on Validation Set: 294940.89
2024-04-17 10:49 | INFO | Query 65 Active Learning Runtime on Test Set: 180708.69
2024-04-17 10:49 | INFO | Query 65 Active Learning Instance Cost: 856295.11
2024-04-17 10:49 | INFO | Query 66 Size of the uncertainty table is = 837/5040
2024-04-17 10:49 | INFO | Query 66 Size of the filtered table is = 51
2024-04-17 10:49 | INFO | Query 66 Active Learning Runtime on Validation Set: 294918.06
2024-04-17 10:49 | INFO | Query 66 Active Learning Runtime on Test Set: 179782.07
2024-04-17 10:49 | INFO | Query 66 Active Learning Instance Cost: 900220.5
2024-04-17 10:49 | INFO | Query 67 Size of the uncertainty table is = 625/5040
2024-04-17 10:49 | INFO | Query 67 Size of the filtered table is = 51
2024-04-17 10:50 | INFO | Query 67 Active Learning Runtime on Validation Set: 294932.87
2024-04-17 10:50 | INFO | Query 67 Active Learning Runtime on Test Set: 179759.56
2024-04-17 10:50 | INFO | Query 67 Active Learning Instance Cost: 958941.91
2024-04-17 10:50 | INFO | Timeout limit is increased to 3600
2024-04-17 10:50 | INFO | Query 68 Size of the uncertainty table is = 440/5040
2024-04-17 10:50 | INFO | Query 68 Size of the filtered table is = 51
2024-04-17 10:50 | INFO | Query 68 Active Learning Runtime on Validation Set: 294946.72
2024-04-17 10:50 | INFO | Query 68 Active Learning Runtime on Test Set: 179758.82
2024-04-17 10:50 | INFO | Query 68 Active Learning Instance Cost: 1005008.67
2024-04-17 10:50 | INFO | Timeout limit is increased to 3600
2024-04-17 10:50 | INFO | Query 69 Size of the uncertainty table is = 210/5040
2024-04-17 10:50 | INFO | Query 69 Size of the filtered table is = 51
2024-04-17 10:51 | INFO | Query 69 Active Learning Runtime on Validation Set: 294907.8
2024-04-17 10:51 | INFO | Query 69 Active Learning Runtime on Test Set: 179762.03
2024-04-17 10:51 | INFO | Query 69 Active Learning Instance Cost: 1016314.68
2024-04-17 10:51 | INFO | Query 70 Size of the uncertainty table is = 48/5040
2024-04-17 10:51 | INFO | Query 70 Size of the filtered table is = 48
2024-04-17 10:51 | INFO | Query 70 Active Learning Runtime on Validation Set: 294928.74
2024-04-17 10:51 | INFO | Query 70 Active Learning Runtime on Test Set: 179762.03
2024-04-17 10:51 | INFO | Query 70 Active Learning Instance Cost: 1059002.62
2024-04-17 10:51 | INFO | Timeout limit is increased to 3600
2024-04-17 10:51 | INFO | runtime_test_score is written as json file
2024-04-17 10:51 | INFO | runtime_validation_score is written as json file
2024-04-17 10:51 | INFO | instance_cost is written as json file
2024-04-17 10:51 | INFO | Experiment is finished
