2024-04-17 10:41 | INFO | Paramaters are: {'dataset': 'QBF-2011', 'penalty': 10, 'weight': 'No_Weight', 'voting': 'Hard', 'pre_selection_size': 64, 'pre_selection_technique': 'No_pre_selection', 'feature_elimination_threshold': 20, 'imputer_strategy': 'median', 'feature_selection_technique': 'No_feature_selection', 'feature_scaling_technique': 'StandardScaler', 'initial_train_size': 20, 'query_size': 1, 'timeout_predictor_usage': 'No', 'timeout_limit': 100, 'timeout_increase_rate': 100, 'RANDOM_STATE_SEED': 123, 'n_splits': 10, 'split_number': 5, 'max_timeout': 3600, 'param_grid': {'n_estimators': 100, 'criterion': 'gini', 'max_features': 'sqrt', 'max_depth': 2147483648, 'min_samples_split': 2, 'bootstrap': True}}
2024-04-17 10:41 | INFO | QBF-2011 is current dataset
2024-04-17 10:41 | INFO | DATASETS/QBF-2011/algorithm_runs.csv is found
2024-04-17 10:41 | INFO | DATASETS/QBF-2011/algorithm_runs.csv is finished
2024-04-17 10:41 | INFO | DATASETS/QBF-2011/feature_values.csv is found
2024-04-17 10:41 | INFO | DATASETS/QBF-2011/feature_values.csv is finished
2024-04-17 10:41 | INFO | Virtual best solver time in train = 68103.01
2024-04-17 10:41 | INFO | Single best solver list train = {'2clsQ': 13408928.5, 'QuBE': 10254465.44, 'quantor': 17765701.62, 'sKizzo': 6496609.58, 'sSolve': 8355885.95}
2024-04-17 10:41 | INFO | Single best solver time train = sKizzo (6496609.58)
2024-04-17 10:41 | INFO | Virtual best solver time in validation = 18628.13
2024-04-17 10:41 | INFO | Single best solver list validation = {'2clsQ': 3045405.7, 'QuBE': 2206332.39, 'quantor': 3570610.44, 'sKizzo': 2390920.47, 'sSolve': 2866010.13}
2024-04-17 10:41 | INFO | Single best solver time validation = QuBE (2206332.39)
2024-04-17 10:41 | INFO | Virtual best solver time in test = 14420.77
2024-04-17 10:41 | INFO | Single best solver list test = {'2clsQ': 2179414.22, 'QuBE': 1459309.38, 'quantor': 2705430.54, 'sKizzo': 780143.55, 'sSolve': 1418289.22}
2024-04-17 10:41 | INFO | Single best solver time test = sKizzo (780143.55)
2024-04-17 10:42 | INFO | Passive Learning Runtime on Validation Set: 1204559.99
2024-04-17 10:42 | INFO | Passive Learning Runtime on Test Set: 243930.08
2024-04-17 10:42 | INFO | Passive Learning Instance Cost: 6061591.09
2024-04-17 10:42 | INFO | Initial Active Learning Runtime on Validation Set: 1885605.2
2024-04-17 10:42 | INFO | Initial Active Learning Runtime on Test Set: 957950.6
2024-04-17 10:42 | INFO | Initial Active Learning Instance Cost: 4695.62
2024-04-17 10:42 | INFO | Bin size = 74
2024-04-17 10:42 | INFO | Query 1 Size of the uncertainty table is = 7441/7390
2024-04-17 10:42 | INFO | Query 1 Size of the filtered table is = 74
2024-04-17 10:42 | INFO | Query 1 Active Learning Runtime on Validation Set: 1348405.85
2024-04-17 10:42 | INFO | Query 1 Active Learning Runtime on Test Set: 462449.78
2024-04-17 10:42 | INFO | Query 1 Active Learning Instance Cost: 14015.21
2024-04-17 10:42 | INFO | Query 2 Size of the uncertainty table is = 7402/7390
2024-04-17 10:42 | INFO | Query 2 Size of the filtered table is = 74
2024-04-17 10:43 | INFO | Query 2 Active Learning Runtime on Validation Set: 1312612.32
2024-04-17 10:43 | INFO | Query 2 Active Learning Runtime on Test Set: 425390.16
2024-04-17 10:43 | INFO | Query 2 Active Learning Instance Cost: 23496.57
2024-04-17 10:43 | INFO | Query 3 Size of the uncertainty table is = 7362/7390
2024-04-17 10:43 | INFO | Query 3 Size of the filtered table is = 74
2024-04-17 10:43 | INFO | Query 3 Active Learning Runtime on Validation Set: 1096685.58
2024-04-17 10:43 | INFO | Query 3 Active Learning Runtime on Test Set: 353770.48
2024-04-17 10:43 | INFO | Query 3 Active Learning Instance Cost: 33398.25
2024-04-17 10:43 | INFO | Query 4 Size of the uncertainty table is = 7311/7390
2024-04-17 10:43 | INFO | Query 4 Size of the filtered table is = 74
2024-04-17 10:44 | INFO | Query 4 Active Learning Runtime on Validation Set: 1204625.92
2024-04-17 10:44 | INFO | Query 4 Active Learning Runtime on Test Set: 460146.1
2024-04-17 10:44 | INFO | Query 4 Active Learning Instance Cost: 39981.11
2024-04-17 10:44 | INFO | Timeout limit is increased to 200
2024-04-17 10:44 | INFO | Query 5 Size of the uncertainty table is = 7253/7390
2024-04-17 10:44 | INFO | Query 5 Size of the filtered table is = 74
2024-04-17 10:44 | INFO | Query 5 Active Learning Runtime on Validation Set: 1168390.56
2024-04-17 10:44 | INFO | Query 5 Active Learning Runtime on Test Set: 461230.33
2024-04-17 10:44 | INFO | Query 5 Active Learning Instance Cost: 56430.56
2024-04-17 10:44 | INFO | Query 6 Size of the uncertainty table is = 7194/7390
2024-04-17 10:44 | INFO | Query 6 Size of the filtered table is = 74
2024-04-17 10:45 | INFO | Query 6 Active Learning Runtime on Validation Set: 1200635.31
2024-04-17 10:45 | INFO | Query 6 Active Learning Runtime on Test Set: 461286.63
2024-04-17 10:45 | INFO | Query 6 Active Learning Instance Cost: 72022.09
2024-04-17 10:45 | INFO | Timeout limit is increased to 300
2024-04-17 10:45 | INFO | Query 7 Size of the uncertainty table is = 7129/7390
2024-04-17 10:45 | INFO | Query 7 Size of the filtered table is = 74
2024-04-17 10:45 | INFO | Query 7 Active Learning Runtime on Validation Set: 2101305.01
2024-04-17 10:45 | INFO | Query 7 Active Learning Runtime on Test Set: 496093.72
2024-04-17 10:45 | INFO | Query 7 Active Learning Instance Cost: 89421.82
2024-04-17 10:45 | INFO | Timeout limit is increased to 400
2024-04-17 10:45 | INFO | Query 8 Size of the uncertainty table is = 7042/7390
2024-04-17 10:45 | INFO | Query 8 Size of the filtered table is = 74
2024-04-17 10:46 | INFO | Query 8 Active Learning Runtime on Validation Set: 2174711.04
2024-04-17 10:46 | INFO | Query 8 Active Learning Runtime on Test Set: 529638.73
2024-04-17 10:46 | INFO | Query 8 Active Learning Instance Cost: 120943.91
2024-04-17 10:46 | INFO | Timeout limit is increased to 500
2024-04-17 10:46 | INFO | Query 9 Size of the uncertainty table is = 6960/7390
2024-04-17 10:46 | INFO | Query 9 Size of the filtered table is = 74
2024-04-17 10:46 | INFO | Query 9 Active Learning Runtime on Validation Set: 1773778.08
2024-04-17 10:46 | INFO | Query 9 Active Learning Runtime on Test Set: 388108.19
2024-04-17 10:46 | INFO | Query 9 Active Learning Instance Cost: 156980.94
2024-04-17 10:46 | INFO | Query 10 Size of the uncertainty table is = 6881/7390
2024-04-17 10:46 | INFO | Query 10 Size of the filtered table is = 74
2024-04-17 10:47 | INFO | Query 10 Active Learning Runtime on Validation Set: 1240027.61
2024-04-17 10:47 | INFO | Query 10 Active Learning Runtime on Test Set: 388365.37
2024-04-17 10:47 | INFO | Query 10 Active Learning Instance Cost: 187934.95
2024-04-17 10:47 | INFO | Query 11 Size of the uncertainty table is = 6780/7390
2024-04-17 10:47 | INFO | Query 11 Size of the filtered table is = 74
2024-04-17 10:47 | INFO | Query 11 Active Learning Runtime on Validation Set: 1449258.74
2024-04-17 10:47 | INFO | Query 11 Active Learning Runtime on Test Set: 391292.9
2024-04-17 10:47 | INFO | Query 11 Active Learning Instance Cost: 220385.53
2024-04-17 10:47 | INFO | Timeout limit is increased to 600
2024-04-17 10:47 | INFO | Query 12 Size of the uncertainty table is = 6699/7390
2024-04-17 10:47 | INFO | Query 12 Size of the filtered table is = 74
2024-04-17 10:47 | INFO | Query 12 Active Learning Runtime on Validation Set: 1486135.74
2024-04-17 10:47 | INFO | Query 12 Active Learning Runtime on Test Set: 316366.4
2024-04-17 10:47 | INFO | Query 12 Active Learning Instance Cost: 253979.75
2024-04-17 10:47 | INFO | Timeout limit is increased to 700
2024-04-17 10:47 | INFO | Query 13 Size of the uncertainty table is = 6605/7390
2024-04-17 10:47 | INFO | Query 13 Size of the filtered table is = 74
2024-04-17 10:48 | INFO | Query 13 Active Learning Runtime on Validation Set: 1733169.11
2024-04-17 10:48 | INFO | Query 13 Active Learning Runtime on Test Set: 350840.2
2024-04-17 10:48 | INFO | Query 13 Active Learning Instance Cost: 288120.09
2024-04-17 10:48 | INFO | Timeout limit is increased to 800
2024-04-17 10:48 | INFO | Query 14 Size of the uncertainty table is = 6520/7390
2024-04-17 10:48 | INFO | Query 14 Size of the filtered table is = 74
2024-04-17 10:48 | INFO | Query 14 Active Learning Runtime on Validation Set: 1666284.05
2024-04-17 10:48 | INFO | Query 14 Active Learning Runtime on Test Set: 318403.43
2024-04-17 10:48 | INFO | Query 14 Active Learning Instance Cost: 329768.9
2024-04-17 10:48 | INFO | Query 15 Size of the uncertainty table is = 6408/7390
2024-04-17 10:48 | INFO | Query 15 Size of the filtered table is = 74
2024-04-17 10:49 | INFO | Query 15 Active Learning Runtime on Validation Set: 1880919.81
2024-04-17 10:49 | INFO | Query 15 Active Learning Runtime on Test Set: 318028.83
2024-04-17 10:49 | INFO | Query 15 Active Learning Instance Cost: 377628.03
2024-04-17 10:49 | INFO | Timeout limit is increased to 900
2024-04-17 10:49 | INFO | Query 16 Size of the uncertainty table is = 6351/7390
2024-04-17 10:49 | INFO | Query 16 Size of the filtered table is = 74
2024-04-17 10:49 | INFO | Query 16 Active Learning Runtime on Validation Set: 1665291.43
2024-04-17 10:49 | INFO | Query 16 Active Learning Runtime on Test Set: 318184.08
2024-04-17 10:49 | INFO | Query 16 Active Learning Instance Cost: 420780.24
2024-04-17 10:49 | INFO | Query 17 Size of the uncertainty table is = 6271/7390
2024-04-17 10:49 | INFO | Query 17 Size of the filtered table is = 74
2024-04-17 10:50 | INFO | Query 17 Active Learning Runtime on Validation Set: 1489642.35
2024-04-17 10:50 | INFO | Query 17 Active Learning Runtime on Test Set: 282221.73
2024-04-17 10:50 | INFO | Query 17 Active Learning Instance Cost: 466523.95
2024-04-17 10:50 | INFO | Query 18 Size of the uncertainty table is = 6218/7390
2024-04-17 10:50 | INFO | Query 18 Size of the filtered table is = 74
2024-04-17 10:50 | INFO | Query 18 Active Learning Runtime on Validation Set: 1489629.95
2024-04-17 10:50 | INFO | Query 18 Active Learning Runtime on Test Set: 247785.19
2024-04-17 10:50 | INFO | Query 18 Active Learning Instance Cost: 498840.78
2024-04-17 10:50 | INFO | Query 19 Size of the uncertainty table is = 6161/7390
2024-04-17 10:50 | INFO | Query 19 Size of the filtered table is = 74
2024-04-17 10:51 | INFO | Query 19 Active Learning Runtime on Validation Set: 1812519.33
2024-04-17 10:51 | INFO | Query 19 Active Learning Runtime on Test Set: 283166.66
2024-04-17 10:51 | INFO | Query 19 Active Learning Instance Cost: 531127.85
2024-04-17 10:51 | INFO | Timeout limit is increased to 1000
2024-04-17 10:51 | INFO | Query 20 Size of the uncertainty table is = 6099/7390
2024-04-17 10:51 | INFO | Query 20 Size of the filtered table is = 74
2024-04-17 10:51 | INFO | Query 20 Active Learning Runtime on Validation Set: 1240295.78
2024-04-17 10:51 | INFO | Query 20 Active Learning Runtime on Test Set: 247445.38
2024-04-17 10:51 | INFO | Query 20 Active Learning Instance Cost: 569865.28
2024-04-17 10:51 | INFO | Query 21 Size of the uncertainty table is = 6051/7390
2024-04-17 10:51 | INFO | Query 21 Size of the filtered table is = 74
2024-04-17 10:52 | INFO | Query 21 Active Learning Runtime on Validation Set: 1312409.43
2024-04-17 10:52 | INFO | Query 21 Active Learning Runtime on Test Set: 283481.0
2024-04-17 10:52 | INFO | Query 21 Active Learning Instance Cost: 606931.08
2024-04-17 10:52 | INFO | Timeout limit is increased to 1100
2024-04-17 10:52 | INFO | Query 22 Size of the uncertainty table is = 6007/7390
2024-04-17 10:52 | INFO | Query 22 Size of the filtered table is = 74
2024-04-17 10:52 | INFO | Query 22 Active Learning Runtime on Validation Set: 1417626.75
2024-04-17 10:52 | INFO | Query 22 Active Learning Runtime on Test Set: 247226.63
2024-04-17 10:52 | INFO | Query 22 Active Learning Instance Cost: 641732.12
2024-04-17 10:52 | INFO | Timeout limit is increased to 1200
2024-04-17 10:52 | INFO | Query 23 Size of the uncertainty table is = 5935/7390
2024-04-17 10:52 | INFO | Query 23 Size of the filtered table is = 74
2024-04-17 10:53 | INFO | Query 23 Active Learning Runtime on Validation Set: 1024505.27
2024-04-17 10:53 | INFO | Query 23 Active Learning Runtime on Test Set: 247225.58
2024-04-17 10:53 | INFO | Query 23 Active Learning Instance Cost: 685172.31
2024-04-17 10:53 | INFO | Query 24 Size of the uncertainty table is = 5863/7390
2024-04-17 10:53 | INFO | Query 24 Size of the filtered table is = 74
2024-04-17 10:53 | INFO | Query 24 Active Learning Runtime on Validation Set: 1024493.02
2024-04-17 10:53 | INFO | Query 24 Active Learning Runtime on Test Set: 247203.26
2024-04-17 10:53 | INFO | Query 24 Active Learning Instance Cost: 722535.65
2024-04-17 10:53 | INFO | Query 25 Size of the uncertainty table is = 5846/7390
2024-04-17 10:53 | INFO | Query 25 Size of the filtered table is = 74
2024-04-17 10:53 | INFO | Query 25 Active Learning Runtime on Validation Set: 1024490.09
2024-04-17 10:53 | INFO | Query 25 Active Learning Runtime on Test Set: 247277.19
2024-04-17 10:53 | INFO | Query 25 Active Learning Instance Cost: 762422.77
2024-04-17 10:54 | INFO | Query 26 Size of the uncertainty table is = 5791/7390
2024-04-17 10:54 | INFO | Query 26 Size of the filtered table is = 74
2024-04-17 10:54 | INFO | Query 26 Active Learning Runtime on Validation Set: 1024493.02
2024-04-17 10:54 | INFO | Query 26 Active Learning Runtime on Test Set: 247277.94
2024-04-17 10:54 | INFO | Query 26 Active Learning Instance Cost: 821423.76
2024-04-17 10:54 | INFO | Timeout limit is increased to 1300
2024-04-17 10:54 | INFO | Query 27 Size of the uncertainty table is = 5770/7390
2024-04-17 10:54 | INFO | Query 27 Size of the filtered table is = 74
2024-04-17 10:54 | INFO | Query 27 Active Learning Runtime on Validation Set: 1311561.6
2024-04-17 10:54 | INFO | Query 27 Active Learning Runtime on Test Set: 283164.84
2024-04-17 10:54 | INFO | Query 27 Active Learning Instance Cost: 851375.14
2024-04-17 10:54 | INFO | Timeout limit is increased to 1400
2024-04-17 10:54 | INFO | Query 28 Size of the uncertainty table is = 5751/7390
2024-04-17 10:54 | INFO | Query 28 Size of the filtered table is = 74
2024-04-17 10:55 | INFO | Query 28 Active Learning Runtime on Validation Set: 1311554.15
2024-04-17 10:55 | INFO | Query 28 Active Learning Runtime on Test Set: 283164.84
2024-04-17 10:55 | INFO | Query 28 Active Learning Instance Cost: 878177.84
2024-04-17 10:55 | INFO | Query 29 Size of the uncertainty table is = 5746/7390
2024-04-17 10:55 | INFO | Query 29 Size of the filtered table is = 74
2024-04-17 10:55 | INFO | Query 29 Active Learning Runtime on Validation Set: 988598.48
2024-04-17 10:55 | INFO | Query 29 Active Learning Runtime on Test Set: 247225.58
2024-04-17 10:55 | INFO | Query 29 Active Learning Instance Cost: 896525.91
2024-04-17 10:55 | INFO | Query 30 Size of the uncertainty table is = 5740/7390
2024-04-17 10:55 | INFO | Query 30 Size of the filtered table is = 74
2024-04-17 10:56 | INFO | Query 30 Active Learning Runtime on Validation Set: 1024485.56
2024-04-17 10:56 | INFO | Query 30 Active Learning Runtime on Test Set: 247225.58
2024-04-17 10:56 | INFO | Query 30 Active Learning Instance Cost: 903204.78
2024-04-17 10:56 | INFO | Timeout limit is increased to 1500
2024-04-17 10:56 | INFO | Query 31 Size of the uncertainty table is = 5736/7390
2024-04-17 10:56 | INFO | Query 31 Size of the filtered table is = 74
2024-04-17 10:56 | INFO | Query 31 Active Learning Runtime on Validation Set: 1024485.56
2024-04-17 10:56 | INFO | Query 31 Active Learning Runtime on Test Set: 247225.58
2024-04-17 10:56 | INFO | Query 31 Active Learning Instance Cost: 918304.78
2024-04-17 10:56 | INFO | Timeout limit is increased to 1600
2024-04-17 10:56 | INFO | Query 32 Size of the uncertainty table is = 5736/7390
2024-04-17 10:56 | INFO | Query 32 Size of the filtered table is = 74
2024-04-17 10:57 | INFO | Query 32 Active Learning Runtime on Validation Set: 1024485.56
2024-04-17 10:57 | INFO | Query 32 Active Learning Runtime on Test Set: 247225.58
2024-04-17 10:57 | INFO | Query 32 Active Learning Instance Cost: 932604.78
2024-04-17 10:57 | INFO | Timeout limit is increased to 1700
2024-04-17 10:57 | INFO | Query 33 Size of the uncertainty table is = 5736/7390
2024-04-17 10:57 | INFO | Query 33 Size of the filtered table is = 74
2024-04-17 10:57 | INFO | Query 33 Active Learning Runtime on Validation Set: 1024493.02
2024-04-17 10:57 | INFO | Query 33 Active Learning Runtime on Test Set: 247225.58
2024-04-17 10:57 | INFO | Query 33 Active Learning Instance Cost: 946854.75
2024-04-17 10:57 | INFO | Timeout limit is increased to 1800
2024-04-17 10:57 | INFO | Query 34 Size of the uncertainty table is = 5734/7390
2024-04-17 10:57 | INFO | Query 34 Size of the filtered table is = 74
2024-04-17 10:58 | INFO | Query 34 Active Learning Runtime on Validation Set: 1024493.02
2024-04-17 10:58 | INFO | Query 34 Active Learning Runtime on Test Set: 247225.58
2024-04-17 10:58 | INFO | Query 34 Active Learning Instance Cost: 966754.75
2024-04-17 10:58 | INFO | Timeout limit is increased to 1900
2024-04-17 10:58 | INFO | Query 35 Size of the uncertainty table is = 5734/7390
2024-04-17 10:58 | INFO | Query 35 Size of the filtered table is = 74
2024-04-17 10:58 | INFO | Query 35 Active Learning Runtime on Validation Set: 1024493.02
2024-04-17 10:58 | INFO | Query 35 Active Learning Runtime on Test Set: 247225.58
2024-04-17 10:58 | INFO | Query 35 Active Learning Instance Cost: 981054.75
2024-04-17 10:58 | INFO | Timeout limit is increased to 2000
2024-04-17 10:58 | INFO | Query 36 Size of the uncertainty table is = 5734/7390
2024-04-17 10:58 | INFO | Query 36 Size of the filtered table is = 74
2024-04-17 10:59 | INFO | Query 36 Active Learning Runtime on Validation Set: 1024493.02
2024-04-17 10:59 | INFO | Query 36 Active Learning Runtime on Test Set: 247225.58
2024-04-17 10:59 | INFO | Query 36 Active Learning Instance Cost: 995354.75
2024-04-17 10:59 | INFO | Timeout limit is increased to 2100
2024-04-17 10:59 | INFO | Query 37 Size of the uncertainty table is = 5734/7390
2024-04-17 10:59 | INFO | Query 37 Size of the filtered table is = 74
2024-04-17 10:59 | INFO | Query 37 Active Learning Runtime on Validation Set: 1024493.02
2024-04-17 10:59 | INFO | Query 37 Active Learning Runtime on Test Set: 247225.58
2024-04-17 10:59 | INFO | Query 37 Active Learning Instance Cost: 1009654.75
2024-04-17 10:59 | INFO | Timeout limit is increased to 2200
2024-04-17 10:59 | INFO | Query 38 Size of the uncertainty table is = 5734/7390
2024-04-17 10:59 | INFO | Query 38 Size of the filtered table is = 74
2024-04-17 11:00 | INFO | Query 38 Active Learning Runtime on Validation Set: 1024493.02
2024-04-17 11:00 | INFO | Query 38 Active Learning Runtime on Test Set: 247225.58
2024-04-17 11:00 | INFO | Query 38 Active Learning Instance Cost: 1023954.75
2024-04-17 11:00 | INFO | Timeout limit is increased to 2300
2024-04-17 11:00 | INFO | Query 39 Size of the uncertainty table is = 5734/7390
2024-04-17 11:00 | INFO | Query 39 Size of the filtered table is = 74
2024-04-17 11:00 | INFO | Query 39 Active Learning Runtime on Validation Set: 1024493.02
2024-04-17 11:00 | INFO | Query 39 Active Learning Runtime on Test Set: 247225.58
2024-04-17 11:00 | INFO | Query 39 Active Learning Instance Cost: 1038254.75
2024-04-17 11:00 | INFO | Timeout limit is increased to 2400
2024-04-17 11:00 | INFO | Query 40 Size of the uncertainty table is = 5734/7390
2024-04-17 11:00 | INFO | Query 40 Size of the filtered table is = 74
2024-04-17 11:00 | INFO | Query 40 Active Learning Runtime on Validation Set: 1024493.02
2024-04-17 11:00 | INFO | Query 40 Active Learning Runtime on Test Set: 247225.58
2024-04-17 11:00 | INFO | Query 40 Active Learning Instance Cost: 1052554.75
2024-04-17 11:00 | INFO | Timeout limit is increased to 2500
2024-04-17 11:00 | INFO | Query 41 Size of the uncertainty table is = 5734/7390
2024-04-17 11:00 | INFO | Query 41 Size of the filtered table is = 74
2024-04-17 11:01 | INFO | Query 41 Active Learning Runtime on Validation Set: 1024493.02
2024-04-17 11:01 | INFO | Query 41 Active Learning Runtime on Test Set: 247225.58
2024-04-17 11:01 | INFO | Query 41 Active Learning Instance Cost: 1066854.75
2024-04-17 11:01 | INFO | Timeout limit is increased to 2600
2024-04-17 11:01 | INFO | Query 42 Size of the uncertainty table is = 5734/7390
2024-04-17 11:01 | INFO | Query 42 Size of the filtered table is = 74
2024-04-17 11:01 | INFO | Query 42 Active Learning Runtime on Validation Set: 1024493.02
2024-04-17 11:01 | INFO | Query 42 Active Learning Runtime on Test Set: 247225.58
2024-04-17 11:01 | INFO | Query 42 Active Learning Instance Cost: 1081154.75
2024-04-17 11:01 | INFO | Timeout limit is increased to 2700
2024-04-17 11:01 | INFO | Query 43 Size of the uncertainty table is = 5734/7390
2024-04-17 11:01 | INFO | Query 43 Size of the filtered table is = 74
2024-04-17 11:02 | INFO | Query 43 Active Learning Runtime on Validation Set: 1024493.02
2024-04-17 11:02 | INFO | Query 43 Active Learning Runtime on Test Set: 247225.58
2024-04-17 11:02 | INFO | Query 43 Active Learning Instance Cost: 1095454.75
2024-04-17 11:02 | INFO | Timeout limit is increased to 2800
2024-04-17 11:02 | INFO | Query 44 Size of the uncertainty table is = 5734/7390
2024-04-17 11:02 | INFO | Query 44 Size of the filtered table is = 74
2024-04-17 11:02 | INFO | Query 44 Active Learning Runtime on Validation Set: 1024493.02
2024-04-17 11:02 | INFO | Query 44 Active Learning Runtime on Test Set: 247225.58
2024-04-17 11:02 | INFO | Query 44 Active Learning Instance Cost: 1109754.75
2024-04-17 11:02 | INFO | Timeout limit is increased to 2900
2024-04-17 11:02 | INFO | Query 45 Size of the uncertainty table is = 5734/7390
2024-04-17 11:02 | INFO | Query 45 Size of the filtered table is = 74
2024-04-17 11:03 | INFO | Query 45 Active Learning Runtime on Validation Set: 1024493.02
2024-04-17 11:03 | INFO | Query 45 Active Learning Runtime on Test Set: 247225.58
2024-04-17 11:03 | INFO | Query 45 Active Learning Instance Cost: 1124054.75
2024-04-17 11:03 | INFO | Timeout limit is increased to 3000
2024-04-17 11:03 | INFO | Query 46 Size of the uncertainty table is = 5734/7390
2024-04-17 11:03 | INFO | Query 46 Size of the filtered table is = 74
2024-04-17 11:03 | INFO | Query 46 Active Learning Runtime on Validation Set: 1024493.02
2024-04-17 11:03 | INFO | Query 46 Active Learning Runtime on Test Set: 247225.58
2024-04-17 11:03 | INFO | Query 46 Active Learning Instance Cost: 1138354.75
2024-04-17 11:03 | INFO | Timeout limit is increased to 3100
2024-04-17 11:03 | INFO | Query 47 Size of the uncertainty table is = 5734/7390
2024-04-17 11:03 | INFO | Query 47 Size of the filtered table is = 74
2024-04-17 11:04 | INFO | Query 47 Active Learning Runtime on Validation Set: 1024493.02
2024-04-17 11:04 | INFO | Query 47 Active Learning Runtime on Test Set: 247225.58
2024-04-17 11:04 | INFO | Query 47 Active Learning Instance Cost: 1152654.75
2024-04-17 11:04 | INFO | Timeout limit is increased to 3200
2024-04-17 11:04 | INFO | Query 48 Size of the uncertainty table is = 5734/7390
2024-04-17 11:04 | INFO | Query 48 Size of the filtered table is = 74
2024-04-17 11:04 | INFO | Query 48 Active Learning Runtime on Validation Set: 1024493.02
2024-04-17 11:04 | INFO | Query 48 Active Learning Runtime on Test Set: 247225.58
2024-04-17 11:04 | INFO | Query 48 Active Learning Instance Cost: 1166879.87
2024-04-17 11:04 | INFO | Timeout limit is increased to 3300
2024-04-17 11:04 | INFO | Query 49 Size of the uncertainty table is = 5732/7390
2024-04-17 11:04 | INFO | Query 49 Size of the filtered table is = 74
2024-04-17 11:05 | INFO | Query 49 Active Learning Runtime on Validation Set: 1024493.02
2024-04-17 11:05 | INFO | Query 49 Active Learning Runtime on Test Set: 247202.49
2024-04-17 11:05 | INFO | Query 49 Active Learning Instance Cost: 1268068.61
2024-04-17 11:05 | INFO | Timeout limit is increased to 3400
2024-04-17 11:05 | INFO | Query 50 Size of the uncertainty table is = 5722/7390
2024-04-17 11:05 | INFO | Query 50 Size of the filtered table is = 74
2024-04-17 11:05 | INFO | Query 50 Active Learning Runtime on Validation Set: 1024493.02
2024-04-17 11:05 | INFO | Query 50 Active Learning Runtime on Test Set: 247202.53
2024-04-17 11:05 | INFO | Query 50 Active Learning Instance Cost: 1314468.64
2024-04-17 11:05 | INFO | Timeout limit is increased to 3500
2024-04-17 11:05 | INFO | Query 51 Size of the uncertainty table is = 5716/7390
2024-04-17 11:05 | INFO | Query 51 Size of the filtered table is = 74
2024-04-17 11:05 | INFO | Query 51 Active Learning Runtime on Validation Set: 1024512.87
2024-04-17 11:05 | INFO | Query 51 Active Learning Runtime on Test Set: 247202.54
2024-04-17 11:05 | INFO | Query 51 Active Learning Instance Cost: 1451575.22
2024-04-17 11:05 | INFO | Timeout limit is increased to 3600
2024-04-17 11:05 | INFO | Query 52 Size of the uncertainty table is = 5696/7390
2024-04-17 11:05 | INFO | Query 52 Size of the filtered table is = 74
2024-04-17 11:06 | INFO | Query 52 Active Learning Runtime on Validation Set: 1060507.34
2024-04-17 11:06 | INFO | Query 52 Active Learning Runtime on Test Set: 247203.26
2024-04-17 11:06 | INFO | Query 52 Active Learning Instance Cost: 1570656.93
2024-04-17 11:06 | INFO | Timeout limit is increased to 3600
2024-04-17 11:06 | INFO | Query 53 Size of the uncertainty table is = 4628/7390
2024-04-17 11:06 | INFO | Query 53 Size of the filtered table is = 74
2024-04-17 11:06 | INFO | Query 53 Active Learning Runtime on Validation Set: 1168499.56
2024-04-17 11:06 | INFO | Query 53 Active Learning Runtime on Test Set: 247267.6
2024-04-17 11:06 | INFO | Query 53 Active Learning Instance Cost: 1786395.52
2024-04-17 11:06 | INFO | Timeout limit is increased to 3600
2024-04-17 11:06 | INFO | Query 54 Size of the uncertainty table is = 4398/7390
2024-04-17 11:06 | INFO | Query 54 Size of the filtered table is = 74
2024-04-17 11:07 | INFO | Query 54 Active Learning Runtime on Validation Set: 1168522.79
2024-04-17 11:07 | INFO | Query 54 Active Learning Runtime on Test Set: 247229.76
2024-04-17 11:07 | INFO | Query 54 Active Learning Instance Cost: 2007731.65
2024-04-17 11:07 | INFO | Timeout limit is increased to 3600
2024-04-17 11:07 | INFO | Query 55 Size of the uncertainty table is = 4190/7390
2024-04-17 11:07 | INFO | Query 55 Size of the filtered table is = 74
2024-04-17 11:07 | INFO | Query 55 Active Learning Runtime on Validation Set: 1060497.03
2024-04-17 11:07 | INFO | Query 55 Active Learning Runtime on Test Set: 246670.41
2024-04-17 11:07 | INFO | Query 55 Active Learning Instance Cost: 2155793.8
2024-04-17 11:07 | INFO | Query 56 Size of the uncertainty table is = 3938/7390
2024-04-17 11:07 | INFO | Query 56 Size of the filtered table is = 74
2024-04-17 11:08 | INFO | Query 56 Active Learning Runtime on Validation Set: 1024624.3
2024-04-17 11:08 | INFO | Query 56 Active Learning Runtime on Test Set: 282110.85
2024-04-17 11:08 | INFO | Query 56 Active Learning Instance Cost: 2367110.84
2024-04-17 11:08 | INFO | Query 57 Size of the uncertainty table is = 3731/7390
2024-04-17 11:08 | INFO | Query 57 Size of the filtered table is = 74
2024-04-17 11:08 | INFO | Query 57 Active Learning Runtime on Validation Set: 1312215.3
2024-04-17 11:08 | INFO | Query 57 Active Learning Runtime on Test Set: 245305.92
2024-04-17 11:08 | INFO | Query 57 Active Learning Instance Cost: 2519384.04
2024-04-17 11:08 | INFO | Timeout limit is increased to 3600
2024-04-17 11:08 | INFO | Query 58 Size of the uncertainty table is = 3489/7390
2024-04-17 11:08 | INFO | Query 58 Size of the filtered table is = 74
2024-04-17 11:09 | INFO | Query 58 Active Learning Runtime on Validation Set: 1345771.95
2024-04-17 11:09 | INFO | Query 58 Active Learning Runtime on Test Set: 245112.38
2024-04-17 11:09 | INFO | Query 58 Active Learning Instance Cost: 2659225.99
2024-04-17 11:09 | INFO | Timeout limit is increased to 3600
2024-04-17 11:09 | INFO | Query 59 Size of the uncertainty table is = 3271/7390
2024-04-17 11:09 | INFO | Query 59 Size of the filtered table is = 74
2024-04-17 11:09 | INFO | Query 59 Active Learning Runtime on Validation Set: 1309912.78
2024-04-17 11:09 | INFO | Query 59 Active Learning Runtime on Test Set: 246924.13
2024-04-17 11:09 | INFO | Query 59 Active Learning Instance Cost: 2918912.27
2024-04-17 11:09 | INFO | Query 60 Size of the uncertainty table is = 3031/7390
2024-04-17 11:09 | INFO | Query 60 Size of the filtered table is = 74
2024-04-17 11:10 | INFO | Query 60 Active Learning Runtime on Validation Set: 1417673.61
2024-04-17 11:10 | INFO | Query 60 Active Learning Runtime on Test Set: 280174.43
2024-04-17 11:10 | INFO | Query 60 Active Learning Instance Cost: 3166071.66
2024-04-17 11:10 | INFO | Timeout limit is increased to 3600
2024-04-17 11:10 | INFO | Query 61 Size of the uncertainty table is = 2737/7390
2024-04-17 11:10 | INFO | Query 61 Size of the filtered table is = 74
2024-04-17 11:10 | INFO | Query 61 Active Learning Runtime on Validation Set: 1345883.25
2024-04-17 11:10 | INFO | Query 61 Active Learning Runtime on Test Set: 280035.35
2024-04-17 11:10 | INFO | Query 61 Active Learning Instance Cost: 3430673.36
2024-04-17 11:10 | INFO | Query 62 Size of the uncertainty table is = 2500/7390
2024-04-17 11:10 | INFO | Query 62 Size of the filtered table is = 74
2024-04-17 11:11 | INFO | Query 62 Active Learning Runtime on Validation Set: 1238290.97
2024-04-17 11:11 | INFO | Query 62 Active Learning Runtime on Test Set: 280075.07
2024-04-17 11:11 | INFO | Query 62 Active Learning Instance Cost: 3534169.8
2024-04-17 11:11 | INFO | Query 63 Size of the uncertainty table is = 2291/7390
2024-04-17 11:11 | INFO | Query 63 Size of the filtered table is = 74
2024-04-17 11:11 | INFO | Query 63 Active Learning Runtime on Validation Set: 1381679.9
2024-04-17 11:11 | INFO | Query 63 Active Learning Runtime on Test Set: 280053.66
2024-04-17 11:11 | INFO | Query 63 Active Learning Instance Cost: 3630633.76
2024-04-17 11:11 | INFO | Timeout limit is increased to 3600
2024-04-17 11:11 | INFO | Query 64 Size of the uncertainty table is = 2099/7390
2024-04-17 11:11 | INFO | Query 64 Size of the filtered table is = 74
2024-04-17 11:12 | INFO | Query 64 Active Learning Runtime on Validation Set: 1168604.41
2024-04-17 11:12 | INFO | Query 64 Active Learning Runtime on Test Set: 280053.53
2024-04-17 11:12 | INFO | Query 64 Active Learning Instance Cost: 3825513.99
2024-04-17 11:12 | INFO | Query 65 Size of the uncertainty table is = 1815/7390
2024-04-17 11:12 | INFO | Query 65 Size of the filtered table is = 74
2024-04-17 11:12 | INFO | Query 65 Active Learning Runtime on Validation Set: 1204551.29
2024-04-17 11:12 | INFO | Query 65 Active Learning Runtime on Test Set: 279880.91
2024-04-17 11:12 | INFO | Query 65 Active Learning Instance Cost: 3963354.35
2024-04-17 11:12 | INFO | Timeout limit is increased to 3600
2024-04-17 11:12 | INFO | Query 66 Size of the uncertainty table is = 1642/7390
2024-04-17 11:12 | INFO | Query 66 Size of the filtered table is = 74
2024-04-17 11:13 | INFO | Query 66 Active Learning Runtime on Validation Set: 1168622.61
2024-04-17 11:13 | INFO | Query 66 Active Learning Runtime on Test Set: 243930.18
2024-04-17 11:13 | INFO | Query 66 Active Learning Instance Cost: 4150774.06
2024-04-17 11:13 | INFO | Query 67 Size of the uncertainty table is = 1365/7390
2024-04-17 11:13 | INFO | Query 67 Size of the filtered table is = 74
2024-04-17 11:13 | INFO | Query 67 Active Learning Runtime on Validation Set: 1381762.71
2024-04-17 11:13 | INFO | Query 67 Active Learning Runtime on Test Set: 279881.12
2024-04-17 11:13 | INFO | Query 67 Active Learning Instance Cost: 4212068.02
2024-04-17 11:13 | INFO | Timeout limit is increased to 3600
2024-04-17 11:13 | INFO | Query 68 Size of the uncertainty table is = 1180/7390
2024-04-17 11:13 | INFO | Query 68 Size of the filtered table is = 74
2024-04-17 11:14 | INFO | Query 68 Active Learning Runtime on Validation Set: 1381742.87
2024-04-17 11:14 | INFO | Query 68 Active Learning Runtime on Test Set: 279881.21
2024-04-17 11:14 | INFO | Query 68 Active Learning Instance Cost: 4307092.19
2024-04-17 11:14 | INFO | Query 69 Size of the uncertainty table is = 927/7390
2024-04-17 11:14 | INFO | Query 69 Size of the filtered table is = 74
2024-04-17 11:14 | INFO | Query 69 Active Learning Runtime on Validation Set: 1168155.22
2024-04-17 11:14 | INFO | Query 69 Active Learning Runtime on Test Set: 279880.99
2024-04-17 11:14 | INFO | Query 69 Active Learning Instance Cost: 4409452.02
2024-04-17 11:14 | INFO | Query 70 Size of the uncertainty table is = 694/7390
2024-04-17 11:14 | INFO | Query 70 Size of the filtered table is = 74
2024-04-17 11:15 | INFO | Query 70 Active Learning Runtime on Validation Set: 1381672.75
2024-04-17 11:15 | INFO | Query 70 Active Learning Runtime on Test Set: 244122.75
2024-04-17 11:15 | INFO | Query 70 Active Learning Instance Cost: 4526063.05
2024-04-17 11:15 | INFO | Timeout limit is increased to 3600
2024-04-17 11:15 | INFO | Query 71 Size of the uncertainty table is = 440/7390
2024-04-17 11:15 | INFO | Query 71 Size of the filtered table is = 74
2024-04-17 11:15 | INFO | Query 71 Active Learning Runtime on Validation Set: 1381672.73
2024-04-17 11:15 | INFO | Query 71 Active Learning Runtime on Test Set: 243930.21
2024-04-17 11:15 | INFO | Query 71 Active Learning Instance Cost: 4635670.88
2024-04-17 11:15 | INFO | Query 72 Size of the uncertainty table is = 231/7390
2024-04-17 11:15 | INFO | Query 72 Size of the filtered table is = 74
2024-04-17 11:15 | INFO | Query 72 Active Learning Runtime on Validation Set: 1312202.07
2024-04-17 11:15 | INFO | Query 72 Active Learning Runtime on Test Set: 243930.24
2024-04-17 11:15 | INFO | Query 72 Active Learning Instance Cost: 4661038.0
2024-04-17 11:15 | INFO | Query 73 Size of the uncertainty table is = 60/7390
2024-04-17 11:15 | INFO | Query 73 Size of the filtered table is = 60
2024-04-17 11:16 | INFO | Query 73 Active Learning Runtime on Validation Set: 1312209.49
2024-04-17 11:16 | INFO | Query 73 Active Learning Runtime on Test Set: 243930.21
2024-04-17 11:16 | INFO | Query 73 Active Learning Instance Cost: 4687159.3
2024-04-17 11:16 | INFO | Timeout limit is increased to 3600
2024-04-17 11:16 | INFO | runtime_test_score is written as json file
2024-04-17 11:16 | INFO | runtime_validation_score is written as json file
2024-04-17 11:16 | INFO | instance_cost is written as json file
2024-04-17 11:16 | INFO | Experiment is finished
