2024-04-17 10:11 | INFO | Paramaters are: {'dataset': 'MAXSAT12-PMS', 'penalty': 10, 'weight': 'No_Weight', 'voting': 'Hard', 'pre_selection_size': 64, 'pre_selection_technique': 'No_pre_selection', 'feature_elimination_threshold': 20, 'imputer_strategy': 'median', 'feature_selection_technique': 'No_feature_selection', 'feature_scaling_technique': 'StandardScaler', 'initial_train_size': 20, 'query_size': 1, 'timeout_predictor_usage': 'Yes', 'timeout_limit': 3600, 'timeout_increase_rate': 100, 'RANDOM_STATE_SEED': 12345, 'n_splits': 10, 'split_number': 6, 'max_timeout': 3600, 'param_grid': {'n_estimators': 100, 'criterion': 'gini', 'max_features': 'sqrt', 'max_depth': 2147483648, 'min_samples_split': 2, 'bootstrap': True}}
2024-04-17 10:11 | INFO | MAXSAT12-PMS is current dataset
2024-04-17 10:11 | INFO | DATASETS/MAXSAT12-PMS/algorithm_runs.csv is found
2024-04-17 10:11 | INFO | DATASETS/MAXSAT12-PMS/algorithm_runs.csv is finished
2024-04-17 10:11 | INFO | DATASETS/MAXSAT12-PMS/feature_values.csv is found
2024-04-17 10:11 | INFO | DATASETS/MAXSAT12-PMS/feature_values.csv is finished
2024-04-17 10:11 | INFO | DATASETS/MAXSAT12-PMS/feature_costs.csv is found
2024-04-17 10:11 | INFO | DATASETS/MAXSAT12-PMS/feature_costs.csv is finished
2024-04-17 10:11 | INFO | Virtual best solver time in train = 20479.74
2024-04-17 10:11 | INFO | Single best solver list train = {'DSWPM1_924': 8653960.12, 'akmaxsat': 7876317.5, 'akmaxsat_ls': 7876282.01, 'pwbo2.1': 4234991.33, 'qmaxsat0.21comp': 2059675.59, 'qmaxsat0.21g2comp': 2444692.7}
2024-04-17 10:11 | INFO | Single best solver time train = qmaxsat0.21comp (2059675.59)
2024-04-17 10:11 | INFO | Virtual best solver time in validation = 7696.76
2024-04-17 10:11 | INFO | Single best solver list validation = {'DSWPM1_924': 2459071.0, 'akmaxsat': 4256417.53, 'akmaxsat_ls': 4256432.04, 'pwbo2.1': 876832.2, 'qmaxsat0.21comp': 695560.5, 'qmaxsat0.21g2comp': 8595.81}
2024-04-17 10:11 | INFO | Single best solver time validation = qmaxsat0.21g2comp (8595.81)
2024-04-17 10:11 | INFO | Virtual best solver time in test = 2376.59
2024-04-17 10:11 | INFO | Single best solver list test = {'DSWPM1_924': 1159717.85, 'akmaxsat': 1300236.63, 'akmaxsat_ls': 1300254.26, 'pwbo2.1': 399245.77, 'qmaxsat0.21comp': 290969.94, 'qmaxsat0.21g2comp': 219102.75}
2024-04-17 10:11 | INFO | Single best solver time test = qmaxsat0.21g2comp (219102.75)
2024-04-17 10:12 | INFO | Passive Learning Runtime on Validation Set: 8726.36
2024-04-17 10:12 | INFO | Passive Learning Runtime on Test Set: 2591.82
2024-04-17 10:12 | INFO | Passive Learning Instance Cost: 3499919.25
2024-04-17 10:12 | INFO | Initial Active Learning Runtime on Validation Set: 8625.36
2024-04-17 10:12 | INFO | Initial Active Learning Runtime on Test Set: 181886.05
2024-04-17 10:12 | INFO | Initial Active Learning Instance Cost: 110438.38
2024-04-17 10:12 | INFO | Bin size = 78
2024-04-17 10:12 | INFO | Query 1 Size of the uncertainty table is = 7755/7755
2024-04-17 10:12 | INFO | Query 1 Size of the filtered table is = 78
2024-04-17 10:13 | INFO | Query 1 Active Learning Runtime on Validation Set: 8625.359999999999
2024-04-17 10:13 | INFO | Query 1 Active Learning Runtime on Test Set: 218360.00999999998
2024-04-17 10:13 | INFO | Query 1 Active Learning Instance Cost: 307520.18
2024-04-17 10:13 | INFO | Timeout limit is increased to 3600
2024-04-17 10:13 | INFO | Query 2 Size of the uncertainty table is = 7663/7755
2024-04-17 10:13 | INFO | Query 2 Size of the filtered table is = 78
2024-04-17 10:13 | INFO | Query 2 Active Learning Runtime on Validation Set: 8625.359999999999
2024-04-17 10:13 | INFO | Query 2 Active Learning Runtime on Test Set: 218412.99
2024-04-17 10:13 | INFO | Query 2 Active Learning Instance Cost: 410671.98
2024-04-17 10:13 | INFO | Timeout limit is increased to 3600
2024-04-17 10:13 | INFO | Query 3 Size of the uncertainty table is = 7523/7755
2024-04-17 10:13 | INFO | Query 3 Size of the filtered table is = 78
2024-04-17 10:14 | INFO | Query 3 Active Learning Runtime on Validation Set: 8625.359999999999
2024-04-17 10:14 | INFO | Query 3 Active Learning Runtime on Test Set: 74231.05
2024-04-17 10:14 | INFO | Query 3 Active Learning Instance Cost: 530997.81
2024-04-17 10:14 | INFO | Timeout limit is increased to 3600
2024-04-17 10:14 | INFO | Query 4 Size of the uncertainty table is = 7377/7755
2024-04-17 10:14 | INFO | Query 4 Size of the filtered table is = 78
2024-04-17 10:14 | INFO | Query 4 Active Learning Runtime on Validation Set: 8625.359999999999
2024-04-17 10:14 | INFO | Query 4 Active Learning Runtime on Test Set: 182722.49
2024-04-17 10:14 | INFO | Query 4 Active Learning Instance Cost: 585950.42
2024-04-17 10:14 | INFO | Timeout limit is increased to 3600
2024-04-17 10:14 | INFO | Query 5 Size of the uncertainty table is = 7193/7755
2024-04-17 10:14 | INFO | Query 5 Size of the filtered table is = 78
2024-04-17 10:14 | INFO | Query 5 Active Learning Runtime on Validation Set: 8625.359999999999
2024-04-17 10:14 | INFO | Query 5 Active Learning Runtime on Test Set: 110235.25
2024-04-17 10:14 | INFO | Query 5 Active Learning Instance Cost: 691240.33
2024-04-17 10:14 | INFO | Timeout limit is increased to 3600
2024-04-17 10:14 | INFO | Query 6 Size of the uncertainty table is = 6988/7755
2024-04-17 10:14 | INFO | Query 6 Size of the filtered table is = 78
2024-04-17 10:15 | INFO | Query 6 Active Learning Runtime on Validation Set: 8625.39
2024-04-17 10:15 | INFO | Query 6 Active Learning Runtime on Test Set: 74233.36
2024-04-17 10:15 | INFO | Query 6 Active Learning Instance Cost: 782267.26
2024-04-17 10:15 | INFO | Timeout limit is increased to 3600
2024-04-17 10:15 | INFO | Query 7 Size of the uncertainty table is = 6784/7755
2024-04-17 10:15 | INFO | Query 7 Size of the filtered table is = 78
2024-04-17 10:15 | INFO | Query 7 Active Learning Runtime on Validation Set: 8625.359999999999
2024-04-17 10:15 | INFO | Query 7 Active Learning Runtime on Test Set: 74215.41
2024-04-17 10:15 | INFO | Query 7 Active Learning Instance Cost: 867905.72
2024-04-17 10:15 | INFO | Query 8 Size of the uncertainty table is = 6561/7755
2024-04-17 10:15 | INFO | Query 8 Size of the filtered table is = 78
2024-04-17 10:16 | INFO | Query 8 Active Learning Runtime on Validation Set: 8625.39
2024-04-17 10:16 | INFO | Query 8 Active Learning Runtime on Test Set: 74216.48
2024-04-17 10:16 | INFO | Query 8 Active Learning Instance Cost: 903275.02
2024-04-17 10:16 | INFO | Timeout limit is increased to 3600
2024-04-17 10:16 | INFO | Query 9 Size of the uncertainty table is = 6288/7755
2024-04-17 10:16 | INFO | Query 9 Size of the filtered table is = 78
2024-04-17 10:16 | INFO | Query 9 Active Learning Runtime on Validation Set: 8625.39
2024-04-17 10:16 | INFO | Query 9 Active Learning Runtime on Test Set: 74216.68000000001
2024-04-17 10:16 | INFO | Query 9 Active Learning Instance Cost: 935793.14
2024-04-17 10:16 | INFO | Timeout limit is increased to 3600
2024-04-17 10:16 | INFO | Query 10 Size of the uncertainty table is = 6056/7755
2024-04-17 10:16 | INFO | Query 10 Size of the filtered table is = 78
2024-04-17 10:17 | INFO | Query 10 Active Learning Runtime on Validation Set: 8625.369999999999
2024-04-17 10:17 | INFO | Query 10 Active Learning Runtime on Test Set: 2470.03
2024-04-17 10:17 | INFO | Query 10 Active Learning Instance Cost: 1018962.67
2024-04-17 10:17 | INFO | Query 11 Size of the uncertainty table is = 5799/7755
2024-04-17 10:17 | INFO | Query 11 Size of the filtered table is = 78
2024-04-17 10:17 | INFO | Query 11 Active Learning Runtime on Validation Set: 8627.71
2024-04-17 10:17 | INFO | Query 11 Active Learning Runtime on Test Set: 2468.86
2024-04-17 10:17 | INFO | Query 11 Active Learning Instance Cost: 1057581.93
2024-04-17 10:17 | INFO | Timeout limit is increased to 3600
2024-04-17 10:17 | INFO | Query 12 Size of the uncertainty table is = 5546/7755
2024-04-17 10:17 | INFO | Query 12 Size of the filtered table is = 78
2024-04-17 10:18 | INFO | Query 12 Active Learning Runtime on Validation Set: 8625.369999999999
2024-04-17 10:18 | INFO | Query 12 Active Learning Runtime on Test Set: 2567.4500000000003
2024-04-17 10:18 | INFO | Query 12 Active Learning Instance Cost: 1124263.82
2024-04-17 10:18 | INFO | Query 13 Size of the uncertainty table is = 5307/7755
2024-04-17 10:18 | INFO | Query 13 Size of the filtered table is = 78
2024-04-17 10:18 | INFO | Query 13 Active Learning Runtime on Validation Set: 8627.71
2024-04-17 10:18 | INFO | Query 13 Active Learning Runtime on Test Set: 2531.78
2024-04-17 10:18 | INFO | Query 13 Active Learning Instance Cost: 1222225.51
2024-04-17 10:18 | INFO | Timeout limit is increased to 3600
2024-04-17 10:18 | INFO | Query 14 Size of the uncertainty table is = 5080/7755
2024-04-17 10:18 | INFO | Query 14 Size of the filtered table is = 78
2024-04-17 10:19 | INFO | Query 14 Active Learning Runtime on Validation Set: 8625.369999999999
2024-04-17 10:19 | INFO | Query 14 Active Learning Runtime on Test Set: 38283.04
2024-04-17 10:19 | INFO | Query 14 Active Learning Instance Cost: 1259054.01
2024-04-17 10:19 | INFO | Query 15 Size of the uncertainty table is = 4817/7755
2024-04-17 10:19 | INFO | Query 15 Size of the filtered table is = 78
2024-04-17 10:19 | INFO | Query 15 Active Learning Runtime on Validation Set: 8625.369999999999
2024-04-17 10:19 | INFO | Query 15 Active Learning Runtime on Test Set: 38283.04
2024-04-17 10:19 | INFO | Query 15 Active Learning Instance Cost: 1333373.67
2024-04-17 10:19 | INFO | Timeout limit is increased to 3600
2024-04-17 10:19 | INFO | Query 16 Size of the uncertainty table is = 4548/7755
2024-04-17 10:19 | INFO | Query 16 Size of the filtered table is = 78
2024-04-17 10:20 | INFO | Query 16 Active Learning Runtime on Validation Set: 8625.369999999999
2024-04-17 10:20 | INFO | Query 16 Active Learning Runtime on Test Set: 2525.4
2024-04-17 10:20 | INFO | Query 16 Active Learning Instance Cost: 1415692.06
2024-04-17 10:20 | INFO | Timeout limit is increased to 3600
2024-04-17 10:20 | INFO | Query 17 Size of the uncertainty table is = 4330/7755
2024-04-17 10:20 | INFO | Query 17 Size of the filtered table is = 78
2024-04-17 10:20 | INFO | Query 17 Active Learning Runtime on Validation Set: 8627.71
2024-04-17 10:20 | INFO | Query 17 Active Learning Runtime on Test Set: 2525.4300000000003
2024-04-17 10:20 | INFO | Query 17 Active Learning Instance Cost: 1501935.09
2024-04-17 10:20 | INFO | Timeout limit is increased to 3600
2024-04-17 10:20 | INFO | Query 18 Size of the uncertainty table is = 4024/7755
2024-04-17 10:20 | INFO | Query 18 Size of the filtered table is = 78
2024-04-17 10:21 | INFO | Query 18 Active Learning Runtime on Validation Set: 8625.39
2024-04-17 10:21 | INFO | Query 18 Active Learning Runtime on Test Set: 2426.82
2024-04-17 10:21 | INFO | Query 18 Active Learning Instance Cost: 1618762.56
2024-04-17 10:21 | INFO | Query 19 Size of the uncertainty table is = 3780/7755
2024-04-17 10:21 | INFO | Query 19 Size of the filtered table is = 78
2024-04-17 10:21 | INFO | Query 19 Active Learning Runtime on Validation Set: 8625.369999999999
2024-04-17 10:21 | INFO | Query 19 Active Learning Runtime on Test Set: 2426.82
2024-04-17 10:21 | INFO | Query 19 Active Learning Instance Cost: 1785763.44
2024-04-17 10:21 | INFO | Query 20 Size of the uncertainty table is = 3533/7755
2024-04-17 10:21 | INFO | Query 20 Size of the filtered table is = 78
2024-04-17 10:21 | INFO | Query 20 Active Learning Runtime on Validation Set: 8625.369999999999
2024-04-17 10:21 | INFO | Query 20 Active Learning Runtime on Test Set: 2526.55
2024-04-17 10:21 | INFO | Query 20 Active Learning Instance Cost: 1844062.85
2024-04-17 10:21 | INFO | Timeout limit is increased to 3600
2024-04-17 10:21 | INFO | Query 21 Size of the uncertainty table is = 3245/7755
2024-04-17 10:21 | INFO | Query 21 Size of the filtered table is = 78
2024-04-17 10:22 | INFO | Query 21 Active Learning Runtime on Validation Set: 8644.449999999999
2024-04-17 10:22 | INFO | Query 21 Active Learning Runtime on Test Set: 2484.1800000000003
2024-04-17 10:22 | INFO | Query 21 Active Learning Instance Cost: 1946900.63
2024-04-17 10:22 | INFO | Timeout limit is increased to 3600
2024-04-17 10:22 | INFO | Query 22 Size of the uncertainty table is = 3031/7755
2024-04-17 10:22 | INFO | Query 22 Size of the filtered table is = 78
2024-04-17 10:22 | INFO | Query 22 Active Learning Runtime on Validation Set: 8690.9
2024-04-17 10:22 | INFO | Query 22 Active Learning Runtime on Test Set: 2596.0
2024-04-17 10:22 | INFO | Query 22 Active Learning Instance Cost: 2000363.75
2024-04-17 10:22 | INFO | Timeout limit is increased to 3600
2024-04-17 10:22 | INFO | Query 23 Size of the uncertainty table is = 2822/7755
2024-04-17 10:22 | INFO | Query 23 Size of the filtered table is = 78
2024-04-17 10:23 | INFO | Query 23 Active Learning Runtime on Validation Set: 117168.24
2024-04-17 10:23 | INFO | Query 23 Active Learning Runtime on Test Set: 38997.47
2024-04-17 10:23 | INFO | Query 23 Active Learning Instance Cost: 2146987.01
2024-04-17 10:23 | INFO | Timeout limit is increased to 3600
2024-04-17 10:23 | INFO | Query 24 Size of the uncertainty table is = 2562/7755
2024-04-17 10:23 | INFO | Query 24 Size of the filtered table is = 78
2024-04-17 10:23 | INFO | Query 24 Active Learning Runtime on Validation Set: 8690.9
2024-04-17 10:23 | INFO | Query 24 Active Learning Runtime on Test Set: 2488.44
2024-04-17 10:23 | INFO | Query 24 Active Learning Instance Cost: 2346134.98
2024-04-17 10:23 | INFO | Query 25 Size of the uncertainty table is = 2220/7755
2024-04-17 10:23 | INFO | Query 25 Size of the filtered table is = 78
2024-04-17 10:24 | INFO | Query 25 Active Learning Runtime on Validation Set: 116886.46
2024-04-17 10:24 | INFO | Query 25 Active Learning Runtime on Test Set: 2497.42
2024-04-17 10:24 | INFO | Query 25 Active Learning Instance Cost: 2462988.94
2024-04-17 10:24 | INFO | Timeout limit is increased to 3600
2024-04-17 10:24 | INFO | Query 26 Size of the uncertainty table is = 1954/7755
2024-04-17 10:24 | INFO | Query 26 Size of the filtered table is = 78
2024-04-17 10:24 | INFO | Query 26 Active Learning Runtime on Validation Set: 8690.92
2024-04-17 10:24 | INFO | Query 26 Active Learning Runtime on Test Set: 2597.1600000000003
2024-04-17 10:24 | INFO | Query 26 Active Learning Instance Cost: 2616408.08
2024-04-17 10:24 | INFO | Query 27 Size of the uncertainty table is = 1654/7755
2024-04-17 10:24 | INFO | Query 27 Size of the filtered table is = 78
2024-04-17 10:25 | INFO | Query 27 Active Learning Runtime on Validation Set: 8690.92
2024-04-17 10:25 | INFO | Query 27 Active Learning Runtime on Test Set: 2586.4
2024-04-17 10:25 | INFO | Query 27 Active Learning Instance Cost: 2727960.68
2024-04-17 10:25 | INFO | Timeout limit is increased to 3600
2024-04-17 10:25 | INFO | Query 28 Size of the uncertainty table is = 1383/7755
2024-04-17 10:25 | INFO | Query 28 Size of the filtered table is = 78
2024-04-17 10:25 | INFO | Query 28 Active Learning Runtime on Validation Set: 8713.05
2024-04-17 10:25 | INFO | Query 28 Active Learning Runtime on Test Set: 2488.25
2024-04-17 10:25 | INFO | Query 28 Active Learning Instance Cost: 2918827.43
2024-04-17 10:25 | INFO | Timeout limit is increased to 3600
2024-04-17 10:25 | INFO | Query 29 Size of the uncertainty table is = 1069/7755
2024-04-17 10:25 | INFO | Query 29 Size of the filtered table is = 78
2024-04-17 10:26 | INFO | Query 29 Active Learning Runtime on Validation Set: 8636.009999999998
2024-04-17 10:26 | INFO | Query 29 Active Learning Runtime on Test Set: 2488.4500000000003
2024-04-17 10:26 | INFO | Query 29 Active Learning Instance Cost: 3139135.09
2024-04-17 10:26 | INFO | Query 30 Size of the uncertainty table is = 712/7755
2024-04-17 10:26 | INFO | Query 30 Size of the filtered table is = 78
2024-04-17 10:26 | INFO | Query 30 Active Learning Runtime on Validation Set: 8673.769999999999
2024-04-17 10:26 | INFO | Query 30 Active Learning Runtime on Test Set: 2487.8300000000004
2024-04-17 10:26 | INFO | Query 30 Active Learning Instance Cost: 3253941.36
2024-04-17 10:26 | INFO | Timeout limit is increased to 3600
2024-04-17 10:26 | INFO | Query 31 Size of the uncertainty table is = 424/7755
2024-04-17 10:26 | INFO | Query 31 Size of the filtered table is = 78
2024-04-17 10:27 | INFO | Query 31 Active Learning Runtime on Validation Set: 8713.029999999999
2024-04-17 10:27 | INFO | Query 31 Active Learning Runtime on Test Set: 2490.17
2024-04-17 10:27 | INFO | Query 31 Active Learning Instance Cost: 3430409.62
2024-04-17 10:27 | INFO | Timeout limit is increased to 3600
2024-04-17 10:27 | INFO | Query 32 Size of the uncertainty table is = 125/7755
2024-04-17 10:27 | INFO | Query 32 Size of the filtered table is = 71
2024-04-17 10:27 | INFO | Query 32 Active Learning Runtime on Validation Set: 8713.029999999999
2024-04-17 10:27 | INFO | Query 32 Active Learning Runtime on Test Set: 2490.17
2024-04-17 10:27 | INFO | Query 32 Active Learning Instance Cost: 3499919.25
2024-04-17 10:27 | INFO | Timeout limit is increased to 3600
2024-04-17 10:27 | INFO | runtime_test_score is written as json file
2024-04-17 10:27 | INFO | runtime_validation_score is written as json file
2024-04-17 10:27 | INFO | instance_cost is written as json file
2024-04-17 10:27 | INFO | Experiment is finished
