2024-04-17 10:04 | INFO | Paramaters are: {'dataset': 'MAXSAT12-PMS', 'penalty': 10, 'weight': 'No_Weight', 'voting': 'Hard', 'pre_selection_size': 64, 'pre_selection_technique': 'No_pre_selection', 'feature_elimination_threshold': 20, 'imputer_strategy': 'median', 'feature_selection_technique': 'No_feature_selection', 'feature_scaling_technique': 'StandardScaler', 'initial_train_size': 20, 'query_size': 1, 'timeout_predictor_usage': 'Yes', 'timeout_limit': 3600, 'timeout_increase_rate': 100, 'RANDOM_STATE_SEED': 123, 'n_splits': 10, 'split_number': 0, 'max_timeout': 3600, 'param_grid': {'n_estimators': 100, 'criterion': 'gini', 'max_features': 'sqrt', 'max_depth': 2147483648, 'min_samples_split': 2, 'bootstrap': True}}
2024-04-17 10:04 | INFO | MAXSAT12-PMS is current dataset
2024-04-17 10:04 | INFO | DATASETS/MAXSAT12-PMS/algorithm_runs.csv is found
2024-04-17 10:04 | INFO | DATASETS/MAXSAT12-PMS/algorithm_runs.csv is finished
2024-04-17 10:04 | INFO | DATASETS/MAXSAT12-PMS/feature_values.csv is found
2024-04-17 10:04 | INFO | DATASETS/MAXSAT12-PMS/feature_values.csv is finished
2024-04-17 10:04 | INFO | DATASETS/MAXSAT12-PMS/feature_costs.csv is found
2024-04-17 10:04 | INFO | DATASETS/MAXSAT12-PMS/feature_costs.csv is finished
2024-04-17 10:04 | INFO | Virtual best solver time in train = 16606.52
2024-04-17 10:04 | INFO | Single best solver list train = {'DSWPM1_924': 8621768.49, 'akmaxsat': 8019305.16, 'akmaxsat_ls': 8019252.59, 'pwbo2.1': 3874818.37, 'qmaxsat0.21comp': 2092091.7, 'qmaxsat0.21g2comp': 2475887.02}
2024-04-17 10:04 | INFO | Single best solver time train = qmaxsat0.21comp (2092091.7)
2024-04-17 10:04 | INFO | Virtual best solver time in validation = 6670.74
2024-04-17 10:04 | INFO | Single best solver list validation = {'DSWPM1_924': 2350963.26, 'akmaxsat': 4183765.64, 'akmaxsat_ls': 4183798.14, 'pwbo2.1': 838832.32, 'qmaxsat0.21comp': 622999.03, 'qmaxsat0.21g2comp': 7414.46}
2024-04-17 10:04 | INFO | Single best solver time validation = qmaxsat0.21g2comp (7414.46)
2024-04-17 10:04 | INFO | Virtual best solver time in test = 7275.83
2024-04-17 10:04 | INFO | Single best solver list test = {'DSWPM1_924': 1300017.22, 'akmaxsat': 1229900.86, 'akmaxsat_ls': 1229917.58, 'pwbo2.1': 797418.61, 'qmaxsat0.21comp': 331115.3, 'qmaxsat0.21g2comp': 189089.78}
2024-04-17 10:04 | INFO | Single best solver time test = qmaxsat0.21g2comp (189089.78)
2024-04-17 10:04 | INFO | Passive Learning Runtime on Validation Set: 189858.71
2024-04-17 10:04 | INFO | Passive Learning Runtime on Test Set: 44230.21
2024-04-17 10:04 | INFO | Passive Learning Instance Cost: 3489523.33
2024-04-17 10:05 | INFO | Initial Active Learning Runtime on Validation Set: 189379.81
2024-04-17 10:05 | INFO | Initial Active Learning Runtime on Test Set: 186117.39
2024-04-17 10:05 | INFO | Initial Active Learning Instance Cost: 136288.53
2024-04-17 10:05 | INFO | Bin size = 78
2024-04-17 10:05 | INFO | Query 1 Size of the uncertainty table is = 7755/7755
2024-04-17 10:05 | INFO | Query 1 Size of the filtered table is = 78
2024-04-17 10:05 | INFO | Query 1 Active Learning Runtime on Validation Set: 117777.37
2024-04-17 10:05 | INFO | Query 1 Active Learning Runtime on Test Set: 76462.28
2024-04-17 10:05 | INFO | Query 1 Active Learning Instance Cost: 317684.24
2024-04-17 10:05 | INFO | Query 2 Size of the uncertainty table is = 7602/7755
2024-04-17 10:05 | INFO | Query 2 Size of the filtered table is = 78
2024-04-17 10:06 | INFO | Query 2 Active Learning Runtime on Validation Set: 7448.950000000001
2024-04-17 10:06 | INFO | Query 2 Active Learning Runtime on Test Set: 76463.14
2024-04-17 10:06 | INFO | Query 2 Active Learning Instance Cost: 441173.84
2024-04-17 10:06 | INFO | Query 3 Size of the uncertainty table is = 7455/7755
2024-04-17 10:06 | INFO | Query 3 Size of the filtered table is = 78
2024-04-17 10:06 | INFO | Query 3 Active Learning Runtime on Validation Set: 46002.409999999996
2024-04-17 10:06 | INFO | Query 3 Active Learning Runtime on Test Set: 75974.66
2024-04-17 10:06 | INFO | Query 3 Active Learning Instance Cost: 572780.12
2024-04-17 10:06 | INFO | Timeout limit is increased to 3600
2024-04-17 10:06 | INFO | Query 4 Size of the uncertainty table is = 7283/7755
2024-04-17 10:06 | INFO | Query 4 Size of the filtered table is = 78
2024-04-17 10:06 | INFO | Query 4 Active Learning Runtime on Validation Set: 7448.93
2024-04-17 10:06 | INFO | Query 4 Active Learning Runtime on Test Set: 75963.88
2024-04-17 10:06 | INFO | Query 4 Active Learning Instance Cost: 660056.5
2024-04-17 10:06 | INFO | Query 5 Size of the uncertainty table is = 7099/7755
2024-04-17 10:06 | INFO | Query 5 Size of the filtered table is = 78
2024-04-17 10:07 | INFO | Query 5 Active Learning Runtime on Validation Set: 7449.02
2024-04-17 10:07 | INFO | Query 5 Active Learning Runtime on Test Set: 75952.56999999999
2024-04-17 10:07 | INFO | Query 5 Active Learning Instance Cost: 737507.86
2024-04-17 10:07 | INFO | Timeout limit is increased to 3600
2024-04-17 10:07 | INFO | Query 6 Size of the uncertainty table is = 6877/7755
2024-04-17 10:07 | INFO | Query 6 Size of the filtered table is = 78
2024-04-17 10:07 | INFO | Query 6 Active Learning Runtime on Validation Set: 7451.27
2024-04-17 10:07 | INFO | Query 6 Active Learning Runtime on Test Set: 77396.13
2024-04-17 10:07 | INFO | Query 6 Active Learning Instance Cost: 804176.38
2024-04-17 10:07 | INFO | Timeout limit is increased to 3600
2024-04-17 10:07 | INFO | Query 7 Size of the uncertainty table is = 6660/7755
2024-04-17 10:07 | INFO | Query 7 Size of the filtered table is = 78
2024-04-17 10:08 | INFO | Query 7 Active Learning Runtime on Validation Set: 7451.27
2024-04-17 10:08 | INFO | Query 7 Active Learning Runtime on Test Set: 43435.81
2024-04-17 10:08 | INFO | Query 7 Active Learning Instance Cost: 880001.51
2024-04-17 10:08 | INFO | Timeout limit is increased to 3600
2024-04-17 10:08 | INFO | Query 8 Size of the uncertainty table is = 6415/7755
2024-04-17 10:08 | INFO | Query 8 Size of the filtered table is = 78
2024-04-17 10:08 | INFO | Query 8 Active Learning Runtime on Validation Set: 7451.27
2024-04-17 10:08 | INFO | Query 8 Active Learning Runtime on Test Set: 7436.76
2024-04-17 10:08 | INFO | Query 8 Active Learning Instance Cost: 943749.93
2024-04-17 10:08 | INFO | Timeout limit is increased to 3600
2024-04-17 10:08 | INFO | Query 9 Size of the uncertainty table is = 6210/7755
2024-04-17 10:08 | INFO | Query 9 Size of the filtered table is = 78
2024-04-17 10:09 | INFO | Query 9 Active Learning Runtime on Validation Set: 7451.27
2024-04-17 10:09 | INFO | Query 9 Active Learning Runtime on Test Set: 41999.82
2024-04-17 10:09 | INFO | Query 9 Active Learning Instance Cost: 1040549.14
2024-04-17 10:09 | INFO | Timeout limit is increased to 3600
2024-04-17 10:09 | INFO | Query 10 Size of the uncertainty table is = 5980/7755
2024-04-17 10:09 | INFO | Query 10 Size of the filtered table is = 78
2024-04-17 10:09 | INFO | Query 10 Active Learning Runtime on Validation Set: 7486.150000000001
2024-04-17 10:09 | INFO | Query 10 Active Learning Runtime on Test Set: 7436.54
2024-04-17 10:09 | INFO | Query 10 Active Learning Instance Cost: 1127754.06
2024-04-17 10:09 | INFO | Timeout limit is increased to 3600
2024-04-17 10:09 | INFO | Query 11 Size of the uncertainty table is = 5733/7755
2024-04-17 10:09 | INFO | Query 11 Size of the filtered table is = 78
2024-04-17 10:10 | INFO | Query 11 Active Learning Runtime on Validation Set: 7448.93
2024-04-17 10:10 | INFO | Query 11 Active Learning Runtime on Test Set: 41990.96
2024-04-17 10:10 | INFO | Query 11 Active Learning Instance Cost: 1177714.71
2024-04-17 10:10 | INFO | Query 12 Size of the uncertainty table is = 5501/7755
2024-04-17 10:10 | INFO | Query 12 Size of the filtered table is = 78
2024-04-17 10:10 | INFO | Query 12 Active Learning Runtime on Validation Set: 7473.870000000001
2024-04-17 10:10 | INFO | Query 12 Active Learning Runtime on Test Set: 7456.79
2024-04-17 10:10 | INFO | Query 12 Active Learning Instance Cost: 1205804.84
2024-04-17 10:10 | INFO | Timeout limit is increased to 3600
2024-04-17 10:10 | INFO | Query 13 Size of the uncertainty table is = 5207/7755
2024-04-17 10:10 | INFO | Query 13 Size of the filtered table is = 78
2024-04-17 10:11 | INFO | Query 13 Active Learning Runtime on Validation Set: 7451.29
2024-04-17 10:11 | INFO | Query 13 Active Learning Runtime on Test Set: 7436.900000000001
2024-04-17 10:11 | INFO | Query 13 Active Learning Instance Cost: 1302789.75
2024-04-17 10:11 | INFO | Query 14 Size of the uncertainty table is = 4979/7755
2024-04-17 10:11 | INFO | Query 14 Size of the filtered table is = 78
2024-04-17 10:11 | INFO | Query 14 Active Learning Runtime on Validation Set: 7473.85
2024-04-17 10:11 | INFO | Query 14 Active Learning Runtime on Test Set: 7586.570000000001
2024-04-17 10:11 | INFO | Query 14 Active Learning Instance Cost: 1382122.07
2024-04-17 10:11 | INFO | Timeout limit is increased to 3600
2024-04-17 10:11 | INFO | Query 15 Size of the uncertainty table is = 4756/7755
2024-04-17 10:11 | INFO | Query 15 Size of the filtered table is = 78
2024-04-17 10:12 | INFO | Query 15 Active Learning Runtime on Validation Set: 7485.51
2024-04-17 10:12 | INFO | Query 15 Active Learning Runtime on Test Set: 7456.38
2024-04-17 10:12 | INFO | Query 15 Active Learning Instance Cost: 1482069.51
2024-04-17 10:12 | INFO | Timeout limit is increased to 3600
2024-04-17 10:12 | INFO | Query 16 Size of the uncertainty table is = 4573/7755
2024-04-17 10:12 | INFO | Query 16 Size of the filtered table is = 78
2024-04-17 10:12 | INFO | Query 16 Active Learning Runtime on Validation Set: 7485.51
2024-04-17 10:12 | INFO | Query 16 Active Learning Runtime on Test Set: 7567.06
2024-04-17 10:12 | INFO | Query 16 Active Learning Instance Cost: 1550717.04
2024-04-17 10:12 | INFO | Timeout limit is increased to 3600
2024-04-17 10:12 | INFO | Query 17 Size of the uncertainty table is = 4403/7755
2024-04-17 10:12 | INFO | Query 17 Size of the filtered table is = 78
2024-04-17 10:13 | INFO | Query 17 Active Learning Runtime on Validation Set: 7428.360000000001
2024-04-17 10:13 | INFO | Query 17 Active Learning Runtime on Test Set: 77745.19
2024-04-17 10:13 | INFO | Query 17 Active Learning Instance Cost: 1578287.88
2024-04-17 10:13 | INFO | Query 18 Size of the uncertainty table is = 4200/7755
2024-04-17 10:13 | INFO | Query 18 Size of the filtered table is = 78
2024-04-17 10:13 | INFO | Query 18 Active Learning Runtime on Validation Set: 7598.52
2024-04-17 10:13 | INFO | Query 18 Active Learning Runtime on Test Set: 7536.330000000001
2024-04-17 10:13 | INFO | Query 18 Active Learning Instance Cost: 1604177.5
2024-04-17 10:13 | INFO | Timeout limit is increased to 3600
2024-04-17 10:13 | INFO | Query 19 Size of the uncertainty table is = 4048/7755
2024-04-17 10:13 | INFO | Query 19 Size of the filtered table is = 78
2024-04-17 10:14 | INFO | Query 19 Active Learning Runtime on Validation Set: 7706.55
2024-04-17 10:14 | INFO | Query 19 Active Learning Runtime on Test Set: 7560.02
2024-04-17 10:14 | INFO | Query 19 Active Learning Instance Cost: 1696107.75
2024-04-17 10:14 | INFO | Timeout limit is increased to 3600
2024-04-17 10:14 | INFO | Query 20 Size of the uncertainty table is = 3809/7755
2024-04-17 10:14 | INFO | Query 20 Size of the filtered table is = 78
2024-04-17 10:14 | INFO | Query 20 Active Learning Runtime on Validation Set: 7692.2300000000005
2024-04-17 10:14 | INFO | Query 20 Active Learning Runtime on Test Set: 7529.070000000001
2024-04-17 10:14 | INFO | Query 20 Active Learning Instance Cost: 1767768.69
2024-04-17 10:14 | INFO | Query 21 Size of the uncertainty table is = 3479/7755
2024-04-17 10:14 | INFO | Query 21 Size of the filtered table is = 78
2024-04-17 10:15 | INFO | Query 21 Active Learning Runtime on Validation Set: 7692.2300000000005
2024-04-17 10:15 | INFO | Query 21 Active Learning Runtime on Test Set: 7548.79
2024-04-17 10:15 | INFO | Query 21 Active Learning Instance Cost: 1841768.26
2024-04-17 10:15 | INFO | Timeout limit is increased to 3600
2024-04-17 10:15 | INFO | Query 22 Size of the uncertainty table is = 3274/7755
2024-04-17 10:15 | INFO | Query 22 Size of the filtered table is = 78
2024-04-17 10:15 | INFO | Query 22 Active Learning Runtime on Validation Set: 189879.72
2024-04-17 10:15 | INFO | Query 22 Active Learning Runtime on Test Set: 44174.729999999996
2024-04-17 10:15 | INFO | Query 22 Active Learning Instance Cost: 1953818.54
2024-04-17 10:15 | INFO | Timeout limit is increased to 3600
2024-04-17 10:15 | INFO | Query 23 Size of the uncertainty table is = 3003/7755
2024-04-17 10:15 | INFO | Query 23 Size of the filtered table is = 78
2024-04-17 10:16 | INFO | Query 23 Active Learning Runtime on Validation Set: 7640.160000000001
2024-04-17 10:16 | INFO | Query 23 Active Learning Runtime on Test Set: 41499.57
2024-04-17 10:16 | INFO | Query 23 Active Learning Instance Cost: 2060639.09
2024-04-17 10:16 | INFO | Query 24 Size of the uncertainty table is = 2708/7755
2024-04-17 10:16 | INFO | Query 24 Size of the filtered table is = 78
2024-04-17 10:16 | INFO | Query 24 Active Learning Runtime on Validation Set: 7603.070000000001
2024-04-17 10:16 | INFO | Query 24 Active Learning Runtime on Test Set: 7538.34
2024-04-17 10:16 | INFO | Query 24 Active Learning Instance Cost: 2182527.79
2024-04-17 10:16 | INFO | Query 25 Size of the uncertainty table is = 2434/7755
2024-04-17 10:16 | INFO | Query 25 Size of the filtered table is = 78
2024-04-17 10:17 | INFO | Query 25 Active Learning Runtime on Validation Set: 7569.320000000001
2024-04-17 10:17 | INFO | Query 25 Active Learning Runtime on Test Set: 7529.1900000000005
2024-04-17 10:17 | INFO | Query 25 Active Learning Instance Cost: 2320706.26
2024-04-17 10:17 | INFO | Query 26 Size of the uncertainty table is = 2145/7755
2024-04-17 10:17 | INFO | Query 26 Size of the filtered table is = 78
2024-04-17 10:17 | INFO | Query 26 Active Learning Runtime on Validation Set: 7587.38
2024-04-17 10:17 | INFO | Query 26 Active Learning Runtime on Test Set: 7529.18
2024-04-17 10:17 | INFO | Query 26 Active Learning Instance Cost: 2452069.24
2024-04-17 10:17 | INFO | Timeout limit is increased to 3600
2024-04-17 10:17 | INFO | Query 27 Size of the uncertainty table is = 1852/7755
2024-04-17 10:17 | INFO | Query 27 Size of the filtered table is = 78
2024-04-17 10:18 | INFO | Query 27 Active Learning Runtime on Validation Set: 7591.450000000001
2024-04-17 10:18 | INFO | Query 27 Active Learning Runtime on Test Set: 7548.660000000001
2024-04-17 10:18 | INFO | Query 27 Active Learning Instance Cost: 2635927.61
2024-04-17 10:18 | INFO | Timeout limit is increased to 3600
2024-04-17 10:18 | INFO | Query 28 Size of the uncertainty table is = 1554/7755
2024-04-17 10:18 | INFO | Query 28 Size of the filtered table is = 78
2024-04-17 10:18 | INFO | Query 28 Active Learning Runtime on Validation Set: 7569.320000000001
2024-04-17 10:18 | INFO | Query 28 Active Learning Runtime on Test Set: 7529.18
2024-04-17 10:18 | INFO | Query 28 Active Learning Instance Cost: 2822941.09
2024-04-17 10:18 | INFO | Query 29 Size of the uncertainty table is = 1251/7755
2024-04-17 10:18 | INFO | Query 29 Size of the filtered table is = 78
2024-04-17 10:19 | INFO | Query 29 Active Learning Runtime on Validation Set: 7566.910000000001
2024-04-17 10:19 | INFO | Query 29 Active Learning Runtime on Test Set: 7538.31
2024-04-17 10:19 | INFO | Query 29 Active Learning Instance Cost: 3023315.08
2024-04-17 10:19 | INFO | Query 30 Size of the uncertainty table is = 916/7755
2024-04-17 10:19 | INFO | Query 30 Size of the filtered table is = 78
2024-04-17 10:19 | INFO | Query 30 Active Learning Runtime on Validation Set: 7566.530000000001
2024-04-17 10:19 | INFO | Query 30 Active Learning Runtime on Test Set: 7529.1900000000005
2024-04-17 10:19 | INFO | Query 30 Active Learning Instance Cost: 3175368.07
2024-04-17 10:19 | INFO | Query 31 Size of the uncertainty table is = 577/7755
2024-04-17 10:19 | INFO | Query 31 Size of the filtered table is = 78
2024-04-17 10:20 | INFO | Query 31 Active Learning Runtime on Validation Set: 7568.870000000001
2024-04-17 10:20 | INFO | Query 31 Active Learning Runtime on Test Set: 7538.320000000001
2024-04-17 10:20 | INFO | Query 31 Active Learning Instance Cost: 3327518.6
2024-04-17 10:20 | INFO | Timeout limit is increased to 3600
2024-04-17 10:20 | INFO | Query 32 Size of the uncertainty table is = 254/7755
2024-04-17 10:20 | INFO | Query 32 Size of the filtered table is = 78
2024-04-17 10:20 | INFO | Query 32 Active Learning Runtime on Validation Set: 7569.320000000001
2024-04-17 10:20 | INFO | Query 32 Active Learning Runtime on Test Set: 7538.4400000000005
2024-04-17 10:20 | INFO | Query 32 Active Learning Instance Cost: 3446323.33
2024-04-17 10:20 | INFO | Timeout limit is increased to 3600
2024-04-17 10:20 | INFO | Query 33 Size of the uncertainty table is = 60/7755
2024-04-17 10:20 | INFO | Query 33 Size of the filtered table is = 24
2024-04-17 10:21 | INFO | Query 33 Active Learning Runtime on Validation Set: 7569.320000000001
2024-04-17 10:21 | INFO | Query 33 Active Learning Runtime on Test Set: 7538.4400000000005
2024-04-17 10:21 | INFO | Query 33 Active Learning Instance Cost: 3489523.33
2024-04-17 10:21 | INFO | Timeout limit is increased to 3600
2024-04-17 10:21 | INFO | runtime_test_score is written as json file
2024-04-17 10:21 | INFO | runtime_validation_score is written as json file
2024-04-17 10:21 | INFO | instance_cost is written as json file
2024-04-17 10:21 | INFO | Experiment is finished
