2024-04-17 10:37 | INFO | Paramaters are: {'dataset': 'MAXSAT19-UCMS', 'penalty': 10, 'weight': 'No_Weight', 'voting': 'Hard', 'pre_selection_size': 64, 'pre_selection_technique': 'No_pre_selection', 'feature_elimination_threshold': 20, 'imputer_strategy': 'median', 'feature_selection_technique': 'No_feature_selection', 'feature_scaling_technique': 'StandardScaler', 'initial_train_size': 20, 'query_size': 1, 'timeout_predictor_usage': 'Yes', 'timeout_limit': 3600, 'timeout_increase_rate': 100, 'RANDOM_STATE_SEED': 12345, 'n_splits': 10, 'split_number': 9, 'max_timeout': 3600, 'param_grid': {'n_estimators': 100, 'criterion': 'gini', 'max_features': 'sqrt', 'max_depth': 2147483648, 'min_samples_split': 2, 'bootstrap': True}}
2024-04-17 10:37 | INFO | MAXSAT19-UCMS is current dataset
2024-04-17 10:37 | INFO | DATASETS/MAXSAT19-UCMS/algorithm_runs.arff is found
2024-04-17 10:37 | INFO | DATASETS/MAXSAT19-UCMS/algorithm_runs.arff is finished
2024-04-17 10:37 | INFO | DATASETS/MAXSAT19-UCMS/feature_values.arff is found
2024-04-17 10:37 | INFO | DATASETS/MAXSAT19-UCMS/feature_values.arff is finished
2024-04-17 10:37 | INFO | DATASETS/MAXSAT19-UCMS/feature_costs.arff is found
2024-04-17 10:37 | INFO | DATASETS/MAXSAT19-UCMS/feature_costs.arff is finished
2024-04-17 10:37 | INFO | Virtual best solver time in train = 53882.82
2024-04-17 10:37 | INFO | Single best solver list train = {'MaxHS': 1126926.72, 'Open.WBO.g': 1619322.33, 'Open.WBO.ms': 1475273.21, 'Open.WBO.ms.pre': 2010922.41, 'QMaxSAT2018': 3965127.7, 'UWrMaxSAT': 1281261.49, 'maxino2018': 1685404.89}
2024-04-17 10:37 | INFO | Single best solver time train = MaxHS (1126926.72)
2024-04-17 10:37 | INFO | Virtual best solver time in validation = 10122.21
2024-04-17 10:37 | INFO | Single best solver list validation = {'MaxHS': 331247.51, 'Open.WBO.g': 227923.63, 'Open.WBO.ms': 190992.65, 'Open.WBO.ms.pre': 221351.29, 'QMaxSAT2018': 549059.13, 'UWrMaxSAT': 149780.78, 'maxino2018': 223433.47}
2024-04-17 10:37 | INFO | Single best solver time validation = UWrMaxSAT (149780.78)
2024-04-17 10:37 | INFO | Virtual best solver time in test = 7551.85
2024-04-17 10:37 | INFO | Single best solver list test = {'MaxHS': 112651.64, 'Open.WBO.g': 151829.8, 'Open.WBO.ms': 117155.57, 'Open.WBO.ms.pre': 255459.67, 'QMaxSAT2018': 577422.08, 'UWrMaxSAT': 180839.05, 'maxino2018': 218096.48}
2024-04-17 10:37 | INFO | Single best solver time test = MaxHS (112651.64)
2024-04-17 10:37 | INFO | Passive Learning Runtime on Validation Set: 329647.38
2024-04-17 10:37 | INFO | Passive Learning Runtime on Test Set: 106389.65
2024-04-17 10:37 | INFO | Passive Learning Instance Cost: 1532638.75
2024-04-17 10:38 | INFO | Initial Active Learning Runtime on Validation Set: 256614.7
2024-04-17 10:38 | INFO | Initial Active Learning Runtime on Test Set: 177853.66
2024-04-17 10:38 | INFO | Initial Active Learning Instance Cost: 149293.62
2024-04-17 10:38 | INFO | Bin size = 51
2024-04-17 10:38 | INFO | Query 1 Size of the uncertainty table is = 5040/5040
2024-04-17 10:38 | INFO | Query 1 Size of the filtered table is = 51
2024-04-17 10:38 | INFO | Query 1 Active Learning Runtime on Validation Set: 223343.9
2024-04-17 10:38 | INFO | Query 1 Active Learning Runtime on Test Set: 177839.26
2024-04-17 10:38 | INFO | Query 1 Active Learning Instance Cost: 210595.47
2024-04-17 10:38 | INFO | Query 2 Size of the uncertainty table is = 4968/5040
2024-04-17 10:38 | INFO | Query 2 Size of the filtered table is = 51
2024-04-17 10:39 | INFO | Query 2 Active Learning Runtime on Validation Set: 190471.29
2024-04-17 10:39 | INFO | Query 2 Active Learning Runtime on Test Set: 142005.4
2024-04-17 10:39 | INFO | Query 2 Active Learning Instance Cost: 287762.36
2024-04-17 10:39 | INFO | Query 3 Size of the uncertainty table is = 4875/5040
2024-04-17 10:39 | INFO | Query 3 Size of the filtered table is = 51
2024-04-17 10:39 | INFO | Query 3 Active Learning Runtime on Validation Set: 329963.70999999996
2024-04-17 10:39 | INFO | Query 3 Active Learning Runtime on Test Set: 141854.72999999998
2024-04-17 10:39 | INFO | Query 3 Active Learning Instance Cost: 361525.07
2024-04-17 10:39 | INFO | Timeout limit is increased to 3600
2024-04-17 10:39 | INFO | Query 4 Size of the uncertainty table is = 4746/5040
2024-04-17 10:39 | INFO | Query 4 Size of the filtered table is = 51
2024-04-17 10:39 | INFO | Query 4 Active Learning Runtime on Validation Set: 188880.29
2024-04-17 10:39 | INFO | Query 4 Active Learning Runtime on Test Set: 142159.99
2024-04-17 10:39 | INFO | Query 4 Active Learning Instance Cost: 429760.45
2024-04-17 10:39 | INFO | Query 5 Size of the uncertainty table is = 4603/5040
2024-04-17 10:39 | INFO | Query 5 Size of the filtered table is = 51
2024-04-17 10:40 | INFO | Query 5 Active Learning Runtime on Validation Set: 221842.79
2024-04-17 10:40 | INFO | Query 5 Active Learning Runtime on Test Set: 141936.75
2024-04-17 10:40 | INFO | Query 5 Active Learning Instance Cost: 486880.94
2024-04-17 10:40 | INFO | Timeout limit is increased to 3600
2024-04-17 10:40 | INFO | Query 6 Size of the uncertainty table is = 4456/5040
2024-04-17 10:40 | INFO | Query 6 Size of the filtered table is = 51
2024-04-17 10:40 | INFO | Query 6 Active Learning Runtime on Validation Set: 222090.93
2024-04-17 10:40 | INFO | Query 6 Active Learning Runtime on Test Set: 141965.89
2024-04-17 10:40 | INFO | Query 6 Active Learning Instance Cost: 551235.57
2024-04-17 10:40 | INFO | Timeout limit is increased to 3600
2024-04-17 10:40 | INFO | Query 7 Size of the uncertainty table is = 4284/5040
2024-04-17 10:40 | INFO | Query 7 Size of the filtered table is = 51
2024-04-17 10:40 | INFO | Query 7 Active Learning Runtime on Validation Set: 258513.69
2024-04-17 10:40 | INFO | Query 7 Active Learning Runtime on Test Set: 141882.66
2024-04-17 10:40 | INFO | Query 7 Active Learning Instance Cost: 592610.16
2024-04-17 10:40 | INFO | Timeout limit is increased to 3600
2024-04-17 10:40 | INFO | Query 8 Size of the uncertainty table is = 4092/5040
2024-04-17 10:40 | INFO | Query 8 Size of the filtered table is = 51
2024-04-17 10:41 | INFO | Query 8 Active Learning Runtime on Validation Set: 223012.62
2024-04-17 10:41 | INFO | Query 8 Active Learning Runtime on Test Set: 141626.52000000002
2024-04-17 10:41 | INFO | Query 8 Active Learning Instance Cost: 659834.89
2024-04-17 10:41 | INFO | Query 9 Size of the uncertainty table is = 3904/5040
2024-04-17 10:41 | INFO | Query 9 Size of the filtered table is = 51
2024-04-17 10:41 | INFO | Query 9 Active Learning Runtime on Validation Set: 225810.64
2024-04-17 10:41 | INFO | Query 9 Active Learning Runtime on Test Set: 106591.77
2024-04-17 10:41 | INFO | Query 9 Active Learning Instance Cost: 723793.79
2024-04-17 10:41 | INFO | Timeout limit is increased to 3600
2024-04-17 10:41 | INFO | Query 10 Size of the uncertainty table is = 3737/5040
2024-04-17 10:41 | INFO | Query 10 Size of the filtered table is = 51
2024-04-17 10:42 | INFO | Query 10 Active Learning Runtime on Validation Set: 225322.92
2024-04-17 10:42 | INFO | Query 10 Active Learning Runtime on Test Set: 106591.77
2024-04-17 10:42 | INFO | Query 10 Active Learning Instance Cost: 784206.37
2024-04-17 10:42 | INFO | Query 11 Size of the uncertainty table is = 3533/5040
2024-04-17 10:42 | INFO | Query 11 Size of the filtered table is = 51
2024-04-17 10:42 | INFO | Query 11 Active Learning Runtime on Validation Set: 258294.32
2024-04-17 10:42 | INFO | Query 11 Active Learning Runtime on Test Set: 141518.63
2024-04-17 10:42 | INFO | Query 11 Active Learning Instance Cost: 852034.26
2024-04-17 10:42 | INFO | Timeout limit is increased to 3600
2024-04-17 10:42 | INFO | Query 12 Size of the uncertainty table is = 3319/5040
2024-04-17 10:42 | INFO | Query 12 Size of the filtered table is = 51
2024-04-17 10:42 | INFO | Query 12 Active Learning Runtime on Validation Set: 258281.65
2024-04-17 10:42 | INFO | Query 12 Active Learning Runtime on Test Set: 106600.31
2024-04-17 10:42 | INFO | Query 12 Active Learning Instance Cost: 897631.27
2024-04-17 10:42 | INFO | Query 13 Size of the uncertainty table is = 3131/5040
2024-04-17 10:42 | INFO | Query 13 Size of the filtered table is = 51
2024-04-17 10:43 | INFO | Query 13 Active Learning Runtime on Validation Set: 222318.7
2024-04-17 10:43 | INFO | Query 13 Active Learning Runtime on Test Set: 106518.08
2024-04-17 10:43 | INFO | Query 13 Active Learning Instance Cost: 927380.77
2024-04-17 10:43 | INFO | Query 14 Size of the uncertainty table is = 2927/5040
2024-04-17 10:43 | INFO | Query 14 Size of the filtered table is = 51
2024-04-17 10:43 | INFO | Query 14 Active Learning Runtime on Validation Set: 291902.43
2024-04-17 10:43 | INFO | Query 14 Active Learning Runtime on Test Set: 106608.41
2024-04-17 10:43 | INFO | Query 14 Active Learning Instance Cost: 977966.21
2024-04-17 10:43 | INFO | Timeout limit is increased to 3600
2024-04-17 10:43 | INFO | Query 15 Size of the uncertainty table is = 2700/5040
2024-04-17 10:43 | INFO | Query 15 Size of the filtered table is = 51
2024-04-17 10:44 | INFO | Query 15 Active Learning Runtime on Validation Set: 291906.86
2024-04-17 10:44 | INFO | Query 15 Active Learning Runtime on Test Set: 73646.9
2024-04-17 10:44 | INFO | Query 15 Active Learning Instance Cost: 1010125.4
2024-04-17 10:44 | INFO | Timeout limit is increased to 3600
2024-04-17 10:44 | INFO | Query 16 Size of the uncertainty table is = 2501/5040
2024-04-17 10:44 | INFO | Query 16 Size of the filtered table is = 51
2024-04-17 10:44 | INFO | Query 16 Active Learning Runtime on Validation Set: 291901.42000000004
2024-04-17 10:44 | INFO | Query 16 Active Learning Runtime on Test Set: 106602.51
2024-04-17 10:44 | INFO | Query 16 Active Learning Instance Cost: 1030163.94
2024-04-17 10:44 | INFO | Query 17 Size of the uncertainty table is = 2308/5040
2024-04-17 10:44 | INFO | Query 17 Size of the filtered table is = 51
2024-04-17 10:44 | INFO | Query 17 Active Learning Runtime on Validation Set: 291893.47
2024-04-17 10:44 | INFO | Query 17 Active Learning Runtime on Test Set: 106512.18000000001
2024-04-17 10:44 | INFO | Query 17 Active Learning Instance Cost: 1083673.6
2024-04-17 10:44 | INFO | Query 18 Size of the uncertainty table is = 2100/5040
2024-04-17 10:44 | INFO | Query 18 Size of the filtered table is = 51
2024-04-17 10:45 | INFO | Query 18 Active Learning Runtime on Validation Set: 291826.78
2024-04-17 10:45 | INFO | Query 18 Active Learning Runtime on Test Set: 106459.63
2024-04-17 10:45 | INFO | Query 18 Active Learning Instance Cost: 1116878.7
2024-04-17 10:45 | INFO | Query 19 Size of the uncertainty table is = 1890/5040
2024-04-17 10:45 | INFO | Query 19 Size of the filtered table is = 51
2024-04-17 10:45 | INFO | Query 19 Active Learning Runtime on Validation Set: 294257.92000000004
2024-04-17 10:45 | INFO | Query 19 Active Learning Runtime on Test Set: 106467.02
2024-04-17 10:45 | INFO | Query 19 Active Learning Instance Cost: 1132507.2
2024-04-17 10:45 | INFO | Timeout limit is increased to 3600
2024-04-17 10:45 | INFO | Query 20 Size of the uncertainty table is = 1698/5040
2024-04-17 10:45 | INFO | Query 20 Size of the filtered table is = 51
2024-04-17 10:46 | INFO | Query 20 Active Learning Runtime on Validation Set: 294325.27
2024-04-17 10:46 | INFO | Query 20 Active Learning Runtime on Test Set: 106556.69
2024-04-17 10:46 | INFO | Query 20 Active Learning Instance Cost: 1154327.31
2024-04-17 10:46 | INFO | Timeout limit is increased to 3600
2024-04-17 10:46 | INFO | Query 21 Size of the uncertainty table is = 1508/5040
2024-04-17 10:46 | INFO | Query 21 Size of the filtered table is = 51
2024-04-17 10:46 | INFO | Query 21 Active Learning Runtime on Validation Set: 294319.67000000004
2024-04-17 10:46 | INFO | Query 21 Active Learning Runtime on Test Set: 106530.44
2024-04-17 10:46 | INFO | Query 21 Active Learning Instance Cost: 1165459.38
2024-04-17 10:46 | INFO | Query 22 Size of the uncertainty table is = 1355/5040
2024-04-17 10:46 | INFO | Query 22 Size of the filtered table is = 51
2024-04-17 10:46 | INFO | Query 22 Active Learning Runtime on Validation Set: 329854.19999999995
2024-04-17 10:46 | INFO | Query 22 Active Learning Runtime on Test Set: 106439.54000000001
2024-04-17 10:46 | INFO | Query 22 Active Learning Instance Cost: 1187808.05
2024-04-17 10:46 | INFO | Timeout limit is increased to 3600
2024-04-17 10:46 | INFO | Query 23 Size of the uncertainty table is = 1129/5040
2024-04-17 10:46 | INFO | Query 23 Size of the filtered table is = 51
2024-04-17 10:47 | INFO | Query 23 Active Learning Runtime on Validation Set: 294013.97
2024-04-17 10:47 | INFO | Query 23 Active Learning Runtime on Test Set: 106392.29000000001
2024-04-17 10:47 | INFO | Query 23 Active Learning Instance Cost: 1190511.85
2024-04-17 10:47 | INFO | Query 24 Size of the uncertainty table is = 950/5040
2024-04-17 10:47 | INFO | Query 24 Size of the filtered table is = 51
2024-04-17 10:47 | INFO | Query 24 Active Learning Runtime on Validation Set: 293658.52
2024-04-17 10:47 | INFO | Query 24 Active Learning Runtime on Test Set: 106400.04000000001
2024-04-17 10:47 | INFO | Query 24 Active Learning Instance Cost: 1206675.4
2024-04-17 10:47 | INFO | Query 25 Size of the uncertainty table is = 780/5040
2024-04-17 10:47 | INFO | Query 25 Size of the filtered table is = 51
2024-04-17 10:48 | INFO | Query 25 Active Learning Runtime on Validation Set: 294003.3
2024-04-17 10:48 | INFO | Query 25 Active Learning Runtime on Test Set: 106400.04000000001
2024-04-17 10:48 | INFO | Query 25 Active Learning Instance Cost: 1279162.44
2024-04-17 10:48 | INFO | Timeout limit is increased to 3600
2024-04-17 10:48 | INFO | Query 26 Size of the uncertainty table is = 576/5040
2024-04-17 10:48 | INFO | Query 26 Size of the filtered table is = 51
2024-04-17 10:48 | INFO | Query 26 Active Learning Runtime on Validation Set: 329649.70999999996
2024-04-17 10:48 | INFO | Query 26 Active Learning Runtime on Test Set: 106382.47
2024-04-17 10:48 | INFO | Query 26 Active Learning Instance Cost: 1331458.16
2024-04-17 10:48 | INFO | Timeout limit is increased to 3600
2024-04-17 10:48 | INFO | Query 27 Size of the uncertainty table is = 358/5040
2024-04-17 10:48 | INFO | Query 27 Size of the filtered table is = 51
2024-04-17 10:49 | INFO | Query 27 Active Learning Runtime on Validation Set: 329925.15
2024-04-17 10:49 | INFO | Query 27 Active Learning Runtime on Test Set: 142340.33000000002
2024-04-17 10:49 | INFO | Query 27 Active Learning Instance Cost: 1397167.38
2024-04-17 10:49 | INFO | Timeout limit is increased to 3600
2024-04-17 10:49 | INFO | Query 28 Size of the uncertainty table is = 212/5040
2024-04-17 10:49 | INFO | Query 28 Size of the filtered table is = 51
2024-04-17 10:49 | INFO | Query 28 Active Learning Runtime on Validation Set: 329924.62
2024-04-17 10:49 | INFO | Query 28 Active Learning Runtime on Test Set: 106382.47
2024-04-17 10:49 | INFO | Query 28 Active Learning Instance Cost: 1463742.92
2024-04-17 10:49 | INFO | Query 29 Size of the uncertainty table is = 106/5040
2024-04-17 10:49 | INFO | Query 29 Size of the filtered table is = 47
2024-04-17 10:49 | INFO | Query 29 Active Learning Runtime on Validation Set: 329926.45999999996
2024-04-17 10:49 | INFO | Query 29 Active Learning Runtime on Test Set: 106382.47
2024-04-17 10:49 | INFO | Query 29 Active Learning Instance Cost: 1532638.75
2024-04-17 10:49 | INFO | Timeout limit is increased to 3600
2024-04-17 10:49 | INFO | runtime_test_score is written as json file
2024-04-17 10:49 | INFO | runtime_validation_score is written as json file
2024-04-17 10:49 | INFO | instance_cost is written as json file
2024-04-17 10:49 | INFO | Experiment is finished
