2024-04-17 10:41 | INFO | Paramaters are: {'dataset': 'QBF-2011', 'penalty': 10, 'weight': 'No_Weight', 'voting': 'Hard', 'pre_selection_size': 64, 'pre_selection_technique': 'No_pre_selection', 'feature_elimination_threshold': 20, 'imputer_strategy': 'median', 'feature_selection_technique': 'No_feature_selection', 'feature_scaling_technique': 'StandardScaler', 'initial_train_size': 20, 'query_size': 1, 'timeout_predictor_usage': 'Yes', 'timeout_limit': 3600, 'timeout_increase_rate': 100, 'RANDOM_STATE_SEED': 99, 'n_splits': 10, 'split_number': 3, 'max_timeout': 3600, 'param_grid': {'n_estimators': 100, 'criterion': 'gini', 'max_features': 'sqrt', 'max_depth': 2147483648, 'min_samples_split': 2, 'bootstrap': True}}
2024-04-17 10:41 | INFO | QBF-2011 is current dataset
2024-04-17 10:41 | INFO | DATASETS/QBF-2011/algorithm_runs.csv is found
2024-04-17 10:41 | INFO | DATASETS/QBF-2011/algorithm_runs.csv is finished
2024-04-17 10:41 | INFO | DATASETS/QBF-2011/feature_values.csv is found
2024-04-17 10:41 | INFO | DATASETS/QBF-2011/feature_values.csv is finished
2024-04-17 10:41 | INFO | Virtual best solver time in train = 67683.88
2024-04-17 10:41 | INFO | Single best solver list train = {'2clsQ': 13548716.96, 'QuBE': 10181822.46, 'quantor': 17877909.17, 'sKizzo': 6504959.43, 'sSolve': 8283380.82}
2024-04-17 10:41 | INFO | Single best solver time train = sKizzo (6504959.43)
2024-04-17 10:41 | INFO | Virtual best solver time in validation = 18099.8
2024-04-17 10:41 | INFO | Single best solver list validation = {'2clsQ': 3116008.8, 'QuBE': 2206304.89, 'quantor': 3606597.12, 'sKizzo': 2216612.75, 'sSolve': 2828104.02}
2024-04-17 10:41 | INFO | Single best solver time validation = QuBE (2206304.89)
2024-04-17 10:41 | INFO | Virtual best solver time in test = 15368.23
2024-04-17 10:41 | INFO | Single best solver list test = {'2clsQ': 1969022.66, 'QuBE': 1531979.86, 'quantor': 2557236.31, 'sKizzo': 946101.42, 'sSolve': 1528700.46}
2024-04-17 10:41 | INFO | Single best solver time test = sKizzo (946101.42)
2024-04-17 10:42 | INFO | Passive Learning Runtime on Validation Set: 1281841.7
2024-04-17 10:42 | INFO | Passive Learning Runtime on Test Set: 342614.18
2024-04-17 10:42 | INFO | Passive Learning Instance Cost: 6079588.84
2024-04-17 10:42 | INFO | Initial Active Learning Runtime on Validation Set: 2181023.38
2024-04-17 10:42 | INFO | Initial Active Learning Runtime on Test Set: 737727.58
2024-04-17 10:42 | INFO | Initial Active Learning Instance Cost: 182675.47
2024-04-17 10:42 | INFO | Bin size = 74
2024-04-17 10:42 | INFO | Query 1 Size of the uncertainty table is = 7380/7380
2024-04-17 10:42 | INFO | Query 1 Size of the filtered table is = 74
2024-04-17 10:42 | INFO | Query 1 Active Learning Runtime on Validation Set: 1752792.45
2024-04-17 10:42 | INFO | Query 1 Active Learning Runtime on Test Set: 665677.0
2024-04-17 10:42 | INFO | Query 1 Active Learning Instance Cost: 316380.16
2024-04-17 10:42 | INFO | Query 2 Size of the uncertainty table is = 7289/7380
2024-04-17 10:42 | INFO | Query 2 Size of the filtered table is = 74
2024-04-17 10:43 | INFO | Query 2 Active Learning Runtime on Validation Set: 1182691.8
2024-04-17 10:43 | INFO | Query 2 Active Learning Runtime on Test Set: 672778.58
2024-04-17 10:43 | INFO | Query 2 Active Learning Instance Cost: 459733.47
2024-04-17 10:43 | INFO | Query 3 Size of the uncertainty table is = 7203/7380
2024-04-17 10:43 | INFO | Query 3 Size of the filtered table is = 74
2024-04-17 10:43 | INFO | Query 3 Active Learning Runtime on Validation Set: 1177630.12
2024-04-17 10:43 | INFO | Query 3 Active Learning Runtime on Test Set: 493143.79
2024-04-17 10:43 | INFO | Query 3 Active Learning Instance Cost: 620728.4
2024-04-17 10:43 | INFO | Query 4 Size of the uncertainty table is = 7103/7380
2024-04-17 10:43 | INFO | Query 4 Size of the filtered table is = 74
2024-04-17 10:43 | INFO | Query 4 Active Learning Runtime on Validation Set: 1501618.92
2024-04-17 10:43 | INFO | Query 4 Active Learning Runtime on Test Set: 528973.64
2024-04-17 10:43 | INFO | Query 4 Active Learning Instance Cost: 821577.64
2024-04-17 10:43 | INFO | Timeout limit is increased to 3600
2024-04-17 10:43 | INFO | Query 5 Size of the uncertainty table is = 6997/7380
2024-04-17 10:43 | INFO | Query 5 Size of the filtered table is = 74
2024-04-17 10:44 | INFO | Query 5 Active Learning Runtime on Validation Set: 1642541.07
2024-04-17 10:44 | INFO | Query 5 Active Learning Runtime on Test Set: 563348.34
2024-04-17 10:44 | INFO | Query 5 Active Learning Instance Cost: 1036440.3
2024-04-17 10:44 | INFO | Timeout limit is increased to 3600
2024-04-17 10:44 | INFO | Query 6 Size of the uncertainty table is = 6856/7380
2024-04-17 10:44 | INFO | Query 6 Size of the filtered table is = 74
2024-04-17 10:44 | INFO | Query 6 Active Learning Runtime on Validation Set: 1429572.03
2024-04-17 10:44 | INFO | Query 6 Active Learning Runtime on Test Set: 564970.02
2024-04-17 10:44 | INFO | Query 6 Active Learning Instance Cost: 1183577.81
2024-04-17 10:44 | INFO | Query 7 Size of the uncertainty table is = 6725/7380
2024-04-17 10:44 | INFO | Query 7 Size of the filtered table is = 74
2024-04-17 10:45 | INFO | Query 7 Active Learning Runtime on Validation Set: 1573117.33
2024-04-17 10:45 | INFO | Query 7 Active Learning Runtime on Test Set: 529150.11
2024-04-17 10:45 | INFO | Query 7 Active Learning Instance Cost: 1316440.65
2024-04-17 10:45 | INFO | Timeout limit is increased to 3600
2024-04-17 10:45 | INFO | Query 8 Size of the uncertainty table is = 6617/7380
2024-04-17 10:45 | INFO | Query 8 Size of the filtered table is = 74
2024-04-17 10:45 | INFO | Query 8 Active Learning Runtime on Validation Set: 1537095.45
2024-04-17 10:45 | INFO | Query 8 Active Learning Runtime on Test Set: 459764.25
2024-04-17 10:45 | INFO | Query 8 Active Learning Instance Cost: 1434058.81
2024-04-17 10:45 | INFO | Query 9 Size of the uncertainty table is = 6427/7380
2024-04-17 10:45 | INFO | Query 9 Size of the filtered table is = 74
2024-04-17 10:45 | INFO | Query 9 Active Learning Runtime on Validation Set: 1499964.79
2024-04-17 10:45 | INFO | Query 9 Active Learning Runtime on Test Set: 315541.61
2024-04-17 10:45 | INFO | Query 9 Active Learning Instance Cost: 1538538.39
2024-04-17 10:45 | INFO | Query 10 Size of the uncertainty table is = 6252/7380
2024-04-17 10:45 | INFO | Query 10 Size of the filtered table is = 74
2024-04-17 10:46 | INFO | Query 10 Active Learning Runtime on Validation Set: 1467718.11
2024-04-17 10:46 | INFO | Query 10 Active Learning Runtime on Test Set: 352261.47
2024-04-17 10:46 | INFO | Query 10 Active Learning Instance Cost: 1702528.04
2024-04-17 10:46 | INFO | Query 11 Size of the uncertainty table is = 6064/7380
2024-04-17 10:46 | INFO | Query 11 Size of the filtered table is = 74
2024-04-17 10:46 | INFO | Query 11 Active Learning Runtime on Validation Set: 1467829.32
2024-04-17 10:46 | INFO | Query 11 Active Learning Runtime on Test Set: 317467.74
2024-04-17 10:46 | INFO | Query 11 Active Learning Instance Cost: 1734088.08
2024-04-17 10:46 | INFO | Timeout limit is increased to 3600
2024-04-17 10:46 | INFO | Query 12 Size of the uncertainty table is = 5943/7380
2024-04-17 10:46 | INFO | Query 12 Size of the filtered table is = 74
2024-04-17 10:47 | INFO | Query 12 Active Learning Runtime on Validation Set: 1465253.85
2024-04-17 10:47 | INFO | Query 12 Active Learning Runtime on Test Set: 353461.16
2024-04-17 10:47 | INFO | Query 12 Active Learning Instance Cost: 1844218.73
2024-04-17 10:47 | INFO | Query 13 Size of the uncertainty table is = 5769/7380
2024-04-17 10:47 | INFO | Query 13 Size of the filtered table is = 74
2024-04-17 10:47 | INFO | Query 13 Active Learning Runtime on Validation Set: 1351311.04
2024-04-17 10:47 | INFO | Query 13 Active Learning Runtime on Test Set: 315107.52
2024-04-17 10:47 | INFO | Query 13 Active Learning Instance Cost: 1995969.14
2024-04-17 10:47 | INFO | Query 14 Size of the uncertainty table is = 5552/7380
2024-04-17 10:47 | INFO | Query 14 Size of the filtered table is = 74
2024-04-17 10:47 | INFO | Query 14 Active Learning Runtime on Validation Set: 1351311.02
2024-04-17 10:47 | INFO | Query 14 Active Learning Runtime on Test Set: 350515.91
2024-04-17 10:47 | INFO | Query 14 Active Learning Instance Cost: 2044927.34
2024-04-17 10:47 | INFO | Query 15 Size of the uncertainty table is = 5331/7380
2024-04-17 10:47 | INFO | Query 15 Size of the filtered table is = 74
2024-04-17 10:48 | INFO | Query 15 Active Learning Runtime on Validation Set: 1351311.04
2024-04-17 10:48 | INFO | Query 15 Active Learning Runtime on Test Set: 349254.63
2024-04-17 10:48 | INFO | Query 15 Active Learning Instance Cost: 2144793.93
2024-04-17 10:48 | INFO | Timeout limit is increased to 3600
2024-04-17 10:48 | INFO | Query 16 Size of the uncertainty table is = 5109/7380
2024-04-17 10:48 | INFO | Query 16 Size of the filtered table is = 74
2024-04-17 10:48 | INFO | Query 16 Active Learning Runtime on Validation Set: 1351313.95
2024-04-17 10:48 | INFO | Query 16 Active Learning Runtime on Test Set: 350473.03
2024-04-17 10:48 | INFO | Query 16 Active Learning Instance Cost: 2248251.15
2024-04-17 10:48 | INFO | Timeout limit is increased to 3600
2024-04-17 10:48 | INFO | Query 17 Size of the uncertainty table is = 4917/7380
2024-04-17 10:48 | INFO | Query 17 Size of the filtered table is = 74
2024-04-17 10:49 | INFO | Query 17 Active Learning Runtime on Validation Set: 1351306.11
2024-04-17 10:49 | INFO | Query 17 Active Learning Runtime on Test Set: 349444.77
2024-04-17 10:49 | INFO | Query 17 Active Learning Instance Cost: 2359216.03
2024-04-17 10:49 | INFO | Query 18 Size of the uncertainty table is = 4736/7380
2024-04-17 10:49 | INFO | Query 18 Size of the filtered table is = 74
2024-04-17 10:49 | INFO | Query 18 Active Learning Runtime on Validation Set: 1351316.42
2024-04-17 10:49 | INFO | Query 18 Active Learning Runtime on Test Set: 349441.14
2024-04-17 10:49 | INFO | Query 18 Active Learning Instance Cost: 2467976.59
2024-04-17 10:49 | INFO | Timeout limit is increased to 3600
2024-04-17 10:49 | INFO | Query 19 Size of the uncertainty table is = 4563/7380
2024-04-17 10:49 | INFO | Query 19 Size of the filtered table is = 74
2024-04-17 10:50 | INFO | Query 19 Active Learning Runtime on Validation Set: 1351316.95
2024-04-17 10:50 | INFO | Query 19 Active Learning Runtime on Test Set: 349506.66
2024-04-17 10:50 | INFO | Query 19 Active Learning Instance Cost: 2543260.96
2024-04-17 10:50 | INFO | Timeout limit is increased to 3600
2024-04-17 10:50 | INFO | Query 20 Size of the uncertainty table is = 4364/7380
2024-04-17 10:50 | INFO | Query 20 Size of the filtered table is = 74
2024-04-17 10:50 | INFO | Query 20 Active Learning Runtime on Validation Set: 1315422.31
2024-04-17 10:50 | INFO | Query 20 Active Learning Runtime on Test Set: 312592.65
2024-04-17 10:50 | INFO | Query 20 Active Learning Instance Cost: 2646897.39
2024-04-17 10:50 | INFO | Query 21 Size of the uncertainty table is = 4165/7380
2024-04-17 10:50 | INFO | Query 21 Size of the filtered table is = 74
2024-04-17 10:50 | INFO | Query 21 Active Learning Runtime on Validation Set: 1315444.22
2024-04-17 10:50 | INFO | Query 21 Active Learning Runtime on Test Set: 313618.88
2024-04-17 10:50 | INFO | Query 21 Active Learning Instance Cost: 2746417.91
2024-04-17 10:50 | INFO | Timeout limit is increased to 3600
2024-04-17 10:50 | INFO | Query 22 Size of the uncertainty table is = 3930/7380
2024-04-17 10:50 | INFO | Query 22 Size of the filtered table is = 74
2024-04-17 10:51 | INFO | Query 22 Active Learning Runtime on Validation Set: 1351703.69
2024-04-17 10:51 | INFO | Query 22 Active Learning Runtime on Test Set: 313618.88
2024-04-17 10:51 | INFO | Query 22 Active Learning Instance Cost: 2892310.7
2024-04-17 10:51 | INFO | Timeout limit is increased to 3600
2024-04-17 10:51 | INFO | Query 23 Size of the uncertainty table is = 3737/7380
2024-04-17 10:51 | INFO | Query 23 Size of the filtered table is = 74
2024-04-17 10:51 | INFO | Query 23 Active Learning Runtime on Validation Set: 1315422.31
2024-04-17 10:51 | INFO | Query 23 Active Learning Runtime on Test Set: 349556.06
2024-04-17 10:51 | INFO | Query 23 Active Learning Instance Cost: 3041834.82
2024-04-17 10:51 | INFO | Query 24 Size of the uncertainty table is = 3528/7380
2024-04-17 10:51 | INFO | Query 24 Size of the filtered table is = 74
2024-04-17 10:52 | INFO | Query 24 Active Learning Runtime on Validation Set: 1387250.67
2024-04-17 10:52 | INFO | Query 24 Active Learning Runtime on Test Set: 349553.05
2024-04-17 10:52 | INFO | Query 24 Active Learning Instance Cost: 3199112.86
2024-04-17 10:52 | INFO | Timeout limit is increased to 3600
2024-04-17 10:52 | INFO | Query 25 Size of the uncertainty table is = 3329/7380
2024-04-17 10:52 | INFO | Query 25 Size of the filtered table is = 74
2024-04-17 10:52 | INFO | Query 25 Active Learning Runtime on Validation Set: 1351427.78
2024-04-17 10:52 | INFO | Query 25 Active Learning Runtime on Test Set: 347576.1
2024-04-17 10:52 | INFO | Query 25 Active Learning Instance Cost: 3397158.05
2024-04-17 10:52 | INFO | Query 26 Size of the uncertainty table is = 2994/7380
2024-04-17 10:52 | INFO | Query 26 Size of the filtered table is = 74
2024-04-17 10:52 | INFO | Query 26 Active Learning Runtime on Validation Set: 1315392.79
2024-04-17 10:52 | INFO | Query 26 Active Learning Runtime on Test Set: 347576.13
2024-04-17 10:52 | INFO | Query 26 Active Learning Instance Cost: 3573904.96
2024-04-17 10:53 | INFO | Query 27 Size of the uncertainty table is = 2820/7380
2024-04-17 10:53 | INFO | Query 27 Size of the filtered table is = 74
2024-04-17 10:53 | INFO | Query 27 Active Learning Runtime on Validation Set: 1387250.74
2024-04-17 10:53 | INFO | Query 27 Active Learning Runtime on Test Set: 347576.19
2024-04-17 10:53 | INFO | Query 27 Active Learning Instance Cost: 3751424.07
2024-04-17 10:53 | INFO | Timeout limit is increased to 3600
2024-04-17 10:53 | INFO | Query 28 Size of the uncertainty table is = 2594/7380
2024-04-17 10:53 | INFO | Query 28 Size of the filtered table is = 74
2024-04-17 10:53 | INFO | Query 28 Active Learning Runtime on Validation Set: 1387248.0
2024-04-17 10:53 | INFO | Query 28 Active Learning Runtime on Test Set: 347576.14
2024-04-17 10:53 | INFO | Query 28 Active Learning Instance Cost: 3916308.06
2024-04-17 10:53 | INFO | Query 29 Size of the uncertainty table is = 2374/7380
2024-04-17 10:53 | INFO | Query 29 Size of the filtered table is = 74
2024-04-17 10:54 | INFO | Query 29 Active Learning Runtime on Validation Set: 1174106.18
2024-04-17 10:54 | INFO | Query 29 Active Learning Runtime on Test Set: 347579.09
2024-04-17 10:54 | INFO | Query 29 Active Learning Instance Cost: 4139644.15
2024-04-17 10:54 | INFO | Query 30 Size of the uncertainty table is = 2128/7380
2024-04-17 10:54 | INFO | Query 30 Size of the filtered table is = 74
2024-04-17 10:54 | INFO | Query 30 Active Learning Runtime on Validation Set: 1353652.2
2024-04-17 10:54 | INFO | Query 30 Active Learning Runtime on Test Set: 342611.12
2024-04-17 10:54 | INFO | Query 30 Active Learning Instance Cost: 4321437.65
2024-04-17 10:54 | INFO | Timeout limit is increased to 3600
2024-04-17 10:54 | INFO | Query 31 Size of the uncertainty table is = 1924/7380
2024-04-17 10:54 | INFO | Query 31 Size of the filtered table is = 74
2024-04-17 10:55 | INFO | Query 31 Active Learning Runtime on Validation Set: 1351280.15
2024-04-17 10:55 | INFO | Query 31 Active Learning Runtime on Test Set: 342611.53
2024-04-17 10:55 | INFO | Query 31 Active Learning Instance Cost: 4464277.03
2024-04-17 10:55 | INFO | Query 32 Size of the uncertainty table is = 1720/7380
2024-04-17 10:55 | INFO | Query 32 Size of the filtered table is = 74
2024-04-17 10:55 | INFO | Query 32 Active Learning Runtime on Validation Set: 958116.0
2024-04-17 10:55 | INFO | Query 32 Active Learning Runtime on Test Set: 342611.16
2024-04-17 10:55 | INFO | Query 32 Active Learning Instance Cost: 4689134.79
2024-04-17 10:55 | INFO | Query 33 Size of the uncertainty table is = 1507/7380
2024-04-17 10:55 | INFO | Query 33 Size of the filtered table is = 74
2024-04-17 10:56 | INFO | Query 33 Active Learning Runtime on Validation Set: 1351316.97
2024-04-17 10:56 | INFO | Query 33 Active Learning Runtime on Test Set: 342611.16
2024-04-17 10:56 | INFO | Query 33 Active Learning Instance Cost: 4924682.87
2024-04-17 10:56 | INFO | Timeout limit is increased to 3600
2024-04-17 10:56 | INFO | Query 34 Size of the uncertainty table is = 1280/7380
2024-04-17 10:56 | INFO | Query 34 Size of the filtered table is = 74
2024-04-17 10:56 | INFO | Query 34 Active Learning Runtime on Validation Set: 1315311.61
2024-04-17 10:56 | INFO | Query 34 Active Learning Runtime on Test Set: 342611.21
2024-04-17 10:56 | INFO | Query 34 Active Learning Instance Cost: 5149849.8
2024-04-17 10:56 | INFO | Query 35 Size of the uncertainty table is = 1071/7380
2024-04-17 10:56 | INFO | Query 35 Size of the filtered table is = 74
2024-04-17 10:56 | INFO | Query 35 Active Learning Runtime on Validation Set: 1315422.35
2024-04-17 10:56 | INFO | Query 35 Active Learning Runtime on Test Set: 342611.21
2024-04-17 10:56 | INFO | Query 35 Active Learning Instance Cost: 5366452.06
2024-04-17 10:56 | INFO | Timeout limit is increased to 3600
2024-04-17 10:56 | INFO | Query 36 Size of the uncertainty table is = 834/7380
2024-04-17 10:56 | INFO | Query 36 Size of the filtered table is = 74
2024-04-17 10:57 | INFO | Query 36 Active Learning Runtime on Validation Set: 1351421.59
2024-04-17 10:57 | INFO | Query 36 Active Learning Runtime on Test Set: 342611.13
2024-04-17 10:57 | INFO | Query 36 Active Learning Instance Cost: 5538712.88
2024-04-17 10:57 | INFO | Timeout limit is increased to 3600
2024-04-17 10:57 | INFO | Query 37 Size of the uncertainty table is = 618/7380
2024-04-17 10:57 | INFO | Query 37 Size of the filtered table is = 74
2024-04-17 10:57 | INFO | Query 37 Active Learning Runtime on Validation Set: 1243902.42
2024-04-17 10:57 | INFO | Query 37 Active Learning Runtime on Test Set: 342611.13
2024-04-17 10:57 | INFO | Query 37 Active Learning Instance Cost: 5744705.41
2024-04-17 10:57 | INFO | Query 38 Size of the uncertainty table is = 362/7380
2024-04-17 10:57 | INFO | Query 38 Size of the filtered table is = 74
2024-04-17 10:58 | INFO | Query 38 Active Learning Runtime on Validation Set: 1210116.58
2024-04-17 10:58 | INFO | Query 38 Active Learning Runtime on Test Set: 342611.16
2024-04-17 10:58 | INFO | Query 38 Active Learning Instance Cost: 5951977.55
2024-04-17 10:58 | INFO | Query 39 Size of the uncertainty table is = 147/7380
2024-04-17 10:58 | INFO | Query 39 Size of the filtered table is = 40
2024-04-17 10:58 | INFO | Query 39 Active Learning Runtime on Validation Set: 1174118.87
2024-04-17 10:58 | INFO | Query 39 Active Learning Runtime on Test Set: 342611.13
2024-04-17 10:58 | INFO | Query 39 Active Learning Instance Cost: 6079588.84
2024-04-17 10:58 | INFO | runtime_test_score is written as json file
2024-04-17 10:58 | INFO | runtime_validation_score is written as json file
2024-04-17 10:58 | INFO | instance_cost is written as json file
2024-04-17 10:58 | INFO | Experiment is finished
