2024-04-16 22:19 | INFO | Paramaters are: {'dataset': 'MAXSAT12-PMS', 'penalty': 10, 'weight': 'No_Weight', 'voting': 'Hard', 'pre_selection_size': 64, 'pre_selection_technique': 'No_pre_selection', 'feature_elimination_threshold': 20, 'imputer_strategy': 'median', 'feature_selection_technique': 'No_feature_selection', 'feature_scaling_technique': 'StandardScaler', 'initial_train_size': 20, 'query_size': 1, 'timeout_predictor_usage': 'No', 'timeout_limit': 100, 'timeout_increase_rate': 100, 'RANDOM_STATE_SEED': 99, 'n_splits': 10, 'split_number': 3, 'max_timeout': 3600, 'param_grid': {'n_estimators': 100, 'criterion': 'gini', 'max_features': 'sqrt', 'max_depth': 2147483648, 'min_samples_split': 2, 'bootstrap': True}}
2024-04-16 22:19 | INFO | MAXSAT12-PMS is current dataset
2024-04-16 22:19 | INFO | DATASETS/MAXSAT12-PMS/algorithm_runs.csv is found
2024-04-16 22:19 | INFO | DATASETS/MAXSAT12-PMS/algorithm_runs.csv is finished
2024-04-16 22:19 | INFO | DATASETS/MAXSAT12-PMS/feature_values.csv is found
2024-04-16 22:19 | INFO | DATASETS/MAXSAT12-PMS/feature_values.csv is finished
2024-04-16 22:19 | INFO | DATASETS/MAXSAT12-PMS/feature_costs.csv is found
2024-04-16 22:19 | INFO | DATASETS/MAXSAT12-PMS/feature_costs.csv is finished
2024-04-16 22:19 | INFO | Virtual best solver time in train = 20590.39
2024-04-16 22:19 | INFO | Single best solver list train = {'DSWPM1_924': 8654965.66, 'akmaxsat': 7804872.66, 'akmaxsat_ls': 7804892.6, 'pwbo2.1': 4055116.81, 'qmaxsat0.21comp': 2091529.55, 'qmaxsat0.21g2comp': 2407974.35}
2024-04-16 22:19 | INFO | Single best solver time train = qmaxsat0.21comp (2091529.55)
2024-04-16 22:19 | INFO | Virtual best solver time in validation = 7544.61
2024-04-16 22:19 | INFO | Single best solver list validation = {'DSWPM1_924': 2421788.17, 'akmaxsat': 4113114.39, 'akmaxsat_ls': 4113124.89, 'pwbo2.1': 874522.33, 'qmaxsat0.21comp': 659683.34, 'qmaxsat0.21g2comp': 8245.08}
2024-04-16 22:19 | INFO | Single best solver time validation = qmaxsat0.21g2comp (8245.08)
2024-04-16 22:19 | INFO | Virtual best solver time in test = 2418.09
2024-04-16 22:19 | INFO | Single best solver list test = {'DSWPM1_924': 1195995.14, 'akmaxsat': 1514984.61, 'akmaxsat_ls': 1514950.82, 'pwbo2.1': 581430.16, 'qmaxsat0.21comp': 294993.14, 'qmaxsat0.21g2comp': 256171.83}
2024-04-16 22:19 | INFO | Single best solver time test = qmaxsat0.21g2comp (256171.83)
2024-04-16 22:19 | INFO | Passive Learning Runtime on Validation Set: 8284.48
2024-04-16 22:19 | INFO | Passive Learning Runtime on Test Set: 37899.7
2024-04-16 22:19 | INFO | Passive Learning Instance Cost: 3464951.63
2024-04-16 22:20 | INFO | Initial Active Learning Runtime on Validation Set: 261558.95
2024-04-16 22:20 | INFO | Initial Active Learning Runtime on Test Set: 74371.82
2024-04-16 22:20 | INFO | Initial Active Learning Instance Cost: 5549.4
2024-04-16 22:20 | INFO | Bin size = 78
2024-04-16 22:20 | INFO | Query 1 Size of the uncertainty table is = 7829/7755
2024-04-16 22:20 | INFO | Query 1 Size of the filtered table is = 78
2024-04-16 22:20 | INFO | Query 1 Active Learning Runtime on Validation Set: 261532.68
2024-04-16 22:20 | INFO | Query 1 Active Learning Runtime on Test Set: 74386.85
2024-04-16 22:20 | INFO | Query 1 Active Learning Instance Cost: 11191.42
2024-04-16 22:20 | INFO | Query 2 Size of the uncertainty table is = 7741/7755
2024-04-16 22:20 | INFO | Query 2 Size of the filtered table is = 78
2024-04-16 22:21 | INFO | Query 2 Active Learning Runtime on Validation Set: 189989.06999999998
2024-04-16 22:21 | INFO | Query 2 Active Learning Runtime on Test Set: 74313.29
2024-04-16 22:21 | INFO | Query 2 Active Learning Instance Cost: 17144.67
2024-04-16 22:21 | INFO | Query 3 Size of the uncertainty table is = 7637/7755
2024-04-16 22:21 | INFO | Query 3 Size of the filtered table is = 78
2024-04-16 22:21 | INFO | Query 3 Active Learning Runtime on Validation Set: 189989.06999999998
2024-04-16 22:21 | INFO | Query 3 Active Learning Runtime on Test Set: 75114.59
2024-04-16 22:21 | INFO | Query 3 Active Learning Instance Cost: 21785.3
2024-04-16 22:21 | INFO | Timeout limit is increased to 200
2024-04-16 22:21 | INFO | Query 4 Size of the uncertainty table is = 7509/7755
2024-04-16 22:21 | INFO | Query 4 Size of the filtered table is = 78
2024-04-16 22:22 | INFO | Query 4 Active Learning Runtime on Validation Set: 261558.44999999998
2024-04-16 22:22 | INFO | Query 4 Active Learning Runtime on Test Set: 110355.16
2024-04-16 22:22 | INFO | Query 4 Active Learning Instance Cost: 40974.7
2024-04-16 22:22 | INFO | Timeout limit is increased to 300
2024-04-16 22:22 | INFO | Query 5 Size of the uncertainty table is = 7430/7755
2024-04-16 22:22 | INFO | Query 5 Size of the filtered table is = 78
2024-04-16 22:22 | INFO | Query 5 Active Learning Runtime on Validation Set: 154376.66999999998
2024-04-16 22:22 | INFO | Query 5 Active Learning Runtime on Test Set: 38415.51
2024-04-16 22:22 | INFO | Query 5 Active Learning Instance Cost: 60970.91
2024-04-16 22:22 | INFO | Query 6 Size of the uncertainty table is = 7334/7755
2024-04-16 22:22 | INFO | Query 6 Size of the filtered table is = 78
2024-04-16 22:23 | INFO | Query 6 Active Learning Runtime on Validation Set: 46832.4
2024-04-16 22:23 | INFO | Query 6 Active Learning Runtime on Test Set: 38456.51
2024-04-16 22:23 | INFO | Query 6 Active Learning Instance Cost: 71953.11
2024-04-16 22:23 | INFO | Query 7 Size of the uncertainty table is = 7194/7755
2024-04-16 22:23 | INFO | Query 7 Size of the filtered table is = 78
2024-04-16 22:23 | INFO | Query 7 Active Learning Runtime on Validation Set: 45979.38
2024-04-16 22:23 | INFO | Query 7 Active Learning Runtime on Test Set: 38452.04
2024-04-16 22:23 | INFO | Query 7 Active Learning Instance Cost: 89690.02
2024-04-16 22:23 | INFO | Query 8 Size of the uncertainty table is = 7037/7755
2024-04-16 22:23 | INFO | Query 8 Size of the filtered table is = 78
2024-04-16 22:24 | INFO | Query 8 Active Learning Runtime on Validation Set: 11524.28
2024-04-16 22:24 | INFO | Query 8 Active Learning Runtime on Test Set: 38452.03
2024-04-16 22:24 | INFO | Query 8 Active Learning Instance Cost: 114281.4
2024-04-16 22:24 | INFO | Query 9 Size of the uncertainty table is = 6964/7755
2024-04-16 22:24 | INFO | Query 9 Size of the filtered table is = 78
2024-04-16 22:24 | INFO | Query 9 Active Learning Runtime on Validation Set: 8281.210000000001
2024-04-16 22:24 | INFO | Query 9 Active Learning Runtime on Test Set: 38070.3
2024-04-16 22:24 | INFO | Query 9 Active Learning Instance Cost: 125657.33
2024-04-16 22:24 | INFO | Query 10 Size of the uncertainty table is = 6866/7755
2024-04-16 22:24 | INFO | Query 10 Size of the filtered table is = 78
2024-04-16 22:25 | INFO | Query 10 Active Learning Runtime on Validation Set: 8281.210000000001
2024-04-16 22:25 | INFO | Query 10 Active Learning Runtime on Test Set: 38070.01
2024-04-16 22:25 | INFO | Query 10 Active Learning Instance Cost: 131801.5
2024-04-16 22:25 | INFO | Timeout limit is increased to 400
2024-04-16 22:25 | INFO | Query 11 Size of the uncertainty table is = 6777/7755
2024-04-16 22:25 | INFO | Query 11 Size of the filtered table is = 78
2024-04-16 22:25 | INFO | Query 11 Active Learning Runtime on Validation Set: 8281.210000000001
2024-04-16 22:25 | INFO | Query 11 Active Learning Runtime on Test Set: 38036.22
2024-04-16 22:25 | INFO | Query 11 Active Learning Instance Cost: 156893.74
2024-04-16 22:25 | INFO | Timeout limit is increased to 500
2024-04-16 22:25 | INFO | Query 12 Size of the uncertainty table is = 6713/7755
2024-04-16 22:25 | INFO | Query 12 Size of the filtered table is = 78
2024-04-16 22:26 | INFO | Query 12 Active Learning Runtime on Validation Set: 8281.210000000001
2024-04-16 22:26 | INFO | Query 12 Active Learning Runtime on Test Set: 38090.48
2024-04-16 22:26 | INFO | Query 12 Active Learning Instance Cost: 188923.29
2024-04-16 22:26 | INFO | Timeout limit is increased to 600
2024-04-16 22:26 | INFO | Query 13 Size of the uncertainty table is = 6630/7755
2024-04-16 22:26 | INFO | Query 13 Size of the filtered table is = 78
2024-04-16 22:26 | INFO | Query 13 Active Learning Runtime on Validation Set: 8281.210000000001
2024-04-16 22:26 | INFO | Query 13 Active Learning Runtime on Test Set: 38083.75
2024-04-16 22:26 | INFO | Query 13 Active Learning Instance Cost: 221054.46
2024-04-16 22:26 | INFO | Timeout limit is increased to 700
2024-04-16 22:26 | INFO | Query 14 Size of the uncertainty table is = 6507/7755
2024-04-16 22:26 | INFO | Query 14 Size of the filtered table is = 78
2024-04-16 22:27 | INFO | Query 14 Active Learning Runtime on Validation Set: 8281.210000000001
2024-04-16 22:27 | INFO | Query 14 Active Learning Runtime on Test Set: 38045.81
2024-04-16 22:27 | INFO | Query 14 Active Learning Instance Cost: 268450.43
2024-04-16 22:27 | INFO | Timeout limit is increased to 800
2024-04-16 22:27 | INFO | Query 15 Size of the uncertainty table is = 6458/7755
2024-04-16 22:27 | INFO | Query 15 Size of the filtered table is = 78
2024-04-16 22:27 | INFO | Query 15 Active Learning Runtime on Validation Set: 8281.210000000001
2024-04-16 22:27 | INFO | Query 15 Active Learning Runtime on Test Set: 38037.32
2024-04-16 22:27 | INFO | Query 15 Active Learning Instance Cost: 291260.91
2024-04-16 22:27 | INFO | Timeout limit is increased to 900
2024-04-16 22:27 | INFO | Query 16 Size of the uncertainty table is = 6435/7755
2024-04-16 22:27 | INFO | Query 16 Size of the filtered table is = 78
2024-04-16 22:27 | INFO | Query 16 Active Learning Runtime on Validation Set: 8278.87
2024-04-16 22:27 | INFO | Query 16 Active Learning Runtime on Test Set: 37855.6
2024-04-16 22:27 | INFO | Query 16 Active Learning Instance Cost: 337111.38
2024-04-16 22:28 | INFO | Query 17 Size of the uncertainty table is = 6393/7755
2024-04-16 22:28 | INFO | Query 17 Size of the filtered table is = 78
2024-04-16 22:28 | INFO | Query 17 Active Learning Runtime on Validation Set: 8292.85
2024-04-16 22:28 | INFO | Query 17 Active Learning Runtime on Test Set: 37877.08
2024-04-16 22:28 | INFO | Query 17 Active Learning Instance Cost: 365744.78
2024-04-16 22:28 | INFO | Timeout limit is increased to 1000
2024-04-16 22:28 | INFO | Query 18 Size of the uncertainty table is = 6361/7755
2024-04-16 22:28 | INFO | Query 18 Size of the filtered table is = 78
2024-04-16 22:28 | INFO | Query 18 Active Learning Runtime on Validation Set: 8275.36
2024-04-16 22:28 | INFO | Query 18 Active Learning Runtime on Test Set: 37975.53
2024-04-16 22:28 | INFO | Query 18 Active Learning Instance Cost: 397801.67
2024-04-16 22:28 | INFO | Query 19 Size of the uncertainty table is = 6313/7755
2024-04-16 22:28 | INFO | Query 19 Size of the filtered table is = 78
2024-04-16 22:29 | INFO | Query 19 Active Learning Runtime on Validation Set: 8275.36
2024-04-16 22:29 | INFO | Query 19 Active Learning Runtime on Test Set: 37887.33
2024-04-16 22:29 | INFO | Query 19 Active Learning Instance Cost: 446631.25
2024-04-16 22:29 | INFO | Timeout limit is increased to 1100
2024-04-16 22:29 | INFO | Query 20 Size of the uncertainty table is = 6195/7755
2024-04-16 22:29 | INFO | Query 20 Size of the filtered table is = 78
2024-04-16 22:29 | INFO | Query 20 Active Learning Runtime on Validation Set: 8288.33
2024-04-16 22:29 | INFO | Query 20 Active Learning Runtime on Test Set: 37883.38
2024-04-16 22:29 | INFO | Query 20 Active Learning Instance Cost: 489002.36
2024-04-16 22:29 | INFO | Timeout limit is increased to 1200
2024-04-16 22:30 | INFO | Query 21 Size of the uncertainty table is = 6082/7755
2024-04-16 22:30 | INFO | Query 21 Size of the filtered table is = 78
2024-04-16 22:30 | INFO | Query 21 Active Learning Runtime on Validation Set: 8288.33
2024-04-16 22:30 | INFO | Query 21 Active Learning Runtime on Test Set: 37883.38
2024-04-16 22:30 | INFO | Query 21 Active Learning Instance Cost: 520904.52
2024-04-16 22:30 | INFO | Timeout limit is increased to 1300
2024-04-16 22:30 | INFO | Query 22 Size of the uncertainty table is = 6027/7755
2024-04-16 22:30 | INFO | Query 22 Size of the filtered table is = 78
2024-04-16 22:30 | INFO | Query 22 Active Learning Runtime on Validation Set: 8287.0
2024-04-16 22:30 | INFO | Query 22 Active Learning Runtime on Test Set: 37984.22
2024-04-16 22:30 | INFO | Query 22 Active Learning Instance Cost: 540133.14
2024-04-16 22:30 | INFO | Query 23 Size of the uncertainty table is = 5983/7755
2024-04-16 22:30 | INFO | Query 23 Size of the filtered table is = 78
2024-04-16 22:31 | INFO | Query 23 Active Learning Runtime on Validation Set: 8292.85
2024-04-16 22:31 | INFO | Query 23 Active Learning Runtime on Test Set: 37984.22
2024-04-16 22:31 | INFO | Query 23 Active Learning Instance Cost: 553519.65
2024-04-16 22:31 | INFO | Timeout limit is increased to 1400
2024-04-16 22:31 | INFO | Query 24 Size of the uncertainty table is = 5974/7755
2024-04-16 22:31 | INFO | Query 24 Size of the filtered table is = 78
2024-04-16 22:31 | INFO | Query 24 Active Learning Runtime on Validation Set: 8287.0
2024-04-16 22:31 | INFO | Query 24 Active Learning Runtime on Test Set: 37985.32
2024-04-16 22:31 | INFO | Query 24 Active Learning Instance Cost: 576587.2
2024-04-16 22:31 | INFO | Query 25 Size of the uncertainty table is = 5969/7755
2024-04-16 22:31 | INFO | Query 25 Size of the filtered table is = 78
2024-04-16 22:32 | INFO | Query 25 Active Learning Runtime on Validation Set: 8281.210000000001
2024-04-16 22:32 | INFO | Query 25 Active Learning Runtime on Test Set: 37962.53
2024-04-16 22:32 | INFO | Query 25 Active Learning Instance Cost: 585770.05
2024-04-16 22:32 | INFO | Query 26 Size of the uncertainty table is = 5946/7755
2024-04-16 22:32 | INFO | Query 26 Size of the filtered table is = 78
2024-04-16 22:32 | INFO | Query 26 Active Learning Runtime on Validation Set: 8281.210000000001
2024-04-16 22:32 | INFO | Query 26 Active Learning Runtime on Test Set: 37984.66
2024-04-16 22:32 | INFO | Query 26 Active Learning Instance Cost: 589675.03
2024-04-16 22:32 | INFO | Timeout limit is increased to 1500
2024-04-16 22:32 | INFO | Query 27 Size of the uncertainty table is = 5927/7755
2024-04-16 22:32 | INFO | Query 27 Size of the filtered table is = 78
2024-04-16 22:33 | INFO | Query 27 Active Learning Runtime on Validation Set: 8281.210000000001
2024-04-16 22:33 | INFO | Query 27 Active Learning Runtime on Test Set: 37984.66
2024-04-16 22:33 | INFO | Query 27 Active Learning Instance Cost: 607780.3
2024-04-16 22:33 | INFO | Timeout limit is increased to 1600
2024-04-16 22:33 | INFO | Query 28 Size of the uncertainty table is = 5920/7755
2024-04-16 22:33 | INFO | Query 28 Size of the filtered table is = 78
2024-04-16 22:33 | INFO | Query 28 Active Learning Runtime on Validation Set: 8281.210000000001
2024-04-16 22:33 | INFO | Query 28 Active Learning Runtime on Test Set: 37975.74
2024-04-16 22:33 | INFO | Query 28 Active Learning Instance Cost: 624586.92
2024-04-16 22:33 | INFO | Timeout limit is increased to 1700
2024-04-16 22:33 | INFO | Query 29 Size of the uncertainty table is = 5911/7755
2024-04-16 22:33 | INFO | Query 29 Size of the filtered table is = 78
2024-04-16 22:34 | INFO | Query 29 Active Learning Runtime on Validation Set: 8281.210000000001
2024-04-16 22:34 | INFO | Query 29 Active Learning Runtime on Test Set: 37962.08
2024-04-16 22:34 | INFO | Query 29 Active Learning Instance Cost: 645893.5
2024-04-16 22:34 | INFO | Timeout limit is increased to 1800
2024-04-16 22:34 | INFO | Query 30 Size of the uncertainty table is = 5910/7755
2024-04-16 22:34 | INFO | Query 30 Size of the filtered table is = 78
2024-04-16 22:34 | INFO | Query 30 Active Learning Runtime on Validation Set: 8281.210000000001
2024-04-16 22:34 | INFO | Query 30 Active Learning Runtime on Test Set: 37962.08
2024-04-16 22:34 | INFO | Query 30 Active Learning Instance Cost: 663780.99
2024-04-16 22:34 | INFO | Timeout limit is increased to 1900
2024-04-16 22:34 | INFO | Query 31 Size of the uncertainty table is = 5908/7755
2024-04-16 22:34 | INFO | Query 31 Size of the filtered table is = 78
2024-04-16 22:35 | INFO | Query 31 Active Learning Runtime on Validation Set: 8281.210000000001
2024-04-16 22:35 | INFO | Query 31 Active Learning Runtime on Test Set: 37962.08
2024-04-16 22:35 | INFO | Query 31 Active Learning Instance Cost: 792204.69
2024-04-16 22:35 | INFO | Timeout limit is increased to 2000
2024-04-16 22:35 | INFO | Query 32 Size of the uncertainty table is = 5771/7755
2024-04-16 22:35 | INFO | Query 32 Size of the filtered table is = 78
2024-04-16 22:35 | INFO | Query 32 Active Learning Runtime on Validation Set: 8275.36
2024-04-16 22:35 | INFO | Query 32 Active Learning Runtime on Test Set: 37984.590000000004
2024-04-16 22:35 | INFO | Query 32 Active Learning Instance Cost: 838391.81
2024-04-16 22:35 | INFO | Query 33 Size of the uncertainty table is = 5754/7755
2024-04-16 22:35 | INFO | Query 33 Size of the filtered table is = 78
2024-04-16 22:36 | INFO | Query 33 Active Learning Runtime on Validation Set: 8275.36
2024-04-16 22:36 | INFO | Query 33 Active Learning Runtime on Test Set: 37984.590000000004
2024-04-16 22:36 | INFO | Query 33 Active Learning Instance Cost: 860759.98
2024-04-16 22:36 | INFO | Timeout limit is increased to 2100
2024-04-16 22:36 | INFO | Query 34 Size of the uncertainty table is = 5737/7755
2024-04-16 22:36 | INFO | Query 34 Size of the filtered table is = 78
2024-04-16 22:36 | INFO | Query 34 Active Learning Runtime on Validation Set: 8281.210000000001
2024-04-16 22:36 | INFO | Query 34 Active Learning Runtime on Test Set: 37984.590000000004
2024-04-16 22:36 | INFO | Query 34 Active Learning Instance Cost: 878162.01
2024-04-16 22:36 | INFO | Timeout limit is increased to 2200
2024-04-16 22:36 | INFO | Query 35 Size of the uncertainty table is = 5698/7755
2024-04-16 22:36 | INFO | Query 35 Size of the filtered table is = 78
2024-04-16 22:37 | INFO | Query 35 Active Learning Runtime on Validation Set: 8281.210000000001
2024-04-16 22:37 | INFO | Query 35 Active Learning Runtime on Test Set: 37962.01
2024-04-16 22:37 | INFO | Query 35 Active Learning Instance Cost: 887797.86
2024-04-16 22:37 | INFO | Timeout limit is increased to 2300
2024-04-16 22:37 | INFO | Query 36 Size of the uncertainty table is = 5597/7755
2024-04-16 22:37 | INFO | Query 36 Size of the filtered table is = 78
2024-04-16 22:37 | INFO | Query 36 Active Learning Runtime on Validation Set: 8281.210000000001
2024-04-16 22:37 | INFO | Query 36 Active Learning Runtime on Test Set: 37864.020000000004
2024-04-16 22:37 | INFO | Query 36 Active Learning Instance Cost: 912553.02
2024-04-16 22:37 | INFO | Timeout limit is increased to 2400
2024-04-16 22:37 | INFO | Query 37 Size of the uncertainty table is = 5579/7755
2024-04-16 22:37 | INFO | Query 37 Size of the filtered table is = 78
2024-04-16 22:38 | INFO | Query 37 Active Learning Runtime on Validation Set: 8281.210000000001
2024-04-16 22:38 | INFO | Query 37 Active Learning Runtime on Test Set: 37985.25
2024-04-16 22:38 | INFO | Query 37 Active Learning Instance Cost: 931092.2
2024-04-16 22:38 | INFO | Timeout limit is increased to 2500
2024-04-16 22:38 | INFO | Query 38 Size of the uncertainty table is = 5573/7755
2024-04-16 22:38 | INFO | Query 38 Size of the filtered table is = 78
2024-04-16 22:38 | INFO | Query 38 Active Learning Runtime on Validation Set: 8281.210000000001
2024-04-16 22:38 | INFO | Query 38 Active Learning Runtime on Test Set: 37962.67
2024-04-16 22:38 | INFO | Query 38 Active Learning Instance Cost: 946899.76
2024-04-16 22:38 | INFO | Timeout limit is increased to 2600
2024-04-16 22:38 | INFO | Query 39 Size of the uncertainty table is = 5568/7755
2024-04-16 22:38 | INFO | Query 39 Size of the filtered table is = 78
2024-04-16 22:39 | INFO | Query 39 Active Learning Runtime on Validation Set: 8281.210000000001
2024-04-16 22:39 | INFO | Query 39 Active Learning Runtime on Test Set: 37962.67
2024-04-16 22:39 | INFO | Query 39 Active Learning Instance Cost: 968705.03
2024-04-16 22:39 | INFO | Timeout limit is increased to 2700
2024-04-16 22:39 | INFO | Query 40 Size of the uncertainty table is = 5557/7755
2024-04-16 22:39 | INFO | Query 40 Size of the filtered table is = 78
2024-04-16 22:39 | INFO | Query 40 Active Learning Runtime on Validation Set: 8281.210000000001
2024-04-16 22:39 | INFO | Query 40 Active Learning Runtime on Test Set: 37962.67
2024-04-16 22:39 | INFO | Query 40 Active Learning Instance Cost: 986305.03
2024-04-16 22:39 | INFO | Timeout limit is increased to 2800
2024-04-16 22:39 | INFO | Query 41 Size of the uncertainty table is = 5557/7755
2024-04-16 22:39 | INFO | Query 41 Size of the filtered table is = 78
2024-04-16 22:40 | INFO | Query 41 Active Learning Runtime on Validation Set: 8281.210000000001
2024-04-16 22:40 | INFO | Query 41 Active Learning Runtime on Test Set: 37962.67
2024-04-16 22:40 | INFO | Query 41 Active Learning Instance Cost: 1000505.03
2024-04-16 22:40 | INFO | Timeout limit is increased to 2900
2024-04-16 22:40 | INFO | Query 42 Size of the uncertainty table is = 5557/7755
2024-04-16 22:40 | INFO | Query 42 Size of the filtered table is = 78
2024-04-16 22:40 | INFO | Query 42 Active Learning Runtime on Validation Set: 8281.210000000001
2024-04-16 22:40 | INFO | Query 42 Active Learning Runtime on Test Set: 37962.67
2024-04-16 22:40 | INFO | Query 42 Active Learning Instance Cost: 1014705.03
2024-04-16 22:40 | INFO | Timeout limit is increased to 3000
2024-04-16 22:40 | INFO | Query 43 Size of the uncertainty table is = 5557/7755
2024-04-16 22:40 | INFO | Query 43 Size of the filtered table is = 78
2024-04-16 22:41 | INFO | Query 43 Active Learning Runtime on Validation Set: 8281.210000000001
2024-04-16 22:41 | INFO | Query 43 Active Learning Runtime on Test Set: 37962.67
2024-04-16 22:41 | INFO | Query 43 Active Learning Instance Cost: 1028905.03
2024-04-16 22:41 | INFO | Timeout limit is increased to 3100
2024-04-16 22:41 | INFO | Query 44 Size of the uncertainty table is = 5557/7755
2024-04-16 22:41 | INFO | Query 44 Size of the filtered table is = 78
2024-04-16 22:41 | INFO | Query 44 Active Learning Runtime on Validation Set: 8281.210000000001
2024-04-16 22:41 | INFO | Query 44 Active Learning Runtime on Test Set: 37962.67
2024-04-16 22:41 | INFO | Query 44 Active Learning Instance Cost: 1043105.03
2024-04-16 22:41 | INFO | Timeout limit is increased to 3200
2024-04-16 22:41 | INFO | Query 45 Size of the uncertainty table is = 5557/7755
2024-04-16 22:41 | INFO | Query 45 Size of the filtered table is = 78
2024-04-16 22:42 | INFO | Query 45 Active Learning Runtime on Validation Set: 8281.210000000001
2024-04-16 22:42 | INFO | Query 45 Active Learning Runtime on Test Set: 37962.67
2024-04-16 22:42 | INFO | Query 45 Active Learning Instance Cost: 1057305.03
2024-04-16 22:42 | INFO | Timeout limit is increased to 3300
2024-04-16 22:42 | INFO | Query 46 Size of the uncertainty table is = 5557/7755
2024-04-16 22:42 | INFO | Query 46 Size of the filtered table is = 78
2024-04-16 22:42 | INFO | Query 46 Active Learning Runtime on Validation Set: 8281.210000000001
2024-04-16 22:42 | INFO | Query 46 Active Learning Runtime on Test Set: 37962.67
2024-04-16 22:42 | INFO | Query 46 Active Learning Instance Cost: 1071505.03
2024-04-16 22:42 | INFO | Timeout limit is increased to 3400
2024-04-16 22:42 | INFO | Query 47 Size of the uncertainty table is = 5557/7755
2024-04-16 22:42 | INFO | Query 47 Size of the filtered table is = 78
2024-04-16 22:43 | INFO | Query 47 Active Learning Runtime on Validation Set: 8281.210000000001
2024-04-16 22:43 | INFO | Query 47 Active Learning Runtime on Test Set: 37962.67
2024-04-16 22:43 | INFO | Query 47 Active Learning Instance Cost: 1085705.03
2024-04-16 22:43 | INFO | Timeout limit is increased to 3500
2024-04-16 22:43 | INFO | Query 48 Size of the uncertainty table is = 5557/7755
2024-04-16 22:43 | INFO | Query 48 Size of the filtered table is = 78
2024-04-16 22:43 | INFO | Query 48 Active Learning Runtime on Validation Set: 8281.210000000001
2024-04-16 22:43 | INFO | Query 48 Active Learning Runtime on Test Set: 37962.67
2024-04-16 22:43 | INFO | Query 48 Active Learning Instance Cost: 1099905.03
2024-04-16 22:43 | INFO | Timeout limit is increased to 3600
2024-04-16 22:43 | INFO | Query 49 Size of the uncertainty table is = 5557/7755
2024-04-16 22:43 | INFO | Query 49 Size of the filtered table is = 78
2024-04-16 22:44 | INFO | Query 49 Active Learning Runtime on Validation Set: 8281.210000000001
2024-04-16 22:44 | INFO | Query 49 Active Learning Runtime on Test Set: 37962.67
2024-04-16 22:44 | INFO | Query 49 Active Learning Instance Cost: 1114105.03
2024-04-16 22:44 | INFO | Timeout limit is increased to 3600
2024-04-16 22:44 | INFO | Query 50 Size of the uncertainty table is = 4986/7755
2024-04-16 22:44 | INFO | Query 50 Size of the filtered table is = 78
2024-04-16 22:44 | INFO | Query 50 Active Learning Runtime on Validation Set: 8368.560000000001
2024-04-16 22:44 | INFO | Query 50 Active Learning Runtime on Test Set: 38149.520000000004
2024-04-16 22:44 | INFO | Query 50 Active Learning Instance Cost: 1238972.92
2024-04-16 22:44 | INFO | Timeout limit is increased to 3600
2024-04-16 22:44 | INFO | Query 51 Size of the uncertainty table is = 4696/7755
2024-04-16 22:44 | INFO | Query 51 Size of the filtered table is = 78
2024-04-16 22:45 | INFO | Query 51 Active Learning Runtime on Validation Set: 8565.140000000001
2024-04-16 22:45 | INFO | Query 51 Active Learning Runtime on Test Set: 37877.99
2024-04-16 22:45 | INFO | Query 51 Active Learning Instance Cost: 1308248.05
2024-04-16 22:45 | INFO | Timeout limit is increased to 3600
2024-04-16 22:45 | INFO | Query 52 Size of the uncertainty table is = 4371/7755
2024-04-16 22:45 | INFO | Query 52 Size of the filtered table is = 78
2024-04-16 22:45 | INFO | Query 52 Active Learning Runtime on Validation Set: 8318.11
2024-04-16 22:45 | INFO | Query 52 Active Learning Runtime on Test Set: 37902.18
2024-04-16 22:45 | INFO | Query 52 Active Learning Instance Cost: 1412030.28
2024-04-16 22:45 | INFO | Query 53 Size of the uncertainty table is = 4102/7755
2024-04-16 22:45 | INFO | Query 53 Size of the filtered table is = 78
2024-04-16 22:46 | INFO | Query 53 Active Learning Runtime on Validation Set: 8266.900000000001
2024-04-16 22:46 | INFO | Query 53 Active Learning Runtime on Test Set: 38026.9
2024-04-16 22:46 | INFO | Query 53 Active Learning Instance Cost: 1502793.05
2024-04-16 22:46 | INFO | Query 54 Size of the uncertainty table is = 3846/7755
2024-04-16 22:46 | INFO | Query 54 Size of the filtered table is = 78
2024-04-16 22:46 | INFO | Query 54 Active Learning Runtime on Validation Set: 8226.95
2024-04-16 22:46 | INFO | Query 54 Active Learning Runtime on Test Set: 37866.56
2024-04-16 22:46 | INFO | Query 54 Active Learning Instance Cost: 1548916.61
2024-04-16 22:46 | INFO | Query 55 Size of the uncertainty table is = 3533/7755
2024-04-16 22:46 | INFO | Query 55 Size of the filtered table is = 78
2024-04-16 22:47 | INFO | Query 55 Active Learning Runtime on Validation Set: 8330.77
2024-04-16 22:47 | INFO | Query 55 Active Learning Runtime on Test Set: 37900.270000000004
2024-04-16 22:47 | INFO | Query 55 Active Learning Instance Cost: 1593631.44
2024-04-16 22:47 | INFO | Timeout limit is increased to 3600
2024-04-16 22:47 | INFO | Query 56 Size of the uncertainty table is = 3252/7755
2024-04-16 22:47 | INFO | Query 56 Size of the filtered table is = 78
2024-04-16 22:47 | INFO | Query 56 Active Learning Runtime on Validation Set: 8306.470000000001
2024-04-16 22:47 | INFO | Query 56 Active Learning Runtime on Test Set: 37891.23
2024-04-16 22:47 | INFO | Query 56 Active Learning Instance Cost: 1594094.99
2024-04-16 22:47 | INFO | Query 57 Size of the uncertainty table is = 3058/7755
2024-04-16 22:47 | INFO | Query 57 Size of the filtered table is = 78
2024-04-16 22:48 | INFO | Query 57 Active Learning Runtime on Validation Set: 81329.53
2024-04-16 22:48 | INFO | Query 57 Active Learning Runtime on Test Set: 37891.23
2024-04-16 22:48 | INFO | Query 57 Active Learning Instance Cost: 1626758.47
2024-04-16 22:48 | INFO | Timeout limit is increased to 3600
2024-04-16 22:48 | INFO | Query 58 Size of the uncertainty table is = 2821/7755
2024-04-16 22:48 | INFO | Query 58 Size of the filtered table is = 78
2024-04-16 22:48 | INFO | Query 58 Active Learning Runtime on Validation Set: 190947.31999999998
2024-04-16 22:48 | INFO | Query 58 Active Learning Runtime on Test Set: 74107.3
2024-04-16 22:48 | INFO | Query 58 Active Learning Instance Cost: 1706611.8
2024-04-16 22:48 | INFO | Timeout limit is increased to 3600
2024-04-16 22:49 | INFO | Query 59 Size of the uncertainty table is = 2531/7755
2024-04-16 22:49 | INFO | Query 59 Size of the filtered table is = 78
2024-04-16 22:49 | INFO | Query 59 Active Learning Runtime on Validation Set: 151758.37999999998
2024-04-16 22:49 | INFO | Query 59 Active Learning Runtime on Test Set: 73646.94
2024-04-16 22:49 | INFO | Query 59 Active Learning Instance Cost: 1774864.58
2024-04-16 22:49 | INFO | Query 60 Size of the uncertainty table is = 2200/7755
2024-04-16 22:49 | INFO | Query 60 Size of the filtered table is = 78
2024-04-16 22:50 | INFO | Query 60 Active Learning Runtime on Validation Set: 153081.0
2024-04-16 22:50 | INFO | Query 60 Active Learning Runtime on Test Set: 38228.270000000004
2024-04-16 22:50 | INFO | Query 60 Active Learning Instance Cost: 1879245.46
2024-04-16 22:50 | INFO | Timeout limit is increased to 3600
2024-04-16 22:50 | INFO | Query 61 Size of the uncertainty table is = 1930/7755
2024-04-16 22:50 | INFO | Query 61 Size of the filtered table is = 78
2024-04-16 22:50 | INFO | Query 61 Active Learning Runtime on Validation Set: 8389.29
2024-04-16 22:50 | INFO | Query 61 Active Learning Runtime on Test Set: 37891.3
2024-04-16 22:50 | INFO | Query 61 Active Learning Instance Cost: 1954574.78
2024-04-16 22:50 | INFO | Query 62 Size of the uncertainty table is = 1601/7755
2024-04-16 22:50 | INFO | Query 62 Size of the filtered table is = 78
2024-04-16 22:51 | INFO | Query 62 Active Learning Runtime on Validation Set: 8280.77
2024-04-16 22:51 | INFO | Query 62 Active Learning Runtime on Test Set: 37885.72
2024-04-16 22:51 | INFO | Query 62 Active Learning Instance Cost: 2068525.5
2024-04-16 22:51 | INFO | Query 63 Size of the uncertainty table is = 1258/7755
2024-04-16 22:51 | INFO | Query 63 Size of the filtered table is = 78
2024-04-16 22:51 | INFO | Query 63 Active Learning Runtime on Validation Set: 370392.57999999996
2024-04-16 22:51 | INFO | Query 63 Active Learning Runtime on Test Set: 109862.95
2024-04-16 22:51 | INFO | Query 63 Active Learning Instance Cost: 2209991.86
2024-04-16 22:51 | INFO | Timeout limit is increased to 3600
2024-04-16 22:51 | INFO | Query 64 Size of the uncertainty table is = 942/7755
2024-04-16 22:51 | INFO | Query 64 Size of the filtered table is = 78
2024-04-16 22:52 | INFO | Query 64 Active Learning Runtime on Validation Set: 223646.37999999998
2024-04-16 22:52 | INFO | Query 64 Active Learning Runtime on Test Set: 73641.5
2024-04-16 22:52 | INFO | Query 64 Active Learning Instance Cost: 2289361.38
2024-04-16 22:52 | INFO | Query 65 Size of the uncertainty table is = 662/7755
2024-04-16 22:52 | INFO | Query 65 Size of the filtered table is = 78
2024-04-16 22:52 | INFO | Query 65 Active Learning Runtime on Validation Set: 191195.37
2024-04-16 22:52 | INFO | Query 65 Active Learning Runtime on Test Set: 74123.31
2024-04-16 22:52 | INFO | Query 65 Active Learning Instance Cost: 2340005.87
2024-04-16 22:52 | INFO | Query 66 Size of the uncertainty table is = 384/7755
2024-04-16 22:52 | INFO | Query 66 Size of the filtered table is = 78
2024-04-16 22:53 | INFO | Query 66 Active Learning Runtime on Validation Set: 190954.27
2024-04-16 22:53 | INFO | Query 66 Active Learning Runtime on Test Set: 74122.59
2024-04-16 22:53 | INFO | Query 66 Active Learning Instance Cost: 2483568.45
2024-04-16 22:53 | INFO | Query 67 Size of the uncertainty table is = 146/7755
2024-04-16 22:53 | INFO | Query 67 Size of the filtered table is = 78
2024-04-16 22:53 | INFO | Query 67 Active Learning Runtime on Validation Set: 191047.21999999997
2024-04-16 22:53 | INFO | Query 67 Active Learning Runtime on Test Set: 74123.24
2024-04-16 22:53 | INFO | Query 67 Active Learning Instance Cost: 2548858.47
2024-04-16 22:53 | INFO | Timeout limit is increased to 3600
2024-04-16 22:53 | INFO | runtime_test_score is written as json file
2024-04-16 22:53 | INFO | runtime_validation_score is written as json file
2024-04-16 22:53 | INFO | instance_cost is written as json file
2024-04-16 22:53 | INFO | Experiment is finished
