2024-04-16 22:12 | INFO | Paramaters are: {'dataset': 'CSP-2010', 'penalty': 10, 'weight': 'No_Weight', 'voting': 'Hard', 'pre_selection_size': 64, 'pre_selection_technique': 'No_pre_selection', 'feature_elimination_threshold': 20, 'imputer_strategy': 'median', 'feature_selection_technique': 'No_feature_selection', 'feature_scaling_technique': 'StandardScaler', 'initial_train_size': 20, 'query_size': 1, 'timeout_predictor_usage': 'Yes', 'timeout_limit': 100, 'timeout_increase_rate': 100, 'RANDOM_STATE_SEED': 99, 'n_splits': 10, 'split_number': 8, 'max_timeout': 3600, 'param_grid': {'n_estimators': 100, 'criterion': 'gini', 'max_features': 'sqrt', 'max_depth': 2147483648, 'min_samples_split': 2, 'bootstrap': True}}
2024-04-16 22:12 | INFO | CSP-2010 is current dataset
2024-04-16 22:12 | INFO | DATASETS/CSP-2010/algorithm_runs.csv is found
2024-04-16 22:12 | INFO | DATASETS/CSP-2010/algorithm_runs.csv is finished
2024-04-16 22:12 | INFO | DATASETS/CSP-2010/feature_values.csv is found
2024-04-16 22:12 | INFO | DATASETS/CSP-2010/feature_values.csv is finished
2024-04-16 22:12 | INFO | Virtual best solver time in train = 70600.79
2024-04-16 22:12 | INFO | Single best solver list train = {'learning': 3370454.07, 'standard': 1136631.61}
2024-04-16 22:12 | INFO | Single best solver time train = standard (1136631.61)
2024-04-16 22:12 | INFO | Virtual best solver time in validation = 95256.32
2024-04-16 22:12 | INFO | Single best solver list validation = {'learning': 4971793.8, 'standard': 99741.4}
2024-04-16 22:12 | INFO | Single best solver time validation = standard (99741.4)
2024-04-16 22:12 | INFO | Virtual best solver time in test = 17576.24
2024-04-16 22:12 | INFO | Single best solver list test = {'learning': 996906.37, 'standard': 160891.4}
2024-04-16 22:12 | INFO | Single best solver time test = standard (160891.4)
2024-04-16 22:12 | INFO | Passive Learning Runtime on Validation Set: 99741.4
2024-04-16 22:12 | INFO | Passive Learning Runtime on Test Set: 17619.23
2024-04-16 22:12 | INFO | Passive Learning Instance Cost: 651485.67
2024-04-16 22:12 | INFO | Initial Active Learning Runtime on Validation Set: 95291.35
2024-04-16 22:12 | INFO | Initial Active Learning Runtime on Test Set: 124157.24
2024-04-16 22:12 | INFO | Initial Active Learning Instance Cost: 843.12
2024-04-16 22:12 | INFO | Bin size = 13
2024-04-16 22:12 | INFO | Query 1 Size of the uncertainty table is = 1202/1201
2024-04-16 22:12 | INFO | Query 1 Size of the filtered table is = 13
2024-04-16 22:12 | INFO | Query 1 Active Learning Runtime on Validation Set: 95291.35
2024-04-16 22:12 | INFO | Query 1 Active Learning Runtime on Test Set: 88164.12
2024-04-16 22:12 | INFO | Query 1 Active Learning Instance Cost: 849.24
2024-04-16 22:12 | INFO | Timeout limit is increased to 200
2024-04-16 22:12 | INFO | Query 2 Size of the uncertainty table is = 1189/1201
2024-04-16 22:12 | INFO | Query 2 Size of the filtered table is = 13
2024-04-16 22:12 | INFO | Query 2 Active Learning Runtime on Validation Set: 95291.27
2024-04-16 22:12 | INFO | Query 2 Active Learning Runtime on Test Set: 88114.77
2024-04-16 22:12 | INFO | Query 2 Active Learning Instance Cost: 2420.59
2024-04-16 22:12 | INFO | Query 3 Size of the uncertainty table is = 1178/1201
2024-04-16 22:12 | INFO | Query 3 Size of the filtered table is = 13
2024-04-16 22:12 | INFO | Query 3 Active Learning Runtime on Validation Set: 95291.27
2024-04-16 22:12 | INFO | Query 3 Active Learning Runtime on Test Set: 197427.71
2024-04-16 22:12 | INFO | Query 3 Active Learning Instance Cost: 2430.42
2024-04-16 22:12 | INFO | Timeout limit is increased to 300
2024-04-16 22:12 | INFO | Query 4 Size of the uncertainty table is = 1165/1201
2024-04-16 22:12 | INFO | Query 4 Size of the filtered table is = 13
2024-04-16 22:12 | INFO | Query 4 Active Learning Runtime on Validation Set: 95290.89
2024-04-16 22:12 | INFO | Query 4 Active Learning Runtime on Test Set: 158667.63
2024-04-16 22:12 | INFO | Query 4 Active Learning Instance Cost: 2816.33
2024-04-16 22:12 | INFO | Query 5 Size of the uncertainty table is = 1152/1201
2024-04-16 22:12 | INFO | Query 5 Size of the filtered table is = 13
2024-04-16 22:12 | INFO | Query 5 Active Learning Runtime on Validation Set: 99742.0
2024-04-16 22:12 | INFO | Query 5 Active Learning Runtime on Test Set: 122385.26
2024-04-16 22:12 | INFO | Query 5 Active Learning Instance Cost: 4052.83
2024-04-16 22:12 | INFO | Timeout limit is increased to 400
2024-04-16 22:12 | INFO | Query 6 Size of the uncertainty table is = 1139/1201
2024-04-16 22:12 | INFO | Query 6 Size of the filtered table is = 13
2024-04-16 22:12 | INFO | Query 6 Active Learning Runtime on Validation Set: 95290.89
2024-04-16 22:12 | INFO | Query 6 Active Learning Runtime on Test Set: 50385.35
2024-04-16 22:12 | INFO | Query 6 Active Learning Instance Cost: 4875.81
2024-04-16 22:12 | INFO | Query 7 Size of the uncertainty table is = 1126/1201
2024-04-16 22:12 | INFO | Query 7 Size of the filtered table is = 13
2024-04-16 22:12 | INFO | Query 7 Active Learning Runtime on Validation Set: 99741.4
2024-04-16 22:12 | INFO | Query 7 Active Learning Runtime on Test Set: 17615.6
2024-04-16 22:12 | INFO | Query 7 Active Learning Instance Cost: 5737.4
2024-04-16 22:12 | INFO | Timeout limit is increased to 500
2024-04-16 22:12 | INFO | Query 8 Size of the uncertainty table is = 1114/1201
2024-04-16 22:12 | INFO | Query 8 Size of the filtered table is = 13
2024-04-16 22:12 | INFO | Query 8 Active Learning Runtime on Validation Set: 99741.4
2024-04-16 22:12 | INFO | Query 8 Active Learning Runtime on Test Set: 17616.07
2024-04-16 22:12 | INFO | Query 8 Active Learning Instance Cost: 11424.77
2024-04-16 22:12 | INFO | Timeout limit is increased to 600
2024-04-16 22:12 | INFO | Query 9 Size of the uncertainty table is = 1103/1201
2024-04-16 22:12 | INFO | Query 9 Size of the filtered table is = 13
2024-04-16 22:13 | INFO | Query 9 Active Learning Runtime on Validation Set: 99741.4
2024-04-16 22:13 | INFO | Query 9 Active Learning Runtime on Test Set: 17616.07
2024-04-16 22:13 | INFO | Query 9 Active Learning Instance Cost: 11442.3
2024-04-16 22:13 | INFO | Timeout limit is increased to 700
2024-04-16 22:13 | INFO | Query 10 Size of the uncertainty table is = 1090/1201
2024-04-16 22:13 | INFO | Query 10 Size of the filtered table is = 13
2024-04-16 22:13 | INFO | Query 10 Active Learning Runtime on Validation Set: 99741.4
2024-04-16 22:13 | INFO | Query 10 Active Learning Runtime on Test Set: 17616.11
2024-04-16 22:13 | INFO | Query 10 Active Learning Instance Cost: 17112.95
2024-04-16 22:13 | INFO | Timeout limit is increased to 800
2024-04-16 22:13 | INFO | Query 11 Size of the uncertainty table is = 1081/1201
2024-04-16 22:13 | INFO | Query 11 Size of the filtered table is = 13
2024-04-16 22:13 | INFO | Query 11 Active Learning Runtime on Validation Set: 99741.4
2024-04-16 22:13 | INFO | Query 11 Active Learning Runtime on Test Set: 17616.11
2024-04-16 22:13 | INFO | Query 11 Active Learning Instance Cost: 21312.93
2024-04-16 22:13 | INFO | Timeout limit is increased to 900
2024-04-16 22:13 | INFO | Query 12 Size of the uncertainty table is = 1070/1201
2024-04-16 22:13 | INFO | Query 12 Size of the filtered table is = 13
2024-04-16 22:13 | INFO | Query 12 Active Learning Runtime on Validation Set: 99741.4
2024-04-16 22:13 | INFO | Query 12 Active Learning Runtime on Test Set: 17616.11
2024-04-16 22:13 | INFO | Query 12 Active Learning Instance Cost: 25781.75
2024-04-16 22:13 | INFO | Timeout limit is increased to 1000
2024-04-16 22:13 | INFO | Query 13 Size of the uncertainty table is = 1060/1201
2024-04-16 22:13 | INFO | Query 13 Size of the filtered table is = 13
2024-04-16 22:13 | INFO | Query 13 Active Learning Runtime on Validation Set: 99741.4
2024-04-16 22:13 | INFO | Query 13 Active Learning Runtime on Test Set: 17616.11
2024-04-16 22:13 | INFO | Query 13 Active Learning Instance Cost: 25787.36
2024-04-16 22:13 | INFO | Timeout limit is increased to 1100
2024-04-16 22:13 | INFO | Query 14 Size of the uncertainty table is = 1047/1201
2024-04-16 22:13 | INFO | Query 14 Size of the filtered table is = 13
2024-04-16 22:13 | INFO | Query 14 Active Learning Runtime on Validation Set: 99741.4
2024-04-16 22:13 | INFO | Query 14 Active Learning Runtime on Test Set: 17616.08
2024-04-16 22:13 | INFO | Query 14 Active Learning Instance Cost: 33554.35
2024-04-16 22:13 | INFO | Timeout limit is increased to 1200
2024-04-16 22:13 | INFO | Query 15 Size of the uncertainty table is = 1035/1201
2024-04-16 22:13 | INFO | Query 15 Size of the filtered table is = 13
2024-04-16 22:13 | INFO | Query 15 Active Learning Runtime on Validation Set: 99741.4
2024-04-16 22:13 | INFO | Query 15 Active Learning Runtime on Test Set: 17616.12
2024-04-16 22:13 | INFO | Query 15 Active Learning Instance Cost: 34364.24
2024-04-16 22:13 | INFO | Timeout limit is increased to 1300
2024-04-16 22:13 | INFO | Query 16 Size of the uncertainty table is = 1023/1201
2024-04-16 22:13 | INFO | Query 16 Size of the filtered table is = 13
2024-04-16 22:13 | INFO | Query 16 Active Learning Runtime on Validation Set: 99741.4
2024-04-16 22:13 | INFO | Query 16 Active Learning Runtime on Test Set: 17616.08
2024-04-16 22:13 | INFO | Query 16 Active Learning Instance Cost: 37397.83
2024-04-16 22:13 | INFO | Timeout limit is increased to 1400
2024-04-16 22:13 | INFO | Query 17 Size of the uncertainty table is = 1012/1201
2024-04-16 22:13 | INFO | Query 17 Size of the filtered table is = 13
2024-04-16 22:13 | INFO | Query 17 Active Learning Runtime on Validation Set: 99741.4
2024-04-16 22:13 | INFO | Query 17 Active Learning Runtime on Test Set: 17616.09
2024-04-16 22:13 | INFO | Query 17 Active Learning Instance Cost: 37803.68
2024-04-16 22:13 | INFO | Timeout limit is increased to 1500
2024-04-16 22:13 | INFO | Query 18 Size of the uncertainty table is = 1000/1201
2024-04-16 22:13 | INFO | Query 18 Size of the filtered table is = 13
2024-04-16 22:13 | INFO | Query 18 Active Learning Runtime on Validation Set: 99741.4
2024-04-16 22:13 | INFO | Query 18 Active Learning Runtime on Test Set: 17615.7
2024-04-16 22:13 | INFO | Query 18 Active Learning Instance Cost: 37809.96
2024-04-16 22:13 | INFO | Timeout limit is increased to 1600
2024-04-16 22:13 | INFO | Query 19 Size of the uncertainty table is = 987/1201
2024-04-16 22:13 | INFO | Query 19 Size of the filtered table is = 13
2024-04-16 22:13 | INFO | Query 19 Active Learning Runtime on Validation Set: 99741.4
2024-04-16 22:13 | INFO | Query 19 Active Learning Runtime on Test Set: 17615.68
2024-04-16 22:13 | INFO | Query 19 Active Learning Instance Cost: 38812.2
2024-04-16 22:13 | INFO | Timeout limit is increased to 1700
2024-04-16 22:13 | INFO | Query 20 Size of the uncertainty table is = 976/1201
2024-04-16 22:13 | INFO | Query 20 Size of the filtered table is = 13
2024-04-16 22:14 | INFO | Query 20 Active Learning Runtime on Validation Set: 99741.4
2024-04-16 22:14 | INFO | Query 20 Active Learning Runtime on Test Set: 17615.97
2024-04-16 22:14 | INFO | Query 20 Active Learning Instance Cost: 38816.07
2024-04-16 22:14 | INFO | Timeout limit is increased to 1800
2024-04-16 22:14 | INFO | Query 21 Size of the uncertainty table is = 963/1201
2024-04-16 22:14 | INFO | Query 21 Size of the filtered table is = 13
2024-04-16 22:14 | INFO | Query 21 Active Learning Runtime on Validation Set: 99741.4
2024-04-16 22:14 | INFO | Query 21 Active Learning Runtime on Test Set: 17616.01
2024-04-16 22:14 | INFO | Query 21 Active Learning Instance Cost: 39621.22
2024-04-16 22:14 | INFO | Timeout limit is increased to 1900
2024-04-16 22:14 | INFO | Query 22 Size of the uncertainty table is = 952/1201
2024-04-16 22:14 | INFO | Query 22 Size of the filtered table is = 13
2024-04-16 22:14 | INFO | Query 22 Active Learning Runtime on Validation Set: 99741.4
2024-04-16 22:14 | INFO | Query 22 Active Learning Runtime on Test Set: 17920.75
2024-04-16 22:14 | INFO | Query 22 Active Learning Instance Cost: 40891.09
2024-04-16 22:14 | INFO | Timeout limit is increased to 2000
2024-04-16 22:14 | INFO | Query 23 Size of the uncertainty table is = 940/1201
2024-04-16 22:14 | INFO | Query 23 Size of the filtered table is = 13
2024-04-16 22:14 | INFO | Query 23 Active Learning Runtime on Validation Set: 99741.4
2024-04-16 22:14 | INFO | Query 23 Active Learning Runtime on Test Set: 17619.07
2024-04-16 22:14 | INFO | Query 23 Active Learning Instance Cost: 53415.9
2024-04-16 22:14 | INFO | Timeout limit is increased to 2100
2024-04-16 22:14 | INFO | Query 24 Size of the uncertainty table is = 930/1201
2024-04-16 22:14 | INFO | Query 24 Size of the filtered table is = 13
2024-04-16 22:14 | INFO | Query 24 Active Learning Runtime on Validation Set: 99741.4
2024-04-16 22:14 | INFO | Query 24 Active Learning Runtime on Test Set: 17619.07
2024-04-16 22:14 | INFO | Query 24 Active Learning Instance Cost: 56422.2
2024-04-16 22:14 | INFO | Timeout limit is increased to 2200
2024-04-16 22:14 | INFO | Query 25 Size of the uncertainty table is = 918/1201
2024-04-16 22:14 | INFO | Query 25 Size of the filtered table is = 13
2024-04-16 22:14 | INFO | Query 25 Active Learning Runtime on Validation Set: 99741.4
2024-04-16 22:14 | INFO | Query 25 Active Learning Runtime on Test Set: 17619.1
2024-04-16 22:14 | INFO | Query 25 Active Learning Instance Cost: 60630.46
2024-04-16 22:14 | INFO | Timeout limit is increased to 2300
2024-04-16 22:14 | INFO | Query 26 Size of the uncertainty table is = 908/1201
2024-04-16 22:14 | INFO | Query 26 Size of the filtered table is = 13
2024-04-16 22:14 | INFO | Query 26 Active Learning Runtime on Validation Set: 99741.4
2024-04-16 22:14 | INFO | Query 26 Active Learning Runtime on Test Set: 17619.04
2024-04-16 22:14 | INFO | Query 26 Active Learning Instance Cost: 69584.33
2024-04-16 22:14 | INFO | Timeout limit is increased to 2400
2024-04-16 22:14 | INFO | Query 27 Size of the uncertainty table is = 896/1201
2024-04-16 22:14 | INFO | Query 27 Size of the filtered table is = 13
2024-04-16 22:14 | INFO | Query 27 Active Learning Runtime on Validation Set: 99741.4
2024-04-16 22:14 | INFO | Query 27 Active Learning Runtime on Test Set: 17619.12
2024-04-16 22:14 | INFO | Query 27 Active Learning Instance Cost: 70386.26
2024-04-16 22:14 | INFO | Timeout limit is increased to 2500
2024-04-16 22:14 | INFO | Query 28 Size of the uncertainty table is = 885/1201
2024-04-16 22:14 | INFO | Query 28 Size of the filtered table is = 13
2024-04-16 22:14 | INFO | Query 28 Active Learning Runtime on Validation Set: 95290.29
2024-04-16 22:14 | INFO | Query 28 Active Learning Runtime on Test Set: 17619.07
2024-04-16 22:14 | INFO | Query 28 Active Learning Instance Cost: 71388.98
2024-04-16 22:14 | INFO | Query 29 Size of the uncertainty table is = 874/1201
2024-04-16 22:14 | INFO | Query 29 Size of the filtered table is = 13
2024-04-16 22:14 | INFO | Query 29 Active Learning Runtime on Validation Set: 99741.4
2024-04-16 22:14 | INFO | Query 29 Active Learning Runtime on Test Set: 17619.03
2024-04-16 22:14 | INFO | Query 29 Active Learning Instance Cost: 71810.08
2024-04-16 22:14 | INFO | Timeout limit is increased to 2600
2024-04-16 22:14 | INFO | Query 30 Size of the uncertainty table is = 863/1201
2024-04-16 22:14 | INFO | Query 30 Size of the filtered table is = 13
2024-04-16 22:14 | INFO | Query 30 Active Learning Runtime on Validation Set: 99741.4
2024-04-16 22:14 | INFO | Query 30 Active Learning Runtime on Test Set: 17920.74
2024-04-16 22:14 | INFO | Query 30 Active Learning Instance Cost: 75855.32
2024-04-16 22:14 | INFO | Timeout limit is increased to 2700
2024-04-16 22:14 | INFO | Query 31 Size of the uncertainty table is = 850/1201
2024-04-16 22:14 | INFO | Query 31 Size of the filtered table is = 13
2024-04-16 22:15 | INFO | Query 31 Active Learning Runtime on Validation Set: 99741.4
2024-04-16 22:15 | INFO | Query 31 Active Learning Runtime on Test Set: 17618.77
2024-04-16 22:15 | INFO | Query 31 Active Learning Instance Cost: 85418.91
2024-04-16 22:15 | INFO | Timeout limit is increased to 2800
2024-04-16 22:15 | INFO | Query 32 Size of the uncertainty table is = 840/1201
2024-04-16 22:15 | INFO | Query 32 Size of the filtered table is = 13
2024-04-16 22:15 | INFO | Query 32 Active Learning Runtime on Validation Set: 99741.4
2024-04-16 22:15 | INFO | Query 32 Active Learning Runtime on Test Set: 17619.1
2024-04-16 22:15 | INFO | Query 32 Active Learning Instance Cost: 95221.82
2024-04-16 22:15 | INFO | Timeout limit is increased to 2900
2024-04-16 22:15 | INFO | Query 33 Size of the uncertainty table is = 828/1201
2024-04-16 22:15 | INFO | Query 33 Size of the filtered table is = 13
2024-04-16 22:15 | INFO | Query 33 Active Learning Runtime on Validation Set: 99741.4
2024-04-16 22:15 | INFO | Query 33 Active Learning Runtime on Test Set: 17619.11
2024-04-16 22:15 | INFO | Query 33 Active Learning Instance Cost: 104218.91
2024-04-16 22:15 | INFO | Timeout limit is increased to 3000
2024-04-16 22:15 | INFO | Query 34 Size of the uncertainty table is = 818/1201
2024-04-16 22:15 | INFO | Query 34 Size of the filtered table is = 13
2024-04-16 22:15 | INFO | Query 34 Active Learning Runtime on Validation Set: 99741.4
2024-04-16 22:15 | INFO | Query 34 Active Learning Runtime on Test Set: 17619.07
2024-04-16 22:15 | INFO | Query 34 Active Learning Instance Cost: 121500.89
2024-04-16 22:15 | INFO | Timeout limit is increased to 3100
2024-04-16 22:15 | INFO | Query 35 Size of the uncertainty table is = 807/1201
2024-04-16 22:15 | INFO | Query 35 Size of the filtered table is = 13
2024-04-16 22:15 | INFO | Query 35 Active Learning Runtime on Validation Set: 99741.4
2024-04-16 22:15 | INFO | Query 35 Active Learning Runtime on Test Set: 17619.11
2024-04-16 22:15 | INFO | Query 35 Active Learning Instance Cost: 122628.66
2024-04-16 22:15 | INFO | Timeout limit is increased to 3200
2024-04-16 22:15 | INFO | Query 36 Size of the uncertainty table is = 796/1201
2024-04-16 22:15 | INFO | Query 36 Size of the filtered table is = 13
2024-04-16 22:15 | INFO | Query 36 Active Learning Runtime on Validation Set: 99741.4
2024-04-16 22:15 | INFO | Query 36 Active Learning Runtime on Test Set: 17619.09
2024-04-16 22:15 | INFO | Query 36 Active Learning Instance Cost: 123449.8
2024-04-16 22:15 | INFO | Timeout limit is increased to 3300
2024-04-16 22:15 | INFO | Query 37 Size of the uncertainty table is = 785/1201
2024-04-16 22:15 | INFO | Query 37 Size of the filtered table is = 13
2024-04-16 22:15 | INFO | Query 37 Active Learning Runtime on Validation Set: 99741.4
2024-04-16 22:15 | INFO | Query 37 Active Learning Runtime on Test Set: 17619.07
2024-04-16 22:15 | INFO | Query 37 Active Learning Instance Cost: 138315.32
2024-04-16 22:15 | INFO | Timeout limit is increased to 3400
2024-04-16 22:15 | INFO | Query 38 Size of the uncertainty table is = 775/1201
2024-04-16 22:15 | INFO | Query 38 Size of the filtered table is = 13
2024-04-16 22:15 | INFO | Query 38 Active Learning Runtime on Validation Set: 99741.4
2024-04-16 22:15 | INFO | Query 38 Active Learning Runtime on Test Set: 17618.85
2024-04-16 22:15 | INFO | Query 38 Active Learning Instance Cost: 138719.79
2024-04-16 22:15 | INFO | Timeout limit is increased to 3500
2024-04-16 22:15 | INFO | Query 39 Size of the uncertainty table is = 763/1201
2024-04-16 22:15 | INFO | Query 39 Size of the filtered table is = 13
2024-04-16 22:15 | INFO | Query 39 Active Learning Runtime on Validation Set: 99741.4
2024-04-16 22:15 | INFO | Query 39 Active Learning Runtime on Test Set: 17619.16
2024-04-16 22:15 | INFO | Query 39 Active Learning Instance Cost: 139125.9
2024-04-16 22:15 | INFO | Timeout limit is increased to 3600
2024-04-16 22:15 | INFO | Query 40 Size of the uncertainty table is = 751/1201
2024-04-16 22:15 | INFO | Query 40 Size of the filtered table is = 13
2024-04-16 22:15 | INFO | Query 40 Active Learning Runtime on Validation Set: 99741.4
2024-04-16 22:15 | INFO | Query 40 Active Learning Runtime on Test Set: 17618.79
2024-04-16 22:15 | INFO | Query 40 Active Learning Instance Cost: 142651.29
2024-04-16 22:15 | INFO | Timeout limit is increased to 3600
2024-04-16 22:15 | INFO | Query 41 Size of the uncertainty table is = 733/1201
2024-04-16 22:15 | INFO | Query 41 Size of the filtered table is = 13
2024-04-16 22:15 | INFO | Query 41 Active Learning Runtime on Validation Set: 99741.4
2024-04-16 22:15 | INFO | Query 41 Active Learning Runtime on Test Set: 17920.72
2024-04-16 22:15 | INFO | Query 41 Active Learning Instance Cost: 143456.03
2024-04-16 22:15 | INFO | Timeout limit is increased to 3600
2024-04-16 22:15 | INFO | Query 42 Size of the uncertainty table is = 720/1201
2024-04-16 22:15 | INFO | Query 42 Size of the filtered table is = 13
2024-04-16 22:16 | INFO | Query 42 Active Learning Runtime on Validation Set: 99741.4
2024-04-16 22:16 | INFO | Query 42 Active Learning Runtime on Test Set: 17619.1
2024-04-16 22:16 | INFO | Query 42 Active Learning Instance Cost: 158498.98
2024-04-16 22:16 | INFO | Timeout limit is increased to 3600
2024-04-16 22:16 | INFO | Query 43 Size of the uncertainty table is = 707/1201
2024-04-16 22:16 | INFO | Query 43 Size of the filtered table is = 13
2024-04-16 22:16 | INFO | Query 43 Active Learning Runtime on Validation Set: 99741.4
2024-04-16 22:16 | INFO | Query 43 Active Learning Runtime on Test Set: 17618.77
2024-04-16 22:16 | INFO | Query 43 Active Learning Instance Cost: 162205.7
2024-04-16 22:16 | INFO | Timeout limit is increased to 3600
2024-04-16 22:16 | INFO | Query 44 Size of the uncertainty table is = 694/1201
2024-04-16 22:16 | INFO | Query 44 Size of the filtered table is = 13
2024-04-16 22:16 | INFO | Query 44 Active Learning Runtime on Validation Set: 99741.4
2024-04-16 22:16 | INFO | Query 44 Active Learning Runtime on Test Set: 17619.04
2024-04-16 22:16 | INFO | Query 44 Active Learning Instance Cost: 162208.09
2024-04-16 22:16 | INFO | Timeout limit is increased to 3600
2024-04-16 22:16 | INFO | Query 45 Size of the uncertainty table is = 681/1201
2024-04-16 22:16 | INFO | Query 45 Size of the filtered table is = 13
2024-04-16 22:16 | INFO | Query 45 Active Learning Runtime on Validation Set: 99741.4
2024-04-16 22:16 | INFO | Query 45 Active Learning Runtime on Test Set: 17619.03
2024-04-16 22:16 | INFO | Query 45 Active Learning Instance Cost: 162475.16
2024-04-16 22:16 | INFO | Timeout limit is increased to 3600
2024-04-16 22:16 | INFO | Query 46 Size of the uncertainty table is = 668/1201
2024-04-16 22:16 | INFO | Query 46 Size of the filtered table is = 13
2024-04-16 22:16 | INFO | Query 46 Active Learning Runtime on Validation Set: 99741.4
2024-04-16 22:16 | INFO | Query 46 Active Learning Runtime on Test Set: 17619.08
2024-04-16 22:16 | INFO | Query 46 Active Learning Instance Cost: 162753.42
2024-04-16 22:16 | INFO | Timeout limit is increased to 3600
2024-04-16 22:16 | INFO | Query 47 Size of the uncertainty table is = 655/1201
2024-04-16 22:16 | INFO | Query 47 Size of the filtered table is = 13
2024-04-16 22:16 | INFO | Query 47 Active Learning Runtime on Validation Set: 99741.4
2024-04-16 22:16 | INFO | Query 47 Active Learning Runtime on Test Set: 17920.72
2024-04-16 22:16 | INFO | Query 47 Active Learning Instance Cost: 193922.18
2024-04-16 22:16 | INFO | Timeout limit is increased to 3600
2024-04-16 22:16 | INFO | Query 48 Size of the uncertainty table is = 642/1201
2024-04-16 22:16 | INFO | Query 48 Size of the filtered table is = 13
2024-04-16 22:16 | INFO | Query 48 Active Learning Runtime on Validation Set: 99741.4
2024-04-16 22:16 | INFO | Query 48 Active Learning Runtime on Test Set: 17619.07
2024-04-16 22:16 | INFO | Query 48 Active Learning Instance Cost: 193950.12
2024-04-16 22:16 | INFO | Timeout limit is increased to 3600
2024-04-16 22:16 | INFO | Query 49 Size of the uncertainty table is = 629/1201
2024-04-16 22:16 | INFO | Query 49 Size of the filtered table is = 13
2024-04-16 22:16 | INFO | Query 49 Active Learning Runtime on Validation Set: 99741.4
2024-04-16 22:16 | INFO | Query 49 Active Learning Runtime on Test Set: 17619.04
2024-04-16 22:16 | INFO | Query 49 Active Learning Instance Cost: 210988.93
2024-04-16 22:16 | INFO | Timeout limit is increased to 3600
2024-04-16 22:16 | INFO | Query 50 Size of the uncertainty table is = 616/1201
2024-04-16 22:16 | INFO | Query 50 Size of the filtered table is = 13
2024-04-16 22:16 | INFO | Query 50 Active Learning Runtime on Validation Set: 99741.4
2024-04-16 22:16 | INFO | Query 50 Active Learning Runtime on Test Set: 17919.11
2024-04-16 22:16 | INFO | Query 50 Active Learning Instance Cost: 213172.35
2024-04-16 22:16 | INFO | Timeout limit is increased to 3600
2024-04-16 22:16 | INFO | Query 51 Size of the uncertainty table is = 603/1201
2024-04-16 22:16 | INFO | Query 51 Size of the filtered table is = 13
2024-04-16 22:16 | INFO | Query 51 Active Learning Runtime on Validation Set: 99741.4
2024-04-16 22:16 | INFO | Query 51 Active Learning Runtime on Test Set: 17619.08
2024-04-16 22:16 | INFO | Query 51 Active Learning Instance Cost: 215205.76
2024-04-16 22:16 | INFO | Timeout limit is increased to 3600
2024-04-16 22:16 | INFO | Query 52 Size of the uncertainty table is = 590/1201
2024-04-16 22:16 | INFO | Query 52 Size of the filtered table is = 13
2024-04-16 22:16 | INFO | Query 52 Active Learning Runtime on Validation Set: 99741.4
2024-04-16 22:16 | INFO | Query 52 Active Learning Runtime on Test Set: 17619.07
2024-04-16 22:16 | INFO | Query 52 Active Learning Instance Cost: 241328.74
2024-04-16 22:16 | INFO | Timeout limit is increased to 3600
2024-04-16 22:16 | INFO | Query 53 Size of the uncertainty table is = 577/1201
2024-04-16 22:16 | INFO | Query 53 Size of the filtered table is = 13
2024-04-16 22:17 | INFO | Query 53 Active Learning Runtime on Validation Set: 99741.4
2024-04-16 22:17 | INFO | Query 53 Active Learning Runtime on Test Set: 17619.07
2024-04-16 22:17 | INFO | Query 53 Active Learning Instance Cost: 241333.13
2024-04-16 22:17 | INFO | Timeout limit is increased to 3600
2024-04-16 22:17 | INFO | Query 54 Size of the uncertainty table is = 564/1201
2024-04-16 22:17 | INFO | Query 54 Size of the filtered table is = 13
2024-04-16 22:17 | INFO | Query 54 Active Learning Runtime on Validation Set: 99741.4
2024-04-16 22:17 | INFO | Query 54 Active Learning Runtime on Test Set: 17920.72
2024-04-16 22:17 | INFO | Query 54 Active Learning Instance Cost: 271129.34
2024-04-16 22:17 | INFO | Timeout limit is increased to 3600
2024-04-16 22:17 | INFO | Query 55 Size of the uncertainty table is = 551/1201
2024-04-16 22:17 | INFO | Query 55 Size of the filtered table is = 13
2024-04-16 22:17 | INFO | Query 55 Active Learning Runtime on Validation Set: 99741.4
2024-04-16 22:17 | INFO | Query 55 Active Learning Runtime on Test Set: 17619.07
2024-04-16 22:17 | INFO | Query 55 Active Learning Instance Cost: 283905.75
2024-04-16 22:17 | INFO | Timeout limit is increased to 3600
2024-04-16 22:17 | INFO | Query 56 Size of the uncertainty table is = 538/1201
2024-04-16 22:17 | INFO | Query 56 Size of the filtered table is = 13
2024-04-16 22:17 | INFO | Query 56 Active Learning Runtime on Validation Set: 99741.4
2024-04-16 22:17 | INFO | Query 56 Active Learning Runtime on Test Set: 17619.07
2024-04-16 22:17 | INFO | Query 56 Active Learning Instance Cost: 309703.28
2024-04-16 22:17 | INFO | Timeout limit is increased to 3600
2024-04-16 22:17 | INFO | Query 57 Size of the uncertainty table is = 525/1201
2024-04-16 22:17 | INFO | Query 57 Size of the filtered table is = 13
2024-04-16 22:17 | INFO | Query 57 Active Learning Runtime on Validation Set: 99741.4
2024-04-16 22:17 | INFO | Query 57 Active Learning Runtime on Test Set: 17619.04
2024-04-16 22:17 | INFO | Query 57 Active Learning Instance Cost: 313394.82
2024-04-16 22:17 | INFO | Timeout limit is increased to 3600
2024-04-16 22:17 | INFO | Query 58 Size of the uncertainty table is = 512/1201
2024-04-16 22:17 | INFO | Query 58 Size of the filtered table is = 13
2024-04-16 22:17 | INFO | Query 58 Active Learning Runtime on Validation Set: 99741.4
2024-04-16 22:17 | INFO | Query 58 Active Learning Runtime on Test Set: 17619.07
2024-04-16 22:17 | INFO | Query 58 Active Learning Instance Cost: 313410.53
2024-04-16 22:17 | INFO | Timeout limit is increased to 3600
2024-04-16 22:17 | INFO | Query 59 Size of the uncertainty table is = 499/1201
2024-04-16 22:17 | INFO | Query 59 Size of the filtered table is = 13
2024-04-16 22:17 | INFO | Query 59 Active Learning Runtime on Validation Set: 99741.4
2024-04-16 22:17 | INFO | Query 59 Active Learning Runtime on Test Set: 17619.11
2024-04-16 22:17 | INFO | Query 59 Active Learning Instance Cost: 313425.8
2024-04-16 22:17 | INFO | Timeout limit is increased to 3600
2024-04-16 22:17 | INFO | Query 60 Size of the uncertainty table is = 486/1201
2024-04-16 22:17 | INFO | Query 60 Size of the filtered table is = 13
2024-04-16 22:17 | INFO | Query 60 Active Learning Runtime on Validation Set: 99741.4
2024-04-16 22:17 | INFO | Query 60 Active Learning Runtime on Test Set: 17619.1
2024-04-16 22:17 | INFO | Query 60 Active Learning Instance Cost: 313440.44
2024-04-16 22:17 | INFO | Timeout limit is increased to 3600
2024-04-16 22:17 | INFO | Query 61 Size of the uncertainty table is = 473/1201
2024-04-16 22:17 | INFO | Query 61 Size of the filtered table is = 13
2024-04-16 22:17 | INFO | Query 61 Active Learning Runtime on Validation Set: 99741.4
2024-04-16 22:17 | INFO | Query 61 Active Learning Runtime on Test Set: 17619.6
2024-04-16 22:17 | INFO | Query 61 Active Learning Instance Cost: 313455.05
2024-04-16 22:17 | INFO | Timeout limit is increased to 3600
2024-04-16 22:17 | INFO | Query 62 Size of the uncertainty table is = 460/1201
2024-04-16 22:17 | INFO | Query 62 Size of the filtered table is = 13
2024-04-16 22:17 | INFO | Query 62 Active Learning Runtime on Validation Set: 99741.4
2024-04-16 22:17 | INFO | Query 62 Active Learning Runtime on Test Set: 17619.03
2024-04-16 22:17 | INFO | Query 62 Active Learning Instance Cost: 313469.61
2024-04-16 22:17 | INFO | Timeout limit is increased to 3600
2024-04-16 22:17 | INFO | Query 63 Size of the uncertainty table is = 447/1201
2024-04-16 22:17 | INFO | Query 63 Size of the filtered table is = 13
2024-04-16 22:18 | INFO | Query 63 Active Learning Runtime on Validation Set: 99741.4
2024-04-16 22:18 | INFO | Query 63 Active Learning Runtime on Test Set: 17619.07
2024-04-16 22:18 | INFO | Query 63 Active Learning Instance Cost: 313484.73
2024-04-16 22:18 | INFO | Timeout limit is increased to 3600
2024-04-16 22:18 | INFO | Query 64 Size of the uncertainty table is = 434/1201
2024-04-16 22:18 | INFO | Query 64 Size of the filtered table is = 13
2024-04-16 22:18 | INFO | Query 64 Active Learning Runtime on Validation Set: 99741.4
2024-04-16 22:18 | INFO | Query 64 Active Learning Runtime on Test Set: 17619.07
2024-04-16 22:18 | INFO | Query 64 Active Learning Instance Cost: 313501.84
2024-04-16 22:18 | INFO | Timeout limit is increased to 3600
2024-04-16 22:18 | INFO | Query 65 Size of the uncertainty table is = 421/1201
2024-04-16 22:18 | INFO | Query 65 Size of the filtered table is = 13
2024-04-16 22:18 | INFO | Query 65 Active Learning Runtime on Validation Set: 99741.4
2024-04-16 22:18 | INFO | Query 65 Active Learning Runtime on Test Set: 17619.1
2024-04-16 22:18 | INFO | Query 65 Active Learning Instance Cost: 313516.25
2024-04-16 22:18 | INFO | Timeout limit is increased to 3600
2024-04-16 22:18 | INFO | Query 66 Size of the uncertainty table is = 408/1201
2024-04-16 22:18 | INFO | Query 66 Size of the filtered table is = 13
2024-04-16 22:18 | INFO | Query 66 Active Learning Runtime on Validation Set: 99741.4
2024-04-16 22:18 | INFO | Query 66 Active Learning Runtime on Test Set: 17619.06
2024-04-16 22:18 | INFO | Query 66 Active Learning Instance Cost: 313532.79
2024-04-16 22:18 | INFO | Timeout limit is increased to 3600
2024-04-16 22:18 | INFO | Query 67 Size of the uncertainty table is = 395/1201
2024-04-16 22:18 | INFO | Query 67 Size of the filtered table is = 13
2024-04-16 22:18 | INFO | Query 67 Active Learning Runtime on Validation Set: 99741.4
2024-04-16 22:18 | INFO | Query 67 Active Learning Runtime on Test Set: 17920.69
2024-04-16 22:18 | INFO | Query 67 Active Learning Instance Cost: 313550.52
2024-04-16 22:18 | INFO | Timeout limit is increased to 3600
2024-04-16 22:18 | INFO | Query 68 Size of the uncertainty table is = 382/1201
2024-04-16 22:18 | INFO | Query 68 Size of the filtered table is = 13
2024-04-16 22:18 | INFO | Query 68 Active Learning Runtime on Validation Set: 99741.4
2024-04-16 22:18 | INFO | Query 68 Active Learning Runtime on Test Set: 17619.28
2024-04-16 22:18 | INFO | Query 68 Active Learning Instance Cost: 313567.59
2024-04-16 22:18 | INFO | Timeout limit is increased to 3600
2024-04-16 22:18 | INFO | Query 69 Size of the uncertainty table is = 369/1201
2024-04-16 22:18 | INFO | Query 69 Size of the filtered table is = 13
2024-04-16 22:18 | INFO | Query 69 Active Learning Runtime on Validation Set: 99741.4
2024-04-16 22:18 | INFO | Query 69 Active Learning Runtime on Test Set: 17619.46
2024-04-16 22:18 | INFO | Query 69 Active Learning Instance Cost: 313581.14
2024-04-16 22:18 | INFO | Timeout limit is increased to 3600
2024-04-16 22:18 | INFO | Query 70 Size of the uncertainty table is = 356/1201
2024-04-16 22:18 | INFO | Query 70 Size of the filtered table is = 13
2024-04-16 22:18 | INFO | Query 70 Active Learning Runtime on Validation Set: 99741.4
2024-04-16 22:18 | INFO | Query 70 Active Learning Runtime on Test Set: 17619.25
2024-04-16 22:18 | INFO | Query 70 Active Learning Instance Cost: 313598.3
2024-04-16 22:18 | INFO | Timeout limit is increased to 3600
2024-04-16 22:18 | INFO | Query 71 Size of the uncertainty table is = 343/1201
2024-04-16 22:18 | INFO | Query 71 Size of the filtered table is = 13
2024-04-16 22:18 | INFO | Query 71 Active Learning Runtime on Validation Set: 99741.4
2024-04-16 22:18 | INFO | Query 71 Active Learning Runtime on Test Set: 17619.28
2024-04-16 22:18 | INFO | Query 71 Active Learning Instance Cost: 316547.99
2024-04-16 22:18 | INFO | Timeout limit is increased to 3600
2024-04-16 22:18 | INFO | Query 72 Size of the uncertainty table is = 330/1201
2024-04-16 22:18 | INFO | Query 72 Size of the filtered table is = 13
2024-04-16 22:18 | INFO | Query 72 Active Learning Runtime on Validation Set: 99741.4
2024-04-16 22:18 | INFO | Query 72 Active Learning Runtime on Test Set: 17619.08
2024-04-16 22:18 | INFO | Query 72 Active Learning Instance Cost: 316696.16
2024-04-16 22:18 | INFO | Timeout limit is increased to 3600
2024-04-16 22:18 | INFO | Query 73 Size of the uncertainty table is = 317/1201
2024-04-16 22:18 | INFO | Query 73 Size of the filtered table is = 13
2024-04-16 22:19 | INFO | Query 73 Active Learning Runtime on Validation Set: 99741.4
2024-04-16 22:19 | INFO | Query 73 Active Learning Runtime on Test Set: 17619.43
2024-04-16 22:19 | INFO | Query 73 Active Learning Instance Cost: 320511.53
2024-04-16 22:19 | INFO | Timeout limit is increased to 3600
2024-04-16 22:19 | INFO | Query 74 Size of the uncertainty table is = 304/1201
2024-04-16 22:19 | INFO | Query 74 Size of the filtered table is = 13
2024-04-16 22:19 | INFO | Query 74 Active Learning Runtime on Validation Set: 99741.4
2024-04-16 22:19 | INFO | Query 74 Active Learning Runtime on Test Set: 17619.27
2024-04-16 22:19 | INFO | Query 74 Active Learning Instance Cost: 341204.52
2024-04-16 22:19 | INFO | Timeout limit is increased to 3600
2024-04-16 22:19 | INFO | Query 75 Size of the uncertainty table is = 291/1201
2024-04-16 22:19 | INFO | Query 75 Size of the filtered table is = 13
2024-04-16 22:19 | INFO | Query 75 Active Learning Runtime on Validation Set: 99741.4
2024-04-16 22:19 | INFO | Query 75 Active Learning Runtime on Test Set: 17619.21
2024-04-16 22:19 | INFO | Query 75 Active Learning Instance Cost: 370493.18
2024-04-16 22:19 | INFO | Timeout limit is increased to 3600
2024-04-16 22:19 | INFO | Query 76 Size of the uncertainty table is = 278/1201
2024-04-16 22:19 | INFO | Query 76 Size of the filtered table is = 13
2024-04-16 22:19 | INFO | Query 76 Active Learning Runtime on Validation Set: 99741.4
2024-04-16 22:19 | INFO | Query 76 Active Learning Runtime on Test Set: 17619.29
2024-04-16 22:19 | INFO | Query 76 Active Learning Instance Cost: 377879.08
2024-04-16 22:19 | INFO | Timeout limit is increased to 3600
2024-04-16 22:19 | INFO | Query 77 Size of the uncertainty table is = 265/1201
2024-04-16 22:19 | INFO | Query 77 Size of the filtered table is = 13
2024-04-16 22:19 | INFO | Query 77 Active Learning Runtime on Validation Set: 99741.4
2024-04-16 22:19 | INFO | Query 77 Active Learning Runtime on Test Set: 17920.86
2024-04-16 22:19 | INFO | Query 77 Active Learning Instance Cost: 378419.62
2024-04-16 22:19 | INFO | Timeout limit is increased to 3600
2024-04-16 22:19 | INFO | Query 78 Size of the uncertainty table is = 252/1201
2024-04-16 22:19 | INFO | Query 78 Size of the filtered table is = 13
2024-04-16 22:19 | INFO | Query 78 Active Learning Runtime on Validation Set: 99741.4
2024-04-16 22:19 | INFO | Query 78 Active Learning Runtime on Test Set: 17619.25
2024-04-16 22:19 | INFO | Query 78 Active Learning Instance Cost: 396434.24
2024-04-16 22:19 | INFO | Timeout limit is increased to 3600
2024-04-16 22:19 | INFO | Query 79 Size of the uncertainty table is = 239/1201
2024-04-16 22:19 | INFO | Query 79 Size of the filtered table is = 13
2024-04-16 22:19 | INFO | Query 79 Active Learning Runtime on Validation Set: 99741.4
2024-04-16 22:19 | INFO | Query 79 Active Learning Runtime on Test Set: 17619.05
2024-04-16 22:19 | INFO | Query 79 Active Learning Instance Cost: 402297.15
2024-04-16 22:19 | INFO | Timeout limit is increased to 3600
2024-04-16 22:19 | INFO | Query 80 Size of the uncertainty table is = 226/1201
2024-04-16 22:19 | INFO | Query 80 Size of the filtered table is = 13
2024-04-16 22:19 | INFO | Query 80 Active Learning Runtime on Validation Set: 99741.4
2024-04-16 22:19 | INFO | Query 80 Active Learning Runtime on Test Set: 18220.87
2024-04-16 22:19 | INFO | Query 80 Active Learning Instance Cost: 409710.06
2024-04-16 22:19 | INFO | Timeout limit is increased to 3600
2024-04-16 22:19 | INFO | Query 81 Size of the uncertainty table is = 213/1201
2024-04-16 22:19 | INFO | Query 81 Size of the filtered table is = 13
2024-04-16 22:19 | INFO | Query 81 Active Learning Runtime on Validation Set: 99741.4
2024-04-16 22:19 | INFO | Query 81 Active Learning Runtime on Test Set: 17920.85
2024-04-16 22:19 | INFO | Query 81 Active Learning Instance Cost: 414116.84
2024-04-16 22:19 | INFO | Timeout limit is increased to 3600
2024-04-16 22:19 | INFO | Query 82 Size of the uncertainty table is = 200/1201
2024-04-16 22:19 | INFO | Query 82 Size of the filtered table is = 13
2024-04-16 22:19 | INFO | Query 82 Active Learning Runtime on Validation Set: 99741.4
2024-04-16 22:19 | INFO | Query 82 Active Learning Runtime on Test Set: 17920.75
2024-04-16 22:19 | INFO | Query 82 Active Learning Instance Cost: 418066.72
2024-04-16 22:19 | INFO | Timeout limit is increased to 3600
2024-04-16 22:19 | INFO | Query 83 Size of the uncertainty table is = 187/1201
2024-04-16 22:19 | INFO | Query 83 Size of the filtered table is = 13
2024-04-16 22:20 | INFO | Query 83 Active Learning Runtime on Validation Set: 99741.4
2024-04-16 22:20 | INFO | Query 83 Active Learning Runtime on Test Set: 18220.99
2024-04-16 22:20 | INFO | Query 83 Active Learning Instance Cost: 427562.57
2024-04-16 22:20 | INFO | Timeout limit is increased to 3600
2024-04-16 22:20 | INFO | Query 84 Size of the uncertainty table is = 174/1201
2024-04-16 22:20 | INFO | Query 84 Size of the filtered table is = 13
2024-04-16 22:20 | INFO | Query 84 Active Learning Runtime on Validation Set: 99741.4
2024-04-16 22:20 | INFO | Query 84 Active Learning Runtime on Test Set: 17919.28
2024-04-16 22:20 | INFO | Query 84 Active Learning Instance Cost: 434976.67
2024-04-16 22:20 | INFO | Timeout limit is increased to 3600
2024-04-16 22:20 | INFO | Query 85 Size of the uncertainty table is = 161/1201
2024-04-16 22:20 | INFO | Query 85 Size of the filtered table is = 13
2024-04-16 22:20 | INFO | Query 85 Active Learning Runtime on Validation Set: 99741.4
2024-04-16 22:20 | INFO | Query 85 Active Learning Runtime on Test Set: 17919.07
2024-04-16 22:20 | INFO | Query 85 Active Learning Instance Cost: 434985.0
2024-04-16 22:20 | INFO | Timeout limit is increased to 3600
2024-04-16 22:20 | INFO | Query 86 Size of the uncertainty table is = 148/1201
2024-04-16 22:20 | INFO | Query 86 Size of the filtered table is = 13
2024-04-16 22:20 | INFO | Query 86 Active Learning Runtime on Validation Set: 99741.4
2024-04-16 22:20 | INFO | Query 86 Active Learning Runtime on Test Set: 17918.94
2024-04-16 22:20 | INFO | Query 86 Active Learning Instance Cost: 445914.63
2024-04-16 22:20 | INFO | Timeout limit is increased to 3600
2024-04-16 22:20 | INFO | Query 87 Size of the uncertainty table is = 135/1201
2024-04-16 22:20 | INFO | Query 87 Size of the filtered table is = 13
2024-04-16 22:20 | INFO | Query 87 Active Learning Runtime on Validation Set: 99741.4
2024-04-16 22:20 | INFO | Query 87 Active Learning Runtime on Test Set: 17619.07
2024-04-16 22:20 | INFO | Query 87 Active Learning Instance Cost: 453254.09
2024-04-16 22:20 | INFO | Timeout limit is increased to 3600
2024-04-16 22:20 | INFO | Query 88 Size of the uncertainty table is = 122/1201
2024-04-16 22:20 | INFO | Query 88 Size of the filtered table is = 13
2024-04-16 22:20 | INFO | Query 88 Active Learning Runtime on Validation Set: 99741.4
2024-04-16 22:20 | INFO | Query 88 Active Learning Runtime on Test Set: 17919.13
2024-04-16 22:20 | INFO | Query 88 Active Learning Instance Cost: 468865.43
2024-04-16 22:20 | INFO | Timeout limit is increased to 3600
2024-04-16 22:20 | INFO | Query 89 Size of the uncertainty table is = 109/1201
2024-04-16 22:20 | INFO | Query 89 Size of the filtered table is = 13
2024-04-16 22:20 | INFO | Query 89 Active Learning Runtime on Validation Set: 99741.4
2024-04-16 22:20 | INFO | Query 89 Active Learning Runtime on Test Set: 17619.1
2024-04-16 22:20 | INFO | Query 89 Active Learning Instance Cost: 476551.16
2024-04-16 22:20 | INFO | Timeout limit is increased to 3600
2024-04-16 22:20 | INFO | Query 90 Size of the uncertainty table is = 96/1201
2024-04-16 22:20 | INFO | Query 90 Size of the filtered table is = 13
2024-04-16 22:20 | INFO | Query 90 Active Learning Runtime on Validation Set: 99741.4
2024-04-16 22:20 | INFO | Query 90 Active Learning Runtime on Test Set: 17920.45
2024-04-16 22:20 | INFO | Query 90 Active Learning Instance Cost: 483411.53
2024-04-16 22:20 | INFO | Timeout limit is increased to 3600
2024-04-16 22:20 | INFO | Query 91 Size of the uncertainty table is = 83/1201
2024-04-16 22:20 | INFO | Query 91 Size of the filtered table is = 13
2024-04-16 22:20 | INFO | Query 91 Active Learning Runtime on Validation Set: 99741.4
2024-04-16 22:20 | INFO | Query 91 Active Learning Runtime on Test Set: 17918.8
2024-04-16 22:20 | INFO | Query 91 Active Learning Instance Cost: 499035.72
2024-04-16 22:20 | INFO | Timeout limit is increased to 3600
2024-04-16 22:20 | INFO | Query 92 Size of the uncertainty table is = 70/1201
2024-04-16 22:20 | INFO | Query 92 Size of the filtered table is = 13
2024-04-16 22:20 | INFO | Query 92 Active Learning Runtime on Validation Set: 99741.4
2024-04-16 22:20 | INFO | Query 92 Active Learning Runtime on Test Set: 17618.81
2024-04-16 22:20 | INFO | Query 92 Active Learning Instance Cost: 508038.12
2024-04-16 22:20 | INFO | Timeout limit is increased to 3600
2024-04-16 22:20 | INFO | Query 93 Size of the uncertainty table is = 57/1201
2024-04-16 22:20 | INFO | Query 93 Size of the filtered table is = 13
2024-04-16 22:21 | INFO | Query 93 Active Learning Runtime on Validation Set: 99741.4
2024-04-16 22:21 | INFO | Query 93 Active Learning Runtime on Test Set: 17919.11
2024-04-16 22:21 | INFO | Query 93 Active Learning Instance Cost: 511546.08
2024-04-16 22:21 | INFO | Timeout limit is increased to 3600
2024-04-16 22:21 | INFO | Query 94 Size of the uncertainty table is = 44/1201
2024-04-16 22:21 | INFO | Query 94 Size of the filtered table is = 13
2024-04-16 22:21 | INFO | Query 94 Active Learning Runtime on Validation Set: 99741.4
2024-04-16 22:21 | INFO | Query 94 Active Learning Runtime on Test Set: 17919.1
2024-04-16 22:21 | INFO | Query 94 Active Learning Instance Cost: 529813.09
2024-04-16 22:21 | INFO | Timeout limit is increased to 3600
2024-04-16 22:21 | INFO | Query 95 Size of the uncertainty table is = 31/1201
2024-04-16 22:21 | INFO | Query 95 Size of the filtered table is = 13
2024-04-16 22:21 | INFO | Query 95 Active Learning Runtime on Validation Set: 99741.4
2024-04-16 22:21 | INFO | Query 95 Active Learning Runtime on Test Set: 18221.1
2024-04-16 22:21 | INFO | Query 95 Active Learning Instance Cost: 534890.97
2024-04-16 22:21 | INFO | Timeout limit is increased to 3600
2024-04-16 22:21 | INFO | Query 96 Size of the uncertainty table is = 18/1201
2024-04-16 22:21 | INFO | Query 96 Size of the filtered table is = 13
2024-04-16 22:21 | INFO | Query 96 Active Learning Runtime on Validation Set: 99741.4
2024-04-16 22:21 | INFO | Query 96 Active Learning Runtime on Test Set: 18220.76
2024-04-16 22:21 | INFO | Query 96 Active Learning Instance Cost: 537552.76
2024-04-16 22:21 | INFO | Timeout limit is increased to 3600
2024-04-16 22:21 | INFO | Query 97 Size of the uncertainty table is = 5/1201
2024-04-16 22:21 | INFO | Query 97 Size of the filtered table is = 5
2024-04-16 22:21 | INFO | Query 97 Active Learning Runtime on Validation Set: 99741.4
2024-04-16 22:21 | INFO | Query 97 Active Learning Runtime on Test Set: 17919.11
2024-04-16 22:21 | INFO | Query 97 Active Learning Instance Cost: 537581.71
2024-04-16 22:21 | INFO | Timeout limit is increased to 3600
2024-04-16 22:21 | INFO | runtime_test_score is written as json file
2024-04-16 22:21 | INFO | runtime_validation_score is written as json file
2024-04-16 22:21 | INFO | instance_cost is written as json file
2024-04-16 22:21 | INFO | Experiment is finished
