2024-04-16 22:14 | INFO | Paramaters are: {'dataset': 'CSP-2010', 'penalty': 10, 'weight': 'No_Weight', 'voting': 'Hard', 'pre_selection_size': 64, 'pre_selection_technique': 'No_pre_selection', 'feature_elimination_threshold': 20, 'imputer_strategy': 'median', 'feature_selection_technique': 'No_feature_selection', 'feature_scaling_technique': 'StandardScaler', 'initial_train_size': 20, 'query_size': 1, 'timeout_predictor_usage': 'No', 'timeout_limit': 100, 'timeout_increase_rate': 100, 'RANDOM_STATE_SEED': 12345, 'n_splits': 10, 'split_number': 3, 'max_timeout': 3600, 'param_grid': {'n_estimators': 100, 'criterion': 'gini', 'max_features': 'sqrt', 'max_depth': 2147483648, 'min_samples_split': 2, 'bootstrap': True}}
2024-04-16 22:14 | INFO | CSP-2010 is current dataset
2024-04-16 22:14 | INFO | DATASETS/CSP-2010/algorithm_runs.csv is found
2024-04-16 22:14 | INFO | DATASETS/CSP-2010/algorithm_runs.csv is finished
2024-04-16 22:14 | INFO | DATASETS/CSP-2010/feature_values.csv is found
2024-04-16 22:14 | INFO | DATASETS/CSP-2010/feature_values.csv is finished
2024-04-16 22:14 | INFO | Virtual best solver time in train = 73456.51
2024-04-16 22:14 | INFO | Single best solver list train = {'learning': 3376164.89, 'standard': 1246830.08}
2024-04-16 22:14 | INFO | Single best solver time train = standard (1246830.08)
2024-04-16 22:14 | INFO | Virtual best solver time in validation = 93435.04
2024-04-16 22:14 | INFO | Single best solver list validation = {'learning': 5061778.91, 'standard': 97919.31}
2024-04-16 22:14 | INFO | Single best solver time validation = standard (97919.31)
2024-04-16 22:14 | INFO | Virtual best solver time in test = 16541.8
2024-04-16 22:14 | INFO | Single best solver list test = {'learning': 901210.44, 'standard': 52515.02}
2024-04-16 22:14 | INFO | Single best solver time test = standard (52515.02)
2024-04-16 22:14 | INFO | Passive Learning Runtime on Validation Set: 97919.31
2024-04-16 22:14 | INFO | Passive Learning Runtime on Test Set: 16571.62
2024-04-16 22:14 | INFO | Passive Learning Instance Cost: 670194.97
2024-04-16 22:14 | INFO | Initial Active Learning Runtime on Validation Set: 93466.62
2024-04-16 22:14 | INFO | Initial Active Learning Runtime on Test Set: 16663.4
2024-04-16 22:14 | INFO | Initial Active Learning Instance Cost: 394.87
2024-04-16 22:14 | INFO | Bin size = 12
2024-04-16 22:14 | INFO | Query 1 Size of the uncertainty table is = 1200/1200
2024-04-16 22:14 | INFO | Query 1 Size of the filtered table is = 12
2024-04-16 22:14 | INFO | Query 1 Active Learning Runtime on Validation Set: 97919.33
2024-04-16 22:14 | INFO | Query 1 Active Learning Runtime on Test Set: 51484.3
2024-04-16 22:14 | INFO | Query 1 Active Learning Instance Cost: 517.6
2024-04-16 22:14 | INFO | Timeout limit is increased to 200
2024-04-16 22:14 | INFO | Query 2 Size of the uncertainty table is = 1188/1200
2024-04-16 22:14 | INFO | Query 2 Size of the filtered table is = 12
2024-04-16 22:14 | INFO | Query 2 Active Learning Runtime on Validation Set: 97919.69
2024-04-16 22:14 | INFO | Query 2 Active Learning Runtime on Test Set: 19967.8
2024-04-16 22:14 | INFO | Query 2 Active Learning Instance Cost: 544.33
2024-04-16 22:14 | INFO | Timeout limit is increased to 300
2024-04-16 22:14 | INFO | Query 3 Size of the uncertainty table is = 1176/1200
2024-04-16 22:14 | INFO | Query 3 Size of the filtered table is = 12
2024-04-16 22:14 | INFO | Query 3 Active Learning Runtime on Validation Set: 97919.33
2024-04-16 22:14 | INFO | Query 3 Active Learning Runtime on Test Set: 16633.1
2024-04-16 22:14 | INFO | Query 3 Active Learning Instance Cost: 605.28
2024-04-16 22:14 | INFO | Query 4 Size of the uncertainty table is = 1164/1200
2024-04-16 22:14 | INFO | Query 4 Size of the filtered table is = 12
2024-04-16 22:14 | INFO | Query 4 Active Learning Runtime on Validation Set: 97919.33
2024-04-16 22:14 | INFO | Query 4 Active Learning Runtime on Test Set: 16633.19
2024-04-16 22:14 | INFO | Query 4 Active Learning Instance Cost: 623.09
2024-04-16 22:14 | INFO | Timeout limit is increased to 400
2024-04-16 22:14 | INFO | Query 5 Size of the uncertainty table is = 1152/1200
2024-04-16 22:14 | INFO | Query 5 Size of the filtered table is = 12
2024-04-16 22:14 | INFO | Query 5 Active Learning Runtime on Validation Set: 97919.31
2024-04-16 22:14 | INFO | Query 5 Active Learning Runtime on Test Set: 16633.19
2024-04-16 22:14 | INFO | Query 5 Active Learning Instance Cost: 635.96
2024-04-16 22:14 | INFO | Query 6 Size of the uncertainty table is = 1140/1200
2024-04-16 22:14 | INFO | Query 6 Size of the filtered table is = 12
2024-04-16 22:14 | INFO | Query 6 Active Learning Runtime on Validation Set: 97919.31
2024-04-16 22:14 | INFO | Query 6 Active Learning Runtime on Test Set: 16632.56
2024-04-16 22:14 | INFO | Query 6 Active Learning Instance Cost: 4641.9
2024-04-16 22:14 | INFO | Timeout limit is increased to 500
2024-04-16 22:14 | INFO | Query 7 Size of the uncertainty table is = 1133/1200
2024-04-16 22:14 | INFO | Query 7 Size of the filtered table is = 12
2024-04-16 22:14 | INFO | Query 7 Active Learning Runtime on Validation Set: 97919.31
2024-04-16 22:14 | INFO | Query 7 Active Learning Runtime on Test Set: 16631.54
2024-04-16 22:14 | INFO | Query 7 Active Learning Instance Cost: 5568.7
2024-04-16 22:14 | INFO | Timeout limit is increased to 600
2024-04-16 22:14 | INFO | Query 8 Size of the uncertainty table is = 1121/1200
2024-04-16 22:14 | INFO | Query 8 Size of the filtered table is = 12
2024-04-16 22:14 | INFO | Query 8 Active Learning Runtime on Validation Set: 97919.31
2024-04-16 22:14 | INFO | Query 8 Active Learning Runtime on Test Set: 16631.54
2024-04-16 22:14 | INFO | Query 8 Active Learning Instance Cost: 5582.89
2024-04-16 22:14 | INFO | Timeout limit is increased to 700
2024-04-16 22:14 | INFO | Query 9 Size of the uncertainty table is = 1109/1200
2024-04-16 22:14 | INFO | Query 9 Size of the filtered table is = 12
2024-04-16 22:14 | INFO | Query 9 Active Learning Runtime on Validation Set: 97919.31
2024-04-16 22:14 | INFO | Query 9 Active Learning Runtime on Test Set: 16631.49
2024-04-16 22:14 | INFO | Query 9 Active Learning Instance Cost: 5593.7
2024-04-16 22:14 | INFO | Timeout limit is increased to 800
2024-04-16 22:14 | INFO | Query 10 Size of the uncertainty table is = 1097/1200
2024-04-16 22:14 | INFO | Query 10 Size of the filtered table is = 12
2024-04-16 22:14 | INFO | Query 10 Active Learning Runtime on Validation Set: 97919.31
2024-04-16 22:14 | INFO | Query 10 Active Learning Runtime on Test Set: 16631.24
2024-04-16 22:14 | INFO | Query 10 Active Learning Instance Cost: 7906.69
2024-04-16 22:14 | INFO | Timeout limit is increased to 900
2024-04-16 22:14 | INFO | Query 11 Size of the uncertainty table is = 1087/1200
2024-04-16 22:14 | INFO | Query 11 Size of the filtered table is = 12
2024-04-16 22:15 | INFO | Query 11 Active Learning Runtime on Validation Set: 97919.31
2024-04-16 22:15 | INFO | Query 11 Active Learning Runtime on Test Set: 16631.62
2024-04-16 22:15 | INFO | Query 11 Active Learning Instance Cost: 8880.43
2024-04-16 22:15 | INFO | Timeout limit is increased to 1000
2024-04-16 22:15 | INFO | Query 12 Size of the uncertainty table is = 1075/1200
2024-04-16 22:15 | INFO | Query 12 Size of the filtered table is = 12
2024-04-16 22:15 | INFO | Query 12 Active Learning Runtime on Validation Set: 97919.31
2024-04-16 22:15 | INFO | Query 12 Active Learning Runtime on Test Set: 16631.3
2024-04-16 22:15 | INFO | Query 12 Active Learning Instance Cost: 8892.34
2024-04-16 22:15 | INFO | Timeout limit is increased to 1100
2024-04-16 22:15 | INFO | Query 13 Size of the uncertainty table is = 1063/1200
2024-04-16 22:15 | INFO | Query 13 Size of the filtered table is = 12
2024-04-16 22:15 | INFO | Query 13 Active Learning Runtime on Validation Set: 97919.31
2024-04-16 22:15 | INFO | Query 13 Active Learning Runtime on Test Set: 16631.28
2024-04-16 22:15 | INFO | Query 13 Active Learning Instance Cost: 10298.23
2024-04-16 22:15 | INFO | Timeout limit is increased to 1200
2024-04-16 22:15 | INFO | Query 14 Size of the uncertainty table is = 1051/1200
2024-04-16 22:15 | INFO | Query 14 Size of the filtered table is = 12
2024-04-16 22:15 | INFO | Query 14 Active Learning Runtime on Validation Set: 97919.31
2024-04-16 22:15 | INFO | Query 14 Active Learning Runtime on Test Set: 16631.28
2024-04-16 22:15 | INFO | Query 14 Active Learning Instance Cost: 23277.03
2024-04-16 22:15 | INFO | Timeout limit is increased to 1300
2024-04-16 22:15 | INFO | Query 15 Size of the uncertainty table is = 1042/1200
2024-04-16 22:15 | INFO | Query 15 Size of the filtered table is = 12
2024-04-16 22:15 | INFO | Query 15 Active Learning Runtime on Validation Set: 97919.31
2024-04-16 22:15 | INFO | Query 15 Active Learning Runtime on Test Set: 16631.24
2024-04-16 22:15 | INFO | Query 15 Active Learning Instance Cost: 29789.93
2024-04-16 22:15 | INFO | Timeout limit is increased to 1400
2024-04-16 22:15 | INFO | Query 16 Size of the uncertainty table is = 1032/1200
2024-04-16 22:15 | INFO | Query 16 Size of the filtered table is = 12
2024-04-16 22:15 | INFO | Query 16 Active Learning Runtime on Validation Set: 97919.31
2024-04-16 22:15 | INFO | Query 16 Active Learning Runtime on Test Set: 16630.94
2024-04-16 22:15 | INFO | Query 16 Active Learning Instance Cost: 31966.29
2024-04-16 22:15 | INFO | Timeout limit is increased to 1500
2024-04-16 22:15 | INFO | Query 17 Size of the uncertainty table is = 1022/1200
2024-04-16 22:15 | INFO | Query 17 Size of the filtered table is = 12
2024-04-16 22:15 | INFO | Query 17 Active Learning Runtime on Validation Set: 97919.31
2024-04-16 22:15 | INFO | Query 17 Active Learning Runtime on Test Set: 16630.94
2024-04-16 22:15 | INFO | Query 17 Active Learning Instance Cost: 32947.81
2024-04-16 22:15 | INFO | Timeout limit is increased to 1600
2024-04-16 22:15 | INFO | Query 18 Size of the uncertainty table is = 1012/1200
2024-04-16 22:15 | INFO | Query 18 Size of the filtered table is = 12
2024-04-16 22:15 | INFO | Query 18 Active Learning Runtime on Validation Set: 97919.31
2024-04-16 22:15 | INFO | Query 18 Active Learning Runtime on Test Set: 16630.91
2024-04-16 22:15 | INFO | Query 18 Active Learning Instance Cost: 37527.78
2024-04-16 22:15 | INFO | Timeout limit is increased to 1700
2024-04-16 22:15 | INFO | Query 19 Size of the uncertainty table is = 1001/1200
2024-04-16 22:15 | INFO | Query 19 Size of the filtered table is = 12
2024-04-16 22:15 | INFO | Query 19 Active Learning Runtime on Validation Set: 97919.31
2024-04-16 22:15 | INFO | Query 19 Active Learning Runtime on Test Set: 16631.79
2024-04-16 22:15 | INFO | Query 19 Active Learning Instance Cost: 37734.43
2024-04-16 22:15 | INFO | Timeout limit is increased to 1800
2024-04-16 22:15 | INFO | Query 20 Size of the uncertainty table is = 990/1200
2024-04-16 22:15 | INFO | Query 20 Size of the filtered table is = 12
2024-04-16 22:15 | INFO | Query 20 Active Learning Runtime on Validation Set: 97919.31
2024-04-16 22:15 | INFO | Query 20 Active Learning Runtime on Test Set: 16630.9
2024-04-16 22:15 | INFO | Query 20 Active Learning Instance Cost: 41170.86
2024-04-16 22:15 | INFO | Timeout limit is increased to 1900
2024-04-16 22:15 | INFO | Query 21 Size of the uncertainty table is = 980/1200
2024-04-16 22:15 | INFO | Query 21 Size of the filtered table is = 12
2024-04-16 22:15 | INFO | Query 21 Active Learning Runtime on Validation Set: 97919.31
2024-04-16 22:15 | INFO | Query 21 Active Learning Runtime on Test Set: 16631.22
2024-04-16 22:15 | INFO | Query 21 Active Learning Instance Cost: 41586.97
2024-04-16 22:15 | INFO | Timeout limit is increased to 2000
2024-04-16 22:15 | INFO | Query 22 Size of the uncertainty table is = 970/1200
2024-04-16 22:15 | INFO | Query 22 Size of the filtered table is = 12
2024-04-16 22:15 | INFO | Query 22 Active Learning Runtime on Validation Set: 97919.31
2024-04-16 22:15 | INFO | Query 22 Active Learning Runtime on Test Set: 16630.9
2024-04-16 22:15 | INFO | Query 22 Active Learning Instance Cost: 41988.99
2024-04-16 22:15 | INFO | Timeout limit is increased to 2100
2024-04-16 22:15 | INFO | Query 23 Size of the uncertainty table is = 960/1200
2024-04-16 22:15 | INFO | Query 23 Size of the filtered table is = 12
2024-04-16 22:15 | INFO | Query 23 Active Learning Runtime on Validation Set: 97919.31
2024-04-16 22:15 | INFO | Query 23 Active Learning Runtime on Test Set: 16630.89
2024-04-16 22:15 | INFO | Query 23 Active Learning Instance Cost: 41993.36
2024-04-16 22:15 | INFO | Timeout limit is increased to 2200
2024-04-16 22:15 | INFO | Query 24 Size of the uncertainty table is = 948/1200
2024-04-16 22:15 | INFO | Query 24 Size of the filtered table is = 12
2024-04-16 22:16 | INFO | Query 24 Active Learning Runtime on Validation Set: 97919.31
2024-04-16 22:16 | INFO | Query 24 Active Learning Runtime on Test Set: 16630.85
2024-04-16 22:16 | INFO | Query 24 Active Learning Instance Cost: 41998.33
2024-04-16 22:16 | INFO | Timeout limit is increased to 2300
2024-04-16 22:16 | INFO | Query 25 Size of the uncertainty table is = 936/1200
2024-04-16 22:16 | INFO | Query 25 Size of the filtered table is = 12
2024-04-16 22:16 | INFO | Query 25 Active Learning Runtime on Validation Set: 97919.31
2024-04-16 22:16 | INFO | Query 25 Active Learning Runtime on Test Set: 16630.91
2024-04-16 22:16 | INFO | Query 25 Active Learning Instance Cost: 43204.62
2024-04-16 22:16 | INFO | Timeout limit is increased to 2400
2024-04-16 22:16 | INFO | Query 26 Size of the uncertainty table is = 926/1200
2024-04-16 22:16 | INFO | Query 26 Size of the filtered table is = 12
2024-04-16 22:16 | INFO | Query 26 Active Learning Runtime on Validation Set: 97919.31
2024-04-16 22:16 | INFO | Query 26 Active Learning Runtime on Test Set: 16630.9
2024-04-16 22:16 | INFO | Query 26 Active Learning Instance Cost: 43413.35
2024-04-16 22:16 | INFO | Timeout limit is increased to 2500
2024-04-16 22:16 | INFO | Query 27 Size of the uncertainty table is = 915/1200
2024-04-16 22:16 | INFO | Query 27 Size of the filtered table is = 12
2024-04-16 22:16 | INFO | Query 27 Active Learning Runtime on Validation Set: 97919.31
2024-04-16 22:16 | INFO | Query 27 Active Learning Runtime on Test Set: 16630.91
2024-04-16 22:16 | INFO | Query 27 Active Learning Instance Cost: 50073.81
2024-04-16 22:16 | INFO | Timeout limit is increased to 2600
2024-04-16 22:16 | INFO | Query 28 Size of the uncertainty table is = 905/1200
2024-04-16 22:16 | INFO | Query 28 Size of the filtered table is = 12
2024-04-16 22:16 | INFO | Query 28 Active Learning Runtime on Validation Set: 97919.31
2024-04-16 22:16 | INFO | Query 28 Active Learning Runtime on Test Set: 16630.84
2024-04-16 22:16 | INFO | Query 28 Active Learning Instance Cost: 50465.78
2024-04-16 22:16 | INFO | Timeout limit is increased to 2700
2024-04-16 22:16 | INFO | Query 29 Size of the uncertainty table is = 894/1200
2024-04-16 22:16 | INFO | Query 29 Size of the filtered table is = 12
2024-04-16 22:16 | INFO | Query 29 Active Learning Runtime on Validation Set: 97919.31
2024-04-16 22:16 | INFO | Query 29 Active Learning Runtime on Test Set: 16631.25
2024-04-16 22:16 | INFO | Query 29 Active Learning Instance Cost: 50995.71
2024-04-16 22:16 | INFO | Timeout limit is increased to 2800
2024-04-16 22:16 | INFO | Query 30 Size of the uncertainty table is = 883/1200
2024-04-16 22:16 | INFO | Query 30 Size of the filtered table is = 12
2024-04-16 22:16 | INFO | Query 30 Active Learning Runtime on Validation Set: 97919.31
2024-04-16 22:16 | INFO | Query 30 Active Learning Runtime on Test Set: 16630.88
2024-04-16 22:16 | INFO | Query 30 Active Learning Instance Cost: 54129.81
2024-04-16 22:16 | INFO | Timeout limit is increased to 2900
2024-04-16 22:16 | INFO | Query 31 Size of the uncertainty table is = 872/1200
2024-04-16 22:16 | INFO | Query 31 Size of the filtered table is = 12
2024-04-16 22:16 | INFO | Query 31 Active Learning Runtime on Validation Set: 97919.31
2024-04-16 22:16 | INFO | Query 31 Active Learning Runtime on Test Set: 16630.92
2024-04-16 22:16 | INFO | Query 31 Active Learning Instance Cost: 57518.7
2024-04-16 22:16 | INFO | Timeout limit is increased to 3000
2024-04-16 22:16 | INFO | Query 32 Size of the uncertainty table is = 861/1200
2024-04-16 22:16 | INFO | Query 32 Size of the filtered table is = 12
2024-04-16 22:16 | INFO | Query 32 Active Learning Runtime on Validation Set: 97919.31
2024-04-16 22:16 | INFO | Query 32 Active Learning Runtime on Test Set: 16630.91
2024-04-16 22:16 | INFO | Query 32 Active Learning Instance Cost: 57740.82
2024-04-16 22:16 | INFO | Timeout limit is increased to 3100
2024-04-16 22:16 | INFO | Query 33 Size of the uncertainty table is = 850/1200
2024-04-16 22:16 | INFO | Query 33 Size of the filtered table is = 12
2024-04-16 22:16 | INFO | Query 33 Active Learning Runtime on Validation Set: 97919.31
2024-04-16 22:16 | INFO | Query 33 Active Learning Runtime on Test Set: 16631.26
2024-04-16 22:16 | INFO | Query 33 Active Learning Instance Cost: 67589.58
2024-04-16 22:16 | INFO | Timeout limit is increased to 3200
2024-04-16 22:16 | INFO | Query 34 Size of the uncertainty table is = 839/1200
2024-04-16 22:16 | INFO | Query 34 Size of the filtered table is = 12
2024-04-16 22:16 | INFO | Query 34 Active Learning Runtime on Validation Set: 97919.31
2024-04-16 22:16 | INFO | Query 34 Active Learning Runtime on Test Set: 16630.92
2024-04-16 22:16 | INFO | Query 34 Active Learning Instance Cost: 96253.76
2024-04-16 22:16 | INFO | Timeout limit is increased to 3300
2024-04-16 22:16 | INFO | Query 35 Size of the uncertainty table is = 829/1200
2024-04-16 22:16 | INFO | Query 35 Size of the filtered table is = 12
2024-04-16 22:16 | INFO | Query 35 Active Learning Runtime on Validation Set: 97919.31
2024-04-16 22:16 | INFO | Query 35 Active Learning Runtime on Test Set: 16630.94
2024-04-16 22:16 | INFO | Query 35 Active Learning Instance Cost: 113228.7
2024-04-16 22:16 | INFO | Timeout limit is increased to 3400
2024-04-16 22:16 | INFO | Query 36 Size of the uncertainty table is = 821/1200
2024-04-16 22:16 | INFO | Query 36 Size of the filtered table is = 12
2024-04-16 22:16 | INFO | Query 36 Active Learning Runtime on Validation Set: 97919.31
2024-04-16 22:16 | INFO | Query 36 Active Learning Runtime on Test Set: 16631.26
2024-04-16 22:16 | INFO | Query 36 Active Learning Instance Cost: 114081.54
2024-04-16 22:16 | INFO | Timeout limit is increased to 3500
2024-04-16 22:16 | INFO | Query 37 Size of the uncertainty table is = 813/1200
2024-04-16 22:16 | INFO | Query 37 Size of the filtered table is = 12
2024-04-16 22:17 | INFO | Query 37 Active Learning Runtime on Validation Set: 97919.31
2024-04-16 22:17 | INFO | Query 37 Active Learning Runtime on Test Set: 16630.93
2024-04-16 22:17 | INFO | Query 37 Active Learning Instance Cost: 118474.74
2024-04-16 22:17 | INFO | Timeout limit is increased to 3600
2024-04-16 22:17 | INFO | Query 38 Size of the uncertainty table is = 805/1200
2024-04-16 22:17 | INFO | Query 38 Size of the filtered table is = 12
2024-04-16 22:17 | INFO | Query 38 Active Learning Runtime on Validation Set: 97919.31
2024-04-16 22:17 | INFO | Query 38 Active Learning Runtime on Test Set: 16630.88
2024-04-16 22:17 | INFO | Query 38 Active Learning Instance Cost: 122686.24
2024-04-16 22:17 | INFO | Timeout limit is increased to 3600
2024-04-16 22:17 | INFO | Query 39 Size of the uncertainty table is = 786/1200
2024-04-16 22:17 | INFO | Query 39 Size of the filtered table is = 12
2024-04-16 22:17 | INFO | Query 39 Active Learning Runtime on Validation Set: 97919.31
2024-04-16 22:17 | INFO | Query 39 Active Learning Runtime on Test Set: 16630.9
2024-04-16 22:17 | INFO | Query 39 Active Learning Instance Cost: 122723.98
2024-04-16 22:17 | INFO | Timeout limit is increased to 3600
2024-04-16 22:17 | INFO | Query 40 Size of the uncertainty table is = 774/1200
2024-04-16 22:17 | INFO | Query 40 Size of the filtered table is = 12
2024-04-16 22:17 | INFO | Query 40 Active Learning Runtime on Validation Set: 97919.31
2024-04-16 22:17 | INFO | Query 40 Active Learning Runtime on Test Set: 16630.88
2024-04-16 22:17 | INFO | Query 40 Active Learning Instance Cost: 122733.06
2024-04-16 22:17 | INFO | Timeout limit is increased to 3600
2024-04-16 22:17 | INFO | Query 41 Size of the uncertainty table is = 762/1200
2024-04-16 22:17 | INFO | Query 41 Size of the filtered table is = 12
2024-04-16 22:17 | INFO | Query 41 Active Learning Runtime on Validation Set: 97919.31
2024-04-16 22:17 | INFO | Query 41 Active Learning Runtime on Test Set: 16630.9
2024-04-16 22:17 | INFO | Query 41 Active Learning Instance Cost: 122739.34
2024-04-16 22:17 | INFO | Timeout limit is increased to 3600
2024-04-16 22:17 | INFO | Query 42 Size of the uncertainty table is = 750/1200
2024-04-16 22:17 | INFO | Query 42 Size of the filtered table is = 12
2024-04-16 22:17 | INFO | Query 42 Active Learning Runtime on Validation Set: 97919.31
2024-04-16 22:17 | INFO | Query 42 Active Learning Runtime on Test Set: 16630.95
2024-04-16 22:17 | INFO | Query 42 Active Learning Instance Cost: 122747.59
2024-04-16 22:17 | INFO | Timeout limit is increased to 3600
2024-04-16 22:17 | INFO | Query 43 Size of the uncertainty table is = 738/1200
2024-04-16 22:17 | INFO | Query 43 Size of the filtered table is = 12
2024-04-16 22:17 | INFO | Query 43 Active Learning Runtime on Validation Set: 97919.31
2024-04-16 22:17 | INFO | Query 43 Active Learning Runtime on Test Set: 16630.89
2024-04-16 22:17 | INFO | Query 43 Active Learning Instance Cost: 122756.0
2024-04-16 22:17 | INFO | Timeout limit is increased to 3600
2024-04-16 22:17 | INFO | Query 44 Size of the uncertainty table is = 726/1200
2024-04-16 22:17 | INFO | Query 44 Size of the filtered table is = 12
2024-04-16 22:17 | INFO | Query 44 Active Learning Runtime on Validation Set: 97919.31
2024-04-16 22:17 | INFO | Query 44 Active Learning Runtime on Test Set: 16630.9
2024-04-16 22:17 | INFO | Query 44 Active Learning Instance Cost: 129969.96
2024-04-16 22:17 | INFO | Timeout limit is increased to 3600
2024-04-16 22:17 | INFO | Query 45 Size of the uncertainty table is = 714/1200
2024-04-16 22:17 | INFO | Query 45 Size of the filtered table is = 12
2024-04-16 22:17 | INFO | Query 45 Active Learning Runtime on Validation Set: 97919.31
2024-04-16 22:17 | INFO | Query 45 Active Learning Runtime on Test Set: 16631.23
2024-04-16 22:17 | INFO | Query 45 Active Learning Instance Cost: 140301.98
2024-04-16 22:17 | INFO | Timeout limit is increased to 3600
2024-04-16 22:17 | INFO | Query 46 Size of the uncertainty table is = 702/1200
2024-04-16 22:17 | INFO | Query 46 Size of the filtered table is = 12
2024-04-16 22:17 | INFO | Query 46 Active Learning Runtime on Validation Set: 97919.31
2024-04-16 22:17 | INFO | Query 46 Active Learning Runtime on Test Set: 16630.93
2024-04-16 22:17 | INFO | Query 46 Active Learning Instance Cost: 141636.9
2024-04-16 22:17 | INFO | Timeout limit is increased to 3600
2024-04-16 22:17 | INFO | Query 47 Size of the uncertainty table is = 690/1200
2024-04-16 22:17 | INFO | Query 47 Size of the filtered table is = 12
2024-04-16 22:17 | INFO | Query 47 Active Learning Runtime on Validation Set: 97919.31
2024-04-16 22:17 | INFO | Query 47 Active Learning Runtime on Test Set: 16630.95
2024-04-16 22:17 | INFO | Query 47 Active Learning Instance Cost: 141641.31
2024-04-16 22:17 | INFO | Timeout limit is increased to 3600
2024-04-16 22:17 | INFO | Query 48 Size of the uncertainty table is = 678/1200
2024-04-16 22:17 | INFO | Query 48 Size of the filtered table is = 12
2024-04-16 22:17 | INFO | Query 48 Active Learning Runtime on Validation Set: 97919.31
2024-04-16 22:17 | INFO | Query 48 Active Learning Runtime on Test Set: 16630.88
2024-04-16 22:17 | INFO | Query 48 Active Learning Instance Cost: 141647.44
2024-04-16 22:17 | INFO | Timeout limit is increased to 3600
2024-04-16 22:17 | INFO | Query 49 Size of the uncertainty table is = 666/1200
2024-04-16 22:17 | INFO | Query 49 Size of the filtered table is = 12
2024-04-16 22:17 | INFO | Query 49 Active Learning Runtime on Validation Set: 97919.31
2024-04-16 22:17 | INFO | Query 49 Active Learning Runtime on Test Set: 16630.93
2024-04-16 22:17 | INFO | Query 49 Active Learning Instance Cost: 145255.89
2024-04-16 22:17 | INFO | Timeout limit is increased to 3600
2024-04-16 22:17 | INFO | Query 50 Size of the uncertainty table is = 654/1200
2024-04-16 22:17 | INFO | Query 50 Size of the filtered table is = 12
2024-04-16 22:18 | INFO | Query 50 Active Learning Runtime on Validation Set: 97919.31
2024-04-16 22:18 | INFO | Query 50 Active Learning Runtime on Test Set: 16630.95
2024-04-16 22:18 | INFO | Query 50 Active Learning Instance Cost: 145261.67
2024-04-16 22:18 | INFO | Timeout limit is increased to 3600
2024-04-16 22:18 | INFO | Query 51 Size of the uncertainty table is = 642/1200
2024-04-16 22:18 | INFO | Query 51 Size of the filtered table is = 12
2024-04-16 22:18 | INFO | Query 51 Active Learning Runtime on Validation Set: 97919.31
2024-04-16 22:18 | INFO | Query 51 Active Learning Runtime on Test Set: 16630.9
2024-04-16 22:18 | INFO | Query 51 Active Learning Instance Cost: 148881.75
2024-04-16 22:18 | INFO | Timeout limit is increased to 3600
2024-04-16 22:18 | INFO | Query 52 Size of the uncertainty table is = 630/1200
2024-04-16 22:18 | INFO | Query 52 Size of the filtered table is = 12
2024-04-16 22:18 | INFO | Query 52 Active Learning Runtime on Validation Set: 97919.31
2024-04-16 22:18 | INFO | Query 52 Active Learning Runtime on Test Set: 16630.88
2024-04-16 22:18 | INFO | Query 52 Active Learning Instance Cost: 153354.51
2024-04-16 22:18 | INFO | Timeout limit is increased to 3600
2024-04-16 22:18 | INFO | Query 53 Size of the uncertainty table is = 618/1200
2024-04-16 22:18 | INFO | Query 53 Size of the filtered table is = 12
2024-04-16 22:18 | INFO | Query 53 Active Learning Runtime on Validation Set: 97919.31
2024-04-16 22:18 | INFO | Query 53 Active Learning Runtime on Test Set: 16630.92
2024-04-16 22:18 | INFO | Query 53 Active Learning Instance Cost: 153358.1
2024-04-16 22:18 | INFO | Timeout limit is increased to 3600
2024-04-16 22:18 | INFO | Query 54 Size of the uncertainty table is = 606/1200
2024-04-16 22:18 | INFO | Query 54 Size of the filtered table is = 12
2024-04-16 22:18 | INFO | Query 54 Active Learning Runtime on Validation Set: 93468.2
2024-04-16 22:18 | INFO | Query 54 Active Learning Runtime on Test Set: 16630.98
2024-04-16 22:18 | INFO | Query 54 Active Learning Instance Cost: 153359.85
2024-04-16 22:18 | INFO | Query 55 Size of the uncertainty table is = 594/1200
2024-04-16 22:18 | INFO | Query 55 Size of the filtered table is = 12
2024-04-16 22:18 | INFO | Query 55 Active Learning Runtime on Validation Set: 97919.31
2024-04-16 22:18 | INFO | Query 55 Active Learning Runtime on Test Set: 16631.27
2024-04-16 22:18 | INFO | Query 55 Active Learning Instance Cost: 153361.95
2024-04-16 22:18 | INFO | Timeout limit is increased to 3600
2024-04-16 22:18 | INFO | Query 56 Size of the uncertainty table is = 582/1200
2024-04-16 22:18 | INFO | Query 56 Size of the filtered table is = 12
2024-04-16 22:18 | INFO | Query 56 Active Learning Runtime on Validation Set: 97919.31
2024-04-16 22:18 | INFO | Query 56 Active Learning Runtime on Test Set: 16631.26
2024-04-16 22:18 | INFO | Query 56 Active Learning Instance Cost: 157847.57
2024-04-16 22:18 | INFO | Timeout limit is increased to 3600
2024-04-16 22:18 | INFO | Query 57 Size of the uncertainty table is = 570/1200
2024-04-16 22:18 | INFO | Query 57 Size of the filtered table is = 12
2024-04-16 22:18 | INFO | Query 57 Active Learning Runtime on Validation Set: 97919.31
2024-04-16 22:18 | INFO | Query 57 Active Learning Runtime on Test Set: 16631.26
2024-04-16 22:18 | INFO | Query 57 Active Learning Instance Cost: 176834.37
2024-04-16 22:18 | INFO | Timeout limit is increased to 3600
2024-04-16 22:18 | INFO | Query 58 Size of the uncertainty table is = 558/1200
2024-04-16 22:18 | INFO | Query 58 Size of the filtered table is = 12
2024-04-16 22:18 | INFO | Query 58 Active Learning Runtime on Validation Set: 97919.31
2024-04-16 22:18 | INFO | Query 58 Active Learning Runtime on Test Set: 16631.27
2024-04-16 22:18 | INFO | Query 58 Active Learning Instance Cost: 190629.05
2024-04-16 22:18 | INFO | Timeout limit is increased to 3600
2024-04-16 22:18 | INFO | Query 59 Size of the uncertainty table is = 546/1200
2024-04-16 22:18 | INFO | Query 59 Size of the filtered table is = 12
2024-04-16 22:18 | INFO | Query 59 Active Learning Runtime on Validation Set: 97919.31
2024-04-16 22:18 | INFO | Query 59 Active Learning Runtime on Test Set: 16630.93
2024-04-16 22:18 | INFO | Query 59 Active Learning Instance Cost: 205834.5
2024-04-16 22:18 | INFO | Timeout limit is increased to 3600
2024-04-16 22:18 | INFO | Query 60 Size of the uncertainty table is = 534/1200
2024-04-16 22:18 | INFO | Query 60 Size of the filtered table is = 12
2024-04-16 22:18 | INFO | Query 60 Active Learning Runtime on Validation Set: 97919.31
2024-04-16 22:18 | INFO | Query 60 Active Learning Runtime on Test Set: 16630.88
2024-04-16 22:18 | INFO | Query 60 Active Learning Instance Cost: 213292.51
2024-04-16 22:18 | INFO | Timeout limit is increased to 3600
2024-04-16 22:18 | INFO | Query 61 Size of the uncertainty table is = 522/1200
2024-04-16 22:18 | INFO | Query 61 Size of the filtered table is = 12
2024-04-16 22:18 | INFO | Query 61 Active Learning Runtime on Validation Set: 97919.31
2024-04-16 22:18 | INFO | Query 61 Active Learning Runtime on Test Set: 16630.89
2024-04-16 22:18 | INFO | Query 61 Active Learning Instance Cost: 213475.23
2024-04-16 22:18 | INFO | Timeout limit is increased to 3600
2024-04-16 22:18 | INFO | Query 62 Size of the uncertainty table is = 510/1200
2024-04-16 22:18 | INFO | Query 62 Size of the filtered table is = 12
2024-04-16 22:18 | INFO | Query 62 Active Learning Runtime on Validation Set: 97919.31
2024-04-16 22:18 | INFO | Query 62 Active Learning Runtime on Test Set: 16630.85
2024-04-16 22:18 | INFO | Query 62 Active Learning Instance Cost: 215530.81
2024-04-16 22:18 | INFO | Timeout limit is increased to 3600
2024-04-16 22:18 | INFO | Query 63 Size of the uncertainty table is = 498/1200
2024-04-16 22:18 | INFO | Query 63 Size of the filtered table is = 12
2024-04-16 22:19 | INFO | Query 63 Active Learning Runtime on Validation Set: 97919.31
2024-04-16 22:19 | INFO | Query 63 Active Learning Runtime on Test Set: 16630.84
2024-04-16 22:19 | INFO | Query 63 Active Learning Instance Cost: 215535.77
2024-04-16 22:19 | INFO | Timeout limit is increased to 3600
2024-04-16 22:19 | INFO | Query 64 Size of the uncertainty table is = 486/1200
2024-04-16 22:19 | INFO | Query 64 Size of the filtered table is = 12
2024-04-16 22:19 | INFO | Query 64 Active Learning Runtime on Validation Set: 97919.31
2024-04-16 22:19 | INFO | Query 64 Active Learning Runtime on Test Set: 16631.23
2024-04-16 22:19 | INFO | Query 64 Active Learning Instance Cost: 219145.67
2024-04-16 22:19 | INFO | Timeout limit is increased to 3600
2024-04-16 22:19 | INFO | Query 65 Size of the uncertainty table is = 474/1200
2024-04-16 22:19 | INFO | Query 65 Size of the filtered table is = 12
2024-04-16 22:19 | INFO | Query 65 Active Learning Runtime on Validation Set: 97919.31
2024-04-16 22:19 | INFO | Query 65 Active Learning Runtime on Test Set: 16631.25
2024-04-16 22:19 | INFO | Query 65 Active Learning Instance Cost: 239457.52
2024-04-16 22:19 | INFO | Timeout limit is increased to 3600
2024-04-16 22:19 | INFO | Query 66 Size of the uncertainty table is = 462/1200
2024-04-16 22:19 | INFO | Query 66 Size of the filtered table is = 12
2024-04-16 22:19 | INFO | Query 66 Active Learning Runtime on Validation Set: 97919.31
2024-04-16 22:19 | INFO | Query 66 Active Learning Runtime on Test Set: 16630.9
2024-04-16 22:19 | INFO | Query 66 Active Learning Instance Cost: 247113.75
2024-04-16 22:19 | INFO | Timeout limit is increased to 3600
2024-04-16 22:19 | INFO | Query 67 Size of the uncertainty table is = 450/1200
2024-04-16 22:19 | INFO | Query 67 Size of the filtered table is = 12
2024-04-16 22:19 | INFO | Query 67 Active Learning Runtime on Validation Set: 97919.31
2024-04-16 22:19 | INFO | Query 67 Active Learning Runtime on Test Set: 16630.9
2024-04-16 22:19 | INFO | Query 67 Active Learning Instance Cost: 247116.31
2024-04-16 22:19 | INFO | Timeout limit is increased to 3600
2024-04-16 22:19 | INFO | Query 68 Size of the uncertainty table is = 438/1200
2024-04-16 22:19 | INFO | Query 68 Size of the filtered table is = 12
2024-04-16 22:19 | INFO | Query 68 Active Learning Runtime on Validation Set: 97919.31
2024-04-16 22:19 | INFO | Query 68 Active Learning Runtime on Test Set: 16630.95
2024-04-16 22:19 | INFO | Query 68 Active Learning Instance Cost: 260479.53
2024-04-16 22:19 | INFO | Timeout limit is increased to 3600
2024-04-16 22:19 | INFO | Query 69 Size of the uncertainty table is = 426/1200
2024-04-16 22:19 | INFO | Query 69 Size of the filtered table is = 12
2024-04-16 22:19 | INFO | Query 69 Active Learning Runtime on Validation Set: 97919.31
2024-04-16 22:19 | INFO | Query 69 Active Learning Runtime on Test Set: 16630.83
2024-04-16 22:19 | INFO | Query 69 Active Learning Instance Cost: 264081.68
2024-04-16 22:19 | INFO | Timeout limit is increased to 3600
2024-04-16 22:19 | INFO | Query 70 Size of the uncertainty table is = 414/1200
2024-04-16 22:19 | INFO | Query 70 Size of the filtered table is = 12
2024-04-16 22:19 | INFO | Query 70 Active Learning Runtime on Validation Set: 97919.31
2024-04-16 22:19 | INFO | Query 70 Active Learning Runtime on Test Set: 16630.92
2024-04-16 22:19 | INFO | Query 70 Active Learning Instance Cost: 268240.46
2024-04-16 22:19 | INFO | Timeout limit is increased to 3600
2024-04-16 22:19 | INFO | Query 71 Size of the uncertainty table is = 402/1200
2024-04-16 22:19 | INFO | Query 71 Size of the filtered table is = 12
2024-04-16 22:19 | INFO | Query 71 Active Learning Runtime on Validation Set: 97919.31
2024-04-16 22:19 | INFO | Query 71 Active Learning Runtime on Test Set: 16630.88
2024-04-16 22:19 | INFO | Query 71 Active Learning Instance Cost: 269998.41
2024-04-16 22:19 | INFO | Timeout limit is increased to 3600
2024-04-16 22:19 | INFO | Query 72 Size of the uncertainty table is = 390/1200
2024-04-16 22:19 | INFO | Query 72 Size of the filtered table is = 12
2024-04-16 22:19 | INFO | Query 72 Active Learning Runtime on Validation Set: 97919.31
2024-04-16 22:19 | INFO | Query 72 Active Learning Runtime on Test Set: 16631.2
2024-04-16 22:19 | INFO | Query 72 Active Learning Instance Cost: 305473.5
2024-04-16 22:19 | INFO | Timeout limit is increased to 3600
2024-04-16 22:19 | INFO | Query 73 Size of the uncertainty table is = 378/1200
2024-04-16 22:19 | INFO | Query 73 Size of the filtered table is = 12
2024-04-16 22:19 | INFO | Query 73 Active Learning Runtime on Validation Set: 97919.31
2024-04-16 22:19 | INFO | Query 73 Active Learning Runtime on Test Set: 16571.25
2024-04-16 22:19 | INFO | Query 73 Active Learning Instance Cost: 306715.06
2024-04-16 22:19 | INFO | Timeout limit is increased to 3600
2024-04-16 22:19 | INFO | Query 74 Size of the uncertainty table is = 366/1200
2024-04-16 22:19 | INFO | Query 74 Size of the filtered table is = 12
2024-04-16 22:19 | INFO | Query 74 Active Learning Runtime on Validation Set: 97919.31
2024-04-16 22:19 | INFO | Query 74 Active Learning Runtime on Test Set: 16571.61
2024-04-16 22:19 | INFO | Query 74 Active Learning Instance Cost: 318051.68
2024-04-16 22:19 | INFO | Timeout limit is increased to 3600
2024-04-16 22:19 | INFO | Query 75 Size of the uncertainty table is = 354/1200
2024-04-16 22:19 | INFO | Query 75 Size of the filtered table is = 12
2024-04-16 22:19 | INFO | Query 75 Active Learning Runtime on Validation Set: 97919.31
2024-04-16 22:19 | INFO | Query 75 Active Learning Runtime on Test Set: 16571.54
2024-04-16 22:19 | INFO | Query 75 Active Learning Instance Cost: 322762.21
2024-04-16 22:19 | INFO | Timeout limit is increased to 3600
2024-04-16 22:19 | INFO | Query 76 Size of the uncertainty table is = 342/1200
2024-04-16 22:19 | INFO | Query 76 Size of the filtered table is = 12
2024-04-16 22:20 | INFO | Query 76 Active Learning Runtime on Validation Set: 97919.31
2024-04-16 22:20 | INFO | Query 76 Active Learning Runtime on Test Set: 16571.6
2024-04-16 22:20 | INFO | Query 76 Active Learning Instance Cost: 337629.67
2024-04-16 22:20 | INFO | Timeout limit is increased to 3600
2024-04-16 22:20 | INFO | Query 77 Size of the uncertainty table is = 330/1200
2024-04-16 22:20 | INFO | Query 77 Size of the filtered table is = 12
2024-04-16 22:20 | INFO | Query 77 Active Learning Runtime on Validation Set: 97919.31
2024-04-16 22:20 | INFO | Query 77 Active Learning Runtime on Test Set: 16571.63
2024-04-16 22:20 | INFO | Query 77 Active Learning Instance Cost: 339691.64
2024-04-16 22:20 | INFO | Timeout limit is increased to 3600
2024-04-16 22:20 | INFO | Query 78 Size of the uncertainty table is = 318/1200
2024-04-16 22:20 | INFO | Query 78 Size of the filtered table is = 12
2024-04-16 22:20 | INFO | Query 78 Active Learning Runtime on Validation Set: 97919.31
2024-04-16 22:20 | INFO | Query 78 Active Learning Runtime on Test Set: 16571.6
2024-04-16 22:20 | INFO | Query 78 Active Learning Instance Cost: 343431.73
2024-04-16 22:20 | INFO | Timeout limit is increased to 3600
2024-04-16 22:20 | INFO | Query 79 Size of the uncertainty table is = 306/1200
2024-04-16 22:20 | INFO | Query 79 Size of the filtered table is = 12
2024-04-16 22:20 | INFO | Query 79 Active Learning Runtime on Validation Set: 97919.31
2024-04-16 22:20 | INFO | Query 79 Active Learning Runtime on Test Set: 16571.29
2024-04-16 22:20 | INFO | Query 79 Active Learning Instance Cost: 343442.19
2024-04-16 22:20 | INFO | Timeout limit is increased to 3600
2024-04-16 22:20 | INFO | Query 80 Size of the uncertainty table is = 294/1200
2024-04-16 22:20 | INFO | Query 80 Size of the filtered table is = 12
2024-04-16 22:20 | INFO | Query 80 Active Learning Runtime on Validation Set: 97919.31
2024-04-16 22:20 | INFO | Query 80 Active Learning Runtime on Test Set: 16571.26
2024-04-16 22:20 | INFO | Query 80 Active Learning Instance Cost: 348105.49
2024-04-16 22:20 | INFO | Timeout limit is increased to 3600
2024-04-16 22:20 | INFO | Query 81 Size of the uncertainty table is = 282/1200
2024-04-16 22:20 | INFO | Query 81 Size of the filtered table is = 12
2024-04-16 22:20 | INFO | Query 81 Active Learning Runtime on Validation Set: 97919.31
2024-04-16 22:20 | INFO | Query 81 Active Learning Runtime on Test Set: 16571.28
2024-04-16 22:20 | INFO | Query 81 Active Learning Instance Cost: 363300.64
2024-04-16 22:20 | INFO | Timeout limit is increased to 3600
2024-04-16 22:20 | INFO | Query 82 Size of the uncertainty table is = 270/1200
2024-04-16 22:20 | INFO | Query 82 Size of the filtered table is = 12
2024-04-16 22:20 | INFO | Query 82 Active Learning Runtime on Validation Set: 97919.31
2024-04-16 22:20 | INFO | Query 82 Active Learning Runtime on Test Set: 16571.29
2024-04-16 22:20 | INFO | Query 82 Active Learning Instance Cost: 385308.9
2024-04-16 22:20 | INFO | Timeout limit is increased to 3600
2024-04-16 22:20 | INFO | Query 83 Size of the uncertainty table is = 258/1200
2024-04-16 22:20 | INFO | Query 83 Size of the filtered table is = 12
2024-04-16 22:20 | INFO | Query 83 Active Learning Runtime on Validation Set: 97919.31
2024-04-16 22:20 | INFO | Query 83 Active Learning Runtime on Test Set: 16571.29
2024-04-16 22:20 | INFO | Query 83 Active Learning Instance Cost: 385586.88
2024-04-16 22:20 | INFO | Timeout limit is increased to 3600
2024-04-16 22:20 | INFO | Query 84 Size of the uncertainty table is = 246/1200
2024-04-16 22:20 | INFO | Query 84 Size of the filtered table is = 12
2024-04-16 22:20 | INFO | Query 84 Active Learning Runtime on Validation Set: 97919.31
2024-04-16 22:20 | INFO | Query 84 Active Learning Runtime on Test Set: 16571.26
2024-04-16 22:20 | INFO | Query 84 Active Learning Instance Cost: 412545.38
2024-04-16 22:20 | INFO | Timeout limit is increased to 3600
2024-04-16 22:20 | INFO | Query 85 Size of the uncertainty table is = 234/1200
2024-04-16 22:20 | INFO | Query 85 Size of the filtered table is = 12
2024-04-16 22:20 | INFO | Query 85 Active Learning Runtime on Validation Set: 97919.31
2024-04-16 22:20 | INFO | Query 85 Active Learning Runtime on Test Set: 16571.26
2024-04-16 22:20 | INFO | Query 85 Active Learning Instance Cost: 421627.27
2024-04-16 22:20 | INFO | Timeout limit is increased to 3600
2024-04-16 22:20 | INFO | Query 86 Size of the uncertainty table is = 222/1200
2024-04-16 22:20 | INFO | Query 86 Size of the filtered table is = 12
2024-04-16 22:20 | INFO | Query 86 Active Learning Runtime on Validation Set: 97919.31
2024-04-16 22:20 | INFO | Query 86 Active Learning Runtime on Test Set: 16571.3
2024-04-16 22:20 | INFO | Query 86 Active Learning Instance Cost: 421697.03
2024-04-16 22:20 | INFO | Timeout limit is increased to 3600
2024-04-16 22:20 | INFO | Query 87 Size of the uncertainty table is = 210/1200
2024-04-16 22:20 | INFO | Query 87 Size of the filtered table is = 12
2024-04-16 22:20 | INFO | Query 87 Active Learning Runtime on Validation Set: 97919.31
2024-04-16 22:20 | INFO | Query 87 Active Learning Runtime on Test Set: 16571.58
2024-04-16 22:20 | INFO | Query 87 Active Learning Instance Cost: 444667.41
2024-04-16 22:20 | INFO | Timeout limit is increased to 3600
2024-04-16 22:20 | INFO | Query 88 Size of the uncertainty table is = 198/1200
2024-04-16 22:20 | INFO | Query 88 Size of the filtered table is = 12
2024-04-16 22:21 | INFO | Query 88 Active Learning Runtime on Validation Set: 97919.31
2024-04-16 22:21 | INFO | Query 88 Active Learning Runtime on Test Set: 16571.26
2024-04-16 22:21 | INFO | Query 88 Active Learning Instance Cost: 451974.64
2024-04-16 22:21 | INFO | Timeout limit is increased to 3600
2024-04-16 22:21 | INFO | Query 89 Size of the uncertainty table is = 186/1200
2024-04-16 22:21 | INFO | Query 89 Size of the filtered table is = 12
2024-04-16 22:21 | INFO | Query 89 Active Learning Runtime on Validation Set: 97919.31
2024-04-16 22:21 | INFO | Query 89 Active Learning Runtime on Test Set: 16571.57
2024-04-16 22:21 | INFO | Query 89 Active Learning Instance Cost: 452633.48
2024-04-16 22:21 | INFO | Timeout limit is increased to 3600
2024-04-16 22:21 | INFO | Query 90 Size of the uncertainty table is = 174/1200
2024-04-16 22:21 | INFO | Query 90 Size of the filtered table is = 12
2024-04-16 22:21 | INFO | Query 90 Active Learning Runtime on Validation Set: 97919.31
2024-04-16 22:21 | INFO | Query 90 Active Learning Runtime on Test Set: 16571.53
2024-04-16 22:21 | INFO | Query 90 Active Learning Instance Cost: 456930.05
2024-04-16 22:21 | INFO | Timeout limit is increased to 3600
2024-04-16 22:21 | INFO | Query 91 Size of the uncertainty table is = 162/1200
2024-04-16 22:21 | INFO | Query 91 Size of the filtered table is = 12
2024-04-16 22:21 | INFO | Query 91 Active Learning Runtime on Validation Set: 97919.31
2024-04-16 22:21 | INFO | Query 91 Active Learning Runtime on Test Set: 16571.24
2024-04-16 22:21 | INFO | Query 91 Active Learning Instance Cost: 460930.05
2024-04-16 22:21 | INFO | Timeout limit is increased to 3600
2024-04-16 22:21 | INFO | Query 92 Size of the uncertainty table is = 150/1200
2024-04-16 22:21 | INFO | Query 92 Size of the filtered table is = 12
2024-04-16 22:21 | INFO | Query 92 Active Learning Runtime on Validation Set: 97919.31
2024-04-16 22:21 | INFO | Query 92 Active Learning Runtime on Test Set: 16571.28
2024-04-16 22:21 | INFO | Query 92 Active Learning Instance Cost: 464685.16
2024-04-16 22:21 | INFO | Timeout limit is increased to 3600
2024-04-16 22:21 | INFO | Query 93 Size of the uncertainty table is = 138/1200
2024-04-16 22:21 | INFO | Query 93 Size of the filtered table is = 12
2024-04-16 22:21 | INFO | Query 93 Active Learning Runtime on Validation Set: 97919.31
2024-04-16 22:21 | INFO | Query 93 Active Learning Runtime on Test Set: 16571.25
2024-04-16 22:21 | INFO | Query 93 Active Learning Instance Cost: 476548.95
2024-04-16 22:21 | INFO | Timeout limit is increased to 3600
2024-04-16 22:21 | INFO | Query 94 Size of the uncertainty table is = 126/1200
2024-04-16 22:21 | INFO | Query 94 Size of the filtered table is = 12
2024-04-16 22:21 | INFO | Query 94 Active Learning Runtime on Validation Set: 97919.31
2024-04-16 22:21 | INFO | Query 94 Active Learning Runtime on Test Set: 16571.25
2024-04-16 22:21 | INFO | Query 94 Active Learning Instance Cost: 489433.44
2024-04-16 22:21 | INFO | Timeout limit is increased to 3600
2024-04-16 22:21 | INFO | Query 95 Size of the uncertainty table is = 114/1200
2024-04-16 22:21 | INFO | Query 95 Size of the filtered table is = 12
2024-04-16 22:21 | INFO | Query 95 Active Learning Runtime on Validation Set: 97919.31
2024-04-16 22:21 | INFO | Query 95 Active Learning Runtime on Test Set: 16571.29
2024-04-16 22:21 | INFO | Query 95 Active Learning Instance Cost: 506844.5
2024-04-16 22:21 | INFO | Timeout limit is increased to 3600
2024-04-16 22:21 | INFO | Query 96 Size of the uncertainty table is = 102/1200
2024-04-16 22:21 | INFO | Query 96 Size of the filtered table is = 12
2024-04-16 22:21 | INFO | Query 96 Active Learning Runtime on Validation Set: 97919.31
2024-04-16 22:21 | INFO | Query 96 Active Learning Runtime on Test Set: 16571.19
2024-04-16 22:21 | INFO | Query 96 Active Learning Instance Cost: 511764.5
2024-04-16 22:21 | INFO | Timeout limit is increased to 3600
2024-04-16 22:21 | INFO | Query 97 Size of the uncertainty table is = 90/1200
2024-04-16 22:21 | INFO | Query 97 Size of the filtered table is = 12
2024-04-16 22:21 | INFO | Query 97 Active Learning Runtime on Validation Set: 97919.31
2024-04-16 22:21 | INFO | Query 97 Active Learning Runtime on Test Set: 16571.3
2024-04-16 22:21 | INFO | Query 97 Active Learning Instance Cost: 516931.9
2024-04-16 22:21 | INFO | Timeout limit is increased to 3600
2024-04-16 22:21 | INFO | Query 98 Size of the uncertainty table is = 78/1200
2024-04-16 22:21 | INFO | Query 98 Size of the filtered table is = 12
2024-04-16 22:21 | INFO | Query 98 Active Learning Runtime on Validation Set: 97919.31
2024-04-16 22:21 | INFO | Query 98 Active Learning Runtime on Test Set: 16571.32
2024-04-16 22:21 | INFO | Query 98 Active Learning Instance Cost: 516948.25
2024-04-16 22:21 | INFO | Timeout limit is increased to 3600
2024-04-16 22:21 | INFO | Query 99 Size of the uncertainty table is = 66/1200
2024-04-16 22:21 | INFO | Query 99 Size of the filtered table is = 12
2024-04-16 22:21 | INFO | Query 99 Active Learning Runtime on Validation Set: 97919.31
2024-04-16 22:21 | INFO | Query 99 Active Learning Runtime on Test Set: 16571.29
2024-04-16 22:21 | INFO | Query 99 Active Learning Instance Cost: 533384.12
2024-04-16 22:21 | INFO | Timeout limit is increased to 3600
2024-04-16 22:21 | INFO | Query 100 Size of the uncertainty table is = 54/1200
2024-04-16 22:21 | INFO | Query 100 Size of the filtered table is = 12
2024-04-16 22:21 | INFO | Query 100 Active Learning Runtime on Validation Set: 97919.31
2024-04-16 22:21 | INFO | Query 100 Active Learning Runtime on Test Set: 16571.29
2024-04-16 22:21 | INFO | Query 100 Active Learning Instance Cost: 563049.89
2024-04-16 22:21 | INFO | Timeout limit is increased to 3600
2024-04-16 22:21 | INFO | Query 101 Size of the uncertainty table is = 42/1200
2024-04-16 22:21 | INFO | Query 101 Size of the filtered table is = 12
2024-04-16 22:22 | INFO | Query 101 Active Learning Runtime on Validation Set: 97919.31
2024-04-16 22:22 | INFO | Query 101 Active Learning Runtime on Test Set: 16571.29
2024-04-16 22:22 | INFO | Query 101 Active Learning Instance Cost: 574297.61
2024-04-16 22:22 | INFO | Timeout limit is increased to 3600
2024-04-16 22:22 | INFO | Query 102 Size of the uncertainty table is = 30/1200
2024-04-16 22:22 | INFO | Query 102 Size of the filtered table is = 12
2024-04-16 22:22 | INFO | Query 102 Active Learning Runtime on Validation Set: 97919.31
2024-04-16 22:22 | INFO | Query 102 Active Learning Runtime on Test Set: 16571.59
2024-04-16 22:22 | INFO | Query 102 Active Learning Instance Cost: 590531.49
2024-04-16 22:22 | INFO | Timeout limit is increased to 3600
2024-04-16 22:22 | INFO | Query 103 Size of the uncertainty table is = 18/1200
2024-04-16 22:22 | INFO | Query 103 Size of the filtered table is = 12
2024-04-16 22:22 | INFO | Query 103 Active Learning Runtime on Validation Set: 97919.31
2024-04-16 22:22 | INFO | Query 103 Active Learning Runtime on Test Set: 16571.63
2024-04-16 22:22 | INFO | Query 103 Active Learning Instance Cost: 590735.38
2024-04-16 22:22 | INFO | Timeout limit is increased to 3600
2024-04-16 22:22 | INFO | Query 104 Size of the uncertainty table is = 6/1200
2024-04-16 22:22 | INFO | Query 104 Size of the filtered table is = 6
2024-04-16 22:22 | INFO | Query 104 Active Learning Runtime on Validation Set: 97919.31
2024-04-16 22:22 | INFO | Query 104 Active Learning Runtime on Test Set: 16571.66
2024-04-16 22:22 | INFO | Query 104 Active Learning Instance Cost: 594550.87
2024-04-16 22:22 | INFO | Timeout limit is increased to 3600
2024-04-16 22:22 | INFO | runtime_test_score is written as json file
2024-04-16 22:22 | INFO | runtime_validation_score is written as json file
2024-04-16 22:22 | INFO | instance_cost is written as json file
2024-04-16 22:22 | INFO | Experiment is finished
