2024-04-17 11:11 | INFO | Paramaters are: {'dataset': 'ASP-POTASSCO', 'penalty': 10, 'weight': 'No_Weight', 'voting': 'Hard', 'pre_selection_size': 64, 'pre_selection_technique': 'No_pre_selection', 'feature_elimination_threshold': 20, 'imputer_strategy': 'median', 'feature_selection_technique': 'No_feature_selection', 'feature_scaling_technique': 'StandardScaler', 'initial_train_size': 20, 'query_size': 1, 'timeout_predictor_usage': 'Yes', 'timeout_limit': 3600, 'timeout_increase_rate': 100, 'RANDOM_STATE_SEED': 12345, 'n_splits': 10, 'split_number': 0, 'max_timeout': 3600, 'param_grid': {'n_estimators': 100, 'criterion': 'gini', 'max_features': 'sqrt', 'max_depth': 2147483648, 'min_samples_split': 2, 'bootstrap': True}}
2024-04-17 11:11 | INFO | ASP-POTASSCO is current dataset
2024-04-17 11:11 | INFO | DATASETS/ASP-POTASSCO/algorithm_runs.arff is found
2024-04-17 11:11 | INFO | DATASETS/ASP-POTASSCO/algorithm_runs.arff is finished
2024-04-17 11:11 | INFO | DATASETS/ASP-POTASSCO/feature_values.arff is found
2024-04-17 11:11 | INFO | DATASETS/ASP-POTASSCO/feature_values.arff is finished
2024-04-17 11:11 | INFO | DATASETS/ASP-POTASSCO/feature_costs.arff is found
2024-04-17 11:11 | INFO | DATASETS/ASP-POTASSCO/feature_costs.arff is finished
2024-04-17 11:11 | INFO | Virtual best solver time in train = 21140.61
2024-04-17 11:11 | INFO | Single best solver list train = {'clasp/2.1.3/h1-n1': 3008850.21, 'clasp/2.1.3/h10-n1': 4992160.2, 'clasp/2.1.3/h11-n1': 6794590.55, 'clasp/2.1.3/h2-n1': 5171424.8, 'clasp/2.1.3/h3-n1': 5592661.25, 'clasp/2.1.3/h4-n1': 3667626.39, 'clasp/2.1.3/h5-n1': 4773832.28, 'clasp/2.1.3/h6-n1': 4095717.7, 'clasp/2.1.3/h7-n1': 6464005.48, 'clasp/2.1.3/h8-n1': 2814618.26, 'clasp/2.1.3/h9-n1': 4494947.49}
2024-04-17 11:11 | INFO | Single best solver time train = clasp/2.1.3/h8-n1 (2814618.26)
2024-04-17 11:11 | INFO | Virtual best solver time in validation = 2917.37
2024-04-17 11:11 | INFO | Single best solver list validation = {'clasp/2.1.3/h1-n1': 304775.57, 'clasp/2.1.3/h10-n1': 616598.6, 'clasp/2.1.3/h11-n1': 2533599.6, 'clasp/2.1.3/h2-n1': 546611.26, 'clasp/2.1.3/h3-n1': 1996152.6, 'clasp/2.1.3/h4-n1': 734625.26, 'clasp/2.1.3/h5-n1': 294940.0, 'clasp/2.1.3/h6-n1': 617549.57, 'clasp/2.1.3/h7-n1': 698850.98, 'clasp/2.1.3/h8-n1': 833062.28, 'clasp/2.1.3/h9-n1': 1743909.01}
2024-04-17 11:11 | INFO | Single best solver time validation = clasp/2.1.3/h5-n1 (294940.0)
2024-04-17 11:11 | INFO | Virtual best solver time in test = 3220.34
2024-04-17 11:11 | INFO | Single best solver list test = {'clasp/2.1.3/h1-n1': 363305.52, 'clasp/2.1.3/h10-n1': 723759.2, 'clasp/2.1.3/h11-n1': 940145.23, 'clasp/2.1.3/h2-n1': 723068.55, 'clasp/2.1.3/h3-n1': 1265188.17, 'clasp/2.1.3/h4-n1': 582598.23, 'clasp/2.1.3/h5-n1': 580582.45, 'clasp/2.1.3/h6-n1': 438413.22, 'clasp/2.1.3/h7-n1': 904024.43, 'clasp/2.1.3/h8-n1': 547429.57, 'clasp/2.1.3/h9-n1': 795272.14}
2024-04-17 11:11 | INFO | Single best solver time test = clasp/2.1.3/h1-n1 (363305.52)
2024-04-17 11:14 | INFO | Passive Learning Runtime on Validation Set: 402244.03
2024-04-17 11:14 | INFO | Passive Learning Runtime on Test Set: 40543.52
2024-04-17 11:14 | INFO | Passive Learning Instance Cost: 5473634.6
2024-04-17 11:16 | INFO | Initial Active Learning Runtime on Validation Set: 737736.47
2024-04-17 11:16 | INFO | Initial Active Learning Runtime on Test Set: 402247.31
2024-04-17 11:16 | INFO | Initial Active Learning Instance Cost: 86761.04
2024-04-17 11:16 | INFO | Bin size = 393
2024-04-17 11:16 | INFO | Query 1 Size of the uncertainty table is = 39270/39270
2024-04-17 11:16 | INFO | Query 1 Size of the filtered table is = 393
2024-04-17 11:19 | INFO | Query 1 Active Learning Runtime on Validation Set: 657304.76
2024-04-17 11:19 | INFO | Query 1 Active Learning Runtime on Test Set: 365761.84
2024-04-17 11:19 | INFO | Query 1 Active Learning Instance Cost: 335145.04
2024-04-17 11:19 | INFO | Query 2 Size of the uncertainty table is = 38486/39270
2024-04-17 11:19 | INFO | Query 2 Size of the filtered table is = 393
2024-04-17 11:22 | INFO | Query 2 Active Learning Runtime on Validation Set: 582306.97
2024-04-17 11:22 | INFO | Query 2 Active Learning Runtime on Test Set: 257036.23
2024-04-17 11:22 | INFO | Query 2 Active Learning Instance Cost: 648815.63
2024-04-17 11:22 | INFO | Query 3 Size of the uncertainty table is = 37232/39270
2024-04-17 11:22 | INFO | Query 3 Size of the filtered table is = 393
2024-04-17 11:25 | INFO | Query 3 Active Learning Runtime on Validation Set: 332305.96
2024-04-17 11:25 | INFO | Query 3 Active Learning Runtime on Test Set: 184757.95
2024-04-17 11:25 | INFO | Query 3 Active Learning Instance Cost: 982917.91
2024-04-17 11:25 | INFO | Query 4 Size of the uncertainty table is = 35642/39270
2024-04-17 11:25 | INFO | Query 4 Size of the filtered table is = 393
2024-04-17 11:27 | INFO | Query 4 Active Learning Runtime on Validation Set: 115970.46
2024-04-17 11:27 | INFO | Query 4 Active Learning Runtime on Test Set: 149092.75
2024-04-17 11:27 | INFO | Query 4 Active Learning Instance Cost: 1268467.56
2024-04-17 11:27 | INFO | Query 5 Size of the uncertainty table is = 33679/39270
2024-04-17 11:27 | INFO | Query 5 Size of the filtered table is = 393
2024-04-17 11:30 | INFO | Query 5 Active Learning Runtime on Validation Set: 222962.88
2024-04-17 11:30 | INFO | Query 5 Active Learning Runtime on Test Set: 149151.13
2024-04-17 11:30 | INFO | Query 5 Active Learning Instance Cost: 1515256.61
2024-04-17 11:30 | INFO | Timeout limit is increased to 3600
2024-04-17 11:30 | INFO | Query 6 Size of the uncertainty table is = 31534/39270
2024-04-17 11:30 | INFO | Query 6 Size of the filtered table is = 393
2024-04-17 11:33 | INFO | Query 6 Active Learning Runtime on Validation Set: 223688.7
2024-04-17 11:33 | INFO | Query 6 Active Learning Runtime on Test Set: 113033.79
2024-04-17 11:33 | INFO | Query 6 Active Learning Instance Cost: 1757825.38
2024-04-17 11:33 | INFO | Timeout limit is increased to 3600
2024-04-17 11:33 | INFO | Query 7 Size of the uncertainty table is = 29113/39270
2024-04-17 11:33 | INFO | Query 7 Size of the filtered table is = 393
2024-04-17 11:36 | INFO | Query 7 Active Learning Runtime on Validation Set: 151797.0
2024-04-17 11:36 | INFO | Query 7 Active Learning Runtime on Test Set: 112483.63
2024-04-17 11:36 | INFO | Query 7 Active Learning Instance Cost: 1974244.06
2024-04-17 11:36 | INFO | Query 8 Size of the uncertainty table is = 26661/39270
2024-04-17 11:36 | INFO | Query 8 Size of the filtered table is = 393
2024-04-17 11:39 | INFO | Query 8 Active Learning Runtime on Validation Set: 295834.23000000004
2024-04-17 11:39 | INFO | Query 8 Active Learning Runtime on Test Set: 112460.68
2024-04-17 11:39 | INFO | Query 8 Active Learning Instance Cost: 2152659.19
2024-04-17 11:39 | INFO | Timeout limit is increased to 3600
2024-04-17 11:39 | INFO | Query 9 Size of the uncertainty table is = 24162/39270
2024-04-17 11:39 | INFO | Query 9 Size of the filtered table is = 393
2024-04-17 11:42 | INFO | Query 9 Active Learning Runtime on Validation Set: 365859.63
2024-04-17 11:42 | INFO | Query 9 Active Learning Runtime on Test Set: 112098.22
2024-04-17 11:42 | INFO | Query 9 Active Learning Instance Cost: 2347566.7
2024-04-17 11:42 | INFO | Timeout limit is increased to 3600
2024-04-17 11:42 | INFO | Query 10 Size of the uncertainty table is = 21550/39270
2024-04-17 11:42 | INFO | Query 10 Size of the filtered table is = 393
2024-04-17 11:45 | INFO | Query 10 Active Learning Runtime on Validation Set: 330851.92000000004
2024-04-17 11:45 | INFO | Query 10 Active Learning Runtime on Test Set: 111902.17
2024-04-17 11:45 | INFO | Query 10 Active Learning Instance Cost: 2552650.73
2024-04-17 11:45 | INFO | Query 11 Size of the uncertainty table is = 18868/39270
2024-04-17 11:45 | INFO | Query 11 Size of the filtered table is = 393
2024-04-17 11:48 | INFO | Query 11 Active Learning Runtime on Validation Set: 330536.49
2024-04-17 11:48 | INFO | Query 11 Active Learning Runtime on Test Set: 76164.94
2024-04-17 11:48 | INFO | Query 11 Active Learning Instance Cost: 2794424.22
2024-04-17 11:48 | INFO | Query 12 Size of the uncertainty table is = 16304/39270
2024-04-17 11:48 | INFO | Query 12 Size of the filtered table is = 393
2024-04-17 11:51 | INFO | Query 12 Active Learning Runtime on Validation Set: 437948.54000000004
2024-04-17 11:51 | INFO | Query 12 Active Learning Runtime on Test Set: 148231.54
2024-04-17 11:51 | INFO | Query 12 Active Learning Instance Cost: 3005971.24
2024-04-17 11:51 | INFO | Timeout limit is increased to 3600
2024-04-17 11:51 | INFO | Query 13 Size of the uncertainty table is = 13683/39270
2024-04-17 11:51 | INFO | Query 13 Size of the filtered table is = 393
2024-04-17 11:54 | INFO | Query 13 Active Learning Runtime on Validation Set: 366138.01
2024-04-17 11:54 | INFO | Query 13 Active Learning Runtime on Test Set: 112652.17
2024-04-17 11:54 | INFO | Query 13 Active Learning Instance Cost: 3169629.81
2024-04-17 11:54 | INFO | Query 14 Size of the uncertainty table is = 11227/39270
2024-04-17 11:54 | INFO | Query 14 Size of the filtered table is = 393
2024-04-17 11:57 | INFO | Query 14 Active Learning Runtime on Validation Set: 330352.06
2024-04-17 11:57 | INFO | Query 14 Active Learning Runtime on Test Set: 40605.409999999996
2024-04-17 11:57 | INFO | Query 14 Active Learning Instance Cost: 3479982.66
2024-04-17 11:57 | INFO | Query 15 Size of the uncertainty table is = 8881/39270
2024-04-17 11:57 | INFO | Query 15 Size of the filtered table is = 393
2024-04-17 12:00 | INFO | Query 15 Active Learning Runtime on Validation Set: 401900.49
2024-04-17 12:00 | INFO | Query 15 Active Learning Runtime on Test Set: 148341.28000000003
2024-04-17 12:00 | INFO | Query 15 Active Learning Instance Cost: 3816508.9
2024-04-17 12:00 | INFO | Timeout limit is increased to 3600
2024-04-17 12:00 | INFO | Query 16 Size of the uncertainty table is = 6495/39270
2024-04-17 12:00 | INFO | Query 16 Size of the filtered table is = 393
2024-04-17 12:03 | INFO | Query 16 Active Learning Runtime on Validation Set: 401626.08
2024-04-17 12:03 | INFO | Query 16 Active Learning Runtime on Test Set: 76526.88
2024-04-17 12:03 | INFO | Query 16 Active Learning Instance Cost: 4119214.36
2024-04-17 12:03 | INFO | Query 17 Size of the uncertainty table is = 4341/39270
2024-04-17 12:03 | INFO | Query 17 Size of the filtered table is = 393
2024-04-17 12:06 | INFO | Query 17 Active Learning Runtime on Validation Set: 366678.35000000003
2024-04-17 12:06 | INFO | Query 17 Active Learning Runtime on Test Set: 112270.52
2024-04-17 12:06 | INFO | Query 17 Active Learning Instance Cost: 4551424.22
2024-04-17 12:06 | INFO | Query 18 Size of the uncertainty table is = 2568/39270
2024-04-17 12:06 | INFO | Query 18 Size of the filtered table is = 393
2024-04-17 12:09 | INFO | Query 18 Active Learning Runtime on Validation Set: 402077.22000000003
2024-04-17 12:09 | INFO | Query 18 Active Learning Runtime on Test Set: 76605.31999999999
2024-04-17 12:09 | INFO | Query 18 Active Learning Instance Cost: 5116414.92
2024-04-17 12:09 | INFO | Timeout limit is increased to 3600
2024-04-17 12:09 | INFO | Query 19 Size of the uncertainty table is = 974/39270
2024-04-17 12:09 | INFO | Query 19 Size of the filtered table is = 393
2024-04-17 12:13 | INFO | Query 19 Active Learning Runtime on Validation Set: 401792.49
2024-04-17 12:13 | INFO | Query 19 Active Learning Runtime on Test Set: 112324.29
2024-04-17 12:13 | INFO | Query 19 Active Learning Instance Cost: 5469904.14
2024-04-17 12:13 | INFO | Query 20 Size of the uncertainty table is = 19/39270
2024-04-17 12:13 | INFO | Query 20 Size of the filtered table is = 19
2024-04-17 12:16 | INFO | Query 20 Active Learning Runtime on Validation Set: 401770.35000000003
2024-04-17 12:16 | INFO | Query 20 Active Learning Runtime on Test Set: 112664.28
2024-04-17 12:16 | INFO | Query 20 Active Learning Instance Cost: 5473634.6
2024-04-17 12:16 | INFO | runtime_test_score is written as json file
2024-04-17 12:16 | INFO | runtime_validation_score is written as json file
2024-04-17 12:16 | INFO | instance_cost is written as json file
2024-04-17 12:16 | INFO | Experiment is finished
