2024-04-17 10:37 | INFO | Paramaters are: {'dataset': 'MAXSAT19-UCMS', 'penalty': 10, 'weight': 'No_Weight', 'voting': 'Hard', 'pre_selection_size': 64, 'pre_selection_technique': 'No_pre_selection', 'feature_elimination_threshold': 20, 'imputer_strategy': 'median', 'feature_selection_technique': 'No_feature_selection', 'feature_scaling_technique': 'StandardScaler', 'initial_train_size': 20, 'query_size': 1, 'timeout_predictor_usage': 'Yes', 'timeout_limit': 3600, 'timeout_increase_rate': 100, 'RANDOM_STATE_SEED': 99, 'n_splits': 10, 'split_number': 6, 'max_timeout': 3600, 'param_grid': {'n_estimators': 100, 'criterion': 'gini', 'max_features': 'sqrt', 'max_depth': 2147483648, 'min_samples_split': 2, 'bootstrap': True}}
2024-04-17 10:37 | INFO | MAXSAT19-UCMS is current dataset
2024-04-17 10:37 | INFO | DATASETS/MAXSAT19-UCMS/algorithm_runs.arff is found
2024-04-17 10:37 | INFO | DATASETS/MAXSAT19-UCMS/algorithm_runs.arff is finished
2024-04-17 10:37 | INFO | DATASETS/MAXSAT19-UCMS/feature_values.arff is found
2024-04-17 10:37 | INFO | DATASETS/MAXSAT19-UCMS/feature_values.arff is finished
2024-04-17 10:37 | INFO | DATASETS/MAXSAT19-UCMS/feature_costs.arff is found
2024-04-17 10:37 | INFO | DATASETS/MAXSAT19-UCMS/feature_costs.arff is finished
2024-04-17 10:37 | INFO | Virtual best solver time in train = 56733.34
2024-04-17 10:37 | INFO | Single best solver list train = {'MaxHS': 1199272.5, 'Open.WBO.g': 1696370.79, 'Open.WBO.ms': 1550288.46, 'Open.WBO.ms.pre': 2048650.3, 'QMaxSAT2018': 3892429.11, 'UWrMaxSAT': 1388575.7, 'maxino2018': 1793430.25}
2024-04-17 10:37 | INFO | Single best solver time train = MaxHS (1199272.5)
2024-04-17 10:37 | INFO | Virtual best solver time in validation = 9547.98
2024-04-17 10:37 | INFO | Single best solver list validation = {'MaxHS': 259725.73, 'Open.WBO.g': 191888.62, 'Open.WBO.ms': 189654.79, 'Open.WBO.ms.pre': 220647.87, 'QMaxSAT2018': 513000.55, 'UWrMaxSAT': 113816.0, 'maxino2018': 187449.19}
2024-04-17 10:37 | INFO | Single best solver time validation = UWrMaxSAT (113816.0)
2024-04-17 10:37 | INFO | Virtual best solver time in test = 5275.56
2024-04-17 10:37 | INFO | Single best solver list test = {'MaxHS': 111827.63, 'Open.WBO.g': 110816.36, 'Open.WBO.ms': 43478.18, 'Open.WBO.ms.pre': 218435.2, 'QMaxSAT2018': 686179.25, 'UWrMaxSAT': 109489.61, 'maxino2018': 146055.4}
2024-04-17 10:37 | INFO | Single best solver time test = Open.WBO.ms (43478.18)
2024-04-17 10:37 | INFO | Passive Learning Runtime on Validation Set: 293956.42
2024-04-17 10:37 | INFO | Passive Learning Runtime on Test Set: 105763.29
2024-04-17 10:37 | INFO | Passive Learning Instance Cost: 1581017.11
2024-04-17 10:38 | INFO | Initial Active Learning Runtime on Validation Set: 220828.72
2024-04-17 10:38 | INFO | Initial Active Learning Runtime on Test Set: 106084.84
2024-04-17 10:38 | INFO | Initial Active Learning Instance Cost: 130222.41
2024-04-17 10:38 | INFO | Bin size = 51
2024-04-17 10:38 | INFO | Query 1 Size of the uncertainty table is = 5040/5040
2024-04-17 10:38 | INFO | Query 1 Size of the filtered table is = 51
2024-04-17 10:38 | INFO | Query 1 Active Learning Runtime on Validation Set: 219196.40000000002
2024-04-17 10:38 | INFO | Query 1 Active Learning Runtime on Test Set: 142081.36
2024-04-17 10:38 | INFO | Query 1 Active Learning Instance Cost: 197811.86
2024-04-17 10:38 | INFO | Query 2 Size of the uncertainty table is = 4973/5040
2024-04-17 10:38 | INFO | Query 2 Size of the filtered table is = 51
2024-04-17 10:38 | INFO | Query 2 Active Learning Runtime on Validation Set: 220437.88
2024-04-17 10:38 | INFO | Query 2 Active Learning Runtime on Test Set: 106058.19
2024-04-17 10:38 | INFO | Query 2 Active Learning Instance Cost: 263913.66
2024-04-17 10:38 | INFO | Timeout limit is increased to 3600
2024-04-17 10:39 | INFO | Query 3 Size of the uncertainty table is = 4867/5040
2024-04-17 10:39 | INFO | Query 3 Size of the filtered table is = 51
2024-04-17 10:39 | INFO | Query 3 Active Learning Runtime on Validation Set: 218851.49
2024-04-17 10:39 | INFO | Query 3 Active Learning Runtime on Test Set: 106324.23
2024-04-17 10:39 | INFO | Query 3 Active Learning Instance Cost: 325210.06
2024-04-17 10:39 | INFO | Query 4 Size of the uncertainty table is = 4754/5040
2024-04-17 10:39 | INFO | Query 4 Size of the filtered table is = 51
2024-04-17 10:39 | INFO | Query 4 Active Learning Runtime on Validation Set: 256398.82
2024-04-17 10:39 | INFO | Query 4 Active Learning Runtime on Test Set: 106665.4
2024-04-17 10:39 | INFO | Query 4 Active Learning Instance Cost: 371826.98
2024-04-17 10:39 | INFO | Timeout limit is increased to 3600
2024-04-17 10:39 | INFO | Query 5 Size of the uncertainty table is = 4578/5040
2024-04-17 10:39 | INFO | Query 5 Size of the filtered table is = 51
2024-04-17 10:40 | INFO | Query 5 Active Learning Runtime on Validation Set: 186908.78999999998
2024-04-17 10:40 | INFO | Query 5 Active Learning Runtime on Test Set: 105991.08
2024-04-17 10:40 | INFO | Query 5 Active Learning Instance Cost: 453181.28
2024-04-17 10:40 | INFO | Query 6 Size of the uncertainty table is = 4421/5040
2024-04-17 10:40 | INFO | Query 6 Size of the filtered table is = 51
2024-04-17 10:40 | INFO | Query 6 Active Learning Runtime on Validation Set: 186697.25
2024-04-17 10:40 | INFO | Query 6 Active Learning Runtime on Test Set: 106588.56
2024-04-17 10:40 | INFO | Query 6 Active Learning Instance Cost: 516848.0
2024-04-17 10:40 | INFO | Query 7 Size of the uncertainty table is = 4256/5040
2024-04-17 10:40 | INFO | Query 7 Size of the filtered table is = 51
2024-04-17 10:40 | INFO | Query 7 Active Learning Runtime on Validation Set: 258556.02999999997
2024-04-17 10:40 | INFO | Query 7 Active Learning Runtime on Test Set: 106360.2
2024-04-17 10:40 | INFO | Query 7 Active Learning Instance Cost: 602859.29
2024-04-17 10:40 | INFO | Timeout limit is increased to 3600
2024-04-17 10:40 | INFO | Query 8 Size of the uncertainty table is = 4105/5040
2024-04-17 10:40 | INFO | Query 8 Size of the filtered table is = 51
2024-04-17 10:41 | INFO | Query 8 Active Learning Runtime on Validation Set: 187759.27000000002
2024-04-17 10:41 | INFO | Query 8 Active Learning Runtime on Test Set: 106309.45999999999
2024-04-17 10:41 | INFO | Query 8 Active Learning Instance Cost: 664139.9
2024-04-17 10:41 | INFO | Query 9 Size of the uncertainty table is = 3893/5040
2024-04-17 10:41 | INFO | Query 9 Size of the filtered table is = 51
2024-04-17 10:41 | INFO | Query 9 Active Learning Runtime on Validation Set: 186043.69
2024-04-17 10:41 | INFO | Query 9 Active Learning Runtime on Test Set: 106309.45999999999
2024-04-17 10:41 | INFO | Query 9 Active Learning Instance Cost: 703281.13
2024-04-17 10:41 | INFO | Query 10 Size of the uncertainty table is = 3728/5040
2024-04-17 10:41 | INFO | Query 10 Size of the filtered table is = 51
2024-04-17 10:41 | INFO | Query 10 Active Learning Runtime on Validation Set: 186045.53999999998
2024-04-17 10:41 | INFO | Query 10 Active Learning Runtime on Test Set: 106360.17
2024-04-17 10:41 | INFO | Query 10 Active Learning Instance Cost: 743632.96
2024-04-17 10:41 | INFO | Timeout limit is increased to 3600
2024-04-17 10:41 | INFO | Query 11 Size of the uncertainty table is = 3526/5040
2024-04-17 10:41 | INFO | Query 11 Size of the filtered table is = 51
2024-04-17 10:42 | INFO | Query 11 Active Learning Runtime on Validation Set: 185974.40999999997
2024-04-17 10:42 | INFO | Query 11 Active Learning Runtime on Test Set: 106428.84999999999
2024-04-17 10:42 | INFO | Query 11 Active Learning Instance Cost: 795558.67
2024-04-17 10:42 | INFO | Query 12 Size of the uncertainty table is = 3334/5040
2024-04-17 10:42 | INFO | Query 12 Size of the filtered table is = 51
2024-04-17 10:42 | INFO | Query 12 Active Learning Runtime on Validation Set: 186055.18
2024-04-17 10:42 | INFO | Query 12 Active Learning Runtime on Test Set: 106428.84999999999
2024-04-17 10:42 | INFO | Query 12 Active Learning Instance Cost: 853690.69
2024-04-17 10:42 | INFO | Timeout limit is increased to 3600
2024-04-17 10:42 | INFO | Query 13 Size of the uncertainty table is = 3125/5040
2024-04-17 10:42 | INFO | Query 13 Size of the filtered table is = 51
2024-04-17 10:43 | INFO | Query 13 Active Learning Runtime on Validation Set: 257875.28999999998
2024-04-17 10:43 | INFO | Query 13 Active Learning Runtime on Test Set: 106723.39
2024-04-17 10:43 | INFO | Query 13 Active Learning Instance Cost: 885987.4
2024-04-17 10:43 | INFO | Timeout limit is increased to 3600
2024-04-17 10:43 | INFO | Query 14 Size of the uncertainty table is = 2923/5040
2024-04-17 10:43 | INFO | Query 14 Size of the filtered table is = 51
2024-04-17 10:43 | INFO | Query 14 Active Learning Runtime on Validation Set: 221915.40000000002
2024-04-17 10:43 | INFO | Query 14 Active Learning Runtime on Test Set: 106723.59999999999
2024-04-17 10:43 | INFO | Query 14 Active Learning Instance Cost: 926951.61
2024-04-17 10:43 | INFO | Query 15 Size of the uncertainty table is = 2724/5040
2024-04-17 10:43 | INFO | Query 15 Size of the filtered table is = 51
2024-04-17 10:43 | INFO | Query 15 Active Learning Runtime on Validation Set: 221883.39
2024-04-17 10:43 | INFO | Query 15 Active Learning Runtime on Test Set: 106910.23999999999
2024-04-17 10:43 | INFO | Query 15 Active Learning Instance Cost: 948673.93
2024-04-17 10:43 | INFO | Query 16 Size of the uncertainty table is = 2522/5040
2024-04-17 10:43 | INFO | Query 16 Size of the filtered table is = 51
2024-04-17 10:44 | INFO | Query 16 Active Learning Runtime on Validation Set: 257944.27999999997
2024-04-17 10:44 | INFO | Query 16 Active Learning Runtime on Test Set: 106124.37999999999
2024-04-17 10:44 | INFO | Query 16 Active Learning Instance Cost: 985542.62
2024-04-17 10:44 | INFO | Timeout limit is increased to 3600
2024-04-17 10:44 | INFO | Query 17 Size of the uncertainty table is = 2284/5040
2024-04-17 10:44 | INFO | Query 17 Size of the filtered table is = 51
2024-04-17 10:44 | INFO | Query 17 Active Learning Runtime on Validation Set: 292236.67
2024-04-17 10:44 | INFO | Query 17 Active Learning Runtime on Test Set: 105760.09
2024-04-17 10:44 | INFO | Query 17 Active Learning Instance Cost: 1051891.01
2024-04-17 10:44 | INFO | Timeout limit is increased to 3600
2024-04-17 10:44 | INFO | Query 18 Size of the uncertainty table is = 2041/5040
2024-04-17 10:44 | INFO | Query 18 Size of the filtered table is = 51
2024-04-17 10:45 | INFO | Query 18 Active Learning Runtime on Validation Set: 186337.76
2024-04-17 10:45 | INFO | Query 18 Active Learning Runtime on Test Set: 105752.04
2024-04-17 10:45 | INFO | Query 18 Active Learning Instance Cost: 1075655.16
2024-04-17 10:45 | INFO | Query 19 Size of the uncertainty table is = 1854/5040
2024-04-17 10:45 | INFO | Query 19 Size of the filtered table is = 51
2024-04-17 10:45 | INFO | Query 19 Active Learning Runtime on Validation Set: 258331.37
2024-04-17 10:45 | INFO | Query 19 Active Learning Runtime on Test Set: 105758.79
2024-04-17 10:45 | INFO | Query 19 Active Learning Instance Cost: 1128763.73
2024-04-17 10:45 | INFO | Timeout limit is increased to 3600
2024-04-17 10:45 | INFO | Query 20 Size of the uncertainty table is = 1650/5040
2024-04-17 10:45 | INFO | Query 20 Size of the filtered table is = 51
2024-04-17 10:45 | INFO | Query 20 Active Learning Runtime on Validation Set: 258231.58000000002
2024-04-17 10:45 | INFO | Query 20 Active Learning Runtime on Test Set: 107187.52
2024-04-17 10:45 | INFO | Query 20 Active Learning Instance Cost: 1155281.54
2024-04-17 10:45 | INFO | Query 21 Size of the uncertainty table is = 1448/5040
2024-04-17 10:45 | INFO | Query 21 Size of the filtered table is = 51
2024-04-17 10:46 | INFO | Query 21 Active Learning Runtime on Validation Set: 294204.45
2024-04-17 10:46 | INFO | Query 21 Active Learning Runtime on Test Set: 105745.64
2024-04-17 10:46 | INFO | Query 21 Active Learning Instance Cost: 1189169.02
2024-04-17 10:46 | INFO | Timeout limit is increased to 3600
2024-04-17 10:46 | INFO | Query 22 Size of the uncertainty table is = 1261/5040
2024-04-17 10:46 | INFO | Query 22 Size of the filtered table is = 51
2024-04-17 10:46 | INFO | Query 22 Active Learning Runtime on Validation Set: 258394.87
2024-04-17 10:46 | INFO | Query 22 Active Learning Runtime on Test Set: 105760.06999999999
2024-04-17 10:46 | INFO | Query 22 Active Learning Instance Cost: 1215911.16
2024-04-17 10:46 | INFO | Query 23 Size of the uncertainty table is = 1053/5040
2024-04-17 10:46 | INFO | Query 23 Size of the filtered table is = 51
2024-04-17 10:47 | INFO | Query 23 Active Learning Runtime on Validation Set: 258249.03999999998
2024-04-17 10:47 | INFO | Query 23 Active Learning Runtime on Test Set: 105731.73
2024-04-17 10:47 | INFO | Query 23 Active Learning Instance Cost: 1236730.58
2024-04-17 10:47 | INFO | Query 24 Size of the uncertainty table is = 868/5040
2024-04-17 10:47 | INFO | Query 24 Size of the filtered table is = 51
2024-04-17 10:47 | INFO | Query 24 Active Learning Runtime on Validation Set: 258188.83000000002
2024-04-17 10:47 | INFO | Query 24 Active Learning Runtime on Test Set: 105763.5
2024-04-17 10:47 | INFO | Query 24 Active Learning Instance Cost: 1299123.51
2024-04-17 10:47 | INFO | Query 25 Size of the uncertainty table is = 658/5040
2024-04-17 10:47 | INFO | Query 25 Size of the filtered table is = 51
2024-04-17 10:47 | INFO | Query 25 Active Learning Runtime on Validation Set: 258177.03999999998
2024-04-17 10:47 | INFO | Query 25 Active Learning Runtime on Test Set: 105964.7
2024-04-17 10:47 | INFO | Query 25 Active Learning Instance Cost: 1346651.49
2024-04-17 10:47 | INFO | Query 26 Size of the uncertainty table is = 521/5040
2024-04-17 10:47 | INFO | Query 26 Size of the filtered table is = 51
2024-04-17 10:48 | INFO | Query 26 Active Learning Runtime on Validation Set: 293946.71
2024-04-17 10:48 | INFO | Query 26 Active Learning Runtime on Test Set: 105763.37
2024-04-17 10:48 | INFO | Query 26 Active Learning Instance Cost: 1383409.76
2024-04-17 10:48 | INFO | Timeout limit is increased to 3600
2024-04-17 10:48 | INFO | Query 27 Size of the uncertainty table is = 380/5040
2024-04-17 10:48 | INFO | Query 27 Size of the filtered table is = 51
2024-04-17 10:48 | INFO | Query 27 Active Learning Runtime on Validation Set: 293960.48
2024-04-17 10:48 | INFO | Query 27 Active Learning Runtime on Test Set: 105745.41
2024-04-17 10:48 | INFO | Query 27 Active Learning Instance Cost: 1431369.81
2024-04-17 10:48 | INFO | Timeout limit is increased to 3600
2024-04-17 10:48 | INFO | Query 28 Size of the uncertainty table is = 239/5040
2024-04-17 10:48 | INFO | Query 28 Size of the filtered table is = 51
2024-04-17 10:49 | INFO | Query 28 Active Learning Runtime on Validation Set: 293960.48
2024-04-17 10:49 | INFO | Query 28 Active Learning Runtime on Test Set: 105745.28
2024-04-17 10:49 | INFO | Query 28 Active Learning Instance Cost: 1514321.12
2024-04-17 10:49 | INFO | Timeout limit is increased to 3600
2024-04-17 10:49 | INFO | Query 29 Size of the uncertainty table is = 101/5040
2024-04-17 10:49 | INFO | Query 29 Size of the filtered table is = 41
2024-04-17 10:49 | INFO | Query 29 Active Learning Runtime on Validation Set: 293960.99
2024-04-17 10:49 | INFO | Query 29 Active Learning Runtime on Test Set: 105745.47
2024-04-17 10:49 | INFO | Query 29 Active Learning Instance Cost: 1581017.11
2024-04-17 10:49 | INFO | Timeout limit is increased to 3600
2024-04-17 10:49 | INFO | runtime_test_score is written as json file
2024-04-17 10:49 | INFO | runtime_validation_score is written as json file
2024-04-17 10:49 | INFO | instance_cost is written as json file
2024-04-17 10:49 | INFO | Experiment is finished
