2024-04-17 10:04 | INFO | Paramaters are: {'dataset': 'MAXSAT12-PMS', 'penalty': 10, 'weight': 'No_Weight', 'voting': 'Hard', 'pre_selection_size': 64, 'pre_selection_technique': 'No_pre_selection', 'feature_elimination_threshold': 20, 'imputer_strategy': 'median', 'feature_selection_technique': 'No_feature_selection', 'feature_scaling_technique': 'StandardScaler', 'initial_train_size': 20, 'query_size': 1, 'timeout_predictor_usage': 'Yes', 'timeout_limit': 3600, 'timeout_increase_rate': 100, 'RANDOM_STATE_SEED': 99, 'n_splits': 10, 'split_number': 6, 'max_timeout': 3600, 'param_grid': {'n_estimators': 100, 'criterion': 'gini', 'max_features': 'sqrt', 'max_depth': 2147483648, 'min_samples_split': 2, 'bootstrap': True}}
2024-04-17 10:04 | INFO | MAXSAT12-PMS is current dataset
2024-04-17 10:04 | INFO | DATASETS/MAXSAT12-PMS/algorithm_runs.csv is found
2024-04-17 10:04 | INFO | DATASETS/MAXSAT12-PMS/algorithm_runs.csv is finished
2024-04-17 10:04 | INFO | DATASETS/MAXSAT12-PMS/feature_values.csv is found
2024-04-17 10:04 | INFO | DATASETS/MAXSAT12-PMS/feature_values.csv is finished
2024-04-17 10:04 | INFO | DATASETS/MAXSAT12-PMS/feature_costs.csv is found
2024-04-17 10:04 | INFO | DATASETS/MAXSAT12-PMS/feature_costs.csv is finished
2024-04-17 10:04 | INFO | Virtual best solver time in train = 19299.3
2024-04-17 10:04 | INFO | Single best solver list train = {'DSWPM1_924': 8725971.99, 'akmaxsat': 7877447.64, 'akmaxsat_ls': 7877435.19, 'pwbo2.1': 4271754.89, 'qmaxsat0.21comp': 2096039.45, 'qmaxsat0.21g2comp': 2516342.89}
2024-04-17 10:04 | INFO | Single best solver time train = qmaxsat0.21comp (2096039.45)
2024-04-17 10:04 | INFO | Virtual best solver time in validation = 7752.65
2024-04-17 10:04 | INFO | Single best solver list validation = {'DSWPM1_924': 2422994.1, 'akmaxsat': 4184404.66, 'akmaxsat_ls': 4184417.48, 'pwbo2.1': 911741.44, 'qmaxsat0.21comp': 732076.07, 'qmaxsat0.21g2comp': 8551.58}
2024-04-17 10:04 | INFO | Single best solver time validation = qmaxsat0.21g2comp (8551.58)
2024-04-17 10:04 | INFO | Virtual best solver time in test = 3501.14
2024-04-17 10:04 | INFO | Single best solver list test = {'DSWPM1_924': 1123782.88, 'akmaxsat': 1371119.36, 'akmaxsat_ls': 1371115.64, 'pwbo2.1': 327572.97, 'qmaxsat0.21comp': 218090.51, 'qmaxsat0.21g2comp': 147496.79}
2024-04-17 10:04 | INFO | Single best solver time test = qmaxsat0.21g2comp (147496.79)
2024-04-17 10:04 | INFO | Passive Learning Runtime on Validation Set: 227495.32
2024-04-17 10:04 | INFO | Passive Learning Runtime on Test Set: 3656.81
2024-04-17 10:04 | INFO | Passive Learning Instance Cost: 3524592.05
2024-04-17 10:05 | INFO | Initial Active Learning Runtime on Validation Set: 8585.44
2024-04-17 10:05 | INFO | Initial Active Learning Runtime on Test Set: 110967.44
2024-04-17 10:05 | INFO | Initial Active Learning Instance Cost: 116933.9
2024-04-17 10:05 | INFO | Bin size = 78
2024-04-17 10:05 | INFO | Query 1 Size of the uncertainty table is = 7755/7755
2024-04-17 10:05 | INFO | Query 1 Size of the filtered table is = 78
2024-04-17 10:05 | INFO | Query 1 Active Learning Runtime on Validation Set: 8585.439999999999
2024-04-17 10:05 | INFO | Query 1 Active Learning Runtime on Test Set: 146642.29
2024-04-17 10:05 | INFO | Query 1 Active Learning Instance Cost: 258245.2
2024-04-17 10:05 | INFO | Timeout limit is increased to 3600
2024-04-17 10:05 | INFO | Query 2 Size of the uncertainty table is = 7664/7755
2024-04-17 10:05 | INFO | Query 2 Size of the filtered table is = 78
2024-04-17 10:05 | INFO | Query 2 Active Learning Runtime on Validation Set: 8585.39
2024-04-17 10:05 | INFO | Query 2 Active Learning Runtime on Test Set: 110646.79000000001
2024-04-17 10:05 | INFO | Query 2 Active Learning Instance Cost: 342347.6
2024-04-17 10:05 | INFO | Query 3 Size of the uncertainty table is = 7516/7755
2024-04-17 10:05 | INFO | Query 3 Size of the filtered table is = 78
2024-04-17 10:06 | INFO | Query 3 Active Learning Runtime on Validation Set: 8588.21
2024-04-17 10:06 | INFO | Query 3 Active Learning Runtime on Test Set: 110645.87000000001
2024-04-17 10:06 | INFO | Query 3 Active Learning Instance Cost: 411733.96
2024-04-17 10:06 | INFO | Timeout limit is increased to 3600
2024-04-17 10:06 | INFO | Query 4 Size of the uncertainty table is = 7344/7755
2024-04-17 10:06 | INFO | Query 4 Size of the filtered table is = 78
2024-04-17 10:06 | INFO | Query 4 Active Learning Runtime on Validation Set: 8610.31
2024-04-17 10:06 | INFO | Query 4 Active Learning Runtime on Test Set: 110632.18000000001
2024-04-17 10:06 | INFO | Query 4 Active Learning Instance Cost: 543610.46
2024-04-17 10:06 | INFO | Timeout limit is increased to 3600
2024-04-17 10:06 | INFO | Query 5 Size of the uncertainty table is = 7159/7755
2024-04-17 10:06 | INFO | Query 5 Size of the filtered table is = 78
2024-04-17 10:07 | INFO | Query 5 Active Learning Runtime on Validation Set: 8588.179999999998
2024-04-17 10:07 | INFO | Query 5 Active Learning Runtime on Test Set: 110667.32
2024-04-17 10:07 | INFO | Query 5 Active Learning Instance Cost: 646795.15
2024-04-17 10:07 | INFO | Query 6 Size of the uncertainty table is = 6974/7755
2024-04-17 10:07 | INFO | Query 6 Size of the filtered table is = 78
2024-04-17 10:07 | INFO | Query 6 Active Learning Runtime on Validation Set: 8585.369999999999
2024-04-17 10:07 | INFO | Query 6 Active Learning Runtime on Test Set: 110622.18000000001
2024-04-17 10:07 | INFO | Query 6 Active Learning Instance Cost: 701901.65
2024-04-17 10:07 | INFO | Query 7 Size of the uncertainty table is = 6789/7755
2024-04-17 10:07 | INFO | Query 7 Size of the filtered table is = 78
2024-04-17 10:08 | INFO | Query 7 Active Learning Runtime on Validation Set: 8585.369999999999
2024-04-17 10:08 | INFO | Query 7 Active Learning Runtime on Test Set: 74763.72
2024-04-17 10:08 | INFO | Query 7 Active Learning Instance Cost: 761279.4
2024-04-17 10:08 | INFO | Timeout limit is increased to 3600
2024-04-17 10:08 | INFO | Query 8 Size of the uncertainty table is = 6571/7755
2024-04-17 10:08 | INFO | Query 8 Size of the filtered table is = 78
2024-04-17 10:08 | INFO | Query 8 Active Learning Runtime on Validation Set: 8610.289999999999
2024-04-17 10:08 | INFO | Query 8 Active Learning Runtime on Test Set: 74751.94
2024-04-17 10:08 | INFO | Query 8 Active Learning Instance Cost: 822186.31
2024-04-17 10:08 | INFO | Timeout limit is increased to 3600
2024-04-17 10:08 | INFO | Query 9 Size of the uncertainty table is = 6342/7755
2024-04-17 10:08 | INFO | Query 9 Size of the filtered table is = 78
2024-04-17 10:08 | INFO | Query 9 Active Learning Runtime on Validation Set: 8587.71
2024-04-17 10:08 | INFO | Query 9 Active Learning Runtime on Test Set: 74753.04000000001
2024-04-17 10:08 | INFO | Query 9 Active Learning Instance Cost: 858677.77
2024-04-17 10:08 | INFO | Query 10 Size of the uncertainty table is = 6127/7755
2024-04-17 10:08 | INFO | Query 10 Size of the filtered table is = 78
2024-04-17 10:09 | INFO | Query 10 Active Learning Runtime on Validation Set: 8607.97
2024-04-17 10:09 | INFO | Query 10 Active Learning Runtime on Test Set: 74382.3
2024-04-17 10:09 | INFO | Query 10 Active Learning Instance Cost: 954376.62
2024-04-17 10:09 | INFO | Timeout limit is increased to 3600
2024-04-17 10:09 | INFO | Query 11 Size of the uncertainty table is = 5892/7755
2024-04-17 10:09 | INFO | Query 11 Size of the filtered table is = 78
2024-04-17 10:09 | INFO | Query 11 Active Learning Runtime on Validation Set: 8585.82
2024-04-17 10:09 | INFO | Query 11 Active Learning Runtime on Test Set: 74382.3
2024-04-17 10:09 | INFO | Query 11 Active Learning Instance Cost: 1075213.18
2024-04-17 10:09 | INFO | Query 12 Size of the uncertainty table is = 5662/7755
2024-04-17 10:09 | INFO | Query 12 Size of the filtered table is = 78
2024-04-17 10:10 | INFO | Query 12 Active Learning Runtime on Validation Set: 8585.82
2024-04-17 10:10 | INFO | Query 12 Active Learning Runtime on Test Set: 74367.77
2024-04-17 10:10 | INFO | Query 12 Active Learning Instance Cost: 1132430.86
2024-04-17 10:10 | INFO | Timeout limit is increased to 3600
2024-04-17 10:10 | INFO | Query 13 Size of the uncertainty table is = 5451/7755
2024-04-17 10:10 | INFO | Query 13 Size of the filtered table is = 78
2024-04-17 10:10 | INFO | Query 13 Active Learning Runtime on Validation Set: 8585.369999999999
2024-04-17 10:10 | INFO | Query 13 Active Learning Runtime on Test Set: 38468.6
2024-04-17 10:10 | INFO | Query 13 Active Learning Instance Cost: 1208146.2
2024-04-17 10:10 | INFO | Query 14 Size of the uncertainty table is = 5251/7755
2024-04-17 10:10 | INFO | Query 14 Size of the filtered table is = 78
2024-04-17 10:11 | INFO | Query 14 Active Learning Runtime on Validation Set: 8619.589999999998
2024-04-17 10:11 | INFO | Query 14 Active Learning Runtime on Test Set: 38481.92
2024-04-17 10:11 | INFO | Query 14 Active Learning Instance Cost: 1284208.27
2024-04-17 10:11 | INFO | Timeout limit is increased to 3600
2024-04-17 10:11 | INFO | Query 15 Size of the uncertainty table is = 5004/7755
2024-04-17 10:11 | INFO | Query 15 Size of the filtered table is = 78
2024-04-17 10:11 | INFO | Query 15 Active Learning Runtime on Validation Set: 8585.39
2024-04-17 10:11 | INFO | Query 15 Active Learning Runtime on Test Set: 38474.659999999996
2024-04-17 10:11 | INFO | Query 15 Active Learning Instance Cost: 1361985.58
2024-04-17 10:11 | INFO | Query 16 Size of the uncertainty table is = 4715/7755
2024-04-17 10:11 | INFO | Query 16 Size of the filtered table is = 78
2024-04-17 10:12 | INFO | Query 16 Active Learning Runtime on Validation Set: 8607.949999999999
2024-04-17 10:12 | INFO | Query 16 Active Learning Runtime on Test Set: 38481.64
2024-04-17 10:12 | INFO | Query 16 Active Learning Instance Cost: 1387190.21
2024-04-17 10:12 | INFO | Timeout limit is increased to 3600
2024-04-17 10:12 | INFO | Query 17 Size of the uncertainty table is = 4418/7755
2024-04-17 10:12 | INFO | Query 17 Size of the filtered table is = 78
2024-04-17 10:12 | INFO | Query 17 Active Learning Runtime on Validation Set: 8585.39
2024-04-17 10:12 | INFO | Query 17 Active Learning Runtime on Test Set: 3667.69
2024-04-17 10:12 | INFO | Query 17 Active Learning Instance Cost: 1445057.45
2024-04-17 10:12 | INFO | Query 18 Size of the uncertainty table is = 4181/7755
2024-04-17 10:12 | INFO | Query 18 Size of the filtered table is = 78
2024-04-17 10:13 | INFO | Query 18 Active Learning Runtime on Validation Set: 8585.369999999999
2024-04-17 10:13 | INFO | Query 18 Active Learning Runtime on Test Set: 3668.2400000000002
2024-04-17 10:13 | INFO | Query 18 Active Learning Instance Cost: 1537360.92
2024-04-17 10:13 | INFO | Query 19 Size of the uncertainty table is = 3931/7755
2024-04-17 10:13 | INFO | Query 19 Size of the filtered table is = 78
2024-04-17 10:13 | INFO | Query 19 Active Learning Runtime on Validation Set: 8586.029999999999
2024-04-17 10:13 | INFO | Query 19 Active Learning Runtime on Test Set: 3667.9700000000003
2024-04-17 10:13 | INFO | Query 19 Active Learning Instance Cost: 1605859.36
2024-04-17 10:13 | INFO | Timeout limit is increased to 3600
2024-04-17 10:13 | INFO | Query 20 Size of the uncertainty table is = 3691/7755
2024-04-17 10:13 | INFO | Query 20 Size of the filtered table is = 78
2024-04-17 10:14 | INFO | Query 20 Active Learning Runtime on Validation Set: 8642.64
2024-04-17 10:14 | INFO | Query 20 Active Learning Runtime on Test Set: 3661.17
2024-04-17 10:14 | INFO | Query 20 Active Learning Instance Cost: 1684233.84
2024-04-17 10:14 | INFO | Timeout limit is increased to 3600
2024-04-17 10:14 | INFO | Query 21 Size of the uncertainty table is = 3418/7755
2024-04-17 10:14 | INFO | Query 21 Size of the filtered table is = 78
2024-04-17 10:14 | INFO | Query 21 Active Learning Runtime on Validation Set: 8656.31
2024-04-17 10:14 | INFO | Query 21 Active Learning Runtime on Test Set: 3660.94
2024-04-17 10:14 | INFO | Query 21 Active Learning Instance Cost: 1868103.49
2024-04-17 10:14 | INFO | Timeout limit is increased to 3600
2024-04-17 10:14 | INFO | Query 22 Size of the uncertainty table is = 3120/7755
2024-04-17 10:14 | INFO | Query 22 Size of the filtered table is = 78
2024-04-17 10:15 | INFO | Query 22 Active Learning Runtime on Validation Set: 8610.07
2024-04-17 10:15 | INFO | Query 22 Active Learning Runtime on Test Set: 39401.81
2024-04-17 10:15 | INFO | Query 22 Active Learning Instance Cost: 1930832.68
2024-04-17 10:15 | INFO | Query 23 Size of the uncertainty table is = 2842/7755
2024-04-17 10:15 | INFO | Query 23 Size of the filtered table is = 78
2024-04-17 10:15 | INFO | Query 23 Active Learning Runtime on Validation Set: 8539.5
2024-04-17 10:15 | INFO | Query 23 Active Learning Runtime on Test Set: 3667.92
2024-04-17 10:15 | INFO | Query 23 Active Learning Instance Cost: 2060098.73
2024-04-17 10:15 | INFO | Query 24 Size of the uncertainty table is = 2552/7755
2024-04-17 10:15 | INFO | Query 24 Size of the filtered table is = 78
2024-04-17 10:16 | INFO | Query 24 Active Learning Runtime on Validation Set: 9017.189999999999
2024-04-17 10:16 | INFO | Query 24 Active Learning Runtime on Test Set: 3667.9100000000003
2024-04-17 10:16 | INFO | Query 24 Active Learning Instance Cost: 2254575.65
2024-04-17 10:16 | INFO | Timeout limit is increased to 3600
2024-04-17 10:16 | INFO | Query 25 Size of the uncertainty table is = 2255/7755
2024-04-17 10:16 | INFO | Query 25 Size of the filtered table is = 78
2024-04-17 10:16 | INFO | Query 25 Active Learning Runtime on Validation Set: 8631.82
2024-04-17 10:16 | INFO | Query 25 Active Learning Runtime on Test Set: 3660.8
2024-04-17 10:16 | INFO | Query 25 Active Learning Instance Cost: 2364274.12
2024-04-17 10:16 | INFO | Query 26 Size of the uncertainty table is = 1967/7755
2024-04-17 10:16 | INFO | Query 26 Size of the filtered table is = 78
2024-04-17 10:17 | INFO | Query 26 Active Learning Runtime on Validation Set: 8631.82
2024-04-17 10:17 | INFO | Query 26 Active Learning Runtime on Test Set: 3646.54
2024-04-17 10:17 | INFO | Query 26 Active Learning Instance Cost: 2561546.25
2024-04-17 10:17 | INFO | Timeout limit is increased to 3600
2024-04-17 10:17 | INFO | Query 27 Size of the uncertainty table is = 1670/7755
2024-04-17 10:17 | INFO | Query 27 Size of the filtered table is = 78
2024-04-17 10:17 | INFO | Query 27 Active Learning Runtime on Validation Set: 8631.82
2024-04-17 10:17 | INFO | Query 27 Active Learning Runtime on Test Set: 3646.77
2024-04-17 10:17 | INFO | Query 27 Active Learning Instance Cost: 2754877.57
2024-04-17 10:17 | INFO | Timeout limit is increased to 3600
2024-04-17 10:17 | INFO | Query 28 Size of the uncertainty table is = 1376/7755
2024-04-17 10:17 | INFO | Query 28 Size of the filtered table is = 78
2024-04-17 10:18 | INFO | Query 28 Active Learning Runtime on Validation Set: 8631.82
2024-04-17 10:18 | INFO | Query 28 Active Learning Runtime on Test Set: 3661.17
2024-04-17 10:18 | INFO | Query 28 Active Learning Instance Cost: 2962321.02
2024-04-17 10:18 | INFO | Timeout limit is increased to 3600
2024-04-17 10:18 | INFO | Query 29 Size of the uncertainty table is = 1071/7755
2024-04-17 10:18 | INFO | Query 29 Size of the filtered table is = 78
2024-04-17 10:18 | INFO | Query 29 Active Learning Runtime on Validation Set: 188228.14
2024-04-17 10:18 | INFO | Query 29 Active Learning Runtime on Test Set: 39397.0
2024-04-17 10:18 | INFO | Query 29 Active Learning Instance Cost: 3125006.9
2024-04-17 10:18 | INFO | Timeout limit is increased to 3600
2024-04-17 10:18 | INFO | Query 30 Size of the uncertainty table is = 750/7755
2024-04-17 10:18 | INFO | Query 30 Size of the filtered table is = 78
2024-04-17 10:18 | INFO | Query 30 Active Learning Runtime on Validation Set: 8994.609999999999
2024-04-17 10:18 | INFO | Query 30 Active Learning Runtime on Test Set: 3661.61
2024-04-17 10:18 | INFO | Query 30 Active Learning Instance Cost: 3247020.01
2024-04-17 10:18 | INFO | Query 31 Size of the uncertainty table is = 465/7755
2024-04-17 10:19 | INFO | Query 31 Size of the filtered table is = 78
2024-04-17 10:19 | INFO | Query 31 Active Learning Runtime on Validation Set: 8631.82
2024-04-17 10:19 | INFO | Query 31 Active Learning Runtime on Test Set: 3661.61
2024-04-17 10:19 | INFO | Query 31 Active Learning Instance Cost: 3423700.04
2024-04-17 10:19 | INFO | Query 32 Size of the uncertainty table is = 191/7755
2024-04-17 10:19 | INFO | Query 32 Size of the filtered table is = 78
2024-04-17 10:19 | INFO | Query 32 Active Learning Runtime on Validation Set: 82748.58
2024-04-17 10:19 | INFO | Query 32 Active Learning Runtime on Test Set: 3661.03
2024-04-17 10:19 | INFO | Query 32 Active Learning Instance Cost: 3517392.05
2024-04-17 10:19 | INFO | Timeout limit is increased to 3600
2024-04-17 10:19 | INFO | Query 33 Size of the uncertainty table is = 10/7755
2024-04-17 10:19 | INFO | Query 33 Size of the filtered table is = 6
2024-04-17 10:20 | INFO | Query 33 Active Learning Runtime on Validation Set: 82748.56
2024-04-17 10:20 | INFO | Query 33 Active Learning Runtime on Test Set: 3661.03
2024-04-17 10:20 | INFO | Query 33 Active Learning Instance Cost: 3524592.05
2024-04-17 10:20 | INFO | runtime_test_score is written as json file
2024-04-17 10:20 | INFO | runtime_validation_score is written as json file
2024-04-17 10:20 | INFO | instance_cost is written as json file
2024-04-17 10:20 | INFO | Experiment is finished
