2024-04-17 10:27 | INFO | Paramaters are: {'dataset': 'MAXSAT19-UCMS', 'penalty': 10, 'weight': 'No_Weight', 'voting': 'Hard', 'pre_selection_size': 64, 'pre_selection_technique': 'No_pre_selection', 'feature_elimination_threshold': 20, 'imputer_strategy': 'median', 'feature_selection_technique': 'No_feature_selection', 'feature_scaling_technique': 'StandardScaler', 'initial_train_size': 20, 'query_size': 1, 'timeout_predictor_usage': 'No', 'timeout_limit': 3600, 'timeout_increase_rate': 100, 'RANDOM_STATE_SEED': 7, 'n_splits': 10, 'split_number': 6, 'max_timeout': 3600, 'param_grid': {'n_estimators': 100, 'criterion': 'gini', 'max_features': 'sqrt', 'max_depth': 2147483648, 'min_samples_split': 2, 'bootstrap': True}}
2024-04-17 10:27 | INFO | MAXSAT19-UCMS is current dataset
2024-04-17 10:27 | INFO | DATASETS/MAXSAT19-UCMS/algorithm_runs.arff is found
2024-04-17 10:27 | INFO | DATASETS/MAXSAT19-UCMS/algorithm_runs.arff is finished
2024-04-17 10:27 | INFO | DATASETS/MAXSAT19-UCMS/feature_values.arff is found
2024-04-17 10:27 | INFO | DATASETS/MAXSAT19-UCMS/feature_values.arff is finished
2024-04-17 10:27 | INFO | DATASETS/MAXSAT19-UCMS/feature_costs.arff is found
2024-04-17 10:27 | INFO | DATASETS/MAXSAT19-UCMS/feature_costs.arff is finished
2024-04-17 10:27 | INFO | Virtual best solver time in train = 55395.78
2024-04-17 10:27 | INFO | Single best solver list train = {'MaxHS': 1057640.16, 'Open.WBO.g': 1587372.65, 'Open.WBO.ms': 1408167.32, 'Open.WBO.ms.pre': 2011243.95, 'QMaxSAT2018': 4141659.31, 'UWrMaxSAT': 1316847.69, 'maxino2018': 1793332.68}
2024-04-17 10:27 | INFO | Single best solver time train = MaxHS (1057640.16)
2024-04-17 10:27 | INFO | Virtual best solver time in validation = 9812.93
2024-04-17 10:27 | INFO | Single best solver list validation = {'MaxHS': 292870.89, 'Open.WBO.g': 191192.98, 'Open.WBO.ms': 153523.16, 'Open.WBO.ms.pre': 220395.35, 'QMaxSAT2018': 548799.09, 'UWrMaxSAT': 149483.23, 'maxino2018': 220658.1}
2024-04-17 10:27 | INFO | Single best solver time validation = UWrMaxSAT (149483.23)
2024-04-17 10:27 | INFO | Virtual best solver time in test = 6348.17
2024-04-17 10:27 | INFO | Single best solver list test = {'MaxHS': 220314.81, 'Open.WBO.g': 220510.14, 'Open.WBO.ms': 221730.96, 'Open.WBO.ms.pre': 256094.07, 'QMaxSAT2018': 401150.5, 'UWrMaxSAT': 145550.4, 'maxino2018': 112944.06}
2024-04-17 10:27 | INFO | Single best solver time test = maxino2018 (112944.06)
2024-04-17 10:28 | INFO | Passive Learning Runtime on Validation Set: 258802.22
2024-04-17 10:28 | INFO | Passive Learning Runtime on Test Set: 180882.04
2024-04-17 10:28 | INFO | Passive Learning Instance Cost: 1555063.76
2024-04-17 10:28 | INFO | Initial Active Learning Runtime on Validation Set: 180228.37
2024-04-17 10:28 | INFO | Initial Active Learning Runtime on Test Set: 144860.03
2024-04-17 10:28 | INFO | Initial Active Learning Instance Cost: 90125.08
2024-04-17 10:28 | INFO | Bin size = 51
2024-04-17 10:28 | INFO | Query 1 Size of the uncertainty table is = 5040/5040
2024-04-17 10:28 | INFO | Query 1 Size of the filtered table is = 51
2024-04-17 10:29 | INFO | Query 1 Active Learning Runtime on Validation Set: 182871.16
2024-04-17 10:29 | INFO | Query 1 Active Learning Runtime on Test Set: 144859.47
2024-04-17 10:29 | INFO | Query 1 Active Learning Instance Cost: 146587.14
2024-04-17 10:29 | INFO | Timeout limit is increased to 3600
2024-04-17 10:29 | INFO | Query 2 Size of the uncertainty table is = 4973/5040
2024-04-17 10:29 | INFO | Query 2 Size of the filtered table is = 51
2024-04-17 10:29 | INFO | Query 2 Active Learning Runtime on Validation Set: 182969.82
2024-04-17 10:29 | INFO | Query 2 Active Learning Runtime on Test Set: 144862.36
2024-04-17 10:29 | INFO | Query 2 Active Learning Instance Cost: 212605.78
2024-04-17 10:29 | INFO | Timeout limit is increased to 3600
2024-04-17 10:29 | INFO | Query 3 Size of the uncertainty table is = 4866/5040
2024-04-17 10:29 | INFO | Query 3 Size of the filtered table is = 51
2024-04-17 10:29 | INFO | Query 3 Active Learning Runtime on Validation Set: 182968.30000000002
2024-04-17 10:29 | INFO | Query 3 Active Learning Runtime on Test Set: 178940.51
2024-04-17 10:29 | INFO | Query 3 Active Learning Instance Cost: 288552.8
2024-04-17 10:29 | INFO | Query 4 Size of the uncertainty table is = 4765/5040
2024-04-17 10:29 | INFO | Query 4 Size of the filtered table is = 51
2024-04-17 10:30 | INFO | Query 4 Active Learning Runtime on Validation Set: 182752.05000000002
2024-04-17 10:30 | INFO | Query 4 Active Learning Runtime on Test Set: 216825.64
2024-04-17 10:30 | INFO | Query 4 Active Learning Instance Cost: 336479.22
2024-04-17 10:30 | INFO | Query 5 Size of the uncertainty table is = 4631/5040
2024-04-17 10:30 | INFO | Query 5 Size of the filtered table is = 51
2024-04-17 10:30 | INFO | Query 5 Active Learning Runtime on Validation Set: 215554.37
2024-04-17 10:30 | INFO | Query 5 Active Learning Runtime on Test Set: 216954.82
2024-04-17 10:30 | INFO | Query 5 Active Learning Instance Cost: 413973.63
2024-04-17 10:30 | INFO | Timeout limit is increased to 3600
2024-04-17 10:30 | INFO | Query 6 Size of the uncertainty table is = 4476/5040
2024-04-17 10:30 | INFO | Query 6 Size of the filtered table is = 51
2024-04-17 10:30 | INFO | Query 6 Active Learning Runtime on Validation Set: 182628.7
2024-04-17 10:30 | INFO | Query 6 Active Learning Runtime on Test Set: 144842.58
2024-04-17 10:30 | INFO | Query 6 Active Learning Instance Cost: 468976.65
2024-04-17 10:30 | INFO | Query 7 Size of the uncertainty table is = 4292/5040
2024-04-17 10:30 | INFO | Query 7 Size of the filtered table is = 51
2024-04-17 10:31 | INFO | Query 7 Active Learning Runtime on Validation Set: 215561.48
2024-04-17 10:31 | INFO | Query 7 Active Learning Runtime on Test Set: 178908.80000000002
2024-04-17 10:31 | INFO | Query 7 Active Learning Instance Cost: 544736.61
2024-04-17 10:31 | INFO | Timeout limit is increased to 3600
2024-04-17 10:31 | INFO | Query 8 Size of the uncertainty table is = 4140/5040
2024-04-17 10:31 | INFO | Query 8 Size of the filtered table is = 51
2024-04-17 10:31 | INFO | Query 8 Active Learning Runtime on Validation Set: 255479.55000000002
2024-04-17 10:31 | INFO | Query 8 Active Learning Runtime on Test Set: 181309.73
2024-04-17 10:31 | INFO | Query 8 Active Learning Instance Cost: 593435.42
2024-04-17 10:31 | INFO | Timeout limit is increased to 3600
2024-04-17 10:31 | INFO | Query 9 Size of the uncertainty table is = 3954/5040
2024-04-17 10:31 | INFO | Query 9 Size of the filtered table is = 51
2024-04-17 10:31 | INFO | Query 9 Active Learning Runtime on Validation Set: 291614.83999999997
2024-04-17 10:31 | INFO | Query 9 Active Learning Runtime on Test Set: 181309.32
2024-04-17 10:31 | INFO | Query 9 Active Learning Instance Cost: 725480.54
2024-04-17 10:31 | INFO | Timeout limit is increased to 3600
2024-04-17 10:31 | INFO | Query 10 Size of the uncertainty table is = 3804/5040
2024-04-17 10:31 | INFO | Query 10 Size of the filtered table is = 51
2024-04-17 10:32 | INFO | Query 10 Active Learning Runtime on Validation Set: 182448.39
2024-04-17 10:32 | INFO | Query 10 Active Learning Runtime on Test Set: 181380.11000000002
2024-04-17 10:32 | INFO | Query 10 Active Learning Instance Cost: 785056.69
2024-04-17 10:32 | INFO | Query 11 Size of the uncertainty table is = 3593/5040
2024-04-17 10:32 | INFO | Query 11 Size of the filtered table is = 51
2024-04-17 10:32 | INFO | Query 11 Active Learning Runtime on Validation Set: 256139.64
2024-04-17 10:32 | INFO | Query 11 Active Learning Runtime on Test Set: 144972.31
2024-04-17 10:32 | INFO | Query 11 Active Learning Instance Cost: 847757.08
2024-04-17 10:32 | INFO | Timeout limit is increased to 3600
2024-04-17 10:32 | INFO | Query 12 Size of the uncertainty table is = 3447/5040
2024-04-17 10:32 | INFO | Query 12 Size of the filtered table is = 51
2024-04-17 10:33 | INFO | Query 12 Active Learning Runtime on Validation Set: 218566.64
2024-04-17 10:33 | INFO | Query 12 Active Learning Runtime on Test Set: 180929.37
2024-04-17 10:33 | INFO | Query 12 Active Learning Instance Cost: 904246.72
2024-04-17 10:33 | INFO | Query 13 Size of the uncertainty table is = 3276/5040
2024-04-17 10:33 | INFO | Query 13 Size of the filtered table is = 51
2024-04-17 10:33 | INFO | Query 13 Active Learning Runtime on Validation Set: 185639.1
2024-04-17 10:33 | INFO | Query 13 Active Learning Runtime on Test Set: 216954.28
2024-04-17 10:33 | INFO | Query 13 Active Learning Instance Cost: 957195.8
2024-04-17 10:33 | INFO | Query 14 Size of the uncertainty table is = 3042/5040
2024-04-17 10:33 | INFO | Query 14 Size of the filtered table is = 51
2024-04-17 10:33 | INFO | Query 14 Active Learning Runtime on Validation Set: 149909.44
2024-04-17 10:33 | INFO | Query 14 Active Learning Runtime on Test Set: 142566.74
2024-04-17 10:33 | INFO | Query 14 Active Learning Instance Cost: 1035723.39
2024-04-17 10:33 | INFO | Query 15 Size of the uncertainty table is = 2837/5040
2024-04-17 10:33 | INFO | Query 15 Size of the filtered table is = 51
2024-04-17 10:34 | INFO | Query 15 Active Learning Runtime on Validation Set: 215968.27000000002
2024-04-17 10:34 | INFO | Query 15 Active Learning Runtime on Test Set: 142546.43
2024-04-17 10:34 | INFO | Query 15 Active Learning Instance Cost: 1067008.54
2024-04-17 10:34 | INFO | Timeout limit is increased to 3600
2024-04-17 10:34 | INFO | Query 16 Size of the uncertainty table is = 2643/5040
2024-04-17 10:34 | INFO | Query 16 Size of the filtered table is = 51
2024-04-17 10:34 | INFO | Query 16 Active Learning Runtime on Validation Set: 183085.69
2024-04-17 10:34 | INFO | Query 16 Active Learning Runtime on Test Set: 143596.34
2024-04-17 10:34 | INFO | Query 16 Active Learning Instance Cost: 1121065.92
2024-04-17 10:34 | INFO | Query 17 Size of the uncertainty table is = 2411/5040
2024-04-17 10:34 | INFO | Query 17 Size of the filtered table is = 51
2024-04-17 10:34 | INFO | Query 17 Active Learning Runtime on Validation Set: 288790.95
2024-04-17 10:34 | INFO | Query 17 Active Learning Runtime on Test Set: 142533.41
2024-04-17 10:34 | INFO | Query 17 Active Learning Instance Cost: 1148237.95
2024-04-17 10:34 | INFO | Timeout limit is increased to 3600
2024-04-17 10:34 | INFO | Query 18 Size of the uncertainty table is = 2205/5040
2024-04-17 10:34 | INFO | Query 18 Size of the filtered table is = 51
2024-04-17 10:35 | INFO | Query 18 Active Learning Runtime on Validation Set: 292107.98
2024-04-17 10:35 | INFO | Query 18 Active Learning Runtime on Test Set: 142533.41
2024-04-17 10:35 | INFO | Query 18 Active Learning Instance Cost: 1165531.47
2024-04-17 10:35 | INFO | Timeout limit is increased to 3600
2024-04-17 10:35 | INFO | Query 19 Size of the uncertainty table is = 2015/5040
2024-04-17 10:35 | INFO | Query 19 Size of the filtered table is = 51
2024-04-17 10:35 | INFO | Query 19 Active Learning Runtime on Validation Set: 255959.44
2024-04-17 10:35 | INFO | Query 19 Active Learning Runtime on Test Set: 108966.54000000001
2024-04-17 10:35 | INFO | Query 19 Active Learning Instance Cost: 1202256.56
2024-04-17 10:35 | INFO | Query 20 Size of the uncertainty table is = 1818/5040
2024-04-17 10:35 | INFO | Query 20 Size of the filtered table is = 51
2024-04-17 10:36 | INFO | Query 20 Active Learning Runtime on Validation Set: 255961.27000000002
2024-04-17 10:36 | INFO | Query 20 Active Learning Runtime on Test Set: 144949.46
2024-04-17 10:36 | INFO | Query 20 Active Learning Instance Cost: 1247630.31
2024-04-17 10:36 | INFO | Timeout limit is increased to 3600
2024-04-17 10:36 | INFO | Query 21 Size of the uncertainty table is = 1600/5040
2024-04-17 10:36 | INFO | Query 21 Size of the filtered table is = 51
2024-04-17 10:36 | INFO | Query 21 Active Learning Runtime on Validation Set: 256317.52000000002
2024-04-17 10:36 | INFO | Query 21 Active Learning Runtime on Test Set: 108966.54000000001
2024-04-17 10:36 | INFO | Query 21 Active Learning Instance Cost: 1278598.82
2024-04-17 10:36 | INFO | Timeout limit is increased to 3600
2024-04-17 10:36 | INFO | Query 22 Size of the uncertainty table is = 1387/5040
2024-04-17 10:36 | INFO | Query 22 Size of the filtered table is = 51
2024-04-17 10:36 | INFO | Query 22 Active Learning Runtime on Validation Set: 255960.41
2024-04-17 10:36 | INFO | Query 22 Active Learning Runtime on Test Set: 144949.46
2024-04-17 10:36 | INFO | Query 22 Active Learning Instance Cost: 1307618.86
2024-04-17 10:36 | INFO | Query 23 Size of the uncertainty table is = 1175/5040
2024-04-17 10:36 | INFO | Query 23 Size of the filtered table is = 51
2024-04-17 10:37 | INFO | Query 23 Active Learning Runtime on Validation Set: 222248.71000000002
2024-04-17 10:37 | INFO | Query 23 Active Learning Runtime on Test Set: 144948.93
2024-04-17 10:37 | INFO | Query 23 Active Learning Instance Cost: 1327798.42
2024-04-17 10:37 | INFO | Query 24 Size of the uncertainty table is = 937/5040
2024-04-17 10:37 | INFO | Query 24 Size of the filtered table is = 51
2024-04-17 10:37 | INFO | Query 24 Active Learning Runtime on Validation Set: 291809.14
2024-04-17 10:37 | INFO | Query 24 Active Learning Runtime on Test Set: 144958.26
2024-04-17 10:37 | INFO | Query 24 Active Learning Instance Cost: 1357831.24
2024-04-17 10:37 | INFO | Timeout limit is increased to 3600
2024-04-17 10:37 | INFO | Query 25 Size of the uncertainty table is = 710/5040
2024-04-17 10:37 | INFO | Query 25 Size of the filtered table is = 51
2024-04-17 10:37 | INFO | Query 25 Active Learning Runtime on Validation Set: 292790.57
2024-04-17 10:37 | INFO | Query 25 Active Learning Runtime on Test Set: 180949.81
2024-04-17 10:37 | INFO | Query 25 Active Learning Instance Cost: 1426698.37
2024-04-17 10:37 | INFO | Timeout limit is increased to 3600
2024-04-17 10:37 | INFO | Query 26 Size of the uncertainty table is = 490/5040
2024-04-17 10:37 | INFO | Query 26 Size of the filtered table is = 51
2024-04-17 10:38 | INFO | Query 26 Active Learning Runtime on Validation Set: 292513.0
2024-04-17 10:38 | INFO | Query 26 Active Learning Runtime on Test Set: 180886.03
2024-04-17 10:38 | INFO | Query 26 Active Learning Instance Cost: 1469277.71
2024-04-17 10:38 | INFO | Query 27 Size of the uncertainty table is = 287/5040
2024-04-17 10:38 | INFO | Query 27 Size of the filtered table is = 51
2024-04-17 10:38 | INFO | Query 27 Active Learning Runtime on Validation Set: 292515.21
2024-04-17 10:38 | INFO | Query 27 Active Learning Runtime on Test Set: 144898.18
2024-04-17 10:38 | INFO | Query 27 Active Learning Instance Cost: 1508156.37
2024-04-17 10:38 | INFO | Timeout limit is increased to 3600
2024-04-17 10:38 | INFO | Query 28 Size of the uncertainty table is = 90/5040
2024-04-17 10:38 | INFO | Query 28 Size of the filtered table is = 51
2024-04-17 10:39 | INFO | Query 28 Active Learning Runtime on Validation Set: 292513.37
2024-04-17 10:39 | INFO | Query 28 Active Learning Runtime on Test Set: 144898.18
2024-04-17 10:39 | INFO | Query 28 Active Learning Instance Cost: 1555063.76
2024-04-17 10:39 | INFO | runtime_test_score is written as json file
2024-04-17 10:39 | INFO | runtime_validation_score is written as json file
2024-04-17 10:39 | INFO | instance_cost is written as json file
2024-04-17 10:39 | INFO | Experiment is finished
