2024-04-17 10:37 | INFO | Paramaters are: {'dataset': 'MAXSAT19-UCMS', 'penalty': 10, 'weight': 'No_Weight', 'voting': 'Hard', 'pre_selection_size': 64, 'pre_selection_technique': 'No_pre_selection', 'feature_elimination_threshold': 20, 'imputer_strategy': 'median', 'feature_selection_technique': 'No_feature_selection', 'feature_scaling_technique': 'StandardScaler', 'initial_train_size': 20, 'query_size': 1, 'timeout_predictor_usage': 'No', 'timeout_limit': 100, 'timeout_increase_rate': 100, 'RANDOM_STATE_SEED': 123, 'n_splits': 10, 'split_number': 3, 'max_timeout': 3600, 'param_grid': {'n_estimators': 100, 'criterion': 'gini', 'max_features': 'sqrt', 'max_depth': 2147483648, 'min_samples_split': 2, 'bootstrap': True}}
2024-04-17 10:37 | INFO | MAXSAT19-UCMS is current dataset
2024-04-17 10:37 | INFO | DATASETS/MAXSAT19-UCMS/algorithm_runs.arff is found
2024-04-17 10:37 | INFO | DATASETS/MAXSAT19-UCMS/algorithm_runs.arff is finished
2024-04-17 10:37 | INFO | DATASETS/MAXSAT19-UCMS/feature_values.arff is found
2024-04-17 10:37 | INFO | DATASETS/MAXSAT19-UCMS/feature_values.arff is finished
2024-04-17 10:37 | INFO | DATASETS/MAXSAT19-UCMS/feature_costs.arff is found
2024-04-17 10:37 | INFO | DATASETS/MAXSAT19-UCMS/feature_costs.arff is finished
2024-04-17 10:37 | INFO | Virtual best solver time in train = 54480.92
2024-04-17 10:37 | INFO | Single best solver list train = {'MaxHS': 1123966.79, 'Open.WBO.g': 1618458.46, 'Open.WBO.ms': 1441125.39, 'Open.WBO.ms.pre': 2187906.81, 'QMaxSAT2018': 4033161.11, 'UWrMaxSAT': 1386050.66, 'maxino2018': 1790554.73}
2024-04-17 10:37 | INFO | Single best solver time train = MaxHS (1123966.79)
2024-04-17 10:37 | INFO | Virtual best solver time in validation = 10336.34
2024-04-17 10:37 | INFO | Single best solver list validation = {'MaxHS': 294641.74, 'Open.WBO.g': 191979.33, 'Open.WBO.ms': 119190.31, 'Open.WBO.ms.pre': 185370.68, 'QMaxSAT2018': 548893.59, 'UWrMaxSAT': 113896.09, 'maxino2018': 187422.72}
2024-04-17 10:37 | INFO | Single best solver time validation = UWrMaxSAT (113896.09)
2024-04-17 10:37 | INFO | Virtual best solver time in test = 6739.61
2024-04-17 10:37 | INFO | Single best solver list test = {'MaxHS': 152217.34, 'Open.WBO.g': 188637.98, 'Open.WBO.ms': 223105.73, 'Open.WBO.ms.pre': 114455.88, 'QMaxSAT2018': 509554.2, 'UWrMaxSAT': 111934.57, 'maxino2018': 148957.39}
2024-04-17 10:37 | INFO | Single best solver time test = UWrMaxSAT (111934.57)
2024-04-17 10:37 | INFO | Passive Learning Runtime on Validation Set: 293115.35
2024-04-17 10:37 | INFO | Passive Learning Runtime on Test Set: 110359.71
2024-04-17 10:37 | INFO | Passive Learning Instance Cost: 1560823.95
2024-04-17 10:38 | INFO | Initial Active Learning Runtime on Validation Set: 222488.3
2024-04-17 10:38 | INFO | Initial Active Learning Runtime on Test Set: 109744.53
2024-04-17 10:38 | INFO | Initial Active Learning Instance Cost: 8887.35
2024-04-17 10:38 | INFO | Bin size = 51
2024-04-17 10:38 | INFO | Query 1 Size of the uncertainty table is = 5189/5040
2024-04-17 10:38 | INFO | Query 1 Size of the filtered table is = 51
2024-04-17 10:38 | INFO | Query 1 Active Learning Runtime on Validation Set: 222489.25
2024-04-17 10:38 | INFO | Query 1 Active Learning Runtime on Test Set: 74118.0
2024-04-17 10:38 | INFO | Query 1 Active Learning Instance Cost: 14101.56
2024-04-17 10:38 | INFO | Timeout limit is increased to 200
2024-04-17 10:38 | INFO | Query 2 Size of the uncertainty table is = 5156/5040
2024-04-17 10:38 | INFO | Query 2 Size of the filtered table is = 51
2024-04-17 10:39 | INFO | Query 2 Active Learning Runtime on Validation Set: 222487.34
2024-04-17 10:39 | INFO | Query 2 Active Learning Runtime on Test Set: 74116.56
2024-04-17 10:39 | INFO | Query 2 Active Learning Instance Cost: 21304.33
2024-04-17 10:39 | INFO | Query 3 Size of the uncertainty table is = 5102/5040
2024-04-17 10:39 | INFO | Query 3 Size of the filtered table is = 51
2024-04-17 10:39 | INFO | Query 3 Active Learning Runtime on Validation Set: 219760.85
2024-04-17 10:39 | INFO | Query 3 Active Learning Runtime on Test Set: 74124.9
2024-04-17 10:39 | INFO | Query 3 Active Learning Instance Cost: 29791.24
2024-04-17 10:39 | INFO | Query 4 Size of the uncertainty table is = 5018/5040
2024-04-17 10:39 | INFO | Query 4 Size of the filtered table is = 51
2024-04-17 10:39 | INFO | Query 4 Active Learning Runtime on Validation Set: 219767.61
2024-04-17 10:39 | INFO | Query 4 Active Learning Runtime on Test Set: 72509.51000000001
2024-04-17 10:39 | INFO | Query 4 Active Learning Instance Cost: 37500.78
2024-04-17 10:39 | INFO | Timeout limit is increased to 300
2024-04-17 10:39 | INFO | Query 5 Size of the uncertainty table is = 4957/5040
2024-04-17 10:39 | INFO | Query 5 Size of the filtered table is = 51
2024-04-17 10:40 | INFO | Query 5 Active Learning Runtime on Validation Set: 220000.16
2024-04-17 10:40 | INFO | Query 5 Active Learning Runtime on Test Set: 72507.26000000001
2024-04-17 10:40 | INFO | Query 5 Active Learning Instance Cost: 50271.86
2024-04-17 10:40 | INFO | Timeout limit is increased to 400
2024-04-17 10:40 | INFO | Query 6 Size of the uncertainty table is = 4862/5040
2024-04-17 10:40 | INFO | Query 6 Size of the filtered table is = 51
2024-04-17 10:40 | INFO | Query 6 Active Learning Runtime on Validation Set: 256123.78
2024-04-17 10:40 | INFO | Query 6 Active Learning Runtime on Test Set: 108499.05
2024-04-17 10:40 | INFO | Query 6 Active Learning Instance Cost: 66298.91
2024-04-17 10:40 | INFO | Timeout limit is increased to 500
2024-04-17 10:40 | INFO | Query 7 Size of the uncertainty table is = 4751/5040
2024-04-17 10:40 | INFO | Query 7 Size of the filtered table is = 51
2024-04-17 10:41 | INFO | Query 7 Active Learning Runtime on Validation Set: 187635.41
2024-04-17 10:41 | INFO | Query 7 Active Learning Runtime on Test Set: 108499.39
2024-04-17 10:41 | INFO | Query 7 Active Learning Instance Cost: 79708.96
2024-04-17 10:41 | INFO | Query 8 Size of the uncertainty table is = 4593/5040
2024-04-17 10:41 | INFO | Query 8 Size of the filtered table is = 51
2024-04-17 10:41 | INFO | Query 8 Active Learning Runtime on Validation Set: 256192.87
2024-04-17 10:41 | INFO | Query 8 Active Learning Runtime on Test Set: 108499.45
2024-04-17 10:41 | INFO | Query 8 Active Learning Instance Cost: 94710.46
2024-04-17 10:41 | INFO | Timeout limit is increased to 600
2024-04-17 10:41 | INFO | Query 9 Size of the uncertainty table is = 4463/5040
2024-04-17 10:41 | INFO | Query 9 Size of the filtered table is = 51
2024-04-17 10:41 | INFO | Query 9 Active Learning Runtime on Validation Set: 221795.52
2024-04-17 10:41 | INFO | Query 9 Active Learning Runtime on Test Set: 108501.3
2024-04-17 10:41 | INFO | Query 9 Active Learning Instance Cost: 116475.86
2024-04-17 10:41 | INFO | Query 10 Size of the uncertainty table is = 4331/5040
2024-04-17 10:41 | INFO | Query 10 Size of the filtered table is = 51
2024-04-17 10:42 | INFO | Query 10 Active Learning Runtime on Validation Set: 185709.43
2024-04-17 10:42 | INFO | Query 10 Active Learning Runtime on Test Set: 108501.3
2024-04-17 10:42 | INFO | Query 10 Active Learning Instance Cost: 129396.72
2024-04-17 10:42 | INFO | Query 11 Size of the uncertainty table is = 4243/5040
2024-04-17 10:42 | INFO | Query 11 Size of the filtered table is = 51
2024-04-17 10:42 | INFO | Query 11 Active Learning Runtime on Validation Set: 254768.99
2024-04-17 10:42 | INFO | Query 11 Active Learning Runtime on Test Set: 108501.3
2024-04-17 10:42 | INFO | Query 11 Active Learning Instance Cost: 145253.19
2024-04-17 10:42 | INFO | Timeout limit is increased to 700
2024-04-17 10:42 | INFO | Query 12 Size of the uncertainty table is = 4120/5040
2024-04-17 10:42 | INFO | Query 12 Size of the filtered table is = 51
2024-04-17 10:43 | INFO | Query 12 Active Learning Runtime on Validation Set: 257642.72
2024-04-17 10:43 | INFO | Query 12 Active Learning Runtime on Test Set: 110103.79
2024-04-17 10:43 | INFO | Query 12 Active Learning Instance Cost: 168146.96
2024-04-17 10:43 | INFO | Timeout limit is increased to 800
2024-04-17 10:43 | INFO | Query 13 Size of the uncertainty table is = 3989/5040
2024-04-17 10:43 | INFO | Query 13 Size of the filtered table is = 51
2024-04-17 10:43 | INFO | Query 13 Active Learning Runtime on Validation Set: 185702.44
2024-04-17 10:43 | INFO | Query 13 Active Learning Runtime on Test Set: 110103.79
2024-04-17 10:43 | INFO | Query 13 Active Learning Instance Cost: 190933.85
2024-04-17 10:43 | INFO | Query 14 Size of the uncertainty table is = 3844/5040
2024-04-17 10:43 | INFO | Query 14 Size of the filtered table is = 51
2024-04-17 10:43 | INFO | Query 14 Active Learning Runtime on Validation Set: 185652.15
2024-04-17 10:43 | INFO | Query 14 Active Learning Runtime on Test Set: 108439.27
2024-04-17 10:43 | INFO | Query 14 Active Learning Instance Cost: 208955.17
2024-04-17 10:43 | INFO | Query 15 Size of the uncertainty table is = 3678/5040
2024-04-17 10:43 | INFO | Query 15 Size of the filtered table is = 51
2024-04-17 10:44 | INFO | Query 15 Active Learning Runtime on Validation Set: 220927.82
2024-04-17 10:44 | INFO | Query 15 Active Learning Runtime on Test Set: 110042.29
2024-04-17 10:44 | INFO | Query 15 Active Learning Instance Cost: 219902.73
2024-04-17 10:44 | INFO | Timeout limit is increased to 900
2024-04-17 10:44 | INFO | Query 16 Size of the uncertainty table is = 3566/5040
2024-04-17 10:44 | INFO | Query 16 Size of the filtered table is = 51
2024-04-17 10:44 | INFO | Query 16 Active Learning Runtime on Validation Set: 220880.24
2024-04-17 10:44 | INFO | Query 16 Active Learning Runtime on Test Set: 110049.01
2024-04-17 10:44 | INFO | Query 16 Active Learning Instance Cost: 251934.81
2024-04-17 10:44 | INFO | Query 17 Size of the uncertainty table is = 3449/5040
2024-04-17 10:44 | INFO | Query 17 Size of the filtered table is = 51
2024-04-17 10:45 | INFO | Query 17 Active Learning Runtime on Validation Set: 220879.76
2024-04-17 10:45 | INFO | Query 17 Active Learning Runtime on Test Set: 110049.01
2024-04-17 10:45 | INFO | Query 17 Active Learning Instance Cost: 268027.38
2024-04-17 10:45 | INFO | Query 18 Size of the uncertainty table is = 3338/5040
2024-04-17 10:45 | INFO | Query 18 Size of the filtered table is = 51
2024-04-17 10:45 | INFO | Query 18 Active Learning Runtime on Validation Set: 220877.12
2024-04-17 10:45 | INFO | Query 18 Active Learning Runtime on Test Set: 109877.11
2024-04-17 10:45 | INFO | Query 18 Active Learning Instance Cost: 279763.93
2024-04-17 10:45 | INFO | Query 19 Size of the uncertainty table is = 3261/5040
2024-04-17 10:45 | INFO | Query 19 Size of the filtered table is = 51
2024-04-17 10:45 | INFO | Query 19 Active Learning Runtime on Validation Set: 220868.14
2024-04-17 10:45 | INFO | Query 19 Active Learning Runtime on Test Set: 109779.26
2024-04-17 10:45 | INFO | Query 19 Active Learning Instance Cost: 287342.77
2024-04-17 10:45 | INFO | Query 20 Size of the uncertainty table is = 3152/5040
2024-04-17 10:45 | INFO | Query 20 Size of the filtered table is = 51
2024-04-17 10:46 | INFO | Query 20 Active Learning Runtime on Validation Set: 220865.05
2024-04-17 10:46 | INFO | Query 20 Active Learning Runtime on Test Set: 109779.26
2024-04-17 10:46 | INFO | Query 20 Active Learning Instance Cost: 294550.31
2024-04-17 10:46 | INFO | Query 21 Size of the uncertainty table is = 3046/5040
2024-04-17 10:46 | INFO | Query 21 Size of the filtered table is = 51
2024-04-17 10:46 | INFO | Query 21 Active Learning Runtime on Validation Set: 220859.18
2024-04-17 10:46 | INFO | Query 21 Active Learning Runtime on Test Set: 109974.82
2024-04-17 10:46 | INFO | Query 21 Active Learning Instance Cost: 303680.21
2024-04-17 10:46 | INFO | Query 22 Size of the uncertainty table is = 2993/5040
2024-04-17 10:46 | INFO | Query 22 Size of the filtered table is = 51
2024-04-17 10:47 | INFO | Query 22 Active Learning Runtime on Validation Set: 220557.7
2024-04-17 10:47 | INFO | Query 22 Active Learning Runtime on Test Set: 109967.17
2024-04-17 10:47 | INFO | Query 22 Active Learning Instance Cost: 308742.1
2024-04-17 10:47 | INFO | Query 23 Size of the uncertainty table is = 2883/5040
2024-04-17 10:47 | INFO | Query 23 Size of the filtered table is = 51
2024-04-17 10:47 | INFO | Query 23 Active Learning Runtime on Validation Set: 220898.14
2024-04-17 10:47 | INFO | Query 23 Active Learning Runtime on Test Set: 109905.36
2024-04-17 10:47 | INFO | Query 23 Active Learning Instance Cost: 320929.53
2024-04-17 10:47 | INFO | Timeout limit is increased to 1000
2024-04-17 10:47 | INFO | Query 24 Size of the uncertainty table is = 2752/5040
2024-04-17 10:47 | INFO | Query 24 Size of the filtered table is = 51
2024-04-17 10:47 | INFO | Query 24 Active Learning Runtime on Validation Set: 220835.9
2024-04-17 10:47 | INFO | Query 24 Active Learning Runtime on Test Set: 109905.36
2024-04-17 10:47 | INFO | Query 24 Active Learning Instance Cost: 335801.25
2024-04-17 10:47 | INFO | Query 25 Size of the uncertainty table is = 2683/5040
2024-04-17 10:47 | INFO | Query 25 Size of the filtered table is = 51
2024-04-17 10:48 | INFO | Query 25 Active Learning Runtime on Validation Set: 220897.61
2024-04-17 10:48 | INFO | Query 25 Active Learning Runtime on Test Set: 145902.15
2024-04-17 10:48 | INFO | Query 25 Active Learning Instance Cost: 341356.68
2024-04-17 10:48 | INFO | Timeout limit is increased to 1100
2024-04-17 10:48 | INFO | Query 26 Size of the uncertainty table is = 2602/5040
2024-04-17 10:48 | INFO | Query 26 Size of the filtered table is = 51
2024-04-17 10:48 | INFO | Query 26 Active Learning Runtime on Validation Set: 220835.9
2024-04-17 10:48 | INFO | Query 26 Active Learning Runtime on Test Set: 109905.36
2024-04-17 10:48 | INFO | Query 26 Active Learning Instance Cost: 357120.83
2024-04-17 10:48 | INFO | Query 27 Size of the uncertainty table is = 2571/5040
2024-04-17 10:48 | INFO | Query 27 Size of the filtered table is = 51
2024-04-17 10:49 | INFO | Query 27 Active Learning Runtime on Validation Set: 220735.59
2024-04-17 10:49 | INFO | Query 27 Active Learning Runtime on Test Set: 109875.68
2024-04-17 10:49 | INFO | Query 27 Active Learning Instance Cost: 359480.18
2024-04-17 10:49 | INFO | Query 28 Size of the uncertainty table is = 2549/5040
2024-04-17 10:49 | INFO | Query 28 Size of the filtered table is = 51
2024-04-17 10:49 | INFO | Query 28 Active Learning Runtime on Validation Set: 220644.37
2024-04-17 10:49 | INFO | Query 28 Active Learning Runtime on Test Set: 145851.82
2024-04-17 10:49 | INFO | Query 28 Active Learning Instance Cost: 362807.07
2024-04-17 10:49 | INFO | Query 29 Size of the uncertainty table is = 2523/5040
2024-04-17 10:49 | INFO | Query 29 Size of the filtered table is = 51
2024-04-17 10:49 | INFO | Query 29 Active Learning Runtime on Validation Set: 220541.47
2024-04-17 10:49 | INFO | Query 29 Active Learning Runtime on Test Set: 109860.0
2024-04-17 10:49 | INFO | Query 29 Active Learning Instance Cost: 363497.95
2024-04-17 10:49 | INFO | Query 30 Size of the uncertainty table is = 2508/5040
2024-04-17 10:49 | INFO | Query 30 Size of the filtered table is = 51
2024-04-17 10:50 | INFO | Query 30 Active Learning Runtime on Validation Set: 220541.47
2024-04-17 10:50 | INFO | Query 30 Active Learning Runtime on Test Set: 109860.0
2024-04-17 10:50 | INFO | Query 30 Active Learning Instance Cost: 363715.23
2024-04-17 10:50 | INFO | Timeout limit is increased to 1200
2024-04-17 10:50 | INFO | Query 31 Size of the uncertainty table is = 2505/5040
2024-04-17 10:50 | INFO | Query 31 Size of the filtered table is = 51
2024-04-17 10:50 | INFO | Query 31 Active Learning Runtime on Validation Set: 220541.47
2024-04-17 10:50 | INFO | Query 31 Active Learning Runtime on Test Set: 109860.0
2024-04-17 10:50 | INFO | Query 31 Active Learning Instance Cost: 373259.39
2024-04-17 10:50 | INFO | Timeout limit is increased to 1300
2024-04-17 10:50 | INFO | Query 32 Size of the uncertainty table is = 2498/5040
2024-04-17 10:50 | INFO | Query 32 Size of the filtered table is = 51
2024-04-17 10:51 | INFO | Query 32 Active Learning Runtime on Validation Set: 220540.51
2024-04-17 10:51 | INFO | Query 32 Active Learning Runtime on Test Set: 145856.78999999998
2024-04-17 10:51 | INFO | Query 32 Active Learning Instance Cost: 384575.92
2024-04-17 10:51 | INFO | Query 33 Size of the uncertainty table is = 2470/5040
2024-04-17 10:51 | INFO | Query 33 Size of the filtered table is = 51
2024-04-17 10:51 | INFO | Query 33 Active Learning Runtime on Validation Set: 220541.04
2024-04-17 10:51 | INFO | Query 33 Active Learning Runtime on Test Set: 145851.82
2024-04-17 10:51 | INFO | Query 33 Active Learning Instance Cost: 388393.54
2024-04-17 10:51 | INFO | Timeout limit is increased to 1400
2024-04-17 10:51 | INFO | Query 34 Size of the uncertainty table is = 2442/5040
2024-04-17 10:51 | INFO | Query 34 Size of the filtered table is = 51
2024-04-17 10:51 | INFO | Query 34 Active Learning Runtime on Validation Set: 220694.51
2024-04-17 10:51 | INFO | Query 34 Active Learning Runtime on Test Set: 109860.0
2024-04-17 10:51 | INFO | Query 34 Active Learning Instance Cost: 399474.35
2024-04-17 10:51 | INFO | Timeout limit is increased to 1500
2024-04-17 10:51 | INFO | Query 35 Size of the uncertainty table is = 2422/5040
2024-04-17 10:51 | INFO | Query 35 Size of the filtered table is = 51
2024-04-17 10:52 | INFO | Query 35 Active Learning Runtime on Validation Set: 220834.94
2024-04-17 10:52 | INFO | Query 35 Active Learning Runtime on Test Set: 145856.78999999998
2024-04-17 10:52 | INFO | Query 35 Active Learning Instance Cost: 415619.33
2024-04-17 10:52 | INFO | Timeout limit is increased to 1600
2024-04-17 10:52 | INFO | Query 36 Size of the uncertainty table is = 2406/5040
2024-04-17 10:52 | INFO | Query 36 Size of the filtered table is = 51
2024-04-17 10:52 | INFO | Query 36 Active Learning Runtime on Validation Set: 256541.03
2024-04-17 10:52 | INFO | Query 36 Active Learning Runtime on Test Set: 145856.78999999998
2024-04-17 10:52 | INFO | Query 36 Active Learning Instance Cost: 425436.36
2024-04-17 10:52 | INFO | Timeout limit is increased to 1700
2024-04-17 10:52 | INFO | Query 37 Size of the uncertainty table is = 2377/5040
2024-04-17 10:52 | INFO | Query 37 Size of the filtered table is = 51
2024-04-17 10:53 | INFO | Query 37 Active Learning Runtime on Validation Set: 220550.19
2024-04-17 10:53 | INFO | Query 37 Active Learning Runtime on Test Set: 145856.78999999998
2024-04-17 10:53 | INFO | Query 37 Active Learning Instance Cost: 434197.4
2024-04-17 10:53 | INFO | Query 38 Size of the uncertainty table is = 2343/5040
2024-04-17 10:53 | INFO | Query 38 Size of the filtered table is = 51
2024-04-17 10:53 | INFO | Query 38 Active Learning Runtime on Validation Set: 220602.75
2024-04-17 10:53 | INFO | Query 38 Active Learning Runtime on Test Set: 145856.78999999998
2024-04-17 10:53 | INFO | Query 38 Active Learning Instance Cost: 448016.18
2024-04-17 10:53 | INFO | Timeout limit is increased to 1800
2024-04-17 10:53 | INFO | Query 39 Size of the uncertainty table is = 2323/5040
2024-04-17 10:53 | INFO | Query 39 Size of the filtered table is = 51
2024-04-17 10:53 | INFO | Query 39 Active Learning Runtime on Validation Set: 220602.75
2024-04-17 10:53 | INFO | Query 39 Active Learning Runtime on Test Set: 145856.78999999998
2024-04-17 10:53 | INFO | Query 39 Active Learning Instance Cost: 459229.43
2024-04-17 10:53 | INFO | Timeout limit is increased to 1900
2024-04-17 10:53 | INFO | Query 40 Size of the uncertainty table is = 2304/5040
2024-04-17 10:53 | INFO | Query 40 Size of the filtered table is = 51
2024-04-17 10:54 | INFO | Query 40 Active Learning Runtime on Validation Set: 220584.8
2024-04-17 10:54 | INFO | Query 40 Active Learning Runtime on Test Set: 110335.89
2024-04-17 10:54 | INFO | Query 40 Active Learning Instance Cost: 470746.02
2024-04-17 10:54 | INFO | Query 41 Size of the uncertainty table is = 2300/5040
2024-04-17 10:54 | INFO | Query 41 Size of the filtered table is = 51
2024-04-17 10:54 | INFO | Query 41 Active Learning Runtime on Validation Set: 220584.8
2024-04-17 10:54 | INFO | Query 41 Active Learning Runtime on Test Set: 110335.89
2024-04-17 10:54 | INFO | Query 41 Active Learning Instance Cost: 474346.02
2024-04-17 10:54 | INFO | Timeout limit is increased to 2000
2024-04-17 10:54 | INFO | Query 42 Size of the uncertainty table is = 2300/5040
2024-04-17 10:54 | INFO | Query 42 Size of the filtered table is = 51
2024-04-17 10:55 | INFO | Query 42 Active Learning Runtime on Validation Set: 220584.8
2024-04-17 10:55 | INFO | Query 42 Active Learning Runtime on Test Set: 110335.89
2024-04-17 10:55 | INFO | Query 42 Active Learning Instance Cost: 482846.02
2024-04-17 10:55 | INFO | Timeout limit is increased to 2100
2024-04-17 10:55 | INFO | Query 43 Size of the uncertainty table is = 2300/5040
2024-04-17 10:55 | INFO | Query 43 Size of the filtered table is = 51
2024-04-17 10:55 | INFO | Query 43 Active Learning Runtime on Validation Set: 220584.8
2024-04-17 10:55 | INFO | Query 43 Active Learning Runtime on Test Set: 110335.89
2024-04-17 10:55 | INFO | Query 43 Active Learning Instance Cost: 491346.02
2024-04-17 10:55 | INFO | Timeout limit is increased to 2200
2024-04-17 10:55 | INFO | Query 44 Size of the uncertainty table is = 2300/5040
2024-04-17 10:55 | INFO | Query 44 Size of the filtered table is = 51
2024-04-17 10:55 | INFO | Query 44 Active Learning Runtime on Validation Set: 220584.8
2024-04-17 10:55 | INFO | Query 44 Active Learning Runtime on Test Set: 110335.89
2024-04-17 10:55 | INFO | Query 44 Active Learning Instance Cost: 499846.02
2024-04-17 10:55 | INFO | Timeout limit is increased to 2300
2024-04-17 10:55 | INFO | Query 45 Size of the uncertainty table is = 2300/5040
2024-04-17 10:55 | INFO | Query 45 Size of the filtered table is = 51
2024-04-17 10:56 | INFO | Query 45 Active Learning Runtime on Validation Set: 220584.8
2024-04-17 10:56 | INFO | Query 45 Active Learning Runtime on Test Set: 110323.41
2024-04-17 10:56 | INFO | Query 45 Active Learning Instance Cost: 508205.56
2024-04-17 10:56 | INFO | Timeout limit is increased to 2400
2024-04-17 10:56 | INFO | Query 46 Size of the uncertainty table is = 2292/5040
2024-04-17 10:56 | INFO | Query 46 Size of the filtered table is = 51
2024-04-17 10:56 | INFO | Query 46 Active Learning Runtime on Validation Set: 220584.32
2024-04-17 10:56 | INFO | Query 46 Active Learning Runtime on Test Set: 110323.41
2024-04-17 10:56 | INFO | Query 46 Active Learning Instance Cost: 522561.21
2024-04-17 10:56 | INFO | Query 47 Size of the uncertainty table is = 2285/5040
2024-04-17 10:56 | INFO | Query 47 Size of the filtered table is = 51
2024-04-17 10:57 | INFO | Query 47 Active Learning Runtime on Validation Set: 148919.36
2024-04-17 10:57 | INFO | Query 47 Active Learning Runtime on Test Set: 108787.88
2024-04-17 10:57 | INFO | Query 47 Active Learning Instance Cost: 533841.11
2024-04-17 10:57 | INFO | Query 48 Size of the uncertainty table is = 2261/5040
2024-04-17 10:57 | INFO | Query 48 Size of the filtered table is = 51
2024-04-17 10:57 | INFO | Query 48 Active Learning Runtime on Validation Set: 220620.39
2024-04-17 10:57 | INFO | Query 48 Active Learning Runtime on Test Set: 110323.41
2024-04-17 10:57 | INFO | Query 48 Active Learning Instance Cost: 538229.88
2024-04-17 10:57 | INFO | Timeout limit is increased to 2500
2024-04-17 10:57 | INFO | Query 49 Size of the uncertainty table is = 2224/5040
2024-04-17 10:57 | INFO | Query 49 Size of the filtered table is = 51
2024-04-17 10:57 | INFO | Query 49 Active Learning Runtime on Validation Set: 220620.39
2024-04-17 10:57 | INFO | Query 49 Active Learning Runtime on Test Set: 110323.41
2024-04-17 10:57 | INFO | Query 49 Active Learning Instance Cost: 548029.94
2024-04-17 10:57 | INFO | Timeout limit is increased to 2600
2024-04-17 10:57 | INFO | Query 50 Size of the uncertainty table is = 2218/5040
2024-04-17 10:57 | INFO | Query 50 Size of the filtered table is = 51
2024-04-17 10:58 | INFO | Query 50 Active Learning Runtime on Validation Set: 220584.8
2024-04-17 10:58 | INFO | Query 50 Active Learning Runtime on Test Set: 109847.52
2024-04-17 10:58 | INFO | Query 50 Active Learning Instance Cost: 558270.06
2024-04-17 10:58 | INFO | Query 51 Size of the uncertainty table is = 2214/5040
2024-04-17 10:58 | INFO | Query 51 Size of the filtered table is = 51
2024-04-17 10:58 | INFO | Query 51 Active Learning Runtime on Validation Set: 220584.8
2024-04-17 10:58 | INFO | Query 51 Active Learning Runtime on Test Set: 109847.52
2024-04-17 10:58 | INFO | Query 51 Active Learning Instance Cost: 566870.06
2024-04-17 10:58 | INFO | Timeout limit is increased to 2700
2024-04-17 10:58 | INFO | Query 52 Size of the uncertainty table is = 2214/5040
2024-04-17 10:58 | INFO | Query 52 Size of the filtered table is = 51
2024-04-17 10:59 | INFO | Query 52 Active Learning Runtime on Validation Set: 220584.8
2024-04-17 10:59 | INFO | Query 52 Active Learning Runtime on Test Set: 109847.52
2024-04-17 10:59 | INFO | Query 52 Active Learning Instance Cost: 575270.06
2024-04-17 10:59 | INFO | Timeout limit is increased to 2800
2024-04-17 10:59 | INFO | Query 53 Size of the uncertainty table is = 2214/5040
2024-04-17 10:59 | INFO | Query 53 Size of the filtered table is = 51
2024-04-17 10:59 | INFO | Query 53 Active Learning Runtime on Validation Set: 220584.8
2024-04-17 10:59 | INFO | Query 53 Active Learning Runtime on Test Set: 109847.52
2024-04-17 10:59 | INFO | Query 53 Active Learning Instance Cost: 583670.06
2024-04-17 10:59 | INFO | Timeout limit is increased to 2900
2024-04-17 10:59 | INFO | Query 54 Size of the uncertainty table is = 2214/5040
2024-04-17 10:59 | INFO | Query 54 Size of the filtered table is = 51
2024-04-17 10:59 | INFO | Query 54 Active Learning Runtime on Validation Set: 220584.8
2024-04-17 10:59 | INFO | Query 54 Active Learning Runtime on Test Set: 109847.52
2024-04-17 10:59 | INFO | Query 54 Active Learning Instance Cost: 592070.06
2024-04-17 10:59 | INFO | Timeout limit is increased to 3000
2024-04-17 10:59 | INFO | Query 55 Size of the uncertainty table is = 2214/5040
2024-04-17 10:59 | INFO | Query 55 Size of the filtered table is = 51
2024-04-17 11:00 | INFO | Query 55 Active Learning Runtime on Validation Set: 220584.8
2024-04-17 11:00 | INFO | Query 55 Active Learning Runtime on Test Set: 109847.52
2024-04-17 11:00 | INFO | Query 55 Active Learning Instance Cost: 600470.06
2024-04-17 11:00 | INFO | Timeout limit is increased to 3100
2024-04-17 11:00 | INFO | Query 56 Size of the uncertainty table is = 2214/5040
2024-04-17 11:00 | INFO | Query 56 Size of the filtered table is = 51
2024-04-17 11:00 | INFO | Query 56 Active Learning Runtime on Validation Set: 220584.8
2024-04-17 11:00 | INFO | Query 56 Active Learning Runtime on Test Set: 109847.52
2024-04-17 11:00 | INFO | Query 56 Active Learning Instance Cost: 608828.76
2024-04-17 11:00 | INFO | Timeout limit is increased to 3200
2024-04-17 11:00 | INFO | Query 57 Size of the uncertainty table is = 2209/5040
2024-04-17 11:00 | INFO | Query 57 Size of the filtered table is = 51
2024-04-17 11:00 | INFO | Query 57 Active Learning Runtime on Validation Set: 220584.8
2024-04-17 11:00 | INFO | Query 57 Active Learning Runtime on Test Set: 109847.52
2024-04-17 11:00 | INFO | Query 57 Active Learning Instance Cost: 624636.15
2024-04-17 11:00 | INFO | Timeout limit is increased to 3300
2024-04-17 11:01 | INFO | Query 58 Size of the uncertainty table is = 2200/5040
2024-04-17 11:01 | INFO | Query 58 Size of the filtered table is = 51
2024-04-17 11:01 | INFO | Query 58 Active Learning Runtime on Validation Set: 220584.8
2024-04-17 11:01 | INFO | Query 58 Active Learning Runtime on Test Set: 109847.52
2024-04-17 11:01 | INFO | Query 58 Active Learning Instance Cost: 655632.23
2024-04-17 11:01 | INFO | Timeout limit is increased to 3400
2024-04-17 11:01 | INFO | Query 59 Size of the uncertainty table is = 2194/5040
2024-04-17 11:01 | INFO | Query 59 Size of the filtered table is = 51
2024-04-17 11:01 | INFO | Query 59 Active Learning Runtime on Validation Set: 220584.8
2024-04-17 11:01 | INFO | Query 59 Active Learning Runtime on Test Set: 109847.52
2024-04-17 11:01 | INFO | Query 59 Active Learning Instance Cost: 670542.38
2024-04-17 11:01 | INFO | Timeout limit is increased to 3500
2024-04-17 11:01 | INFO | Query 60 Size of the uncertainty table is = 2188/5040
2024-04-17 11:01 | INFO | Query 60 Size of the filtered table is = 51
2024-04-17 11:02 | INFO | Query 60 Active Learning Runtime on Validation Set: 220584.8
2024-04-17 11:02 | INFO | Query 60 Active Learning Runtime on Test Set: 109847.52
2024-04-17 11:02 | INFO | Query 60 Active Learning Instance Cost: 685842.38
2024-04-17 11:02 | INFO | Timeout limit is increased to 3600
2024-04-17 11:02 | INFO | Query 61 Size of the uncertainty table is = 2188/5040
2024-04-17 11:02 | INFO | Query 61 Size of the filtered table is = 51
2024-04-17 11:02 | INFO | Query 61 Active Learning Runtime on Validation Set: 220584.8
2024-04-17 11:02 | INFO | Query 61 Active Learning Runtime on Test Set: 109847.52
2024-04-17 11:02 | INFO | Query 61 Active Learning Instance Cost: 694242.38
2024-04-17 11:02 | INFO | Timeout limit is increased to 3600
2024-04-17 11:02 | INFO | Query 62 Size of the uncertainty table is = 1601/5040
2024-04-17 11:02 | INFO | Query 62 Size of the filtered table is = 51
2024-04-17 11:02 | INFO | Query 62 Active Learning Runtime on Validation Set: 220577.59
2024-04-17 11:02 | INFO | Query 62 Active Learning Runtime on Test Set: 145842.31
2024-04-17 11:02 | INFO | Query 62 Active Learning Instance Cost: 718682.71
2024-04-17 11:02 | INFO | Query 63 Size of the uncertainty table is = 1370/5040
2024-04-17 11:02 | INFO | Query 63 Size of the filtered table is = 51
2024-04-17 11:03 | INFO | Query 63 Active Learning Runtime on Validation Set: 220634.58
2024-04-17 11:03 | INFO | Query 63 Active Learning Runtime on Test Set: 73655.6
2024-04-17 11:03 | INFO | Query 63 Active Learning Instance Cost: 779219.39
2024-04-17 11:03 | INFO | Timeout limit is increased to 3600
2024-04-17 11:03 | INFO | Query 64 Size of the uncertainty table is = 1110/5040
2024-04-17 11:03 | INFO | Query 64 Size of the filtered table is = 51
2024-04-17 11:03 | INFO | Query 64 Active Learning Runtime on Validation Set: 220348.68
2024-04-17 11:03 | INFO | Query 64 Active Learning Runtime on Test Set: 145637.3
2024-04-17 11:03 | INFO | Query 64 Active Learning Instance Cost: 883645.43
2024-04-17 11:03 | INFO | Query 65 Size of the uncertainty table is = 838/5040
2024-04-17 11:03 | INFO | Query 65 Size of the filtered table is = 51
2024-04-17 11:04 | INFO | Query 65 Active Learning Runtime on Validation Set: 257209.95
2024-04-17 11:04 | INFO | Query 65 Active Learning Runtime on Test Set: 109647.24
2024-04-17 11:04 | INFO | Query 65 Active Learning Instance Cost: 923045.18
2024-04-17 11:04 | INFO | Timeout limit is increased to 3600
2024-04-17 11:04 | INFO | Query 66 Size of the uncertainty table is = 618/5040
2024-04-17 11:04 | INFO | Query 66 Size of the filtered table is = 51
2024-04-17 11:04 | INFO | Query 66 Active Learning Runtime on Validation Set: 292858.5
2024-04-17 11:04 | INFO | Query 66 Active Learning Runtime on Test Set: 110418.02
2024-04-17 11:04 | INFO | Query 66 Active Learning Instance Cost: 958137.29
2024-04-17 11:04 | INFO | Timeout limit is increased to 3600
2024-04-17 11:04 | INFO | Query 67 Size of the uncertainty table is = 393/5040
2024-04-17 11:04 | INFO | Query 67 Size of the filtered table is = 51
2024-04-17 11:05 | INFO | Query 67 Active Learning Runtime on Validation Set: 260064.57
2024-04-17 11:05 | INFO | Query 67 Active Learning Runtime on Test Set: 74445.91
2024-04-17 11:05 | INFO | Query 67 Active Learning Instance Cost: 987102.86
2024-04-17 11:05 | INFO | Query 68 Size of the uncertainty table is = 210/5040
2024-04-17 11:05 | INFO | Query 68 Size of the filtered table is = 51
2024-04-17 11:05 | INFO | Query 68 Active Learning Runtime on Validation Set: 292760.57999999996
2024-04-17 11:05 | INFO | Query 68 Active Learning Runtime on Test Set: 110364.86
2024-04-17 11:05 | INFO | Query 68 Active Learning Instance Cost: 1025725.29
2024-04-17 11:05 | INFO | Timeout limit is increased to 3600
2024-04-17 11:05 | INFO | Query 69 Size of the uncertainty table is = 54/5040
2024-04-17 11:05 | INFO | Query 69 Size of the filtered table is = 51
2024-04-17 11:05 | INFO | Query 69 Active Learning Runtime on Validation Set: 292760.57999999996
2024-04-17 11:05 | INFO | Query 69 Active Learning Runtime on Test Set: 74380.88
2024-04-17 11:05 | INFO | Query 69 Active Learning Instance Cost: 1045421.15
2024-04-17 11:05 | INFO | Timeout limit is increased to 3600
2024-04-17 11:05 | INFO | runtime_test_score is written as json file
2024-04-17 11:05 | INFO | runtime_validation_score is written as json file
2024-04-17 11:05 | INFO | instance_cost is written as json file
2024-04-17 11:05 | INFO | Experiment is finished
