2024-04-17 11:11 | INFO | Paramaters are: {'dataset': 'ASP-POTASSCO', 'penalty': 10, 'weight': 'No_Weight', 'voting': 'Hard', 'pre_selection_size': 64, 'pre_selection_technique': 'No_pre_selection', 'feature_elimination_threshold': 20, 'imputer_strategy': 'median', 'feature_selection_technique': 'No_feature_selection', 'feature_scaling_technique': 'StandardScaler', 'initial_train_size': 20, 'query_size': 1, 'timeout_predictor_usage': 'No', 'timeout_limit': 100, 'timeout_increase_rate': 100, 'RANDOM_STATE_SEED': 99, 'n_splits': 10, 'split_number': 2, 'max_timeout': 3600, 'param_grid': {'n_estimators': 100, 'criterion': 'gini', 'max_features': 'sqrt', 'max_depth': 2147483648, 'min_samples_split': 2, 'bootstrap': True}}
2024-04-17 11:11 | INFO | ASP-POTASSCO is current dataset
2024-04-17 11:11 | INFO | DATASETS/ASP-POTASSCO/algorithm_runs.arff is found
2024-04-17 11:11 | INFO | DATASETS/ASP-POTASSCO/algorithm_runs.arff is finished
2024-04-17 11:11 | INFO | DATASETS/ASP-POTASSCO/feature_values.arff is found
2024-04-17 11:11 | INFO | DATASETS/ASP-POTASSCO/feature_values.arff is finished
2024-04-17 11:11 | INFO | DATASETS/ASP-POTASSCO/feature_costs.arff is found
2024-04-17 11:11 | INFO | DATASETS/ASP-POTASSCO/feature_costs.arff is finished
2024-04-17 11:11 | INFO | Virtual best solver time in train = 22701.88
2024-04-17 11:11 | INFO | Single best solver list train = {'clasp/2.1.3/h1-n1': 3258700.49, 'clasp/2.1.3/h10-n1': 5136157.06, 'clasp/2.1.3/h11-n1': 6866586.82, 'clasp/2.1.3/h2-n1': 5314606.47, 'clasp/2.1.3/h3-n1': 5806279.3, 'clasp/2.1.3/h4-n1': 3847479.24, 'clasp/2.1.3/h5-n1': 4989805.06, 'clasp/2.1.3/h6-n1': 4026992.67, 'clasp/2.1.3/h7-n1': 6608634.96, 'clasp/2.1.3/h8-n1': 2994623.75, 'clasp/2.1.3/h9-n1': 4709378.75}
2024-04-17 11:11 | INFO | Single best solver time train = clasp/2.1.3/h8-n1 (2994623.75)
2024-04-17 11:11 | INFO | Virtual best solver time in validation = 3112.14
2024-04-17 11:11 | INFO | Single best solver list validation = {'clasp/2.1.3/h1-n1': 268313.05, 'clasp/2.1.3/h10-n1': 724853.84, 'clasp/2.1.3/h11-n1': 2460929.86, 'clasp/2.1.3/h2-n1': 618498.88, 'clasp/2.1.3/h3-n1': 2138784.19, 'clasp/2.1.3/h4-n1': 842885.6, 'clasp/2.1.3/h5-n1': 295414.08, 'clasp/2.1.3/h6-n1': 617801.1, 'clasp/2.1.3/h7-n1': 842603.16, 'clasp/2.1.3/h8-n1': 1012991.22, 'clasp/2.1.3/h9-n1': 1707214.58}
2024-04-17 11:11 | INFO | Single best solver time validation = clasp/2.1.3/h1-n1 (268313.05)
2024-04-17 11:11 | INFO | Virtual best solver time in test = 1464.29
2024-04-17 11:11 | INFO | Single best solver list test = {'clasp/2.1.3/h1-n1': 149917.76, 'clasp/2.1.3/h10-n1': 471507.1, 'clasp/2.1.3/h11-n1': 940818.7, 'clasp/2.1.3/h2-n1': 507999.25, 'clasp/2.1.3/h3-n1': 908938.53, 'clasp/2.1.3/h4-n1': 294485.04, 'clasp/2.1.3/h5-n1': 364135.58, 'clasp/2.1.3/h6-n1': 506886.72, 'clasp/2.1.3/h7-n1': 615642.77, 'clasp/2.1.3/h8-n1': 187495.14, 'clasp/2.1.3/h9-n1': 617535.31}
2024-04-17 11:11 | INFO | Single best solver time test = clasp/2.1.3/h1-n1 (149917.76)
2024-04-17 11:14 | INFO | Passive Learning Runtime on Validation Set: 437312.11
2024-04-17 11:14 | INFO | Passive Learning Runtime on Test Set: 75514.94
2024-04-17 11:14 | INFO | Passive Learning Instance Cost: 5639644.59
2024-04-17 11:16 | INFO | Initial Active Learning Runtime on Validation Set: 763500.36
2024-04-17 11:16 | INFO | Initial Active Learning Runtime on Test Set: 257107.13
2024-04-17 11:16 | INFO | Initial Active Learning Instance Cost: 5694.46
2024-04-17 11:16 | INFO | Bin size = 394
2024-04-17 11:16 | INFO | Query 1 Size of the uncertainty table is = 39474/39325
2024-04-17 11:16 | INFO | Query 1 Size of the filtered table is = 394
2024-04-17 11:19 | INFO | Query 1 Active Learning Runtime on Validation Set: 332520.26
2024-04-17 11:19 | INFO | Query 1 Active Learning Runtime on Test Set: 41583.98
2024-04-17 11:19 | INFO | Query 1 Active Learning Instance Cost: 31491.96
2024-04-17 11:19 | INFO | Query 2 Size of the uncertainty table is = 38915/39325
2024-04-17 11:19 | INFO | Query 2 Size of the filtered table is = 394
2024-04-17 11:21 | INFO | Query 2 Active Learning Runtime on Validation Set: 444755.34
2024-04-17 11:21 | INFO | Query 2 Active Learning Runtime on Test Set: 77420.12000000001
2024-04-17 11:21 | INFO | Query 2 Active Learning Instance Cost: 54687.26
2024-04-17 11:21 | INFO | Timeout limit is increased to 200
2024-04-17 11:21 | INFO | Query 3 Size of the uncertainty table is = 37862/39325
2024-04-17 11:21 | INFO | Query 3 Size of the filtered table is = 394
2024-04-17 11:24 | INFO | Query 3 Active Learning Runtime on Validation Set: 190873.72
2024-04-17 11:24 | INFO | Query 3 Active Learning Runtime on Test Set: 112472.33
2024-04-17 11:24 | INFO | Query 3 Active Learning Instance Cost: 104412.21
2024-04-17 11:24 | INFO | Query 4 Size of the uncertainty table is = 36665/39325
2024-04-17 11:24 | INFO | Query 4 Size of the filtered table is = 394
2024-04-17 11:27 | INFO | Query 4 Active Learning Runtime on Validation Set: 152502.63
2024-04-17 11:27 | INFO | Query 4 Active Learning Runtime on Test Set: 41101.13
2024-04-17 11:27 | INFO | Query 4 Active Learning Instance Cost: 137865.31
2024-04-17 11:27 | INFO | Query 5 Size of the uncertainty table is = 35067/39325
2024-04-17 11:27 | INFO | Query 5 Size of the filtered table is = 394
2024-04-17 11:29 | INFO | Query 5 Active Learning Runtime on Validation Set: 154569.39
2024-04-17 11:29 | INFO | Query 5 Active Learning Runtime on Test Set: 41225.15
2024-04-17 11:29 | INFO | Query 5 Active Learning Instance Cost: 162437.08
2024-04-17 11:29 | INFO | Timeout limit is increased to 300
2024-04-17 11:29 | INFO | Query 6 Size of the uncertainty table is = 33297/39325
2024-04-17 11:29 | INFO | Query 6 Size of the filtered table is = 394
2024-04-17 11:32 | INFO | Query 6 Active Learning Runtime on Validation Set: 226655.63
2024-04-17 11:32 | INFO | Query 6 Active Learning Runtime on Test Set: 112280.8
2024-04-17 11:32 | INFO | Query 6 Active Learning Instance Cost: 220059.4
2024-04-17 11:32 | INFO | Timeout limit is increased to 400
2024-04-17 11:32 | INFO | Query 7 Size of the uncertainty table is = 31528/39325
2024-04-17 11:32 | INFO | Query 7 Size of the filtered table is = 394
2024-04-17 11:34 | INFO | Query 7 Active Learning Runtime on Validation Set: 80540.63
2024-04-17 11:34 | INFO | Query 7 Active Learning Runtime on Test Set: 40345.67
2024-04-17 11:34 | INFO | Query 7 Active Learning Instance Cost: 272836.39
2024-04-17 11:35 | INFO | Query 8 Size of the uncertainty table is = 29482/39325
2024-04-17 11:35 | INFO | Query 8 Size of the filtered table is = 394
2024-04-17 11:37 | INFO | Query 8 Active Learning Runtime on Validation Set: 117103.05
2024-04-17 11:37 | INFO | Query 8 Active Learning Runtime on Test Set: 76406.79000000001
2024-04-17 11:37 | INFO | Query 8 Active Learning Instance Cost: 331340.76
2024-04-17 11:37 | INFO | Timeout limit is increased to 500
2024-04-17 11:37 | INFO | Query 9 Size of the uncertainty table is = 27422/39325
2024-04-17 11:37 | INFO | Query 9 Size of the filtered table is = 394
2024-04-17 11:40 | INFO | Query 9 Active Learning Runtime on Validation Set: 438156.72000000003
2024-04-17 11:40 | INFO | Query 9 Active Learning Runtime on Test Set: 76269.64000000001
2024-04-17 11:40 | INFO | Query 9 Active Learning Instance Cost: 397323.78
2024-04-17 11:40 | INFO | Timeout limit is increased to 600
2024-04-17 11:40 | INFO | Query 10 Size of the uncertainty table is = 25272/39325
2024-04-17 11:40 | INFO | Query 10 Size of the filtered table is = 394
2024-04-17 11:43 | INFO | Query 10 Active Learning Runtime on Validation Set: 296081.88
2024-04-17 11:43 | INFO | Query 10 Active Learning Runtime on Test Set: 40087.2
2024-04-17 11:43 | INFO | Query 10 Active Learning Instance Cost: 500643.05
2024-04-17 11:43 | INFO | Query 11 Size of the uncertainty table is = 23201/39325
2024-04-17 11:43 | INFO | Query 11 Size of the filtered table is = 394
2024-04-17 11:45 | INFO | Query 11 Active Learning Runtime on Validation Set: 367897.48
2024-04-17 11:45 | INFO | Query 11 Active Learning Runtime on Test Set: 75477.19
2024-04-17 11:45 | INFO | Query 11 Active Learning Instance Cost: 589736.03
2024-04-17 11:45 | INFO | Timeout limit is increased to 700
2024-04-17 11:45 | INFO | Query 12 Size of the uncertainty table is = 21297/39325
2024-04-17 11:45 | INFO | Query 12 Size of the filtered table is = 394
2024-04-17 11:48 | INFO | Query 12 Active Learning Runtime on Validation Set: 439365.77
2024-04-17 11:48 | INFO | Query 12 Active Learning Runtime on Test Set: 75857.27
2024-04-17 11:48 | INFO | Query 12 Active Learning Instance Cost: 689392.81
2024-04-17 11:48 | INFO | Timeout limit is increased to 800
2024-04-17 11:48 | INFO | Query 13 Size of the uncertainty table is = 19585/39325
2024-04-17 11:48 | INFO | Query 13 Size of the filtered table is = 394
2024-04-17 11:51 | INFO | Query 13 Active Learning Runtime on Validation Set: 403017.33
2024-04-17 11:51 | INFO | Query 13 Active Learning Runtime on Test Set: 75443.13
2024-04-17 11:51 | INFO | Query 13 Active Learning Instance Cost: 806290.48
2024-04-17 11:51 | INFO | Query 14 Size of the uncertainty table is = 17990/39325
2024-04-17 11:51 | INFO | Query 14 Size of the filtered table is = 394
2024-04-17 11:54 | INFO | Query 14 Active Learning Runtime on Validation Set: 367799.28
2024-04-17 11:54 | INFO | Query 14 Active Learning Runtime on Test Set: 111358.42000000001
2024-04-17 11:54 | INFO | Query 14 Active Learning Instance Cost: 902939.44
2024-04-17 11:54 | INFO | Query 15 Size of the uncertainty table is = 16630/39325
2024-04-17 11:54 | INFO | Query 15 Size of the filtered table is = 394
2024-04-17 11:56 | INFO | Query 15 Active Learning Runtime on Validation Set: 368073.32
2024-04-17 11:56 | INFO | Query 15 Active Learning Runtime on Test Set: 75005.46
2024-04-17 11:56 | INFO | Query 15 Active Learning Instance Cost: 961331.4
2024-04-17 11:56 | INFO | Timeout limit is increased to 900
2024-04-17 11:56 | INFO | Query 16 Size of the uncertainty table is = 15622/39325
2024-04-17 11:56 | INFO | Query 16 Size of the filtered table is = 394
2024-04-17 11:59 | INFO | Query 16 Active Learning Runtime on Validation Set: 366855.89
2024-04-17 11:59 | INFO | Query 16 Active Learning Runtime on Test Set: 75277.44
2024-04-17 11:59 | INFO | Query 16 Active Learning Instance Cost: 1053046.14
2024-04-17 11:59 | INFO | Query 17 Size of the uncertainty table is = 15012/39325
2024-04-17 11:59 | INFO | Query 17 Size of the filtered table is = 394
2024-04-17 12:02 | INFO | Query 17 Active Learning Runtime on Validation Set: 366976.44
2024-04-17 12:02 | INFO | Query 17 Active Learning Runtime on Test Set: 75472.06000000001
2024-04-17 12:02 | INFO | Query 17 Active Learning Instance Cost: 1111136.02
2024-04-17 12:02 | INFO | Timeout limit is increased to 1000
2024-04-17 12:02 | INFO | Query 18 Size of the uncertainty table is = 14566/39325
2024-04-17 12:02 | INFO | Query 18 Size of the filtered table is = 394
2024-04-17 12:05 | INFO | Query 18 Active Learning Runtime on Validation Set: 439486.05
2024-04-17 12:05 | INFO | Query 18 Active Learning Runtime on Test Set: 75263.98000000001
2024-04-17 12:05 | INFO | Query 18 Active Learning Instance Cost: 1250411.34
2024-04-17 12:05 | INFO | Timeout limit is increased to 1100
2024-04-17 12:05 | INFO | Query 19 Size of the uncertainty table is = 14142/39325
2024-04-17 12:05 | INFO | Query 19 Size of the filtered table is = 394
2024-04-17 12:08 | INFO | Query 19 Active Learning Runtime on Validation Set: 546640.73
2024-04-17 12:08 | INFO | Query 19 Active Learning Runtime on Test Set: 75322.56000000001
2024-04-17 12:08 | INFO | Query 19 Active Learning Instance Cost: 1331447.82
2024-04-17 12:08 | INFO | Timeout limit is increased to 1200
2024-04-17 12:08 | INFO | Query 20 Size of the uncertainty table is = 13771/39325
2024-04-17 12:08 | INFO | Query 20 Size of the filtered table is = 394
2024-04-17 12:10 | INFO | Query 20 Active Learning Runtime on Validation Set: 475721.43
2024-04-17 12:10 | INFO | Query 20 Active Learning Runtime on Test Set: 75290.52
2024-04-17 12:10 | INFO | Query 20 Active Learning Instance Cost: 1427261.7
2024-04-17 12:10 | INFO | Query 21 Size of the uncertainty table is = 13416/39325
2024-04-17 12:10 | INFO | Query 21 Size of the filtered table is = 394
2024-04-17 12:13 | INFO | Query 21 Active Learning Runtime on Validation Set: 439656.59
2024-04-17 12:13 | INFO | Query 21 Active Learning Runtime on Test Set: 75172.1
2024-04-17 12:13 | INFO | Query 21 Active Learning Instance Cost: 1486504.53
2024-04-17 12:13 | INFO | Query 22 Size of the uncertainty table is = 13101/39325
2024-04-17 12:13 | INFO | Query 22 Size of the filtered table is = 394
2024-04-17 12:16 | INFO | Query 22 Active Learning Runtime on Validation Set: 511240.02
2024-04-17 12:16 | INFO | Query 22 Active Learning Runtime on Test Set: 110889.83
2024-04-17 12:16 | INFO | Query 22 Active Learning Instance Cost: 1533638.01
2024-04-17 12:16 | INFO | Timeout limit is increased to 1300
2024-04-17 12:16 | INFO | Query 23 Size of the uncertainty table is = 12849/39325
2024-04-17 12:16 | INFO | Query 23 Size of the filtered table is = 394
2024-04-17 12:19 | INFO | Query 23 Active Learning Runtime on Validation Set: 511137.32
2024-04-17 12:19 | INFO | Query 23 Active Learning Runtime on Test Set: 75649.73000000001
2024-04-17 12:19 | INFO | Query 23 Active Learning Instance Cost: 1629384.86
2024-04-17 12:19 | INFO | Query 24 Size of the uncertainty table is = 12532/39325
2024-04-17 12:19 | INFO | Query 24 Size of the filtered table is = 394
2024-04-17 12:21 | INFO | Query 24 Active Learning Runtime on Validation Set: 511114.28
2024-04-17 12:21 | INFO | Query 24 Active Learning Runtime on Test Set: 75607.65000000001
2024-04-17 12:21 | INFO | Query 24 Active Learning Instance Cost: 1673701.63
2024-04-17 12:21 | INFO | Query 25 Size of the uncertainty table is = 12395/39325
2024-04-17 12:21 | INFO | Query 25 Size of the filtered table is = 394
2024-04-17 12:24 | INFO | Query 25 Active Learning Runtime on Validation Set: 511562.0
2024-04-17 12:24 | INFO | Query 25 Active Learning Runtime on Test Set: 75220.42000000001
2024-04-17 12:24 | INFO | Query 25 Active Learning Instance Cost: 1703853.98
2024-04-17 12:24 | INFO | Timeout limit is increased to 1400
2024-04-17 12:24 | INFO | Query 26 Size of the uncertainty table is = 12137/39325
2024-04-17 12:24 | INFO | Query 26 Size of the filtered table is = 394
2024-04-17 12:27 | INFO | Query 26 Active Learning Runtime on Validation Set: 439827.06
2024-04-17 12:27 | INFO | Query 26 Active Learning Runtime on Test Set: 75168.22
2024-04-17 12:27 | INFO | Query 26 Active Learning Instance Cost: 1794541.95
2024-04-17 12:27 | INFO | Query 27 Size of the uncertainty table is = 11906/39325
2024-04-17 12:27 | INFO | Query 27 Size of the filtered table is = 394
2024-04-17 12:30 | INFO | Query 27 Active Learning Runtime on Validation Set: 402787.98
2024-04-17 12:30 | INFO | Query 27 Active Learning Runtime on Test Set: 75175.87000000001
2024-04-17 12:30 | INFO | Query 27 Active Learning Instance Cost: 1830017.85
2024-04-17 12:30 | INFO | Query 28 Size of the uncertainty table is = 11846/39325
2024-04-17 12:30 | INFO | Query 28 Size of the filtered table is = 394
2024-04-17 12:32 | INFO | Query 28 Active Learning Runtime on Validation Set: 403375.36
2024-04-17 12:32 | INFO | Query 28 Active Learning Runtime on Test Set: 75231.94
2024-04-17 12:32 | INFO | Query 28 Active Learning Instance Cost: 1841274.71
2024-04-17 12:32 | INFO | Timeout limit is increased to 1500
2024-04-17 12:32 | INFO | Query 29 Size of the uncertainty table is = 11795/39325
2024-04-17 12:32 | INFO | Query 29 Size of the filtered table is = 394
2024-04-17 12:35 | INFO | Query 29 Active Learning Runtime on Validation Set: 403131.34
2024-04-17 12:35 | INFO | Query 29 Active Learning Runtime on Test Set: 75232.0
2024-04-17 12:35 | INFO | Query 29 Active Learning Instance Cost: 1915163.7
2024-04-17 12:35 | INFO | Query 30 Size of the uncertainty table is = 11763/39325
2024-04-17 12:35 | INFO | Query 30 Size of the filtered table is = 394
2024-04-17 12:38 | INFO | Query 30 Active Learning Runtime on Validation Set: 403131.34
2024-04-17 12:38 | INFO | Query 30 Active Learning Runtime on Test Set: 75232.0
2024-04-17 12:38 | INFO | Query 30 Active Learning Instance Cost: 1922993.82
2024-04-17 12:38 | INFO | Timeout limit is increased to 1600
2024-04-17 12:38 | INFO | Query 31 Size of the uncertainty table is = 11735/39325
2024-04-17 12:38 | INFO | Query 31 Size of the filtered table is = 394
2024-04-17 12:41 | INFO | Query 31 Active Learning Runtime on Validation Set: 403131.34
2024-04-17 12:41 | INFO | Query 31 Active Learning Runtime on Test Set: 75232.0
2024-04-17 12:41 | INFO | Query 31 Active Learning Instance Cost: 1987591.47
2024-04-17 12:41 | INFO | Timeout limit is increased to 1700
2024-04-17 12:41 | INFO | Query 32 Size of the uncertainty table is = 11728/39325
2024-04-17 12:41 | INFO | Query 32 Size of the filtered table is = 394
2024-04-17 12:43 | INFO | Query 32 Active Learning Runtime on Validation Set: 403131.34
2024-04-17 12:43 | INFO | Query 32 Active Learning Runtime on Test Set: 75232.0
2024-04-17 12:43 | INFO | Query 32 Active Learning Instance Cost: 2051591.47
2024-04-17 12:43 | INFO | Timeout limit is increased to 1800
2024-04-17 12:43 | INFO | Query 33 Size of the uncertainty table is = 11728/39325
2024-04-17 12:43 | INFO | Query 33 Size of the filtered table is = 394
2024-04-17 12:46 | INFO | Query 33 Active Learning Runtime on Validation Set: 403131.34
2024-04-17 12:46 | INFO | Query 33 Active Learning Runtime on Test Set: 75232.0
2024-04-17 12:46 | INFO | Query 33 Active Learning Instance Cost: 2110391.47
2024-04-17 12:46 | INFO | Timeout limit is increased to 1900
2024-04-17 12:46 | INFO | Query 34 Size of the uncertainty table is = 11728/39325
2024-04-17 12:46 | INFO | Query 34 Size of the filtered table is = 394
2024-04-17 12:49 | INFO | Query 34 Active Learning Runtime on Validation Set: 403131.34
2024-04-17 12:49 | INFO | Query 34 Active Learning Runtime on Test Set: 75232.0
2024-04-17 12:49 | INFO | Query 34 Active Learning Instance Cost: 2169191.47
2024-04-17 12:49 | INFO | Timeout limit is increased to 2000
2024-04-17 12:49 | INFO | Query 35 Size of the uncertainty table is = 11728/39325
2024-04-17 12:49 | INFO | Query 35 Size of the filtered table is = 394
2024-04-17 12:52 | INFO | Query 35 Active Learning Runtime on Validation Set: 403131.34
2024-04-17 12:52 | INFO | Query 35 Active Learning Runtime on Test Set: 75232.0
2024-04-17 12:52 | INFO | Query 35 Active Learning Instance Cost: 2227991.47
2024-04-17 12:52 | INFO | Timeout limit is increased to 2100
2024-04-17 12:52 | INFO | Query 36 Size of the uncertainty table is = 11728/39325
2024-04-17 12:52 | INFO | Query 36 Size of the filtered table is = 394
2024-04-17 12:54 | INFO | Query 36 Active Learning Runtime on Validation Set: 403131.34
2024-04-17 12:54 | INFO | Query 36 Active Learning Runtime on Test Set: 75232.0
2024-04-17 12:54 | INFO | Query 36 Active Learning Instance Cost: 2286791.47
2024-04-17 12:54 | INFO | Timeout limit is increased to 2200
2024-04-17 12:54 | INFO | Query 37 Size of the uncertainty table is = 11728/39325
2024-04-17 12:54 | INFO | Query 37 Size of the filtered table is = 394
2024-04-17 12:57 | INFO | Query 37 Active Learning Runtime on Validation Set: 403131.34
2024-04-17 12:57 | INFO | Query 37 Active Learning Runtime on Test Set: 75232.0
2024-04-17 12:57 | INFO | Query 37 Active Learning Instance Cost: 2345591.47
2024-04-17 12:57 | INFO | Timeout limit is increased to 2300
2024-04-17 12:57 | INFO | Query 38 Size of the uncertainty table is = 11728/39325
2024-04-17 12:57 | INFO | Query 38 Size of the filtered table is = 394
2024-04-17 13:00 | INFO | Query 38 Active Learning Runtime on Validation Set: 403131.34
2024-04-17 13:00 | INFO | Query 38 Active Learning Runtime on Test Set: 75232.0
2024-04-17 13:00 | INFO | Query 38 Active Learning Instance Cost: 2404391.47
2024-04-17 13:00 | INFO | Timeout limit is increased to 2400
2024-04-17 13:00 | INFO | Query 39 Size of the uncertainty table is = 11728/39325
2024-04-17 13:00 | INFO | Query 39 Size of the filtered table is = 394
2024-04-17 13:02 | INFO | Query 39 Active Learning Runtime on Validation Set: 403131.34
2024-04-17 13:02 | INFO | Query 39 Active Learning Runtime on Test Set: 75232.0
2024-04-17 13:02 | INFO | Query 39 Active Learning Instance Cost: 2463191.47
2024-04-17 13:02 | INFO | Timeout limit is increased to 2500
2024-04-17 13:02 | INFO | Query 40 Size of the uncertainty table is = 11728/39325
2024-04-17 13:02 | INFO | Query 40 Size of the filtered table is = 394
2024-04-17 13:05 | INFO | Query 40 Active Learning Runtime on Validation Set: 403131.34
2024-04-17 13:05 | INFO | Query 40 Active Learning Runtime on Test Set: 75232.0
2024-04-17 13:05 | INFO | Query 40 Active Learning Instance Cost: 2521991.47
2024-04-17 13:05 | INFO | Timeout limit is increased to 2600
2024-04-17 13:05 | INFO | Query 41 Size of the uncertainty table is = 11728/39325
2024-04-17 13:05 | INFO | Query 41 Size of the filtered table is = 394
2024-04-17 13:08 | INFO | Query 41 Active Learning Runtime on Validation Set: 403131.34
2024-04-17 13:08 | INFO | Query 41 Active Learning Runtime on Test Set: 75232.0
2024-04-17 13:08 | INFO | Query 41 Active Learning Instance Cost: 2580791.47
2024-04-17 13:08 | INFO | Timeout limit is increased to 2700
2024-04-17 13:08 | INFO | Query 42 Size of the uncertainty table is = 11728/39325
2024-04-17 13:08 | INFO | Query 42 Size of the filtered table is = 394
2024-04-17 13:11 | INFO | Query 42 Active Learning Runtime on Validation Set: 403131.34
2024-04-17 13:11 | INFO | Query 42 Active Learning Runtime on Test Set: 75232.0
2024-04-17 13:11 | INFO | Query 42 Active Learning Instance Cost: 2639591.47
2024-04-17 13:11 | INFO | Timeout limit is increased to 2800
2024-04-17 13:11 | INFO | Query 43 Size of the uncertainty table is = 11728/39325
2024-04-17 13:11 | INFO | Query 43 Size of the filtered table is = 394
2024-04-17 13:13 | INFO | Query 43 Active Learning Runtime on Validation Set: 403131.34
2024-04-17 13:13 | INFO | Query 43 Active Learning Runtime on Test Set: 75232.0
2024-04-17 13:13 | INFO | Query 43 Active Learning Instance Cost: 2698391.47
2024-04-17 13:13 | INFO | Timeout limit is increased to 2900
2024-04-17 13:13 | INFO | Query 44 Size of the uncertainty table is = 11728/39325
2024-04-17 13:13 | INFO | Query 44 Size of the filtered table is = 394
2024-04-17 13:16 | INFO | Query 44 Active Learning Runtime on Validation Set: 403131.34
2024-04-17 13:16 | INFO | Query 44 Active Learning Runtime on Test Set: 75232.0
2024-04-17 13:16 | INFO | Query 44 Active Learning Instance Cost: 2757191.47
2024-04-17 13:16 | INFO | Timeout limit is increased to 3000
2024-04-17 13:16 | INFO | Query 45 Size of the uncertainty table is = 11728/39325
2024-04-17 13:16 | INFO | Query 45 Size of the filtered table is = 394
2024-04-17 13:19 | INFO | Query 45 Active Learning Runtime on Validation Set: 403131.34
2024-04-17 13:19 | INFO | Query 45 Active Learning Runtime on Test Set: 75232.0
2024-04-17 13:19 | INFO | Query 45 Active Learning Instance Cost: 2815991.47
2024-04-17 13:19 | INFO | Timeout limit is increased to 3100
2024-04-17 13:19 | INFO | Query 46 Size of the uncertainty table is = 11728/39325
2024-04-17 13:19 | INFO | Query 46 Size of the filtered table is = 394
2024-04-17 13:21 | INFO | Query 46 Active Learning Runtime on Validation Set: 403131.34
2024-04-17 13:21 | INFO | Query 46 Active Learning Runtime on Test Set: 75232.0
2024-04-17 13:21 | INFO | Query 46 Active Learning Instance Cost: 2874791.47
2024-04-17 13:21 | INFO | Timeout limit is increased to 3200
2024-04-17 13:22 | INFO | Query 47 Size of the uncertainty table is = 11728/39325
2024-04-17 13:22 | INFO | Query 47 Size of the filtered table is = 394
2024-04-17 13:24 | INFO | Query 47 Active Learning Runtime on Validation Set: 403131.34
2024-04-17 13:24 | INFO | Query 47 Active Learning Runtime on Test Set: 75232.0
2024-04-17 13:24 | INFO | Query 47 Active Learning Instance Cost: 2933591.47
2024-04-17 13:24 | INFO | Timeout limit is increased to 3300
2024-04-17 13:24 | INFO | Query 48 Size of the uncertainty table is = 11728/39325
2024-04-17 13:24 | INFO | Query 48 Size of the filtered table is = 394
2024-04-17 13:27 | INFO | Query 48 Active Learning Runtime on Validation Set: 403131.34
2024-04-17 13:27 | INFO | Query 48 Active Learning Runtime on Test Set: 75232.0
2024-04-17 13:27 | INFO | Query 48 Active Learning Instance Cost: 2992391.47
2024-04-17 13:27 | INFO | Timeout limit is increased to 3400
2024-04-17 13:27 | INFO | Query 49 Size of the uncertainty table is = 11728/39325
2024-04-17 13:27 | INFO | Query 49 Size of the filtered table is = 394
2024-04-17 13:30 | INFO | Query 49 Active Learning Runtime on Validation Set: 403131.34
2024-04-17 13:30 | INFO | Query 49 Active Learning Runtime on Test Set: 75232.0
2024-04-17 13:30 | INFO | Query 49 Active Learning Instance Cost: 3051191.47
2024-04-17 13:30 | INFO | Timeout limit is increased to 3500
2024-04-17 13:30 | INFO | Query 50 Size of the uncertainty table is = 11728/39325
2024-04-17 13:30 | INFO | Query 50 Size of the filtered table is = 394
2024-04-17 13:32 | INFO | Query 50 Active Learning Runtime on Validation Set: 403131.34
2024-04-17 13:32 | INFO | Query 50 Active Learning Runtime on Test Set: 75232.0
2024-04-17 13:32 | INFO | Query 50 Active Learning Instance Cost: 3109991.47
2024-04-17 13:32 | INFO | Timeout limit is increased to 3600
2024-04-17 13:32 | INFO | Query 51 Size of the uncertainty table is = 11728/39325
2024-04-17 13:32 | INFO | Query 51 Size of the filtered table is = 394
2024-04-17 13:35 | INFO | Query 51 Active Learning Runtime on Validation Set: 403131.34
2024-04-17 13:35 | INFO | Query 51 Active Learning Runtime on Test Set: 75232.0
2024-04-17 13:35 | INFO | Query 51 Active Learning Instance Cost: 3168791.47
2024-04-17 13:35 | INFO | Timeout limit is increased to 3600
2024-04-17 13:35 | INFO | Query 52 Size of the uncertainty table is = 7572/39325
2024-04-17 13:35 | INFO | Query 52 Size of the filtered table is = 394
2024-04-17 13:38 | INFO | Query 52 Active Learning Runtime on Validation Set: 403297.08
2024-04-17 13:38 | INFO | Query 52 Active Learning Runtime on Test Set: 75234.39000000001
2024-04-17 13:38 | INFO | Query 52 Active Learning Instance Cost: 3501164.78
2024-04-17 13:38 | INFO | Timeout limit is increased to 3600
2024-04-17 13:38 | INFO | Query 53 Size of the uncertainty table is = 5093/39325
2024-04-17 13:38 | INFO | Query 53 Size of the filtered table is = 394
2024-04-17 13:41 | INFO | Query 53 Active Learning Runtime on Validation Set: 438478.3
2024-04-17 13:41 | INFO | Query 53 Active Learning Runtime on Test Set: 75008.13
2024-04-17 13:41 | INFO | Query 53 Active Learning Instance Cost: 3770505.84
2024-04-17 13:41 | INFO | Timeout limit is increased to 3600
2024-04-17 13:41 | INFO | Query 54 Size of the uncertainty table is = 3065/39325
2024-04-17 13:41 | INFO | Query 54 Size of the filtered table is = 394
2024-04-17 13:44 | INFO | Query 54 Active Learning Runtime on Validation Set: 438983.19
2024-04-17 13:44 | INFO | Query 54 Active Learning Runtime on Test Set: 110821.06000000001
2024-04-17 13:44 | INFO | Query 54 Active Learning Instance Cost: 3878735.93
2024-04-17 13:44 | INFO | Timeout limit is increased to 3600
2024-04-17 13:44 | INFO | Query 55 Size of the uncertainty table is = 1326/39325
2024-04-17 13:44 | INFO | Query 55 Size of the filtered table is = 394
2024-04-17 13:47 | INFO | Query 55 Active Learning Runtime on Validation Set: 438620.34
2024-04-17 13:47 | INFO | Query 55 Active Learning Runtime on Test Set: 75057.37000000001
2024-04-17 13:47 | INFO | Query 55 Active Learning Instance Cost: 4039182.43
2024-04-17 13:47 | INFO | Query 56 Size of the uncertainty table is = 80/39325
2024-04-17 13:47 | INFO | Query 56 Size of the filtered table is = 80
2024-04-17 13:50 | INFO | Query 56 Active Learning Runtime on Validation Set: 402506.55
2024-04-17 13:50 | INFO | Query 56 Active Learning Runtime on Test Set: 75036.1
2024-04-17 13:50 | INFO | Query 56 Active Learning Instance Cost: 4108469.58
2024-04-17 13:50 | INFO | runtime_test_score is written as json file
2024-04-17 13:50 | INFO | runtime_validation_score is written as json file
2024-04-17 13:50 | INFO | instance_cost is written as json file
2024-04-17 13:50 | INFO | Experiment is finished
