2024-04-17 10:04 | INFO | Paramaters are: {'dataset': 'MAXSAT12-PMS', 'penalty': 10, 'weight': 'No_Weight', 'voting': 'Hard', 'pre_selection_size': 64, 'pre_selection_technique': 'No_pre_selection', 'feature_elimination_threshold': 20, 'imputer_strategy': 'median', 'feature_selection_technique': 'No_feature_selection', 'feature_scaling_technique': 'StandardScaler', 'initial_train_size': 20, 'query_size': 1, 'timeout_predictor_usage': 'No', 'timeout_limit': 3600, 'timeout_increase_rate': 100, 'RANDOM_STATE_SEED': 123, 'n_splits': 10, 'split_number': 1, 'max_timeout': 3600, 'param_grid': {'n_estimators': 100, 'criterion': 'gini', 'max_features': 'sqrt', 'max_depth': 2147483648, 'min_samples_split': 2, 'bootstrap': True}}
2024-04-17 10:04 | INFO | MAXSAT12-PMS is current dataset
2024-04-17 10:04 | INFO | DATASETS/MAXSAT12-PMS/algorithm_runs.csv is found
2024-04-17 10:04 | INFO | DATASETS/MAXSAT12-PMS/algorithm_runs.csv is finished
2024-04-17 10:04 | INFO | DATASETS/MAXSAT12-PMS/feature_values.csv is found
2024-04-17 10:04 | INFO | DATASETS/MAXSAT12-PMS/feature_values.csv is finished
2024-04-17 10:04 | INFO | DATASETS/MAXSAT12-PMS/feature_costs.csv is found
2024-04-17 10:04 | INFO | DATASETS/MAXSAT12-PMS/feature_costs.csv is finished
2024-04-17 10:04 | INFO | Virtual best solver time in train = 20142.59
2024-04-17 10:04 | INFO | Single best solver list train = {'DSWPM1_924': 8333766.0, 'akmaxsat': 7948857.55, 'akmaxsat_ls': 7948890.61, 'pwbo2.1': 3947928.21, 'qmaxsat0.21comp': 2018961.25, 'qmaxsat0.21g2comp': 2301486.91}
2024-04-17 10:04 | INFO | Single best solver time train = qmaxsat0.21comp (2018961.25)
2024-04-17 10:04 | INFO | Virtual best solver time in validation = 7727.45
2024-04-17 10:04 | INFO | Single best solver list validation = {'DSWPM1_924': 2421311.92, 'akmaxsat': 4113114.39, 'akmaxsat_ls': 4113124.89, 'pwbo2.1': 911855.09, 'qmaxsat0.21comp': 731604.76, 'qmaxsat0.21g2comp': 8443.46}
2024-04-17 10:04 | INFO | Single best solver time validation = qmaxsat0.21g2comp (8443.46)
2024-04-17 10:04 | INFO | Virtual best solver time in test = 2683.05
2024-04-17 10:04 | INFO | Single best solver list test = {'DSWPM1_924': 1517671.05, 'akmaxsat': 1370999.72, 'akmaxsat_ls': 1370952.81, 'pwbo2.1': 651286.0, 'qmaxsat0.21comp': 295640.02, 'qmaxsat0.21g2comp': 362460.89}
2024-04-17 10:04 | INFO | Single best solver time test = qmaxsat0.21comp (295640.02)
2024-04-17 10:04 | INFO | Passive Learning Runtime on Validation Set: 8572.24
2024-04-17 10:04 | INFO | Passive Learning Runtime on Test Set: 38187.27
2024-04-17 10:04 | INFO | Passive Learning Instance Cost: 3437090.53
2024-04-17 10:05 | INFO | Initial Active Learning Runtime on Validation Set: 731638.07
2024-04-17 10:05 | INFO | Initial Active Learning Runtime on Test Set: 183599.85
2024-04-17 10:05 | INFO | Initial Active Learning Instance Cost: 142083.71
2024-04-17 10:05 | INFO | Bin size = 78
2024-04-17 10:05 | INFO | Query 1 Size of the uncertainty table is = 7755/7755
2024-04-17 10:05 | INFO | Query 1 Size of the filtered table is = 78
2024-04-17 10:05 | INFO | Query 1 Active Learning Runtime on Validation Set: 731638.0700000001
2024-04-17 10:05 | INFO | Query 1 Active Learning Runtime on Test Set: 147824.44
2024-04-17 10:05 | INFO | Query 1 Active Learning Instance Cost: 304420.63
2024-04-17 10:05 | INFO | Timeout limit is increased to 3600
2024-04-17 10:05 | INFO | Query 2 Size of the uncertainty table is = 7655/7755
2024-04-17 10:05 | INFO | Query 2 Size of the filtered table is = 78
2024-04-17 10:06 | INFO | Query 2 Active Learning Runtime on Validation Set: 731638.02
2024-04-17 10:06 | INFO | Query 2 Active Learning Runtime on Test Set: 182532.95
2024-04-17 10:06 | INFO | Query 2 Active Learning Instance Cost: 512826.16
2024-04-17 10:06 | INFO | Query 3 Size of the uncertainty table is = 7514/7755
2024-04-17 10:06 | INFO | Query 3 Size of the filtered table is = 78
2024-04-17 10:06 | INFO | Query 3 Active Learning Runtime on Validation Set: 731638.02
2024-04-17 10:06 | INFO | Query 3 Active Learning Runtime on Test Set: 182371.03
2024-04-17 10:06 | INFO | Query 3 Active Learning Instance Cost: 830766.53
2024-04-17 10:06 | INFO | Timeout limit is increased to 3600
2024-04-17 10:06 | INFO | Query 4 Size of the uncertainty table is = 7390/7755
2024-04-17 10:06 | INFO | Query 4 Size of the filtered table is = 78
2024-04-17 10:06 | INFO | Query 4 Active Learning Runtime on Validation Set: 442469.14
2024-04-17 10:06 | INFO | Query 4 Active Learning Runtime on Test Set: 110290.95
2024-04-17 10:06 | INFO | Query 4 Active Learning Instance Cost: 1000847.38
2024-04-17 10:06 | INFO | Query 5 Size of the uncertainty table is = 7214/7755
2024-04-17 10:06 | INFO | Query 5 Size of the filtered table is = 78
2024-04-17 10:07 | INFO | Query 5 Active Learning Runtime on Validation Set: 442461.49
2024-04-17 10:07 | INFO | Query 5 Active Learning Runtime on Test Set: 110288.43999999999
2024-04-17 10:07 | INFO | Query 5 Active Learning Instance Cost: 1132982.77
2024-04-17 10:07 | INFO | Query 6 Size of the uncertainty table is = 7026/7755
2024-04-17 10:07 | INFO | Query 6 Size of the filtered table is = 78
2024-04-17 10:07 | INFO | Query 6 Active Learning Runtime on Validation Set: 442447.07
2024-04-17 10:07 | INFO | Query 6 Active Learning Runtime on Test Set: 74416.72
2024-04-17 10:07 | INFO | Query 6 Active Learning Instance Cost: 1272593.37
2024-04-17 10:07 | INFO | Query 7 Size of the uncertainty table is = 6823/7755
2024-04-17 10:07 | INFO | Query 7 Size of the filtered table is = 78
2024-04-17 10:08 | INFO | Query 7 Active Learning Runtime on Validation Set: 8627.86
2024-04-17 10:08 | INFO | Query 7 Active Learning Runtime on Test Set: 74057.03
2024-04-17 10:08 | INFO | Query 7 Active Learning Instance Cost: 1535296.7
2024-04-17 10:08 | INFO | Query 8 Size of the uncertainty table is = 6642/7755
2024-04-17 10:08 | INFO | Query 8 Size of the filtered table is = 78
2024-04-17 10:08 | INFO | Query 8 Active Learning Runtime on Validation Set: 8628.19
2024-04-17 10:08 | INFO | Query 8 Active Learning Runtime on Test Set: 110014.84999999999
2024-04-17 10:08 | INFO | Query 8 Active Learning Instance Cost: 1675367.04
2024-04-17 10:08 | INFO | Timeout limit is increased to 3600
2024-04-17 10:08 | INFO | Query 9 Size of the uncertainty table is = 6420/7755
2024-04-17 10:08 | INFO | Query 9 Size of the filtered table is = 78
2024-04-17 10:09 | INFO | Query 9 Active Learning Runtime on Validation Set: 8629.37
2024-04-17 10:09 | INFO | Query 9 Active Learning Runtime on Test Set: 74055.84
2024-04-17 10:09 | INFO | Query 9 Active Learning Instance Cost: 1847328.22
2024-04-17 10:09 | INFO | Timeout limit is increased to 3600
2024-04-17 10:09 | INFO | Query 10 Size of the uncertainty table is = 6153/7755
2024-04-17 10:09 | INFO | Query 10 Size of the filtered table is = 78
2024-04-17 10:09 | INFO | Query 10 Active Learning Runtime on Validation Set: 8417.36
2024-04-17 10:09 | INFO | Query 10 Active Learning Runtime on Test Set: 74011.11
2024-04-17 10:09 | INFO | Query 10 Active Learning Instance Cost: 1899825.54
2024-04-17 10:09 | INFO | Query 11 Size of the uncertainty table is = 5940/7755
2024-04-17 10:09 | INFO | Query 11 Size of the filtered table is = 78
2024-04-17 10:10 | INFO | Query 11 Active Learning Runtime on Validation Set: 8266.97
2024-04-17 10:10 | INFO | Query 11 Active Learning Runtime on Test Set: 38088.29
2024-04-17 10:10 | INFO | Query 11 Active Learning Instance Cost: 1978187.21
2024-04-17 10:10 | INFO | Query 12 Size of the uncertainty table is = 5700/7755
2024-04-17 10:10 | INFO | Query 12 Size of the filtered table is = 78
2024-04-17 10:10 | INFO | Query 12 Active Learning Runtime on Validation Set: 8502.41
2024-04-17 10:10 | INFO | Query 12 Active Learning Runtime on Test Set: 73804.68999999999
2024-04-17 10:10 | INFO | Query 12 Active Learning Instance Cost: 2025128.63
2024-04-17 10:10 | INFO | Timeout limit is increased to 3600
2024-04-17 10:10 | INFO | Query 13 Size of the uncertainty table is = 5377/7755
2024-04-17 10:10 | INFO | Query 13 Size of the filtered table is = 78
2024-04-17 10:11 | INFO | Query 13 Active Learning Runtime on Validation Set: 8490.77
2024-04-17 10:11 | INFO | Query 13 Active Learning Runtime on Test Set: 73804.68
2024-04-17 10:11 | INFO | Query 13 Active Learning Instance Cost: 2108551.81
2024-04-17 10:11 | INFO | Query 14 Size of the uncertainty table is = 5007/7755
2024-04-17 10:11 | INFO | Query 14 Size of the filtered table is = 78
2024-04-17 10:11 | INFO | Query 14 Active Learning Runtime on Validation Set: 118395.93
2024-04-17 10:11 | INFO | Query 14 Active Learning Runtime on Test Set: 109693.51
2024-04-17 10:11 | INFO | Query 14 Active Learning Instance Cost: 2172065.14
2024-04-17 10:11 | INFO | Timeout limit is increased to 3600
2024-04-17 10:11 | INFO | Query 15 Size of the uncertainty table is = 4703/7755
2024-04-17 10:11 | INFO | Query 15 Size of the filtered table is = 78
2024-04-17 10:12 | INFO | Query 15 Active Learning Runtime on Validation Set: 118104.61
2024-04-17 10:12 | INFO | Query 15 Active Learning Runtime on Test Set: 109830.65
2024-04-17 10:12 | INFO | Query 15 Active Learning Instance Cost: 2326065.54
2024-04-17 10:12 | INFO | Query 16 Size of the uncertainty table is = 4417/7755
2024-04-17 10:12 | INFO | Query 16 Size of the filtered table is = 78
2024-04-17 10:12 | INFO | Query 16 Active Learning Runtime on Validation Set: 8504.75
2024-04-17 10:12 | INFO | Query 16 Active Learning Runtime on Test Set: 73922.06
2024-04-17 10:12 | INFO | Query 16 Active Learning Instance Cost: 2460650.08
2024-04-17 10:12 | INFO | Query 17 Size of the uncertainty table is = 4179/7755
2024-04-17 10:12 | INFO | Query 17 Size of the filtered table is = 78
2024-04-17 10:13 | INFO | Query 17 Active Learning Runtime on Validation Set: 191099.18000000002
2024-04-17 10:13 | INFO | Query 17 Active Learning Runtime on Test Set: 110191.09
2024-04-17 10:13 | INFO | Query 17 Active Learning Instance Cost: 2510903.52
2024-04-17 10:13 | INFO | Timeout limit is increased to 3600
2024-04-17 10:13 | INFO | Query 18 Size of the uncertainty table is = 3915/7755
2024-04-17 10:13 | INFO | Query 18 Size of the filtered table is = 78
2024-04-17 10:13 | INFO | Query 18 Active Learning Runtime on Validation Set: 191096.86000000002
2024-04-17 10:13 | INFO | Query 18 Active Learning Runtime on Test Set: 110073.31999999999
2024-04-17 10:13 | INFO | Query 18 Active Learning Instance Cost: 2535779.11
2024-04-17 10:13 | INFO | Query 19 Size of the uncertainty table is = 3613/7755
2024-04-17 10:13 | INFO | Query 19 Size of the filtered table is = 78
2024-04-17 10:14 | INFO | Query 19 Active Learning Runtime on Validation Set: 189145.92
2024-04-17 10:14 | INFO | Query 19 Active Learning Runtime on Test Set: 110073.54
2024-04-17 10:14 | INFO | Query 19 Active Learning Instance Cost: 2637476.83
2024-04-17 10:14 | INFO | Query 20 Size of the uncertainty table is = 3306/7755
2024-04-17 10:14 | INFO | Query 20 Size of the filtered table is = 78
2024-04-17 10:14 | INFO | Query 20 Active Learning Runtime on Validation Set: 8523.03
2024-04-17 10:14 | INFO | Query 20 Active Learning Runtime on Test Set: 73821.87
2024-04-17 10:14 | INFO | Query 20 Active Learning Instance Cost: 2687728.48
2024-04-17 10:14 | INFO | Query 21 Size of the uncertainty table is = 3033/7755
2024-04-17 10:14 | INFO | Query 21 Size of the filtered table is = 78
2024-04-17 10:15 | INFO | Query 21 Active Learning Runtime on Validation Set: 8629.67
2024-04-17 10:15 | INFO | Query 21 Active Learning Runtime on Test Set: 38060.810000000005
2024-04-17 10:15 | INFO | Query 21 Active Learning Instance Cost: 2821247.99
2024-04-17 10:15 | INFO | Timeout limit is increased to 3600
2024-04-17 10:15 | INFO | Query 22 Size of the uncertainty table is = 2631/7755
2024-04-17 10:15 | INFO | Query 22 Size of the filtered table is = 78
2024-04-17 10:15 | INFO | Query 22 Active Learning Runtime on Validation Set: 118245.95
2024-04-17 10:15 | INFO | Query 22 Active Learning Runtime on Test Set: 110021.09
2024-04-17 10:15 | INFO | Query 22 Active Learning Instance Cost: 2875664.73
2024-04-17 10:15 | INFO | Timeout limit is increased to 3600
2024-04-17 10:15 | INFO | Query 23 Size of the uncertainty table is = 2333/7755
2024-04-17 10:15 | INFO | Query 23 Size of the filtered table is = 78
2024-04-17 10:16 | INFO | Query 23 Active Learning Runtime on Validation Set: 8654.59
2024-04-17 10:16 | INFO | Query 23 Active Learning Runtime on Test Set: 73936.12999999999
2024-04-17 10:16 | INFO | Query 23 Active Learning Instance Cost: 2924617.45
2024-04-17 10:16 | INFO | Query 24 Size of the uncertainty table is = 2065/7755
2024-04-17 10:16 | INFO | Query 24 Size of the filtered table is = 78
2024-04-17 10:16 | INFO | Query 24 Active Learning Runtime on Validation Set: 8652.25
2024-04-17 10:16 | INFO | Query 24 Active Learning Runtime on Test Set: 38060.94
2024-04-17 10:16 | INFO | Query 24 Active Learning Instance Cost: 3019409.17
2024-04-17 10:16 | INFO | Query 25 Size of the uncertainty table is = 1741/7755
2024-04-17 10:16 | INFO | Query 25 Size of the filtered table is = 78
2024-04-17 10:17 | INFO | Query 25 Active Learning Runtime on Validation Set: 8652.25
2024-04-17 10:17 | INFO | Query 25 Active Learning Runtime on Test Set: 38060.8
2024-04-17 10:17 | INFO | Query 25 Active Learning Instance Cost: 3045344.41
2024-04-17 10:17 | INFO | Timeout limit is increased to 3600
2024-04-17 10:17 | INFO | Query 26 Size of the uncertainty table is = 1516/7755
2024-04-17 10:17 | INFO | Query 26 Size of the filtered table is = 78
2024-04-17 10:17 | INFO | Query 26 Active Learning Runtime on Validation Set: 8608.800000000001
2024-04-17 10:17 | INFO | Query 26 Active Learning Runtime on Test Set: 73935.93999999999
2024-04-17 10:17 | INFO | Query 26 Active Learning Instance Cost: 3078757.26
2024-04-17 10:17 | INFO | Query 27 Size of the uncertainty table is = 1243/7755
2024-04-17 10:17 | INFO | Query 27 Size of the filtered table is = 78
2024-04-17 10:18 | INFO | Query 27 Active Learning Runtime on Validation Set: 191248.57
2024-04-17 10:18 | INFO | Query 27 Active Learning Runtime on Test Set: 110087.62999999999
2024-04-17 10:18 | INFO | Query 27 Active Learning Instance Cost: 3172886.52
2024-04-17 10:18 | INFO | Timeout limit is increased to 3600
2024-04-17 10:18 | INFO | Query 28 Size of the uncertainty table is = 917/7755
2024-04-17 10:18 | INFO | Query 28 Size of the filtered table is = 78
2024-04-17 10:18 | INFO | Query 28 Active Learning Runtime on Validation Set: 191258.32
2024-04-17 10:18 | INFO | Query 28 Active Learning Runtime on Test Set: 110087.62999999999
2024-04-17 10:18 | INFO | Query 28 Active Learning Instance Cost: 3286497.43
2024-04-17 10:18 | INFO | Timeout limit is increased to 3600
2024-04-17 10:18 | INFO | Query 29 Size of the uncertainty table is = 622/7755
2024-04-17 10:18 | INFO | Query 29 Size of the filtered table is = 78
2024-04-17 10:19 | INFO | Query 29 Active Learning Runtime on Validation Set: 81624.70999999999
2024-04-17 10:19 | INFO | Query 29 Active Learning Runtime on Test Set: 38421.39
2024-04-17 10:19 | INFO | Query 29 Active Learning Instance Cost: 3298565.29
2024-04-17 10:19 | INFO | Query 30 Size of the uncertainty table is = 286/7755
2024-04-17 10:19 | INFO | Query 30 Size of the filtered table is = 78
2024-04-17 10:19 | INFO | Query 30 Active Learning Runtime on Validation Set: 262899.96
2024-04-17 10:19 | INFO | Query 30 Active Learning Runtime on Test Set: 74254.93999999999
2024-04-17 10:19 | INFO | Query 30 Active Learning Instance Cost: 3436534.34
2024-04-17 10:19 | INFO | Timeout limit is increased to 3600
2024-04-17 10:19 | INFO | Query 31 Size of the uncertainty table is = 35/7755
2024-04-17 10:19 | INFO | Query 31 Size of the filtered table is = 35
2024-04-17 10:20 | INFO | Query 31 Active Learning Runtime on Validation Set: 191258.32
2024-04-17 10:20 | INFO | Query 31 Active Learning Runtime on Test Set: 74263.23
2024-04-17 10:20 | INFO | Query 31 Active Learning Instance Cost: 3437090.53
2024-04-17 10:20 | INFO | runtime_test_score is written as json file
2024-04-17 10:20 | INFO | runtime_validation_score is written as json file
2024-04-17 10:20 | INFO | instance_cost is written as json file
2024-04-17 10:20 | INFO | Experiment is finished
