2024-04-17 10:41 | INFO | Paramaters are: {'dataset': 'QBF-2011', 'penalty': 10, 'weight': 'No_Weight', 'voting': 'Hard', 'pre_selection_size': 64, 'pre_selection_technique': 'No_pre_selection', 'feature_elimination_threshold': 20, 'imputer_strategy': 'median', 'feature_selection_technique': 'No_feature_selection', 'feature_scaling_technique': 'StandardScaler', 'initial_train_size': 20, 'query_size': 1, 'timeout_predictor_usage': 'No', 'timeout_limit': 100, 'timeout_increase_rate': 100, 'RANDOM_STATE_SEED': 123, 'n_splits': 10, 'split_number': 9, 'max_timeout': 3600, 'param_grid': {'n_estimators': 100, 'criterion': 'gini', 'max_features': 'sqrt', 'max_depth': 2147483648, 'min_samples_split': 2, 'bootstrap': True}}
2024-04-17 10:41 | INFO | QBF-2011 is current dataset
2024-04-17 10:41 | INFO | DATASETS/QBF-2011/algorithm_runs.csv is found
2024-04-17 10:41 | INFO | DATASETS/QBF-2011/algorithm_runs.csv is finished
2024-04-17 10:41 | INFO | DATASETS/QBF-2011/feature_values.csv is found
2024-04-17 10:41 | INFO | DATASETS/QBF-2011/feature_values.csv is finished
2024-04-17 10:41 | INFO | Virtual best solver time in train = 74085.69
2024-04-17 10:41 | INFO | Single best solver list train = {'2clsQ': 13739880.95, 'QuBE': 10162988.32, 'quantor': 17914203.9, 'sKizzo': 6256559.9, 'sSolve': 8324720.1}
2024-04-17 10:41 | INFO | Single best solver time train = sKizzo (6256559.9)
2024-04-17 10:41 | INFO | Virtual best solver time in validation = 17706.53
2024-04-17 10:41 | INFO | Single best solver list validation = {'2clsQ': 3186328.4, 'QuBE': 2313426.61, 'quantor': 3570552.84, 'sKizzo': 2323145.33, 'sSolve': 3005801.47}
2024-04-17 10:41 | INFO | Single best solver time validation = QuBE (2313426.61)
2024-04-17 10:41 | INFO | Virtual best solver time in test = 9359.69
2024-04-17 10:41 | INFO | Single best solver list test = {'2clsQ': 1707539.07, 'QuBE': 1443692.28, 'quantor': 2556985.86, 'sKizzo': 1087968.37, 'sSolve': 1309663.73}
2024-04-17 10:41 | INFO | Single best solver time test = sKizzo (1087968.37)
2024-04-17 10:42 | INFO | Passive Learning Runtime on Validation Set: 1423081.88
2024-04-17 10:42 | INFO | Passive Learning Runtime on Test Set: 119633.34
2024-04-17 10:42 | INFO | Passive Learning Instance Cost: 6113553.17
2024-04-17 10:42 | INFO | Initial Active Learning Runtime on Validation Set: 2211202.11
2024-04-17 10:42 | INFO | Initial Active Learning Runtime on Test Set: 691900.46
2024-04-17 10:42 | INFO | Initial Active Learning Instance Cost: 5442.37
2024-04-17 10:42 | INFO | Bin size = 74
2024-04-17 10:42 | INFO | Query 1 Size of the uncertainty table is = 7464/7390
2024-04-17 10:42 | INFO | Query 1 Size of the filtered table is = 74
2024-04-17 10:42 | INFO | Query 1 Active Learning Runtime on Validation Set: 2211198.6
2024-04-17 10:42 | INFO | Query 1 Active Learning Runtime on Test Set: 728118.78
2024-04-17 10:42 | INFO | Query 1 Active Learning Instance Cost: 15692.17
2024-04-17 10:42 | INFO | Query 2 Size of the uncertainty table is = 7428/7390
2024-04-17 10:42 | INFO | Query 2 Size of the filtered table is = 74
2024-04-17 10:43 | INFO | Query 2 Active Learning Runtime on Validation Set: 2211166.93
2024-04-17 10:43 | INFO | Query 2 Active Learning Runtime on Test Set: 1085290.81
2024-04-17 10:43 | INFO | Query 2 Active Learning Instance Cost: 24073.35
2024-04-17 10:43 | INFO | Query 3 Size of the uncertainty table is = 7400/7390
2024-04-17 10:43 | INFO | Query 3 Size of the filtered table is = 74
2024-04-17 10:43 | INFO | Query 3 Active Learning Runtime on Validation Set: 2211163.14
2024-04-17 10:43 | INFO | Query 3 Active Learning Runtime on Test Set: 870369.83
2024-04-17 10:43 | INFO | Query 3 Active Learning Instance Cost: 28735.77
2024-04-17 10:43 | INFO | Query 4 Size of the uncertainty table is = 7327/7390
2024-04-17 10:43 | INFO | Query 4 Size of the filtered table is = 74
2024-04-17 10:44 | INFO | Query 4 Active Learning Runtime on Validation Set: 2211162.5
2024-04-17 10:44 | INFO | Query 4 Active Learning Runtime on Test Set: 801014.58
2024-04-17 10:44 | INFO | Query 4 Active Learning Instance Cost: 37725.67
2024-04-17 10:44 | INFO | Query 5 Size of the uncertainty table is = 7262/7390
2024-04-17 10:44 | INFO | Query 5 Size of the filtered table is = 74
2024-04-17 10:44 | INFO | Query 5 Active Learning Runtime on Validation Set: 2211160.71
2024-04-17 10:44 | INFO | Query 5 Active Learning Runtime on Test Set: 978041.7
2024-04-17 10:44 | INFO | Query 5 Active Learning Instance Cost: 44701.45
2024-04-17 10:44 | INFO | Query 6 Size of the uncertainty table is = 7212/7390
2024-04-17 10:44 | INFO | Query 6 Size of the filtered table is = 74
2024-04-17 10:45 | INFO | Query 6 Active Learning Runtime on Validation Set: 2211161.33
2024-04-17 10:45 | INFO | Query 6 Active Learning Runtime on Test Set: 800763.42
2024-04-17 10:45 | INFO | Query 6 Active Learning Instance Cost: 51248.04
2024-04-17 10:45 | INFO | Timeout limit is increased to 200
2024-04-17 10:45 | INFO | Query 7 Size of the uncertainty table is = 7122/7390
2024-04-17 10:45 | INFO | Query 7 Size of the filtered table is = 74
2024-04-17 10:45 | INFO | Query 7 Active Learning Runtime on Validation Set: 2175159.94
2024-04-17 10:45 | INFO | Query 7 Active Learning Runtime on Test Set: 800746.64
2024-04-17 10:45 | INFO | Query 7 Active Learning Instance Cost: 66961.22
2024-04-17 10:45 | INFO | Query 8 Size of the uncertainty table is = 7048/7390
2024-04-17 10:45 | INFO | Query 8 Size of the filtered table is = 74
2024-04-17 10:46 | INFO | Query 8 Active Learning Runtime on Validation Set: 2139186.84
2024-04-17 10:46 | INFO | Query 8 Active Learning Runtime on Test Set: 729959.06
2024-04-17 10:46 | INFO | Query 8 Active Learning Instance Cost: 80993.52
2024-04-17 10:46 | INFO | Query 9 Size of the uncertainty table is = 6984/7390
2024-04-17 10:46 | INFO | Query 9 Size of the filtered table is = 74
2024-04-17 10:46 | INFO | Query 9 Active Learning Runtime on Validation Set: 1387095.59
2024-04-17 10:46 | INFO | Query 9 Active Learning Runtime on Test Set: 622727.08
2024-04-17 10:46 | INFO | Query 9 Active Learning Instance Cost: 98739.61
2024-04-17 10:46 | INFO | Query 10 Size of the uncertainty table is = 6932/7390
2024-04-17 10:46 | INFO | Query 10 Size of the filtered table is = 74
2024-04-17 10:47 | INFO | Query 10 Active Learning Runtime on Validation Set: 2103266.22
2024-04-17 10:47 | INFO | Query 10 Active Learning Runtime on Test Set: 729943.32
2024-04-17 10:47 | INFO | Query 10 Active Learning Instance Cost: 110894.61
2024-04-17 10:47 | INFO | Timeout limit is increased to 300
2024-04-17 10:47 | INFO | Query 11 Size of the uncertainty table is = 6859/7390
2024-04-17 10:47 | INFO | Query 11 Size of the filtered table is = 74
2024-04-17 10:47 | INFO | Query 11 Active Learning Runtime on Validation Set: 1387079.49
2024-04-17 10:47 | INFO | Query 11 Active Learning Runtime on Test Set: 622063.64
2024-04-17 10:47 | INFO | Query 11 Active Learning Instance Cost: 134269.13
2024-04-17 10:47 | INFO | Query 12 Size of the uncertainty table is = 6811/7390
2024-04-17 10:47 | INFO | Query 12 Size of the filtered table is = 74
2024-04-17 10:47 | INFO | Query 12 Active Learning Runtime on Validation Set: 1279073.78
2024-04-17 10:47 | INFO | Query 12 Active Learning Runtime on Test Set: 369724.8
2024-04-17 10:47 | INFO | Query 12 Active Learning Instance Cost: 152328.22
2024-04-17 10:47 | INFO | Query 13 Size of the uncertainty table is = 6740/7390
2024-04-17 10:47 | INFO | Query 13 Size of the filtered table is = 74
2024-04-17 10:48 | INFO | Query 13 Active Learning Runtime on Validation Set: 1890300.84
2024-04-17 10:48 | INFO | Query 13 Active Learning Runtime on Test Set: 368527.99
2024-04-17 10:48 | INFO | Query 13 Active Learning Instance Cost: 168947.04
2024-04-17 10:48 | INFO | Timeout limit is increased to 400
2024-04-17 10:48 | INFO | Query 14 Size of the uncertainty table is = 6656/7390
2024-04-17 10:48 | INFO | Query 14 Size of the filtered table is = 74
2024-04-17 10:48 | INFO | Query 14 Active Learning Runtime on Validation Set: 1563615.86
2024-04-17 10:48 | INFO | Query 14 Active Learning Runtime on Test Set: 405946.76
2024-04-17 10:48 | INFO | Query 14 Active Learning Instance Cost: 202751.14
2024-04-17 10:48 | INFO | Query 15 Size of the uncertainty table is = 6589/7390
2024-04-17 10:48 | INFO | Query 15 Size of the filtered table is = 74
2024-04-17 10:49 | INFO | Query 15 Active Learning Runtime on Validation Set: 1063429.61
2024-04-17 10:49 | INFO | Query 15 Active Learning Runtime on Test Set: 369372.71
2024-04-17 10:49 | INFO | Query 15 Active Learning Instance Cost: 223631.92
2024-04-17 10:49 | INFO | Query 16 Size of the uncertainty table is = 6505/7390
2024-04-17 10:49 | INFO | Query 16 Size of the filtered table is = 74
2024-04-17 10:49 | INFO | Query 16 Active Learning Runtime on Validation Set: 1101775.57
2024-04-17 10:49 | INFO | Query 16 Active Learning Runtime on Test Set: 368673.04
2024-04-17 10:49 | INFO | Query 16 Active Learning Instance Cost: 243910.7
2024-04-17 10:49 | INFO | Timeout limit is increased to 500
2024-04-17 10:49 | INFO | Query 17 Size of the uncertainty table is = 6439/7390
2024-04-17 10:49 | INFO | Query 17 Size of the filtered table is = 74
2024-04-17 10:50 | INFO | Query 17 Active Learning Runtime on Validation Set: 1030019.67
2024-04-17 10:50 | INFO | Query 17 Active Learning Runtime on Test Set: 369458.97
2024-04-17 10:50 | INFO | Query 17 Active Learning Instance Cost: 270331.43
2024-04-17 10:50 | INFO | Query 18 Size of the uncertainty table is = 6339/7390
2024-04-17 10:50 | INFO | Query 18 Size of the filtered table is = 74
2024-04-17 10:50 | INFO | Query 18 Active Learning Runtime on Validation Set: 1030015.98
2024-04-17 10:50 | INFO | Query 18 Active Learning Runtime on Test Set: 333626.67
2024-04-17 10:50 | INFO | Query 18 Active Learning Instance Cost: 295794.05
2024-04-17 10:50 | INFO | Query 19 Size of the uncertainty table is = 6259/7390
2024-04-17 10:50 | INFO | Query 19 Size of the filtered table is = 74
2024-04-17 10:51 | INFO | Query 19 Active Learning Runtime on Validation Set: 1064280.58
2024-04-17 10:51 | INFO | Query 19 Active Learning Runtime on Test Set: 295495.05
2024-04-17 10:51 | INFO | Query 19 Active Learning Instance Cost: 321483.67
2024-04-17 10:51 | INFO | Timeout limit is increased to 600
2024-04-17 10:51 | INFO | Query 20 Size of the uncertainty table is = 6193/7390
2024-04-17 10:51 | INFO | Query 20 Size of the filtered table is = 74
2024-04-17 10:51 | INFO | Query 20 Active Learning Runtime on Validation Set: 1351193.07
2024-04-17 10:51 | INFO | Query 20 Active Learning Runtime on Test Set: 331525.88
2024-04-17 10:51 | INFO | Query 20 Active Learning Instance Cost: 355933.15
2024-04-17 10:51 | INFO | Timeout limit is increased to 700
2024-04-17 10:51 | INFO | Query 21 Size of the uncertainty table is = 6095/7390
2024-04-17 10:51 | INFO | Query 21 Size of the filtered table is = 74
2024-04-17 10:52 | INFO | Query 21 Active Learning Runtime on Validation Set: 1563973.43
2024-04-17 10:52 | INFO | Query 21 Active Learning Runtime on Test Set: 331525.66
2024-04-17 10:52 | INFO | Query 21 Active Learning Instance Cost: 390404.99
2024-04-17 10:52 | INFO | Timeout limit is increased to 800
2024-04-17 10:52 | INFO | Query 22 Size of the uncertainty table is = 6025/7390
2024-04-17 10:52 | INFO | Query 22 Size of the filtered table is = 74
2024-04-17 10:52 | INFO | Query 22 Active Learning Runtime on Validation Set: 1422865.14
2024-04-17 10:52 | INFO | Query 22 Active Learning Runtime on Test Set: 331373.22
2024-04-17 10:52 | INFO | Query 22 Active Learning Instance Cost: 431505.44
2024-04-17 10:52 | INFO | Query 23 Size of the uncertainty table is = 5985/7390
2024-04-17 10:52 | INFO | Query 23 Size of the filtered table is = 74
2024-04-17 10:53 | INFO | Query 23 Active Learning Runtime on Validation Set: 1455909.63
2024-04-17 10:53 | INFO | Query 23 Active Learning Runtime on Test Set: 331525.66
2024-04-17 10:53 | INFO | Query 23 Active Learning Instance Cost: 462475.0
2024-04-17 10:53 | INFO | Timeout limit is increased to 900
2024-04-17 10:53 | INFO | Query 24 Size of the uncertainty table is = 5928/7390
2024-04-17 10:53 | INFO | Query 24 Size of the filtered table is = 74
2024-04-17 10:53 | INFO | Query 24 Active Learning Runtime on Validation Set: 1387185.05
2024-04-17 10:53 | INFO | Query 24 Active Learning Runtime on Test Set: 190983.02
2024-04-17 10:53 | INFO | Query 24 Active Learning Instance Cost: 497273.22
2024-04-17 10:53 | INFO | Query 25 Size of the uncertainty table is = 5883/7390
2024-04-17 10:53 | INFO | Query 25 Size of the filtered table is = 74
2024-04-17 10:54 | INFO | Query 25 Active Learning Runtime on Validation Set: 1387166.84
2024-04-17 10:54 | INFO | Query 25 Active Learning Runtime on Test Set: 190984.13
2024-04-17 10:54 | INFO | Query 25 Active Learning Instance Cost: 522383.73
2024-04-17 10:54 | INFO | Query 26 Size of the uncertainty table is = 5849/7390
2024-04-17 10:54 | INFO | Query 26 Size of the filtered table is = 74
2024-04-17 10:54 | INFO | Query 26 Active Learning Runtime on Validation Set: 1423165.5
2024-04-17 10:54 | INFO | Query 26 Active Learning Runtime on Test Set: 190999.89
2024-04-17 10:54 | INFO | Query 26 Active Learning Instance Cost: 537874.54
2024-04-17 10:54 | INFO | Timeout limit is increased to 1000
2024-04-17 10:54 | INFO | Query 27 Size of the uncertainty table is = 5794/7390
2024-04-17 10:54 | INFO | Query 27 Size of the filtered table is = 74
2024-04-17 10:55 | INFO | Query 27 Active Learning Runtime on Validation Set: 1351166.77
2024-04-17 10:55 | INFO | Query 27 Active Learning Runtime on Test Set: 226080.29
2024-04-17 10:55 | INFO | Query 27 Active Learning Instance Cost: 576668.51
2024-04-17 10:55 | INFO | Query 28 Size of the uncertainty table is = 5761/7390
2024-04-17 10:55 | INFO | Query 28 Size of the filtered table is = 74
2024-04-17 10:55 | INFO | Query 28 Active Learning Runtime on Validation Set: 1351154.5
2024-04-17 10:55 | INFO | Query 28 Active Learning Runtime on Test Set: 225718.39
2024-04-17 10:55 | INFO | Query 28 Active Learning Instance Cost: 593494.12
2024-04-17 10:55 | INFO | Query 29 Size of the uncertainty table is = 5735/7390
2024-04-17 10:55 | INFO | Query 29 Size of the filtered table is = 74
2024-04-17 10:55 | INFO | Query 29 Active Learning Runtime on Validation Set: 1387539.79
2024-04-17 10:55 | INFO | Query 29 Active Learning Runtime on Test Set: 225718.39
2024-04-17 10:55 | INFO | Query 29 Active Learning Instance Cost: 604727.03
2024-04-17 10:55 | INFO | Timeout limit is increased to 1100
2024-04-17 10:55 | INFO | Query 30 Size of the uncertainty table is = 5710/7390
2024-04-17 10:55 | INFO | Query 30 Size of the filtered table is = 74
2024-04-17 10:56 | INFO | Query 30 Active Learning Runtime on Validation Set: 1387151.66
2024-04-17 10:56 | INFO | Query 30 Active Learning Runtime on Test Set: 190710.59
2024-04-17 10:56 | INFO | Query 30 Active Learning Instance Cost: 634992.15
2024-04-17 10:56 | INFO | Query 31 Size of the uncertainty table is = 5694/7390
2024-04-17 10:56 | INFO | Query 31 Size of the filtered table is = 74
2024-04-17 10:56 | INFO | Query 31 Active Learning Runtime on Validation Set: 1387151.6
2024-04-17 10:56 | INFO | Query 31 Active Learning Runtime on Test Set: 225717.1
2024-04-17 10:56 | INFO | Query 31 Active Learning Instance Cost: 646015.34
2024-04-17 10:56 | INFO | Query 32 Size of the uncertainty table is = 5680/7390
2024-04-17 10:56 | INFO | Query 32 Size of the filtered table is = 74
2024-04-17 10:57 | INFO | Query 32 Active Learning Runtime on Validation Set: 1351156.25
2024-04-17 10:57 | INFO | Query 32 Active Learning Runtime on Test Set: 190709.25
2024-04-17 10:57 | INFO | Query 32 Active Learning Instance Cost: 655075.38
2024-04-17 10:57 | INFO | Query 33 Size of the uncertainty table is = 5675/7390
2024-04-17 10:57 | INFO | Query 33 Size of the filtered table is = 74
2024-04-17 10:57 | INFO | Query 33 Active Learning Runtime on Validation Set: 1459147.59
2024-04-17 10:57 | INFO | Query 33 Active Learning Runtime on Test Set: 190711.24
2024-04-17 10:57 | INFO | Query 33 Active Learning Instance Cost: 661878.24
2024-04-17 10:57 | INFO | Timeout limit is increased to 1200
2024-04-17 10:57 | INFO | Query 34 Size of the uncertainty table is = 5647/7390
2024-04-17 10:57 | INFO | Query 34 Size of the filtered table is = 74
2024-04-17 10:58 | INFO | Query 34 Active Learning Runtime on Validation Set: 1387150.29
2024-04-17 10:58 | INFO | Query 34 Active Learning Runtime on Test Set: 190711.24
2024-04-17 10:58 | INFO | Query 34 Active Learning Instance Cost: 683778.24
2024-04-17 10:58 | INFO | Query 35 Size of the uncertainty table is = 5643/7390
2024-04-17 10:58 | INFO | Query 35 Size of the filtered table is = 74
2024-04-17 10:58 | INFO | Query 35 Active Learning Runtime on Validation Set: 1351151.58
2024-04-17 10:58 | INFO | Query 35 Active Learning Runtime on Test Set: 190711.24
2024-04-17 10:58 | INFO | Query 35 Active Learning Instance Cost: 695984.02
2024-04-17 10:58 | INFO | Query 36 Size of the uncertainty table is = 5635/7390
2024-04-17 10:58 | INFO | Query 36 Size of the filtered table is = 74
2024-04-17 10:59 | INFO | Query 36 Active Learning Runtime on Validation Set: 1459147.59
2024-04-17 10:59 | INFO | Query 36 Active Learning Runtime on Test Set: 190711.24
2024-04-17 10:59 | INFO | Query 36 Active Learning Instance Cost: 706999.56
2024-04-17 10:59 | INFO | Timeout limit is increased to 1300
2024-04-17 10:59 | INFO | Query 37 Size of the uncertainty table is = 5629/7390
2024-04-17 10:59 | INFO | Query 37 Size of the filtered table is = 74
2024-04-17 10:59 | INFO | Query 37 Active Learning Runtime on Validation Set: 1459152.21
2024-04-17 10:59 | INFO | Query 37 Active Learning Runtime on Test Set: 190711.24
2024-04-17 10:59 | INFO | Query 37 Active Learning Instance Cost: 725600.6
2024-04-17 10:59 | INFO | Timeout limit is increased to 1400
2024-04-17 10:59 | INFO | Query 38 Size of the uncertainty table is = 5621/7390
2024-04-17 10:59 | INFO | Query 38 Size of the filtered table is = 74
2024-04-17 11:00 | INFO | Query 38 Active Learning Runtime on Validation Set: 1459152.21
2024-04-17 11:00 | INFO | Query 38 Active Learning Runtime on Test Set: 190711.24
2024-04-17 11:00 | INFO | Query 38 Active Learning Instance Cost: 744100.6
2024-04-17 11:00 | INFO | Timeout limit is increased to 1500
2024-04-17 11:00 | INFO | Query 39 Size of the uncertainty table is = 5621/7390
2024-04-17 11:00 | INFO | Query 39 Size of the filtered table is = 74
2024-04-17 11:00 | INFO | Query 39 Active Learning Runtime on Validation Set: 1459152.21
2024-04-17 11:00 | INFO | Query 39 Active Learning Runtime on Test Set: 190711.24
2024-04-17 11:00 | INFO | Query 39 Active Learning Instance Cost: 757700.6
2024-04-17 11:00 | INFO | Timeout limit is increased to 1600
2024-04-17 11:00 | INFO | Query 40 Size of the uncertainty table is = 5621/7390
2024-04-17 11:00 | INFO | Query 40 Size of the filtered table is = 74
2024-04-17 11:01 | INFO | Query 40 Active Learning Runtime on Validation Set: 1459152.21
2024-04-17 11:01 | INFO | Query 40 Active Learning Runtime on Test Set: 190711.24
2024-04-17 11:01 | INFO | Query 40 Active Learning Instance Cost: 771300.6
2024-04-17 11:01 | INFO | Timeout limit is increased to 1700
2024-04-17 11:01 | INFO | Query 41 Size of the uncertainty table is = 5621/7390
2024-04-17 11:01 | INFO | Query 41 Size of the filtered table is = 74
2024-04-17 11:01 | INFO | Query 41 Active Learning Runtime on Validation Set: 1351151.56
2024-04-17 11:01 | INFO | Query 41 Active Learning Runtime on Test Set: 190711.24
2024-04-17 11:01 | INFO | Query 41 Active Learning Instance Cost: 784850.57
2024-04-17 11:01 | INFO | Query 42 Size of the uncertainty table is = 5618/7390
2024-04-17 11:01 | INFO | Query 42 Size of the filtered table is = 74
2024-04-17 11:01 | INFO | Query 42 Active Learning Runtime on Validation Set: 1387151.54
2024-04-17 11:01 | INFO | Query 42 Active Learning Runtime on Test Set: 190710.54
2024-04-17 11:01 | INFO | Query 42 Active Learning Instance Cost: 790851.29
2024-04-17 11:01 | INFO | Timeout limit is increased to 1800
2024-04-17 11:02 | INFO | Query 43 Size of the uncertainty table is = 5614/7390
2024-04-17 11:02 | INFO | Query 43 Size of the filtered table is = 74
2024-04-17 11:02 | INFO | Query 43 Active Learning Runtime on Validation Set: 1351151.54
2024-04-17 11:02 | INFO | Query 43 Active Learning Runtime on Test Set: 190710.54
2024-04-17 11:02 | INFO | Query 43 Active Learning Instance Cost: 818778.19
2024-04-17 11:02 | INFO | Query 44 Size of the uncertainty table is = 5606/7390
2024-04-17 11:02 | INFO | Query 44 Size of the filtered table is = 74
2024-04-17 11:02 | INFO | Query 44 Active Learning Runtime on Validation Set: 1351151.54
2024-04-17 11:02 | INFO | Query 44 Active Learning Runtime on Test Set: 190710.54
2024-04-17 11:02 | INFO | Query 44 Active Learning Instance Cost: 828883.89
2024-04-17 11:02 | INFO | Timeout limit is increased to 1900
2024-04-17 11:02 | INFO | Query 45 Size of the uncertainty table is = 5603/7390
2024-04-17 11:02 | INFO | Query 45 Size of the filtered table is = 74
2024-04-17 11:03 | INFO | Query 45 Active Learning Runtime on Validation Set: 1351156.18
2024-04-17 11:03 | INFO | Query 45 Active Learning Runtime on Test Set: 190710.54
2024-04-17 11:03 | INFO | Query 45 Active Learning Instance Cost: 848196.27
2024-04-17 11:03 | INFO | Timeout limit is increased to 2000
2024-04-17 11:03 | INFO | Query 46 Size of the uncertainty table is = 5601/7390
2024-04-17 11:03 | INFO | Query 46 Size of the filtered table is = 74
2024-04-17 11:03 | INFO | Query 46 Active Learning Runtime on Validation Set: 1351085.58
2024-04-17 11:03 | INFO | Query 46 Active Learning Runtime on Test Set: 190710.54
2024-04-17 11:03 | INFO | Query 46 Active Learning Instance Cost: 887581.91
2024-04-17 11:03 | INFO | Query 47 Size of the uncertainty table is = 5582/7390
2024-04-17 11:03 | INFO | Query 47 Size of the filtered table is = 74
2024-04-17 11:04 | INFO | Query 47 Active Learning Runtime on Validation Set: 1351177.37
2024-04-17 11:04 | INFO | Query 47 Active Learning Runtime on Test Set: 190709.2
2024-04-17 11:04 | INFO | Query 47 Active Learning Instance Cost: 913820.9
2024-04-17 11:04 | INFO | Timeout limit is increased to 2100
2024-04-17 11:04 | INFO | Query 48 Size of the uncertainty table is = 5563/7390
2024-04-17 11:04 | INFO | Query 48 Size of the filtered table is = 74
2024-04-17 11:04 | INFO | Query 48 Active Learning Runtime on Validation Set: 1351177.98
2024-04-17 11:04 | INFO | Query 48 Active Learning Runtime on Test Set: 190709.2
2024-04-17 11:04 | INFO | Query 48 Active Learning Instance Cost: 958531.43
2024-04-17 11:04 | INFO | Timeout limit is increased to 2200
2024-04-17 11:04 | INFO | Query 49 Size of the uncertainty table is = 5541/7390
2024-04-17 11:04 | INFO | Query 49 Size of the filtered table is = 74
2024-04-17 11:05 | INFO | Query 49 Active Learning Runtime on Validation Set: 1351185.03
2024-04-17 11:05 | INFO | Query 49 Active Learning Runtime on Test Set: 190709.2
2024-04-17 11:05 | INFO | Query 49 Active Learning Instance Cost: 1010134.88
2024-04-17 11:05 | INFO | Timeout limit is increased to 2300
2024-04-17 11:05 | INFO | Query 50 Size of the uncertainty table is = 5529/7390
2024-04-17 11:05 | INFO | Query 50 Size of the filtered table is = 74
2024-04-17 11:05 | INFO | Query 50 Active Learning Runtime on Validation Set: 1351178.0
2024-04-17 11:05 | INFO | Query 50 Active Learning Runtime on Test Set: 190709.2
2024-04-17 11:05 | INFO | Query 50 Active Learning Instance Cost: 1046659.37
2024-04-17 11:05 | INFO | Query 51 Size of the uncertainty table is = 5511/7390
2024-04-17 11:05 | INFO | Query 51 Size of the filtered table is = 74
2024-04-17 11:06 | INFO | Query 51 Active Learning Runtime on Validation Set: 1351163.86
2024-04-17 11:06 | INFO | Query 51 Active Learning Runtime on Test Set: 190708.5
2024-04-17 11:06 | INFO | Query 51 Active Learning Instance Cost: 1174005.85
2024-04-17 11:06 | INFO | Query 52 Size of the uncertainty table is = 5483/7390
2024-04-17 11:06 | INFO | Query 52 Size of the filtered table is = 74
2024-04-17 11:06 | INFO | Query 52 Active Learning Runtime on Validation Set: 1351163.86
2024-04-17 11:06 | INFO | Query 52 Active Learning Runtime on Test Set: 190708.5
2024-04-17 11:06 | INFO | Query 52 Active Learning Instance Cost: 1205287.05
2024-04-17 11:06 | INFO | Timeout limit is increased to 2400
2024-04-17 11:06 | INFO | Query 53 Size of the uncertainty table is = 5477/7390
2024-04-17 11:06 | INFO | Query 53 Size of the filtered table is = 74
2024-04-17 11:07 | INFO | Query 53 Active Learning Runtime on Validation Set: 1351163.86
2024-04-17 11:07 | INFO | Query 53 Active Learning Runtime on Test Set: 226706.87
2024-04-17 11:07 | INFO | Query 53 Active Learning Instance Cost: 1242794.38
2024-04-17 11:07 | INFO | Timeout limit is increased to 2500
2024-04-17 11:07 | INFO | Query 54 Size of the uncertainty table is = 5469/7390
2024-04-17 11:07 | INFO | Query 54 Size of the filtered table is = 74
2024-04-17 11:07 | INFO | Query 54 Active Learning Runtime on Validation Set: 1351163.85
2024-04-17 11:07 | INFO | Query 54 Active Learning Runtime on Test Set: 226706.17
2024-04-17 11:07 | INFO | Query 54 Active Learning Instance Cost: 1287994.38
2024-04-17 11:07 | INFO | Query 55 Size of the uncertainty table is = 5466/7390
2024-04-17 11:07 | INFO | Query 55 Size of the filtered table is = 74
2024-04-17 11:07 | INFO | Query 55 Active Learning Runtime on Validation Set: 1351163.85
2024-04-17 11:07 | INFO | Query 55 Active Learning Runtime on Test Set: 226706.92
2024-04-17 11:07 | INFO | Query 55 Active Learning Instance Cost: 1308896.36
2024-04-17 11:07 | INFO | Timeout limit is increased to 2600
2024-04-17 11:07 | INFO | Query 56 Size of the uncertainty table is = 5460/7390
2024-04-17 11:07 | INFO | Query 56 Size of the filtered table is = 74
2024-04-17 11:08 | INFO | Query 56 Active Learning Runtime on Validation Set: 1387185.03
2024-04-17 11:08 | INFO | Query 56 Active Learning Runtime on Test Set: 226706.92
2024-04-17 11:08 | INFO | Query 56 Active Learning Instance Cost: 1348692.03
2024-04-17 11:08 | INFO | Timeout limit is increased to 2700
2024-04-17 11:08 | INFO | Query 57 Size of the uncertainty table is = 5457/7390
2024-04-17 11:08 | INFO | Query 57 Size of the filtered table is = 74
2024-04-17 11:08 | INFO | Query 57 Active Learning Runtime on Validation Set: 1387185.03
2024-04-17 11:08 | INFO | Query 57 Active Learning Runtime on Test Set: 226706.92
2024-04-17 11:08 | INFO | Query 57 Active Learning Instance Cost: 1393692.03
2024-04-17 11:08 | INFO | Timeout limit is increased to 2800
2024-04-17 11:08 | INFO | Query 58 Size of the uncertainty table is = 5457/7390
2024-04-17 11:08 | INFO | Query 58 Size of the filtered table is = 74
2024-04-17 11:09 | INFO | Query 58 Active Learning Runtime on Validation Set: 1387185.03
2024-04-17 11:09 | INFO | Query 58 Active Learning Runtime on Test Set: 226706.92
2024-04-17 11:09 | INFO | Query 58 Active Learning Instance Cost: 1408092.03
2024-04-17 11:09 | INFO | Timeout limit is increased to 2900
2024-04-17 11:09 | INFO | Query 59 Size of the uncertainty table is = 5457/7390
2024-04-17 11:09 | INFO | Query 59 Size of the filtered table is = 74
2024-04-17 11:09 | INFO | Query 59 Active Learning Runtime on Validation Set: 1387185.03
2024-04-17 11:09 | INFO | Query 59 Active Learning Runtime on Test Set: 226706.92
2024-04-17 11:09 | INFO | Query 59 Active Learning Instance Cost: 1422492.03
2024-04-17 11:09 | INFO | Timeout limit is increased to 3000
2024-04-17 11:09 | INFO | Query 60 Size of the uncertainty table is = 5457/7390
2024-04-17 11:09 | INFO | Query 60 Size of the filtered table is = 74
2024-04-17 11:10 | INFO | Query 60 Active Learning Runtime on Validation Set: 1387185.03
2024-04-17 11:10 | INFO | Query 60 Active Learning Runtime on Test Set: 226706.92
2024-04-17 11:10 | INFO | Query 60 Active Learning Instance Cost: 1436892.03
2024-04-17 11:10 | INFO | Timeout limit is increased to 3100
2024-04-17 11:10 | INFO | Query 61 Size of the uncertainty table is = 5457/7390
2024-04-17 11:10 | INFO | Query 61 Size of the filtered table is = 74
2024-04-17 11:10 | INFO | Query 61 Active Learning Runtime on Validation Set: 1387185.03
2024-04-17 11:10 | INFO | Query 61 Active Learning Runtime on Test Set: 226706.92
2024-04-17 11:10 | INFO | Query 61 Active Learning Instance Cost: 1451292.03
2024-04-17 11:10 | INFO | Timeout limit is increased to 3200
2024-04-17 11:10 | INFO | Query 62 Size of the uncertainty table is = 5457/7390
2024-04-17 11:10 | INFO | Query 62 Size of the filtered table is = 74
2024-04-17 11:11 | INFO | Query 62 Active Learning Runtime on Validation Set: 1387185.03
2024-04-17 11:11 | INFO | Query 62 Active Learning Runtime on Test Set: 226706.92
2024-04-17 11:11 | INFO | Query 62 Active Learning Instance Cost: 1465692.03
2024-04-17 11:11 | INFO | Timeout limit is increased to 3300
2024-04-17 11:11 | INFO | Query 63 Size of the uncertainty table is = 5457/7390
2024-04-17 11:11 | INFO | Query 63 Size of the filtered table is = 74
2024-04-17 11:11 | INFO | Query 63 Active Learning Runtime on Validation Set: 1387185.03
2024-04-17 11:11 | INFO | Query 63 Active Learning Runtime on Test Set: 226706.92
2024-04-17 11:11 | INFO | Query 63 Active Learning Instance Cost: 1480092.03
2024-04-17 11:11 | INFO | Timeout limit is increased to 3400
2024-04-17 11:11 | INFO | Query 64 Size of the uncertainty table is = 5457/7390
2024-04-17 11:11 | INFO | Query 64 Size of the filtered table is = 74
2024-04-17 11:12 | INFO | Query 64 Active Learning Runtime on Validation Set: 1387185.03
2024-04-17 11:12 | INFO | Query 64 Active Learning Runtime on Test Set: 226706.92
2024-04-17 11:12 | INFO | Query 64 Active Learning Instance Cost: 1494492.03
2024-04-17 11:12 | INFO | Timeout limit is increased to 3500
2024-04-17 11:12 | INFO | Query 65 Size of the uncertainty table is = 5457/7390
2024-04-17 11:12 | INFO | Query 65 Size of the filtered table is = 74
2024-04-17 11:12 | INFO | Query 65 Active Learning Runtime on Validation Set: 1387185.03
2024-04-17 11:12 | INFO | Query 65 Active Learning Runtime on Test Set: 226706.92
2024-04-17 11:12 | INFO | Query 65 Active Learning Instance Cost: 1508892.03
2024-04-17 11:12 | INFO | Timeout limit is increased to 3600
2024-04-17 11:12 | INFO | Query 66 Size of the uncertainty table is = 5457/7390
2024-04-17 11:12 | INFO | Query 66 Size of the filtered table is = 74
2024-04-17 11:12 | INFO | Query 66 Active Learning Runtime on Validation Set: 1387185.03
2024-04-17 11:12 | INFO | Query 66 Active Learning Runtime on Test Set: 226706.92
2024-04-17 11:12 | INFO | Query 66 Active Learning Instance Cost: 1523292.03
2024-04-17 11:12 | INFO | Timeout limit is increased to 3600
2024-04-17 11:12 | INFO | Query 67 Size of the uncertainty table is = 4232/7390
2024-04-17 11:12 | INFO | Query 67 Size of the filtered table is = 74
2024-04-17 11:13 | INFO | Query 67 Active Learning Runtime on Validation Set: 1387159.18
2024-04-17 11:13 | INFO | Query 67 Active Learning Runtime on Test Set: 190706.75
2024-04-17 11:13 | INFO | Query 67 Active Learning Instance Cost: 1730004.26
2024-04-17 11:13 | INFO | Query 68 Size of the uncertainty table is = 3989/7390
2024-04-17 11:13 | INFO | Query 68 Size of the filtered table is = 74
2024-04-17 11:13 | INFO | Query 68 Active Learning Runtime on Validation Set: 1387085.59
2024-04-17 11:13 | INFO | Query 68 Active Learning Runtime on Test Set: 190231.22
2024-04-17 11:13 | INFO | Query 68 Active Learning Instance Cost: 1913080.09
2024-04-17 11:13 | INFO | Query 69 Size of the uncertainty table is = 3737/7390
2024-04-17 11:13 | INFO | Query 69 Size of the filtered table is = 74
2024-04-17 11:14 | INFO | Query 69 Active Learning Runtime on Validation Set: 1351109.75
2024-04-17 11:14 | INFO | Query 69 Active Learning Runtime on Test Set: 226610.86
2024-04-17 11:14 | INFO | Query 69 Active Learning Instance Cost: 2169058.97
2024-04-17 11:14 | INFO | Query 70 Size of the uncertainty table is = 3470/7390
2024-04-17 11:14 | INFO | Query 70 Size of the filtered table is = 74
2024-04-17 11:14 | INFO | Query 70 Active Learning Runtime on Validation Set: 1351154.45
2024-04-17 11:14 | INFO | Query 70 Active Learning Runtime on Test Set: 154717.66
2024-04-17 11:14 | INFO | Query 70 Active Learning Instance Cost: 2338459.35
2024-04-17 11:14 | INFO | Timeout limit is increased to 3600
2024-04-17 11:14 | INFO | Query 71 Size of the uncertainty table is = 3262/7390
2024-04-17 11:14 | INFO | Query 71 Size of the filtered table is = 74
2024-04-17 11:15 | INFO | Query 71 Active Learning Runtime on Validation Set: 1387154.5
2024-04-17 11:15 | INFO | Query 71 Active Learning Runtime on Test Set: 154712.46
2024-04-17 11:15 | INFO | Query 71 Active Learning Instance Cost: 2628230.37
2024-04-17 11:15 | INFO | Timeout limit is increased to 3600
2024-04-17 11:15 | INFO | Query 72 Size of the uncertainty table is = 3018/7390
2024-04-17 11:15 | INFO | Query 72 Size of the filtered table is = 74
2024-04-17 11:15 | INFO | Query 72 Active Learning Runtime on Validation Set: 1387147.06
2024-04-17 11:15 | INFO | Query 72 Active Learning Runtime on Test Set: 190615.55
2024-04-17 11:15 | INFO | Query 72 Active Learning Instance Cost: 2867090.84
2024-04-17 11:15 | INFO | Query 73 Size of the uncertainty table is = 2734/7390
2024-04-17 11:15 | INFO | Query 73 Size of the filtered table is = 74
2024-04-17 11:16 | INFO | Query 73 Active Learning Runtime on Validation Set: 1387154.51
2024-04-17 11:16 | INFO | Query 73 Active Learning Runtime on Test Set: 154717.66
2024-04-17 11:16 | INFO | Query 73 Active Learning Instance Cost: 3287512.58
2024-04-17 11:16 | INFO | Timeout limit is increased to 3600
2024-04-17 11:16 | INFO | Query 74 Size of the uncertainty table is = 2601/7390
2024-04-17 11:16 | INFO | Query 74 Size of the filtered table is = 74
2024-04-17 11:16 | INFO | Query 74 Active Learning Runtime on Validation Set: 1387075.57
2024-04-17 11:16 | INFO | Query 74 Active Learning Runtime on Test Set: 154845.53
2024-04-17 11:16 | INFO | Query 74 Active Learning Instance Cost: 3365016.06
2024-04-17 11:16 | INFO | Query 75 Size of the uncertainty table is = 2424/7390
2024-04-17 11:16 | INFO | Query 75 Size of the filtered table is = 74
2024-04-17 11:17 | INFO | Query 75 Active Learning Runtime on Validation Set: 1459091.4
2024-04-17 11:17 | INFO | Query 75 Active Learning Runtime on Test Set: 83300.95
2024-04-17 11:17 | INFO | Query 75 Active Learning Instance Cost: 3562572.55
2024-04-17 11:17 | INFO | Timeout limit is increased to 3600
2024-04-17 11:17 | INFO | Query 76 Size of the uncertainty table is = 2176/7390
2024-04-17 11:17 | INFO | Query 76 Size of the filtered table is = 74
2024-04-17 11:17 | INFO | Query 76 Active Learning Runtime on Validation Set: 1423098.89
2024-04-17 11:17 | INFO | Query 76 Active Learning Runtime on Test Set: 119195.59
2024-04-17 11:17 | INFO | Query 76 Active Learning Instance Cost: 3631925.34
2024-04-17 11:17 | INFO | Query 77 Size of the uncertainty table is = 1963/7390
2024-04-17 11:17 | INFO | Query 77 Size of the filtered table is = 74
2024-04-17 11:18 | INFO | Query 77 Active Learning Runtime on Validation Set: 1423161.45
2024-04-17 11:18 | INFO | Query 77 Active Learning Runtime on Test Set: 119062.52
2024-04-17 11:18 | INFO | Query 77 Active Learning Instance Cost: 3747402.13
2024-04-17 11:18 | INFO | Timeout limit is increased to 3600
2024-04-17 11:18 | INFO | Query 78 Size of the uncertainty table is = 1803/7390
2024-04-17 11:18 | INFO | Query 78 Size of the filtered table is = 74
2024-04-17 11:18 | INFO | Query 78 Active Learning Runtime on Validation Set: 1387099.58
2024-04-17 11:18 | INFO | Query 78 Active Learning Runtime on Test Set: 118719.04
2024-04-17 11:18 | INFO | Query 78 Active Learning Instance Cost: 3866476.39
2024-04-17 11:18 | INFO | Query 79 Size of the uncertainty table is = 1565/7390
2024-04-17 11:18 | INFO | Query 79 Size of the filtered table is = 74
2024-04-17 11:18 | INFO | Query 79 Active Learning Runtime on Validation Set: 1423098.91
2024-04-17 11:18 | INFO | Query 79 Active Learning Runtime on Test Set: 118719.04
2024-04-17 11:18 | INFO | Query 79 Active Learning Instance Cost: 3990035.63
2024-04-17 11:18 | INFO | Timeout limit is increased to 3600
2024-04-17 11:18 | INFO | Query 80 Size of the uncertainty table is = 1303/7390
2024-04-17 11:18 | INFO | Query 80 Size of the filtered table is = 74
2024-04-17 11:19 | INFO | Query 80 Active Learning Runtime on Validation Set: 1387105.49
2024-04-17 11:19 | INFO | Query 80 Active Learning Runtime on Test Set: 118719.04
2024-04-17 11:19 | INFO | Query 80 Active Learning Instance Cost: 4044553.92
2024-04-17 11:19 | INFO | Query 81 Size of the uncertainty table is = 1097/7390
2024-04-17 11:19 | INFO | Query 81 Size of the filtered table is = 74
2024-04-17 11:19 | INFO | Query 81 Active Learning Runtime on Validation Set: 1459103.93
2024-04-17 11:19 | INFO | Query 81 Active Learning Runtime on Test Set: 82824.4
2024-04-17 11:19 | INFO | Query 81 Active Learning Instance Cost: 4108021.19
2024-04-17 11:19 | INFO | Timeout limit is increased to 3600
2024-04-17 11:19 | INFO | Query 82 Size of the uncertainty table is = 797/7390
2024-04-17 11:19 | INFO | Query 82 Size of the filtered table is = 74
2024-04-17 11:20 | INFO | Query 82 Active Learning Runtime on Validation Set: 1387091.99
2024-04-17 11:20 | INFO | Query 82 Active Learning Runtime on Test Set: 118585.97
2024-04-17 11:20 | INFO | Query 82 Active Learning Instance Cost: 4138609.98
2024-04-17 11:20 | INFO | Query 83 Size of the uncertainty table is = 549/7390
2024-04-17 11:20 | INFO | Query 83 Size of the filtered table is = 74
2024-04-17 11:20 | INFO | Query 83 Active Learning Runtime on Validation Set: 1387110.3
2024-04-17 11:20 | INFO | Query 83 Active Learning Runtime on Test Set: 119500.27
2024-04-17 11:20 | INFO | Query 83 Active Learning Instance Cost: 4209096.01
2024-04-17 11:20 | INFO | Timeout limit is increased to 3600
2024-04-17 11:20 | INFO | Query 84 Size of the uncertainty table is = 302/7390
2024-04-17 11:20 | INFO | Query 84 Size of the filtered table is = 74
2024-04-17 11:20 | INFO | Query 84 Active Learning Runtime on Validation Set: 1387239.45
2024-04-17 11:20 | INFO | Query 84 Active Learning Runtime on Test Set: 119633.34
2024-04-17 11:20 | INFO | Query 84 Active Learning Instance Cost: 4274825.99
2024-04-17 11:20 | INFO | Timeout limit is increased to 3600
2024-04-17 11:20 | INFO | Query 85 Size of the uncertainty table is = 115/7390
2024-04-17 11:20 | INFO | Query 85 Size of the filtered table is = 74
2024-04-17 11:21 | INFO | Query 85 Active Learning Runtime on Validation Set: 1353562.97
2024-04-17 11:21 | INFO | Query 85 Active Learning Runtime on Test Set: 119633.34
2024-04-17 11:21 | INFO | Query 85 Active Learning Instance Cost: 4296392.82
2024-04-17 11:21 | INFO | Query 86 Size of the uncertainty table is = 12/7390
2024-04-17 11:21 | INFO | Query 86 Size of the filtered table is = 12
2024-04-17 11:21 | INFO | Query 86 Active Learning Runtime on Validation Set: 1423237.27
2024-04-17 11:21 | INFO | Query 86 Active Learning Runtime on Test Set: 119633.34
2024-04-17 11:21 | INFO | Query 86 Active Learning Instance Cost: 4296395.31
2024-04-17 11:21 | INFO | Timeout limit is increased to 3600
2024-04-17 11:21 | INFO | runtime_test_score is written as json file
2024-04-17 11:21 | INFO | runtime_validation_score is written as json file
2024-04-17 11:21 | INFO | instance_cost is written as json file
2024-04-17 11:21 | INFO | Experiment is finished
