2024-04-17 10:41 | INFO | Paramaters are: {'dataset': 'QBF-2011', 'penalty': 10, 'weight': 'No_Weight', 'voting': 'Hard', 'pre_selection_size': 64, 'pre_selection_technique': 'No_pre_selection', 'feature_elimination_threshold': 20, 'imputer_strategy': 'median', 'feature_selection_technique': 'No_feature_selection', 'feature_scaling_technique': 'StandardScaler', 'initial_train_size': 20, 'query_size': 1, 'timeout_predictor_usage': 'Yes', 'timeout_limit': 100, 'timeout_increase_rate': 100, 'RANDOM_STATE_SEED': 12345, 'n_splits': 10, 'split_number': 4, 'max_timeout': 3600, 'param_grid': {'n_estimators': 100, 'criterion': 'gini', 'max_features': 'sqrt', 'max_depth': 2147483648, 'min_samples_split': 2, 'bootstrap': True}}
2024-04-17 10:41 | INFO | QBF-2011 is current dataset
2024-04-17 10:41 | INFO | DATASETS/QBF-2011/algorithm_runs.csv is found
2024-04-17 10:41 | INFO | DATASETS/QBF-2011/algorithm_runs.csv is finished
2024-04-17 10:41 | INFO | DATASETS/QBF-2011/feature_values.csv is found
2024-04-17 10:41 | INFO | DATASETS/QBF-2011/feature_values.csv is finished
2024-04-17 10:41 | INFO | Virtual best solver time in train = 74678.41
2024-04-17 10:41 | INFO | Single best solver list train = {'2clsQ': 13977988.88, 'QuBE': 10472463.6, 'quantor': 17912471.54, 'sKizzo': 6398211.33, 'sSolve': 8321441.9}
2024-04-17 10:41 | INFO | Single best solver time train = sKizzo (6398211.33)
2024-04-17 10:41 | INFO | Virtual best solver time in validation = 17530.4
2024-04-17 10:41 | INFO | Single best solver list validation = {'2clsQ': 2975372.16, 'QuBE': 2169439.21, 'quantor': 3462423.93, 'sKizzo': 2180145.77, 'sSolve': 2646534.07}
2024-04-17 10:41 | INFO | Single best solver time validation = QuBE (2169439.21)
2024-04-17 10:41 | INFO | Virtual best solver time in test = 8943.1
2024-04-17 10:41 | INFO | Single best solver list test = {'2clsQ': 1680387.38, 'QuBE': 1278204.4, 'quantor': 2666847.13, 'sKizzo': 1089316.5, 'sSolve': 1672209.33}
2024-04-17 10:41 | INFO | Single best solver time test = sKizzo (1089316.5)
2024-04-17 10:42 | INFO | Passive Learning Runtime on Validation Set: 1387077.46
2024-04-17 10:42 | INFO | Passive Learning Runtime on Test Set: 226890.9
2024-04-17 10:42 | INFO | Passive Learning Instance Cost: 6149777.25
2024-04-17 10:42 | INFO | Initial Active Learning Runtime on Validation Set: 1279758.07
2024-04-17 10:42 | INFO | Initial Active Learning Runtime on Test Set: 845790.69
2024-04-17 10:42 | INFO | Initial Active Learning Instance Cost: 6637.71
2024-04-17 10:42 | INFO | Bin size = 74
2024-04-17 10:42 | INFO | Query 1 Size of the uncertainty table is = 7483/7390
2024-04-17 10:42 | INFO | Query 1 Size of the filtered table is = 74
2024-04-17 10:42 | INFO | Query 1 Active Learning Runtime on Validation Set: 1531184.42
2024-04-17 10:42 | INFO | Query 1 Active Learning Runtime on Test Set: 628886.22
2024-04-17 10:42 | INFO | Query 1 Active Learning Instance Cost: 12555.91
2024-04-17 10:42 | INFO | Timeout limit is increased to 200
2024-04-17 10:42 | INFO | Query 2 Size of the uncertainty table is = 7415/7390
2024-04-17 10:42 | INFO | Query 2 Size of the filtered table is = 74
2024-04-17 10:43 | INFO | Query 2 Active Learning Runtime on Validation Set: 1101706.62
2024-04-17 10:43 | INFO | Query 2 Active Learning Runtime on Test Set: 592835.88
2024-04-17 10:43 | INFO | Query 2 Active Learning Instance Cost: 26684.15
2024-04-17 10:43 | INFO | Query 3 Size of the uncertainty table is = 7317/7390
2024-04-17 10:43 | INFO | Query 3 Size of the filtered table is = 74
2024-04-17 10:43 | INFO | Query 3 Active Learning Runtime on Validation Set: 1137691.59
2024-04-17 10:43 | INFO | Query 3 Active Learning Runtime on Test Set: 553769.87
2024-04-17 10:43 | INFO | Query 3 Active Learning Instance Cost: 38020.68
2024-04-17 10:43 | INFO | Timeout limit is increased to 300
2024-04-17 10:43 | INFO | Query 4 Size of the uncertainty table is = 7244/7390
2024-04-17 10:43 | INFO | Query 4 Size of the filtered table is = 74
2024-04-17 10:44 | INFO | Query 4 Active Learning Runtime on Validation Set: 1065693.95
2024-04-17 10:44 | INFO | Query 4 Active Learning Runtime on Test Set: 553982.52
2024-04-17 10:44 | INFO | Query 4 Active Learning Instance Cost: 59020.13
2024-04-17 10:44 | INFO | Query 5 Size of the uncertainty table is = 7136/7390
2024-04-17 10:44 | INFO | Query 5 Size of the filtered table is = 74
2024-04-17 10:44 | INFO | Query 5 Active Learning Runtime on Validation Set: 884701.81
2024-04-17 10:44 | INFO | Query 5 Active Learning Runtime on Test Set: 486473.26
2024-04-17 10:44 | INFO | Query 5 Active Learning Instance Cost: 70642.09
2024-04-17 10:44 | INFO | Query 6 Size of the uncertainty table is = 7027/7390
2024-04-17 10:44 | INFO | Query 6 Size of the filtered table is = 74
2024-04-17 10:44 | INFO | Query 6 Active Learning Runtime on Validation Set: 1314996.05
2024-04-17 10:44 | INFO | Query 6 Active Learning Runtime on Test Set: 447995.82
2024-04-17 10:44 | INFO | Query 6 Active Learning Instance Cost: 88853.36
2024-04-17 10:44 | INFO | Timeout limit is increased to 400
2024-04-17 10:44 | INFO | Query 7 Size of the uncertainty table is = 6916/7390
2024-04-17 10:44 | INFO | Query 7 Size of the filtered table is = 74
2024-04-17 10:45 | INFO | Query 7 Active Learning Runtime on Validation Set: 1101652.51
2024-04-17 10:45 | INFO | Query 7 Active Learning Runtime on Test Set: 484842.61
2024-04-17 10:45 | INFO | Query 7 Active Learning Instance Cost: 103491.0
2024-04-17 10:45 | INFO | Query 8 Size of the uncertainty table is = 6799/7390
2024-04-17 10:45 | INFO | Query 8 Size of the filtered table is = 74
2024-04-17 10:45 | INFO | Query 8 Active Learning Runtime on Validation Set: 1065678.73
2024-04-17 10:45 | INFO | Query 8 Active Learning Runtime on Test Set: 484674.81
2024-04-17 10:45 | INFO | Query 8 Active Learning Instance Cost: 130218.86
2024-04-17 10:45 | INFO | Query 9 Size of the uncertainty table is = 6710/7390
2024-04-17 10:45 | INFO | Query 9 Size of the filtered table is = 74
2024-04-17 10:46 | INFO | Query 9 Active Learning Runtime on Validation Set: 1317638.36
2024-04-17 10:46 | INFO | Query 9 Active Learning Runtime on Test Set: 446893.85
2024-04-17 10:46 | INFO | Query 9 Active Learning Instance Cost: 156858.57
2024-04-17 10:46 | INFO | Timeout limit is increased to 500
2024-04-17 10:46 | INFO | Query 10 Size of the uncertainty table is = 6609/7390
2024-04-17 10:46 | INFO | Query 10 Size of the filtered table is = 74
2024-04-17 10:46 | INFO | Query 10 Active Learning Runtime on Validation Set: 1354550.43
2024-04-17 10:46 | INFO | Query 10 Active Learning Runtime on Test Set: 517502.84
2024-04-17 10:46 | INFO | Query 10 Active Learning Instance Cost: 190556.75
2024-04-17 10:46 | INFO | Timeout limit is increased to 600
2024-04-17 10:46 | INFO | Query 11 Size of the uncertainty table is = 6505/7390
2024-04-17 10:46 | INFO | Query 11 Size of the filtered table is = 74
2024-04-17 10:47 | INFO | Query 11 Active Learning Runtime on Validation Set: 1351059.86
2024-04-17 10:47 | INFO | Query 11 Active Learning Runtime on Test Set: 446275.4
2024-04-17 10:47 | INFO | Query 11 Active Learning Instance Cost: 237987.73
2024-04-17 10:47 | INFO | Query 12 Size of the uncertainty table is = 6422/7390
2024-04-17 10:47 | INFO | Query 12 Size of the filtered table is = 74
2024-04-17 10:47 | INFO | Query 12 Active Learning Runtime on Validation Set: 1387061.7
2024-04-17 10:47 | INFO | Query 12 Active Learning Runtime on Test Set: 409870.86
2024-04-17 10:47 | INFO | Query 12 Active Learning Instance Cost: 288624.75
2024-04-17 10:47 | INFO | Timeout limit is increased to 700
2024-04-17 10:47 | INFO | Query 13 Size of the uncertainty table is = 6351/7390
2024-04-17 10:47 | INFO | Query 13 Size of the filtered table is = 74
2024-04-17 10:48 | INFO | Query 13 Active Learning Runtime on Validation Set: 1494989.6
2024-04-17 10:48 | INFO | Query 13 Active Learning Runtime on Test Set: 409270.44
2024-04-17 10:48 | INFO | Query 13 Active Learning Instance Cost: 330934.75
2024-04-17 10:48 | INFO | Timeout limit is increased to 800
2024-04-17 10:48 | INFO | Query 14 Size of the uncertainty table is = 6207/7390
2024-04-17 10:48 | INFO | Query 14 Size of the filtered table is = 74
2024-04-17 10:48 | INFO | Query 14 Active Learning Runtime on Validation Set: 1458990.92
2024-04-17 10:48 | INFO | Query 14 Active Learning Runtime on Test Set: 445254.81
2024-04-17 10:48 | INFO | Query 14 Active Learning Instance Cost: 394642.4
2024-04-17 10:48 | INFO | Query 15 Size of the uncertainty table is = 6172/7390
2024-04-17 10:48 | INFO | Query 15 Size of the filtered table is = 74
2024-04-17 10:49 | INFO | Query 15 Active Learning Runtime on Validation Set: 1351069.37
2024-04-17 10:49 | INFO | Query 15 Active Learning Runtime on Test Set: 408114.31
2024-04-17 10:49 | INFO | Query 15 Active Learning Instance Cost: 445597.47
2024-04-17 10:49 | INFO | Query 16 Size of the uncertainty table is = 6069/7390
2024-04-17 10:49 | INFO | Query 16 Size of the filtered table is = 74
2024-04-17 10:49 | INFO | Query 16 Active Learning Runtime on Validation Set: 1387456.05
2024-04-17 10:49 | INFO | Query 16 Active Learning Runtime on Test Set: 372211.49
2024-04-17 10:49 | INFO | Query 16 Active Learning Instance Cost: 487432.55
2024-04-17 10:49 | INFO | Timeout limit is increased to 900
2024-04-17 10:49 | INFO | Query 17 Size of the uncertainty table is = 5998/7390
2024-04-17 10:49 | INFO | Query 17 Size of the filtered table is = 74
2024-04-17 10:49 | INFO | Query 17 Active Learning Runtime on Validation Set: 1491848.37
2024-04-17 10:49 | INFO | Query 17 Active Learning Runtime on Test Set: 373123.76
2024-04-17 10:49 | INFO | Query 17 Active Learning Instance Cost: 559956.53
2024-04-17 10:49 | INFO | Timeout limit is increased to 1000
2024-04-17 10:49 | INFO | Query 18 Size of the uncertainty table is = 5908/7390
2024-04-17 10:49 | INFO | Query 18 Size of the filtered table is = 74
2024-04-17 10:50 | INFO | Query 18 Active Learning Runtime on Validation Set: 1459453.35
2024-04-17 10:50 | INFO | Query 18 Active Learning Runtime on Test Set: 373106.34
2024-04-17 10:50 | INFO | Query 18 Active Learning Instance Cost: 607420.11
2024-04-17 10:50 | INFO | Query 19 Size of the uncertainty table is = 5881/7390
2024-04-17 10:50 | INFO | Query 19 Size of the filtered table is = 74
2024-04-17 10:50 | INFO | Query 19 Active Learning Runtime on Validation Set: 1386988.15
2024-04-17 10:50 | INFO | Query 19 Active Learning Runtime on Test Set: 339328.6
2024-04-17 10:50 | INFO | Query 19 Active Learning Instance Cost: 646615.58
2024-04-17 10:50 | INFO | Query 20 Size of the uncertainty table is = 5809/7390
2024-04-17 10:50 | INFO | Query 20 Size of the filtered table is = 74
2024-04-17 10:51 | INFO | Query 20 Active Learning Runtime on Validation Set: 1351087.17
2024-04-17 10:51 | INFO | Query 20 Active Learning Runtime on Test Set: 339122.29
2024-04-17 10:51 | INFO | Query 20 Active Learning Instance Cost: 688789.31
2024-04-17 10:51 | INFO | Query 21 Size of the uncertainty table is = 5693/7390
2024-04-17 10:51 | INFO | Query 21 Size of the filtered table is = 74
2024-04-17 10:51 | INFO | Query 21 Active Learning Runtime on Validation Set: 1423060.36
2024-04-17 10:51 | INFO | Query 21 Active Learning Runtime on Test Set: 339122.29
2024-04-17 10:51 | INFO | Query 21 Active Learning Instance Cost: 748786.88
2024-04-17 10:51 | INFO | Timeout limit is increased to 1100
2024-04-17 10:51 | INFO | Query 22 Size of the uncertainty table is = 5507/7390
2024-04-17 10:51 | INFO | Query 22 Size of the filtered table is = 74
2024-04-17 10:52 | INFO | Query 22 Active Learning Runtime on Validation Set: 1492364.35
2024-04-17 10:52 | INFO | Query 22 Active Learning Runtime on Test Set: 338033.43
2024-04-17 10:52 | INFO | Query 22 Active Learning Instance Cost: 800116.69
2024-04-17 10:52 | INFO | Timeout limit is increased to 1200
2024-04-17 10:52 | INFO | Query 23 Size of the uncertainty table is = 5363/7390
2024-04-17 10:52 | INFO | Query 23 Size of the filtered table is = 74
2024-04-17 10:52 | INFO | Query 23 Active Learning Runtime on Validation Set: 1387471.35
2024-04-17 10:52 | INFO | Query 23 Active Learning Runtime on Test Set: 302130.34
2024-04-17 10:52 | INFO | Query 23 Active Learning Instance Cost: 857789.11
2024-04-17 10:52 | INFO | Query 24 Size of the uncertainty table is = 5333/7390
2024-04-17 10:52 | INFO | Query 24 Size of the filtered table is = 74
2024-04-17 10:53 | INFO | Query 24 Active Learning Runtime on Validation Set: 1387087.16
2024-04-17 10:53 | INFO | Query 24 Active Learning Runtime on Test Set: 302130.34
2024-04-17 10:53 | INFO | Query 24 Active Learning Instance Cost: 899214.78
2024-04-17 10:53 | INFO | Query 25 Size of the uncertainty table is = 5305/7390
2024-04-17 10:53 | INFO | Query 25 Size of the filtered table is = 74
2024-04-17 10:53 | INFO | Query 25 Active Learning Runtime on Validation Set: 1387066.04
2024-04-17 10:53 | INFO | Query 25 Active Learning Runtime on Test Set: 267208.59
2024-04-17 10:53 | INFO | Query 25 Active Learning Instance Cost: 947174.35
2024-04-17 10:53 | INFO | Query 26 Size of the uncertainty table is = 5234/7390
2024-04-17 10:53 | INFO | Query 26 Size of the filtered table is = 74
2024-04-17 10:53 | INFO | Query 26 Active Learning Runtime on Validation Set: 1423002.66
2024-04-17 10:53 | INFO | Query 26 Active Learning Runtime on Test Set: 303129.1
2024-04-17 10:53 | INFO | Query 26 Active Learning Instance Cost: 993602.95
2024-04-17 10:53 | INFO | Timeout limit is increased to 1300
2024-04-17 10:53 | INFO | Query 27 Size of the uncertainty table is = 5146/7390
2024-04-17 10:53 | INFO | Query 27 Size of the filtered table is = 74
2024-04-17 10:54 | INFO | Query 27 Active Learning Runtime on Validation Set: 1387003.46
2024-04-17 10:54 | INFO | Query 27 Active Learning Runtime on Test Set: 338033.43
2024-04-17 10:54 | INFO | Query 27 Active Learning Instance Cost: 1054996.89
2024-04-17 10:54 | INFO | Query 28 Size of the uncertainty table is = 4975/7390
2024-04-17 10:54 | INFO | Query 28 Size of the filtered table is = 74
2024-04-17 10:54 | INFO | Query 28 Active Learning Runtime on Validation Set: 1387003.49
2024-04-17 10:54 | INFO | Query 28 Active Learning Runtime on Test Set: 267226.01
2024-04-17 10:54 | INFO | Query 28 Active Learning Instance Cost: 1099066.13
2024-04-17 10:54 | INFO | Timeout limit is increased to 1400
2024-04-17 10:54 | INFO | Query 29 Size of the uncertainty table is = 4963/7390
2024-04-17 10:54 | INFO | Query 29 Size of the filtered table is = 74
2024-04-17 10:55 | INFO | Query 29 Active Learning Runtime on Validation Set: 1387072.21
2024-04-17 10:55 | INFO | Query 29 Active Learning Runtime on Test Set: 303129.1
2024-04-17 10:55 | INFO | Query 29 Active Learning Instance Cost: 1159128.49
2024-04-17 10:55 | INFO | Timeout limit is increased to 1500
2024-04-17 10:55 | INFO | Query 30 Size of the uncertainty table is = 4934/7390
2024-04-17 10:55 | INFO | Query 30 Size of the filtered table is = 74
2024-04-17 10:55 | INFO | Query 30 Active Learning Runtime on Validation Set: 1423065.34
2024-04-17 10:55 | INFO | Query 30 Active Learning Runtime on Test Set: 267226.01
2024-04-17 10:55 | INFO | Query 30 Active Learning Instance Cost: 1213728.53
2024-04-17 10:55 | INFO | Timeout limit is increased to 1600
2024-04-17 10:55 | INFO | Query 31 Size of the uncertainty table is = 4929/7390
2024-04-17 10:55 | INFO | Query 31 Size of the filtered table is = 74
2024-04-17 10:56 | INFO | Query 31 Active Learning Runtime on Validation Set: 1387066.06
2024-04-17 10:56 | INFO | Query 31 Active Learning Runtime on Test Set: 267226.01
2024-04-17 10:56 | INFO | Query 31 Active Learning Instance Cost: 1279405.69
2024-04-17 10:56 | INFO | Query 32 Size of the uncertainty table is = 4892/7390
2024-04-17 10:56 | INFO | Query 32 Size of the filtered table is = 74
2024-04-17 10:56 | INFO | Query 32 Active Learning Runtime on Validation Set: 1387066.06
2024-04-17 10:56 | INFO | Query 32 Active Learning Runtime on Test Set: 267226.01
2024-04-17 10:56 | INFO | Query 32 Active Learning Instance Cost: 1307530.89
2024-04-17 10:56 | INFO | Timeout limit is increased to 1700
2024-04-17 10:56 | INFO | Query 33 Size of the uncertainty table is = 4886/7390
2024-04-17 10:56 | INFO | Query 33 Size of the filtered table is = 74
2024-04-17 10:57 | INFO | Query 33 Active Learning Runtime on Validation Set: 1387065.94
2024-04-17 10:57 | INFO | Query 33 Active Learning Runtime on Test Set: 303129.1
2024-04-17 10:57 | INFO | Query 33 Active Learning Instance Cost: 1385093.3
2024-04-17 10:57 | INFO | Query 34 Size of the uncertainty table is = 4873/7390
2024-04-17 10:57 | INFO | Query 34 Size of the filtered table is = 74
2024-04-17 10:57 | INFO | Query 34 Active Learning Runtime on Validation Set: 1387065.94
2024-04-17 10:57 | INFO | Query 34 Active Learning Runtime on Test Set: 303129.1
2024-04-17 10:57 | INFO | Query 34 Active Learning Instance Cost: 1409693.3
2024-04-17 10:57 | INFO | Timeout limit is increased to 1800
2024-04-17 10:57 | INFO | Query 35 Size of the uncertainty table is = 4873/7390
2024-04-17 10:57 | INFO | Query 35 Size of the filtered table is = 74
2024-04-17 10:58 | INFO | Query 35 Active Learning Runtime on Validation Set: 1387063.1
2024-04-17 10:58 | INFO | Query 35 Active Learning Runtime on Test Set: 303129.1
2024-04-17 10:58 | INFO | Query 35 Active Learning Instance Cost: 1478562.78
2024-04-17 10:58 | INFO | Query 36 Size of the uncertainty table is = 4838/7390
2024-04-17 10:58 | INFO | Query 36 Size of the filtered table is = 74
2024-04-17 10:58 | INFO | Query 36 Active Learning Runtime on Validation Set: 1387063.1
2024-04-17 10:58 | INFO | Query 36 Active Learning Runtime on Test Set: 303129.1
2024-04-17 10:58 | INFO | Query 36 Active Learning Instance Cost: 1521662.78
2024-04-17 10:58 | INFO | Timeout limit is increased to 1900
2024-04-17 10:58 | INFO | Query 37 Size of the uncertainty table is = 4837/7390
2024-04-17 10:58 | INFO | Query 37 Size of the filtered table is = 74
2024-04-17 10:59 | INFO | Query 37 Active Learning Runtime on Validation Set: 1387063.1
2024-04-17 10:59 | INFO | Query 37 Active Learning Runtime on Test Set: 303129.1
2024-04-17 10:59 | INFO | Query 37 Active Learning Instance Cost: 1602298.24
2024-04-17 10:59 | INFO | Timeout limit is increased to 2000
2024-04-17 10:59 | INFO | Query 38 Size of the uncertainty table is = 4806/7390
2024-04-17 10:59 | INFO | Query 38 Size of the filtered table is = 74
2024-04-17 10:59 | INFO | Query 38 Active Learning Runtime on Validation Set: 1422985.16
2024-04-17 10:59 | INFO | Query 38 Active Learning Runtime on Test Set: 303129.1
2024-04-17 10:59 | INFO | Query 38 Active Learning Instance Cost: 1643691.72
2024-04-17 10:59 | INFO | Timeout limit is increased to 2100
2024-04-17 10:59 | INFO | Query 39 Size of the uncertainty table is = 4801/7390
2024-04-17 10:59 | INFO | Query 39 Size of the filtered table is = 74
2024-04-17 10:59 | INFO | Query 39 Active Learning Runtime on Validation Set: 1422985.16
2024-04-17 10:59 | INFO | Query 39 Active Learning Runtime on Test Set: 303129.1
2024-04-17 10:59 | INFO | Query 39 Active Learning Instance Cost: 1689691.72
2024-04-17 10:59 | INFO | Timeout limit is increased to 2200
2024-04-17 10:59 | INFO | Query 40 Size of the uncertainty table is = 4801/7390
2024-04-17 10:59 | INFO | Query 40 Size of the filtered table is = 74
2024-04-17 11:00 | INFO | Query 40 Active Learning Runtime on Validation Set: 1387000.54
2024-04-17 11:00 | INFO | Query 40 Active Learning Runtime on Test Set: 303129.1
2024-04-17 11:00 | INFO | Query 40 Active Learning Instance Cost: 1731497.19
2024-04-17 11:00 | INFO | Query 41 Size of the uncertainty table is = 4790/7390
2024-04-17 11:00 | INFO | Query 41 Size of the filtered table is = 74
2024-04-17 11:00 | INFO | Query 41 Active Learning Runtime on Validation Set: 1387000.54
2024-04-17 11:00 | INFO | Query 41 Active Learning Runtime on Test Set: 303129.1
2024-04-17 11:00 | INFO | Query 41 Active Learning Instance Cost: 1752397.19
2024-04-17 11:00 | INFO | Timeout limit is increased to 2300
2024-04-17 11:00 | INFO | Query 42 Size of the uncertainty table is = 4790/7390
2024-04-17 11:00 | INFO | Query 42 Size of the filtered table is = 74
2024-04-17 11:01 | INFO | Query 42 Active Learning Runtime on Validation Set: 1387063.1
2024-04-17 11:01 | INFO | Query 42 Active Learning Runtime on Test Set: 303129.1
2024-04-17 11:01 | INFO | Query 42 Active Learning Instance Cost: 1834385.93
2024-04-17 11:01 | INFO | Timeout limit is increased to 2400
2024-04-17 11:01 | INFO | Query 43 Size of the uncertainty table is = 4788/7390
2024-04-17 11:01 | INFO | Query 43 Size of the filtered table is = 74
2024-04-17 11:01 | INFO | Query 43 Active Learning Runtime on Validation Set: 1387063.1
2024-04-17 11:01 | INFO | Query 43 Active Learning Runtime on Test Set: 303129.1
2024-04-17 11:01 | INFO | Query 43 Active Learning Instance Cost: 1915041.03
2024-04-17 11:01 | INFO | Timeout limit is increased to 2500
2024-04-17 11:01 | INFO | Query 44 Size of the uncertainty table is = 4786/7390
2024-04-17 11:01 | INFO | Query 44 Size of the filtered table is = 74
2024-04-17 11:02 | INFO | Query 44 Active Learning Runtime on Validation Set: 1387063.1
2024-04-17 11:02 | INFO | Query 44 Active Learning Runtime on Test Set: 303129.1
2024-04-17 11:02 | INFO | Query 44 Active Learning Instance Cost: 1973065.99
2024-04-17 11:02 | INFO | Timeout limit is increased to 2600
2024-04-17 11:02 | INFO | Query 45 Size of the uncertainty table is = 4780/7390
2024-04-17 11:02 | INFO | Query 45 Size of the filtered table is = 74
2024-04-17 11:02 | INFO | Query 45 Active Learning Runtime on Validation Set: 1387063.1
2024-04-17 11:02 | INFO | Query 45 Active Learning Runtime on Test Set: 303129.1
2024-04-17 11:02 | INFO | Query 45 Active Learning Instance Cost: 2019365.99
2024-04-17 11:02 | INFO | Timeout limit is increased to 2700
2024-04-17 11:02 | INFO | Query 46 Size of the uncertainty table is = 4778/7390
2024-04-17 11:02 | INFO | Query 46 Size of the filtered table is = 74
2024-04-17 11:03 | INFO | Query 46 Active Learning Runtime on Validation Set: 1387063.1
2024-04-17 11:03 | INFO | Query 46 Active Learning Runtime on Test Set: 303129.1
2024-04-17 11:03 | INFO | Query 46 Active Learning Instance Cost: 2059822.86
2024-04-17 11:03 | INFO | Timeout limit is increased to 2800
2024-04-17 11:03 | INFO | Query 47 Size of the uncertainty table is = 4773/7390
2024-04-17 11:03 | INFO | Query 47 Size of the filtered table is = 74
2024-04-17 11:03 | INFO | Query 47 Active Learning Runtime on Validation Set: 1387063.1
2024-04-17 11:03 | INFO | Query 47 Active Learning Runtime on Test Set: 303129.1
2024-04-17 11:03 | INFO | Query 47 Active Learning Instance Cost: 2106022.86
2024-04-17 11:03 | INFO | Timeout limit is increased to 2900
2024-04-17 11:03 | INFO | Query 48 Size of the uncertainty table is = 4773/7390
2024-04-17 11:03 | INFO | Query 48 Size of the filtered table is = 74
2024-04-17 11:04 | INFO | Query 48 Active Learning Runtime on Validation Set: 1387063.1
2024-04-17 11:04 | INFO | Query 48 Active Learning Runtime on Test Set: 303129.1
2024-04-17 11:04 | INFO | Query 48 Active Learning Instance Cost: 2139922.86
2024-04-17 11:04 | INFO | Timeout limit is increased to 3000
2024-04-17 11:04 | INFO | Query 49 Size of the uncertainty table is = 4773/7390
2024-04-17 11:04 | INFO | Query 49 Size of the filtered table is = 74
2024-04-17 11:04 | INFO | Query 49 Active Learning Runtime on Validation Set: 1387063.1
2024-04-17 11:04 | INFO | Query 49 Active Learning Runtime on Test Set: 303129.1
2024-04-17 11:04 | INFO | Query 49 Active Learning Instance Cost: 2197022.86
2024-04-17 11:04 | INFO | Timeout limit is increased to 3100
2024-04-17 11:04 | INFO | Query 50 Size of the uncertainty table is = 4773/7390
2024-04-17 11:04 | INFO | Query 50 Size of the filtered table is = 74
2024-04-17 11:04 | INFO | Query 50 Active Learning Runtime on Validation Set: 1387063.1
2024-04-17 11:04 | INFO | Query 50 Active Learning Runtime on Test Set: 303129.1
2024-04-17 11:04 | INFO | Query 50 Active Learning Instance Cost: 2239222.86
2024-04-17 11:04 | INFO | Timeout limit is increased to 3200
2024-04-17 11:05 | INFO | Query 51 Size of the uncertainty table is = 4773/7390
2024-04-17 11:05 | INFO | Query 51 Size of the filtered table is = 74
2024-04-17 11:05 | INFO | Query 51 Active Learning Runtime on Validation Set: 1387063.1
2024-04-17 11:05 | INFO | Query 51 Active Learning Runtime on Test Set: 303129.1
2024-04-17 11:05 | INFO | Query 51 Active Learning Instance Cost: 2278122.86
2024-04-17 11:05 | INFO | Timeout limit is increased to 3300
2024-04-17 11:05 | INFO | Query 52 Size of the uncertainty table is = 4773/7390
2024-04-17 11:05 | INFO | Query 52 Size of the filtered table is = 74
2024-04-17 11:05 | INFO | Query 52 Active Learning Runtime on Validation Set: 1387063.1
2024-04-17 11:05 | INFO | Query 52 Active Learning Runtime on Test Set: 303129.1
2024-04-17 11:05 | INFO | Query 52 Active Learning Instance Cost: 2306822.86
2024-04-17 11:05 | INFO | Timeout limit is increased to 3400
2024-04-17 11:05 | INFO | Query 53 Size of the uncertainty table is = 4773/7390
2024-04-17 11:05 | INFO | Query 53 Size of the filtered table is = 74
2024-04-17 11:06 | INFO | Query 53 Active Learning Runtime on Validation Set: 1387063.1
2024-04-17 11:06 | INFO | Query 53 Active Learning Runtime on Test Set: 303129.1
2024-04-17 11:06 | INFO | Query 53 Active Learning Instance Cost: 2335422.86
2024-04-17 11:06 | INFO | Timeout limit is increased to 3500
2024-04-17 11:06 | INFO | Query 54 Size of the uncertainty table is = 4773/7390
2024-04-17 11:06 | INFO | Query 54 Size of the filtered table is = 74
2024-04-17 11:06 | INFO | Query 54 Active Learning Runtime on Validation Set: 1387063.1
2024-04-17 11:06 | INFO | Query 54 Active Learning Runtime on Test Set: 303129.1
2024-04-17 11:06 | INFO | Query 54 Active Learning Instance Cost: 2393922.86
2024-04-17 11:06 | INFO | Timeout limit is increased to 3600
2024-04-17 11:06 | INFO | Query 55 Size of the uncertainty table is = 4773/7390
2024-04-17 11:06 | INFO | Query 55 Size of the filtered table is = 74
2024-04-17 11:07 | INFO | Query 55 Active Learning Runtime on Validation Set: 1387063.1
2024-04-17 11:07 | INFO | Query 55 Active Learning Runtime on Test Set: 303129.1
2024-04-17 11:07 | INFO | Query 55 Active Learning Instance Cost: 2425622.86
2024-04-17 11:07 | INFO | Timeout limit is increased to 3600
2024-04-17 11:07 | INFO | Query 56 Size of the uncertainty table is = 3589/7390
2024-04-17 11:07 | INFO | Query 56 Size of the filtered table is = 74
2024-04-17 11:07 | INFO | Query 56 Active Learning Runtime on Validation Set: 1422996.46
2024-04-17 11:07 | INFO | Query 56 Active Learning Runtime on Test Set: 303129.1
2024-04-17 11:07 | INFO | Query 56 Active Learning Instance Cost: 2730543.28
2024-04-17 11:07 | INFO | Timeout limit is increased to 3600
2024-04-17 11:07 | INFO | Query 57 Size of the uncertainty table is = 3382/7390
2024-04-17 11:07 | INFO | Query 57 Size of the filtered table is = 74
2024-04-17 11:08 | INFO | Query 57 Active Learning Runtime on Validation Set: 1387066.03
2024-04-17 11:08 | INFO | Query 57 Active Learning Runtime on Test Set: 338649.01
2024-04-17 11:08 | INFO | Query 57 Active Learning Instance Cost: 2933441.18
2024-04-17 11:08 | INFO | Query 58 Size of the uncertainty table is = 3141/7390
2024-04-17 11:08 | INFO | Query 58 Size of the filtered table is = 74
2024-04-17 11:08 | INFO | Query 58 Active Learning Runtime on Validation Set: 1422996.49
2024-04-17 11:08 | INFO | Query 58 Active Learning Runtime on Test Set: 230859.24
2024-04-17 11:08 | INFO | Query 58 Active Learning Instance Cost: 3045314.03
2024-04-17 11:08 | INFO | Timeout limit is increased to 3600
2024-04-17 11:08 | INFO | Query 59 Size of the uncertainty table is = 2906/7390
2024-04-17 11:08 | INFO | Query 59 Size of the filtered table is = 74
2024-04-17 11:09 | INFO | Query 59 Active Learning Runtime on Validation Set: 1387065.93
2024-04-17 11:09 | INFO | Query 59 Active Learning Runtime on Test Set: 302745.92
2024-04-17 11:09 | INFO | Query 59 Active Learning Instance Cost: 3119984.31
2024-04-17 11:09 | INFO | Query 60 Size of the uncertainty table is = 2731/7390
2024-04-17 11:09 | INFO | Query 60 Size of the filtered table is = 74
2024-04-17 11:09 | INFO | Query 60 Active Learning Runtime on Validation Set: 1423002.62
2024-04-17 11:09 | INFO | Query 60 Active Learning Runtime on Test Set: 302582.71
2024-04-17 11:09 | INFO | Query 60 Active Learning Instance Cost: 3405008.26
2024-04-17 11:09 | INFO | Timeout limit is increased to 3600
2024-04-17 11:09 | INFO | Query 61 Size of the uncertainty table is = 2446/7390
2024-04-17 11:09 | INFO | Query 61 Size of the filtered table is = 74
2024-04-17 11:09 | INFO | Query 61 Active Learning Runtime on Validation Set: 1422988.35
2024-04-17 11:09 | INFO | Query 61 Active Learning Runtime on Test Set: 302688.92
2024-04-17 11:09 | INFO | Query 61 Active Learning Instance Cost: 3510739.9
2024-04-17 11:10 | INFO | Query 62 Size of the uncertainty table is = 2222/7390
2024-04-17 11:10 | INFO | Query 62 Size of the filtered table is = 74
2024-04-17 11:10 | INFO | Query 62 Active Learning Runtime on Validation Set: 1423065.22
2024-04-17 11:10 | INFO | Query 62 Active Learning Runtime on Test Set: 302212.37
2024-04-17 11:10 | INFO | Query 62 Active Learning Instance Cost: 3596160.58
2024-04-17 11:10 | INFO | Timeout limit is increased to 3600
2024-04-17 11:10 | INFO | Query 63 Size of the uncertainty table is = 1990/7390
2024-04-17 11:10 | INFO | Query 63 Size of the filtered table is = 74
2024-04-17 11:10 | INFO | Query 63 Active Learning Runtime on Validation Set: 1351136.27
2024-04-17 11:10 | INFO | Query 63 Active Learning Runtime on Test Set: 302269.32
2024-04-17 11:10 | INFO | Query 63 Active Learning Instance Cost: 3794804.92
2024-04-17 11:10 | INFO | Query 64 Size of the uncertainty table is = 1706/7390
2024-04-17 11:10 | INFO | Query 64 Size of the filtered table is = 74
2024-04-17 11:11 | INFO | Query 64 Active Learning Runtime on Validation Set: 1387090.18
2024-04-17 11:11 | INFO | Query 64 Active Learning Runtime on Test Set: 303115.86
2024-04-17 11:11 | INFO | Query 64 Active Learning Instance Cost: 3906335.5
2024-04-17 11:11 | INFO | Timeout limit is increased to 3600
2024-04-17 11:11 | INFO | Query 65 Size of the uncertainty table is = 1453/7390
2024-04-17 11:11 | INFO | Query 65 Size of the filtered table is = 74
2024-04-17 11:11 | INFO | Query 65 Active Learning Runtime on Validation Set: 1387093.5
2024-04-17 11:11 | INFO | Query 65 Active Learning Runtime on Test Set: 299398.36
2024-04-17 11:11 | INFO | Query 65 Active Learning Instance Cost: 3994271.83
2024-04-17 11:11 | INFO | Timeout limit is increased to 3600
2024-04-17 11:11 | INFO | Query 66 Size of the uncertainty table is = 1233/7390
2024-04-17 11:11 | INFO | Query 66 Size of the filtered table is = 74
2024-04-17 11:12 | INFO | Query 66 Active Learning Runtime on Validation Set: 1351066.01
2024-04-17 11:12 | INFO | Query 66 Active Learning Runtime on Test Set: 299380.94
2024-04-17 11:12 | INFO | Query 66 Active Learning Instance Cost: 4041943.2
2024-04-17 11:12 | INFO | Query 67 Size of the uncertainty table is = 993/7390
2024-04-17 11:12 | INFO | Query 67 Size of the filtered table is = 74
2024-04-17 11:12 | INFO | Query 67 Active Learning Runtime on Validation Set: 1387011.14
2024-04-17 11:12 | INFO | Query 67 Active Learning Runtime on Test Set: 299622.04
2024-04-17 11:12 | INFO | Query 67 Active Learning Instance Cost: 4149606.83
2024-04-17 11:12 | INFO | Timeout limit is increased to 3600
2024-04-17 11:12 | INFO | Query 68 Size of the uncertainty table is = 780/7390
2024-04-17 11:12 | INFO | Query 68 Size of the filtered table is = 74
2024-04-17 11:13 | INFO | Query 68 Active Learning Runtime on Validation Set: 1387005.88
2024-04-17 11:13 | INFO | Query 68 Active Learning Runtime on Test Set: 299145.49
2024-04-17 11:13 | INFO | Query 68 Active Learning Instance Cost: 4247472.93
2024-04-17 11:13 | INFO | Query 69 Size of the uncertainty table is = 557/7390
2024-04-17 11:13 | INFO | Query 69 Size of the filtered table is = 74
2024-04-17 11:13 | INFO | Query 69 Active Learning Runtime on Validation Set: 1387073.67
2024-04-17 11:13 | INFO | Query 69 Active Learning Runtime on Test Set: 298921.97
2024-04-17 11:13 | INFO | Query 69 Active Learning Instance Cost: 4354004.53
2024-04-17 11:13 | INFO | Timeout limit is increased to 3600
2024-04-17 11:13 | INFO | Query 70 Size of the uncertainty table is = 323/7390
2024-04-17 11:13 | INFO | Query 70 Size of the filtered table is = 74
2024-04-17 11:14 | INFO | Query 70 Active Learning Runtime on Validation Set: 1387070.42
2024-04-17 11:14 | INFO | Query 70 Active Learning Runtime on Test Set: 298921.97
2024-04-17 11:14 | INFO | Query 70 Active Learning Instance Cost: 4525242.69
2024-04-17 11:14 | INFO | Query 71 Size of the uncertainty table is = 90/7390
2024-04-17 11:14 | INFO | Query 71 Size of the filtered table is = 67
2024-04-17 11:14 | INFO | Query 71 Active Learning Runtime on Validation Set: 1387070.42
2024-04-17 11:14 | INFO | Query 71 Active Learning Runtime on Test Set: 298921.97
2024-04-17 11:14 | INFO | Query 71 Active Learning Instance Cost: 4574283.69
2024-04-17 11:14 | INFO | Timeout limit is increased to 3600
2024-04-17 11:14 | INFO | runtime_test_score is written as json file
2024-04-17 11:14 | INFO | runtime_validation_score is written as json file
2024-04-17 11:14 | INFO | instance_cost is written as json file
2024-04-17 11:14 | INFO | Experiment is finished
