2024-04-17 10:04 | INFO | Paramaters are: {'dataset': 'MAXSAT12-PMS', 'penalty': 10, 'weight': 'No_Weight', 'voting': 'Hard', 'pre_selection_size': 64, 'pre_selection_technique': 'No_pre_selection', 'feature_elimination_threshold': 20, 'imputer_strategy': 'median', 'feature_selection_technique': 'No_feature_selection', 'feature_scaling_technique': 'StandardScaler', 'initial_train_size': 20, 'query_size': 1, 'timeout_predictor_usage': 'No', 'timeout_limit': 100, 'timeout_increase_rate': 100, 'RANDOM_STATE_SEED': 99, 'n_splits': 10, 'split_number': 5, 'max_timeout': 3600, 'param_grid': {'n_estimators': 100, 'criterion': 'gini', 'max_features': 'sqrt', 'max_depth': 2147483648, 'min_samples_split': 2, 'bootstrap': True}}
2024-04-17 10:04 | INFO | MAXSAT12-PMS is current dataset
2024-04-17 10:04 | INFO | DATASETS/MAXSAT12-PMS/algorithm_runs.csv is found
2024-04-17 10:04 | INFO | DATASETS/MAXSAT12-PMS/algorithm_runs.csv is finished
2024-04-17 10:04 | INFO | DATASETS/MAXSAT12-PMS/feature_values.csv is found
2024-04-17 10:04 | INFO | DATASETS/MAXSAT12-PMS/feature_values.csv is finished
2024-04-17 10:04 | INFO | DATASETS/MAXSAT12-PMS/feature_costs.csv is found
2024-04-17 10:04 | INFO | DATASETS/MAXSAT12-PMS/feature_costs.csv is finished
2024-04-17 10:04 | INFO | Virtual best solver time in train = 21259.11
2024-04-17 10:04 | INFO | Single best solver list train = {'DSWPM1_924': 8474825.52, 'akmaxsat': 8201326.99, 'akmaxsat_ls': 8201310.53, 'pwbo2.1': 4018943.41, 'qmaxsat0.21comp': 1951131.06, 'qmaxsat0.21g2comp': 2372411.89}
2024-04-17 10:04 | INFO | Single best solver time train = qmaxsat0.21comp (1951131.06)
2024-04-17 10:04 | INFO | Virtual best solver time in validation = 7505.91
2024-04-17 10:04 | INFO | Single best solver list validation = {'DSWPM1_924': 2313830.57, 'akmaxsat': 4183992.09, 'akmaxsat_ls': 4183995.27, 'pwbo2.1': 840066.09, 'qmaxsat0.21comp': 660117.61, 'qmaxsat0.21g2comp': 8297.97}
2024-04-17 10:04 | INFO | Single best solver time validation = qmaxsat0.21g2comp (8297.97)
2024-04-17 10:04 | INFO | Virtual best solver time in test = 1788.07
2024-04-17 10:04 | INFO | Single best solver list test = {'DSWPM1_924': 1484092.88, 'akmaxsat': 1047652.58, 'akmaxsat_ls': 1047662.51, 'pwbo2.1': 652059.8, 'qmaxsat0.21comp': 434957.36, 'qmaxsat0.21g2comp': 291681.4}
2024-04-17 10:04 | INFO | Single best solver time test = qmaxsat0.21g2comp (291681.4)
2024-04-17 10:04 | INFO | Passive Learning Runtime on Validation Set: 8285.18
2024-04-17 10:04 | INFO | Passive Learning Runtime on Test Set: 2091.65
2024-04-17 10:04 | INFO | Passive Learning Instance Cost: 3509149.4
2024-04-17 10:05 | INFO | Initial Active Learning Runtime on Validation Set: 226000.08
2024-04-17 10:05 | INFO | Initial Active Learning Runtime on Test Set: 253886.64
2024-04-17 10:05 | INFO | Initial Active Learning Instance Cost: 6045.12
2024-04-17 10:05 | INFO | Bin size = 78
2024-04-17 10:05 | INFO | Query 1 Size of the uncertainty table is = 7827/7755
2024-04-17 10:05 | INFO | Query 1 Size of the filtered table is = 78
2024-04-17 10:05 | INFO | Query 1 Active Learning Runtime on Validation Set: 225805.25
2024-04-17 10:05 | INFO | Query 1 Active Learning Runtime on Test Set: 110023.05
2024-04-17 10:05 | INFO | Query 1 Active Learning Instance Cost: 13105.33
2024-04-17 10:05 | INFO | Query 2 Size of the uncertainty table is = 7753/7755
2024-04-17 10:05 | INFO | Query 2 Size of the filtered table is = 78
2024-04-17 10:06 | INFO | Query 2 Active Learning Runtime on Validation Set: 225805.28
2024-04-17 10:06 | INFO | Query 2 Active Learning Runtime on Test Set: 110091.86
2024-04-17 10:06 | INFO | Query 2 Active Learning Instance Cost: 22579.5
2024-04-17 10:06 | INFO | Timeout limit is increased to 200
2024-04-17 10:06 | INFO | Query 3 Size of the uncertainty table is = 7694/7755
2024-04-17 10:06 | INFO | Query 3 Size of the filtered table is = 78
2024-04-17 10:06 | INFO | Query 3 Active Learning Runtime on Validation Set: 225863.97
2024-04-17 10:06 | INFO | Query 3 Active Learning Runtime on Test Set: 110133.70999999999
2024-04-17 10:06 | INFO | Query 3 Active Learning Instance Cost: 28496.46
2024-04-17 10:06 | INFO | Timeout limit is increased to 300
2024-04-17 10:06 | INFO | Query 4 Size of the uncertainty table is = 7541/7755
2024-04-17 10:06 | INFO | Query 4 Size of the filtered table is = 78
2024-04-17 10:07 | INFO | Query 4 Active Learning Runtime on Validation Set: 8376.01
2024-04-17 10:07 | INFO | Query 4 Active Learning Runtime on Test Set: 2617.05
2024-04-17 10:07 | INFO | Query 4 Active Learning Instance Cost: 40471.46
2024-04-17 10:07 | INFO | Query 5 Size of the uncertainty table is = 7378/7755
2024-04-17 10:07 | INFO | Query 5 Size of the filtered table is = 78
2024-04-17 10:07 | INFO | Query 5 Active Learning Runtime on Validation Set: 225791.75
2024-04-17 10:07 | INFO | Query 5 Active Learning Runtime on Test Set: 110183.13
2024-04-17 10:07 | INFO | Query 5 Active Learning Instance Cost: 56428.84
2024-04-17 10:07 | INFO | Timeout limit is increased to 400
2024-04-17 10:07 | INFO | Query 6 Size of the uncertainty table is = 7193/7755
2024-04-17 10:07 | INFO | Query 6 Size of the filtered table is = 78
2024-04-17 10:08 | INFO | Query 6 Active Learning Runtime on Validation Set: 80009.09
2024-04-17 10:08 | INFO | Query 6 Active Learning Runtime on Test Set: 2604.39
2024-04-17 10:08 | INFO | Query 6 Active Learning Instance Cost: 79353.13
2024-04-17 10:08 | INFO | Query 7 Size of the uncertainty table is = 7026/7755
2024-04-17 10:08 | INFO | Query 7 Size of the filtered table is = 78
2024-04-17 10:08 | INFO | Query 7 Active Learning Runtime on Validation Set: 151789.08000000002
2024-04-17 10:08 | INFO | Query 7 Active Learning Runtime on Test Set: 2604.39
2024-04-17 10:08 | INFO | Query 7 Active Learning Instance Cost: 98405.92
2024-04-17 10:08 | INFO | Timeout limit is increased to 500
2024-04-17 10:08 | INFO | Query 8 Size of the uncertainty table is = 6895/7755
2024-04-17 10:08 | INFO | Query 8 Size of the filtered table is = 78
2024-04-17 10:09 | INFO | Query 8 Active Learning Runtime on Validation Set: 8272.29
2024-04-17 10:09 | INFO | Query 8 Active Learning Runtime on Test Set: 2615.84
2024-04-17 10:09 | INFO | Query 8 Active Learning Instance Cost: 141812.61
2024-04-17 10:09 | INFO | Query 9 Size of the uncertainty table is = 6820/7755
2024-04-17 10:09 | INFO | Query 9 Size of the filtered table is = 78
2024-04-17 10:09 | INFO | Query 9 Active Learning Runtime on Validation Set: 43963.67
2024-04-17 10:09 | INFO | Query 9 Active Learning Runtime on Test Set: 2608.77
2024-04-17 10:09 | INFO | Query 9 Active Learning Instance Cost: 167156.4
2024-04-17 10:09 | INFO | Timeout limit is increased to 600
2024-04-17 10:09 | INFO | Query 10 Size of the uncertainty table is = 6695/7755
2024-04-17 10:09 | INFO | Query 10 Size of the filtered table is = 78
2024-04-17 10:10 | INFO | Query 10 Active Learning Runtime on Validation Set: 8222.9
2024-04-17 10:10 | INFO | Query 10 Active Learning Runtime on Test Set: 2608.77
2024-04-17 10:10 | INFO | Query 10 Active Learning Instance Cost: 204716.16
2024-04-17 10:10 | INFO | Query 11 Size of the uncertainty table is = 6597/7755
2024-04-17 10:10 | INFO | Query 11 Size of the filtered table is = 78
2024-04-17 10:10 | INFO | Query 11 Active Learning Runtime on Validation Set: 8222.98
2024-04-17 10:10 | INFO | Query 11 Active Learning Runtime on Test Set: 2429.86
2024-04-17 10:10 | INFO | Query 11 Active Learning Instance Cost: 224778.72
2024-04-17 10:10 | INFO | Timeout limit is increased to 700
2024-04-17 10:10 | INFO | Query 12 Size of the uncertainty table is = 6516/7755
2024-04-17 10:10 | INFO | Query 12 Size of the filtered table is = 78
2024-04-17 10:11 | INFO | Query 12 Active Learning Runtime on Validation Set: 8222.949999999999
2024-04-17 10:11 | INFO | Query 12 Active Learning Runtime on Test Set: 2430.11
2024-04-17 10:11 | INFO | Query 12 Active Learning Instance Cost: 245015.83
2024-04-17 10:11 | INFO | Query 13 Size of the uncertainty table is = 6387/7755
2024-04-17 10:11 | INFO | Query 13 Size of the filtered table is = 78
2024-04-17 10:11 | INFO | Query 13 Active Learning Runtime on Validation Set: 8222.949999999999
2024-04-17 10:11 | INFO | Query 13 Active Learning Runtime on Test Set: 2430.11
2024-04-17 10:11 | INFO | Query 13 Active Learning Instance Cost: 269807.02
2024-04-17 10:11 | INFO | Timeout limit is increased to 800
2024-04-17 10:11 | INFO | Query 14 Size of the uncertainty table is = 6340/7755
2024-04-17 10:11 | INFO | Query 14 Size of the filtered table is = 78
2024-04-17 10:12 | INFO | Query 14 Active Learning Runtime on Validation Set: 80248.33
2024-04-17 10:12 | INFO | Query 14 Active Learning Runtime on Test Set: 2430.11
2024-04-17 10:12 | INFO | Query 14 Active Learning Instance Cost: 288847.35
2024-04-17 10:12 | INFO | Timeout limit is increased to 900
2024-04-17 10:12 | INFO | Query 15 Size of the uncertainty table is = 6286/7755
2024-04-17 10:12 | INFO | Query 15 Size of the filtered table is = 78
2024-04-17 10:12 | INFO | Query 15 Active Learning Runtime on Validation Set: 223452.47
2024-04-17 10:12 | INFO | Query 15 Active Learning Runtime on Test Set: 38244.229999999996
2024-04-17 10:12 | INFO | Query 15 Active Learning Instance Cost: 307048.2
2024-04-17 10:12 | INFO | Timeout limit is increased to 1000
2024-04-17 10:12 | INFO | Query 16 Size of the uncertainty table is = 6254/7755
2024-04-17 10:12 | INFO | Query 16 Size of the filtered table is = 78
2024-04-17 10:13 | INFO | Query 16 Active Learning Runtime on Validation Set: 223452.47
2024-04-17 10:13 | INFO | Query 16 Active Learning Runtime on Test Set: 38244.229999999996
2024-04-17 10:13 | INFO | Query 16 Active Learning Instance Cost: 338214.71
2024-04-17 10:13 | INFO | Timeout limit is increased to 1100
2024-04-17 10:13 | INFO | Query 17 Size of the uncertainty table is = 6234/7755
2024-04-17 10:13 | INFO | Query 17 Size of the filtered table is = 78
2024-04-17 10:13 | INFO | Query 17 Active Learning Runtime on Validation Set: 223452.47
2024-04-17 10:13 | INFO | Query 17 Active Learning Runtime on Test Set: 38244.229999999996
2024-04-17 10:13 | INFO | Query 17 Active Learning Instance Cost: 355657.36
2024-04-17 10:13 | INFO | Timeout limit is increased to 1200
2024-04-17 10:13 | INFO | Query 18 Size of the uncertainty table is = 6229/7755
2024-04-17 10:13 | INFO | Query 18 Size of the filtered table is = 78
2024-04-17 10:14 | INFO | Query 18 Active Learning Runtime on Validation Set: 223452.47
2024-04-17 10:14 | INFO | Query 18 Active Learning Runtime on Test Set: 38244.229999999996
2024-04-17 10:14 | INFO | Query 18 Active Learning Instance Cost: 389730.45
2024-04-17 10:14 | INFO | Timeout limit is increased to 1300
2024-04-17 10:14 | INFO | Query 19 Size of the uncertainty table is = 6218/7755
2024-04-17 10:14 | INFO | Query 19 Size of the filtered table is = 78
2024-04-17 10:14 | INFO | Query 19 Active Learning Runtime on Validation Set: 8201.74
2024-04-17 10:14 | INFO | Query 19 Active Learning Runtime on Test Set: 2430.33
2024-04-17 10:14 | INFO | Query 19 Active Learning Instance Cost: 413386.71
2024-04-17 10:14 | INFO | Query 20 Size of the uncertainty table is = 6203/7755
2024-04-17 10:14 | INFO | Query 20 Size of the filtered table is = 78
2024-04-17 10:15 | INFO | Query 20 Active Learning Runtime on Validation Set: 8201.74
2024-04-17 10:15 | INFO | Query 20 Active Learning Runtime on Test Set: 2430.33
2024-04-17 10:15 | INFO | Query 20 Active Learning Instance Cost: 450686.74
2024-04-17 10:15 | INFO | Timeout limit is increased to 1400
2024-04-17 10:15 | INFO | Query 21 Size of the uncertainty table is = 6194/7755
2024-04-17 10:15 | INFO | Query 21 Size of the filtered table is = 78
2024-04-17 10:15 | INFO | Query 21 Active Learning Runtime on Validation Set: 8201.74
2024-04-17 10:15 | INFO | Query 21 Active Learning Runtime on Test Set: 2430.33
2024-04-17 10:15 | INFO | Query 21 Active Learning Instance Cost: 466870.88
2024-04-17 10:15 | INFO | Timeout limit is increased to 1500
2024-04-17 10:15 | INFO | Query 22 Size of the uncertainty table is = 6184/7755
2024-04-17 10:15 | INFO | Query 22 Size of the filtered table is = 78
2024-04-17 10:16 | INFO | Query 22 Active Learning Runtime on Validation Set: 8202.21
2024-04-17 10:16 | INFO | Query 22 Active Learning Runtime on Test Set: 2430.1
2024-04-17 10:16 | INFO | Query 22 Active Learning Instance Cost: 542648.85
2024-04-17 10:16 | INFO | Timeout limit is increased to 1600
2024-04-17 10:16 | INFO | Query 23 Size of the uncertainty table is = 6168/7755
2024-04-17 10:16 | INFO | Query 23 Size of the filtered table is = 78
2024-04-17 10:16 | INFO | Query 23 Active Learning Runtime on Validation Set: 8202.21
2024-04-17 10:16 | INFO | Query 23 Active Learning Runtime on Test Set: 2430.1
2024-04-17 10:16 | INFO | Query 23 Active Learning Instance Cost: 587017.27
2024-04-17 10:16 | INFO | Timeout limit is increased to 1700
2024-04-17 10:16 | INFO | Query 24 Size of the uncertainty table is = 6141/7755
2024-04-17 10:16 | INFO | Query 24 Size of the filtered table is = 78
2024-04-17 10:17 | INFO | Query 24 Active Learning Runtime on Validation Set: 8202.21
2024-04-17 10:17 | INFO | Query 24 Active Learning Runtime on Test Set: 2430.33
2024-04-17 10:17 | INFO | Query 24 Active Learning Instance Cost: 638143.96
2024-04-17 10:17 | INFO | Timeout limit is increased to 1800
2024-04-17 10:17 | INFO | Query 25 Size of the uncertainty table is = 6130/7755
2024-04-17 10:17 | INFO | Query 25 Size of the filtered table is = 78
2024-04-17 10:17 | INFO | Query 25 Active Learning Runtime on Validation Set: 8222.9
2024-04-17 10:17 | INFO | Query 25 Active Learning Runtime on Test Set: 2430.33
2024-04-17 10:17 | INFO | Query 25 Active Learning Instance Cost: 675855.3
2024-04-17 10:17 | INFO | Timeout limit is increased to 1900
2024-04-17 10:17 | INFO | Query 26 Size of the uncertainty table is = 6080/7755
2024-04-17 10:17 | INFO | Query 26 Size of the filtered table is = 78
2024-04-17 10:18 | INFO | Query 26 Active Learning Runtime on Validation Set: 8222.9
2024-04-17 10:18 | INFO | Query 26 Active Learning Runtime on Test Set: 2430.11
2024-04-17 10:18 | INFO | Query 26 Active Learning Instance Cost: 720301.77
2024-04-17 10:18 | INFO | Timeout limit is increased to 2000
2024-04-17 10:18 | INFO | Query 27 Size of the uncertainty table is = 6037/7755
2024-04-17 10:18 | INFO | Query 27 Size of the filtered table is = 78
2024-04-17 10:18 | INFO | Query 27 Active Learning Runtime on Validation Set: 8185.55
2024-04-17 10:18 | INFO | Query 27 Active Learning Runtime on Test Set: 2430.11
2024-04-17 10:18 | INFO | Query 27 Active Learning Instance Cost: 769588.91
2024-04-17 10:18 | INFO | Query 28 Size of the uncertainty table is = 5964/7755
2024-04-17 10:18 | INFO | Query 28 Size of the filtered table is = 78
2024-04-17 10:19 | INFO | Query 28 Active Learning Runtime on Validation Set: 8222.949999999999
2024-04-17 10:19 | INFO | Query 28 Active Learning Runtime on Test Set: 2430.11
2024-04-17 10:19 | INFO | Query 28 Active Learning Instance Cost: 799464.08
2024-04-17 10:19 | INFO | Timeout limit is increased to 2100
2024-04-17 10:19 | INFO | Query 29 Size of the uncertainty table is = 5906/7755
2024-04-17 10:19 | INFO | Query 29 Size of the filtered table is = 78
2024-04-17 10:19 | INFO | Query 29 Active Learning Runtime on Validation Set: 223456.92
2024-04-17 10:19 | INFO | Query 29 Active Learning Runtime on Test Set: 38243.759999999995
2024-04-17 10:19 | INFO | Query 29 Active Learning Instance Cost: 836145.71
2024-04-17 10:19 | INFO | Timeout limit is increased to 2200
2024-04-17 10:19 | INFO | Query 30 Size of the uncertainty table is = 5815/7755
2024-04-17 10:19 | INFO | Query 30 Size of the filtered table is = 78
2024-04-17 10:20 | INFO | Query 30 Active Learning Runtime on Validation Set: 8167.97
2024-04-17 10:20 | INFO | Query 30 Active Learning Runtime on Test Set: 2429.86
2024-04-17 10:20 | INFO | Query 30 Active Learning Instance Cost: 860823.07
2024-04-17 10:20 | INFO | Query 31 Size of the uncertainty table is = 5794/7755
2024-04-17 10:20 | INFO | Query 31 Size of the filtered table is = 78
2024-04-17 10:20 | INFO | Query 31 Active Learning Runtime on Validation Set: 8167.97
2024-04-17 10:20 | INFO | Query 31 Active Learning Runtime on Test Set: 2429.86
2024-04-17 10:20 | INFO | Query 31 Active Learning Instance Cost: 887352.93
2024-04-17 10:20 | INFO | Timeout limit is increased to 2300
2024-04-17 10:20 | INFO | Query 32 Size of the uncertainty table is = 5781/7755
2024-04-17 10:20 | INFO | Query 32 Size of the filtered table is = 78
2024-04-17 10:21 | INFO | Query 32 Active Learning Runtime on Validation Set: 8167.97
2024-04-17 10:21 | INFO | Query 32 Active Learning Runtime on Test Set: 2429.86
2024-04-17 10:21 | INFO | Query 32 Active Learning Instance Cost: 907786.63
2024-04-17 10:21 | INFO | Timeout limit is increased to 2400
2024-04-17 10:21 | INFO | Query 33 Size of the uncertainty table is = 5775/7755
2024-04-17 10:21 | INFO | Query 33 Size of the filtered table is = 78
2024-04-17 10:21 | INFO | Query 33 Active Learning Runtime on Validation Set: 8167.97
2024-04-17 10:21 | INFO | Query 33 Active Learning Runtime on Test Set: 2429.86
2024-04-17 10:21 | INFO | Query 33 Active Learning Instance Cost: 929786.63
2024-04-17 10:21 | INFO | Timeout limit is increased to 2500
2024-04-17 10:21 | INFO | Query 34 Size of the uncertainty table is = 5775/7755
2024-04-17 10:21 | INFO | Query 34 Size of the filtered table is = 78
2024-04-17 10:22 | INFO | Query 34 Active Learning Runtime on Validation Set: 8167.97
2024-04-17 10:22 | INFO | Query 34 Active Learning Runtime on Test Set: 2429.86
2024-04-17 10:22 | INFO | Query 34 Active Learning Instance Cost: 943886.63
2024-04-17 10:22 | INFO | Timeout limit is increased to 2600
2024-04-17 10:22 | INFO | Query 35 Size of the uncertainty table is = 5775/7755
2024-04-17 10:22 | INFO | Query 35 Size of the filtered table is = 78
2024-04-17 10:22 | INFO | Query 35 Active Learning Runtime on Validation Set: 8167.97
2024-04-17 10:22 | INFO | Query 35 Active Learning Runtime on Test Set: 2429.86
2024-04-17 10:22 | INFO | Query 35 Active Learning Instance Cost: 957986.63
2024-04-17 10:22 | INFO | Timeout limit is increased to 2700
2024-04-17 10:22 | INFO | Query 36 Size of the uncertainty table is = 5775/7755
2024-04-17 10:22 | INFO | Query 36 Size of the filtered table is = 78
2024-04-17 10:23 | INFO | Query 36 Active Learning Runtime on Validation Set: 8167.97
2024-04-17 10:23 | INFO | Query 36 Active Learning Runtime on Test Set: 2429.86
2024-04-17 10:23 | INFO | Query 36 Active Learning Instance Cost: 972086.63
2024-04-17 10:23 | INFO | Timeout limit is increased to 2800
2024-04-17 10:23 | INFO | Query 37 Size of the uncertainty table is = 5775/7755
2024-04-17 10:23 | INFO | Query 37 Size of the filtered table is = 78
2024-04-17 10:23 | INFO | Query 37 Active Learning Runtime on Validation Set: 8167.97
2024-04-17 10:23 | INFO | Query 37 Active Learning Runtime on Test Set: 2429.86
2024-04-17 10:23 | INFO | Query 37 Active Learning Instance Cost: 986186.63
2024-04-17 10:23 | INFO | Timeout limit is increased to 2900
2024-04-17 10:23 | INFO | Query 38 Size of the uncertainty table is = 5775/7755
2024-04-17 10:23 | INFO | Query 38 Size of the filtered table is = 78
2024-04-17 10:24 | INFO | Query 38 Active Learning Runtime on Validation Set: 8167.97
2024-04-17 10:24 | INFO | Query 38 Active Learning Runtime on Test Set: 2429.86
2024-04-17 10:24 | INFO | Query 38 Active Learning Instance Cost: 1000286.63
2024-04-17 10:24 | INFO | Timeout limit is increased to 3000
2024-04-17 10:24 | INFO | Query 39 Size of the uncertainty table is = 5775/7755
2024-04-17 10:24 | INFO | Query 39 Size of the filtered table is = 78
2024-04-17 10:24 | INFO | Query 39 Active Learning Runtime on Validation Set: 8167.97
2024-04-17 10:24 | INFO | Query 39 Active Learning Runtime on Test Set: 2429.86
2024-04-17 10:24 | INFO | Query 39 Active Learning Instance Cost: 1014386.63
2024-04-17 10:24 | INFO | Timeout limit is increased to 3100
2024-04-17 10:24 | INFO | Query 40 Size of the uncertainty table is = 5775/7755
2024-04-17 10:24 | INFO | Query 40 Size of the filtered table is = 78
2024-04-17 10:25 | INFO | Query 40 Active Learning Runtime on Validation Set: 8167.97
2024-04-17 10:25 | INFO | Query 40 Active Learning Runtime on Test Set: 2429.86
2024-04-17 10:25 | INFO | Query 40 Active Learning Instance Cost: 1028486.63
2024-04-17 10:25 | INFO | Timeout limit is increased to 3200
2024-04-17 10:25 | INFO | Query 41 Size of the uncertainty table is = 5775/7755
2024-04-17 10:25 | INFO | Query 41 Size of the filtered table is = 78
2024-04-17 10:25 | INFO | Query 41 Active Learning Runtime on Validation Set: 8167.97
2024-04-17 10:25 | INFO | Query 41 Active Learning Runtime on Test Set: 2429.86
2024-04-17 10:25 | INFO | Query 41 Active Learning Instance Cost: 1042586.63
2024-04-17 10:25 | INFO | Timeout limit is increased to 3300
2024-04-17 10:25 | INFO | Query 42 Size of the uncertainty table is = 5775/7755
2024-04-17 10:25 | INFO | Query 42 Size of the filtered table is = 78
2024-04-17 10:26 | INFO | Query 42 Active Learning Runtime on Validation Set: 8167.97
2024-04-17 10:26 | INFO | Query 42 Active Learning Runtime on Test Set: 2429.86
2024-04-17 10:26 | INFO | Query 42 Active Learning Instance Cost: 1056686.63
2024-04-17 10:26 | INFO | Timeout limit is increased to 3400
2024-04-17 10:26 | INFO | Query 43 Size of the uncertainty table is = 5775/7755
2024-04-17 10:26 | INFO | Query 43 Size of the filtered table is = 78
2024-04-17 10:26 | INFO | Query 43 Active Learning Runtime on Validation Set: 8167.97
2024-04-17 10:26 | INFO | Query 43 Active Learning Runtime on Test Set: 2429.86
2024-04-17 10:26 | INFO | Query 43 Active Learning Instance Cost: 1070786.63
2024-04-17 10:26 | INFO | Timeout limit is increased to 3500
2024-04-17 10:26 | INFO | Query 44 Size of the uncertainty table is = 5775/7755
2024-04-17 10:26 | INFO | Query 44 Size of the filtered table is = 78
2024-04-17 10:27 | INFO | Query 44 Active Learning Runtime on Validation Set: 8167.97
2024-04-17 10:27 | INFO | Query 44 Active Learning Runtime on Test Set: 2429.86
2024-04-17 10:27 | INFO | Query 44 Active Learning Instance Cost: 1084886.63
2024-04-17 10:27 | INFO | Timeout limit is increased to 3600
2024-04-17 10:27 | INFO | Query 45 Size of the uncertainty table is = 5775/7755
2024-04-17 10:27 | INFO | Query 45 Size of the filtered table is = 78
2024-04-17 10:27 | INFO | Query 45 Active Learning Runtime on Validation Set: 8167.97
2024-04-17 10:27 | INFO | Query 45 Active Learning Runtime on Test Set: 2429.86
2024-04-17 10:27 | INFO | Query 45 Active Learning Instance Cost: 1098986.63
2024-04-17 10:27 | INFO | Timeout limit is increased to 3600
2024-04-17 10:27 | INFO | Query 46 Size of the uncertainty table is = 5303/7755
2024-04-17 10:27 | INFO | Query 46 Size of the filtered table is = 78
2024-04-17 10:28 | INFO | Query 46 Active Learning Runtime on Validation Set: 8222.949999999999
2024-04-17 10:28 | INFO | Query 46 Active Learning Runtime on Test Set: 2429.85
2024-04-17 10:28 | INFO | Query 46 Active Learning Instance Cost: 1414118.77
2024-04-17 10:28 | INFO | Timeout limit is increased to 3600
2024-04-17 10:28 | INFO | Query 47 Size of the uncertainty table is = 5042/7755
2024-04-17 10:28 | INFO | Query 47 Size of the filtered table is = 78
2024-04-17 10:28 | INFO | Query 47 Active Learning Runtime on Validation Set: 8222.93
2024-04-17 10:28 | INFO | Query 47 Active Learning Runtime on Test Set: 2419.6800000000003
2024-04-17 10:28 | INFO | Query 47 Active Learning Instance Cost: 1539889.29
2024-04-17 10:28 | INFO | Query 48 Size of the uncertainty table is = 4784/7755
2024-04-17 10:28 | INFO | Query 48 Size of the filtered table is = 78
2024-04-17 10:29 | INFO | Query 48 Active Learning Runtime on Validation Set: 8222.93
2024-04-17 10:29 | INFO | Query 48 Active Learning Runtime on Test Set: 2429.86
2024-04-17 10:29 | INFO | Query 48 Active Learning Instance Cost: 1796225.35
2024-04-17 10:29 | INFO | Timeout limit is increased to 3600
2024-04-17 10:29 | INFO | Query 49 Size of the uncertainty table is = 4575/7755
2024-04-17 10:29 | INFO | Query 49 Size of the filtered table is = 78
2024-04-17 10:29 | INFO | Query 49 Active Learning Runtime on Validation Set: 8998.61
2024-04-17 10:29 | INFO | Query 49 Active Learning Runtime on Test Set: 2099.4300000000003
2024-04-17 10:29 | INFO | Query 49 Active Learning Instance Cost: 1857127.43
2024-04-17 10:29 | INFO | Timeout limit is increased to 3600
2024-04-17 10:29 | INFO | Query 50 Size of the uncertainty table is = 4294/7755
2024-04-17 10:29 | INFO | Query 50 Size of the filtered table is = 78
2024-04-17 10:30 | INFO | Query 50 Active Learning Runtime on Validation Set: 8631.04
2024-04-17 10:30 | INFO | Query 50 Active Learning Runtime on Test Set: 2098.54
2024-04-17 10:30 | INFO | Query 50 Active Learning Instance Cost: 1883331.51
2024-04-17 10:30 | INFO | Query 51 Size of the uncertainty table is = 3977/7755
2024-04-17 10:30 | INFO | Query 51 Size of the filtered table is = 78
2024-04-17 10:30 | INFO | Query 51 Active Learning Runtime on Validation Set: 8339.72
2024-04-17 10:30 | INFO | Query 51 Active Learning Runtime on Test Set: 2099.1800000000003
2024-04-17 10:30 | INFO | Query 51 Active Learning Instance Cost: 2031613.68
2024-04-17 10:30 | INFO | Query 52 Size of the uncertainty table is = 3632/7755
2024-04-17 10:30 | INFO | Query 52 Size of the filtered table is = 78
2024-04-17 10:31 | INFO | Query 52 Active Learning Runtime on Validation Set: 8339.72
2024-04-17 10:31 | INFO | Query 52 Active Learning Runtime on Test Set: 2099.39
2024-04-17 10:31 | INFO | Query 52 Active Learning Instance Cost: 2085674.94
2024-04-17 10:31 | INFO | Timeout limit is increased to 3600
2024-04-17 10:31 | INFO | Query 53 Size of the uncertainty table is = 3344/7755
2024-04-17 10:31 | INFO | Query 53 Size of the filtered table is = 78
2024-04-17 10:31 | INFO | Query 53 Active Learning Runtime on Validation Set: 8339.7
2024-04-17 10:31 | INFO | Query 53 Active Learning Runtime on Test Set: 2099.37
2024-04-17 10:31 | INFO | Query 53 Active Learning Instance Cost: 2113224.37
2024-04-17 10:31 | INFO | Query 54 Size of the uncertainty table is = 3060/7755
2024-04-17 10:31 | INFO | Query 54 Size of the filtered table is = 78
2024-04-17 10:32 | INFO | Query 54 Active Learning Runtime on Validation Set: 8339.7
2024-04-17 10:32 | INFO | Query 54 Active Learning Runtime on Test Set: 2099.65
2024-04-17 10:32 | INFO | Query 54 Active Learning Instance Cost: 2182692.85
2024-04-17 10:32 | INFO | Timeout limit is increased to 3600
2024-04-17 10:32 | INFO | Query 55 Size of the uncertainty table is = 2784/7755
2024-04-17 10:32 | INFO | Query 55 Size of the filtered table is = 78
2024-04-17 10:32 | INFO | Query 55 Active Learning Runtime on Validation Set: 8304.34
2024-04-17 10:32 | INFO | Query 55 Active Learning Runtime on Test Set: 2091.41
2024-04-17 10:32 | INFO | Query 55 Active Learning Instance Cost: 2247824.55
2024-04-17 10:32 | INFO | Query 56 Size of the uncertainty table is = 2524/7755
2024-04-17 10:32 | INFO | Query 56 Size of the filtered table is = 78
2024-04-17 10:33 | INFO | Query 56 Active Learning Runtime on Validation Set: 8285.2
2024-04-17 10:33 | INFO | Query 56 Active Learning Runtime on Test Set: 2091.66
2024-04-17 10:33 | INFO | Query 56 Active Learning Instance Cost: 2308274.91
2024-04-17 10:33 | INFO | Query 57 Size of the uncertainty table is = 2202/7755
2024-04-17 10:33 | INFO | Query 57 Size of the filtered table is = 78
2024-04-17 10:34 | INFO | Query 57 Active Learning Runtime on Validation Set: 8287.52
2024-04-17 10:34 | INFO | Query 57 Active Learning Runtime on Test Set: 2091.39
2024-04-17 10:34 | INFO | Query 57 Active Learning Instance Cost: 2378316.4
2024-04-17 10:34 | INFO | Timeout limit is increased to 3600
2024-04-17 10:34 | INFO | Query 58 Size of the uncertainty table is = 1873/7755
2024-04-17 10:34 | INFO | Query 58 Size of the filtered table is = 78
2024-04-17 10:34 | INFO | Query 58 Active Learning Runtime on Validation Set: 8252.22
2024-04-17 10:34 | INFO | Query 58 Active Learning Runtime on Test Set: 2091.62
2024-04-17 10:34 | INFO | Query 58 Active Learning Instance Cost: 2422496.0
2024-04-17 10:34 | INFO | Query 59 Size of the uncertainty table is = 1556/7755
2024-04-17 10:34 | INFO | Query 59 Size of the filtered table is = 78
2024-04-17 10:35 | INFO | Query 59 Active Learning Runtime on Validation Set: 8227.75
2024-04-17 10:35 | INFO | Query 59 Active Learning Runtime on Test Set: 2091.4
2024-04-17 10:35 | INFO | Query 59 Active Learning Instance Cost: 2484550.8
2024-04-17 10:35 | INFO | Query 60 Size of the uncertainty table is = 1183/7755
2024-04-17 10:35 | INFO | Query 60 Size of the filtered table is = 78
2024-04-17 10:35 | INFO | Query 60 Active Learning Runtime on Validation Set: 8285.18
2024-04-17 10:35 | INFO | Query 60 Active Learning Runtime on Test Set: 2091.4
2024-04-17 10:35 | INFO | Query 60 Active Learning Instance Cost: 2595039.49
2024-04-17 10:35 | INFO | Timeout limit is increased to 3600
2024-04-17 10:35 | INFO | Query 61 Size of the uncertainty table is = 896/7755
2024-04-17 10:35 | INFO | Query 61 Size of the filtered table is = 78
2024-04-17 10:36 | INFO | Query 61 Active Learning Runtime on Validation Set: 8227.77
2024-04-17 10:36 | INFO | Query 61 Active Learning Runtime on Test Set: 2091.67
2024-04-17 10:36 | INFO | Query 61 Active Learning Instance Cost: 2639700.73
2024-04-17 10:36 | INFO | Query 62 Size of the uncertainty table is = 637/7755
2024-04-17 10:36 | INFO | Query 62 Size of the filtered table is = 78
2024-04-17 10:36 | INFO | Query 62 Active Learning Runtime on Validation Set: 8227.75
2024-04-17 10:36 | INFO | Query 62 Active Learning Runtime on Test Set: 2091.42
2024-04-17 10:36 | INFO | Query 62 Active Learning Instance Cost: 2706988.47
2024-04-17 10:36 | INFO | Query 63 Size of the uncertainty table is = 322/7755
2024-04-17 10:36 | INFO | Query 63 Size of the filtered table is = 78
2024-04-17 10:37 | INFO | Query 63 Active Learning Runtime on Validation Set: 8227.75
2024-04-17 10:37 | INFO | Query 63 Active Learning Runtime on Test Set: 2091.31
2024-04-17 10:37 | INFO | Query 63 Active Learning Instance Cost: 2742559.53
2024-04-17 10:37 | INFO | Timeout limit is increased to 3600
2024-04-17 10:37 | INFO | Query 64 Size of the uncertainty table is = 70/7755
2024-04-17 10:37 | INFO | Query 64 Size of the filtered table is = 70
2024-04-17 10:37 | INFO | Query 64 Active Learning Runtime on Validation Set: 8227.75
2024-04-17 10:37 | INFO | Query 64 Active Learning Runtime on Test Set: 2091.31
2024-04-17 10:37 | INFO | Query 64 Active Learning Instance Cost: 2789372.33
2024-04-17 10:37 | INFO | Timeout limit is increased to 3600
2024-04-17 10:37 | INFO | runtime_test_score is written as json file
2024-04-17 10:37 | INFO | runtime_validation_score is written as json file
2024-04-17 10:37 | INFO | instance_cost is written as json file
2024-04-17 10:37 | INFO | Experiment is finished
