2024-04-17 10:04 | INFO | Paramaters are: {'dataset': 'MAXSAT12-PMS', 'penalty': 10, 'weight': 'No_Weight', 'voting': 'Hard', 'pre_selection_size': 64, 'pre_selection_technique': 'No_pre_selection', 'feature_elimination_threshold': 20, 'imputer_strategy': 'median', 'feature_selection_technique': 'No_feature_selection', 'feature_scaling_technique': 'StandardScaler', 'initial_train_size': 20, 'query_size': 1, 'timeout_predictor_usage': 'No', 'timeout_limit': 3600, 'timeout_increase_rate': 100, 'RANDOM_STATE_SEED': 123, 'n_splits': 10, 'split_number': 5, 'max_timeout': 3600, 'param_grid': {'n_estimators': 100, 'criterion': 'gini', 'max_features': 'sqrt', 'max_depth': 2147483648, 'min_samples_split': 2, 'bootstrap': True}}
2024-04-17 10:04 | INFO | MAXSAT12-PMS is current dataset
2024-04-17 10:04 | INFO | DATASETS/MAXSAT12-PMS/algorithm_runs.csv is found
2024-04-17 10:04 | INFO | DATASETS/MAXSAT12-PMS/algorithm_runs.csv is finished
2024-04-17 10:04 | INFO | DATASETS/MAXSAT12-PMS/feature_values.csv is found
2024-04-17 10:04 | INFO | DATASETS/MAXSAT12-PMS/feature_values.csv is finished
2024-04-17 10:04 | INFO | DATASETS/MAXSAT12-PMS/feature_costs.csv is found
2024-04-17 10:04 | INFO | DATASETS/MAXSAT12-PMS/feature_costs.csv is finished
2024-04-17 10:04 | INFO | Virtual best solver time in train = 19975.41
2024-04-17 10:04 | INFO | Single best solver list train = {'DSWPM1_924': 8657930.29, 'akmaxsat': 8022730.92, 'akmaxsat_ls': 8022719.89, 'pwbo2.1': 4161298.63, 'qmaxsat0.21comp': 2127885.6, 'qmaxsat0.21g2comp': 2371966.66}
2024-04-17 10:04 | INFO | Single best solver time train = qmaxsat0.21comp (2127885.6)
2024-04-17 10:04 | INFO | Virtual best solver time in validation = 7808.75
2024-04-17 10:04 | INFO | Single best solver list validation = {'DSWPM1_924': 2423476.67, 'akmaxsat': 4326863.93, 'akmaxsat_ls': 4326863.6, 'pwbo2.1': 840426.31, 'qmaxsat0.21comp': 696080.57, 'qmaxsat0.21g2comp': 8595.78}
2024-04-17 10:04 | INFO | Single best solver time validation = qmaxsat0.21g2comp (8595.78)
2024-04-17 10:04 | INFO | Virtual best solver time in test = 2768.93
2024-04-17 10:04 | INFO | Single best solver list test = {'DSWPM1_924': 1191342.01, 'akmaxsat': 1083376.81, 'akmaxsat_ls': 1083384.82, 'pwbo2.1': 509344.36, 'qmaxsat0.21comp': 222239.86, 'qmaxsat0.21g2comp': 291828.82}
2024-04-17 10:04 | INFO | Single best solver time test = qmaxsat0.21comp (222239.86)
2024-04-17 10:04 | INFO | Passive Learning Runtime on Validation Set: 223693.13
2024-04-17 10:04 | INFO | Passive Learning Runtime on Test Set: 3191.09
2024-04-17 10:04 | INFO | Passive Learning Instance Cost: 3524131.99
2024-04-17 10:05 | INFO | Initial Active Learning Runtime on Validation Set: 696113.57
2024-04-17 10:05 | INFO | Initial Active Learning Runtime on Test Set: 183438.56
2024-04-17 10:05 | INFO | Initial Active Learning Instance Cost: 120757.75
2024-04-17 10:05 | INFO | Bin size = 78
2024-04-17 10:05 | INFO | Query 1 Size of the uncertainty table is = 7755/7755
2024-04-17 10:05 | INFO | Query 1 Size of the filtered table is = 78
2024-04-17 10:05 | INFO | Query 1 Active Learning Runtime on Validation Set: 696113.57
2024-04-17 10:05 | INFO | Query 1 Active Learning Runtime on Test Set: 110205.74
2024-04-17 10:05 | INFO | Query 1 Active Learning Instance Cost: 296575.43
2024-04-17 10:05 | INFO | Timeout limit is increased to 3600
2024-04-17 10:05 | INFO | Query 2 Size of the uncertainty table is = 7642/7755
2024-04-17 10:05 | INFO | Query 2 Size of the filtered table is = 78
2024-04-17 10:06 | INFO | Query 2 Active Learning Runtime on Validation Set: 696122.84
2024-04-17 10:06 | INFO | Query 2 Active Learning Runtime on Test Set: 182107.2
2024-04-17 10:06 | INFO | Query 2 Active Learning Instance Cost: 498079.32
2024-04-17 10:06 | INFO | Timeout limit is increased to 3600
2024-04-17 10:06 | INFO | Query 3 Size of the uncertainty table is = 7538/7755
2024-04-17 10:06 | INFO | Query 3 Size of the filtered table is = 78
2024-04-17 10:06 | INFO | Query 3 Active Learning Runtime on Validation Set: 696122.46
2024-04-17 10:06 | INFO | Query 3 Active Learning Runtime on Test Set: 182111.42
2024-04-17 10:06 | INFO | Query 3 Active Learning Instance Cost: 669755.49
2024-04-17 10:06 | INFO | Query 4 Size of the uncertainty table is = 7387/7755
2024-04-17 10:06 | INFO | Query 4 Size of the filtered table is = 78
2024-04-17 10:07 | INFO | Query 4 Active Learning Runtime on Validation Set: 696122.46
2024-04-17 10:07 | INFO | Query 4 Active Learning Runtime on Test Set: 146140.58
2024-04-17 10:07 | INFO | Query 4 Active Learning Instance Cost: 862121.36
2024-04-17 10:07 | INFO | Timeout limit is increased to 3600
2024-04-17 10:07 | INFO | Query 5 Size of the uncertainty table is = 7229/7755
2024-04-17 10:07 | INFO | Query 5 Size of the filtered table is = 78
2024-04-17 10:07 | INFO | Query 5 Active Learning Runtime on Validation Set: 696121.28
2024-04-17 10:07 | INFO | Query 5 Active Learning Runtime on Test Set: 146140.48
2024-04-17 10:07 | INFO | Query 5 Active Learning Instance Cost: 962315.54
2024-04-17 10:07 | INFO | Query 6 Size of the uncertainty table is = 7020/7755
2024-04-17 10:07 | INFO | Query 6 Size of the filtered table is = 78
2024-04-17 10:07 | INFO | Query 6 Active Learning Runtime on Validation Set: 696121.59
2024-04-17 10:07 | INFO | Query 6 Active Learning Runtime on Test Set: 110770.1
2024-04-17 10:07 | INFO | Query 6 Active Learning Instance Cost: 1115723.19
2024-04-17 10:07 | INFO | Timeout limit is increased to 3600
2024-04-17 10:07 | INFO | Query 7 Size of the uncertainty table is = 6817/7755
2024-04-17 10:07 | INFO | Query 7 Size of the filtered table is = 78
2024-04-17 10:08 | INFO | Query 7 Active Learning Runtime on Validation Set: 445002.74
2024-04-17 10:08 | INFO | Query 7 Active Learning Runtime on Test Set: 74876.94
2024-04-17 10:08 | INFO | Query 7 Active Learning Instance Cost: 1268784.61
2024-04-17 10:08 | INFO | Query 8 Size of the uncertainty table is = 6581/7755
2024-04-17 10:08 | INFO | Query 8 Size of the filtered table is = 78
2024-04-17 10:08 | INFO | Query 8 Active Learning Runtime on Validation Set: 696046.39
2024-04-17 10:08 | INFO | Query 8 Active Learning Runtime on Test Set: 74876.79
2024-04-17 10:08 | INFO | Query 8 Active Learning Instance Cost: 1366248.3
2024-04-17 10:08 | INFO | Timeout limit is increased to 3600
2024-04-17 10:08 | INFO | Query 9 Size of the uncertainty table is = 6380/7755
2024-04-17 10:08 | INFO | Query 9 Size of the filtered table is = 78
2024-04-17 10:09 | INFO | Query 9 Active Learning Runtime on Validation Set: 444936.62
2024-04-17 10:09 | INFO | Query 9 Active Learning Runtime on Test Set: 74872.43
2024-04-17 10:09 | INFO | Query 9 Active Learning Instance Cost: 1476222.14
2024-04-17 10:09 | INFO | Query 10 Size of the uncertainty table is = 6122/7755
2024-04-17 10:09 | INFO | Query 10 Size of the filtered table is = 78
2024-04-17 10:09 | INFO | Query 10 Active Learning Runtime on Validation Set: 444909.83
2024-04-17 10:09 | INFO | Query 10 Active Learning Runtime on Test Set: 74820.66
2024-04-17 10:09 | INFO | Query 10 Active Learning Instance Cost: 1537689.68
2024-04-17 10:09 | INFO | Query 11 Size of the uncertainty table is = 5902/7755
2024-04-17 10:09 | INFO | Query 11 Size of the filtered table is = 78
2024-04-17 10:10 | INFO | Query 11 Active Learning Runtime on Validation Set: 442867.2
2024-04-17 10:10 | INFO | Query 11 Active Learning Runtime on Test Set: 39073.54
2024-04-17 10:10 | INFO | Query 11 Active Learning Instance Cost: 1692211.31
2024-04-17 10:10 | INFO | Query 12 Size of the uncertainty table is = 5663/7755
2024-04-17 10:10 | INFO | Query 12 Size of the filtered table is = 78
2024-04-17 10:10 | INFO | Query 12 Active Learning Runtime on Validation Set: 191731.03
2024-04-17 10:10 | INFO | Query 12 Active Learning Runtime on Test Set: 38978.7
2024-04-17 10:10 | INFO | Query 12 Active Learning Instance Cost: 1971554.3
2024-04-17 10:10 | INFO | Query 13 Size of the uncertainty table is = 5330/7755
2024-04-17 10:10 | INFO | Query 13 Size of the filtered table is = 78
2024-04-17 10:11 | INFO | Query 13 Active Learning Runtime on Validation Set: 8592.73
2024-04-17 10:11 | INFO | Query 13 Active Learning Runtime on Test Set: 3109.94
2024-04-17 10:11 | INFO | Query 13 Active Learning Instance Cost: 2351174.81
2024-04-17 10:11 | INFO | Query 14 Size of the uncertainty table is = 5008/7755
2024-04-17 10:11 | INFO | Query 14 Size of the filtered table is = 78
2024-04-17 10:11 | INFO | Query 14 Active Learning Runtime on Validation Set: 47192.88
2024-04-17 10:11 | INFO | Query 14 Active Learning Runtime on Test Set: 3119.18
2024-04-17 10:11 | INFO | Query 14 Active Learning Instance Cost: 2440331.76
2024-04-17 10:11 | INFO | Timeout limit is increased to 3600
2024-04-17 10:11 | INFO | Query 15 Size of the uncertainty table is = 4705/7755
2024-04-17 10:11 | INFO | Query 15 Size of the filtered table is = 78
2024-04-17 10:12 | INFO | Query 15 Active Learning Runtime on Validation Set: 8592.71
2024-04-17 10:12 | INFO | Query 15 Active Learning Runtime on Test Set: 3117.71
2024-04-17 10:12 | INFO | Query 15 Active Learning Instance Cost: 2468557.31
2024-04-17 10:12 | INFO | Query 16 Size of the uncertainty table is = 4447/7755
2024-04-17 10:12 | INFO | Query 16 Size of the filtered table is = 78
2024-04-17 10:12 | INFO | Query 16 Active Learning Runtime on Validation Set: 45411.53
2024-04-17 10:12 | INFO | Query 16 Active Learning Runtime on Test Set: 3117.71
2024-04-17 10:12 | INFO | Query 16 Active Learning Instance Cost: 2524378.32
2024-04-17 10:12 | INFO | Timeout limit is increased to 3600
2024-04-17 10:12 | INFO | Query 17 Size of the uncertainty table is = 4178/7755
2024-04-17 10:12 | INFO | Query 17 Size of the filtered table is = 78
2024-04-17 10:13 | INFO | Query 17 Active Learning Runtime on Validation Set: 187375.9
2024-04-17 10:13 | INFO | Query 17 Active Learning Runtime on Test Set: 3117.67
2024-04-17 10:13 | INFO | Query 17 Active Learning Instance Cost: 2597694.64
2024-04-17 10:13 | INFO | Timeout limit is increased to 3600
2024-04-17 10:13 | INFO | Query 18 Size of the uncertainty table is = 3959/7755
2024-04-17 10:13 | INFO | Query 18 Size of the filtered table is = 78
2024-04-17 10:13 | INFO | Query 18 Active Learning Runtime on Validation Set: 8647.62
2024-04-17 10:13 | INFO | Query 18 Active Learning Runtime on Test Set: 3117.67
2024-04-17 10:13 | INFO | Query 18 Active Learning Instance Cost: 2666009.45
2024-04-17 10:13 | INFO | Query 19 Size of the uncertainty table is = 3727/7755
2024-04-17 10:13 | INFO | Query 19 Size of the filtered table is = 78
2024-04-17 10:14 | INFO | Query 19 Active Learning Runtime on Validation Set: 297038.79
2024-04-17 10:14 | INFO | Query 19 Active Learning Runtime on Test Set: 3117.67
2024-04-17 10:14 | INFO | Query 19 Active Learning Instance Cost: 2759478.43
2024-04-17 10:14 | INFO | Timeout limit is increased to 3600
2024-04-17 10:14 | INFO | Query 20 Size of the uncertainty table is = 3278/7755
2024-04-17 10:14 | INFO | Query 20 Size of the filtered table is = 78
2024-04-17 10:14 | INFO | Query 20 Active Learning Runtime on Validation Set: 117864.98
2024-04-17 10:14 | INFO | Query 20 Active Learning Runtime on Test Set: 3191.07
2024-04-17 10:14 | INFO | Query 20 Active Learning Instance Cost: 2779135.8
2024-04-17 10:14 | INFO | Query 21 Size of the uncertainty table is = 3025/7755
2024-04-17 10:14 | INFO | Query 21 Size of the filtered table is = 78
2024-04-17 10:15 | INFO | Query 21 Active Learning Runtime on Validation Set: 8601.99
2024-04-17 10:15 | INFO | Query 21 Active Learning Runtime on Test Set: 3205.47
2024-04-17 10:15 | INFO | Query 21 Active Learning Instance Cost: 2842323.6
2024-04-17 10:15 | INFO | Query 22 Size of the uncertainty table is = 2706/7755
2024-04-17 10:15 | INFO | Query 22 Size of the filtered table is = 78
2024-04-17 10:15 | INFO | Query 22 Active Learning Runtime on Validation Set: 8601.99
2024-04-17 10:15 | INFO | Query 22 Active Learning Runtime on Test Set: 3191.07
2024-04-17 10:15 | INFO | Query 22 Active Learning Instance Cost: 2898687.62
2024-04-17 10:15 | INFO | Timeout limit is increased to 3600
2024-04-17 10:15 | INFO | Query 23 Size of the uncertainty table is = 2352/7755
2024-04-17 10:15 | INFO | Query 23 Size of the filtered table is = 78
2024-04-17 10:16 | INFO | Query 23 Active Learning Runtime on Validation Set: 8593.08
2024-04-17 10:16 | INFO | Query 23 Active Learning Runtime on Test Set: 3191.1
2024-04-17 10:16 | INFO | Query 23 Active Learning Instance Cost: 2948782.14
2024-04-17 10:16 | INFO | Query 24 Size of the uncertainty table is = 2108/7755
2024-04-17 10:16 | INFO | Query 24 Size of the filtered table is = 78
2024-04-17 10:16 | INFO | Query 24 Active Learning Runtime on Validation Set: 223970.0
2024-04-17 10:16 | INFO | Query 24 Active Learning Runtime on Test Set: 3191.07
2024-04-17 10:16 | INFO | Query 24 Active Learning Instance Cost: 2994413.13
2024-04-17 10:16 | INFO | Timeout limit is increased to 3600
2024-04-17 10:16 | INFO | Query 25 Size of the uncertainty table is = 1792/7755
2024-04-17 10:16 | INFO | Query 25 Size of the filtered table is = 78
2024-04-17 10:17 | INFO | Query 25 Active Learning Runtime on Validation Set: 44634.1
2024-04-17 10:17 | INFO | Query 25 Active Learning Runtime on Test Set: 3205.54
2024-04-17 10:17 | INFO | Query 25 Active Learning Instance Cost: 3071317.91
2024-04-17 10:17 | INFO | Query 26 Size of the uncertainty table is = 1502/7755
2024-04-17 10:17 | INFO | Query 26 Size of the filtered table is = 78
2024-04-17 10:18 | INFO | Query 26 Active Learning Runtime on Validation Set: 370985.77
2024-04-17 10:18 | INFO | Query 26 Active Learning Runtime on Test Set: 39052.07
2024-04-17 10:18 | INFO | Query 26 Active Learning Instance Cost: 3152537.04
2024-04-17 10:18 | INFO | Timeout limit is increased to 3600
2024-04-17 10:18 | INFO | Query 27 Size of the uncertainty table is = 1215/7755
2024-04-17 10:18 | INFO | Query 27 Size of the filtered table is = 78
2024-04-17 10:18 | INFO | Query 27 Active Learning Runtime on Validation Set: 332133.56
2024-04-17 10:18 | INFO | Query 27 Active Learning Runtime on Test Set: 3191.07
2024-04-17 10:18 | INFO | Query 27 Active Learning Instance Cost: 3332930.25
2024-04-17 10:18 | INFO | Query 28 Size of the uncertainty table is = 863/7755
2024-04-17 10:18 | INFO | Query 28 Size of the filtered table is = 78
2024-04-17 10:19 | INFO | Query 28 Active Learning Runtime on Validation Set: 8602.01
2024-04-17 10:19 | INFO | Query 28 Active Learning Runtime on Test Set: 3191.1
2024-04-17 10:19 | INFO | Query 28 Active Learning Instance Cost: 3371513.68
2024-04-17 10:19 | INFO | Query 29 Size of the uncertainty table is = 559/7755
2024-04-17 10:19 | INFO | Query 29 Size of the filtered table is = 78
2024-04-17 10:19 | INFO | Query 29 Active Learning Runtime on Validation Set: 8602.01
2024-04-17 10:19 | INFO | Query 29 Active Learning Runtime on Test Set: 3190.99
2024-04-17 10:19 | INFO | Query 29 Active Learning Instance Cost: 3386743.05
2024-04-17 10:19 | INFO | Timeout limit is increased to 3600
2024-04-17 10:19 | INFO | Query 30 Size of the uncertainty table is = 235/7755
2024-04-17 10:19 | INFO | Query 30 Size of the filtered table is = 78
2024-04-17 10:20 | INFO | Query 30 Active Learning Runtime on Validation Set: 8602.02
2024-04-17 10:20 | INFO | Query 30 Active Learning Runtime on Test Set: 3191.06
2024-04-17 10:20 | INFO | Query 30 Active Learning Instance Cost: 3524131.99
2024-04-17 10:20 | INFO | Timeout limit is increased to 3600
2024-04-17 10:20 | INFO | runtime_test_score is written as json file
2024-04-17 10:20 | INFO | runtime_validation_score is written as json file
2024-04-17 10:20 | INFO | instance_cost is written as json file
2024-04-17 10:20 | INFO | Experiment is finished
