2024-04-17 10:04 | INFO | Paramaters are: {'dataset': 'MAXSAT12-PMS', 'penalty': 10, 'weight': 'No_Weight', 'voting': 'Hard', 'pre_selection_size': 64, 'pre_selection_technique': 'No_pre_selection', 'feature_elimination_threshold': 20, 'imputer_strategy': 'median', 'feature_selection_technique': 'No_feature_selection', 'feature_scaling_technique': 'StandardScaler', 'initial_train_size': 20, 'query_size': 1, 'timeout_predictor_usage': 'No', 'timeout_limit': 100, 'timeout_increase_rate': 100, 'RANDOM_STATE_SEED': 123, 'n_splits': 10, 'split_number': 9, 'max_timeout': 3600, 'param_grid': {'n_estimators': 100, 'criterion': 'gini', 'max_features': 'sqrt', 'max_depth': 2147483648, 'min_samples_split': 2, 'bootstrap': True}}
2024-04-17 10:04 | INFO | MAXSAT12-PMS is current dataset
2024-04-17 10:04 | INFO | DATASETS/MAXSAT12-PMS/algorithm_runs.csv is found
2024-04-17 10:04 | INFO | DATASETS/MAXSAT12-PMS/algorithm_runs.csv is finished
2024-04-17 10:04 | INFO | DATASETS/MAXSAT12-PMS/feature_values.csv is found
2024-04-17 10:04 | INFO | DATASETS/MAXSAT12-PMS/feature_values.csv is finished
2024-04-17 10:04 | INFO | DATASETS/MAXSAT12-PMS/feature_costs.csv is found
2024-04-17 10:04 | INFO | DATASETS/MAXSAT12-PMS/feature_costs.csv is finished
2024-04-17 10:04 | INFO | Virtual best solver time in train = 21494.06
2024-04-17 10:04 | INFO | Single best solver list train = {'DSWPM1_924': 8621374.01, 'akmaxsat': 8093802.6, 'akmaxsat_ls': 8093795.06, 'pwbo2.1': 4127729.79, 'qmaxsat0.21comp': 2023274.28, 'qmaxsat0.21g2comp': 2442487.7}
2024-04-17 10:04 | INFO | Single best solver time train = qmaxsat0.21comp (2023274.28)
2024-04-17 10:04 | INFO | Virtual best solver time in validation = 8017.21
2024-04-17 10:04 | INFO | Single best solver list validation = {'DSWPM1_924': 2458419.11, 'akmaxsat': 4183872.99, 'akmaxsat_ls': 4183880.46, 'pwbo2.1': 947648.79, 'qmaxsat0.21comp': 766215.11, 'qmaxsat0.21g2comp': 8807.68}
2024-04-17 10:04 | INFO | Single best solver time validation = qmaxsat0.21g2comp (8807.68)
2024-04-17 10:04 | INFO | Virtual best solver time in test = 1041.82
2024-04-17 10:04 | INFO | Single best solver list test = {'DSWPM1_924': 1192955.85, 'akmaxsat': 1155296.07, 'akmaxsat_ls': 1155292.79, 'pwbo2.1': 435690.72, 'qmaxsat0.21comp': 256716.64, 'qmaxsat0.21g2comp': 221095.88}
2024-04-17 10:04 | INFO | Single best solver time test = qmaxsat0.21g2comp (221095.88)
2024-04-17 10:04 | INFO | Passive Learning Runtime on Validation Set: 80750.38
2024-04-17 10:04 | INFO | Passive Learning Runtime on Test Set: 39219.92
2024-04-17 10:04 | INFO | Passive Learning Instance Cost: 3529663.44
2024-04-17 10:05 | INFO | Initial Active Learning Runtime on Validation Set: 766214.46
2024-04-17 10:05 | INFO | Initial Active Learning Runtime on Test Set: 75403.95
2024-04-17 10:05 | INFO | Initial Active Learning Instance Cost: 5513.19
2024-04-17 10:05 | INFO | Bin size = 78
2024-04-17 10:05 | INFO | Query 1 Size of the uncertainty table is = 7835/7770
2024-04-17 10:05 | INFO | Query 1 Size of the filtered table is = 78
2024-04-17 10:05 | INFO | Query 1 Active Learning Runtime on Validation Set: 477029.59
2024-04-17 10:05 | INFO | Query 1 Active Learning Runtime on Test Set: 75329.56
2024-04-17 10:05 | INFO | Query 1 Active Learning Instance Cost: 12411.16
2024-04-17 10:05 | INFO | Query 2 Size of the uncertainty table is = 7772/7770
2024-04-17 10:05 | INFO | Query 2 Size of the filtered table is = 78
2024-04-17 10:06 | INFO | Query 2 Active Learning Runtime on Validation Set: 190731.83
2024-04-17 10:06 | INFO | Query 2 Active Learning Runtime on Test Set: 145237.32
2024-04-17 10:06 | INFO | Query 2 Active Learning Instance Cost: 20636.42
2024-04-17 10:06 | INFO | Query 3 Size of the uncertainty table is = 7696/7770
2024-04-17 10:06 | INFO | Query 3 Size of the filtered table is = 78
2024-04-17 10:06 | INFO | Query 3 Active Learning Runtime on Validation Set: 226676.50999999998
2024-04-17 10:06 | INFO | Query 3 Active Learning Runtime on Test Set: 145412.99
2024-04-17 10:06 | INFO | Query 3 Active Learning Instance Cost: 26908.99
2024-04-17 10:06 | INFO | Timeout limit is increased to 200
2024-04-17 10:06 | INFO | Query 4 Size of the uncertainty table is = 7601/7770
2024-04-17 10:06 | INFO | Query 4 Size of the filtered table is = 78
2024-04-17 10:07 | INFO | Query 4 Active Learning Runtime on Validation Set: 225986.44
2024-04-17 10:07 | INFO | Query 4 Active Learning Runtime on Test Set: 147223.41
2024-04-17 10:07 | INFO | Query 4 Active Learning Instance Cost: 39550.06
2024-04-17 10:07 | INFO | Query 5 Size of the uncertainty table is = 7449/7770
2024-04-17 10:07 | INFO | Query 5 Size of the filtered table is = 78
2024-04-17 10:07 | INFO | Query 5 Active Learning Runtime on Validation Set: 225985.41
2024-04-17 10:07 | INFO | Query 5 Active Learning Runtime on Test Set: 75297.37999999999
2024-04-17 10:07 | INFO | Query 5 Active Learning Instance Cost: 58608.99
2024-04-17 10:07 | INFO | Query 6 Size of the uncertainty table is = 7348/7770
2024-04-17 10:07 | INFO | Query 6 Size of the filtered table is = 78
2024-04-17 10:07 | INFO | Query 6 Active Learning Runtime on Validation Set: 443589.47000000003
2024-04-17 10:07 | INFO | Query 6 Active Learning Runtime on Test Set: 75512.37999999999
2024-04-17 10:07 | INFO | Query 6 Active Learning Instance Cost: 75010.46
2024-04-17 10:07 | INFO | Timeout limit is increased to 300
2024-04-17 10:07 | INFO | Query 7 Size of the uncertainty table is = 7245/7770
2024-04-17 10:07 | INFO | Query 7 Size of the filtered table is = 78
2024-04-17 10:08 | INFO | Query 7 Active Learning Runtime on Validation Set: 262350.69
2024-04-17 10:08 | INFO | Query 7 Active Learning Runtime on Test Set: 73562.15
2024-04-17 10:08 | INFO | Query 7 Active Learning Instance Cost: 110209.12
2024-04-17 10:08 | INFO | Query 8 Size of the uncertainty table is = 7192/7770
2024-04-17 10:08 | INFO | Query 8 Size of the filtered table is = 78
2024-04-17 10:08 | INFO | Query 8 Active Learning Runtime on Validation Set: 9072.449999999999
2024-04-17 10:08 | INFO | Query 8 Active Learning Runtime on Test Set: 145550.66999999998
2024-04-17 10:08 | INFO | Query 8 Active Learning Instance Cost: 131208.91
2024-04-17 10:08 | INFO | Query 9 Size of the uncertainty table is = 7096/7770
2024-04-17 10:08 | INFO | Query 9 Size of the filtered table is = 78
2024-04-17 10:09 | INFO | Query 9 Active Learning Runtime on Validation Set: 9018.789999999999
2024-04-17 10:09 | INFO | Query 9 Active Learning Runtime on Test Set: 73424.81999999999
2024-04-17 10:09 | INFO | Query 9 Active Learning Instance Cost: 146715.75
2024-04-17 10:09 | INFO | Query 10 Size of the uncertainty table is = 6943/7770
2024-04-17 10:09 | INFO | Query 10 Size of the filtered table is = 78
2024-04-17 10:09 | INFO | Query 10 Active Learning Runtime on Validation Set: 9024.58
2024-04-17 10:09 | INFO | Query 10 Active Learning Runtime on Test Set: 37299.03
2024-04-17 10:09 | INFO | Query 10 Active Learning Instance Cost: 157276.71
2024-04-17 10:09 | INFO | Timeout limit is increased to 400
2024-04-17 10:09 | INFO | Query 11 Size of the uncertainty table is = 6819/7770
2024-04-17 10:09 | INFO | Query 11 Size of the filtered table is = 78
2024-04-17 10:10 | INFO | Query 11 Active Learning Runtime on Validation Set: 9024.6
2024-04-17 10:10 | INFO | Query 11 Active Learning Runtime on Test Set: 37299.15
2024-04-17 10:10 | INFO | Query 11 Active Learning Instance Cost: 180229.28
2024-04-17 10:10 | INFO | Timeout limit is increased to 500
2024-04-17 10:10 | INFO | Query 12 Size of the uncertainty table is = 6725/7770
2024-04-17 10:10 | INFO | Query 12 Size of the filtered table is = 78
2024-04-17 10:10 | INFO | Query 12 Active Learning Runtime on Validation Set: 12252.15
2024-04-17 10:10 | INFO | Query 12 Active Learning Runtime on Test Set: 37299.770000000004
2024-04-17 10:10 | INFO | Query 12 Active Learning Instance Cost: 207567.63
2024-04-17 10:10 | INFO | Timeout limit is increased to 600
2024-04-17 10:10 | INFO | Query 13 Size of the uncertainty table is = 6569/7770
2024-04-17 10:10 | INFO | Query 13 Size of the filtered table is = 78
2024-04-17 10:11 | INFO | Query 13 Active Learning Runtime on Validation Set: 9053.92
2024-04-17 10:11 | INFO | Query 13 Active Learning Runtime on Test Set: 1307.19
2024-04-17 10:11 | INFO | Query 13 Active Learning Instance Cost: 252691.82
2024-04-17 10:11 | INFO | Query 14 Size of the uncertainty table is = 6468/7770
2024-04-17 10:11 | INFO | Query 14 Size of the filtered table is = 78
2024-04-17 10:11 | INFO | Query 14 Active Learning Runtime on Validation Set: 9061.449999999999
2024-04-17 10:11 | INFO | Query 14 Active Learning Runtime on Test Set: 37303.57
2024-04-17 10:11 | INFO | Query 14 Active Learning Instance Cost: 272124.29
2024-04-17 10:11 | INFO | Timeout limit is increased to 700
2024-04-17 10:11 | INFO | Query 15 Size of the uncertainty table is = 6380/7770
2024-04-17 10:11 | INFO | Query 15 Size of the filtered table is = 78
2024-04-17 10:12 | INFO | Query 15 Active Learning Runtime on Validation Set: 9073.09
2024-04-17 10:12 | INFO | Query 15 Active Learning Runtime on Test Set: 37303.880000000005
2024-04-17 10:12 | INFO | Query 15 Active Learning Instance Cost: 312477.88
2024-04-17 10:12 | INFO | Timeout limit is increased to 800
2024-04-17 10:12 | INFO | Query 16 Size of the uncertainty table is = 6307/7770
2024-04-17 10:12 | INFO | Query 16 Size of the filtered table is = 78
2024-04-17 10:12 | INFO | Query 16 Active Learning Runtime on Validation Set: 9073.07
2024-04-17 10:12 | INFO | Query 16 Active Learning Runtime on Test Set: 37303.880000000005
2024-04-17 10:12 | INFO | Query 16 Active Learning Instance Cost: 349189.75
2024-04-17 10:12 | INFO | Query 17 Size of the uncertainty table is = 6247/7770
2024-04-17 10:12 | INFO | Query 17 Size of the filtered table is = 78
2024-04-17 10:13 | INFO | Query 17 Active Learning Runtime on Validation Set: 9073.09
2024-04-17 10:13 | INFO | Query 17 Active Learning Runtime on Test Set: 37305.37
2024-04-17 10:13 | INFO | Query 17 Active Learning Instance Cost: 382381.56
2024-04-17 10:13 | INFO | Timeout limit is increased to 900
2024-04-17 10:13 | INFO | Query 18 Size of the uncertainty table is = 6195/7770
2024-04-17 10:13 | INFO | Query 18 Size of the filtered table is = 78
2024-04-17 10:13 | INFO | Query 18 Active Learning Runtime on Validation Set: 10380.47
2024-04-17 10:13 | INFO | Query 18 Active Learning Runtime on Test Set: 37305.380000000005
2024-04-17 10:13 | INFO | Query 18 Active Learning Instance Cost: 402651.71
2024-04-17 10:13 | INFO | Timeout limit is increased to 1000
2024-04-17 10:13 | INFO | Query 19 Size of the uncertainty table is = 6103/7770
2024-04-17 10:13 | INFO | Query 19 Size of the filtered table is = 78
2024-04-17 10:14 | INFO | Query 19 Active Learning Runtime on Validation Set: 9013.64
2024-04-17 10:14 | INFO | Query 19 Active Learning Runtime on Test Set: 37305.39
2024-04-17 10:14 | INFO | Query 19 Active Learning Instance Cost: 430465.66
2024-04-17 10:14 | INFO | Query 20 Size of the uncertainty table is = 5985/7770
2024-04-17 10:14 | INFO | Query 20 Size of the filtered table is = 78
2024-04-17 10:14 | INFO | Query 20 Active Learning Runtime on Validation Set: 47626.57
2024-04-17 10:14 | INFO | Query 20 Active Learning Runtime on Test Set: 37305.37
2024-04-17 10:14 | INFO | Query 20 Active Learning Instance Cost: 470745.23
2024-04-17 10:14 | INFO | Timeout limit is increased to 1100
2024-04-17 10:14 | INFO | Query 21 Size of the uncertainty table is = 5947/7770
2024-04-17 10:14 | INFO | Query 21 Size of the filtered table is = 78
2024-04-17 10:15 | INFO | Query 21 Active Learning Runtime on Validation Set: 47614.93
2024-04-17 10:15 | INFO | Query 21 Active Learning Runtime on Test Set: 37318.03
2024-04-17 10:15 | INFO | Query 21 Active Learning Instance Cost: 500139.32
2024-04-17 10:15 | INFO | Query 22 Size of the uncertainty table is = 5919/7770
2024-04-17 10:15 | INFO | Query 22 Size of the filtered table is = 78
2024-04-17 10:15 | INFO | Query 22 Active Learning Runtime on Validation Set: 47614.93
2024-04-17 10:15 | INFO | Query 22 Active Learning Runtime on Test Set: 37318.03
2024-04-17 10:15 | INFO | Query 22 Active Learning Instance Cost: 549752.2
2024-04-17 10:15 | INFO | Timeout limit is increased to 1200
2024-04-17 10:15 | INFO | Query 23 Size of the uncertainty table is = 5908/7770
2024-04-17 10:15 | INFO | Query 23 Size of the filtered table is = 78
2024-04-17 10:16 | INFO | Query 23 Active Learning Runtime on Validation Set: 47614.93
2024-04-17 10:16 | INFO | Query 23 Active Learning Runtime on Test Set: 37318.03
2024-04-17 10:16 | INFO | Query 23 Active Learning Instance Cost: 605921.27
2024-04-17 10:16 | INFO | Timeout limit is increased to 1300
2024-04-17 10:16 | INFO | Query 24 Size of the uncertainty table is = 5894/7770
2024-04-17 10:16 | INFO | Query 24 Size of the filtered table is = 78
2024-04-17 10:16 | INFO | Query 24 Active Learning Runtime on Validation Set: 47614.93
2024-04-17 10:16 | INFO | Query 24 Active Learning Runtime on Test Set: 37318.310000000005
2024-04-17 10:16 | INFO | Query 24 Active Learning Instance Cost: 696821.44
2024-04-17 10:16 | INFO | Timeout limit is increased to 1400
2024-04-17 10:16 | INFO | Query 25 Size of the uncertainty table is = 5886/7770
2024-04-17 10:16 | INFO | Query 25 Size of the filtered table is = 78
2024-04-17 10:17 | INFO | Query 25 Active Learning Runtime on Validation Set: 298241.99000000005
2024-04-17 10:17 | INFO | Query 25 Active Learning Runtime on Test Set: 37320.090000000004
2024-04-17 10:17 | INFO | Query 25 Active Learning Instance Cost: 732895.7
2024-04-17 10:17 | INFO | Timeout limit is increased to 1500
2024-04-17 10:17 | INFO | Query 26 Size of the uncertainty table is = 5859/7770
2024-04-17 10:17 | INFO | Query 26 Size of the filtered table is = 78
2024-04-17 10:17 | INFO | Query 26 Active Learning Runtime on Validation Set: 298241.99000000005
2024-04-17 10:17 | INFO | Query 26 Active Learning Runtime on Test Set: 37319.82
2024-04-17 10:17 | INFO | Query 26 Active Learning Instance Cost: 758296.82
2024-04-17 10:17 | INFO | Timeout limit is increased to 1600
2024-04-17 10:17 | INFO | Query 27 Size of the uncertainty table is = 5852/7770
2024-04-17 10:17 | INFO | Query 27 Size of the filtered table is = 78
2024-04-17 10:18 | INFO | Query 27 Active Learning Runtime on Validation Set: 298241.99000000005
2024-04-17 10:18 | INFO | Query 27 Active Learning Runtime on Test Set: 37319.82
2024-04-17 10:18 | INFO | Query 27 Active Learning Instance Cost: 790496.82
2024-04-17 10:18 | INFO | Timeout limit is increased to 1700
2024-04-17 10:18 | INFO | Query 28 Size of the uncertainty table is = 5852/7770
2024-04-17 10:18 | INFO | Query 28 Size of the filtered table is = 78
2024-04-17 10:18 | INFO | Query 28 Active Learning Runtime on Validation Set: 298241.99000000005
2024-04-17 10:18 | INFO | Query 28 Active Learning Runtime on Test Set: 37319.82
2024-04-17 10:18 | INFO | Query 28 Active Learning Instance Cost: 804796.82
2024-04-17 10:18 | INFO | Timeout limit is increased to 1800
2024-04-17 10:18 | INFO | Query 29 Size of the uncertainty table is = 5852/7770
2024-04-17 10:18 | INFO | Query 29 Size of the filtered table is = 78
2024-04-17 10:19 | INFO | Query 29 Active Learning Runtime on Validation Set: 298241.99000000005
2024-04-17 10:19 | INFO | Query 29 Active Learning Runtime on Test Set: 37319.82
2024-04-17 10:19 | INFO | Query 29 Active Learning Instance Cost: 819084.31
2024-04-17 10:19 | INFO | Timeout limit is increased to 1900
2024-04-17 10:19 | INFO | Query 30 Size of the uncertainty table is = 5850/7770
2024-04-17 10:19 | INFO | Query 30 Size of the filtered table is = 78
2024-04-17 10:19 | INFO | Query 30 Active Learning Runtime on Validation Set: 298241.99000000005
2024-04-17 10:19 | INFO | Query 30 Active Learning Runtime on Test Set: 37319.82
2024-04-17 10:19 | INFO | Query 30 Active Learning Instance Cost: 866584.31
2024-04-17 10:19 | INFO | Timeout limit is increased to 2000
2024-04-17 10:19 | INFO | Query 31 Size of the uncertainty table is = 5846/7770
2024-04-17 10:19 | INFO | Query 31 Size of the filtered table is = 78
2024-04-17 10:20 | INFO | Query 31 Active Learning Runtime on Validation Set: 298241.99000000005
2024-04-17 10:20 | INFO | Query 31 Active Learning Runtime on Test Set: 37319.82
2024-04-17 10:20 | INFO | Query 31 Active Learning Instance Cost: 882684.31
2024-04-17 10:20 | INFO | Timeout limit is increased to 2100
2024-04-17 10:20 | INFO | Query 32 Size of the uncertainty table is = 5846/7770
2024-04-17 10:20 | INFO | Query 32 Size of the filtered table is = 78
2024-04-17 10:20 | INFO | Query 32 Active Learning Runtime on Validation Set: 298241.99000000005
2024-04-17 10:20 | INFO | Query 32 Active Learning Runtime on Test Set: 37319.82
2024-04-17 10:20 | INFO | Query 32 Active Learning Instance Cost: 897743.22
2024-04-17 10:20 | INFO | Timeout limit is increased to 2200
2024-04-17 10:20 | INFO | Query 33 Size of the uncertainty table is = 5841/7770
2024-04-17 10:20 | INFO | Query 33 Size of the filtered table is = 78
2024-04-17 10:21 | INFO | Query 33 Active Learning Runtime on Validation Set: 83497.9
2024-04-17 10:21 | INFO | Query 33 Active Learning Runtime on Test Set: 37319.840000000004
2024-04-17 10:21 | INFO | Query 33 Active Learning Instance Cost: 925429.45
2024-04-17 10:21 | INFO | Query 34 Size of the uncertainty table is = 5833/7770
2024-04-17 10:21 | INFO | Query 34 Size of the filtered table is = 78
2024-04-17 10:21 | INFO | Query 34 Active Learning Runtime on Validation Set: 83497.9
2024-04-17 10:21 | INFO | Query 34 Active Learning Runtime on Test Set: 37319.79
2024-04-17 10:21 | INFO | Query 34 Active Learning Instance Cost: 950929.45
2024-04-17 10:21 | INFO | Timeout limit is increased to 2300
2024-04-17 10:21 | INFO | Query 35 Size of the uncertainty table is = 5829/7770
2024-04-17 10:21 | INFO | Query 35 Size of the filtered table is = 78
2024-04-17 10:22 | INFO | Query 35 Active Learning Runtime on Validation Set: 83497.9
2024-04-17 10:22 | INFO | Query 35 Active Learning Runtime on Test Set: 37319.79
2024-04-17 10:22 | INFO | Query 35 Active Learning Instance Cost: 966229.45
2024-04-17 10:22 | INFO | Timeout limit is increased to 2400
2024-04-17 10:22 | INFO | Query 36 Size of the uncertainty table is = 5829/7770
2024-04-17 10:22 | INFO | Query 36 Size of the filtered table is = 78
2024-04-17 10:22 | INFO | Query 36 Active Learning Runtime on Validation Set: 83497.9
2024-04-17 10:22 | INFO | Query 36 Active Learning Runtime on Test Set: 37319.79
2024-04-17 10:22 | INFO | Query 36 Active Learning Instance Cost: 980729.45
2024-04-17 10:22 | INFO | Timeout limit is increased to 2500
2024-04-17 10:22 | INFO | Query 37 Size of the uncertainty table is = 5829/7770
2024-04-17 10:22 | INFO | Query 37 Size of the filtered table is = 78
2024-04-17 10:23 | INFO | Query 37 Active Learning Runtime on Validation Set: 83497.9
2024-04-17 10:23 | INFO | Query 37 Active Learning Runtime on Test Set: 37319.79
2024-04-17 10:23 | INFO | Query 37 Active Learning Instance Cost: 995229.45
2024-04-17 10:23 | INFO | Timeout limit is increased to 2600
2024-04-17 10:23 | INFO | Query 38 Size of the uncertainty table is = 5829/7770
2024-04-17 10:23 | INFO | Query 38 Size of the filtered table is = 78
2024-04-17 10:23 | INFO | Query 38 Active Learning Runtime on Validation Set: 83497.9
2024-04-17 10:23 | INFO | Query 38 Active Learning Runtime on Test Set: 37319.79
2024-04-17 10:23 | INFO | Query 38 Active Learning Instance Cost: 1009729.45
2024-04-17 10:23 | INFO | Timeout limit is increased to 2700
2024-04-17 10:23 | INFO | Query 39 Size of the uncertainty table is = 5829/7770
2024-04-17 10:23 | INFO | Query 39 Size of the filtered table is = 78
2024-04-17 10:24 | INFO | Query 39 Active Learning Runtime on Validation Set: 83497.9
2024-04-17 10:24 | INFO | Query 39 Active Learning Runtime on Test Set: 37319.79
2024-04-17 10:24 | INFO | Query 39 Active Learning Instance Cost: 1024229.45
2024-04-17 10:24 | INFO | Timeout limit is increased to 2800
2024-04-17 10:24 | INFO | Query 40 Size of the uncertainty table is = 5829/7770
2024-04-17 10:24 | INFO | Query 40 Size of the filtered table is = 78
2024-04-17 10:24 | INFO | Query 40 Active Learning Runtime on Validation Set: 83497.9
2024-04-17 10:24 | INFO | Query 40 Active Learning Runtime on Test Set: 37319.79
2024-04-17 10:24 | INFO | Query 40 Active Learning Instance Cost: 1038729.45
2024-04-17 10:24 | INFO | Timeout limit is increased to 2900
2024-04-17 10:24 | INFO | Query 41 Size of the uncertainty table is = 5829/7770
2024-04-17 10:24 | INFO | Query 41 Size of the filtered table is = 78
2024-04-17 10:25 | INFO | Query 41 Active Learning Runtime on Validation Set: 83497.9
2024-04-17 10:25 | INFO | Query 41 Active Learning Runtime on Test Set: 37319.79
2024-04-17 10:25 | INFO | Query 41 Active Learning Instance Cost: 1053229.45
2024-04-17 10:25 | INFO | Timeout limit is increased to 3000
2024-04-17 10:25 | INFO | Query 42 Size of the uncertainty table is = 5829/7770
2024-04-17 10:25 | INFO | Query 42 Size of the filtered table is = 78
2024-04-17 10:25 | INFO | Query 42 Active Learning Runtime on Validation Set: 83497.9
2024-04-17 10:25 | INFO | Query 42 Active Learning Runtime on Test Set: 37319.79
2024-04-17 10:25 | INFO | Query 42 Active Learning Instance Cost: 1067729.45
2024-04-17 10:25 | INFO | Timeout limit is increased to 3100
2024-04-17 10:25 | INFO | Query 43 Size of the uncertainty table is = 5829/7770
2024-04-17 10:25 | INFO | Query 43 Size of the filtered table is = 78
2024-04-17 10:26 | INFO | Query 43 Active Learning Runtime on Validation Set: 83497.9
2024-04-17 10:26 | INFO | Query 43 Active Learning Runtime on Test Set: 37319.79
2024-04-17 10:26 | INFO | Query 43 Active Learning Instance Cost: 1082229.45
2024-04-17 10:26 | INFO | Timeout limit is increased to 3200
2024-04-17 10:26 | INFO | Query 44 Size of the uncertainty table is = 5829/7770
2024-04-17 10:26 | INFO | Query 44 Size of the filtered table is = 78
2024-04-17 10:26 | INFO | Query 44 Active Learning Runtime on Validation Set: 83497.9
2024-04-17 10:26 | INFO | Query 44 Active Learning Runtime on Test Set: 37319.79
2024-04-17 10:26 | INFO | Query 44 Active Learning Instance Cost: 1096729.45
2024-04-17 10:26 | INFO | Timeout limit is increased to 3300
2024-04-17 10:26 | INFO | Query 45 Size of the uncertainty table is = 5829/7770
2024-04-17 10:26 | INFO | Query 45 Size of the filtered table is = 78
2024-04-17 10:26 | INFO | Query 45 Active Learning Runtime on Validation Set: 83497.9
2024-04-17 10:26 | INFO | Query 45 Active Learning Runtime on Test Set: 37319.79
2024-04-17 10:26 | INFO | Query 45 Active Learning Instance Cost: 1111229.45
2024-04-17 10:26 | INFO | Timeout limit is increased to 3400
2024-04-17 10:26 | INFO | Query 46 Size of the uncertainty table is = 5829/7770
2024-04-17 10:26 | INFO | Query 46 Size of the filtered table is = 78
2024-04-17 10:27 | INFO | Query 46 Active Learning Runtime on Validation Set: 83497.9
2024-04-17 10:27 | INFO | Query 46 Active Learning Runtime on Test Set: 37319.79
2024-04-17 10:27 | INFO | Query 46 Active Learning Instance Cost: 1125729.45
2024-04-17 10:27 | INFO | Timeout limit is increased to 3500
2024-04-17 10:27 | INFO | Query 47 Size of the uncertainty table is = 5829/7770
2024-04-17 10:27 | INFO | Query 47 Size of the filtered table is = 78
2024-04-17 10:27 | INFO | Query 47 Active Learning Runtime on Validation Set: 83497.9
2024-04-17 10:27 | INFO | Query 47 Active Learning Runtime on Test Set: 37319.79
2024-04-17 10:27 | INFO | Query 47 Active Learning Instance Cost: 1140229.45
2024-04-17 10:27 | INFO | Timeout limit is increased to 3600
2024-04-17 10:27 | INFO | Query 48 Size of the uncertainty table is = 5829/7770
2024-04-17 10:27 | INFO | Query 48 Size of the filtered table is = 78
2024-04-17 10:28 | INFO | Query 48 Active Learning Runtime on Validation Set: 83497.9
2024-04-17 10:28 | INFO | Query 48 Active Learning Runtime on Test Set: 37319.79
2024-04-17 10:28 | INFO | Query 48 Active Learning Instance Cost: 1154729.45
2024-04-17 10:28 | INFO | Timeout limit is increased to 3600
2024-04-17 10:28 | INFO | Query 49 Size of the uncertainty table is = 5127/7770
2024-04-17 10:28 | INFO | Query 49 Size of the filtered table is = 78
2024-04-17 10:28 | INFO | Query 49 Active Learning Runtime on Validation Set: 9024.56
2024-04-17 10:28 | INFO | Query 49 Active Learning Runtime on Test Set: 37317.71
2024-04-17 10:28 | INFO | Query 49 Active Learning Instance Cost: 1260452.26
2024-04-17 10:28 | INFO | Query 50 Size of the uncertainty table is = 4842/7770
2024-04-17 10:28 | INFO | Query 50 Size of the filtered table is = 78
2024-04-17 10:29 | INFO | Query 50 Active Learning Runtime on Validation Set: 9073.07
2024-04-17 10:29 | INFO | Query 50 Active Learning Runtime on Test Set: 37317.76
2024-04-17 10:29 | INFO | Query 50 Active Learning Instance Cost: 1323979.98
2024-04-17 10:29 | INFO | Timeout limit is increased to 3600
2024-04-17 10:29 | INFO | Query 51 Size of the uncertainty table is = 4560/7770
2024-04-17 10:29 | INFO | Query 51 Size of the filtered table is = 78
2024-04-17 10:29 | INFO | Query 51 Active Learning Runtime on Validation Set: 9119.27
2024-04-17 10:29 | INFO | Query 51 Active Learning Runtime on Test Set: 37317.14
2024-04-17 10:29 | INFO | Query 51 Active Learning Instance Cost: 1349902.88
2024-04-17 10:29 | INFO | Timeout limit is increased to 3600
2024-04-17 10:29 | INFO | Query 52 Size of the uncertainty table is = 4261/7770
2024-04-17 10:29 | INFO | Query 52 Size of the filtered table is = 78
2024-04-17 10:30 | INFO | Query 52 Active Learning Runtime on Validation Set: 8901.38
2024-04-17 10:30 | INFO | Query 52 Active Learning Runtime on Test Set: 37307.55
2024-04-17 10:30 | INFO | Query 52 Active Learning Instance Cost: 1364214.44
2024-04-17 10:30 | INFO | Query 53 Size of the uncertainty table is = 3950/7770
2024-04-17 10:30 | INFO | Query 53 Size of the filtered table is = 78
2024-04-17 10:30 | INFO | Query 53 Active Learning Runtime on Validation Set: 8876.09
2024-04-17 10:30 | INFO | Query 53 Active Learning Runtime on Test Set: 37305.48
2024-04-17 10:30 | INFO | Query 53 Active Learning Instance Cost: 1406513.57
2024-04-17 10:30 | INFO | Query 54 Size of the uncertainty table is = 3630/7770
2024-04-17 10:30 | INFO | Query 54 Size of the filtered table is = 78
2024-04-17 10:31 | INFO | Query 54 Active Learning Runtime on Validation Set: 8952.67
2024-04-17 10:31 | INFO | Query 54 Active Learning Runtime on Test Set: 37304.950000000004
2024-04-17 10:31 | INFO | Query 54 Active Learning Instance Cost: 1427327.44
2024-04-17 10:31 | INFO | Timeout limit is increased to 3600
2024-04-17 10:31 | INFO | Query 55 Size of the uncertainty table is = 3360/7770
2024-04-17 10:31 | INFO | Query 55 Size of the filtered table is = 78
2024-04-17 10:31 | INFO | Query 55 Active Learning Runtime on Validation Set: 8851.69
2024-04-17 10:31 | INFO | Query 55 Active Learning Runtime on Test Set: 37305.020000000004
2024-04-17 10:31 | INFO | Query 55 Active Learning Instance Cost: 1474704.33
2024-04-17 10:31 | INFO | Query 56 Size of the uncertainty table is = 3055/7770
2024-04-17 10:31 | INFO | Query 56 Size of the filtered table is = 78
2024-04-17 10:32 | INFO | Query 56 Active Learning Runtime on Validation Set: 8905.5
2024-04-17 10:32 | INFO | Query 56 Active Learning Runtime on Test Set: 37305.03
2024-04-17 10:32 | INFO | Query 56 Active Learning Instance Cost: 1535847.97
2024-04-17 10:32 | INFO | Timeout limit is increased to 3600
2024-04-17 10:32 | INFO | Query 57 Size of the uncertainty table is = 2765/7770
2024-04-17 10:32 | INFO | Query 57 Size of the filtered table is = 78
2024-04-17 10:32 | INFO | Query 57 Active Learning Runtime on Validation Set: 8854.029999999999
2024-04-17 10:32 | INFO | Query 57 Active Learning Runtime on Test Set: 37306.86
2024-04-17 10:32 | INFO | Query 57 Active Learning Instance Cost: 1650816.31
2024-04-17 10:32 | INFO | Query 58 Size of the uncertainty table is = 2371/7770
2024-04-17 10:32 | INFO | Query 58 Size of the filtered table is = 78
2024-04-17 10:33 | INFO | Query 58 Active Learning Runtime on Validation Set: 8905.5
2024-04-17 10:33 | INFO | Query 58 Active Learning Runtime on Test Set: 37307.12
2024-04-17 10:33 | INFO | Query 58 Active Learning Instance Cost: 1715136.87
2024-04-17 10:33 | INFO | Timeout limit is increased to 3600
2024-04-17 10:33 | INFO | Query 59 Size of the uncertainty table is = 2054/7770
2024-04-17 10:33 | INFO | Query 59 Size of the filtered table is = 78
2024-04-17 10:33 | INFO | Query 59 Active Learning Runtime on Validation Set: 8846.109999999999
2024-04-17 10:33 | INFO | Query 59 Active Learning Runtime on Test Set: 37304.82
2024-04-17 10:33 | INFO | Query 59 Active Learning Instance Cost: 1817934.44
2024-04-17 10:33 | INFO | Query 60 Size of the uncertainty table is = 1781/7770
2024-04-17 10:33 | INFO | Query 60 Size of the filtered table is = 78
2024-04-17 10:34 | INFO | Query 60 Active Learning Runtime on Validation Set: 8851.71
2024-04-17 10:34 | INFO | Query 60 Active Learning Runtime on Test Set: 37304.82
2024-04-17 10:34 | INFO | Query 60 Active Learning Instance Cost: 1873753.62
2024-04-17 10:34 | INFO | Timeout limit is increased to 3600
2024-04-17 10:34 | INFO | Query 61 Size of the uncertainty table is = 1393/7770
2024-04-17 10:34 | INFO | Query 61 Size of the filtered table is = 78
2024-04-17 10:34 | INFO | Query 61 Active Learning Runtime on Validation Set: 8851.69
2024-04-17 10:34 | INFO | Query 61 Active Learning Runtime on Test Set: 37269.32
2024-04-17 10:34 | INFO | Query 61 Active Learning Instance Cost: 2067410.67
2024-04-17 10:34 | INFO | Query 62 Size of the uncertainty table is = 1035/7770
2024-04-17 10:34 | INFO | Query 62 Size of the filtered table is = 78
2024-04-17 10:35 | INFO | Query 62 Active Learning Runtime on Validation Set: 8960.59
2024-04-17 10:35 | INFO | Query 62 Active Learning Runtime on Test Set: 37269.590000000004
2024-04-17 10:35 | INFO | Query 62 Active Learning Instance Cost: 2118786.08
2024-04-17 10:35 | INFO | Timeout limit is increased to 3600
2024-04-17 10:35 | INFO | Query 63 Size of the uncertainty table is = 818/7770
2024-04-17 10:35 | INFO | Query 63 Size of the filtered table is = 78
2024-04-17 10:36 | INFO | Query 63 Active Learning Runtime on Validation Set: 8962.93
2024-04-17 10:36 | INFO | Query 63 Active Learning Runtime on Test Set: 37269.340000000004
2024-04-17 10:36 | INFO | Query 63 Active Learning Instance Cost: 2177418.9
2024-04-17 10:36 | INFO | Timeout limit is increased to 3600
2024-04-17 10:36 | INFO | Query 64 Size of the uncertainty table is = 524/7770
2024-04-17 10:36 | INFO | Query 64 Size of the filtered table is = 78
2024-04-17 10:36 | INFO | Query 64 Active Learning Runtime on Validation Set: 8977.91
2024-04-17 10:36 | INFO | Query 64 Active Learning Runtime on Test Set: 37305.060000000005
2024-04-17 10:36 | INFO | Query 64 Active Learning Instance Cost: 2229834.44
2024-04-17 10:36 | INFO | Timeout limit is increased to 3600
2024-04-17 10:36 | INFO | Query 65 Size of the uncertainty table is = 255/7770
2024-04-17 10:36 | INFO | Query 65 Size of the filtered table is = 78
2024-04-17 10:37 | INFO | Query 65 Active Learning Runtime on Validation Set: 8977.91
2024-04-17 10:37 | INFO | Query 65 Active Learning Runtime on Test Set: 37305.060000000005
2024-04-17 10:37 | INFO | Query 65 Active Learning Instance Cost: 2362160.18
2024-04-17 10:37 | INFO | Timeout limit is increased to 3600
2024-04-17 10:37 | INFO | runtime_test_score is written as json file
2024-04-17 10:37 | INFO | runtime_validation_score is written as json file
2024-04-17 10:37 | INFO | instance_cost is written as json file
2024-04-17 10:37 | INFO | Experiment is finished
