2024-04-17 10:41 | INFO | Paramaters are: {'dataset': 'QBF-2011', 'penalty': 10, 'weight': 'No_Weight', 'voting': 'Hard', 'pre_selection_size': 64, 'pre_selection_technique': 'No_pre_selection', 'feature_elimination_threshold': 20, 'imputer_strategy': 'median', 'feature_selection_technique': 'No_feature_selection', 'feature_scaling_technique': 'StandardScaler', 'initial_train_size': 20, 'query_size': 1, 'timeout_predictor_usage': 'Yes', 'timeout_limit': 100, 'timeout_increase_rate': 100, 'RANDOM_STATE_SEED': 99, 'n_splits': 10, 'split_number': 4, 'max_timeout': 3600, 'param_grid': {'n_estimators': 100, 'criterion': 'gini', 'max_features': 'sqrt', 'max_depth': 2147483648, 'min_samples_split': 2, 'bootstrap': True}}
2024-04-17 10:41 | INFO | QBF-2011 is current dataset
2024-04-17 10:41 | INFO | DATASETS/QBF-2011/algorithm_runs.csv is found
2024-04-17 10:41 | INFO | DATASETS/QBF-2011/algorithm_runs.csv is finished
2024-04-17 10:41 | INFO | DATASETS/QBF-2011/feature_values.csv is found
2024-04-17 10:41 | INFO | DATASETS/QBF-2011/feature_values.csv is finished
2024-04-17 10:41 | INFO | Virtual best solver time in train = 79471.15
2024-04-17 10:41 | INFO | Single best solver list train = {'2clsQ': 13590973.86, 'QuBE': 10402786.77, 'quantor': 18129908.33, 'sKizzo': 6471982.12, 'sSolve': 8619230.47}
2024-04-17 10:41 | INFO | Single best solver time train = sKizzo (6471982.12)
2024-04-17 10:41 | INFO | Virtual best solver time in validation = 18494.96
2024-04-17 10:41 | INFO | Single best solver list validation = {'2clsQ': 3154297.46, 'QuBE': 2098383.3, 'quantor': 3783925.09, 'sKizzo': 2290224.32, 'sSolve': 2901973.42}
2024-04-17 10:41 | INFO | Single best solver time validation = QuBE (2098383.3)
2024-04-17 10:41 | INFO | Virtual best solver time in test = 3185.8
2024-04-17 10:41 | INFO | Single best solver list test = {'2clsQ': 1888477.1, 'QuBE': 1418937.14, 'quantor': 2127909.18, 'sKizzo': 905467.16, 'sSolve': 1118981.41}
2024-04-17 10:41 | INFO | Single best solver time test = sKizzo (905467.16)
2024-04-17 10:42 | INFO | Passive Learning Runtime on Validation Set: 955849.5
2024-04-17 10:42 | INFO | Passive Learning Runtime on Test Set: 192522.34
2024-04-17 10:42 | INFO | Passive Learning Instance Cost: 6184881.55
2024-04-17 10:42 | INFO | Initial Active Learning Runtime on Validation Set: 1384918.92
2024-04-17 10:42 | INFO | Initial Active Learning Runtime on Test Set: 700251.18
2024-04-17 10:42 | INFO | Initial Active Learning Instance Cost: 5639.17
2024-04-17 10:42 | INFO | Bin size = 74
2024-04-17 10:42 | INFO | Query 1 Size of the uncertainty table is = 7458/7390
2024-04-17 10:42 | INFO | Query 1 Size of the filtered table is = 74
2024-04-17 10:42 | INFO | Query 1 Active Learning Runtime on Validation Set: 1382861.06
2024-04-17 10:42 | INFO | Query 1 Active Learning Runtime on Test Set: 591810.48
2024-04-17 10:42 | INFO | Query 1 Active Learning Instance Cost: 15205.89
2024-04-17 10:42 | INFO | Query 2 Size of the uncertainty table is = 7407/7390
2024-04-17 10:42 | INFO | Query 2 Size of the filtered table is = 74
2024-04-17 10:43 | INFO | Query 2 Active Learning Runtime on Validation Set: 1452246.95
2024-04-17 10:43 | INFO | Query 2 Active Learning Runtime on Test Set: 590019.88
2024-04-17 10:43 | INFO | Query 2 Active Learning Instance Cost: 20113.86
2024-04-17 10:43 | INFO | Timeout limit is increased to 200
2024-04-17 10:43 | INFO | Query 3 Size of the uncertainty table is = 7318/7390
2024-04-17 10:43 | INFO | Query 3 Size of the filtered table is = 74
2024-04-17 10:43 | INFO | Query 3 Active Learning Runtime on Validation Set: 991799.08
2024-04-17 10:43 | INFO | Query 3 Active Learning Runtime on Test Set: 521469.8
2024-04-17 10:43 | INFO | Query 3 Active Learning Instance Cost: 34269.88
2024-04-17 10:43 | INFO | Query 4 Size of the uncertainty table is = 7223/7390
2024-04-17 10:43 | INFO | Query 4 Size of the filtered table is = 74
2024-04-17 10:44 | INFO | Query 4 Active Learning Runtime on Validation Set: 1167863.39
2024-04-17 10:44 | INFO | Query 4 Active Learning Runtime on Test Set: 518960.6
2024-04-17 10:44 | INFO | Query 4 Active Learning Instance Cost: 49572.29
2024-04-17 10:44 | INFO | Timeout limit is increased to 300
2024-04-17 10:44 | INFO | Query 5 Size of the uncertainty table is = 7141/7390
2024-04-17 10:44 | INFO | Query 5 Size of the filtered table is = 74
2024-04-17 10:44 | INFO | Query 5 Active Learning Runtime on Validation Set: 1100197.22
2024-04-17 10:44 | INFO | Query 5 Active Learning Runtime on Test Set: 413432.45
2024-04-17 10:44 | INFO | Query 5 Active Learning Instance Cost: 71749.91
2024-04-17 10:44 | INFO | Query 6 Size of the uncertainty table is = 7042/7390
2024-04-17 10:44 | INFO | Query 6 Size of the filtered table is = 74
2024-04-17 10:45 | INFO | Query 6 Active Learning Runtime on Validation Set: 1490820.72
2024-04-17 10:45 | INFO | Query 6 Active Learning Runtime on Test Set: 305366.07
2024-04-17 10:45 | INFO | Query 6 Active Learning Instance Cost: 94375.96
2024-04-17 10:45 | INFO | Timeout limit is increased to 400
2024-04-17 10:45 | INFO | Query 7 Size of the uncertainty table is = 6958/7390
2024-04-17 10:45 | INFO | Query 7 Size of the filtered table is = 74
2024-04-17 10:45 | INFO | Query 7 Active Learning Runtime on Validation Set: 1027756.24
2024-04-17 10:45 | INFO | Query 7 Active Learning Runtime on Test Set: 342479.55
2024-04-17 10:45 | INFO | Query 7 Active Learning Instance Cost: 121873.72
2024-04-17 10:45 | INFO | Query 8 Size of the uncertainty table is = 6877/7390
2024-04-17 10:45 | INFO | Query 8 Size of the filtered table is = 74
2024-04-17 10:46 | INFO | Query 8 Active Learning Runtime on Validation Set: 1277008.9
2024-04-17 10:46 | INFO | Query 8 Active Learning Runtime on Test Set: 377168.31
2024-04-17 10:46 | INFO | Query 8 Active Learning Instance Cost: 150752.94
2024-04-17 10:46 | INFO | Timeout limit is increased to 500
2024-04-17 10:46 | INFO | Query 9 Size of the uncertainty table is = 6786/7390
2024-04-17 10:46 | INFO | Query 9 Size of the filtered table is = 74
2024-04-17 10:46 | INFO | Query 9 Active Learning Runtime on Validation Set: 1063760.27
2024-04-17 10:46 | INFO | Query 9 Active Learning Runtime on Test Set: 413098.47
2024-04-17 10:46 | INFO | Query 9 Active Learning Instance Cost: 179823.75
2024-04-17 10:46 | INFO | Query 10 Size of the uncertainty table is = 6681/7390
2024-04-17 10:46 | INFO | Query 10 Size of the filtered table is = 74
2024-04-17 10:47 | INFO | Query 10 Active Learning Runtime on Validation Set: 1313022.89
2024-04-17 10:47 | INFO | Query 10 Active Learning Runtime on Test Set: 448834.93
2024-04-17 10:47 | INFO | Query 10 Active Learning Instance Cost: 207670.03
2024-04-17 10:47 | INFO | Timeout limit is increased to 600
2024-04-17 10:47 | INFO | Query 11 Size of the uncertainty table is = 6581/7390
2024-04-17 10:47 | INFO | Query 11 Size of the filtered table is = 74
2024-04-17 10:47 | INFO | Query 11 Active Learning Runtime on Validation Set: 1418332.57
2024-04-17 10:47 | INFO | Query 11 Active Learning Runtime on Test Set: 484829.33
2024-04-17 10:47 | INFO | Query 11 Active Learning Instance Cost: 252532.05
2024-04-17 10:47 | INFO | Timeout limit is increased to 700
2024-04-17 10:47 | INFO | Query 12 Size of the uncertainty table is = 6445/7390
2024-04-17 10:47 | INFO | Query 12 Size of the filtered table is = 74
2024-04-17 10:48 | INFO | Query 12 Active Learning Runtime on Validation Set: 1420258.97
2024-04-17 10:48 | INFO | Query 12 Active Learning Runtime on Test Set: 413076.92
2024-04-17 10:48 | INFO | Query 12 Active Learning Instance Cost: 305616.41
2024-04-17 10:48 | INFO | Timeout limit is increased to 800
2024-04-17 10:48 | INFO | Query 13 Size of the uncertainty table is = 6325/7390
2024-04-17 10:48 | INFO | Query 13 Size of the filtered table is = 74
2024-04-17 10:48 | INFO | Query 13 Active Learning Runtime on Validation Set: 1381871.74
2024-04-17 10:48 | INFO | Query 13 Active Learning Runtime on Test Set: 413075.44
2024-04-17 10:48 | INFO | Query 13 Active Learning Instance Cost: 361213.82
2024-04-17 10:48 | INFO | Query 14 Size of the uncertainty table is = 6226/7390
2024-04-17 10:48 | INFO | Query 14 Size of the filtered table is = 74
2024-04-17 10:49 | INFO | Query 14 Active Learning Runtime on Validation Set: 1384571.42
2024-04-17 10:49 | INFO | Query 14 Active Learning Runtime on Test Set: 409794.97
2024-04-17 10:49 | INFO | Query 14 Active Learning Instance Cost: 415648.03
2024-04-17 10:49 | INFO | Timeout limit is increased to 900
2024-04-17 10:49 | INFO | Query 15 Size of the uncertainty table is = 6129/7390
2024-04-17 10:49 | INFO | Query 15 Size of the filtered table is = 74
2024-04-17 10:49 | INFO | Query 15 Active Learning Runtime on Validation Set: 1277039.44
2024-04-17 10:49 | INFO | Query 15 Active Learning Runtime on Test Set: 413075.16
2024-04-17 10:49 | INFO | Query 15 Active Learning Instance Cost: 478781.75
2024-04-17 10:49 | INFO | Query 16 Size of the uncertainty table is = 6037/7390
2024-04-17 10:49 | INFO | Query 16 Size of the filtered table is = 74
2024-04-17 10:50 | INFO | Query 16 Active Learning Runtime on Validation Set: 1241055.97
2024-04-17 10:50 | INFO | Query 16 Active Learning Runtime on Test Set: 305188.31
2024-04-17 10:50 | INFO | Query 16 Active Learning Instance Cost: 526623.54
2024-04-17 10:50 | INFO | Query 17 Size of the uncertainty table is = 5956/7390
2024-04-17 10:50 | INFO | Query 17 Size of the filtered table is = 74
2024-04-17 10:50 | INFO | Query 17 Active Learning Runtime on Validation Set: 1384831.25
2024-04-17 10:50 | INFO | Query 17 Active Learning Runtime on Test Set: 341157.77
2024-04-17 10:50 | INFO | Query 17 Active Learning Instance Cost: 577572.59
2024-04-17 10:50 | INFO | Timeout limit is increased to 1000
2024-04-17 10:50 | INFO | Query 18 Size of the uncertainty table is = 5836/7390
2024-04-17 10:50 | INFO | Query 18 Size of the filtered table is = 74
2024-04-17 10:51 | INFO | Query 18 Active Learning Runtime on Validation Set: 1313034.37
2024-04-17 10:51 | INFO | Query 18 Active Learning Runtime on Test Set: 413169.58
2024-04-17 10:51 | INFO | Query 18 Active Learning Instance Cost: 624347.74
2024-04-17 10:51 | INFO | Query 19 Size of the uncertainty table is = 5699/7390
2024-04-17 10:51 | INFO | Query 19 Size of the filtered table is = 74
2024-04-17 10:51 | INFO | Query 19 Active Learning Runtime on Validation Set: 1313030.55
2024-04-17 10:51 | INFO | Query 19 Active Learning Runtime on Test Set: 341176.51
2024-04-17 10:51 | INFO | Query 19 Active Learning Instance Cost: 667803.41
2024-04-17 10:51 | INFO | Query 20 Size of the uncertainty table is = 5649/7390
2024-04-17 10:51 | INFO | Query 20 Size of the filtered table is = 74
2024-04-17 10:51 | INFO | Query 20 Active Learning Runtime on Validation Set: 1313032.99
2024-04-17 10:51 | INFO | Query 20 Active Learning Runtime on Test Set: 341083.4
2024-04-17 10:51 | INFO | Query 20 Active Learning Instance Cost: 717008.99
2024-04-17 10:51 | INFO | Timeout limit is increased to 1100
2024-04-17 10:51 | INFO | Query 21 Size of the uncertainty table is = 5561/7390
2024-04-17 10:51 | INFO | Query 21 Size of the filtered table is = 74
2024-04-17 10:52 | INFO | Query 21 Active Learning Runtime on Validation Set: 1313029.99
2024-04-17 10:52 | INFO | Query 21 Active Learning Runtime on Test Set: 305178.57
2024-04-17 10:52 | INFO | Query 21 Active Learning Instance Cost: 767949.5
2024-04-17 10:52 | INFO | Query 22 Size of the uncertainty table is = 5451/7390
2024-04-17 10:52 | INFO | Query 22 Size of the filtered table is = 74
2024-04-17 10:52 | INFO | Query 22 Active Learning Runtime on Validation Set: 1277030.56
2024-04-17 10:52 | INFO | Query 22 Active Learning Runtime on Test Set: 305178.57
2024-04-17 10:52 | INFO | Query 22 Active Learning Instance Cost: 809540.67
2024-04-17 10:52 | INFO | Query 23 Size of the uncertainty table is = 5422/7390
2024-04-17 10:52 | INFO | Query 23 Size of the filtered table is = 74
2024-04-17 10:53 | INFO | Query 23 Active Learning Runtime on Validation Set: 1313024.8
2024-04-17 10:53 | INFO | Query 23 Active Learning Runtime on Test Set: 305177.55
2024-04-17 10:53 | INFO | Query 23 Active Learning Instance Cost: 847049.08
2024-04-17 10:53 | INFO | Timeout limit is increased to 1200
2024-04-17 10:53 | INFO | Query 24 Size of the uncertainty table is = 5374/7390
2024-04-17 10:53 | INFO | Query 24 Size of the filtered table is = 74
2024-04-17 10:53 | INFO | Query 24 Active Learning Runtime on Validation Set: 1313024.8
2024-04-17 10:53 | INFO | Query 24 Active Learning Runtime on Test Set: 305083.66
2024-04-17 10:53 | INFO | Query 24 Active Learning Instance Cost: 906429.77
2024-04-17 10:53 | INFO | Timeout limit is increased to 1300
2024-04-17 10:53 | INFO | Query 25 Size of the uncertainty table is = 5251/7390
2024-04-17 10:53 | INFO | Query 25 Size of the filtered table is = 74
2024-04-17 10:54 | INFO | Query 25 Active Learning Runtime on Validation Set: 1313024.8
2024-04-17 10:54 | INFO | Query 25 Active Learning Runtime on Test Set: 305083.66
2024-04-17 10:54 | INFO | Query 25 Active Learning Instance Cost: 987376.07
2024-04-17 10:54 | INFO | Timeout limit is increased to 1400
2024-04-17 10:54 | INFO | Query 26 Size of the uncertainty table is = 5231/7390
2024-04-17 10:54 | INFO | Query 26 Size of the filtered table is = 74
2024-04-17 10:54 | INFO | Query 26 Active Learning Runtime on Validation Set: 1313024.97
2024-04-17 10:54 | INFO | Query 26 Active Learning Runtime on Test Set: 305157.36
2024-04-17 10:54 | INFO | Query 26 Active Learning Instance Cost: 1050014.92
2024-04-17 10:54 | INFO | Timeout limit is increased to 1500
2024-04-17 10:54 | INFO | Query 27 Size of the uncertainty table is = 5206/7390
2024-04-17 10:54 | INFO | Query 27 Size of the filtered table is = 74
2024-04-17 10:55 | INFO | Query 27 Active Learning Runtime on Validation Set: 1313024.97
2024-04-17 10:55 | INFO | Query 27 Active Learning Runtime on Test Set: 305157.36
2024-04-17 10:55 | INFO | Query 27 Active Learning Instance Cost: 1096714.92
2024-04-17 10:55 | INFO | Timeout limit is increased to 1600
2024-04-17 10:55 | INFO | Query 28 Size of the uncertainty table is = 5204/7390
2024-04-17 10:55 | INFO | Query 28 Size of the filtered table is = 74
2024-04-17 10:56 | INFO | Query 28 Active Learning Runtime on Validation Set: 1313024.8
2024-04-17 10:56 | INFO | Query 28 Active Learning Runtime on Test Set: 305157.37
2024-04-17 10:56 | INFO | Query 28 Active Learning Instance Cost: 1144759.01
2024-04-17 10:56 | INFO | Query 29 Size of the uncertainty table is = 5179/7390
2024-04-17 10:56 | INFO | Query 29 Size of the filtered table is = 74
2024-04-17 10:56 | INFO | Query 29 Active Learning Runtime on Validation Set: 1313024.8
2024-04-17 10:56 | INFO | Query 29 Active Learning Runtime on Test Set: 305157.37
2024-04-17 10:56 | INFO | Query 29 Active Learning Instance Cost: 1166942.75
2024-04-17 10:56 | INFO | Timeout limit is increased to 1700
2024-04-17 10:56 | INFO | Query 30 Size of the uncertainty table is = 5178/7390
2024-04-17 10:56 | INFO | Query 30 Size of the filtered table is = 74
2024-04-17 10:57 | INFO | Query 30 Active Learning Runtime on Validation Set: 1313413.08
2024-04-17 10:57 | INFO | Query 30 Active Learning Runtime on Test Set: 305157.45
2024-04-17 10:57 | INFO | Query 30 Active Learning Instance Cost: 1271317.75
2024-04-17 10:57 | INFO | Timeout limit is increased to 1800
2024-04-17 10:57 | INFO | Query 31 Size of the uncertainty table is = 5127/7390
2024-04-17 10:57 | INFO | Query 31 Size of the filtered table is = 74
2024-04-17 10:57 | INFO | Query 31 Active Learning Runtime on Validation Set: 1313413.08
2024-04-17 10:57 | INFO | Query 31 Active Learning Runtime on Test Set: 305157.45
2024-04-17 10:57 | INFO | Query 31 Active Learning Instance Cost: 1304118.65
2024-04-17 10:57 | INFO | Timeout limit is increased to 1900
2024-04-17 10:57 | INFO | Query 32 Size of the uncertainty table is = 5119/7390
2024-04-17 10:57 | INFO | Query 32 Size of the filtered table is = 74
2024-04-17 10:58 | INFO | Query 32 Active Learning Runtime on Validation Set: 1313024.03
2024-04-17 10:58 | INFO | Query 32 Active Learning Runtime on Test Set: 305157.36
2024-04-17 10:58 | INFO | Query 32 Active Learning Instance Cost: 1345239.9
2024-04-17 10:58 | INFO | Query 33 Size of the uncertainty table is = 5112/7390
2024-04-17 10:58 | INFO | Query 33 Size of the filtered table is = 74
2024-04-17 10:58 | INFO | Query 33 Active Learning Runtime on Validation Set: 1313024.03
2024-04-17 10:58 | INFO | Query 33 Active Learning Runtime on Test Set: 305157.36
2024-04-17 10:58 | INFO | Query 33 Active Learning Instance Cost: 1365039.9
2024-04-17 10:58 | INFO | Timeout limit is increased to 2000
2024-04-17 10:58 | INFO | Query 34 Size of the uncertainty table is = 5112/7390
2024-04-17 10:58 | INFO | Query 34 Size of the filtered table is = 74
2024-04-17 10:59 | INFO | Query 34 Active Learning Runtime on Validation Set: 1277129.42
2024-04-17 10:59 | INFO | Query 34 Active Learning Runtime on Test Set: 269165.22
2024-04-17 10:59 | INFO | Query 34 Active Learning Instance Cost: 1453710.16
2024-04-17 10:59 | INFO | Query 35 Size of the uncertainty table is = 5082/7390
2024-04-17 10:59 | INFO | Query 35 Size of the filtered table is = 74
2024-04-17 10:59 | INFO | Query 35 Active Learning Runtime on Validation Set: 1277129.42
2024-04-17 10:59 | INFO | Query 35 Active Learning Runtime on Test Set: 269165.22
2024-04-17 10:59 | INFO | Query 35 Active Learning Instance Cost: 1477691.15
2024-04-17 10:59 | INFO | Timeout limit is increased to 2100
2024-04-17 10:59 | INFO | Query 36 Size of the uncertainty table is = 5078/7390
2024-04-17 10:59 | INFO | Query 36 Size of the filtered table is = 74
2024-04-17 11:00 | INFO | Query 36 Active Learning Runtime on Validation Set: 1313024.03
2024-04-17 11:00 | INFO | Query 36 Active Learning Runtime on Test Set: 269090.44
2024-04-17 11:00 | INFO | Query 36 Active Learning Instance Cost: 1530600.65
2024-04-17 11:00 | INFO | Timeout limit is increased to 2200
2024-04-17 11:00 | INFO | Query 37 Size of the uncertainty table is = 5037/7390
2024-04-17 11:00 | INFO | Query 37 Size of the filtered table is = 74
2024-04-17 11:00 | INFO | Query 37 Active Learning Runtime on Validation Set: 1313028.67
2024-04-17 11:00 | INFO | Query 37 Active Learning Runtime on Test Set: 234186.11
2024-04-17 11:00 | INFO | Query 37 Active Learning Instance Cost: 1569923.48
2024-04-17 11:00 | INFO | Timeout limit is increased to 2300
2024-04-17 11:00 | INFO | Query 38 Size of the uncertainty table is = 5034/7390
2024-04-17 11:00 | INFO | Query 38 Size of the filtered table is = 74
2024-04-17 11:01 | INFO | Query 38 Active Learning Runtime on Validation Set: 1313028.67
2024-04-17 11:01 | INFO | Query 38 Active Learning Runtime on Test Set: 234186.11
2024-04-17 11:01 | INFO | Query 38 Active Learning Instance Cost: 1623388.54
2024-04-17 11:01 | INFO | Timeout limit is increased to 2400
2024-04-17 11:01 | INFO | Query 39 Size of the uncertainty table is = 5027/7390
2024-04-17 11:01 | INFO | Query 39 Size of the filtered table is = 74
2024-04-17 11:01 | INFO | Query 39 Active Learning Runtime on Validation Set: 1313028.67
2024-04-17 11:01 | INFO | Query 39 Active Learning Runtime on Test Set: 234186.11
2024-04-17 11:01 | INFO | Query 39 Active Learning Instance Cost: 1690694.96
2024-04-17 11:01 | INFO | Timeout limit is increased to 2500
2024-04-17 11:01 | INFO | Query 40 Size of the uncertainty table is = 5026/7390
2024-04-17 11:01 | INFO | Query 40 Size of the filtered table is = 74
2024-04-17 11:02 | INFO | Query 40 Active Learning Runtime on Validation Set: 1313028.67
2024-04-17 11:02 | INFO | Query 40 Active Learning Runtime on Test Set: 234186.11
2024-04-17 11:02 | INFO | Query 40 Active Learning Instance Cost: 1728494.96
2024-04-17 11:02 | INFO | Timeout limit is increased to 2600
2024-04-17 11:02 | INFO | Query 41 Size of the uncertainty table is = 5026/7390
2024-04-17 11:02 | INFO | Query 41 Size of the filtered table is = 74
2024-04-17 11:02 | INFO | Query 41 Active Learning Runtime on Validation Set: 1313028.67
2024-04-17 11:02 | INFO | Query 41 Active Learning Runtime on Test Set: 234186.11
2024-04-17 11:02 | INFO | Query 41 Active Learning Instance Cost: 1755794.96
2024-04-17 11:02 | INFO | Timeout limit is increased to 2700
2024-04-17 11:02 | INFO | Query 42 Size of the uncertainty table is = 5026/7390
2024-04-17 11:02 | INFO | Query 42 Size of the filtered table is = 74
2024-04-17 11:02 | INFO | Query 42 Active Learning Runtime on Validation Set: 1313028.67
2024-04-17 11:02 | INFO | Query 42 Active Learning Runtime on Test Set: 234279.99
2024-04-17 11:02 | INFO | Query 42 Active Learning Instance Cost: 1783051.83
2024-04-17 11:02 | INFO | Timeout limit is increased to 2800
2024-04-17 11:03 | INFO | Query 43 Size of the uncertainty table is = 5025/7390
2024-04-17 11:03 | INFO | Query 43 Size of the filtered table is = 74
2024-04-17 11:03 | INFO | Query 43 Active Learning Runtime on Validation Set: 1313028.67
2024-04-17 11:03 | INFO | Query 43 Active Learning Runtime on Test Set: 234279.99
2024-04-17 11:03 | INFO | Query 43 Active Learning Instance Cost: 1825451.83
2024-04-17 11:03 | INFO | Timeout limit is increased to 2900
2024-04-17 11:03 | INFO | Query 44 Size of the uncertainty table is = 5025/7390
2024-04-17 11:03 | INFO | Query 44 Size of the filtered table is = 74
2024-04-17 11:03 | INFO | Query 44 Active Learning Runtime on Validation Set: 1313028.67
2024-04-17 11:03 | INFO | Query 44 Active Learning Runtime on Test Set: 234279.99
2024-04-17 11:03 | INFO | Query 44 Active Learning Instance Cost: 1867151.83
2024-04-17 11:03 | INFO | Timeout limit is increased to 3000
2024-04-17 11:03 | INFO | Query 45 Size of the uncertainty table is = 5022/7390
2024-04-17 11:03 | INFO | Query 45 Size of the filtered table is = 74
2024-04-17 11:04 | INFO | Query 45 Active Learning Runtime on Validation Set: 1313028.67
2024-04-17 11:04 | INFO | Query 45 Active Learning Runtime on Test Set: 234279.99
2024-04-17 11:04 | INFO | Query 45 Active Learning Instance Cost: 1929751.83
2024-04-17 11:04 | INFO | Timeout limit is increased to 3100
2024-04-17 11:04 | INFO | Query 46 Size of the uncertainty table is = 5022/7390
2024-04-17 11:04 | INFO | Query 46 Size of the filtered table is = 74
2024-04-17 11:04 | INFO | Query 46 Active Learning Runtime on Validation Set: 1313028.67
2024-04-17 11:04 | INFO | Query 46 Active Learning Runtime on Test Set: 234279.99
2024-04-17 11:04 | INFO | Query 46 Active Learning Instance Cost: 1964951.83
2024-04-17 11:04 | INFO | Timeout limit is increased to 3200
2024-04-17 11:04 | INFO | Query 47 Size of the uncertainty table is = 5022/7390
2024-04-17 11:04 | INFO | Query 47 Size of the filtered table is = 74
2024-04-17 11:05 | INFO | Query 47 Active Learning Runtime on Validation Set: 1313028.67
2024-04-17 11:05 | INFO | Query 47 Active Learning Runtime on Test Set: 234279.99
2024-04-17 11:05 | INFO | Query 47 Active Learning Instance Cost: 1999651.83
2024-04-17 11:05 | INFO | Timeout limit is increased to 3300
2024-04-17 11:05 | INFO | Query 48 Size of the uncertainty table is = 5022/7390
2024-04-17 11:05 | INFO | Query 48 Size of the filtered table is = 74
2024-04-17 11:05 | INFO | Query 48 Active Learning Runtime on Validation Set: 1313028.67
2024-04-17 11:05 | INFO | Query 48 Active Learning Runtime on Test Set: 234279.99
2024-04-17 11:05 | INFO | Query 48 Active Learning Instance Cost: 2027251.83
2024-04-17 11:05 | INFO | Timeout limit is increased to 3400
2024-04-17 11:05 | INFO | Query 49 Size of the uncertainty table is = 5022/7390
2024-04-17 11:05 | INFO | Query 49 Size of the filtered table is = 74
2024-04-17 11:06 | INFO | Query 49 Active Learning Runtime on Validation Set: 1313028.67
2024-04-17 11:06 | INFO | Query 49 Active Learning Runtime on Test Set: 234279.99
2024-04-17 11:06 | INFO | Query 49 Active Learning Instance Cost: 2062451.83
2024-04-17 11:06 | INFO | Timeout limit is increased to 3500
2024-04-17 11:06 | INFO | Query 50 Size of the uncertainty table is = 5022/7390
2024-04-17 11:06 | INFO | Query 50 Size of the filtered table is = 74
2024-04-17 11:06 | INFO | Query 50 Active Learning Runtime on Validation Set: 1313041.51
2024-04-17 11:06 | INFO | Query 50 Active Learning Runtime on Test Set: 234281.9
2024-04-17 11:06 | INFO | Query 50 Active Learning Instance Cost: 2090342.4
2024-04-17 11:06 | INFO | Timeout limit is increased to 3600
2024-04-17 11:06 | INFO | Query 51 Size of the uncertainty table is = 5016/7390
2024-04-17 11:06 | INFO | Query 51 Size of the filtered table is = 74
2024-04-17 11:07 | INFO | Query 51 Active Learning Runtime on Validation Set: 1313041.51
2024-04-17 11:07 | INFO | Query 51 Active Learning Runtime on Test Set: 234281.9
2024-04-17 11:07 | INFO | Query 51 Active Learning Instance Cost: 2130642.4
2024-04-17 11:07 | INFO | Timeout limit is increased to 3600
2024-04-17 11:07 | INFO | Query 52 Size of the uncertainty table is = 3936/7390
2024-04-17 11:07 | INFO | Query 52 Size of the filtered table is = 74
2024-04-17 11:07 | INFO | Query 52 Active Learning Runtime on Validation Set: 1277137.05
2024-04-17 11:07 | INFO | Query 52 Active Learning Runtime on Test Set: 235194.16
2024-04-17 11:07 | INFO | Query 52 Active Learning Instance Cost: 2374552.19
2024-04-17 11:07 | INFO | Query 53 Size of the uncertainty table is = 3762/7390
2024-04-17 11:07 | INFO | Query 53 Size of the filtered table is = 74
2024-04-17 11:08 | INFO | Query 53 Active Learning Runtime on Validation Set: 1277137.3
2024-04-17 11:08 | INFO | Query 53 Active Learning Runtime on Test Set: 231191.71
2024-04-17 11:08 | INFO | Query 53 Active Learning Instance Cost: 2693440.02
2024-04-17 11:08 | INFO | Timeout limit is increased to 3600
2024-04-17 11:08 | INFO | Query 54 Size of the uncertainty table is = 3544/7390
2024-04-17 11:08 | INFO | Query 54 Size of the filtered table is = 74
2024-04-17 11:08 | INFO | Query 54 Active Learning Runtime on Validation Set: 1277133.27
2024-04-17 11:08 | INFO | Query 54 Active Learning Runtime on Test Set: 264080.61
2024-04-17 11:08 | INFO | Query 54 Active Learning Instance Cost: 2840590.02
2024-04-17 11:08 | INFO | Query 55 Size of the uncertainty table is = 3324/7390
2024-04-17 11:08 | INFO | Query 55 Size of the filtered table is = 74
2024-04-17 11:09 | INFO | Query 55 Active Learning Runtime on Validation Set: 1313002.88
2024-04-17 11:09 | INFO | Query 55 Active Learning Runtime on Test Set: 227613.92
2024-04-17 11:09 | INFO | Query 55 Active Learning Instance Cost: 2954418.81
2024-04-17 11:09 | INFO | Timeout limit is increased to 3600
2024-04-17 11:09 | INFO | Query 56 Size of the uncertainty table is = 3082/7390
2024-04-17 11:09 | INFO | Query 56 Size of the filtered table is = 74
2024-04-17 11:09 | INFO | Query 56 Active Learning Runtime on Validation Set: 1277116.04
2024-04-17 11:09 | INFO | Query 56 Active Learning Runtime on Test Set: 264079.73
2024-04-17 11:09 | INFO | Query 56 Active Learning Instance Cost: 3038080.21
2024-04-17 11:09 | INFO | Query 57 Size of the uncertainty table is = 2842/7390
2024-04-17 11:09 | INFO | Query 57 Size of the filtered table is = 74
2024-04-17 11:10 | INFO | Query 57 Active Learning Runtime on Validation Set: 1312945.3
2024-04-17 11:10 | INFO | Query 57 Active Learning Runtime on Test Set: 229176.58
2024-04-17 11:10 | INFO | Query 57 Active Learning Instance Cost: 3214513.4
2024-04-17 11:10 | INFO | Timeout limit is increased to 3600
2024-04-17 11:10 | INFO | Query 58 Size of the uncertainty table is = 2602/7390
2024-04-17 11:10 | INFO | Query 58 Size of the filtered table is = 74
2024-04-17 11:10 | INFO | Query 58 Active Learning Runtime on Validation Set: 1241106.01
2024-04-17 11:10 | INFO | Query 58 Active Learning Runtime on Test Set: 229177.39
2024-04-17 11:10 | INFO | Query 58 Active Learning Instance Cost: 3468834.26
2024-04-17 11:10 | INFO | Query 59 Size of the uncertainty table is = 2353/7390
2024-04-17 11:10 | INFO | Query 59 Size of the filtered table is = 74
2024-04-17 11:11 | INFO | Query 59 Active Learning Runtime on Validation Set: 1312951.26
2024-04-17 11:11 | INFO | Query 59 Active Learning Runtime on Test Set: 229177.47
2024-04-17 11:11 | INFO | Query 59 Active Learning Instance Cost: 3648491.51
2024-04-17 11:11 | INFO | Timeout limit is increased to 3600
2024-04-17 11:11 | INFO | Query 60 Size of the uncertainty table is = 2118/7390
2024-04-17 11:11 | INFO | Query 60 Size of the filtered table is = 74
2024-04-17 11:11 | INFO | Query 60 Active Learning Runtime on Validation Set: 1312960.21
2024-04-17 11:11 | INFO | Query 60 Active Learning Runtime on Test Set: 226149.92
2024-04-17 11:11 | INFO | Query 60 Active Learning Instance Cost: 3703180.38
2024-04-17 11:11 | INFO | Timeout limit is increased to 3600
2024-04-17 11:11 | INFO | Query 61 Size of the uncertainty table is = 1945/7390
2024-04-17 11:11 | INFO | Query 61 Size of the filtered table is = 74
2024-04-17 11:12 | INFO | Query 61 Active Learning Runtime on Validation Set: 1313010.49
2024-04-17 11:12 | INFO | Query 61 Active Learning Runtime on Test Set: 264079.81
2024-04-17 11:12 | INFO | Query 61 Active Learning Instance Cost: 3859013.43
2024-04-17 11:12 | INFO | Timeout limit is increased to 3600
2024-04-17 11:12 | INFO | Query 62 Size of the uncertainty table is = 1746/7390
2024-04-17 11:12 | INFO | Query 62 Size of the filtered table is = 74
2024-04-17 11:12 | INFO | Query 62 Active Learning Runtime on Validation Set: 1063388.11
2024-04-17 11:12 | INFO | Query 62 Active Learning Runtime on Test Set: 227495.01
2024-04-17 11:12 | INFO | Query 62 Active Learning Instance Cost: 3928257.79
2024-04-17 11:12 | INFO | Query 63 Size of the uncertainty table is = 1524/7390
2024-04-17 11:12 | INFO | Query 63 Size of the filtered table is = 74
2024-04-17 11:13 | INFO | Query 63 Active Learning Runtime on Validation Set: 991792.6
2024-04-17 11:13 | INFO | Query 63 Active Learning Runtime on Test Set: 192516.98
2024-04-17 11:13 | INFO | Query 63 Active Learning Instance Cost: 4028923.53
2024-04-17 11:13 | INFO | Query 64 Size of the uncertainty table is = 1326/7390
2024-04-17 11:13 | INFO | Query 64 Size of the filtered table is = 74
2024-04-17 11:13 | INFO | Query 64 Active Learning Runtime on Validation Set: 1207507.23
2024-04-17 11:13 | INFO | Query 64 Active Learning Runtime on Test Set: 227042.26
2024-04-17 11:13 | INFO | Query 64 Active Learning Instance Cost: 4095417.79
2024-04-17 11:13 | INFO | Timeout limit is increased to 3600
2024-04-17 11:13 | INFO | Query 65 Size of the uncertainty table is = 1037/7390
2024-04-17 11:13 | INFO | Query 65 Size of the filtered table is = 74
2024-04-17 11:14 | INFO | Query 65 Active Learning Runtime on Validation Set: 1313081.63
2024-04-17 11:14 | INFO | Query 65 Active Learning Runtime on Test Set: 228507.78
2024-04-17 11:14 | INFO | Query 65 Active Learning Instance Cost: 4247412.1
2024-04-17 11:14 | INFO | Timeout limit is increased to 3600
2024-04-17 11:14 | INFO | Query 66 Size of the uncertainty table is = 812/7390
2024-04-17 11:14 | INFO | Query 66 Size of the filtered table is = 74
2024-04-17 11:14 | INFO | Query 66 Active Learning Runtime on Validation Set: 991810.92
2024-04-17 11:14 | INFO | Query 66 Active Learning Runtime on Test Set: 228508.94
2024-04-17 11:14 | INFO | Query 66 Active Learning Instance Cost: 4418189.1
2024-04-17 11:14 | INFO | Query 67 Size of the uncertainty table is = 587/7390
2024-04-17 11:14 | INFO | Query 67 Size of the filtered table is = 74
2024-04-17 11:15 | INFO | Query 67 Active Learning Runtime on Validation Set: 1241222.67
2024-04-17 11:15 | INFO | Query 67 Active Learning Runtime on Test Set: 228583.69
2024-04-17 11:15 | INFO | Query 67 Active Learning Instance Cost: 4497927.91
2024-04-17 11:15 | INFO | Timeout limit is increased to 3600
2024-04-17 11:15 | INFO | Query 68 Size of the uncertainty table is = 401/7390
2024-04-17 11:15 | INFO | Query 68 Size of the filtered table is = 74
2024-04-17 11:15 | INFO | Query 68 Active Learning Runtime on Validation Set: 1207574.78
2024-04-17 11:15 | INFO | Query 68 Active Learning Runtime on Test Set: 263414.32
2024-04-17 11:15 | INFO | Query 68 Active Learning Instance Cost: 4613872.31
2024-04-17 11:15 | INFO | Query 69 Size of the uncertainty table is = 189/7390
2024-04-17 11:15 | INFO | Query 69 Size of the filtered table is = 74
2024-04-17 11:16 | INFO | Query 69 Active Learning Runtime on Validation Set: 1279445.93
2024-04-17 11:16 | INFO | Query 69 Active Learning Runtime on Test Set: 263413.16
2024-04-17 11:16 | INFO | Query 69 Active Learning Instance Cost: 4721220.77
2024-04-17 11:16 | INFO | Timeout limit is increased to 3600
2024-04-17 11:16 | INFO | Query 70 Size of the uncertainty table is = 8/7390
2024-04-17 11:16 | INFO | Query 70 Size of the filtered table is = 2
2024-04-17 11:16 | INFO | Query 70 Active Learning Runtime on Validation Set: 1315312.81
2024-04-17 11:16 | INFO | Query 70 Active Learning Runtime on Test Set: 263413.16
2024-04-17 11:16 | INFO | Query 70 Active Learning Instance Cost: 4728420.77
2024-04-17 11:16 | INFO | Timeout limit is increased to 3600
2024-04-17 11:16 | INFO | runtime_test_score is written as json file
2024-04-17 11:16 | INFO | runtime_validation_score is written as json file
2024-04-17 11:16 | INFO | instance_cost is written as json file
2024-04-17 11:16 | INFO | Experiment is finished
