2024-04-17 11:11 | INFO | Paramaters are: {'dataset': 'ASP-POTASSCO', 'penalty': 10, 'weight': 'No_Weight', 'voting': 'Hard', 'pre_selection_size': 64, 'pre_selection_technique': 'No_pre_selection', 'feature_elimination_threshold': 20, 'imputer_strategy': 'median', 'feature_selection_technique': 'No_feature_selection', 'feature_scaling_technique': 'StandardScaler', 'initial_train_size': 20, 'query_size': 1, 'timeout_predictor_usage': 'Yes', 'timeout_limit': 100, 'timeout_increase_rate': 100, 'RANDOM_STATE_SEED': 99, 'n_splits': 10, 'split_number': 1, 'max_timeout': 3600, 'param_grid': {'n_estimators': 100, 'criterion': 'gini', 'max_features': 'sqrt', 'max_depth': 2147483648, 'min_samples_split': 2, 'bootstrap': True}}
2024-04-17 11:11 | INFO | ASP-POTASSCO is current dataset
2024-04-17 11:11 | INFO | DATASETS/ASP-POTASSCO/algorithm_runs.arff is found
2024-04-17 11:11 | INFO | DATASETS/ASP-POTASSCO/algorithm_runs.arff is finished
2024-04-17 11:11 | INFO | DATASETS/ASP-POTASSCO/feature_values.arff is found
2024-04-17 11:11 | INFO | DATASETS/ASP-POTASSCO/feature_values.arff is finished
2024-04-17 11:11 | INFO | DATASETS/ASP-POTASSCO/feature_costs.arff is found
2024-04-17 11:11 | INFO | DATASETS/ASP-POTASSCO/feature_costs.arff is finished
2024-04-17 11:11 | INFO | Virtual best solver time in train = 22188.16
2024-04-17 11:11 | INFO | Single best solver list train = {'clasp/2.1.3/h1-n1': 3043800.91, 'clasp/2.1.3/h10-n1': 5101050.01, 'clasp/2.1.3/h11-n1': 6829918.19, 'clasp/2.1.3/h2-n1': 5028821.16, 'clasp/2.1.3/h3-n1': 5842600.36, 'clasp/2.1.3/h4-n1': 3811515.8, 'clasp/2.1.3/h5-n1': 4918569.7, 'clasp/2.1.3/h6-n1': 3990399.15, 'clasp/2.1.3/h7-n1': 6643834.92, 'clasp/2.1.3/h8-n1': 2925553.29, 'clasp/2.1.3/h9-n1': 4564935.98}
2024-04-17 11:11 | INFO | Single best solver time train = clasp/2.1.3/h8-n1 (2925553.29)
2024-04-17 11:11 | INFO | Virtual best solver time in validation = 2791.06
2024-04-17 11:11 | INFO | Single best solver list validation = {'clasp/2.1.3/h1-n1': 305388.31, 'clasp/2.1.3/h10-n1': 724433.74, 'clasp/2.1.3/h11-n1': 2497188.7, 'clasp/2.1.3/h2-n1': 618441.33, 'clasp/2.1.3/h3-n1': 2212414.1, 'clasp/2.1.3/h4-n1': 842433.44, 'clasp/2.1.3/h5-n1': 294832.46, 'clasp/2.1.3/h6-n1': 653794.6, 'clasp/2.1.3/h7-n1': 699291.66, 'clasp/2.1.3/h8-n1': 976595.69, 'clasp/2.1.3/h9-n1': 1743744.93}
2024-04-17 11:11 | INFO | Single best solver time validation = clasp/2.1.3/h5-n1 (294832.46)
2024-04-17 11:11 | INFO | Virtual best solver time in test = 2299.09
2024-04-17 11:11 | INFO | Single best solver list test = {'clasp/2.1.3/h1-n1': 327742.08, 'clasp/2.1.3/h10-n1': 507034.25, 'clasp/2.1.3/h11-n1': 941228.49, 'clasp/2.1.3/h2-n1': 793842.11, 'clasp/2.1.3/h3-n1': 798987.56, 'clasp/2.1.3/h4-n1': 330900.65, 'clasp/2.1.3/h5-n1': 435952.57, 'clasp/2.1.3/h6-n1': 507486.74, 'clasp/2.1.3/h7-n1': 723754.3, 'clasp/2.1.3/h8-n1': 292961.14, 'clasp/2.1.3/h9-n1': 725447.73}
2024-04-17 11:11 | INFO | Single best solver time test = clasp/2.1.3/h8-n1 (292961.14)
2024-04-17 11:14 | INFO | Passive Learning Runtime on Validation Set: 402655.44
2024-04-17 11:14 | INFO | Passive Learning Runtime on Test Set: 111634.59
2024-04-17 11:14 | INFO | Passive Learning Instance Cost: 5558999.46
2024-04-17 11:16 | INFO | Initial Active Learning Runtime on Validation Set: 690134.52
2024-04-17 11:16 | INFO | Initial Active Learning Runtime on Test Set: 400309.52
2024-04-17 11:16 | INFO | Initial Active Learning Instance Cost: 9900.1
2024-04-17 11:16 | INFO | Bin size = 394
2024-04-17 11:16 | INFO | Query 1 Size of the uncertainty table is = 39584/39325
2024-04-17 11:16 | INFO | Query 1 Size of the filtered table is = 394
2024-04-17 11:18 | INFO | Query 1 Active Learning Runtime on Validation Set: 689959.5700000001
2024-04-17 11:18 | INFO | Query 1 Active Learning Runtime on Test Set: 472244.44
2024-04-17 11:18 | INFO | Query 1 Active Learning Instance Cost: 25478.55
2024-04-17 11:18 | INFO | Query 2 Size of the uncertainty table is = 38931/39325
2024-04-17 11:18 | INFO | Query 2 Size of the filtered table is = 394
2024-04-17 11:21 | INFO | Query 2 Active Learning Runtime on Validation Set: 725522.79
2024-04-17 11:21 | INFO | Query 2 Active Learning Runtime on Test Set: 472108.37
2024-04-17 11:21 | INFO | Query 2 Active Learning Instance Cost: 43480.22
2024-04-17 11:21 | INFO | Timeout limit is increased to 200
2024-04-17 11:21 | INFO | Query 3 Size of the uncertainty table is = 37788/39325
2024-04-17 11:21 | INFO | Query 3 Size of the filtered table is = 394
2024-04-17 11:23 | INFO | Query 3 Active Learning Runtime on Validation Set: 689650.31
2024-04-17 11:23 | INFO | Query 3 Active Learning Runtime on Test Set: 364552.67
2024-04-17 11:23 | INFO | Query 3 Active Learning Instance Cost: 73224.65
2024-04-17 11:23 | INFO | Query 4 Size of the uncertainty table is = 36266/39325
2024-04-17 11:23 | INFO | Query 4 Size of the filtered table is = 394
2024-04-17 11:26 | INFO | Query 4 Active Learning Runtime on Validation Set: 689750.77
2024-04-17 11:26 | INFO | Query 4 Active Learning Runtime on Test Set: 436436.69
2024-04-17 11:26 | INFO | Query 4 Active Learning Instance Cost: 109308.17
2024-04-17 11:26 | INFO | Timeout limit is increased to 300
2024-04-17 11:26 | INFO | Query 5 Size of the uncertainty table is = 34747/39325
2024-04-17 11:26 | INFO | Query 5 Size of the filtered table is = 394
2024-04-17 11:29 | INFO | Query 5 Active Learning Runtime on Validation Set: 582402.4
2024-04-17 11:29 | INFO | Query 5 Active Learning Runtime on Test Set: 291744.1
2024-04-17 11:29 | INFO | Query 5 Active Learning Instance Cost: 156570.9
2024-04-17 11:29 | INFO | Query 6 Size of the uncertainty table is = 32949/39325
2024-04-17 11:29 | INFO | Query 6 Size of the filtered table is = 394
2024-04-17 11:31 | INFO | Query 6 Active Learning Runtime on Validation Set: 80812.01
2024-04-17 11:31 | INFO | Query 6 Active Learning Runtime on Test Set: 292078.75
2024-04-17 11:31 | INFO | Query 6 Active Learning Instance Cost: 215682.85
2024-04-17 11:31 | INFO | Query 7 Size of the uncertainty table is = 31127/39325
2024-04-17 11:31 | INFO | Query 7 Size of the filtered table is = 394
2024-04-17 11:34 | INFO | Query 7 Active Learning Runtime on Validation Set: 152505.86
2024-04-17 11:34 | INFO | Query 7 Active Learning Runtime on Test Set: 76934.15999999999
2024-04-17 11:34 | INFO | Query 7 Active Learning Instance Cost: 256792.08
2024-04-17 11:34 | INFO | Timeout limit is increased to 400
2024-04-17 11:34 | INFO | Query 8 Size of the uncertainty table is = 29042/39325
2024-04-17 11:34 | INFO | Query 8 Size of the filtered table is = 394
2024-04-17 11:36 | INFO | Query 8 Active Learning Runtime on Validation Set: 115883.28
2024-04-17 11:36 | INFO | Query 8 Active Learning Runtime on Test Set: 111261.23
2024-04-17 11:36 | INFO | Query 8 Active Learning Instance Cost: 299790.11
2024-04-17 11:36 | INFO | Query 9 Size of the uncertainty table is = 26751/39325
2024-04-17 11:36 | INFO | Query 9 Size of the filtered table is = 394
2024-04-17 11:39 | INFO | Query 9 Active Learning Runtime on Validation Set: 151514.62
2024-04-17 11:39 | INFO | Query 9 Active Learning Runtime on Test Set: 76357.53
2024-04-17 11:39 | INFO | Query 9 Active Learning Instance Cost: 366137.86
2024-04-17 11:39 | INFO | Timeout limit is increased to 500
2024-04-17 11:39 | INFO | Query 10 Size of the uncertainty table is = 24681/39325
2024-04-17 11:39 | INFO | Query 10 Size of the filtered table is = 394
2024-04-17 11:42 | INFO | Query 10 Active Learning Runtime on Validation Set: 153577.05
2024-04-17 11:42 | INFO | Query 10 Active Learning Runtime on Test Set: 111401.39
2024-04-17 11:42 | INFO | Query 10 Active Learning Instance Cost: 436665.12
2024-04-17 11:42 | INFO | Timeout limit is increased to 600
2024-04-17 11:42 | INFO | Query 11 Size of the uncertainty table is = 22524/39325
2024-04-17 11:42 | INFO | Query 11 Size of the filtered table is = 394
2024-04-17 11:44 | INFO | Query 11 Active Learning Runtime on Validation Set: 259742.22999999998
2024-04-17 11:44 | INFO | Query 11 Active Learning Runtime on Test Set: 76081.56
2024-04-17 11:44 | INFO | Query 11 Active Learning Instance Cost: 519414.69
2024-04-17 11:44 | INFO | Timeout limit is increased to 700
2024-04-17 11:45 | INFO | Query 12 Size of the uncertainty table is = 20454/39325
2024-04-17 11:45 | INFO | Query 12 Size of the filtered table is = 394
2024-04-17 11:47 | INFO | Query 12 Active Learning Runtime on Validation Set: 116181.29
2024-04-17 11:47 | INFO | Query 12 Active Learning Runtime on Test Set: 147588.07
2024-04-17 11:47 | INFO | Query 12 Active Learning Instance Cost: 616856.74
2024-04-17 11:47 | INFO | Query 13 Size of the uncertainty table is = 18522/39325
2024-04-17 11:47 | INFO | Query 13 Size of the filtered table is = 394
2024-04-17 11:50 | INFO | Query 13 Active Learning Runtime on Validation Set: 259915.8
2024-04-17 11:50 | INFO | Query 13 Active Learning Runtime on Test Set: 183475.13999999998
2024-04-17 11:50 | INFO | Query 13 Active Learning Instance Cost: 743536.68
2024-04-17 11:50 | INFO | Timeout limit is increased to 800
2024-04-17 11:50 | INFO | Query 14 Size of the uncertainty table is = 16938/39325
2024-04-17 11:50 | INFO | Query 14 Size of the filtered table is = 394
2024-04-17 11:53 | INFO | Query 14 Active Learning Runtime on Validation Set: 260065.99
2024-04-17 11:53 | INFO | Query 14 Active Learning Runtime on Test Set: 111320.64
2024-04-17 11:53 | INFO | Query 14 Active Learning Instance Cost: 838864.86
2024-04-17 11:53 | INFO | Timeout limit is increased to 900
2024-04-17 11:53 | INFO | Query 15 Size of the uncertainty table is = 14884/39325
2024-04-17 11:53 | INFO | Query 15 Size of the filtered table is = 394
2024-04-17 11:56 | INFO | Query 15 Active Learning Runtime on Validation Set: 402317.71
2024-04-17 11:56 | INFO | Query 15 Active Learning Runtime on Test Set: 111568.93999999999
2024-04-17 11:56 | INFO | Query 15 Active Learning Instance Cost: 1007421.88
2024-04-17 11:56 | INFO | Timeout limit is increased to 1000
2024-04-17 11:56 | INFO | Query 16 Size of the uncertainty table is = 14058/39325
2024-04-17 11:56 | INFO | Query 16 Size of the filtered table is = 394
2024-04-17 11:58 | INFO | Query 16 Active Learning Runtime on Validation Set: 438952.33
2024-04-17 11:58 | INFO | Query 16 Active Learning Runtime on Test Set: 111865.5
2024-04-17 11:58 | INFO | Query 16 Active Learning Instance Cost: 1143962.79
2024-04-17 11:58 | INFO | Timeout limit is increased to 1100
2024-04-17 11:58 | INFO | Query 17 Size of the uncertainty table is = 12698/39325
2024-04-17 11:58 | INFO | Query 17 Size of the filtered table is = 394
2024-04-17 12:01 | INFO | Query 17 Active Learning Runtime on Validation Set: 438734.94
2024-04-17 12:01 | INFO | Query 17 Active Learning Runtime on Test Set: 111624.81999999999
2024-04-17 12:01 | INFO | Query 17 Active Learning Instance Cost: 1261853.31
2024-04-17 12:01 | INFO | Query 18 Size of the uncertainty table is = 12080/39325
2024-04-17 12:01 | INFO | Query 18 Size of the filtered table is = 394
2024-04-17 12:04 | INFO | Query 18 Active Learning Runtime on Validation Set: 439024.12
2024-04-17 12:04 | INFO | Query 18 Active Learning Runtime on Test Set: 75974.79
2024-04-17 12:04 | INFO | Query 18 Active Learning Instance Cost: 1399018.34
2024-04-17 12:04 | INFO | Timeout limit is increased to 1200
2024-04-17 12:04 | INFO | Query 19 Size of the uncertainty table is = 11537/39325
2024-04-17 12:04 | INFO | Query 19 Size of the filtered table is = 394
2024-04-17 12:07 | INFO | Query 19 Active Learning Runtime on Validation Set: 331766.14999999997
2024-04-17 12:07 | INFO | Query 19 Active Learning Runtime on Test Set: 75667.95999999999
2024-04-17 12:07 | INFO | Query 19 Active Learning Instance Cost: 1533806.08
2024-04-17 12:07 | INFO | Query 20 Size of the uncertainty table is = 9797/39325
2024-04-17 12:07 | INFO | Query 20 Size of the filtered table is = 394
2024-04-17 12:10 | INFO | Query 20 Active Learning Runtime on Validation Set: 331313.63
2024-04-17 12:10 | INFO | Query 20 Active Learning Runtime on Test Set: 111684.67
2024-04-17 12:10 | INFO | Query 20 Active Learning Instance Cost: 1624335.1
2024-04-17 12:10 | INFO | Query 21 Size of the uncertainty table is = 9697/39325
2024-04-17 12:10 | INFO | Query 21 Size of the filtered table is = 394
2024-04-17 12:12 | INFO | Query 21 Active Learning Runtime on Validation Set: 331277.76
2024-04-17 12:12 | INFO | Query 21 Active Learning Runtime on Test Set: 111917.68999999999
2024-04-17 12:12 | INFO | Query 21 Active Learning Instance Cost: 1703718.42
2024-04-17 12:12 | INFO | Query 22 Size of the uncertainty table is = 8838/39325
2024-04-17 12:12 | INFO | Query 22 Size of the filtered table is = 394
2024-04-17 12:15 | INFO | Query 22 Active Learning Runtime on Validation Set: 474333.83999999997
2024-04-17 12:15 | INFO | Query 22 Active Learning Runtime on Test Set: 111719.70999999999
2024-04-17 12:15 | INFO | Query 22 Active Learning Instance Cost: 1791405.35
2024-04-17 12:15 | INFO | Timeout limit is increased to 1300
2024-04-17 12:15 | INFO | Query 23 Size of the uncertainty table is = 7161/39325
2024-04-17 12:15 | INFO | Query 23 Size of the filtered table is = 394
2024-04-17 12:18 | INFO | Query 23 Active Learning Runtime on Validation Set: 475031.32
2024-04-17 12:18 | INFO | Query 23 Active Learning Runtime on Test Set: 111626.76
2024-04-17 12:18 | INFO | Query 23 Active Learning Instance Cost: 1878098.23
2024-04-17 12:18 | INFO | Timeout limit is increased to 1400
2024-04-17 12:18 | INFO | Query 24 Size of the uncertainty table is = 5471/39325
2024-04-17 12:18 | INFO | Query 24 Size of the filtered table is = 394
2024-04-17 12:21 | INFO | Query 24 Active Learning Runtime on Validation Set: 474535.91
2024-04-17 12:21 | INFO | Query 24 Active Learning Runtime on Test Set: 111916.70999999999
2024-04-17 12:21 | INFO | Query 24 Active Learning Instance Cost: 2013698.23
2024-04-17 12:21 | INFO | Query 25 Size of the uncertainty table is = 5435/39325
2024-04-17 12:21 | INFO | Query 25 Size of the filtered table is = 394
2024-04-17 12:24 | INFO | Query 25 Active Learning Runtime on Validation Set: 510458.95
2024-04-17 12:24 | INFO | Query 25 Active Learning Runtime on Test Set: 111671.29999999999
2024-04-17 12:24 | INFO | Query 25 Active Learning Instance Cost: 2092730.17
2024-04-17 12:24 | INFO | Timeout limit is increased to 1500
2024-04-17 12:24 | INFO | Query 26 Size of the uncertainty table is = 5393/39325
2024-04-17 12:24 | INFO | Query 26 Size of the filtered table is = 394
2024-04-17 12:27 | INFO | Query 26 Active Learning Runtime on Validation Set: 474781.51
2024-04-17 12:27 | INFO | Query 26 Active Learning Runtime on Test Set: 76009.62999999999
2024-04-17 12:27 | INFO | Query 26 Active Learning Instance Cost: 2197805.67
2024-04-17 12:27 | INFO | Query 27 Size of the uncertainty table is = 5036/39325
2024-04-17 12:27 | INFO | Query 27 Size of the filtered table is = 394
2024-04-17 12:29 | INFO | Query 27 Active Learning Runtime on Validation Set: 474781.51
2024-04-17 12:29 | INFO | Query 27 Active Learning Runtime on Test Set: 76009.62999999999
2024-04-17 12:29 | INFO | Query 27 Active Learning Instance Cost: 2242905.67
2024-04-17 12:29 | INFO | Timeout limit is increased to 1600
2024-04-17 12:29 | INFO | Query 28 Size of the uncertainty table is = 5034/39325
2024-04-17 12:29 | INFO | Query 28 Size of the filtered table is = 394
2024-04-17 12:32 | INFO | Query 28 Active Learning Runtime on Validation Set: 367123.5
2024-04-17 12:32 | INFO | Query 28 Active Learning Runtime on Test Set: 75985.12999999999
2024-04-17 12:32 | INFO | Query 28 Active Learning Instance Cost: 2306513.59
2024-04-17 12:32 | INFO | Query 29 Size of the uncertainty table is = 5015/39325
2024-04-17 12:32 | INFO | Query 29 Size of the filtered table is = 394
2024-04-17 12:35 | INFO | Query 29 Active Learning Runtime on Validation Set: 438950.46
2024-04-17 12:35 | INFO | Query 29 Active Learning Runtime on Test Set: 76009.62999999999
2024-04-17 12:35 | INFO | Query 29 Active Learning Instance Cost: 2358413.59
2024-04-17 12:35 | INFO | Timeout limit is increased to 1700
2024-04-17 12:35 | INFO | Query 30 Size of the uncertainty table is = 5015/39325
2024-04-17 12:35 | INFO | Query 30 Size of the filtered table is = 394
2024-04-17 12:38 | INFO | Query 30 Active Learning Runtime on Validation Set: 474530.08999999997
2024-04-17 12:38 | INFO | Query 30 Active Learning Runtime on Test Set: 76009.62999999999
2024-04-17 12:38 | INFO | Query 30 Active Learning Instance Cost: 2444213.59
2024-04-17 12:38 | INFO | Timeout limit is increased to 1800
2024-04-17 12:38 | INFO | Query 31 Size of the uncertainty table is = 5005/39325
2024-04-17 12:38 | INFO | Query 31 Size of the filtered table is = 394
2024-04-17 12:40 | INFO | Query 31 Active Learning Runtime on Validation Set: 474774.41
2024-04-17 12:40 | INFO | Query 31 Active Learning Runtime on Test Set: 76009.62999999999
2024-04-17 12:40 | INFO | Query 31 Active Learning Instance Cost: 2531013.59
2024-04-17 12:40 | INFO | Timeout limit is increased to 1900
2024-04-17 12:40 | INFO | Query 32 Size of the uncertainty table is = 5005/39325
2024-04-17 12:40 | INFO | Query 32 Size of the filtered table is = 394
2024-04-17 12:43 | INFO | Query 32 Active Learning Runtime on Validation Set: 474739.08
2024-04-17 12:43 | INFO | Query 32 Active Learning Runtime on Test Set: 76008.93
2024-04-17 12:43 | INFO | Query 32 Active Learning Instance Cost: 2725413.59
2024-04-17 12:43 | INFO | Query 33 Size of the uncertainty table is = 4972/39325
2024-04-17 12:43 | INFO | Query 33 Size of the filtered table is = 394
2024-04-17 12:46 | INFO | Query 33 Active Learning Runtime on Validation Set: 474445.55
2024-04-17 12:46 | INFO | Query 33 Active Learning Runtime on Test Set: 76008.93
2024-04-17 12:46 | INFO | Query 33 Active Learning Instance Cost: 2764113.59
2024-04-17 12:46 | INFO | Query 34 Size of the uncertainty table is = 4972/39325
2024-04-17 12:46 | INFO | Query 34 Size of the filtered table is = 394
2024-04-17 12:49 | INFO | Query 34 Active Learning Runtime on Validation Set: 402737.67
2024-04-17 12:49 | INFO | Query 34 Active Learning Runtime on Test Set: 76008.93
2024-04-17 12:49 | INFO | Query 34 Active Learning Instance Cost: 2819013.59
2024-04-17 12:49 | INFO | Query 35 Size of the uncertainty table is = 4972/39325
2024-04-17 12:49 | INFO | Query 35 Size of the filtered table is = 394
2024-04-17 12:52 | INFO | Query 35 Active Learning Runtime on Validation Set: 439145.33
2024-04-17 12:52 | INFO | Query 35 Active Learning Runtime on Test Set: 111574.98
2024-04-17 12:52 | INFO | Query 35 Active Learning Instance Cost: 2907663.78
2024-04-17 12:52 | INFO | Timeout limit is increased to 2000
2024-04-17 12:52 | INFO | Query 36 Size of the uncertainty table is = 4314/39325
2024-04-17 12:52 | INFO | Query 36 Size of the filtered table is = 179
2024-04-17 12:54 | INFO | Query 36 Active Learning Runtime on Validation Set: 439492.39999999997
2024-04-17 12:54 | INFO | Query 36 Active Learning Runtime on Test Set: 111567.60999999999
2024-04-17 12:54 | INFO | Query 36 Active Learning Instance Cost: 2961615.27
2024-04-17 12:54 | INFO | Timeout limit is increased to 2100
2024-04-17 12:54 | INFO | Query 37 Size of the uncertainty table is = 4170/39325
2024-04-17 12:54 | INFO | Query 37 Size of the filtered table is = 394
2024-04-17 12:57 | INFO | Query 37 Active Learning Runtime on Validation Set: 439510.22
2024-04-17 12:57 | INFO | Query 37 Active Learning Runtime on Test Set: 111567.60999999999
2024-04-17 12:57 | INFO | Query 37 Active Learning Instance Cost: 3067215.27
2024-04-17 12:57 | INFO | Timeout limit is increased to 2200
2024-04-17 12:57 | INFO | Query 38 Size of the uncertainty table is = 4170/39325
2024-04-17 12:57 | INFO | Query 38 Size of the filtered table is = 394
2024-04-17 13:00 | INFO | Query 38 Active Learning Runtime on Validation Set: 403549.37
2024-04-17 13:00 | INFO | Query 38 Active Learning Runtime on Test Set: 111567.60999999999
2024-04-17 13:00 | INFO | Query 38 Active Learning Instance Cost: 3195815.27
2024-04-17 13:00 | INFO | Query 39 Size of the uncertainty table is = 4170/39325
2024-04-17 13:00 | INFO | Query 39 Size of the filtered table is = 394
2024-04-17 13:03 | INFO | Query 39 Active Learning Runtime on Validation Set: 439477.31
2024-04-17 13:03 | INFO | Query 39 Active Learning Runtime on Test Set: 111543.10999999999
2024-04-17 13:03 | INFO | Query 39 Active Learning Instance Cost: 3235815.27
2024-04-17 13:03 | INFO | Timeout limit is increased to 2300
2024-04-17 13:03 | INFO | Query 40 Size of the uncertainty table is = 4170/39325
2024-04-17 13:03 | INFO | Query 40 Size of the filtered table is = 394
2024-04-17 13:05 | INFO | Query 40 Active Learning Runtime on Validation Set: 439492.39999999997
2024-04-17 13:05 | INFO | Query 40 Active Learning Runtime on Test Set: 111567.60999999999
2024-04-17 13:05 | INFO | Query 40 Active Learning Instance Cost: 3335315.27
2024-04-17 13:05 | INFO | Timeout limit is increased to 2400
2024-04-17 13:06 | INFO | Query 41 Size of the uncertainty table is = 4170/39325
2024-04-17 13:06 | INFO | Query 41 Size of the filtered table is = 394
2024-04-17 13:08 | INFO | Query 41 Active Learning Runtime on Validation Set: 439492.39999999997
2024-04-17 13:08 | INFO | Query 41 Active Learning Runtime on Test Set: 111567.60999999999
2024-04-17 13:08 | INFO | Query 41 Active Learning Instance Cost: 3438115.27
2024-04-17 13:08 | INFO | Timeout limit is increased to 2500
2024-04-17 13:08 | INFO | Query 42 Size of the uncertainty table is = 4170/39325
2024-04-17 13:08 | INFO | Query 42 Size of the filtered table is = 394
2024-04-17 13:11 | INFO | Query 42 Active Learning Runtime on Validation Set: 439492.39999999997
2024-04-17 13:11 | INFO | Query 42 Active Learning Runtime on Test Set: 111567.60999999999
2024-04-17 13:11 | INFO | Query 42 Active Learning Instance Cost: 3607215.27
2024-04-17 13:11 | INFO | Timeout limit is increased to 2600
2024-04-17 13:11 | INFO | Query 43 Size of the uncertainty table is = 4170/39325
2024-04-17 13:11 | INFO | Query 43 Size of the filtered table is = 394
2024-04-17 13:14 | INFO | Query 43 Active Learning Runtime on Validation Set: 439510.22
2024-04-17 13:14 | INFO | Query 43 Active Learning Runtime on Test Set: 111567.60999999999
2024-04-17 13:14 | INFO | Query 43 Active Learning Instance Cost: 3698715.27
2024-04-17 13:14 | INFO | Timeout limit is increased to 2700
2024-04-17 13:14 | INFO | Query 44 Size of the uncertainty table is = 4170/39325
2024-04-17 13:14 | INFO | Query 44 Size of the filtered table is = 394
2024-04-17 13:17 | INFO | Query 44 Active Learning Runtime on Validation Set: 439541.61
2024-04-17 13:17 | INFO | Query 44 Active Learning Runtime on Test Set: 111567.60999999999
2024-04-17 13:17 | INFO | Query 44 Active Learning Instance Cost: 3795415.27
2024-04-17 13:17 | INFO | Timeout limit is increased to 2800
2024-04-17 13:17 | INFO | Query 45 Size of the uncertainty table is = 4170/39325
2024-04-17 13:17 | INFO | Query 45 Size of the filtered table is = 394
2024-04-17 13:19 | INFO | Query 45 Active Learning Runtime on Validation Set: 439492.39999999997
2024-04-17 13:19 | INFO | Query 45 Active Learning Runtime on Test Set: 111567.60999999999
2024-04-17 13:19 | INFO | Query 45 Active Learning Instance Cost: 3881815.27
2024-04-17 13:19 | INFO | Query 46 Size of the uncertainty table is = 4170/39325
2024-04-17 13:19 | INFO | Query 46 Size of the filtered table is = 394
2024-04-17 13:22 | INFO | Query 46 Active Learning Runtime on Validation Set: 439492.39999999997
2024-04-17 13:22 | INFO | Query 46 Active Learning Runtime on Test Set: 111567.60999999999
2024-04-17 13:22 | INFO | Query 46 Active Learning Instance Cost: 3929215.27
2024-04-17 13:22 | INFO | Timeout limit is increased to 2900
2024-04-17 13:22 | INFO | Query 47 Size of the uncertainty table is = 4170/39325
2024-04-17 13:22 | INFO | Query 47 Size of the filtered table is = 394
2024-04-17 13:25 | INFO | Query 47 Active Learning Runtime on Validation Set: 331717.85
2024-04-17 13:25 | INFO | Query 47 Active Learning Runtime on Test Set: 111567.60999999999
2024-04-17 13:25 | INFO | Query 47 Active Learning Instance Cost: 4100515.27
2024-04-17 13:25 | INFO | Query 48 Size of the uncertainty table is = 4170/39325
2024-04-17 13:25 | INFO | Query 48 Size of the filtered table is = 394
2024-04-17 13:28 | INFO | Query 48 Active Learning Runtime on Validation Set: 403559.46
2024-04-17 13:28 | INFO | Query 48 Active Learning Runtime on Test Set: 111567.60999999999
2024-04-17 13:28 | INFO | Query 48 Active Learning Instance Cost: 4147215.27
2024-04-17 13:28 | INFO | Timeout limit is increased to 3000
2024-04-17 13:28 | INFO | Query 49 Size of the uncertainty table is = 4170/39325
2024-04-17 13:28 | INFO | Query 49 Size of the filtered table is = 394
2024-04-17 13:31 | INFO | Query 49 Active Learning Runtime on Validation Set: 439492.39999999997
2024-04-17 13:31 | INFO | Query 49 Active Learning Runtime on Test Set: 111567.60999999999
2024-04-17 13:31 | INFO | Query 49 Active Learning Instance Cost: 4248915.27
2024-04-17 13:31 | INFO | Timeout limit is increased to 3100
2024-04-17 13:31 | INFO | Query 50 Size of the uncertainty table is = 4170/39325
2024-04-17 13:31 | INFO | Query 50 Size of the filtered table is = 394
2024-04-17 13:33 | INFO | Query 50 Active Learning Runtime on Validation Set: 439492.39999999997
2024-04-17 13:33 | INFO | Query 50 Active Learning Runtime on Test Set: 111567.60999999999
2024-04-17 13:33 | INFO | Query 50 Active Learning Instance Cost: 4338815.27
2024-04-17 13:33 | INFO | Timeout limit is increased to 3200
2024-04-17 13:33 | INFO | Query 51 Size of the uncertainty table is = 4170/39325
2024-04-17 13:33 | INFO | Query 51 Size of the filtered table is = 394
2024-04-17 13:36 | INFO | Query 51 Active Learning Runtime on Validation Set: 439492.39999999997
2024-04-17 13:36 | INFO | Query 51 Active Learning Runtime on Test Set: 111567.60999999999
2024-04-17 13:36 | INFO | Query 51 Active Learning Instance Cost: 4466615.27
2024-04-17 13:36 | INFO | Timeout limit is increased to 3300
2024-04-17 13:36 | INFO | Query 52 Size of the uncertainty table is = 4170/39325
2024-04-17 13:36 | INFO | Query 52 Size of the filtered table is = 394
2024-04-17 13:39 | INFO | Query 52 Active Learning Runtime on Validation Set: 439492.39999999997
2024-04-17 13:39 | INFO | Query 52 Active Learning Runtime on Test Set: 111567.60999999999
2024-04-17 13:39 | INFO | Query 52 Active Learning Instance Cost: 4555515.27
2024-04-17 13:39 | INFO | Timeout limit is increased to 3400
2024-04-17 13:39 | INFO | Query 53 Size of the uncertainty table is = 4170/39325
2024-04-17 13:39 | INFO | Query 53 Size of the filtered table is = 394
2024-04-17 13:42 | INFO | Query 53 Active Learning Runtime on Validation Set: 439492.39999999997
2024-04-17 13:42 | INFO | Query 53 Active Learning Runtime on Test Set: 111567.60999999999
2024-04-17 13:42 | INFO | Query 53 Active Learning Instance Cost: 4646515.27
2024-04-17 13:42 | INFO | Timeout limit is increased to 3500
2024-04-17 13:42 | INFO | Query 54 Size of the uncertainty table is = 4170/39325
2024-04-17 13:42 | INFO | Query 54 Size of the filtered table is = 394
2024-04-17 13:45 | INFO | Query 54 Active Learning Runtime on Validation Set: 475474.62
2024-04-17 13:45 | INFO | Query 54 Active Learning Runtime on Test Set: 111567.60999999999
2024-04-17 13:45 | INFO | Query 54 Active Learning Instance Cost: 4733715.27
2024-04-17 13:45 | INFO | Timeout limit is increased to 3600
2024-04-17 13:45 | INFO | Query 55 Size of the uncertainty table is = 4170/39325
2024-04-17 13:45 | INFO | Query 55 Size of the filtered table is = 394
2024-04-17 13:47 | INFO | Query 55 Active Learning Runtime on Validation Set: 439492.39999999997
2024-04-17 13:47 | INFO | Query 55 Active Learning Runtime on Test Set: 111567.60999999999
2024-04-17 13:47 | INFO | Query 55 Active Learning Instance Cost: 4823315.27
2024-04-17 13:47 | INFO | runtime_test_score is written as json file
2024-04-17 13:47 | INFO | runtime_validation_score is written as json file
2024-04-17 13:47 | INFO | instance_cost is written as json file
2024-04-17 13:47 | INFO | Experiment is finished
