2024-04-17 11:11 | INFO | Paramaters are: {'dataset': 'ASP-POTASSCO', 'penalty': 10, 'weight': 'No_Weight', 'voting': 'Hard', 'pre_selection_size': 64, 'pre_selection_technique': 'No_pre_selection', 'feature_elimination_threshold': 20, 'imputer_strategy': 'median', 'feature_selection_technique': 'No_feature_selection', 'feature_scaling_technique': 'StandardScaler', 'initial_train_size': 20, 'query_size': 1, 'timeout_predictor_usage': 'Yes', 'timeout_limit': 100, 'timeout_increase_rate': 100, 'RANDOM_STATE_SEED': 7, 'n_splits': 10, 'split_number': 5, 'max_timeout': 3600, 'param_grid': {'n_estimators': 100, 'criterion': 'gini', 'max_features': 'sqrt', 'max_depth': 2147483648, 'min_samples_split': 2, 'bootstrap': True}}
2024-04-17 11:11 | INFO | ASP-POTASSCO is current dataset
2024-04-17 11:11 | INFO | DATASETS/ASP-POTASSCO/algorithm_runs.arff is found
2024-04-17 11:11 | INFO | DATASETS/ASP-POTASSCO/algorithm_runs.arff is finished
2024-04-17 11:11 | INFO | DATASETS/ASP-POTASSCO/feature_values.arff is found
2024-04-17 11:11 | INFO | DATASETS/ASP-POTASSCO/feature_values.arff is finished
2024-04-17 11:11 | INFO | DATASETS/ASP-POTASSCO/feature_costs.arff is found
2024-04-17 11:11 | INFO | DATASETS/ASP-POTASSCO/feature_costs.arff is finished
2024-04-17 11:11 | INFO | Virtual best solver time in train = 22288.57
2024-04-17 11:11 | INFO | Single best solver list train = {'clasp/2.1.3/h1-n1': 3007391.4, 'clasp/2.1.3/h10-n1': 4957093.41, 'clasp/2.1.3/h11-n1': 6436659.11, 'clasp/2.1.3/h2-n1': 5100701.74, 'clasp/2.1.3/h3-n1': 5701058.4, 'clasp/2.1.3/h4-n1': 3741432.48, 'clasp/2.1.3/h5-n1': 4810973.44, 'clasp/2.1.3/h6-n1': 3811551.63, 'clasp/2.1.3/h7-n1': 6501463.02, 'clasp/2.1.3/h8-n1': 2817441.39, 'clasp/2.1.3/h9-n1': 4458383.72}
2024-04-17 11:11 | INFO | Single best solver time train = clasp/2.1.3/h8-n1 (2817441.39)
2024-04-17 11:11 | INFO | Virtual best solver time in validation = 3117.08
2024-04-17 11:11 | INFO | Single best solver list validation = {'clasp/2.1.3/h1-n1': 305057.81, 'clasp/2.1.3/h10-n1': 724728.88, 'clasp/2.1.3/h11-n1': 2712965.72, 'clasp/2.1.3/h2-n1': 654031.81, 'clasp/2.1.3/h3-n1': 2212005.57, 'clasp/2.1.3/h4-n1': 843077.86, 'clasp/2.1.3/h5-n1': 259733.49, 'clasp/2.1.3/h6-n1': 618319.15, 'clasp/2.1.3/h7-n1': 770575.06, 'clasp/2.1.3/h8-n1': 1049161.29, 'clasp/2.1.3/h9-n1': 1887448.63}
2024-04-17 11:11 | INFO | Single best solver time validation = clasp/2.1.3/h5-n1 (259733.49)
2024-04-17 11:11 | INFO | Virtual best solver time in test = 1872.66
2024-04-17 11:11 | INFO | Single best solver list test = {'clasp/2.1.3/h1-n1': 364482.09, 'clasp/2.1.3/h10-n1': 650695.71, 'clasp/2.1.3/h11-n1': 1118710.55, 'clasp/2.1.3/h2-n1': 686371.05, 'clasp/2.1.3/h3-n1': 940938.05, 'clasp/2.1.3/h4-n1': 400339.55, 'clasp/2.1.3/h5-n1': 578647.8, 'clasp/2.1.3/h6-n1': 721809.71, 'clasp/2.1.3/h7-n1': 794842.8, 'clasp/2.1.3/h8-n1': 328507.43, 'clasp/2.1.3/h9-n1': 688296.29}
2024-04-17 11:11 | INFO | Single best solver time test = clasp/2.1.3/h8-n1 (328507.43)
2024-04-17 11:14 | INFO | Passive Learning Runtime on Validation Set: 474246.27
2024-04-17 11:14 | INFO | Passive Learning Runtime on Test Set: 183645.51
2024-04-17 11:14 | INFO | Passive Learning Instance Cost: 5433349.75
2024-04-17 11:16 | INFO | Initial Active Learning Runtime on Validation Set: 117902.96
2024-04-17 11:16 | INFO | Initial Active Learning Runtime on Test Set: 293371.16
2024-04-17 11:16 | INFO | Initial Active Learning Instance Cost: 9464.83
2024-04-17 11:16 | INFO | Bin size = 394
2024-04-17 11:16 | INFO | Query 1 Size of the uncertainty table is = 39636/39325
2024-04-17 11:16 | INFO | Query 1 Size of the filtered table is = 394
2024-04-17 11:19 | INFO | Query 1 Active Learning Runtime on Validation Set: 227999.65
2024-04-17 11:19 | INFO | Query 1 Active Learning Runtime on Test Set: 364381.66
2024-04-17 11:19 | INFO | Query 1 Active Learning Instance Cost: 28998.33
2024-04-17 11:19 | INFO | Timeout limit is increased to 200
2024-04-17 11:19 | INFO | Query 2 Size of the uncertainty table is = 38958/39325
2024-04-17 11:19 | INFO | Query 2 Size of the filtered table is = 394
2024-04-17 11:21 | INFO | Query 2 Active Learning Runtime on Validation Set: 298523.68
2024-04-17 11:21 | INFO | Query 2 Active Learning Runtime on Test Set: 256799.03
2024-04-17 11:21 | INFO | Query 2 Active Learning Instance Cost: 60973.71
2024-04-17 11:21 | INFO | Timeout limit is increased to 300
2024-04-17 11:21 | INFO | Query 3 Size of the uncertainty table is = 37809/39325
2024-04-17 11:21 | INFO | Query 3 Size of the filtered table is = 394
2024-04-17 11:24 | INFO | Query 3 Active Learning Runtime on Validation Set: 300961.72
2024-04-17 11:24 | INFO | Query 3 Active Learning Runtime on Test Set: 221361.63999999998
2024-04-17 11:24 | INFO | Query 3 Active Learning Instance Cost: 118616.74
2024-04-17 11:24 | INFO | Timeout limit is increased to 400
2024-04-17 11:24 | INFO | Query 4 Size of the uncertainty table is = 36414/39325
2024-04-17 11:24 | INFO | Query 4 Size of the filtered table is = 394
2024-04-17 11:26 | INFO | Query 4 Active Learning Runtime on Validation Set: 260194.02
2024-04-17 11:26 | INFO | Query 4 Active Learning Runtime on Test Set: 184757.22
2024-04-17 11:26 | INFO | Query 4 Active Learning Instance Cost: 182013.39
2024-04-17 11:26 | INFO | Query 5 Size of the uncertainty table is = 34722/39325
2024-04-17 11:26 | INFO | Query 5 Size of the filtered table is = 394
2024-04-17 11:29 | INFO | Query 5 Active Learning Runtime on Validation Set: 115874.1
2024-04-17 11:29 | INFO | Query 5 Active Learning Runtime on Test Set: 113011.34
2024-04-17 11:29 | INFO | Query 5 Active Learning Instance Cost: 244476.12
2024-04-17 11:29 | INFO | Query 6 Size of the uncertainty table is = 32759/39325
2024-04-17 11:29 | INFO | Query 6 Size of the filtered table is = 394
2024-04-17 11:32 | INFO | Query 6 Active Learning Runtime on Validation Set: 116503.79000000001
2024-04-17 11:32 | INFO | Query 6 Active Learning Runtime on Test Set: 183993.06
2024-04-17 11:32 | INFO | Query 6 Active Learning Instance Cost: 288810.18
2024-04-17 11:32 | INFO | Timeout limit is increased to 500
2024-04-17 11:32 | INFO | Query 7 Size of the uncertainty table is = 30681/39325
2024-04-17 11:32 | INFO | Query 7 Size of the filtered table is = 394
2024-04-17 11:34 | INFO | Query 7 Active Learning Runtime on Validation Set: 223508.13999999998
2024-04-17 11:34 | INFO | Query 7 Active Learning Runtime on Test Set: 183769.44999999998
2024-04-17 11:34 | INFO | Query 7 Active Learning Instance Cost: 334220.02
2024-04-17 11:34 | INFO | Timeout limit is increased to 600
2024-04-17 11:34 | INFO | Query 8 Size of the uncertainty table is = 28508/39325
2024-04-17 11:34 | INFO | Query 8 Size of the filtered table is = 394
2024-04-17 11:37 | INFO | Query 8 Active Learning Runtime on Validation Set: 116581.65000000001
2024-04-17 11:37 | INFO | Query 8 Active Learning Runtime on Test Set: 183615.81
2024-04-17 11:37 | INFO | Query 8 Active Learning Instance Cost: 409627.03
2024-04-17 11:37 | INFO | Query 9 Size of the uncertainty table is = 26384/39325
2024-04-17 11:37 | INFO | Query 9 Size of the filtered table is = 394
2024-04-17 11:40 | INFO | Query 9 Active Learning Runtime on Validation Set: 152229.43
2024-04-17 11:40 | INFO | Query 9 Active Learning Runtime on Test Set: 147331.31999999998
2024-04-17 11:40 | INFO | Query 9 Active Learning Instance Cost: 465249.65
2024-04-17 11:40 | INFO | Timeout limit is increased to 700
2024-04-17 11:40 | INFO | Query 10 Size of the uncertainty table is = 24092/39325
2024-04-17 11:40 | INFO | Query 10 Size of the filtered table is = 394
2024-04-17 11:42 | INFO | Query 10 Active Learning Runtime on Validation Set: 81630.84
2024-04-17 11:42 | INFO | Query 10 Active Learning Runtime on Test Set: 184064.97
2024-04-17 11:42 | INFO | Query 10 Active Learning Instance Cost: 525779.32
2024-04-17 11:42 | INFO | Query 11 Size of the uncertainty table is = 21670/39325
2024-04-17 11:42 | INFO | Query 11 Size of the filtered table is = 394
2024-04-17 11:45 | INFO | Query 11 Active Learning Runtime on Validation Set: 116354.13
2024-04-17 11:45 | INFO | Query 11 Active Learning Runtime on Test Set: 111752.01000000001
2024-04-17 11:45 | INFO | Query 11 Active Learning Instance Cost: 645626.18
2024-04-17 11:45 | INFO | Timeout limit is increased to 800
2024-04-17 11:45 | INFO | Query 12 Size of the uncertainty table is = 19759/39325
2024-04-17 11:45 | INFO | Query 12 Size of the filtered table is = 394
2024-04-17 11:48 | INFO | Query 12 Active Learning Runtime on Validation Set: 116053.46
2024-04-17 11:48 | INFO | Query 12 Active Learning Runtime on Test Set: 183667.84999999998
2024-04-17 11:48 | INFO | Query 12 Active Learning Instance Cost: 732713.73
2024-04-17 11:48 | INFO | Query 13 Size of the uncertainty table is = 17659/39325
2024-04-17 11:48 | INFO | Query 13 Size of the filtered table is = 394
2024-04-17 11:51 | INFO | Query 13 Active Learning Runtime on Validation Set: 188086.53999999998
2024-04-17 11:51 | INFO | Query 13 Active Learning Runtime on Test Set: 183520.8
2024-04-17 11:51 | INFO | Query 13 Active Learning Instance Cost: 856600.74
2024-04-17 11:51 | INFO | Timeout limit is increased to 900
2024-04-17 11:51 | INFO | Query 14 Size of the uncertainty table is = 16156/39325
2024-04-17 11:51 | INFO | Query 14 Size of the filtered table is = 394
2024-04-17 11:54 | INFO | Query 14 Active Learning Runtime on Validation Set: 117107.07
2024-04-17 11:54 | INFO | Query 14 Active Learning Runtime on Test Set: 219486.27
2024-04-17 11:54 | INFO | Query 14 Active Learning Instance Cost: 993320.83
2024-04-17 11:54 | INFO | Query 15 Size of the uncertainty table is = 14523/39325
2024-04-17 11:54 | INFO | Query 15 Size of the filtered table is = 394
2024-04-17 11:56 | INFO | Query 15 Active Learning Runtime on Validation Set: 260012.47999999998
2024-04-17 11:56 | INFO | Query 15 Active Learning Runtime on Test Set: 219688.69999999998
2024-04-17 11:56 | INFO | Query 15 Active Learning Instance Cost: 1079000.49
2024-04-17 11:56 | INFO | Timeout limit is increased to 1000
2024-04-17 11:57 | INFO | Query 16 Size of the uncertainty table is = 13557/39325
2024-04-17 11:57 | INFO | Query 16 Size of the filtered table is = 394
2024-04-17 11:59 | INFO | Query 16 Active Learning Runtime on Validation Set: 403112.0
2024-04-17 11:59 | INFO | Query 16 Active Learning Runtime on Test Set: 183654.09999999998
2024-04-17 11:59 | INFO | Query 16 Active Learning Instance Cost: 1191230.24
2024-04-17 11:59 | INFO | Timeout limit is increased to 1100
2024-04-17 11:59 | INFO | Query 17 Size of the uncertainty table is = 12049/39325
2024-04-17 11:59 | INFO | Query 17 Size of the filtered table is = 394
2024-04-17 12:02 | INFO | Query 17 Active Learning Runtime on Validation Set: 438518.02999999997
2024-04-17 12:02 | INFO | Query 17 Active Learning Runtime on Test Set: 183632.71
2024-04-17 12:02 | INFO | Query 17 Active Learning Instance Cost: 1305844.4
2024-04-17 12:02 | INFO | Timeout limit is increased to 1200
2024-04-17 12:02 | INFO | Query 18 Size of the uncertainty table is = 11821/39325
2024-04-17 12:02 | INFO | Query 18 Size of the filtered table is = 394
2024-04-17 12:05 | INFO | Query 18 Active Learning Runtime on Validation Set: 438279.01
2024-04-17 12:05 | INFO | Query 18 Active Learning Runtime on Test Set: 255278.38999999998
2024-04-17 12:05 | INFO | Query 18 Active Learning Instance Cost: 1486967.13
2024-04-17 12:05 | INFO | Query 19 Size of the uncertainty table is = 11037/39325
2024-04-17 12:05 | INFO | Query 19 Size of the filtered table is = 394
2024-04-17 12:08 | INFO | Query 19 Active Learning Runtime on Validation Set: 402062.73
2024-04-17 12:08 | INFO | Query 19 Active Learning Runtime on Test Set: 255297.38999999998
2024-04-17 12:08 | INFO | Query 19 Active Learning Instance Cost: 1556359.21
2024-04-17 12:08 | INFO | Query 20 Size of the uncertainty table is = 10746/39325
2024-04-17 12:08 | INFO | Query 20 Size of the filtered table is = 394
2024-04-17 12:11 | INFO | Query 20 Active Learning Runtime on Validation Set: 402505.6
2024-04-17 12:11 | INFO | Query 20 Active Learning Runtime on Test Set: 255527.21
2024-04-17 12:11 | INFO | Query 20 Active Learning Instance Cost: 1656379.52
2024-04-17 12:11 | INFO | Timeout limit is increased to 1300
2024-04-17 12:11 | INFO | Query 21 Size of the uncertainty table is = 9361/39325
2024-04-17 12:11 | INFO | Query 21 Size of the filtered table is = 394
2024-04-17 12:14 | INFO | Query 21 Active Learning Runtime on Validation Set: 402965.45999999996
2024-04-17 12:14 | INFO | Query 21 Active Learning Runtime on Test Set: 183617.97
2024-04-17 12:14 | INFO | Query 21 Active Learning Instance Cost: 1833124.22
2024-04-17 12:14 | INFO | Timeout limit is increased to 1400
2024-04-17 12:14 | INFO | Query 22 Size of the uncertainty table is = 7514/39325
2024-04-17 12:14 | INFO | Query 22 Size of the filtered table is = 394
2024-04-17 12:16 | INFO | Query 22 Active Learning Runtime on Validation Set: 402985.44
2024-04-17 12:16 | INFO | Query 22 Active Learning Runtime on Test Set: 219636.49
2024-04-17 12:16 | INFO | Query 22 Active Learning Instance Cost: 1965027.94
2024-04-17 12:16 | INFO | Timeout limit is increased to 1500
2024-04-17 12:16 | INFO | Query 23 Size of the uncertainty table is = 7397/39325
2024-04-17 12:16 | INFO | Query 23 Size of the filtered table is = 394
2024-04-17 12:19 | INFO | Query 23 Active Learning Runtime on Validation Set: 402669.76
2024-04-17 12:19 | INFO | Query 23 Active Learning Runtime on Test Set: 219624.96
2024-04-17 12:19 | INFO | Query 23 Active Learning Instance Cost: 2096381.99
2024-04-17 12:19 | INFO | Query 24 Size of the uncertainty table is = 7205/39325
2024-04-17 12:19 | INFO | Query 24 Size of the filtered table is = 394
2024-04-17 12:22 | INFO | Query 24 Active Learning Runtime on Validation Set: 403096.8
2024-04-17 12:22 | INFO | Query 24 Active Learning Runtime on Test Set: 219696.03999999998
2024-04-17 12:22 | INFO | Query 24 Active Learning Instance Cost: 2146521.55
2024-04-17 12:22 | INFO | Timeout limit is increased to 1600
2024-04-17 12:22 | INFO | Query 25 Size of the uncertainty table is = 7153/39325
2024-04-17 12:22 | INFO | Query 25 Size of the filtered table is = 394
2024-04-17 12:25 | INFO | Query 25 Active Learning Runtime on Validation Set: 474413.19
2024-04-17 12:25 | INFO | Query 25 Active Learning Runtime on Test Set: 291354.55
2024-04-17 12:25 | INFO | Query 25 Active Learning Instance Cost: 2251791.01
2024-04-17 12:25 | INFO | Timeout limit is increased to 1700
2024-04-17 12:25 | INFO | Query 26 Size of the uncertainty table is = 6165/39325
2024-04-17 12:25 | INFO | Query 26 Size of the filtered table is = 394
2024-04-17 12:28 | INFO | Query 26 Active Learning Runtime on Validation Set: 474413.19
2024-04-17 12:28 | INFO | Query 26 Active Learning Runtime on Test Set: 291354.61
2024-04-17 12:28 | INFO | Query 26 Active Learning Instance Cost: 2356191.01
2024-04-17 12:28 | INFO | Timeout limit is increased to 1800
2024-04-17 12:28 | INFO | Query 27 Size of the uncertainty table is = 6165/39325
2024-04-17 12:28 | INFO | Query 27 Size of the filtered table is = 394
2024-04-17 12:31 | INFO | Query 27 Active Learning Runtime on Validation Set: 438104.01999999996
2024-04-17 12:31 | INFO | Query 27 Active Learning Runtime on Test Set: 255495.3
2024-04-17 12:31 | INFO | Query 27 Active Learning Instance Cost: 2489294.71
2024-04-17 12:31 | INFO | Query 28 Size of the uncertainty table is = 6144/39325
2024-04-17 12:31 | INFO | Query 28 Size of the filtered table is = 394
2024-04-17 12:34 | INFO | Query 28 Active Learning Runtime on Validation Set: 438238.6
2024-04-17 12:34 | INFO | Query 28 Active Learning Runtime on Test Set: 255493.34
2024-04-17 12:34 | INFO | Query 28 Active Learning Instance Cost: 2540794.71
2024-04-17 12:34 | INFO | Timeout limit is increased to 1900
2024-04-17 12:34 | INFO | Query 29 Size of the uncertainty table is = 6142/39325
2024-04-17 12:34 | INFO | Query 29 Size of the filtered table is = 394
2024-04-17 12:36 | INFO | Query 29 Active Learning Runtime on Validation Set: 438377.95999999996
2024-04-17 12:36 | INFO | Query 29 Active Learning Runtime on Test Set: 255313.83
2024-04-17 12:36 | INFO | Query 29 Active Learning Instance Cost: 2654276.17
2024-04-17 12:36 | INFO | Timeout limit is increased to 2000
2024-04-17 12:37 | INFO | Query 30 Size of the uncertainty table is = 5433/39325
2024-04-17 12:37 | INFO | Query 30 Size of the filtered table is = 394
2024-04-17 12:39 | INFO | Query 30 Active Learning Runtime on Validation Set: 438377.95999999996
2024-04-17 12:39 | INFO | Query 30 Active Learning Runtime on Test Set: 255313.83
2024-04-17 12:39 | INFO | Query 30 Active Learning Instance Cost: 2756676.17
2024-04-17 12:39 | INFO | Timeout limit is increased to 2100
2024-04-17 12:39 | INFO | Query 31 Size of the uncertainty table is = 5433/39325
2024-04-17 12:39 | INFO | Query 31 Size of the filtered table is = 394
2024-04-17 12:42 | INFO | Query 31 Active Learning Runtime on Validation Set: 438407.02999999997
2024-04-17 12:42 | INFO | Query 31 Active Learning Runtime on Test Set: 255313.83
2024-04-17 12:42 | INFO | Query 31 Active Learning Instance Cost: 2881283.33
2024-04-17 12:42 | INFO | Timeout limit is increased to 2200
2024-04-17 12:42 | INFO | Query 32 Size of the uncertainty table is = 5430/39325
2024-04-17 12:42 | INFO | Query 32 Size of the filtered table is = 394
2024-04-17 12:45 | INFO | Query 32 Active Learning Runtime on Validation Set: 438329.69
2024-04-17 12:45 | INFO | Query 32 Active Learning Runtime on Test Set: 255313.83
2024-04-17 12:45 | INFO | Query 32 Active Learning Instance Cost: 2967083.33
2024-04-17 12:45 | INFO | Query 33 Size of the uncertainty table is = 5430/39325
2024-04-17 12:45 | INFO | Query 33 Size of the filtered table is = 394
2024-04-17 12:48 | INFO | Query 33 Active Learning Runtime on Validation Set: 402399.55
2024-04-17 12:48 | INFO | Query 33 Active Learning Runtime on Test Set: 255319.15
2024-04-17 12:48 | INFO | Query 33 Active Learning Instance Cost: 3022183.33
2024-04-17 12:48 | INFO | Query 34 Size of the uncertainty table is = 5425/39325
2024-04-17 12:48 | INFO | Query 34 Size of the filtered table is = 394
2024-04-17 12:51 | INFO | Query 34 Active Learning Runtime on Validation Set: 402178.48
2024-04-17 12:51 | INFO | Query 34 Active Learning Runtime on Test Set: 255390.50999999998
2024-04-17 12:51 | INFO | Query 34 Active Learning Instance Cost: 3107539.56
2024-04-17 12:51 | INFO | Query 35 Size of the uncertainty table is = 5260/39325
2024-04-17 12:51 | INFO | Query 35 Size of the filtered table is = 394
2024-04-17 12:54 | INFO | Query 35 Active Learning Runtime on Validation Set: 438592.38
2024-04-17 12:54 | INFO | Query 35 Active Learning Runtime on Test Set: 255324.94
2024-04-17 12:54 | INFO | Query 35 Active Learning Instance Cost: 3203897.24
2024-04-17 12:54 | INFO | Timeout limit is increased to 2300
2024-04-17 12:54 | INFO | Query 36 Size of the uncertainty table is = 4249/39325
2024-04-17 12:54 | INFO | Query 36 Size of the filtered table is = 300
2024-04-17 12:57 | INFO | Query 36 Active Learning Runtime on Validation Set: 510575.32
2024-04-17 12:57 | INFO | Query 36 Active Learning Runtime on Test Set: 255441.47
2024-04-17 12:57 | INFO | Query 36 Active Learning Instance Cost: 3299063.15
2024-04-17 12:57 | INFO | Timeout limit is increased to 2400
2024-04-17 12:57 | INFO | Query 37 Size of the uncertainty table is = 3991/39325
2024-04-17 12:57 | INFO | Query 37 Size of the filtered table is = 394
2024-04-17 13:00 | INFO | Query 37 Active Learning Runtime on Validation Set: 510575.32
2024-04-17 13:00 | INFO | Query 37 Active Learning Runtime on Test Set: 255441.47
2024-04-17 13:00 | INFO | Query 37 Active Learning Instance Cost: 3394663.15
2024-04-17 13:00 | INFO | Timeout limit is increased to 2500
2024-04-17 13:00 | INFO | Query 38 Size of the uncertainty table is = 3991/39325
2024-04-17 13:00 | INFO | Query 38 Size of the filtered table is = 394
2024-04-17 13:02 | INFO | Query 38 Active Learning Runtime on Validation Set: 510575.32
2024-04-17 13:02 | INFO | Query 38 Active Learning Runtime on Test Set: 255441.47
2024-04-17 13:02 | INFO | Query 38 Active Learning Instance Cost: 3555263.15
2024-04-17 13:02 | INFO | Timeout limit is increased to 2600
2024-04-17 13:02 | INFO | Query 39 Size of the uncertainty table is = 3991/39325
2024-04-17 13:02 | INFO | Query 39 Size of the filtered table is = 394
2024-04-17 13:05 | INFO | Query 39 Active Learning Runtime on Validation Set: 510575.32
2024-04-17 13:05 | INFO | Query 39 Active Learning Runtime on Test Set: 255441.47
2024-04-17 13:05 | INFO | Query 39 Active Learning Instance Cost: 3637363.15
2024-04-17 13:05 | INFO | Timeout limit is increased to 2700
2024-04-17 13:05 | INFO | Query 40 Size of the uncertainty table is = 3991/39325
2024-04-17 13:05 | INFO | Query 40 Size of the filtered table is = 394
2024-04-17 13:08 | INFO | Query 40 Active Learning Runtime on Validation Set: 510575.32
2024-04-17 13:08 | INFO | Query 40 Active Learning Runtime on Test Set: 255441.47
2024-04-17 13:08 | INFO | Query 40 Active Learning Instance Cost: 3737263.15
2024-04-17 13:08 | INFO | Timeout limit is increased to 2800
2024-04-17 13:08 | INFO | Query 41 Size of the uncertainty table is = 3991/39325
2024-04-17 13:08 | INFO | Query 41 Size of the filtered table is = 394
2024-04-17 13:11 | INFO | Query 41 Active Learning Runtime on Validation Set: 510575.32
2024-04-17 13:11 | INFO | Query 41 Active Learning Runtime on Test Set: 255441.47
2024-04-17 13:11 | INFO | Query 41 Active Learning Instance Cost: 3817863.15
2024-04-17 13:11 | INFO | Timeout limit is increased to 2900
2024-04-17 13:11 | INFO | Query 42 Size of the uncertainty table is = 3991/39325
2024-04-17 13:11 | INFO | Query 42 Size of the filtered table is = 394
2024-04-17 13:14 | INFO | Query 42 Active Learning Runtime on Validation Set: 510575.32
2024-04-17 13:14 | INFO | Query 42 Active Learning Runtime on Test Set: 255441.47
2024-04-17 13:14 | INFO | Query 42 Active Learning Instance Cost: 3912563.15
2024-04-17 13:14 | INFO | Timeout limit is increased to 3000
2024-04-17 13:14 | INFO | Query 43 Size of the uncertainty table is = 3991/39325
2024-04-17 13:14 | INFO | Query 43 Size of the filtered table is = 394
2024-04-17 13:17 | INFO | Query 43 Active Learning Runtime on Validation Set: 510575.32
2024-04-17 13:17 | INFO | Query 43 Active Learning Runtime on Test Set: 255441.47
2024-04-17 13:17 | INFO | Query 43 Active Learning Instance Cost: 3992563.15
2024-04-17 13:17 | INFO | Timeout limit is increased to 3100
2024-04-17 13:17 | INFO | Query 44 Size of the uncertainty table is = 3991/39325
2024-04-17 13:17 | INFO | Query 44 Size of the filtered table is = 394
2024-04-17 13:20 | INFO | Query 44 Active Learning Runtime on Validation Set: 510575.32
2024-04-17 13:20 | INFO | Query 44 Active Learning Runtime on Test Set: 255441.47
2024-04-17 13:20 | INFO | Query 44 Active Learning Instance Cost: 4087063.15
2024-04-17 13:20 | INFO | Timeout limit is increased to 3200
2024-04-17 13:20 | INFO | Query 45 Size of the uncertainty table is = 3991/39325
2024-04-17 13:20 | INFO | Query 45 Size of the filtered table is = 394
2024-04-17 13:23 | INFO | Query 45 Active Learning Runtime on Validation Set: 510575.32
2024-04-17 13:23 | INFO | Query 45 Active Learning Runtime on Test Set: 255441.47
2024-04-17 13:23 | INFO | Query 45 Active Learning Instance Cost: 4166963.15
2024-04-17 13:23 | INFO | Timeout limit is increased to 3300
2024-04-17 13:23 | INFO | Query 46 Size of the uncertainty table is = 3991/39325
2024-04-17 13:23 | INFO | Query 46 Size of the filtered table is = 394
2024-04-17 13:25 | INFO | Query 46 Active Learning Runtime on Validation Set: 510575.32
2024-04-17 13:25 | INFO | Query 46 Active Learning Runtime on Test Set: 255441.47
2024-04-17 13:25 | INFO | Query 46 Active Learning Instance Cost: 4262963.15
2024-04-17 13:25 | INFO | Timeout limit is increased to 3400
2024-04-17 13:25 | INFO | Query 47 Size of the uncertainty table is = 3991/39325
2024-04-17 13:25 | INFO | Query 47 Size of the filtered table is = 394
2024-04-17 13:28 | INFO | Query 47 Active Learning Runtime on Validation Set: 510575.32
2024-04-17 13:28 | INFO | Query 47 Active Learning Runtime on Test Set: 255441.47
2024-04-17 13:28 | INFO | Query 47 Active Learning Instance Cost: 4342063.15
2024-04-17 13:28 | INFO | Timeout limit is increased to 3500
2024-04-17 13:28 | INFO | Query 48 Size of the uncertainty table is = 3991/39325
2024-04-17 13:28 | INFO | Query 48 Size of the filtered table is = 394
2024-04-17 13:31 | INFO | Query 48 Active Learning Runtime on Validation Set: 510575.32
2024-04-17 13:31 | INFO | Query 48 Active Learning Runtime on Test Set: 255441.47
2024-04-17 13:31 | INFO | Query 48 Active Learning Instance Cost: 4436063.15
2024-04-17 13:31 | INFO | Timeout limit is increased to 3600
2024-04-17 13:31 | INFO | Query 49 Size of the uncertainty table is = 3991/39325
2024-04-17 13:31 | INFO | Query 49 Size of the filtered table is = 394
2024-04-17 13:34 | INFO | Query 49 Active Learning Runtime on Validation Set: 510575.32
2024-04-17 13:34 | INFO | Query 49 Active Learning Runtime on Test Set: 255441.47
2024-04-17 13:34 | INFO | Query 49 Active Learning Instance Cost: 4515363.15
2024-04-17 13:34 | INFO | Timeout limit is increased to 3600
2024-04-17 13:34 | INFO | runtime_test_score is written as json file
2024-04-17 13:34 | INFO | runtime_validation_score is written as json file
2024-04-17 13:34 | INFO | instance_cost is written as json file
2024-04-17 13:34 | INFO | Experiment is finished
