2024-04-17 11:11 | INFO | Paramaters are: {'dataset': 'ASP-POTASSCO', 'penalty': 10, 'weight': 'No_Weight', 'voting': 'Hard', 'pre_selection_size': 64, 'pre_selection_technique': 'No_pre_selection', 'feature_elimination_threshold': 20, 'imputer_strategy': 'median', 'feature_selection_technique': 'No_feature_selection', 'feature_scaling_technique': 'StandardScaler', 'initial_train_size': 20, 'query_size': 1, 'timeout_predictor_usage': 'Yes', 'timeout_limit': 100, 'timeout_increase_rate': 100, 'RANDOM_STATE_SEED': 99, 'n_splits': 10, 'split_number': 4, 'max_timeout': 3600, 'param_grid': {'n_estimators': 100, 'criterion': 'gini', 'max_features': 'sqrt', 'max_depth': 2147483648, 'min_samples_split': 2, 'bootstrap': True}}
2024-04-17 11:11 | INFO | ASP-POTASSCO is current dataset
2024-04-17 11:11 | INFO | DATASETS/ASP-POTASSCO/algorithm_runs.arff is found
2024-04-17 11:11 | INFO | DATASETS/ASP-POTASSCO/algorithm_runs.arff is finished
2024-04-17 11:11 | INFO | DATASETS/ASP-POTASSCO/feature_values.arff is found
2024-04-17 11:11 | INFO | DATASETS/ASP-POTASSCO/feature_values.arff is finished
2024-04-17 11:11 | INFO | DATASETS/ASP-POTASSCO/feature_costs.arff is found
2024-04-17 11:11 | INFO | DATASETS/ASP-POTASSCO/feature_costs.arff is finished
2024-04-17 11:11 | INFO | Virtual best solver time in train = 21762.03
2024-04-17 11:11 | INFO | Single best solver list train = {'clasp/2.1.3/h1-n1': 3079012.74, 'clasp/2.1.3/h10-n1': 5027866.45, 'clasp/2.1.3/h11-n1': 6580001.35, 'clasp/2.1.3/h2-n1': 5100806.94, 'clasp/2.1.3/h3-n1': 5699327.04, 'clasp/2.1.3/h4-n1': 3991345.46, 'clasp/2.1.3/h5-n1': 4882101.17, 'clasp/2.1.3/h6-n1': 3989818.16, 'clasp/2.1.3/h7-n1': 6392971.74, 'clasp/2.1.3/h8-n1': 2708882.1, 'clasp/2.1.3/h9-n1': 4566308.5}
2024-04-17 11:11 | INFO | Single best solver time train = clasp/2.1.3/h8-n1 (2708882.1)
2024-04-17 11:11 | INFO | Virtual best solver time in validation = 2836.51
2024-04-17 11:11 | INFO | Single best solver list validation = {'clasp/2.1.3/h1-n1': 304197.82, 'clasp/2.1.3/h10-n1': 616292.97, 'clasp/2.1.3/h11-n1': 2426303.33, 'clasp/2.1.3/h2-n1': 546086.93, 'clasp/2.1.3/h3-n1': 2246991.92, 'clasp/2.1.3/h4-n1': 699852.56, 'clasp/2.1.3/h5-n1': 259379.75, 'clasp/2.1.3/h6-n1': 545238.99, 'clasp/2.1.3/h7-n1': 661940.87, 'clasp/2.1.3/h8-n1': 905054.39, 'clasp/2.1.3/h9-n1': 1815762.26}
2024-04-17 11:11 | INFO | Single best solver time validation = clasp/2.1.3/h5-n1 (259379.75)
2024-04-17 11:11 | INFO | Virtual best solver time in test = 2679.77
2024-04-17 11:11 | INFO | Single best solver list test = {'clasp/2.1.3/h1-n1': 293720.74, 'clasp/2.1.3/h10-n1': 688358.58, 'clasp/2.1.3/h11-n1': 1262030.7, 'clasp/2.1.3/h2-n1': 794210.73, 'clasp/2.1.3/h3-n1': 907683.06, 'clasp/2.1.3/h4-n1': 293651.86, 'clasp/2.1.3/h5-n1': 507873.8, 'clasp/2.1.3/h6-n1': 616623.34, 'clasp/2.1.3/h7-n1': 1011968.28, 'clasp/2.1.3/h8-n1': 581173.62, 'clasp/2.1.3/h9-n1': 652057.88}
2024-04-17 11:11 | INFO | Single best solver time test = clasp/2.1.3/h4-n1 (293651.86)
2024-04-17 11:14 | INFO | Passive Learning Runtime on Validation Set: 329232.16
2024-04-17 11:14 | INFO | Passive Learning Runtime on Test Set: 112773.94
2024-04-17 11:14 | INFO | Passive Learning Instance Cost: 5492041.65
2024-04-17 11:16 | INFO | Initial Active Learning Runtime on Validation Set: 334437.16
2024-04-17 11:16 | INFO | Initial Active Learning Runtime on Test Set: 365357.48
2024-04-17 11:16 | INFO | Initial Active Learning Instance Cost: 12639.72
2024-04-17 11:16 | INFO | Bin size = 394
2024-04-17 11:17 | INFO | Query 1 Size of the uncertainty table is = 39706/39325
2024-04-17 11:17 | INFO | Query 1 Size of the filtered table is = 394
2024-04-17 11:19 | INFO | Query 1 Active Learning Runtime on Validation Set: 294440.49
2024-04-17 11:19 | INFO | Query 1 Active Learning Runtime on Test Set: 363849.86
2024-04-17 11:19 | INFO | Query 1 Active Learning Instance Cost: 28496.43
2024-04-17 11:19 | INFO | Query 2 Size of the uncertainty table is = 38988/39325
2024-04-17 11:19 | INFO | Query 2 Size of the filtered table is = 394
2024-04-17 11:21 | INFO | Query 2 Active Learning Runtime on Validation Set: 258699.22
2024-04-17 11:21 | INFO | Query 2 Active Learning Runtime on Test Set: 399146.63
2024-04-17 11:21 | INFO | Query 2 Active Learning Instance Cost: 43856.33
2024-04-17 11:21 | INFO | Query 3 Size of the uncertainty table is = 37899/39325
2024-04-17 11:21 | INFO | Query 3 Size of the filtered table is = 394
2024-04-17 11:24 | INFO | Query 3 Active Learning Runtime on Validation Set: 115270.73
2024-04-17 11:24 | INFO | Query 3 Active Learning Runtime on Test Set: 400185.71
2024-04-17 11:24 | INFO | Query 3 Active Learning Instance Cost: 55905.42
2024-04-17 11:24 | INFO | Query 4 Size of the uncertainty table is = 36336/39325
2024-04-17 11:24 | INFO | Query 4 Size of the filtered table is = 394
2024-04-17 11:26 | INFO | Query 4 Active Learning Runtime on Validation Set: 366869.68
2024-04-17 11:26 | INFO | Query 4 Active Learning Runtime on Test Set: 328705.57
2024-04-17 11:26 | INFO | Query 4 Active Learning Instance Cost: 69964.29
2024-04-17 11:26 | INFO | Timeout limit is increased to 200
2024-04-17 11:26 | INFO | Query 5 Size of the uncertainty table is = 34555/39325
2024-04-17 11:26 | INFO | Query 5 Size of the filtered table is = 394
2024-04-17 11:29 | INFO | Query 5 Active Learning Runtime on Validation Set: 329181.5
2024-04-17 11:29 | INFO | Query 5 Active Learning Runtime on Test Set: 256427.52
2024-04-17 11:29 | INFO | Query 5 Active Learning Instance Cost: 93809.41
2024-04-17 11:29 | INFO | Query 6 Size of the uncertainty table is = 32600/39325
2024-04-17 11:29 | INFO | Query 6 Size of the filtered table is = 394
2024-04-17 11:32 | INFO | Query 6 Active Learning Runtime on Validation Set: 329606.76
2024-04-17 11:32 | INFO | Query 6 Active Learning Runtime on Test Set: 256250.09
2024-04-17 11:32 | INFO | Query 6 Active Learning Instance Cost: 139270.34
2024-04-17 11:32 | INFO | Timeout limit is increased to 300
2024-04-17 11:32 | INFO | Query 7 Size of the uncertainty table is = 30848/39325
2024-04-17 11:32 | INFO | Query 7 Size of the filtered table is = 394
2024-04-17 11:34 | INFO | Query 7 Active Learning Runtime on Validation Set: 293486.2
2024-04-17 11:34 | INFO | Query 7 Active Learning Runtime on Test Set: 76601.09
2024-04-17 11:34 | INFO | Query 7 Active Learning Instance Cost: 193333.35
2024-04-17 11:34 | INFO | Query 8 Size of the uncertainty table is = 28735/39325
2024-04-17 11:34 | INFO | Query 8 Size of the filtered table is = 394
2024-04-17 11:37 | INFO | Query 8 Active Learning Runtime on Validation Set: 364965.44
2024-04-17 11:37 | INFO | Query 8 Active Learning Runtime on Test Set: 256620.87
2024-04-17 11:37 | INFO | Query 8 Active Learning Instance Cost: 244293.63
2024-04-17 11:37 | INFO | Timeout limit is increased to 400
2024-04-17 11:37 | INFO | Query 9 Size of the uncertainty table is = 26742/39325
2024-04-17 11:37 | INFO | Query 9 Size of the filtered table is = 394
2024-04-17 11:40 | INFO | Query 9 Active Learning Runtime on Validation Set: 221400.72999999998
2024-04-17 11:40 | INFO | Query 9 Active Learning Runtime on Test Set: 113016.47
2024-04-17 11:40 | INFO | Query 9 Active Learning Instance Cost: 303779.05
2024-04-17 11:40 | INFO | Query 10 Size of the uncertainty table is = 24530/39325
2024-04-17 11:40 | INFO | Query 10 Size of the filtered table is = 394
2024-04-17 11:43 | INFO | Query 10 Active Learning Runtime on Validation Set: 221678.18
2024-04-17 11:43 | INFO | Query 10 Active Learning Runtime on Test Set: 112827.01999999999
2024-04-17 11:43 | INFO | Query 10 Active Learning Instance Cost: 381632.84
2024-04-17 11:43 | INFO | Timeout limit is increased to 500
2024-04-17 11:43 | INFO | Query 11 Size of the uncertainty table is = 22538/39325
2024-04-17 11:43 | INFO | Query 11 Size of the filtered table is = 394
2024-04-17 11:46 | INFO | Query 11 Active Learning Runtime on Validation Set: 293420.67
2024-04-17 11:46 | INFO | Query 11 Active Learning Runtime on Test Set: 148836.74
2024-04-17 11:46 | INFO | Query 11 Active Learning Instance Cost: 452211.04
2024-04-17 11:46 | INFO | Timeout limit is increased to 600
2024-04-17 11:46 | INFO | Query 12 Size of the uncertainty table is = 20379/39325
2024-04-17 11:46 | INFO | Query 12 Size of the filtered table is = 394
2024-04-17 11:49 | INFO | Query 12 Active Learning Runtime on Validation Set: 329231.61
2024-04-17 11:49 | INFO | Query 12 Active Learning Runtime on Test Set: 76872.29999999999
2024-04-17 11:49 | INFO | Query 12 Active Learning Instance Cost: 550443.74
2024-04-17 11:49 | INFO | Timeout limit is increased to 700
2024-04-17 11:49 | INFO | Query 13 Size of the uncertainty table is = 18612/39325
2024-04-17 11:49 | INFO | Query 13 Size of the filtered table is = 394
2024-04-17 11:52 | INFO | Query 13 Active Learning Runtime on Validation Set: 365301.68
2024-04-17 11:52 | INFO | Query 13 Active Learning Runtime on Test Set: 78002.06
2024-04-17 11:52 | INFO | Query 13 Active Learning Instance Cost: 655325.12
2024-04-17 11:52 | INFO | Timeout limit is increased to 800
2024-04-17 11:52 | INFO | Query 14 Size of the uncertainty table is = 16957/39325
2024-04-17 11:52 | INFO | Query 14 Size of the filtered table is = 394
2024-04-17 11:55 | INFO | Query 14 Active Learning Runtime on Validation Set: 293456.97
2024-04-17 11:55 | INFO | Query 14 Active Learning Runtime on Test Set: 113306.78
2024-04-17 11:55 | INFO | Query 14 Active Learning Instance Cost: 816590.52
2024-04-17 11:55 | INFO | Query 15 Size of the uncertainty table is = 15811/39325
2024-04-17 11:55 | INFO | Query 15 Size of the filtered table is = 394
2024-04-17 11:57 | INFO | Query 15 Active Learning Runtime on Validation Set: 365177.48
2024-04-17 11:57 | INFO | Query 15 Active Learning Runtime on Test Set: 113565.01999999999
2024-04-17 11:57 | INFO | Query 15 Active Learning Instance Cost: 960118.09
2024-04-17 11:57 | INFO | Timeout limit is increased to 900
2024-04-17 11:57 | INFO | Query 16 Size of the uncertainty table is = 14771/39325
2024-04-17 11:57 | INFO | Query 16 Size of the filtered table is = 394
2024-04-17 12:00 | INFO | Query 16 Active Learning Runtime on Validation Set: 293459.06
2024-04-17 12:00 | INFO | Query 16 Active Learning Runtime on Test Set: 113078.45999999999
2024-04-17 12:00 | INFO | Query 16 Active Learning Instance Cost: 1110446.79
2024-04-17 12:00 | INFO | Query 17 Size of the uncertainty table is = 12724/39325
2024-04-17 12:00 | INFO | Query 17 Size of the filtered table is = 394
2024-04-17 12:03 | INFO | Query 17 Active Learning Runtime on Validation Set: 328633.06
2024-04-17 12:03 | INFO | Query 17 Active Learning Runtime on Test Set: 76830.9
2024-04-17 12:03 | INFO | Query 17 Active Learning Instance Cost: 1195541.69
2024-04-17 12:03 | INFO | Timeout limit is increased to 1000
2024-04-17 12:03 | INFO | Query 18 Size of the uncertainty table is = 12308/39325
2024-04-17 12:03 | INFO | Query 18 Size of the filtered table is = 394
2024-04-17 12:06 | INFO | Query 18 Active Learning Runtime on Validation Set: 328965.55
2024-04-17 12:06 | INFO | Query 18 Active Learning Runtime on Test Set: 112900.26
2024-04-17 12:06 | INFO | Query 18 Active Learning Instance Cost: 1304699.86
2024-04-17 12:06 | INFO | Timeout limit is increased to 1100
2024-04-17 12:06 | INFO | Query 19 Size of the uncertainty table is = 10845/39325
2024-04-17 12:06 | INFO | Query 19 Size of the filtered table is = 394
2024-04-17 12:09 | INFO | Query 19 Active Learning Runtime on Validation Set: 364970.6
2024-04-17 12:09 | INFO | Query 19 Active Learning Runtime on Test Set: 40756.560000000005
2024-04-17 12:09 | INFO | Query 19 Active Learning Instance Cost: 1472919.16
2024-04-17 12:09 | INFO | Timeout limit is increased to 1200
2024-04-17 12:09 | INFO | Query 20 Size of the uncertainty table is = 10477/39325
2024-04-17 12:09 | INFO | Query 20 Size of the filtered table is = 394
2024-04-17 12:12 | INFO | Query 20 Active Learning Runtime on Validation Set: 329440.42
2024-04-17 12:12 | INFO | Query 20 Active Learning Runtime on Test Set: 77220.09
2024-04-17 12:12 | INFO | Query 20 Active Learning Instance Cost: 1578325.9
2024-04-17 12:12 | INFO | Query 21 Size of the uncertainty table is = 10042/39325
2024-04-17 12:12 | INFO | Query 21 Size of the filtered table is = 394
2024-04-17 12:15 | INFO | Query 21 Active Learning Runtime on Validation Set: 401505.77999999997
2024-04-17 12:15 | INFO | Query 21 Active Learning Runtime on Test Set: 113509.79999999999
2024-04-17 12:15 | INFO | Query 21 Active Learning Instance Cost: 1669586.88
2024-04-17 12:15 | INFO | Timeout limit is increased to 1300
2024-04-17 12:15 | INFO | Query 22 Size of the uncertainty table is = 9929/39325
2024-04-17 12:15 | INFO | Query 22 Size of the filtered table is = 394
2024-04-17 12:18 | INFO | Query 22 Active Learning Runtime on Validation Set: 294485.14
2024-04-17 12:18 | INFO | Query 22 Active Learning Runtime on Test Set: 41394.86
2024-04-17 12:18 | INFO | Query 22 Active Learning Instance Cost: 1788301.91
2024-04-17 12:18 | INFO | Query 23 Size of the uncertainty table is = 8444/39325
2024-04-17 12:18 | INFO | Query 23 Size of the filtered table is = 394
2024-04-17 12:21 | INFO | Query 23 Active Learning Runtime on Validation Set: 258432.16999999998
2024-04-17 12:21 | INFO | Query 23 Active Learning Runtime on Test Set: 77372.54
2024-04-17 12:21 | INFO | Query 23 Active Learning Instance Cost: 1844966.8
2024-04-17 12:21 | INFO | Query 24 Size of the uncertainty table is = 8382/39325
2024-04-17 12:21 | INFO | Query 24 Size of the filtered table is = 394
2024-04-17 12:24 | INFO | Query 24 Active Learning Runtime on Validation Set: 329789.77
2024-04-17 12:24 | INFO | Query 24 Active Learning Runtime on Test Set: 113672.48999999999
2024-04-17 12:24 | INFO | Query 24 Active Learning Instance Cost: 1890678.0
2024-04-17 12:24 | INFO | Timeout limit is increased to 1400
2024-04-17 12:24 | INFO | Query 25 Size of the uncertainty table is = 7835/39325
2024-04-17 12:24 | INFO | Query 25 Size of the filtered table is = 394
2024-04-17 12:27 | INFO | Query 25 Active Learning Runtime on Validation Set: 328942.38
2024-04-17 12:27 | INFO | Query 25 Active Learning Runtime on Test Set: 113750.31999999999
2024-04-17 12:27 | INFO | Query 25 Active Learning Instance Cost: 1983834.41
2024-04-17 12:27 | INFO | Query 26 Size of the uncertainty table is = 6048/39325
2024-04-17 12:27 | INFO | Query 26 Size of the filtered table is = 394
2024-04-17 12:30 | INFO | Query 26 Active Learning Runtime on Validation Set: 329206.81
2024-04-17 12:30 | INFO | Query 26 Active Learning Runtime on Test Set: 113678.89
2024-04-17 12:30 | INFO | Query 26 Active Learning Instance Cost: 2058334.41
2024-04-17 12:30 | INFO | Timeout limit is increased to 1500
2024-04-17 12:30 | INFO | Query 27 Size of the uncertainty table is = 6036/39325
2024-04-17 12:30 | INFO | Query 27 Size of the filtered table is = 394
2024-04-17 12:33 | INFO | Query 27 Active Learning Runtime on Validation Set: 329208.31
2024-04-17 12:33 | INFO | Query 27 Active Learning Runtime on Test Set: 113678.89
2024-04-17 12:33 | INFO | Query 27 Active Learning Instance Cost: 2137695.53
2024-04-17 12:33 | INFO | Timeout limit is increased to 1600
2024-04-17 12:33 | INFO | Query 28 Size of the uncertainty table is = 6022/39325
2024-04-17 12:33 | INFO | Query 28 Size of the filtered table is = 394
2024-04-17 12:35 | INFO | Query 28 Active Learning Runtime on Validation Set: 329206.81
2024-04-17 12:35 | INFO | Query 28 Active Learning Runtime on Test Set: 113678.89
2024-04-17 12:35 | INFO | Query 28 Active Learning Instance Cost: 2241395.53
2024-04-17 12:35 | INFO | Query 29 Size of the uncertainty table is = 6020/39325
2024-04-17 12:35 | INFO | Query 29 Size of the filtered table is = 394
2024-04-17 12:38 | INFO | Query 29 Active Learning Runtime on Validation Set: 329005.87
2024-04-17 12:38 | INFO | Query 29 Active Learning Runtime on Test Set: 113752.67
2024-04-17 12:38 | INFO | Query 29 Active Learning Instance Cost: 2288782.18
2024-04-17 12:38 | INFO | Query 30 Size of the uncertainty table is = 6015/39325
2024-04-17 12:38 | INFO | Query 30 Size of the filtered table is = 394
2024-04-17 12:41 | INFO | Query 30 Active Learning Runtime on Validation Set: 329493.93
2024-04-17 12:41 | INFO | Query 30 Active Learning Runtime on Test Set: 77203.12999999999
2024-04-17 12:41 | INFO | Query 30 Active Learning Instance Cost: 2353854.06
2024-04-17 12:41 | INFO | Timeout limit is increased to 1700
2024-04-17 12:41 | INFO | Query 31 Size of the uncertainty table is = 5587/39325
2024-04-17 12:41 | INFO | Query 31 Size of the filtered table is = 394
2024-04-17 12:44 | INFO | Query 31 Active Learning Runtime on Validation Set: 365176.76
2024-04-17 12:44 | INFO | Query 31 Active Learning Runtime on Test Set: 113281.78
2024-04-17 12:44 | INFO | Query 31 Active Learning Instance Cost: 2449575.55
2024-04-17 12:44 | INFO | Timeout limit is increased to 1800
2024-04-17 12:44 | INFO | Query 32 Size of the uncertainty table is = 4579/39325
2024-04-17 12:44 | INFO | Query 32 Size of the filtered table is = 394
2024-04-17 12:47 | INFO | Query 32 Active Learning Runtime on Validation Set: 365276.79
2024-04-17 12:47 | INFO | Query 32 Active Learning Runtime on Test Set: 113281.78
2024-04-17 12:47 | INFO | Query 32 Active Learning Instance Cost: 2596075.55
2024-04-17 12:47 | INFO | Timeout limit is increased to 1900
2024-04-17 12:47 | INFO | Query 33 Size of the uncertainty table is = 4579/39325
2024-04-17 12:47 | INFO | Query 33 Size of the filtered table is = 394
2024-04-17 12:50 | INFO | Query 33 Active Learning Runtime on Validation Set: 329185.3
2024-04-17 12:50 | INFO | Query 33 Active Learning Runtime on Test Set: 113281.78
2024-04-17 12:50 | INFO | Query 33 Active Learning Instance Cost: 2705375.55
2024-04-17 12:50 | INFO | Query 34 Size of the uncertainty table is = 4579/39325
2024-04-17 12:50 | INFO | Query 34 Size of the filtered table is = 394
2024-04-17 12:53 | INFO | Query 34 Active Learning Runtime on Validation Set: 365276.79
2024-04-17 12:53 | INFO | Query 34 Active Learning Runtime on Test Set: 113281.78
2024-04-17 12:53 | INFO | Query 34 Active Learning Instance Cost: 2763875.55
2024-04-17 12:53 | INFO | Timeout limit is increased to 2000
2024-04-17 12:53 | INFO | Query 35 Size of the uncertainty table is = 4579/39325
2024-04-17 12:53 | INFO | Query 35 Size of the filtered table is = 394
2024-04-17 12:56 | INFO | Query 35 Active Learning Runtime on Validation Set: 365176.76
2024-04-17 12:56 | INFO | Query 35 Active Learning Runtime on Test Set: 113281.78
2024-04-17 12:56 | INFO | Query 35 Active Learning Instance Cost: 2874148.5
2024-04-17 12:56 | INFO | Query 36 Size of the uncertainty table is = 4577/39325
2024-04-17 12:56 | INFO | Query 36 Size of the filtered table is = 394
2024-04-17 12:59 | INFO | Query 36 Active Learning Runtime on Validation Set: 293252.36
2024-04-17 12:59 | INFO | Query 36 Active Learning Runtime on Test Set: 113281.78
2024-04-17 12:59 | INFO | Query 36 Active Learning Instance Cost: 2920248.5
2024-04-17 12:59 | INFO | Query 37 Size of the uncertainty table is = 4577/39325
2024-04-17 12:59 | INFO | Query 37 Size of the filtered table is = 394
2024-04-17 13:02 | INFO | Query 37 Active Learning Runtime on Validation Set: 328959.41
2024-04-17 13:02 | INFO | Query 37 Active Learning Runtime on Test Set: 112836.73
2024-04-17 13:02 | INFO | Query 37 Active Learning Instance Cost: 2944174.37
2024-04-17 13:02 | INFO | Timeout limit is increased to 2100
2024-04-17 13:02 | INFO | Query 38 Size of the uncertainty table is = 4556/39325
2024-04-17 13:02 | INFO | Query 38 Size of the filtered table is = 394
2024-04-17 13:05 | INFO | Query 38 Active Learning Runtime on Validation Set: 258440.59
2024-04-17 13:05 | INFO | Query 38 Active Learning Runtime on Test Set: 77187.06
2024-04-17 13:05 | INFO | Query 38 Active Learning Instance Cost: 3090425.84
2024-04-17 13:05 | INFO | Query 39 Size of the uncertainty table is = 4118/39325
2024-04-17 13:05 | INFO | Query 39 Size of the filtered table is = 394
2024-04-17 13:07 | INFO | Query 39 Active Learning Runtime on Validation Set: 258440.59
2024-04-17 13:07 | INFO | Query 39 Active Learning Runtime on Test Set: 77187.06
2024-04-17 13:07 | INFO | Query 39 Active Learning Instance Cost: 3139725.84
2024-04-17 13:07 | INFO | Timeout limit is increased to 2200
2024-04-17 13:07 | INFO | Query 40 Size of the uncertainty table is = 4118/39325
2024-04-17 13:07 | INFO | Query 40 Size of the filtered table is = 394
2024-04-17 13:10 | INFO | Query 40 Active Learning Runtime on Validation Set: 258440.59
2024-04-17 13:10 | INFO | Query 40 Active Learning Runtime on Test Set: 77187.06
2024-04-17 13:10 | INFO | Query 40 Active Learning Instance Cost: 3210925.84
2024-04-17 13:10 | INFO | Timeout limit is increased to 2300
2024-04-17 13:10 | INFO | Query 41 Size of the uncertainty table is = 4118/39325
2024-04-17 13:10 | INFO | Query 41 Size of the filtered table is = 394
2024-04-17 13:13 | INFO | Query 41 Active Learning Runtime on Validation Set: 258442.91999999998
2024-04-17 13:13 | INFO | Query 41 Active Learning Runtime on Test Set: 77187.06
2024-04-17 13:13 | INFO | Query 41 Active Learning Instance Cost: 3332525.84
2024-04-17 13:13 | INFO | Timeout limit is increased to 2400
2024-04-17 13:13 | INFO | Query 42 Size of the uncertainty table is = 4118/39325
2024-04-17 13:13 | INFO | Query 42 Size of the filtered table is = 394
2024-04-17 13:16 | INFO | Query 42 Active Learning Runtime on Validation Set: 258440.59
2024-04-17 13:16 | INFO | Query 42 Active Learning Runtime on Test Set: 77187.06
2024-04-17 13:16 | INFO | Query 42 Active Learning Instance Cost: 3417625.84
2024-04-17 13:16 | INFO | Query 43 Size of the uncertainty table is = 4118/39325
2024-04-17 13:16 | INFO | Query 43 Size of the filtered table is = 394
2024-04-17 13:19 | INFO | Query 43 Active Learning Runtime on Validation Set: 258440.59
2024-04-17 13:19 | INFO | Query 43 Active Learning Runtime on Test Set: 77187.06
2024-04-17 13:19 | INFO | Query 43 Active Learning Instance Cost: 3466225.84
2024-04-17 13:19 | INFO | Timeout limit is increased to 2500
2024-04-17 13:19 | INFO | Query 44 Size of the uncertainty table is = 4118/39325
2024-04-17 13:19 | INFO | Query 44 Size of the filtered table is = 394
2024-04-17 13:22 | INFO | Query 44 Active Learning Runtime on Validation Set: 258440.59
2024-04-17 13:22 | INFO | Query 44 Active Learning Runtime on Test Set: 77187.06
2024-04-17 13:22 | INFO | Query 44 Active Learning Instance Cost: 3582425.84
2024-04-17 13:22 | INFO | Timeout limit is increased to 2600
2024-04-17 13:22 | INFO | Query 45 Size of the uncertainty table is = 4118/39325
2024-04-17 13:22 | INFO | Query 45 Size of the filtered table is = 394
2024-04-17 13:25 | INFO | Query 45 Active Learning Runtime on Validation Set: 258440.59
2024-04-17 13:25 | INFO | Query 45 Active Learning Runtime on Test Set: 77187.06
2024-04-17 13:25 | INFO | Query 45 Active Learning Instance Cost: 3679125.84
2024-04-17 13:25 | INFO | Timeout limit is increased to 2700
2024-04-17 13:25 | INFO | Query 46 Size of the uncertainty table is = 4118/39325
2024-04-17 13:25 | INFO | Query 46 Size of the filtered table is = 394
2024-04-17 13:28 | INFO | Query 46 Active Learning Runtime on Validation Set: 258440.59
2024-04-17 13:28 | INFO | Query 46 Active Learning Runtime on Test Set: 77187.06
2024-04-17 13:28 | INFO | Query 46 Active Learning Instance Cost: 3814725.84
2024-04-17 13:28 | INFO | Timeout limit is increased to 2800
2024-04-17 13:28 | INFO | Query 47 Size of the uncertainty table is = 4118/39325
2024-04-17 13:28 | INFO | Query 47 Size of the filtered table is = 394
2024-04-17 13:31 | INFO | Query 47 Active Learning Runtime on Validation Set: 258442.91999999998
2024-04-17 13:31 | INFO | Query 47 Active Learning Runtime on Test Set: 77187.06
2024-04-17 13:31 | INFO | Query 47 Active Learning Instance Cost: 3924525.84
2024-04-17 13:31 | INFO | Timeout limit is increased to 2900
2024-04-17 13:31 | INFO | Query 48 Size of the uncertainty table is = 4118/39325
2024-04-17 13:31 | INFO | Query 48 Size of the filtered table is = 394
2024-04-17 13:34 | INFO | Query 48 Active Learning Runtime on Validation Set: 258440.59
2024-04-17 13:34 | INFO | Query 48 Active Learning Runtime on Test Set: 77187.06
2024-04-17 13:34 | INFO | Query 48 Active Learning Instance Cost: 4021625.84
2024-04-17 13:34 | INFO | Query 49 Size of the uncertainty table is = 4118/39325
2024-04-17 13:34 | INFO | Query 49 Size of the filtered table is = 394
2024-04-17 13:37 | INFO | Query 49 Active Learning Runtime on Validation Set: 258440.59
2024-04-17 13:37 | INFO | Query 49 Active Learning Runtime on Test Set: 77187.06
2024-04-17 13:37 | INFO | Query 49 Active Learning Instance Cost: 4066225.84
2024-04-17 13:37 | INFO | Timeout limit is increased to 3000
2024-04-17 13:37 | INFO | Query 50 Size of the uncertainty table is = 4118/39325
2024-04-17 13:37 | INFO | Query 50 Size of the filtered table is = 394
2024-04-17 13:40 | INFO | Query 50 Active Learning Runtime on Validation Set: 258440.59
2024-04-17 13:40 | INFO | Query 50 Active Learning Runtime on Test Set: 77187.06
2024-04-17 13:40 | INFO | Query 50 Active Learning Instance Cost: 4192825.84
2024-04-17 13:40 | INFO | Timeout limit is increased to 3100
2024-04-17 13:40 | INFO | Query 51 Size of the uncertainty table is = 4118/39325
2024-04-17 13:40 | INFO | Query 51 Size of the filtered table is = 394
2024-04-17 13:43 | INFO | Query 51 Active Learning Runtime on Validation Set: 258442.91999999998
2024-04-17 13:43 | INFO | Query 51 Active Learning Runtime on Test Set: 77187.06
2024-04-17 13:43 | INFO | Query 51 Active Learning Instance Cost: 4287225.84
2024-04-17 13:43 | INFO | Timeout limit is increased to 3200
2024-04-17 13:43 | INFO | Query 52 Size of the uncertainty table is = 4118/39325
2024-04-17 13:43 | INFO | Query 52 Size of the filtered table is = 394
2024-04-17 13:46 | INFO | Query 52 Active Learning Runtime on Validation Set: 258440.59
2024-04-17 13:46 | INFO | Query 52 Active Learning Runtime on Test Set: 77187.06
2024-04-17 13:46 | INFO | Query 52 Active Learning Instance Cost: 4407925.84
2024-04-17 13:46 | INFO | Query 53 Size of the uncertainty table is = 4118/39325
2024-04-17 13:46 | INFO | Query 53 Size of the filtered table is = 394
2024-04-17 13:48 | INFO | Query 53 Active Learning Runtime on Validation Set: 258440.59
2024-04-17 13:48 | INFO | Query 53 Active Learning Runtime on Test Set: 77187.06
2024-04-17 13:48 | INFO | Query 53 Active Learning Instance Cost: 4453425.84
2024-04-17 13:48 | INFO | Timeout limit is increased to 3300
2024-04-17 13:48 | INFO | Query 54 Size of the uncertainty table is = 4118/39325
2024-04-17 13:48 | INFO | Query 54 Size of the filtered table is = 394
2024-04-17 13:51 | INFO | Query 54 Active Learning Runtime on Validation Set: 258440.59
2024-04-17 13:51 | INFO | Query 54 Active Learning Runtime on Test Set: 77187.06
2024-04-17 13:51 | INFO | Query 54 Active Learning Instance Cost: 4542425.84
2024-04-17 13:51 | INFO | Timeout limit is increased to 3400
2024-04-17 13:51 | INFO | Query 55 Size of the uncertainty table is = 4118/39325
2024-04-17 13:51 | INFO | Query 55 Size of the filtered table is = 394
2024-04-17 13:54 | INFO | Query 55 Active Learning Runtime on Validation Set: 258440.59
2024-04-17 13:54 | INFO | Query 55 Active Learning Runtime on Test Set: 77187.06
2024-04-17 13:54 | INFO | Query 55 Active Learning Instance Cost: 4641125.84
2024-04-17 13:54 | INFO | Timeout limit is increased to 3500
2024-04-17 13:54 | INFO | Query 56 Size of the uncertainty table is = 4118/39325
2024-04-17 13:54 | INFO | Query 56 Size of the filtered table is = 394
2024-04-17 13:57 | INFO | Query 56 Active Learning Runtime on Validation Set: 258440.59
2024-04-17 13:57 | INFO | Query 56 Active Learning Runtime on Test Set: 77187.06
2024-04-17 13:57 | INFO | Query 56 Active Learning Instance Cost: 4745625.84
2024-04-17 13:57 | INFO | Timeout limit is increased to 3600
2024-04-17 13:57 | INFO | Query 57 Size of the uncertainty table is = 4118/39325
2024-04-17 13:57 | INFO | Query 57 Size of the filtered table is = 394
2024-04-17 14:00 | INFO | Query 57 Active Learning Runtime on Validation Set: 258440.59
2024-04-17 14:00 | INFO | Query 57 Active Learning Runtime on Test Set: 77187.06
2024-04-17 14:00 | INFO | Query 57 Active Learning Instance Cost: 4849525.84
2024-04-17 14:00 | INFO | Timeout limit is increased to 3600
2024-04-17 14:00 | INFO | runtime_test_score is written as json file
2024-04-17 14:00 | INFO | runtime_validation_score is written as json file
2024-04-17 14:00 | INFO | instance_cost is written as json file
2024-04-17 14:00 | INFO | Experiment is finished
