2024-04-17 10:41 | INFO | Paramaters are: {'dataset': 'QBF-2011', 'penalty': 10, 'weight': 'No_Weight', 'voting': 'Hard', 'pre_selection_size': 64, 'pre_selection_technique': 'No_pre_selection', 'feature_elimination_threshold': 20, 'imputer_strategy': 'median', 'feature_selection_technique': 'No_feature_selection', 'feature_scaling_technique': 'StandardScaler', 'initial_train_size': 20, 'query_size': 1, 'timeout_predictor_usage': 'Yes', 'timeout_limit': 3600, 'timeout_increase_rate': 100, 'RANDOM_STATE_SEED': 12345, 'n_splits': 10, 'split_number': 0, 'max_timeout': 3600, 'param_grid': {'n_estimators': 100, 'criterion': 'gini', 'max_features': 'sqrt', 'max_depth': 2147483648, 'min_samples_split': 2, 'bootstrap': True}}
2024-04-17 10:41 | INFO | QBF-2011 is current dataset
2024-04-17 10:41 | INFO | DATASETS/QBF-2011/algorithm_runs.csv is found
2024-04-17 10:41 | INFO | DATASETS/QBF-2011/algorithm_runs.csv is finished
2024-04-17 10:41 | INFO | DATASETS/QBF-2011/feature_values.csv is found
2024-04-17 10:41 | INFO | DATASETS/QBF-2011/feature_values.csv is finished
2024-04-17 10:41 | INFO | Virtual best solver time in train = 74220.45
2024-04-17 10:41 | INFO | Single best solver list train = {'2clsQ': 13729036.27, 'QuBE': 10264664.92, 'quantor': 18129021.61, 'sKizzo': 6321313.4, 'sSolve': 8578798.28}
2024-04-17 10:41 | INFO | Single best solver time train = sKizzo (6321313.4)
2024-04-17 10:41 | INFO | Virtual best solver time in validation = 18672.08
2024-04-17 10:41 | INFO | Single best solver list validation = {'2clsQ': 3189325.9, 'QuBE': 2278232.87, 'quantor': 3606635.77, 'sKizzo': 2359181.9, 'sSolve': 3009975.44}
2024-04-17 10:41 | INFO | Single best solver time validation = QuBE (2278232.87)
2024-04-17 10:41 | INFO | Virtual best solver time in test = 8259.38
2024-04-17 10:41 | INFO | Single best solver list test = {'2clsQ': 1715386.25, 'QuBE': 1377209.42, 'quantor': 2306085.22, 'sKizzo': 987178.3, 'sSolve': 1051411.58}
2024-04-17 10:41 | INFO | Single best solver time test = sKizzo (987178.3)
2024-04-17 10:42 | INFO | Passive Learning Runtime on Validation Set: 1421796.36
2024-04-17 10:42 | INFO | Passive Learning Runtime on Test Set: 229577.16
2024-04-17 10:42 | INFO | Passive Learning Instance Cost: 6154834.48
2024-04-17 10:42 | INFO | Initial Active Learning Runtime on Validation Set: 1960587.28
2024-04-17 10:42 | INFO | Initial Active Learning Runtime on Test Set: 518087.21
2024-04-17 10:42 | INFO | Initial Active Learning Instance Cost: 163808.69
2024-04-17 10:42 | INFO | Bin size = 74
2024-04-17 10:42 | INFO | Query 1 Size of the uncertainty table is = 7380/7380
2024-04-17 10:42 | INFO | Query 1 Size of the filtered table is = 74
2024-04-17 10:42 | INFO | Query 1 Active Learning Runtime on Validation Set: 886037.52
2024-04-17 10:42 | INFO | Query 1 Active Learning Runtime on Test Set: 446197.68
2024-04-17 10:42 | INFO | Query 1 Active Learning Instance Cost: 329765.6
2024-04-17 10:42 | INFO | Query 2 Size of the uncertainty table is = 7301/7380
2024-04-17 10:42 | INFO | Query 2 Size of the filtered table is = 74
2024-04-17 10:43 | INFO | Query 2 Active Learning Runtime on Validation Set: 1493849.77
2024-04-17 10:43 | INFO | Query 2 Active Learning Runtime on Test Set: 302413.46
2024-04-17 10:43 | INFO | Query 2 Active Learning Instance Cost: 524178.38
2024-04-17 10:43 | INFO | Timeout limit is increased to 3600
2024-04-17 10:43 | INFO | Query 3 Size of the uncertainty table is = 7193/7380
2024-04-17 10:43 | INFO | Query 3 Size of the filtered table is = 74
2024-04-17 10:43 | INFO | Query 3 Active Learning Runtime on Validation Set: 1421779.7
2024-04-17 10:43 | INFO | Query 3 Active Learning Runtime on Test Set: 374335.81
2024-04-17 10:43 | INFO | Query 3 Active Learning Instance Cost: 679283.32
2024-04-17 10:43 | INFO | Query 4 Size of the uncertainty table is = 7071/7380
2024-04-17 10:43 | INFO | Query 4 Size of the filtered table is = 74
2024-04-17 10:44 | INFO | Query 4 Active Learning Runtime on Validation Set: 1349930.37
2024-04-17 10:44 | INFO | Query 4 Active Learning Runtime on Test Set: 266505.31
2024-04-17 10:44 | INFO | Query 4 Active Learning Instance Cost: 840235.88
2024-04-17 10:44 | INFO | Query 5 Size of the uncertainty table is = 6951/7380
2024-04-17 10:44 | INFO | Query 5 Size of the filtered table is = 74
2024-04-17 10:44 | INFO | Query 5 Active Learning Runtime on Validation Set: 1064791.3
2024-04-17 10:44 | INFO | Query 5 Active Learning Runtime on Test Set: 373972.75
2024-04-17 10:44 | INFO | Query 5 Active Learning Instance Cost: 988353.86
2024-04-17 10:44 | INFO | Query 6 Size of the uncertainty table is = 6816/7380
2024-04-17 10:44 | INFO | Query 6 Size of the filtered table is = 74
2024-04-17 10:44 | INFO | Query 6 Active Learning Runtime on Validation Set: 1349929.04
2024-04-17 10:44 | INFO | Query 6 Active Learning Runtime on Test Set: 266225.5
2024-04-17 10:44 | INFO | Query 6 Active Learning Instance Cost: 1174825.24
2024-04-17 10:44 | INFO | Timeout limit is increased to 3600
2024-04-17 10:44 | INFO | Query 7 Size of the uncertainty table is = 6668/7380
2024-04-17 10:44 | INFO | Query 7 Size of the filtered table is = 74
2024-04-17 10:45 | INFO | Query 7 Active Learning Runtime on Validation Set: 1314267.07
2024-04-17 10:45 | INFO | Query 7 Active Learning Runtime on Test Set: 230773.59
2024-04-17 10:45 | INFO | Query 7 Active Learning Instance Cost: 1267055.67
2024-04-17 10:45 | INFO | Query 8 Size of the uncertainty table is = 6510/7380
2024-04-17 10:45 | INFO | Query 8 Size of the filtered table is = 74
2024-04-17 10:45 | INFO | Query 8 Active Learning Runtime on Validation Set: 1136754.26
2024-04-17 10:45 | INFO | Query 8 Active Learning Runtime on Test Set: 194444.35
2024-04-17 10:45 | INFO | Query 8 Active Learning Instance Cost: 1463642.11
2024-04-17 10:45 | INFO | Query 9 Size of the uncertainty table is = 6362/7380
2024-04-17 10:45 | INFO | Query 9 Size of the filtered table is = 74
2024-04-17 10:46 | INFO | Query 9 Active Learning Runtime on Validation Set: 1385893.67
2024-04-17 10:46 | INFO | Query 9 Active Learning Runtime on Test Set: 230828.25
2024-04-17 10:46 | INFO | Query 9 Active Learning Instance Cost: 1603032.99
2024-04-17 10:46 | INFO | Timeout limit is increased to 3600
2024-04-17 10:46 | INFO | Query 10 Size of the uncertainty table is = 6191/7380
2024-04-17 10:46 | INFO | Query 10 Size of the filtered table is = 74
2024-04-17 10:46 | INFO | Query 10 Active Learning Runtime on Validation Set: 1206442.77
2024-04-17 10:46 | INFO | Query 10 Active Learning Runtime on Test Set: 231022.91
2024-04-17 10:46 | INFO | Query 10 Active Learning Instance Cost: 1720847.01
2024-04-17 10:46 | INFO | Query 11 Size of the uncertainty table is = 6077/7380
2024-04-17 10:46 | INFO | Query 11 Size of the filtered table is = 74
2024-04-17 10:47 | INFO | Query 11 Active Learning Runtime on Validation Set: 1347256.81
2024-04-17 10:47 | INFO | Query 11 Active Learning Runtime on Test Set: 267017.04
2024-04-17 10:47 | INFO | Query 11 Active Learning Instance Cost: 1792796.02
2024-04-17 10:47 | INFO | Timeout limit is increased to 3600
2024-04-17 10:47 | INFO | Query 12 Size of the uncertainty table is = 5891/7380
2024-04-17 10:47 | INFO | Query 12 Size of the filtered table is = 74
2024-04-17 10:47 | INFO | Query 12 Active Learning Runtime on Validation Set: 1313916.29
2024-04-17 10:47 | INFO | Query 12 Active Learning Runtime on Test Set: 266474.86
2024-04-17 10:47 | INFO | Query 12 Active Learning Instance Cost: 1897260.21
2024-04-17 10:47 | INFO | Query 13 Size of the uncertainty table is = 5716/7380
2024-04-17 10:47 | INFO | Query 13 Size of the filtered table is = 74
2024-04-17 10:47 | INFO | Query 13 Active Learning Runtime on Validation Set: 992770.54
2024-04-17 10:47 | INFO | Query 13 Active Learning Runtime on Test Set: 230153.8
2024-04-17 10:47 | INFO | Query 13 Active Learning Instance Cost: 1999801.21
2024-04-17 10:47 | INFO | Query 14 Size of the uncertainty table is = 5543/7380
2024-04-17 10:47 | INFO | Query 14 Size of the filtered table is = 74
2024-04-17 10:48 | INFO | Query 14 Active Learning Runtime on Validation Set: 1278044.62
2024-04-17 10:48 | INFO | Query 14 Active Learning Runtime on Test Set: 266114.96
2024-04-17 10:48 | INFO | Query 14 Active Learning Instance Cost: 2053434.01
2024-04-17 10:48 | INFO | Timeout limit is increased to 3600
2024-04-17 10:48 | INFO | Query 15 Size of the uncertainty table is = 5364/7380
2024-04-17 10:48 | INFO | Query 15 Size of the filtered table is = 74
2024-04-17 10:48 | INFO | Query 15 Active Learning Runtime on Validation Set: 1349893.49
2024-04-17 10:48 | INFO | Query 15 Active Learning Runtime on Test Set: 228567.82
2024-04-17 10:48 | INFO | Query 15 Active Learning Instance Cost: 2155184.13
2024-04-17 10:48 | INFO | Timeout limit is increased to 3600
2024-04-17 10:48 | INFO | Query 16 Size of the uncertainty table is = 5211/7380
2024-04-17 10:48 | INFO | Query 16 Size of the filtered table is = 74
2024-04-17 10:49 | INFO | Query 16 Active Learning Runtime on Validation Set: 1349917.98
2024-04-17 10:49 | INFO | Query 16 Active Learning Runtime on Test Set: 228492.39
2024-04-17 10:49 | INFO | Query 16 Active Learning Instance Cost: 2266191.06
2024-04-17 10:49 | INFO | Timeout limit is increased to 3600
2024-04-17 10:49 | INFO | Query 17 Size of the uncertainty table is = 5064/7380
2024-04-17 10:49 | INFO | Query 17 Size of the filtered table is = 74
2024-04-17 10:49 | INFO | Query 17 Active Learning Runtime on Validation Set: 1349898.13
2024-04-17 10:49 | INFO | Query 17 Active Learning Runtime on Test Set: 264564.62
2024-04-17 10:49 | INFO | Query 17 Active Learning Instance Cost: 2370505.07
2024-04-17 10:49 | INFO | Query 18 Size of the uncertainty table is = 4865/7380
2024-04-17 10:49 | INFO | Query 18 Size of the filtered table is = 74
2024-04-17 10:50 | INFO | Query 18 Active Learning Runtime on Validation Set: 1349901.16
2024-04-17 10:50 | INFO | Query 18 Active Learning Runtime on Test Set: 264490.8
2024-04-17 10:50 | INFO | Query 18 Active Learning Instance Cost: 2484187.03
2024-04-17 10:50 | INFO | Timeout limit is increased to 3600
2024-04-17 10:50 | INFO | Query 19 Size of the uncertainty table is = 4655/7380
2024-04-17 10:50 | INFO | Query 19 Size of the filtered table is = 74
2024-04-17 10:50 | INFO | Query 19 Active Learning Runtime on Validation Set: 1349904.38
2024-04-17 10:50 | INFO | Query 19 Active Learning Runtime on Test Set: 264495.1
2024-04-17 10:50 | INFO | Query 19 Active Learning Instance Cost: 2594065.54
2024-04-17 10:50 | INFO | Timeout limit is increased to 3600
2024-04-17 10:50 | INFO | Query 20 Size of the uncertainty table is = 4435/7380
2024-04-17 10:50 | INFO | Query 20 Size of the filtered table is = 74
2024-04-17 10:50 | INFO | Query 20 Active Learning Runtime on Validation Set: 1313998.8
2024-04-17 10:50 | INFO | Query 20 Active Learning Runtime on Test Set: 266116.73
2024-04-17 10:50 | INFO | Query 20 Active Learning Instance Cost: 2721550.17
2024-04-17 10:50 | INFO | Query 21 Size of the uncertainty table is = 4265/7380
2024-04-17 10:50 | INFO | Query 21 Size of the filtered table is = 74
2024-04-17 10:51 | INFO | Query 21 Active Learning Runtime on Validation Set: 1385826.41
2024-04-17 10:51 | INFO | Query 21 Active Learning Runtime on Test Set: 230312.05
2024-04-17 10:51 | INFO | Query 21 Active Learning Instance Cost: 2840073.91
2024-04-17 10:51 | INFO | Timeout limit is increased to 3600
2024-04-17 10:51 | INFO | Query 22 Size of the uncertainty table is = 4092/7380
2024-04-17 10:51 | INFO | Query 22 Size of the filtered table is = 74
2024-04-17 10:51 | INFO | Query 22 Active Learning Runtime on Validation Set: 1313998.87
2024-04-17 10:51 | INFO | Query 22 Active Learning Runtime on Test Set: 266112.78
2024-04-17 10:51 | INFO | Query 22 Active Learning Instance Cost: 2923521.34
2024-04-17 10:51 | INFO | Query 23 Size of the uncertainty table is = 3942/7380
2024-04-17 10:51 | INFO | Query 23 Size of the filtered table is = 74
2024-04-17 10:52 | INFO | Query 23 Active Learning Runtime on Validation Set: 1313933.87
2024-04-17 10:52 | INFO | Query 23 Active Learning Runtime on Test Set: 230309.75
2024-04-17 10:52 | INFO | Query 23 Active Learning Instance Cost: 3188605.27
2024-04-17 10:52 | INFO | Query 24 Size of the uncertainty table is = 3781/7380
2024-04-17 10:52 | INFO | Query 24 Size of the filtered table is = 74
2024-04-17 10:52 | INFO | Query 24 Active Learning Runtime on Validation Set: 1349896.73
2024-04-17 10:52 | INFO | Query 24 Active Learning Runtime on Test Set: 266188.35
2024-04-17 10:52 | INFO | Query 24 Active Learning Instance Cost: 3314907.85
2024-04-17 10:52 | INFO | Timeout limit is increased to 3600
2024-04-17 10:52 | INFO | Query 25 Size of the uncertainty table is = 3507/7380
2024-04-17 10:52 | INFO | Query 25 Size of the filtered table is = 74
2024-04-17 10:53 | INFO | Query 25 Active Learning Runtime on Validation Set: 1385892.57
2024-04-17 10:53 | INFO | Query 25 Active Learning Runtime on Test Set: 230187.73
2024-04-17 10:53 | INFO | Query 25 Active Learning Instance Cost: 3494460.3
2024-04-17 10:53 | INFO | Timeout limit is increased to 3600
2024-04-17 10:53 | INFO | Query 26 Size of the uncertainty table is = 3287/7380
2024-04-17 10:53 | INFO | Query 26 Size of the filtered table is = 74
2024-04-17 10:53 | INFO | Query 26 Active Learning Runtime on Validation Set: 1349830.86
2024-04-17 10:53 | INFO | Query 26 Active Learning Runtime on Test Set: 266112.68
2024-04-17 10:53 | INFO | Query 26 Active Learning Instance Cost: 3627950.64
2024-04-17 10:53 | INFO | Query 27 Size of the uncertainty table is = 3100/7380
2024-04-17 10:53 | INFO | Query 27 Size of the filtered table is = 74
2024-04-17 10:53 | INFO | Query 27 Active Learning Runtime on Validation Set: 1349830.86
2024-04-17 10:53 | INFO | Query 27 Active Learning Runtime on Test Set: 230113.28
2024-04-17 10:53 | INFO | Query 27 Active Learning Instance Cost: 3754693.21
2024-04-17 10:53 | INFO | Timeout limit is increased to 3600
2024-04-17 10:53 | INFO | Query 28 Size of the uncertainty table is = 2900/7380
2024-04-17 10:53 | INFO | Query 28 Size of the filtered table is = 74
2024-04-17 10:54 | INFO | Query 28 Active Learning Runtime on Validation Set: 1278004.46
2024-04-17 10:54 | INFO | Query 28 Active Learning Runtime on Test Set: 265652.78
2024-04-17 10:54 | INFO | Query 28 Active Learning Instance Cost: 3898160.52
2024-04-17 10:54 | INFO | Query 29 Size of the uncertainty table is = 2682/7380
2024-04-17 10:54 | INFO | Query 29 Size of the filtered table is = 74
2024-04-17 10:54 | INFO | Query 29 Active Learning Runtime on Validation Set: 1206372.7
2024-04-17 10:54 | INFO | Query 29 Active Learning Runtime on Test Set: 193773.83
2024-04-17 10:54 | INFO | Query 29 Active Learning Instance Cost: 4014590.64
2024-04-17 10:54 | INFO | Query 30 Size of the uncertainty table is = 2449/7380
2024-04-17 10:54 | INFO | Query 30 Size of the filtered table is = 74
2024-04-17 10:55 | INFO | Query 30 Active Learning Runtime on Validation Set: 1314208.38
2024-04-17 10:55 | INFO | Query 30 Active Learning Runtime on Test Set: 229576.84
2024-04-17 10:55 | INFO | Query 30 Active Learning Instance Cost: 4057793.28
2024-04-17 10:55 | INFO | Timeout limit is increased to 3600
2024-04-17 10:55 | INFO | Query 31 Size of the uncertainty table is = 2346/7380
2024-04-17 10:55 | INFO | Query 31 Size of the filtered table is = 74
2024-04-17 10:55 | INFO | Query 31 Active Learning Runtime on Validation Set: 1206379.39
2024-04-17 10:55 | INFO | Query 31 Active Learning Runtime on Test Set: 229649.56
2024-04-17 10:55 | INFO | Query 31 Active Learning Instance Cost: 4246723.94
2024-04-17 10:55 | INFO | Query 32 Size of the uncertainty table is = 2110/7380
2024-04-17 10:55 | INFO | Query 32 Size of the filtered table is = 74
2024-04-17 10:56 | INFO | Query 32 Active Learning Runtime on Validation Set: 1206436.8
2024-04-17 10:56 | INFO | Query 32 Active Learning Runtime on Test Set: 265576.98
2024-04-17 10:56 | INFO | Query 32 Active Learning Instance Cost: 4441726.36
2024-04-17 10:56 | INFO | Timeout limit is increased to 3600
2024-04-17 10:56 | INFO | Query 33 Size of the uncertainty table is = 1911/7380
2024-04-17 10:56 | INFO | Query 33 Size of the filtered table is = 74
2024-04-17 10:56 | INFO | Query 33 Active Learning Runtime on Validation Set: 1206434.21
2024-04-17 10:56 | INFO | Query 33 Active Learning Runtime on Test Set: 193770.91
2024-04-17 10:56 | INFO | Query 33 Active Learning Instance Cost: 4664501.29
2024-04-17 10:56 | INFO | Query 34 Size of the uncertainty table is = 1696/7380
2024-04-17 10:56 | INFO | Query 34 Size of the filtered table is = 74
2024-04-17 10:57 | INFO | Query 34 Active Learning Runtime on Validation Set: 1242370.26
2024-04-17 10:57 | INFO | Query 34 Active Learning Runtime on Test Set: 229653.7
2024-04-17 10:57 | INFO | Query 34 Active Learning Instance Cost: 4878316.29
2024-04-17 10:57 | INFO | Timeout limit is increased to 3600
2024-04-17 10:57 | INFO | Query 35 Size of the uncertainty table is = 1508/7380
2024-04-17 10:57 | INFO | Query 35 Size of the filtered table is = 74
2024-04-17 10:57 | INFO | Query 35 Active Learning Runtime on Validation Set: 1278373.5
2024-04-17 10:57 | INFO | Query 35 Active Learning Runtime on Test Set: 265577.81
2024-04-17 10:57 | INFO | Query 35 Active Learning Instance Cost: 5032970.66
2024-04-17 10:57 | INFO | Timeout limit is increased to 3600
2024-04-17 10:57 | INFO | Query 36 Size of the uncertainty table is = 1305/7380
2024-04-17 10:57 | INFO | Query 36 Size of the filtered table is = 74
2024-04-17 10:57 | INFO | Query 36 Active Learning Runtime on Validation Set: 1314200.59
2024-04-17 10:57 | INFO | Query 36 Active Learning Runtime on Test Set: 265574.59
2024-04-17 10:57 | INFO | Query 36 Active Learning Instance Cost: 5282675.08
2024-04-17 10:57 | INFO | Timeout limit is increased to 3600
2024-04-17 10:57 | INFO | Query 37 Size of the uncertainty table is = 1081/7380
2024-04-17 10:57 | INFO | Query 37 Size of the filtered table is = 74
2024-04-17 10:58 | INFO | Query 37 Active Learning Runtime on Validation Set: 1242374.24
2024-04-17 10:58 | INFO | Query 37 Active Learning Runtime on Test Set: 229652.84
2024-04-17 10:58 | INFO | Query 37 Active Learning Instance Cost: 5473622.97
2024-04-17 10:58 | INFO | Query 38 Size of the uncertainty table is = 825/7380
2024-04-17 10:58 | INFO | Query 38 Size of the filtered table is = 74
2024-04-17 10:58 | INFO | Query 38 Active Learning Runtime on Validation Set: 1313938.72
2024-04-17 10:58 | INFO | Query 38 Active Learning Runtime on Test Set: 265651.37
2024-04-17 10:58 | INFO | Query 38 Active Learning Instance Cost: 5654762.88
2024-04-17 10:58 | INFO | Timeout limit is increased to 3600
2024-04-17 10:58 | INFO | Query 39 Size of the uncertainty table is = 557/7380
2024-04-17 10:58 | INFO | Query 39 Size of the filtered table is = 74
2024-04-17 10:59 | INFO | Query 39 Active Learning Runtime on Validation Set: 1349825.73
2024-04-17 10:59 | INFO | Query 39 Active Learning Runtime on Test Set: 265651.47
2024-04-17 10:59 | INFO | Query 39 Active Learning Instance Cost: 5841633.67
2024-04-17 10:59 | INFO | Timeout limit is increased to 3600
2024-04-17 10:59 | INFO | Query 40 Size of the uncertainty table is = 330/7380
2024-04-17 10:59 | INFO | Query 40 Size of the filtered table is = 74
2024-04-17 10:59 | INFO | Query 40 Active Learning Runtime on Validation Set: 1206390.29
2024-04-17 10:59 | INFO | Query 40 Active Learning Runtime on Test Set: 265651.47
2024-04-17 10:59 | INFO | Query 40 Active Learning Instance Cost: 6097233.67
2024-04-17 10:59 | INFO | Query 41 Size of the uncertainty table is = 65/7380
2024-04-17 10:59 | INFO | Query 41 Size of the filtered table is = 14
2024-04-17 11:00 | INFO | Query 41 Active Learning Runtime on Validation Set: 1170495.65
2024-04-17 11:00 | INFO | Query 41 Active Learning Runtime on Test Set: 265651.47
2024-04-17 11:00 | INFO | Query 41 Active Learning Instance Cost: 6147633.67
2024-04-17 11:00 | INFO | Query 42 Size of the uncertainty table is = 9/7380
2024-04-17 11:00 | INFO | Query 42 Size of the filtered table is = 9
2024-04-17 11:00 | INFO | Query 42 Active Learning Runtime on Validation Set: 1242367.84
2024-04-17 11:00 | INFO | Query 42 Active Learning Runtime on Test Set: 265651.47
2024-04-17 11:00 | INFO | Query 42 Active Learning Instance Cost: 6154834.48
2024-04-17 11:00 | INFO | Timeout limit is increased to 3600
2024-04-17 11:00 | INFO | runtime_test_score is written as json file
2024-04-17 11:00 | INFO | runtime_validation_score is written as json file
2024-04-17 11:00 | INFO | instance_cost is written as json file
2024-04-17 11:00 | INFO | Experiment is finished
