2024-04-17 10:30 | INFO | Paramaters are: {'dataset': 'MAXSAT19-UCMS', 'penalty': 10, 'weight': 'No_Weight', 'voting': 'Hard', 'pre_selection_size': 64, 'pre_selection_technique': 'No_pre_selection', 'feature_elimination_threshold': 20, 'imputer_strategy': 'median', 'feature_selection_technique': 'No_feature_selection', 'feature_scaling_technique': 'StandardScaler', 'initial_train_size': 20, 'query_size': 1, 'timeout_predictor_usage': 'Yes', 'timeout_limit': 3600, 'timeout_increase_rate': 100, 'RANDOM_STATE_SEED': 7, 'n_splits': 10, 'split_number': 9, 'max_timeout': 3600, 'param_grid': {'n_estimators': 100, 'criterion': 'gini', 'max_features': 'sqrt', 'max_depth': 2147483648, 'min_samples_split': 2, 'bootstrap': True}}
2024-04-17 10:30 | INFO | MAXSAT19-UCMS is current dataset
2024-04-17 10:30 | INFO | DATASETS/MAXSAT19-UCMS/algorithm_runs.arff is found
2024-04-17 10:30 | INFO | DATASETS/MAXSAT19-UCMS/algorithm_runs.arff is finished
2024-04-17 10:30 | INFO | DATASETS/MAXSAT19-UCMS/feature_values.arff is found
2024-04-17 10:30 | INFO | DATASETS/MAXSAT19-UCMS/feature_values.arff is finished
2024-04-17 10:30 | INFO | DATASETS/MAXSAT19-UCMS/feature_costs.arff is found
2024-04-17 10:30 | INFO | DATASETS/MAXSAT19-UCMS/feature_costs.arff is finished
2024-04-17 10:30 | INFO | Virtual best solver time in train = 57762.3
2024-04-17 10:30 | INFO | Single best solver list train = {'MaxHS': 1163223.17, 'Open.WBO.g': 1658738.47, 'Open.WBO.ms': 1481928.3, 'Open.WBO.ms.pre': 1976093.24, 'QMaxSAT2018': 4106729.04, 'UWrMaxSAT': 1383477.01, 'maxino2018': 1683976.25}
2024-04-17 10:30 | INFO | Single best solver time train = MaxHS (1163223.17)
2024-04-17 10:30 | INFO | Virtual best solver time in validation = 10365.78
2024-04-17 10:30 | INFO | Single best solver list validation = {'MaxHS': 331651.39, 'Open.WBO.g': 227399.18, 'Open.WBO.ms': 191102.44, 'Open.WBO.ms.pre': 185434.83, 'QMaxSAT2018': 547395.05, 'UWrMaxSAT': 149886.08, 'maxino2018': 221113.53}
2024-04-17 10:30 | INFO | Single best solver time validation = UWrMaxSAT (149886.08)
2024-04-17 10:30 | INFO | Virtual best solver time in test = 3428.79
2024-04-17 10:30 | INFO | Single best solver list test = {'MaxHS': 75951.3, 'Open.WBO.g': 112938.12, 'Open.WBO.ms': 110390.69, 'Open.WBO.ms.pre': 326205.3, 'QMaxSAT2018': 437484.82, 'UWrMaxSAT': 78518.22, 'maxino2018': 221845.06}
2024-04-17 10:30 | INFO | Single best solver time test = MaxHS (75951.3)
2024-04-17 10:30 | INFO | Passive Learning Runtime on Validation Set: 331754.68
2024-04-17 10:30 | INFO | Passive Learning Runtime on Test Set: 110529.52
2024-04-17 10:30 | INFO | Passive Learning Instance Cost: 1563365.48
2024-04-17 10:30 | INFO | Initial Active Learning Runtime on Validation Set: 226419.24
2024-04-17 10:30 | INFO | Initial Active Learning Runtime on Test Set: 149624.17
2024-04-17 10:30 | INFO | Initial Active Learning Instance Cost: 113602.59
2024-04-17 10:30 | INFO | Bin size = 51
2024-04-17 10:31 | INFO | Query 1 Size of the uncertainty table is = 5040/5040
2024-04-17 10:31 | INFO | Query 1 Size of the filtered table is = 51
2024-04-17 10:31 | INFO | Query 1 Active Learning Runtime on Validation Set: 259451.66999999998
2024-04-17 10:31 | INFO | Query 1 Active Learning Runtime on Test Set: 112728.37000000001
2024-04-17 10:31 | INFO | Query 1 Active Learning Instance Cost: 187843.68
2024-04-17 10:31 | INFO | Timeout limit is increased to 3600
2024-04-17 10:31 | INFO | Query 2 Size of the uncertainty table is = 4986/5040
2024-04-17 10:31 | INFO | Query 2 Size of the filtered table is = 51
2024-04-17 10:31 | INFO | Query 2 Active Learning Runtime on Validation Set: 220654.39
2024-04-17 10:31 | INFO | Query 2 Active Learning Runtime on Test Set: 110658.54000000001
2024-04-17 10:31 | INFO | Query 2 Active Learning Instance Cost: 251905.82
2024-04-17 10:31 | INFO | Query 3 Size of the uncertainty table is = 4904/5040
2024-04-17 10:31 | INFO | Query 3 Size of the filtered table is = 51
2024-04-17 10:32 | INFO | Query 3 Active Learning Runtime on Validation Set: 252565.62
2024-04-17 10:32 | INFO | Query 3 Active Learning Runtime on Test Set: 147559.99
2024-04-17 10:32 | INFO | Query 3 Active Learning Instance Cost: 300807.07
2024-04-17 10:32 | INFO | Timeout limit is increased to 3600
2024-04-17 10:32 | INFO | Query 4 Size of the uncertainty table is = 4781/5040
2024-04-17 10:32 | INFO | Query 4 Size of the filtered table is = 51
2024-04-17 10:32 | INFO | Query 4 Active Learning Runtime on Validation Set: 289511.59
2024-04-17 10:32 | INFO | Query 4 Active Learning Runtime on Test Set: 113265.54000000001
2024-04-17 10:32 | INFO | Query 4 Active Learning Instance Cost: 388633.28
2024-04-17 10:32 | INFO | Timeout limit is increased to 3600
2024-04-17 10:32 | INFO | Query 5 Size of the uncertainty table is = 4657/5040
2024-04-17 10:32 | INFO | Query 5 Size of the filtered table is = 51
2024-04-17 10:32 | INFO | Query 5 Active Learning Runtime on Validation Set: 226514.66999999998
2024-04-17 10:32 | INFO | Query 5 Active Learning Runtime on Test Set: 149260.86
2024-04-17 10:32 | INFO | Query 5 Active Learning Instance Cost: 469674.74
2024-04-17 10:32 | INFO | Query 6 Size of the uncertainty table is = 4501/5040
2024-04-17 10:32 | INFO | Query 6 Size of the filtered table is = 51
2024-04-17 10:33 | INFO | Query 6 Active Learning Runtime on Validation Set: 223780.83000000002
2024-04-17 10:33 | INFO | Query 6 Active Learning Runtime on Test Set: 149259.31
2024-04-17 10:33 | INFO | Query 6 Active Learning Instance Cost: 540019.4
2024-04-17 10:33 | INFO | Query 7 Size of the uncertainty table is = 4353/5040
2024-04-17 10:33 | INFO | Query 7 Size of the filtered table is = 51
2024-04-17 10:33 | INFO | Query 7 Active Learning Runtime on Validation Set: 299170.81
2024-04-17 10:33 | INFO | Query 7 Active Learning Runtime on Test Set: 149340.88
2024-04-17 10:33 | INFO | Query 7 Active Learning Instance Cost: 600653.06
2024-04-17 10:33 | INFO | Timeout limit is increased to 3600
2024-04-17 10:33 | INFO | Query 8 Size of the uncertainty table is = 4169/5040
2024-04-17 10:33 | INFO | Query 8 Size of the filtered table is = 51
2024-04-17 10:34 | INFO | Query 8 Active Learning Runtime on Validation Set: 296266.52
2024-04-17 10:34 | INFO | Query 8 Active Learning Runtime on Test Set: 113280.54000000001
2024-04-17 10:34 | INFO | Query 8 Active Learning Instance Cost: 637453.15
2024-04-17 10:34 | INFO | Query 9 Size of the uncertainty table is = 3980/5040
2024-04-17 10:34 | INFO | Query 9 Size of the filtered table is = 51
2024-04-17 10:34 | INFO | Query 9 Active Learning Runtime on Validation Set: 332461.33999999997
2024-04-17 10:34 | INFO | Query 9 Active Learning Runtime on Test Set: 110257.15000000001
2024-04-17 10:34 | INFO | Query 9 Active Learning Instance Cost: 763321.54
2024-04-17 10:34 | INFO | Timeout limit is increased to 3600
2024-04-17 10:34 | INFO | Query 10 Size of the uncertainty table is = 3817/5040
2024-04-17 10:34 | INFO | Query 10 Size of the filtered table is = 51
2024-04-17 10:34 | INFO | Query 10 Active Learning Runtime on Validation Set: 260348.53999999998
2024-04-17 10:34 | INFO | Query 10 Active Learning Runtime on Test Set: 110339.29000000001
2024-04-17 10:34 | INFO | Query 10 Active Learning Instance Cost: 825303.86
2024-04-17 10:34 | INFO | Query 11 Size of the uncertainty table is = 3595/5040
2024-04-17 10:34 | INFO | Query 11 Size of the filtered table is = 51
2024-04-17 10:35 | INFO | Query 11 Active Learning Runtime on Validation Set: 329625.98
2024-04-17 10:35 | INFO | Query 11 Active Learning Runtime on Test Set: 110349.91
2024-04-17 10:35 | INFO | Query 11 Active Learning Instance Cost: 870775.79
2024-04-17 10:35 | INFO | Timeout limit is increased to 3600
2024-04-17 10:35 | INFO | Query 12 Size of the uncertainty table is = 3378/5040
2024-04-17 10:35 | INFO | Query 12 Size of the filtered table is = 51
2024-04-17 10:35 | INFO | Query 12 Active Learning Runtime on Validation Set: 296610.13
2024-04-17 10:35 | INFO | Query 12 Active Learning Runtime on Test Set: 110370.89
2024-04-17 10:35 | INFO | Query 12 Active Learning Instance Cost: 910679.48
2024-04-17 10:35 | INFO | Query 13 Size of the uncertainty table is = 3169/5040
2024-04-17 10:35 | INFO | Query 13 Size of the filtered table is = 51
2024-04-17 10:36 | INFO | Query 13 Active Learning Runtime on Validation Set: 296610.04
2024-04-17 10:36 | INFO | Query 13 Active Learning Runtime on Test Set: 110369.89
2024-04-17 10:36 | INFO | Query 13 Active Learning Instance Cost: 991759.33
2024-04-17 10:36 | INFO | Query 14 Size of the uncertainty table is = 2933/5040
2024-04-17 10:36 | INFO | Query 14 Size of the filtered table is = 51
2024-04-17 10:36 | INFO | Query 14 Active Learning Runtime on Validation Set: 329689.14
2024-04-17 10:36 | INFO | Query 14 Active Learning Runtime on Test Set: 110248.15000000001
2024-04-17 10:36 | INFO | Query 14 Active Learning Instance Cost: 1059697.08
2024-04-17 10:36 | INFO | Timeout limit is increased to 3600
2024-04-17 10:36 | INFO | Query 15 Size of the uncertainty table is = 2689/5040
2024-04-17 10:36 | INFO | Query 15 Size of the filtered table is = 51
2024-04-17 10:36 | INFO | Query 15 Active Learning Runtime on Validation Set: 293136.98
2024-04-17 10:36 | INFO | Query 15 Active Learning Runtime on Test Set: 110348.61
2024-04-17 10:36 | INFO | Query 15 Active Learning Instance Cost: 1084094.01
2024-04-17 10:37 | INFO | Query 16 Size of the uncertainty table is = 2476/5040
2024-04-17 10:37 | INFO | Query 16 Size of the filtered table is = 51
2024-04-17 10:37 | INFO | Query 16 Active Learning Runtime on Validation Set: 329688.06
2024-04-17 10:37 | INFO | Query 16 Active Learning Runtime on Test Set: 110381.32
2024-04-17 10:37 | INFO | Query 16 Active Learning Instance Cost: 1119249.41
2024-04-17 10:37 | INFO | Timeout limit is increased to 3600
2024-04-17 10:37 | INFO | Query 17 Size of the uncertainty table is = 2269/5040
2024-04-17 10:37 | INFO | Query 17 Size of the filtered table is = 51
2024-04-17 10:37 | INFO | Query 17 Active Learning Runtime on Validation Set: 332102.05
2024-04-17 10:37 | INFO | Query 17 Active Learning Runtime on Test Set: 110260.0
2024-04-17 10:37 | INFO | Query 17 Active Learning Instance Cost: 1147646.97
2024-04-17 10:37 | INFO | Timeout limit is increased to 3600
2024-04-17 10:37 | INFO | Query 18 Size of the uncertainty table is = 2036/5040
2024-04-17 10:37 | INFO | Query 18 Size of the filtered table is = 51
2024-04-17 10:38 | INFO | Query 18 Active Learning Runtime on Validation Set: 296675.23
2024-04-17 10:38 | INFO | Query 18 Active Learning Runtime on Test Set: 107604.71
2024-04-17 10:38 | INFO | Query 18 Active Learning Instance Cost: 1167530.6
2024-04-17 10:38 | INFO | Query 19 Size of the uncertainty table is = 1842/5040
2024-04-17 10:38 | INFO | Query 19 Size of the filtered table is = 51
2024-04-17 10:38 | INFO | Query 19 Active Learning Runtime on Validation Set: 329686.73
2024-04-17 10:38 | INFO | Query 19 Active Learning Runtime on Test Set: 107467.3
2024-04-17 10:38 | INFO | Query 19 Active Learning Instance Cost: 1241013.26
2024-04-17 10:38 | INFO | Timeout limit is increased to 3600
2024-04-17 10:38 | INFO | Query 20 Size of the uncertainty table is = 1613/5040
2024-04-17 10:38 | INFO | Query 20 Size of the filtered table is = 51
2024-04-17 10:39 | INFO | Query 20 Active Learning Runtime on Validation Set: 329624.86
2024-04-17 10:39 | INFO | Query 20 Active Learning Runtime on Test Set: 110024.18000000001
2024-04-17 10:39 | INFO | Query 20 Active Learning Instance Cost: 1290865.13
2024-04-17 10:39 | INFO | Query 21 Size of the uncertainty table is = 1374/5040
2024-04-17 10:39 | INFO | Query 21 Size of the filtered table is = 51
2024-04-17 10:39 | INFO | Query 21 Active Learning Runtime on Validation Set: 329688.07
2024-04-17 10:39 | INFO | Query 21 Active Learning Runtime on Test Set: 107467.3
2024-04-17 10:39 | INFO | Query 21 Active Learning Instance Cost: 1323391.49
2024-04-17 10:39 | INFO | Timeout limit is increased to 3600
2024-04-17 10:39 | INFO | Query 22 Size of the uncertainty table is = 1174/5040
2024-04-17 10:39 | INFO | Query 22 Size of the filtered table is = 51
2024-04-17 10:39 | INFO | Query 22 Active Learning Runtime on Validation Set: 329410.35
2024-04-17 10:39 | INFO | Query 22 Active Learning Runtime on Test Set: 107467.3
2024-04-17 10:39 | INFO | Query 22 Active Learning Instance Cost: 1355419.65
2024-04-17 10:39 | INFO | Query 23 Size of the uncertainty table is = 970/5040
2024-04-17 10:39 | INFO | Query 23 Size of the filtered table is = 51
2024-04-17 10:40 | INFO | Query 23 Active Learning Runtime on Validation Set: 329344.55
2024-04-17 10:40 | INFO | Query 23 Active Learning Runtime on Test Set: 107444.54000000001
2024-04-17 10:40 | INFO | Query 23 Active Learning Instance Cost: 1379333.09
2024-04-17 10:40 | INFO | Query 24 Size of the uncertainty table is = 780/5040
2024-04-17 10:40 | INFO | Query 24 Size of the filtered table is = 51
2024-04-17 10:40 | INFO | Query 24 Active Learning Runtime on Validation Set: 331749.3
2024-04-17 10:40 | INFO | Query 24 Active Learning Runtime on Test Set: 107444.54000000001
2024-04-17 10:40 | INFO | Query 24 Active Learning Instance Cost: 1411900.01
2024-04-17 10:40 | INFO | Timeout limit is increased to 3600
2024-04-17 10:40 | INFO | Query 25 Size of the uncertainty table is = 592/5040
2024-04-17 10:40 | INFO | Query 25 Size of the filtered table is = 51
2024-04-17 10:41 | INFO | Query 25 Active Learning Runtime on Validation Set: 331753.33999999997
2024-04-17 10:41 | INFO | Query 25 Active Learning Runtime on Test Set: 107444.54000000001
2024-04-17 10:41 | INFO | Query 25 Active Learning Instance Cost: 1451735.06
2024-04-17 10:41 | INFO | Timeout limit is increased to 3600
2024-04-17 10:41 | INFO | Query 26 Size of the uncertainty table is = 414/5040
2024-04-17 10:41 | INFO | Query 26 Size of the filtered table is = 51
2024-04-17 10:41 | INFO | Query 26 Active Learning Runtime on Validation Set: 331749.3
2024-04-17 10:41 | INFO | Query 26 Active Learning Runtime on Test Set: 107444.54000000001
2024-04-17 10:41 | INFO | Query 26 Active Learning Instance Cost: 1488591.01
2024-04-17 10:41 | INFO | Query 27 Size of the uncertainty table is = 234/5040
2024-04-17 10:41 | INFO | Query 27 Size of the filtered table is = 51
2024-04-17 10:41 | INFO | Query 27 Active Learning Runtime on Validation Set: 331749.3
2024-04-17 10:41 | INFO | Query 27 Active Learning Runtime on Test Set: 107444.54000000001
2024-04-17 10:41 | INFO | Query 27 Active Learning Instance Cost: 1541323.9
2024-04-17 10:41 | INFO | Timeout limit is increased to 3600
2024-04-17 10:41 | INFO | Query 28 Size of the uncertainty table is = 77/5040
2024-04-17 10:41 | INFO | Query 28 Size of the filtered table is = 51
2024-04-17 10:42 | INFO | Query 28 Active Learning Runtime on Validation Set: 331761.73
2024-04-17 10:42 | INFO | Query 28 Active Learning Runtime on Test Set: 107474.64
2024-04-17 10:42 | INFO | Query 28 Active Learning Instance Cost: 1563365.48
2024-04-17 10:42 | INFO | Timeout limit is increased to 3600
2024-04-17 10:42 | INFO | runtime_test_score is written as json file
2024-04-17 10:42 | INFO | runtime_validation_score is written as json file
2024-04-17 10:42 | INFO | instance_cost is written as json file
2024-04-17 10:42 | INFO | Experiment is finished
