2024-04-17 10:11 | INFO | Paramaters are: {'dataset': 'MAXSAT12-PMS', 'penalty': 10, 'weight': 'No_Weight', 'voting': 'Hard', 'pre_selection_size': 64, 'pre_selection_technique': 'No_pre_selection', 'feature_elimination_threshold': 20, 'imputer_strategy': 'median', 'feature_selection_technique': 'No_feature_selection', 'feature_scaling_technique': 'StandardScaler', 'initial_train_size': 20, 'query_size': 1, 'timeout_predictor_usage': 'No', 'timeout_limit': 100, 'timeout_increase_rate': 100, 'RANDOM_STATE_SEED': 12345, 'n_splits': 10, 'split_number': 8, 'max_timeout': 3600, 'param_grid': {'n_estimators': 100, 'criterion': 'gini', 'max_features': 'sqrt', 'max_depth': 2147483648, 'min_samples_split': 2, 'bootstrap': True}}
2024-04-17 10:11 | INFO | MAXSAT12-PMS is current dataset
2024-04-17 10:11 | INFO | DATASETS/MAXSAT12-PMS/algorithm_runs.csv is found
2024-04-17 10:11 | INFO | DATASETS/MAXSAT12-PMS/algorithm_runs.csv is finished
2024-04-17 10:11 | INFO | DATASETS/MAXSAT12-PMS/feature_values.csv is found
2024-04-17 10:11 | INFO | DATASETS/MAXSAT12-PMS/feature_values.csv is finished
2024-04-17 10:11 | INFO | DATASETS/MAXSAT12-PMS/feature_costs.csv is found
2024-04-17 10:11 | INFO | DATASETS/MAXSAT12-PMS/feature_costs.csv is finished
2024-04-17 10:11 | INFO | Virtual best solver time in train = 20664.27
2024-04-17 10:11 | INFO | Single best solver list train = {'DSWPM1_924': 8761584.48, 'akmaxsat': 7984250.26, 'akmaxsat_ls': 7984238.38, 'pwbo2.1': 4057028.8, 'qmaxsat0.21comp': 2056795.53, 'qmaxsat0.21g2comp': 2373156.26}
2024-04-17 10:11 | INFO | Single best solver time train = qmaxsat0.21comp (2056795.53)
2024-04-17 10:11 | INFO | Virtual best solver time in validation = 7863.53
2024-04-17 10:11 | INFO | Single best solver list validation = {'DSWPM1_924': 2422634.51, 'akmaxsat': 4255376.7, 'akmaxsat_ls': 4255363.54, 'pwbo2.1': 876113.38, 'qmaxsat0.21comp': 695747.33, 'qmaxsat0.21g2comp': 8613.29}
2024-04-17 10:11 | INFO | Single best solver time validation = qmaxsat0.21g2comp (8613.29)
2024-04-17 10:11 | INFO | Virtual best solver time in test = 2025.29
2024-04-17 10:11 | INFO | Single best solver list test = {'DSWPM1_924': 1088529.98, 'akmaxsat': 1193344.7, 'akmaxsat_ls': 1193366.39, 'pwbo2.1': 577927.12, 'qmaxsat0.21comp': 293663.17, 'qmaxsat0.21g2comp': 290621.71}
2024-04-17 10:11 | INFO | Single best solver time test = qmaxsat0.21g2comp (290621.71)
2024-04-17 10:12 | INFO | Passive Learning Runtime on Validation Set: 8564.92
2024-04-17 10:12 | INFO | Passive Learning Runtime on Test Set: 38298.53
2024-04-17 10:12 | INFO | Passive Learning Instance Cost: 3506253.71
2024-04-17 10:12 | INFO | Initial Active Learning Runtime on Validation Set: 8896.73
2024-04-17 10:12 | INFO | Initial Active Learning Runtime on Test Set: 110118.02
2024-04-17 10:12 | INFO | Initial Active Learning Instance Cost: 5391.08
2024-04-17 10:12 | INFO | Bin size = 78
2024-04-17 10:12 | INFO | Query 1 Size of the uncertainty table is = 7838/7770
2024-04-17 10:12 | INFO | Query 1 Size of the filtered table is = 78
2024-04-17 10:13 | INFO | Query 1 Active Learning Runtime on Validation Set: 8896.44
2024-04-17 10:13 | INFO | Query 1 Active Learning Runtime on Test Set: 109871.86
2024-04-17 10:13 | INFO | Query 1 Active Learning Instance Cost: 12369.63
2024-04-17 10:13 | INFO | Query 2 Size of the uncertainty table is = 7762/7770
2024-04-17 10:13 | INFO | Query 2 Size of the filtered table is = 78
2024-04-17 10:13 | INFO | Query 2 Active Learning Runtime on Validation Set: 8896.44
2024-04-17 10:13 | INFO | Query 2 Active Learning Runtime on Test Set: 145855.76
2024-04-17 10:13 | INFO | Query 2 Active Learning Instance Cost: 18138.54
2024-04-17 10:13 | INFO | Timeout limit is increased to 200
2024-04-17 10:13 | INFO | Query 3 Size of the uncertainty table is = 7643/7770
2024-04-17 10:13 | INFO | Query 3 Size of the filtered table is = 78
2024-04-17 10:14 | INFO | Query 3 Active Learning Runtime on Validation Set: 8877.27
2024-04-17 10:14 | INFO | Query 3 Active Learning Runtime on Test Set: 145853.51
2024-04-17 10:14 | INFO | Query 3 Active Learning Instance Cost: 32082.49
2024-04-17 10:14 | INFO | Query 4 Size of the uncertainty table is = 7527/7770
2024-04-17 10:14 | INFO | Query 4 Size of the filtered table is = 78
2024-04-17 10:14 | INFO | Query 4 Active Learning Runtime on Validation Set: 8724.980000000001
2024-04-17 10:14 | INFO | Query 4 Active Learning Runtime on Test Set: 145393.55000000002
2024-04-17 10:14 | INFO | Query 4 Active Learning Instance Cost: 42588.7
2024-04-17 10:14 | INFO | Query 5 Size of the uncertainty table is = 7350/7770
2024-04-17 10:14 | INFO | Query 5 Size of the filtered table is = 78
2024-04-17 10:15 | INFO | Query 5 Active Learning Runtime on Validation Set: 8804.1
2024-04-17 10:15 | INFO | Query 5 Active Learning Runtime on Test Set: 109868.37
2024-04-17 10:15 | INFO | Query 5 Active Learning Instance Cost: 54156.97
2024-04-17 10:15 | INFO | Timeout limit is increased to 300
2024-04-17 10:15 | INFO | Query 6 Size of the uncertainty table is = 7204/7770
2024-04-17 10:15 | INFO | Query 6 Size of the filtered table is = 78
2024-04-17 10:15 | INFO | Query 6 Active Learning Runtime on Validation Set: 8782.630000000001
2024-04-17 10:15 | INFO | Query 6 Active Learning Runtime on Test Set: 109868.34999999999
2024-04-17 10:15 | INFO | Query 6 Active Learning Instance Cost: 76751.29
2024-04-17 10:15 | INFO | Query 7 Size of the uncertainty table is = 7112/7770
2024-04-17 10:15 | INFO | Query 7 Size of the filtered table is = 78
2024-04-17 10:16 | INFO | Query 7 Active Learning Runtime on Validation Set: 8785.050000000001
2024-04-17 10:16 | INFO | Query 7 Active Learning Runtime on Test Set: 109868.31999999999
2024-04-17 10:16 | INFO | Query 7 Active Learning Instance Cost: 88625.51
2024-04-17 10:16 | INFO | Timeout limit is increased to 400
2024-04-17 10:16 | INFO | Query 8 Size of the uncertainty table is = 6948/7770
2024-04-17 10:16 | INFO | Query 8 Size of the filtered table is = 78
2024-04-17 10:16 | INFO | Query 8 Active Learning Runtime on Validation Set: 8804.12
2024-04-17 10:16 | INFO | Query 8 Active Learning Runtime on Test Set: 109668.47
2024-04-17 10:16 | INFO | Query 8 Active Learning Instance Cost: 110312.64
2024-04-17 10:16 | INFO | Timeout limit is increased to 500
2024-04-17 10:16 | INFO | Query 9 Size of the uncertainty table is = 6819/7770
2024-04-17 10:16 | INFO | Query 9 Size of the filtered table is = 78
2024-04-17 10:17 | INFO | Query 9 Active Learning Runtime on Validation Set: 8817.710000000001
2024-04-17 10:17 | INFO | Query 9 Active Learning Runtime on Test Set: 74168.41
2024-04-17 10:17 | INFO | Query 9 Active Learning Instance Cost: 136632.53
2024-04-17 10:17 | INFO | Timeout limit is increased to 600
2024-04-17 10:17 | INFO | Query 10 Size of the uncertainty table is = 6673/7770
2024-04-17 10:17 | INFO | Query 10 Size of the filtered table is = 78
2024-04-17 10:17 | INFO | Query 10 Active Learning Runtime on Validation Set: 8880.2
2024-04-17 10:17 | INFO | Query 10 Active Learning Runtime on Test Set: 74168.37999999999
2024-04-17 10:17 | INFO | Query 10 Active Learning Instance Cost: 161390.87
2024-04-17 10:17 | INFO | Timeout limit is increased to 700
2024-04-17 10:17 | INFO | Query 11 Size of the uncertainty table is = 6543/7770
2024-04-17 10:17 | INFO | Query 11 Size of the filtered table is = 78
2024-04-17 10:18 | INFO | Query 11 Active Learning Runtime on Validation Set: 8880.2
2024-04-17 10:18 | INFO | Query 11 Active Learning Runtime on Test Set: 74168.34
2024-04-17 10:18 | INFO | Query 11 Active Learning Instance Cost: 212094.3
2024-04-17 10:18 | INFO | Timeout limit is increased to 800
2024-04-17 10:18 | INFO | Query 12 Size of the uncertainty table is = 6458/7770
2024-04-17 10:18 | INFO | Query 12 Size of the filtered table is = 78
2024-04-17 10:18 | INFO | Query 12 Active Learning Runtime on Validation Set: 8880.2
2024-04-17 10:18 | INFO | Query 12 Active Learning Runtime on Test Set: 74168.31
2024-04-17 10:18 | INFO | Query 12 Active Learning Instance Cost: 258680.97
2024-04-17 10:18 | INFO | Timeout limit is increased to 900
2024-04-17 10:18 | INFO | Query 13 Size of the uncertainty table is = 6418/7770
2024-04-17 10:18 | INFO | Query 13 Size of the filtered table is = 78
2024-04-17 10:19 | INFO | Query 13 Active Learning Runtime on Validation Set: 8896.42
2024-04-17 10:19 | INFO | Query 13 Active Learning Runtime on Test Set: 38511.7
2024-04-17 10:19 | INFO | Query 13 Active Learning Instance Cost: 294506.93
2024-04-17 10:19 | INFO | Timeout limit is increased to 1000
2024-04-17 10:19 | INFO | Query 14 Size of the uncertainty table is = 6358/7770
2024-04-17 10:19 | INFO | Query 14 Size of the filtered table is = 78
2024-04-17 10:19 | INFO | Query 14 Active Learning Runtime on Validation Set: 8896.490000000002
2024-04-17 10:19 | INFO | Query 14 Active Learning Runtime on Test Set: 38518.1
2024-04-17 10:19 | INFO | Query 14 Active Learning Instance Cost: 329913.25
2024-04-17 10:19 | INFO | Timeout limit is increased to 1100
2024-04-17 10:19 | INFO | Query 15 Size of the uncertainty table is = 6284/7770
2024-04-17 10:19 | INFO | Query 15 Size of the filtered table is = 78
2024-04-17 10:20 | INFO | Query 15 Active Learning Runtime on Validation Set: 8749.800000000001
2024-04-17 10:20 | INFO | Query 15 Active Learning Runtime on Test Set: 38518.75
2024-04-17 10:20 | INFO | Query 15 Active Learning Instance Cost: 346047.12
2024-04-17 10:20 | INFO | Query 16 Size of the uncertainty table is = 6171/7770
2024-04-17 10:20 | INFO | Query 16 Size of the filtered table is = 78
2024-04-17 10:20 | INFO | Query 16 Active Learning Runtime on Validation Set: 8727.67
2024-04-17 10:20 | INFO | Query 16 Active Learning Runtime on Test Set: 2652.37
2024-04-17 10:20 | INFO | Query 16 Active Learning Instance Cost: 369750.47
2024-04-17 10:20 | INFO | Query 17 Size of the uncertainty table is = 6098/7770
2024-04-17 10:20 | INFO | Query 17 Size of the filtered table is = 78
2024-04-17 10:21 | INFO | Query 17 Active Learning Runtime on Validation Set: 8763.1
2024-04-17 10:21 | INFO | Query 17 Active Learning Runtime on Test Set: 38308.969999999994
2024-04-17 10:21 | INFO | Query 17 Active Learning Instance Cost: 379278.36
2024-04-17 10:21 | INFO | Timeout limit is increased to 1200
2024-04-17 10:21 | INFO | Query 18 Size of the uncertainty table is = 6042/7770
2024-04-17 10:21 | INFO | Query 18 Size of the filtered table is = 78
2024-04-17 10:21 | INFO | Query 18 Active Learning Runtime on Validation Set: 8741.630000000001
2024-04-17 10:21 | INFO | Query 18 Active Learning Runtime on Test Set: 3872.87
2024-04-17 10:21 | INFO | Query 18 Active Learning Instance Cost: 396817.11
2024-04-17 10:21 | INFO | Query 19 Size of the uncertainty table is = 5985/7770
2024-04-17 10:21 | INFO | Query 19 Size of the filtered table is = 78
2024-04-17 10:22 | INFO | Query 19 Active Learning Runtime on Validation Set: 8749.800000000001
2024-04-17 10:22 | INFO | Query 19 Active Learning Runtime on Test Set: 39567.39
2024-04-17 10:22 | INFO | Query 19 Active Learning Instance Cost: 422447.65
2024-04-17 10:22 | INFO | Timeout limit is increased to 1300
2024-04-17 10:22 | INFO | Query 20 Size of the uncertainty table is = 5934/7770
2024-04-17 10:22 | INFO | Query 20 Size of the filtered table is = 78
2024-04-17 10:22 | INFO | Query 20 Active Learning Runtime on Validation Set: 8804.1
2024-04-17 10:22 | INFO | Query 20 Active Learning Runtime on Test Set: 39597.75
2024-04-17 10:22 | INFO | Query 20 Active Learning Instance Cost: 447771.07
2024-04-17 10:22 | INFO | Timeout limit is increased to 1400
2024-04-17 10:22 | INFO | Query 21 Size of the uncertainty table is = 5901/7770
2024-04-17 10:22 | INFO | Query 21 Size of the filtered table is = 78
2024-04-17 10:22 | INFO | Query 21 Active Learning Runtime on Validation Set: 8896.44
2024-04-17 10:22 | INFO | Query 21 Active Learning Runtime on Test Set: 39567.39
2024-04-17 10:22 | INFO | Query 21 Active Learning Instance Cost: 480340.06
2024-04-17 10:22 | INFO | Timeout limit is increased to 1500
2024-04-17 10:22 | INFO | Query 22 Size of the uncertainty table is = 5870/7770
2024-04-17 10:22 | INFO | Query 22 Size of the filtered table is = 78
2024-04-17 10:23 | INFO | Query 22 Active Learning Runtime on Validation Set: 8804.1
2024-04-17 10:23 | INFO | Query 22 Active Learning Runtime on Test Set: 39597.079999999994
2024-04-17 10:23 | INFO | Query 22 Active Learning Instance Cost: 526793.65
2024-04-17 10:23 | INFO | Query 23 Size of the uncertainty table is = 5852/7770
2024-04-17 10:23 | INFO | Query 23 Size of the filtered table is = 78
2024-04-17 10:23 | INFO | Query 23 Active Learning Runtime on Validation Set: 8743.95
2024-04-17 10:23 | INFO | Query 23 Active Learning Runtime on Test Set: 39567.39
2024-04-17 10:23 | INFO | Query 23 Active Learning Instance Cost: 561723.37
2024-04-17 10:23 | INFO | Query 24 Size of the uncertainty table is = 5828/7770
2024-04-17 10:23 | INFO | Query 24 Size of the filtered table is = 78
2024-04-17 10:24 | INFO | Query 24 Active Learning Runtime on Validation Set: 8743.95
2024-04-17 10:24 | INFO | Query 24 Active Learning Runtime on Test Set: 39567.39
2024-04-17 10:24 | INFO | Query 24 Active Learning Instance Cost: 568289.22
2024-04-17 10:24 | INFO | Timeout limit is increased to 1600
2024-04-17 10:24 | INFO | Query 25 Size of the uncertainty table is = 5823/7770
2024-04-17 10:24 | INFO | Query 25 Size of the filtered table is = 78
2024-04-17 10:24 | INFO | Query 25 Active Learning Runtime on Validation Set: 8847.91
2024-04-17 10:24 | INFO | Query 25 Active Learning Runtime on Test Set: 39567.39
2024-04-17 10:24 | INFO | Query 25 Active Learning Instance Cost: 589323.88
2024-04-17 10:24 | INFO | Timeout limit is increased to 1700
2024-04-17 10:24 | INFO | Query 26 Size of the uncertainty table is = 5804/7770
2024-04-17 10:24 | INFO | Query 26 Size of the filtered table is = 78
2024-04-17 10:25 | INFO | Query 26 Active Learning Runtime on Validation Set: 8847.91
2024-04-17 10:25 | INFO | Query 26 Active Learning Runtime on Test Set: 39567.39
2024-04-17 10:25 | INFO | Query 26 Active Learning Instance Cost: 610824.92
2024-04-17 10:25 | INFO | Timeout limit is increased to 1800
2024-04-17 10:25 | INFO | Query 27 Size of the uncertainty table is = 5798/7770
2024-04-17 10:25 | INFO | Query 27 Size of the filtered table is = 78
2024-04-17 10:25 | INFO | Query 27 Active Learning Runtime on Validation Set: 8847.91
2024-04-17 10:25 | INFO | Query 27 Active Learning Runtime on Test Set: 39567.39
2024-04-17 10:25 | INFO | Query 27 Active Learning Instance Cost: 626108.96
2024-04-17 10:25 | INFO | Timeout limit is increased to 1900
2024-04-17 10:25 | INFO | Query 28 Size of the uncertainty table is = 5796/7770
2024-04-17 10:25 | INFO | Query 28 Size of the filtered table is = 78
2024-04-17 10:26 | INFO | Query 28 Active Learning Runtime on Validation Set: 8847.91
2024-04-17 10:26 | INFO | Query 28 Active Learning Runtime on Test Set: 39567.39
2024-04-17 10:26 | INFO | Query 28 Active Learning Instance Cost: 809630.33
2024-04-17 10:26 | INFO | Timeout limit is increased to 2000
2024-04-17 10:26 | INFO | Query 29 Size of the uncertainty table is = 5763/7770
2024-04-17 10:26 | INFO | Query 29 Size of the filtered table is = 78
2024-04-17 10:26 | INFO | Query 29 Active Learning Runtime on Validation Set: 8847.91
2024-04-17 10:26 | INFO | Query 29 Active Learning Runtime on Test Set: 39567.39
2024-04-17 10:26 | INFO | Query 29 Active Learning Instance Cost: 842830.34
2024-04-17 10:26 | INFO | Timeout limit is increased to 2100
2024-04-17 10:26 | INFO | Query 30 Size of the uncertainty table is = 5748/7770
2024-04-17 10:26 | INFO | Query 30 Size of the filtered table is = 78
2024-04-17 10:27 | INFO | Query 30 Active Learning Runtime on Validation Set: 8847.91
2024-04-17 10:27 | INFO | Query 30 Active Learning Runtime on Test Set: 39567.39
2024-04-17 10:27 | INFO | Query 30 Active Learning Instance Cost: 870308.23
2024-04-17 10:27 | INFO | Timeout limit is increased to 2200
2024-04-17 10:27 | INFO | Query 31 Size of the uncertainty table is = 5734/7770
2024-04-17 10:27 | INFO | Query 31 Size of the filtered table is = 78
2024-04-17 10:27 | INFO | Query 31 Active Learning Runtime on Validation Set: 8847.91
2024-04-17 10:27 | INFO | Query 31 Active Learning Runtime on Test Set: 39567.39
2024-04-17 10:27 | INFO | Query 31 Active Learning Instance Cost: 895695.72
2024-04-17 10:27 | INFO | Timeout limit is increased to 2300
2024-04-17 10:27 | INFO | Query 32 Size of the uncertainty table is = 5733/7770
2024-04-17 10:27 | INFO | Query 32 Size of the filtered table is = 78
2024-04-17 10:28 | INFO | Query 32 Active Learning Runtime on Validation Set: 8847.91
2024-04-17 10:28 | INFO | Query 32 Active Learning Runtime on Test Set: 39567.39
2024-04-17 10:28 | INFO | Query 32 Active Learning Instance Cost: 910995.72
2024-04-17 10:28 | INFO | Timeout limit is increased to 2400
2024-04-17 10:28 | INFO | Query 33 Size of the uncertainty table is = 5733/7770
2024-04-17 10:28 | INFO | Query 33 Size of the filtered table is = 78
2024-04-17 10:28 | INFO | Query 33 Active Learning Runtime on Validation Set: 8847.91
2024-04-17 10:28 | INFO | Query 33 Active Learning Runtime on Test Set: 39567.39
2024-04-17 10:28 | INFO | Query 33 Active Learning Instance Cost: 925395.72
2024-04-17 10:28 | INFO | Timeout limit is increased to 2500
2024-04-17 10:28 | INFO | Query 34 Size of the uncertainty table is = 5733/7770
2024-04-17 10:28 | INFO | Query 34 Size of the filtered table is = 78
2024-04-17 10:29 | INFO | Query 34 Active Learning Runtime on Validation Set: 8847.91
2024-04-17 10:29 | INFO | Query 34 Active Learning Runtime on Test Set: 39567.39
2024-04-17 10:29 | INFO | Query 34 Active Learning Instance Cost: 939795.72
2024-04-17 10:29 | INFO | Timeout limit is increased to 2600
2024-04-17 10:29 | INFO | Query 35 Size of the uncertainty table is = 5733/7770
2024-04-17 10:29 | INFO | Query 35 Size of the filtered table is = 78
2024-04-17 10:29 | INFO | Query 35 Active Learning Runtime on Validation Set: 8847.91
2024-04-17 10:29 | INFO | Query 35 Active Learning Runtime on Test Set: 39567.39
2024-04-17 10:29 | INFO | Query 35 Active Learning Instance Cost: 954195.72
2024-04-17 10:29 | INFO | Timeout limit is increased to 2700
2024-04-17 10:29 | INFO | Query 36 Size of the uncertainty table is = 5733/7770
2024-04-17 10:29 | INFO | Query 36 Size of the filtered table is = 78
2024-04-17 10:30 | INFO | Query 36 Active Learning Runtime on Validation Set: 8847.91
2024-04-17 10:30 | INFO | Query 36 Active Learning Runtime on Test Set: 39567.39
2024-04-17 10:30 | INFO | Query 36 Active Learning Instance Cost: 968595.72
2024-04-17 10:30 | INFO | Timeout limit is increased to 2800
2024-04-17 10:30 | INFO | Query 37 Size of the uncertainty table is = 5733/7770
2024-04-17 10:30 | INFO | Query 37 Size of the filtered table is = 78
2024-04-17 10:30 | INFO | Query 37 Active Learning Runtime on Validation Set: 8847.91
2024-04-17 10:30 | INFO | Query 37 Active Learning Runtime on Test Set: 39567.39
2024-04-17 10:30 | INFO | Query 37 Active Learning Instance Cost: 982995.72
2024-04-17 10:30 | INFO | Timeout limit is increased to 2900
2024-04-17 10:30 | INFO | Query 38 Size of the uncertainty table is = 5733/7770
2024-04-17 10:30 | INFO | Query 38 Size of the filtered table is = 78
2024-04-17 10:31 | INFO | Query 38 Active Learning Runtime on Validation Set: 8847.91
2024-04-17 10:31 | INFO | Query 38 Active Learning Runtime on Test Set: 39567.39
2024-04-17 10:31 | INFO | Query 38 Active Learning Instance Cost: 997395.72
2024-04-17 10:31 | INFO | Timeout limit is increased to 3000
2024-04-17 10:31 | INFO | Query 39 Size of the uncertainty table is = 5733/7770
2024-04-17 10:31 | INFO | Query 39 Size of the filtered table is = 78
2024-04-17 10:31 | INFO | Query 39 Active Learning Runtime on Validation Set: 8847.91
2024-04-17 10:31 | INFO | Query 39 Active Learning Runtime on Test Set: 39567.39
2024-04-17 10:31 | INFO | Query 39 Active Learning Instance Cost: 1011795.72
2024-04-17 10:31 | INFO | Timeout limit is increased to 3100
2024-04-17 10:31 | INFO | Query 40 Size of the uncertainty table is = 5733/7770
2024-04-17 10:31 | INFO | Query 40 Size of the filtered table is = 78
2024-04-17 10:32 | INFO | Query 40 Active Learning Runtime on Validation Set: 8847.91
2024-04-17 10:32 | INFO | Query 40 Active Learning Runtime on Test Set: 39567.39
2024-04-17 10:32 | INFO | Query 40 Active Learning Instance Cost: 1026195.72
2024-04-17 10:32 | INFO | Timeout limit is increased to 3200
2024-04-17 10:32 | INFO | Query 41 Size of the uncertainty table is = 5733/7770
2024-04-17 10:32 | INFO | Query 41 Size of the filtered table is = 78
2024-04-17 10:32 | INFO | Query 41 Active Learning Runtime on Validation Set: 8847.91
2024-04-17 10:32 | INFO | Query 41 Active Learning Runtime on Test Set: 39567.39
2024-04-17 10:32 | INFO | Query 41 Active Learning Instance Cost: 1040595.72
2024-04-17 10:32 | INFO | Timeout limit is increased to 3300
2024-04-17 10:32 | INFO | Query 42 Size of the uncertainty table is = 5733/7770
2024-04-17 10:32 | INFO | Query 42 Size of the filtered table is = 78
2024-04-17 10:33 | INFO | Query 42 Active Learning Runtime on Validation Set: 8847.91
2024-04-17 10:33 | INFO | Query 42 Active Learning Runtime on Test Set: 39567.39
2024-04-17 10:33 | INFO | Query 42 Active Learning Instance Cost: 1054995.72
2024-04-17 10:33 | INFO | Timeout limit is increased to 3400
2024-04-17 10:33 | INFO | Query 43 Size of the uncertainty table is = 5733/7770
2024-04-17 10:33 | INFO | Query 43 Size of the filtered table is = 78
2024-04-17 10:33 | INFO | Query 43 Active Learning Runtime on Validation Set: 8847.91
2024-04-17 10:33 | INFO | Query 43 Active Learning Runtime on Test Set: 39567.39
2024-04-17 10:33 | INFO | Query 43 Active Learning Instance Cost: 1069395.72
2024-04-17 10:33 | INFO | Timeout limit is increased to 3500
2024-04-17 10:33 | INFO | Query 44 Size of the uncertainty table is = 5733/7770
2024-04-17 10:33 | INFO | Query 44 Size of the filtered table is = 78
2024-04-17 10:34 | INFO | Query 44 Active Learning Runtime on Validation Set: 8847.91
2024-04-17 10:34 | INFO | Query 44 Active Learning Runtime on Test Set: 39567.39
2024-04-17 10:34 | INFO | Query 44 Active Learning Instance Cost: 1083795.72
2024-04-17 10:34 | INFO | Timeout limit is increased to 3600
2024-04-17 10:34 | INFO | Query 45 Size of the uncertainty table is = 5733/7770
2024-04-17 10:34 | INFO | Query 45 Size of the filtered table is = 78
2024-04-17 10:34 | INFO | Query 45 Active Learning Runtime on Validation Set: 8847.91
2024-04-17 10:34 | INFO | Query 45 Active Learning Runtime on Test Set: 39567.39
2024-04-17 10:34 | INFO | Query 45 Active Learning Instance Cost: 1098195.72
2024-04-17 10:34 | INFO | Timeout limit is increased to 3600
2024-04-17 10:34 | INFO | Query 46 Size of the uncertainty table is = 5202/7770
2024-04-17 10:34 | INFO | Query 46 Size of the filtered table is = 78
2024-04-17 10:34 | INFO | Query 46 Active Learning Runtime on Validation Set: 8721.820000000002
2024-04-17 10:34 | INFO | Query 46 Active Learning Runtime on Test Set: 39567.35
2024-04-17 10:34 | INFO | Query 46 Active Learning Instance Cost: 1278505.49
2024-04-17 10:34 | INFO | Query 47 Size of the uncertainty table is = 4886/7770
2024-04-17 10:34 | INFO | Query 47 Size of the filtered table is = 78
2024-04-17 10:35 | INFO | Query 47 Active Learning Runtime on Validation Set: 8743.95
2024-04-17 10:35 | INFO | Query 47 Active Learning Runtime on Test Set: 39569.549999999996
2024-04-17 10:35 | INFO | Query 47 Active Learning Instance Cost: 1402605.64
2024-04-17 10:35 | INFO | Timeout limit is increased to 3600
2024-04-17 10:35 | INFO | Query 48 Size of the uncertainty table is = 4599/7770
2024-04-17 10:35 | INFO | Query 48 Size of the filtered table is = 78
2024-04-17 10:35 | INFO | Query 48 Active Learning Runtime on Validation Set: 8726.69
2024-04-17 10:35 | INFO | Query 48 Active Learning Runtime on Test Set: 39598.78
2024-04-17 10:35 | INFO | Query 48 Active Learning Instance Cost: 1525735.04
2024-04-17 10:35 | INFO | Query 49 Size of the uncertainty table is = 4267/7770
2024-04-17 10:35 | INFO | Query 49 Size of the filtered table is = 78
2024-04-17 10:36 | INFO | Query 49 Active Learning Runtime on Validation Set: 8810.85
2024-04-17 10:36 | INFO | Query 49 Active Learning Runtime on Test Set: 38339.42
2024-04-17 10:36 | INFO | Query 49 Active Learning Instance Cost: 1636400.13
2024-04-17 10:36 | INFO | Timeout limit is increased to 3600
2024-04-17 10:36 | INFO | Query 50 Size of the uncertainty table is = 3976/7770
2024-04-17 10:36 | INFO | Query 50 Size of the filtered table is = 78
2024-04-17 10:36 | INFO | Query 50 Active Learning Runtime on Validation Set: 8870.210000000001
2024-04-17 10:36 | INFO | Query 50 Active Learning Runtime on Test Set: 39531.119999999995
2024-04-17 10:36 | INFO | Query 50 Active Learning Instance Cost: 1700952.79
2024-04-17 10:36 | INFO | Timeout limit is increased to 3600
2024-04-17 10:36 | INFO | Query 51 Size of the uncertainty table is = 3681/7770
2024-04-17 10:36 | INFO | Query 51 Size of the filtered table is = 78
2024-04-17 10:37 | INFO | Query 51 Active Learning Runtime on Validation Set: 8838.27
2024-04-17 10:37 | INFO | Query 51 Active Learning Runtime on Test Set: 38294.88
2024-04-17 10:37 | INFO | Query 51 Active Learning Instance Cost: 1740321.96
2024-04-17 10:37 | INFO | Query 52 Size of the uncertainty table is = 3437/7770
2024-04-17 10:37 | INFO | Query 52 Size of the filtered table is = 78
2024-04-17 10:37 | INFO | Query 52 Active Learning Runtime on Validation Set: 8648.980000000001
2024-04-17 10:37 | INFO | Query 52 Active Learning Runtime on Test Set: 39518.659999999996
2024-04-17 10:37 | INFO | Query 52 Active Learning Instance Cost: 1754208.01
2024-04-17 10:37 | INFO | Query 53 Size of the uncertainty table is = 3206/7770
2024-04-17 10:37 | INFO | Query 53 Size of the filtered table is = 78
2024-04-17 10:38 | INFO | Query 53 Active Learning Runtime on Validation Set: 442402.42
2024-04-17 10:38 | INFO | Query 53 Active Learning Runtime on Test Set: 74564.15
2024-04-17 10:38 | INFO | Query 53 Active Learning Instance Cost: 1790535.28
2024-04-17 10:38 | INFO | Timeout limit is increased to 3600
2024-04-17 10:38 | INFO | Query 54 Size of the uncertainty table is = 2985/7770
2024-04-17 10:38 | INFO | Query 54 Size of the filtered table is = 78
2024-04-17 10:38 | INFO | Query 54 Active Learning Runtime on Validation Set: 442392.43
2024-04-17 10:38 | INFO | Query 54 Active Learning Runtime on Test Set: 110125.61
2024-04-17 10:38 | INFO | Query 54 Active Learning Instance Cost: 1845944.17
2024-04-17 10:38 | INFO | Query 55 Size of the uncertainty table is = 2721/7770
2024-04-17 10:38 | INFO | Query 55 Size of the filtered table is = 78
2024-04-17 10:39 | INFO | Query 55 Active Learning Runtime on Validation Set: 263074.58
2024-04-17 10:39 | INFO | Query 55 Active Learning Runtime on Test Set: 75784.84
2024-04-17 10:39 | INFO | Query 55 Active Learning Instance Cost: 1880910.87
2024-04-17 10:39 | INFO | Query 56 Size of the uncertainty table is = 2458/7770
2024-04-17 10:39 | INFO | Query 56 Size of the filtered table is = 78
2024-04-17 10:39 | INFO | Query 56 Active Learning Runtime on Validation Set: 406585.19
2024-04-17 10:39 | INFO | Query 56 Active Learning Runtime on Test Set: 74565.02
2024-04-17 10:39 | INFO | Query 56 Active Learning Instance Cost: 1999138.02
2024-04-17 10:39 | INFO | Timeout limit is increased to 3600
2024-04-17 10:39 | INFO | Query 57 Size of the uncertainty table is = 1996/7770
2024-04-17 10:39 | INFO | Query 57 Size of the filtered table is = 78
2024-04-17 10:40 | INFO | Query 57 Active Learning Runtime on Validation Set: 8564.94
2024-04-17 10:40 | INFO | Query 57 Active Learning Runtime on Test Set: 39908.31
2024-04-17 10:40 | INFO | Query 57 Active Learning Instance Cost: 2047982.96
2024-04-17 10:40 | INFO | Query 58 Size of the uncertainty table is = 1681/7770
2024-04-17 10:40 | INFO | Query 58 Size of the filtered table is = 78
2024-04-17 10:40 | INFO | Query 58 Active Learning Runtime on Validation Set: 334469.14
2024-04-17 10:40 | INFO | Query 58 Active Learning Runtime on Test Set: 74564.68
2024-04-17 10:40 | INFO | Query 58 Active Learning Instance Cost: 2136606.63
2024-04-17 10:40 | INFO | Timeout limit is increased to 3600
2024-04-17 10:40 | INFO | Query 59 Size of the uncertainty table is = 1360/7770
2024-04-17 10:40 | INFO | Query 59 Size of the filtered table is = 78
2024-04-17 10:41 | INFO | Query 59 Active Learning Runtime on Validation Set: 118445.54
2024-04-17 10:41 | INFO | Query 59 Active Learning Runtime on Test Set: 38259.7
2024-04-17 10:41 | INFO | Query 59 Active Learning Instance Cost: 2217270.71
2024-04-17 10:41 | INFO | Query 60 Size of the uncertainty table is = 1046/7770
2024-04-17 10:41 | INFO | Query 60 Size of the filtered table is = 78
2024-04-17 10:41 | INFO | Query 60 Active Learning Runtime on Validation Set: 334469.14
2024-04-17 10:41 | INFO | Query 60 Active Learning Runtime on Test Set: 111240.87
2024-04-17 10:41 | INFO | Query 60 Active Learning Instance Cost: 2305424.98
2024-04-17 10:41 | INFO | Timeout limit is increased to 3600
2024-04-17 10:41 | INFO | Query 61 Size of the uncertainty table is = 786/7770
2024-04-17 10:41 | INFO | Query 61 Size of the filtered table is = 78
2024-04-17 10:42 | INFO | Query 61 Active Learning Runtime on Validation Set: 82475.26
2024-04-17 10:42 | INFO | Query 61 Active Learning Runtime on Test Set: 73753.55
2024-04-17 10:42 | INFO | Query 61 Active Learning Instance Cost: 2397314.57
2024-04-17 10:42 | INFO | Query 62 Size of the uncertainty table is = 459/7770
2024-04-17 10:42 | INFO | Query 62 Size of the filtered table is = 78
2024-04-17 10:42 | INFO | Query 62 Active Learning Runtime on Validation Set: 82321.23999999999
2024-04-17 10:42 | INFO | Query 62 Active Learning Runtime on Test Set: 38259.82
2024-04-17 10:42 | INFO | Query 62 Active Learning Instance Cost: 2583945.97
2024-04-17 10:42 | INFO | Query 63 Size of the uncertainty table is = 121/7770
2024-04-17 10:42 | INFO | Query 63 Size of the filtered table is = 78
2024-04-17 10:43 | INFO | Query 63 Active Learning Runtime on Validation Set: 82321.23999999999
2024-04-17 10:43 | INFO | Query 63 Active Learning Runtime on Test Set: 73753.55
2024-04-17 10:43 | INFO | Query 63 Active Learning Instance Cost: 2655042.62
2024-04-17 10:43 | INFO | Timeout limit is increased to 3600
2024-04-17 10:43 | INFO | runtime_test_score is written as json file
2024-04-17 10:43 | INFO | runtime_validation_score is written as json file
2024-04-17 10:43 | INFO | instance_cost is written as json file
2024-04-17 10:43 | INFO | Experiment is finished
