2024-04-17 11:11 | INFO | Paramaters are: {'dataset': 'ASP-POTASSCO', 'penalty': 10, 'weight': 'No_Weight', 'voting': 'Hard', 'pre_selection_size': 64, 'pre_selection_technique': 'No_pre_selection', 'feature_elimination_threshold': 20, 'imputer_strategy': 'median', 'feature_selection_technique': 'No_feature_selection', 'feature_scaling_technique': 'StandardScaler', 'initial_train_size': 20, 'query_size': 1, 'timeout_predictor_usage': 'Yes', 'timeout_limit': 3600, 'timeout_increase_rate': 100, 'RANDOM_STATE_SEED': 7, 'n_splits': 10, 'split_number': 9, 'max_timeout': 3600, 'param_grid': {'n_estimators': 100, 'criterion': 'gini', 'max_features': 'sqrt', 'max_depth': 2147483648, 'min_samples_split': 2, 'bootstrap': True}}
2024-04-17 11:11 | INFO | ASP-POTASSCO is current dataset
2024-04-17 11:11 | INFO | DATASETS/ASP-POTASSCO/algorithm_runs.arff is found
2024-04-17 11:11 | INFO | DATASETS/ASP-POTASSCO/algorithm_runs.arff is finished
2024-04-17 11:11 | INFO | DATASETS/ASP-POTASSCO/feature_values.arff is found
2024-04-17 11:11 | INFO | DATASETS/ASP-POTASSCO/feature_values.arff is finished
2024-04-17 11:11 | INFO | DATASETS/ASP-POTASSCO/feature_costs.arff is found
2024-04-17 11:11 | INFO | DATASETS/ASP-POTASSCO/feature_costs.arff is finished
2024-04-17 11:11 | INFO | Virtual best solver time in train = 21412.7
2024-04-17 11:11 | INFO | Single best solver list train = {'clasp/2.1.3/h1-n1': 3043789.34, 'clasp/2.1.3/h10-n1': 4920619.1, 'clasp/2.1.3/h11-n1': 6650022.75, 'clasp/2.1.3/h2-n1': 5063351.2, 'clasp/2.1.3/h3-n1': 5665373.64, 'clasp/2.1.3/h4-n1': 3703736.64, 'clasp/2.1.3/h5-n1': 4630211.43, 'clasp/2.1.3/h6-n1': 4024973.44, 'clasp/2.1.3/h7-n1': 6355988.33, 'clasp/2.1.3/h8-n1': 2958397.27, 'clasp/2.1.3/h9-n1': 4386227.13}
2024-04-17 11:11 | INFO | Single best solver time train = clasp/2.1.3/h8-n1 (2958397.27)
2024-04-17 11:11 | INFO | Virtual best solver time in validation = 2832.25
2024-04-17 11:11 | INFO | Single best solver list validation = {'clasp/2.1.3/h1-n1': 303923.77, 'clasp/2.1.3/h10-n1': 580820.82, 'clasp/2.1.3/h11-n1': 2354337.33, 'clasp/2.1.3/h2-n1': 474601.11, 'clasp/2.1.3/h3-n1': 2067379.94, 'clasp/2.1.3/h4-n1': 662956.28, 'clasp/2.1.3/h5-n1': 223075.33, 'clasp/2.1.3/h6-n1': 509190.29, 'clasp/2.1.3/h7-n1': 663179.31, 'clasp/2.1.3/h8-n1': 797026.47, 'clasp/2.1.3/h9-n1': 1814827.54}
2024-04-17 11:11 | INFO | Single best solver time validation = clasp/2.1.3/h5-n1 (223075.33)
2024-04-17 11:11 | INFO | Virtual best solver time in test = 3033.36
2024-04-17 11:11 | INFO | Single best solver list test = {'clasp/2.1.3/h1-n1': 329218.19, 'clasp/2.1.3/h10-n1': 831078.07, 'clasp/2.1.3/h11-n1': 1263975.3, 'clasp/2.1.3/h2-n1': 903152.29, 'clasp/2.1.3/h3-n1': 1121248.44, 'clasp/2.1.3/h4-n1': 618156.97, 'clasp/2.1.3/h5-n1': 796067.96, 'clasp/2.1.3/h6-n1': 617516.76, 'clasp/2.1.3/h7-n1': 1047713.25, 'clasp/2.1.3/h8-n1': 439686.37, 'clasp/2.1.3/h9-n1': 833073.97}
2024-04-17 11:11 | INFO | Single best solver time test = clasp/2.1.3/h1-n1 (329218.19)
2024-04-17 11:14 | INFO | Passive Learning Runtime on Validation Set: 293170.29
2024-04-17 11:14 | INFO | Passive Learning Runtime on Test Set: 76919.97
2024-04-17 11:14 | INFO | Passive Learning Instance Cost: 5427090.28
2024-04-17 11:17 | INFO | Initial Active Learning Runtime on Validation Set: 366219.92
2024-04-17 11:17 | INFO | Initial Active Learning Runtime on Test Set: 364019.26
2024-04-17 11:17 | INFO | Initial Active Learning Instance Cost: 167158.69
2024-04-17 11:17 | INFO | Bin size = 394
2024-04-17 11:17 | INFO | Query 1 Size of the uncertainty table is = 39325/39325
2024-04-17 11:17 | INFO | Query 1 Size of the filtered table is = 394
2024-04-17 11:19 | INFO | Query 1 Active Learning Runtime on Validation Set: 42534.54
2024-04-17 11:19 | INFO | Query 1 Active Learning Runtime on Test Set: 185079.97999999998
2024-04-17 11:19 | INFO | Query 1 Active Learning Instance Cost: 504632.94
2024-04-17 11:19 | INFO | Query 2 Size of the uncertainty table is = 38525/39325
2024-04-17 11:19 | INFO | Query 2 Size of the filtered table is = 394
2024-04-17 11:22 | INFO | Query 2 Active Learning Runtime on Validation Set: 78584.5
2024-04-17 11:22 | INFO | Query 2 Active Learning Runtime on Test Set: 185426.9
2024-04-17 11:22 | INFO | Query 2 Active Learning Instance Cost: 757910.99
2024-04-17 11:22 | INFO | Timeout limit is increased to 3600
2024-04-17 11:22 | INFO | Query 3 Size of the uncertainty table is = 37219/39325
2024-04-17 11:22 | INFO | Query 3 Size of the filtered table is = 394
2024-04-17 11:24 | INFO | Query 3 Active Learning Runtime on Validation Set: 257953.77
2024-04-17 11:24 | INFO | Query 3 Active Learning Runtime on Test Set: 220369.06
2024-04-17 11:24 | INFO | Query 3 Active Learning Instance Cost: 995560.47
2024-04-17 11:24 | INFO | Timeout limit is increased to 3600
2024-04-17 11:25 | INFO | Query 4 Size of the uncertainty table is = 35502/39325
2024-04-17 11:25 | INFO | Query 4 Size of the filtered table is = 394
2024-04-17 11:27 | INFO | Query 4 Active Learning Runtime on Validation Set: 294174.64
2024-04-17 11:27 | INFO | Query 4 Active Learning Runtime on Test Set: 257470.69
2024-04-17 11:27 | INFO | Query 4 Active Learning Instance Cost: 1247831.91
2024-04-17 11:27 | INFO | Timeout limit is increased to 3600
2024-04-17 11:27 | INFO | Query 5 Size of the uncertainty table is = 33477/39325
2024-04-17 11:27 | INFO | Query 5 Size of the filtered table is = 394
2024-04-17 11:30 | INFO | Query 5 Active Learning Runtime on Validation Set: 186220.99
2024-04-17 11:30 | INFO | Query 5 Active Learning Runtime on Test Set: 256573.28
2024-04-17 11:30 | INFO | Query 5 Active Learning Instance Cost: 1478038.25
2024-04-17 11:30 | INFO | Query 6 Size of the uncertainty table is = 31297/39325
2024-04-17 11:30 | INFO | Query 6 Size of the filtered table is = 394
2024-04-17 11:33 | INFO | Query 6 Active Learning Runtime on Validation Set: 258189.07
2024-04-17 11:33 | INFO | Query 6 Active Learning Runtime on Test Set: 292318.74
2024-04-17 11:33 | INFO | Query 6 Active Learning Instance Cost: 1702237.23
2024-04-17 11:33 | INFO | Timeout limit is increased to 3600
2024-04-17 11:33 | INFO | Query 7 Size of the uncertainty table is = 28950/39325
2024-04-17 11:33 | INFO | Query 7 Size of the filtered table is = 394
2024-04-17 11:35 | INFO | Query 7 Active Learning Runtime on Validation Set: 186178.43
2024-04-17 11:35 | INFO | Query 7 Active Learning Runtime on Test Set: 184195.02
2024-04-17 11:35 | INFO | Query 7 Active Learning Instance Cost: 1951708.08
2024-04-17 11:35 | INFO | Query 8 Size of the uncertainty table is = 26426/39325
2024-04-17 11:35 | INFO | Query 8 Size of the filtered table is = 394
2024-04-17 11:38 | INFO | Query 8 Active Learning Runtime on Validation Set: 222318.21
2024-04-17 11:38 | INFO | Query 8 Active Learning Runtime on Test Set: 184873.27
2024-04-17 11:38 | INFO | Query 8 Active Learning Instance Cost: 2145710.97
2024-04-17 11:38 | INFO | Timeout limit is increased to 3600
2024-04-17 11:38 | INFO | Query 9 Size of the uncertainty table is = 23890/39325
2024-04-17 11:38 | INFO | Query 9 Size of the filtered table is = 394
2024-04-17 11:41 | INFO | Query 9 Active Learning Runtime on Validation Set: 365769.04
2024-04-17 11:41 | INFO | Query 9 Active Learning Runtime on Test Set: 149403.22999999998
2024-04-17 11:41 | INFO | Query 9 Active Learning Instance Cost: 2344408.87
2024-04-17 11:41 | INFO | Timeout limit is increased to 3600
2024-04-17 11:41 | INFO | Query 10 Size of the uncertainty table is = 21245/39325
2024-04-17 11:41 | INFO | Query 10 Size of the filtered table is = 394
2024-04-17 11:44 | INFO | Query 10 Active Learning Runtime on Validation Set: 257972.8
2024-04-17 11:44 | INFO | Query 10 Active Learning Runtime on Test Set: 112872.90999999999
2024-04-17 11:44 | INFO | Query 10 Active Learning Instance Cost: 2587339.51
2024-04-17 11:44 | INFO | Query 11 Size of the uncertainty table is = 18662/39325
2024-04-17 11:44 | INFO | Query 11 Size of the filtered table is = 394
2024-04-17 11:47 | INFO | Query 11 Active Learning Runtime on Validation Set: 221435.68
2024-04-17 11:47 | INFO | Query 11 Active Learning Runtime on Test Set: 112984.95999999999
2024-04-17 11:47 | INFO | Query 11 Active Learning Instance Cost: 2755894.09
2024-04-17 11:47 | INFO | Query 12 Size of the uncertainty table is = 15986/39325
2024-04-17 11:47 | INFO | Query 12 Size of the filtered table is = 394
2024-04-17 11:50 | INFO | Query 12 Active Learning Runtime on Validation Set: 293317.5
2024-04-17 11:50 | INFO | Query 12 Active Learning Runtime on Test Set: 112514.82999999999
2024-04-17 11:50 | INFO | Query 12 Active Learning Instance Cost: 3012307.92
2024-04-17 11:50 | INFO | Timeout limit is increased to 3600
2024-04-17 11:50 | INFO | Query 13 Size of the uncertainty table is = 13628/39325
2024-04-17 11:50 | INFO | Query 13 Size of the filtered table is = 394
2024-04-17 11:53 | INFO | Query 13 Active Learning Runtime on Validation Set: 329652.2
2024-04-17 11:53 | INFO | Query 13 Active Learning Runtime on Test Set: 149446.46
2024-04-17 11:53 | INFO | Query 13 Active Learning Instance Cost: 3323576.79
2024-04-17 11:53 | INFO | Timeout limit is increased to 3600
2024-04-17 11:53 | INFO | Query 14 Size of the uncertainty table is = 11148/39325
2024-04-17 11:53 | INFO | Query 14 Size of the filtered table is = 394
2024-04-17 11:56 | INFO | Query 14 Active Learning Runtime on Validation Set: 257528.03
2024-04-17 11:56 | INFO | Query 14 Active Learning Runtime on Test Set: 112578.20999999999
2024-04-17 11:56 | INFO | Query 14 Active Learning Instance Cost: 3615674.47
2024-04-17 11:56 | INFO | Query 15 Size of the uncertainty table is = 8821/39325
2024-04-17 11:56 | INFO | Query 15 Size of the filtered table is = 394
2024-04-17 11:59 | INFO | Query 15 Active Learning Runtime on Validation Set: 257489.85
2024-04-17 11:59 | INFO | Query 15 Active Learning Runtime on Test Set: 148687.16999999998
2024-04-17 11:59 | INFO | Query 15 Active Learning Instance Cost: 3841510.12
2024-04-17 11:59 | INFO | Query 16 Size of the uncertainty table is = 6543/39325
2024-04-17 11:59 | INFO | Query 16 Size of the filtered table is = 394
2024-04-17 12:02 | INFO | Query 16 Active Learning Runtime on Validation Set: 329273.62
2024-04-17 12:02 | INFO | Query 16 Active Learning Runtime on Test Set: 113151.79
2024-04-17 12:02 | INFO | Query 16 Active Learning Instance Cost: 4092293.84
2024-04-17 12:02 | INFO | Timeout limit is increased to 3600
2024-04-17 12:02 | INFO | Query 17 Size of the uncertainty table is = 4584/39325
2024-04-17 12:02 | INFO | Query 17 Size of the filtered table is = 394
2024-04-17 12:05 | INFO | Query 17 Active Learning Runtime on Validation Set: 365956.79
2024-04-17 12:05 | INFO | Query 17 Active Learning Runtime on Test Set: 149021.81
2024-04-17 12:05 | INFO | Query 17 Active Learning Instance Cost: 4486374.08
2024-04-17 12:05 | INFO | Timeout limit is increased to 3600
2024-04-17 12:05 | INFO | Query 18 Size of the uncertainty table is = 2795/39325
2024-04-17 12:05 | INFO | Query 18 Size of the filtered table is = 394
2024-04-17 12:08 | INFO | Query 18 Active Learning Runtime on Validation Set: 294177.77999999997
2024-04-17 12:08 | INFO | Query 18 Active Learning Runtime on Test Set: 112951.87999999999
2024-04-17 12:08 | INFO | Query 18 Active Learning Instance Cost: 4904009.65
2024-04-17 12:08 | INFO | Query 19 Size of the uncertainty table is = 1324/39325
2024-04-17 12:08 | INFO | Query 19 Size of the filtered table is = 394
2024-04-17 12:11 | INFO | Query 19 Active Learning Runtime on Validation Set: 329773.93
2024-04-17 12:11 | INFO | Query 19 Active Learning Runtime on Test Set: 112931.17
2024-04-17 12:11 | INFO | Query 19 Active Learning Instance Cost: 5419373.76
2024-04-17 12:11 | INFO | Timeout limit is increased to 3600
2024-04-17 12:11 | INFO | Query 20 Size of the uncertainty table is = 29/39325
2024-04-17 12:11 | INFO | Query 20 Size of the filtered table is = 3
2024-04-17 12:14 | INFO | Query 20 Active Learning Runtime on Validation Set: 329773.93
2024-04-17 12:14 | INFO | Query 20 Active Learning Runtime on Test Set: 77233.09
2024-04-17 12:14 | INFO | Query 20 Active Learning Instance Cost: 5422973.76
2024-04-17 12:14 | INFO | Timeout limit is increased to 3600
2024-04-17 12:14 | INFO | Query 21 Size of the uncertainty table is = 19/39325
2024-04-17 12:14 | INFO | Query 21 Size of the filtered table is = 19
2024-04-17 12:17 | INFO | Query 21 Active Learning Runtime on Validation Set: 329862.12
2024-04-17 12:17 | INFO | Query 21 Active Learning Runtime on Test Set: 113444.18999999999
2024-04-17 12:17 | INFO | Query 21 Active Learning Instance Cost: 5427090.28
2024-04-17 12:17 | INFO | Timeout limit is increased to 3600
2024-04-17 12:17 | INFO | runtime_test_score is written as json file
2024-04-17 12:17 | INFO | runtime_validation_score is written as json file
2024-04-17 12:17 | INFO | instance_cost is written as json file
2024-04-17 12:17 | INFO | Experiment is finished
