2024-04-17 10:41 | INFO | Paramaters are: {'dataset': 'QBF-2011', 'penalty': 10, 'weight': 'No_Weight', 'voting': 'Hard', 'pre_selection_size': 64, 'pre_selection_technique': 'No_pre_selection', 'feature_elimination_threshold': 20, 'imputer_strategy': 'median', 'feature_selection_technique': 'No_feature_selection', 'feature_scaling_technique': 'StandardScaler', 'initial_train_size': 20, 'query_size': 1, 'timeout_predictor_usage': 'Yes', 'timeout_limit': 100, 'timeout_increase_rate': 100, 'RANDOM_STATE_SEED': 99, 'n_splits': 10, 'split_number': 1, 'max_timeout': 3600, 'param_grid': {'n_estimators': 100, 'criterion': 'gini', 'max_features': 'sqrt', 'max_depth': 2147483648, 'min_samples_split': 2, 'bootstrap': True}}
2024-04-17 10:41 | INFO | QBF-2011 is current dataset
2024-04-17 10:41 | INFO | DATASETS/QBF-2011/algorithm_runs.csv is found
2024-04-17 10:41 | INFO | DATASETS/QBF-2011/algorithm_runs.csv is finished
2024-04-17 10:41 | INFO | DATASETS/QBF-2011/feature_values.csv is found
2024-04-17 10:41 | INFO | DATASETS/QBF-2011/feature_values.csv is finished
2024-04-17 10:41 | INFO | Virtual best solver time in train = 75463.95
2024-04-17 10:41 | INFO | Single best solver list train = {'2clsQ': 13772190.73, 'QuBE': 10407354.35, 'quantor': 18092741.04, 'sKizzo': 6679783.9, 'sSolve': 8501266.46}
2024-04-17 10:41 | INFO | Single best solver time train = sKizzo (6679783.9)
2024-04-17 10:41 | INFO | Virtual best solver time in validation = 18515.4
2024-04-17 10:41 | INFO | Single best solver list validation = {'2clsQ': 3264201.33, 'QuBE': 2242376.82, 'quantor': 3786342.39, 'sKizzo': 2362531.95, 'sSolve': 2936977.77}
2024-04-17 10:41 | INFO | Single best solver time validation = QuBE (2242376.82)
2024-04-17 10:41 | INFO | Virtual best solver time in test = 7172.56
2024-04-17 10:41 | INFO | Single best solver list test = {'2clsQ': 1597356.36, 'QuBE': 1270376.04, 'quantor': 2162659.17, 'sKizzo': 625357.75, 'sSolve': 1201941.07}
2024-04-17 10:41 | INFO | Single best solver time test = sKizzo (625357.75)
2024-04-17 10:42 | INFO | Passive Learning Runtime on Validation Set: 1531866.62
2024-04-17 10:42 | INFO | Passive Learning Runtime on Test Set: 118253.74
2024-04-17 10:42 | INFO | Passive Learning Instance Cost: 6196536.48
2024-04-17 10:42 | INFO | Initial Active Learning Runtime on Validation Set: 2076064.21
2024-04-17 10:42 | INFO | Initial Active Learning Runtime on Test Set: 515673.3
2024-04-17 10:42 | INFO | Initial Active Learning Instance Cost: 6222.01
2024-04-17 10:42 | INFO | Bin size = 74
2024-04-17 10:42 | INFO | Query 1 Size of the uncertainty table is = 7454/7380
2024-04-17 10:42 | INFO | Query 1 Size of the filtered table is = 74
2024-04-17 10:42 | INFO | Query 1 Active Learning Runtime on Validation Set: 2078731.77
2024-04-17 10:42 | INFO | Query 1 Active Learning Runtime on Test Set: 514715.91
2024-04-17 10:42 | INFO | Query 1 Active Learning Instance Cost: 12618.35
2024-04-17 10:42 | INFO | Timeout limit is increased to 200
2024-04-17 10:42 | INFO | Query 2 Size of the uncertainty table is = 7375/7380
2024-04-17 10:42 | INFO | Query 2 Size of the filtered table is = 74
2024-04-17 10:43 | INFO | Query 2 Active Learning Runtime on Validation Set: 2076123.43
2024-04-17 10:43 | INFO | Query 2 Active Learning Runtime on Test Set: 480772.16
2024-04-17 10:43 | INFO | Query 2 Active Learning Instance Cost: 20225.51
2024-04-17 10:43 | INFO | Query 3 Size of the uncertainty table is = 7276/7380
2024-04-17 10:43 | INFO | Query 3 Size of the filtered table is = 74
2024-04-17 10:43 | INFO | Query 3 Active Learning Runtime on Validation Set: 2114728.81
2024-04-17 10:43 | INFO | Query 3 Active Learning Runtime on Test Set: 481063.46
2024-04-17 10:43 | INFO | Query 3 Active Learning Instance Cost: 42421.68
2024-04-17 10:43 | INFO | Timeout limit is increased to 300
2024-04-17 10:43 | INFO | Query 4 Size of the uncertainty table is = 7226/7380
2024-04-17 10:43 | INFO | Query 4 Size of the filtered table is = 74
2024-04-17 10:44 | INFO | Query 4 Active Learning Runtime on Validation Set: 1935987.04
2024-04-17 10:44 | INFO | Query 4 Active Learning Runtime on Test Set: 370654.77
2024-04-17 10:44 | INFO | Query 4 Active Learning Instance Cost: 61462.59
2024-04-17 10:44 | INFO | Query 5 Size of the uncertainty table is = 7113/7380
2024-04-17 10:44 | INFO | Query 5 Size of the filtered table is = 74
2024-04-17 10:44 | INFO | Query 5 Active Learning Runtime on Validation Set: 1862051.16
2024-04-17 10:44 | INFO | Query 5 Active Learning Runtime on Test Set: 229731.52
2024-04-17 10:44 | INFO | Query 5 Active Learning Instance Cost: 83574.73
2024-04-17 10:44 | INFO | Query 6 Size of the uncertainty table is = 7023/7380
2024-04-17 10:44 | INFO | Query 6 Size of the filtered table is = 74
2024-04-17 10:45 | INFO | Query 6 Active Learning Runtime on Validation Set: 1436540.26
2024-04-17 10:45 | INFO | Query 6 Active Learning Runtime on Test Set: 155949.84
2024-04-17 10:45 | INFO | Query 6 Active Learning Instance Cost: 102809.71
2024-04-17 10:45 | INFO | Query 7 Size of the uncertainty table is = 6922/7380
2024-04-17 10:45 | INFO | Query 7 Size of the filtered table is = 74
2024-04-17 10:45 | INFO | Query 7 Active Learning Runtime on Validation Set: 1646449.94
2024-04-17 10:45 | INFO | Query 7 Active Learning Runtime on Test Set: 155949.84
2024-04-17 10:45 | INFO | Query 7 Active Learning Instance Cost: 121910.97
2024-04-17 10:45 | INFO | Timeout limit is increased to 400
2024-04-17 10:45 | INFO | Query 8 Size of the uncertainty table is = 6840/7380
2024-04-17 10:45 | INFO | Query 8 Size of the filtered table is = 74
2024-04-17 10:46 | INFO | Query 8 Active Learning Runtime on Validation Set: 1901324.27
2024-04-17 10:46 | INFO | Query 8 Active Learning Runtime on Test Set: 226417.71
2024-04-17 10:46 | INFO | Query 8 Active Learning Instance Cost: 143595.77
2024-04-17 10:46 | INFO | Timeout limit is increased to 500
2024-04-17 10:46 | INFO | Query 9 Size of the uncertainty table is = 6687/7380
2024-04-17 10:46 | INFO | Query 9 Size of the filtered table is = 74
2024-04-17 10:46 | INFO | Query 9 Active Learning Runtime on Validation Set: 1682798.03
2024-04-17 10:46 | INFO | Query 9 Active Learning Runtime on Test Set: 155116.49
2024-04-17 10:46 | INFO | Query 9 Active Learning Instance Cost: 173872.67
2024-04-17 10:46 | INFO | Query 10 Size of the uncertainty table is = 6577/7380
2024-04-17 10:46 | INFO | Query 10 Size of the filtered table is = 74
2024-04-17 10:47 | INFO | Query 10 Active Learning Runtime on Validation Set: 1788196.61
2024-04-17 10:47 | INFO | Query 10 Active Learning Runtime on Test Set: 157171.46
2024-04-17 10:47 | INFO | Query 10 Active Learning Instance Cost: 207635.3
2024-04-17 10:47 | INFO | Timeout limit is increased to 600
2024-04-17 10:47 | INFO | Query 11 Size of the uncertainty table is = 6458/7380
2024-04-17 10:47 | INFO | Query 11 Size of the filtered table is = 74
2024-04-17 10:47 | INFO | Query 11 Active Learning Runtime on Validation Set: 1682805.01
2024-04-17 10:47 | INFO | Query 11 Active Learning Runtime on Test Set: 118519.81
2024-04-17 10:47 | INFO | Query 11 Active Learning Instance Cost: 246082.16
2024-04-17 10:47 | INFO | Query 12 Size of the uncertainty table is = 6338/7380
2024-04-17 10:47 | INFO | Query 12 Size of the filtered table is = 74
2024-04-17 10:48 | INFO | Query 12 Active Learning Runtime on Validation Set: 1682816.16
2024-04-17 10:48 | INFO | Query 12 Active Learning Runtime on Test Set: 118498.99
2024-04-17 10:48 | INFO | Query 12 Active Learning Instance Cost: 283045.5
2024-04-17 10:48 | INFO | Timeout limit is increased to 700
2024-04-17 10:48 | INFO | Query 13 Size of the uncertainty table is = 6203/7380
2024-04-17 10:48 | INFO | Query 13 Size of the filtered table is = 74
2024-04-17 10:48 | INFO | Query 13 Active Learning Runtime on Validation Set: 1436934.34
2024-04-17 10:48 | INFO | Query 13 Active Learning Runtime on Test Set: 154531.58
2024-04-17 10:48 | INFO | Query 13 Active Learning Instance Cost: 318980.25
2024-04-17 10:48 | INFO | Query 14 Size of the uncertainty table is = 6044/7380
2024-04-17 10:48 | INFO | Query 14 Size of the filtered table is = 74
2024-04-17 10:49 | INFO | Query 14 Active Learning Runtime on Validation Set: 1397720.52
2024-04-17 10:49 | INFO | Query 14 Active Learning Runtime on Test Set: 118511.23
2024-04-17 10:49 | INFO | Query 14 Active Learning Instance Cost: 368344.3
2024-04-17 10:49 | INFO | Query 15 Size of the uncertainty table is = 5953/7380
2024-04-17 10:49 | INFO | Query 15 Size of the filtered table is = 74
2024-04-17 10:49 | INFO | Query 15 Active Learning Runtime on Validation Set: 1575623.62
2024-04-17 10:49 | INFO | Query 15 Active Learning Runtime on Test Set: 118511.26
2024-04-17 10:49 | INFO | Query 15 Active Learning Instance Cost: 410606.4
2024-04-17 10:49 | INFO | Timeout limit is increased to 800
2024-04-17 10:49 | INFO | Query 16 Size of the uncertainty table is = 5827/7380
2024-04-17 10:49 | INFO | Query 16 Size of the filtered table is = 74
2024-04-17 10:50 | INFO | Query 16 Active Learning Runtime on Validation Set: 1611594.07
2024-04-17 10:50 | INFO | Query 16 Active Learning Runtime on Test Set: 118511.65
2024-04-17 10:50 | INFO | Query 16 Active Learning Instance Cost: 438002.13
2024-04-17 10:50 | INFO | Timeout limit is increased to 900
2024-04-17 10:50 | INFO | Query 17 Size of the uncertainty table is = 5677/7380
2024-04-17 10:50 | INFO | Query 17 Size of the filtered table is = 74
2024-04-17 10:51 | INFO | Query 17 Active Learning Runtime on Validation Set: 1683216.12
2024-04-17 10:51 | INFO | Query 17 Active Learning Runtime on Test Set: 118511.25
2024-04-17 10:51 | INFO | Query 17 Active Learning Instance Cost: 504305.66
2024-04-17 10:51 | INFO | Timeout limit is increased to 1000
2024-04-17 10:51 | INFO | Query 18 Size of the uncertainty table is = 5618/7380
2024-04-17 10:51 | INFO | Query 18 Size of the filtered table is = 74
2024-04-17 10:51 | INFO | Query 18 Active Learning Runtime on Validation Set: 1719145.47
2024-04-17 10:51 | INFO | Query 18 Active Learning Runtime on Test Set: 118511.45
2024-04-17 10:51 | INFO | Query 18 Active Learning Instance Cost: 550827.78
2024-04-17 10:51 | INFO | Timeout limit is increased to 1100
2024-04-17 10:51 | INFO | Query 19 Size of the uncertainty table is = 5532/7380
2024-04-17 10:51 | INFO | Query 19 Size of the filtered table is = 74
2024-04-17 10:52 | INFO | Query 19 Active Learning Runtime on Validation Set: 1470092.6
2024-04-17 10:52 | INFO | Query 19 Active Learning Runtime on Test Set: 118481.59
2024-04-17 10:52 | INFO | Query 19 Active Learning Instance Cost: 617650.94
2024-04-17 10:52 | INFO | Query 20 Size of the uncertainty table is = 5489/7380
2024-04-17 10:52 | INFO | Query 20 Size of the filtered table is = 74
2024-04-17 10:52 | INFO | Query 20 Active Learning Runtime on Validation Set: 1470093.23
2024-04-17 10:52 | INFO | Query 20 Active Learning Runtime on Test Set: 118481.59
2024-04-17 10:52 | INFO | Query 20 Active Learning Instance Cost: 675532.42
2024-04-17 10:52 | INFO | Timeout limit is increased to 1200
2024-04-17 10:52 | INFO | Query 21 Size of the uncertainty table is = 5446/7380
2024-04-17 10:52 | INFO | Query 21 Size of the filtered table is = 74
2024-04-17 10:53 | INFO | Query 21 Active Learning Runtime on Validation Set: 1719229.85
2024-04-17 10:53 | INFO | Query 21 Active Learning Runtime on Test Set: 118481.99
2024-04-17 10:53 | INFO | Query 21 Active Learning Instance Cost: 800051.28
2024-04-17 10:53 | INFO | Timeout limit is increased to 1300
2024-04-17 10:53 | INFO | Query 22 Size of the uncertainty table is = 5397/7380
2024-04-17 10:53 | INFO | Query 22 Size of the filtered table is = 74
2024-04-17 10:53 | INFO | Query 22 Active Learning Runtime on Validation Set: 1611241.26
2024-04-17 10:53 | INFO | Query 22 Active Learning Runtime on Test Set: 118481.59
2024-04-17 10:53 | INFO | Query 22 Active Learning Instance Cost: 867734.82
2024-04-17 10:53 | INFO | Query 23 Size of the uncertainty table is = 5368/7380
2024-04-17 10:53 | INFO | Query 23 Size of the filtered table is = 74
2024-04-17 10:54 | INFO | Query 23 Active Learning Runtime on Validation Set: 1719216.04
2024-04-17 10:54 | INFO | Query 23 Active Learning Runtime on Test Set: 118481.39
2024-04-17 10:54 | INFO | Query 23 Active Learning Instance Cost: 916205.14
2024-04-17 10:54 | INFO | Timeout limit is increased to 1400
2024-04-17 10:54 | INFO | Query 24 Size of the uncertainty table is = 5334/7380
2024-04-17 10:54 | INFO | Query 24 Size of the filtered table is = 74
2024-04-17 10:54 | INFO | Query 24 Active Learning Runtime on Validation Set: 1755504.65
2024-04-17 10:54 | INFO | Query 24 Active Learning Runtime on Test Set: 118481.56
2024-04-17 10:54 | INFO | Query 24 Active Learning Instance Cost: 982163.79
2024-04-17 10:54 | INFO | Timeout limit is increased to 1500
2024-04-17 10:54 | INFO | Query 25 Size of the uncertainty table is = 5258/7380
2024-04-17 10:54 | INFO | Query 25 Size of the filtered table is = 74
2024-04-17 10:55 | INFO | Query 25 Active Learning Runtime on Validation Set: 1755504.65
2024-04-17 10:55 | INFO | Query 25 Active Learning Runtime on Test Set: 118481.56
2024-04-17 10:55 | INFO | Query 25 Active Learning Instance Cost: 1036782.09
2024-04-17 10:55 | INFO | Timeout limit is increased to 1600
2024-04-17 10:55 | INFO | Query 26 Size of the uncertainty table is = 5252/7380
2024-04-17 10:55 | INFO | Query 26 Size of the filtered table is = 74
2024-04-17 10:55 | INFO | Query 26 Active Learning Runtime on Validation Set: 1862983.68
2024-04-17 10:55 | INFO | Query 26 Active Learning Runtime on Test Set: 118481.56
2024-04-17 10:55 | INFO | Query 26 Active Learning Instance Cost: 1084453.03
2024-04-17 10:55 | INFO | Timeout limit is increased to 1700
2024-04-17 10:55 | INFO | Query 27 Size of the uncertainty table is = 5232/7380
2024-04-17 10:55 | INFO | Query 27 Size of the filtered table is = 74
2024-04-17 10:56 | INFO | Query 27 Active Learning Runtime on Validation Set: 1791148.34
2024-04-17 10:56 | INFO | Query 27 Active Learning Runtime on Test Set: 118481.94
2024-04-17 10:56 | INFO | Query 27 Active Learning Instance Cost: 1133323.64
2024-04-17 10:56 | INFO | Query 28 Size of the uncertainty table is = 5220/7380
2024-04-17 10:56 | INFO | Query 28 Size of the filtered table is = 74
2024-04-17 10:56 | INFO | Query 28 Active Learning Runtime on Validation Set: 1683160.14
2024-04-17 10:56 | INFO | Query 28 Active Learning Runtime on Test Set: 118481.94
2024-04-17 10:56 | INFO | Query 28 Active Learning Instance Cost: 1170630.89
2024-04-17 10:56 | INFO | Query 29 Size of the uncertainty table is = 5211/7380
2024-04-17 10:56 | INFO | Query 29 Size of the filtered table is = 74
2024-04-17 10:57 | INFO | Query 29 Active Learning Runtime on Validation Set: 1506090.31
2024-04-17 10:57 | INFO | Query 29 Active Learning Runtime on Test Set: 118471.17
2024-04-17 10:57 | INFO | Query 29 Active Learning Instance Cost: 1269371.65
2024-04-17 10:57 | INFO | Query 30 Size of the uncertainty table is = 5106/7380
2024-04-17 10:57 | INFO | Query 30 Size of the filtered table is = 74
2024-04-17 10:57 | INFO | Query 30 Active Learning Runtime on Validation Set: 1469864.27
2024-04-17 10:57 | INFO | Query 30 Active Learning Runtime on Test Set: 118470.49
2024-04-17 10:57 | INFO | Query 30 Active Learning Instance Cost: 1369789.67
2024-04-17 10:57 | INFO | Query 31 Size of the uncertainty table is = 4965/7380
2024-04-17 10:57 | INFO | Query 31 Size of the filtered table is = 74
2024-04-17 10:58 | INFO | Query 31 Active Learning Runtime on Validation Set: 1434100.23
2024-04-17 10:58 | INFO | Query 31 Active Learning Runtime on Test Set: 118693.46
2024-04-17 10:58 | INFO | Query 31 Active Learning Instance Cost: 1433360.5
2024-04-17 10:58 | INFO | Query 32 Size of the uncertainty table is = 4803/7380
2024-04-17 10:58 | INFO | Query 32 Size of the filtered table is = 74
2024-04-17 10:58 | INFO | Query 32 Active Learning Runtime on Validation Set: 1649495.91
2024-04-17 10:58 | INFO | Query 32 Active Learning Runtime on Test Set: 118693.54
2024-04-17 10:58 | INFO | Query 32 Active Learning Instance Cost: 1501617.49
2024-04-17 10:58 | INFO | Timeout limit is increased to 1800
2024-04-17 10:58 | INFO | Query 33 Size of the uncertainty table is = 4637/7380
2024-04-17 10:58 | INFO | Query 33 Size of the filtered table is = 74
2024-04-17 10:59 | INFO | Query 33 Active Learning Runtime on Validation Set: 1719004.22
2024-04-17 10:59 | INFO | Query 33 Active Learning Runtime on Test Set: 154150.27
2024-04-17 10:59 | INFO | Query 33 Active Learning Instance Cost: 1602274.88
2024-04-17 10:59 | INFO | Timeout limit is increased to 1900
2024-04-17 10:59 | INFO | Query 34 Size of the uncertainty table is = 4471/7380
2024-04-17 10:59 | INFO | Query 34 Size of the filtered table is = 74
2024-04-17 10:59 | INFO | Query 34 Active Learning Runtime on Validation Set: 1719004.22
2024-04-17 10:59 | INFO | Query 34 Active Learning Runtime on Test Set: 154150.27
2024-04-17 10:59 | INFO | Query 34 Active Learning Instance Cost: 1667375.09
2024-04-17 10:59 | INFO | Timeout limit is increased to 2000
2024-04-17 10:59 | INFO | Query 35 Size of the uncertainty table is = 4462/7380
2024-04-17 10:59 | INFO | Query 35 Size of the filtered table is = 74
2024-04-17 11:00 | INFO | Query 35 Active Learning Runtime on Validation Set: 1647343.09
2024-04-17 11:00 | INFO | Query 35 Active Learning Runtime on Test Set: 154150.27
2024-04-17 11:00 | INFO | Query 35 Active Learning Instance Cost: 1738496.64
2024-04-17 11:00 | INFO | Query 36 Size of the uncertainty table is = 4433/7380
2024-04-17 11:00 | INFO | Query 36 Size of the filtered table is = 74
2024-04-17 11:00 | INFO | Query 36 Active Learning Runtime on Validation Set: 1719193.95
2024-04-17 11:00 | INFO | Query 36 Active Learning Runtime on Test Set: 118169.78
2024-04-17 11:00 | INFO | Query 36 Active Learning Instance Cost: 1799490.81
2024-04-17 11:00 | INFO | Timeout limit is increased to 2100
2024-04-17 11:00 | INFO | Query 37 Size of the uncertainty table is = 4407/7380
2024-04-17 11:00 | INFO | Query 37 Size of the filtered table is = 74
2024-04-17 11:01 | INFO | Query 37 Active Learning Runtime on Validation Set: 1470036.36
2024-04-17 11:01 | INFO | Query 37 Active Learning Runtime on Test Set: 118694.27
2024-04-17 11:01 | INFO | Query 37 Active Learning Instance Cost: 1873352.06
2024-04-17 11:01 | INFO | Query 38 Size of the uncertainty table is = 4359/7380
2024-04-17 11:01 | INFO | Query 38 Size of the filtered table is = 74
2024-04-17 11:02 | INFO | Query 38 Active Learning Runtime on Validation Set: 1577663.52
2024-04-17 11:02 | INFO | Query 38 Active Learning Runtime on Test Set: 118693.67
2024-04-17 11:02 | INFO | Query 38 Active Learning Instance Cost: 1920057.04
2024-04-17 11:02 | INFO | Timeout limit is increased to 2200
2024-04-17 11:02 | INFO | Query 39 Size of the uncertainty table is = 4352/7380
2024-04-17 11:02 | INFO | Query 39 Size of the filtered table is = 74
2024-04-17 11:02 | INFO | Query 39 Active Learning Runtime on Validation Set: 1541662.77
2024-04-17 11:02 | INFO | Query 39 Active Learning Runtime on Test Set: 118693.67
2024-04-17 11:02 | INFO | Query 39 Active Learning Instance Cost: 1988012.48
2024-04-17 11:02 | INFO | Query 40 Size of the uncertainty table is = 4341/7380
2024-04-17 11:02 | INFO | Query 40 Size of the filtered table is = 74
2024-04-17 11:03 | INFO | Query 40 Active Learning Runtime on Validation Set: 1506030.61
2024-04-17 11:03 | INFO | Query 40 Active Learning Runtime on Test Set: 118693.67
2024-04-17 11:03 | INFO | Query 40 Active Learning Instance Cost: 2034212.48
2024-04-17 11:03 | INFO | Query 41 Size of the uncertainty table is = 4335/7380
2024-04-17 11:03 | INFO | Query 41 Size of the filtered table is = 74
2024-04-17 11:03 | INFO | Query 41 Active Learning Runtime on Validation Set: 1542029.89
2024-04-17 11:03 | INFO | Query 41 Active Learning Runtime on Test Set: 119927.65
2024-04-17 11:03 | INFO | Query 41 Active Learning Instance Cost: 2072520.15
2024-04-17 11:03 | INFO | Timeout limit is increased to 2300
2024-04-17 11:03 | INFO | Query 42 Size of the uncertainty table is = 4324/7380
2024-04-17 11:03 | INFO | Query 42 Size of the filtered table is = 74
2024-04-17 11:04 | INFO | Query 42 Active Learning Runtime on Validation Set: 1647178.94
2024-04-17 11:04 | INFO | Query 42 Active Learning Runtime on Test Set: 118817.9
2024-04-17 11:04 | INFO | Query 42 Active Learning Instance Cost: 2162083.24
2024-04-17 11:04 | INFO | Timeout limit is increased to 2400
2024-04-17 11:04 | INFO | Query 43 Size of the uncertainty table is = 4231/7380
2024-04-17 11:04 | INFO | Query 43 Size of the filtered table is = 74
2024-04-17 11:04 | INFO | Query 43 Active Learning Runtime on Validation Set: 1431587.42
2024-04-17 11:04 | INFO | Query 43 Active Learning Runtime on Test Set: 118817.9
2024-04-17 11:04 | INFO | Query 43 Active Learning Instance Cost: 2207137.21
2024-04-17 11:04 | INFO | Query 44 Size of the uncertainty table is = 4228/7380
2024-04-17 11:04 | INFO | Query 44 Size of the filtered table is = 74
2024-04-17 11:05 | INFO | Query 44 Active Learning Runtime on Validation Set: 1611163.49
2024-04-17 11:05 | INFO | Query 44 Active Learning Runtime on Test Set: 154274.5
2024-04-17 11:05 | INFO | Query 44 Active Learning Instance Cost: 2254937.64
2024-04-17 11:05 | INFO | Timeout limit is increased to 2500
2024-04-17 11:05 | INFO | Query 45 Size of the uncertainty table is = 4206/7380
2024-04-17 11:05 | INFO | Query 45 Size of the filtered table is = 74
2024-04-17 11:05 | INFO | Query 45 Active Learning Runtime on Validation Set: 1362033.9
2024-04-17 11:05 | INFO | Query 45 Active Learning Runtime on Test Set: 118294.01
2024-04-17 11:05 | INFO | Query 45 Active Learning Instance Cost: 2345734.29
2024-04-17 11:05 | INFO | Query 46 Size of the uncertainty table is = 4187/7380
2024-04-17 11:05 | INFO | Query 46 Size of the filtered table is = 74
2024-04-17 11:06 | INFO | Query 46 Active Learning Runtime on Validation Set: 1362033.9
2024-04-17 11:06 | INFO | Query 46 Active Learning Runtime on Test Set: 118294.01
2024-04-17 11:06 | INFO | Query 46 Active Learning Instance Cost: 2366334.29
2024-04-17 11:06 | INFO | Timeout limit is increased to 2600
2024-04-17 11:06 | INFO | Query 47 Size of the uncertainty table is = 4187/7380
2024-04-17 11:06 | INFO | Query 47 Size of the filtered table is = 74
2024-04-17 11:06 | INFO | Query 47 Active Learning Runtime on Validation Set: 1362033.9
2024-04-17 11:06 | INFO | Query 47 Active Learning Runtime on Test Set: 118294.01
2024-04-17 11:06 | INFO | Query 47 Active Learning Instance Cost: 2410634.29
2024-04-17 11:06 | INFO | Timeout limit is increased to 2700
2024-04-17 11:06 | INFO | Query 48 Size of the uncertainty table is = 4187/7380
2024-04-17 11:06 | INFO | Query 48 Size of the filtered table is = 74
2024-04-17 11:07 | INFO | Query 48 Active Learning Runtime on Validation Set: 1362033.9
2024-04-17 11:07 | INFO | Query 48 Active Learning Runtime on Test Set: 118294.01
2024-04-17 11:07 | INFO | Query 48 Active Learning Instance Cost: 2448234.29
2024-04-17 11:07 | INFO | Timeout limit is increased to 2800
2024-04-17 11:07 | INFO | Query 49 Size of the uncertainty table is = 4187/7380
2024-04-17 11:07 | INFO | Query 49 Size of the filtered table is = 74
2024-04-17 11:07 | INFO | Query 49 Active Learning Runtime on Validation Set: 1362033.9
2024-04-17 11:07 | INFO | Query 49 Active Learning Runtime on Test Set: 118294.01
2024-04-17 11:07 | INFO | Query 49 Active Learning Instance Cost: 2490534.29
2024-04-17 11:07 | INFO | Timeout limit is increased to 2900
2024-04-17 11:07 | INFO | Query 50 Size of the uncertainty table is = 4187/7380
2024-04-17 11:07 | INFO | Query 50 Size of the filtered table is = 74
2024-04-17 11:08 | INFO | Query 50 Active Learning Runtime on Validation Set: 1362033.9
2024-04-17 11:08 | INFO | Query 50 Active Learning Runtime on Test Set: 118294.01
2024-04-17 11:08 | INFO | Query 50 Active Learning Instance Cost: 2524734.29
2024-04-17 11:08 | INFO | Timeout limit is increased to 3000
2024-04-17 11:08 | INFO | Query 51 Size of the uncertainty table is = 4187/7380
2024-04-17 11:08 | INFO | Query 51 Size of the filtered table is = 74
2024-04-17 11:08 | INFO | Query 51 Active Learning Runtime on Validation Set: 1362033.9
2024-04-17 11:08 | INFO | Query 51 Active Learning Runtime on Test Set: 118294.01
2024-04-17 11:08 | INFO | Query 51 Active Learning Instance Cost: 2554334.29
2024-04-17 11:08 | INFO | Timeout limit is increased to 3100
2024-04-17 11:08 | INFO | Query 52 Size of the uncertainty table is = 4187/7380
2024-04-17 11:08 | INFO | Query 52 Size of the filtered table is = 74
2024-04-17 11:09 | INFO | Query 52 Active Learning Runtime on Validation Set: 1362033.9
2024-04-17 11:09 | INFO | Query 52 Active Learning Runtime on Test Set: 118294.01
2024-04-17 11:09 | INFO | Query 52 Active Learning Instance Cost: 2581734.29
2024-04-17 11:09 | INFO | Timeout limit is increased to 3200
2024-04-17 11:09 | INFO | Query 53 Size of the uncertainty table is = 4187/7380
2024-04-17 11:09 | INFO | Query 53 Size of the filtered table is = 74
2024-04-17 11:09 | INFO | Query 53 Active Learning Runtime on Validation Set: 1362033.9
2024-04-17 11:09 | INFO | Query 53 Active Learning Runtime on Test Set: 118294.01
2024-04-17 11:09 | INFO | Query 53 Active Learning Instance Cost: 2609834.29
2024-04-17 11:09 | INFO | Timeout limit is increased to 3300
2024-04-17 11:09 | INFO | Query 54 Size of the uncertainty table is = 4187/7380
2024-04-17 11:09 | INFO | Query 54 Size of the filtered table is = 74
2024-04-17 11:10 | INFO | Query 54 Active Learning Runtime on Validation Set: 1362033.9
2024-04-17 11:10 | INFO | Query 54 Active Learning Runtime on Test Set: 118294.01
2024-04-17 11:10 | INFO | Query 54 Active Learning Instance Cost: 2638834.29
2024-04-17 11:10 | INFO | Timeout limit is increased to 3400
2024-04-17 11:10 | INFO | Query 55 Size of the uncertainty table is = 4187/7380
2024-04-17 11:10 | INFO | Query 55 Size of the filtered table is = 74
2024-04-17 11:10 | INFO | Query 55 Active Learning Runtime on Validation Set: 1362033.9
2024-04-17 11:10 | INFO | Query 55 Active Learning Runtime on Test Set: 118294.01
2024-04-17 11:10 | INFO | Query 55 Active Learning Instance Cost: 2666334.29
2024-04-17 11:10 | INFO | Timeout limit is increased to 3500
2024-04-17 11:10 | INFO | Query 56 Size of the uncertainty table is = 4187/7380
2024-04-17 11:10 | INFO | Query 56 Size of the filtered table is = 74
2024-04-17 11:11 | INFO | Query 56 Active Learning Runtime on Validation Set: 1362033.9
2024-04-17 11:11 | INFO | Query 56 Active Learning Runtime on Test Set: 118294.01
2024-04-17 11:11 | INFO | Query 56 Active Learning Instance Cost: 2694834.29
2024-04-17 11:11 | INFO | Timeout limit is increased to 3600
2024-04-17 11:11 | INFO | Query 57 Size of the uncertainty table is = 4187/7380
2024-04-17 11:11 | INFO | Query 57 Size of the filtered table is = 74
2024-04-17 11:12 | INFO | Query 57 Active Learning Runtime on Validation Set: 1362041.46
2024-04-17 11:12 | INFO | Query 57 Active Learning Runtime on Test Set: 118294.01
2024-04-17 11:12 | INFO | Query 57 Active Learning Instance Cost: 2722448.69
2024-04-17 11:12 | INFO | Timeout limit is increased to 3600
2024-04-17 11:12 | INFO | Query 58 Size of the uncertainty table is = 2931/7380
2024-04-17 11:12 | INFO | Query 58 Size of the filtered table is = 74
2024-04-17 11:12 | INFO | Query 58 Active Learning Runtime on Validation Set: 1469662.9
2024-04-17 11:12 | INFO | Query 58 Active Learning Runtime on Test Set: 156724.99
2024-04-17 11:12 | INFO | Query 58 Active Learning Instance Cost: 2945844.13
2024-04-17 11:12 | INFO | Timeout limit is increased to 3600
2024-04-17 11:12 | INFO | Query 59 Size of the uncertainty table is = 2787/7380
2024-04-17 11:12 | INFO | Query 59 Size of the filtered table is = 74
2024-04-17 11:13 | INFO | Query 59 Active Learning Runtime on Validation Set: 1683178.91
2024-04-17 11:13 | INFO | Query 59 Active Learning Runtime on Test Set: 154266.31
2024-04-17 11:13 | INFO | Query 59 Active Learning Instance Cost: 3173255.93
2024-04-17 11:13 | INFO | Timeout limit is increased to 3600
2024-04-17 11:13 | INFO | Query 60 Size of the uncertainty table is = 2534/7380
2024-04-17 11:13 | INFO | Query 60 Size of the filtered table is = 74
2024-04-17 11:13 | INFO | Query 60 Active Learning Runtime on Validation Set: 1398041.11
2024-04-17 11:13 | INFO | Query 60 Active Learning Runtime on Test Set: 118809.5
2024-04-17 11:13 | INFO | Query 60 Active Learning Instance Cost: 3352040.09
2024-04-17 11:13 | INFO | Query 61 Size of the uncertainty table is = 2289/7380
2024-04-17 11:13 | INFO | Query 61 Size of the filtered table is = 74
2024-04-17 11:14 | INFO | Query 61 Active Learning Runtime on Validation Set: 1683108.3
2024-04-17 11:14 | INFO | Query 61 Active Learning Runtime on Test Set: 118615.23
2024-04-17 11:14 | INFO | Query 61 Active Learning Instance Cost: 3462695.68
2024-04-17 11:14 | INFO | Timeout limit is increased to 3600
2024-04-17 11:14 | INFO | Query 62 Size of the uncertainty table is = 2049/7380
2024-04-17 11:14 | INFO | Query 62 Size of the filtered table is = 74
2024-04-17 11:14 | INFO | Query 62 Active Learning Runtime on Validation Set: 1647178.9
2024-04-17 11:14 | INFO | Query 62 Active Learning Runtime on Test Set: 119089.91
2024-04-17 11:14 | INFO | Query 62 Active Learning Instance Cost: 3583074.4
2024-04-17 11:14 | INFO | Query 63 Size of the uncertainty table is = 1827/7380
2024-04-17 11:14 | INFO | Query 63 Size of the filtered table is = 74
2024-04-17 11:15 | INFO | Query 63 Active Learning Runtime on Validation Set: 1316433.84
2024-04-17 11:15 | INFO | Query 63 Active Learning Runtime on Test Set: 118865.99
2024-04-17 11:15 | INFO | Query 63 Active Learning Instance Cost: 3661687.02
2024-04-17 11:15 | INFO | Query 64 Size of the uncertainty table is = 1599/7380
2024-04-17 11:15 | INFO | Query 64 Size of the filtered table is = 74
2024-04-17 11:15 | INFO | Query 64 Active Learning Runtime on Validation Set: 1423817.59
2024-04-17 11:15 | INFO | Query 64 Active Learning Runtime on Test Set: 119089.71
2024-04-17 11:15 | INFO | Query 64 Active Learning Instance Cost: 3790048.22
2024-04-17 11:15 | INFO | Timeout limit is increased to 3600
2024-04-17 11:15 | INFO | Query 65 Size of the uncertainty table is = 1331/7380
2024-04-17 11:15 | INFO | Query 65 Size of the filtered table is = 74
2024-04-17 11:16 | INFO | Query 65 Active Learning Runtime on Validation Set: 1495809.17
2024-04-17 11:16 | INFO | Query 65 Active Learning Runtime on Test Set: 85328.87
2024-04-17 11:16 | INFO | Query 65 Active Learning Instance Cost: 3916855.62
2024-04-17 11:16 | INFO | Timeout limit is increased to 3600
2024-04-17 11:16 | INFO | Query 66 Size of the uncertainty table is = 1107/7380
2024-04-17 11:16 | INFO | Query 66 Size of the filtered table is = 74
2024-04-17 11:16 | INFO | Query 66 Active Learning Runtime on Validation Set: 1246694.29
2024-04-17 11:16 | INFO | Query 66 Active Learning Runtime on Test Set: 118946.08
2024-04-17 11:16 | INFO | Query 66 Active Learning Instance Cost: 4074385.69
2024-04-17 11:16 | INFO | Query 67 Size of the uncertainty table is = 835/7380
2024-04-17 11:16 | INFO | Query 67 Size of the filtered table is = 74
2024-04-17 11:17 | INFO | Query 67 Active Learning Runtime on Validation Set: 1495812.17
2024-04-17 11:17 | INFO | Query 67 Active Learning Runtime on Test Set: 118937.3
2024-04-17 11:17 | INFO | Query 67 Active Learning Instance Cost: 4165932.64
2024-04-17 11:17 | INFO | Timeout limit is increased to 3600
2024-04-17 11:17 | INFO | Query 68 Size of the uncertainty table is = 632/7380
2024-04-17 11:17 | INFO | Query 68 Size of the filtered table is = 74
2024-04-17 11:17 | INFO | Query 68 Active Learning Runtime on Validation Set: 1459854.48
2024-04-17 11:17 | INFO | Query 68 Active Learning Runtime on Test Set: 46857.43
2024-04-17 11:17 | INFO | Query 68 Active Learning Instance Cost: 4309776.46
2024-04-17 11:17 | INFO | Query 69 Size of the uncertainty table is = 391/7380
2024-04-17 11:17 | INFO | Query 69 Size of the filtered table is = 74
2024-04-17 11:18 | INFO | Query 69 Active Learning Runtime on Validation Set: 1423850.06
2024-04-17 11:18 | INFO | Query 69 Active Learning Runtime on Test Set: 82788.52
2024-04-17 11:18 | INFO | Query 69 Active Learning Instance Cost: 4406501.81
2024-04-17 11:18 | INFO | Query 70 Size of the uncertainty table is = 143/7380
2024-04-17 11:18 | INFO | Query 70 Size of the filtered table is = 74
2024-04-17 11:18 | INFO | Query 70 Active Learning Runtime on Validation Set: 1352001.21
2024-04-17 11:18 | INFO | Query 70 Active Learning Runtime on Test Set: 118244.8
2024-04-17 11:18 | INFO | Query 70 Active Learning Instance Cost: 4515041.29
2024-04-17 11:18 | INFO | runtime_test_score is written as json file
2024-04-17 11:18 | INFO | runtime_validation_score is written as json file
2024-04-17 11:18 | INFO | instance_cost is written as json file
2024-04-17 11:18 | INFO | Experiment is finished
