2024-04-17 19:08 | INFO | Paramaters are: {'dataset': 'ASP-POTASSCO', 'penalty': 10, 'weight': 'No_Weight', 'voting': 'Hard', 'pre_selection_size': 64, 'pre_selection_technique': 'No_pre_selection', 'feature_elimination_threshold': 20, 'imputer_strategy': 'median', 'feature_selection_technique': 'No_feature_selection', 'feature_scaling_technique': 'StandardScaler', 'initial_train_size': 20, 'query_size': 1, 'timeout_predictor_usage': 'Yes', 'timeout_limit': 3600, 'timeout_increase_rate': 100, 'RANDOM_STATE_SEED': 123, 'n_splits': 10, 'split_number': 3, 'max_timeout': 3600, 'param_grid': {'n_estimators': 100, 'criterion': 'gini', 'max_features': 'sqrt', 'max_depth': 2147483648, 'min_samples_split': 2, 'bootstrap': True}}
2024-04-17 19:08 | INFO | ASP-POTASSCO is current dataset
2024-04-17 19:08 | INFO | DATASETS/ASP-POTASSCO/algorithm_runs.arff is found
2024-04-17 19:08 | INFO | DATASETS/ASP-POTASSCO/algorithm_runs.arff is finished
2024-04-17 19:08 | INFO | DATASETS/ASP-POTASSCO/feature_values.arff is found
2024-04-17 19:08 | INFO | DATASETS/ASP-POTASSCO/feature_values.arff is finished
2024-04-17 19:08 | INFO | DATASETS/ASP-POTASSCO/feature_costs.arff is found
2024-04-17 19:08 | INFO | DATASETS/ASP-POTASSCO/feature_costs.arff is finished
2024-04-17 19:08 | INFO | Feature cost of train set is 1053.38
2024-04-17 19:11 | INFO | Initial Active Learning Random Query Runtime on Validation Set: 1629826.27
2024-04-17 19:11 | INFO | Initial Active Learning Random Query Runtime on Test Set: 291669.3
2024-04-17 19:11 | INFO | Initial Active Learning Random Query Instance Cost: 107948.95
2024-04-17 19:11 | INFO | Bin size = 393
2024-04-17 19:11 | INFO | Query 1 Size of the uncertainty table is = 39325/39325
2024-04-17 19:11 | INFO | Query 1 Size of the filtered table is = 393
2024-04-17 19:13 | INFO | Query 1 Active Learning Random Query Runtime on Validation Set: 1015178.4
2024-04-17 19:13 | INFO | Query 1 Active Learning Random Query Runtime on Test Set: 220362.76
2024-04-17 19:13 | INFO | Query 1 Active Learning Random Query Instance Cost: 594241.43
2024-04-17 19:13 | INFO | Query 2 Size of the uncertainty table is = 38659/39325
2024-04-17 19:13 | INFO | Query 2 Size of the filtered table is = 393
2024-04-17 19:16 | INFO | Query 2 Active Learning Random Query Runtime on Validation Set: 510516.59
2024-04-17 19:16 | INFO | Query 2 Active Learning Random Query Runtime on Test Set: 147742.43
2024-04-17 19:16 | INFO | Query 2 Active Learning Random Query Instance Cost: 1013679.02
2024-04-17 19:16 | INFO | Query 3 Size of the uncertainty table is = 37533/39325
2024-04-17 19:16 | INFO | Query 3 Size of the filtered table is = 393
2024-04-17 19:18 | INFO | Query 3 Active Learning Random Query Runtime on Validation Set: 437382.36
2024-04-17 19:18 | INFO | Query 3 Active Learning Random Query Runtime on Test Set: 75688.6
2024-04-17 19:18 | INFO | Query 3 Active Learning Random Query Instance Cost: 1474737.78
2024-04-17 19:19 | INFO | Query 4 Size of the uncertainty table is = 35871/39325
2024-04-17 19:19 | INFO | Query 4 Size of the filtered table is = 393
2024-04-17 19:21 | INFO | Query 4 Active Learning Random Query Runtime on Validation Set: 401989.09
2024-04-17 19:21 | INFO | Query 4 Active Learning Random Query Runtime on Test Set: 74960.63
2024-04-17 19:21 | INFO | Query 4 Active Learning Random Query Instance Cost: 1912574.29
2024-04-17 19:21 | INFO | Query 5 Size of the uncertainty table is = 33957/39325
2024-04-17 19:21 | INFO | Query 5 Size of the filtered table is = 393
2024-04-17 19:24 | INFO | Query 5 Active Learning Random Query Runtime on Validation Set: 545537.87
2024-04-17 19:24 | INFO | Query 5 Active Learning Random Query Runtime on Test Set: 148014.29
2024-04-17 19:24 | INFO | Query 5 Active Learning Random Query Instance Cost: 2311573.74
2024-04-17 19:24 | INFO | Timeout limit is increased to 3600
2024-04-17 19:24 | INFO | Query 6 Size of the uncertainty table is = 31781/39325
2024-04-17 19:24 | INFO | Query 6 Size of the filtered table is = 393
2024-04-17 19:27 | INFO | Query 6 Active Learning Random Query Runtime on Validation Set: 544951.55
2024-04-17 19:27 | INFO | Query 6 Active Learning Random Query Runtime on Test Set: 111118.65
2024-04-17 19:27 | INFO | Query 6 Active Learning Random Query Instance Cost: 2710988.59
2024-04-17 19:27 | INFO | Query 7 Size of the uncertainty table is = 29471/39325
2024-04-17 19:27 | INFO | Query 7 Size of the filtered table is = 393
2024-04-17 19:29 | INFO | Query 7 Active Learning Random Query Runtime on Validation Set: 151087.51
2024-04-17 19:29 | INFO | Query 7 Active Learning Random Query Runtime on Test Set: 75218.23
2024-04-17 19:29 | INFO | Query 7 Active Learning Random Query Instance Cost: 3059338.66
2024-04-17 19:29 | INFO | Query 8 Size of the uncertainty table is = 26906/39325
2024-04-17 19:29 | INFO | Query 8 Size of the filtered table is = 393
2024-04-17 19:32 | INFO | Query 8 Active Learning Random Query Runtime on Validation Set: 187534.07
2024-04-17 19:32 | INFO | Query 8 Active Learning Random Query Runtime on Test Set: 111198.21
2024-04-17 19:32 | INFO | Query 8 Active Learning Random Query Instance Cost: 3406870.17
2024-04-17 19:32 | INFO | Timeout limit is increased to 3600
2024-04-17 19:32 | INFO | Query 9 Size of the uncertainty table is = 24257/39325
2024-04-17 19:32 | INFO | Query 9 Size of the filtered table is = 393
2024-04-17 19:35 | INFO | Query 9 Active Learning Random Query Runtime on Validation Set: 331128.99
2024-04-17 19:35 | INFO | Query 9 Active Learning Random Query Runtime on Test Set: 147537.58
2024-04-17 19:35 | INFO | Query 9 Active Learning Random Query Instance Cost: 3705415.01
2024-04-17 19:35 | INFO | Timeout limit is increased to 3600
2024-04-17 19:35 | INFO | Query 10 Size of the uncertainty table is = 21365/39325
2024-04-17 19:35 | INFO | Query 10 Size of the filtered table is = 393
2024-04-17 19:38 | INFO | Query 10 Active Learning Random Query Runtime on Validation Set: 330099.68
2024-04-17 19:38 | INFO | Query 10 Active Learning Random Query Runtime on Test Set: 111297.07
2024-04-17 19:38 | INFO | Query 10 Active Learning Random Query Instance Cost: 3998441.52
2024-04-17 19:38 | INFO | Query 11 Size of the uncertainty table is = 18375/39325
2024-04-17 19:38 | INFO | Query 11 Size of the filtered table is = 393
2024-04-17 19:41 | INFO | Query 11 Active Learning Random Query Runtime on Validation Set: 511254.63
2024-04-17 19:41 | INFO | Query 11 Active Learning Random Query Runtime on Test Set: 111618.52
2024-04-17 19:41 | INFO | Query 11 Active Learning Random Query Instance Cost: 4266164.87
2024-04-17 19:41 | INFO | Timeout limit is increased to 3600
2024-04-17 19:41 | INFO | Query 12 Size of the uncertainty table is = 15283/39325
2024-04-17 19:41 | INFO | Query 12 Size of the filtered table is = 393
2024-04-17 19:43 | INFO | Query 12 Active Learning Random Query Runtime on Validation Set: 438527.04
2024-04-17 19:43 | INFO | Query 12 Active Learning Random Query Runtime on Test Set: 75460.71
2024-04-17 19:43 | INFO | Query 12 Active Learning Random Query Instance Cost: 4517143.3
2024-04-17 19:43 | INFO | Query 13 Size of the uncertainty table is = 12193/39325
2024-04-17 19:43 | INFO | Query 13 Size of the filtered table is = 393
2024-04-17 19:46 | INFO | Query 13 Active Learning Random Query Runtime on Validation Set: 295448.66
2024-04-17 19:46 | INFO | Query 13 Active Learning Random Query Runtime on Test Set: 111497.24
2024-04-17 19:46 | INFO | Query 13 Active Learning Random Query Instance Cost: 4805107.1
2024-04-17 19:46 | INFO | Query 14 Size of the uncertainty table is = 8930/39325
2024-04-17 19:46 | INFO | Query 14 Size of the filtered table is = 393
2024-04-17 19:49 | INFO | Query 14 Active Learning Random Query Runtime on Validation Set: 439726.38
2024-04-17 19:49 | INFO | Query 14 Active Learning Random Query Runtime on Test Set: 39649.34
2024-04-17 19:49 | INFO | Query 14 Active Learning Random Query Instance Cost: 4998157.47
2024-04-17 19:49 | INFO | Timeout limit is increased to 3600
2024-04-17 19:49 | INFO | Query 15 Size of the uncertainty table is = 5921/39325
2024-04-17 19:49 | INFO | Query 15 Size of the filtered table is = 393
2024-04-17 19:52 | INFO | Query 15 Active Learning Random Query Runtime on Validation Set: 548008.88
2024-04-17 19:52 | INFO | Query 15 Active Learning Random Query Runtime on Test Set: 39346.94
2024-04-17 19:52 | INFO | Query 15 Active Learning Random Query Instance Cost: 5205598.45
2024-04-17 19:52 | INFO | Timeout limit is increased to 3600
2024-04-17 19:52 | INFO | Query 16 Size of the uncertainty table is = 2966/39325
2024-04-17 19:52 | INFO | Query 16 Size of the filtered table is = 393
2024-04-17 19:55 | INFO | Query 16 Active Learning Random Query Runtime on Validation Set: 223422.19
2024-04-17 19:55 | INFO | Query 16 Active Learning Random Query Runtime on Test Set: 111034.54
2024-04-17 19:55 | INFO | Query 16 Active Learning Random Query Instance Cost: 5392095.78
2024-04-17 19:55 | INFO | Query 17 Size of the uncertainty table is = 782/39325
2024-04-17 19:55 | INFO | Query 17 Size of the filtered table is = 393
2024-04-17 19:58 | INFO | Query 17 Active Learning Random Query Runtime on Validation Set: 404233.25
2024-04-17 19:58 | INFO | Query 17 Active Learning Random Query Runtime on Test Set: 111186.28
2024-04-17 19:58 | INFO | Query 17 Active Learning Random Query Instance Cost: 5441873.14
2024-04-17 19:58 | INFO | Timeout limit is increased to 3600
2024-04-17 19:58 | INFO | runtime_train_score is written as json file
2024-04-17 19:58 | INFO | runtime_test_score is written as json file
2024-04-17 19:58 | INFO | runtime_validation_score is written as json file
2024-04-17 19:58 | INFO | instance_cost is written as json file
2024-04-17 19:58 | INFO | Experiment is finished
