2024-04-17 18:44 | INFO | Paramaters are: {'dataset': 'MAXSAT19-UCMS', 'penalty': 10, 'weight': 'No_Weight', 'voting': 'Hard', 'pre_selection_size': 64, 'pre_selection_technique': 'No_pre_selection', 'feature_elimination_threshold': 20, 'imputer_strategy': 'median', 'feature_selection_technique': 'No_feature_selection', 'feature_scaling_technique': 'StandardScaler', 'initial_train_size': 20, 'query_size': 1, 'timeout_predictor_usage': 'Yes', 'timeout_limit': 100, 'timeout_increase_rate': 100, 'RANDOM_STATE_SEED': 12345, 'n_splits': 10, 'split_number': 2, 'max_timeout': 3600, 'param_grid': {'n_estimators': 100, 'criterion': 'gini', 'max_features': 'sqrt', 'max_depth': 2147483648, 'min_samples_split': 2, 'bootstrap': True}}
2024-04-17 18:44 | INFO | MAXSAT19-UCMS is current dataset
2024-04-17 18:44 | INFO | DATASETS/MAXSAT19-UCMS/algorithm_runs.arff is found
2024-04-17 18:44 | INFO | DATASETS/MAXSAT19-UCMS/algorithm_runs.arff is finished
2024-04-17 18:44 | INFO | DATASETS/MAXSAT19-UCMS/feature_values.arff is found
2024-04-17 18:44 | INFO | DATASETS/MAXSAT19-UCMS/feature_values.arff is finished
2024-04-17 18:44 | INFO | DATASETS/MAXSAT19-UCMS/feature_costs.arff is found
2024-04-17 18:44 | INFO | DATASETS/MAXSAT19-UCMS/feature_costs.arff is finished
2024-04-17 18:44 | INFO | Feature cost of train set is 31554.21
2024-04-17 18:45 | INFO | Initial Active Learning Random Query Runtime on Validation Set: 119037.64
2024-04-17 18:45 | INFO | Initial Active Learning Random Query Runtime on Test Set: 220809.87
2024-04-17 18:45 | INFO | Initial Active Learning Random Query Instance Cost: 7178.74
2024-04-17 18:45 | INFO | Bin size = 50
2024-04-17 18:45 | INFO | Query 1 Size of the uncertainty table is = 5158/5040
2024-04-17 18:45 | INFO | Query 1 Size of the filtered table is = 50
2024-04-17 18:45 | INFO | Query 1 Active Learning Random Query Runtime on Validation Set: 160366.4
2024-04-17 18:45 | INFO | Query 1 Active Learning Random Query Runtime on Test Set: 261549.19
2024-04-17 18:45 | INFO | Query 1 Active Learning Random Query Instance Cost: 11717.91
2024-04-17 18:45 | INFO | Timeout limit is increased to 200
2024-04-17 18:45 | INFO | Query 2 Size of the uncertainty table is = 5117/5040
2024-04-17 18:45 | INFO | Query 2 Size of the filtered table is = 50
2024-04-17 18:46 | INFO | Query 2 Active Learning Random Query Runtime on Validation Set: 163520.97
2024-04-17 18:46 | INFO | Query 2 Active Learning Random Query Runtime on Test Set: 231738.61
2024-04-17 18:46 | INFO | Query 2 Active Learning Random Query Instance Cost: 18570.24
2024-04-17 18:46 | INFO | Timeout limit is increased to 300
2024-04-17 18:46 | INFO | Query 3 Size of the uncertainty table is = 5035/5040
2024-04-17 18:46 | INFO | Query 3 Size of the filtered table is = 50
2024-04-17 18:46 | INFO | Query 3 Active Learning Random Query Runtime on Validation Set: 130882.47
2024-04-17 18:46 | INFO | Query 3 Active Learning Random Query Runtime on Test Set: 198718.11
2024-04-17 18:46 | INFO | Query 3 Active Learning Random Query Instance Cost: 30396.9
2024-04-17 18:46 | INFO | Query 4 Size of the uncertainty table is = 4941/5040
2024-04-17 18:46 | INFO | Query 4 Size of the filtered table is = 50
2024-04-17 18:46 | INFO | Query 4 Active Learning Random Query Runtime on Validation Set: 133540.43
2024-04-17 18:46 | INFO | Query 4 Active Learning Random Query Runtime on Test Set: 130938.03
2024-04-17 18:46 | INFO | Query 4 Active Learning Random Query Instance Cost: 41919.73
2024-04-17 18:46 | INFO | Timeout limit is increased to 400
2024-04-17 18:46 | INFO | Query 5 Size of the uncertainty table is = 4871/5040
2024-04-17 18:46 | INFO | Query 5 Size of the filtered table is = 50
2024-04-17 18:47 | INFO | Query 5 Active Learning Random Query Runtime on Validation Set: 136518.65
2024-04-17 18:47 | INFO | Query 5 Active Learning Random Query Runtime on Test Set: 204400.68
2024-04-17 18:47 | INFO | Query 5 Active Learning Random Query Instance Cost: 53911.87
2024-04-17 18:47 | INFO | Timeout limit is increased to 500
2024-04-17 18:47 | INFO | Query 6 Size of the uncertainty table is = 4753/5040
2024-04-17 18:47 | INFO | Query 6 Size of the filtered table is = 50
2024-04-17 18:47 | INFO | Query 6 Active Learning Random Query Runtime on Validation Set: 137578.03
2024-04-17 18:47 | INFO | Query 6 Active Learning Random Query Runtime on Test Set: 204353.92
2024-04-17 18:47 | INFO | Query 6 Active Learning Random Query Instance Cost: 71949.88
2024-04-17 18:47 | INFO | Timeout limit is increased to 600
2024-04-17 18:47 | INFO | Query 7 Size of the uncertainty table is = 4643/5040
2024-04-17 18:47 | INFO | Query 7 Size of the filtered table is = 50
2024-04-17 18:48 | INFO | Query 7 Active Learning Random Query Runtime on Validation Set: 138862.55
2024-04-17 18:48 | INFO | Query 7 Active Learning Random Query Runtime on Test Set: 241306.91
2024-04-17 18:48 | INFO | Query 7 Active Learning Random Query Instance Cost: 88516.36
2024-04-17 18:48 | INFO | Timeout limit is increased to 700
2024-04-17 18:48 | INFO | Query 8 Size of the uncertainty table is = 4505/5040
2024-04-17 18:48 | INFO | Query 8 Size of the filtered table is = 50
2024-04-17 18:48 | INFO | Query 8 Active Learning Random Query Runtime on Validation Set: 137557.37
2024-04-17 18:48 | INFO | Query 8 Active Learning Random Query Runtime on Test Set: 207336.43
2024-04-17 18:48 | INFO | Query 8 Active Learning Random Query Instance Cost: 108470.09
2024-04-17 18:48 | INFO | Query 9 Size of the uncertainty table is = 4364/5040
2024-04-17 18:48 | INFO | Query 9 Size of the filtered table is = 50
2024-04-17 18:48 | INFO | Query 9 Active Learning Random Query Runtime on Validation Set: 138244.09
2024-04-17 18:48 | INFO | Query 9 Active Learning Random Query Runtime on Test Set: 137034.38
2024-04-17 18:48 | INFO | Query 9 Active Learning Random Query Instance Cost: 124284.0
2024-04-17 18:48 | INFO | Timeout limit is increased to 800
2024-04-17 18:48 | INFO | Query 10 Size of the uncertainty table is = 4207/5040
2024-04-17 18:48 | INFO | Query 10 Size of the filtered table is = 50
2024-04-17 18:49 | INFO | Query 10 Active Learning Random Query Runtime on Validation Set: 139651.52
2024-04-17 18:49 | INFO | Query 10 Active Learning Random Query Runtime on Test Set: 138224.59
2024-04-17 18:49 | INFO | Query 10 Active Learning Random Query Instance Cost: 142960.43
2024-04-17 18:49 | INFO | Timeout limit is increased to 900
2024-04-17 18:49 | INFO | Query 11 Size of the uncertainty table is = 4040/5040
2024-04-17 18:49 | INFO | Query 11 Size of the filtered table is = 50
2024-04-17 18:49 | INFO | Query 11 Active Learning Random Query Runtime on Validation Set: 175251.91
2024-04-17 18:49 | INFO | Query 11 Active Learning Random Query Runtime on Test Set: 247685.4
2024-04-17 18:49 | INFO | Query 11 Active Learning Random Query Instance Cost: 161671.37
2024-04-17 18:49 | INFO | Timeout limit is increased to 1000
2024-04-17 18:49 | INFO | Query 12 Size of the uncertainty table is = 3893/5040
2024-04-17 18:49 | INFO | Query 12 Size of the filtered table is = 50
2024-04-17 18:50 | INFO | Query 12 Active Learning Random Query Runtime on Validation Set: 143319.44
2024-04-17 18:50 | INFO | Query 12 Active Learning Random Query Runtime on Test Set: 212641.11
2024-04-17 18:50 | INFO | Query 12 Active Learning Random Query Instance Cost: 184840.8
2024-04-17 18:50 | INFO | Query 13 Size of the uncertainty table is = 3719/5040
2024-04-17 18:50 | INFO | Query 13 Size of the filtered table is = 50
2024-04-17 18:50 | INFO | Query 13 Active Learning Random Query Runtime on Validation Set: 215347.04
2024-04-17 18:50 | INFO | Query 13 Active Learning Random Query Runtime on Test Set: 213870.93
2024-04-17 18:50 | INFO | Query 13 Active Learning Random Query Instance Cost: 206044.97
2024-04-17 18:50 | INFO | Timeout limit is increased to 1100
2024-04-17 18:50 | INFO | Query 14 Size of the uncertainty table is = 3559/5040
2024-04-17 18:50 | INFO | Query 14 Size of the filtered table is = 50
2024-04-17 18:51 | INFO | Query 14 Active Learning Random Query Runtime on Validation Set: 215491.38
2024-04-17 18:51 | INFO | Query 14 Active Learning Random Query Runtime on Test Set: 212828.83
2024-04-17 18:51 | INFO | Query 14 Active Learning Random Query Instance Cost: 236221.41
2024-04-17 18:51 | INFO | Timeout limit is increased to 1200
2024-04-17 18:51 | INFO | Query 15 Size of the uncertainty table is = 3398/5040
2024-04-17 18:51 | INFO | Query 15 Size of the filtered table is = 50
2024-04-17 18:51 | INFO | Query 15 Active Learning Random Query Runtime on Validation Set: 251616.92
2024-04-17 18:51 | INFO | Query 15 Active Learning Random Query Runtime on Test Set: 211964.47
2024-04-17 18:51 | INFO | Query 15 Active Learning Random Query Instance Cost: 265683.79
2024-04-17 18:51 | INFO | Timeout limit is increased to 1300
2024-04-17 18:51 | INFO | Query 16 Size of the uncertainty table is = 3236/5040
2024-04-17 18:51 | INFO | Query 16 Size of the filtered table is = 50
2024-04-17 18:51 | INFO | Query 16 Active Learning Random Query Runtime on Validation Set: 252194.0
2024-04-17 18:51 | INFO | Query 16 Active Learning Random Query Runtime on Test Set: 248300.15
2024-04-17 18:51 | INFO | Query 16 Active Learning Random Query Instance Cost: 303540.13
2024-04-17 18:51 | INFO | Timeout limit is increased to 1400
2024-04-17 18:51 | INFO | Query 17 Size of the uncertainty table is = 3062/5040
2024-04-17 18:51 | INFO | Query 17 Size of the filtered table is = 50
2024-04-17 18:52 | INFO | Query 17 Active Learning Random Query Runtime on Validation Set: 252180.22
2024-04-17 18:52 | INFO | Query 17 Active Learning Random Query Runtime on Test Set: 250990.35
2024-04-17 18:52 | INFO | Query 17 Active Learning Random Query Instance Cost: 336817.18
2024-04-17 18:52 | INFO | Query 18 Size of the uncertainty table is = 2897/5040
2024-04-17 18:52 | INFO | Query 18 Size of the filtered table is = 50
2024-04-17 18:52 | INFO | Query 18 Active Learning Random Query Runtime on Validation Set: 213301.46
2024-04-17 18:52 | INFO | Query 18 Active Learning Random Query Runtime on Test Set: 251667.86
2024-04-17 18:52 | INFO | Query 18 Active Learning Random Query Instance Cost: 371911.63
2024-04-17 18:52 | INFO | Query 19 Size of the uncertainty table is = 2724/5040
2024-04-17 18:52 | INFO | Query 19 Size of the filtered table is = 50
2024-04-17 18:53 | INFO | Query 19 Active Learning Random Query Runtime on Validation Set: 285558.65
2024-04-17 18:53 | INFO | Query 19 Active Learning Random Query Runtime on Test Set: 248942.13
2024-04-17 18:53 | INFO | Query 19 Active Learning Random Query Instance Cost: 404141.65
2024-04-17 18:53 | INFO | Timeout limit is increased to 1500
2024-04-17 18:53 | INFO | Query 20 Size of the uncertainty table is = 2536/5040
2024-04-17 18:53 | INFO | Query 20 Size of the filtered table is = 50
2024-04-17 18:53 | INFO | Query 20 Active Learning Random Query Runtime on Validation Set: 251236.17
2024-04-17 18:53 | INFO | Query 20 Active Learning Random Query Runtime on Test Set: 214295.28
2024-04-17 18:53 | INFO | Query 20 Active Learning Random Query Instance Cost: 439822.85
2024-04-17 18:53 | INFO | Query 21 Size of the uncertainty table is = 2359/5040
2024-04-17 18:53 | INFO | Query 21 Size of the filtered table is = 50
2024-04-17 18:53 | INFO | Query 21 Active Learning Random Query Runtime on Validation Set: 287175.4
2024-04-17 18:53 | INFO | Query 21 Active Learning Random Query Runtime on Test Set: 214313.85
2024-04-17 18:53 | INFO | Query 21 Active Learning Random Query Instance Cost: 470298.1
2024-04-17 18:53 | INFO | Timeout limit is increased to 1600
2024-04-17 18:53 | INFO | Query 22 Size of the uncertainty table is = 2216/5040
2024-04-17 18:53 | INFO | Query 22 Size of the filtered table is = 50
2024-04-17 18:54 | INFO | Query 22 Active Learning Random Query Runtime on Validation Set: 218706.17
2024-04-17 18:54 | INFO | Query 22 Active Learning Random Query Runtime on Test Set: 250502.16
2024-04-17 18:54 | INFO | Query 22 Active Learning Random Query Instance Cost: 497396.12
2024-04-17 18:54 | INFO | Query 23 Size of the uncertainty table is = 2036/5040
2024-04-17 18:54 | INFO | Query 23 Size of the filtered table is = 50
2024-04-17 18:54 | INFO | Query 23 Active Learning Random Query Runtime on Validation Set: 218698.46
2024-04-17 18:54 | INFO | Query 23 Active Learning Random Query Runtime on Test Set: 214446.64
2024-04-17 18:54 | INFO | Query 23 Active Learning Random Query Instance Cost: 535104.05
2024-04-17 18:54 | INFO | Query 24 Size of the uncertainty table is = 1882/5040
2024-04-17 18:54 | INFO | Query 24 Size of the filtered table is = 50
2024-04-17 18:55 | INFO | Query 24 Active Learning Random Query Runtime on Validation Set: 218650.57
2024-04-17 18:55 | INFO | Query 24 Active Learning Random Query Runtime on Test Set: 250657.46
2024-04-17 18:55 | INFO | Query 24 Active Learning Random Query Instance Cost: 564942.62
2024-04-17 18:55 | INFO | Query 25 Size of the uncertainty table is = 1726/5040
2024-04-17 18:55 | INFO | Query 25 Size of the filtered table is = 50
2024-04-17 18:55 | INFO | Query 25 Active Learning Random Query Runtime on Validation Set: 218018.1
2024-04-17 18:55 | INFO | Query 25 Active Learning Random Query Runtime on Test Set: 214211.6
2024-04-17 18:55 | INFO | Query 25 Active Learning Random Query Instance Cost: 585785.43
2024-04-17 18:55 | INFO | Query 26 Size of the uncertainty table is = 1515/5040
2024-04-17 18:55 | INFO | Query 26 Size of the filtered table is = 50
2024-04-17 18:56 | INFO | Query 26 Active Learning Random Query Runtime on Validation Set: 217916.47
2024-04-17 18:56 | INFO | Query 26 Active Learning Random Query Runtime on Test Set: 214145.61
2024-04-17 18:56 | INFO | Query 26 Active Learning Random Query Instance Cost: 609191.39
2024-04-17 18:56 | INFO | Query 27 Size of the uncertainty table is = 1363/5040
2024-04-17 18:56 | INFO | Query 27 Size of the filtered table is = 50
2024-04-17 18:56 | INFO | Query 27 Active Learning Random Query Runtime on Validation Set: 220309.52
2024-04-17 18:56 | INFO | Query 27 Active Learning Random Query Runtime on Test Set: 214265.15
2024-04-17 18:56 | INFO | Query 27 Active Learning Random Query Instance Cost: 626948.45
2024-04-17 18:56 | INFO | Timeout limit is increased to 1700
2024-04-17 18:56 | INFO | Query 28 Size of the uncertainty table is = 1189/5040
2024-04-17 18:56 | INFO | Query 28 Size of the filtered table is = 50
2024-04-17 18:56 | INFO | Query 28 Active Learning Random Query Runtime on Validation Set: 220252.26
2024-04-17 18:56 | INFO | Query 28 Active Learning Random Query Runtime on Test Set: 214262.84
2024-04-17 18:56 | INFO | Query 28 Active Learning Random Query Instance Cost: 646171.29
2024-04-17 18:56 | INFO | Query 29 Size of the uncertainty table is = 1049/5040
2024-04-17 18:56 | INFO | Query 29 Size of the filtered table is = 50
2024-04-17 18:57 | INFO | Query 29 Active Learning Random Query Runtime on Validation Set: 220264.1
2024-04-17 18:57 | INFO | Query 29 Active Learning Random Query Runtime on Test Set: 285898.29
2024-04-17 18:57 | INFO | Query 29 Active Learning Random Query Instance Cost: 678028.27
2024-04-17 18:57 | INFO | Timeout limit is increased to 1800
2024-04-17 18:57 | INFO | Query 30 Size of the uncertainty table is = 952/5040
2024-04-17 18:57 | INFO | Query 30 Size of the filtered table is = 50
2024-04-17 18:57 | INFO | Query 30 Active Learning Random Query Runtime on Validation Set: 220362.38
2024-04-17 18:57 | INFO | Query 30 Active Learning Random Query Runtime on Test Set: 214273.7
2024-04-17 18:57 | INFO | Query 30 Active Learning Random Query Instance Cost: 704557.42
2024-04-17 18:57 | INFO | Timeout limit is increased to 1900
2024-04-17 18:57 | INFO | Query 31 Size of the uncertainty table is = 886/5040
2024-04-17 18:57 | INFO | Query 31 Size of the filtered table is = 50
2024-04-17 18:58 | INFO | Query 31 Active Learning Random Query Runtime on Validation Set: 220312.65
2024-04-17 18:58 | INFO | Query 31 Active Learning Random Query Runtime on Test Set: 250183.3
2024-04-17 18:58 | INFO | Query 31 Active Learning Random Query Instance Cost: 733076.46
2024-04-17 18:58 | INFO | Query 32 Size of the uncertainty table is = 803/5040
2024-04-17 18:58 | INFO | Query 32 Size of the filtered table is = 50
2024-04-17 18:58 | INFO | Query 32 Active Learning Random Query Runtime on Validation Set: 220312.65
2024-04-17 18:58 | INFO | Query 32 Active Learning Random Query Runtime on Test Set: 250076.35
2024-04-17 18:58 | INFO | Query 32 Active Learning Random Query Instance Cost: 759941.43
2024-04-17 18:58 | INFO | Timeout limit is increased to 2000
2024-04-17 18:58 | INFO | Query 33 Size of the uncertainty table is = 733/5040
2024-04-17 18:58 | INFO | Query 33 Size of the filtered table is = 50
2024-04-17 18:58 | INFO | Query 33 Active Learning Random Query Runtime on Validation Set: 220306.4
2024-04-17 18:58 | INFO | Query 33 Active Learning Random Query Runtime on Test Set: 250076.35
2024-04-17 18:58 | INFO | Query 33 Active Learning Random Query Instance Cost: 783794.1
2024-04-17 18:58 | INFO | Query 34 Size of the uncertainty table is = 686/5040
2024-04-17 18:58 | INFO | Query 34 Size of the filtered table is = 50
2024-04-17 18:59 | INFO | Query 34 Active Learning Random Query Runtime on Validation Set: 220322.21
2024-04-17 18:59 | INFO | Query 34 Active Learning Random Query Runtime on Test Set: 285889.55
2024-04-17 18:59 | INFO | Query 34 Active Learning Random Query Instance Cost: 804161.03
2024-04-17 18:59 | INFO | Timeout limit is increased to 2100
2024-04-17 18:59 | INFO | Query 35 Size of the uncertainty table is = 637/5040
2024-04-17 18:59 | INFO | Query 35 Size of the filtered table is = 50
2024-04-17 18:59 | INFO | Query 35 Active Learning Random Query Runtime on Validation Set: 220307.69
2024-04-17 18:59 | INFO | Query 35 Active Learning Random Query Runtime on Test Set: 285889.55
2024-04-17 18:59 | INFO | Query 35 Active Learning Random Query Instance Cost: 833139.99
2024-04-17 18:59 | INFO | Query 36 Size of the uncertainty table is = 612/5040
2024-04-17 18:59 | INFO | Query 36 Size of the filtered table is = 50
2024-04-17 19:00 | INFO | Query 36 Active Learning Random Query Runtime on Validation Set: 220322.8
2024-04-17 19:00 | INFO | Query 36 Active Learning Random Query Runtime on Test Set: 285889.55
2024-04-17 19:00 | INFO | Query 36 Active Learning Random Query Instance Cost: 851987.16
2024-04-17 19:00 | INFO | Timeout limit is increased to 2200
2024-04-17 19:00 | INFO | Query 37 Size of the uncertainty table is = 584/5040
2024-04-17 19:00 | INFO | Query 37 Size of the filtered table is = 50
2024-04-17 19:00 | INFO | Query 37 Active Learning Random Query Runtime on Validation Set: 220314.46
2024-04-17 19:00 | INFO | Query 37 Active Learning Random Query Runtime on Test Set: 285889.55
2024-04-17 19:00 | INFO | Query 37 Active Learning Random Query Instance Cost: 877330.51
2024-04-17 19:00 | INFO | Query 38 Size of the uncertainty table is = 577/5040
2024-04-17 19:00 | INFO | Query 38 Size of the filtered table is = 50
2024-04-17 19:01 | INFO | Query 38 Active Learning Random Query Runtime on Validation Set: 220314.46
2024-04-17 19:01 | INFO | Query 38 Active Learning Random Query Runtime on Test Set: 285889.55
2024-04-17 19:01 | INFO | Query 38 Active Learning Random Query Instance Cost: 899644.02
2024-04-17 19:01 | INFO | Timeout limit is increased to 2300
2024-04-17 19:01 | INFO | Query 39 Size of the uncertainty table is = 576/5040
2024-04-17 19:01 | INFO | Query 39 Size of the filtered table is = 50
2024-04-17 19:01 | INFO | Query 39 Active Learning Random Query Runtime on Validation Set: 220314.46
2024-04-17 19:01 | INFO | Query 39 Active Learning Random Query Runtime on Test Set: 286090.75
2024-04-17 19:01 | INFO | Query 39 Active Learning Random Query Instance Cost: 927005.27
2024-04-17 19:01 | INFO | Timeout limit is increased to 2400
2024-04-17 19:01 | INFO | Query 40 Size of the uncertainty table is = 572/5040
2024-04-17 19:01 | INFO | Query 40 Size of the filtered table is = 50
2024-04-17 19:01 | INFO | Query 40 Active Learning Random Query Runtime on Validation Set: 220314.46
2024-04-17 19:01 | INFO | Query 40 Active Learning Random Query Runtime on Test Set: 286090.75
2024-04-17 19:01 | INFO | Query 40 Active Learning Random Query Instance Cost: 951605.27
2024-04-17 19:01 | INFO | Timeout limit is increased to 2500
2024-04-17 19:01 | INFO | Query 41 Size of the uncertainty table is = 572/5040
2024-04-17 19:01 | INFO | Query 41 Size of the filtered table is = 50
2024-04-17 19:02 | INFO | Query 41 Active Learning Random Query Runtime on Validation Set: 220314.46
2024-04-17 19:02 | INFO | Query 41 Active Learning Random Query Runtime on Test Set: 286090.75
2024-04-17 19:02 | INFO | Query 41 Active Learning Random Query Instance Cost: 974371.2
2024-04-17 19:02 | INFO | Timeout limit is increased to 2600
2024-04-17 19:02 | INFO | Query 42 Size of the uncertainty table is = 569/5040
2024-04-17 19:02 | INFO | Query 42 Size of the filtered table is = 50
2024-04-17 19:02 | INFO | Query 42 Active Learning Random Query Runtime on Validation Set: 220314.46
2024-04-17 19:02 | INFO | Query 42 Active Learning Random Query Runtime on Test Set: 286090.75
2024-04-17 19:02 | INFO | Query 42 Active Learning Random Query Instance Cost: 1003571.2
2024-04-17 19:02 | INFO | Timeout limit is increased to 2700
2024-04-17 19:02 | INFO | Query 43 Size of the uncertainty table is = 569/5040
2024-04-17 19:02 | INFO | Query 43 Size of the filtered table is = 50
2024-04-17 19:03 | INFO | Query 43 Active Learning Random Query Runtime on Validation Set: 220314.46
2024-04-17 19:03 | INFO | Query 43 Active Learning Random Query Runtime on Test Set: 286090.75
2024-04-17 19:03 | INFO | Query 43 Active Learning Random Query Instance Cost: 1028654.58
2024-04-17 19:03 | INFO | Timeout limit is increased to 2800
2024-04-17 19:03 | INFO | Query 44 Size of the uncertainty table is = 567/5040
2024-04-17 19:03 | INFO | Query 44 Size of the filtered table is = 50
2024-04-17 19:03 | INFO | Query 44 Active Learning Random Query Runtime on Validation Set: 220314.42
2024-04-17 19:03 | INFO | Query 44 Active Learning Random Query Runtime on Test Set: 286090.75
2024-04-17 19:03 | INFO | Query 44 Active Learning Random Query Instance Cost: 1061275.4
2024-04-17 19:03 | INFO | Query 45 Size of the uncertainty table is = 563/5040
2024-04-17 19:03 | INFO | Query 45 Size of the filtered table is = 50
2024-04-17 19:03 | INFO | Query 45 Active Learning Random Query Runtime on Validation Set: 220314.42
2024-04-17 19:03 | INFO | Query 45 Active Learning Random Query Runtime on Test Set: 286090.75
2024-04-17 19:03 | INFO | Query 45 Active Learning Random Query Instance Cost: 1075455.97
2024-04-17 19:03 | INFO | Timeout limit is increased to 2900
2024-04-17 19:03 | INFO | Query 46 Size of the uncertainty table is = 562/5040
2024-04-17 19:03 | INFO | Query 46 Size of the filtered table is = 50
2024-04-17 19:04 | INFO | Query 46 Active Learning Random Query Runtime on Validation Set: 220314.42
2024-04-17 19:04 | INFO | Query 46 Active Learning Random Query Runtime on Test Set: 286090.75
2024-04-17 19:04 | INFO | Query 46 Active Learning Random Query Instance Cost: 1098820.21
2024-04-17 19:04 | INFO | Timeout limit is increased to 3000
2024-04-17 19:04 | INFO | Query 47 Size of the uncertainty table is = 561/5040
2024-04-17 19:04 | INFO | Query 47 Size of the filtered table is = 50
2024-04-17 19:04 | INFO | Query 47 Active Learning Random Query Runtime on Validation Set: 220314.42
2024-04-17 19:04 | INFO | Query 47 Active Learning Random Query Runtime on Test Set: 285889.55
2024-04-17 19:04 | INFO | Query 47 Active Learning Random Query Instance Cost: 1121291.83
2024-04-17 19:04 | INFO | Timeout limit is increased to 3100
2024-04-17 19:04 | INFO | Query 48 Size of the uncertainty table is = 552/5040
2024-04-17 19:04 | INFO | Query 48 Size of the filtered table is = 50
2024-04-17 19:05 | INFO | Query 48 Active Learning Random Query Runtime on Validation Set: 220314.42
2024-04-17 19:05 | INFO | Query 48 Active Learning Random Query Runtime on Test Set: 285889.55
2024-04-17 19:05 | INFO | Query 48 Active Learning Random Query Instance Cost: 1147254.57
2024-04-17 19:05 | INFO | Timeout limit is increased to 3200
2024-04-17 19:05 | INFO | Query 49 Size of the uncertainty table is = 546/5040
2024-04-17 19:05 | INFO | Query 49 Size of the filtered table is = 50
2024-04-17 19:05 | INFO | Query 49 Active Learning Random Query Runtime on Validation Set: 220314.42
2024-04-17 19:05 | INFO | Query 49 Active Learning Random Query Runtime on Test Set: 285889.55
2024-04-17 19:05 | INFO | Query 49 Active Learning Random Query Instance Cost: 1174154.57
2024-04-17 19:05 | INFO | Timeout limit is increased to 3300
2024-04-17 19:05 | INFO | Query 50 Size of the uncertainty table is = 546/5040
2024-04-17 19:05 | INFO | Query 50 Size of the filtered table is = 50
2024-04-17 19:05 | INFO | Query 50 Active Learning Random Query Runtime on Validation Set: 220314.46
2024-04-17 19:05 | INFO | Query 50 Active Learning Random Query Runtime on Test Set: 285889.55
2024-04-17 19:05 | INFO | Query 50 Active Learning Random Query Instance Cost: 1206343.35
2024-04-17 19:05 | INFO | Timeout limit is increased to 3400
2024-04-17 19:05 | INFO | Query 51 Size of the uncertainty table is = 537/5040
2024-04-17 19:05 | INFO | Query 51 Size of the filtered table is = 50
2024-04-17 19:06 | INFO | Query 51 Active Learning Random Query Runtime on Validation Set: 220314.46
2024-04-17 19:06 | INFO | Query 51 Active Learning Random Query Runtime on Test Set: 285889.55
2024-04-17 19:06 | INFO | Query 51 Active Learning Random Query Instance Cost: 1234620.56
2024-04-17 19:06 | INFO | Timeout limit is increased to 3500
2024-04-17 19:06 | INFO | Query 52 Size of the uncertainty table is = 526/5040
2024-04-17 19:06 | INFO | Query 52 Size of the filtered table is = 50
2024-04-17 19:06 | INFO | Query 52 Active Learning Random Query Runtime on Validation Set: 220314.46
2024-04-17 19:06 | INFO | Query 52 Active Learning Random Query Runtime on Test Set: 285889.55
2024-04-17 19:06 | INFO | Query 52 Active Learning Random Query Instance Cost: 1261730.05
2024-04-17 19:06 | INFO | Timeout limit is increased to 3600
2024-04-17 19:06 | INFO | Query 53 Size of the uncertainty table is = 522/5040
2024-04-17 19:06 | INFO | Query 53 Size of the filtered table is = 50
2024-04-17 19:07 | INFO | Query 53 Active Learning Random Query Runtime on Validation Set: 220314.46
2024-04-17 19:07 | INFO | Query 53 Active Learning Random Query Runtime on Test Set: 285889.55
2024-04-17 19:07 | INFO | Query 53 Active Learning Random Query Instance Cost: 1295330.05
2024-04-17 19:07 | INFO | Timeout limit is increased to 3600
2024-04-17 19:07 | INFO | runtime_train_score is written as json file
2024-04-17 19:07 | INFO | runtime_test_score is written as json file
2024-04-17 19:07 | INFO | runtime_validation_score is written as json file
2024-04-17 19:07 | INFO | instance_cost is written as json file
2024-04-17 19:07 | INFO | Experiment is finished
