2024-04-17 19:13 | INFO | Paramaters are: {'dataset': 'ASP-POTASSCO', 'penalty': 10, 'weight': 'No_Weight', 'voting': 'Hard', 'pre_selection_size': 64, 'pre_selection_technique': 'No_pre_selection', 'feature_elimination_threshold': 20, 'imputer_strategy': 'median', 'feature_selection_technique': 'No_feature_selection', 'feature_scaling_technique': 'StandardScaler', 'initial_train_size': 20, 'query_size': 1, 'timeout_predictor_usage': 'Yes', 'timeout_limit': 100, 'timeout_increase_rate': 100, 'RANDOM_STATE_SEED': 12345, 'n_splits': 10, 'split_number': 4, 'max_timeout': 3600, 'param_grid': {'n_estimators': 100, 'criterion': 'gini', 'max_features': 'sqrt', 'max_depth': 2147483648, 'min_samples_split': 2, 'bootstrap': True}}
2024-04-17 19:13 | INFO | ASP-POTASSCO is current dataset
2024-04-17 19:13 | INFO | DATASETS/ASP-POTASSCO/algorithm_runs.arff is found
2024-04-17 19:13 | INFO | DATASETS/ASP-POTASSCO/algorithm_runs.arff is finished
2024-04-17 19:13 | INFO | DATASETS/ASP-POTASSCO/feature_values.arff is found
2024-04-17 19:13 | INFO | DATASETS/ASP-POTASSCO/feature_values.arff is finished
2024-04-17 19:13 | INFO | DATASETS/ASP-POTASSCO/feature_costs.arff is found
2024-04-17 19:13 | INFO | DATASETS/ASP-POTASSCO/feature_costs.arff is finished
2024-04-17 19:13 | INFO | Feature cost of train set is 1077.26
2024-04-17 19:16 | INFO | Initial Active Learning Random Query Runtime on Validation Set: 805721.45
2024-04-17 19:16 | INFO | Initial Active Learning Random Query Runtime on Test Set: 364635.96
2024-04-17 19:16 | INFO | Initial Active Learning Random Query Instance Cost: 8937.95
2024-04-17 19:16 | INFO | Bin size = 393
2024-04-17 19:16 | INFO | Query 1 Size of the uncertainty table is = 39583/39325
2024-04-17 19:16 | INFO | Query 1 Size of the filtered table is = 393
2024-04-17 19:18 | INFO | Query 1 Active Learning Random Query Runtime on Validation Set: 590746.48
2024-04-17 19:18 | INFO | Query 1 Active Learning Random Query Runtime on Test Set: 293549.9
2024-04-17 19:18 | INFO | Query 1 Active Learning Random Query Instance Cost: 39908.97
2024-04-17 19:18 | INFO | Query 2 Size of the uncertainty table is = 39069/39325
2024-04-17 19:18 | INFO | Query 2 Size of the filtered table is = 393
2024-04-17 19:21 | INFO | Query 2 Active Learning Random Query Runtime on Validation Set: 520017.18
2024-04-17 19:21 | INFO | Query 2 Active Learning Random Query Runtime on Test Set: 221719.81
2024-04-17 19:21 | INFO | Query 2 Active Learning Random Query Instance Cost: 63105.71
2024-04-17 19:21 | INFO | Query 3 Size of the uncertainty table is = 38173/39325
2024-04-17 19:21 | INFO | Query 3 Size of the filtered table is = 393
2024-04-17 19:24 | INFO | Query 3 Active Learning Random Query Runtime on Validation Set: 555571.85
2024-04-17 19:24 | INFO | Query 3 Active Learning Random Query Runtime on Test Set: 257616.14
2024-04-17 19:24 | INFO | Query 3 Active Learning Random Query Instance Cost: 88755.28
2024-04-17 19:24 | INFO | Timeout limit is increased to 200
2024-04-17 19:24 | INFO | Query 4 Size of the uncertainty table is = 37029/39325
2024-04-17 19:24 | INFO | Query 4 Size of the filtered table is = 393
2024-04-17 19:26 | INFO | Query 4 Active Learning Random Query Runtime on Validation Set: 375822.39
2024-04-17 19:26 | INFO | Query 4 Active Learning Random Query Runtime on Test Set: 42036.81
2024-04-17 19:26 | INFO | Query 4 Active Learning Random Query Instance Cost: 129227.74
2024-04-17 19:26 | INFO | Query 5 Size of the uncertainty table is = 35541/39325
2024-04-17 19:26 | INFO | Query 5 Size of the filtered table is = 393
2024-04-17 19:29 | INFO | Query 5 Active Learning Random Query Runtime on Validation Set: 447901.05
2024-04-17 19:29 | INFO | Query 5 Active Learning Random Query Runtime on Test Set: 114468.63
2024-04-17 19:29 | INFO | Query 5 Active Learning Random Query Instance Cost: 170122.82
2024-04-17 19:29 | INFO | Timeout limit is increased to 300
2024-04-17 19:29 | INFO | Query 6 Size of the uncertainty table is = 33796/39325
2024-04-17 19:29 | INFO | Query 6 Size of the filtered table is = 393
2024-04-17 19:32 | INFO | Query 6 Active Learning Random Query Runtime on Validation Set: 445162.01
2024-04-17 19:32 | INFO | Query 6 Active Learning Random Query Runtime on Test Set: 113111.32
2024-04-17 19:32 | INFO | Query 6 Active Learning Random Query Instance Cost: 225890.31
2024-04-17 19:32 | INFO | Query 7 Size of the uncertainty table is = 31859/39325
2024-04-17 19:32 | INFO | Query 7 Size of the filtered table is = 393
2024-04-17 19:34 | INFO | Query 7 Active Learning Random Query Runtime on Validation Set: 407972.7
2024-04-17 19:34 | INFO | Query 7 Active Learning Random Query Runtime on Test Set: 112491.16
2024-04-17 19:34 | INFO | Query 7 Active Learning Random Query Instance Cost: 280927.35
2024-04-17 19:34 | INFO | Query 8 Size of the uncertainty table is = 29819/39325
2024-04-17 19:34 | INFO | Query 8 Size of the filtered table is = 393
2024-04-17 19:37 | INFO | Query 8 Active Learning Random Query Runtime on Validation Set: 548974.27
2024-04-17 19:37 | INFO | Query 8 Active Learning Random Query Runtime on Test Set: 148806.61
2024-04-17 19:37 | INFO | Query 8 Active Learning Random Query Instance Cost: 330984.54
2024-04-17 19:37 | INFO | Timeout limit is increased to 400
2024-04-17 19:37 | INFO | Query 9 Size of the uncertainty table is = 27608/39325
2024-04-17 19:37 | INFO | Query 9 Size of the filtered table is = 393
2024-04-17 19:40 | INFO | Query 9 Active Learning Random Query Runtime on Validation Set: 225530.11
2024-04-17 19:40 | INFO | Query 9 Active Learning Random Query Runtime on Test Set: 148442.17
2024-04-17 19:40 | INFO | Query 9 Active Learning Random Query Instance Cost: 399926.66
2024-04-17 19:40 | INFO | Query 10 Size of the uncertainty table is = 25340/39325
2024-04-17 19:40 | INFO | Query 10 Size of the filtered table is = 393
2024-04-17 19:43 | INFO | Query 10 Active Learning Random Query Runtime on Validation Set: 546686.46
2024-04-17 19:43 | INFO | Query 10 Active Learning Random Query Runtime on Test Set: 76520.06
2024-04-17 19:43 | INFO | Query 10 Active Learning Random Query Instance Cost: 464277.11
2024-04-17 19:43 | INFO | Timeout limit is increased to 500
2024-04-17 19:43 | INFO | Query 11 Size of the uncertainty table is = 23027/39325
2024-04-17 19:43 | INFO | Query 11 Size of the filtered table is = 393
2024-04-17 19:45 | INFO | Query 11 Active Learning Random Query Runtime on Validation Set: 617238.02
2024-04-17 19:45 | INFO | Query 11 Active Learning Random Query Runtime on Test Set: 112124.05
2024-04-17 19:45 | INFO | Query 11 Active Learning Random Query Instance Cost: 542038.22
2024-04-17 19:45 | INFO | Timeout limit is increased to 600
2024-04-17 19:45 | INFO | Query 12 Size of the uncertainty table is = 20626/39325
2024-04-17 19:45 | INFO | Query 12 Size of the filtered table is = 393
2024-04-17 19:48 | INFO | Query 12 Active Learning Random Query Runtime on Validation Set: 511065.87
2024-04-17 19:48 | INFO | Query 12 Active Learning Random Query Runtime on Test Set: 76486.8
2024-04-17 19:48 | INFO | Query 12 Active Learning Random Query Instance Cost: 631654.95
2024-04-17 19:48 | INFO | Query 13 Size of the uncertainty table is = 18208/39325
2024-04-17 19:48 | INFO | Query 13 Size of the filtered table is = 393
2024-04-17 19:51 | INFO | Query 13 Active Learning Random Query Runtime on Validation Set: 472874.28
2024-04-17 19:51 | INFO | Query 13 Active Learning Random Query Runtime on Test Set: 76644.52
2024-04-17 19:51 | INFO | Query 13 Active Learning Random Query Instance Cost: 729401.37
2024-04-17 19:51 | INFO | Query 14 Size of the uncertainty table is = 15819/39325
2024-04-17 19:51 | INFO | Query 14 Size of the filtered table is = 393
2024-04-17 19:54 | INFO | Query 14 Active Learning Random Query Runtime on Validation Set: 365714.43
2024-04-17 19:54 | INFO | Query 14 Active Learning Random Query Runtime on Test Set: 112146.06
2024-04-17 19:54 | INFO | Query 14 Active Learning Random Query Instance Cost: 806863.33
2024-04-17 19:54 | INFO | Query 15 Size of the uncertainty table is = 13399/39325
2024-04-17 19:54 | INFO | Query 15 Size of the filtered table is = 393
2024-04-17 19:57 | INFO | Query 15 Active Learning Random Query Runtime on Validation Set: 546474.4
2024-04-17 19:57 | INFO | Query 15 Active Learning Random Query Runtime on Test Set: 147813.28
2024-04-17 19:57 | INFO | Query 15 Active Learning Random Query Instance Cost: 886795.89
2024-04-17 19:57 | INFO | Timeout limit is increased to 700
2024-04-17 19:57 | INFO | Query 16 Size of the uncertainty table is = 11275/39325
2024-04-17 19:57 | INFO | Query 16 Size of the filtered table is = 393
2024-04-17 20:00 | INFO | Query 16 Active Learning Random Query Runtime on Validation Set: 294317.07
2024-04-17 20:00 | INFO | Query 16 Active Learning Random Query Runtime on Test Set: 112066.92
2024-04-17 20:00 | INFO | Query 16 Active Learning Random Query Instance Cost: 989128.78
2024-04-17 20:00 | INFO | Query 17 Size of the uncertainty table is = 9193/39325
2024-04-17 20:00 | INFO | Query 17 Size of the filtered table is = 393
2024-04-17 20:03 | INFO | Query 17 Active Learning Random Query Runtime on Validation Set: 473429.72
2024-04-17 20:03 | INFO | Query 17 Active Learning Random Query Runtime on Test Set: 112067.55
2024-04-17 20:03 | INFO | Query 17 Active Learning Random Query Instance Cost: 1073398.09
2024-04-17 20:03 | INFO | Timeout limit is increased to 800
2024-04-17 20:03 | INFO | Query 18 Size of the uncertainty table is = 7522/39325
2024-04-17 20:03 | INFO | Query 18 Size of the filtered table is = 393
2024-04-17 20:06 | INFO | Query 18 Active Learning Random Query Runtime on Validation Set: 365862.42
2024-04-17 20:06 | INFO | Query 18 Active Learning Random Query Runtime on Test Set: 111920.01
2024-04-17 20:06 | INFO | Query 18 Active Learning Random Query Instance Cost: 1180911.41
2024-04-17 20:06 | INFO | Query 19 Size of the uncertainty table is = 6116/39325
2024-04-17 20:06 | INFO | Query 19 Size of the filtered table is = 393
2024-04-17 20:09 | INFO | Query 19 Active Learning Random Query Runtime on Validation Set: 366752.09
2024-04-17 20:09 | INFO | Query 19 Active Learning Random Query Runtime on Test Set: 111971.93
2024-04-17 20:09 | INFO | Query 19 Active Learning Random Query Instance Cost: 1278209.65
2024-04-17 20:09 | INFO | Timeout limit is increased to 900
2024-04-17 20:09 | INFO | Query 20 Size of the uncertainty table is = 5298/39325
2024-04-17 20:09 | INFO | Query 20 Size of the filtered table is = 393
2024-04-17 20:12 | INFO | Query 20 Active Learning Random Query Runtime on Validation Set: 475019.07
2024-04-17 20:12 | INFO | Query 20 Active Learning Random Query Runtime on Test Set: 112040.59
2024-04-17 20:12 | INFO | Query 20 Active Learning Random Query Instance Cost: 1396462.11
2024-04-17 20:12 | INFO | Timeout limit is increased to 1000
2024-04-17 20:12 | INFO | Query 21 Size of the uncertainty table is = 4705/39325
2024-04-17 20:12 | INFO | Query 21 Size of the filtered table is = 393
2024-04-17 20:15 | INFO | Query 21 Active Learning Random Query Runtime on Validation Set: 401969.83
2024-04-17 20:15 | INFO | Query 21 Active Learning Random Query Runtime on Test Set: 111952.42
2024-04-17 20:15 | INFO | Query 21 Active Learning Random Query Instance Cost: 1523683.4
2024-04-17 20:15 | INFO | Query 22 Size of the uncertainty table is = 4382/39325
2024-04-17 20:15 | INFO | Query 22 Size of the filtered table is = 393
2024-04-17 20:17 | INFO | Query 22 Active Learning Random Query Runtime on Validation Set: 401943.96
2024-04-17 20:17 | INFO | Query 22 Active Learning Random Query Runtime on Test Set: 112069.14
2024-04-17 20:17 | INFO | Query 22 Active Learning Random Query Instance Cost: 1600062.8
2024-04-17 20:17 | INFO | Query 23 Size of the uncertainty table is = 4272/39325
2024-04-17 20:17 | INFO | Query 23 Size of the filtered table is = 393
2024-04-17 20:20 | INFO | Query 23 Active Learning Random Query Runtime on Validation Set: 402034.4
2024-04-17 20:20 | INFO | Query 23 Active Learning Random Query Runtime on Test Set: 112116.53
2024-04-17 20:20 | INFO | Query 23 Active Learning Random Query Instance Cost: 1648219.86
2024-04-17 20:20 | INFO | Timeout limit is increased to 1100
2024-04-17 20:20 | INFO | Query 24 Size of the uncertainty table is = 4234/39325
2024-04-17 20:20 | INFO | Query 24 Size of the filtered table is = 393
2024-04-17 20:23 | INFO | Query 24 Active Learning Random Query Runtime on Validation Set: 402030.17
2024-04-17 20:23 | INFO | Query 24 Active Learning Random Query Runtime on Test Set: 112113.13
2024-04-17 20:23 | INFO | Query 24 Active Learning Random Query Instance Cost: 1740973.68
2024-04-17 20:23 | INFO | Query 25 Size of the uncertainty table is = 4228/39325
2024-04-17 20:23 | INFO | Query 25 Size of the filtered table is = 393
2024-04-17 20:26 | INFO | Query 25 Active Learning Random Query Runtime on Validation Set: 402030.17
2024-04-17 20:26 | INFO | Query 25 Active Learning Random Query Runtime on Test Set: 112108.98
2024-04-17 20:26 | INFO | Query 25 Active Learning Random Query Instance Cost: 1788096.46
2024-04-17 20:26 | INFO | Timeout limit is increased to 1200
2024-04-17 20:26 | INFO | Query 26 Size of the uncertainty table is = 4214/39325
2024-04-17 20:26 | INFO | Query 26 Size of the filtered table is = 393
2024-04-17 20:29 | INFO | Query 26 Active Learning Random Query Runtime on Validation Set: 402030.17
2024-04-17 20:29 | INFO | Query 26 Active Learning Random Query Runtime on Test Set: 112108.98
2024-04-17 20:29 | INFO | Query 26 Active Learning Random Query Instance Cost: 1872042.13
2024-04-17 20:29 | INFO | Timeout limit is increased to 1300
2024-04-17 20:29 | INFO | Query 27 Size of the uncertainty table is = 4209/39325
2024-04-17 20:29 | INFO | Query 27 Size of the filtered table is = 393
2024-04-17 20:32 | INFO | Query 27 Active Learning Random Query Runtime on Validation Set: 402030.17
2024-04-17 20:32 | INFO | Query 27 Active Learning Random Query Runtime on Test Set: 112108.98
2024-04-17 20:32 | INFO | Query 27 Active Learning Random Query Instance Cost: 1978239.61
2024-04-17 20:32 | INFO | Timeout limit is increased to 1400
2024-04-17 20:32 | INFO | Query 28 Size of the uncertainty table is = 4206/39325
2024-04-17 20:32 | INFO | Query 28 Size of the filtered table is = 393
2024-04-17 20:35 | INFO | Query 28 Active Learning Random Query Runtime on Validation Set: 402030.17
2024-04-17 20:35 | INFO | Query 28 Active Learning Random Query Runtime on Test Set: 112108.83
2024-04-17 20:35 | INFO | Query 28 Active Learning Random Query Instance Cost: 2100448.62
2024-04-17 20:35 | INFO | Timeout limit is increased to 1500
2024-04-17 20:35 | INFO | Query 29 Size of the uncertainty table is = 4204/39325
2024-04-17 20:35 | INFO | Query 29 Size of the filtered table is = 393
2024-04-17 20:38 | INFO | Query 29 Active Learning Random Query Runtime on Validation Set: 401900.91
2024-04-17 20:38 | INFO | Query 29 Active Learning Random Query Runtime on Test Set: 112089.6
2024-04-17 20:38 | INFO | Query 29 Active Learning Random Query Instance Cost: 2233079.14
2024-04-17 20:38 | INFO | Query 30 Size of the uncertainty table is = 4199/39325
2024-04-17 20:38 | INFO | Query 30 Size of the filtered table is = 393
2024-04-17 20:40 | INFO | Query 30 Active Learning Random Query Runtime on Validation Set: 402060.65
2024-04-17 20:40 | INFO | Query 30 Active Learning Random Query Runtime on Test Set: 112070.29
2024-04-17 20:40 | INFO | Query 30 Active Learning Random Query Instance Cost: 2308124.19
2024-04-17 20:40 | INFO | Timeout limit is increased to 1600
2024-04-17 20:40 | INFO | Query 31 Size of the uncertainty table is = 4189/39325
2024-04-17 20:40 | INFO | Query 31 Size of the filtered table is = 393
2024-04-17 20:43 | INFO | Query 31 Active Learning Random Query Runtime on Validation Set: 402068.13
2024-04-17 20:43 | INFO | Query 31 Active Learning Random Query Runtime on Test Set: 111965.52
2024-04-17 20:43 | INFO | Query 31 Active Learning Random Query Instance Cost: 2414542.99
2024-04-17 20:43 | INFO | Timeout limit is increased to 1700
2024-04-17 20:43 | INFO | Query 32 Size of the uncertainty table is = 4188/39325
2024-04-17 20:43 | INFO | Query 32 Size of the filtered table is = 393
2024-04-17 20:46 | INFO | Query 32 Active Learning Random Query Runtime on Validation Set: 402068.13
2024-04-17 20:46 | INFO | Query 32 Active Learning Random Query Runtime on Test Set: 111965.52
2024-04-17 20:46 | INFO | Query 32 Active Learning Random Query Instance Cost: 2534088.24
2024-04-17 20:46 | INFO | Timeout limit is increased to 1800
2024-04-17 20:46 | INFO | Query 33 Size of the uncertainty table is = 4187/39325
2024-04-17 20:46 | INFO | Query 33 Size of the filtered table is = 393
2024-04-17 20:49 | INFO | Query 33 Active Learning Random Query Runtime on Validation Set: 402068.13
2024-04-17 20:49 | INFO | Query 33 Active Learning Random Query Runtime on Test Set: 111965.52
2024-04-17 20:49 | INFO | Query 33 Active Learning Random Query Instance Cost: 2656488.24
2024-04-17 20:49 | INFO | Timeout limit is increased to 1900
2024-04-17 20:49 | INFO | Query 34 Size of the uncertainty table is = 4187/39325
2024-04-17 20:49 | INFO | Query 34 Size of the filtered table is = 393
2024-04-17 20:52 | INFO | Query 34 Active Learning Random Query Runtime on Validation Set: 402068.13
2024-04-17 20:52 | INFO | Query 34 Active Learning Random Query Runtime on Test Set: 111965.52
2024-04-17 20:52 | INFO | Query 34 Active Learning Random Query Instance Cost: 2793520.99
2024-04-17 20:52 | INFO | Timeout limit is increased to 2000
2024-04-17 20:52 | INFO | Query 35 Size of the uncertainty table is = 4185/39325
2024-04-17 20:52 | INFO | Query 35 Size of the filtered table is = 393
2024-04-17 20:55 | INFO | Query 35 Active Learning Random Query Runtime on Validation Set: 402068.13
2024-04-17 20:55 | INFO | Query 35 Active Learning Random Query Runtime on Test Set: 111965.52
2024-04-17 20:55 | INFO | Query 35 Active Learning Random Query Instance Cost: 2925120.99
2024-04-17 20:55 | INFO | Timeout limit is increased to 2100
2024-04-17 20:55 | INFO | Query 36 Size of the uncertainty table is = 4185/39325
2024-04-17 20:55 | INFO | Query 36 Size of the filtered table is = 393
2024-04-17 20:58 | INFO | Query 36 Active Learning Random Query Runtime on Validation Set: 402068.13
2024-04-17 20:58 | INFO | Query 36 Active Learning Random Query Runtime on Test Set: 111965.52
2024-04-17 20:58 | INFO | Query 36 Active Learning Random Query Instance Cost: 3056920.99
2024-04-17 20:58 | INFO | Timeout limit is increased to 2200
2024-04-17 20:58 | INFO | Query 37 Size of the uncertainty table is = 4185/39325
2024-04-17 20:58 | INFO | Query 37 Size of the filtered table is = 393
2024-04-17 21:00 | INFO | Query 37 Active Learning Random Query Runtime on Validation Set: 402068.13
2024-04-17 21:00 | INFO | Query 37 Active Learning Random Query Runtime on Test Set: 111965.52
2024-04-17 21:00 | INFO | Query 37 Active Learning Random Query Instance Cost: 3200821.48
2024-04-17 21:00 | INFO | Timeout limit is increased to 2300
2024-04-17 21:01 | INFO | Query 38 Size of the uncertainty table is = 4184/39325
2024-04-17 21:01 | INFO | Query 38 Size of the filtered table is = 393
2024-04-17 21:03 | INFO | Query 38 Active Learning Random Query Runtime on Validation Set: 402068.13
2024-04-17 21:03 | INFO | Query 38 Active Learning Random Query Runtime on Test Set: 111965.52
2024-04-17 21:03 | INFO | Query 38 Active Learning Random Query Instance Cost: 3338221.48
2024-04-17 21:03 | INFO | Timeout limit is increased to 2400
2024-04-17 21:03 | INFO | Query 39 Size of the uncertainty table is = 4184/39325
2024-04-17 21:03 | INFO | Query 39 Size of the filtered table is = 393
2024-04-17 21:06 | INFO | Query 39 Active Learning Random Query Runtime on Validation Set: 402068.13
2024-04-17 21:06 | INFO | Query 39 Active Learning Random Query Runtime on Test Set: 111965.52
2024-04-17 21:06 | INFO | Query 39 Active Learning Random Query Instance Cost: 3470321.48
2024-04-17 21:06 | INFO | Timeout limit is increased to 2500
2024-04-17 21:06 | INFO | Query 40 Size of the uncertainty table is = 4184/39325
2024-04-17 21:06 | INFO | Query 40 Size of the filtered table is = 393
2024-04-17 21:09 | INFO | Query 40 Active Learning Random Query Runtime on Validation Set: 402068.13
2024-04-17 21:09 | INFO | Query 40 Active Learning Random Query Runtime on Test Set: 111969.66
2024-04-17 21:09 | INFO | Query 40 Active Learning Random Query Instance Cost: 3606204.13
2024-04-17 21:09 | INFO | Timeout limit is increased to 2600
2024-04-17 21:09 | INFO | Query 41 Size of the uncertainty table is = 4183/39325
2024-04-17 21:09 | INFO | Query 41 Size of the filtered table is = 393
2024-04-17 21:12 | INFO | Query 41 Active Learning Random Query Runtime on Validation Set: 402068.13
2024-04-17 21:12 | INFO | Query 41 Active Learning Random Query Runtime on Test Set: 111969.66
2024-04-17 21:12 | INFO | Query 41 Active Learning Random Query Instance Cost: 3732604.13
2024-04-17 21:12 | INFO | Timeout limit is increased to 2700
2024-04-17 21:12 | INFO | Query 42 Size of the uncertainty table is = 4183/39325
2024-04-17 21:12 | INFO | Query 42 Size of the filtered table is = 393
2024-04-17 21:15 | INFO | Query 42 Active Learning Random Query Runtime on Validation Set: 402068.13
2024-04-17 21:15 | INFO | Query 42 Active Learning Random Query Runtime on Test Set: 111969.66
2024-04-17 21:15 | INFO | Query 42 Active Learning Random Query Instance Cost: 3871204.13
2024-04-17 21:15 | INFO | Timeout limit is increased to 2800
2024-04-17 21:15 | INFO | Query 43 Size of the uncertainty table is = 4183/39325
2024-04-17 21:15 | INFO | Query 43 Size of the filtered table is = 393
2024-04-17 21:18 | INFO | Query 43 Active Learning Random Query Runtime on Validation Set: 402068.13
2024-04-17 21:18 | INFO | Query 43 Active Learning Random Query Runtime on Test Set: 111969.66
2024-04-17 21:18 | INFO | Query 43 Active Learning Random Query Instance Cost: 4015604.13
2024-04-17 21:18 | INFO | Timeout limit is increased to 2900
2024-04-17 21:18 | INFO | Query 44 Size of the uncertainty table is = 4183/39325
2024-04-17 21:18 | INFO | Query 44 Size of the filtered table is = 393
2024-04-17 21:21 | INFO | Query 44 Active Learning Random Query Runtime on Validation Set: 402068.13
2024-04-17 21:21 | INFO | Query 44 Active Learning Random Query Runtime on Test Set: 111969.66
2024-04-17 21:21 | INFO | Query 44 Active Learning Random Query Instance Cost: 4152806.37
2024-04-17 21:21 | INFO | Timeout limit is increased to 3000
2024-04-17 21:21 | INFO | Query 45 Size of the uncertainty table is = 4182/39325
2024-04-17 21:21 | INFO | Query 45 Size of the filtered table is = 393
2024-04-17 21:23 | INFO | Query 45 Active Learning Random Query Runtime on Validation Set: 402068.13
2024-04-17 21:23 | INFO | Query 45 Active Learning Random Query Runtime on Test Set: 111969.66
2024-04-17 21:23 | INFO | Query 45 Active Learning Random Query Instance Cost: 4277306.37
2024-04-17 21:23 | INFO | Timeout limit is increased to 3100
2024-04-17 21:23 | INFO | Query 46 Size of the uncertainty table is = 4182/39325
2024-04-17 21:23 | INFO | Query 46 Size of the filtered table is = 393
2024-04-17 21:26 | INFO | Query 46 Active Learning Random Query Runtime on Validation Set: 402068.13
2024-04-17 21:26 | INFO | Query 46 Active Learning Random Query Runtime on Test Set: 111969.66
2024-04-17 21:26 | INFO | Query 46 Active Learning Random Query Instance Cost: 4425406.37
2024-04-17 21:26 | INFO | Timeout limit is increased to 3200
2024-04-17 21:26 | INFO | Query 47 Size of the uncertainty table is = 4182/39325
2024-04-17 21:26 | INFO | Query 47 Size of the filtered table is = 393
2024-04-17 21:29 | INFO | Query 47 Active Learning Random Query Runtime on Validation Set: 402068.13
2024-04-17 21:29 | INFO | Query 47 Active Learning Random Query Runtime on Test Set: 111969.66
2024-04-17 21:29 | INFO | Query 47 Active Learning Random Query Instance Cost: 4576708.56
2024-04-17 21:29 | INFO | Timeout limit is increased to 3300
2024-04-17 21:29 | INFO | Query 48 Size of the uncertainty table is = 4180/39325
2024-04-17 21:29 | INFO | Query 48 Size of the filtered table is = 393
2024-04-17 21:32 | INFO | Query 48 Active Learning Random Query Runtime on Validation Set: 402068.13
2024-04-17 21:32 | INFO | Query 48 Active Learning Random Query Runtime on Test Set: 111969.66
2024-04-17 21:32 | INFO | Query 48 Active Learning Random Query Instance Cost: 4726408.56
2024-04-17 21:32 | INFO | Timeout limit is increased to 3400
2024-04-17 21:32 | INFO | Query 49 Size of the uncertainty table is = 4180/39325
2024-04-17 21:32 | INFO | Query 49 Size of the filtered table is = 393
2024-04-17 21:34 | INFO | Query 49 Active Learning Random Query Runtime on Validation Set: 402068.13
2024-04-17 21:34 | INFO | Query 49 Active Learning Random Query Runtime on Test Set: 111969.66
2024-04-17 21:34 | INFO | Query 49 Active Learning Random Query Instance Cost: 4869608.56
2024-04-17 21:34 | INFO | Timeout limit is increased to 3500
2024-04-17 21:34 | INFO | Query 50 Size of the uncertainty table is = 4180/39325
2024-04-17 21:34 | INFO | Query 50 Size of the filtered table is = 393
2024-04-17 21:37 | INFO | Query 50 Active Learning Random Query Runtime on Validation Set: 402068.13
2024-04-17 21:37 | INFO | Query 50 Active Learning Random Query Runtime on Test Set: 111969.66
2024-04-17 21:37 | INFO | Query 50 Active Learning Random Query Instance Cost: 5013830.36
2024-04-17 21:37 | INFO | Timeout limit is increased to 3600
2024-04-17 21:37 | INFO | Query 51 Size of the uncertainty table is = 4179/39325
2024-04-17 21:37 | INFO | Query 51 Size of the filtered table is = 393
2024-04-17 21:40 | INFO | Query 51 Active Learning Random Query Runtime on Validation Set: 402068.13
2024-04-17 21:40 | INFO | Query 51 Active Learning Random Query Runtime on Test Set: 111969.66
2024-04-17 21:40 | INFO | Query 51 Active Learning Random Query Instance Cost: 5149230.36
2024-04-17 21:40 | INFO | Timeout limit is increased to 3600
2024-04-17 21:40 | INFO | runtime_train_score is written as json file
2024-04-17 21:40 | INFO | runtime_test_score is written as json file
2024-04-17 21:40 | INFO | runtime_validation_score is written as json file
2024-04-17 21:40 | INFO | instance_cost is written as json file
2024-04-17 21:40 | INFO | Experiment is finished
