2024-04-17 18:43 | INFO | Paramaters are: {'dataset': 'MAXSAT19-UCMS', 'penalty': 10, 'weight': 'No_Weight', 'voting': 'Hard', 'pre_selection_size': 64, 'pre_selection_technique': 'No_pre_selection', 'feature_elimination_threshold': 20, 'imputer_strategy': 'median', 'feature_selection_technique': 'No_feature_selection', 'feature_scaling_technique': 'StandardScaler', 'initial_train_size': 20, 'query_size': 1, 'timeout_predictor_usage': 'Yes', 'timeout_limit': 3600, 'timeout_increase_rate': 100, 'RANDOM_STATE_SEED': 7, 'n_splits': 10, 'split_number': 9, 'max_timeout': 3600, 'param_grid': {'n_estimators': 100, 'criterion': 'gini', 'max_features': 'sqrt', 'max_depth': 2147483648, 'min_samples_split': 2, 'bootstrap': True}}
2024-04-17 18:43 | INFO | MAXSAT19-UCMS is current dataset
2024-04-17 18:43 | INFO | DATASETS/MAXSAT19-UCMS/algorithm_runs.arff is found
2024-04-17 18:43 | INFO | DATASETS/MAXSAT19-UCMS/algorithm_runs.arff is finished
2024-04-17 18:43 | INFO | DATASETS/MAXSAT19-UCMS/feature_values.arff is found
2024-04-17 18:43 | INFO | DATASETS/MAXSAT19-UCMS/feature_values.arff is finished
2024-04-17 18:43 | INFO | DATASETS/MAXSAT19-UCMS/feature_costs.arff is found
2024-04-17 18:43 | INFO | DATASETS/MAXSAT19-UCMS/feature_costs.arff is finished
2024-04-17 18:43 | INFO | Feature cost of train set is 34483.3
2024-04-17 18:44 | INFO | Initial Active Learning Random Query Runtime on Validation Set: 156172.0
2024-04-17 18:44 | INFO | Initial Active Learning Random Query Runtime on Test Set: 82750.42
2024-04-17 18:44 | INFO | Initial Active Learning Random Query Instance Cost: 109432.19
2024-04-17 18:44 | INFO | Bin size = 50
2024-04-17 18:44 | INFO | Query 1 Size of the uncertainty table is = 5040/5040
2024-04-17 18:44 | INFO | Query 1 Size of the filtered table is = 50
2024-04-17 18:44 | INFO | Query 1 Active Learning Random Query Runtime on Validation Set: 227388.31
2024-04-17 18:44 | INFO | Query 1 Active Learning Random Query Runtime on Test Set: 87728.64
2024-04-17 18:44 | INFO | Query 1 Active Learning Random Query Instance Cost: 189589.05
2024-04-17 18:44 | INFO | Timeout limit is increased to 3600
2024-04-17 18:44 | INFO | Query 2 Size of the uncertainty table is = 4974/5040
2024-04-17 18:44 | INFO | Query 2 Size of the filtered table is = 50
2024-04-17 18:45 | INFO | Query 2 Active Learning Random Query Runtime on Validation Set: 132777.53
2024-04-17 18:45 | INFO | Query 2 Active Learning Random Query Runtime on Test Set: 56820.52
2024-04-17 18:45 | INFO | Query 2 Active Learning Random Query Instance Cost: 260726.39
2024-04-17 18:45 | INFO | Query 3 Size of the uncertainty table is = 4889/5040
2024-04-17 18:45 | INFO | Query 3 Size of the filtered table is = 50
2024-04-17 18:45 | INFO | Query 3 Active Learning Random Query Runtime on Validation Set: 203579.31
2024-04-17 18:45 | INFO | Query 3 Active Learning Random Query Runtime on Test Set: 97028.27
2024-04-17 18:45 | INFO | Query 3 Active Learning Random Query Instance Cost: 357619.13
2024-04-17 18:45 | INFO | Timeout limit is increased to 3600
2024-04-17 18:45 | INFO | Query 4 Size of the uncertainty table is = 4778/5040
2024-04-17 18:45 | INFO | Query 4 Size of the filtered table is = 50
2024-04-17 18:45 | INFO | Query 4 Active Learning Random Query Runtime on Validation Set: 243477.19
2024-04-17 18:45 | INFO | Query 4 Active Learning Random Query Runtime on Test Set: 65625.45
2024-04-17 18:45 | INFO | Query 4 Active Learning Random Query Instance Cost: 434504.73
2024-04-17 18:45 | INFO | Timeout limit is increased to 3600
2024-04-17 18:45 | INFO | Query 5 Size of the uncertainty table is = 4661/5040
2024-04-17 18:45 | INFO | Query 5 Size of the filtered table is = 50
2024-04-17 18:46 | INFO | Query 5 Active Learning Random Query Runtime on Validation Set: 316236.64
2024-04-17 18:46 | INFO | Query 5 Active Learning Random Query Runtime on Test Set: 31023.69
2024-04-17 18:46 | INFO | Query 5 Active Learning Random Query Instance Cost: 507506.81
2024-04-17 18:46 | INFO | Timeout limit is increased to 3600
2024-04-17 18:46 | INFO | Query 6 Size of the uncertainty table is = 4499/5040
2024-04-17 18:46 | INFO | Query 6 Size of the filtered table is = 50
2024-04-17 18:46 | INFO | Query 6 Active Learning Random Query Runtime on Validation Set: 320177.59
2024-04-17 18:46 | INFO | Query 6 Active Learning Random Query Runtime on Test Set: 33485.35
2024-04-17 18:46 | INFO | Query 6 Active Learning Random Query Instance Cost: 563767.83
2024-04-17 18:46 | INFO | Timeout limit is increased to 3600
2024-04-17 18:46 | INFO | Query 7 Size of the uncertainty table is = 4357/5040
2024-04-17 18:46 | INFO | Query 7 Size of the filtered table is = 50
2024-04-17 18:47 | INFO | Query 7 Active Learning Random Query Runtime on Validation Set: 287137.74
2024-04-17 18:47 | INFO | Query 7 Active Learning Random Query Runtime on Test Set: 69143.71
2024-04-17 18:47 | INFO | Query 7 Active Learning Random Query Instance Cost: 633557.25
2024-04-17 18:47 | INFO | Query 8 Size of the uncertainty table is = 4196/5040
2024-04-17 18:47 | INFO | Query 8 Size of the filtered table is = 50
2024-04-17 18:47 | INFO | Query 8 Active Learning Random Query Runtime on Validation Set: 285004.82
2024-04-17 18:47 | INFO | Query 8 Active Learning Random Query Runtime on Test Set: 34527.44
2024-04-17 18:47 | INFO | Query 8 Active Learning Random Query Instance Cost: 677800.18
2024-04-17 18:47 | INFO | Query 9 Size of the uncertainty table is = 4049/5040
2024-04-17 18:47 | INFO | Query 9 Size of the filtered table is = 50
2024-04-17 18:47 | INFO | Query 9 Active Learning Random Query Runtime on Validation Set: 292652.43
2024-04-17 18:47 | INFO | Query 9 Active Learning Random Query Runtime on Test Set: 106909.46
2024-04-17 18:47 | INFO | Query 9 Active Learning Random Query Instance Cost: 727611.27
2024-04-17 18:47 | INFO | Timeout limit is increased to 3600
2024-04-17 18:47 | INFO | Query 10 Size of the uncertainty table is = 3848/5040
2024-04-17 18:47 | INFO | Query 10 Size of the filtered table is = 50
2024-04-17 18:48 | INFO | Query 10 Active Learning Random Query Runtime on Validation Set: 326667.99
2024-04-17 18:48 | INFO | Query 10 Active Learning Random Query Runtime on Test Set: 71111.9
2024-04-17 18:48 | INFO | Query 10 Active Learning Random Query Instance Cost: 800360.23
2024-04-17 18:48 | INFO | Timeout limit is increased to 3600
2024-04-17 18:48 | INFO | Query 11 Size of the uncertainty table is = 3647/5040
2024-04-17 18:48 | INFO | Query 11 Size of the filtered table is = 50
2024-04-17 18:48 | INFO | Query 11 Active Learning Random Query Runtime on Validation Set: 296534.87
2024-04-17 18:48 | INFO | Query 11 Active Learning Random Query Runtime on Test Set: 107531.18
2024-04-17 18:48 | INFO | Query 11 Active Learning Random Query Instance Cost: 852638.4
2024-04-17 18:48 | INFO | Query 12 Size of the uncertainty table is = 3442/5040
2024-04-17 18:48 | INFO | Query 12 Size of the filtered table is = 50
2024-04-17 18:49 | INFO | Query 12 Active Learning Random Query Runtime on Validation Set: 328102.15
2024-04-17 18:49 | INFO | Query 12 Active Learning Random Query Runtime on Test Set: 109270.59
2024-04-17 18:49 | INFO | Query 12 Active Learning Random Query Instance Cost: 909877.38
2024-04-17 18:49 | INFO | Timeout limit is increased to 3600
2024-04-17 18:49 | INFO | Query 13 Size of the uncertainty table is = 3242/5040
2024-04-17 18:49 | INFO | Query 13 Size of the filtered table is = 50
2024-04-17 18:49 | INFO | Query 13 Active Learning Random Query Runtime on Validation Set: 364251.24
2024-04-17 18:49 | INFO | Query 13 Active Learning Random Query Runtime on Test Set: 109583.01
2024-04-17 18:49 | INFO | Query 13 Active Learning Random Query Instance Cost: 968008.43
2024-04-17 18:49 | INFO | Timeout limit is increased to 3600
2024-04-17 18:49 | INFO | Query 14 Size of the uncertainty table is = 3039/5040
2024-04-17 18:49 | INFO | Query 14 Size of the filtered table is = 50
2024-04-17 18:49 | INFO | Query 14 Active Learning Random Query Runtime on Validation Set: 365284.31
2024-04-17 18:49 | INFO | Query 14 Active Learning Random Query Runtime on Test Set: 110000.06
2024-04-17 18:49 | INFO | Query 14 Active Learning Random Query Instance Cost: 1021413.09
2024-04-17 18:49 | INFO | Timeout limit is increased to 3600
2024-04-17 18:49 | INFO | Query 15 Size of the uncertainty table is = 2846/5040
2024-04-17 18:49 | INFO | Query 15 Size of the filtered table is = 50
2024-04-17 18:50 | INFO | Query 15 Active Learning Random Query Runtime on Validation Set: 292765.14
2024-04-17 18:50 | INFO | Query 15 Active Learning Random Query Runtime on Test Set: 110022.25
2024-04-17 18:50 | INFO | Query 15 Active Learning Random Query Instance Cost: 1069538.21
2024-04-17 18:50 | INFO | Query 16 Size of the uncertainty table is = 2601/5040
2024-04-17 18:50 | INFO | Query 16 Size of the filtered table is = 50
2024-04-17 18:50 | INFO | Query 16 Active Learning Random Query Runtime on Validation Set: 329195.52
2024-04-17 18:50 | INFO | Query 16 Active Learning Random Query Runtime on Test Set: 112530.11
2024-04-17 18:50 | INFO | Query 16 Active Learning Random Query Instance Cost: 1127906.67
2024-04-17 18:50 | INFO | Timeout limit is increased to 3600
2024-04-17 18:50 | INFO | Query 17 Size of the uncertainty table is = 2354/5040
2024-04-17 18:50 | INFO | Query 17 Size of the filtered table is = 50
2024-04-17 18:51 | INFO | Query 17 Active Learning Random Query Runtime on Validation Set: 329552.05
2024-04-17 18:51 | INFO | Query 17 Active Learning Random Query Runtime on Test Set: 112438.4
2024-04-17 18:51 | INFO | Query 17 Active Learning Random Query Instance Cost: 1185075.73
2024-04-17 18:51 | INFO | Timeout limit is increased to 3600
2024-04-17 18:51 | INFO | Query 18 Size of the uncertainty table is = 2125/5040
2024-04-17 18:51 | INFO | Query 18 Size of the filtered table is = 50
2024-04-17 18:51 | INFO | Query 18 Active Learning Random Query Runtime on Validation Set: 329502.12
2024-04-17 18:51 | INFO | Query 18 Active Learning Random Query Runtime on Test Set: 109477.18
2024-04-17 18:51 | INFO | Query 18 Active Learning Random Query Instance Cost: 1233133.66
2024-04-17 18:51 | INFO | Query 19 Size of the uncertainty table is = 1895/5040
2024-04-17 18:51 | INFO | Query 19 Size of the filtered table is = 50
2024-04-17 18:52 | INFO | Query 19 Active Learning Random Query Runtime on Validation Set: 292992.47
2024-04-17 18:52 | INFO | Query 19 Active Learning Random Query Runtime on Test Set: 112557.09
2024-04-17 18:52 | INFO | Query 19 Active Learning Random Query Instance Cost: 1286954.91
2024-04-17 18:52 | INFO | Query 20 Size of the uncertainty table is = 1670/5040
2024-04-17 18:52 | INFO | Query 20 Size of the filtered table is = 50
2024-04-17 18:52 | INFO | Query 20 Active Learning Random Query Runtime on Validation Set: 329778.35
2024-04-17 18:52 | INFO | Query 20 Active Learning Random Query Runtime on Test Set: 112624.9
2024-04-17 18:52 | INFO | Query 20 Active Learning Random Query Instance Cost: 1338053.15
2024-04-17 18:52 | INFO | Timeout limit is increased to 3600
2024-04-17 18:52 | INFO | Query 21 Size of the uncertainty table is = 1406/5040
2024-04-17 18:52 | INFO | Query 21 Size of the filtered table is = 50
2024-04-17 18:52 | INFO | Query 21 Active Learning Random Query Runtime on Validation Set: 329777.81
2024-04-17 18:52 | INFO | Query 21 Active Learning Random Query Runtime on Test Set: 110490.4
2024-04-17 18:52 | INFO | Query 21 Active Learning Random Query Instance Cost: 1394144.7
2024-04-17 18:52 | INFO | Query 22 Size of the uncertainty table is = 1145/5040
2024-04-17 18:52 | INFO | Query 22 Size of the filtered table is = 50
2024-04-17 18:53 | INFO | Query 22 Active Learning Random Query Runtime on Validation Set: 329437.25
2024-04-17 18:53 | INFO | Query 22 Active Learning Random Query Runtime on Test Set: 112607.06
2024-04-17 18:53 | INFO | Query 22 Active Learning Random Query Instance Cost: 1434710.89
2024-04-17 18:53 | INFO | Query 23 Size of the uncertainty table is = 896/5040
2024-04-17 18:53 | INFO | Query 23 Size of the filtered table is = 50
2024-04-17 18:53 | INFO | Query 23 Active Learning Random Query Runtime on Validation Set: 331748.92
2024-04-17 18:53 | INFO | Query 23 Active Learning Random Query Runtime on Test Set: 107434.36
2024-04-17 18:53 | INFO | Query 23 Active Learning Random Query Instance Cost: 1469955.79
2024-04-17 18:53 | INFO | Timeout limit is increased to 3600
2024-04-17 18:53 | INFO | Query 24 Size of the uncertainty table is = 644/5040
2024-04-17 18:53 | INFO | Query 24 Size of the filtered table is = 50
2024-04-17 18:54 | INFO | Query 24 Active Learning Random Query Runtime on Validation Set: 331762.51
2024-04-17 18:54 | INFO | Query 24 Active Learning Random Query Runtime on Test Set: 107474.64
2024-04-17 18:54 | INFO | Query 24 Active Learning Random Query Instance Cost: 1511037.63
2024-04-17 18:54 | INFO | Timeout limit is increased to 3600
2024-04-17 18:54 | INFO | Query 25 Size of the uncertainty table is = 397/5040
2024-04-17 18:54 | INFO | Query 25 Size of the filtered table is = 50
2024-04-17 18:54 | INFO | Query 25 Active Learning Random Query Runtime on Validation Set: 331762.1
2024-04-17 18:54 | INFO | Query 25 Active Learning Random Query Runtime on Test Set: 107444.54
2024-04-17 18:54 | INFO | Query 25 Active Learning Random Query Instance Cost: 1544776.53
2024-04-17 18:54 | INFO | Query 26 Size of the uncertainty table is = 144/5040
2024-04-17 18:54 | INFO | Query 26 Size of the filtered table is = 50
2024-04-17 18:54 | INFO | Query 26 Active Learning Random Query Runtime on Validation Set: 331766.14
2024-04-17 18:54 | INFO | Query 26 Active Learning Random Query Runtime on Test Set: 107442.24
2024-04-17 18:54 | INFO | Query 26 Active Learning Random Query Instance Cost: 1562859.51
2024-04-17 18:54 | INFO | Timeout limit is increased to 3600
2024-04-17 18:54 | INFO | Query 27 Size of the uncertainty table is = 6/5040
2024-04-17 18:54 | INFO | Query 27 Size of the filtered table is = 6
2024-04-17 18:55 | INFO | Query 27 Active Learning Random Query Runtime on Validation Set: 331766.14
2024-04-17 18:55 | INFO | Query 27 Active Learning Random Query Runtime on Test Set: 107442.24
2024-04-17 18:55 | INFO | Query 27 Active Learning Random Query Instance Cost: 1563365.48
2024-04-17 18:55 | INFO | Timeout limit is increased to 3600
2024-04-17 18:55 | INFO | runtime_train_score is written as json file
2024-04-17 18:55 | INFO | runtime_test_score is written as json file
2024-04-17 18:55 | INFO | runtime_validation_score is written as json file
2024-04-17 18:55 | INFO | instance_cost is written as json file
2024-04-17 18:55 | INFO | Experiment is finished
