2024-04-17 18:44 | INFO | Paramaters are: {'dataset': 'MAXSAT19-UCMS', 'penalty': 10, 'weight': 'No_Weight', 'voting': 'Hard', 'pre_selection_size': 64, 'pre_selection_technique': 'No_pre_selection', 'feature_elimination_threshold': 20, 'imputer_strategy': 'median', 'feature_selection_technique': 'No_feature_selection', 'feature_scaling_technique': 'StandardScaler', 'initial_train_size': 20, 'query_size': 1, 'timeout_predictor_usage': 'No', 'timeout_limit': 3600, 'timeout_increase_rate': 100, 'RANDOM_STATE_SEED': 123, 'n_splits': 10, 'split_number': 5, 'max_timeout': 3600, 'param_grid': {'n_estimators': 100, 'criterion': 'gini', 'max_features': 'sqrt', 'max_depth': 2147483648, 'min_samples_split': 2, 'bootstrap': True}}
2024-04-17 18:44 | INFO | MAXSAT19-UCMS is current dataset
2024-04-17 18:44 | INFO | DATASETS/MAXSAT19-UCMS/algorithm_runs.arff is found
2024-04-17 18:44 | INFO | DATASETS/MAXSAT19-UCMS/algorithm_runs.arff is finished
2024-04-17 18:44 | INFO | DATASETS/MAXSAT19-UCMS/feature_values.arff is found
2024-04-17 18:44 | INFO | DATASETS/MAXSAT19-UCMS/feature_values.arff is finished
2024-04-17 18:44 | INFO | DATASETS/MAXSAT19-UCMS/feature_costs.arff is found
2024-04-17 18:44 | INFO | DATASETS/MAXSAT19-UCMS/feature_costs.arff is finished
2024-04-17 18:44 | INFO | Feature cost of train set is 33553.68
2024-04-17 18:45 | INFO | Initial Active Learning Random Query Runtime on Validation Set: 188297.04
2024-04-17 18:45 | INFO | Initial Active Learning Random Query Runtime on Test Set: 79814.05
2024-04-17 18:45 | INFO | Initial Active Learning Random Query Instance Cost: 106560.89
2024-04-17 18:45 | INFO | Bin size = 50
2024-04-17 18:45 | INFO | Query 1 Size of the uncertainty table is = 5040/5040
2024-04-17 18:45 | INFO | Query 1 Size of the filtered table is = 50
2024-04-17 18:45 | INFO | Query 1 Active Learning Random Query Runtime on Validation Set: 157854.02
2024-04-17 18:45 | INFO | Query 1 Active Learning Random Query Runtime on Test Set: 117705.43
2024-04-17 18:45 | INFO | Query 1 Active Learning Random Query Instance Cost: 185955.33
2024-04-17 18:45 | INFO | Query 2 Size of the uncertainty table is = 4970/5040
2024-04-17 18:45 | INFO | Query 2 Size of the filtered table is = 50
2024-04-17 18:45 | INFO | Query 2 Active Learning Random Query Runtime on Validation Set: 126845.19
2024-04-17 18:45 | INFO | Query 2 Active Learning Random Query Runtime on Test Set: 50101.42
2024-04-17 18:45 | INFO | Query 2 Active Learning Random Query Instance Cost: 300700.39
2024-04-17 18:45 | INFO | Query 3 Size of the uncertainty table is = 4880/5040
2024-04-17 18:45 | INFO | Query 3 Size of the filtered table is = 50
2024-04-17 18:46 | INFO | Query 3 Active Learning Random Query Runtime on Validation Set: 165371.59
2024-04-17 18:46 | INFO | Query 3 Active Learning Random Query Runtime on Test Set: 125399.79
2024-04-17 18:46 | INFO | Query 3 Active Learning Random Query Instance Cost: 366931.06
2024-04-17 18:46 | INFO | Timeout limit is increased to 3600
2024-04-17 18:46 | INFO | Query 4 Size of the uncertainty table is = 4794/5040
2024-04-17 18:46 | INFO | Query 4 Size of the filtered table is = 50
2024-04-17 18:46 | INFO | Query 4 Active Learning Random Query Runtime on Validation Set: 240458.37
2024-04-17 18:46 | INFO | Query 4 Active Learning Random Query Runtime on Test Set: 55732.66
2024-04-17 18:46 | INFO | Query 4 Active Learning Random Query Instance Cost: 438134.07
2024-04-17 18:46 | INFO | Timeout limit is increased to 3600
2024-04-17 18:46 | INFO | Query 5 Size of the uncertainty table is = 4677/5040
2024-04-17 18:46 | INFO | Query 5 Size of the filtered table is = 50
2024-04-17 18:47 | INFO | Query 5 Active Learning Random Query Runtime on Validation Set: 173336.44
2024-04-17 18:47 | INFO | Query 5 Active Learning Random Query Runtime on Test Set: 25236.95
2024-04-17 18:47 | INFO | Query 5 Active Learning Random Query Instance Cost: 513597.19
2024-04-17 18:47 | INFO | Query 6 Size of the uncertainty table is = 4547/5040
2024-04-17 18:47 | INFO | Query 6 Size of the filtered table is = 50
2024-04-17 18:47 | INFO | Query 6 Active Learning Random Query Runtime on Validation Set: 214641.35
2024-04-17 18:47 | INFO | Query 6 Active Learning Random Query Runtime on Test Set: 26360.62
2024-04-17 18:47 | INFO | Query 6 Active Learning Random Query Instance Cost: 576943.78
2024-04-17 18:47 | INFO | Timeout limit is increased to 3600
2024-04-17 18:47 | INFO | Query 7 Size of the uncertainty table is = 4395/5040
2024-04-17 18:47 | INFO | Query 7 Size of the filtered table is = 50
2024-04-17 18:47 | INFO | Query 7 Active Learning Random Query Runtime on Validation Set: 212871.08
2024-04-17 18:47 | INFO | Query 7 Active Learning Random Query Runtime on Test Set: 27874.84
2024-04-17 18:47 | INFO | Query 7 Active Learning Random Query Instance Cost: 650185.84
2024-04-17 18:47 | INFO | Query 8 Size of the uncertainty table is = 4215/5040
2024-04-17 18:47 | INFO | Query 8 Size of the filtered table is = 50
2024-04-17 18:48 | INFO | Query 8 Active Learning Random Query Runtime on Validation Set: 249889.34
2024-04-17 18:48 | INFO | Query 8 Active Learning Random Query Runtime on Test Set: 65107.36
2024-04-17 18:48 | INFO | Query 8 Active Learning Random Query Instance Cost: 711352.26
2024-04-17 18:48 | INFO | Timeout limit is increased to 3600
2024-04-17 18:48 | INFO | Query 9 Size of the uncertainty table is = 4030/5040
2024-04-17 18:48 | INFO | Query 9 Size of the filtered table is = 50
2024-04-17 18:48 | INFO | Query 9 Active Learning Random Query Runtime on Validation Set: 253604.81
2024-04-17 18:48 | INFO | Query 9 Active Learning Random Query Runtime on Test Set: 65851.21
2024-04-17 18:48 | INFO | Query 9 Active Learning Random Query Instance Cost: 767455.52
2024-04-17 18:48 | INFO | Timeout limit is increased to 3600
2024-04-17 18:48 | INFO | Query 10 Size of the uncertainty table is = 3837/5040
2024-04-17 18:48 | INFO | Query 10 Size of the filtered table is = 50
2024-04-17 18:48 | INFO | Query 10 Active Learning Random Query Runtime on Validation Set: 286626.34
2024-04-17 18:48 | INFO | Query 10 Active Learning Random Query Runtime on Test Set: 66019.88
2024-04-17 18:48 | INFO | Query 10 Active Learning Random Query Instance Cost: 833362.82
2024-04-17 18:48 | INFO | Timeout limit is increased to 3600
2024-04-17 18:48 | INFO | Query 11 Size of the uncertainty table is = 3640/5040
2024-04-17 18:48 | INFO | Query 11 Size of the filtered table is = 50
2024-04-17 18:49 | INFO | Query 11 Active Learning Random Query Runtime on Validation Set: 285832.51
2024-04-17 18:49 | INFO | Query 11 Active Learning Random Query Runtime on Test Set: 102151.41
2024-04-17 18:49 | INFO | Query 11 Active Learning Random Query Instance Cost: 877194.23
2024-04-17 18:49 | INFO | Query 12 Size of the uncertainty table is = 3424/5040
2024-04-17 18:49 | INFO | Query 12 Size of the filtered table is = 50
2024-04-17 18:49 | INFO | Query 12 Active Learning Random Query Runtime on Validation Set: 286275.17
2024-04-17 18:49 | INFO | Query 12 Active Learning Random Query Runtime on Test Set: 102685.28
2024-04-17 18:49 | INFO | Query 12 Active Learning Random Query Instance Cost: 943717.66
2024-04-17 18:49 | INFO | Timeout limit is increased to 3600
2024-04-17 18:49 | INFO | Query 13 Size of the uncertainty table is = 3223/5040
2024-04-17 18:49 | INFO | Query 13 Size of the filtered table is = 50
2024-04-17 18:49 | INFO | Query 13 Active Learning Random Query Runtime on Validation Set: 287411.35
2024-04-17 18:49 | INFO | Query 13 Active Learning Random Query Runtime on Test Set: 103526.41
2024-04-17 18:49 | INFO | Query 13 Active Learning Random Query Instance Cost: 998571.6
2024-04-17 18:49 | INFO | Timeout limit is increased to 3600
2024-04-17 18:49 | INFO | Query 14 Size of the uncertainty table is = 2982/5040
2024-04-17 18:49 | INFO | Query 14 Size of the filtered table is = 50
2024-04-17 18:50 | INFO | Query 14 Active Learning Random Query Runtime on Validation Set: 359622.72
2024-04-17 18:50 | INFO | Query 14 Active Learning Random Query Runtime on Test Set: 103860.39
2024-04-17 18:50 | INFO | Query 14 Active Learning Random Query Instance Cost: 1052164.52
2024-04-17 18:50 | INFO | Timeout limit is increased to 3600
2024-04-17 18:50 | INFO | Query 15 Size of the uncertainty table is = 2768/5040
2024-04-17 18:50 | INFO | Query 15 Size of the filtered table is = 50
2024-04-17 18:50 | INFO | Query 15 Active Learning Random Query Runtime on Validation Set: 288716.88
2024-04-17 18:50 | INFO | Query 15 Active Learning Random Query Runtime on Test Set: 175966.15
2024-04-17 18:50 | INFO | Query 15 Active Learning Random Query Instance Cost: 1097912.02
2024-04-17 18:50 | INFO | Query 16 Size of the uncertainty table is = 2538/5040
2024-04-17 18:50 | INFO | Query 16 Size of the filtered table is = 50
2024-04-17 18:51 | INFO | Query 16 Active Learning Random Query Runtime on Validation Set: 251835.49
2024-04-17 18:51 | INFO | Query 16 Active Learning Random Query Runtime on Test Set: 139843.2
2024-04-17 18:51 | INFO | Query 16 Active Learning Random Query Instance Cost: 1157804.97
2024-04-17 18:51 | INFO | Query 17 Size of the uncertainty table is = 2297/5040
2024-04-17 18:51 | INFO | Query 17 Size of the filtered table is = 50
2024-04-17 18:51 | INFO | Query 17 Active Learning Random Query Runtime on Validation Set: 257832.89
2024-04-17 18:51 | INFO | Query 17 Active Learning Random Query Runtime on Test Set: 142565.33
2024-04-17 18:51 | INFO | Query 17 Active Learning Random Query Instance Cost: 1194324.27
2024-04-17 18:51 | INFO | Timeout limit is increased to 3600
2024-04-17 18:51 | INFO | Query 18 Size of the uncertainty table is = 2086/5040
2024-04-17 18:51 | INFO | Query 18 Size of the filtered table is = 50
2024-04-17 18:51 | INFO | Query 18 Active Learning Random Query Runtime on Validation Set: 186705.63
2024-04-17 18:51 | INFO | Query 18 Active Learning Random Query Runtime on Test Set: 106318.5
2024-04-17 18:51 | INFO | Query 18 Active Learning Random Query Instance Cost: 1239625.15
2024-04-17 18:51 | INFO | Query 19 Size of the uncertainty table is = 1848/5040
2024-04-17 18:51 | INFO | Query 19 Size of the filtered table is = 50
2024-04-17 18:52 | INFO | Query 19 Active Learning Random Query Runtime on Validation Set: 253198.22
2024-04-17 18:52 | INFO | Query 19 Active Learning Random Query Runtime on Test Set: 106772.52
2024-04-17 18:52 | INFO | Query 19 Active Learning Random Query Instance Cost: 1294798.16
2024-04-17 18:52 | INFO | Timeout limit is increased to 3600
2024-04-17 18:52 | INFO | Query 20 Size of the uncertainty table is = 1590/5040
2024-04-17 18:52 | INFO | Query 20 Size of the filtered table is = 50
2024-04-17 18:52 | INFO | Query 20 Active Learning Random Query Runtime on Validation Set: 256375.95
2024-04-17 18:52 | INFO | Query 20 Active Learning Random Query Runtime on Test Set: 107120.46
2024-04-17 18:52 | INFO | Query 20 Active Learning Random Query Instance Cost: 1339504.91
2024-04-17 18:52 | INFO | Timeout limit is increased to 3600
2024-04-17 18:52 | INFO | Query 21 Size of the uncertainty table is = 1344/5040
2024-04-17 18:52 | INFO | Query 21 Size of the filtered table is = 50
2024-04-17 18:52 | INFO | Query 21 Active Learning Random Query Runtime on Validation Set: 256423.67
2024-04-17 18:52 | INFO | Query 21 Active Learning Random Query Runtime on Test Set: 107214.06
2024-04-17 18:52 | INFO | Query 21 Active Learning Random Query Instance Cost: 1382914.81
2024-04-17 18:52 | INFO | Timeout limit is increased to 3600
2024-04-17 18:52 | INFO | Query 22 Size of the uncertainty table is = 1117/5040
2024-04-17 18:52 | INFO | Query 22 Size of the filtered table is = 50
2024-04-17 18:53 | INFO | Query 22 Active Learning Random Query Runtime on Validation Set: 258746.4
2024-04-17 18:53 | INFO | Query 22 Active Learning Random Query Runtime on Test Set: 107165.08
2024-04-17 18:53 | INFO | Query 22 Active Learning Random Query Instance Cost: 1423361.69
2024-04-17 18:53 | INFO | Timeout limit is increased to 3600
2024-04-17 18:53 | INFO | Query 23 Size of the uncertainty table is = 867/5040
2024-04-17 18:53 | INFO | Query 23 Size of the filtered table is = 50
2024-04-17 18:53 | INFO | Query 23 Active Learning Random Query Runtime on Validation Set: 291159.23
2024-04-17 18:53 | INFO | Query 23 Active Learning Random Query Runtime on Test Set: 108212.03
2024-04-17 18:53 | INFO | Query 23 Active Learning Random Query Instance Cost: 1456727.97
2024-04-17 18:53 | INFO | Timeout limit is increased to 3600
2024-04-17 18:53 | INFO | Query 24 Size of the uncertainty table is = 617/5040
2024-04-17 18:53 | INFO | Query 24 Size of the filtered table is = 50
2024-04-17 18:54 | INFO | Query 24 Active Learning Random Query Runtime on Validation Set: 258745.88
2024-04-17 18:54 | INFO | Query 24 Active Learning Random Query Runtime on Test Set: 106681.05
2024-04-17 18:54 | INFO | Query 24 Active Learning Random Query Instance Cost: 1495698.41
2024-04-17 18:54 | INFO | Query 25 Size of the uncertainty table is = 380/5040
2024-04-17 18:54 | INFO | Query 25 Size of the filtered table is = 50
2024-04-17 18:54 | INFO | Query 25 Active Learning Random Query Runtime on Validation Set: 291271.69
2024-04-17 18:54 | INFO | Query 25 Active Learning Random Query Runtime on Test Set: 70686.42
2024-04-17 18:54 | INFO | Query 25 Active Learning Random Query Instance Cost: 1526799.29
2024-04-17 18:54 | INFO | Timeout limit is increased to 3600
2024-04-17 18:54 | INFO | Query 26 Size of the uncertainty table is = 151/5040
2024-04-17 18:54 | INFO | Query 26 Size of the filtered table is = 50
2024-04-17 18:54 | INFO | Query 26 Active Learning Random Query Runtime on Validation Set: 327312.97
2024-04-17 18:54 | INFO | Query 26 Active Learning Random Query Runtime on Test Set: 70688.32
2024-04-17 18:54 | INFO | Query 26 Active Learning Random Query Instance Cost: 1559080.96
2024-04-17 18:54 | INFO | Timeout limit is increased to 3600
2024-04-17 18:54 | INFO | Query 27 Size of the uncertainty table is = 6/5040
2024-04-17 18:54 | INFO | Query 27 Size of the filtered table is = 6
2024-04-17 18:55 | INFO | Query 27 Active Learning Random Query Runtime on Validation Set: 327312.97
2024-04-17 18:55 | INFO | Query 27 Active Learning Random Query Runtime on Test Set: 70690.63
2024-04-17 18:55 | INFO | Query 27 Active Learning Random Query Instance Cost: 1559137.39
2024-04-17 18:55 | INFO | Timeout limit is increased to 3600
2024-04-17 18:55 | INFO | runtime_train_score is written as json file
2024-04-17 18:55 | INFO | runtime_test_score is written as json file
2024-04-17 18:55 | INFO | runtime_validation_score is written as json file
2024-04-17 18:55 | INFO | instance_cost is written as json file
2024-04-17 18:55 | INFO | Experiment is finished
